#
# A fatal error has been detected by the Java Runtime Environment:
#
#  SIGSEGV (0xb) at pc=0xf7854618, pid=337325, tid=337325
#
# JRE version: OpenJDK Runtime Environment Zulu17.50+19-CA (17.0.11+9) (build 17.0.11+9-LTS)
# Java VM: OpenJDK Server VM Zulu17.50+19-CA (17.0.11+9-LTS, mixed mode, sharing, tiered, g1 gc, linux-x86)
# Problematic frame:
# C  [libc.so.6+0x84618]  cfree+0x28
#
# Core dump will be written. Default location: Core dumps may be processed with "/usr/lib/systemd/systemd-coredump %P %u %g %s %t %c %h %e" (or dumping to /home/almalinux/swg-returns-nge/exe/linux/core.337325)
#
# If you would like to submit a bug report, please visit:
#   http://www.azul.com/support/
#

---------------  S U M M A R Y ------------

Command Line: -Xms128m -Xmx512m -Xss768k -XX:MaxMetaspaceSize=96m -Xrs -XX:-UsePerfData -XX:-AllowUserSignalHandlers -XX:UseSSE=3 -XX+DoEscapeAnalysis -XX:AutoBoxCacheMax:2000 -XX:+OptimizeStringConcat -XX:+OptimizeFill -XX:+EliminateAutoBox -XX:+UseCompressedStrings -XX:+UseCompressedOops -XX:+EliminateLocks -XX:UseFastAccessorMethods -XX:+UseStringCache -XgcPrio:throughput -XXkeepAreaRatio:1 -XXlazyUnlocking -XXcallProfiling -XXcompactRatio:1 

Host: Intel Core Processor (Haswell, no TSX), 4 cores, 15G, AlmaLinux release 8.10 (Cerulean Leopard)
Time: Mon Jan 26 06:23:04 2026 UTC elapsed time: 7266.361345 seconds (0d 2h 1m 6s)

---------------  T H R E A D  ---------------

Current thread is native thread

Stack: [0xff80a000,0xff8ca000],  sp=0xff8c6fe0,  free space=755k
Native frames: (J=compiled Java code, j=interpreted, Vv=VM code, C=native code)
C  [libc.so.6+0x84618]  cfree+0x28


siginfo: si_signo: 11 (SIGSEGV), si_code: 1 (SEGV_MAPERR), si_addr: 0x00000003

Registers:
EAX=0x00000000, EBX=0x00000007, ECX=0xf6e9284c, EDX=0x0b102d98
ESP=0xff8c6fe0, EBP=0xff8c7118, ESI=0xf7975000, EDI=0x00000000
EIP=0xf7854618, EFLAGS=0x00210202, CR2=0x0000000000000003


Top of Stack: (sp=0xff8c6fe0)
0xff8c6fe0:   0ad86020 00000000 ff8c7118 f7ae1f1c
0xff8c6ff0:   0ad860b0 f7bf8a04 0b102d70 f7ae1f1c
0xff8c7000:   00000007 f7ae1f0a f7bf8a04 f7ae1f4c
0xff8c7010:   0ad860b0 f7ae1f0a 0b106b10 085b6163
0xff8c7020:   00000007 0ad86020 0ad85d30 085bb8d1
0xff8c7030:   0ad86020 0ad85d30 00000000 085bb89b
0xff8c7040:   0c59c9b0 ff8c7067 ff8c708c 085c6969
0xff8c7050:   087d6c00 ff8c708c ff8c7118 084fc53b
0xff8c7060:   00000014 00010002 00000000 00000000
0xff8c7070:   01010100 00000001 09aa44c0 00000000
0xff8c7080:   00000000 00000000 00000000 00000000
0xff8c7090:   00000000 00000014 ff8c71e8 f78056ff
0xff8c70a0:   f797541c 47677753 53656d61 65767265
0xff8c70b0:   33333a72 35323337 09290100 0b0e8130
0xff8c70c0:   08ea0100 08ebc230 08ea5888 f797541c
0xff8c70d0:   00000428 00000420 f7805779 085758fd
0xff8c70e0:   08ea2a80 09b1ea78 08ea5888 08574f56
0xff8c70f0:   0929a2c4 0929a2c4 ff8c71e8 08ea583b
0xff8c7100:   0000000c ff8c71b4 ff8c7130 f7975000
0xff8c7110:   00000000 08575910 00000000 f77edf26
0xff8c7120:   00000000 08575910 00000000 f77edf26
0xff8c7130:   0000000c ff8c71b4 ff8c71e8 ff8c7154
0xff8c7140:   0929a2d0 00000000 ff8c71e8 f7975000
0xff8c7150:   f77dd75c f7975000 00000000 08575910
0xff8c7160:   00000000 b71814ab 5247bcba 00000000
0xff8c7170:   00000000 00000000 f7ef44d0 f77ede30
0xff8c7180:   084fc260 0929a2c4 0000000c 08575946
0xff8c7190:   084fc260 0000000c ff8c71b4 08ea57f0
0xff8c71a0:   08ea5850 f7ef44d0 ff8c71ac f7f21970
0xff8c71b0:   0000000c ff8c862f ff8c8641 ff8c8644
0xff8c71c0:   ff8c8656 ff8c8659 ff8c8664 ff8c8688
0xff8c71d0:   ff8c8698 ff8c86b0 ff8c86d8 ff8c86db 

Instructions: (pc=0xf7854618)
0xf7854518:   50 8d 96 86 f7 fa ff 8d 86 d0 2f fb ff e8 c6 b7
0xf7854528:   ff ff 8d b6 00 00 00 00 bb 20 00 00 00 e9 5e fe
0xf7854538:   ff ff e8 a1 c0 ff ff 89 c5 85 c0 0f 85 68 ff ff
0xf7854548:   ff 31 d2 8d 44 3b 10 e8 8c c1 ff ff 89 da 89 f9
0xf7854558:   89 c5 e8 11 f0 ff ff 89 c2 85 c0 75 1b 85 ed 74
0xf7854568:   17 90 89 fa 89 e8 e8 bd c5 ff ff 89 da 89 f9 89
0xf7854578:   c5 e8 f2 ef ff ff 89 c2 85 ed 0f 84 57 ff ff ff
0xf7854588:   e9 39 ff ff ff 8d 86 b8 31 fb ff 83 ec 0c b9 25
0xf7854598:   0d 00 00 50 8d 96 86 f7 fa ff 8d 86 74 2f fb ff
0xf78545a8:   e8 43 b7 ff ff 8d 76 00 f3 0f 1e fb e8 0a 9a f9
0xf78545b8:   ff 05 47 0a 12 00 56 53 83 ec 04 8b 5c 24 10 8b
0xf78545c8:   74 24 14 8b 80 50 ff ff ff c7 00 00 00 00 00 e8
0xf78545d8:   54 bb ff ff 8b 4c 24 0c 83 c4 04 89 f2 89 d8 5b
0xf78545e8:   5e e9 42 fd ff ff 66 90 f3 0f 1e fb 56 e8 9a 9b
0xf78545f8:   f9 ff 81 c6 06 0a 12 00 53 83 ec 14 8b 5c 24 20
0xf7854608:   8b 86 5c ff ff ff 8b 00 85 c0 75 6c 85 db 74 75
0xf7854618:   8b 4b fc 8d 53 f8 f6 c1 02 75 35 8b 86 70 fe ff
0xf7854628:   ff 65 8b 00 85 c0 0f 84 8c 00 00 00 83 e1 04 8d
0xf7854638:   86 60 07 00 00 74 09 89 d0 25 00 00 f0 ff 8b 00
0xf7854648:   83 c4 14 31 c9 5b 5e e9 8c cb ff ff 8d 74 26 00
0xf7854658:   8b 9e 60 01 00 00 85 db 75 10 3b 8e 48 01 00 00
0xf7854668:   76 08 81 f9 00 00 08 00 76 26 83 c4 14 89 d0 5b
0xf7854678:   5e e9 92 b8 ff ff 66 90 83 ec 08 ff 74 24 24 53
0xf7854688:   ff d0 83 c4 10 83 c4 14 5b 5e c3 8d 74 26 00 90
0xf7854698:   39 96 80 1d 00 00 77 08 39 96 7c 1d 00 00 77 ca
0xf78546a8:   83 e1 f8 8d 04 09 89 8e 48 01 00 00 89 86 40 01
0xf78546b8:   00 00 90 eb b5 8d 76 00 8b 86 74 fe ff ff 65 80
0xf78546c8:   38 00 0f 85 64 ff ff ff 89 54 24 0c e8 97 ed ff
0xf78546d8:   ff 8b 4b fc 8b 54 24 0c e9 4f ff ff ff 8d b4 26
0xf78546e8:   00 00 00 00 8d 74 26 00 f3 0f 1e fb 55 57 56 e8
0xf78546f8:   98 9a f9 ff 81 c6 04 09 12 00 53 83 ec 0c 8b 86
0xf7854708:   70 fe ff ff 8b 96 74 fe ff ff 65 8b 28 65 c6 02 



---------------  P R O C E S S  ---------------

VM state: at safepoint (shutting down)

VM Mutex/Monitor currently owned by a thread:  ([mutex/lock_event])
[0xf5e21d30] Threads_lock - owner thread: 0xc4194cf0

GC Precious Log:
<Skipped>

Heap:
 garbage-first heap   total 131072K, used 51013K [0xc5c00000, 0xe5c00000)
  region size 1024K, 49 young (50176K), 2 survivors (2048K)
 Metaspace       used 3557K, committed 3776K, reserved 16384K

Heap Regions: E=young(eden), S=young(survivor), O=old, HS=humongous(starts), HC=humongous(continues), CS=collection set, F=free, OA=open archive, CA=closed archive, TAMS=top-at-mark-start (previous, next)
|   0|0xc5c00000, 0xc5d00000, 0xc5d00000|100%| O|  |TAMS 0xc5c00000, 0xc5c00000| Untracked 
|   1|0xc5d00000, 0xc5dd0c00, 0xc5e00000| 81%| O|  |TAMS 0xc5d00000, 0xc5d00000| Untracked 
|   2|0xc5e00000, 0xc5e00000, 0xc5f00000|  0%| F|  |TAMS 0xc5e00000, 0xc5e00000| Untracked 
|   3|0xc5f00000, 0xc5f00000, 0xc6000000|  0%| F|  |TAMS 0xc5f00000, 0xc5f00000| Untracked 
|   4|0xc6000000, 0xc6000000, 0xc6100000|  0%| F|  |TAMS 0xc6000000, 0xc6000000| Untracked 
|   5|0xc6100000, 0xc6100000, 0xc6200000|  0%| F|  |TAMS 0xc6100000, 0xc6100000| Untracked 
|   6|0xc6200000, 0xc6200000, 0xc6300000|  0%| F|  |TAMS 0xc6200000, 0xc6200000| Untracked 
|   7|0xc6300000, 0xc6300000, 0xc6400000|  0%| F|  |TAMS 0xc6300000, 0xc6300000| Untracked 
|   8|0xc6400000, 0xc6400000, 0xc6500000|  0%| F|  |TAMS 0xc6400000, 0xc6400000| Untracked 
|   9|0xc6500000, 0xc6500000, 0xc6600000|  0%| F|  |TAMS 0xc6500000, 0xc6500000| Untracked 
|  10|0xc6600000, 0xc6600000, 0xc6700000|  0%| F|  |TAMS 0xc6600000, 0xc6600000| Untracked 
|  11|0xc6700000, 0xc6700000, 0xc6800000|  0%| F|  |TAMS 0xc6700000, 0xc6700000| Untracked 
|  12|0xc6800000, 0xc6800000, 0xc6900000|  0%| F|  |TAMS 0xc6800000, 0xc6800000| Untracked 
|  13|0xc6900000, 0xc6900000, 0xc6a00000|  0%| F|  |TAMS 0xc6900000, 0xc6900000| Untracked 
|  14|0xc6a00000, 0xc6a00000, 0xc6b00000|  0%| F|  |TAMS 0xc6a00000, 0xc6a00000| Untracked 
|  15|0xc6b00000, 0xc6b00000, 0xc6c00000|  0%| F|  |TAMS 0xc6b00000, 0xc6b00000| Untracked 
|  16|0xc6c00000, 0xc6c00000, 0xc6d00000|  0%| F|  |TAMS 0xc6c00000, 0xc6c00000| Untracked 
|  17|0xc6d00000, 0xc6d00000, 0xc6e00000|  0%| F|  |TAMS 0xc6d00000, 0xc6d00000| Untracked 
|  18|0xc6e00000, 0xc6e00000, 0xc6f00000|  0%| F|  |TAMS 0xc6e00000, 0xc6e00000| Untracked 
|  19|0xc6f00000, 0xc6f00000, 0xc7000000|  0%| F|  |TAMS 0xc6f00000, 0xc6f00000| Untracked 
|  20|0xc7000000, 0xc7000000, 0xc7100000|  0%| F|  |TAMS 0xc7000000, 0xc7000000| Untracked 
|  21|0xc7100000, 0xc7100000, 0xc7200000|  0%| F|  |TAMS 0xc7100000, 0xc7100000| Untracked 
|  22|0xc7200000, 0xc7200000, 0xc7300000|  0%| F|  |TAMS 0xc7200000, 0xc7200000| Untracked 
|  23|0xc7300000, 0xc7300000, 0xc7400000|  0%| F|  |TAMS 0xc7300000, 0xc7300000| Untracked 
|  24|0xc7400000, 0xc7400000, 0xc7500000|  0%| F|  |TAMS 0xc7400000, 0xc7400000| Untracked 
|  25|0xc7500000, 0xc7500000, 0xc7600000|  0%| F|  |TAMS 0xc7500000, 0xc7500000| Untracked 
|  26|0xc7600000, 0xc7600000, 0xc7700000|  0%| F|  |TAMS 0xc7600000, 0xc7600000| Untracked 
|  27|0xc7700000, 0xc7700000, 0xc7800000|  0%| F|  |TAMS 0xc7700000, 0xc7700000| Untracked 
|  28|0xc7800000, 0xc7800000, 0xc7900000|  0%| F|  |TAMS 0xc7800000, 0xc7800000| Untracked 
|  29|0xc7900000, 0xc7900000, 0xc7a00000|  0%| F|  |TAMS 0xc7900000, 0xc7900000| Untracked 
|  30|0xc7a00000, 0xc7a00000, 0xc7b00000|  0%| F|  |TAMS 0xc7a00000, 0xc7a00000| Untracked 
|  31|0xc7b00000, 0xc7b00000, 0xc7c00000|  0%| F|  |TAMS 0xc7b00000, 0xc7b00000| Untracked 
|  32|0xc7c00000, 0xc7c00000, 0xc7d00000|  0%| F|  |TAMS 0xc7c00000, 0xc7c00000| Untracked 
|  33|0xc7d00000, 0xc7d00000, 0xc7e00000|  0%| F|  |TAMS 0xc7d00000, 0xc7d00000| Untracked 
|  34|0xc7e00000, 0xc7e00000, 0xc7f00000|  0%| F|  |TAMS 0xc7e00000, 0xc7e00000| Untracked 
|  35|0xc7f00000, 0xc7f00000, 0xc8000000|  0%| F|  |TAMS 0xc7f00000, 0xc7f00000| Untracked 
|  36|0xc8000000, 0xc8000000, 0xc8100000|  0%| F|  |TAMS 0xc8000000, 0xc8000000| Untracked 
|  37|0xc8100000, 0xc8100000, 0xc8200000|  0%| F|  |TAMS 0xc8100000, 0xc8100000| Untracked 
|  38|0xc8200000, 0xc8200000, 0xc8300000|  0%| F|  |TAMS 0xc8200000, 0xc8200000| Untracked 
|  39|0xc8300000, 0xc8300000, 0xc8400000|  0%| F|  |TAMS 0xc8300000, 0xc8300000| Untracked 
|  40|0xc8400000, 0xc8400000, 0xc8500000|  0%| F|  |TAMS 0xc8400000, 0xc8400000| Untracked 
|  41|0xc8500000, 0xc8500000, 0xc8600000|  0%| F|  |TAMS 0xc8500000, 0xc8500000| Untracked 
|  42|0xc8600000, 0xc8600000, 0xc8700000|  0%| F|  |TAMS 0xc8600000, 0xc8600000| Untracked 
|  43|0xc8700000, 0xc8700000, 0xc8800000|  0%| F|  |TAMS 0xc8700000, 0xc8700000| Untracked 
|  44|0xc8800000, 0xc8800000, 0xc8900000|  0%| F|  |TAMS 0xc8800000, 0xc8800000| Untracked 
|  45|0xc8900000, 0xc8900000, 0xc8a00000|  0%| F|  |TAMS 0xc8900000, 0xc8900000| Untracked 
|  46|0xc8a00000, 0xc8a00000, 0xc8b00000|  0%| F|  |TAMS 0xc8a00000, 0xc8a00000| Untracked 
|  47|0xc8b00000, 0xc8b00000, 0xc8c00000|  0%| F|  |TAMS 0xc8b00000, 0xc8b00000| Untracked 
|  48|0xc8c00000, 0xc8c00000, 0xc8d00000|  0%| F|  |TAMS 0xc8c00000, 0xc8c00000| Untracked 
|  49|0xc8d00000, 0xc8d00000, 0xc8e00000|  0%| F|  |TAMS 0xc8d00000, 0xc8d00000| Untracked 
|  50|0xc8e00000, 0xc8f00000, 0xc8f00000|100%| S|CS|TAMS 0xc8e00000, 0xc8e00000| Complete 
|  51|0xc8f00000, 0xc9000000, 0xc9000000|100%| S|CS|TAMS 0xc8f00000, 0xc8f00000| Complete 
|  52|0xc9000000, 0xc9000000, 0xc9100000|  0%| F|  |TAMS 0xc9000000, 0xc9000000| Untracked 
|  53|0xc9100000, 0xc9100000, 0xc9200000|  0%| F|  |TAMS 0xc9100000, 0xc9100000| Untracked 
|  54|0xc9200000, 0xc9200000, 0xc9300000|  0%| F|  |TAMS 0xc9200000, 0xc9200000| Untracked 
|  55|0xc9300000, 0xc9300000, 0xc9400000|  0%| F|  |TAMS 0xc9300000, 0xc9300000| Untracked 
|  56|0xc9400000, 0xc9400000, 0xc9500000|  0%| F|  |TAMS 0xc9400000, 0xc9400000| Untracked 
|  57|0xc9500000, 0xc9500000, 0xc9600000|  0%| F|  |TAMS 0xc9500000, 0xc9500000| Untracked 
|  58|0xc9600000, 0xc9600000, 0xc9700000|  0%| F|  |TAMS 0xc9600000, 0xc9600000| Untracked 
|  59|0xc9700000, 0xc9700000, 0xc9800000|  0%| F|  |TAMS 0xc9700000, 0xc9700000| Untracked 
|  60|0xc9800000, 0xc9800000, 0xc9900000|  0%| F|  |TAMS 0xc9800000, 0xc9800000| Untracked 
|  61|0xc9900000, 0xc9900000, 0xc9a00000|  0%| F|  |TAMS 0xc9900000, 0xc9900000| Untracked 
|  62|0xc9a00000, 0xc9a00000, 0xc9b00000|  0%| F|  |TAMS 0xc9a00000, 0xc9a00000| Untracked 
|  63|0xc9b00000, 0xc9b00000, 0xc9c00000|  0%| F|  |TAMS 0xc9b00000, 0xc9b00000| Untracked 
|  64|0xc9c00000, 0xc9c00000, 0xc9d00000|  0%| F|  |TAMS 0xc9c00000, 0xc9c00000| Untracked 
|  65|0xc9d00000, 0xc9d00000, 0xc9e00000|  0%| F|  |TAMS 0xc9d00000, 0xc9d00000| Untracked 
|  66|0xc9e00000, 0xc9e00000, 0xc9f00000|  0%| F|  |TAMS 0xc9e00000, 0xc9e00000| Untracked 
|  67|0xc9f00000, 0xc9f00000, 0xca000000|  0%| F|  |TAMS 0xc9f00000, 0xc9f00000| Untracked 
|  68|0xca000000, 0xca000000, 0xca100000|  0%| F|  |TAMS 0xca000000, 0xca000000| Untracked 
|  69|0xca100000, 0xca100000, 0xca200000|  0%| F|  |TAMS 0xca100000, 0xca100000| Untracked 
|  70|0xca200000, 0xca200000, 0xca300000|  0%| F|  |TAMS 0xca200000, 0xca200000| Untracked 
|  71|0xca300000, 0xca300000, 0xca400000|  0%| F|  |TAMS 0xca300000, 0xca300000| Untracked 
|  72|0xca400000, 0xca400000, 0xca500000|  0%| F|  |TAMS 0xca400000, 0xca400000| Untracked 
|  73|0xca500000, 0xca500000, 0xca600000|  0%| F|  |TAMS 0xca500000, 0xca500000| Untracked 
|  74|0xca600000, 0xca600000, 0xca700000|  0%| F|  |TAMS 0xca600000, 0xca600000| Untracked 
|  75|0xca700000, 0xca700000, 0xca800000|  0%| F|  |TAMS 0xca700000, 0xca700000| Untracked 
|  76|0xca800000, 0xca800000, 0xca900000|  0%| F|  |TAMS 0xca800000, 0xca800000| Untracked 
|  77|0xca900000, 0xca900000, 0xcaa00000|  0%| F|  |TAMS 0xca900000, 0xca900000| Untracked 
|  78|0xcaa00000, 0xcaa00000, 0xcab00000|  0%| F|  |TAMS 0xcaa00000, 0xcaa00000| Untracked 
|  79|0xcab00000, 0xcab00000, 0xcac00000|  0%| F|  |TAMS 0xcab00000, 0xcab00000| Untracked 
|  80|0xcac00000, 0xcac00000, 0xcad00000|  0%| F|  |TAMS 0xcac00000, 0xcac00000| Untracked 
|  81|0xcad00000, 0xcad00800, 0xcae00000|  0%| E|  |TAMS 0xcad00000, 0xcad00000| Complete 
|  82|0xcae00000, 0xcaf00000, 0xcaf00000|100%| E|CS|TAMS 0xcae00000, 0xcae00000| Complete 
|  83|0xcaf00000, 0xcb000000, 0xcb000000|100%| E|CS|TAMS 0xcaf00000, 0xcaf00000| Complete 
|  84|0xcb000000, 0xcb100000, 0xcb100000|100%| E|CS|TAMS 0xcb000000, 0xcb000000| Complete 
|  85|0xcb100000, 0xcb200000, 0xcb200000|100%| E|CS|TAMS 0xcb100000, 0xcb100000| Complete 
|  86|0xcb200000, 0xcb300000, 0xcb300000|100%| E|CS|TAMS 0xcb200000, 0xcb200000| Complete 
|  87|0xcb300000, 0xcb400000, 0xcb400000|100%| E|CS|TAMS 0xcb300000, 0xcb300000| Complete 
|  88|0xcb400000, 0xcb500000, 0xcb500000|100%| E|CS|TAMS 0xcb400000, 0xcb400000| Complete 
|  89|0xcb500000, 0xcb600000, 0xcb600000|100%| E|CS|TAMS 0xcb500000, 0xcb500000| Complete 
|  90|0xcb600000, 0xcb700000, 0xcb700000|100%| E|CS|TAMS 0xcb600000, 0xcb600000| Complete 
|  91|0xcb700000, 0xcb800000, 0xcb800000|100%| E|CS|TAMS 0xcb700000, 0xcb700000| Complete 
|  92|0xcb800000, 0xcb900000, 0xcb900000|100%| E|CS|TAMS 0xcb800000, 0xcb800000| Complete 
|  93|0xcb900000, 0xcba00000, 0xcba00000|100%| E|CS|TAMS 0xcb900000, 0xcb900000| Complete 
|  94|0xcba00000, 0xcbb00000, 0xcbb00000|100%| E|CS|TAMS 0xcba00000, 0xcba00000| Complete 
|  95|0xcbb00000, 0xcbc00000, 0xcbc00000|100%| E|CS|TAMS 0xcbb00000, 0xcbb00000| Complete 
|  96|0xcbc00000, 0xcbd00000, 0xcbd00000|100%| E|CS|TAMS 0xcbc00000, 0xcbc00000| Complete 
|  97|0xcbd00000, 0xcbe00000, 0xcbe00000|100%| E|CS|TAMS 0xcbd00000, 0xcbd00000| Complete 
|  98|0xcbe00000, 0xcbf00000, 0xcbf00000|100%| E|CS|TAMS 0xcbe00000, 0xcbe00000| Complete 
|  99|0xcbf00000, 0xcc000000, 0xcc000000|100%| E|CS|TAMS 0xcbf00000, 0xcbf00000| Complete 
| 100|0xcc000000, 0xcc100000, 0xcc100000|100%| E|CS|TAMS 0xcc000000, 0xcc000000| Complete 
| 101|0xcc100000, 0xcc200000, 0xcc200000|100%| E|CS|TAMS 0xcc100000, 0xcc100000| Complete 
| 102|0xcc200000, 0xcc300000, 0xcc300000|100%| E|CS|TAMS 0xcc200000, 0xcc200000| Complete 
| 103|0xcc300000, 0xcc400000, 0xcc400000|100%| E|CS|TAMS 0xcc300000, 0xcc300000| Complete 
| 104|0xcc400000, 0xcc500000, 0xcc500000|100%| E|CS|TAMS 0xcc400000, 0xcc400000| Complete 
| 105|0xcc500000, 0xcc600000, 0xcc600000|100%| E|CS|TAMS 0xcc500000, 0xcc500000| Complete 
| 106|0xcc600000, 0xcc700000, 0xcc700000|100%| E|CS|TAMS 0xcc600000, 0xcc600000| Complete 
| 107|0xcc700000, 0xcc800000, 0xcc800000|100%| E|CS|TAMS 0xcc700000, 0xcc700000| Complete 
| 108|0xcc800000, 0xcc900000, 0xcc900000|100%| E|CS|TAMS 0xcc800000, 0xcc800000| Complete 
| 109|0xcc900000, 0xcca00000, 0xcca00000|100%| E|CS|TAMS 0xcc900000, 0xcc900000| Complete 
| 110|0xcca00000, 0xccb00000, 0xccb00000|100%| E|CS|TAMS 0xcca00000, 0xcca00000| Complete 
| 111|0xccb00000, 0xccc00000, 0xccc00000|100%| E|CS|TAMS 0xccb00000, 0xccb00000| Complete 
| 112|0xccc00000, 0xccd00000, 0xccd00000|100%| E|CS|TAMS 0xccc00000, 0xccc00000| Complete 
| 113|0xccd00000, 0xcce00000, 0xcce00000|100%| E|CS|TAMS 0xccd00000, 0xccd00000| Complete 
| 114|0xcce00000, 0xccf00000, 0xccf00000|100%| E|CS|TAMS 0xcce00000, 0xcce00000| Complete 
| 115|0xccf00000, 0xcd000000, 0xcd000000|100%| E|CS|TAMS 0xccf00000, 0xccf00000| Complete 
| 116|0xcd000000, 0xcd100000, 0xcd100000|100%| E|CS|TAMS 0xcd000000, 0xcd000000| Complete 
| 117|0xcd100000, 0xcd200000, 0xcd200000|100%| E|CS|TAMS 0xcd100000, 0xcd100000| Complete 
| 118|0xcd200000, 0xcd300000, 0xcd300000|100%| E|CS|TAMS 0xcd200000, 0xcd200000| Complete 
| 119|0xcd300000, 0xcd400000, 0xcd400000|100%| E|CS|TAMS 0xcd300000, 0xcd300000| Complete 
| 120|0xcd400000, 0xcd500000, 0xcd500000|100%| E|CS|TAMS 0xcd400000, 0xcd400000| Complete 
| 121|0xcd500000, 0xcd600000, 0xcd600000|100%| E|CS|TAMS 0xcd500000, 0xcd500000| Complete 
| 122|0xcd600000, 0xcd700000, 0xcd700000|100%| E|CS|TAMS 0xcd600000, 0xcd600000| Complete 
| 123|0xcd700000, 0xcd800000, 0xcd800000|100%| E|CS|TAMS 0xcd700000, 0xcd700000| Complete 
| 124|0xcd800000, 0xcd900000, 0xcd900000|100%| E|CS|TAMS 0xcd800000, 0xcd800000| Complete 
| 125|0xcd900000, 0xcda00000, 0xcda00000|100%| E|CS|TAMS 0xcd900000, 0xcd900000| Complete 
| 126|0xcda00000, 0xcdb00000, 0xcdb00000|100%| E|CS|TAMS 0xcda00000, 0xcda00000| Complete 
| 127|0xcdb00000, 0xcdc00000, 0xcdc00000|100%| E|CS|TAMS 0xcdb00000, 0xcdb00000| Complete 

Card table byte_map: [0xc5a00000,0xc5b00000] _byte_map_base: 0xc53d2000

Marking Bits (Prev, Next): (CMBitMap*) 0xf5e8b528, (CMBitMap*) 0xf5e8b548
 Prev Bits: [0xc5100000, 0xc5900000)
 Next Bits: [0xc4900000, 0xc5100000)

Polling page: 0xf7ee6000

Metaspace:

Usage:
    3.47 MB used.

Virtual space:
     16.00 MB reserved,       3.69 MB ( 23%) committed,  1 nodes.

Chunk freelists:
9.71 MB

MaxMetaspaceSize: 96.00 MB
No class space
Initial GC threshold: 16.00 MB
Current GC threshold: 16.00 MB
CDS: on
MetaspaceReclaimPolicy: balanced
 - commit_granule_bytes: 65536.
 - commit_granule_words: 16384.
 - virtual_space_node_default_size: 4194304.
 - enlarge_chunks_in_place: 1.
 - new_chunks_are_fully_committed: 0.
 - uncommit_free_chunks: 1.
 - use_allocation_guard: 0.
 - handle_deallocations: 1.


Internal statistics:

num_allocs_failed_limit: 0.
num_arena_births: 139.
num_arena_deaths: 0.
num_vsnodes_births: 1.
num_vsnodes_deaths: 0.
num_space_committed: 59.
num_space_uncommitted: 0.
num_chunks_returned_to_freelist: 0.
num_chunks_taken_from_freelist: 291.
num_chunk_merges: 0.
num_chunk_splits: 197.
num_chunks_enlarged: 124.
num_inconsistent_stats: 0.

CodeHeap 'non-profiled nmethods': size=120172Kb used=1131Kb max_used=1131Kb free=119040Kb
 bounds [0xed7f5000, 0xeda35000, 0xf4d50000]
CodeHeap 'profiled nmethods': size=120172Kb used=2917Kb max_used=2917Kb free=117254Kb
 bounds [0xe5d50000, 0xe6030000, 0xed2ab000]
CodeHeap 'non-nmethods': size=5416Kb used=725Kb max_used=769Kb free=4691Kb
 bounds [0xed2ab000, 0xed4eb000, 0xed7f5000]
 total_blobs=1896 nmethods=1564 adapters=246
 compilation: enabled
              stopped_count=0, restarted_count=0
 full_count=0

Compilation events (20 events):
Event: 4770.860 Thread 0xc41a0580 1557  s    3       java.util.Hashtable::containsKey (65 bytes)
Event: 4770.865 Thread 0xc41a0580 nmethod 1557 0xe6028308 code [0xe6028480, 0xe60288f8]
Event: 5411.858 Thread 0xc419f450 1558       4       script.base_class$ship_chassis_slot_type::getComponentTypeForSlot (42 bytes)
Event: 5411.861 Thread 0xc419f450 nmethod 1558 0xed90cf88 code [0xed90d0a0, 0xed90d150]
Event: 5588.381 Thread 0xc419f450 1559       4       script.space.combat.combat_ship::OnShipComponentPowerSufficient (33 bytes)
Event: 5588.390 Thread 0xc419f450 nmethod 1559 0xed90d288 code [0xed90d460, 0xed90d9b4]
Event: 5738.371 Thread 0xc419f450 1560   !   4       jdk.internal.reflect.GeneratedMethodAccessor14::invoke (271 bytes)
Event: 5738.384 Thread 0xc419f450 nmethod 1560 0xed90e008 code [0xed90e220, 0xed90ea14]
Event: 5830.348 Thread 0xc41a0580 1561       3       java.io.ObjectStreamClass::hasReadObjectNoDataMethod (17 bytes)
Event: 5830.349 Thread 0xc41a0580 nmethod 1561 0xe6028a88 code [0xe6028be0, 0xe6028e4c]
Event: 6235.213 Thread 0xc419f450 1562       4       java.lang.ClassValue::get (31 bytes)
Event: 6235.217 Thread 0xc419f450 nmethod 1562 0xed90f388 code [0xed90f4c0, 0xed90f63c]
Event: 6318.654 Thread 0xc41a0580 1563  s    3       java.util.Hashtable::keys (6 bytes)
Event: 6318.654 Thread 0xc41a0580 nmethod 1563 0xe6028f88 code [0xe60290c0, 0xe602928c]
Event: 6318.654 Thread 0xc41a0580 1564       3       java.util.Hashtable::getEnumeration (22 bytes)
Event: 6318.655 Thread 0xc41a0580 nmethod 1564 0xe6029308 code [0xe6029460, 0xe60296ac]
Event: 6356.318 Thread 0xc419f450 1565       4       java.io.ObjectStreamField::getSignature (39 bytes)
Event: 6356.320 Thread 0xc419f450 nmethod 1565 0xed90f808 code [0xed90f920, 0xed90f9b0]
Event: 6869.200 Thread 0xc419f450 1566       4       jdk.internal.logger.SurrogateLogger::defaultPlatformLevel (4 bytes)
Event: 6869.201 Thread 0xc419f450 nmethod 1566 0xed90fb08 code [0xed90fc20, 0xed90fc90]

GC Heap History (10 events):
Event: 26.931 GC heap before
{Heap before GC invocations=0 (full 0):
 garbage-first heap   total 131072K, used 12288K [0xc5c00000, 0xe5c00000)
  region size 1024K, 13 young (13312K), 0 survivors (0K)
 Metaspace       used 1876K, committed 2048K, reserved 16384K
}
Event: 27.141 GC heap after
{Heap after GC invocations=1 (full 0):
 garbage-first heap   total 131072K, used 2269K [0xc5c00000, 0xe5c00000)
  region size 1024K, 2 young (2048K), 2 survivors (2048K)
 Metaspace       used 1876K, committed 2048K, reserved 16384K
}
Event: 29.602 GC heap before
{Heap before GC invocations=1 (full 0):
 garbage-first heap   total 131072K, used 18653K [0xc5c00000, 0xe5c00000)
  region size 1024K, 18 young (18432K), 2 survivors (2048K)
 Metaspace       used 2131K, committed 2304K, reserved 16384K
}
Event: 29.606 GC heap after
{Heap after GC invocations=2 (full 0):
 garbage-first heap   total 131072K, used 2361K [0xc5c00000, 0xe5c00000)
  region size 1024K, 1 young (1024K), 1 survivors (1024K)
 Metaspace       used 2131K, committed 2304K, reserved 16384K
}
Event: 1190.842 GC heap before
{Heap before GC invocations=2 (full 0):
 garbage-first heap   total 131072K, used 79161K [0xc5c00000, 0xe5c00000)
  region size 1024K, 76 young (77824K), 1 survivors (1024K)
 Metaspace       used 3489K, committed 3712K, reserved 16384K
}
Event: 1190.858 GC heap after
{Heap after GC invocations=3 (full 0):
 garbage-first heap   total 131072K, used 4059K [0xc5c00000, 0xe5c00000)
  region size 1024K, 3 young (3072K), 3 survivors (3072K)
 Metaspace       used 3489K, committed 3712K, reserved 16384K
}
Event: 2868.780 GC heap before
{Heap before GC invocations=3 (full 0):
 garbage-first heap   total 131072K, used 78811K [0xc5c00000, 0xe5c00000)
  region size 1024K, 76 young (77824K), 3 survivors (3072K)
 Metaspace       used 3519K, committed 3776K, reserved 16384K
}
Event: 2868.806 GC heap after
{Heap after GC invocations=4 (full 0):
 garbage-first heap   total 131072K, used 3907K [0xc5c00000, 0xe5c00000)
  region size 1024K, 2 young (2048K), 2 survivors (2048K)
 Metaspace       used 3519K, committed 3776K, reserved 16384K
}
Event: 3697.460 GC heap before
{Heap before GC invocations=4 (full 0):
 garbage-first heap   total 131072K, used 79683K [0xc5c00000, 0xe5c00000)
  region size 1024K, 76 young (77824K), 2 survivors (2048K)
 Metaspace       used 3531K, committed 3776K, reserved 16384K
}
Event: 3697.473 GC heap after
{Heap after GC invocations=5 (full 0):
 garbage-first heap   total 131072K, used 3907K [0xc5c00000, 0xe5c00000)
  region size 1024K, 2 young (2048K), 2 survivors (2048K)
 Metaspace       used 3531K, committed 3776K, reserved 16384K
}

Dll operation events (4 events):
Event: 0.004 Loaded shared library /usr/lib/jvm/java-17-zulu-openjdk-jdk-x86/lib/libjava.so
Event: 33.941 Loaded shared library /usr/lib/jvm/java-17-zulu-openjdk-jdk-x86/lib/libnio.so
Event: 33.942 Loaded shared library /usr/lib/jvm/java-17-zulu-openjdk-jdk-x86/lib/libjimage.so
Event: 33.943 Loaded shared library /usr/lib/jvm/java-17-zulu-openjdk-jdk-x86/lib/libnet.so

Deoptimization events (20 events):
Event: 3194.702 Thread 0x0c411de0 Uncommon trap: trap_request=0xffffff45 fr.pc=0xed8f71c4 relative=0x00003864
Event: 3194.702 Thread 0x0c411de0 Uncommon trap: reason=unstable_if action=reinterpret pc=0xed8f71c4 method=script.space.combat.combat_ship.OnShipWasHit(Lscript/obj_id;Lscript/obj_id;IZIIZFFF)I @ 744 c2
Event: 3194.702 Thread 0x0c411de0 DEOPT PACKING pc=0xed8f71c4 sp=0xff8c67a0
Event: 3194.703 Thread 0x0c411de0 DEOPT UNPACKING pc=0xed2f4d33 sp=0xff8c676c mode 2
Event: 3708.257 Thread 0x0c411de0 Uncommon trap: trap_request=0xffffff45 fr.pc=0xed88b9c8 relative=0x000003e8
Event: 3708.257 Thread 0x0c411de0 Uncommon trap: reason=unstable_if action=reinterpret pc=0xed88b9c8 method=java.io.ClassCache.processQueue()V @ 9 c2
Event: 3708.257 Thread 0x0c411de0 DEOPT PACKING pc=0xed88b9c8 sp=0xff8c58b0
Event: 3708.258 Thread 0x0c411de0 DEOPT UNPACKING pc=0xed2f4d33 sp=0xff8c5860 mode 2
Event: 3888.065 Thread 0x0c411de0 Uncommon trap: trap_request=0xffffffde fr.pc=0xed8c25b0 relative=0x00000650
Event: 3888.065 Thread 0x0c411de0 Uncommon trap: reason=class_check action=maybe_recompile pc=0xed8c25b0 method=script.dictionary.put(Ljava/lang/Object;Ljava/util/Vector;)Ljava/lang/Object; @ 93 c2
Event: 3888.066 Thread 0x0c411de0 DEOPT PACKING pc=0xed8c25b0 sp=0xff8c5b10
Event: 3888.066 Thread 0x0c411de0 DEOPT UNPACKING pc=0xed2f4d33 sp=0xff8c5b0c mode 2
Event: 3888.069 Thread 0x0c411de0 Uncommon trap: trap_request=0xffffff45 fr.pc=0xed8c0ff8 relative=0x00000058
Event: 3888.069 Thread 0x0c411de0 Uncommon trap: reason=unstable_if action=reinterpret pc=0xed8c0ff8 method=java.io.ObjectStreamClass.getSerialVersionUID()J @ 4 c2
Event: 3888.069 Thread 0x0c411de0 DEOPT PACKING pc=0xed8c0ff8 sp=0xff8c54c0
Event: 3888.069 Thread 0x0c411de0 DEOPT UNPACKING pc=0xed2f4d33 sp=0xff8c5498 mode 2
Event: 3888.072 Thread 0x0c411de0 Uncommon trap: trap_request=0xffffff45 fr.pc=0xed8a4888 relative=0x00000348
Event: 3888.072 Thread 0x0c411de0 Uncommon trap: reason=unstable_if action=reinterpret pc=0xed8a4888 method=java.util.Hashtable.containsKey(Ljava/lang/Object;)Z @ 36 c2
Event: 3888.072 Thread 0x0c411de0 DEOPT PACKING pc=0xed8a4888 sp=0xff8c5ea0
Event: 3888.072 Thread 0x0c411de0 DEOPT UNPACKING pc=0xed2f4d33 sp=0xff8c5e78 mode 2

Classes unloaded (0 events):
No events

Classes redefined (0 events):
No events

Internal exceptions (4 events):
Event: 32.921 Thread 0x0c411de0 Exception <a 'java/lang/NoSuchMethodError'{0xcc545c78}: static [Ljava/lang/String;.<clinit>()V> (0xcc545c78) 
thrown [src/hotspot/share/prims/jni.cpp, line 1112]
Event: 34.013 Thread 0x0c411de0 Exception <a 'java/lang/NoSuchMethodError'{0xcc226d78}: 'java.lang.Object java.lang.invoke.DirectMethodHandle$Holder.invokeStaticInit(java.lang.Object)'> (0xcc226d78) 
thrown [src/hotspot/share/interpreter/linkResolver.cpp, line 759]
Event: 75.651 Thread 0x0c411de0 Exception <a 'java/lang/NoSuchMethodError'{0xcc1d3738}: 'java.lang.Object java.lang.invoke.DirectMethodHandle$Holder.invokeStatic(java.lang.Object, float)'> (0xcc1d3738) 
thrown [src/hotspot/share/interpreter/linkResolver.cpp, line 759]
Event: 3888.069 Thread 0x0c411de0 Exception <a 'java/lang/NoSuchMethodError'{0xcc5d5888}: static [Lscript/obj_id;.<clinit>()V> (0xcc5d5888) 
thrown [src/hotspot/share/prims/jni.cpp, line 1112]

VM Operations (20 events):
Event: 3896.938 Executing VM operation: Cleanup
Event: 3896.938 Executing VM operation: Cleanup done
Event: 3908.642 Executing VM operation: HandshakeAllThreads
Event: 3908.642 Executing VM operation: HandshakeAllThreads done
Event: 3911.642 Executing VM operation: Cleanup
Event: 3911.642 Executing VM operation: Cleanup done
Event: 3915.646 Executing VM operation: Cleanup
Event: 3915.646 Executing VM operation: Cleanup done
Event: 4566.784 Executing VM operation: Cleanup
Event: 4566.784 Executing VM operation: Cleanup done
Event: 4785.177 Executing VM operation: Cleanup
Event: 4785.177 Executing VM operation: Cleanup done
Event: 4794.204 Executing VM operation: Cleanup
Event: 4794.204 Executing VM operation: Cleanup done
Event: 5903.115 Executing VM operation: Cleanup
Event: 5903.115 Executing VM operation: Cleanup done
Event: 6331.756 Executing VM operation: Cleanup
Event: 6331.756 Executing VM operation: Cleanup done
Event: 6875.398 Executing VM operation: Cleanup
Event: 6875.398 Executing VM operation: Cleanup done

Events (20 events):
Event: 34.015 loading class sun/util/logging/PlatformLogger$ConfigurableBridge$LoggerConfiguration done
Event: 34.015 loading class jdk/internal/logger/SimpleConsoleLogger done
Event: 34.015 loading class jdk/internal/logger/SurrogateLogger done
Event: 34.015 loading class sun/util/logging/PlatformLogger
Event: 34.015 loading class sun/util/logging/PlatformLogger done
Event: 34.015 loading class sun/util/logging/PlatformLogger$Level
Event: 34.016 loading class sun/util/logging/PlatformLogger$Level done
Event: 34.016 loading class jdk/internal/event/DeserializationEvent
Event: 34.016 loading class jdk/internal/event/DeserializationEvent done
Event: 34.016 loading class java/io/ObjectInputStream$FieldValues
Event: 34.016 loading class java/io/ObjectInputStream$GetField
Event: 34.016 loading class java/io/ObjectInputStream$GetField done
Event: 34.016 loading class java/io/ObjectInputStream$FieldValues done
Event: 54.651 loading class java/io/ObjectStreamException
Event: 54.651 loading class java/io/ObjectStreamException done
Event: 75.654 loading class jdk/internal/math/FDBigInteger
Event: 75.654 loading class jdk/internal/math/FDBigInteger done
Event: 7255.715 Thread 0x0c411de0 Thread exited: 0x0c411de0
Event: 7255.722 Thread 0xf5e242d0 Thread exited: 0xf5e242d0
Event: 7255.722 Thread 0xc419bff0 Thread exited: 0xc419bff0


Dynamic libraries:
08048000-09298000 r-xp 00000000 08:04 494947248                          /home/almalinux/swg-returns-nge/build/bin/SwgGameServer
09298000-0929c000 rw-p 0124f000 08:04 494947248                          /home/almalinux/swg-returns-nge/build/bin/SwgGameServer
0929c000-09b1f000 rw-p 00000000 00:00 0 
0ad4c000-1003f000 rw-p 00000000 00:00 0                                  [heap]
c0200000-c02f9000 rw-p 00000000 00:00 0 
c02f9000-c0300000 ---p 00000000 00:00 0 
c0300000-c0361000 rw-p 00000000 00:00 0 
c0361000-c0400000 ---p 00000000 00:00 0 
c0400000-c04f9000 rw-p 00000000 00:00 0 
c04f9000-c0500000 ---p 00000000 00:00 0 
c0500000-c05f9000 rw-p 00000000 00:00 0 
c05f9000-c0600000 ---p 00000000 00:00 0 
c0600000-c06f9000 rw-p 00000000 00:00 0 
c06f9000-c0700000 ---p 00000000 00:00 0 
c0700000-c07f9000 rw-p 00000000 00:00 0 
c07f9000-c0800000 ---p 00000000 00:00 0 
c0900000-c09e9000 rw-p 00000000 00:00 0 
c09e9000-c0a00000 ---p 00000000 00:00 0 
c0a00000-c0aed000 rw-p 00000000 00:00 0 
c0aed000-c0b00000 ---p 00000000 00:00 0 
c0b00000-c0bf9000 rw-p 00000000 00:00 0 
c0bf9000-c0c00000 ---p 00000000 00:00 0 
c0c00000-c0cf9000 rw-p 00000000 00:00 0 
c0cf9000-c0d00000 ---p 00000000 00:00 0 
c0d00000-c0dfd000 rw-p 00000000 00:00 0 
c0dfd000-c0e00000 ---p 00000000 00:00 0 
c0e00000-c0efb000 rw-p 00000000 00:00 0 
c0efb000-c0f00000 ---p 00000000 00:00 0 
c0f00000-c0ffa000 rw-p 00000000 00:00 0 
c0ffa000-c1000000 ---p 00000000 00:00 0 
c107f000-c1080000 ---p 00000000 00:00 0 
c1080000-c1100000 rw-p 00000000 00:00 0 
c1100000-c11fc000 rw-p 00000000 00:00 0 
c11fc000-c1200000 ---p 00000000 00:00 0 
c137b000-c137c000 ---p 00000000 00:00 0 
c137c000-c13fc000 rw-p 00000000 00:00 0 
c13fc000-c1400000 ---p 00000000 00:00 0 
c1400000-c147d000 rw-p 00000000 00:00 0 
c167f000-c1683000 ---p 00000000 00:00 0 
c1683000-c1740000 rw-p 00000000 00:00 0 
c1740000-c1744000 ---p 00000000 00:00 0 
c1744000-c1801000 rw-p 00000000 00:00 0 
c1801000-c1802000 ---p 00000000 00:00 0 
c1802000-c1882000 rw-p 00000000 00:00 0 
c1882000-c1886000 ---p 00000000 00:00 0 
c1886000-c1943000 rw-p 00000000 00:00 0 
c1943000-c1947000 ---p 00000000 00:00 0 
c1947000-c1a04000 rw-p 00000000 00:00 0 
c1a04000-c1a08000 ---p 00000000 00:00 0 
c1a08000-c1ac5000 rw-p 00000000 00:00 0 
c1ac5000-c1ac9000 ---p 00000000 00:00 0 
c1ac9000-c1b86000 rw-p 00000000 00:00 0 
c1b86000-c1e00000 r--p 00078000 08:04 535181                             /usr/lib/locale/locale-archive
c1e00000-c2000000 r--p 00000000 08:04 535181                             /usr/lib/locale/locale-archive
c2000000-c2160000 rw-p 00000000 00:00 0 
c2160000-c2400000 ---p 00000000 00:00 0 
c2400000-c2650000 rw-p 00000000 00:00 0 
c2650000-c3000000 ---p 00000000 00:00 0 
c303c000-c3040000 ---p 00000000 00:00 0 
c3040000-c30bd000 rw-p 00000000 00:00 0 
c30bd000-c30c1000 ---p 00000000 00:00 0 
c30c1000-c317e000 rw-p 00000000 00:00 0 
c317e000-c3182000 ---p 00000000 00:00 0 
c3182000-c323f000 rw-p 00000000 00:00 0 
c323f000-c3243000 ---p 00000000 00:00 0 
c3243000-c3300000 rw-p 00000000 00:00 0 
c3300000-c3321000 rw-p 00000000 00:00 0 
c3321000-c3400000 ---p 00000000 00:00 0 
c3431000-c3435000 ---p 00000000 00:00 0 
c3435000-c34b2000 rw-p 00000000 00:00 0 
c34b2000-c34b3000 ---p 00000000 00:00 0 
c34b3000-c3533000 rw-p 00000000 00:00 0 
c3533000-c3e00000 rw-p 00001000 08:04 143240867                          /usr/lib/jvm/java-17-zulu-openjdk-jdk-x86/lib/server/classes.jsa
c3e00000-c3e21000 rw-p 00000000 00:00 0 
c3e21000-c3f00000 ---p 00000000 00:00 0 
c3f7f000-c3f80000 ---p 00000000 00:00 0 
c3f80000-c4000000 rw-p 00000000 00:00 0 
c4000000-c4021000 rw-p 00000000 00:00 0 
c4021000-c4100000 ---p 00000000 00:00 0 
c4100000-c41d3000 rw-p 00000000 00:00 0 
c41d3000-c4200000 ---p 00000000 00:00 0 
c427f000-c4280000 ---p 00000000 00:00 0 
c4280000-c4300000 rw-p 00000000 00:00 0 
c4300000-c43d3000 rw-p 00000000 00:00 0 
c43d3000-c4400000 ---p 00000000 00:00 0 
c447f000-c4480000 ---p 00000000 00:00 0 
c4480000-c4500000 rw-p 00000000 00:00 0 
c4500000-c4600000 rw-p 00000000 00:00 0 
c467f000-c4680000 ---p 00000000 00:00 0 
c4680000-c4700000 rw-p 00000000 00:00 0 
c4700000-c47fc000 rw-p 00000000 00:00 0 
c47fc000-c4800000 ---p 00000000 00:00 0 
c487f000-c4880000 ---p 00000000 00:00 0 
c4880000-c4b00000 rw-p 00000000 00:00 0 
c4b00000-c5100000 ---p 00000000 00:00 0 
c5100000-c5300000 rw-p 00000000 00:00 0 
c5300000-c5900000 ---p 00000000 00:00 0 
c5900000-c5940000 rw-p 00000000 00:00 0 
c5940000-c5a00000 ---p 00000000 00:00 0 
c5a00000-c5a40000 rw-p 00000000 00:00 0 
c5a40000-c5b00000 ---p 00000000 00:00 0 
c5b00000-c5b40000 rw-p 00000000 00:00 0 
c5b40000-c5c00000 ---p 00000000 00:00 0 
c5c00000-cdc00000 rw-p 00000000 00:00 0 
cdc00000-e5c00000 ---p 00000000 00:00 0 
e5c65000-e5c6a000 rw-p 00000000 00:00 0 
e5c6a000-e5d50000 ---p 00000000 00:00 0 
e5d50000-e6030000 rwxp 00000000 00:00 0 
e6030000-ed2ab000 ---p 00000000 00:00 0 
ed2ab000-ed4eb000 rwxp 00000000 00:00 0 
ed4eb000-ed7f5000 ---p 00000000 00:00 0 
ed7f5000-eda35000 rwxp 00000000 00:00 0 
eda35000-f4d50000 ---p 00000000 00:00 0 
f4d50000-f4eb8000 r--s 00000000 08:04 117534333                          /usr/lib/jvm/java-17-zulu-openjdk-jdk-x86/lib/modules
f4eb8000-f5d5a000 r-xp 00000000 08:04 143240869                          /usr/lib/jvm/java-17-zulu-openjdk-jdk-x86/lib/server/libjvm.so
f5d5a000-f5daf000 r--p 00ea1000 08:04 143240869                          /usr/lib/jvm/java-17-zulu-openjdk-jdk-x86/lib/server/libjvm.so
f5daf000-f5dd0000 rw-p 00ef6000 08:04 143240869                          /usr/lib/jvm/java-17-zulu-openjdk-jdk-x86/lib/server/libjvm.so
f5dd0000-f5e00000 rw-p 00000000 00:00 0 
f5e00000-f5f00000 rw-p 00000000 00:00 0 
f5f2c000-f5f2d000 ---p 00000000 00:00 0 
f5f2d000-f5f31000 ---p 00000000 00:00 0 
f5f31000-f6aa5000 rw-p 00000000 00:00 0 
f6ab1000-f6ac6000 r-xp 00000000 08:04 117534323                          /usr/lib/jvm/java-17-zulu-openjdk-jdk-x86/lib/libnet.so
f6ac6000-f6ac7000 r--p 00014000 08:04 117534323                          /usr/lib/jvm/java-17-zulu-openjdk-jdk-x86/lib/libnet.so
f6ac7000-f6ac8000 rw-p 00015000 08:04 117534323                          /usr/lib/jvm/java-17-zulu-openjdk-jdk-x86/lib/libnet.so
f6ac8000-f6ace000 rw-p 00000000 00:00 0 
f6ace000-f6bb3000 ---p 00000000 00:00 0 
f6ded000-f6dff000 r-xp 00000000 08:04 117534324                          /usr/lib/jvm/java-17-zulu-openjdk-jdk-x86/lib/libnio.so
f6dff000-f6e00000 r--p 00011000 08:04 117534324                          /usr/lib/jvm/java-17-zulu-openjdk-jdk-x86/lib/libnio.so
f6e00000-f6e01000 rw-p 00012000 08:04 117534324                          /usr/lib/jvm/java-17-zulu-openjdk-jdk-x86/lib/libnio.so
f6e01000-f6e2a000 rw-p 00000000 00:00 0 
f6e2a000-f6e4d000 r-xp 00000000 08:04 117534310                          /usr/lib/jvm/java-17-zulu-openjdk-jdk-x86/lib/libjava.so
f6e4d000-f6e4e000 r--p 00022000 08:04 117534310                          /usr/lib/jvm/java-17-zulu-openjdk-jdk-x86/lib/libjava.so
f6e4e000-f6e4f000 rw-p 00023000 08:04 117534310                          /usr/lib/jvm/java-17-zulu-openjdk-jdk-x86/lib/libjava.so
f6e4f000-f6e5b000 r-xp 00000000 08:04 16831767                           /usr/lib/libnss_files-2.28.so
f6e5b000-f6e5c000 r--p 0000b000 08:04 16831767                           /usr/lib/libnss_files-2.28.so
f6e5c000-f6e5d000 rw-p 0000c000 08:04 16831767                           /usr/lib/libnss_files-2.28.so
f6e5d000-f6e63000 rw-p 00000000 00:00 0 
f6e69000-f6e6e000 rw-p 00000000 00:00 0 
f6e6e000-f6e74000 ---p 00000000 00:00 0 
f6e74000-f6e8f000 r-xp 00000000 08:04 117534314                          /usr/lib/jvm/java-17-zulu-openjdk-jdk-x86/lib/libjimage.so
f6e8f000-f6e90000 ---p 0001b000 08:04 117534314                          /usr/lib/jvm/java-17-zulu-openjdk-jdk-x86/lib/libjimage.so
f6e90000-f6e91000 r--p 0001b000 08:04 117534314                          /usr/lib/jvm/java-17-zulu-openjdk-jdk-x86/lib/libjimage.so
f6e91000-f6e92000 rw-p 0001c000 08:04 117534314                          /usr/lib/jvm/java-17-zulu-openjdk-jdk-x86/lib/libjimage.so
f6e92000-f6e96000 rw-p 00000000 00:00 0 
f6e96000-f6f1e000 r-xp 00000000 08:04 17191875                           /usr/lib/libpcre2-8.so.0.7.1
f6f1e000-f6f1f000 r--p 00087000 08:04 17191875                           /usr/lib/libpcre2-8.so.0.7.1
f6f1f000-f6f20000 rw-p 00088000 08:04 17191875                           /usr/lib/libpcre2-8.so.0.7.1
f6f20000-f6f40000 r-xp 00000000 08:04 17021543                           /usr/lib/libcrypt.so.1.1.0
f6f40000-f6f41000 ---p 00020000 08:04 17021543                           /usr/lib/libcrypt.so.1.1.0
f6f41000-f6f42000 r--p 00020000 08:04 17021543                           /usr/lib/libcrypt.so.1.1.0
f6f42000-f6f4b000 rw-p 00000000 00:00 0 
f6f4b000-f6f76000 r-xp 00000000 08:04 17191887                           /usr/lib/libselinux.so.1
f6f76000-f6f77000 ---p 0002b000 08:04 17191887                           /usr/lib/libselinux.so.1
f6f77000-f6f78000 r--p 0002b000 08:04 17191887                           /usr/lib/libselinux.so.1
f6f78000-f6f79000 rw-p 0002c000 08:04 17191887                           /usr/lib/libselinux.so.1
f6f79000-f6f7a000 rw-p 00000000 00:00 0 
f6f7a000-f6f99000 r-xp 00000000 08:04 18866589                           /usr/lib/libbrotlicommon.so.1.0.6
f6f99000-f6f9a000 r--p 0001e000 08:04 18866589                           /usr/lib/libbrotlicommon.so.1.0.6
f6f9a000-f6f9b000 rw-p 0001f000 08:04 18866589                           /usr/lib/libbrotlicommon.so.1.0.6
f6f9b000-f6fb9000 r-xp 00000000 08:04 17191915                           /usr/lib/libsasl2.so.3.0.0
f6fb9000-f6fba000 ---p 0001e000 08:04 17191915                           /usr/lib/libsasl2.so.3.0.0
f6fba000-f6fbb000 r--p 0001e000 08:04 17191915                           /usr/lib/libsasl2.so.3.0.0
f6fbb000-f6fbc000 rw-p 0001f000 08:04 17191915                           /usr/lib/libsasl2.so.3.0.0
f6fbc000-f6fbe000 rw-p 00000000 00:00 0 
f6fbe000-f6fd2000 r-xp 00000000 08:04 16831772                           /usr/lib/libresolv-2.28.so
f6fd2000-f6fd3000 ---p 00014000 08:04 16831772                           /usr/lib/libresolv-2.28.so
f6fd3000-f6fd4000 r--p 00014000 08:04 16831772                           /usr/lib/libresolv-2.28.so
f6fd4000-f6fd5000 rw-p 00015000 08:04 16831772                           /usr/lib/libresolv-2.28.so
f6fd5000-f6fd7000 rw-p 00000000 00:00 0 
f6fd7000-f6fda000 r-xp 00000000 08:04 17191893                           /usr/lib/libkeyutils.so.1.6
f6fda000-f6fdb000 ---p 00003000 08:04 17191893                           /usr/lib/libkeyutils.so.1.6
f6fdb000-f6fdc000 r--p 00003000 08:04 17191893                           /usr/lib/libkeyutils.so.1.6
f6fdc000-f6fdd000 rw-p 00000000 00:00 0 
f6fdd000-f6fed000 r-xp 00000000 08:04 17021560                           /usr/lib/libkrb5support.so.0.1
f6fed000-f6fee000 r--p 0000f000 08:04 17021560                           /usr/lib/libkrb5support.so.0.1
f6fee000-f6fef000 rw-p 00010000 08:04 17021560                           /usr/lib/libkrb5support.so.0.1
f6fef000-f6ff7000 r-xp 00000000 08:04 16831774                           /usr/lib/librt-2.28.so
f6ff7000-f6ff8000 r--p 00007000 08:04 16831774                           /usr/lib/librt-2.28.so
f6ff8000-f6ff9000 rw-p 00008000 08:04 16831774                           /usr/lib/librt-2.28.so
f6ff9000-f7178000 r-xp 00000000 08:04 17021545                           /usr/lib/libunistring.so.2.1.0
f7178000-f7179000 ---p 0017f000 08:04 17021545                           /usr/lib/libunistring.so.2.1.0
f7179000-f717b000 r--p 0017f000 08:04 17021545                           /usr/lib/libunistring.so.2.1.0
f717b000-f717c000 rw-p 00181000 08:04 17021545                           /usr/lib/libunistring.so.2.1.0
f717c000-f71a6000 r-xp 00000000 08:04 18654292                           /usr/lib/liblzma.so.5.2.4
f71a6000-f71a7000 r--p 00029000 08:04 18654292                           /usr/lib/liblzma.so.5.2.4
f71a7000-f71a8000 rw-p 00000000 00:00 0 
f71a8000-f71b4000 r-xp 00000000 08:04 17191936                           /usr/lib/libbrotlidec.so.1.0.6
f71b4000-f71b5000 r--p 0000b000 08:04 17191936                           /usr/lib/libbrotlidec.so.1.0.6
f71b5000-f71b6000 rw-p 00000000 00:00 0 
f71b6000-f71c5000 r-xp 00000000 08:04 17191918                           /usr/lib/liblber-2.4.so.2.10.9
f71c5000-f71c6000 r--p 0000e000 08:04 17191918                           /usr/lib/liblber-2.4.so.2.10.9
f71c6000-f71c7000 rw-p 0000f000 08:04 17191918                           /usr/lib/liblber-2.4.so.2.10.9
f71c7000-f721c000 r-xp 00000000 08:04 17191920                           /usr/lib/libldap-2.4.so.2.10.9
f721c000-f721d000 ---p 00055000 08:04 17191920                           /usr/lib/libldap-2.4.so.2.10.9
f721d000-f721e000 r--p 00055000 08:04 17191920                           /usr/lib/libldap-2.4.so.2.10.9
f721e000-f721f000 rw-p 00056000 08:04 17191920                           /usr/lib/libldap-2.4.so.2.10.9
f721f000-f7221000 rw-p 00000000 00:00 0 
f7221000-f7224000 r-xp 00000000 08:04 16994899                           /usr/lib/libcom_err.so.2.1
f7224000-f7225000 r--p 00002000 08:04 16994899                           /usr/lib/libcom_err.so.2.1
f7225000-f7226000 rw-p 00003000 08:04 16994899                           /usr/lib/libcom_err.so.2.1
f7226000-f723c000 r-xp 00000000 08:04 17021552                           /usr/lib/libk5crypto.so.3.1
f723c000-f723d000 ---p 00016000 08:04 17021552                           /usr/lib/libk5crypto.so.3.1
f723d000-f723e000 r--p 00016000 08:04 17021552                           /usr/lib/libk5crypto.so.3.1
f723e000-f723f000 rw-p 00017000 08:04 17021552                           /usr/lib/libk5crypto.so.3.1
f723f000-f7322000 r-xp 00000000 08:04 17021558                           /usr/lib/libkrb5.so.3.3
f7322000-f7329000 r--p 000e2000 08:04 17021558                           /usr/lib/libkrb5.so.3.3
f7329000-f732a000 rw-p 000e9000 08:04 17021558                           /usr/lib/libkrb5.so.3.3
f732a000-f7385000 r-xp 00000000 08:04 17021548                           /usr/lib/libgssapi_krb5.so.2.2
f7385000-f7387000 r--p 0005a000 08:04 17021548                           /usr/lib/libgssapi_krb5.so.2.2
f7387000-f7388000 rw-p 0005c000 08:04 17021548                           /usr/lib/libgssapi_krb5.so.2.2
f7388000-f7639000 r-xp 00000000 08:04 18627877                           /usr/lib/libcrypto.so.1.1.1k
f7639000-f7652000 r--p 002b0000 08:04 18627877                           /usr/lib/libcrypto.so.1.1.1k
f7652000-f7654000 rw-p 002c9000 08:04 18627877                           /usr/lib/libcrypto.so.1.1.1k
f7654000-f7658000 rw-p 00000000 00:00 0 
f7658000-f76ea000 r-xp 00000000 08:04 18627879                           /usr/lib/libssl.so.1.1.1k
f76ea000-f76f0000 r--p 00091000 08:04 18627879                           /usr/lib/libssl.so.1.1.1k
f76f0000-f76f4000 rw-p 00097000 08:04 18627879                           /usr/lib/libssl.so.1.1.1k
f76f4000-f7704000 r-xp 00000000 08:04 18660120                           /usr/lib/libpsl.so.5.3.1
f7704000-f7705000 r--p 0000f000 08:04 18660120                           /usr/lib/libpsl.so.5.3.1
f7705000-f7706000 rw-p 00000000 00:00 0 
f7706000-f7783000 r-xp 00000000 08:04 16994901                           /usr/lib/libssh.so.4.8.7
f7783000-f7784000 ---p 0007d000 08:04 16994901                           /usr/lib/libssh.so.4.8.7
f7784000-f7785000 r--p 0007d000 08:04 16994901                           /usr/lib/libssh.so.4.8.7
f7785000-f7786000 rw-p 0007e000 08:04 16994901                           /usr/lib/libssh.so.4.8.7
f7786000-f77a3000 r-xp 00000000 08:04 17040588                           /usr/lib/libidn2.so.0.3.6
f77a3000-f77a4000 r--p 0001c000 08:04 17040588                           /usr/lib/libidn2.so.0.3.6
f77a4000-f77a5000 rw-p 00000000 00:00 0 
f77a5000-f77cd000 r-xp 00000000 08:04 17191891                           /usr/lib/libnghttp2.so.14.17.0
f77cd000-f77ce000 r--p 00027000 08:04 17191891                           /usr/lib/libnghttp2.so.14.17.0
f77ce000-f77d0000 rw-p 00028000 08:04 17191891                           /usr/lib/libnghttp2.so.14.17.0
f77d0000-f7972000 r-xp 00000000 08:04 16831756                           /usr/lib/libc-2.28.so
f7972000-f7973000 ---p 001a2000 08:04 16831756                           /usr/lib/libc-2.28.so
f7973000-f7975000 r--p 001a2000 08:04 16831756                           /usr/lib/libc-2.28.so
f7975000-f7976000 rw-p 001a4000 08:04 16831756                           /usr/lib/libc-2.28.so
f7976000-f797b000 rw-p 00000000 00:00 0 
f797b000-f7996000 r-xp 00000000 08:04 16985139                           /usr/lib/libgcc_s-8-20210514.so.1
f7996000-f7997000 r--p 0001a000 08:04 16985139                           /usr/lib/libgcc_s-8-20210514.so.1
f7997000-f7998000 rw-p 0001b000 08:04 16985139                           /usr/lib/libgcc_s-8-20210514.so.1
f7998000-f7a68000 r-xp 00000000 08:04 16831760                           /usr/lib/libm-2.28.so
f7a68000-f7a69000 r--p 000cf000 08:04 16831760                           /usr/lib/libm-2.28.so
f7a69000-f7a6a000 rw-p 000d0000 08:04 16831760                           /usr/lib/libm-2.28.so
f7a6a000-f7bf3000 r-xp 00000000 08:04 16985145                           /usr/lib/libstdc++.so.6.0.25
f7bf3000-f7bf4000 ---p 00189000 08:04 16985145                           /usr/lib/libstdc++.so.6.0.25
f7bf4000-f7bfa000 r--p 00189000 08:04 16985145                           /usr/lib/libstdc++.so.6.0.25
f7bfa000-f7bfb000 rw-p 0018f000 08:04 16985145                           /usr/lib/libstdc++.so.6.0.25
f7bfb000-f7bfd000 rw-p 00000000 00:00 0 
f7bfd000-f7c14000 r-xp 00000000 08:04 16963437                           /usr/lib/libz.so.1.2.11
f7c14000-f7c15000 ---p 00017000 08:04 16963437                           /usr/lib/libz.so.1.2.11
f7c15000-f7c16000 r--p 00017000 08:04 16963437                           /usr/lib/libz.so.1.2.11
f7c16000-f7c17000 rw-p 00000000 00:00 0 
f7c17000-f7d94000 r-xp 00000000 08:04 16963397                           /usr/lib/libxml2.so.2.9.7
f7d94000-f7d99000 r--p 0017c000 08:04 16963397                           /usr/lib/libxml2.so.2.9.7
f7d99000-f7d9a000 rw-p 00181000 08:04 16963397                           /usr/lib/libxml2.so.2.9.7
f7d9a000-f7d9b000 rw-p 00000000 00:00 0 
f7d9b000-f7db7000 r-xp 00000000 08:04 16831770                           /usr/lib/libpthread-2.28.so
f7db7000-f7db8000 r--p 0001b000 08:04 16831770                           /usr/lib/libpthread-2.28.so
f7db8000-f7db9000 rw-p 0001c000 08:04 16831770                           /usr/lib/libpthread-2.28.so
f7db9000-f7dbb000 rw-p 00000000 00:00 0 
f7dbb000-f7e2f000 r-xp 00000000 08:04 16818911                           /usr/lib/libpcre.so.1.2.10
f7e2f000-f7e30000 ---p 00074000 08:04 16818911                           /usr/lib/libpcre.so.1.2.10
f7e30000-f7e31000 r--p 00074000 08:04 16818911                           /usr/lib/libpcre.so.1.2.10
f7e31000-f7e32000 rw-p 00075000 08:04 16818911                           /usr/lib/libpcre.so.1.2.10
f7e32000-f7e35000 r-xp 00000000 08:04 16831758                           /usr/lib/libdl-2.28.so
f7e35000-f7e36000 r--p 00002000 08:04 16831758                           /usr/lib/libdl-2.28.so
f7e36000-f7e37000 rw-p 00003000 08:04 16831758                           /usr/lib/libdl-2.28.so
f7e37000-f7ed4000 r-xp 00000000 08:04 16994905                           /usr/lib/libcurl.so.4.5.0
f7ed4000-f7ed6000 r--p 0009c000 08:04 16994905                           /usr/lib/libcurl.so.4.5.0
f7ed6000-f7ed7000 rw-p 0009e000 08:04 16994905                           /usr/lib/libcurl.so.4.5.0
f7ed7000-f7ede000 r--s 00000000 08:04 176632422                          /usr/lib/gconv/gconv-modules.cache
f7ede000-f7ee6000 rw-s 00000000 08:04 151692794                          /tmp/hsperfdata_almalinux/337325 (deleted)
f7ee6000-f7ee7000 ---p 00000000 00:00 0 
f7ee7000-f7ee8000 r--p 00000000 00:00 0 
f7ee8000-f7eea000 rw-p 00000000 00:00 0 
f7eea000-f7eee000 r--p 00000000 00:00 0                                  [vvar]
f7eee000-f7ef0000 r-xp 00000000 00:00 0                                  [vdso]
f7ef0000-f7f1f000 r-xp 00000000 08:04 16831749                           /usr/lib/ld-2.28.so
f7f1f000-f7f20000 ---p 00000000 00:00 0 
f7f20000-f7f21000 r--p 0002f000 08:04 16831749                           /usr/lib/ld-2.28.so
f7f21000-f7f22000 rw-p 00030000 08:04 16831749                           /usr/lib/ld-2.28.so
ff705000-ff706000 rwxp 00000000 00:00 0 
ff80e000-ff8ca000 rw-p 00000000 00:00 0                                  [stack]


VM Arguments:
jvm_args: -Xms128m -Xmx512m -Xss768k -XX:MaxMetaspaceSize=96m -Xrs -XX:-UsePerfData -XX:-AllowUserSignalHandlers -XX:UseSSE=3 -XX+DoEscapeAnalysis -XX:AutoBoxCacheMax:2000 -XX:+OptimizeStringConcat -XX:+OptimizeFill -XX:+EliminateAutoBox -XX:+UseCompressedStrings -XX:+UseCompressedOops -XX:+EliminateLocks -XX:UseFastAccessorMethods -XX:+UseStringCache -XgcPrio:throughput -XXkeepAreaRatio:1 -XXlazyUnlocking -XXcallProfiling -XXcompactRatio:1 
java_command: <unknown>
java_class_path (initial): ../../data/sku.0/sys.server/compiled/game/
Launcher Type: generic

[Global flags]
     intx CICompilerCount                          = 3                                         {product} {ergonomic}
     uint ConcGCThreads                            = 1                                         {product} {ergonomic}
     uint G1ConcRefinementThreads                  = 4                                         {product} {ergonomic}
   size_t G1HeapRegionSize                         = 1048576                                   {product} {ergonomic}
    uintx GCDrainStackTargetSize                   = 64                                        {product} {ergonomic}
   size_t InitialHeapSize                          = 134217728                                 {product} {command line}
   size_t MarkStackSize                            = 32768                                     {product} {ergonomic}
   size_t MaxHeapSize                              = 536870912                                 {product} {command line}
   size_t MaxMetaspaceSize                         = 100663296                                 {product} {command line}
   size_t MaxNewSize                               = 321912832                                 {product} {ergonomic}
   size_t MinHeapDeltaBytes                        = 1048576                                   {product} {ergonomic}
   size_t MinHeapSize                              = 134217728                                 {product} {command line}
    uintx NonNMethodCodeHeapSize                   = 5544422                                {pd product} {ergonomic}
    uintx NonProfiledCodeHeapSize                  = 123056909                              {pd product} {ergonomic}
    uintx ProfiledCodeHeapSize                     = 123056909                              {pd product} {ergonomic}
    uintx ReservedCodeCacheSize                    = 251658240                              {pd product} {ergonomic}
     bool SegmentedCodeCache                       = true                                      {product} {ergonomic}
   size_t SoftMaxHeapSize                          = 536870912                              {manageable} {ergonomic}
   double SweeperThreshold                         = 0.500000                                  {product} {ergonomic}
     intx ThreadStackSize                          = 768                                    {pd product} {command line}
     bool UseG1GC                                  = true                                      {product} {ergonomic}

Logging:
Log output configuration:
 #0: stdout all=off uptime,level,tags
 #1: stderr all=off uptime,level,tags

Environment Variables:
JAVA_HOME=/usr/lib/jvm/zulu-17-x86
PATH=/usr/java/jdk1.7.0_80/bin:/usr/java/jdk1.7.0_80/bin:/usr/java/jdk1.6.0_45/bin:/usr/java/jdk1.6.0_45/bin:/usr/java/jdk1.6.0_45/bin:/home/almalinux/.local/bin:/home/almalinux/bin:/sbin:/bin:/usr/bin:/usr/local/bin:/usr/local/sbin:/usr/sbin:/usr/lib/oracle/18.3/client/bin:/usr/lib/oracle/18.3/client/bin:/usr/lib/jvm/java-11-openjdk/bin:./
LD_LIBRARY_PATH=/usr/lib/jvm/java-17-zulu-openjdk-jdk-x86/lib/server:/usr/lib/jvm/java-17-zulu-openjdk-jdk-x86/lib:/usr/lib/jvm/java-17-zulu-openjdk-jdk-x86/../lib:/usr/lib/jvm/zulu-17-x86/lib/server:/usr/lib/jvm/java-11-openjdk/lib:/usr/lib/jvm/java-11-openjdk/lib/server:./
SHELL=/bin/bash
DISPLAY=:10.0
LANG=en_US.UTF-8
TERM=xterm-256color

Active Locale:
LC_ALL=en_US.UTF-8
LC_COLLATE=en_US.UTF-8
LC_CTYPE=en_US.UTF-8
LC_MESSAGES=en_US.UTF-8
LC_MONETARY=en_US.UTF-8
LC_NUMERIC=en_US.UTF-8
LC_TIME=en_US.UTF-8

Signal Handlers:
   SIGSEGV: crash_handler in libjvm.so, mask=11100100010111111101111111111110, flags=SA_RESTART|SA_SIGINFO, unblocked
    SIGBUS: crash_handler in libjvm.so, mask=11100100010111111101111111111110, flags=SA_RESTART|SA_SIGINFO, unblocked
    SIGFPE: crash_handler in libjvm.so, mask=11100100010111111101111111111110, flags=SA_RESTART|SA_SIGINFO, unblocked
   SIGPIPE: SIG_IGN, mask=00000000000010000000000000000000, flags=SA_RESTART, blocked
  *** Handler was modified!
  *** Expected: javaSignalHandler in libjvm.so, mask=11100100110111111111111111111110, flags=SA_RESTART|SA_SIGINFO
   SIGXFSZ: javaSignalHandler in libjvm.so, mask=11100100010111111101111111111110, flags=SA_RESTART|SA_SIGINFO, blocked
    SIGILL: crash_handler in libjvm.so, mask=11100100010111111101111111111110, flags=SA_RESTART|SA_SIGINFO, unblocked
   SIGUSR2: SR_handler in libjvm.so, mask=00100000000000000000000000000000, flags=SA_RESTART|SA_SIGINFO, blocked
    SIGHUP: UserHandler in libjvm.so, mask=11100100010111111101111111111110, flags=SA_RESTART|SA_SIGINFO, blocked
    SIGINT: UserHandler in libjvm.so, mask=11100100010111111101111111111110, flags=SA_RESTART|SA_SIGINFO, blocked
   SIGTERM: UserHandler in libjvm.so, mask=11100100010111111101111111111110, flags=SA_RESTART|SA_SIGINFO, blocked
   SIGQUIT: UserHandler in libjvm.so, mask=11100100010111111101111111111110, flags=SA_RESTART|SA_SIGINFO, blocked
   SIGTRAP: crash_handler in libjvm.so, mask=11100100010111111101111111111110, flags=SA_RESTART|SA_SIGINFO, unblocked


Periodic native trim disabled


---------------  S Y S T E M  ---------------

OS:
AlmaLinux release 8.10 (Cerulean Leopard)
uname: Linux 4.18.0-553.81.1.el8_10.x86_64 #1 SMP Mon Oct 27 11:29:19 EDT 2025 x86_64
OS uptime: 0 days 5:24 hours
libc: glibc 2.28 NPTL 2.28 
rlimit (soft/hard): STACK 8192k/infinity , CORE 0k/infinity , NPROC 61996/61996 , NOFILE 262144/262144 , AS infinity/infinity , CPU infinity/infinity , DATA infinity/infinity , FSIZE infinity/infinity , MEMLOCK 64k/64k
load average: 41.11 41.96 41.86

/proc/meminfo:
MemTotal:       16014464 kB
MemFree:          139724 kB
MemAvailable:    1485780 kB
Buffers:              20 kB
Cached:          3097324 kB
SwapCached:        10196 kB
Active:          2375784 kB
Inactive:       12952088 kB
Active(anon):    1803400 kB
Inactive(anon): 12125080 kB
Active(file):     572384 kB
Inactive(file):   827008 kB
Unevictable:        6160 kB
Mlocked:               0 kB
SwapTotal:       8388604 kB
SwapFree:        7661288 kB
Dirty:               208 kB
Writeback:             0 kB
AnonPages:      12231056 kB
Mapped:          1118068 kB
Shmem:           1697948 kB
KReclaimable:     123708 kB
Slab:             254792 kB
SReclaimable:     123708 kB
SUnreclaim:       131084 kB
KernelStack:       29536 kB
PageTables:       166432 kB
NFS_Unstable:          0 kB
Bounce:                0 kB
WritebackTmp:          0 kB
CommitLimit:    16395836 kB
Committed_AS:   26831724 kB
VmallocTotal:   34359738367 kB
VmallocUsed:       75396 kB
VmallocChunk:          0 kB
Percpu:             2672 kB
HardwareCorrupted:     0 kB
AnonHugePages:         0 kB
ShmemHugePages:        0 kB
ShmemPmdMapped:        0 kB
FileHugePages:         0 kB
FilePmdMapped:         0 kB
HugePages_Total:       0
HugePages_Free:        0
HugePages_Rsvd:        0
HugePages_Surp:        0
Hugepagesize:       2048 kB
Hugetlb:               0 kB
DirectMap4k:      966508 kB
DirectMap2M:    15417344 kB

/sys/kernel/mm/transparent_hugepage/enabled: always madvise [never]
/sys/kernel/mm/transparent_hugepage/hpage_pmd_size: 2097152
/sys/kernel/mm/transparent_hugepage/defrag (defrag/compaction efforts parameter): always defer defer+madvise [madvise] never

Process Memory:
Virtual Size: 1019056K (peak: 1022660K)
Resident Set Size: 227800K (peak: 243808K) (anon: 209540K, file: 18260K, shmem: 0K)
Swapped out: 0K
C-Heap outstanding allocations: 20794K, retained: 88421K
glibc malloc tunables: (default)

/proc/sys/kernel/threads-max (system-wide limit on the number of threads): 123992
/proc/sys/vm/max_map_count (maximum number of memory map areas a process may have): 1677720
/proc/sys/kernel/pid_max (system-wide limit on number of process identifiers): 4194304

container (cgroup) information:
container_type: cgroupv1
cpu_cpuset_cpus: 0-3
cpu_memory_nodes: 0
active_processor_count: 4
cpu_quota: no quota
cpu_period: 100000
cpu_shares: no shares
memory_limit_in_bytes: unlimited
memory_and_swap_limit_in_bytes: unlimited
memory_soft_limit_in_bytes: unlimited
memory_usage_in_bytes: 14897348 k
memory_max_usage_in_bytes: 14907248 k
kernel_memory_usage_in_bytes: 205584 k
kernel_memory_max_usage_in_bytes: unlimited
kernel_memory_limit_in_bytes: 795756 k
maximum number of tasks: unlimited
current number of tasks: 1137

KVM virtualization detected
Steal ticks since vm start: 906
Steal ticks percentage since vm start:  0.000

CPU: total 4 (initial active 4) (1 cores per cpu, 1 threads per core) family 6 model 60 stepping 1 microcode 0x1, cx8, cmov, fxsr, mmx, sse, sse2, sse3, ssse3, sse4.1, sse4.2, popcnt, lzcnt, tsc, avx, avx2, aes, erms, clmul, bmi1, bmi2, fma, vzeroupper, clflush, hv
CPU Model and flags from /proc/cpuinfo:
model name	: Intel Core Processor (Haswell, no TSX)
flags		: fpu vme de pse tsc msr pae mce cx8 apic sep mtrr pge mca cmov pat pse36 clflush mmx fxsr sse sse2 syscall nx rdtscp lm constant_tsc rep_good nopl xtopology cpuid tsc_known_freq pni pclmulqdq vmx ssse3 fma cx16 pcid sse4_1 sse4_2 x2apic movbe popcnt tsc_deadline_timer aes xsave avx f16c rdrand hypervisor lahf_lm abm cpuid_fault invpcid_single pti tpr_shadow vnmi flexpriority ept vpid ept_ad fsgsbase bmi1 avx2 smep bmi2 erms invpcid xsaveopt arat md_clear

Online cpus: 0-3
Offline cpus: 
BIOS frequency limitation: <Not Available>
Frequency switch latency (ns): <Not Available>
Available cpu frequencies: <Not Available>
Current governor: <Not Available>
Core performance/turbo boost: <Not Available>

Memory: 4k page, physical 16014464k(139724k free), swap 8388604k(7661288k free)
Page Sizes: 4k

vm_info: OpenJDK Server VM (17.0.11+9-LTS) for linux-x86 JRE (17.0.11+9-LTS) (Zulu17.50+19-CA), built on Apr  9 2024 07:14:46 by "zulu_re" with gcc 8.3.0

END.
