#
# A fatal error has been detected by the Java Runtime Environment:
#
#  SIGSEGV (0xb) at pc=0xf78e1618, pid=54255, tid=54255
#
# JRE version: OpenJDK Runtime Environment Zulu17.50+19-CA (17.0.11+9) (build 17.0.11+9-LTS)
# Java VM: OpenJDK Server VM Zulu17.50+19-CA (17.0.11+9-LTS, mixed mode, sharing, tiered, g1 gc, linux-x86)
# Problematic frame:
# C  [libc.so.6+0x84618]  cfree+0x28
#
# Core dump will be written. Default location: Core dumps may be processed with "/usr/lib/systemd/systemd-coredump %P %u %g %s %t %c %h %e" (or dumping to /home/almalinux/swg-returns-nge/exe/linux/core.54255)
#
# If you would like to submit a bug report, please visit:
#   http://www.azul.com/support/
#

---------------  S U M M A R Y ------------

Command Line: -Xms128m -Xmx512m -Xss768k -XX:MaxMetaspaceSize=96m -Xrs -XX:-UsePerfData -XX:-AllowUserSignalHandlers -XX:UseSSE=3 -XX+DoEscapeAnalysis -XX:AutoBoxCacheMax:2000 -XX:+OptimizeStringConcat -XX:+OptimizeFill -XX:+EliminateAutoBox -XX:+UseCompressedStrings -XX:+UseCompressedOops -XX:+EliminateLocks -XX:UseFastAccessorMethods -XX:+UseStringCache -XgcPrio:throughput -XXkeepAreaRatio:1 -XXlazyUnlocking -XXcallProfiling -XXcompactRatio:1 

Host: Intel Core Processor (Haswell, no TSX), 4 cores, 15G, AlmaLinux release 8.10 (Cerulean Leopard)
Time: Thu Jan 29 07:18:35 2026 UTC elapsed time: 24363.236747 seconds (0d 6h 46m 3s)

---------------  T H R E A D  ---------------

Current thread is native thread

Stack: [0xffc2d000,0xffced000],  sp=0xffceb150,  free space=760k
Native frames: (J=compiled Java code, j=interpreted, Vv=VM code, C=native code)
C  [libc.so.6+0x84618]  cfree+0x28


siginfo: si_signo: 11 (SIGSEGV), si_code: 1 (SEGV_MAPERR), si_addr: 0x00000003

Registers:
EAX=0x00000000, EBX=0x00000007, ECX=0xf6f1f84c, EDX=0x0a093da8
ESP=0xffceb150, EBP=0xffceb288, ESI=0xf7a02000, EDI=0x00000000
EIP=0xf78e1618, EFLAGS=0x00210202, CR2=0x0000000000000003


Top of Stack: (sp=0xffceb150)
0xffceb150:   09d17030 00000000 ffceb288 f7b6ef1c
0xffceb160:   09d170c0 f7c85a04 0a093d80 f7b6ef1c
0xffceb170:   00000007 f7b6ef0a f7c85a04 f7b6ef4c
0xffceb180:   09d170c0 f7b6ef0a 0a097b20 085b6163
0xffceb190:   00000007 09d17030 09d16d40 085bb8d1
0xffceb1a0:   09d17030 09d16d40 00000000 085bb89b
0xffceb1b0:   0b52c840 ffceb1d7 ffceb1fc 085c6969
0xffceb1c0:   087d6c00 ffceb1fc ffceb288 084fc53b
0xffceb1d0:   00000014 00010002 00000000 00000000
0xffceb1e0:   01010100 00000001 09aa44c0 00000000
0xffceb1f0:   00000000 00000000 00000000 00000000
0xffceb200:   00000000 00000013 ffceb358 f78926ff
0xffceb210:   f7a0241c 47677753 53656d61 65767265
0xffceb220:   34353a72 00353532 09290100 0a079140
0xffceb230:   08ea0100 08ebc230 08ea5888 f7a0241c
0xffceb240:   00000428 00000420 f7892779 085758fd
0xffceb250:   08ea2a80 09b1ea78 08ea5888 08574f56
0xffceb260:   0929a2c4 0929a2c4 ffceb358 08ea583b
0xffceb270:   0000000c ffceb324 ffceb2a0 f7a02000
0xffceb280:   00000000 08575910 00000000 f787af26
0xffceb290:   00000000 08575910 00000000 f787af26
0xffceb2a0:   0000000c ffceb324 ffceb358 ffceb2c4
0xffceb2b0:   0929a2d0 00000000 ffceb358 f7a02000
0xffceb2c0:   f786a75c f7a02000 00000000 08575910
0xffceb2d0:   00000000 3b73b67a a94b3e6a 00000000
0xffceb2e0:   00000000 00000000 f7f814d0 f787ae30
0xffceb2f0:   084fc260 0929a2c4 0000000c 08575946
0xffceb300:   084fc260 0000000c ffceb324 08ea57f0
0xffceb310:   08ea5850 f7f814d0 ffceb31c f7fae970
0xffceb320:   0000000c ffceb623 ffceb635 ffceb638
0xffceb330:   ffceb64a ffceb64d ffceb658 ffceb67c
0xffceb340:   ffceb68c ffceb6aa ffceb6d8 ffceb6db 

Instructions: (pc=0xf78e1618)
0xf78e1518:   50 8d 96 86 f7 fa ff 8d 86 d0 2f fb ff e8 c6 b7
0xf78e1528:   ff ff 8d b6 00 00 00 00 bb 20 00 00 00 e9 5e fe
0xf78e1538:   ff ff e8 a1 c0 ff ff 89 c5 85 c0 0f 85 68 ff ff
0xf78e1548:   ff 31 d2 8d 44 3b 10 e8 8c c1 ff ff 89 da 89 f9
0xf78e1558:   89 c5 e8 11 f0 ff ff 89 c2 85 c0 75 1b 85 ed 74
0xf78e1568:   17 90 89 fa 89 e8 e8 bd c5 ff ff 89 da 89 f9 89
0xf78e1578:   c5 e8 f2 ef ff ff 89 c2 85 ed 0f 84 57 ff ff ff
0xf78e1588:   e9 39 ff ff ff 8d 86 b8 31 fb ff 83 ec 0c b9 25
0xf78e1598:   0d 00 00 50 8d 96 86 f7 fa ff 8d 86 74 2f fb ff
0xf78e15a8:   e8 43 b7 ff ff 8d 76 00 f3 0f 1e fb e8 0a 9a f9
0xf78e15b8:   ff 05 47 0a 12 00 56 53 83 ec 04 8b 5c 24 10 8b
0xf78e15c8:   74 24 14 8b 80 50 ff ff ff c7 00 00 00 00 00 e8
0xf78e15d8:   54 bb ff ff 8b 4c 24 0c 83 c4 04 89 f2 89 d8 5b
0xf78e15e8:   5e e9 42 fd ff ff 66 90 f3 0f 1e fb 56 e8 9a 9b
0xf78e15f8:   f9 ff 81 c6 06 0a 12 00 53 83 ec 14 8b 5c 24 20
0xf78e1608:   8b 86 5c ff ff ff 8b 00 85 c0 75 6c 85 db 74 75
0xf78e1618:   8b 4b fc 8d 53 f8 f6 c1 02 75 35 8b 86 70 fe ff
0xf78e1628:   ff 65 8b 00 85 c0 0f 84 8c 00 00 00 83 e1 04 8d
0xf78e1638:   86 60 07 00 00 74 09 89 d0 25 00 00 f0 ff 8b 00
0xf78e1648:   83 c4 14 31 c9 5b 5e e9 8c cb ff ff 8d 74 26 00
0xf78e1658:   8b 9e 60 01 00 00 85 db 75 10 3b 8e 48 01 00 00
0xf78e1668:   76 08 81 f9 00 00 08 00 76 26 83 c4 14 89 d0 5b
0xf78e1678:   5e e9 92 b8 ff ff 66 90 83 ec 08 ff 74 24 24 53
0xf78e1688:   ff d0 83 c4 10 83 c4 14 5b 5e c3 8d 74 26 00 90
0xf78e1698:   39 96 80 1d 00 00 77 08 39 96 7c 1d 00 00 77 ca
0xf78e16a8:   83 e1 f8 8d 04 09 89 8e 48 01 00 00 89 86 40 01
0xf78e16b8:   00 00 90 eb b5 8d 76 00 8b 86 74 fe ff ff 65 80
0xf78e16c8:   38 00 0f 85 64 ff ff ff 89 54 24 0c e8 97 ed ff
0xf78e16d8:   ff 8b 4b fc 8b 54 24 0c e9 4f ff ff ff 8d b4 26
0xf78e16e8:   00 00 00 00 8d 74 26 00 f3 0f 1e fb 55 57 56 e8
0xf78e16f8:   98 9a f9 ff 81 c6 04 09 12 00 53 83 ec 0c 8b 86
0xf78e1708:   70 fe ff ff 8b 96 74 fe ff ff 65 8b 28 65 c6 02 



---------------  P R O C E S S  ---------------

VM state: at safepoint (shutting down)

VM Mutex/Monitor currently owned by a thread:  ([mutex/lock_event])
[0xf5e21d30] Threads_lock - owner thread: 0xc4294cf0

GC Precious Log:
<Skipped>

Heap:
 garbage-first heap   total 131072K, used 43281K [0xc5c00000, 0xe5c00000)
  region size 1024K, 35 young (35840K), 7 survivors (7168K)
 Metaspace       used 5147K, committed 5568K, reserved 16384K

Heap Regions: E=young(eden), S=young(survivor), O=old, HS=humongous(starts), HC=humongous(continues), CS=collection set, F=free, OA=open archive, CA=closed archive, TAMS=top-at-mark-start (previous, next)
|   0|0xc5c00000, 0xc5d00000, 0xc5d00000|100%| O|  |TAMS 0xc5c00000, 0xc5c00000| Untracked 
|   1|0xc5d00000, 0xc5e00000, 0xc5e00000|100%| O|  |TAMS 0xc5d00000, 0xc5d00000| Untracked 
|   2|0xc5e00000, 0xc5f00000, 0xc5f00000|100%| O|  |TAMS 0xc5e00000, 0xc5e00000| Untracked 
|   3|0xc5f00000, 0xc6000000, 0xc6000000|100%| O|  |TAMS 0xc5f00000, 0xc5f00000| Untracked 
|   4|0xc6000000, 0xc6100000, 0xc6100000|100%| O|  |TAMS 0xc6000000, 0xc6000000| Untracked 
|   5|0xc6100000, 0xc6200000, 0xc6200000|100%| O|  |TAMS 0xc6100000, 0xc6100000| Untracked 
|   6|0xc6200000, 0xc6300000, 0xc6300000|100%| O|  |TAMS 0xc6200000, 0xc6200000| Untracked 
|   7|0xc6300000, 0xc6400000, 0xc6400000|100%| O|  |TAMS 0xc6300000, 0xc6300000| Untracked 
|   8|0xc6400000, 0xc6478000, 0xc6500000| 46%| O|  |TAMS 0xc6400000, 0xc6400000| Untracked 
|   9|0xc6500000, 0xc6500000, 0xc6600000|  0%| F|  |TAMS 0xc6500000, 0xc6500000| Untracked 
|  10|0xc6600000, 0xc6600000, 0xc6700000|  0%| F|  |TAMS 0xc6600000, 0xc6600000| Untracked 
|  11|0xc6700000, 0xc6700000, 0xc6800000|  0%| F|  |TAMS 0xc6700000, 0xc6700000| Untracked 
|  12|0xc6800000, 0xc6800000, 0xc6900000|  0%| F|  |TAMS 0xc6800000, 0xc6800000| Untracked 
|  13|0xc6900000, 0xc6900000, 0xc6a00000|  0%| F|  |TAMS 0xc6900000, 0xc6900000| Untracked 
|  14|0xc6a00000, 0xc6a00000, 0xc6b00000|  0%| F|  |TAMS 0xc6a00000, 0xc6a00000| Untracked 
|  15|0xc6b00000, 0xc6b00000, 0xc6c00000|  0%| F|  |TAMS 0xc6b00000, 0xc6b00000| Untracked 
|  16|0xc6c00000, 0xc6c00000, 0xc6d00000|  0%| F|  |TAMS 0xc6c00000, 0xc6c00000| Untracked 
|  17|0xc6d00000, 0xc6d00000, 0xc6e00000|  0%| F|  |TAMS 0xc6d00000, 0xc6d00000| Untracked 
|  18|0xc6e00000, 0xc6e00000, 0xc6f00000|  0%| F|  |TAMS 0xc6e00000, 0xc6e00000| Untracked 
|  19|0xc6f00000, 0xc6f00000, 0xc7000000|  0%| F|  |TAMS 0xc6f00000, 0xc6f00000| Untracked 
|  20|0xc7000000, 0xc7000000, 0xc7100000|  0%| F|  |TAMS 0xc7000000, 0xc7000000| Untracked 
|  21|0xc7100000, 0xc7100000, 0xc7200000|  0%| F|  |TAMS 0xc7100000, 0xc7100000| Untracked 
|  22|0xc7200000, 0xc7200000, 0xc7300000|  0%| F|  |TAMS 0xc7200000, 0xc7200000| Untracked 
|  23|0xc7300000, 0xc7300000, 0xc7400000|  0%| F|  |TAMS 0xc7300000, 0xc7300000| Untracked 
|  24|0xc7400000, 0xc7400000, 0xc7500000|  0%| F|  |TAMS 0xc7400000, 0xc7400000| Untracked 
|  25|0xc7500000, 0xc7500000, 0xc7600000|  0%| F|  |TAMS 0xc7500000, 0xc7500000| Untracked 
|  26|0xc7600000, 0xc7600000, 0xc7700000|  0%| F|  |TAMS 0xc7600000, 0xc7600000| Untracked 
|  27|0xc7700000, 0xc7700000, 0xc7800000|  0%| F|  |TAMS 0xc7700000, 0xc7700000| Untracked 
|  28|0xc7800000, 0xc7800000, 0xc7900000|  0%| F|  |TAMS 0xc7800000, 0xc7800000| Untracked 
|  29|0xc7900000, 0xc7900000, 0xc7a00000|  0%| F|  |TAMS 0xc7900000, 0xc7900000| Untracked 
|  30|0xc7a00000, 0xc7a00000, 0xc7b00000|  0%| F|  |TAMS 0xc7a00000, 0xc7a00000| Untracked 
|  31|0xc7b00000, 0xc7b00000, 0xc7c00000|  0%| F|  |TAMS 0xc7b00000, 0xc7b00000| Untracked 
|  32|0xc7c00000, 0xc7c00000, 0xc7d00000|  0%| F|  |TAMS 0xc7c00000, 0xc7c00000| Untracked 
|  33|0xc7d00000, 0xc7d00000, 0xc7e00000|  0%| F|  |TAMS 0xc7d00000, 0xc7d00000| Untracked 
|  34|0xc7e00000, 0xc7e00000, 0xc7f00000|  0%| F|  |TAMS 0xc7e00000, 0xc7e00000| Untracked 
|  35|0xc7f00000, 0xc7f00000, 0xc8000000|  0%| F|  |TAMS 0xc7f00000, 0xc7f00000| Untracked 
|  36|0xc8000000, 0xc8000000, 0xc8100000|  0%| F|  |TAMS 0xc8000000, 0xc8000000| Untracked 
|  37|0xc8100000, 0xc8100000, 0xc8200000|  0%| F|  |TAMS 0xc8100000, 0xc8100000| Untracked 
|  38|0xc8200000, 0xc8200000, 0xc8300000|  0%| F|  |TAMS 0xc8200000, 0xc8200000| Untracked 
|  39|0xc8300000, 0xc8300000, 0xc8400000|  0%| F|  |TAMS 0xc8300000, 0xc8300000| Untracked 
|  40|0xc8400000, 0xc8400000, 0xc8500000|  0%| F|  |TAMS 0xc8400000, 0xc8400000| Untracked 
|  41|0xc8500000, 0xc8500000, 0xc8600000|  0%| F|  |TAMS 0xc8500000, 0xc8500000| Untracked 
|  42|0xc8600000, 0xc8600000, 0xc8700000|  0%| F|  |TAMS 0xc8600000, 0xc8600000| Untracked 
|  43|0xc8700000, 0xc8700000, 0xc8800000|  0%| F|  |TAMS 0xc8700000, 0xc8700000| Untracked 
|  44|0xc8800000, 0xc8800000, 0xc8900000|  0%| F|  |TAMS 0xc8800000, 0xc8800000| Untracked 
|  45|0xc8900000, 0xc89cbc28, 0xc8a00000| 79%| S|CS|TAMS 0xc8900000, 0xc8900000| Complete 
|  46|0xc8a00000, 0xc8b00000, 0xc8b00000|100%| S|CS|TAMS 0xc8a00000, 0xc8a00000| Complete 
|  47|0xc8b00000, 0xc8c00000, 0xc8c00000|100%| S|CS|TAMS 0xc8b00000, 0xc8b00000| Complete 
|  48|0xc8c00000, 0xc8d00000, 0xc8d00000|100%| S|CS|TAMS 0xc8c00000, 0xc8c00000| Complete 
|  49|0xc8d00000, 0xc8e00000, 0xc8e00000|100%| S|CS|TAMS 0xc8d00000, 0xc8d00000| Complete 
|  50|0xc8e00000, 0xc8f00000, 0xc8f00000|100%| S|CS|TAMS 0xc8e00000, 0xc8e00000| Complete 
|  51|0xc8f00000, 0xc9000000, 0xc9000000|100%| S|CS|TAMS 0xc8f00000, 0xc8f00000| Complete 
|  52|0xc9000000, 0xc9000000, 0xc9100000|  0%| F|  |TAMS 0xc9000000, 0xc9000000| Untracked 
|  53|0xc9100000, 0xc9100000, 0xc9200000|  0%| F|  |TAMS 0xc9100000, 0xc9100000| Untracked 
|  54|0xc9200000, 0xc9200000, 0xc9300000|  0%| F|  |TAMS 0xc9200000, 0xc9200000| Untracked 
|  55|0xc9300000, 0xc9300000, 0xc9400000|  0%| F|  |TAMS 0xc9300000, 0xc9300000| Untracked 
|  56|0xc9400000, 0xc9400000, 0xc9500000|  0%| F|  |TAMS 0xc9400000, 0xc9400000| Untracked 
|  57|0xc9500000, 0xc9500000, 0xc9600000|  0%| F|  |TAMS 0xc9500000, 0xc9500000| Untracked 
|  58|0xc9600000, 0xc9600000, 0xc9700000|  0%| F|  |TAMS 0xc9600000, 0xc9600000| Untracked 
|  59|0xc9700000, 0xc9700000, 0xc9800000|  0%| F|  |TAMS 0xc9700000, 0xc9700000| Untracked 
|  60|0xc9800000, 0xc9800000, 0xc9900000|  0%| F|  |TAMS 0xc9800000, 0xc9800000| Untracked 
|  61|0xc9900000, 0xc9900000, 0xc9a00000|  0%| F|  |TAMS 0xc9900000, 0xc9900000| Untracked 
|  62|0xc9a00000, 0xc9a00000, 0xc9b00000|  0%| F|  |TAMS 0xc9a00000, 0xc9a00000| Untracked 
|  63|0xc9b00000, 0xc9b00000, 0xc9c00000|  0%| F|  |TAMS 0xc9b00000, 0xc9b00000| Untracked 
|  64|0xc9c00000, 0xc9c00000, 0xc9d00000|  0%| F|  |TAMS 0xc9c00000, 0xc9c00000| Untracked 
|  65|0xc9d00000, 0xc9d00000, 0xc9e00000|  0%| F|  |TAMS 0xc9d00000, 0xc9d00000| Untracked 
|  66|0xc9e00000, 0xc9e00000, 0xc9f00000|  0%| F|  |TAMS 0xc9e00000, 0xc9e00000| Untracked 
|  67|0xc9f00000, 0xc9f00000, 0xca000000|  0%| F|  |TAMS 0xc9f00000, 0xc9f00000| Untracked 
|  68|0xca000000, 0xca000000, 0xca100000|  0%| F|  |TAMS 0xca000000, 0xca000000| Untracked 
|  69|0xca100000, 0xca100000, 0xca200000|  0%| F|  |TAMS 0xca100000, 0xca100000| Untracked 
|  70|0xca200000, 0xca200000, 0xca300000|  0%| F|  |TAMS 0xca200000, 0xca200000| Untracked 
|  71|0xca300000, 0xca300000, 0xca400000|  0%| F|  |TAMS 0xca300000, 0xca300000| Untracked 
|  72|0xca400000, 0xca400000, 0xca500000|  0%| F|  |TAMS 0xca400000, 0xca400000| Untracked 
|  73|0xca500000, 0xca500000, 0xca600000|  0%| F|  |TAMS 0xca500000, 0xca500000| Untracked 
|  74|0xca600000, 0xca600000, 0xca700000|  0%| F|  |TAMS 0xca600000, 0xca600000| Untracked 
|  75|0xca700000, 0xca700000, 0xca800000|  0%| F|  |TAMS 0xca700000, 0xca700000| Untracked 
|  76|0xca800000, 0xca800000, 0xca900000|  0%| F|  |TAMS 0xca800000, 0xca800000| Untracked 
|  77|0xca900000, 0xca900000, 0xcaa00000|  0%| F|  |TAMS 0xca900000, 0xca900000| Untracked 
|  78|0xcaa00000, 0xcaa00000, 0xcab00000|  0%| F|  |TAMS 0xcaa00000, 0xcaa00000| Untracked 
|  79|0xcab00000, 0xcab00000, 0xcac00000|  0%| F|  |TAMS 0xcab00000, 0xcab00000| Untracked 
|  80|0xcac00000, 0xcac00000, 0xcad00000|  0%| F|  |TAMS 0xcac00000, 0xcac00000| Untracked 
|  81|0xcad00000, 0xcad00000, 0xcae00000|  0%| F|  |TAMS 0xcad00000, 0xcad00000| Untracked 
|  82|0xcae00000, 0xcae00000, 0xcaf00000|  0%| F|  |TAMS 0xcae00000, 0xcae00000| Untracked 
|  83|0xcaf00000, 0xcaf00000, 0xcb000000|  0%| F|  |TAMS 0xcaf00000, 0xcaf00000| Untracked 
|  84|0xcb000000, 0xcb000000, 0xcb100000|  0%| F|  |TAMS 0xcb000000, 0xcb000000| Untracked 
|  85|0xcb100000, 0xcb100000, 0xcb200000|  0%| F|  |TAMS 0xcb100000, 0xcb100000| Untracked 
|  86|0xcb200000, 0xcb200000, 0xcb300000|  0%| F|  |TAMS 0xcb200000, 0xcb200000| Untracked 
|  87|0xcb300000, 0xcb300000, 0xcb400000|  0%| F|  |TAMS 0xcb300000, 0xcb300000| Untracked 
|  88|0xcb400000, 0xcb400000, 0xcb500000|  0%| F|  |TAMS 0xcb400000, 0xcb400000| Untracked 
|  89|0xcb500000, 0xcb500000, 0xcb600000|  0%| F|  |TAMS 0xcb500000, 0xcb500000| Untracked 
|  90|0xcb600000, 0xcb600000, 0xcb700000|  0%| F|  |TAMS 0xcb600000, 0xcb600000| Untracked 
|  91|0xcb700000, 0xcb700000, 0xcb800000|  0%| F|  |TAMS 0xcb700000, 0xcb700000| Untracked 
|  92|0xcb800000, 0xcb800000, 0xcb900000|  0%| F|  |TAMS 0xcb800000, 0xcb800000| Untracked 
|  93|0xcb900000, 0xcb900000, 0xcba00000|  0%| F|  |TAMS 0xcb900000, 0xcb900000| Untracked 
|  94|0xcba00000, 0xcba00000, 0xcbb00000|  0%| F|  |TAMS 0xcba00000, 0xcba00000| Untracked 
|  95|0xcbb00000, 0xcbb00000, 0xcbc00000|  0%| F|  |TAMS 0xcbb00000, 0xcbb00000| Untracked 
|  96|0xcbc00000, 0xcbc00000, 0xcbd00000|  0%| F|  |TAMS 0xcbc00000, 0xcbc00000| Untracked 
|  97|0xcbd00000, 0xcbd00000, 0xcbe00000|  0%| F|  |TAMS 0xcbd00000, 0xcbd00000| Untracked 
|  98|0xcbe00000, 0xcbe00000, 0xcbf00000|  0%| F|  |TAMS 0xcbe00000, 0xcbe00000| Untracked 
|  99|0xcbf00000, 0xcbf00000, 0xcc000000|  0%| F|  |TAMS 0xcbf00000, 0xcbf00000| Untracked 
| 100|0xcc000000, 0xcc000800, 0xcc100000|  0%| E|  |TAMS 0xcc000000, 0xcc000000| Complete 
| 101|0xcc100000, 0xcc200000, 0xcc200000|100%| E|CS|TAMS 0xcc100000, 0xcc100000| Complete 
| 102|0xcc200000, 0xcc300000, 0xcc300000|100%| E|CS|TAMS 0xcc200000, 0xcc200000| Complete 
| 103|0xcc300000, 0xcc400000, 0xcc400000|100%| E|CS|TAMS 0xcc300000, 0xcc300000| Complete 
| 104|0xcc400000, 0xcc500000, 0xcc500000|100%| E|CS|TAMS 0xcc400000, 0xcc400000| Complete 
| 105|0xcc500000, 0xcc600000, 0xcc600000|100%| E|CS|TAMS 0xcc500000, 0xcc500000| Complete 
| 106|0xcc600000, 0xcc700000, 0xcc700000|100%| E|CS|TAMS 0xcc600000, 0xcc600000| Complete 
| 107|0xcc700000, 0xcc800000, 0xcc800000|100%| E|CS|TAMS 0xcc700000, 0xcc700000| Complete 
| 108|0xcc800000, 0xcc900000, 0xcc900000|100%| E|CS|TAMS 0xcc800000, 0xcc800000| Complete 
| 109|0xcc900000, 0xcca00000, 0xcca00000|100%| E|CS|TAMS 0xcc900000, 0xcc900000| Complete 
| 110|0xcca00000, 0xccb00000, 0xccb00000|100%| E|CS|TAMS 0xcca00000, 0xcca00000| Complete 
| 111|0xccb00000, 0xccc00000, 0xccc00000|100%| E|CS|TAMS 0xccb00000, 0xccb00000| Complete 
| 112|0xccc00000, 0xccd00000, 0xccd00000|100%| E|CS|TAMS 0xccc00000, 0xccc00000| Complete 
| 113|0xccd00000, 0xcce00000, 0xcce00000|100%| E|CS|TAMS 0xccd00000, 0xccd00000| Complete 
| 114|0xcce00000, 0xccf00000, 0xccf00000|100%| E|CS|TAMS 0xcce00000, 0xcce00000| Complete 
| 115|0xccf00000, 0xcd000000, 0xcd000000|100%| E|CS|TAMS 0xccf00000, 0xccf00000| Complete 
| 116|0xcd000000, 0xcd100000, 0xcd100000|100%| E|CS|TAMS 0xcd000000, 0xcd000000| Complete 
| 117|0xcd100000, 0xcd200000, 0xcd200000|100%| E|CS|TAMS 0xcd100000, 0xcd100000| Complete 
| 118|0xcd200000, 0xcd300000, 0xcd300000|100%| E|CS|TAMS 0xcd200000, 0xcd200000| Complete 
| 119|0xcd300000, 0xcd400000, 0xcd400000|100%| E|CS|TAMS 0xcd300000, 0xcd300000| Complete 
| 120|0xcd400000, 0xcd500000, 0xcd500000|100%| E|CS|TAMS 0xcd400000, 0xcd400000| Complete 
| 121|0xcd500000, 0xcd600000, 0xcd600000|100%| E|CS|TAMS 0xcd500000, 0xcd500000| Complete 
| 122|0xcd600000, 0xcd700000, 0xcd700000|100%| E|CS|TAMS 0xcd600000, 0xcd600000| Complete 
| 123|0xcd700000, 0xcd800000, 0xcd800000|100%| E|CS|TAMS 0xcd700000, 0xcd700000| Complete 
| 124|0xcd800000, 0xcd900000, 0xcd900000|100%| E|CS|TAMS 0xcd800000, 0xcd800000| Complete 
| 125|0xcd900000, 0xcda00000, 0xcda00000|100%| E|CS|TAMS 0xcd900000, 0xcd900000| Complete 
| 126|0xcda00000, 0xcdb00000, 0xcdb00000|100%| E|CS|TAMS 0xcda00000, 0xcda00000| Complete 
| 127|0xcdb00000, 0xcdc00000, 0xcdc00000|100%| E|CS|TAMS 0xcdb00000, 0xcdb00000| Complete 

Card table byte_map: [0xc5a00000,0xc5b00000] _byte_map_base: 0xc53d2000

Marking Bits (Prev, Next): (CMBitMap*) 0xf5e8b528, (CMBitMap*) 0xf5e8b548
 Prev Bits: [0xc5100000, 0xc5900000)
 Next Bits: [0xc4900000, 0xc5100000)

Polling page: 0xf7f73000

Metaspace:

Usage:
    5.03 MB used.

Virtual space:
     16.00 MB reserved,       5.44 MB ( 34%) committed,  1 nodes.

Chunk freelists:
8.10 MB

MaxMetaspaceSize: 96.00 MB
No class space
Initial GC threshold: 16.00 MB
Current GC threshold: 16.00 MB
CDS: on
MetaspaceReclaimPolicy: balanced
 - commit_granule_bytes: 65536.
 - commit_granule_words: 16384.
 - virtual_space_node_default_size: 4194304.
 - enlarge_chunks_in_place: 1.
 - new_chunks_are_fully_committed: 0.
 - uncommit_free_chunks: 1.
 - use_allocation_guard: 0.
 - handle_deallocations: 1.


Internal statistics:

num_allocs_failed_limit: 0.
num_arena_births: 264.
num_arena_deaths: 0.
num_vsnodes_births: 1.
num_vsnodes_deaths: 0.
num_space_committed: 87.
num_space_uncommitted: 0.
num_chunks_returned_to_freelist: 0.
num_chunks_taken_from_freelist: 497.
num_chunk_merges: 0.
num_chunk_splits: 371.
num_chunks_enlarged: 301.
num_inconsistent_stats: 0.

CodeHeap 'non-profiled nmethods': size=120172Kb used=1313Kb max_used=1313Kb free=118859Kb
 bounds [0xed7f5000, 0xeda35000, 0xf4d50000]
CodeHeap 'profiled nmethods': size=120172Kb used=2933Kb max_used=2933Kb free=117238Kb
 bounds [0xe5d50000, 0xe6030000, 0xed2ab000]
CodeHeap 'non-nmethods': size=5416Kb used=738Kb max_used=800Kb free=4677Kb
 bounds [0xed2ab000, 0xed4eb000, 0xed7f5000]
 total_blobs=2063 nmethods=1714 adapters=263
 compilation: enabled
              stopped_count=0, restarted_count=0
 full_count=0

Compilation events (20 events):
Event: 13380.928 Thread 0xc429f450 1709       4       java.util.Arrays::rangeCheck (74 bytes)
Event: 13380.929 Thread 0xc429f450 nmethod 1709 0xed935c88 code [0xed935da0, 0xed935e50]
Event: 13606.936 Thread 0xc429f450 1710       4       java.io.ObjectStreamClass::initNonProxy (628 bytes)
Event: 13607.255 Thread 0xc429f450 nmethod 1710 0xed935f88 code [0xed936200, 0xed938ac4]
Event: 15035.872 Thread 0xc429f450 1712       4       java.io.ObjectOutputStream$HandleTable::<init> (45 bytes)
Event: 15035.916 Thread 0xc429f450 nmethod 1712 0xed939e88 code [0xed939fc0, 0xed93a830]
Event: 15879.865 Thread 0xc429f450 1713       4       java.io.ObjectStreamClass::getVariantFor (51 bytes)
Event: 15879.866 Thread 0xc429f450 nmethod 1713 0xed93aa88 code [0xed93aba0, 0xed93ac30]
Event: 17850.012 Thread 0xc429f450 1714       4       java.util.HashMap::getNode (150 bytes)
Event: 17850.018 Thread 0xc429f450 nmethod 1714 0xed93ad88 code [0xed93aee0, 0xed93b1b0]
Event: 18739.831 Thread 0xc429f450 1715       4       java.util.ArrayList::set (24 bytes)
Event: 18739.833 Thread 0xc429f450 nmethod 1715 0xed93b408 code [0xed93b520, 0xed93b6f0]
Event: 22125.982 Thread 0xc429f450 1716       4       java.io.ObjectOutputStream$BlockDataOutputStream::writeInt (46 bytes)
Event: 22125.986 Thread 0xc429f450 nmethod 1716 0xed93b808 code [0xed93b920, 0xed93ba70]
Event: 23307.887 Thread 0xc429f450 1717       4       java.util.ArrayList::toArray (57 bytes)
Event: 23307.891 Thread 0xc429f450 nmethod 1717 0xed93bb88 code [0xed93bcc0, 0xed93c0b0]
Event: 23317.933 Thread 0xc429f450 1718       4       java.util.Collections::reverse (125 bytes)
Event: 23317.942 Thread 0xc429f450 nmethod 1718 0xed93c288 code [0xed93c3c0, 0xed93c910]
Event: 23673.856 Thread 0xc429f450 1719       4       java.util.ArrayList::toArray (57 bytes)
Event: 23673.862 Thread 0xc429f450 nmethod 1719 0xed93cd08 code [0xed93ce40, 0xed93d250]

GC Heap History (8 events):
Event: 143.697 GC heap before
{Heap before GC invocations=0 (full 0):
 garbage-first heap   total 131072K, used 12288K [0xc5c00000, 0xe5c00000)
  region size 1024K, 13 young (13312K), 0 survivors (0K)
 Metaspace       used 2385K, committed 2560K, reserved 16384K
}
Event: 143.762 GC heap after
{Heap after GC invocations=1 (full 0):
 garbage-first heap   total 131072K, used 1977K [0xc5c00000, 0xe5c00000)
  region size 1024K, 2 young (2048K), 2 survivors (2048K)
 Metaspace       used 2385K, committed 2560K, reserved 16384K
}
Event: 294.674 GC heap before
{Heap before GC invocations=1 (full 0):
 garbage-first heap   total 131072K, used 19385K [0xc5c00000, 0xe5c00000)
  region size 1024K, 19 young (19456K), 2 survivors (2048K)
 Metaspace       used 4300K, committed 4608K, reserved 16384K
}
Event: 294.700 GC heap after
{Heap after GC invocations=2 (full 0):
 garbage-first heap   total 131072K, used 3648K [0xc5c00000, 0xe5c00000)
  region size 1024K, 2 young (2048K), 2 survivors (2048K)
 Metaspace       used 4300K, committed 4608K, reserved 16384K
}
Event: 371.147 GC heap before
{Heap before GC invocations=2 (full 0):
 garbage-first heap   total 131072K, used 57920K [0xc5c00000, 0xe5c00000)
  region size 1024K, 55 young (56320K), 2 survivors (2048K)
 Metaspace       used 5102K, committed 5568K, reserved 16384K
}
Event: 371.199 GC heap after
{Heap after GC invocations=3 (full 0):
 garbage-first heap   total 131072K, used 8905K [0xc5c00000, 0xe5c00000)
  region size 1024K, 7 young (7168K), 7 survivors (7168K)
 Metaspace       used 5102K, committed 5568K, reserved 16384K
}
Event: 8384.864 GC heap before
{Heap before GC invocations=3 (full 0):
 garbage-first heap   total 131072K, used 79561K [0xc5c00000, 0xe5c00000)
  region size 1024K, 76 young (77824K), 7 survivors (7168K)
 Metaspace       used 5144K, committed 5568K, reserved 16384K
}
Event: 8384.919 GC heap after
{Heap after GC invocations=4 (full 0):
 garbage-first heap   total 131072K, used 15631K [0xc5c00000, 0xe5c00000)
  region size 1024K, 7 young (7168K), 7 survivors (7168K)
 Metaspace       used 5144K, committed 5568K, reserved 16384K
}

Dll operation events (4 events):
Event: 0.003 Loaded shared library /usr/lib/jvm/java-17-zulu-openjdk-jdk-x86/lib/libjava.so
Event: 52.215 Loaded shared library /usr/lib/jvm/java-17-zulu-openjdk-jdk-x86/lib/libnio.so
Event: 52.216 Loaded shared library /usr/lib/jvm/java-17-zulu-openjdk-jdk-x86/lib/libjimage.so
Event: 52.221 Loaded shared library /usr/lib/jvm/java-17-zulu-openjdk-jdk-x86/lib/libnet.so

Deoptimization events (20 events):
Event: 440.846 Thread 0x0b3a2820 DEOPT PACKING pc=0xed90d440 sp=0xffce9b40
Event: 440.846 Thread 0x0b3a2820 DEOPT UNPACKING pc=0xed2f4d33 sp=0xffce9b28 mode 2
Event: 440.846 Thread 0x0b3a2820 Uncommon trap: trap_request=0xffffffde fr.pc=0xed90d754 relative=0x000014f4
Event: 440.846 Thread 0x0b3a2820 Uncommon trap: reason=class_check action=maybe_recompile pc=0xed90d754 method=java.lang.reflect.Array.newInstance(Ljava/lang/Class;I)Ljava/lang/Object; @ 2 c2
Event: 440.846 Thread 0x0b3a2820 DEOPT PACKING pc=0xed90d754 sp=0xffce9b40
Event: 440.846 Thread 0x0b3a2820 DEOPT UNPACKING pc=0xed2f4d33 sp=0xffce9af8 mode 2
Event: 440.846 Thread 0x0b3a2820 Uncommon trap: trap_request=0xffffffd6 fr.pc=0xed90d440 relative=0x000011e0
Event: 440.846 Thread 0x0b3a2820 Uncommon trap: reason=array_check action=maybe_recompile pc=0xed90d440 method=java.io.ObjectInputStream.readArray(Z)Ljava/lang/Object; @ 392 c2
Event: 440.846 Thread 0x0b3a2820 DEOPT PACKING pc=0xed90d440 sp=0xffce9b40
Event: 440.846 Thread 0x0b3a2820 DEOPT UNPACKING pc=0xed2f4d33 sp=0xffce9b28 mode 2
Event: 440.846 Thread 0x0b3a2820 Uncommon trap: trap_request=0xffffffd6 fr.pc=0xed90d440 relative=0x000011e0
Event: 440.846 Thread 0x0b3a2820 Uncommon trap: reason=array_check action=maybe_recompile pc=0xed90d440 method=java.io.ObjectInputStream.readArray(Z)Ljava/lang/Object; @ 392 c2
Event: 440.846 Thread 0x0b3a2820 DEOPT PACKING pc=0xed90d440 sp=0xffce9b40
Event: 440.846 Thread 0x0b3a2820 DEOPT UNPACKING pc=0xed2f4d33 sp=0xffce9b28 mode 2
Event: 1192.003 Thread 0x0b3a2820 DEOPT PACKING pc=0xe6020f88 sp=0xffce9b50
Event: 1192.003 Thread 0x0b3a2820 DEOPT UNPACKING pc=0xed2f4171 sp=0xffce9a00 mode 0
Event: 23308.816 Thread 0x0b3a2820 Uncommon trap: trap_request=0xffffffcc fr.pc=0xed93bdc0 relative=0x00000100
Event: 23308.816 Thread 0x0b3a2820 Uncommon trap: reason=intrinsic action=make_not_entrant pc=0xed93bdc0 method=java.util.ArrayList.toArray([Ljava/lang/Object;)[Ljava/lang/Object; @ 36 c2
Event: 23308.816 Thread 0x0b3a2820 DEOPT PACKING pc=0xed93bdc0 sp=0xffce9a90
Event: 23308.816 Thread 0x0b3a2820 DEOPT UNPACKING pc=0xed2f4d33 sp=0xffce9a64 mode 2

Classes unloaded (0 events):
No events

Classes redefined (0 events):
No events

Internal exceptions (10 events):
Event: 52.236 Thread 0x0b3a2820 Exception <a 'java/lang/NoSuchMethodError'{0xcd40b760}: 'java.lang.Object java.lang.invoke.DirectMethodHandle$Holder.invokeStaticInit(java.lang.Object)'> (0xcd40b760) 
thrown [src/hotspot/share/interpreter/linkResolver.cpp, line 759]
Event: 88.658 Thread 0x0b3a2820 Exception <a 'java/lang/NoSuchMethodError'{0xcd19abb8}: 'java.lang.Object java.lang.invoke.DirectMethodHandle$Holder.invokeStatic(java.lang.Object, float)'> (0xcd19abb8) 
thrown [src/hotspot/share/interpreter/linkResolver.cpp, line 759]
Event: 143.796 Thread 0x0b3a2820 Exception <a 'java/lang/NoSuchMethodError'{0xcdb645d0}: 'java.lang.Object java.lang.invoke.DirectMethodHandle$Holder.invokeSpecial(java.lang.Object, java.lang.Object, java.lang.Object, java.lang.Object, java.lang.Object, java.lang.Object, int)'> (0xcdb645d0) 
thrown [src/hotspot/share/interpreter/linkResolver.cpp, line 759]
Event: 203.719 Thread 0x0b3a2820 Exception <a 'java/lang/NoSuchMethodError'{0xcd885e60}: static [Lscript/obj_id;.<clinit>()V> (0xcd885e60) 
thrown [src/hotspot/share/prims/jni.cpp, line 1112]
Event: 294.199 Thread 0x0b3a2820 Exception <a 'java/lang/NoSuchMethodError'{0xcd2c0818}: 'java.lang.Object java.lang.invoke.DirectMethodHandle$Holder.invokeSpecial(java.lang.Object, java.lang.Object, java.lang.Object, java.lang.Object, int)'> (0xcd2c0818) 
thrown [src/hotspot/share/interpreter/linkResolver.cpp, line 759]
Event: 294.199 Thread 0x0b3a2820 Exception <a 'java/lang/NoSuchMethodError'{0xcd2c3d98}: 'java.lang.Object java.lang.invoke.Invokers$Holder.linkToTargetMethod(java.lang.Object, java.lang.Object, int, java.lang.Object)'> (0xcd2c3d98) 
thrown [src/hotspot/share/interpreter/linkResolver.cpp, line 759]
Event: 295.379 Thread 0x0b3a2820 Exception <a 'java/lang/NoSuchMethodError'{0xcd9654a0}: 'java.lang.Object java.lang.invoke.DirectMethodHandle$Holder.invokeSpecial(java.lang.Object, java.lang.Object, java.lang.Object, java.lang.Object, int, java.lang.Object)'> (0xcd9654a0) 
thrown [src/hotspot/share/interpreter/linkResolver.cpp, line 759]
Event: 295.380 Thread 0x0b3a2820 Exception <a 'java/lang/NoSuchMethodError'{0xcd9688d8}: 'java.lang.Object java.lang.invoke.Invokers$Holder.linkToTargetMethod(java.lang.Object, java.lang.Object, int, java.lang.Object, java.lang.Object)'> (0xcd9688d8) 
thrown [src/hotspot/share/interpreter/linkResolver.cpp, line 759]
Event: 297.983 Thread 0x0b3a2820 Exception <a 'java/lang/NoSuchMethodError'{0xcc08d990}: 'java.lang.Object java.lang.invoke.DirectMethodHandle$Holder.invokeSpecial(java.lang.Object, java.lang.Object, long, java.lang.Object, java.lang.Object, java.lang.Object, java.lang.Object, java.lang.Object, java.lang.Object)'> (0xcc08d990) 
thrown [src/hotspot/share/interpreter/linkResolver.cpp, line 759]
Event: 297.983 Thread 0x0b3a2820 Exception <a 'java/lang/NoSuchMethodError'{0xcc091d68}: 'java.lang.Object java.lang.invoke.DelegatingMethodHandle$Holder.reinvoke_L(java.lang.Object, long, java.lang.Object, java.lang.Object, java.lang.Object, java.lang.Object, java.lang.Object, java.lang.Object)'> (0xcc091d68) 
thrown [src/hotspot/share/interpreter/linkResolver.cpp, line 759]

VM Operations (20 events):
Event: 417.230 Executing VM operation: Cleanup
Event: 417.230 Executing VM operation: Cleanup done
Event: 451.275 Executing VM operation: Cleanup
Event: 451.275 Executing VM operation: Cleanup done
Event: 472.288 Executing VM operation: Cleanup
Event: 472.288 Executing VM operation: Cleanup done
Event: 3672.196 Executing VM operation: Cleanup
Event: 3672.196 Executing VM operation: Cleanup done
Event: 8341.145 Executing VM operation: Cleanup
Event: 8341.145 Executing VM operation: Cleanup done
Event: 8384.864 Executing VM operation: G1CollectForAllocation
Event: 8384.919 Executing VM operation: G1CollectForAllocation done
Event: 8385.919 Executing VM operation: Cleanup
Event: 8385.920 Executing VM operation: Cleanup done
Event: 8872.963 Executing VM operation: Cleanup
Event: 8872.963 Executing VM operation: Cleanup done
Event: 9288.564 Executing VM operation: Cleanup
Event: 9288.564 Executing VM operation: Cleanup done
Event: 18741.450 Executing VM operation: Cleanup
Event: 18741.450 Executing VM operation: Cleanup done

Events (20 events):
Event: 294.250 loading class sun/net/www/protocol/jrt/Handler
Event: 294.250 loading class sun/net/www/protocol/jrt/Handler done
Event: 294.250 loading class java/util/AbstractMap$SimpleEntry
Event: 294.250 loading class java/util/AbstractMap$SimpleEntry done
Event: 294.266 loading class sun/text/resources/cldr/FormatData_en
Event: 294.266 loading class sun/text/resources/cldr/FormatData_en done
Event: 294.266 loading class sun/text/resources/cldr/FormatData_en_US
Event: 294.266 loading class sun/text/resources/cldr/FormatData_en_US done
Event: 294.343 Thread 0xc0b38020 Thread added: 0xc0b38020
Event: 294.343 Protecting memory [0xc107d000,0xc1081000] with protection modes 0
Event: 294.812 Thread 0xc0b38020 Thread exited: 0xc0b38020
Event: 297.765 Thread 0xc0fbefa0 Thread added: 0xc0fbefa0
Event: 297.765 Protecting memory [0xc107d000,0xc1081000] with protection modes 0
Event: 297.903 Thread 0xc0fbefa0 Thread exited: 0xc0fbefa0
Event: 298.033 Thread 0xc47b95e0 Thread added: 0xc47b95e0
Event: 298.035 Protecting memory [0xc107d000,0xc1081000] with protection modes 0
Event: 301.885 Thread 0xc47b95e0 Thread exited: 0xc47b95e0
Event: 24349.442 Thread 0x0b3a2820 Thread exited: 0x0b3a2820
Event: 24349.442 Thread 0xf5e242d0 Thread exited: 0xf5e242d0
Event: 24349.442 Thread 0xc429bff0 Thread exited: 0xc429bff0


Dynamic libraries:
08048000-09298000 r-xp 00000000 08:04 494947248                          /home/almalinux/swg-returns-nge/build/bin/SwgGameServer
09298000-0929c000 rw-p 0124f000 08:04 494947248                          /home/almalinux/swg-returns-nge/build/bin/SwgGameServer
0929c000-09b1f000 rw-p 00000000 00:00 0 
09cdd000-1c63a000 rw-p 00000000 00:00 0                                  [heap]
be500000-be5f9000 rw-p 00000000 00:00 0 
be5f9000-be600000 ---p 00000000 00:00 0 
be700000-be7fa000 rw-p 00000000 00:00 0 
be7fa000-be800000 ---p 00000000 00:00 0 
bec00000-becf3000 rw-p 00000000 00:00 0 
becf3000-bed00000 ---p 00000000 00:00 0 
bed00000-bedeb000 rw-p 00000000 00:00 0 
bedeb000-bee00000 ---p 00000000 00:00 0 
bee00000-beeea000 rw-p 00000000 00:00 0 
beeea000-bef00000 ---p 00000000 00:00 0 
bf000000-bf0f6000 rw-p 00000000 00:00 0 
bf0f6000-bf100000 ---p 00000000 00:00 0 
bf100000-bf1f9000 rw-p 00000000 00:00 0 
bf1f9000-bf200000 ---p 00000000 00:00 0 
bf200000-bf3f9000 rw-p 00000000 00:00 0 
bf3f9000-bf400000 ---p 00000000 00:00 0 
bf400000-bf4fd000 rw-p 00000000 00:00 0 
bf4fd000-bf500000 ---p 00000000 00:00 0 
bf500000-bf5d7000 rw-p 00000000 00:00 0 
bf5d7000-bf600000 ---p 00000000 00:00 0 
bf600000-bf6f9000 rw-p 00000000 00:00 0 
bf6f9000-bf700000 ---p 00000000 00:00 0 
bf800000-bf8fa000 rw-p 00000000 00:00 0 
bf8fa000-bf900000 ---p 00000000 00:00 0 
bf900000-bf9f9000 rw-p 00000000 00:00 0 
bf9f9000-bfa00000 ---p 00000000 00:00 0 
bfa00000-bfaef000 rw-p 00000000 00:00 0 
bfaef000-bfb00000 ---p 00000000 00:00 0 
bfc00000-bfcf9000 rw-p 00000000 00:00 0 
bfcf9000-bfd00000 ---p 00000000 00:00 0 
bfd00000-bfdfd000 rw-p 00000000 00:00 0 
bfdfd000-bfe00000 ---p 00000000 00:00 0 
bfe00000-bfef9000 rw-p 00000000 00:00 0 
bfef9000-bff00000 ---p 00000000 00:00 0 
bff00000-bfff9000 rw-p 00000000 00:00 0 
bfff9000-c0000000 ---p 00000000 00:00 0 
c0000000-c00fb000 rw-p 00000000 00:00 0 
c00fb000-c0100000 ---p 00000000 00:00 0 
c0100000-c01f9000 rw-p 00000000 00:00 0 
c01f9000-c0200000 ---p 00000000 00:00 0 
c0200000-c02fb000 rw-p 00000000 00:00 0 
c02fb000-c0300000 ---p 00000000 00:00 0 
c0b00000-c0bfa000 rw-p 00000000 00:00 0 
c0bfa000-c0c00000 ---p 00000000 00:00 0 
c0d00000-c0e00000 rw-p 00000000 00:00 0 
c0e00000-c0ee1000 rw-p 00000000 00:00 0 
c0ee1000-c0f00000 ---p 00000000 00:00 0 
c0f00000-c0ff4000 rw-p 00000000 00:00 0 
c0ff4000-c1000000 ---p 00000000 00:00 0 
c107d000-c1081000 ---p 00000000 00:00 0 
c1081000-c10fe000 rw-p 00000000 00:00 0 
c10fe000-c10ff000 ---p 00000000 00:00 0 
c10ff000-c117f000 rw-p 00000000 00:00 0 
c117f000-c1180000 ---p 00000000 00:00 0 
c1180000-c1200000 rw-p 00000000 00:00 0 
c1200000-c12f8000 rw-p 00000000 00:00 0 
c12f8000-c1300000 ---p 00000000 00:00 0 
c14ba000-c14be000 ---p 00000000 00:00 0 
c14be000-c153b000 rw-p 00000000 00:00 0 
c173d000-c1741000 ---p 00000000 00:00 0 
c1741000-c17fe000 rw-p 00000000 00:00 0 
c17fe000-c1802000 ---p 00000000 00:00 0 
c1802000-c18bf000 rw-p 00000000 00:00 0 
c18bf000-c18c0000 ---p 00000000 00:00 0 
c18c0000-c1940000 rw-p 00000000 00:00 0 
c1940000-c1944000 ---p 00000000 00:00 0 
c1944000-c1a01000 rw-p 00000000 00:00 0 
c1a01000-c1a05000 ---p 00000000 00:00 0 
c1a05000-c1ac2000 rw-p 00000000 00:00 0 
c1ac2000-c1ac6000 ---p 00000000 00:00 0 
c1ac6000-c1b43000 rw-p 00000000 00:00 0 
c1b43000-c1b47000 ---p 00000000 00:00 0 
c1b47000-c1c04000 rw-p 00000000 00:00 0 
c1c04000-c1c08000 ---p 00000000 00:00 0 
c1c08000-c1cc5000 rw-p 00000000 00:00 0 
c1cc5000-c1cc9000 ---p 00000000 00:00 0 
c1cc9000-c1d86000 rw-p 00000000 00:00 0 
c1d86000-c2000000 r--p 00078000 08:04 535181                             /usr/lib/locale/locale-archive
c2000000-c2180000 rw-p 00000000 00:00 0 
c2180000-c2400000 ---p 00000000 00:00 0 
c2400000-c27f0000 rw-p 00000000 00:00 0 
c27f0000-c3000000 ---p 00000000 00:00 0 
c307e000-c327e000 r--p 00000000 08:04 535181                             /usr/lib/locale/locale-archive
c327e000-c3282000 ---p 00000000 00:00 0 
c3282000-c333f000 rw-p 00000000 00:00 0 
c333f000-c3343000 ---p 00000000 00:00 0 
c3343000-c3400000 rw-p 00000000 00:00 0 
c3400000-c3500000 rw-p 00000000 00:00 0 
c3531000-c3535000 ---p 00000000 00:00 0 
c3535000-c35b2000 rw-p 00000000 00:00 0 
c35b2000-c35b3000 ---p 00000000 00:00 0 
c35b3000-c3633000 rw-p 00000000 00:00 0 
c3633000-c3f00000 rw-p 00001000 08:04 143240867                          /usr/lib/jvm/java-17-zulu-openjdk-jdk-x86/lib/server/classes.jsa
c3f00000-c3fa3000 rw-p 00000000 00:00 0 
c3fa3000-c4000000 ---p 00000000 00:00 0 
c407f000-c4080000 ---p 00000000 00:00 0 
c4080000-c4100000 rw-p 00000000 00:00 0 
c4100000-c4121000 rw-p 00000000 00:00 0 
c4121000-c4200000 ---p 00000000 00:00 0 
c4200000-c42d7000 rw-p 00000000 00:00 0 
c42d7000-c4300000 ---p 00000000 00:00 0 
c437f000-c4380000 ---p 00000000 00:00 0 
c4380000-c4400000 rw-p 00000000 00:00 0 
c4400000-c44ff000 rw-p 00000000 00:00 0 
c44ff000-c4500000 ---p 00000000 00:00 0 
c457f000-c4580000 ---p 00000000 00:00 0 
c4580000-c4600000 rw-p 00000000 00:00 0 
c4600000-c46e4000 rw-p 00000000 00:00 0 
c46e4000-c4700000 ---p 00000000 00:00 0 
c4700000-c47ff000 rw-p 00000000 00:00 0 
c47ff000-c4800000 ---p 00000000 00:00 0 
c487f000-c4880000 ---p 00000000 00:00 0 
c4880000-c4b00000 rw-p 00000000 00:00 0 
c4b00000-c5100000 ---p 00000000 00:00 0 
c5100000-c5300000 rw-p 00000000 00:00 0 
c5300000-c5900000 ---p 00000000 00:00 0 
c5900000-c5940000 rw-p 00000000 00:00 0 
c5940000-c5a00000 ---p 00000000 00:00 0 
c5a00000-c5a40000 rw-p 00000000 00:00 0 
c5a40000-c5b00000 ---p 00000000 00:00 0 
c5b00000-c5b40000 rw-p 00000000 00:00 0 
c5b40000-c5c00000 ---p 00000000 00:00 0 
c5c00000-cdc00000 rw-p 00000000 00:00 0 
cdc00000-e5c00000 ---p 00000000 00:00 0 
e5c65000-e5c6a000 rw-p 00000000 00:00 0 
e5c6a000-e5d50000 ---p 00000000 00:00 0 
e5d50000-e6030000 rwxp 00000000 00:00 0 
e6030000-ed2ab000 ---p 00000000 00:00 0 
ed2ab000-ed4eb000 rwxp 00000000 00:00 0 
ed4eb000-ed7f5000 ---p 00000000 00:00 0 
ed7f5000-eda35000 rwxp 00000000 00:00 0 
eda35000-f4d50000 ---p 00000000 00:00 0 
f4d50000-f4eb8000 r--s 00000000 08:04 117534333                          /usr/lib/jvm/java-17-zulu-openjdk-jdk-x86/lib/modules
f4eb8000-f5d5a000 r-xp 00000000 08:04 143240869                          /usr/lib/jvm/java-17-zulu-openjdk-jdk-x86/lib/server/libjvm.so
f5d5a000-f5daf000 r--p 00ea1000 08:04 143240869                          /usr/lib/jvm/java-17-zulu-openjdk-jdk-x86/lib/server/libjvm.so
f5daf000-f5dd0000 rw-p 00ef6000 08:04 143240869                          /usr/lib/jvm/java-17-zulu-openjdk-jdk-x86/lib/server/libjvm.so
f5dd0000-f5e00000 rw-p 00000000 00:00 0 
f5e00000-f5f00000 rw-p 00000000 00:00 0 
f5f38000-f5f39000 ---p 00000000 00:00 0 
f5f39000-f5fb9000 rw-p 00000000 00:00 0 
f5fb9000-f5fba000 ---p 00000000 00:00 0 
f5fba000-f5fbe000 ---p 00000000 00:00 0 
f5fbe000-f6b32000 rw-p 00000000 00:00 0 
f6b3e000-f6b53000 r-xp 00000000 08:04 117534323                          /usr/lib/jvm/java-17-zulu-openjdk-jdk-x86/lib/libnet.so
f6b53000-f6b54000 r--p 00014000 08:04 117534323                          /usr/lib/jvm/java-17-zulu-openjdk-jdk-x86/lib/libnet.so
f6b54000-f6b55000 rw-p 00015000 08:04 117534323                          /usr/lib/jvm/java-17-zulu-openjdk-jdk-x86/lib/libnet.so
f6b55000-f6b5b000 rw-p 00000000 00:00 0 
f6b5b000-f6c40000 ---p 00000000 00:00 0 
f6e7a000-f6e8c000 r-xp 00000000 08:04 117534324                          /usr/lib/jvm/java-17-zulu-openjdk-jdk-x86/lib/libnio.so
f6e8c000-f6e8d000 r--p 00011000 08:04 117534324                          /usr/lib/jvm/java-17-zulu-openjdk-jdk-x86/lib/libnio.so
f6e8d000-f6e8e000 rw-p 00012000 08:04 117534324                          /usr/lib/jvm/java-17-zulu-openjdk-jdk-x86/lib/libnio.so
f6e8e000-f6eb7000 rw-p 00000000 00:00 0 
f6eb7000-f6eda000 r-xp 00000000 08:04 117534310                          /usr/lib/jvm/java-17-zulu-openjdk-jdk-x86/lib/libjava.so
f6eda000-f6edb000 r--p 00022000 08:04 117534310                          /usr/lib/jvm/java-17-zulu-openjdk-jdk-x86/lib/libjava.so
f6edb000-f6edc000 rw-p 00023000 08:04 117534310                          /usr/lib/jvm/java-17-zulu-openjdk-jdk-x86/lib/libjava.so
f6edc000-f6ee8000 r-xp 00000000 08:04 16831767                           /usr/lib/libnss_files-2.28.so
f6ee8000-f6ee9000 r--p 0000b000 08:04 16831767                           /usr/lib/libnss_files-2.28.so
f6ee9000-f6eea000 rw-p 0000c000 08:04 16831767                           /usr/lib/libnss_files-2.28.so
f6eea000-f6ef0000 rw-p 00000000 00:00 0 
f6ef6000-f6efb000 rw-p 00000000 00:00 0 
f6efb000-f6f01000 ---p 00000000 00:00 0 
f6f01000-f6f1c000 r-xp 00000000 08:04 117534314                          /usr/lib/jvm/java-17-zulu-openjdk-jdk-x86/lib/libjimage.so
f6f1c000-f6f1d000 ---p 0001b000 08:04 117534314                          /usr/lib/jvm/java-17-zulu-openjdk-jdk-x86/lib/libjimage.so
f6f1d000-f6f1e000 r--p 0001b000 08:04 117534314                          /usr/lib/jvm/java-17-zulu-openjdk-jdk-x86/lib/libjimage.so
f6f1e000-f6f1f000 rw-p 0001c000 08:04 117534314                          /usr/lib/jvm/java-17-zulu-openjdk-jdk-x86/lib/libjimage.so
f6f1f000-f6f23000 rw-p 00000000 00:00 0 
f6f23000-f6fab000 r-xp 00000000 08:04 17191875                           /usr/lib/libpcre2-8.so.0.7.1
f6fab000-f6fac000 r--p 00087000 08:04 17191875                           /usr/lib/libpcre2-8.so.0.7.1
f6fac000-f6fad000 rw-p 00088000 08:04 17191875                           /usr/lib/libpcre2-8.so.0.7.1
f6fad000-f6fcd000 r-xp 00000000 08:04 17021543                           /usr/lib/libcrypt.so.1.1.0
f6fcd000-f6fce000 ---p 00020000 08:04 17021543                           /usr/lib/libcrypt.so.1.1.0
f6fce000-f6fcf000 r--p 00020000 08:04 17021543                           /usr/lib/libcrypt.so.1.1.0
f6fcf000-f6fd8000 rw-p 00000000 00:00 0 
f6fd8000-f7003000 r-xp 00000000 08:04 17191887                           /usr/lib/libselinux.so.1
f7003000-f7004000 ---p 0002b000 08:04 17191887                           /usr/lib/libselinux.so.1
f7004000-f7005000 r--p 0002b000 08:04 17191887                           /usr/lib/libselinux.so.1
f7005000-f7006000 rw-p 0002c000 08:04 17191887                           /usr/lib/libselinux.so.1
f7006000-f7007000 rw-p 00000000 00:00 0 
f7007000-f7026000 r-xp 00000000 08:04 18866589                           /usr/lib/libbrotlicommon.so.1.0.6
f7026000-f7027000 r--p 0001e000 08:04 18866589                           /usr/lib/libbrotlicommon.so.1.0.6
f7027000-f7028000 rw-p 0001f000 08:04 18866589                           /usr/lib/libbrotlicommon.so.1.0.6
f7028000-f7046000 r-xp 00000000 08:04 17191915                           /usr/lib/libsasl2.so.3.0.0
f7046000-f7047000 ---p 0001e000 08:04 17191915                           /usr/lib/libsasl2.so.3.0.0
f7047000-f7048000 r--p 0001e000 08:04 17191915                           /usr/lib/libsasl2.so.3.0.0
f7048000-f7049000 rw-p 0001f000 08:04 17191915                           /usr/lib/libsasl2.so.3.0.0
f7049000-f704b000 rw-p 00000000 00:00 0 
f704b000-f705f000 r-xp 00000000 08:04 16831772                           /usr/lib/libresolv-2.28.so
f705f000-f7060000 ---p 00014000 08:04 16831772                           /usr/lib/libresolv-2.28.so
f7060000-f7061000 r--p 00014000 08:04 16831772                           /usr/lib/libresolv-2.28.so
f7061000-f7062000 rw-p 00015000 08:04 16831772                           /usr/lib/libresolv-2.28.so
f7062000-f7064000 rw-p 00000000 00:00 0 
f7064000-f7067000 r-xp 00000000 08:04 17191893                           /usr/lib/libkeyutils.so.1.6
f7067000-f7068000 ---p 00003000 08:04 17191893                           /usr/lib/libkeyutils.so.1.6
f7068000-f7069000 r--p 00003000 08:04 17191893                           /usr/lib/libkeyutils.so.1.6
f7069000-f706a000 rw-p 00000000 00:00 0 
f706a000-f707a000 r-xp 00000000 08:04 17021560                           /usr/lib/libkrb5support.so.0.1
f707a000-f707b000 r--p 0000f000 08:04 17021560                           /usr/lib/libkrb5support.so.0.1
f707b000-f707c000 rw-p 00010000 08:04 17021560                           /usr/lib/libkrb5support.so.0.1
f707c000-f7084000 r-xp 00000000 08:04 16831774                           /usr/lib/librt-2.28.so
f7084000-f7085000 r--p 00007000 08:04 16831774                           /usr/lib/librt-2.28.so
f7085000-f7086000 rw-p 00008000 08:04 16831774                           /usr/lib/librt-2.28.so
f7086000-f7205000 r-xp 00000000 08:04 17021545                           /usr/lib/libunistring.so.2.1.0
f7205000-f7206000 ---p 0017f000 08:04 17021545                           /usr/lib/libunistring.so.2.1.0
f7206000-f7208000 r--p 0017f000 08:04 17021545                           /usr/lib/libunistring.so.2.1.0
f7208000-f7209000 rw-p 00181000 08:04 17021545                           /usr/lib/libunistring.so.2.1.0
f7209000-f7233000 r-xp 00000000 08:04 18654292                           /usr/lib/liblzma.so.5.2.4
f7233000-f7234000 r--p 00029000 08:04 18654292                           /usr/lib/liblzma.so.5.2.4
f7234000-f7235000 rw-p 00000000 00:00 0 
f7235000-f7241000 r-xp 00000000 08:04 17191936                           /usr/lib/libbrotlidec.so.1.0.6
f7241000-f7242000 r--p 0000b000 08:04 17191936                           /usr/lib/libbrotlidec.so.1.0.6
f7242000-f7243000 rw-p 00000000 00:00 0 
f7243000-f7252000 r-xp 00000000 08:04 17191918                           /usr/lib/liblber-2.4.so.2.10.9
f7252000-f7253000 r--p 0000e000 08:04 17191918                           /usr/lib/liblber-2.4.so.2.10.9
f7253000-f7254000 rw-p 0000f000 08:04 17191918                           /usr/lib/liblber-2.4.so.2.10.9
f7254000-f72a9000 r-xp 00000000 08:04 17191920                           /usr/lib/libldap-2.4.so.2.10.9
f72a9000-f72aa000 ---p 00055000 08:04 17191920                           /usr/lib/libldap-2.4.so.2.10.9
f72aa000-f72ab000 r--p 00055000 08:04 17191920                           /usr/lib/libldap-2.4.so.2.10.9
f72ab000-f72ac000 rw-p 00056000 08:04 17191920                           /usr/lib/libldap-2.4.so.2.10.9
f72ac000-f72ae000 rw-p 00000000 00:00 0 
f72ae000-f72b1000 r-xp 00000000 08:04 16994899                           /usr/lib/libcom_err.so.2.1
f72b1000-f72b2000 r--p 00002000 08:04 16994899                           /usr/lib/libcom_err.so.2.1
f72b2000-f72b3000 rw-p 00003000 08:04 16994899                           /usr/lib/libcom_err.so.2.1
f72b3000-f72c9000 r-xp 00000000 08:04 17021552                           /usr/lib/libk5crypto.so.3.1
f72c9000-f72ca000 ---p 00016000 08:04 17021552                           /usr/lib/libk5crypto.so.3.1
f72ca000-f72cb000 r--p 00016000 08:04 17021552                           /usr/lib/libk5crypto.so.3.1
f72cb000-f72cc000 rw-p 00017000 08:04 17021552                           /usr/lib/libk5crypto.so.3.1
f72cc000-f73af000 r-xp 00000000 08:04 17021558                           /usr/lib/libkrb5.so.3.3
f73af000-f73b6000 r--p 000e2000 08:04 17021558                           /usr/lib/libkrb5.so.3.3
f73b6000-f73b7000 rw-p 000e9000 08:04 17021558                           /usr/lib/libkrb5.so.3.3
f73b7000-f7412000 r-xp 00000000 08:04 17021548                           /usr/lib/libgssapi_krb5.so.2.2
f7412000-f7414000 r--p 0005a000 08:04 17021548                           /usr/lib/libgssapi_krb5.so.2.2
f7414000-f7415000 rw-p 0005c000 08:04 17021548                           /usr/lib/libgssapi_krb5.so.2.2
f7415000-f76c6000 r-xp 00000000 08:04 18627877                           /usr/lib/libcrypto.so.1.1.1k
f76c6000-f76df000 r--p 002b0000 08:04 18627877                           /usr/lib/libcrypto.so.1.1.1k
f76df000-f76e1000 rw-p 002c9000 08:04 18627877                           /usr/lib/libcrypto.so.1.1.1k
f76e1000-f76e5000 rw-p 00000000 00:00 0 
f76e5000-f7777000 r-xp 00000000 08:04 18627879                           /usr/lib/libssl.so.1.1.1k
f7777000-f777d000 r--p 00091000 08:04 18627879                           /usr/lib/libssl.so.1.1.1k
f777d000-f7781000 rw-p 00097000 08:04 18627879                           /usr/lib/libssl.so.1.1.1k
f7781000-f7791000 r-xp 00000000 08:04 18660120                           /usr/lib/libpsl.so.5.3.1
f7791000-f7792000 r--p 0000f000 08:04 18660120                           /usr/lib/libpsl.so.5.3.1
f7792000-f7793000 rw-p 00000000 00:00 0 
f7793000-f7810000 r-xp 00000000 08:04 16994901                           /usr/lib/libssh.so.4.8.7
f7810000-f7811000 ---p 0007d000 08:04 16994901                           /usr/lib/libssh.so.4.8.7
f7811000-f7812000 r--p 0007d000 08:04 16994901                           /usr/lib/libssh.so.4.8.7
f7812000-f7813000 rw-p 0007e000 08:04 16994901                           /usr/lib/libssh.so.4.8.7
f7813000-f7830000 r-xp 00000000 08:04 17040588                           /usr/lib/libidn2.so.0.3.6
f7830000-f7831000 r--p 0001c000 08:04 17040588                           /usr/lib/libidn2.so.0.3.6
f7831000-f7832000 rw-p 00000000 00:00 0 
f7832000-f785a000 r-xp 00000000 08:04 17191891                           /usr/lib/libnghttp2.so.14.17.0
f785a000-f785b000 r--p 00027000 08:04 17191891                           /usr/lib/libnghttp2.so.14.17.0
f785b000-f785d000 rw-p 00028000 08:04 17191891                           /usr/lib/libnghttp2.so.14.17.0
f785d000-f79ff000 r-xp 00000000 08:04 16831756                           /usr/lib/libc-2.28.so
f79ff000-f7a00000 ---p 001a2000 08:04 16831756                           /usr/lib/libc-2.28.so
f7a00000-f7a02000 r--p 001a2000 08:04 16831756                           /usr/lib/libc-2.28.so
f7a02000-f7a03000 rw-p 001a4000 08:04 16831756                           /usr/lib/libc-2.28.so
f7a03000-f7a08000 rw-p 00000000 00:00 0 
f7a08000-f7a23000 r-xp 00000000 08:04 16985139                           /usr/lib/libgcc_s-8-20210514.so.1
f7a23000-f7a24000 r--p 0001a000 08:04 16985139                           /usr/lib/libgcc_s-8-20210514.so.1
f7a24000-f7a25000 rw-p 0001b000 08:04 16985139                           /usr/lib/libgcc_s-8-20210514.so.1
f7a25000-f7af5000 r-xp 00000000 08:04 16831760                           /usr/lib/libm-2.28.so
f7af5000-f7af6000 r--p 000cf000 08:04 16831760                           /usr/lib/libm-2.28.so
f7af6000-f7af7000 rw-p 000d0000 08:04 16831760                           /usr/lib/libm-2.28.so
f7af7000-f7c80000 r-xp 00000000 08:04 16985145                           /usr/lib/libstdc++.so.6.0.25
f7c80000-f7c81000 ---p 00189000 08:04 16985145                           /usr/lib/libstdc++.so.6.0.25
f7c81000-f7c87000 r--p 00189000 08:04 16985145                           /usr/lib/libstdc++.so.6.0.25
f7c87000-f7c88000 rw-p 0018f000 08:04 16985145                           /usr/lib/libstdc++.so.6.0.25
f7c88000-f7c8a000 rw-p 00000000 00:00 0 
f7c8a000-f7ca1000 r-xp 00000000 08:04 16963437                           /usr/lib/libz.so.1.2.11
f7ca1000-f7ca2000 ---p 00017000 08:04 16963437                           /usr/lib/libz.so.1.2.11
f7ca2000-f7ca3000 r--p 00017000 08:04 16963437                           /usr/lib/libz.so.1.2.11
f7ca3000-f7ca4000 rw-p 00000000 00:00 0 
f7ca4000-f7e21000 r-xp 00000000 08:04 16963397                           /usr/lib/libxml2.so.2.9.7
f7e21000-f7e26000 r--p 0017c000 08:04 16963397                           /usr/lib/libxml2.so.2.9.7
f7e26000-f7e27000 rw-p 00181000 08:04 16963397                           /usr/lib/libxml2.so.2.9.7
f7e27000-f7e28000 rw-p 00000000 00:00 0 
f7e28000-f7e44000 r-xp 00000000 08:04 16831770                           /usr/lib/libpthread-2.28.so
f7e44000-f7e45000 r--p 0001b000 08:04 16831770                           /usr/lib/libpthread-2.28.so
f7e45000-f7e46000 rw-p 0001c000 08:04 16831770                           /usr/lib/libpthread-2.28.so
f7e46000-f7e48000 rw-p 00000000 00:00 0 
f7e48000-f7ebc000 r-xp 00000000 08:04 16818911                           /usr/lib/libpcre.so.1.2.10
f7ebc000-f7ebd000 ---p 00074000 08:04 16818911                           /usr/lib/libpcre.so.1.2.10
f7ebd000-f7ebe000 r--p 00074000 08:04 16818911                           /usr/lib/libpcre.so.1.2.10
f7ebe000-f7ebf000 rw-p 00075000 08:04 16818911                           /usr/lib/libpcre.so.1.2.10
f7ebf000-f7ec2000 r-xp 00000000 08:04 16831758                           /usr/lib/libdl-2.28.so
f7ec2000-f7ec3000 r--p 00002000 08:04 16831758                           /usr/lib/libdl-2.28.so
f7ec3000-f7ec4000 rw-p 00003000 08:04 16831758                           /usr/lib/libdl-2.28.so
f7ec4000-f7f61000 r-xp 00000000 08:04 16994905                           /usr/lib/libcurl.so.4.5.0
f7f61000-f7f63000 r--p 0009c000 08:04 16994905                           /usr/lib/libcurl.so.4.5.0
f7f63000-f7f64000 rw-p 0009e000 08:04 16994905                           /usr/lib/libcurl.so.4.5.0
f7f64000-f7f6b000 r--s 00000000 08:04 176632422                          /usr/lib/gconv/gconv-modules.cache
f7f6b000-f7f73000 rw-s 00000000 08:04 151742434                          /tmp/hsperfdata_almalinux/54255 (deleted)
f7f73000-f7f74000 ---p 00000000 00:00 0 
f7f74000-f7f75000 r--p 00000000 00:00 0 
f7f75000-f7f77000 rw-p 00000000 00:00 0 
f7f77000-f7f7b000 r--p 00000000 00:00 0                                  [vvar]
f7f7b000-f7f7d000 r-xp 00000000 00:00 0                                  [vdso]
f7f7d000-f7fac000 r-xp 00000000 08:04 16831749                           /usr/lib/ld-2.28.so
f7fac000-f7fad000 ---p 00000000 00:00 0 
f7fad000-f7fae000 r--p 0002f000 08:04 16831749                           /usr/lib/ld-2.28.so
f7fae000-f7faf000 rw-p 00030000 08:04 16831749                           /usr/lib/ld-2.28.so
ffb28000-ffb29000 rwxp 00000000 00:00 0 
ffc31000-ffced000 rw-p 00000000 00:00 0                                  [stack]


VM Arguments:
jvm_args: -Xms128m -Xmx512m -Xss768k -XX:MaxMetaspaceSize=96m -Xrs -XX:-UsePerfData -XX:-AllowUserSignalHandlers -XX:UseSSE=3 -XX+DoEscapeAnalysis -XX:AutoBoxCacheMax:2000 -XX:+OptimizeStringConcat -XX:+OptimizeFill -XX:+EliminateAutoBox -XX:+UseCompressedStrings -XX:+UseCompressedOops -XX:+EliminateLocks -XX:UseFastAccessorMethods -XX:+UseStringCache -XgcPrio:throughput -XXkeepAreaRatio:1 -XXlazyUnlocking -XXcallProfiling -XXcompactRatio:1 
java_command: <unknown>
java_class_path (initial): ../../data/sku.0/sys.server/compiled/game/
Launcher Type: generic

[Global flags]
     intx CICompilerCount                          = 3                                         {product} {ergonomic}
     uint ConcGCThreads                            = 1                                         {product} {ergonomic}
     uint G1ConcRefinementThreads                  = 4                                         {product} {ergonomic}
   size_t G1HeapRegionSize                         = 1048576                                   {product} {ergonomic}
    uintx GCDrainStackTargetSize                   = 64                                        {product} {ergonomic}
   size_t InitialHeapSize                          = 134217728                                 {product} {command line}
   size_t MarkStackSize                            = 32768                                     {product} {ergonomic}
   size_t MaxHeapSize                              = 536870912                                 {product} {command line}
   size_t MaxMetaspaceSize                         = 100663296                                 {product} {command line}
   size_t MaxNewSize                               = 321912832                                 {product} {ergonomic}
   size_t MinHeapDeltaBytes                        = 1048576                                   {product} {ergonomic}
   size_t MinHeapSize                              = 134217728                                 {product} {command line}
    uintx NonNMethodCodeHeapSize                   = 5544422                                {pd product} {ergonomic}
    uintx NonProfiledCodeHeapSize                  = 123056909                              {pd product} {ergonomic}
    uintx ProfiledCodeHeapSize                     = 123056909                              {pd product} {ergonomic}
    uintx ReservedCodeCacheSize                    = 251658240                              {pd product} {ergonomic}
     bool SegmentedCodeCache                       = true                                      {product} {ergonomic}
   size_t SoftMaxHeapSize                          = 536870912                              {manageable} {ergonomic}
   double SweeperThreshold                         = 0.500000                                  {product} {ergonomic}
     intx ThreadStackSize                          = 768                                    {pd product} {command line}
     bool UseG1GC                                  = true                                      {product} {ergonomic}

Logging:
Log output configuration:
 #0: stdout all=off uptime,level,tags
 #1: stderr all=off uptime,level,tags

Environment Variables:
JAVA_HOME=/usr/lib/jvm/zulu-17-x86
PATH=/usr/java/jdk1.7.0_80/bin:/usr/java/jdk1.7.0_80/bin:/usr/java/jdk1.6.0_45/bin:/usr/java/jdk1.6.0_45/bin:/usr/java/jdk1.6.0_45/bin:/home/almalinux/.local/bin:/home/almalinux/bin:/sbin:/bin:/usr/bin:/usr/local/bin:/usr/local/sbin:/usr/sbin:/usr/lib/oracle/18.3/client/bin:/usr/lib/oracle/18.3/client/bin:/usr/lib/jvm/java-11-openjdk/bin:./
LD_LIBRARY_PATH=/usr/lib/jvm/java-17-zulu-openjdk-jdk-x86/lib/server:/usr/lib/jvm/java-17-zulu-openjdk-jdk-x86/lib:/usr/lib/jvm/java-17-zulu-openjdk-jdk-x86/../lib:/usr/lib/jvm/zulu-17-x86/lib/server:/usr/lib/jvm/java-11-openjdk/lib:/usr/lib/jvm/java-11-openjdk/lib/server:./
SHELL=/bin/bash
DISPLAY=:10.0
LANG=en_US.UTF-8
TERM=xterm-256color

Active Locale:
LC_ALL=en_US.UTF-8
LC_COLLATE=en_US.UTF-8
LC_CTYPE=en_US.UTF-8
LC_MESSAGES=en_US.UTF-8
LC_MONETARY=en_US.UTF-8
LC_NUMERIC=en_US.UTF-8
LC_TIME=en_US.UTF-8

Signal Handlers:
   SIGSEGV: crash_handler in libjvm.so, mask=11100100010111111101111111111110, flags=SA_RESTART|SA_SIGINFO, unblocked
    SIGBUS: crash_handler in libjvm.so, mask=11100100010111111101111111111110, flags=SA_RESTART|SA_SIGINFO, unblocked
    SIGFPE: crash_handler in libjvm.so, mask=11100100010111111101111111111110, flags=SA_RESTART|SA_SIGINFO, unblocked
   SIGPIPE: SIG_IGN, mask=00000000000010000000000000000000, flags=SA_RESTART, blocked
  *** Handler was modified!
  *** Expected: javaSignalHandler in libjvm.so, mask=11100100110111111111111111111110, flags=SA_RESTART|SA_SIGINFO
   SIGXFSZ: javaSignalHandler in libjvm.so, mask=11100100010111111101111111111110, flags=SA_RESTART|SA_SIGINFO, blocked
    SIGILL: crash_handler in libjvm.so, mask=11100100010111111101111111111110, flags=SA_RESTART|SA_SIGINFO, unblocked
   SIGUSR2: SR_handler in libjvm.so, mask=00100000000000000000000000000000, flags=SA_RESTART|SA_SIGINFO, blocked
    SIGHUP: UserHandler in libjvm.so, mask=11100100010111111101111111111110, flags=SA_RESTART|SA_SIGINFO, blocked
    SIGINT: UserHandler in libjvm.so, mask=11100100010111111101111111111110, flags=SA_RESTART|SA_SIGINFO, blocked
   SIGTERM: UserHandler in libjvm.so, mask=11100100010111111101111111111110, flags=SA_RESTART|SA_SIGINFO, blocked
   SIGQUIT: UserHandler in libjvm.so, mask=11100100010111111101111111111110, flags=SA_RESTART|SA_SIGINFO, blocked
   SIGTRAP: crash_handler in libjvm.so, mask=11100100010111111101111111111110, flags=SA_RESTART|SA_SIGINFO, unblocked


Periodic native trim disabled


---------------  S Y S T E M  ---------------

OS:
AlmaLinux release 8.10 (Cerulean Leopard)
uname: Linux 4.18.0-553.81.1.el8_10.x86_64 #1 SMP Mon Oct 27 11:29:19 EDT 2025 x86_64
OS uptime: 2 days 3:47 hours
libc: glibc 2.28 NPTL 2.28 
rlimit (soft/hard): STACK 8192k/infinity , CORE 0k/infinity , NPROC 61995/61995 , NOFILE 262144/262144 , AS infinity/infinity , CPU infinity/infinity , DATA infinity/infinity , FSIZE infinity/infinity , MEMLOCK 64k/64k
load average: 55.45 41.13 39.80

/proc/meminfo:
MemTotal:       16014448 kB
MemFree:         3727036 kB
MemAvailable:    4473768 kB
Buffers:              32 kB
Cached:          2154956 kB
SwapCached:        35732 kB
Active:          1874024 kB
Inactive:        9538288 kB
Active(anon):    1518120 kB
Inactive(anon):  9241336 kB
Active(file):     355904 kB
Inactive(file):   296952 kB
Unevictable:        6160 kB
Mlocked:               0 kB
SwapTotal:       8388604 kB
SwapFree:        7159992 kB
Dirty:              1928 kB
Writeback:             0 kB
AnonPages:       9232064 kB
Mapped:          1269836 kB
Shmem:           1502076 kB
KReclaimable:     270920 kB
Slab:             420232 kB
SReclaimable:     270920 kB
SUnreclaim:       149312 kB
KernelStack:       23856 kB
PageTables:       161952 kB
NFS_Unstable:          0 kB
Bounce:                0 kB
WritebackTmp:          0 kB
CommitLimit:    16395828 kB
Committed_AS:   23278332 kB
VmallocTotal:   34359738367 kB
VmallocUsed:       69612 kB
VmallocChunk:          0 kB
Percpu:             2720 kB
HardwareCorrupted:     0 kB
AnonHugePages:         0 kB
ShmemHugePages:        0 kB
ShmemPmdMapped:        0 kB
FileHugePages:         0 kB
FilePmdMapped:         0 kB
HugePages_Total:       0
HugePages_Free:        0
HugePages_Rsvd:        0
HugePages_Surp:        0
Hugepagesize:       2048 kB
Hugetlb:               0 kB
DirectMap4k:      966508 kB
DirectMap2M:    15417344 kB

/sys/kernel/mm/transparent_hugepage/enabled: always madvise [never]
/sys/kernel/mm/transparent_hugepage/hpage_pmd_size: 2097152
/sys/kernel/mm/transparent_hugepage/defrag (defrag/compaction efforts parameter): always defer defer+madvise [madvise] never

Process Memory:
Virtual Size: 1250124K (peak: 1262712K)
Resident Set Size: 485852K (peak: 496184K) (anon: 454480K, file: 31372K, shmem: 0K)
Swapped out: 0K
C-Heap outstanding allocations: 25030K, retained: 316225K
glibc malloc tunables: (default)

/proc/sys/kernel/threads-max (system-wide limit on the number of threads): 123991
/proc/sys/vm/max_map_count (maximum number of memory map areas a process may have): 1677720
/proc/sys/kernel/pid_max (system-wide limit on number of process identifiers): 4194304

container (cgroup) information:
container_type: cgroupv1
cpu_cpuset_cpus: 0-3
cpu_memory_nodes: 0
active_processor_count: 4
cpu_quota: no quota
cpu_period: 100000
cpu_shares: no shares
memory_limit_in_bytes: unlimited
memory_and_swap_limit_in_bytes: unlimited
memory_soft_limit_in_bytes: unlimited
memory_usage_in_bytes: 10695412 k
memory_max_usage_in_bytes: 14866960 k
kernel_memory_usage_in_bytes: 203940 k
kernel_memory_max_usage_in_bytes: unlimited
kernel_memory_limit_in_bytes: 752460 k
maximum number of tasks: unlimited
current number of tasks: 614

KVM virtualization detected
Steal ticks since vm start: 2944
Steal ticks percentage since vm start:  0.000

CPU: total 4 (initial active 4) (1 cores per cpu, 1 threads per core) family 6 model 60 stepping 1 microcode 0x1, cx8, cmov, fxsr, mmx, sse, sse2, sse3, ssse3, sse4.1, sse4.2, popcnt, lzcnt, tsc, avx, avx2, aes, erms, clmul, bmi1, bmi2, fma, vzeroupper, clflush, hv
CPU Model and flags from /proc/cpuinfo:
model name	: Intel Core Processor (Haswell, no TSX)
flags		: fpu vme de pse tsc msr pae mce cx8 apic sep mtrr pge mca cmov pat pse36 clflush mmx fxsr sse sse2 syscall nx rdtscp lm constant_tsc rep_good nopl xtopology cpuid tsc_known_freq pni pclmulqdq vmx ssse3 fma cx16 pcid sse4_1 sse4_2 x2apic movbe popcnt tsc_deadline_timer aes xsave avx f16c rdrand hypervisor lahf_lm abm cpuid_fault invpcid_single pti tpr_shadow vnmi flexpriority ept vpid ept_ad fsgsbase bmi1 avx2 smep bmi2 erms invpcid xsaveopt arat md_clear

Online cpus: 0-3
Offline cpus: 
BIOS frequency limitation: <Not Available>
Frequency switch latency (ns): <Not Available>
Available cpu frequencies: <Not Available>
Current governor: <Not Available>
Core performance/turbo boost: <Not Available>

Memory: 4k page, physical 16014448k(3733308k free), swap 8388604k(7159992k free)
Page Sizes: 4k

vm_info: OpenJDK Server VM (17.0.11+9-LTS) for linux-x86 JRE (17.0.11+9-LTS) (Zulu17.50+19-CA), built on Apr  9 2024 07:14:46 by "zulu_re" with gcc 8.3.0

END.
