#
# A fatal error has been detected by the Java Runtime Environment:
#
#  SIGSEGV (0xb) at pc=0xf7843618, pid=1372992, tid=1372992
#
# JRE version: OpenJDK Runtime Environment Zulu17.50+19-CA (17.0.11+9) (build 17.0.11+9-LTS)
# Java VM: OpenJDK Server VM Zulu17.50+19-CA (17.0.11+9-LTS, mixed mode, sharing, tiered, g1 gc, linux-x86)
# Problematic frame:
# C  [libc.so.6+0x84618]  cfree+0x28
#
# Core dump will be written. Default location: Core dumps may be processed with "/usr/lib/systemd/systemd-coredump %P %u %g %s %t %c %h %e" (or dumping to /home/almalinux/swg-returns-nge/exe/linux/core.1372992)
#
# If you would like to submit a bug report, please visit:
#   http://www.azul.com/support/
#

---------------  S U M M A R Y ------------

Command Line: -Xms128m -Xmx512m -Xss768k -XX:MaxMetaspaceSize=96m -Xrs -XX:-UsePerfData -XX:-AllowUserSignalHandlers -XX:UseSSE=3 -XX+DoEscapeAnalysis -XX:AutoBoxCacheMax:2000 -XX:+OptimizeStringConcat -XX:+OptimizeFill -XX:+EliminateAutoBox -XX:+UseCompressedStrings -XX:+UseCompressedOops -XX:+EliminateLocks -XX:UseFastAccessorMethods -XX:+UseStringCache -XgcPrio:throughput -XXkeepAreaRatio:1 -XXlazyUnlocking -XXcallProfiling -XXcompactRatio:1 

Host: Intel Core Processor (Haswell, no TSX), 4 cores, 15G, AlmaLinux release 8.10 (Cerulean Leopard)
Time: Sun Jan 25 12:03:51 2026 UTC elapsed time: 4027.525445 seconds (0d 1h 7m 7s)

---------------  T H R E A D  ---------------

Current thread is native thread

Stack: [0xffc99000,0xffd59000],  sp=0xffd570d0,  free space=760k
Native frames: (J=compiled Java code, j=interpreted, Vv=VM code, C=native code)
C  [libc.so.6+0x84618]  cfree+0x28


siginfo: si_signo: 11 (SIGSEGV), si_code: 1 (SEGV_MAPERR), si_addr: 0x00000003

Registers:
EAX=0x00000000, EBX=0x00000007, ECX=0xf6e8184c, EDX=0x0a954e48
ESP=0xffd570d0, EBP=0xffd57208, ESI=0xf7964000, EDI=0x00000000
EIP=0xf7843618, EFLAGS=0x00210202, CR2=0x0000000000000003


Top of Stack: (sp=0xffd570d0)
0xffd570d0:   0a5d8010 00000000 ffd57208 f7ad0f1c
0xffd570e0:   0a5d80a0 f7be7a04 0a954e20 f7ad0f1c
0xffd570f0:   00000007 f7ad0f0a f7be7a04 f7ad0f4c
0xffd57100:   0a5d80a0 f7ad0f0a 0a958bc0 085b6163
0xffd57110:   00000007 0a5d8010 0a5d7d20 085bb8d1
0xffd57120:   0a5d8010 0a5d7d20 00000000 085bb89b
0xffd57130:   0bdf6db0 ffd57157 ffd5717c 085c6969
0xffd57140:   087d6c00 ffd5717c ffd57208 084fc53b
0xffd57150:   00000014 00010002 00000000 00000000
0xffd57160:   01010100 00000001 09aa44c0 00000000
0xffd57170:   00000000 00000000 00000000 00000000
0xffd57180:   00000000 00000015 ffd572d8 f77f46ff
0xffd57190:   f796441c 47677753 53656d61 65767265
0xffd571a0:   33313a72 39393237 09290032 0a93a1e0
0xffd571b0:   08ea0100 08ebc230 08ea5888 f796441c
0xffd571c0:   00000428 00000420 f77f4779 085758fd
0xffd571d0:   08ea2a80 09b1ea78 08ea5888 08574f56
0xffd571e0:   0929a2c4 0929a2c4 ffd572d8 08ea583b
0xffd571f0:   0000000c ffd572a4 ffd57220 f7964000
0xffd57200:   00000000 08575910 00000000 f77dcf26
0xffd57210:   00000000 08575910 00000000 f77dcf26
0xffd57220:   0000000c ffd572a4 ffd572d8 ffd57244
0xffd57230:   0929a2d0 00000000 ffd572d8 f7964000
0xffd57240:   f77cc75c f7964000 00000000 08575910
0xffd57250:   00000000 67c6a8aa 36bf20bb 00000000
0xffd57260:   00000000 00000000 f7ee34d0 f77dce30
0xffd57270:   084fc260 0929a2c4 0000000c 08575946
0xffd57280:   084fc260 0000000c ffd572a4 08ea57f0
0xffd57290:   08ea5850 f7ee34d0 ffd5729c f7f10970
0xffd572a0:   0000000c ffd5763b ffd5764d ffd57650
0xffd572b0:   ffd57662 ffd57665 ffd57670 ffd57694
0xffd572c0:   ffd576a4 ffd576b0 ffd576cc ffd576cf 

Instructions: (pc=0xf7843618)
0xf7843518:   50 8d 96 86 f7 fa ff 8d 86 d0 2f fb ff e8 c6 b7
0xf7843528:   ff ff 8d b6 00 00 00 00 bb 20 00 00 00 e9 5e fe
0xf7843538:   ff ff e8 a1 c0 ff ff 89 c5 85 c0 0f 85 68 ff ff
0xf7843548:   ff 31 d2 8d 44 3b 10 e8 8c c1 ff ff 89 da 89 f9
0xf7843558:   89 c5 e8 11 f0 ff ff 89 c2 85 c0 75 1b 85 ed 74
0xf7843568:   17 90 89 fa 89 e8 e8 bd c5 ff ff 89 da 89 f9 89
0xf7843578:   c5 e8 f2 ef ff ff 89 c2 85 ed 0f 84 57 ff ff ff
0xf7843588:   e9 39 ff ff ff 8d 86 b8 31 fb ff 83 ec 0c b9 25
0xf7843598:   0d 00 00 50 8d 96 86 f7 fa ff 8d 86 74 2f fb ff
0xf78435a8:   e8 43 b7 ff ff 8d 76 00 f3 0f 1e fb e8 0a 9a f9
0xf78435b8:   ff 05 47 0a 12 00 56 53 83 ec 04 8b 5c 24 10 8b
0xf78435c8:   74 24 14 8b 80 50 ff ff ff c7 00 00 00 00 00 e8
0xf78435d8:   54 bb ff ff 8b 4c 24 0c 83 c4 04 89 f2 89 d8 5b
0xf78435e8:   5e e9 42 fd ff ff 66 90 f3 0f 1e fb 56 e8 9a 9b
0xf78435f8:   f9 ff 81 c6 06 0a 12 00 53 83 ec 14 8b 5c 24 20
0xf7843608:   8b 86 5c ff ff ff 8b 00 85 c0 75 6c 85 db 74 75
0xf7843618:   8b 4b fc 8d 53 f8 f6 c1 02 75 35 8b 86 70 fe ff
0xf7843628:   ff 65 8b 00 85 c0 0f 84 8c 00 00 00 83 e1 04 8d
0xf7843638:   86 60 07 00 00 74 09 89 d0 25 00 00 f0 ff 8b 00
0xf7843648:   83 c4 14 31 c9 5b 5e e9 8c cb ff ff 8d 74 26 00
0xf7843658:   8b 9e 60 01 00 00 85 db 75 10 3b 8e 48 01 00 00
0xf7843668:   76 08 81 f9 00 00 08 00 76 26 83 c4 14 89 d0 5b
0xf7843678:   5e e9 92 b8 ff ff 66 90 83 ec 08 ff 74 24 24 53
0xf7843688:   ff d0 83 c4 10 83 c4 14 5b 5e c3 8d 74 26 00 90
0xf7843698:   39 96 80 1d 00 00 77 08 39 96 7c 1d 00 00 77 ca
0xf78436a8:   83 e1 f8 8d 04 09 89 8e 48 01 00 00 89 86 40 01
0xf78436b8:   00 00 90 eb b5 8d 76 00 8b 86 74 fe ff ff 65 80
0xf78436c8:   38 00 0f 85 64 ff ff ff 89 54 24 0c e8 97 ed ff
0xf78436d8:   ff 8b 4b fc 8b 54 24 0c e9 4f ff ff ff 8d b4 26
0xf78436e8:   00 00 00 00 8d 74 26 00 f3 0f 1e fb 55 57 56 e8
0xf78436f8:   98 9a f9 ff 81 c6 04 09 12 00 53 83 ec 0c 8b 86
0xf7843708:   70 fe ff ff 8b 96 74 fe ff ff 65 8b 28 65 c6 02 



---------------  P R O C E S S  ---------------

VM state: at safepoint (shutting down)

VM Mutex/Monitor currently owned by a thread:  ([mutex/lock_event])
[0xf5e21d30] Threads_lock - owner thread: 0xc4194cf0

GC Precious Log:
<Skipped>

Heap:
 garbage-first heap   total 131072K, used 15939K [0xc5c00000, 0xe5c00000)
  region size 1024K, 12 young (12288K), 8 survivors (8192K)
 Metaspace       used 8072K, committed 9088K, reserved 16384K

Heap Regions: E=young(eden), S=young(survivor), O=old, HS=humongous(starts), HC=humongous(continues), CS=collection set, F=free, OA=open archive, CA=closed archive, TAMS=top-at-mark-start (previous, next)
|   0|0xc5c00000, 0xc5d00000, 0xc5d00000|100%| O|  |TAMS 0xc5c00000, 0xc5c00000| Untracked 
|   1|0xc5d00000, 0xc5e00000, 0xc5e00000|100%| O|  |TAMS 0xc5d00000, 0xc5d00000| Untracked 
|   2|0xc5e00000, 0xc5f00000, 0xc5f00000|100%| O|  |TAMS 0xc5e00000, 0xc5e00000| Untracked 
|   3|0xc5f00000, 0xc5f90c00, 0xc6000000| 56%| O|  |TAMS 0xc5f00000, 0xc5f00000| Untracked 
|   4|0xc6000000, 0xc6000000, 0xc6100000|  0%| F|  |TAMS 0xc6000000, 0xc6000000| Untracked 
|   5|0xc6100000, 0xc6100000, 0xc6200000|  0%| F|  |TAMS 0xc6100000, 0xc6100000| Untracked 
|   6|0xc6200000, 0xc6200000, 0xc6300000|  0%| F|  |TAMS 0xc6200000, 0xc6200000| Untracked 
|   7|0xc6300000, 0xc6300000, 0xc6400000|  0%| F|  |TAMS 0xc6300000, 0xc6300000| Untracked 
|   8|0xc6400000, 0xc6400000, 0xc6500000|  0%| F|  |TAMS 0xc6400000, 0xc6400000| Untracked 
|   9|0xc6500000, 0xc6500000, 0xc6600000|  0%| F|  |TAMS 0xc6500000, 0xc6500000| Untracked 
|  10|0xc6600000, 0xc6600000, 0xc6700000|  0%| F|  |TAMS 0xc6600000, 0xc6600000| Untracked 
|  11|0xc6700000, 0xc6700000, 0xc6800000|  0%| F|  |TAMS 0xc6700000, 0xc6700000| Untracked 
|  12|0xc6800000, 0xc6800000, 0xc6900000|  0%| F|  |TAMS 0xc6800000, 0xc6800000| Untracked 
|  13|0xc6900000, 0xc6900000, 0xc6a00000|  0%| F|  |TAMS 0xc6900000, 0xc6900000| Untracked 
|  14|0xc6a00000, 0xc6a00000, 0xc6b00000|  0%| F|  |TAMS 0xc6a00000, 0xc6a00000| Untracked 
|  15|0xc6b00000, 0xc6b00000, 0xc6c00000|  0%| F|  |TAMS 0xc6b00000, 0xc6b00000| Untracked 
|  16|0xc6c00000, 0xc6c00000, 0xc6d00000|  0%| F|  |TAMS 0xc6c00000, 0xc6c00000| Untracked 
|  17|0xc6d00000, 0xc6d00000, 0xc6e00000|  0%| F|  |TAMS 0xc6d00000, 0xc6d00000| Untracked 
|  18|0xc6e00000, 0xc6e00000, 0xc6f00000|  0%| F|  |TAMS 0xc6e00000, 0xc6e00000| Untracked 
|  19|0xc6f00000, 0xc6f00000, 0xc7000000|  0%| F|  |TAMS 0xc6f00000, 0xc6f00000| Untracked 
|  20|0xc7000000, 0xc7000000, 0xc7100000|  0%| F|  |TAMS 0xc7000000, 0xc7000000| Untracked 
|  21|0xc7100000, 0xc7100000, 0xc7200000|  0%| F|  |TAMS 0xc7100000, 0xc7100000| Untracked 
|  22|0xc7200000, 0xc7200000, 0xc7300000|  0%| F|  |TAMS 0xc7200000, 0xc7200000| Untracked 
|  23|0xc7300000, 0xc7300000, 0xc7400000|  0%| F|  |TAMS 0xc7300000, 0xc7300000| Untracked 
|  24|0xc7400000, 0xc7400000, 0xc7500000|  0%| F|  |TAMS 0xc7400000, 0xc7400000| Untracked 
|  25|0xc7500000, 0xc7500000, 0xc7600000|  0%| F|  |TAMS 0xc7500000, 0xc7500000| Untracked 
|  26|0xc7600000, 0xc7600000, 0xc7700000|  0%| F|  |TAMS 0xc7600000, 0xc7600000| Untracked 
|  27|0xc7700000, 0xc7700000, 0xc7800000|  0%| F|  |TAMS 0xc7700000, 0xc7700000| Untracked 
|  28|0xc7800000, 0xc7800000, 0xc7900000|  0%| F|  |TAMS 0xc7800000, 0xc7800000| Untracked 
|  29|0xc7900000, 0xc7900000, 0xc7a00000|  0%| F|  |TAMS 0xc7900000, 0xc7900000| Untracked 
|  30|0xc7a00000, 0xc7a00000, 0xc7b00000|  0%| F|  |TAMS 0xc7a00000, 0xc7a00000| Untracked 
|  31|0xc7b00000, 0xc7b00000, 0xc7c00000|  0%| F|  |TAMS 0xc7b00000, 0xc7b00000| Untracked 
|  32|0xc7c00000, 0xc7c00000, 0xc7d00000|  0%| F|  |TAMS 0xc7c00000, 0xc7c00000| Untracked 
|  33|0xc7d00000, 0xc7d00000, 0xc7e00000|  0%| F|  |TAMS 0xc7d00000, 0xc7d00000| Untracked 
|  34|0xc7e00000, 0xc7e00000, 0xc7f00000|  0%| F|  |TAMS 0xc7e00000, 0xc7e00000| Untracked 
|  35|0xc7f00000, 0xc7f00000, 0xc8000000|  0%| F|  |TAMS 0xc7f00000, 0xc7f00000| Untracked 
|  36|0xc8000000, 0xc8000000, 0xc8100000|  0%| F|  |TAMS 0xc8000000, 0xc8000000| Untracked 
|  37|0xc8100000, 0xc8100000, 0xc8200000|  0%| F|  |TAMS 0xc8100000, 0xc8100000| Untracked 
|  38|0xc8200000, 0xc8200000, 0xc8300000|  0%| F|  |TAMS 0xc8200000, 0xc8200000| Untracked 
|  39|0xc8300000, 0xc8300000, 0xc8400000|  0%| F|  |TAMS 0xc8300000, 0xc8300000| Untracked 
|  40|0xc8400000, 0xc8400000, 0xc8500000|  0%| F|  |TAMS 0xc8400000, 0xc8400000| Untracked 
|  41|0xc8500000, 0xc8500000, 0xc8600000|  0%| F|  |TAMS 0xc8500000, 0xc8500000| Untracked 
|  42|0xc8600000, 0xc8600000, 0xc8700000|  0%| F|  |TAMS 0xc8600000, 0xc8600000| Untracked 
|  43|0xc8700000, 0xc8700000, 0xc8800000|  0%| F|  |TAMS 0xc8700000, 0xc8700000| Untracked 
|  44|0xc8800000, 0xc8900000, 0xc8900000|100%| S|CS|TAMS 0xc8800000, 0xc8800000| Complete 
|  45|0xc8900000, 0xc8900000, 0xc8a00000|  0%| F|  |TAMS 0xc8900000, 0xc8900000| Untracked 
|  46|0xc8a00000, 0xc8a00000, 0xc8b00000|  0%| F|  |TAMS 0xc8a00000, 0xc8a00000| Untracked 
|  47|0xc8b00000, 0xc8c00000, 0xc8c00000|100%| S|CS|TAMS 0xc8b00000, 0xc8b00000| Complete 
|  48|0xc8c00000, 0xc8d00000, 0xc8d00000|100%| S|CS|TAMS 0xc8c00000, 0xc8c00000| Complete 
|  49|0xc8d00000, 0xc8e00000, 0xc8e00000|100%| S|CS|TAMS 0xc8d00000, 0xc8d00000| Complete 
|  50|0xc8e00000, 0xc8f00000, 0xc8f00000|100%| S|CS|TAMS 0xc8e00000, 0xc8e00000| Complete 
|  51|0xc8f00000, 0xc9000000, 0xc9000000|100%| S|CS|TAMS 0xc8f00000, 0xc8f00000| Complete 
|  52|0xc9000000, 0xc9000000, 0xc9100000|  0%| F|  |TAMS 0xc9000000, 0xc9000000| Untracked 
|  53|0xc9100000, 0xc9100000, 0xc9200000|  0%| F|  |TAMS 0xc9100000, 0xc9100000| Untracked 
|  54|0xc9200000, 0xc9200000, 0xc9300000|  0%| F|  |TAMS 0xc9200000, 0xc9200000| Untracked 
|  55|0xc9300000, 0xc9300000, 0xc9400000|  0%| F|  |TAMS 0xc9300000, 0xc9300000| Untracked 
|  56|0xc9400000, 0xc9400000, 0xc9500000|  0%| F|  |TAMS 0xc9400000, 0xc9400000| Untracked 
|  57|0xc9500000, 0xc9600000, 0xc9600000|100%| S|CS|TAMS 0xc9500000, 0xc9500000| Complete 
|  58|0xc9600000, 0xc9700000, 0xc9700000|100%| S|CS|TAMS 0xc9600000, 0xc9600000| Complete 
|  59|0xc9700000, 0xc9700000, 0xc9800000|  0%| F|  |TAMS 0xc9700000, 0xc9700000| Untracked 
|  60|0xc9800000, 0xc9800000, 0xc9900000|  0%| F|  |TAMS 0xc9800000, 0xc9800000| Untracked 
|  61|0xc9900000, 0xc9900000, 0xc9a00000|  0%| F|  |TAMS 0xc9900000, 0xc9900000| Untracked 
|  62|0xc9a00000, 0xc9a00000, 0xc9b00000|  0%| F|  |TAMS 0xc9a00000, 0xc9a00000| Untracked 
|  63|0xc9b00000, 0xc9b00000, 0xc9c00000|  0%| F|  |TAMS 0xc9b00000, 0xc9b00000| Untracked 
|  64|0xc9c00000, 0xc9c00000, 0xc9d00000|  0%| F|  |TAMS 0xc9c00000, 0xc9c00000| Untracked 
|  65|0xc9d00000, 0xc9d00000, 0xc9e00000|  0%| F|  |TAMS 0xc9d00000, 0xc9d00000| Untracked 
|  66|0xc9e00000, 0xc9e00000, 0xc9f00000|  0%| F|  |TAMS 0xc9e00000, 0xc9e00000| Untracked 
|  67|0xc9f00000, 0xc9f00000, 0xca000000|  0%| F|  |TAMS 0xc9f00000, 0xc9f00000| Untracked 
|  68|0xca000000, 0xca000000, 0xca100000|  0%| F|  |TAMS 0xca000000, 0xca000000| Untracked 
|  69|0xca100000, 0xca100000, 0xca200000|  0%| F|  |TAMS 0xca100000, 0xca100000| Untracked 
|  70|0xca200000, 0xca200000, 0xca300000|  0%| F|  |TAMS 0xca200000, 0xca200000| Untracked 
|  71|0xca300000, 0xca300000, 0xca400000|  0%| F|  |TAMS 0xca300000, 0xca300000| Untracked 
|  72|0xca400000, 0xca400000, 0xca500000|  0%| F|  |TAMS 0xca400000, 0xca400000| Untracked 
|  73|0xca500000, 0xca500000, 0xca600000|  0%| F|  |TAMS 0xca500000, 0xca500000| Untracked 
|  74|0xca600000, 0xca600000, 0xca700000|  0%| F|  |TAMS 0xca600000, 0xca600000| Untracked 
|  75|0xca700000, 0xca700000, 0xca800000|  0%| F|  |TAMS 0xca700000, 0xca700000| Untracked 
|  76|0xca800000, 0xca800000, 0xca900000|  0%| F|  |TAMS 0xca800000, 0xca800000| Untracked 
|  77|0xca900000, 0xca900000, 0xcaa00000|  0%| F|  |TAMS 0xca900000, 0xca900000| Untracked 
|  78|0xcaa00000, 0xcaa00000, 0xcab00000|  0%| F|  |TAMS 0xcaa00000, 0xcaa00000| Untracked 
|  79|0xcab00000, 0xcab00000, 0xcac00000|  0%| F|  |TAMS 0xcab00000, 0xcab00000| Untracked 
|  80|0xcac00000, 0xcac00000, 0xcad00000|  0%| F|  |TAMS 0xcac00000, 0xcac00000| Untracked 
|  81|0xcad00000, 0xcad00000, 0xcae00000|  0%| F|  |TAMS 0xcad00000, 0xcad00000| Untracked 
|  82|0xcae00000, 0xcae00000, 0xcaf00000|  0%| F|  |TAMS 0xcae00000, 0xcae00000| Untracked 
|  83|0xcaf00000, 0xcaf00000, 0xcb000000|  0%| F|  |TAMS 0xcaf00000, 0xcaf00000| Untracked 
|  84|0xcb000000, 0xcb000000, 0xcb100000|  0%| F|  |TAMS 0xcb000000, 0xcb000000| Untracked 
|  85|0xcb100000, 0xcb100000, 0xcb200000|  0%| F|  |TAMS 0xcb100000, 0xcb100000| Untracked 
|  86|0xcb200000, 0xcb200000, 0xcb300000|  0%| F|  |TAMS 0xcb200000, 0xcb200000| Untracked 
|  87|0xcb300000, 0xcb300000, 0xcb400000|  0%| F|  |TAMS 0xcb300000, 0xcb300000| Untracked 
|  88|0xcb400000, 0xcb400000, 0xcb500000|  0%| F|  |TAMS 0xcb400000, 0xcb400000| Untracked 
|  89|0xcb500000, 0xcb500000, 0xcb600000|  0%| F|  |TAMS 0xcb500000, 0xcb500000| Untracked 
|  90|0xcb600000, 0xcb600000, 0xcb700000|  0%| F|  |TAMS 0xcb600000, 0xcb600000| Untracked 
|  91|0xcb700000, 0xcb700000, 0xcb800000|  0%| F|  |TAMS 0xcb700000, 0xcb700000| Untracked 
|  92|0xcb800000, 0xcb800000, 0xcb900000|  0%| F|  |TAMS 0xcb800000, 0xcb800000| Untracked 
|  93|0xcb900000, 0xcb900000, 0xcba00000|  0%| F|  |TAMS 0xcb900000, 0xcb900000| Untracked 
|  94|0xcba00000, 0xcba00000, 0xcbb00000|  0%| F|  |TAMS 0xcba00000, 0xcba00000| Untracked 
|  95|0xcbb00000, 0xcbb00000, 0xcbc00000|  0%| F|  |TAMS 0xcbb00000, 0xcbb00000| Untracked 
|  96|0xcbc00000, 0xcbc00000, 0xcbd00000|  0%| F|  |TAMS 0xcbc00000, 0xcbc00000| Untracked 
|  97|0xcbd00000, 0xcbd00000, 0xcbe00000|  0%| F|  |TAMS 0xcbd00000, 0xcbd00000| Untracked 
|  98|0xcbe00000, 0xcbe00000, 0xcbf00000|  0%| F|  |TAMS 0xcbe00000, 0xcbe00000| Untracked 
|  99|0xcbf00000, 0xcbf00000, 0xcc000000|  0%| F|  |TAMS 0xcbf00000, 0xcbf00000| Untracked 
| 100|0xcc000000, 0xcc000000, 0xcc100000|  0%| F|  |TAMS 0xcc000000, 0xcc000000| Untracked 
| 101|0xcc100000, 0xcc100000, 0xcc200000|  0%| F|  |TAMS 0xcc100000, 0xcc100000| Untracked 
| 102|0xcc200000, 0xcc200000, 0xcc300000|  0%| F|  |TAMS 0xcc200000, 0xcc200000| Untracked 
| 103|0xcc300000, 0xcc300000, 0xcc400000|  0%| F|  |TAMS 0xcc300000, 0xcc300000| Untracked 
| 104|0xcc400000, 0xcc400000, 0xcc500000|  0%| F|  |TAMS 0xcc400000, 0xcc400000| Untracked 
| 105|0xcc500000, 0xcc500000, 0xcc600000|  0%| F|  |TAMS 0xcc500000, 0xcc500000| Untracked 
| 106|0xcc600000, 0xcc600000, 0xcc700000|  0%| F|  |TAMS 0xcc600000, 0xcc600000| Untracked 
| 107|0xcc700000, 0xcc700000, 0xcc800000|  0%| F|  |TAMS 0xcc700000, 0xcc700000| Untracked 
| 108|0xcc800000, 0xcc800000, 0xcc900000|  0%| F|  |TAMS 0xcc800000, 0xcc800000| Untracked 
| 109|0xcc900000, 0xcc900000, 0xcca00000|  0%| F|  |TAMS 0xcc900000, 0xcc900000| Untracked 
| 110|0xcca00000, 0xcca00000, 0xccb00000|  0%| F|  |TAMS 0xcca00000, 0xcca00000| Untracked 
| 111|0xccb00000, 0xccb00000, 0xccc00000|  0%| F|  |TAMS 0xccb00000, 0xccb00000| Untracked 
| 112|0xccc00000, 0xccc00000, 0xccd00000|  0%| F|  |TAMS 0xccc00000, 0xccc00000| Untracked 
| 113|0xccd00000, 0xccd00000, 0xcce00000|  0%| F|  |TAMS 0xccd00000, 0xccd00000| Untracked 
| 114|0xcce00000, 0xcce00000, 0xccf00000|  0%| F|  |TAMS 0xcce00000, 0xcce00000| Untracked 
| 115|0xccf00000, 0xccf00000, 0xcd000000|  0%| F|  |TAMS 0xccf00000, 0xccf00000| Untracked 
| 116|0xcd000000, 0xcd000000, 0xcd100000|  0%| F|  |TAMS 0xcd000000, 0xcd000000| Untracked 
| 117|0xcd100000, 0xcd100000, 0xcd200000|  0%| F|  |TAMS 0xcd100000, 0xcd100000| Untracked 
| 118|0xcd200000, 0xcd200000, 0xcd300000|  0%| F|  |TAMS 0xcd200000, 0xcd200000| Untracked 
| 119|0xcd300000, 0xcd300000, 0xcd400000|  0%| F|  |TAMS 0xcd300000, 0xcd300000| Untracked 
| 120|0xcd400000, 0xcd400000, 0xcd500000|  0%| F|  |TAMS 0xcd400000, 0xcd400000| Untracked 
| 121|0xcd500000, 0xcd500000, 0xcd600000|  0%| F|  |TAMS 0xcd500000, 0xcd500000| Untracked 
| 122|0xcd600000, 0xcd600000, 0xcd700000|  0%| F|  |TAMS 0xcd600000, 0xcd600000| Untracked 
| 123|0xcd700000, 0xcd700000, 0xcd800000|  0%| F|  |TAMS 0xcd700000, 0xcd700000| Untracked 
| 124|0xcd800000, 0xcd900000, 0xcd900000|100%| E|  |TAMS 0xcd800000, 0xcd800000| Complete 
| 125|0xcd900000, 0xcda00000, 0xcda00000|100%| E|CS|TAMS 0xcd900000, 0xcd900000| Complete 
| 126|0xcda00000, 0xcdb00000, 0xcdb00000|100%| E|CS|TAMS 0xcda00000, 0xcda00000| Complete 
| 127|0xcdb00000, 0xcdc00000, 0xcdc00000|100%| E|CS|TAMS 0xcdb00000, 0xcdb00000| Complete 

Card table byte_map: [0xc5a00000,0xc5b00000] _byte_map_base: 0xc53d2000

Marking Bits (Prev, Next): (CMBitMap*) 0xf5e8b528, (CMBitMap*) 0xf5e8b548
 Prev Bits: [0xc5100000, 0xc5900000)
 Next Bits: [0xc4900000, 0xc5100000)

Polling page: 0xf7ed5000

Metaspace:

Usage:
    7.88 MB used.

Virtual space:
     16.00 MB reserved,       8.88 MB ( 55%) committed,  1 nodes.

Chunk freelists:
4.87 MB

MaxMetaspaceSize: 96.00 MB
No class space
Initial GC threshold: 16.00 MB
Current GC threshold: 16.00 MB
CDS: on
MetaspaceReclaimPolicy: balanced
 - commit_granule_bytes: 65536.
 - commit_granule_words: 16384.
 - virtual_space_node_default_size: 4194304.
 - enlarge_chunks_in_place: 1.
 - new_chunks_are_fully_committed: 0.
 - uncommit_free_chunks: 1.
 - use_allocation_guard: 0.
 - handle_deallocations: 1.


Internal statistics:

num_allocs_failed_limit: 0.
num_arena_births: 590.
num_arena_deaths: 0.
num_vsnodes_births: 1.
num_vsnodes_deaths: 0.
num_space_committed: 142.
num_space_uncommitted: 0.
num_chunks_returned_to_freelist: 0.
num_chunks_taken_from_freelist: 1052.
num_chunk_merges: 0.
num_chunk_splits: 752.
num_chunks_enlarged: 524.
num_inconsistent_stats: 0.

CodeHeap 'non-profiled nmethods': size=120172Kb used=1321Kb max_used=1321Kb free=118851Kb
 bounds [0xed7f5000, 0xeda35000, 0xf4d50000]
CodeHeap 'profiled nmethods': size=120172Kb used=4546Kb max_used=4546Kb free=115625Kb
 bounds [0xe5d50000, 0xe61c8000, 0xed2ab000]
CodeHeap 'non-nmethods': size=5416Kb used=749Kb max_used=801Kb free=4666Kb
 bounds [0xed2ab000, 0xed4eb000, 0xed7f5000]
 total_blobs=2597 nmethods=2233 adapters=278
 compilation: enabled
              stopped_count=0, restarted_count=0
 full_count=0

Compilation events (20 events):
Event: 3131.866 Thread 0xc419f450 2241   !   4       java.io.ObjectStreamClass::readNonProxy (401 bytes)
Event: 3131.969 Thread 0xc419f450 nmethod 2241 0xed938688 code [0xed938920, 0xed93a6a8]
Event: 3186.750 Thread 0xc419f450 2242   !   4       java.io.ObjectInputStream::resolveClass (39 bytes)
Event: 3186.755 Thread 0xc419f450 nmethod 2242 0xed93bb08 code [0xed93bc60, 0xed93bdd0]
Event: 3309.818 Thread 0xc419f450 2243       4       java.io.ObjectStreamClass::classNamesEqual (59 bytes)
Event: 3309.987 Thread 0xc419f450 nmethod 2243 0xed93c008 code [0xed93c140, 0xed93c810]
Event: 3388.792 Thread 0xc419f450 2244       4       script.base_class::getIntObjVar (9 bytes)
Event: 3388.794 Thread 0xc419f450 nmethod 2244 0xed93cc88 code [0xed93cda0, 0xed93ce5c]
Event: 3510.846 Thread 0xc41a0580 2245   !   3       java.lang.ref.ReferenceQueue::remove (125 bytes)
Event: 3510.848 Thread 0xc41a0580 nmethod 2245 0xe61bf588 code [0xe61bf740, 0xe61bfe70]
Event: 3510.848 Thread 0xc41a0580 2246   !   3       jdk.internal.ref.PhantomCleanable::isListEmpty (34 bytes)
Event: 3510.848 Thread 0xc41a0580 nmethod 2246 0xe61c0188 code [0xe61c02c0, 0xe61c04e0]
Event: 3519.898 Thread 0xc419f450 2247       4       script.dictionary_byte_array_output_stream::toByteArray (78 bytes)
Event: 3519.927 Thread 0xc419f450 nmethod 2247 0xed93cf88 code [0xed93d0c0, 0xed93d590]
Event: 3904.822 Thread 0xc41a0580 2248       3       script.base_class::setObjVar (10 bytes)
Event: 3904.823 Thread 0xc41a0580 nmethod 2248 0xe61c0608 code [0xe61c0760, 0xe61c096c]
Event: 3987.905 Thread 0xc419f450 2250       4       java.lang.invoke.Invokers$Holder::linkToTargetMethod (13 bytes)
Event: 3987.906 Thread 0xc419f450 nmethod 2250 0xed93da08 code [0xed93db40, 0xed93dc24]
Event: 3987.907 Thread 0xc419f450 2251       4       java.lang.invoke.LambdaForm$MH/0xc2725448::invoke (253 bytes)
Event: 3987.913 Thread 0xc419f450 nmethod 2251 0xed93dd08 code [0xed93df20, 0xed93e568]

GC Heap History (10 events):
Event: 68.400 GC heap before
{Heap before GC invocations=0 (full 0):
 garbage-first heap   total 131072K, used 12288K [0xc5c00000, 0xe5c00000)
  region size 1024K, 13 young (13312K), 0 survivors (0K)
 Metaspace       used 3075K, committed 3264K, reserved 16384K
}
Event: 68.470 GC heap after
{Heap after GC invocations=1 (full 0):
 garbage-first heap   total 131072K, used 2633K [0xc5c00000, 0xe5c00000)
  region size 1024K, 2 young (2048K), 2 survivors (2048K)
 Metaspace       used 3075K, committed 3264K, reserved 16384K
}
Event: 148.109 GC heap before
{Heap before GC invocations=1 (full 0):
 garbage-first heap   total 131072K, used 17993K [0xc5c00000, 0xe5c00000)
  region size 1024K, 17 young (17408K), 2 survivors (2048K)
 Metaspace       used 4019K, committed 4416K, reserved 16384K
}
Event: 148.152 GC heap after
{Heap after GC invocations=2 (full 0):
 garbage-first heap   total 131072K, used 3886K [0xc5c00000, 0xe5c00000)
  region size 1024K, 2 young (2048K), 2 survivors (2048K)
 Metaspace       used 4019K, committed 4416K, reserved 16384K
}
Event: 336.467 GC heap before
{Heap before GC invocations=2 (full 0):
 garbage-first heap   total 131072K, used 79662K [0xc5c00000, 0xe5c00000)
  region size 1024K, 76 young (77824K), 2 survivors (2048K)
 Metaspace       used 6001K, committed 6720K, reserved 16384K
}
Event: 336.499 GC heap after
{Heap after GC invocations=3 (full 0):
 garbage-first heap   total 131072K, used 7038K [0xc5c00000, 0xe5c00000)
  region size 1024K, 5 young (5120K), 5 survivors (5120K)
 Metaspace       used 6001K, committed 6720K, reserved 16384K
}
Event: 392.702 GC heap before
{Heap before GC invocations=3 (full 0):
 garbage-first heap   total 131072K, used 79742K [0xc5c00000, 0xe5c00000)
  region size 1024K, 76 young (77824K), 5 survivors (5120K)
 Metaspace       used 7089K, committed 7936K, reserved 16384K
}
Event: 392.738 GC heap after
{Heap after GC invocations=4 (full 0):
 garbage-first heap   total 131072K, used 9114K [0xc5c00000, 0xe5c00000)
  region size 1024K, 7 young (7168K), 7 survivors (7168K)
 Metaspace       used 7089K, committed 7936K, reserved 16384K
}
Event: 3510.737 GC heap before
{Heap before GC invocations=4 (full 0):
 garbage-first heap   total 131072K, used 79770K [0xc5c00000, 0xe5c00000)
  region size 1024K, 76 young (77824K), 7 survivors (7168K)
 Metaspace       used 8070K, committed 9088K, reserved 16384K
}
Event: 3510.832 GC heap after
{Heap after GC invocations=5 (full 0):
 garbage-first heap   total 131072K, used 11843K [0xc5c00000, 0xe5c00000)
  region size 1024K, 8 young (8192K), 8 survivors (8192K)
 Metaspace       used 8070K, committed 9088K, reserved 16384K
}

Dll operation events (4 events):
Event: 0.066 Loaded shared library /usr/lib/jvm/java-17-zulu-openjdk-jdk-x86/lib/libjava.so
Event: 57.191 Loaded shared library /usr/lib/jvm/java-17-zulu-openjdk-jdk-x86/lib/libnio.so
Event: 57.192 Loaded shared library /usr/lib/jvm/java-17-zulu-openjdk-jdk-x86/lib/libjimage.so
Event: 57.194 Loaded shared library /usr/lib/jvm/java-17-zulu-openjdk-jdk-x86/lib/libnet.so

Deoptimization events (20 events):
Event: 535.054 Thread 0x0bc638a0 DEOPT PACKING pc=0xed88ead0 sp=0xffd541e0
Event: 535.054 Thread 0x0bc638a0 DEOPT UNPACKING pc=0xed2f4d33 sp=0xffd541ac mode 2
Event: 535.084 Thread 0x0bc638a0 Uncommon trap: trap_request=0xffffff45 fr.pc=0xed893224 relative=0x00000084
Event: 535.084 Thread 0x0bc638a0 Uncommon trap: reason=unstable_if action=reinterpret pc=0xed893224 method=java.lang.Integer.stringSize(I)I @ 19 c2
Event: 535.084 Thread 0x0bc638a0 DEOPT PACKING pc=0xed893224 sp=0xffd53cd0
Event: 535.084 Thread 0x0bc638a0 DEOPT UNPACKING pc=0xed2f4d33 sp=0xffd53c9c mode 2
Event: 535.131 Thread 0x0bc638a0 Uncommon trap: trap_request=0xffffff45 fr.pc=0xed8c7fd0 relative=0x00000570
Event: 535.131 Thread 0x0bc638a0 Uncommon trap: reason=unstable_if action=reinterpret pc=0xed8c7fd0 method=script.script_entry.runScripts(Ljava/lang/String;[Ljava/lang/Object;)I @ 243 c2
Event: 535.131 Thread 0x0bc638a0 DEOPT PACKING pc=0xed8c7fd0 sp=0xffd55310
Event: 535.131 Thread 0x0bc638a0 DEOPT UNPACKING pc=0xed2f4d33 sp=0xffd552e8 mode 2
Event: 567.785 Thread 0x0bc638a0 Uncommon trap: trap_request=0xfffffff4 fr.pc=0xed868e54 relative=0x000004f4
Event: 567.785 Thread 0x0bc638a0 Uncommon trap: reason=null_check action=make_not_entrant pc=0xed868e54 method=script.dictionary.getInt(Ljava/lang/Object;)I @ 25 c2
Event: 567.785 Thread 0x0bc638a0 DEOPT PACKING pc=0xed868e54 sp=0xffd56510
Event: 567.785 Thread 0x0bc638a0 DEOPT UNPACKING pc=0xed2f4d33 sp=0xffd56508 mode 2
Event: 784.063 Thread 0x0bc638a0 Uncommon trap: trap_request=0xffffff45 fr.pc=0xed86bb78 relative=0x00000058
Event: 784.063 Thread 0x0bc638a0 Uncommon trap: reason=unstable_if action=reinterpret pc=0xed86bb78 method=script.base_class.isIdValid(Lscript/obj_id;)Z @ 11 c2
Event: 784.063 Thread 0x0bc638a0 DEOPT PACKING pc=0xed86bb78 sp=0xffd56110
Event: 784.063 Thread 0x0bc638a0 DEOPT UNPACKING pc=0xed2f4d33 sp=0xffd560dc mode 2
Event: 1192.785 Thread 0x0bc638a0 DEOPT PACKING pc=0xe60d4dff sp=0xffd56a60
Event: 1192.785 Thread 0x0bc638a0 DEOPT UNPACKING pc=0xed2f4171 sp=0xffd56930 mode 0

Classes unloaded (0 events):
No events

Classes redefined (0 events):
No events

Internal exceptions (16 events):
Event: 57.214 Thread 0x0bc638a0 Exception <a 'java/lang/NoSuchMethodError'{0xcd33b500}: 'java.lang.Object java.lang.invoke.DirectMethodHandle$Holder.invokeStaticInit(java.lang.Object)'> (0xcd33b500) 
thrown [src/hotspot/share/interpreter/linkResolver.cpp, line 759]
Event: 68.160 Thread 0x0bc638a0 Exception <a 'java/lang/NoSuchMethodError'{0xcd3cfde0}: 'java.lang.Object java.lang.invoke.DirectMethodHandle$Holder.invokeStatic(java.lang.Object, float)'> (0xcd3cfde0) 
thrown [src/hotspot/share/interpreter/linkResolver.cpp, line 759]
Event: 68.491 Thread 0x0bc638a0 Exception <a 'java/lang/NoSuchMethodError'{0xcda0fd40}: 'java.lang.Object java.lang.invoke.DirectMethodHandle$Holder.invokeSpecial(java.lang.Object, java.lang.Object, java.lang.Object, java.lang.Object, int)'> (0xcda0fd40) 
thrown [src/hotspot/share/interpreter/linkResolver.cpp, line 759]
Event: 68.492 Thread 0x0bc638a0 Exception <a 'java/lang/NoSuchMethodError'{0xcda13280}: 'java.lang.Object java.lang.invoke.Invokers$Holder.linkToTargetMethod(java.lang.Object, java.lang.Object, int, java.lang.Object)'> (0xcda13280) 
thrown [src/hotspot/share/interpreter/linkResolver.cpp, line 759]
Event: 71.945 Thread 0x0bc638a0 Exception <a 'java/lang/NoSuchMethodError'{0xcd9664b8}: 'java.lang.Object java.lang.invoke.DirectMethodHandle$Holder.invokeSpecial(java.lang.Object, java.lang.Object, long, java.lang.Object, java.lang.Object, java.lang.Object, java.lang.Object, java.lang.Object, java.lang.Object)'> (0xcd9664b8) 
thrown [src/hotspot/share/interpreter/linkResolver.cpp, line 759]
Event: 71.946 Thread 0x0bc638a0 Exception <a 'java/lang/NoSuchMethodError'{0xcd96a890}: 'java.lang.Object java.lang.invoke.DelegatingMethodHandle$Holder.reinvoke_L(java.lang.Object, long, java.lang.Object, java.lang.Object, java.lang.Object, java.lang.Object, java.lang.Object, java.lang.Object)'> (0xcd96a890) 
thrown [src/hotspot/share/interpreter/linkResolver.cpp, line 759]
Event: 76.035 Thread 0x0bc638a0 Exception <a 'java/lang/NoSuchMethodError'{0xcd8aad08}: 'java.lang.Object java.lang.invoke.DirectMethodHandle$Holder.invokeSpecial(java.lang.Object, java.lang.Object, long, java.lang.Object, java.lang.Object, java.lang.Object, java.lang.Object, int, java.lang.Object)'> (0xcd8aad08) 
thrown [src/hotspot/share/interpreter/linkResolver.cpp, line 759]
Event: 76.046 Thread 0x0bc638a0 Exception <a 'java/lang/NoSuchMethodError'{0xcd8af008}: 'java.lang.Object java.lang.invoke.DelegatingMethodHandle$Holder.reinvoke_L(java.lang.Object, long, java.lang.Object, java.lang.Object, java.lang.Object, java.lang.Object, int, java.lang.Object)'> (0xcd8af008) 
thrown [src/hotspot/share/interpreter/linkResolver.cpp, line 759]
Event: 76.073 Thread 0x0bc638a0 Exception <a 'java/lang/NoSuchMethodError'{0xcd758400}: 'java.lang.Object java.lang.invoke.DirectMethodHandle$Holder.invokeSpecial(java.lang.Object, java.lang.Object, java.lang.Object, java.lang.Object, float)'> (0xcd758400) 
thrown [src/hotspot/share/interpreter/linkResolver.cpp, line 759]
Event: 170.785 Thread 0x0bc638a0 Exception <a 'java/lang/NoSuchMethodError'{0xcd0454b8}: 'java.lang.Object java.lang.invoke.DirectMethodHandle$Holder.invokeSpecial(java.lang.Object, java.lang.Object, java.lang.Object, java.lang.Object, java.lang.Object, java.lang.Object, int)'> (0xcd0454b8) 
thrown [src/hotspot/share/interpreter/linkResolver.cpp, line 759]
Event: 230.940 Thread 0x0bc638a0 Exception <a 'java/lang/NoSuchMethodError'{0xcbd9ad40}: static [Lscript/obj_id;.<clinit>()V> (0xcbd9ad40) 
thrown [src/hotspot/share/prims/jni.cpp, line 1112]
Event: 232.128 Thread 0x0bc638a0 Exception <a 'java/lang/NoSuchMethodError'{0xcb954cc0}: 'java.lang.Object java.lang.invoke.DirectMethodHandle$Holder.invokeSpecial(java.lang.Object, java.lang.Object, int, int, int)'> (0xcb954cc0) 
thrown [src/hotspot/share/interpreter/linkResolver.cpp, line 759]
Event: 535.019 Thread 0x0bc638a0 Exception <a 'java/lang/NoSuchMethodError'{0xcc8bf360}: 'java.lang.Object java.lang.invoke.DirectMethodHandle$Holder.invokeSpecial(java.lang.Object, java.lang.Object, java.lang.Object, java.lang.Object, int, java.lang.Object)'> (0xcc8bf360) 
thrown [src/hotspot/share/interpreter/linkResolver.cpp, line 759]
Event: 535.019 Thread 0x0bc638a0 Exception <a 'java/lang/NoSuchMethodError'{0xcc8c29c0}: 'java.lang.Object java.lang.invoke.Invokers$Holder.linkToTargetMethod(java.lang.Object, java.lang.Object, int, java.lang.Object, java.lang.Object)'> (0xcc8c29c0) 
thrown [src/hotspot/share/interpreter/linkResolver.cpp, line 759]
Event: 535.053 Thread 0x0bc638a0 Exception <a 'java/lang/NoSuchMethodError'{0xcc706700}: 'java.lang.Object java.lang.invoke.DirectMethodHandle$Holder.invokeSpecial(java.lang.Object, java.lang.Object, long, java.lang.Object, java.lang.Object, java.lang.Object, int, java.lang.Object, java.lang.Object)'> (0xcc706700) 
thrown [src/hotspot/share/interpreter/linkResolver.cpp, line 759]
Event: 535.053 Thread 0x0bc638a0 Exception <a 'java/lang/NoSuchMethodError'{0xcc70aa00}: 'java.lang.Object java.lang.invoke.DelegatingMethodHandle$Holder.reinvoke_L(java.lang.Object, long, java.lang.Object, java.lang.Object, java.lang.Object, int, java.lang.Object, java.lang.Object)'> (0xcc70aa00) 
thrown [src/hotspot/share/interpreter/linkResolver.cpp, line 759]

VM Operations (20 events):
Event: 722.341 Executing VM operation: Cleanup
Event: 722.341 Executing VM operation: Cleanup done
Event: 724.344 Executing VM operation: Cleanup
Event: 724.344 Executing VM operation: Cleanup done
Event: 760.417 Executing VM operation: Cleanup
Event: 760.417 Executing VM operation: Cleanup done
Event: 762.418 Executing VM operation: Cleanup
Event: 762.418 Executing VM operation: Cleanup done
Event: 780.447 Executing VM operation: Cleanup
Event: 780.447 Executing VM operation: Cleanup done
Event: 784.458 Executing VM operation: Cleanup
Event: 784.458 Executing VM operation: Cleanup done
Event: 1336.262 Executing VM operation: Cleanup
Event: 1336.263 Executing VM operation: Cleanup done
Event: 2937.144 Executing VM operation: Cleanup
Event: 2937.144 Executing VM operation: Cleanup done
Event: 3510.737 Executing VM operation: G1CollectForAllocation
Event: 3510.832 Executing VM operation: G1CollectForAllocation done
Event: 3511.832 Executing VM operation: Cleanup
Event: 3511.832 Executing VM operation: Cleanup done

Events (20 events):
Event: 231.013 loading class java/lang/constant/DirectMethodHandleDescImpl
Event: 231.013 loading class java/lang/constant/DirectMethodHandleDesc
Event: 231.013 loading class java/lang/constant/DirectMethodHandleDesc done
Event: 231.014 loading class java/lang/constant/DirectMethodHandleDescImpl done
Event: 231.014 loading class java/lang/constant/DirectMethodHandleDescImpl$1
Event: 231.014 loading class java/lang/constant/DirectMethodHandleDescImpl$1 done
Event: 231.014 loading class java/lang/constant/DirectMethodHandleDesc$1
Event: 231.014 loading class java/lang/constant/DirectMethodHandleDesc$1 done
Event: 231.014 loading class java/lang/constant/PrimitiveClassDescImpl
Event: 231.014 loading class java/lang/constant/DynamicConstantDesc
Event: 231.014 loading class java/lang/constant/DynamicConstantDesc done
Event: 231.014 loading class java/lang/constant/PrimitiveClassDescImpl done
Event: 231.015 loading class java/lang/constant/DynamicConstantDesc$AnonymousDynamicConstantDesc
Event: 231.015 loading class java/lang/constant/DynamicConstantDesc$AnonymousDynamicConstantDesc done
Event: 341.931 loading class java/lang/AssertionError
Event: 341.931 loading class java/lang/AssertionError done
Event: 534.946 loading class java/util/Vector$Itr
Event: 534.946 loading class java/util/Vector$Itr done
Event: 4012.725 Thread 0x0bc638a0 Thread exited: 0x0bc638a0
Event: 4012.731 Thread 0xf5e242d0 Thread exited: 0xf5e242d0


Dynamic libraries:
08048000-09298000 r-xp 00000000 08:04 494947248                          /home/almalinux/swg-returns-nge/build/bin/SwgGameServer
09298000-0929c000 rw-p 0124f000 08:04 494947248                          /home/almalinux/swg-returns-nge/build/bin/SwgGameServer
0929c000-09b1f000 rw-p 00000000 00:00 0 
0a59e000-15dd2000 rw-p 00000000 00:00 0                                  [heap]
be200000-be2fe000 rw-p 00000000 00:00 0 
be2fe000-be300000 ---p 00000000 00:00 0 
be300000-be3b3000 rw-p 00000000 00:00 0 
be3b3000-be400000 ---p 00000000 00:00 0 
be400000-be4f9000 rw-p 00000000 00:00 0 
be4f9000-be500000 ---p 00000000 00:00 0 
be700000-be7ff000 rw-p 00000000 00:00 0 
be7ff000-be800000 ---p 00000000 00:00 0 
be800000-be8f9000 rw-p 00000000 00:00 0 
be8f9000-be900000 ---p 00000000 00:00 0 
be900000-be9f1000 rw-p 00000000 00:00 0 
be9f1000-bea00000 ---p 00000000 00:00 0 
bed00000-bedfc000 rw-p 00000000 00:00 0 
bedfc000-bee00000 ---p 00000000 00:00 0 
bef00000-beff6000 rw-p 00000000 00:00 0 
beff6000-bf000000 ---p 00000000 00:00 0 
bf000000-bf0fe000 rw-p 00000000 00:00 0 
bf0fe000-bf100000 ---p 00000000 00:00 0 
bf100000-bf1f9000 rw-p 00000000 00:00 0 
bf1f9000-bf200000 ---p 00000000 00:00 0 
bf300000-bf3fa000 rw-p 00000000 00:00 0 
bf3fa000-bf400000 ---p 00000000 00:00 0 
bf500000-bf5f9000 rw-p 00000000 00:00 0 
bf5f9000-bf600000 ---p 00000000 00:00 0 
bf700000-bf7f9000 rw-p 00000000 00:00 0 
bf7f9000-bf800000 ---p 00000000 00:00 0 
bf800000-bf8fb000 rw-p 00000000 00:00 0 
bf8fb000-bf900000 ---p 00000000 00:00 0 
bf900000-bf9fd000 rw-p 00000000 00:00 0 
bf9fd000-bfa00000 ---p 00000000 00:00 0 
bfa00000-bfaf9000 rw-p 00000000 00:00 0 
bfaf9000-bfb00000 ---p 00000000 00:00 0 
bfb00000-bfbf9000 rw-p 00000000 00:00 0 
bfbf9000-bfc00000 ---p 00000000 00:00 0 
bff00000-c0000000 rw-p 00000000 00:00 0 
c0000000-c00ff000 rw-p 00000000 00:00 0 
c00ff000-c0100000 ---p 00000000 00:00 0 
c0200000-c02fb000 rw-p 00000000 00:00 0 
c02fb000-c0300000 ---p 00000000 00:00 0 
c0b00000-c0bfc000 rw-p 00000000 00:00 0 
c0bfc000-c0c00000 ---p 00000000 00:00 0 
c0c7f000-c0c80000 ---p 00000000 00:00 0 
c0c80000-c0d00000 rw-p 00000000 00:00 0 
c0d00000-c0df9000 rw-p 00000000 00:00 0 
c0df9000-c0e00000 ---p 00000000 00:00 0 
c0e42000-c0e43000 ---p 00000000 00:00 0 
c0e43000-c0ec3000 rw-p 00000000 00:00 0 
c127f000-c1283000 ---p 00000000 00:00 0 
c1283000-c1300000 rw-p 00000000 00:00 0 
c1300000-c13f1000 rw-p 00000000 00:00 0 
c13f1000-c1400000 ---p 00000000 00:00 0 
c167f000-c1683000 ---p 00000000 00:00 0 
c1683000-c1740000 rw-p 00000000 00:00 0 
c1740000-c1744000 ---p 00000000 00:00 0 
c1744000-c1801000 rw-p 00000000 00:00 0 
c1801000-c1802000 ---p 00000000 00:00 0 
c1802000-c1882000 rw-p 00000000 00:00 0 
c1882000-c1886000 ---p 00000000 00:00 0 
c1886000-c1943000 rw-p 00000000 00:00 0 
c1943000-c1947000 ---p 00000000 00:00 0 
c1947000-c1a04000 rw-p 00000000 00:00 0 
c1a04000-c1a08000 ---p 00000000 00:00 0 
c1a08000-c1ac5000 rw-p 00000000 00:00 0 
c1ac5000-c1ac9000 ---p 00000000 00:00 0 
c1ac9000-c1b86000 rw-p 00000000 00:00 0 
c1b86000-c1e00000 r--p 00078000 08:04 535181                             /usr/lib/locale/locale-archive
c1e00000-c2000000 r--p 00000000 08:04 535181                             /usr/lib/locale/locale-archive
c2000000-c21b0000 rw-p 00000000 00:00 0 
c21b0000-c2400000 ---p 00000000 00:00 0 
c2400000-c2b30000 rw-p 00000000 00:00 0 
c2b30000-c3000000 ---p 00000000 00:00 0 
c303c000-c3040000 ---p 00000000 00:00 0 
c3040000-c30bd000 rw-p 00000000 00:00 0 
c30bd000-c30c1000 ---p 00000000 00:00 0 
c30c1000-c317e000 rw-p 00000000 00:00 0 
c317e000-c3182000 ---p 00000000 00:00 0 
c3182000-c323f000 rw-p 00000000 00:00 0 
c323f000-c3243000 ---p 00000000 00:00 0 
c3243000-c3300000 rw-p 00000000 00:00 0 
c3300000-c3321000 rw-p 00000000 00:00 0 
c3321000-c3400000 ---p 00000000 00:00 0 
c3431000-c3435000 ---p 00000000 00:00 0 
c3435000-c34b2000 rw-p 00000000 00:00 0 
c34b2000-c34b3000 ---p 00000000 00:00 0 
c34b3000-c3533000 rw-p 00000000 00:00 0 
c3533000-c3e00000 rw-p 00001000 08:04 143240867                          /usr/lib/jvm/java-17-zulu-openjdk-jdk-x86/lib/server/classes.jsa
c3e00000-c3e21000 rw-p 00000000 00:00 0 
c3e21000-c3f00000 ---p 00000000 00:00 0 
c3f7f000-c3f80000 ---p 00000000 00:00 0 
c3f80000-c4000000 rw-p 00000000 00:00 0 
c4000000-c4021000 rw-p 00000000 00:00 0 
c4021000-c4100000 ---p 00000000 00:00 0 
c4100000-c41d4000 rw-p 00000000 00:00 0 
c41d4000-c4200000 ---p 00000000 00:00 0 
c427f000-c4280000 ---p 00000000 00:00 0 
c4280000-c4300000 rw-p 00000000 00:00 0 
c4300000-c4322000 rw-p 00000000 00:00 0 
c4322000-c4400000 ---p 00000000 00:00 0 
c447f000-c4480000 ---p 00000000 00:00 0 
c4480000-c4500000 rw-p 00000000 00:00 0 
c4500000-c45fc000 rw-p 00000000 00:00 0 
c45fc000-c4600000 ---p 00000000 00:00 0 
c467f000-c4680000 ---p 00000000 00:00 0 
c4680000-c4700000 rw-p 00000000 00:00 0 
c4700000-c47fa000 rw-p 00000000 00:00 0 
c47fa000-c4800000 ---p 00000000 00:00 0 
c487f000-c4880000 ---p 00000000 00:00 0 
c4880000-c4b00000 rw-p 00000000 00:00 0 
c4b00000-c5100000 ---p 00000000 00:00 0 
c5100000-c5300000 rw-p 00000000 00:00 0 
c5300000-c5900000 ---p 00000000 00:00 0 
c5900000-c5940000 rw-p 00000000 00:00 0 
c5940000-c5a00000 ---p 00000000 00:00 0 
c5a00000-c5a40000 rw-p 00000000 00:00 0 
c5a40000-c5b00000 ---p 00000000 00:00 0 
c5b00000-c5b40000 rw-p 00000000 00:00 0 
c5b40000-c5c00000 ---p 00000000 00:00 0 
c5c00000-cdc00000 rw-p 00000000 00:00 0 
cdc00000-e5c00000 ---p 00000000 00:00 0 
e5c65000-e5c6a000 rw-p 00000000 00:00 0 
e5c6a000-e5d50000 ---p 00000000 00:00 0 
e5d50000-e61c8000 rwxp 00000000 00:00 0 
e61c8000-ed2ab000 ---p 00000000 00:00 0 
ed2ab000-ed4eb000 rwxp 00000000 00:00 0 
ed4eb000-ed7f5000 ---p 00000000 00:00 0 
ed7f5000-eda35000 rwxp 00000000 00:00 0 
eda35000-f4d50000 ---p 00000000 00:00 0 
f4d50000-f4eb8000 r--s 00000000 08:04 117534333                          /usr/lib/jvm/java-17-zulu-openjdk-jdk-x86/lib/modules
f4eb8000-f5d5a000 r-xp 00000000 08:04 143240869                          /usr/lib/jvm/java-17-zulu-openjdk-jdk-x86/lib/server/libjvm.so
f5d5a000-f5daf000 r--p 00ea1000 08:04 143240869                          /usr/lib/jvm/java-17-zulu-openjdk-jdk-x86/lib/server/libjvm.so
f5daf000-f5dd0000 rw-p 00ef6000 08:04 143240869                          /usr/lib/jvm/java-17-zulu-openjdk-jdk-x86/lib/server/libjvm.so
f5dd0000-f5e00000 rw-p 00000000 00:00 0 
f5e00000-f5f00000 rw-p 00000000 00:00 0 
f5f1b000-f5f1c000 ---p 00000000 00:00 0 
f5f1c000-f5f20000 ---p 00000000 00:00 0 
f5f20000-f6a94000 rw-p 00000000 00:00 0 
f6aa0000-f6ab5000 r-xp 00000000 08:04 117534323                          /usr/lib/jvm/java-17-zulu-openjdk-jdk-x86/lib/libnet.so
f6ab5000-f6ab6000 r--p 00014000 08:04 117534323                          /usr/lib/jvm/java-17-zulu-openjdk-jdk-x86/lib/libnet.so
f6ab6000-f6ab7000 rw-p 00015000 08:04 117534323                          /usr/lib/jvm/java-17-zulu-openjdk-jdk-x86/lib/libnet.so
f6ab7000-f6ac0000 rw-p 00000000 00:00 0 
f6ac0000-f6ba2000 ---p 00000000 00:00 0 
f6ddc000-f6dee000 r-xp 00000000 08:04 117534324                          /usr/lib/jvm/java-17-zulu-openjdk-jdk-x86/lib/libnio.so
f6dee000-f6def000 r--p 00011000 08:04 117534324                          /usr/lib/jvm/java-17-zulu-openjdk-jdk-x86/lib/libnio.so
f6def000-f6df0000 rw-p 00012000 08:04 117534324                          /usr/lib/jvm/java-17-zulu-openjdk-jdk-x86/lib/libnio.so
f6df0000-f6e19000 rw-p 00000000 00:00 0 
f6e19000-f6e3c000 r-xp 00000000 08:04 117534310                          /usr/lib/jvm/java-17-zulu-openjdk-jdk-x86/lib/libjava.so
f6e3c000-f6e3d000 r--p 00022000 08:04 117534310                          /usr/lib/jvm/java-17-zulu-openjdk-jdk-x86/lib/libjava.so
f6e3d000-f6e3e000 rw-p 00023000 08:04 117534310                          /usr/lib/jvm/java-17-zulu-openjdk-jdk-x86/lib/libjava.so
f6e3e000-f6e4a000 r-xp 00000000 08:04 16831767                           /usr/lib/libnss_files-2.28.so
f6e4a000-f6e4b000 r--p 0000b000 08:04 16831767                           /usr/lib/libnss_files-2.28.so
f6e4b000-f6e4c000 rw-p 0000c000 08:04 16831767                           /usr/lib/libnss_files-2.28.so
f6e4c000-f6e52000 rw-p 00000000 00:00 0 
f6e58000-f6e5d000 rw-p 00000000 00:00 0 
f6e5d000-f6e63000 ---p 00000000 00:00 0 
f6e63000-f6e7e000 r-xp 00000000 08:04 117534314                          /usr/lib/jvm/java-17-zulu-openjdk-jdk-x86/lib/libjimage.so
f6e7e000-f6e7f000 ---p 0001b000 08:04 117534314                          /usr/lib/jvm/java-17-zulu-openjdk-jdk-x86/lib/libjimage.so
f6e7f000-f6e80000 r--p 0001b000 08:04 117534314                          /usr/lib/jvm/java-17-zulu-openjdk-jdk-x86/lib/libjimage.so
f6e80000-f6e81000 rw-p 0001c000 08:04 117534314                          /usr/lib/jvm/java-17-zulu-openjdk-jdk-x86/lib/libjimage.so
f6e81000-f6e85000 rw-p 00000000 00:00 0 
f6e85000-f6f0d000 r-xp 00000000 08:04 17191875                           /usr/lib/libpcre2-8.so.0.7.1
f6f0d000-f6f0e000 r--p 00087000 08:04 17191875                           /usr/lib/libpcre2-8.so.0.7.1
f6f0e000-f6f0f000 rw-p 00088000 08:04 17191875                           /usr/lib/libpcre2-8.so.0.7.1
f6f0f000-f6f2f000 r-xp 00000000 08:04 17021543                           /usr/lib/libcrypt.so.1.1.0
f6f2f000-f6f30000 ---p 00020000 08:04 17021543                           /usr/lib/libcrypt.so.1.1.0
f6f30000-f6f31000 r--p 00020000 08:04 17021543                           /usr/lib/libcrypt.so.1.1.0
f6f31000-f6f3a000 rw-p 00000000 00:00 0 
f6f3a000-f6f65000 r-xp 00000000 08:04 17191887                           /usr/lib/libselinux.so.1
f6f65000-f6f66000 ---p 0002b000 08:04 17191887                           /usr/lib/libselinux.so.1
f6f66000-f6f67000 r--p 0002b000 08:04 17191887                           /usr/lib/libselinux.so.1
f6f67000-f6f68000 rw-p 0002c000 08:04 17191887                           /usr/lib/libselinux.so.1
f6f68000-f6f69000 rw-p 00000000 00:00 0 
f6f69000-f6f88000 r-xp 00000000 08:04 18866589                           /usr/lib/libbrotlicommon.so.1.0.6
f6f88000-f6f89000 r--p 0001e000 08:04 18866589                           /usr/lib/libbrotlicommon.so.1.0.6
f6f89000-f6f8a000 rw-p 0001f000 08:04 18866589                           /usr/lib/libbrotlicommon.so.1.0.6
f6f8a000-f6fa8000 r-xp 00000000 08:04 17191915                           /usr/lib/libsasl2.so.3.0.0
f6fa8000-f6fa9000 ---p 0001e000 08:04 17191915                           /usr/lib/libsasl2.so.3.0.0
f6fa9000-f6faa000 r--p 0001e000 08:04 17191915                           /usr/lib/libsasl2.so.3.0.0
f6faa000-f6fab000 rw-p 0001f000 08:04 17191915                           /usr/lib/libsasl2.so.3.0.0
f6fab000-f6fad000 rw-p 00000000 00:00 0 
f6fad000-f6fc1000 r-xp 00000000 08:04 16831772                           /usr/lib/libresolv-2.28.so
f6fc1000-f6fc2000 ---p 00014000 08:04 16831772                           /usr/lib/libresolv-2.28.so
f6fc2000-f6fc3000 r--p 00014000 08:04 16831772                           /usr/lib/libresolv-2.28.so
f6fc3000-f6fc4000 rw-p 00015000 08:04 16831772                           /usr/lib/libresolv-2.28.so
f6fc4000-f6fc6000 rw-p 00000000 00:00 0 
f6fc6000-f6fc9000 r-xp 00000000 08:04 17191893                           /usr/lib/libkeyutils.so.1.6
f6fc9000-f6fca000 ---p 00003000 08:04 17191893                           /usr/lib/libkeyutils.so.1.6
f6fca000-f6fcb000 r--p 00003000 08:04 17191893                           /usr/lib/libkeyutils.so.1.6
f6fcb000-f6fcc000 rw-p 00000000 00:00 0 
f6fcc000-f6fdc000 r-xp 00000000 08:04 17021560                           /usr/lib/libkrb5support.so.0.1
f6fdc000-f6fdd000 r--p 0000f000 08:04 17021560                           /usr/lib/libkrb5support.so.0.1
f6fdd000-f6fde000 rw-p 00010000 08:04 17021560                           /usr/lib/libkrb5support.so.0.1
f6fde000-f6fe6000 r-xp 00000000 08:04 16831774                           /usr/lib/librt-2.28.so
f6fe6000-f6fe7000 r--p 00007000 08:04 16831774                           /usr/lib/librt-2.28.so
f6fe7000-f6fe8000 rw-p 00008000 08:04 16831774                           /usr/lib/librt-2.28.so
f6fe8000-f7167000 r-xp 00000000 08:04 17021545                           /usr/lib/libunistring.so.2.1.0
f7167000-f7168000 ---p 0017f000 08:04 17021545                           /usr/lib/libunistring.so.2.1.0
f7168000-f716a000 r--p 0017f000 08:04 17021545                           /usr/lib/libunistring.so.2.1.0
f716a000-f716b000 rw-p 00181000 08:04 17021545                           /usr/lib/libunistring.so.2.1.0
f716b000-f7195000 r-xp 00000000 08:04 18654292                           /usr/lib/liblzma.so.5.2.4
f7195000-f7196000 r--p 00029000 08:04 18654292                           /usr/lib/liblzma.so.5.2.4
f7196000-f7197000 rw-p 00000000 00:00 0 
f7197000-f71a3000 r-xp 00000000 08:04 17191936                           /usr/lib/libbrotlidec.so.1.0.6
f71a3000-f71a4000 r--p 0000b000 08:04 17191936                           /usr/lib/libbrotlidec.so.1.0.6
f71a4000-f71a5000 rw-p 00000000 00:00 0 
f71a5000-f71b4000 r-xp 00000000 08:04 17191918                           /usr/lib/liblber-2.4.so.2.10.9
f71b4000-f71b5000 r--p 0000e000 08:04 17191918                           /usr/lib/liblber-2.4.so.2.10.9
f71b5000-f71b6000 rw-p 0000f000 08:04 17191918                           /usr/lib/liblber-2.4.so.2.10.9
f71b6000-f720b000 r-xp 00000000 08:04 17191920                           /usr/lib/libldap-2.4.so.2.10.9
f720b000-f720c000 ---p 00055000 08:04 17191920                           /usr/lib/libldap-2.4.so.2.10.9
f720c000-f720d000 r--p 00055000 08:04 17191920                           /usr/lib/libldap-2.4.so.2.10.9
f720d000-f720e000 rw-p 00056000 08:04 17191920                           /usr/lib/libldap-2.4.so.2.10.9
f720e000-f7210000 rw-p 00000000 00:00 0 
f7210000-f7213000 r-xp 00000000 08:04 16994899                           /usr/lib/libcom_err.so.2.1
f7213000-f7214000 r--p 00002000 08:04 16994899                           /usr/lib/libcom_err.so.2.1
f7214000-f7215000 rw-p 00003000 08:04 16994899                           /usr/lib/libcom_err.so.2.1
f7215000-f722b000 r-xp 00000000 08:04 17021552                           /usr/lib/libk5crypto.so.3.1
f722b000-f722c000 ---p 00016000 08:04 17021552                           /usr/lib/libk5crypto.so.3.1
f722c000-f722d000 r--p 00016000 08:04 17021552                           /usr/lib/libk5crypto.so.3.1
f722d000-f722e000 rw-p 00017000 08:04 17021552                           /usr/lib/libk5crypto.so.3.1
f722e000-f7311000 r-xp 00000000 08:04 17021558                           /usr/lib/libkrb5.so.3.3
f7311000-f7318000 r--p 000e2000 08:04 17021558                           /usr/lib/libkrb5.so.3.3
f7318000-f7319000 rw-p 000e9000 08:04 17021558                           /usr/lib/libkrb5.so.3.3
f7319000-f7374000 r-xp 00000000 08:04 17021548                           /usr/lib/libgssapi_krb5.so.2.2
f7374000-f7376000 r--p 0005a000 08:04 17021548                           /usr/lib/libgssapi_krb5.so.2.2
f7376000-f7377000 rw-p 0005c000 08:04 17021548                           /usr/lib/libgssapi_krb5.so.2.2
f7377000-f7628000 r-xp 00000000 08:04 18627877                           /usr/lib/libcrypto.so.1.1.1k
f7628000-f7641000 r--p 002b0000 08:04 18627877                           /usr/lib/libcrypto.so.1.1.1k
f7641000-f7643000 rw-p 002c9000 08:04 18627877                           /usr/lib/libcrypto.so.1.1.1k
f7643000-f7647000 rw-p 00000000 00:00 0 
f7647000-f76d9000 r-xp 00000000 08:04 18627879                           /usr/lib/libssl.so.1.1.1k
f76d9000-f76df000 r--p 00091000 08:04 18627879                           /usr/lib/libssl.so.1.1.1k
f76df000-f76e3000 rw-p 00097000 08:04 18627879                           /usr/lib/libssl.so.1.1.1k
f76e3000-f76f3000 r-xp 00000000 08:04 18660120                           /usr/lib/libpsl.so.5.3.1
f76f3000-f76f4000 r--p 0000f000 08:04 18660120                           /usr/lib/libpsl.so.5.3.1
f76f4000-f76f5000 rw-p 00000000 00:00 0 
f76f5000-f7772000 r-xp 00000000 08:04 16994901                           /usr/lib/libssh.so.4.8.7
f7772000-f7773000 ---p 0007d000 08:04 16994901                           /usr/lib/libssh.so.4.8.7
f7773000-f7774000 r--p 0007d000 08:04 16994901                           /usr/lib/libssh.so.4.8.7
f7774000-f7775000 rw-p 0007e000 08:04 16994901                           /usr/lib/libssh.so.4.8.7
f7775000-f7792000 r-xp 00000000 08:04 17040588                           /usr/lib/libidn2.so.0.3.6
f7792000-f7793000 r--p 0001c000 08:04 17040588                           /usr/lib/libidn2.so.0.3.6
f7793000-f7794000 rw-p 00000000 00:00 0 
f7794000-f77bc000 r-xp 00000000 08:04 17191891                           /usr/lib/libnghttp2.so.14.17.0
f77bc000-f77bd000 r--p 00027000 08:04 17191891                           /usr/lib/libnghttp2.so.14.17.0
f77bd000-f77bf000 rw-p 00028000 08:04 17191891                           /usr/lib/libnghttp2.so.14.17.0
f77bf000-f7961000 r-xp 00000000 08:04 16831756                           /usr/lib/libc-2.28.so
f7961000-f7962000 ---p 001a2000 08:04 16831756                           /usr/lib/libc-2.28.so
f7962000-f7964000 r--p 001a2000 08:04 16831756                           /usr/lib/libc-2.28.so
f7964000-f7965000 rw-p 001a4000 08:04 16831756                           /usr/lib/libc-2.28.so
f7965000-f796a000 rw-p 00000000 00:00 0 
f796a000-f7985000 r-xp 00000000 08:04 16985139                           /usr/lib/libgcc_s-8-20210514.so.1
f7985000-f7986000 r--p 0001a000 08:04 16985139                           /usr/lib/libgcc_s-8-20210514.so.1
f7986000-f7987000 rw-p 0001b000 08:04 16985139                           /usr/lib/libgcc_s-8-20210514.so.1
f7987000-f7a57000 r-xp 00000000 08:04 16831760                           /usr/lib/libm-2.28.so
f7a57000-f7a58000 r--p 000cf000 08:04 16831760                           /usr/lib/libm-2.28.so
f7a58000-f7a59000 rw-p 000d0000 08:04 16831760                           /usr/lib/libm-2.28.so
f7a59000-f7be2000 r-xp 00000000 08:04 16985145                           /usr/lib/libstdc++.so.6.0.25
f7be2000-f7be3000 ---p 00189000 08:04 16985145                           /usr/lib/libstdc++.so.6.0.25
f7be3000-f7be9000 r--p 00189000 08:04 16985145                           /usr/lib/libstdc++.so.6.0.25
f7be9000-f7bea000 rw-p 0018f000 08:04 16985145                           /usr/lib/libstdc++.so.6.0.25
f7bea000-f7bec000 rw-p 00000000 00:00 0 
f7bec000-f7c03000 r-xp 00000000 08:04 16963437                           /usr/lib/libz.so.1.2.11
f7c03000-f7c04000 ---p 00017000 08:04 16963437                           /usr/lib/libz.so.1.2.11
f7c04000-f7c05000 r--p 00017000 08:04 16963437                           /usr/lib/libz.so.1.2.11
f7c05000-f7c06000 rw-p 00000000 00:00 0 
f7c06000-f7d83000 r-xp 00000000 08:04 16963397                           /usr/lib/libxml2.so.2.9.7
f7d83000-f7d88000 r--p 0017c000 08:04 16963397                           /usr/lib/libxml2.so.2.9.7
f7d88000-f7d89000 rw-p 00181000 08:04 16963397                           /usr/lib/libxml2.so.2.9.7
f7d89000-f7d8a000 rw-p 00000000 00:00 0 
f7d8a000-f7da6000 r-xp 00000000 08:04 16831770                           /usr/lib/libpthread-2.28.so
f7da6000-f7da7000 r--p 0001b000 08:04 16831770                           /usr/lib/libpthread-2.28.so
f7da7000-f7da8000 rw-p 0001c000 08:04 16831770                           /usr/lib/libpthread-2.28.so
f7da8000-f7daa000 rw-p 00000000 00:00 0 
f7daa000-f7e1e000 r-xp 00000000 08:04 16818911                           /usr/lib/libpcre.so.1.2.10
f7e1e000-f7e1f000 ---p 00074000 08:04 16818911                           /usr/lib/libpcre.so.1.2.10
f7e1f000-f7e20000 r--p 00074000 08:04 16818911                           /usr/lib/libpcre.so.1.2.10
f7e20000-f7e21000 rw-p 00075000 08:04 16818911                           /usr/lib/libpcre.so.1.2.10
f7e21000-f7e24000 r-xp 00000000 08:04 16831758                           /usr/lib/libdl-2.28.so
f7e24000-f7e25000 r--p 00002000 08:04 16831758                           /usr/lib/libdl-2.28.so
f7e25000-f7e26000 rw-p 00003000 08:04 16831758                           /usr/lib/libdl-2.28.so
f7e26000-f7ec3000 r-xp 00000000 08:04 16994905                           /usr/lib/libcurl.so.4.5.0
f7ec3000-f7ec5000 r--p 0009c000 08:04 16994905                           /usr/lib/libcurl.so.4.5.0
f7ec5000-f7ec6000 rw-p 0009e000 08:04 16994905                           /usr/lib/libcurl.so.4.5.0
f7ec6000-f7ecd000 r--s 00000000 08:04 176632422                          /usr/lib/gconv/gconv-modules.cache
f7ecd000-f7ed5000 rw-s 00000000 08:04 151635563                          /tmp/hsperfdata_almalinux/1372992 (deleted)
f7ed5000-f7ed6000 ---p 00000000 00:00 0 
f7ed6000-f7ed7000 r--p 00000000 00:00 0 
f7ed7000-f7ed9000 rw-p 00000000 00:00 0 
f7ed9000-f7edd000 r--p 00000000 00:00 0                                  [vvar]
f7edd000-f7edf000 r-xp 00000000 00:00 0                                  [vdso]
f7edf000-f7f0e000 r-xp 00000000 08:04 16831749                           /usr/lib/ld-2.28.so
f7f0e000-f7f0f000 ---p 00000000 00:00 0 
f7f0f000-f7f10000 r--p 0002f000 08:04 16831749                           /usr/lib/ld-2.28.so
f7f10000-f7f11000 rw-p 00030000 08:04 16831749                           /usr/lib/ld-2.28.so
ffb94000-ffb95000 rwxp 00000000 00:00 0 
ffc9d000-ffd59000 rw-p 00000000 00:00 0                                  [stack]


VM Arguments:
jvm_args: -Xms128m -Xmx512m -Xss768k -XX:MaxMetaspaceSize=96m -Xrs -XX:-UsePerfData -XX:-AllowUserSignalHandlers -XX:UseSSE=3 -XX+DoEscapeAnalysis -XX:AutoBoxCacheMax:2000 -XX:+OptimizeStringConcat -XX:+OptimizeFill -XX:+EliminateAutoBox -XX:+UseCompressedStrings -XX:+UseCompressedOops -XX:+EliminateLocks -XX:UseFastAccessorMethods -XX:+UseStringCache -XgcPrio:throughput -XXkeepAreaRatio:1 -XXlazyUnlocking -XXcallProfiling -XXcompactRatio:1 
java_command: <unknown>
java_class_path (initial): ../../data/sku.0/sys.server/compiled/game/
Launcher Type: generic

[Global flags]
     intx CICompilerCount                          = 3                                         {product} {ergonomic}
     uint ConcGCThreads                            = 1                                         {product} {ergonomic}
     uint G1ConcRefinementThreads                  = 4                                         {product} {ergonomic}
   size_t G1HeapRegionSize                         = 1048576                                   {product} {ergonomic}
    uintx GCDrainStackTargetSize                   = 64                                        {product} {ergonomic}
   size_t InitialHeapSize                          = 134217728                                 {product} {command line}
   size_t MarkStackSize                            = 32768                                     {product} {ergonomic}
   size_t MaxHeapSize                              = 536870912                                 {product} {command line}
   size_t MaxMetaspaceSize                         = 100663296                                 {product} {command line}
   size_t MaxNewSize                               = 321912832                                 {product} {ergonomic}
   size_t MinHeapDeltaBytes                        = 1048576                                   {product} {ergonomic}
   size_t MinHeapSize                              = 134217728                                 {product} {command line}
    uintx NonNMethodCodeHeapSize                   = 5544422                                {pd product} {ergonomic}
    uintx NonProfiledCodeHeapSize                  = 123056909                              {pd product} {ergonomic}
    uintx ProfiledCodeHeapSize                     = 123056909                              {pd product} {ergonomic}
    uintx ReservedCodeCacheSize                    = 251658240                              {pd product} {ergonomic}
     bool SegmentedCodeCache                       = true                                      {product} {ergonomic}
   size_t SoftMaxHeapSize                          = 536870912                              {manageable} {ergonomic}
   double SweeperThreshold                         = 0.500000                                  {product} {ergonomic}
     intx ThreadStackSize                          = 768                                    {pd product} {command line}
     bool UseG1GC                                  = true                                      {product} {ergonomic}

Logging:
Log output configuration:
 #0: stdout all=off uptime,level,tags
 #1: stderr all=off uptime,level,tags

Environment Variables:
JAVA_HOME=/usr/lib/jvm/zulu-17-x86
PATH=/usr/java/jdk1.7.0_80/bin:/usr/java/jdk1.7.0_80/bin:/usr/java/jdk1.6.0_45/bin:/usr/java/jdk1.6.0_45/bin:/usr/java/jdk1.6.0_45/bin:/home/almalinux/.local/bin:/home/almalinux/bin:/sbin:/bin:/usr/bin:/usr/local/bin:/usr/local/sbin:/usr/sbin:/usr/lib/oracle/18.3/client/bin:/usr/lib/oracle/18.3/client/bin:/usr/lib/jvm/java-11-openjdk/bin:./
LD_LIBRARY_PATH=/usr/lib/jvm/java-17-zulu-openjdk-jdk-x86/lib/server:/usr/lib/jvm/java-17-zulu-openjdk-jdk-x86/lib:/usr/lib/jvm/java-17-zulu-openjdk-jdk-x86/../lib:/usr/lib/jvm/zulu-17-x86/lib/server/:/usr/lib/jvm/java-11-openjdk/lib:/usr/lib/jvm/java-11-openjdk/lib/server:./
SHELL=/bin/bash
DISPLAY=:10.0
LANG=en_US.UTF-8
TERM=xterm-256color

Active Locale:
LC_ALL=en_US.UTF-8
LC_COLLATE=en_US.UTF-8
LC_CTYPE=en_US.UTF-8
LC_MESSAGES=en_US.UTF-8
LC_MONETARY=en_US.UTF-8
LC_NUMERIC=en_US.UTF-8
LC_TIME=en_US.UTF-8

Signal Handlers:
   SIGSEGV: crash_handler in libjvm.so, mask=11100100010111111101111111111110, flags=SA_RESTART|SA_SIGINFO, unblocked
    SIGBUS: crash_handler in libjvm.so, mask=11100100010111111101111111111110, flags=SA_RESTART|SA_SIGINFO, unblocked
    SIGFPE: crash_handler in libjvm.so, mask=11100100010111111101111111111110, flags=SA_RESTART|SA_SIGINFO, unblocked
   SIGPIPE: SIG_IGN, mask=00000000000010000000000000000000, flags=SA_RESTART, blocked
  *** Handler was modified!
  *** Expected: javaSignalHandler in libjvm.so, mask=11100100110111111111111111111110, flags=SA_RESTART|SA_SIGINFO
   SIGXFSZ: javaSignalHandler in libjvm.so, mask=11100100010111111101111111111110, flags=SA_RESTART|SA_SIGINFO, blocked
    SIGILL: crash_handler in libjvm.so, mask=11100100010111111101111111111110, flags=SA_RESTART|SA_SIGINFO, unblocked
   SIGUSR2: SR_handler in libjvm.so, mask=00100000000000000000000000000000, flags=SA_RESTART|SA_SIGINFO, blocked
    SIGHUP: UserHandler in libjvm.so, mask=11100100010111111101111111111110, flags=SA_RESTART|SA_SIGINFO, blocked
    SIGINT: UserHandler in libjvm.so, mask=11100100010111111101111111111110, flags=SA_RESTART|SA_SIGINFO, blocked
   SIGTERM: UserHandler in libjvm.so, mask=11100100010111111101111111111110, flags=SA_RESTART|SA_SIGINFO, blocked
   SIGQUIT: UserHandler in libjvm.so, mask=11100100010111111101111111111110, flags=SA_RESTART|SA_SIGINFO, blocked
   SIGTRAP: crash_handler in libjvm.so, mask=11100100010111111101111111111110, flags=SA_RESTART|SA_SIGINFO, unblocked


Periodic native trim disabled


---------------  S Y S T E M  ---------------

OS:
AlmaLinux release 8.10 (Cerulean Leopard)
uname: Linux 4.18.0-553.81.1.el8_10.x86_64 #1 SMP Mon Oct 27 11:29:19 EDT 2025 x86_64
OS uptime: 33 days 15:15 hours
libc: glibc 2.28 NPTL 2.28 
rlimit (soft/hard): STACK 8192k/infinity , CORE 0k/infinity , NPROC 61995/61995 , NOFILE 262144/262144 , AS infinity/infinity , CPU infinity/infinity , DATA infinity/infinity , FSIZE infinity/infinity , MEMLOCK 64k/64k
load average: 48.87 50.36 47.15

/proc/meminfo:
MemTotal:       16014448 kB
MemFree:         2318828 kB
MemAvailable:    3578152 kB
Buffers:            1064 kB
Cached:          3675412 kB
SwapCached:        63148 kB
Active:          2709612 kB
Inactive:       10450416 kB
Active(anon):    2088180 kB
Inactive(anon):  9755976 kB
Active(file):     621432 kB
Inactive(file):   694440 kB
Unevictable:        3104 kB
Mlocked:              16 kB
SwapTotal:       8388604 kB
SwapFree:        6755676 kB
Dirty:              1500 kB
Writeback:             0 kB
AnonPages:       9443952 kB
Mapped:          1495136 kB
Shmem:           2360604 kB
KReclaimable:     120496 kB
Slab:             252196 kB
SReclaimable:     120496 kB
SUnreclaim:       131700 kB
KernelStack:       24184 kB
PageTables:       160260 kB
NFS_Unstable:          0 kB
Bounce:                0 kB
WritebackTmp:          0 kB
CommitLimit:    16395828 kB
Committed_AS:   25268676 kB
VmallocTotal:   34359738367 kB
VmallocUsed:       70492 kB
VmallocChunk:          0 kB
Percpu:             2656 kB
HardwareCorrupted:     0 kB
AnonHugePages:         0 kB
ShmemHugePages:        0 kB
ShmemPmdMapped:        0 kB
FileHugePages:         0 kB
FilePmdMapped:         0 kB
HugePages_Total:       0
HugePages_Free:        0
HugePages_Rsvd:        0
HugePages_Surp:        0
Hugepagesize:       2048 kB
Hugetlb:               0 kB
DirectMap4k:     2502508 kB
DirectMap2M:    13881344 kB

/sys/kernel/mm/transparent_hugepage/enabled: always madvise [never]
/sys/kernel/mm/transparent_hugepage/hpage_pmd_size: 2097152
/sys/kernel/mm/transparent_hugepage/defrag (defrag/compaction efforts parameter): always defer defer+madvise [madvise] never

Process Memory:
Virtual Size: 1129636K (peak: 1150800K)
Resident Set Size: 347612K (peak: 371568K) (anon: 327292K, file: 20320K, shmem: 0K)
Swapped out: 5800K
C-Heap outstanding allocations: 24399K, retained: 194916K
glibc malloc tunables: (default)

/proc/sys/kernel/threads-max (system-wide limit on the number of threads): 123991
/proc/sys/vm/max_map_count (maximum number of memory map areas a process may have): 1677720
/proc/sys/kernel/pid_max (system-wide limit on number of process identifiers): 4194304

container (cgroup) information:
container_type: cgroupv1
cpu_cpuset_cpus: 0-3
cpu_memory_nodes: 0
active_processor_count: 4
cpu_quota: no quota
cpu_period: 100000
cpu_shares: no shares
memory_limit_in_bytes: unlimited
memory_and_swap_limit_in_bytes: unlimited
memory_soft_limit_in_bytes: unlimited
memory_usage_in_bytes: 12515788 k
memory_max_usage_in_bytes: 14783012 k
kernel_memory_usage_in_bytes: 196100 k
kernel_memory_max_usage_in_bytes: unlimited
kernel_memory_limit_in_bytes: 985464 k
maximum number of tasks: unlimited
current number of tasks: 718

KVM virtualization detected
Steal ticks since vm start: 494
Steal ticks percentage since vm start:  0.000

CPU: total 4 (initial active 4) (1 cores per cpu, 1 threads per core) family 6 model 60 stepping 1 microcode 0x1, cx8, cmov, fxsr, mmx, sse, sse2, sse3, ssse3, sse4.1, sse4.2, popcnt, lzcnt, tsc, avx, avx2, aes, erms, clmul, bmi1, bmi2, fma, vzeroupper, clflush, hv
CPU Model and flags from /proc/cpuinfo:
model name	: Intel Core Processor (Haswell, no TSX)
flags		: fpu vme de pse tsc msr pae mce cx8 apic sep mtrr pge mca cmov pat pse36 clflush mmx fxsr sse sse2 syscall nx rdtscp lm constant_tsc rep_good nopl xtopology cpuid tsc_known_freq pni pclmulqdq vmx ssse3 fma cx16 pcid sse4_1 sse4_2 x2apic movbe popcnt tsc_deadline_timer aes xsave avx f16c rdrand hypervisor lahf_lm abm cpuid_fault invpcid_single pti tpr_shadow vnmi flexpriority ept vpid ept_ad fsgsbase bmi1 avx2 smep bmi2 erms invpcid xsaveopt arat md_clear

Online cpus: 0-3
Offline cpus: 
BIOS frequency limitation: <Not Available>
Frequency switch latency (ns): <Not Available>
Available cpu frequencies: <Not Available>
Current governor: <Not Available>
Core performance/turbo boost: <Not Available>

Memory: 4k page, physical 16014448k(2320004k free), swap 8388604k(6755676k free)
Page Sizes: 4k

vm_info: OpenJDK Server VM (17.0.11+9-LTS) for linux-x86 JRE (17.0.11+9-LTS) (Zulu17.50+19-CA), built on Apr  9 2024 07:14:46 by "zulu_re" with gcc 8.3.0

END.
