#
# A fatal error has been detected by the Java Runtime Environment:
#
#  SIGSEGV (0xb) at pc=0xf78df618, pid=1419332, tid=1419332
#
# JRE version: OpenJDK Runtime Environment Zulu17.50+19-CA (17.0.11+9) (build 17.0.11+9-LTS)
# Java VM: OpenJDK Server VM Zulu17.50+19-CA (17.0.11+9-LTS, mixed mode, sharing, tiered, g1 gc, linux-x86)
# Problematic frame:
# C  [libc.so.6+0x84618]  cfree+0x28
#
# Core dump will be written. Default location: Core dumps may be processed with "/usr/lib/systemd/systemd-coredump %P %u %g %s %t %c %h %e" (or dumping to /home/almalinux/swg-returns-nge/exe/linux/core.1419332)
#
# If you would like to submit a bug report, please visit:
#   http://www.azul.com/support/
#

---------------  S U M M A R Y ------------

Command Line: -Xms128m -Xmx512m -Xss768k -XX:MaxMetaspaceSize=96m -Xrs -XX:-UsePerfData -XX:-AllowUserSignalHandlers -XX:UseSSE=3 -XX+DoEscapeAnalysis -XX:AutoBoxCacheMax:2000 -XX:+OptimizeStringConcat -XX:+OptimizeFill -XX:+EliminateAutoBox -XX:+UseCompressedStrings -XX:+UseCompressedOops -XX:+EliminateLocks -XX:UseFastAccessorMethods -XX:+UseStringCache -XgcPrio:throughput -XXkeepAreaRatio:1 -XXlazyUnlocking -XXcallProfiling -XXcompactRatio:1 

Host: Intel Core Processor (Haswell, no TSX), 4 cores, 15G, AlmaLinux release 8.10 (Cerulean Leopard)
Time: Sun Jan 25 20:14:53 2026 UTC elapsed time: 1018.366610 seconds (0d 0h 16m 58s)

---------------  T H R E A D  ---------------

Current thread is native thread

Stack: [0xff8c7000,0xff987000],  sp=0xff983590,  free space=753k
Native frames: (J=compiled Java code, j=interpreted, Vv=VM code, C=native code)
C  [libc.so.6+0x84618]  cfree+0x28


siginfo: si_signo: 11 (SIGSEGV), si_code: 1 (SEGV_MAPERR), si_addr: 0x00000003

Registers:
EAX=0x00000000, EBX=0x00000007, ECX=0xf6f1d84c, EDX=0x0a3e1d88
ESP=0xff983590, EBP=0xff9836c8, ESI=0xf7a00000, EDI=0x00000000
EIP=0xf78df618, EFLAGS=0x00210202, CR2=0x0000000000000003


Top of Stack: (sp=0xff983590)
0xff983590:   0a065010 00000000 ff9836c8 f7b6cf1c
0xff9835a0:   0a0650a0 f7c83a04 0a3e1d60 f7b6cf1c
0xff9835b0:   00000007 f7b6cf0a f7c83a04 f7b6cf4c
0xff9835c0:   0a0650a0 f7b6cf0a 0a3e5b00 085b6163
0xff9835d0:   00000007 0a065010 0a064d20 085bb8d1
0xff9835e0:   0a065010 0a064d20 00000000 085bb89b
0xff9835f0:   0b87ef20 ff983617 ff98363c 085c6969
0xff983600:   087d6c00 ff98363c ff9836c8 084fc53b
0xff983610:   00000014 00010002 00000000 00000000
0xff983620:   01010100 00000001 09aa44c0 00000000
0xff983630:   00000000 00000000 00000000 00000000
0xff983640:   00000000 00000015 ff983798 f78906ff
0xff983650:   f7a0041c 47677753 53656d61 65767265
0xff983660:   34313a72 33333931 09290032 0a3c7120
0xff983670:   08ea0100 08ebc230 08ea5888 f7a0041c
0xff983680:   00000428 00000420 f7890779 085758fd
0xff983690:   08ea2a80 09b1ea78 08ea5888 08574f56
0xff9836a0:   0929a2c4 0929a2c4 ff983798 08ea583b
0xff9836b0:   0000000c ff983764 ff9836e0 f7a00000
0xff9836c0:   00000000 08575910 00000000 f7878f26
0xff9836d0:   00000000 08575910 00000000 f7878f26
0xff9836e0:   0000000c ff983764 ff983798 ff983704
0xff9836f0:   0929a2d0 00000000 ff983798 f7a00000
0xff983700:   f786875c f7a00000 00000000 08575910
0xff983710:   00000000 2982e693 16f2ee83 00000000
0xff983720:   00000000 00000000 f7f7f4d0 f7878e30
0xff983730:   084fc260 0929a2c4 0000000c 08575946
0xff983740:   084fc260 0000000c ff983764 08ea57f0
0xff983750:   08ea5850 f7f7f4d0 ff98375c f7fac970
0xff983760:   0000000c ff985632 ff985644 ff985647
0xff983770:   ff985659 ff98565c ff985667 ff98568b
0xff983780:   ff98569b ff9856ac ff9856cd ff9856d0 

Instructions: (pc=0xf78df618)
0xf78df518:   50 8d 96 86 f7 fa ff 8d 86 d0 2f fb ff e8 c6 b7
0xf78df528:   ff ff 8d b6 00 00 00 00 bb 20 00 00 00 e9 5e fe
0xf78df538:   ff ff e8 a1 c0 ff ff 89 c5 85 c0 0f 85 68 ff ff
0xf78df548:   ff 31 d2 8d 44 3b 10 e8 8c c1 ff ff 89 da 89 f9
0xf78df558:   89 c5 e8 11 f0 ff ff 89 c2 85 c0 75 1b 85 ed 74
0xf78df568:   17 90 89 fa 89 e8 e8 bd c5 ff ff 89 da 89 f9 89
0xf78df578:   c5 e8 f2 ef ff ff 89 c2 85 ed 0f 84 57 ff ff ff
0xf78df588:   e9 39 ff ff ff 8d 86 b8 31 fb ff 83 ec 0c b9 25
0xf78df598:   0d 00 00 50 8d 96 86 f7 fa ff 8d 86 74 2f fb ff
0xf78df5a8:   e8 43 b7 ff ff 8d 76 00 f3 0f 1e fb e8 0a 9a f9
0xf78df5b8:   ff 05 47 0a 12 00 56 53 83 ec 04 8b 5c 24 10 8b
0xf78df5c8:   74 24 14 8b 80 50 ff ff ff c7 00 00 00 00 00 e8
0xf78df5d8:   54 bb ff ff 8b 4c 24 0c 83 c4 04 89 f2 89 d8 5b
0xf78df5e8:   5e e9 42 fd ff ff 66 90 f3 0f 1e fb 56 e8 9a 9b
0xf78df5f8:   f9 ff 81 c6 06 0a 12 00 53 83 ec 14 8b 5c 24 20
0xf78df608:   8b 86 5c ff ff ff 8b 00 85 c0 75 6c 85 db 74 75
0xf78df618:   8b 4b fc 8d 53 f8 f6 c1 02 75 35 8b 86 70 fe ff
0xf78df628:   ff 65 8b 00 85 c0 0f 84 8c 00 00 00 83 e1 04 8d
0xf78df638:   86 60 07 00 00 74 09 89 d0 25 00 00 f0 ff 8b 00
0xf78df648:   83 c4 14 31 c9 5b 5e e9 8c cb ff ff 8d 74 26 00
0xf78df658:   8b 9e 60 01 00 00 85 db 75 10 3b 8e 48 01 00 00
0xf78df668:   76 08 81 f9 00 00 08 00 76 26 83 c4 14 89 d0 5b
0xf78df678:   5e e9 92 b8 ff ff 66 90 83 ec 08 ff 74 24 24 53
0xf78df688:   ff d0 83 c4 10 83 c4 14 5b 5e c3 8d 74 26 00 90
0xf78df698:   39 96 80 1d 00 00 77 08 39 96 7c 1d 00 00 77 ca
0xf78df6a8:   83 e1 f8 8d 04 09 89 8e 48 01 00 00 89 86 40 01
0xf78df6b8:   00 00 90 eb b5 8d 76 00 8b 86 74 fe ff ff 65 80
0xf78df6c8:   38 00 0f 85 64 ff ff ff 89 54 24 0c e8 97 ed ff
0xf78df6d8:   ff 8b 4b fc 8b 54 24 0c e9 4f ff ff ff 8d b4 26
0xf78df6e8:   00 00 00 00 8d 74 26 00 f3 0f 1e fb 55 57 56 e8
0xf78df6f8:   98 9a f9 ff 81 c6 04 09 12 00 53 83 ec 0c 8b 86
0xf78df708:   70 fe ff ff 8b 96 74 fe ff ff 65 8b 28 65 c6 02 



---------------  P R O C E S S  ---------------

VM state: at safepoint (shutting down)

VM Mutex/Monitor currently owned by a thread:  ([mutex/lock_event])
[0xf5e21d30] Threads_lock - owner thread: 0xc4294cf0

GC Precious Log:
<Skipped>

Heap:
 garbage-first heap   total 131072K, used 25593K [0xc5c00000, 0xe5c00000)
  region size 1024K, 20 young (20480K), 10 survivors (10240K)
 Metaspace       used 7061K, committed 7936K, reserved 16384K

Heap Regions: E=young(eden), S=young(survivor), O=old, HS=humongous(starts), HC=humongous(continues), CS=collection set, F=free, OA=open archive, CA=closed archive, TAMS=top-at-mark-start (previous, next)
|   0|0xc5c00000, 0xc5d00000, 0xc5d00000|100%| O|  |TAMS 0xc5c00000, 0xc5c00000| Untracked 
|   1|0xc5d00000, 0xc5e00000, 0xc5e00000|100%| O|  |TAMS 0xc5d00000, 0xc5d00000| Untracked 
|   2|0xc5e00000, 0xc5f00000, 0xc5f00000|100%| O|  |TAMS 0xc5e00000, 0xc5e00000| Untracked 
|   3|0xc5f00000, 0xc6000000, 0xc6000000|100%| O|  |TAMS 0xc5f00000, 0xc5f00000| Untracked 
|   4|0xc6000000, 0xc60fe400, 0xc6100000| 99%| O|  |TAMS 0xc6000000, 0xc6000000| Untracked 
|   5|0xc6100000, 0xc6100000, 0xc6200000|  0%| F|  |TAMS 0xc6100000, 0xc6100000| Untracked 
|   6|0xc6200000, 0xc6200000, 0xc6300000|  0%| F|  |TAMS 0xc6200000, 0xc6200000| Untracked 
|   7|0xc6300000, 0xc6300000, 0xc6400000|  0%| F|  |TAMS 0xc6300000, 0xc6300000| Untracked 
|   8|0xc6400000, 0xc6400000, 0xc6500000|  0%| F|  |TAMS 0xc6400000, 0xc6400000| Untracked 
|   9|0xc6500000, 0xc6500000, 0xc6600000|  0%| F|  |TAMS 0xc6500000, 0xc6500000| Untracked 
|  10|0xc6600000, 0xc6600000, 0xc6700000|  0%| F|  |TAMS 0xc6600000, 0xc6600000| Untracked 
|  11|0xc6700000, 0xc6700000, 0xc6800000|  0%| F|  |TAMS 0xc6700000, 0xc6700000| Untracked 
|  12|0xc6800000, 0xc6800000, 0xc6900000|  0%| F|  |TAMS 0xc6800000, 0xc6800000| Untracked 
|  13|0xc6900000, 0xc6900000, 0xc6a00000|  0%| F|  |TAMS 0xc6900000, 0xc6900000| Untracked 
|  14|0xc6a00000, 0xc6a00000, 0xc6b00000|  0%| F|  |TAMS 0xc6a00000, 0xc6a00000| Untracked 
|  15|0xc6b00000, 0xc6b00000, 0xc6c00000|  0%| F|  |TAMS 0xc6b00000, 0xc6b00000| Untracked 
|  16|0xc6c00000, 0xc6c00000, 0xc6d00000|  0%| F|  |TAMS 0xc6c00000, 0xc6c00000| Untracked 
|  17|0xc6d00000, 0xc6d00000, 0xc6e00000|  0%| F|  |TAMS 0xc6d00000, 0xc6d00000| Untracked 
|  18|0xc6e00000, 0xc6e00000, 0xc6f00000|  0%| F|  |TAMS 0xc6e00000, 0xc6e00000| Untracked 
|  19|0xc6f00000, 0xc6f00000, 0xc7000000|  0%| F|  |TAMS 0xc6f00000, 0xc6f00000| Untracked 
|  20|0xc7000000, 0xc7000000, 0xc7100000|  0%| F|  |TAMS 0xc7000000, 0xc7000000| Untracked 
|  21|0xc7100000, 0xc7100000, 0xc7200000|  0%| F|  |TAMS 0xc7100000, 0xc7100000| Untracked 
|  22|0xc7200000, 0xc7200000, 0xc7300000|  0%| F|  |TAMS 0xc7200000, 0xc7200000| Untracked 
|  23|0xc7300000, 0xc7300000, 0xc7400000|  0%| F|  |TAMS 0xc7300000, 0xc7300000| Untracked 
|  24|0xc7400000, 0xc7400000, 0xc7500000|  0%| F|  |TAMS 0xc7400000, 0xc7400000| Untracked 
|  25|0xc7500000, 0xc7500000, 0xc7600000|  0%| F|  |TAMS 0xc7500000, 0xc7500000| Untracked 
|  26|0xc7600000, 0xc7600000, 0xc7700000|  0%| F|  |TAMS 0xc7600000, 0xc7600000| Untracked 
|  27|0xc7700000, 0xc7700000, 0xc7800000|  0%| F|  |TAMS 0xc7700000, 0xc7700000| Untracked 
|  28|0xc7800000, 0xc7800000, 0xc7900000|  0%| F|  |TAMS 0xc7800000, 0xc7800000| Untracked 
|  29|0xc7900000, 0xc7900000, 0xc7a00000|  0%| F|  |TAMS 0xc7900000, 0xc7900000| Untracked 
|  30|0xc7a00000, 0xc7a00000, 0xc7b00000|  0%| F|  |TAMS 0xc7a00000, 0xc7a00000| Untracked 
|  31|0xc7b00000, 0xc7b00000, 0xc7c00000|  0%| F|  |TAMS 0xc7b00000, 0xc7b00000| Untracked 
|  32|0xc7c00000, 0xc7c00000, 0xc7d00000|  0%| F|  |TAMS 0xc7c00000, 0xc7c00000| Untracked 
|  33|0xc7d00000, 0xc7d00000, 0xc7e00000|  0%| F|  |TAMS 0xc7d00000, 0xc7d00000| Untracked 
|  34|0xc7e00000, 0xc7e00000, 0xc7f00000|  0%| F|  |TAMS 0xc7e00000, 0xc7e00000| Untracked 
|  35|0xc7f00000, 0xc7f00000, 0xc8000000|  0%| F|  |TAMS 0xc7f00000, 0xc7f00000| Untracked 
|  36|0xc8000000, 0xc8000000, 0xc8100000|  0%| F|  |TAMS 0xc8000000, 0xc8000000| Untracked 
|  37|0xc8100000, 0xc8100000, 0xc8200000|  0%| F|  |TAMS 0xc8100000, 0xc8100000| Untracked 
|  38|0xc8200000, 0xc8200000, 0xc8300000|  0%| F|  |TAMS 0xc8200000, 0xc8200000| Untracked 
|  39|0xc8300000, 0xc8300000, 0xc8400000|  0%| F|  |TAMS 0xc8300000, 0xc8300000| Untracked 
|  40|0xc8400000, 0xc8400000, 0xc8500000|  0%| F|  |TAMS 0xc8400000, 0xc8400000| Untracked 
|  41|0xc8500000, 0xc8500000, 0xc8600000|  0%| F|  |TAMS 0xc8500000, 0xc8500000| Untracked 
|  42|0xc8600000, 0xc8700000, 0xc8700000|100%| S|CS|TAMS 0xc8600000, 0xc8600000| Complete 
|  43|0xc8700000, 0xc8800000, 0xc8800000|100%| S|CS|TAMS 0xc8700000, 0xc8700000| Complete 
|  44|0xc8800000, 0xc8800000, 0xc8900000|  0%| F|  |TAMS 0xc8800000, 0xc8800000| Untracked 
|  45|0xc8900000, 0xc8900000, 0xc8a00000|  0%| F|  |TAMS 0xc8900000, 0xc8900000| Untracked 
|  46|0xc8a00000, 0xc8a00000, 0xc8b00000|  0%| F|  |TAMS 0xc8a00000, 0xc8a00000| Untracked 
|  47|0xc8b00000, 0xc8c00000, 0xc8c00000|100%| S|CS|TAMS 0xc8b00000, 0xc8b00000| Complete 
|  48|0xc8c00000, 0xc8c00000, 0xc8d00000|  0%| F|  |TAMS 0xc8c00000, 0xc8c00000| Untracked 
|  49|0xc8d00000, 0xc8d00000, 0xc8e00000|  0%| F|  |TAMS 0xc8d00000, 0xc8d00000| Untracked 
|  50|0xc8e00000, 0xc8e00000, 0xc8f00000|  0%| F|  |TAMS 0xc8e00000, 0xc8e00000| Untracked 
|  51|0xc8f00000, 0xc8f00000, 0xc9000000|  0%| F|  |TAMS 0xc8f00000, 0xc8f00000| Untracked 
|  52|0xc9000000, 0xc9100000, 0xc9100000|100%| S|CS|TAMS 0xc9000000, 0xc9000000| Complete 
|  53|0xc9100000, 0xc9200000, 0xc9200000|100%| S|CS|TAMS 0xc9100000, 0xc9100000| Complete 
|  54|0xc9200000, 0xc9300000, 0xc9300000|100%| S|CS|TAMS 0xc9200000, 0xc9200000| Complete 
|  55|0xc9300000, 0xc9400000, 0xc9400000|100%| S|CS|TAMS 0xc9300000, 0xc9300000| Complete 
|  56|0xc9400000, 0xc9400000, 0xc9500000|  0%| F|  |TAMS 0xc9400000, 0xc9400000| Untracked 
|  57|0xc9500000, 0xc9600000, 0xc9600000|100%| S|CS|TAMS 0xc9500000, 0xc9500000| Complete 
|  58|0xc9600000, 0xc9700000, 0xc9700000|100%| S|CS|TAMS 0xc9600000, 0xc9600000| Complete 
|  59|0xc9700000, 0xc9800000, 0xc9800000|100%| S|CS|TAMS 0xc9700000, 0xc9700000| Complete 
|  60|0xc9800000, 0xc9800000, 0xc9900000|  0%| F|  |TAMS 0xc9800000, 0xc9800000| Untracked 
|  61|0xc9900000, 0xc9900000, 0xc9a00000|  0%| F|  |TAMS 0xc9900000, 0xc9900000| Untracked 
|  62|0xc9a00000, 0xc9a00000, 0xc9b00000|  0%| F|  |TAMS 0xc9a00000, 0xc9a00000| Untracked 
|  63|0xc9b00000, 0xc9b00000, 0xc9c00000|  0%| F|  |TAMS 0xc9b00000, 0xc9b00000| Untracked 
|  64|0xc9c00000, 0xc9c00000, 0xc9d00000|  0%| F|  |TAMS 0xc9c00000, 0xc9c00000| Untracked 
|  65|0xc9d00000, 0xc9d00000, 0xc9e00000|  0%| F|  |TAMS 0xc9d00000, 0xc9d00000| Untracked 
|  66|0xc9e00000, 0xc9e00000, 0xc9f00000|  0%| F|  |TAMS 0xc9e00000, 0xc9e00000| Untracked 
|  67|0xc9f00000, 0xc9f00000, 0xca000000|  0%| F|  |TAMS 0xc9f00000, 0xc9f00000| Untracked 
|  68|0xca000000, 0xca000000, 0xca100000|  0%| F|  |TAMS 0xca000000, 0xca000000| Untracked 
|  69|0xca100000, 0xca100000, 0xca200000|  0%| F|  |TAMS 0xca100000, 0xca100000| Untracked 
|  70|0xca200000, 0xca200000, 0xca300000|  0%| F|  |TAMS 0xca200000, 0xca200000| Untracked 
|  71|0xca300000, 0xca300000, 0xca400000|  0%| F|  |TAMS 0xca300000, 0xca300000| Untracked 
|  72|0xca400000, 0xca400000, 0xca500000|  0%| F|  |TAMS 0xca400000, 0xca400000| Untracked 
|  73|0xca500000, 0xca500000, 0xca600000|  0%| F|  |TAMS 0xca500000, 0xca500000| Untracked 
|  74|0xca600000, 0xca600000, 0xca700000|  0%| F|  |TAMS 0xca600000, 0xca600000| Untracked 
|  75|0xca700000, 0xca700000, 0xca800000|  0%| F|  |TAMS 0xca700000, 0xca700000| Untracked 
|  76|0xca800000, 0xca800000, 0xca900000|  0%| F|  |TAMS 0xca800000, 0xca800000| Untracked 
|  77|0xca900000, 0xca900000, 0xcaa00000|  0%| F|  |TAMS 0xca900000, 0xca900000| Untracked 
|  78|0xcaa00000, 0xcaa00000, 0xcab00000|  0%| F|  |TAMS 0xcaa00000, 0xcaa00000| Untracked 
|  79|0xcab00000, 0xcab00000, 0xcac00000|  0%| F|  |TAMS 0xcab00000, 0xcab00000| Untracked 
|  80|0xcac00000, 0xcac00000, 0xcad00000|  0%| F|  |TAMS 0xcac00000, 0xcac00000| Untracked 
|  81|0xcad00000, 0xcad00000, 0xcae00000|  0%| F|  |TAMS 0xcad00000, 0xcad00000| Untracked 
|  82|0xcae00000, 0xcae00000, 0xcaf00000|  0%| F|  |TAMS 0xcae00000, 0xcae00000| Untracked 
|  83|0xcaf00000, 0xcaf00000, 0xcb000000|  0%| F|  |TAMS 0xcaf00000, 0xcaf00000| Untracked 
|  84|0xcb000000, 0xcb000000, 0xcb100000|  0%| F|  |TAMS 0xcb000000, 0xcb000000| Untracked 
|  85|0xcb100000, 0xcb100000, 0xcb200000|  0%| F|  |TAMS 0xcb100000, 0xcb100000| Untracked 
|  86|0xcb200000, 0xcb200000, 0xcb300000|  0%| F|  |TAMS 0xcb200000, 0xcb200000| Untracked 
|  87|0xcb300000, 0xcb300000, 0xcb400000|  0%| F|  |TAMS 0xcb300000, 0xcb300000| Untracked 
|  88|0xcb400000, 0xcb400000, 0xcb500000|  0%| F|  |TAMS 0xcb400000, 0xcb400000| Untracked 
|  89|0xcb500000, 0xcb500000, 0xcb600000|  0%| F|  |TAMS 0xcb500000, 0xcb500000| Untracked 
|  90|0xcb600000, 0xcb600000, 0xcb700000|  0%| F|  |TAMS 0xcb600000, 0xcb600000| Untracked 
|  91|0xcb700000, 0xcb700000, 0xcb800000|  0%| F|  |TAMS 0xcb700000, 0xcb700000| Untracked 
|  92|0xcb800000, 0xcb800000, 0xcb900000|  0%| F|  |TAMS 0xcb800000, 0xcb800000| Untracked 
|  93|0xcb900000, 0xcb900000, 0xcba00000|  0%| F|  |TAMS 0xcb900000, 0xcb900000| Untracked 
|  94|0xcba00000, 0xcba00000, 0xcbb00000|  0%| F|  |TAMS 0xcba00000, 0xcba00000| Untracked 
|  95|0xcbb00000, 0xcbb00000, 0xcbc00000|  0%| F|  |TAMS 0xcbb00000, 0xcbb00000| Untracked 
|  96|0xcbc00000, 0xcbc00000, 0xcbd00000|  0%| F|  |TAMS 0xcbc00000, 0xcbc00000| Untracked 
|  97|0xcbd00000, 0xcbd00000, 0xcbe00000|  0%| F|  |TAMS 0xcbd00000, 0xcbd00000| Untracked 
|  98|0xcbe00000, 0xcbe00000, 0xcbf00000|  0%| F|  |TAMS 0xcbe00000, 0xcbe00000| Untracked 
|  99|0xcbf00000, 0xcbf00000, 0xcc000000|  0%| F|  |TAMS 0xcbf00000, 0xcbf00000| Untracked 
| 100|0xcc000000, 0xcc000000, 0xcc100000|  0%| F|  |TAMS 0xcc000000, 0xcc000000| Untracked 
| 101|0xcc100000, 0xcc100000, 0xcc200000|  0%| F|  |TAMS 0xcc100000, 0xcc100000| Untracked 
| 102|0xcc200000, 0xcc200000, 0xcc300000|  0%| F|  |TAMS 0xcc200000, 0xcc200000| Untracked 
| 103|0xcc300000, 0xcc300000, 0xcc400000|  0%| F|  |TAMS 0xcc300000, 0xcc300000| Untracked 
| 104|0xcc400000, 0xcc400000, 0xcc500000|  0%| F|  |TAMS 0xcc400000, 0xcc400000| Untracked 
| 105|0xcc500000, 0xcc500000, 0xcc600000|  0%| F|  |TAMS 0xcc500000, 0xcc500000| Untracked 
| 106|0xcc600000, 0xcc600000, 0xcc700000|  0%| F|  |TAMS 0xcc600000, 0xcc600000| Untracked 
| 107|0xcc700000, 0xcc700000, 0xcc800000|  0%| F|  |TAMS 0xcc700000, 0xcc700000| Untracked 
| 108|0xcc800000, 0xcc800000, 0xcc900000|  0%| F|  |TAMS 0xcc800000, 0xcc800000| Untracked 
| 109|0xcc900000, 0xcc900000, 0xcca00000|  0%| F|  |TAMS 0xcc900000, 0xcc900000| Untracked 
| 110|0xcca00000, 0xcca00000, 0xccb00000|  0%| F|  |TAMS 0xcca00000, 0xcca00000| Untracked 
| 111|0xccb00000, 0xccb00000, 0xccc00000|  0%| F|  |TAMS 0xccb00000, 0xccb00000| Untracked 
| 112|0xccc00000, 0xccc00000, 0xccd00000|  0%| F|  |TAMS 0xccc00000, 0xccc00000| Untracked 
| 113|0xccd00000, 0xccd00000, 0xcce00000|  0%| F|  |TAMS 0xccd00000, 0xccd00000| Untracked 
| 114|0xcce00000, 0xcce00000, 0xccf00000|  0%| F|  |TAMS 0xcce00000, 0xcce00000| Untracked 
| 115|0xccf00000, 0xccf00000, 0xcd000000|  0%| F|  |TAMS 0xccf00000, 0xccf00000| Untracked 
| 116|0xcd000000, 0xcd000000, 0xcd100000|  0%| F|  |TAMS 0xcd000000, 0xcd000000| Untracked 
| 117|0xcd100000, 0xcd100000, 0xcd200000|  0%| F|  |TAMS 0xcd100000, 0xcd100000| Untracked 
| 118|0xcd200000, 0xcd300000, 0xcd300000|100%| E|  |TAMS 0xcd200000, 0xcd200000| Complete 
| 119|0xcd300000, 0xcd400000, 0xcd400000|100%| E|CS|TAMS 0xcd300000, 0xcd300000| Complete 
| 120|0xcd400000, 0xcd500000, 0xcd500000|100%| E|CS|TAMS 0xcd400000, 0xcd400000| Complete 
| 121|0xcd500000, 0xcd600000, 0xcd600000|100%| E|CS|TAMS 0xcd500000, 0xcd500000| Complete 
| 122|0xcd600000, 0xcd700000, 0xcd700000|100%| E|CS|TAMS 0xcd600000, 0xcd600000| Complete 
| 123|0xcd700000, 0xcd800000, 0xcd800000|100%| E|CS|TAMS 0xcd700000, 0xcd700000| Complete 
| 124|0xcd800000, 0xcd900000, 0xcd900000|100%| E|CS|TAMS 0xcd800000, 0xcd800000| Complete 
| 125|0xcd900000, 0xcda00000, 0xcda00000|100%| E|CS|TAMS 0xcd900000, 0xcd900000| Complete 
| 126|0xcda00000, 0xcdb00000, 0xcdb00000|100%| E|CS|TAMS 0xcda00000, 0xcda00000| Complete 
| 127|0xcdb00000, 0xcdc00000, 0xcdc00000|100%| E|CS|TAMS 0xcdb00000, 0xcdb00000| Complete 

Card table byte_map: [0xc5a00000,0xc5b00000] _byte_map_base: 0xc53d2000

Marking Bits (Prev, Next): (CMBitMap*) 0xf5e8b528, (CMBitMap*) 0xf5e8b548
 Prev Bits: [0xc5100000, 0xc5900000)
 Next Bits: [0xc4900000, 0xc5100000)

Polling page: 0xf7f71000

Metaspace:

Usage:
    6.90 MB used.

Virtual space:
     16.00 MB reserved,       7.75 MB ( 48%) committed,  1 nodes.

Chunk freelists:
5.95 MB

MaxMetaspaceSize: 96.00 MB
No class space
Initial GC threshold: 16.00 MB
Current GC threshold: 16.00 MB
CDS: on
MetaspaceReclaimPolicy: balanced
 - commit_granule_bytes: 65536.
 - commit_granule_words: 16384.
 - virtual_space_node_default_size: 4194304.
 - enlarge_chunks_in_place: 1.
 - new_chunks_are_fully_committed: 0.
 - uncommit_free_chunks: 1.
 - use_allocation_guard: 0.
 - handle_deallocations: 1.


Internal statistics:

num_allocs_failed_limit: 0.
num_arena_births: 507.
num_arena_deaths: 0.
num_vsnodes_births: 1.
num_vsnodes_deaths: 0.
num_space_committed: 124.
num_space_uncommitted: 0.
num_chunks_returned_to_freelist: 0.
num_chunks_taken_from_freelist: 947.
num_chunk_merges: 0.
num_chunk_splits: 635.
num_chunks_enlarged: 373.
num_inconsistent_stats: 0.

CodeHeap 'non-profiled nmethods': size=120172Kb used=1388Kb max_used=1388Kb free=118783Kb
 bounds [0xed7f5000, 0xeda35000, 0xf4d50000]
CodeHeap 'profiled nmethods': size=120172Kb used=4144Kb max_used=4144Kb free=116027Kb
 bounds [0xe5d50000, 0xe6160000, 0xed2ab000]
CodeHeap 'non-nmethods': size=5416Kb used=737Kb max_used=781Kb free=4678Kb
 bounds [0xed2ab000, 0xed4eb000, 0xed7f5000]
 total_blobs=2454 nmethods=2105 adapters=263
 compilation: enabled
              stopped_count=0, restarted_count=0
 full_count=0

Compilation events (20 events):
Event: 858.449 Thread 0xc42a0580 2097   !   3       script.library.utils::packObject (71 bytes)
Event: 858.450 Thread 0xc42a0580 nmethod 2097 0xe6159b88 code [0xe6159d80, 0xe615a4b8]
Event: 858.450 Thread 0xc42a0580 2098       3       java.lang.String::<init> (11 bytes)
Event: 858.450 Thread 0xc42a0580 nmethod 2098 0xe615a888 code [0xe615a9c0, 0xe615ab18]
Event: 868.470 Thread 0xc429f450 2099       4       script.dictionary::get (9 bytes)
Event: 868.520 Thread 0xc429f450 nmethod 2099 0xed94d108 code [0xed94d260, 0xed94d9b0]
Event: 880.219 Thread 0xc429f450 2100   !   4       script.script_entry::callMessageHandlers (426 bytes)
Event: 880.358 Thread 0xc429f450 nmethod 2100 0xed94dd08 code [0xed94df20, 0xed94ee60]
Event: 883.183 Thread 0xc42a0580 2101       3       java.util.Arrays$ArrayList::size (6 bytes)
Event: 883.183 Thread 0xc42a0580 nmethod 2101 0xe615ac08 code [0xe615ad20, 0xe615ae20]
Event: 886.361 Thread 0xc42a0580 2103       3       java.lang.StringBuilder::toString (35 bytes)
Event: 886.361 Thread 0xc42a0580 nmethod 2103 0xe615af08 code [0xe615b060, 0xe615b2d8]
Event: 886.361 Thread 0xc42a0580 2102       3       java.lang.StringBuilder::append (8 bytes)
Event: 886.361 Thread 0xc42a0580 nmethod 2102 0xe615b388 code [0xe615b4c0, 0xe615b5ec]
Event: 905.554 Thread 0xc42a0580 2104       3       script.base_class::dispatchTriggerVolumeEvents (99 bytes)
Event: 905.555 Thread 0xc42a0580 nmethod 2104 0xe615b688 code [0xe615b860, 0xe615bff0]
Event: 916.195 Thread 0xc429f450 2105       4       jdk.internal.logger.SurrogateLogger::defaultPlatformLevel (4 bytes)
Event: 916.195 Thread 0xc429f450 nmethod 2105 0xed94fa08 code [0xed94fb20, 0xed94fb90]
Event: 925.292 Thread 0xc429f450 2106       4       script.library.pet_lib::isPet (24 bytes)
Event: 925.294 Thread 0xc429f450 nmethod 2106 0xed94fd08 code [0xed94fe40, 0xed94ff64]

GC Heap History (12 events):
Event: 72.830 GC heap before
{Heap before GC invocations=0 (full 0):
 garbage-first heap   total 131072K, used 12288K [0xc5c00000, 0xe5c00000)
  region size 1024K, 13 young (13312K), 0 survivors (0K)
 Metaspace       used 2327K, committed 2496K, reserved 16384K
}
Event: 72.877 GC heap after
{Heap after GC invocations=1 (full 0):
 garbage-first heap   total 131072K, used 1988K [0xc5c00000, 0xe5c00000)
  region size 1024K, 2 young (2048K), 2 survivors (2048K)
 Metaspace       used 2327K, committed 2496K, reserved 16384K
}
Event: 112.227 GC heap before
{Heap before GC invocations=1 (full 0):
 garbage-first heap   total 131072K, used 18372K [0xc5c00000, 0xe5c00000)
  region size 1024K, 19 young (19456K), 2 survivors (2048K)
 Metaspace       used 4079K, committed 4416K, reserved 16384K
}
Event: 112.294 GC heap after
{Heap after GC invocations=2 (full 0):
 garbage-first heap   total 131072K, used 3424K [0xc5c00000, 0xe5c00000)
  region size 1024K, 2 young (2048K), 2 survivors (2048K)
 Metaspace       used 4079K, committed 4416K, reserved 16384K
}
Event: 277.523 GC heap before
{Heap before GC invocations=2 (full 0):
 garbage-first heap   total 131072K, used 79200K [0xc5c00000, 0xe5c00000)
  region size 1024K, 76 young (77824K), 2 survivors (2048K)
 Metaspace       used 5473K, committed 6080K, reserved 16384K
}
Event: 277.595 GC heap after
{Heap after GC invocations=3 (full 0):
 garbage-first heap   total 131072K, used 5743K [0xc5c00000, 0xe5c00000)
  region size 1024K, 4 young (4096K), 4 survivors (4096K)
 Metaspace       used 5473K, committed 6080K, reserved 16384K
}
Event: 681.445 GC heap before
{Heap before GC invocations=3 (full 0):
 garbage-first heap   total 131072K, used 79471K [0xc5c00000, 0xe5c00000)
  region size 1024K, 76 young (77824K), 4 survivors (4096K)
 Metaspace       used 5599K, committed 6272K, reserved 16384K
}
Event: 681.457 GC heap after
{Heap after GC invocations=4 (full 0):
 garbage-first heap   total 131072K, used 6753K [0xc5c00000, 0xe5c00000)
  region size 1024K, 5 young (5120K), 5 survivors (5120K)
 Metaspace       used 5599K, committed 6272K, reserved 16384K
}
Event: 704.148 GC heap before
{Heap before GC invocations=4 (full 0):
 garbage-first heap   total 131072K, used 79457K [0xc5c00000, 0xe5c00000)
  region size 1024K, 76 young (77824K), 5 survivors (5120K)
 Metaspace       used 6816K, committed 7680K, reserved 16384K
}
Event: 704.273 GC heap after
{Heap after GC invocations=5 (full 0):
 garbage-first heap   total 131072K, used 9908K [0xc5c00000, 0xe5c00000)
  region size 1024K, 8 young (8192K), 8 survivors (8192K)
 Metaspace       used 6816K, committed 7680K, reserved 16384K
}
Event: 915.455 GC heap before
{Heap before GC invocations=5 (full 0):
 garbage-first heap   total 131072K, used 79540K [0xc5c00000, 0xe5c00000)
  region size 1024K, 76 young (77824K), 8 survivors (8192K)
 Metaspace       used 7060K, committed 7936K, reserved 16384K
}
Event: 915.594 GC heap after
{Heap after GC invocations=6 (full 0):
 garbage-first heap   total 131072K, used 15353K [0xc5c00000, 0xe5c00000)
  region size 1024K, 10 young (10240K), 10 survivors (10240K)
 Metaspace       used 7060K, committed 7936K, reserved 16384K
}

Dll operation events (4 events):
Event: 0.003 Loaded shared library /usr/lib/jvm/java-17-zulu-openjdk-jdk-x86/lib/libjava.so
Event: 68.002 Loaded shared library /usr/lib/jvm/java-17-zulu-openjdk-jdk-x86/lib/libnio.so
Event: 68.003 Loaded shared library /usr/lib/jvm/java-17-zulu-openjdk-jdk-x86/lib/libjimage.so
Event: 68.017 Loaded shared library /usr/lib/jvm/java-17-zulu-openjdk-jdk-x86/lib/libnet.so

Deoptimization events (20 events):
Event: 752.200 Thread 0x0b6f07e0 DEOPT PACKING pc=0xed9158cc sp=0xff982c10
Event: 752.200 Thread 0x0b6f07e0 DEOPT UNPACKING pc=0xed2f4d33 sp=0xff982bdc mode 2
Event: 752.204 Thread 0x0b6f07e0 Uncommon trap: trap_request=0xffffff45 fr.pc=0xed85fce4 relative=0x00000424
Event: 752.204 Thread 0x0b6f07e0 Uncommon trap: reason=unstable_if action=reinterpret pc=0xed85fce4 method=java.lang.AbstractStringBuilder.putStringAt(ILjava/lang/String;II)V @ 8 c2
Event: 752.204 Thread 0x0b6f07e0 DEOPT PACKING pc=0xed85fce4 sp=0xff982bd0
Event: 752.204 Thread 0x0b6f07e0 DEOPT UNPACKING pc=0xed2f4d33 sp=0xff982b5c mode 2
Event: 812.293 Thread 0x0b6f07e0 Uncommon trap: trap_request=0xffffff45 fr.pc=0xed8e291c relative=0x00000b9c
Event: 812.293 Thread 0x0b6f07e0 Uncommon trap: reason=unstable_if action=reinterpret pc=0xed8e291c method=script.obj_id.attachScript(Ljava/lang/String;)V @ 48 c2
Event: 812.293 Thread 0x0b6f07e0 DEOPT PACKING pc=0xed8e291c sp=0xff981e60
Event: 812.293 Thread 0x0b6f07e0 DEOPT UNPACKING pc=0xed2f4d33 sp=0xff981e6c mode 2
Event: 812.297 Thread 0x0b6f07e0 Uncommon trap: trap_request=0xffffff45 fr.pc=0xed8f58f0 relative=0x00000990
Event: 812.297 Thread 0x0b6f07e0 Uncommon trap: reason=unstable_if action=reinterpret pc=0xed8f58f0 method=script.obj_id.unlockScripts()V @ 35 c2
Event: 812.297 Thread 0x0b6f07e0 DEOPT PACKING pc=0xed8f58f0 sp=0xff982f00
Event: 812.297 Thread 0x0b6f07e0 DEOPT UNPACKING pc=0xed2f4d33 sp=0xff982e94 mode 2
Event: 812.302 Thread 0x0b6f07e0 Uncommon trap: trap_request=0xffffff45 fr.pc=0xed8de634 relative=0x00000094
Event: 812.302 Thread 0x0b6f07e0 Uncommon trap: reason=unstable_if action=reinterpret pc=0xed8de634 method=script.obj_id.unlockScripts()V @ 35 c2
Event: 812.302 Thread 0x0b6f07e0 DEOPT PACKING pc=0xed8de634 sp=0xff982ec0
Event: 812.302 Thread 0x0b6f07e0 DEOPT UNPACKING pc=0xed2f4d33 sp=0xff982e90 mode 2
Event: 843.377 Thread 0x0b6f07e0 DEOPT PACKING pc=0xe5f7937f sp=0xff9812a0
Event: 843.377 Thread 0x0b6f07e0 DEOPT UNPACKING pc=0xed2f4171 sp=0xff981160 mode 0

Classes unloaded (0 events):
No events

Classes redefined (0 events):
No events

Internal exceptions (9 events):
Event: 62.247 Thread 0x0b6f07e0 Exception <a 'java/lang/NoSuchMethodError'{0xcd031528}: 'java.lang.Object java.lang.invoke.DirectMethodHandle$Holder.invokeStatic(java.lang.Object, float)'> (0xcd031528) 
thrown [src/hotspot/share/interpreter/linkResolver.cpp, line 759]
Event: 68.023 Thread 0x0b6f07e0 Exception <a 'java/lang/NoSuchMethodError'{0xcd058c50}: 'java.lang.Object java.lang.invoke.DirectMethodHandle$Holder.invokeStaticInit(java.lang.Object)'> (0xcd058c50) 
thrown [src/hotspot/share/interpreter/linkResolver.cpp, line 759]
Event: 109.956 Thread 0x0b6f07e0 Exception <a 'java/lang/NoSuchMethodError'{0xcd18a5e0}: static [Ljava/lang/Object;.<clinit>()V> (0xcd18a5e0) 
thrown [src/hotspot/share/prims/jni.cpp, line 1112]
Event: 112.132 Thread 0x0b6f07e0 Exception <a 'java/lang/NoSuchMethodError'{0xccc33dd0}: 'java.lang.Object java.lang.invoke.DirectMethodHandle$Holder.invokeSpecial(java.lang.Object, java.lang.Object, java.lang.Object, java.lang.Object, int)'> (0xccc33dd0) 
thrown [src/hotspot/share/interpreter/linkResolver.cpp, line 759]
Event: 112.156 Thread 0x0b6f07e0 Exception <a 'java/lang/NoSuchMethodError'{0xccc37538}: 'java.lang.Object java.lang.invoke.Invokers$Holder.linkToTargetMethod(java.lang.Object, java.lang.Object, int, java.lang.Object)'> (0xccc37538) 
thrown [src/hotspot/share/interpreter/linkResolver.cpp, line 759]
Event: 117.411 Thread 0x0b6f07e0 Exception <a 'java/lang/NoSuchMethodError'{0xcc621b58}: 'java.lang.Object java.lang.invoke.DirectMethodHandle$Holder.invokeSpecial(java.lang.Object, java.lang.Object, java.lang.Object, java.lang.Object, java.lang.Object, java.lang.Object, int)'> (0xcc621b58) 
thrown [src/hotspot/share/interpreter/linkResolver.cpp, line 759]
Event: 177.391 Thread 0x0b6f07e0 Exception <a 'java/lang/NoSuchMethodError'{0xc992f9f0}: static [Lscript/obj_id;.<clinit>()V> (0xc992f9f0) 
thrown [src/hotspot/share/prims/jni.cpp, line 1112]
Event: 706.930 Thread 0x0b6f07e0 Exception <a 'java/lang/NoSuchMethodError'{0xcca69878}: 'java.lang.Object java.lang.invoke.DirectMethodHandle$Holder.invokeSpecial(java.lang.Object, java.lang.Object, long, java.lang.Object, java.lang.Object, java.lang.Object, java.lang.Object, java.lang.Object, java.lang.Object)'> (0xcca69878) 
thrown [src/hotspot/share/interpreter/linkResolver.cpp, line 759]
Event: 706.930 Thread 0x0b6f07e0 Exception <a 'java/lang/NoSuchMethodError'{0xcca6dc50}: 'java.lang.Object java.lang.invoke.DelegatingMethodHandle$Holder.reinvoke_L(java.lang.Object, long, java.lang.Object, java.lang.Object, java.lang.Object, java.lang.Object, java.lang.Object, java.lang.Object)'> (0xcca6dc50) 
thrown [src/hotspot/share/interpreter/linkResolver.cpp, line 759]

VM Operations (20 events):
Event: 752.365 Executing VM operation: Cleanup
Event: 752.365 Executing VM operation: Cleanup done
Event: 756.375 Executing VM operation: Cleanup
Event: 756.375 Executing VM operation: Cleanup done
Event: 761.398 Executing VM operation: Cleanup
Event: 761.398 Executing VM operation: Cleanup done
Event: 781.418 Executing VM operation: Cleanup
Event: 781.418 Executing VM operation: Cleanup done
Event: 783.418 Executing VM operation: Cleanup
Event: 783.418 Executing VM operation: Cleanup done
Event: 802.424 Executing VM operation: Cleanup
Event: 802.424 Executing VM operation: Cleanup done
Event: 803.424 Executing VM operation: Cleanup
Event: 803.424 Executing VM operation: Cleanup done
Event: 812.426 Executing VM operation: Cleanup
Event: 812.426 Executing VM operation: Cleanup done
Event: 915.455 Executing VM operation: G1CollectForAllocation
Event: 915.594 Executing VM operation: G1CollectForAllocation done
Event: 917.596 Executing VM operation: Cleanup
Event: 917.596 Executing VM operation: Cleanup done

Events (20 events):
Event: 111.985 loading class java/nio/DirectByteBuffer$Deallocator
Event: 111.985 loading class java/nio/DirectByteBuffer$Deallocator done
Event: 111.985 loading class sun/nio/ch/NativeThread
Event: 111.985 loading class sun/nio/ch/NativeThread done
Event: 111.986 loading class sun/nio/ch/IOStatus
Event: 111.986 loading class sun/nio/ch/IOStatus done
Event: 111.986 loading class sun/net/www/protocol/jrt/Handler
Event: 111.986 loading class sun/net/www/protocol/jrt/Handler done
Event: 111.986 loading class java/util/AbstractMap$SimpleEntry
Event: 111.986 loading class java/util/AbstractMap$SimpleEntry done
Event: 112.031 loading class sun/text/resources/cldr/FormatData_en
Event: 112.032 loading class sun/text/resources/cldr/FormatData_en done
Event: 112.032 loading class sun/text/resources/cldr/FormatData_en_US
Event: 112.032 loading class sun/text/resources/cldr/FormatData_en_US done
Event: 112.702 Thread 0xc47c8950 Thread added: 0xc47c8950
Event: 112.702 Protecting memory [0xc11fc000,0xc1200000] with protection modes 0
Event: 113.766 Thread 0xc47c8950 Thread exited: 0xc47c8950
Event: 1002.802 Thread 0x0b6f07e0 Thread exited: 0x0b6f07e0
Event: 1002.819 Thread 0xf5e242d0 Thread exited: 0xf5e242d0
Event: 1002.819 Thread 0xc429bff0 Thread exited: 0xc429bff0


Dynamic libraries:
08048000-09298000 r-xp 00000000 08:04 494947248                          /home/almalinux/swg-returns-nge/build/bin/SwgGameServer
09298000-0929c000 rw-p 0124f000 08:04 494947248                          /home/almalinux/swg-returns-nge/build/bin/SwgGameServer
0929c000-09b1f000 rw-p 00000000 00:00 0 
0a02b000-1cfdb000 rw-p 00000000 00:00 0                                  [heap]
bef00000-beff9000 rw-p 00000000 00:00 0 
beff9000-bf000000 ---p 00000000 00:00 0 
bf000000-bf0b3000 rw-p 00000000 00:00 0 
bf0b3000-bf100000 ---p 00000000 00:00 0 
bf100000-bf1f9000 rw-p 00000000 00:00 0 
bf1f9000-bf200000 ---p 00000000 00:00 0 
bf200000-bf2f9000 rw-p 00000000 00:00 0 
bf2f9000-bf300000 ---p 00000000 00:00 0 
bf300000-bf3fb000 rw-p 00000000 00:00 0 
bf3fb000-bf400000 ---p 00000000 00:00 0 
bf400000-bf4f9000 rw-p 00000000 00:00 0 
bf4f9000-bf500000 ---p 00000000 00:00 0 
bf500000-bf5f9000 rw-p 00000000 00:00 0 
bf5f9000-bf600000 ---p 00000000 00:00 0 
bf600000-bf6f9000 rw-p 00000000 00:00 0 
bf6f9000-bf700000 ---p 00000000 00:00 0 
bf700000-bf7c5000 rw-p 00000000 00:00 0 
bf7c5000-bf800000 ---p 00000000 00:00 0 
bf900000-bf9f9000 rw-p 00000000 00:00 0 
bf9f9000-bfa00000 ---p 00000000 00:00 0 
bfa00000-bfaf9000 rw-p 00000000 00:00 0 
bfaf9000-bfb00000 ---p 00000000 00:00 0 
bfb00000-bfbf9000 rw-p 00000000 00:00 0 
bfbf9000-bfc00000 ---p 00000000 00:00 0 
bfc00000-bfce8000 rw-p 00000000 00:00 0 
bfce8000-bfd00000 ---p 00000000 00:00 0 
bfd00000-bfe00000 rw-p 00000000 00:00 0 
bfe00000-bfeed000 rw-p 00000000 00:00 0 
bfeed000-bff00000 ---p 00000000 00:00 0 
bff00000-bfff0000 rw-p 00000000 00:00 0 
bfff0000-c0000000 ---p 00000000 00:00 0 
c0000000-c00f1000 rw-p 00000000 00:00 0 
c00f1000-c0100000 ---p 00000000 00:00 0 
c0100000-c01fd000 rw-p 00000000 00:00 0 
c01fd000-c0200000 ---p 00000000 00:00 0 
c0200000-c02fe000 rw-p 00000000 00:00 0 
c02fe000-c0300000 ---p 00000000 00:00 0 
c0300000-c03fd000 rw-p 00000000 00:00 0 
c03fd000-c0400000 ---p 00000000 00:00 0 
c0400000-c04f9000 rw-p 00000000 00:00 0 
c04f9000-c0500000 ---p 00000000 00:00 0 
c0500000-c05e9000 rw-p 00000000 00:00 0 
c05e9000-c0600000 ---p 00000000 00:00 0 
c0600000-c06f9000 rw-p 00000000 00:00 0 
c06f9000-c0700000 ---p 00000000 00:00 0 
c11fc000-c1200000 ---p 00000000 00:00 0 
c1200000-c127d000 rw-p 00000000 00:00 0 
c127d000-c127e000 ---p 00000000 00:00 0 
c127e000-c12fe000 rw-p 00000000 00:00 0 
c12fe000-c12ff000 ---p 00000000 00:00 0 
c12ff000-c137f000 rw-p 00000000 00:00 0 
c137f000-c1383000 ---p 00000000 00:00 0 
c1383000-c1400000 rw-p 00000000 00:00 0 
c1400000-c14f9000 rw-p 00000000 00:00 0 
c14f9000-c1500000 ---p 00000000 00:00 0 
c173d000-c1741000 ---p 00000000 00:00 0 
c1741000-c17fe000 rw-p 00000000 00:00 0 
c17fe000-c1802000 ---p 00000000 00:00 0 
c1802000-c18bf000 rw-p 00000000 00:00 0 
c18bf000-c18c0000 ---p 00000000 00:00 0 
c18c0000-c1940000 rw-p 00000000 00:00 0 
c1940000-c1944000 ---p 00000000 00:00 0 
c1944000-c1a01000 rw-p 00000000 00:00 0 
c1a01000-c1a05000 ---p 00000000 00:00 0 
c1a05000-c1ac2000 rw-p 00000000 00:00 0 
c1ac2000-c1ac6000 ---p 00000000 00:00 0 
c1ac6000-c1b43000 rw-p 00000000 00:00 0 
c1b43000-c1b47000 ---p 00000000 00:00 0 
c1b47000-c1c04000 rw-p 00000000 00:00 0 
c1c04000-c1c08000 ---p 00000000 00:00 0 
c1c08000-c1cc5000 rw-p 00000000 00:00 0 
c1cc5000-c1cc9000 ---p 00000000 00:00 0 
c1cc9000-c1d86000 rw-p 00000000 00:00 0 
c1d86000-c2000000 r--p 00078000 08:04 535181                             /usr/lib/locale/locale-archive
c2000000-c21b0000 rw-p 00000000 00:00 0 
c21b0000-c2400000 ---p 00000000 00:00 0 
c2400000-c2a10000 rw-p 00000000 00:00 0 
c2a10000-c3000000 ---p 00000000 00:00 0 
c307e000-c327e000 r--p 00000000 08:04 535181                             /usr/lib/locale/locale-archive
c327e000-c3282000 ---p 00000000 00:00 0 
c3282000-c333f000 rw-p 00000000 00:00 0 
c333f000-c3343000 ---p 00000000 00:00 0 
c3343000-c3400000 rw-p 00000000 00:00 0 
c3400000-c3421000 rw-p 00000000 00:00 0 
c3421000-c3500000 ---p 00000000 00:00 0 
c3531000-c3535000 ---p 00000000 00:00 0 
c3535000-c35b2000 rw-p 00000000 00:00 0 
c35b2000-c35b3000 ---p 00000000 00:00 0 
c35b3000-c3633000 rw-p 00000000 00:00 0 
c3633000-c3f00000 rw-p 00001000 08:04 143240867                          /usr/lib/jvm/java-17-zulu-openjdk-jdk-x86/lib/server/classes.jsa
c3f00000-c3f21000 rw-p 00000000 00:00 0 
c3f21000-c4000000 ---p 00000000 00:00 0 
c407f000-c4080000 ---p 00000000 00:00 0 
c4080000-c4100000 rw-p 00000000 00:00 0 
c4100000-c4121000 rw-p 00000000 00:00 0 
c4121000-c4200000 ---p 00000000 00:00 0 
c4200000-c42d7000 rw-p 00000000 00:00 0 
c42d7000-c4300000 ---p 00000000 00:00 0 
c437f000-c4380000 ---p 00000000 00:00 0 
c4380000-c4400000 rw-p 00000000 00:00 0 
c4400000-c4421000 rw-p 00000000 00:00 0 
c4421000-c4500000 ---p 00000000 00:00 0 
c457f000-c4580000 ---p 00000000 00:00 0 
c4580000-c4600000 rw-p 00000000 00:00 0 
c4600000-c4700000 rw-p 00000000 00:00 0 
c4700000-c47fb000 rw-p 00000000 00:00 0 
c47fb000-c4800000 ---p 00000000 00:00 0 
c487f000-c4880000 ---p 00000000 00:00 0 
c4880000-c4b00000 rw-p 00000000 00:00 0 
c4b00000-c5100000 ---p 00000000 00:00 0 
c5100000-c5300000 rw-p 00000000 00:00 0 
c5300000-c5900000 ---p 00000000 00:00 0 
c5900000-c5940000 rw-p 00000000 00:00 0 
c5940000-c5a00000 ---p 00000000 00:00 0 
c5a00000-c5a40000 rw-p 00000000 00:00 0 
c5a40000-c5b00000 ---p 00000000 00:00 0 
c5b00000-c5b40000 rw-p 00000000 00:00 0 
c5b40000-c5c00000 ---p 00000000 00:00 0 
c5c00000-cdc00000 rw-p 00000000 00:00 0 
cdc00000-e5c00000 ---p 00000000 00:00 0 
e5c65000-e5c6a000 rw-p 00000000 00:00 0 
e5c6a000-e5d50000 ---p 00000000 00:00 0 
e5d50000-e6160000 rwxp 00000000 00:00 0 
e6160000-ed2ab000 ---p 00000000 00:00 0 
ed2ab000-ed4eb000 rwxp 00000000 00:00 0 
ed4eb000-ed7f5000 ---p 00000000 00:00 0 
ed7f5000-eda35000 rwxp 00000000 00:00 0 
eda35000-f4d50000 ---p 00000000 00:00 0 
f4d50000-f4eb8000 r--s 00000000 08:04 117534333                          /usr/lib/jvm/java-17-zulu-openjdk-jdk-x86/lib/modules
f4eb8000-f5d5a000 r-xp 00000000 08:04 143240869                          /usr/lib/jvm/java-17-zulu-openjdk-jdk-x86/lib/server/libjvm.so
f5d5a000-f5daf000 r--p 00ea1000 08:04 143240869                          /usr/lib/jvm/java-17-zulu-openjdk-jdk-x86/lib/server/libjvm.so
f5daf000-f5dd0000 rw-p 00ef6000 08:04 143240869                          /usr/lib/jvm/java-17-zulu-openjdk-jdk-x86/lib/server/libjvm.so
f5dd0000-f5e00000 rw-p 00000000 00:00 0 
f5e00000-f5f00000 rw-p 00000000 00:00 0 
f5f36000-f5f37000 ---p 00000000 00:00 0 
f5f37000-f5fb7000 rw-p 00000000 00:00 0 
f5fb7000-f5fb8000 ---p 00000000 00:00 0 
f5fb8000-f5fbc000 ---p 00000000 00:00 0 
f5fbc000-f6b30000 rw-p 00000000 00:00 0 
f6b3c000-f6b51000 r-xp 00000000 08:04 117534323                          /usr/lib/jvm/java-17-zulu-openjdk-jdk-x86/lib/libnet.so
f6b51000-f6b52000 r--p 00014000 08:04 117534323                          /usr/lib/jvm/java-17-zulu-openjdk-jdk-x86/lib/libnet.so
f6b52000-f6b53000 rw-p 00015000 08:04 117534323                          /usr/lib/jvm/java-17-zulu-openjdk-jdk-x86/lib/libnet.so
f6b53000-f6b5c000 rw-p 00000000 00:00 0 
f6b5c000-f6c3e000 ---p 00000000 00:00 0 
f6e78000-f6e8a000 r-xp 00000000 08:04 117534324                          /usr/lib/jvm/java-17-zulu-openjdk-jdk-x86/lib/libnio.so
f6e8a000-f6e8b000 r--p 00011000 08:04 117534324                          /usr/lib/jvm/java-17-zulu-openjdk-jdk-x86/lib/libnio.so
f6e8b000-f6e8c000 rw-p 00012000 08:04 117534324                          /usr/lib/jvm/java-17-zulu-openjdk-jdk-x86/lib/libnio.so
f6e8c000-f6eb5000 rw-p 00000000 00:00 0 
f6eb5000-f6ed8000 r-xp 00000000 08:04 117534310                          /usr/lib/jvm/java-17-zulu-openjdk-jdk-x86/lib/libjava.so
f6ed8000-f6ed9000 r--p 00022000 08:04 117534310                          /usr/lib/jvm/java-17-zulu-openjdk-jdk-x86/lib/libjava.so
f6ed9000-f6eda000 rw-p 00023000 08:04 117534310                          /usr/lib/jvm/java-17-zulu-openjdk-jdk-x86/lib/libjava.so
f6eda000-f6ee6000 r-xp 00000000 08:04 16831767                           /usr/lib/libnss_files-2.28.so
f6ee6000-f6ee7000 r--p 0000b000 08:04 16831767                           /usr/lib/libnss_files-2.28.so
f6ee7000-f6ee8000 rw-p 0000c000 08:04 16831767                           /usr/lib/libnss_files-2.28.so
f6ee8000-f6eee000 rw-p 00000000 00:00 0 
f6ef4000-f6ef9000 rw-p 00000000 00:00 0 
f6ef9000-f6eff000 ---p 00000000 00:00 0 
f6eff000-f6f1a000 r-xp 00000000 08:04 117534314                          /usr/lib/jvm/java-17-zulu-openjdk-jdk-x86/lib/libjimage.so
f6f1a000-f6f1b000 ---p 0001b000 08:04 117534314                          /usr/lib/jvm/java-17-zulu-openjdk-jdk-x86/lib/libjimage.so
f6f1b000-f6f1c000 r--p 0001b000 08:04 117534314                          /usr/lib/jvm/java-17-zulu-openjdk-jdk-x86/lib/libjimage.so
f6f1c000-f6f1d000 rw-p 0001c000 08:04 117534314                          /usr/lib/jvm/java-17-zulu-openjdk-jdk-x86/lib/libjimage.so
f6f1d000-f6f21000 rw-p 00000000 00:00 0 
f6f21000-f6fa9000 r-xp 00000000 08:04 17191875                           /usr/lib/libpcre2-8.so.0.7.1
f6fa9000-f6faa000 r--p 00087000 08:04 17191875                           /usr/lib/libpcre2-8.so.0.7.1
f6faa000-f6fab000 rw-p 00088000 08:04 17191875                           /usr/lib/libpcre2-8.so.0.7.1
f6fab000-f6fcb000 r-xp 00000000 08:04 17021543                           /usr/lib/libcrypt.so.1.1.0
f6fcb000-f6fcc000 ---p 00020000 08:04 17021543                           /usr/lib/libcrypt.so.1.1.0
f6fcc000-f6fcd000 r--p 00020000 08:04 17021543                           /usr/lib/libcrypt.so.1.1.0
f6fcd000-f6fd6000 rw-p 00000000 00:00 0 
f6fd6000-f7001000 r-xp 00000000 08:04 17191887                           /usr/lib/libselinux.so.1
f7001000-f7002000 ---p 0002b000 08:04 17191887                           /usr/lib/libselinux.so.1
f7002000-f7003000 r--p 0002b000 08:04 17191887                           /usr/lib/libselinux.so.1
f7003000-f7004000 rw-p 0002c000 08:04 17191887                           /usr/lib/libselinux.so.1
f7004000-f7005000 rw-p 00000000 00:00 0 
f7005000-f7024000 r-xp 00000000 08:04 18866589                           /usr/lib/libbrotlicommon.so.1.0.6
f7024000-f7025000 r--p 0001e000 08:04 18866589                           /usr/lib/libbrotlicommon.so.1.0.6
f7025000-f7026000 rw-p 0001f000 08:04 18866589                           /usr/lib/libbrotlicommon.so.1.0.6
f7026000-f7044000 r-xp 00000000 08:04 17191915                           /usr/lib/libsasl2.so.3.0.0
f7044000-f7045000 ---p 0001e000 08:04 17191915                           /usr/lib/libsasl2.so.3.0.0
f7045000-f7046000 r--p 0001e000 08:04 17191915                           /usr/lib/libsasl2.so.3.0.0
f7046000-f7047000 rw-p 0001f000 08:04 17191915                           /usr/lib/libsasl2.so.3.0.0
f7047000-f7049000 rw-p 00000000 00:00 0 
f7049000-f705d000 r-xp 00000000 08:04 16831772                           /usr/lib/libresolv-2.28.so
f705d000-f705e000 ---p 00014000 08:04 16831772                           /usr/lib/libresolv-2.28.so
f705e000-f705f000 r--p 00014000 08:04 16831772                           /usr/lib/libresolv-2.28.so
f705f000-f7060000 rw-p 00015000 08:04 16831772                           /usr/lib/libresolv-2.28.so
f7060000-f7062000 rw-p 00000000 00:00 0 
f7062000-f7065000 r-xp 00000000 08:04 17191893                           /usr/lib/libkeyutils.so.1.6
f7065000-f7066000 ---p 00003000 08:04 17191893                           /usr/lib/libkeyutils.so.1.6
f7066000-f7067000 r--p 00003000 08:04 17191893                           /usr/lib/libkeyutils.so.1.6
f7067000-f7068000 rw-p 00000000 00:00 0 
f7068000-f7078000 r-xp 00000000 08:04 17021560                           /usr/lib/libkrb5support.so.0.1
f7078000-f7079000 r--p 0000f000 08:04 17021560                           /usr/lib/libkrb5support.so.0.1
f7079000-f707a000 rw-p 00010000 08:04 17021560                           /usr/lib/libkrb5support.so.0.1
f707a000-f7082000 r-xp 00000000 08:04 16831774                           /usr/lib/librt-2.28.so
f7082000-f7083000 r--p 00007000 08:04 16831774                           /usr/lib/librt-2.28.so
f7083000-f7084000 rw-p 00008000 08:04 16831774                           /usr/lib/librt-2.28.so
f7084000-f7203000 r-xp 00000000 08:04 17021545                           /usr/lib/libunistring.so.2.1.0
f7203000-f7204000 ---p 0017f000 08:04 17021545                           /usr/lib/libunistring.so.2.1.0
f7204000-f7206000 r--p 0017f000 08:04 17021545                           /usr/lib/libunistring.so.2.1.0
f7206000-f7207000 rw-p 00181000 08:04 17021545                           /usr/lib/libunistring.so.2.1.0
f7207000-f7231000 r-xp 00000000 08:04 18654292                           /usr/lib/liblzma.so.5.2.4
f7231000-f7232000 r--p 00029000 08:04 18654292                           /usr/lib/liblzma.so.5.2.4
f7232000-f7233000 rw-p 00000000 00:00 0 
f7233000-f723f000 r-xp 00000000 08:04 17191936                           /usr/lib/libbrotlidec.so.1.0.6
f723f000-f7240000 r--p 0000b000 08:04 17191936                           /usr/lib/libbrotlidec.so.1.0.6
f7240000-f7241000 rw-p 00000000 00:00 0 
f7241000-f7250000 r-xp 00000000 08:04 17191918                           /usr/lib/liblber-2.4.so.2.10.9
f7250000-f7251000 r--p 0000e000 08:04 17191918                           /usr/lib/liblber-2.4.so.2.10.9
f7251000-f7252000 rw-p 0000f000 08:04 17191918                           /usr/lib/liblber-2.4.so.2.10.9
f7252000-f72a7000 r-xp 00000000 08:04 17191920                           /usr/lib/libldap-2.4.so.2.10.9
f72a7000-f72a8000 ---p 00055000 08:04 17191920                           /usr/lib/libldap-2.4.so.2.10.9
f72a8000-f72a9000 r--p 00055000 08:04 17191920                           /usr/lib/libldap-2.4.so.2.10.9
f72a9000-f72aa000 rw-p 00056000 08:04 17191920                           /usr/lib/libldap-2.4.so.2.10.9
f72aa000-f72ac000 rw-p 00000000 00:00 0 
f72ac000-f72af000 r-xp 00000000 08:04 16994899                           /usr/lib/libcom_err.so.2.1
f72af000-f72b0000 r--p 00002000 08:04 16994899                           /usr/lib/libcom_err.so.2.1
f72b0000-f72b1000 rw-p 00003000 08:04 16994899                           /usr/lib/libcom_err.so.2.1
f72b1000-f72c7000 r-xp 00000000 08:04 17021552                           /usr/lib/libk5crypto.so.3.1
f72c7000-f72c8000 ---p 00016000 08:04 17021552                           /usr/lib/libk5crypto.so.3.1
f72c8000-f72c9000 r--p 00016000 08:04 17021552                           /usr/lib/libk5crypto.so.3.1
f72c9000-f72ca000 rw-p 00017000 08:04 17021552                           /usr/lib/libk5crypto.so.3.1
f72ca000-f73ad000 r-xp 00000000 08:04 17021558                           /usr/lib/libkrb5.so.3.3
f73ad000-f73b4000 r--p 000e2000 08:04 17021558                           /usr/lib/libkrb5.so.3.3
f73b4000-f73b5000 rw-p 000e9000 08:04 17021558                           /usr/lib/libkrb5.so.3.3
f73b5000-f7410000 r-xp 00000000 08:04 17021548                           /usr/lib/libgssapi_krb5.so.2.2
f7410000-f7412000 r--p 0005a000 08:04 17021548                           /usr/lib/libgssapi_krb5.so.2.2
f7412000-f7413000 rw-p 0005c000 08:04 17021548                           /usr/lib/libgssapi_krb5.so.2.2
f7413000-f76c4000 r-xp 00000000 08:04 18627877                           /usr/lib/libcrypto.so.1.1.1k
f76c4000-f76dd000 r--p 002b0000 08:04 18627877                           /usr/lib/libcrypto.so.1.1.1k
f76dd000-f76df000 rw-p 002c9000 08:04 18627877                           /usr/lib/libcrypto.so.1.1.1k
f76df000-f76e3000 rw-p 00000000 00:00 0 
f76e3000-f7775000 r-xp 00000000 08:04 18627879                           /usr/lib/libssl.so.1.1.1k
f7775000-f777b000 r--p 00091000 08:04 18627879                           /usr/lib/libssl.so.1.1.1k
f777b000-f777f000 rw-p 00097000 08:04 18627879                           /usr/lib/libssl.so.1.1.1k
f777f000-f778f000 r-xp 00000000 08:04 18660120                           /usr/lib/libpsl.so.5.3.1
f778f000-f7790000 r--p 0000f000 08:04 18660120                           /usr/lib/libpsl.so.5.3.1
f7790000-f7791000 rw-p 00000000 00:00 0 
f7791000-f780e000 r-xp 00000000 08:04 16994901                           /usr/lib/libssh.so.4.8.7
f780e000-f780f000 ---p 0007d000 08:04 16994901                           /usr/lib/libssh.so.4.8.7
f780f000-f7810000 r--p 0007d000 08:04 16994901                           /usr/lib/libssh.so.4.8.7
f7810000-f7811000 rw-p 0007e000 08:04 16994901                           /usr/lib/libssh.so.4.8.7
f7811000-f782e000 r-xp 00000000 08:04 17040588                           /usr/lib/libidn2.so.0.3.6
f782e000-f782f000 r--p 0001c000 08:04 17040588                           /usr/lib/libidn2.so.0.3.6
f782f000-f7830000 rw-p 00000000 00:00 0 
f7830000-f7858000 r-xp 00000000 08:04 17191891                           /usr/lib/libnghttp2.so.14.17.0
f7858000-f7859000 r--p 00027000 08:04 17191891                           /usr/lib/libnghttp2.so.14.17.0
f7859000-f785b000 rw-p 00028000 08:04 17191891                           /usr/lib/libnghttp2.so.14.17.0
f785b000-f79fd000 r-xp 00000000 08:04 16831756                           /usr/lib/libc-2.28.so
f79fd000-f79fe000 ---p 001a2000 08:04 16831756                           /usr/lib/libc-2.28.so
f79fe000-f7a00000 r--p 001a2000 08:04 16831756                           /usr/lib/libc-2.28.so
f7a00000-f7a01000 rw-p 001a4000 08:04 16831756                           /usr/lib/libc-2.28.so
f7a01000-f7a06000 rw-p 00000000 00:00 0 
f7a06000-f7a21000 r-xp 00000000 08:04 16985139                           /usr/lib/libgcc_s-8-20210514.so.1
f7a21000-f7a22000 r--p 0001a000 08:04 16985139                           /usr/lib/libgcc_s-8-20210514.so.1
f7a22000-f7a23000 rw-p 0001b000 08:04 16985139                           /usr/lib/libgcc_s-8-20210514.so.1
f7a23000-f7af3000 r-xp 00000000 08:04 16831760                           /usr/lib/libm-2.28.so
f7af3000-f7af4000 r--p 000cf000 08:04 16831760                           /usr/lib/libm-2.28.so
f7af4000-f7af5000 rw-p 000d0000 08:04 16831760                           /usr/lib/libm-2.28.so
f7af5000-f7c7e000 r-xp 00000000 08:04 16985145                           /usr/lib/libstdc++.so.6.0.25
f7c7e000-f7c7f000 ---p 00189000 08:04 16985145                           /usr/lib/libstdc++.so.6.0.25
f7c7f000-f7c85000 r--p 00189000 08:04 16985145                           /usr/lib/libstdc++.so.6.0.25
f7c85000-f7c86000 rw-p 0018f000 08:04 16985145                           /usr/lib/libstdc++.so.6.0.25
f7c86000-f7c88000 rw-p 00000000 00:00 0 
f7c88000-f7c9f000 r-xp 00000000 08:04 16963437                           /usr/lib/libz.so.1.2.11
f7c9f000-f7ca0000 ---p 00017000 08:04 16963437                           /usr/lib/libz.so.1.2.11
f7ca0000-f7ca1000 r--p 00017000 08:04 16963437                           /usr/lib/libz.so.1.2.11
f7ca1000-f7ca2000 rw-p 00000000 00:00 0 
f7ca2000-f7e1f000 r-xp 00000000 08:04 16963397                           /usr/lib/libxml2.so.2.9.7
f7e1f000-f7e24000 r--p 0017c000 08:04 16963397                           /usr/lib/libxml2.so.2.9.7
f7e24000-f7e25000 rw-p 00181000 08:04 16963397                           /usr/lib/libxml2.so.2.9.7
f7e25000-f7e26000 rw-p 00000000 00:00 0 
f7e26000-f7e42000 r-xp 00000000 08:04 16831770                           /usr/lib/libpthread-2.28.so
f7e42000-f7e43000 r--p 0001b000 08:04 16831770                           /usr/lib/libpthread-2.28.so
f7e43000-f7e44000 rw-p 0001c000 08:04 16831770                           /usr/lib/libpthread-2.28.so
f7e44000-f7e46000 rw-p 00000000 00:00 0 
f7e46000-f7eba000 r-xp 00000000 08:04 16818911                           /usr/lib/libpcre.so.1.2.10
f7eba000-f7ebb000 ---p 00074000 08:04 16818911                           /usr/lib/libpcre.so.1.2.10
f7ebb000-f7ebc000 r--p 00074000 08:04 16818911                           /usr/lib/libpcre.so.1.2.10
f7ebc000-f7ebd000 rw-p 00075000 08:04 16818911                           /usr/lib/libpcre.so.1.2.10
f7ebd000-f7ec0000 r-xp 00000000 08:04 16831758                           /usr/lib/libdl-2.28.so
f7ec0000-f7ec1000 r--p 00002000 08:04 16831758                           /usr/lib/libdl-2.28.so
f7ec1000-f7ec2000 rw-p 00003000 08:04 16831758                           /usr/lib/libdl-2.28.so
f7ec2000-f7f5f000 r-xp 00000000 08:04 16994905                           /usr/lib/libcurl.so.4.5.0
f7f5f000-f7f61000 r--p 0009c000 08:04 16994905                           /usr/lib/libcurl.so.4.5.0
f7f61000-f7f62000 rw-p 0009e000 08:04 16994905                           /usr/lib/libcurl.so.4.5.0
f7f62000-f7f69000 r--s 00000000 08:04 176632422                          /usr/lib/gconv/gconv-modules.cache
f7f69000-f7f71000 rw-s 00000000 08:04 151846524                          /tmp/hsperfdata_almalinux/1419332 (deleted)
f7f71000-f7f72000 ---p 00000000 00:00 0 
f7f72000-f7f73000 r--p 00000000 00:00 0 
f7f73000-f7f75000 rw-p 00000000 00:00 0 
f7f75000-f7f79000 r--p 00000000 00:00 0                                  [vvar]
f7f79000-f7f7b000 r-xp 00000000 00:00 0                                  [vdso]
f7f7b000-f7faa000 r-xp 00000000 08:04 16831749                           /usr/lib/ld-2.28.so
f7faa000-f7fab000 ---p 00000000 00:00 0 
f7fab000-f7fac000 r--p 0002f000 08:04 16831749                           /usr/lib/ld-2.28.so
f7fac000-f7fad000 rw-p 00030000 08:04 16831749                           /usr/lib/ld-2.28.so
ff7c2000-ff7c3000 rwxp 00000000 00:00 0 
ff8cb000-ff987000 rw-p 00000000 00:00 0                                  [stack]


VM Arguments:
jvm_args: -Xms128m -Xmx512m -Xss768k -XX:MaxMetaspaceSize=96m -Xrs -XX:-UsePerfData -XX:-AllowUserSignalHandlers -XX:UseSSE=3 -XX+DoEscapeAnalysis -XX:AutoBoxCacheMax:2000 -XX:+OptimizeStringConcat -XX:+OptimizeFill -XX:+EliminateAutoBox -XX:+UseCompressedStrings -XX:+UseCompressedOops -XX:+EliminateLocks -XX:UseFastAccessorMethods -XX:+UseStringCache -XgcPrio:throughput -XXkeepAreaRatio:1 -XXlazyUnlocking -XXcallProfiling -XXcompactRatio:1 
java_command: <unknown>
java_class_path (initial): ../../data/sku.0/sys.server/compiled/game/
Launcher Type: generic

[Global flags]
     intx CICompilerCount                          = 3                                         {product} {ergonomic}
     uint ConcGCThreads                            = 1                                         {product} {ergonomic}
     uint G1ConcRefinementThreads                  = 4                                         {product} {ergonomic}
   size_t G1HeapRegionSize                         = 1048576                                   {product} {ergonomic}
    uintx GCDrainStackTargetSize                   = 64                                        {product} {ergonomic}
   size_t InitialHeapSize                          = 134217728                                 {product} {command line}
   size_t MarkStackSize                            = 32768                                     {product} {ergonomic}
   size_t MaxHeapSize                              = 536870912                                 {product} {command line}
   size_t MaxMetaspaceSize                         = 100663296                                 {product} {command line}
   size_t MaxNewSize                               = 321912832                                 {product} {ergonomic}
   size_t MinHeapDeltaBytes                        = 1048576                                   {product} {ergonomic}
   size_t MinHeapSize                              = 134217728                                 {product} {command line}
    uintx NonNMethodCodeHeapSize                   = 5544422                                {pd product} {ergonomic}
    uintx NonProfiledCodeHeapSize                  = 123056909                              {pd product} {ergonomic}
    uintx ProfiledCodeHeapSize                     = 123056909                              {pd product} {ergonomic}
    uintx ReservedCodeCacheSize                    = 251658240                              {pd product} {ergonomic}
     bool SegmentedCodeCache                       = true                                      {product} {ergonomic}
   size_t SoftMaxHeapSize                          = 536870912                              {manageable} {ergonomic}
   double SweeperThreshold                         = 0.500000                                  {product} {ergonomic}
     intx ThreadStackSize                          = 768                                    {pd product} {command line}
     bool UseG1GC                                  = true                                      {product} {ergonomic}

Logging:
Log output configuration:
 #0: stdout all=off uptime,level,tags
 #1: stderr all=off uptime,level,tags

Environment Variables:
JAVA_HOME=/usr/lib/jvm/zulu-17-x86
PATH=/usr/java/jdk1.7.0_80/bin:/usr/java/jdk1.7.0_80/bin:/usr/java/jdk1.6.0_45/bin:/usr/java/jdk1.6.0_45/bin:/usr/java/jdk1.6.0_45/bin:/home/almalinux/.local/bin:/home/almalinux/bin:/sbin:/bin:/usr/bin:/usr/local/bin:/usr/local/sbin:/usr/sbin:/usr/lib/oracle/18.3/client/bin:/usr/lib/oracle/18.3/client/bin:/usr/lib/jvm/java-11-openjdk/bin:./
LD_LIBRARY_PATH=/usr/lib/jvm/java-17-zulu-openjdk-jdk-x86/lib/server:/usr/lib/jvm/java-17-zulu-openjdk-jdk-x86/lib:/usr/lib/jvm/java-17-zulu-openjdk-jdk-x86/../lib:/usr/lib/jvm/zulu-17-x86/lib/server:/usr/lib/jvm/java-11-openjdk/lib:/usr/lib/jvm/java-11-openjdk/lib/server:./
SHELL=/bin/bash
DISPLAY=:10.0
LANG=en_US.UTF-8
TERM=xterm-256color

Active Locale:
LC_ALL=en_US.UTF-8
LC_COLLATE=en_US.UTF-8
LC_CTYPE=en_US.UTF-8
LC_MESSAGES=en_US.UTF-8
LC_MONETARY=en_US.UTF-8
LC_NUMERIC=en_US.UTF-8
LC_TIME=en_US.UTF-8

Signal Handlers:
   SIGSEGV: crash_handler in libjvm.so, mask=11100100010111111101111111111110, flags=SA_RESTART|SA_SIGINFO, unblocked
    SIGBUS: crash_handler in libjvm.so, mask=11100100010111111101111111111110, flags=SA_RESTART|SA_SIGINFO, unblocked
    SIGFPE: crash_handler in libjvm.so, mask=11100100010111111101111111111110, flags=SA_RESTART|SA_SIGINFO, unblocked
   SIGPIPE: SIG_IGN, mask=00000000000010000000000000000000, flags=SA_RESTART, blocked
  *** Handler was modified!
  *** Expected: javaSignalHandler in libjvm.so, mask=11100100110111111111111111111110, flags=SA_RESTART|SA_SIGINFO
   SIGXFSZ: javaSignalHandler in libjvm.so, mask=11100100010111111101111111111110, flags=SA_RESTART|SA_SIGINFO, blocked
    SIGILL: crash_handler in libjvm.so, mask=11100100010111111101111111111110, flags=SA_RESTART|SA_SIGINFO, unblocked
   SIGUSR2: SR_handler in libjvm.so, mask=00100000000000000000000000000000, flags=SA_RESTART|SA_SIGINFO, blocked
    SIGHUP: UserHandler in libjvm.so, mask=11100100010111111101111111111110, flags=SA_RESTART|SA_SIGINFO, blocked
    SIGINT: UserHandler in libjvm.so, mask=11100100010111111101111111111110, flags=SA_RESTART|SA_SIGINFO, blocked
   SIGTERM: UserHandler in libjvm.so, mask=11100100010111111101111111111110, flags=SA_RESTART|SA_SIGINFO, blocked
   SIGQUIT: UserHandler in libjvm.so, mask=11100100010111111101111111111110, flags=SA_RESTART|SA_SIGINFO, blocked
   SIGTRAP: crash_handler in libjvm.so, mask=11100100010111111101111111111110, flags=SA_RESTART|SA_SIGINFO, unblocked


Periodic native trim disabled


---------------  S Y S T E M  ---------------

OS:
AlmaLinux release 8.10 (Cerulean Leopard)
uname: Linux 4.18.0-553.81.1.el8_10.x86_64 #1 SMP Mon Oct 27 11:29:19 EDT 2025 x86_64
OS uptime: 33 days 23:26 hours
libc: glibc 2.28 NPTL 2.28 
rlimit (soft/hard): STACK 8192k/infinity , CORE 0k/infinity , NPROC 61995/61995 , NOFILE 262144/262144 , AS infinity/infinity , CPU infinity/infinity , DATA infinity/infinity , FSIZE infinity/infinity , MEMLOCK 64k/64k
load average: 60.37 45.19 39.72

/proc/meminfo:
MemTotal:       16014448 kB
MemFree:         4738716 kB
MemAvailable:    6108016 kB
Buffers:            1056 kB
Cached:          3088148 kB
SwapCached:        34560 kB
Active:          2872920 kB
Inactive:        7213880 kB
Active(anon):    2069744 kB
Inactive(anon):  6929144 kB
Active(file):     803176 kB
Inactive(file):   284736 kB
Unevictable:        3104 kB
Mlocked:              16 kB
SwapTotal:       8388604 kB
SwapFree:        6597392 kB
Dirty:              2180 kB
Writeback:             0 kB
AnonPages:       6980324 kB
Mapped:          1564584 kB
Shmem:           2001216 kB
KReclaimable:     458432 kB
Slab:             638928 kB
SReclaimable:     458432 kB
SUnreclaim:       180496 kB
KernelStack:       21132 kB
PageTables:       159676 kB
NFS_Unstable:          0 kB
Bounce:                0 kB
WritebackTmp:          0 kB
CommitLimit:    16395828 kB
Committed_AS:   21761868 kB
VmallocTotal:   34359738367 kB
VmallocUsed:       66944 kB
VmallocChunk:          0 kB
Percpu:             2704 kB
HardwareCorrupted:     0 kB
AnonHugePages:         0 kB
ShmemHugePages:        0 kB
ShmemPmdMapped:        0 kB
FileHugePages:         0 kB
FilePmdMapped:         0 kB
HugePages_Total:       0
HugePages_Free:        0
HugePages_Rsvd:        0
HugePages_Surp:        0
Hugepagesize:       2048 kB
Hugetlb:               0 kB
DirectMap4k:     2908012 kB
DirectMap2M:    13475840 kB

/sys/kernel/mm/transparent_hugepage/enabled: always madvise [never]
/sys/kernel/mm/transparent_hugepage/hpage_pmd_size: 2097152
/sys/kernel/mm/transparent_hugepage/defrag (defrag/compaction efforts parameter): always defer defer+madvise [madvise] never

Process Memory:
Virtual Size: 1254464K (peak: 1267068K)
Resident Set Size: 493544K (peak: 504132K) (anon: 459636K, file: 33908K, shmem: 0K)
Swapped out: 0K
C-Heap outstanding allocations: 26564K, retained: 316595K
glibc malloc tunables: (default)

/proc/sys/kernel/threads-max (system-wide limit on the number of threads): 123991
/proc/sys/vm/max_map_count (maximum number of memory map areas a process may have): 1677720
/proc/sys/kernel/pid_max (system-wide limit on number of process identifiers): 4194304

container (cgroup) information:
container_type: cgroupv1
cpu_cpuset_cpus: 0-3
cpu_memory_nodes: 0
active_processor_count: 4
cpu_quota: no quota
cpu_period: 100000
cpu_shares: no shares
memory_limit_in_bytes: unlimited
memory_and_swap_limit_in_bytes: unlimited
memory_soft_limit_in_bytes: unlimited
memory_usage_in_bytes: 9737140 k
memory_max_usage_in_bytes: 14783012 k
kernel_memory_usage_in_bytes: 491740 k
kernel_memory_max_usage_in_bytes: unlimited
kernel_memory_limit_in_bytes: 985464 k
maximum number of tasks: unlimited
current number of tasks: 596

KVM virtualization detected
Steal ticks since vm start: 128
Steal ticks percentage since vm start:  0.000

CPU: total 4 (initial active 4) (1 cores per cpu, 1 threads per core) family 6 model 60 stepping 1 microcode 0x1, cx8, cmov, fxsr, mmx, sse, sse2, sse3, ssse3, sse4.1, sse4.2, popcnt, lzcnt, tsc, avx, avx2, aes, erms, clmul, bmi1, bmi2, fma, vzeroupper, clflush, hv
CPU Model and flags from /proc/cpuinfo:
model name	: Intel Core Processor (Haswell, no TSX)
flags		: fpu vme de pse tsc msr pae mce cx8 apic sep mtrr pge mca cmov pat pse36 clflush mmx fxsr sse sse2 syscall nx rdtscp lm constant_tsc rep_good nopl xtopology cpuid tsc_known_freq pni pclmulqdq vmx ssse3 fma cx16 pcid sse4_1 sse4_2 x2apic movbe popcnt tsc_deadline_timer aes xsave avx f16c rdrand hypervisor lahf_lm abm cpuid_fault invpcid_single pti tpr_shadow vnmi flexpriority ept vpid ept_ad fsgsbase bmi1 avx2 smep bmi2 erms invpcid xsaveopt arat md_clear

Online cpus: 0-3
Offline cpus: 
BIOS frequency limitation: <Not Available>
Frequency switch latency (ns): <Not Available>
Available cpu frequencies: <Not Available>
Current governor: <Not Available>
Core performance/turbo boost: <Not Available>

Memory: 4k page, physical 16014448k(4738924k free), swap 8388604k(6597392k free)
Page Sizes: 4k

vm_info: OpenJDK Server VM (17.0.11+9-LTS) for linux-x86 JRE (17.0.11+9-LTS) (Zulu17.50+19-CA), built on Apr  9 2024 07:14:46 by "zulu_re" with gcc 8.3.0

END.
