#
# A fatal error has been detected by the Java Runtime Environment:
#
#  SIGSEGV (0xb) at pc=0xf78c9618, pid=1433289, tid=1433289
#
# JRE version: OpenJDK Runtime Environment Zulu17.50+19-CA (17.0.11+9) (build 17.0.11+9-LTS)
# Java VM: OpenJDK Server VM Zulu17.50+19-CA (17.0.11+9-LTS, mixed mode, sharing, tiered, g1 gc, linux-x86)
# Problematic frame:
# C  [libc.so.6+0x84618]  cfree+0x28
#
# Core dump will be written. Default location: Core dumps may be processed with "/usr/lib/systemd/systemd-coredump %P %u %g %s %t %c %h %e" (or dumping to /home/almalinux/swg-returns-nge/exe/linux/core.1433289)
#
# If you would like to submit a bug report, please visit:
#   http://www.azul.com/support/
#

---------------  S U M M A R Y ------------

Command Line: -Xms128m -Xmx512m -Xss768k -XX:MaxMetaspaceSize=96m -Xrs -XX:-UsePerfData -XX:-AllowUserSignalHandlers -XX:UseSSE=3 -XX+DoEscapeAnalysis -XX:AutoBoxCacheMax:2000 -XX:+OptimizeStringConcat -XX:+OptimizeFill -XX:+EliminateAutoBox -XX:+UseCompressedStrings -XX:+UseCompressedOops -XX:+EliminateLocks -XX:UseFastAccessorMethods -XX:+UseStringCache -XgcPrio:throughput -XXkeepAreaRatio:1 -XXlazyUnlocking -XXcallProfiling -XXcompactRatio:1 

Host: Intel Core Processor (Haswell, no TSX), 4 cores, 15G, AlmaLinux release 8.10 (Cerulean Leopard)
Time: Sun Jan 25 20:28:29 2026 UTC elapsed time: 106.444095 seconds (0d 0h 1m 46s)

---------------  T H R E A D  ---------------

Current thread is native thread

Stack: [0xff800000,0xff8c0000],  sp=0xff8bcc70,  free space=755k
Native frames: (J=compiled Java code, j=interpreted, Vv=VM code, C=native code)
C  [libc.so.6+0x84618]  cfree+0x28


siginfo: si_signo: 11 (SIGSEGV), si_code: 1 (SEGV_MAPERR), si_addr: 0x00000003

Registers:
EAX=0x00000000, EBX=0x00000007, ECX=0xf6f0784c, EDX=0x0bdcae58
ESP=0xff8bcc70, EBP=0xff8bcda8, ESI=0xf79ea000, EDI=0x00000000
EIP=0xf78c9618, EFLAGS=0x00210202, CR2=0x0000000000000003


Top of Stack: (sp=0xff8bcc70)
0xff8bcc70:   0ba4e000 00000000 ff8bcda8 f7b56f1c
0xff8bcc80:   0ba4e090 f7c6da04 0bdcae30 f7b56f1c
0xff8bcc90:   00000007 f7b56f0a f7c6da04 f7b56f4c
0xff8bcca0:   0ba4e090 f7b56f0a 0bdcebd0 085b6163
0xff8bccb0:   00000007 0ba4e000 0ba4dd10 085bb8d1
0xff8bccc0:   0ba4e000 0ba4dd10 00000000 085bb89b
0xff8bccd0:   0d26d140 ff8bccf7 ff8bcd1c 085c6969
0xff8bcce0:   087d6c00 ff8bcd1c ff8bcda8 084fc53b
0xff8bccf0:   00000014 00010002 00000000 00000000
0xff8bcd00:   01010100 00000001 09aa44c0 00000000
0xff8bcd10:   00000000 00000000 00000000 00000000
0xff8bcd20:   00000000 00000015 ff8bce78 f787a6ff
0xff8bcd30:   f79ea41c 47677753 53656d61 65767265
0xff8bcd40:   34313a72 38323333 09290039 0bdb01f0
0xff8bcd50:   08ea0100 08ebc230 08ea5888 f79ea41c
0xff8bcd60:   00000428 00000420 f787a779 085758fd
0xff8bcd70:   08ea2a80 09b1ea78 08ea5888 08574f56
0xff8bcd80:   0929a2c4 0929a2c4 ff8bce78 08ea583b
0xff8bcd90:   0000000c ff8bce44 ff8bcdc0 f79ea000
0xff8bcda0:   00000000 08575910 00000000 f7862f26
0xff8bcdb0:   00000000 08575910 00000000 f7862f26
0xff8bcdc0:   0000000c ff8bce44 ff8bce78 ff8bcde4
0xff8bcdd0:   0929a2d0 00000000 ff8bce78 f79ea000
0xff8bcde0:   f785275c f79ea000 00000000 08575910
0xff8bcdf0:   00000000 58fe3180 43387990 00000000
0xff8bce00:   00000000 00000000 f7f694d0 f7862e30
0xff8bce10:   084fc260 0929a2c4 0000000c 08575946
0xff8bce20:   084fc260 0000000c ff8bce44 08ea57f0
0xff8bce30:   08ea5850 f7f694d0 ff8bce3c f7f96970
0xff8bce40:   0000000c ff8be63c ff8be64e ff8be651
0xff8bce50:   ff8be663 ff8be666 ff8be671 ff8be695
0xff8bce60:   ff8be6a5 ff8be6b1 ff8be6cd ff8be6d0 

Instructions: (pc=0xf78c9618)
0xf78c9518:   50 8d 96 86 f7 fa ff 8d 86 d0 2f fb ff e8 c6 b7
0xf78c9528:   ff ff 8d b6 00 00 00 00 bb 20 00 00 00 e9 5e fe
0xf78c9538:   ff ff e8 a1 c0 ff ff 89 c5 85 c0 0f 85 68 ff ff
0xf78c9548:   ff 31 d2 8d 44 3b 10 e8 8c c1 ff ff 89 da 89 f9
0xf78c9558:   89 c5 e8 11 f0 ff ff 89 c2 85 c0 75 1b 85 ed 74
0xf78c9568:   17 90 89 fa 89 e8 e8 bd c5 ff ff 89 da 89 f9 89
0xf78c9578:   c5 e8 f2 ef ff ff 89 c2 85 ed 0f 84 57 ff ff ff
0xf78c9588:   e9 39 ff ff ff 8d 86 b8 31 fb ff 83 ec 0c b9 25
0xf78c9598:   0d 00 00 50 8d 96 86 f7 fa ff 8d 86 74 2f fb ff
0xf78c95a8:   e8 43 b7 ff ff 8d 76 00 f3 0f 1e fb e8 0a 9a f9
0xf78c95b8:   ff 05 47 0a 12 00 56 53 83 ec 04 8b 5c 24 10 8b
0xf78c95c8:   74 24 14 8b 80 50 ff ff ff c7 00 00 00 00 00 e8
0xf78c95d8:   54 bb ff ff 8b 4c 24 0c 83 c4 04 89 f2 89 d8 5b
0xf78c95e8:   5e e9 42 fd ff ff 66 90 f3 0f 1e fb 56 e8 9a 9b
0xf78c95f8:   f9 ff 81 c6 06 0a 12 00 53 83 ec 14 8b 5c 24 20
0xf78c9608:   8b 86 5c ff ff ff 8b 00 85 c0 75 6c 85 db 74 75
0xf78c9618:   8b 4b fc 8d 53 f8 f6 c1 02 75 35 8b 86 70 fe ff
0xf78c9628:   ff 65 8b 00 85 c0 0f 84 8c 00 00 00 83 e1 04 8d
0xf78c9638:   86 60 07 00 00 74 09 89 d0 25 00 00 f0 ff 8b 00
0xf78c9648:   83 c4 14 31 c9 5b 5e e9 8c cb ff ff 8d 74 26 00
0xf78c9658:   8b 9e 60 01 00 00 85 db 75 10 3b 8e 48 01 00 00
0xf78c9668:   76 08 81 f9 00 00 08 00 76 26 83 c4 14 89 d0 5b
0xf78c9678:   5e e9 92 b8 ff ff 66 90 83 ec 08 ff 74 24 24 53
0xf78c9688:   ff d0 83 c4 10 83 c4 14 5b 5e c3 8d 74 26 00 90
0xf78c9698:   39 96 80 1d 00 00 77 08 39 96 7c 1d 00 00 77 ca
0xf78c96a8:   83 e1 f8 8d 04 09 89 8e 48 01 00 00 89 86 40 01
0xf78c96b8:   00 00 90 eb b5 8d 76 00 8b 86 74 fe ff ff 65 80
0xf78c96c8:   38 00 0f 85 64 ff ff ff 89 54 24 0c e8 97 ed ff
0xf78c96d8:   ff 8b 4b fc 8b 54 24 0c e9 4f ff ff ff 8d b4 26
0xf78c96e8:   00 00 00 00 8d 74 26 00 f3 0f 1e fb 55 57 56 e8
0xf78c96f8:   98 9a f9 ff 81 c6 04 09 12 00 53 83 ec 0c 8b 86
0xf78c9708:   70 fe ff ff 8b 96 74 fe ff ff 65 8b 28 65 c6 02 



---------------  P R O C E S S  ---------------

VM state: at safepoint (shutting down)

VM Mutex/Monitor currently owned by a thread:  ([mutex/lock_event])
[0xf5e21d30] Threads_lock - owner thread: 0xc4294cf0

GC Precious Log:
<Skipped>

Heap:
 garbage-first heap   total 131072K, used 9680K [0xc5c00000, 0xe5c00000)
  region size 1024K, 9 young (9216K), 2 survivors (2048K)
 Metaspace       used 3587K, committed 3904K, reserved 16384K

Heap Regions: E=young(eden), S=young(survivor), O=old, HS=humongous(starts), HC=humongous(continues), CS=collection set, F=free, OA=open archive, CA=closed archive, TAMS=top-at-mark-start (previous, next)
|   0|0xc5c00000, 0xc5c74200, 0xc5d00000| 45%| O|  |TAMS 0xc5c00000, 0xc5c00000| Untracked 
|   1|0xc5d00000, 0xc5d00000, 0xc5e00000|  0%| F|  |TAMS 0xc5d00000, 0xc5d00000| Untracked 
|   2|0xc5e00000, 0xc5e00000, 0xc5f00000|  0%| F|  |TAMS 0xc5e00000, 0xc5e00000| Untracked 
|   3|0xc5f00000, 0xc5f00000, 0xc6000000|  0%| F|  |TAMS 0xc5f00000, 0xc5f00000| Untracked 
|   4|0xc6000000, 0xc6000000, 0xc6100000|  0%| F|  |TAMS 0xc6000000, 0xc6000000| Untracked 
|   5|0xc6100000, 0xc6100000, 0xc6200000|  0%| F|  |TAMS 0xc6100000, 0xc6100000| Untracked 
|   6|0xc6200000, 0xc6200000, 0xc6300000|  0%| F|  |TAMS 0xc6200000, 0xc6200000| Untracked 
|   7|0xc6300000, 0xc6300000, 0xc6400000|  0%| F|  |TAMS 0xc6300000, 0xc6300000| Untracked 
|   8|0xc6400000, 0xc6400000, 0xc6500000|  0%| F|  |TAMS 0xc6400000, 0xc6400000| Untracked 
|   9|0xc6500000, 0xc6500000, 0xc6600000|  0%| F|  |TAMS 0xc6500000, 0xc6500000| Untracked 
|  10|0xc6600000, 0xc6600000, 0xc6700000|  0%| F|  |TAMS 0xc6600000, 0xc6600000| Untracked 
|  11|0xc6700000, 0xc6700000, 0xc6800000|  0%| F|  |TAMS 0xc6700000, 0xc6700000| Untracked 
|  12|0xc6800000, 0xc6800000, 0xc6900000|  0%| F|  |TAMS 0xc6800000, 0xc6800000| Untracked 
|  13|0xc6900000, 0xc6900000, 0xc6a00000|  0%| F|  |TAMS 0xc6900000, 0xc6900000| Untracked 
|  14|0xc6a00000, 0xc6a00000, 0xc6b00000|  0%| F|  |TAMS 0xc6a00000, 0xc6a00000| Untracked 
|  15|0xc6b00000, 0xc6b00000, 0xc6c00000|  0%| F|  |TAMS 0xc6b00000, 0xc6b00000| Untracked 
|  16|0xc6c00000, 0xc6c00000, 0xc6d00000|  0%| F|  |TAMS 0xc6c00000, 0xc6c00000| Untracked 
|  17|0xc6d00000, 0xc6d00000, 0xc6e00000|  0%| F|  |TAMS 0xc6d00000, 0xc6d00000| Untracked 
|  18|0xc6e00000, 0xc6e00000, 0xc6f00000|  0%| F|  |TAMS 0xc6e00000, 0xc6e00000| Untracked 
|  19|0xc6f00000, 0xc6f00000, 0xc7000000|  0%| F|  |TAMS 0xc6f00000, 0xc6f00000| Untracked 
|  20|0xc7000000, 0xc7000000, 0xc7100000|  0%| F|  |TAMS 0xc7000000, 0xc7000000| Untracked 
|  21|0xc7100000, 0xc7100000, 0xc7200000|  0%| F|  |TAMS 0xc7100000, 0xc7100000| Untracked 
|  22|0xc7200000, 0xc7200000, 0xc7300000|  0%| F|  |TAMS 0xc7200000, 0xc7200000| Untracked 
|  23|0xc7300000, 0xc7300000, 0xc7400000|  0%| F|  |TAMS 0xc7300000, 0xc7300000| Untracked 
|  24|0xc7400000, 0xc7400000, 0xc7500000|  0%| F|  |TAMS 0xc7400000, 0xc7400000| Untracked 
|  25|0xc7500000, 0xc7500000, 0xc7600000|  0%| F|  |TAMS 0xc7500000, 0xc7500000| Untracked 
|  26|0xc7600000, 0xc7600000, 0xc7700000|  0%| F|  |TAMS 0xc7600000, 0xc7600000| Untracked 
|  27|0xc7700000, 0xc7700000, 0xc7800000|  0%| F|  |TAMS 0xc7700000, 0xc7700000| Untracked 
|  28|0xc7800000, 0xc7800000, 0xc7900000|  0%| F|  |TAMS 0xc7800000, 0xc7800000| Untracked 
|  29|0xc7900000, 0xc7900000, 0xc7a00000|  0%| F|  |TAMS 0xc7900000, 0xc7900000| Untracked 
|  30|0xc7a00000, 0xc7a00000, 0xc7b00000|  0%| F|  |TAMS 0xc7a00000, 0xc7a00000| Untracked 
|  31|0xc7b00000, 0xc7b00000, 0xc7c00000|  0%| F|  |TAMS 0xc7b00000, 0xc7b00000| Untracked 
|  32|0xc7c00000, 0xc7c00000, 0xc7d00000|  0%| F|  |TAMS 0xc7c00000, 0xc7c00000| Untracked 
|  33|0xc7d00000, 0xc7d00000, 0xc7e00000|  0%| F|  |TAMS 0xc7d00000, 0xc7d00000| Untracked 
|  34|0xc7e00000, 0xc7e00000, 0xc7f00000|  0%| F|  |TAMS 0xc7e00000, 0xc7e00000| Untracked 
|  35|0xc7f00000, 0xc7f00000, 0xc8000000|  0%| F|  |TAMS 0xc7f00000, 0xc7f00000| Untracked 
|  36|0xc8000000, 0xc8000000, 0xc8100000|  0%| F|  |TAMS 0xc8000000, 0xc8000000| Untracked 
|  37|0xc8100000, 0xc8100000, 0xc8200000|  0%| F|  |TAMS 0xc8100000, 0xc8100000| Untracked 
|  38|0xc8200000, 0xc8200000, 0xc8300000|  0%| F|  |TAMS 0xc8200000, 0xc8200000| Untracked 
|  39|0xc8300000, 0xc8300000, 0xc8400000|  0%| F|  |TAMS 0xc8300000, 0xc8300000| Untracked 
|  40|0xc8400000, 0xc8400000, 0xc8500000|  0%| F|  |TAMS 0xc8400000, 0xc8400000| Untracked 
|  41|0xc8500000, 0xc8500000, 0xc8600000|  0%| F|  |TAMS 0xc8500000, 0xc8500000| Untracked 
|  42|0xc8600000, 0xc8600000, 0xc8700000|  0%| F|  |TAMS 0xc8600000, 0xc8600000| Untracked 
|  43|0xc8700000, 0xc8700000, 0xc8800000|  0%| F|  |TAMS 0xc8700000, 0xc8700000| Untracked 
|  44|0xc8800000, 0xc8800000, 0xc8900000|  0%| F|  |TAMS 0xc8800000, 0xc8800000| Untracked 
|  45|0xc8900000, 0xc8900000, 0xc8a00000|  0%| F|  |TAMS 0xc8900000, 0xc8900000| Untracked 
|  46|0xc8a00000, 0xc8a00000, 0xc8b00000|  0%| F|  |TAMS 0xc8a00000, 0xc8a00000| Untracked 
|  47|0xc8b00000, 0xc8b00000, 0xc8c00000|  0%| F|  |TAMS 0xc8b00000, 0xc8b00000| Untracked 
|  48|0xc8c00000, 0xc8c00000, 0xc8d00000|  0%| F|  |TAMS 0xc8c00000, 0xc8c00000| Untracked 
|  49|0xc8d00000, 0xc8d00000, 0xc8e00000|  0%| F|  |TAMS 0xc8d00000, 0xc8d00000| Untracked 
|  50|0xc8e00000, 0xc8e00000, 0xc8f00000|  0%| F|  |TAMS 0xc8e00000, 0xc8e00000| Untracked 
|  51|0xc8f00000, 0xc8f00000, 0xc9000000|  0%| F|  |TAMS 0xc8f00000, 0xc8f00000| Untracked 
|  52|0xc9000000, 0xc9000000, 0xc9100000|  0%| F|  |TAMS 0xc9000000, 0xc9000000| Untracked 
|  53|0xc9100000, 0xc9100000, 0xc9200000|  0%| F|  |TAMS 0xc9100000, 0xc9100000| Untracked 
|  54|0xc9200000, 0xc9200000, 0xc9300000|  0%| F|  |TAMS 0xc9200000, 0xc9200000| Untracked 
|  55|0xc9300000, 0xc9300000, 0xc9400000|  0%| F|  |TAMS 0xc9300000, 0xc9300000| Untracked 
|  56|0xc9400000, 0xc9400000, 0xc9500000|  0%| F|  |TAMS 0xc9400000, 0xc9400000| Untracked 
|  57|0xc9500000, 0xc9500000, 0xc9600000|  0%| F|  |TAMS 0xc9500000, 0xc9500000| Untracked 
|  58|0xc9600000, 0xc9600000, 0xc9700000|  0%| F|  |TAMS 0xc9600000, 0xc9600000| Untracked 
|  59|0xc9700000, 0xc9700000, 0xc9800000|  0%| F|  |TAMS 0xc9700000, 0xc9700000| Untracked 
|  60|0xc9800000, 0xc9800000, 0xc9900000|  0%| F|  |TAMS 0xc9800000, 0xc9800000| Untracked 
|  61|0xc9900000, 0xc9900000, 0xc9a00000|  0%| F|  |TAMS 0xc9900000, 0xc9900000| Untracked 
|  62|0xc9a00000, 0xc9a00000, 0xc9b00000|  0%| F|  |TAMS 0xc9a00000, 0xc9a00000| Untracked 
|  63|0xc9b00000, 0xc9b00000, 0xc9c00000|  0%| F|  |TAMS 0xc9b00000, 0xc9b00000| Untracked 
|  64|0xc9c00000, 0xc9c00000, 0xc9d00000|  0%| F|  |TAMS 0xc9c00000, 0xc9c00000| Untracked 
|  65|0xc9d00000, 0xc9d00000, 0xc9e00000|  0%| F|  |TAMS 0xc9d00000, 0xc9d00000| Untracked 
|  66|0xc9e00000, 0xc9e00000, 0xc9f00000|  0%| F|  |TAMS 0xc9e00000, 0xc9e00000| Untracked 
|  67|0xc9f00000, 0xc9f00000, 0xca000000|  0%| F|  |TAMS 0xc9f00000, 0xc9f00000| Untracked 
|  68|0xca000000, 0xca000000, 0xca100000|  0%| F|  |TAMS 0xca000000, 0xca000000| Untracked 
|  69|0xca100000, 0xca100000, 0xca200000|  0%| F|  |TAMS 0xca100000, 0xca100000| Untracked 
|  70|0xca200000, 0xca200000, 0xca300000|  0%| F|  |TAMS 0xca200000, 0xca200000| Untracked 
|  71|0xca300000, 0xca300000, 0xca400000|  0%| F|  |TAMS 0xca300000, 0xca300000| Untracked 
|  72|0xca400000, 0xca400000, 0xca500000|  0%| F|  |TAMS 0xca400000, 0xca400000| Untracked 
|  73|0xca500000, 0xca500000, 0xca600000|  0%| F|  |TAMS 0xca500000, 0xca500000| Untracked 
|  74|0xca600000, 0xca600000, 0xca700000|  0%| F|  |TAMS 0xca600000, 0xca600000| Untracked 
|  75|0xca700000, 0xca700000, 0xca800000|  0%| F|  |TAMS 0xca700000, 0xca700000| Untracked 
|  76|0xca800000, 0xca800000, 0xca900000|  0%| F|  |TAMS 0xca800000, 0xca800000| Untracked 
|  77|0xca900000, 0xca900000, 0xcaa00000|  0%| F|  |TAMS 0xca900000, 0xca900000| Untracked 
|  78|0xcaa00000, 0xcaa00000, 0xcab00000|  0%| F|  |TAMS 0xcaa00000, 0xcaa00000| Untracked 
|  79|0xcab00000, 0xcab00000, 0xcac00000|  0%| F|  |TAMS 0xcab00000, 0xcab00000| Untracked 
|  80|0xcac00000, 0xcac00000, 0xcad00000|  0%| F|  |TAMS 0xcac00000, 0xcac00000| Untracked 
|  81|0xcad00000, 0xcad00000, 0xcae00000|  0%| F|  |TAMS 0xcad00000, 0xcad00000| Untracked 
|  82|0xcae00000, 0xcae00000, 0xcaf00000|  0%| F|  |TAMS 0xcae00000, 0xcae00000| Untracked 
|  83|0xcaf00000, 0xcaf00000, 0xcb000000|  0%| F|  |TAMS 0xcaf00000, 0xcaf00000| Untracked 
|  84|0xcb000000, 0xcb000000, 0xcb100000|  0%| F|  |TAMS 0xcb000000, 0xcb000000| Untracked 
|  85|0xcb100000, 0xcb100000, 0xcb200000|  0%| F|  |TAMS 0xcb100000, 0xcb100000| Untracked 
|  86|0xcb200000, 0xcb200000, 0xcb300000|  0%| F|  |TAMS 0xcb200000, 0xcb200000| Untracked 
|  87|0xcb300000, 0xcb300000, 0xcb400000|  0%| F|  |TAMS 0xcb300000, 0xcb300000| Untracked 
|  88|0xcb400000, 0xcb400000, 0xcb500000|  0%| F|  |TAMS 0xcb400000, 0xcb400000| Untracked 
|  89|0xcb500000, 0xcb500000, 0xcb600000|  0%| F|  |TAMS 0xcb500000, 0xcb500000| Untracked 
|  90|0xcb600000, 0xcb600000, 0xcb700000|  0%| F|  |TAMS 0xcb600000, 0xcb600000| Untracked 
|  91|0xcb700000, 0xcb700000, 0xcb800000|  0%| F|  |TAMS 0xcb700000, 0xcb700000| Untracked 
|  92|0xcb800000, 0xcb800000, 0xcb900000|  0%| F|  |TAMS 0xcb800000, 0xcb800000| Untracked 
|  93|0xcb900000, 0xcb900000, 0xcba00000|  0%| F|  |TAMS 0xcb900000, 0xcb900000| Untracked 
|  94|0xcba00000, 0xcba00000, 0xcbb00000|  0%| F|  |TAMS 0xcba00000, 0xcba00000| Untracked 
|  95|0xcbb00000, 0xcbb00000, 0xcbc00000|  0%| F|  |TAMS 0xcbb00000, 0xcbb00000| Untracked 
|  96|0xcbc00000, 0xcbc00000, 0xcbd00000|  0%| F|  |TAMS 0xcbc00000, 0xcbc00000| Untracked 
|  97|0xcbd00000, 0xcbd00000, 0xcbe00000|  0%| F|  |TAMS 0xcbd00000, 0xcbd00000| Untracked 
|  98|0xcbe00000, 0xcbe00000, 0xcbf00000|  0%| F|  |TAMS 0xcbe00000, 0xcbe00000| Untracked 
|  99|0xcbf00000, 0xcbf00000, 0xcc000000|  0%| F|  |TAMS 0xcbf00000, 0xcbf00000| Untracked 
| 100|0xcc000000, 0xcc000000, 0xcc100000|  0%| F|  |TAMS 0xcc000000, 0xcc000000| Untracked 
| 101|0xcc100000, 0xcc100000, 0xcc200000|  0%| F|  |TAMS 0xcc100000, 0xcc100000| Untracked 
| 102|0xcc200000, 0xcc200000, 0xcc300000|  0%| F|  |TAMS 0xcc200000, 0xcc200000| Untracked 
| 103|0xcc300000, 0xcc300000, 0xcc400000|  0%| F|  |TAMS 0xcc300000, 0xcc300000| Untracked 
| 104|0xcc400000, 0xcc400000, 0xcc500000|  0%| F|  |TAMS 0xcc400000, 0xcc400000| Untracked 
| 105|0xcc500000, 0xcc500000, 0xcc600000|  0%| F|  |TAMS 0xcc500000, 0xcc500000| Untracked 
| 106|0xcc600000, 0xcc600000, 0xcc700000|  0%| F|  |TAMS 0xcc600000, 0xcc600000| Untracked 
| 107|0xcc700000, 0xcc700000, 0xcc800000|  0%| F|  |TAMS 0xcc700000, 0xcc700000| Untracked 
| 108|0xcc800000, 0xcc800000, 0xcc900000|  0%| F|  |TAMS 0xcc800000, 0xcc800000| Untracked 
| 109|0xcc900000, 0xcc900000, 0xcca00000|  0%| F|  |TAMS 0xcc900000, 0xcc900000| Untracked 
| 110|0xcca00000, 0xcca00000, 0xccb00000|  0%| F|  |TAMS 0xcca00000, 0xcca00000| Untracked 
| 111|0xccb00000, 0xccb00000, 0xccc00000|  0%| F|  |TAMS 0xccb00000, 0xccb00000| Untracked 
| 112|0xccc00000, 0xccc00000, 0xccd00000|  0%| F|  |TAMS 0xccc00000, 0xccc00000| Untracked 
| 113|0xccd00000, 0xcce00000, 0xcce00000|100%| S|CS|TAMS 0xccd00000, 0xccd00000| Complete 
| 114|0xcce00000, 0xccf00000, 0xccf00000|100%| S|CS|TAMS 0xcce00000, 0xcce00000| Complete 
| 115|0xccf00000, 0xccf00000, 0xcd000000|  0%| F|  |TAMS 0xccf00000, 0xccf00000| Untracked 
| 116|0xcd000000, 0xcd000000, 0xcd100000|  0%| F|  |TAMS 0xcd000000, 0xcd000000| Untracked 
| 117|0xcd100000, 0xcd100000, 0xcd200000|  0%| F|  |TAMS 0xcd100000, 0xcd100000| Untracked 
| 118|0xcd200000, 0xcd200000, 0xcd300000|  0%| F|  |TAMS 0xcd200000, 0xcd200000| Untracked 
| 119|0xcd300000, 0xcd300000, 0xcd400000|  0%| F|  |TAMS 0xcd300000, 0xcd300000| Untracked 
| 120|0xcd400000, 0xcd400000, 0xcd500000|  0%| F|  |TAMS 0xcd400000, 0xcd400000| Untracked 
| 121|0xcd500000, 0xcd600000, 0xcd600000|100%| E|  |TAMS 0xcd500000, 0xcd500000| Complete 
| 122|0xcd600000, 0xcd700000, 0xcd700000|100%| E|CS|TAMS 0xcd600000, 0xcd600000| Complete 
| 123|0xcd700000, 0xcd800000, 0xcd800000|100%| E|CS|TAMS 0xcd700000, 0xcd700000| Complete 
| 124|0xcd800000, 0xcd900000, 0xcd900000|100%| E|CS|TAMS 0xcd800000, 0xcd800000| Complete 
| 125|0xcd900000, 0xcda00000, 0xcda00000|100%| E|CS|TAMS 0xcd900000, 0xcd900000| Complete 
| 126|0xcda00000, 0xcdb00000, 0xcdb00000|100%| E|CS|TAMS 0xcda00000, 0xcda00000| Complete 
| 127|0xcdb00000, 0xcdc00000, 0xcdc00000|100%| E|CS|TAMS 0xcdb00000, 0xcdb00000| Complete 

Card table byte_map: [0xc5a00000,0xc5b00000] _byte_map_base: 0xc53d2000

Marking Bits (Prev, Next): (CMBitMap*) 0xf5e8b528, (CMBitMap*) 0xf5e8b548
 Prev Bits: [0xc5100000, 0xc5900000)
 Next Bits: [0xc4900000, 0xc5100000)

Polling page: 0xf7f5b000

Metaspace:

Usage:
    3.50 MB used.

Virtual space:
     16.00 MB reserved,       3.81 MB ( 24%) committed,  1 nodes.

Chunk freelists:
9.13 MB

MaxMetaspaceSize: 96.00 MB
No class space
Initial GC threshold: 16.00 MB
Current GC threshold: 16.00 MB
CDS: on
MetaspaceReclaimPolicy: balanced
 - commit_granule_bytes: 65536.
 - commit_granule_words: 16384.
 - virtual_space_node_default_size: 4194304.
 - enlarge_chunks_in_place: 1.
 - new_chunks_are_fully_committed: 0.
 - uncommit_free_chunks: 1.
 - use_allocation_guard: 0.
 - handle_deallocations: 1.


Internal statistics:

num_allocs_failed_limit: 0.
num_arena_births: 190.
num_arena_deaths: 0.
num_vsnodes_births: 1.
num_vsnodes_deaths: 0.
num_space_committed: 61.
num_space_uncommitted: 0.
num_chunks_returned_to_freelist: 0.
num_chunks_taken_from_freelist: 322.
num_chunk_merges: 0.
num_chunk_splits: 260.
num_chunks_enlarged: 223.
num_inconsistent_stats: 0.

CodeHeap 'non-profiled nmethods': size=120172Kb used=271Kb max_used=271Kb free=119900Kb
 bounds [0xed7f5000, 0xeda35000, 0xf4d50000]
CodeHeap 'profiled nmethods': size=120172Kb used=1036Kb max_used=1036Kb free=119135Kb
 bounds [0xe5d50000, 0xe5f90000, 0xed2ab000]
CodeHeap 'non-nmethods': size=5416Kb used=739Kb max_used=757Kb free=4676Kb
 bounds [0xed2ab000, 0xed4eb000, 0xed7f5000]
 total_blobs=1118 nmethods=767 adapters=265
 compilation: enabled
              stopped_count=0, restarted_count=0
 full_count=0

Compilation events (20 events):
Event: 92.833 Thread 0xc429f430  751       4       java.lang.String::getBytes (44 bytes)
Event: 92.835 Thread 0xc429f430 nmethod 751 0xed837508 code [0xed837620, 0xed837730]
Event: 92.836 Thread 0xc42a0560  754       3       script.string_crc::getStringCrc (68 bytes)
Event: 92.836 Thread 0xc42a0560 nmethod 754 0xe5e4e208 code [0xe5e4e380, 0xe5e4e6d8]
Event: 92.846 Thread 0xc42a0560  755       3       java.lang.StringLatin1::inflate (34 bytes)
Event: 92.846 Thread 0xc42a0560 nmethod 755 0xe5e4e888 code [0xe5e4e9c0, 0xe5e4eba0]
Event: 92.846 Thread 0xc42a0560  757       3       script.obj_id::unlockScripts (87 bytes)
Event: 92.847 Thread 0xc42a0560 nmethod 757 0xe5e4ed08 code [0xe5e4eee0, 0xe5e4f590]
Event: 92.847 Thread 0xc42a0560  756       3       script.dictionary::getString (38 bytes)
Event: 92.847 Thread 0xc42a0560 nmethod 756 0xe5e4f908 code [0xe5e4fa80, 0xe5e4fe98]
Event: 92.865 Thread 0xc42a0560  760       3       script.library.utils::setScriptVar (36 bytes)
Event: 92.866 Thread 0xc42a0560 nmethod 760 0xe5e4ff88 code [0xe5e50240, 0xe5e510e8]
Event: 92.867 Thread 0xc42a0560  761       3       script.deltadictionary::put (22 bytes)
Event: 92.867 Thread 0xc42a0560 nmethod 761 0xe5e51688 code [0xe5e51800, 0xe5e51c78]
Event: 92.868 Thread 0xc42a0560  762   !   3       jdk.internal.reflect.NativeMethodAccessorImpl::invoke (137 bytes)
Event: 92.869 Thread 0xc42a0560 nmethod 762 0xe5e51e88 code [0xe5e52080, 0xe5e52a3c]
Event: 92.869 Thread 0xc42a0560  764       3       script.base_class::messageTo (12 bytes)
Event: 92.870 Thread 0xc42a0560 nmethod 764 0xe5e52f08 code [0xe5e53040, 0xe5e5316c]
Event: 92.871 Thread 0xc429f430  765       4       java.lang.StringConcatHelper::prepend (37 bytes)
Event: 92.873 Thread 0xc429f430 nmethod 765 0xed838808 code [0xed838920, 0xed838ad0]

GC Heap History (2 events):
Event: 55.421 GC heap before
{Heap before GC invocations=0 (full 0):
 garbage-first heap   total 131072K, used 12288K [0xc5c00000, 0xe5c00000)
  region size 1024K, 13 young (13312K), 0 survivors (0K)
 Metaspace       used 2767K, committed 3008K, reserved 16384K
}
Event: 55.438 GC heap after
{Heap after GC invocations=1 (full 0):
 garbage-first heap   total 131072K, used 2512K [0xc5c00000, 0xe5c00000)
  region size 1024K, 2 young (2048K), 2 survivors (2048K)
 Metaspace       used 2767K, committed 3008K, reserved 16384K
}

Dll operation events (4 events):
Event: 0.004 Loaded shared library /usr/lib/jvm/java-17-zulu-openjdk-jdk-x86/lib/libjava.so
Event: 55.224 Loaded shared library /usr/lib/jvm/java-17-zulu-openjdk-jdk-x86/lib/libnio.so
Event: 55.225 Loaded shared library /usr/lib/jvm/java-17-zulu-openjdk-jdk-x86/lib/libjimage.so
Event: 55.227 Loaded shared library /usr/lib/jvm/java-17-zulu-openjdk-jdk-x86/lib/libnet.so

Deoptimization events (20 events):
Event: 55.372 Thread 0x0d0d98b0 Uncommon trap: trap_request=0xffffff45 fr.pc=0xed809300 relative=0x000001c0
Event: 55.372 Thread 0x0d0d98b0 Uncommon trap: reason=unstable_if action=reinterpret pc=0xed809300 method=java.util.HashMap.getNode(Ljava/lang/Object;)Ljava/util/HashMap$Node; @ 53 c2
Event: 55.372 Thread 0x0d0d98b0 DEOPT PACKING pc=0xed809300 sp=0xff8bb620
Event: 55.372 Thread 0x0d0d98b0 DEOPT UNPACKING pc=0xed2f4d33 sp=0xff8bb5b0 mode 2
Event: 55.374 Thread 0x0d0d98b0 DEOPT PACKING pc=0xe5dbd32e sp=0xff8bb550
Event: 55.374 Thread 0x0d0d98b0 DEOPT UNPACKING pc=0xed2f4171 sp=0xff8bb3f4 mode 0
Event: 55.396 Thread 0x0d0d98b0 DEOPT PACKING pc=0xe5dbd32e sp=0xff8bb510
Event: 55.396 Thread 0x0d0d98b0 DEOPT UNPACKING pc=0xed2f4171 sp=0xff8bb3b4 mode 0
Event: 55.438 Thread 0x0d0d98b0 DEOPT PACKING pc=0xe5dbd32e sp=0xff8bb520
Event: 55.439 Thread 0x0d0d98b0 DEOPT UNPACKING pc=0xed2f4171 sp=0xff8bb3c4 mode 0
Event: 55.447 Thread 0x0d0d98b0 DEOPT PACKING pc=0xe5d64277 sp=0xff8bb430
Event: 55.447 Thread 0x0d0d98b0 DEOPT UNPACKING pc=0xed2f4171 sp=0xff8bb288 mode 0
Event: 55.457 Thread 0x0d0d98b0 DEOPT PACKING pc=0xe5dbd32e sp=0xff8bb730
Event: 55.457 Thread 0x0d0d98b0 DEOPT UNPACKING pc=0xed2f4171 sp=0xff8bb5d4 mode 0
Event: 62.510 Thread 0x0d0d98b0 DEOPT PACKING pc=0xe5dbd32e sp=0xff8bbc60
Event: 62.510 Thread 0x0d0d98b0 DEOPT UNPACKING pc=0xed2f4171 sp=0xff8bbb04 mode 0
Event: 62.565 Thread 0x0d0d98b0 DEOPT PACKING pc=0xe5dbd32e sp=0xff8ba800
Event: 62.565 Thread 0x0d0d98b0 DEOPT UNPACKING pc=0xed2f4171 sp=0xff8ba6a4 mode 0
Event: 77.947 Thread 0x0d0d98b0 DEOPT PACKING pc=0xe5daf575 sp=0xff8bbd40
Event: 77.947 Thread 0x0d0d98b0 DEOPT UNPACKING pc=0xed2f4171 sp=0xff8bbbdc mode 0

Classes unloaded (0 events):
No events

Classes redefined (0 events):
No events

Internal exceptions (9 events):
Event: 55.050 Thread 0x0d0d98b0 Exception <a 'java/lang/NoSuchMethodError'{0xcd3ccc50}: 'java.lang.Object java.lang.invoke.DirectMethodHandle$Holder.invokeStatic(java.lang.Object, float)'> (0xcd3ccc50) 
thrown [src/hotspot/share/interpreter/linkResolver.cpp, line 759]
Event: 55.455 Thread 0x0d0d98b0 Exception <a 'java/lang/NoSuchMethodError'{0xcda1dcd0}: 'java.lang.Object java.lang.invoke.DirectMethodHandle$Holder.invokeSpecial(java.lang.Object, java.lang.Object, java.lang.Object, java.lang.Object, int)'> (0xcda1dcd0) 
thrown [src/hotspot/share/interpreter/linkResolver.cpp, line 759]
Event: 55.455 Thread 0x0d0d98b0 Exception <a 'java/lang/NoSuchMethodError'{0xcda21210}: 'java.lang.Object java.lang.invoke.Invokers$Holder.linkToTargetMethod(java.lang.Object, java.lang.Object, int, java.lang.Object)'> (0xcda21210) 
thrown [src/hotspot/share/interpreter/linkResolver.cpp, line 759]
Event: 59.111 Thread 0x0d0d98b0 Exception <a 'java/lang/NoSuchMethodError'{0xcd94a080}: 'java.lang.Object java.lang.invoke.DirectMethodHandle$Holder.invokeStaticInit(java.lang.Object)'> (0xcd94a080) 
thrown [src/hotspot/share/interpreter/linkResolver.cpp, line 759]
Event: 61.949 Thread 0x0d0d98b0 Exception <a 'java/lang/NoSuchMethodError'{0xcd9d0c20}: 'java.lang.Object java.lang.invoke.DirectMethodHandle$Holder.invokeSpecial(java.lang.Object, java.lang.Object, long, java.lang.Object, java.lang.Object, java.lang.Object, java.lang.Object, java.lang.Object, java.lang.Object)'> (0xcd9d0c20) 
thrown [src/hotspot/share/interpreter/linkResolver.cpp, line 759]
Event: 61.949 Thread 0x0d0d98b0 Exception <a 'java/lang/NoSuchMethodError'{0xcd9d4ff8}: 'java.lang.Object java.lang.invoke.DelegatingMethodHandle$Holder.reinvoke_L(java.lang.Object, long, java.lang.Object, java.lang.Object, java.lang.Object, java.lang.Object, java.lang.Object, java.lang.Object)'> (0xcd9d4ff8) 
thrown [src/hotspot/share/interpreter/linkResolver.cpp, line 759]
Event: 62.560 Thread 0x0d0d98b0 Exception <a 'java/lang/NoSuchMethodError'{0xcd711098}: 'java.lang.Object java.lang.invoke.DirectMethodHandle$Holder.invokeSpecial(java.lang.Object, java.lang.Object, long, java.lang.Object, java.lang.Object, java.lang.Object, java.lang.Object, int, java.lang.Object)'> (0xcd711098) 
thrown [src/hotspot/share/interpreter/linkResolver.cpp, line 759]
Event: 62.561 Thread 0x0d0d98b0 Exception <a 'java/lang/NoSuchMethodError'{0xcd715398}: 'java.lang.Object java.lang.invoke.DelegatingMethodHandle$Holder.reinvoke_L(java.lang.Object, long, java.lang.Object, java.lang.Object, java.lang.Object, java.lang.Object, int, java.lang.Object)'> (0xcd715398) 
thrown [src/hotspot/share/interpreter/linkResolver.cpp, line 759]
Event: 62.569 Thread 0x0d0d98b0 Exception <a 'java/lang/NoSuchMethodError'{0xcd79de20}: 'java.lang.Object java.lang.invoke.DirectMethodHandle$Holder.invokeSpecial(java.lang.Object, java.lang.Object, java.lang.Object, java.lang.Object, float)'> (0xcd79de20) 
thrown [src/hotspot/share/interpreter/linkResolver.cpp, line 759]

VM Operations (20 events):
Event: 62.148 Executing VM operation: Cleanup
Event: 62.148 Executing VM operation: Cleanup done
Event: 63.148 Executing VM operation: Cleanup
Event: 63.149 Executing VM operation: Cleanup done
Event: 67.163 Executing VM operation: Cleanup
Event: 67.163 Executing VM operation: Cleanup done
Event: 75.173 Executing VM operation: Cleanup
Event: 75.173 Executing VM operation: Cleanup done
Event: 78.180 Executing VM operation: Cleanup
Event: 78.180 Executing VM operation: Cleanup done
Event: 87.196 Executing VM operation: Cleanup
Event: 87.196 Executing VM operation: Cleanup done
Event: 88.196 Executing VM operation: Cleanup
Event: 88.196 Executing VM operation: Cleanup done
Event: 89.197 Executing VM operation: Cleanup
Event: 89.197 Executing VM operation: Cleanup done
Event: 90.197 Executing VM operation: Cleanup
Event: 90.197 Executing VM operation: Cleanup done
Event: 92.198 Executing VM operation: Cleanup
Event: 92.198 Executing VM operation: Cleanup done

Events (20 events):
Event: 59.326 loading class java/io/ObjectStreamClass$FieldReflector done
Event: 59.326 loading class java/io/ObjectStreamClass$ClassDataSlot
Event: 59.326 loading class java/io/ObjectStreamClass$ClassDataSlot done
Event: 59.326 loading class java/io/ObjectInputStream$FieldValues
Event: 59.326 loading class java/io/ObjectInputStream$GetField
Event: 59.326 loading class java/io/ObjectInputStream$GetField done
Event: 59.326 loading class java/io/ObjectInputStream$FieldValues done
Event: 59.326 loading class java/io/SerialCallbackContext
Event: 59.326 loading class java/io/SerialCallbackContext done
Event: 59.335 loading class java/io/ObjectOutputStream$BlockDataOutputStream
Event: 59.335 loading class java/io/ObjectOutputStream$BlockDataOutputStream done
Event: 59.335 loading class java/io/DataOutputStream
Event: 59.336 loading class java/io/DataOutputStream done
Event: 59.336 loading class java/io/ObjectOutputStream$HandleTable
Event: 59.336 loading class java/io/ObjectOutputStream$HandleTable done
Event: 59.336 loading class java/io/ObjectOutputStream$ReplaceTable
Event: 59.341 loading class java/io/ObjectOutputStream$ReplaceTable done
Event: 94.149 Thread 0x0d0d98b0 Thread exited: 0x0d0d98b0
Event: 94.153 Thread 0xf5e242d0 Thread exited: 0xf5e242d0
Event: 94.153 Thread 0xc429bfd0 Thread exited: 0xc429bfd0


Dynamic libraries:
08048000-09298000 r-xp 00000000 08:04 494947248                          /home/almalinux/swg-returns-nge/build/bin/SwgGameServer
09298000-0929c000 rw-p 0124f000 08:04 494947248                          /home/almalinux/swg-returns-nge/build/bin/SwgGameServer
0929c000-09b1f000 rw-p 00000000 00:00 0 
0ba14000-114b7000 rw-p 00000000 00:00 0                                  [heap]
c0500000-c05e8000 rw-p 00000000 00:00 0 
c05e8000-c0600000 ---p 00000000 00:00 0 
c0d7f000-c0d80000 ---p 00000000 00:00 0 
c0d80000-c0e00000 rw-p 00000000 00:00 0 
c0f00000-c0f01000 ---p 00000000 00:00 0 
c0f01000-c0f81000 rw-p 00000000 00:00 0 
c137f000-c1383000 ---p 00000000 00:00 0 
c1383000-c1400000 rw-p 00000000 00:00 0 
c1400000-c14a1000 rw-p 00000000 00:00 0 
c14a1000-c1500000 ---p 00000000 00:00 0 
c173d000-c1741000 ---p 00000000 00:00 0 
c1741000-c17fe000 rw-p 00000000 00:00 0 
c17fe000-c1802000 ---p 00000000 00:00 0 
c1802000-c18bf000 rw-p 00000000 00:00 0 
c18bf000-c18c0000 ---p 00000000 00:00 0 
c18c0000-c1940000 rw-p 00000000 00:00 0 
c1940000-c1944000 ---p 00000000 00:00 0 
c1944000-c1a01000 rw-p 00000000 00:00 0 
c1a01000-c1a05000 ---p 00000000 00:00 0 
c1a05000-c1ac2000 rw-p 00000000 00:00 0 
c1ac2000-c1ac6000 ---p 00000000 00:00 0 
c1ac6000-c1b43000 rw-p 00000000 00:00 0 
c1b43000-c1b47000 ---p 00000000 00:00 0 
c1b47000-c1c04000 rw-p 00000000 00:00 0 
c1c04000-c1c08000 ---p 00000000 00:00 0 
c1c08000-c1cc5000 rw-p 00000000 00:00 0 
c1cc5000-c1cc9000 ---p 00000000 00:00 0 
c1cc9000-c1d86000 rw-p 00000000 00:00 0 
c1d86000-c2000000 r--p 00078000 08:04 535181                             /usr/lib/locale/locale-archive
c2000000-c20f0000 rw-p 00000000 00:00 0 
c20f0000-c2400000 ---p 00000000 00:00 0 
c2400000-c26e0000 rw-p 00000000 00:00 0 
c26e0000-c3000000 ---p 00000000 00:00 0 
c307e000-c327e000 r--p 00000000 08:04 535181                             /usr/lib/locale/locale-archive
c327e000-c3282000 ---p 00000000 00:00 0 
c3282000-c333f000 rw-p 00000000 00:00 0 
c333f000-c3343000 ---p 00000000 00:00 0 
c3343000-c3400000 rw-p 00000000 00:00 0 
c3400000-c3421000 rw-p 00000000 00:00 0 
c3421000-c3500000 ---p 00000000 00:00 0 
c3531000-c3535000 ---p 00000000 00:00 0 
c3535000-c35b2000 rw-p 00000000 00:00 0 
c35b2000-c35b3000 ---p 00000000 00:00 0 
c35b3000-c3633000 rw-p 00000000 00:00 0 
c3633000-c3f00000 rw-p 00001000 08:04 143240867                          /usr/lib/jvm/java-17-zulu-openjdk-jdk-x86/lib/server/classes.jsa
c3f00000-c3f21000 rw-p 00000000 00:00 0 
c3f21000-c4000000 ---p 00000000 00:00 0 
c407f000-c4080000 ---p 00000000 00:00 0 
c4080000-c4100000 rw-p 00000000 00:00 0 
c4100000-c4121000 rw-p 00000000 00:00 0 
c4121000-c4200000 ---p 00000000 00:00 0 
c4200000-c42d2000 rw-p 00000000 00:00 0 
c42d2000-c4300000 ---p 00000000 00:00 0 
c437f000-c4380000 ---p 00000000 00:00 0 
c4380000-c4400000 rw-p 00000000 00:00 0 
c4400000-c4437000 rw-p 00000000 00:00 0 
c4437000-c4500000 ---p 00000000 00:00 0 
c457f000-c4580000 ---p 00000000 00:00 0 
c4580000-c4600000 rw-p 00000000 00:00 0 
c4600000-c46fe000 rw-p 00000000 00:00 0 
c46fe000-c4700000 ---p 00000000 00:00 0 
c4700000-c47fc000 rw-p 00000000 00:00 0 
c47fc000-c4800000 ---p 00000000 00:00 0 
c487f000-c4880000 ---p 00000000 00:00 0 
c4880000-c4b00000 rw-p 00000000 00:00 0 
c4b00000-c5100000 ---p 00000000 00:00 0 
c5100000-c5300000 rw-p 00000000 00:00 0 
c5300000-c5900000 ---p 00000000 00:00 0 
c5900000-c5940000 rw-p 00000000 00:00 0 
c5940000-c5a00000 ---p 00000000 00:00 0 
c5a00000-c5a40000 rw-p 00000000 00:00 0 
c5a40000-c5b00000 ---p 00000000 00:00 0 
c5b00000-c5b40000 rw-p 00000000 00:00 0 
c5b40000-c5c00000 ---p 00000000 00:00 0 
c5c00000-cdc00000 rw-p 00000000 00:00 0 
cdc00000-e5c00000 ---p 00000000 00:00 0 
e5c65000-e5c6a000 rw-p 00000000 00:00 0 
e5c6a000-e5d50000 ---p 00000000 00:00 0 
e5d50000-e5f90000 rwxp 00000000 00:00 0 
e5f90000-ed2ab000 ---p 00000000 00:00 0 
ed2ab000-ed4eb000 rwxp 00000000 00:00 0 
ed4eb000-ed7f5000 ---p 00000000 00:00 0 
ed7f5000-eda35000 rwxp 00000000 00:00 0 
eda35000-f4d50000 ---p 00000000 00:00 0 
f4d50000-f4eb8000 r--s 00000000 08:04 117534333                          /usr/lib/jvm/java-17-zulu-openjdk-jdk-x86/lib/modules
f4eb8000-f5d5a000 r-xp 00000000 08:04 143240869                          /usr/lib/jvm/java-17-zulu-openjdk-jdk-x86/lib/server/libjvm.so
f5d5a000-f5daf000 r--p 00ea1000 08:04 143240869                          /usr/lib/jvm/java-17-zulu-openjdk-jdk-x86/lib/server/libjvm.so
f5daf000-f5dd0000 rw-p 00ef6000 08:04 143240869                          /usr/lib/jvm/java-17-zulu-openjdk-jdk-x86/lib/server/libjvm.so
f5dd0000-f5e00000 rw-p 00000000 00:00 0 
f5e00000-f5f00000 rw-p 00000000 00:00 0 
f5f20000-f5f21000 ---p 00000000 00:00 0 
f5f21000-f5fa1000 rw-p 00000000 00:00 0 
f5fa1000-f5fa2000 ---p 00000000 00:00 0 
f5fa2000-f5fa6000 ---p 00000000 00:00 0 
f5fa6000-f6b1a000 rw-p 00000000 00:00 0 
f6b26000-f6b3b000 r-xp 00000000 08:04 117534323                          /usr/lib/jvm/java-17-zulu-openjdk-jdk-x86/lib/libnet.so
f6b3b000-f6b3c000 r--p 00014000 08:04 117534323                          /usr/lib/jvm/java-17-zulu-openjdk-jdk-x86/lib/libnet.so
f6b3c000-f6b3d000 rw-p 00015000 08:04 117534323                          /usr/lib/jvm/java-17-zulu-openjdk-jdk-x86/lib/libnet.so
f6b3d000-f6b42000 rw-p 00000000 00:00 0 
f6b42000-f6c28000 ---p 00000000 00:00 0 
f6e62000-f6e74000 r-xp 00000000 08:04 117534324                          /usr/lib/jvm/java-17-zulu-openjdk-jdk-x86/lib/libnio.so
f6e74000-f6e75000 r--p 00011000 08:04 117534324                          /usr/lib/jvm/java-17-zulu-openjdk-jdk-x86/lib/libnio.so
f6e75000-f6e76000 rw-p 00012000 08:04 117534324                          /usr/lib/jvm/java-17-zulu-openjdk-jdk-x86/lib/libnio.so
f6e76000-f6e9f000 rw-p 00000000 00:00 0 
f6e9f000-f6ec2000 r-xp 00000000 08:04 117534310                          /usr/lib/jvm/java-17-zulu-openjdk-jdk-x86/lib/libjava.so
f6ec2000-f6ec3000 r--p 00022000 08:04 117534310                          /usr/lib/jvm/java-17-zulu-openjdk-jdk-x86/lib/libjava.so
f6ec3000-f6ec4000 rw-p 00023000 08:04 117534310                          /usr/lib/jvm/java-17-zulu-openjdk-jdk-x86/lib/libjava.so
f6ec4000-f6ed0000 r-xp 00000000 08:04 16831767                           /usr/lib/libnss_files-2.28.so
f6ed0000-f6ed1000 r--p 0000b000 08:04 16831767                           /usr/lib/libnss_files-2.28.so
f6ed1000-f6ed2000 rw-p 0000c000 08:04 16831767                           /usr/lib/libnss_files-2.28.so
f6ed2000-f6ed8000 rw-p 00000000 00:00 0 
f6ede000-f6ee3000 rw-p 00000000 00:00 0 
f6ee3000-f6ee9000 ---p 00000000 00:00 0 
f6ee9000-f6f04000 r-xp 00000000 08:04 117534314                          /usr/lib/jvm/java-17-zulu-openjdk-jdk-x86/lib/libjimage.so
f6f04000-f6f05000 ---p 0001b000 08:04 117534314                          /usr/lib/jvm/java-17-zulu-openjdk-jdk-x86/lib/libjimage.so
f6f05000-f6f06000 r--p 0001b000 08:04 117534314                          /usr/lib/jvm/java-17-zulu-openjdk-jdk-x86/lib/libjimage.so
f6f06000-f6f07000 rw-p 0001c000 08:04 117534314                          /usr/lib/jvm/java-17-zulu-openjdk-jdk-x86/lib/libjimage.so
f6f07000-f6f0b000 rw-p 00000000 00:00 0 
f6f0b000-f6f93000 r-xp 00000000 08:04 17191875                           /usr/lib/libpcre2-8.so.0.7.1
f6f93000-f6f94000 r--p 00087000 08:04 17191875                           /usr/lib/libpcre2-8.so.0.7.1
f6f94000-f6f95000 rw-p 00088000 08:04 17191875                           /usr/lib/libpcre2-8.so.0.7.1
f6f95000-f6fb5000 r-xp 00000000 08:04 17021543                           /usr/lib/libcrypt.so.1.1.0
f6fb5000-f6fb6000 ---p 00020000 08:04 17021543                           /usr/lib/libcrypt.so.1.1.0
f6fb6000-f6fb7000 r--p 00020000 08:04 17021543                           /usr/lib/libcrypt.so.1.1.0
f6fb7000-f6fc0000 rw-p 00000000 00:00 0 
f6fc0000-f6feb000 r-xp 00000000 08:04 17191887                           /usr/lib/libselinux.so.1
f6feb000-f6fec000 ---p 0002b000 08:04 17191887                           /usr/lib/libselinux.so.1
f6fec000-f6fed000 r--p 0002b000 08:04 17191887                           /usr/lib/libselinux.so.1
f6fed000-f6fee000 rw-p 0002c000 08:04 17191887                           /usr/lib/libselinux.so.1
f6fee000-f6fef000 rw-p 00000000 00:00 0 
f6fef000-f700e000 r-xp 00000000 08:04 18866589                           /usr/lib/libbrotlicommon.so.1.0.6
f700e000-f700f000 r--p 0001e000 08:04 18866589                           /usr/lib/libbrotlicommon.so.1.0.6
f700f000-f7010000 rw-p 0001f000 08:04 18866589                           /usr/lib/libbrotlicommon.so.1.0.6
f7010000-f702e000 r-xp 00000000 08:04 17191915                           /usr/lib/libsasl2.so.3.0.0
f702e000-f702f000 ---p 0001e000 08:04 17191915                           /usr/lib/libsasl2.so.3.0.0
f702f000-f7030000 r--p 0001e000 08:04 17191915                           /usr/lib/libsasl2.so.3.0.0
f7030000-f7031000 rw-p 0001f000 08:04 17191915                           /usr/lib/libsasl2.so.3.0.0
f7031000-f7033000 rw-p 00000000 00:00 0 
f7033000-f7047000 r-xp 00000000 08:04 16831772                           /usr/lib/libresolv-2.28.so
f7047000-f7048000 ---p 00014000 08:04 16831772                           /usr/lib/libresolv-2.28.so
f7048000-f7049000 r--p 00014000 08:04 16831772                           /usr/lib/libresolv-2.28.so
f7049000-f704a000 rw-p 00015000 08:04 16831772                           /usr/lib/libresolv-2.28.so
f704a000-f704c000 rw-p 00000000 00:00 0 
f704c000-f704f000 r-xp 00000000 08:04 17191893                           /usr/lib/libkeyutils.so.1.6
f704f000-f7050000 ---p 00003000 08:04 17191893                           /usr/lib/libkeyutils.so.1.6
f7050000-f7051000 r--p 00003000 08:04 17191893                           /usr/lib/libkeyutils.so.1.6
f7051000-f7052000 rw-p 00000000 00:00 0 
f7052000-f7062000 r-xp 00000000 08:04 17021560                           /usr/lib/libkrb5support.so.0.1
f7062000-f7063000 r--p 0000f000 08:04 17021560                           /usr/lib/libkrb5support.so.0.1
f7063000-f7064000 rw-p 00010000 08:04 17021560                           /usr/lib/libkrb5support.so.0.1
f7064000-f706c000 r-xp 00000000 08:04 16831774                           /usr/lib/librt-2.28.so
f706c000-f706d000 r--p 00007000 08:04 16831774                           /usr/lib/librt-2.28.so
f706d000-f706e000 rw-p 00008000 08:04 16831774                           /usr/lib/librt-2.28.so
f706e000-f71ed000 r-xp 00000000 08:04 17021545                           /usr/lib/libunistring.so.2.1.0
f71ed000-f71ee000 ---p 0017f000 08:04 17021545                           /usr/lib/libunistring.so.2.1.0
f71ee000-f71f0000 r--p 0017f000 08:04 17021545                           /usr/lib/libunistring.so.2.1.0
f71f0000-f71f1000 rw-p 00181000 08:04 17021545                           /usr/lib/libunistring.so.2.1.0
f71f1000-f721b000 r-xp 00000000 08:04 18654292                           /usr/lib/liblzma.so.5.2.4
f721b000-f721c000 r--p 00029000 08:04 18654292                           /usr/lib/liblzma.so.5.2.4
f721c000-f721d000 rw-p 00000000 00:00 0 
f721d000-f7229000 r-xp 00000000 08:04 17191936                           /usr/lib/libbrotlidec.so.1.0.6
f7229000-f722a000 r--p 0000b000 08:04 17191936                           /usr/lib/libbrotlidec.so.1.0.6
f722a000-f722b000 rw-p 00000000 00:00 0 
f722b000-f723a000 r-xp 00000000 08:04 17191918                           /usr/lib/liblber-2.4.so.2.10.9
f723a000-f723b000 r--p 0000e000 08:04 17191918                           /usr/lib/liblber-2.4.so.2.10.9
f723b000-f723c000 rw-p 0000f000 08:04 17191918                           /usr/lib/liblber-2.4.so.2.10.9
f723c000-f7291000 r-xp 00000000 08:04 17191920                           /usr/lib/libldap-2.4.so.2.10.9
f7291000-f7292000 ---p 00055000 08:04 17191920                           /usr/lib/libldap-2.4.so.2.10.9
f7292000-f7293000 r--p 00055000 08:04 17191920                           /usr/lib/libldap-2.4.so.2.10.9
f7293000-f7294000 rw-p 00056000 08:04 17191920                           /usr/lib/libldap-2.4.so.2.10.9
f7294000-f7296000 rw-p 00000000 00:00 0 
f7296000-f7299000 r-xp 00000000 08:04 16994899                           /usr/lib/libcom_err.so.2.1
f7299000-f729a000 r--p 00002000 08:04 16994899                           /usr/lib/libcom_err.so.2.1
f729a000-f729b000 rw-p 00003000 08:04 16994899                           /usr/lib/libcom_err.so.2.1
f729b000-f72b1000 r-xp 00000000 08:04 17021552                           /usr/lib/libk5crypto.so.3.1
f72b1000-f72b2000 ---p 00016000 08:04 17021552                           /usr/lib/libk5crypto.so.3.1
f72b2000-f72b3000 r--p 00016000 08:04 17021552                           /usr/lib/libk5crypto.so.3.1
f72b3000-f72b4000 rw-p 00017000 08:04 17021552                           /usr/lib/libk5crypto.so.3.1
f72b4000-f7397000 r-xp 00000000 08:04 17021558                           /usr/lib/libkrb5.so.3.3
f7397000-f739e000 r--p 000e2000 08:04 17021558                           /usr/lib/libkrb5.so.3.3
f739e000-f739f000 rw-p 000e9000 08:04 17021558                           /usr/lib/libkrb5.so.3.3
f739f000-f73fa000 r-xp 00000000 08:04 17021548                           /usr/lib/libgssapi_krb5.so.2.2
f73fa000-f73fc000 r--p 0005a000 08:04 17021548                           /usr/lib/libgssapi_krb5.so.2.2
f73fc000-f73fd000 rw-p 0005c000 08:04 17021548                           /usr/lib/libgssapi_krb5.so.2.2
f73fd000-f76ae000 r-xp 00000000 08:04 18627877                           /usr/lib/libcrypto.so.1.1.1k
f76ae000-f76c7000 r--p 002b0000 08:04 18627877                           /usr/lib/libcrypto.so.1.1.1k
f76c7000-f76c9000 rw-p 002c9000 08:04 18627877                           /usr/lib/libcrypto.so.1.1.1k
f76c9000-f76cd000 rw-p 00000000 00:00 0 
f76cd000-f775f000 r-xp 00000000 08:04 18627879                           /usr/lib/libssl.so.1.1.1k
f775f000-f7765000 r--p 00091000 08:04 18627879                           /usr/lib/libssl.so.1.1.1k
f7765000-f7769000 rw-p 00097000 08:04 18627879                           /usr/lib/libssl.so.1.1.1k
f7769000-f7779000 r-xp 00000000 08:04 18660120                           /usr/lib/libpsl.so.5.3.1
f7779000-f777a000 r--p 0000f000 08:04 18660120                           /usr/lib/libpsl.so.5.3.1
f777a000-f777b000 rw-p 00000000 00:00 0 
f777b000-f77f8000 r-xp 00000000 08:04 16994901                           /usr/lib/libssh.so.4.8.7
f77f8000-f77f9000 ---p 0007d000 08:04 16994901                           /usr/lib/libssh.so.4.8.7
f77f9000-f77fa000 r--p 0007d000 08:04 16994901                           /usr/lib/libssh.so.4.8.7
f77fa000-f77fb000 rw-p 0007e000 08:04 16994901                           /usr/lib/libssh.so.4.8.7
f77fb000-f7818000 r-xp 00000000 08:04 17040588                           /usr/lib/libidn2.so.0.3.6
f7818000-f7819000 r--p 0001c000 08:04 17040588                           /usr/lib/libidn2.so.0.3.6
f7819000-f781a000 rw-p 00000000 00:00 0 
f781a000-f7842000 r-xp 00000000 08:04 17191891                           /usr/lib/libnghttp2.so.14.17.0
f7842000-f7843000 r--p 00027000 08:04 17191891                           /usr/lib/libnghttp2.so.14.17.0
f7843000-f7845000 rw-p 00028000 08:04 17191891                           /usr/lib/libnghttp2.so.14.17.0
f7845000-f79e7000 r-xp 00000000 08:04 16831756                           /usr/lib/libc-2.28.so
f79e7000-f79e8000 ---p 001a2000 08:04 16831756                           /usr/lib/libc-2.28.so
f79e8000-f79ea000 r--p 001a2000 08:04 16831756                           /usr/lib/libc-2.28.so
f79ea000-f79eb000 rw-p 001a4000 08:04 16831756                           /usr/lib/libc-2.28.so
f79eb000-f79f0000 rw-p 00000000 00:00 0 
f79f0000-f7a0b000 r-xp 00000000 08:04 16985139                           /usr/lib/libgcc_s-8-20210514.so.1
f7a0b000-f7a0c000 r--p 0001a000 08:04 16985139                           /usr/lib/libgcc_s-8-20210514.so.1
f7a0c000-f7a0d000 rw-p 0001b000 08:04 16985139                           /usr/lib/libgcc_s-8-20210514.so.1
f7a0d000-f7add000 r-xp 00000000 08:04 16831760                           /usr/lib/libm-2.28.so
f7add000-f7ade000 r--p 000cf000 08:04 16831760                           /usr/lib/libm-2.28.so
f7ade000-f7adf000 rw-p 000d0000 08:04 16831760                           /usr/lib/libm-2.28.so
f7adf000-f7c68000 r-xp 00000000 08:04 16985145                           /usr/lib/libstdc++.so.6.0.25
f7c68000-f7c69000 ---p 00189000 08:04 16985145                           /usr/lib/libstdc++.so.6.0.25
f7c69000-f7c6f000 r--p 00189000 08:04 16985145                           /usr/lib/libstdc++.so.6.0.25
f7c6f000-f7c70000 rw-p 0018f000 08:04 16985145                           /usr/lib/libstdc++.so.6.0.25
f7c70000-f7c72000 rw-p 00000000 00:00 0 
f7c72000-f7c89000 r-xp 00000000 08:04 16963437                           /usr/lib/libz.so.1.2.11
f7c89000-f7c8a000 ---p 00017000 08:04 16963437                           /usr/lib/libz.so.1.2.11
f7c8a000-f7c8b000 r--p 00017000 08:04 16963437                           /usr/lib/libz.so.1.2.11
f7c8b000-f7c8c000 rw-p 00000000 00:00 0 
f7c8c000-f7e09000 r-xp 00000000 08:04 16963397                           /usr/lib/libxml2.so.2.9.7
f7e09000-f7e0e000 r--p 0017c000 08:04 16963397                           /usr/lib/libxml2.so.2.9.7
f7e0e000-f7e0f000 rw-p 00181000 08:04 16963397                           /usr/lib/libxml2.so.2.9.7
f7e0f000-f7e10000 rw-p 00000000 00:00 0 
f7e10000-f7e2c000 r-xp 00000000 08:04 16831770                           /usr/lib/libpthread-2.28.so
f7e2c000-f7e2d000 r--p 0001b000 08:04 16831770                           /usr/lib/libpthread-2.28.so
f7e2d000-f7e2e000 rw-p 0001c000 08:04 16831770                           /usr/lib/libpthread-2.28.so
f7e2e000-f7e30000 rw-p 00000000 00:00 0 
f7e30000-f7ea4000 r-xp 00000000 08:04 16818911                           /usr/lib/libpcre.so.1.2.10
f7ea4000-f7ea5000 ---p 00074000 08:04 16818911                           /usr/lib/libpcre.so.1.2.10
f7ea5000-f7ea6000 r--p 00074000 08:04 16818911                           /usr/lib/libpcre.so.1.2.10
f7ea6000-f7ea7000 rw-p 00075000 08:04 16818911                           /usr/lib/libpcre.so.1.2.10
f7ea7000-f7eaa000 r-xp 00000000 08:04 16831758                           /usr/lib/libdl-2.28.so
f7eaa000-f7eab000 r--p 00002000 08:04 16831758                           /usr/lib/libdl-2.28.so
f7eab000-f7eac000 rw-p 00003000 08:04 16831758                           /usr/lib/libdl-2.28.so
f7eac000-f7f49000 r-xp 00000000 08:04 16994905                           /usr/lib/libcurl.so.4.5.0
f7f49000-f7f4b000 r--p 0009c000 08:04 16994905                           /usr/lib/libcurl.so.4.5.0
f7f4b000-f7f4c000 rw-p 0009e000 08:04 16994905                           /usr/lib/libcurl.so.4.5.0
f7f4c000-f7f53000 r--s 00000000 08:04 176632422                          /usr/lib/gconv/gconv-modules.cache
f7f53000-f7f5b000 rw-s 00000000 08:04 151636366                          /tmp/hsperfdata_almalinux/1433289 (deleted)
f7f5b000-f7f5c000 ---p 00000000 00:00 0 
f7f5c000-f7f5d000 r--p 00000000 00:00 0 
f7f5d000-f7f5f000 rw-p 00000000 00:00 0 
f7f5f000-f7f63000 r--p 00000000 00:00 0                                  [vvar]
f7f63000-f7f65000 r-xp 00000000 00:00 0                                  [vdso]
f7f65000-f7f94000 r-xp 00000000 08:04 16831749                           /usr/lib/ld-2.28.so
f7f94000-f7f95000 ---p 00000000 00:00 0 
f7f95000-f7f96000 r--p 0002f000 08:04 16831749                           /usr/lib/ld-2.28.so
f7f96000-f7f97000 rw-p 00030000 08:04 16831749                           /usr/lib/ld-2.28.so
ff6fb000-ff6fc000 rwxp 00000000 00:00 0 
ff804000-ff8c0000 rw-p 00000000 00:00 0                                  [stack]


VM Arguments:
jvm_args: -Xms128m -Xmx512m -Xss768k -XX:MaxMetaspaceSize=96m -Xrs -XX:-UsePerfData -XX:-AllowUserSignalHandlers -XX:UseSSE=3 -XX+DoEscapeAnalysis -XX:AutoBoxCacheMax:2000 -XX:+OptimizeStringConcat -XX:+OptimizeFill -XX:+EliminateAutoBox -XX:+UseCompressedStrings -XX:+UseCompressedOops -XX:+EliminateLocks -XX:UseFastAccessorMethods -XX:+UseStringCache -XgcPrio:throughput -XXkeepAreaRatio:1 -XXlazyUnlocking -XXcallProfiling -XXcompactRatio:1 
java_command: <unknown>
java_class_path (initial): ../../data/sku.0/sys.server/compiled/game/
Launcher Type: generic

[Global flags]
     intx CICompilerCount                          = 3                                         {product} {ergonomic}
     uint ConcGCThreads                            = 1                                         {product} {ergonomic}
     uint G1ConcRefinementThreads                  = 4                                         {product} {ergonomic}
   size_t G1HeapRegionSize                         = 1048576                                   {product} {ergonomic}
    uintx GCDrainStackTargetSize                   = 64                                        {product} {ergonomic}
   size_t InitialHeapSize                          = 134217728                                 {product} {command line}
   size_t MarkStackSize                            = 32768                                     {product} {ergonomic}
   size_t MaxHeapSize                              = 536870912                                 {product} {command line}
   size_t MaxMetaspaceSize                         = 100663296                                 {product} {command line}
   size_t MaxNewSize                               = 321912832                                 {product} {ergonomic}
   size_t MinHeapDeltaBytes                        = 1048576                                   {product} {ergonomic}
   size_t MinHeapSize                              = 134217728                                 {product} {command line}
    uintx NonNMethodCodeHeapSize                   = 5544422                                {pd product} {ergonomic}
    uintx NonProfiledCodeHeapSize                  = 123056909                              {pd product} {ergonomic}
    uintx ProfiledCodeHeapSize                     = 123056909                              {pd product} {ergonomic}
    uintx ReservedCodeCacheSize                    = 251658240                              {pd product} {ergonomic}
     bool SegmentedCodeCache                       = true                                      {product} {ergonomic}
   size_t SoftMaxHeapSize                          = 536870912                              {manageable} {ergonomic}
   double SweeperThreshold                         = 0.500000                                  {product} {ergonomic}
     intx ThreadStackSize                          = 768                                    {pd product} {command line}
     bool UseG1GC                                  = true                                      {product} {ergonomic}

Logging:
Log output configuration:
 #0: stdout all=off uptime,level,tags
 #1: stderr all=off uptime,level,tags

Environment Variables:
JAVA_HOME=/usr/lib/jvm/zulu-17-x86
PATH=/usr/java/jdk1.7.0_80/bin:/usr/java/jdk1.7.0_80/bin:/usr/java/jdk1.6.0_45/bin:/usr/java/jdk1.6.0_45/bin:/usr/java/jdk1.6.0_45/bin:/home/almalinux/.local/bin:/home/almalinux/bin:/sbin:/bin:/usr/bin:/usr/local/bin:/usr/local/sbin:/usr/sbin:/usr/lib/oracle/18.3/client/bin:/usr/lib/oracle/18.3/client/bin:/usr/lib/jvm/java-11-openjdk/bin:./
LD_LIBRARY_PATH=/usr/lib/jvm/java-17-zulu-openjdk-jdk-x86/lib/server:/usr/lib/jvm/java-17-zulu-openjdk-jdk-x86/lib:/usr/lib/jvm/java-17-zulu-openjdk-jdk-x86/../lib:/usr/lib/jvm/zulu-17-x86/lib/server:/usr/lib/jvm/java-11-openjdk/lib:/usr/lib/jvm/java-11-openjdk/lib/server:./
SHELL=/bin/bash
DISPLAY=:10.0
LANG=en_US.UTF-8
TERM=xterm-256color

Active Locale:
LC_ALL=en_US.UTF-8
LC_COLLATE=en_US.UTF-8
LC_CTYPE=en_US.UTF-8
LC_MESSAGES=en_US.UTF-8
LC_MONETARY=en_US.UTF-8
LC_NUMERIC=en_US.UTF-8
LC_TIME=en_US.UTF-8

Signal Handlers:
   SIGSEGV: crash_handler in libjvm.so, mask=11100100010111111101111111111110, flags=SA_RESTART|SA_SIGINFO, unblocked
    SIGBUS: crash_handler in libjvm.so, mask=11100100010111111101111111111110, flags=SA_RESTART|SA_SIGINFO, unblocked
    SIGFPE: crash_handler in libjvm.so, mask=11100100010111111101111111111110, flags=SA_RESTART|SA_SIGINFO, unblocked
   SIGPIPE: SIG_IGN, mask=00000000000010000000000000000000, flags=SA_RESTART, blocked
  *** Handler was modified!
  *** Expected: javaSignalHandler in libjvm.so, mask=11100100110111111111111111111110, flags=SA_RESTART|SA_SIGINFO
   SIGXFSZ: javaSignalHandler in libjvm.so, mask=11100100010111111101111111111110, flags=SA_RESTART|SA_SIGINFO, blocked
    SIGILL: crash_handler in libjvm.so, mask=11100100010111111101111111111110, flags=SA_RESTART|SA_SIGINFO, unblocked
   SIGUSR2: SR_handler in libjvm.so, mask=00100000000000000000000000000000, flags=SA_RESTART|SA_SIGINFO, blocked
    SIGHUP: UserHandler in libjvm.so, mask=11100100010111111101111111111110, flags=SA_RESTART|SA_SIGINFO, blocked
    SIGINT: UserHandler in libjvm.so, mask=11100100010111111101111111111110, flags=SA_RESTART|SA_SIGINFO, blocked
   SIGTERM: UserHandler in libjvm.so, mask=11100100010111111101111111111110, flags=SA_RESTART|SA_SIGINFO, blocked
   SIGQUIT: UserHandler in libjvm.so, mask=11100100010111111101111111111110, flags=SA_RESTART|SA_SIGINFO, blocked
   SIGTRAP: crash_handler in libjvm.so, mask=11100100010111111101111111111110, flags=SA_RESTART|SA_SIGINFO, unblocked


Periodic native trim disabled


---------------  S Y S T E M  ---------------

OS:
AlmaLinux release 8.10 (Cerulean Leopard)
uname: Linux 4.18.0-553.81.1.el8_10.x86_64 #1 SMP Mon Oct 27 11:29:19 EDT 2025 x86_64
OS uptime: 33 days 23:40 hours
libc: glibc 2.28 NPTL 2.28 
rlimit (soft/hard): STACK 8192k/infinity , CORE 0k/infinity , NPROC 61995/61995 , NOFILE 262144/262144 , AS infinity/infinity , CPU infinity/infinity , DATA infinity/infinity , FSIZE infinity/infinity , MEMLOCK 64k/64k
load average: 35.75 35.07 34.93

/proc/meminfo:
MemTotal:       16014448 kB
MemFree:         2877192 kB
MemAvailable:    7983488 kB
Buffers:            1056 kB
Cached:          7857424 kB
SwapCached:         1780 kB
Active:          2634444 kB
Inactive:        9652092 kB
Active(anon):    2072912 kB
Inactive(anon):  5218544 kB
Active(file):     561532 kB
Inactive(file):  4433548 kB
Unevictable:        3104 kB
Mlocked:              16 kB
SwapTotal:       8388604 kB
SwapFree:        8370064 kB
Dirty:              2160 kB
Writeback:             0 kB
AnonPages:       4404388 kB
Mapped:          1574116 kB
Shmem:           2863384 kB
KReclaimable:     288260 kB
Slab:             439248 kB
SReclaimable:     288260 kB
SUnreclaim:       150988 kB
KernelStack:       22088 kB
PageTables:       151036 kB
NFS_Unstable:          0 kB
Bounce:                0 kB
WritebackTmp:          0 kB
CommitLimit:    16395828 kB
Committed_AS:   19965648 kB
VmallocTotal:   34359738367 kB
VmallocUsed:       67912 kB
VmallocChunk:          0 kB
Percpu:             2704 kB
HardwareCorrupted:     0 kB
AnonHugePages:         0 kB
ShmemHugePages:        0 kB
ShmemPmdMapped:        0 kB
FileHugePages:         0 kB
FilePmdMapped:         0 kB
HugePages_Total:       0
HugePages_Free:        0
HugePages_Rsvd:        0
HugePages_Surp:        0
Hugepagesize:       2048 kB
Hugetlb:               0 kB
DirectMap4k:     2942828 kB
DirectMap2M:    13441024 kB

/sys/kernel/mm/transparent_hugepage/enabled: always madvise [never]
/sys/kernel/mm/transparent_hugepage/hpage_pmd_size: 2097152
/sys/kernel/mm/transparent_hugepage/defrag (defrag/compaction efforts parameter): always defer defer+madvise [madvise] never

Process Memory:
Virtual Size: 1012320K (peak: 1026576K)
Resident Set Size: 167512K (peak: 179732K) (anon: 134144K, file: 33368K, shmem: 0K)
Swapped out: 0K
C-Heap outstanding allocations: 18962K, retained: 83477K
glibc malloc tunables: (default)

/proc/sys/kernel/threads-max (system-wide limit on the number of threads): 123991
/proc/sys/vm/max_map_count (maximum number of memory map areas a process may have): 1677720
/proc/sys/kernel/pid_max (system-wide limit on number of process identifiers): 4194304

container (cgroup) information:
container_type: cgroupv1
cpu_cpuset_cpus: 0-3
cpu_memory_nodes: 0
active_processor_count: 4
cpu_quota: no quota
cpu_period: 100000
cpu_shares: no shares
memory_limit_in_bytes: unlimited
memory_and_swap_limit_in_bytes: unlimited
memory_soft_limit_in_bytes: unlimited
memory_usage_in_bytes: 11087808 k
memory_max_usage_in_bytes: 14783012 k
kernel_memory_usage_in_bytes: 315660 k
kernel_memory_max_usage_in_bytes: unlimited
kernel_memory_limit_in_bytes: 985464 k
maximum number of tasks: unlimited
current number of tasks: 582

KVM virtualization detected
Steal ticks since vm start: 13
Steal ticks percentage since vm start:  0.000

CPU: total 4 (initial active 4) (1 cores per cpu, 1 threads per core) family 6 model 60 stepping 1 microcode 0x1, cx8, cmov, fxsr, mmx, sse, sse2, sse3, ssse3, sse4.1, sse4.2, popcnt, lzcnt, tsc, avx, avx2, aes, erms, clmul, bmi1, bmi2, fma, vzeroupper, clflush, hv
CPU Model and flags from /proc/cpuinfo:
model name	: Intel Core Processor (Haswell, no TSX)
flags		: fpu vme de pse tsc msr pae mce cx8 apic sep mtrr pge mca cmov pat pse36 clflush mmx fxsr sse sse2 syscall nx rdtscp lm constant_tsc rep_good nopl xtopology cpuid tsc_known_freq pni pclmulqdq vmx ssse3 fma cx16 pcid sse4_1 sse4_2 x2apic movbe popcnt tsc_deadline_timer aes xsave avx f16c rdrand hypervisor lahf_lm abm cpuid_fault invpcid_single pti tpr_shadow vnmi flexpriority ept vpid ept_ad fsgsbase bmi1 avx2 smep bmi2 erms invpcid xsaveopt arat md_clear

Online cpus: 0-3
Offline cpus: 
BIOS frequency limitation: <Not Available>
Frequency switch latency (ns): <Not Available>
Available cpu frequencies: <Not Available>
Current governor: <Not Available>
Core performance/turbo boost: <Not Available>

Memory: 4k page, physical 16014448k(2908628k free), swap 8388604k(8370064k free)
Page Sizes: 4k

vm_info: OpenJDK Server VM (17.0.11+9-LTS) for linux-x86 JRE (17.0.11+9-LTS) (Zulu17.50+19-CA), built on Apr  9 2024 07:14:46 by "zulu_re" with gcc 8.3.0

END.
