#
# A fatal error has been detected by the Java Runtime Environment:
#
#  SIGSEGV (0xb) at pc=0xf7869618, pid=10838, tid=10838
#
# JRE version: OpenJDK Runtime Environment Zulu17.50+19-CA (17.0.11+9) (build 17.0.11+9-LTS)
# Java VM: OpenJDK Server VM Zulu17.50+19-CA (17.0.11+9-LTS, mixed mode, sharing, tiered, g1 gc, linux-x86)
# Problematic frame:
# C  [libc.so.6+0x84618]  cfree+0x28
#
# Core dump will be written. Default location: Core dumps may be processed with "/usr/lib/systemd/systemd-coredump %P %u %g %s %t %c %h %e" (or dumping to /home/almalinux/swg-returns-nge/exe/linux/core.10838)
#
# If you would like to submit a bug report, please visit:
#   http://www.azul.com/support/
#

---------------  S U M M A R Y ------------

Command Line: -Xms128m -Xmx512m -Xss768k -XX:MaxMetaspaceSize=96m -Xrs -XX:-UsePerfData -XX:-AllowUserSignalHandlers -XX:UseSSE=3 -XX+DoEscapeAnalysis -XX:AutoBoxCacheMax:2000 -XX:+OptimizeStringConcat -XX:+OptimizeFill -XX:+EliminateAutoBox -XX:+UseCompressedStrings -XX:+UseCompressedOops -XX:+EliminateLocks -XX:UseFastAccessorMethods -XX:+UseStringCache -XgcPrio:throughput -XXkeepAreaRatio:1 -XXlazyUnlocking -XXcallProfiling -XXcompactRatio:1 

Host: Intel Core Processor (Haswell, no TSX), 4 cores, 15G, AlmaLinux release 8.10 (Cerulean Leopard)
Time: Tue Jan 27 13:49:35 2026 UTC elapsed time: 32011.717786 seconds (0d 8h 53m 31s)

---------------  T H R E A D  ---------------

Current thread is native thread

Stack: [0xff8ed000,0xff9ad000],  sp=0xff9ab1e0,  free space=760k
Native frames: (J=compiled Java code, j=interpreted, Vv=VM code, C=native code)
C  [libc.so.6+0x84618]  cfree+0x28


siginfo: si_signo: 11 (SIGSEGV), si_code: 1 (SEGV_MAPERR), si_addr: 0x00000003

Registers:
EAX=0x00000000, EBX=0x00000007, ECX=0xf6ea784c, EDX=0x0a482da8
ESP=0xff9ab1e0, EBP=0xff9ab318, ESI=0xf798a000, EDI=0x00000000
EIP=0xf7869618, EFLAGS=0x00210202, CR2=0x0000000000000003


Top of Stack: (sp=0xff9ab1e0)
0xff9ab1e0:   0a106030 00000000 ff9ab318 f7af6f1c
0xff9ab1f0:   0a1060c0 f7c0da04 0a482d80 f7af6f1c
0xff9ab200:   00000007 f7af6f0a f7c0da04 f7af6f4c
0xff9ab210:   0a1060c0 f7af6f0a 0a486b20 085b6163
0xff9ab220:   00000007 0a106030 0a105d40 085bb8d1
0xff9ab230:   0a106030 0a105d40 00000000 085bb89b
0xff9ab240:   0b91e850 ff9ab267 ff9ab28c 085c6969
0xff9ab250:   087d6c00 ff9ab28c ff9ab318 084fc53b
0xff9ab260:   00000014 00010002 00000000 00000000
0xff9ab270:   01010100 00000001 09aa44c0 00000000
0xff9ab280:   00000000 00000000 00000000 00000000
0xff9ab290:   00000000 00000013 ff9ab3e8 f781a6ff
0xff9ab2a0:   f798a41c 47677753 53656d61 65767265
0xff9ab2b0:   30313a72 00383338 09290100 0a468140
0xff9ab2c0:   08ea0100 08ebc230 08ea5888 f798a41c
0xff9ab2d0:   00000428 00000420 f781a779 085758fd
0xff9ab2e0:   08ea2a80 09b1ea78 08ea5888 08574f56
0xff9ab2f0:   0929a2c4 0929a2c4 ff9ab3e8 08ea583b
0xff9ab300:   0000000c ff9ab3b4 ff9ab330 f798a000
0xff9ab310:   00000000 08575910 00000000 f7802f26
0xff9ab320:   00000000 08575910 00000000 f7802f26
0xff9ab330:   0000000c ff9ab3b4 ff9ab3e8 ff9ab354
0xff9ab340:   0929a2d0 00000000 ff9ab3e8 f798a000
0xff9ab350:   f77f275c f798a000 00000000 08575910
0xff9ab360:   00000000 33eb04ae 06d0acbe 00000000
0xff9ab370:   00000000 00000000 f7f094d0 f7802e30
0xff9ab380:   084fc260 0929a2c4 0000000c 08575946
0xff9ab390:   084fc260 0000000c ff9ab3b4 08ea57f0
0xff9ab3a0:   08ea5850 f7f094d0 ff9ab3ac f7f36970
0xff9ab3b0:   0000000c ff9ab62d ff9ab63f ff9ab642
0xff9ab3c0:   ff9ab654 ff9ab657 ff9ab662 ff9ab686
0xff9ab3d0:   ff9ab696 ff9ab6af ff9ab6d8 ff9ab6db 

Instructions: (pc=0xf7869618)
0xf7869518:   50 8d 96 86 f7 fa ff 8d 86 d0 2f fb ff e8 c6 b7
0xf7869528:   ff ff 8d b6 00 00 00 00 bb 20 00 00 00 e9 5e fe
0xf7869538:   ff ff e8 a1 c0 ff ff 89 c5 85 c0 0f 85 68 ff ff
0xf7869548:   ff 31 d2 8d 44 3b 10 e8 8c c1 ff ff 89 da 89 f9
0xf7869558:   89 c5 e8 11 f0 ff ff 89 c2 85 c0 75 1b 85 ed 74
0xf7869568:   17 90 89 fa 89 e8 e8 bd c5 ff ff 89 da 89 f9 89
0xf7869578:   c5 e8 f2 ef ff ff 89 c2 85 ed 0f 84 57 ff ff ff
0xf7869588:   e9 39 ff ff ff 8d 86 b8 31 fb ff 83 ec 0c b9 25
0xf7869598:   0d 00 00 50 8d 96 86 f7 fa ff 8d 86 74 2f fb ff
0xf78695a8:   e8 43 b7 ff ff 8d 76 00 f3 0f 1e fb e8 0a 9a f9
0xf78695b8:   ff 05 47 0a 12 00 56 53 83 ec 04 8b 5c 24 10 8b
0xf78695c8:   74 24 14 8b 80 50 ff ff ff c7 00 00 00 00 00 e8
0xf78695d8:   54 bb ff ff 8b 4c 24 0c 83 c4 04 89 f2 89 d8 5b
0xf78695e8:   5e e9 42 fd ff ff 66 90 f3 0f 1e fb 56 e8 9a 9b
0xf78695f8:   f9 ff 81 c6 06 0a 12 00 53 83 ec 14 8b 5c 24 20
0xf7869608:   8b 86 5c ff ff ff 8b 00 85 c0 75 6c 85 db 74 75
0xf7869618:   8b 4b fc 8d 53 f8 f6 c1 02 75 35 8b 86 70 fe ff
0xf7869628:   ff 65 8b 00 85 c0 0f 84 8c 00 00 00 83 e1 04 8d
0xf7869638:   86 60 07 00 00 74 09 89 d0 25 00 00 f0 ff 8b 00
0xf7869648:   83 c4 14 31 c9 5b 5e e9 8c cb ff ff 8d 74 26 00
0xf7869658:   8b 9e 60 01 00 00 85 db 75 10 3b 8e 48 01 00 00
0xf7869668:   76 08 81 f9 00 00 08 00 76 26 83 c4 14 89 d0 5b
0xf7869678:   5e e9 92 b8 ff ff 66 90 83 ec 08 ff 74 24 24 53
0xf7869688:   ff d0 83 c4 10 83 c4 14 5b 5e c3 8d 74 26 00 90
0xf7869698:   39 96 80 1d 00 00 77 08 39 96 7c 1d 00 00 77 ca
0xf78696a8:   83 e1 f8 8d 04 09 89 8e 48 01 00 00 89 86 40 01
0xf78696b8:   00 00 90 eb b5 8d 76 00 8b 86 74 fe ff ff 65 80
0xf78696c8:   38 00 0f 85 64 ff ff ff 89 54 24 0c e8 97 ed ff
0xf78696d8:   ff 8b 4b fc 8b 54 24 0c e9 4f ff ff ff 8d b4 26
0xf78696e8:   00 00 00 00 8d 74 26 00 f3 0f 1e fb 55 57 56 e8
0xf78696f8:   98 9a f9 ff 81 c6 04 09 12 00 53 83 ec 0c 8b 86
0xf7869708:   70 fe ff ff 8b 96 74 fe ff ff 65 8b 28 65 c6 02 



---------------  P R O C E S S  ---------------

VM state: at safepoint (shutting down)

VM Mutex/Monitor currently owned by a thread:  ([mutex/lock_event])
[0xf5e21d30] Threads_lock - owner thread: 0xc4194cf0

GC Precious Log:
<Skipped>

Heap:
 garbage-first heap   total 131072K, used 77201K [0xc5c00000, 0xe5c00000)
  region size 1024K, 75 young (76800K), 2 survivors (2048K)
 Metaspace       used 3290K, committed 3520K, reserved 16384K

Heap Regions: E=young(eden), S=young(survivor), O=old, HS=humongous(starts), HC=humongous(continues), CS=collection set, F=free, OA=open archive, CA=closed archive, TAMS=top-at-mark-start (previous, next)
|   0|0xc5c00000, 0xc5d00000, 0xc5d00000|100%| O|  |TAMS 0xc5c00000, 0xc5c00000| Untracked 
|   1|0xc5d00000, 0xc5dc0c00, 0xc5e00000| 75%| O|  |TAMS 0xc5d00000, 0xc5d00000| Untracked 
|   2|0xc5e00000, 0xc5e00000, 0xc5f00000|  0%| F|  |TAMS 0xc5e00000, 0xc5e00000| Untracked 
|   3|0xc5f00000, 0xc5f00000, 0xc6000000|  0%| F|  |TAMS 0xc5f00000, 0xc5f00000| Untracked 
|   4|0xc6000000, 0xc6000000, 0xc6100000|  0%| F|  |TAMS 0xc6000000, 0xc6000000| Untracked 
|   5|0xc6100000, 0xc6100000, 0xc6200000|  0%| F|  |TAMS 0xc6100000, 0xc6100000| Untracked 
|   6|0xc6200000, 0xc6200000, 0xc6300000|  0%| F|  |TAMS 0xc6200000, 0xc6200000| Untracked 
|   7|0xc6300000, 0xc6300000, 0xc6400000|  0%| F|  |TAMS 0xc6300000, 0xc6300000| Untracked 
|   8|0xc6400000, 0xc6400000, 0xc6500000|  0%| F|  |TAMS 0xc6400000, 0xc6400000| Untracked 
|   9|0xc6500000, 0xc6500000, 0xc6600000|  0%| F|  |TAMS 0xc6500000, 0xc6500000| Untracked 
|  10|0xc6600000, 0xc6600000, 0xc6700000|  0%| F|  |TAMS 0xc6600000, 0xc6600000| Untracked 
|  11|0xc6700000, 0xc6700000, 0xc6800000|  0%| F|  |TAMS 0xc6700000, 0xc6700000| Untracked 
|  12|0xc6800000, 0xc6800000, 0xc6900000|  0%| F|  |TAMS 0xc6800000, 0xc6800000| Untracked 
|  13|0xc6900000, 0xc6900000, 0xc6a00000|  0%| F|  |TAMS 0xc6900000, 0xc6900000| Untracked 
|  14|0xc6a00000, 0xc6a00000, 0xc6b00000|  0%| F|  |TAMS 0xc6a00000, 0xc6a00000| Untracked 
|  15|0xc6b00000, 0xc6b00000, 0xc6c00000|  0%| F|  |TAMS 0xc6b00000, 0xc6b00000| Untracked 
|  16|0xc6c00000, 0xc6c00000, 0xc6d00000|  0%| F|  |TAMS 0xc6c00000, 0xc6c00000| Untracked 
|  17|0xc6d00000, 0xc6d00000, 0xc6e00000|  0%| F|  |TAMS 0xc6d00000, 0xc6d00000| Untracked 
|  18|0xc6e00000, 0xc6e00000, 0xc6f00000|  0%| F|  |TAMS 0xc6e00000, 0xc6e00000| Untracked 
|  19|0xc6f00000, 0xc6f00000, 0xc7000000|  0%| F|  |TAMS 0xc6f00000, 0xc6f00000| Untracked 
|  20|0xc7000000, 0xc7000000, 0xc7100000|  0%| F|  |TAMS 0xc7000000, 0xc7000000| Untracked 
|  21|0xc7100000, 0xc7100000, 0xc7200000|  0%| F|  |TAMS 0xc7100000, 0xc7100000| Untracked 
|  22|0xc7200000, 0xc7200000, 0xc7300000|  0%| F|  |TAMS 0xc7200000, 0xc7200000| Untracked 
|  23|0xc7300000, 0xc7300000, 0xc7400000|  0%| F|  |TAMS 0xc7300000, 0xc7300000| Untracked 
|  24|0xc7400000, 0xc7400000, 0xc7500000|  0%| F|  |TAMS 0xc7400000, 0xc7400000| Untracked 
|  25|0xc7500000, 0xc7500000, 0xc7600000|  0%| F|  |TAMS 0xc7500000, 0xc7500000| Untracked 
|  26|0xc7600000, 0xc7600000, 0xc7700000|  0%| F|  |TAMS 0xc7600000, 0xc7600000| Untracked 
|  27|0xc7700000, 0xc7700000, 0xc7800000|  0%| F|  |TAMS 0xc7700000, 0xc7700000| Untracked 
|  28|0xc7800000, 0xc7800000, 0xc7900000|  0%| F|  |TAMS 0xc7800000, 0xc7800000| Untracked 
|  29|0xc7900000, 0xc7900000, 0xc7a00000|  0%| F|  |TAMS 0xc7900000, 0xc7900000| Untracked 
|  30|0xc7a00000, 0xc7a00000, 0xc7b00000|  0%| F|  |TAMS 0xc7a00000, 0xc7a00000| Untracked 
|  31|0xc7b00000, 0xc7b00000, 0xc7c00000|  0%| F|  |TAMS 0xc7b00000, 0xc7b00000| Untracked 
|  32|0xc7c00000, 0xc7c00000, 0xc7d00000|  0%| F|  |TAMS 0xc7c00000, 0xc7c00000| Untracked 
|  33|0xc7d00000, 0xc7d00000, 0xc7e00000|  0%| F|  |TAMS 0xc7d00000, 0xc7d00000| Untracked 
|  34|0xc7e00000, 0xc7e00000, 0xc7f00000|  0%| F|  |TAMS 0xc7e00000, 0xc7e00000| Untracked 
|  35|0xc7f00000, 0xc7f00000, 0xc8000000|  0%| F|  |TAMS 0xc7f00000, 0xc7f00000| Untracked 
|  36|0xc8000000, 0xc8000000, 0xc8100000|  0%| F|  |TAMS 0xc8000000, 0xc8000000| Untracked 
|  37|0xc8100000, 0xc8100000, 0xc8200000|  0%| F|  |TAMS 0xc8100000, 0xc8100000| Untracked 
|  38|0xc8200000, 0xc8200000, 0xc8300000|  0%| F|  |TAMS 0xc8200000, 0xc8200000| Untracked 
|  39|0xc8300000, 0xc8300000, 0xc8400000|  0%| F|  |TAMS 0xc8300000, 0xc8300000| Untracked 
|  40|0xc8400000, 0xc8400000, 0xc8500000|  0%| F|  |TAMS 0xc8400000, 0xc8400000| Untracked 
|  41|0xc8500000, 0xc8500000, 0xc8600000|  0%| F|  |TAMS 0xc8500000, 0xc8500000| Untracked 
|  42|0xc8600000, 0xc8600000, 0xc8700000|  0%| F|  |TAMS 0xc8600000, 0xc8600000| Untracked 
|  43|0xc8700000, 0xc8700000, 0xc8800000|  0%| F|  |TAMS 0xc8700000, 0xc8700000| Untracked 
|  44|0xc8800000, 0xc8800000, 0xc8900000|  0%| F|  |TAMS 0xc8800000, 0xc8800000| Untracked 
|  45|0xc8900000, 0xc8900000, 0xc8a00000|  0%| F|  |TAMS 0xc8900000, 0xc8900000| Untracked 
|  46|0xc8a00000, 0xc8a00000, 0xc8b00000|  0%| F|  |TAMS 0xc8a00000, 0xc8a00000| Untracked 
|  47|0xc8b00000, 0xc8b00000, 0xc8c00000|  0%| F|  |TAMS 0xc8b00000, 0xc8b00000| Untracked 
|  48|0xc8c00000, 0xc8c00000, 0xc8d00000|  0%| F|  |TAMS 0xc8c00000, 0xc8c00000| Untracked 
|  49|0xc8d00000, 0xc8d00000, 0xc8e00000|  0%| F|  |TAMS 0xc8d00000, 0xc8d00000| Untracked 
|  50|0xc8e00000, 0xc8ea3368, 0xc8f00000| 63%| S|CS|TAMS 0xc8e00000, 0xc8e00000| Complete 
|  51|0xc8f00000, 0xc9000000, 0xc9000000|100%| S|CS|TAMS 0xc8f00000, 0xc8f00000| Complete 
|  52|0xc9000000, 0xc9000000, 0xc9100000|  0%| F|  |TAMS 0xc9000000, 0xc9000000| Untracked 
|  53|0xc9100000, 0xc9100000, 0xc9200000|  0%| F|  |TAMS 0xc9100000, 0xc9100000| Untracked 
|  54|0xc9200000, 0xc9200000, 0xc9300000|  0%| F|  |TAMS 0xc9200000, 0xc9200000| Untracked 
|  55|0xc9300000, 0xc9300800, 0xc9400000|  0%| E|  |TAMS 0xc9300000, 0xc9300000| Complete 
|  56|0xc9400000, 0xc9500000, 0xc9500000|100%| E|CS|TAMS 0xc9400000, 0xc9400000| Complete 
|  57|0xc9500000, 0xc9600000, 0xc9600000|100%| E|CS|TAMS 0xc9500000, 0xc9500000| Complete 
|  58|0xc9600000, 0xc9700000, 0xc9700000|100%| E|CS|TAMS 0xc9600000, 0xc9600000| Complete 
|  59|0xc9700000, 0xc9800000, 0xc9800000|100%| E|CS|TAMS 0xc9700000, 0xc9700000| Complete 
|  60|0xc9800000, 0xc9900000, 0xc9900000|100%| E|CS|TAMS 0xc9800000, 0xc9800000| Complete 
|  61|0xc9900000, 0xc9a00000, 0xc9a00000|100%| E|CS|TAMS 0xc9900000, 0xc9900000| Complete 
|  62|0xc9a00000, 0xc9b00000, 0xc9b00000|100%| E|CS|TAMS 0xc9a00000, 0xc9a00000| Complete 
|  63|0xc9b00000, 0xc9c00000, 0xc9c00000|100%| E|CS|TAMS 0xc9b00000, 0xc9b00000| Complete 
|  64|0xc9c00000, 0xc9d00000, 0xc9d00000|100%| E|CS|TAMS 0xc9c00000, 0xc9c00000| Complete 
|  65|0xc9d00000, 0xc9e00000, 0xc9e00000|100%| E|CS|TAMS 0xc9d00000, 0xc9d00000| Complete 
|  66|0xc9e00000, 0xc9f00000, 0xc9f00000|100%| E|CS|TAMS 0xc9e00000, 0xc9e00000| Complete 
|  67|0xc9f00000, 0xca000000, 0xca000000|100%| E|CS|TAMS 0xc9f00000, 0xc9f00000| Complete 
|  68|0xca000000, 0xca100000, 0xca100000|100%| E|CS|TAMS 0xca000000, 0xca000000| Complete 
|  69|0xca100000, 0xca200000, 0xca200000|100%| E|CS|TAMS 0xca100000, 0xca100000| Complete 
|  70|0xca200000, 0xca300000, 0xca300000|100%| E|CS|TAMS 0xca200000, 0xca200000| Complete 
|  71|0xca300000, 0xca400000, 0xca400000|100%| E|CS|TAMS 0xca300000, 0xca300000| Complete 
|  72|0xca400000, 0xca500000, 0xca500000|100%| E|CS|TAMS 0xca400000, 0xca400000| Complete 
|  73|0xca500000, 0xca600000, 0xca600000|100%| E|CS|TAMS 0xca500000, 0xca500000| Complete 
|  74|0xca600000, 0xca700000, 0xca700000|100%| E|CS|TAMS 0xca600000, 0xca600000| Complete 
|  75|0xca700000, 0xca800000, 0xca800000|100%| E|CS|TAMS 0xca700000, 0xca700000| Complete 
|  76|0xca800000, 0xca900000, 0xca900000|100%| E|CS|TAMS 0xca800000, 0xca800000| Complete 
|  77|0xca900000, 0xcaa00000, 0xcaa00000|100%| E|CS|TAMS 0xca900000, 0xca900000| Complete 
|  78|0xcaa00000, 0xcab00000, 0xcab00000|100%| E|CS|TAMS 0xcaa00000, 0xcaa00000| Complete 
|  79|0xcab00000, 0xcac00000, 0xcac00000|100%| E|CS|TAMS 0xcab00000, 0xcab00000| Complete 
|  80|0xcac00000, 0xcad00000, 0xcad00000|100%| E|CS|TAMS 0xcac00000, 0xcac00000| Complete 
|  81|0xcad00000, 0xcae00000, 0xcae00000|100%| E|CS|TAMS 0xcad00000, 0xcad00000| Complete 
|  82|0xcae00000, 0xcaf00000, 0xcaf00000|100%| E|CS|TAMS 0xcae00000, 0xcae00000| Complete 
|  83|0xcaf00000, 0xcb000000, 0xcb000000|100%| E|CS|TAMS 0xcaf00000, 0xcaf00000| Complete 
|  84|0xcb000000, 0xcb100000, 0xcb100000|100%| E|CS|TAMS 0xcb000000, 0xcb000000| Complete 
|  85|0xcb100000, 0xcb200000, 0xcb200000|100%| E|CS|TAMS 0xcb100000, 0xcb100000| Complete 
|  86|0xcb200000, 0xcb300000, 0xcb300000|100%| E|CS|TAMS 0xcb200000, 0xcb200000| Complete 
|  87|0xcb300000, 0xcb400000, 0xcb400000|100%| E|CS|TAMS 0xcb300000, 0xcb300000| Complete 
|  88|0xcb400000, 0xcb500000, 0xcb500000|100%| E|CS|TAMS 0xcb400000, 0xcb400000| Complete 
|  89|0xcb500000, 0xcb600000, 0xcb600000|100%| E|CS|TAMS 0xcb500000, 0xcb500000| Complete 
|  90|0xcb600000, 0xcb700000, 0xcb700000|100%| E|CS|TAMS 0xcb600000, 0xcb600000| Complete 
|  91|0xcb700000, 0xcb800000, 0xcb800000|100%| E|CS|TAMS 0xcb700000, 0xcb700000| Complete 
|  92|0xcb800000, 0xcb900000, 0xcb900000|100%| E|CS|TAMS 0xcb800000, 0xcb800000| Complete 
|  93|0xcb900000, 0xcba00000, 0xcba00000|100%| E|CS|TAMS 0xcb900000, 0xcb900000| Complete 
|  94|0xcba00000, 0xcbb00000, 0xcbb00000|100%| E|CS|TAMS 0xcba00000, 0xcba00000| Complete 
|  95|0xcbb00000, 0xcbc00000, 0xcbc00000|100%| E|CS|TAMS 0xcbb00000, 0xcbb00000| Complete 
|  96|0xcbc00000, 0xcbd00000, 0xcbd00000|100%| E|CS|TAMS 0xcbc00000, 0xcbc00000| Complete 
|  97|0xcbd00000, 0xcbe00000, 0xcbe00000|100%| E|CS|TAMS 0xcbd00000, 0xcbd00000| Complete 
|  98|0xcbe00000, 0xcbf00000, 0xcbf00000|100%| E|CS|TAMS 0xcbe00000, 0xcbe00000| Complete 
|  99|0xcbf00000, 0xcc000000, 0xcc000000|100%| E|CS|TAMS 0xcbf00000, 0xcbf00000| Complete 
| 100|0xcc000000, 0xcc100000, 0xcc100000|100%| E|CS|TAMS 0xcc000000, 0xcc000000| Complete 
| 101|0xcc100000, 0xcc200000, 0xcc200000|100%| E|CS|TAMS 0xcc100000, 0xcc100000| Complete 
| 102|0xcc200000, 0xcc300000, 0xcc300000|100%| E|CS|TAMS 0xcc200000, 0xcc200000| Complete 
| 103|0xcc300000, 0xcc400000, 0xcc400000|100%| E|CS|TAMS 0xcc300000, 0xcc300000| Complete 
| 104|0xcc400000, 0xcc500000, 0xcc500000|100%| E|CS|TAMS 0xcc400000, 0xcc400000| Complete 
| 105|0xcc500000, 0xcc600000, 0xcc600000|100%| E|CS|TAMS 0xcc500000, 0xcc500000| Complete 
| 106|0xcc600000, 0xcc700000, 0xcc700000|100%| E|CS|TAMS 0xcc600000, 0xcc600000| Complete 
| 107|0xcc700000, 0xcc800000, 0xcc800000|100%| E|CS|TAMS 0xcc700000, 0xcc700000| Complete 
| 108|0xcc800000, 0xcc900000, 0xcc900000|100%| E|CS|TAMS 0xcc800000, 0xcc800000| Complete 
| 109|0xcc900000, 0xcca00000, 0xcca00000|100%| E|CS|TAMS 0xcc900000, 0xcc900000| Complete 
| 110|0xcca00000, 0xccb00000, 0xccb00000|100%| E|CS|TAMS 0xcca00000, 0xcca00000| Complete 
| 111|0xccb00000, 0xccc00000, 0xccc00000|100%| E|CS|TAMS 0xccb00000, 0xccb00000| Complete 
| 112|0xccc00000, 0xccd00000, 0xccd00000|100%| E|CS|TAMS 0xccc00000, 0xccc00000| Complete 
| 113|0xccd00000, 0xcce00000, 0xcce00000|100%| E|CS|TAMS 0xccd00000, 0xccd00000| Complete 
| 114|0xcce00000, 0xccf00000, 0xccf00000|100%| E|CS|TAMS 0xcce00000, 0xcce00000| Complete 
| 115|0xccf00000, 0xcd000000, 0xcd000000|100%| E|CS|TAMS 0xccf00000, 0xccf00000| Complete 
| 116|0xcd000000, 0xcd100000, 0xcd100000|100%| E|CS|TAMS 0xcd000000, 0xcd000000| Complete 
| 117|0xcd100000, 0xcd200000, 0xcd200000|100%| E|CS|TAMS 0xcd100000, 0xcd100000| Complete 
| 118|0xcd200000, 0xcd300000, 0xcd300000|100%| E|CS|TAMS 0xcd200000, 0xcd200000| Complete 
| 119|0xcd300000, 0xcd400000, 0xcd400000|100%| E|CS|TAMS 0xcd300000, 0xcd300000| Complete 
| 120|0xcd400000, 0xcd500000, 0xcd500000|100%| E|CS|TAMS 0xcd400000, 0xcd400000| Complete 
| 121|0xcd500000, 0xcd600000, 0xcd600000|100%| E|CS|TAMS 0xcd500000, 0xcd500000| Complete 
| 122|0xcd600000, 0xcd700000, 0xcd700000|100%| E|CS|TAMS 0xcd600000, 0xcd600000| Complete 
| 123|0xcd700000, 0xcd800000, 0xcd800000|100%| E|CS|TAMS 0xcd700000, 0xcd700000| Complete 
| 124|0xcd800000, 0xcd900000, 0xcd900000|100%| E|CS|TAMS 0xcd800000, 0xcd800000| Complete 
| 125|0xcd900000, 0xcda00000, 0xcda00000|100%| E|CS|TAMS 0xcd900000, 0xcd900000| Complete 
| 126|0xcda00000, 0xcdb00000, 0xcdb00000|100%| E|CS|TAMS 0xcda00000, 0xcda00000| Complete 
| 127|0xcdb00000, 0xcdc00000, 0xcdc00000|100%| E|CS|TAMS 0xcdb00000, 0xcdb00000| Complete 

Card table byte_map: [0xc5a00000,0xc5b00000] _byte_map_base: 0xc53d2000

Marking Bits (Prev, Next): (CMBitMap*) 0xf5e8b528, (CMBitMap*) 0xf5e8b548
 Prev Bits: [0xc5100000, 0xc5900000)
 Next Bits: [0xc4900000, 0xc5100000)

Polling page: 0xf7efb000

Metaspace:

Usage:
    3.21 MB used.

Virtual space:
     16.00 MB reserved,       3.44 MB ( 21%) committed,  1 nodes.

Chunk freelists:
9.93 MB

MaxMetaspaceSize: 96.00 MB
No class space
Initial GC threshold: 16.00 MB
Current GC threshold: 16.00 MB
CDS: on
MetaspaceReclaimPolicy: balanced
 - commit_granule_bytes: 65536.
 - commit_granule_words: 16384.
 - virtual_space_node_default_size: 4194304.
 - enlarge_chunks_in_place: 1.
 - new_chunks_are_fully_committed: 0.
 - uncommit_free_chunks: 1.
 - use_allocation_guard: 0.
 - handle_deallocations: 1.


Internal statistics:

num_allocs_failed_limit: 0.
num_arena_births: 111.
num_arena_deaths: 0.
num_vsnodes_births: 1.
num_vsnodes_deaths: 0.
num_space_committed: 55.
num_space_uncommitted: 0.
num_chunks_returned_to_freelist: 0.
num_chunks_taken_from_freelist: 260.
num_chunk_merges: 0.
num_chunk_splits: 152.
num_chunks_enlarged: 85.
num_inconsistent_stats: 0.

CodeHeap 'non-profiled nmethods': size=120172Kb used=1113Kb max_used=1113Kb free=119058Kb
 bounds [0xed7f5000, 0xeda35000, 0xf4d50000]
CodeHeap 'profiled nmethods': size=120172Kb used=2611Kb max_used=2611Kb free=117560Kb
 bounds [0xe5d50000, 0xe5fe0000, 0xed2ab000]
CodeHeap 'non-nmethods': size=5416Kb used=724Kb max_used=765Kb free=4692Kb
 bounds [0xed2ab000, 0xed4eb000, 0xed7f5000]
 total_blobs=1837 nmethods=1507 adapters=244
 compilation: enabled
              stopped_count=0, restarted_count=0
 full_count=0

Compilation events (20 events):
Event: 27089.788 Thread 0xc419f450 1502       4       java.io.ObjectStreamClass::hasReadObjectNoDataMethod (17 bytes)
Event: 27089.789 Thread 0xc419f450 nmethod 1502 0xed900f88 code [0xed9010a0, 0xed901150]
Event: 27446.332 Thread 0xc419f450 1503       4       script.obj_id::setInitialized (18 bytes)
Event: 27446.335 Thread 0xc419f450 nmethod 1503 0xed901288 code [0xed9013a0, 0xed90147c]
Event: 27664.013 Thread 0xc419f450 1504   !   4       script.library.space_utils::notifyObject (98 bytes)
Event: 27664.025 Thread 0xc419f450 nmethod 1504 0xed901588 code [0xed9016c0, 0xed901944]
Event: 27772.700 Thread 0xc419f450 1505   !   4       jdk.internal.reflect.GeneratedSerializationConstructorAccessor6::newInstance (49 bytes)
Event: 27772.703 Thread 0xc419f450 nmethod 1505 0xed901b08 code [0xed901c40, 0xed901d7c]
Event: 28786.831 Thread 0xc419f450 1506       4       java.io.ObjectStreamClass::initNonProxy (628 bytes)
Event: 28787.028 Thread 0xc419f450 nmethod 1506 0xed901f08 code [0xed902160, 0xed904544]
Event: 29104.337 Thread 0xc419f450 1507       4       script.library.space_combat::doArmorDamage (12 bytes)
Event: 29104.822 Thread 0xc419f450 nmethod 1507 0xed905488 code [0xed9057e0, 0xed90760c]
Event: 29593.325 Thread 0xc419f450 1508       4       java.lang.StringConcatHelper::prepend (22 bytes)
Event: 29593.329 Thread 0xc419f450 nmethod 1508 0xed909988 code [0xed909aa0, 0xed909d90]
Event: 30499.299 Thread 0xc419f450 1509       4       java.lang.Integer::stringSize (47 bytes)
Event: 30499.302 Thread 0xc419f450 nmethod 1509 0xed90a008 code [0xed90a120, 0xed90a210]
Event: 31102.338 Thread 0xc41a0580 1512       3       java.lang.Class::privateGetDeclaredMethods (64 bytes)
Event: 31102.339 Thread 0xc41a0580 nmethod 1512 0xe5fdc508 code [0xe5fdc6c0, 0xe5fdcd70]
Event: 31792.333 Thread 0xc419f450 1513       4       script.base_class::messageTo (12 bytes)
Event: 31792.341 Thread 0xc419f450 nmethod 1513 0xed90a908 code [0xed90aa80, 0xed90afc4]

GC Heap History (8 events):
Event: 28.926 GC heap before
{Heap before GC invocations=0 (full 0):
 garbage-first heap   total 131072K, used 12288K [0xc5c00000, 0xe5c00000)
  region size 1024K, 13 young (13312K), 0 survivors (0K)
 Metaspace       used 1912K, committed 2112K, reserved 16384K
}
Event: 28.935 GC heap after
{Heap after GC invocations=1 (full 0):
 garbage-first heap   total 131072K, used 2080K [0xc5c00000, 0xe5c00000)
  region size 1024K, 2 young (2048K), 2 survivors (2048K)
 Metaspace       used 1912K, committed 2112K, reserved 16384K
}
Event: 298.495 GC heap before
{Heap before GC invocations=1 (full 0):
 garbage-first heap   total 131072K, used 19488K [0xc5c00000, 0xe5c00000)
  region size 1024K, 19 young (19456K), 2 survivors (2048K)
 Metaspace       used 3046K, committed 3264K, reserved 16384K
}
Event: 298.527 GC heap after
{Heap after GC invocations=2 (full 0):
 garbage-first heap   total 131072K, used 3247K [0xc5c00000, 0xe5c00000)
  region size 1024K, 2 young (2048K), 2 survivors (2048K)
 Metaspace       used 3046K, committed 3264K, reserved 16384K
}
Event: 8544.390 GC heap before
{Heap before GC invocations=2 (full 0):
 garbage-first heap   total 131072K, used 63663K [0xc5c00000, 0xe5c00000)
  region size 1024K, 61 young (62464K), 2 survivors (2048K)
 Metaspace       used 3259K, committed 3520K, reserved 16384K
}
Event: 8544.465 GC heap after
{Heap after GC invocations=3 (full 0):
 garbage-first heap   total 131072K, used 3332K [0xc5c00000, 0xe5c00000)
  region size 1024K, 2 young (2048K), 2 survivors (2048K)
 Metaspace       used 3259K, committed 3520K, reserved 16384K
}
Event: 21509.853 GC heap before
{Heap before GC invocations=3 (full 0):
 garbage-first heap   total 131072K, used 79108K [0xc5c00000, 0xe5c00000)
  region size 1024K, 76 young (77824K), 2 survivors (2048K)
 Metaspace       used 3285K, committed 3520K, reserved 16384K
}
Event: 21509.892 GC heap after
{Heap after GC invocations=4 (full 0):
 garbage-first heap   total 131072K, used 3471K [0xc5c00000, 0xe5c00000)
  region size 1024K, 2 young (2048K), 2 survivors (2048K)
 Metaspace       used 3285K, committed 3520K, reserved 16384K
}

Dll operation events (4 events):
Event: 0.003 Loaded shared library /usr/lib/jvm/java-17-zulu-openjdk-jdk-x86/lib/libjava.so
Event: 55.316 Loaded shared library /usr/lib/jvm/java-17-zulu-openjdk-jdk-x86/lib/libnio.so
Event: 55.317 Loaded shared library /usr/lib/jvm/java-17-zulu-openjdk-jdk-x86/lib/libjimage.so
Event: 55.319 Loaded shared library /usr/lib/jvm/java-17-zulu-openjdk-jdk-x86/lib/libnet.so

Deoptimization events (20 events):
Event: 447.380 Thread 0x0b792970 Uncommon trap: trap_request=0xffffffde fr.pc=0xed87a5e8 relative=0x00001828
Event: 447.380 Thread 0x0b792970 Uncommon trap: reason=class_check action=maybe_recompile pc=0xed87a5e8 method=java.lang.reflect.Array.newInstance(Ljava/lang/Class;I)Ljava/lang/Object; @ 2 c2
Event: 447.380 Thread 0x0b792970 DEOPT PACKING pc=0xed87a5e8 sp=0xff9a9bd0
Event: 447.380 Thread 0x0b792970 DEOPT UNPACKING pc=0xed2f4d33 sp=0xff9a9b88 mode 2
Event: 1870.333 Thread 0x0b792970 DEOPT PACKING pc=0xe5e2ea7f sp=0xff9a99c0
Event: 1870.333 Thread 0x0b792970 DEOPT UNPACKING pc=0xed2f4171 sp=0xff9a9828 mode 0
Event: 1953.331 Thread 0x0b792970 DEOPT PACKING pc=0xe5e2c5d9 sp=0xff9a99a0
Event: 1953.331 Thread 0x0b792970 DEOPT UNPACKING pc=0xed2f4171 sp=0xff9a9834 mode 0
Event: 21511.752 Thread 0x0b792970 Uncommon trap: trap_request=0xffffff45 fr.pc=0xed8bee9c relative=0x0000207c
Event: 21511.752 Thread 0x0b792970 Uncommon trap: reason=unstable_if action=reinterpret pc=0xed8bee9c method=java.io.ClassCache.processQueue()V @ 9 c2
Event: 21511.752 Thread 0x0b792970 DEOPT PACKING pc=0xed8bee9c sp=0xff9a9b20
Event: 21511.752 Thread 0x0b792970 DEOPT UNPACKING pc=0xed2f4d33 sp=0xff9a9a70 mode 2
Event: 21511.753 Thread 0x0b792970 Uncommon trap: trap_request=0xffffff45 fr.pc=0xed885e14 relative=0x00000334
Event: 21511.753 Thread 0x0b792970 Uncommon trap: reason=unstable_if action=reinterpret pc=0xed885e14 method=java.lang.ClassValue.match(Ljava/lang/ClassValue$Entry;)Z @ 12 c2
Event: 21511.753 Thread 0x0b792970 DEOPT PACKING pc=0xed885e14 sp=0xff9a9b00
Event: 21511.753 Thread 0x0b792970 DEOPT UNPACKING pc=0xed2f4d33 sp=0xff9a9a74 mode 2
Event: 23730.695 Thread 0x0b792970 Uncommon trap: trap_request=0xffffffcc fr.pc=0xed8f260c relative=0x000000ec
Event: 23730.695 Thread 0x0b792970 Uncommon trap: reason=intrinsic action=make_not_entrant pc=0xed8f260c method=java.util.ArrayList.toArray([Ljava/lang/Object;)[Ljava/lang/Object; @ 36 c2
Event: 23730.695 Thread 0x0b792970 DEOPT PACKING pc=0xed8f260c sp=0xff9a9b40
Event: 23730.695 Thread 0x0b792970 DEOPT UNPACKING pc=0xed2f4d33 sp=0xff9a9b14 mode 2

Classes unloaded (0 events):
No events

Classes redefined (0 events):
No events

Internal exceptions (3 events):
Event: 32.304 Thread 0x0b792970 Implicit null exception at 0xed81d9ab to 0xed81da00
Event: 32.415 Thread 0x0b792970 Exception <a 'java/lang/NoSuchMethodError'{0xcd422758}: static [Ljava/lang/String;.<clinit>()V> (0xcd422758) 
thrown [src/hotspot/share/prims/jni.cpp, line 1112]
Event: 55.325 Thread 0x0b792970 Exception <a 'java/lang/NoSuchMethodError'{0xcd1d2eb8}: 'java.lang.Object java.lang.invoke.DirectMethodHandle$Holder.invokeStaticInit(java.lang.Object)'> (0xcd1d2eb8) 
thrown [src/hotspot/share/interpreter/linkResolver.cpp, line 759]

VM Operations (20 events):
Event: 8544.389 Executing VM operation: G1CollectForAllocation
Event: 8544.465 Executing VM operation: G1CollectForAllocation done
Event: 8545.467 Executing VM operation: Cleanup
Event: 8545.467 Executing VM operation: Cleanup done
Event: 8850.090 Executing VM operation: Cleanup
Event: 8850.090 Executing VM operation: Cleanup done
Event: 9179.497 Executing VM operation: Cleanup
Event: 9179.497 Executing VM operation: Cleanup done
Event: 15202.106 Executing VM operation: Cleanup
Event: 15202.106 Executing VM operation: Cleanup done
Event: 17774.082 Executing VM operation: Cleanup
Event: 17774.082 Executing VM operation: Cleanup done
Event: 17785.086 Executing VM operation: Cleanup
Event: 17785.086 Executing VM operation: Cleanup done
Event: 19499.293 Executing VM operation: Cleanup
Event: 19499.293 Executing VM operation: Cleanup done
Event: 21509.853 Executing VM operation: G1CollectForAllocation
Event: 21509.892 Executing VM operation: G1CollectForAllocation done
Event: 21510.892 Executing VM operation: Cleanup
Event: 21510.892 Executing VM operation: Cleanup done

Events (20 events):
Event: 55.327 loading class jdk/internal/logger/SimpleConsoleLogger
Event: 55.328 loading class sun/util/logging/PlatformLogger$ConfigurableBridge$LoggerConfiguration
Event: 55.328 loading class sun/util/logging/PlatformLogger$ConfigurableBridge$LoggerConfiguration done
Event: 55.328 loading class jdk/internal/logger/SimpleConsoleLogger done
Event: 55.328 loading class jdk/internal/logger/SurrogateLogger done
Event: 55.328 loading class sun/util/logging/PlatformLogger
Event: 55.328 loading class sun/util/logging/PlatformLogger done
Event: 55.328 loading class sun/util/logging/PlatformLogger$Level
Event: 55.328 loading class sun/util/logging/PlatformLogger$Level done
Event: 55.328 loading class jdk/internal/event/DeserializationEvent
Event: 55.329 loading class jdk/internal/event/DeserializationEvent done
Event: 55.329 loading class java/io/ObjectInputStream$FieldValues
Event: 55.329 loading class java/io/ObjectInputStream$GetField
Event: 55.329 loading class java/io/ObjectInputStream$GetField done
Event: 55.329 loading class java/io/ObjectInputStream$FieldValues done
Event: 57.362 loading class java/io/ObjectStreamException
Event: 57.362 loading class java/io/ObjectStreamException done
Event: 32000.035 Thread 0x0b792970 Thread exited: 0x0b792970
Event: 32000.051 Thread 0xf5e242d0 Thread exited: 0xf5e242d0
Event: 32000.052 Thread 0xc419bff0 Thread exited: 0xc419bff0


Dynamic libraries:
08048000-09298000 r-xp 00000000 08:04 494947248                          /home/almalinux/swg-returns-nge/build/bin/SwgGameServer
09298000-0929c000 rw-p 0124f000 08:04 494947248                          /home/almalinux/swg-returns-nge/build/bin/SwgGameServer
0929c000-09b1f000 rw-p 00000000 00:00 0 
0a0cc000-0ded7000 rw-p 00000000 00:00 0                                  [heap]
c0000000-c00bc000 rw-p 00000000 00:00 0 
c00bc000-c0100000 ---p 00000000 00:00 0 
c0100000-c01f9000 rw-p 00000000 00:00 0 
c01f9000-c0200000 ---p 00000000 00:00 0 
c0200000-c02fb000 rw-p 00000000 00:00 0 
c02fb000-c0300000 ---p 00000000 00:00 0 
c0300000-c03f9000 rw-p 00000000 00:00 0 
c03f9000-c0400000 ---p 00000000 00:00 0 
c0400000-c0439000 rw-p 00000000 00:00 0 
c0439000-c0500000 ---p 00000000 00:00 0 
c0500000-c05ed000 rw-p 00000000 00:00 0 
c05ed000-c0600000 ---p 00000000 00:00 0 
c0600000-c0700000 rw-p 00000000 00:00 0 
c0700000-c07f9000 rw-p 00000000 00:00 0 
c07f9000-c0800000 ---p 00000000 00:00 0 
c0800000-c08f9000 rw-p 00000000 00:00 0 
c08f9000-c0900000 ---p 00000000 00:00 0 
c0900000-c09f9000 rw-p 00000000 00:00 0 
c09f9000-c0a00000 ---p 00000000 00:00 0 
c0a00000-c0afa000 rw-p 00000000 00:00 0 
c0afa000-c0b00000 ---p 00000000 00:00 0 
c0b00000-c0bff000 rw-p 00000000 00:00 0 
c0bff000-c0c00000 ---p 00000000 00:00 0 
c0d00000-c0dfd000 rw-p 00000000 00:00 0 
c0dfd000-c0e00000 ---p 00000000 00:00 0 
c0ecc000-c0ecd000 ---p 00000000 00:00 0 
c0ecd000-c0f4d000 rw-p 00000000 00:00 0 
c107f000-c1080000 ---p 00000000 00:00 0 
c1080000-c1100000 rw-p 00000000 00:00 0 
c1100000-c1200000 rw-p 00000000 00:00 0 
c127f000-c1283000 ---p 00000000 00:00 0 
c1283000-c1300000 rw-p 00000000 00:00 0 
c1300000-c13f9000 rw-p 00000000 00:00 0 
c13f9000-c1400000 ---p 00000000 00:00 0 
c167f000-c1683000 ---p 00000000 00:00 0 
c1683000-c1740000 rw-p 00000000 00:00 0 
c1740000-c1744000 ---p 00000000 00:00 0 
c1744000-c1801000 rw-p 00000000 00:00 0 
c1801000-c1802000 ---p 00000000 00:00 0 
c1802000-c1882000 rw-p 00000000 00:00 0 
c1882000-c1886000 ---p 00000000 00:00 0 
c1886000-c1943000 rw-p 00000000 00:00 0 
c1943000-c1947000 ---p 00000000 00:00 0 
c1947000-c1a04000 rw-p 00000000 00:00 0 
c1a04000-c1a08000 ---p 00000000 00:00 0 
c1a08000-c1ac5000 rw-p 00000000 00:00 0 
c1ac5000-c1ac9000 ---p 00000000 00:00 0 
c1ac9000-c1b86000 rw-p 00000000 00:00 0 
c1b86000-c1e00000 r--p 00078000 08:04 535181                             /usr/lib/locale/locale-archive
c1e00000-c2000000 r--p 00000000 08:04 535181                             /usr/lib/locale/locale-archive
c2000000-c2150000 rw-p 00000000 00:00 0 
c2150000-c2400000 ---p 00000000 00:00 0 
c2400000-c2620000 rw-p 00000000 00:00 0 
c2620000-c3000000 ---p 00000000 00:00 0 
c303c000-c3040000 ---p 00000000 00:00 0 
c3040000-c30bd000 rw-p 00000000 00:00 0 
c30bd000-c30c1000 ---p 00000000 00:00 0 
c30c1000-c317e000 rw-p 00000000 00:00 0 
c317e000-c3182000 ---p 00000000 00:00 0 
c3182000-c323f000 rw-p 00000000 00:00 0 
c323f000-c3243000 ---p 00000000 00:00 0 
c3243000-c3300000 rw-p 00000000 00:00 0 
c3300000-c3321000 rw-p 00000000 00:00 0 
c3321000-c3400000 ---p 00000000 00:00 0 
c3431000-c3435000 ---p 00000000 00:00 0 
c3435000-c34b2000 rw-p 00000000 00:00 0 
c34b2000-c34b3000 ---p 00000000 00:00 0 
c34b3000-c3533000 rw-p 00000000 00:00 0 
c3533000-c3e00000 rw-p 00001000 08:04 143240867                          /usr/lib/jvm/java-17-zulu-openjdk-jdk-x86/lib/server/classes.jsa
c3e00000-c3e21000 rw-p 00000000 00:00 0 
c3e21000-c3f00000 ---p 00000000 00:00 0 
c3f7f000-c3f80000 ---p 00000000 00:00 0 
c3f80000-c4000000 rw-p 00000000 00:00 0 
c4000000-c4021000 rw-p 00000000 00:00 0 
c4021000-c4100000 ---p 00000000 00:00 0 
c4100000-c41d4000 rw-p 00000000 00:00 0 
c41d4000-c4200000 ---p 00000000 00:00 0 
c427f000-c4280000 ---p 00000000 00:00 0 
c4280000-c4300000 rw-p 00000000 00:00 0 
c4300000-c432a000 rw-p 00000000 00:00 0 
c432a000-c4400000 ---p 00000000 00:00 0 
c447f000-c4480000 ---p 00000000 00:00 0 
c4480000-c4500000 rw-p 00000000 00:00 0 
c4500000-c45e8000 rw-p 00000000 00:00 0 
c45e8000-c4600000 ---p 00000000 00:00 0 
c467f000-c4680000 ---p 00000000 00:00 0 
c4680000-c4700000 rw-p 00000000 00:00 0 
c4700000-c47fd000 rw-p 00000000 00:00 0 
c47fd000-c4800000 ---p 00000000 00:00 0 
c487f000-c4880000 ---p 00000000 00:00 0 
c4880000-c4b00000 rw-p 00000000 00:00 0 
c4b00000-c5100000 ---p 00000000 00:00 0 
c5100000-c5300000 rw-p 00000000 00:00 0 
c5300000-c5900000 ---p 00000000 00:00 0 
c5900000-c5940000 rw-p 00000000 00:00 0 
c5940000-c5a00000 ---p 00000000 00:00 0 
c5a00000-c5a40000 rw-p 00000000 00:00 0 
c5a40000-c5b00000 ---p 00000000 00:00 0 
c5b00000-c5b40000 rw-p 00000000 00:00 0 
c5b40000-c5c00000 ---p 00000000 00:00 0 
c5c00000-cdc00000 rw-p 00000000 00:00 0 
cdc00000-e5c00000 ---p 00000000 00:00 0 
e5c65000-e5c6a000 rw-p 00000000 00:00 0 
e5c6a000-e5d50000 ---p 00000000 00:00 0 
e5d50000-e5fe0000 rwxp 00000000 00:00 0 
e5fe0000-ed2ab000 ---p 00000000 00:00 0 
ed2ab000-ed4eb000 rwxp 00000000 00:00 0 
ed4eb000-ed7f5000 ---p 00000000 00:00 0 
ed7f5000-eda35000 rwxp 00000000 00:00 0 
eda35000-f4d50000 ---p 00000000 00:00 0 
f4d50000-f4eb8000 r--s 00000000 08:04 117534333                          /usr/lib/jvm/java-17-zulu-openjdk-jdk-x86/lib/modules
f4eb8000-f5d5a000 r-xp 00000000 08:04 143240869                          /usr/lib/jvm/java-17-zulu-openjdk-jdk-x86/lib/server/libjvm.so
f5d5a000-f5daf000 r--p 00ea1000 08:04 143240869                          /usr/lib/jvm/java-17-zulu-openjdk-jdk-x86/lib/server/libjvm.so
f5daf000-f5dd0000 rw-p 00ef6000 08:04 143240869                          /usr/lib/jvm/java-17-zulu-openjdk-jdk-x86/lib/server/libjvm.so
f5dd0000-f5e00000 rw-p 00000000 00:00 0 
f5e00000-f5f00000 rw-p 00000000 00:00 0 
f5f41000-f5f42000 ---p 00000000 00:00 0 
f5f42000-f5f46000 ---p 00000000 00:00 0 
f5f46000-f6aba000 rw-p 00000000 00:00 0 
f6ac6000-f6adb000 r-xp 00000000 08:04 117534323                          /usr/lib/jvm/java-17-zulu-openjdk-jdk-x86/lib/libnet.so
f6adb000-f6adc000 r--p 00014000 08:04 117534323                          /usr/lib/jvm/java-17-zulu-openjdk-jdk-x86/lib/libnet.so
f6adc000-f6add000 rw-p 00015000 08:04 117534323                          /usr/lib/jvm/java-17-zulu-openjdk-jdk-x86/lib/libnet.so
f6add000-f6ae3000 rw-p 00000000 00:00 0 
f6ae3000-f6bc8000 ---p 00000000 00:00 0 
f6e02000-f6e14000 r-xp 00000000 08:04 117534324                          /usr/lib/jvm/java-17-zulu-openjdk-jdk-x86/lib/libnio.so
f6e14000-f6e15000 r--p 00011000 08:04 117534324                          /usr/lib/jvm/java-17-zulu-openjdk-jdk-x86/lib/libnio.so
f6e15000-f6e16000 rw-p 00012000 08:04 117534324                          /usr/lib/jvm/java-17-zulu-openjdk-jdk-x86/lib/libnio.so
f6e16000-f6e3f000 rw-p 00000000 00:00 0 
f6e3f000-f6e62000 r-xp 00000000 08:04 117534310                          /usr/lib/jvm/java-17-zulu-openjdk-jdk-x86/lib/libjava.so
f6e62000-f6e63000 r--p 00022000 08:04 117534310                          /usr/lib/jvm/java-17-zulu-openjdk-jdk-x86/lib/libjava.so
f6e63000-f6e64000 rw-p 00023000 08:04 117534310                          /usr/lib/jvm/java-17-zulu-openjdk-jdk-x86/lib/libjava.so
f6e64000-f6e70000 r-xp 00000000 08:04 16831767                           /usr/lib/libnss_files-2.28.so
f6e70000-f6e71000 r--p 0000b000 08:04 16831767                           /usr/lib/libnss_files-2.28.so
f6e71000-f6e72000 rw-p 0000c000 08:04 16831767                           /usr/lib/libnss_files-2.28.so
f6e72000-f6e78000 rw-p 00000000 00:00 0 
f6e7e000-f6e83000 rw-p 00000000 00:00 0 
f6e83000-f6e89000 ---p 00000000 00:00 0 
f6e89000-f6ea4000 r-xp 00000000 08:04 117534314                          /usr/lib/jvm/java-17-zulu-openjdk-jdk-x86/lib/libjimage.so
f6ea4000-f6ea5000 ---p 0001b000 08:04 117534314                          /usr/lib/jvm/java-17-zulu-openjdk-jdk-x86/lib/libjimage.so
f6ea5000-f6ea6000 r--p 0001b000 08:04 117534314                          /usr/lib/jvm/java-17-zulu-openjdk-jdk-x86/lib/libjimage.so
f6ea6000-f6ea7000 rw-p 0001c000 08:04 117534314                          /usr/lib/jvm/java-17-zulu-openjdk-jdk-x86/lib/libjimage.so
f6ea7000-f6eab000 rw-p 00000000 00:00 0 
f6eab000-f6f33000 r-xp 00000000 08:04 17191875                           /usr/lib/libpcre2-8.so.0.7.1
f6f33000-f6f34000 r--p 00087000 08:04 17191875                           /usr/lib/libpcre2-8.so.0.7.1
f6f34000-f6f35000 rw-p 00088000 08:04 17191875                           /usr/lib/libpcre2-8.so.0.7.1
f6f35000-f6f55000 r-xp 00000000 08:04 17021543                           /usr/lib/libcrypt.so.1.1.0
f6f55000-f6f56000 ---p 00020000 08:04 17021543                           /usr/lib/libcrypt.so.1.1.0
f6f56000-f6f57000 r--p 00020000 08:04 17021543                           /usr/lib/libcrypt.so.1.1.0
f6f57000-f6f60000 rw-p 00000000 00:00 0 
f6f60000-f6f8b000 r-xp 00000000 08:04 17191887                           /usr/lib/libselinux.so.1
f6f8b000-f6f8c000 ---p 0002b000 08:04 17191887                           /usr/lib/libselinux.so.1
f6f8c000-f6f8d000 r--p 0002b000 08:04 17191887                           /usr/lib/libselinux.so.1
f6f8d000-f6f8e000 rw-p 0002c000 08:04 17191887                           /usr/lib/libselinux.so.1
f6f8e000-f6f8f000 rw-p 00000000 00:00 0 
f6f8f000-f6fae000 r-xp 00000000 08:04 18866589                           /usr/lib/libbrotlicommon.so.1.0.6
f6fae000-f6faf000 r--p 0001e000 08:04 18866589                           /usr/lib/libbrotlicommon.so.1.0.6
f6faf000-f6fb0000 rw-p 0001f000 08:04 18866589                           /usr/lib/libbrotlicommon.so.1.0.6
f6fb0000-f6fce000 r-xp 00000000 08:04 17191915                           /usr/lib/libsasl2.so.3.0.0
f6fce000-f6fcf000 ---p 0001e000 08:04 17191915                           /usr/lib/libsasl2.so.3.0.0
f6fcf000-f6fd0000 r--p 0001e000 08:04 17191915                           /usr/lib/libsasl2.so.3.0.0
f6fd0000-f6fd1000 rw-p 0001f000 08:04 17191915                           /usr/lib/libsasl2.so.3.0.0
f6fd1000-f6fd3000 rw-p 00000000 00:00 0 
f6fd3000-f6fe7000 r-xp 00000000 08:04 16831772                           /usr/lib/libresolv-2.28.so
f6fe7000-f6fe8000 ---p 00014000 08:04 16831772                           /usr/lib/libresolv-2.28.so
f6fe8000-f6fe9000 r--p 00014000 08:04 16831772                           /usr/lib/libresolv-2.28.so
f6fe9000-f6fea000 rw-p 00015000 08:04 16831772                           /usr/lib/libresolv-2.28.so
f6fea000-f6fec000 rw-p 00000000 00:00 0 
f6fec000-f6fef000 r-xp 00000000 08:04 17191893                           /usr/lib/libkeyutils.so.1.6
f6fef000-f6ff0000 ---p 00003000 08:04 17191893                           /usr/lib/libkeyutils.so.1.6
f6ff0000-f6ff1000 r--p 00003000 08:04 17191893                           /usr/lib/libkeyutils.so.1.6
f6ff1000-f6ff2000 rw-p 00000000 00:00 0 
f6ff2000-f7002000 r-xp 00000000 08:04 17021560                           /usr/lib/libkrb5support.so.0.1
f7002000-f7003000 r--p 0000f000 08:04 17021560                           /usr/lib/libkrb5support.so.0.1
f7003000-f7004000 rw-p 00010000 08:04 17021560                           /usr/lib/libkrb5support.so.0.1
f7004000-f700c000 r-xp 00000000 08:04 16831774                           /usr/lib/librt-2.28.so
f700c000-f700d000 r--p 00007000 08:04 16831774                           /usr/lib/librt-2.28.so
f700d000-f700e000 rw-p 00008000 08:04 16831774                           /usr/lib/librt-2.28.so
f700e000-f718d000 r-xp 00000000 08:04 17021545                           /usr/lib/libunistring.so.2.1.0
f718d000-f718e000 ---p 0017f000 08:04 17021545                           /usr/lib/libunistring.so.2.1.0
f718e000-f7190000 r--p 0017f000 08:04 17021545                           /usr/lib/libunistring.so.2.1.0
f7190000-f7191000 rw-p 00181000 08:04 17021545                           /usr/lib/libunistring.so.2.1.0
f7191000-f71bb000 r-xp 00000000 08:04 18654292                           /usr/lib/liblzma.so.5.2.4
f71bb000-f71bc000 r--p 00029000 08:04 18654292                           /usr/lib/liblzma.so.5.2.4
f71bc000-f71bd000 rw-p 00000000 00:00 0 
f71bd000-f71c9000 r-xp 00000000 08:04 17191936                           /usr/lib/libbrotlidec.so.1.0.6
f71c9000-f71ca000 r--p 0000b000 08:04 17191936                           /usr/lib/libbrotlidec.so.1.0.6
f71ca000-f71cb000 rw-p 00000000 00:00 0 
f71cb000-f71da000 r-xp 00000000 08:04 17191918                           /usr/lib/liblber-2.4.so.2.10.9
f71da000-f71db000 r--p 0000e000 08:04 17191918                           /usr/lib/liblber-2.4.so.2.10.9
f71db000-f71dc000 rw-p 0000f000 08:04 17191918                           /usr/lib/liblber-2.4.so.2.10.9
f71dc000-f7231000 r-xp 00000000 08:04 17191920                           /usr/lib/libldap-2.4.so.2.10.9
f7231000-f7232000 ---p 00055000 08:04 17191920                           /usr/lib/libldap-2.4.so.2.10.9
f7232000-f7233000 r--p 00055000 08:04 17191920                           /usr/lib/libldap-2.4.so.2.10.9
f7233000-f7234000 rw-p 00056000 08:04 17191920                           /usr/lib/libldap-2.4.so.2.10.9
f7234000-f7236000 rw-p 00000000 00:00 0 
f7236000-f7239000 r-xp 00000000 08:04 16994899                           /usr/lib/libcom_err.so.2.1
f7239000-f723a000 r--p 00002000 08:04 16994899                           /usr/lib/libcom_err.so.2.1
f723a000-f723b000 rw-p 00003000 08:04 16994899                           /usr/lib/libcom_err.so.2.1
f723b000-f7251000 r-xp 00000000 08:04 17021552                           /usr/lib/libk5crypto.so.3.1
f7251000-f7252000 ---p 00016000 08:04 17021552                           /usr/lib/libk5crypto.so.3.1
f7252000-f7253000 r--p 00016000 08:04 17021552                           /usr/lib/libk5crypto.so.3.1
f7253000-f7254000 rw-p 00017000 08:04 17021552                           /usr/lib/libk5crypto.so.3.1
f7254000-f7337000 r-xp 00000000 08:04 17021558                           /usr/lib/libkrb5.so.3.3
f7337000-f733e000 r--p 000e2000 08:04 17021558                           /usr/lib/libkrb5.so.3.3
f733e000-f733f000 rw-p 000e9000 08:04 17021558                           /usr/lib/libkrb5.so.3.3
f733f000-f739a000 r-xp 00000000 08:04 17021548                           /usr/lib/libgssapi_krb5.so.2.2
f739a000-f739c000 r--p 0005a000 08:04 17021548                           /usr/lib/libgssapi_krb5.so.2.2
f739c000-f739d000 rw-p 0005c000 08:04 17021548                           /usr/lib/libgssapi_krb5.so.2.2
f739d000-f764e000 r-xp 00000000 08:04 18627877                           /usr/lib/libcrypto.so.1.1.1k
f764e000-f7667000 r--p 002b0000 08:04 18627877                           /usr/lib/libcrypto.so.1.1.1k
f7667000-f7669000 rw-p 002c9000 08:04 18627877                           /usr/lib/libcrypto.so.1.1.1k
f7669000-f766d000 rw-p 00000000 00:00 0 
f766d000-f76ff000 r-xp 00000000 08:04 18627879                           /usr/lib/libssl.so.1.1.1k
f76ff000-f7705000 r--p 00091000 08:04 18627879                           /usr/lib/libssl.so.1.1.1k
f7705000-f7709000 rw-p 00097000 08:04 18627879                           /usr/lib/libssl.so.1.1.1k
f7709000-f7719000 r-xp 00000000 08:04 18660120                           /usr/lib/libpsl.so.5.3.1
f7719000-f771a000 r--p 0000f000 08:04 18660120                           /usr/lib/libpsl.so.5.3.1
f771a000-f771b000 rw-p 00000000 00:00 0 
f771b000-f7798000 r-xp 00000000 08:04 16994901                           /usr/lib/libssh.so.4.8.7
f7798000-f7799000 ---p 0007d000 08:04 16994901                           /usr/lib/libssh.so.4.8.7
f7799000-f779a000 r--p 0007d000 08:04 16994901                           /usr/lib/libssh.so.4.8.7
f779a000-f779b000 rw-p 0007e000 08:04 16994901                           /usr/lib/libssh.so.4.8.7
f779b000-f77b8000 r-xp 00000000 08:04 17040588                           /usr/lib/libidn2.so.0.3.6
f77b8000-f77b9000 r--p 0001c000 08:04 17040588                           /usr/lib/libidn2.so.0.3.6
f77b9000-f77ba000 rw-p 00000000 00:00 0 
f77ba000-f77e2000 r-xp 00000000 08:04 17191891                           /usr/lib/libnghttp2.so.14.17.0
f77e2000-f77e3000 r--p 00027000 08:04 17191891                           /usr/lib/libnghttp2.so.14.17.0
f77e3000-f77e5000 rw-p 00028000 08:04 17191891                           /usr/lib/libnghttp2.so.14.17.0
f77e5000-f7987000 r-xp 00000000 08:04 16831756                           /usr/lib/libc-2.28.so
f7987000-f7988000 ---p 001a2000 08:04 16831756                           /usr/lib/libc-2.28.so
f7988000-f798a000 r--p 001a2000 08:04 16831756                           /usr/lib/libc-2.28.so
f798a000-f798b000 rw-p 001a4000 08:04 16831756                           /usr/lib/libc-2.28.so
f798b000-f7990000 rw-p 00000000 00:00 0 
f7990000-f79ab000 r-xp 00000000 08:04 16985139                           /usr/lib/libgcc_s-8-20210514.so.1
f79ab000-f79ac000 r--p 0001a000 08:04 16985139                           /usr/lib/libgcc_s-8-20210514.so.1
f79ac000-f79ad000 rw-p 0001b000 08:04 16985139                           /usr/lib/libgcc_s-8-20210514.so.1
f79ad000-f7a7d000 r-xp 00000000 08:04 16831760                           /usr/lib/libm-2.28.so
f7a7d000-f7a7e000 r--p 000cf000 08:04 16831760                           /usr/lib/libm-2.28.so
f7a7e000-f7a7f000 rw-p 000d0000 08:04 16831760                           /usr/lib/libm-2.28.so
f7a7f000-f7c08000 r-xp 00000000 08:04 16985145                           /usr/lib/libstdc++.so.6.0.25
f7c08000-f7c09000 ---p 00189000 08:04 16985145                           /usr/lib/libstdc++.so.6.0.25
f7c09000-f7c0f000 r--p 00189000 08:04 16985145                           /usr/lib/libstdc++.so.6.0.25
f7c0f000-f7c10000 rw-p 0018f000 08:04 16985145                           /usr/lib/libstdc++.so.6.0.25
f7c10000-f7c12000 rw-p 00000000 00:00 0 
f7c12000-f7c29000 r-xp 00000000 08:04 16963437                           /usr/lib/libz.so.1.2.11
f7c29000-f7c2a000 ---p 00017000 08:04 16963437                           /usr/lib/libz.so.1.2.11
f7c2a000-f7c2b000 r--p 00017000 08:04 16963437                           /usr/lib/libz.so.1.2.11
f7c2b000-f7c2c000 rw-p 00000000 00:00 0 
f7c2c000-f7da9000 r-xp 00000000 08:04 16963397                           /usr/lib/libxml2.so.2.9.7
f7da9000-f7dae000 r--p 0017c000 08:04 16963397                           /usr/lib/libxml2.so.2.9.7
f7dae000-f7daf000 rw-p 00181000 08:04 16963397                           /usr/lib/libxml2.so.2.9.7
f7daf000-f7db0000 rw-p 00000000 00:00 0 
f7db0000-f7dcc000 r-xp 00000000 08:04 16831770                           /usr/lib/libpthread-2.28.so
f7dcc000-f7dcd000 r--p 0001b000 08:04 16831770                           /usr/lib/libpthread-2.28.so
f7dcd000-f7dce000 rw-p 0001c000 08:04 16831770                           /usr/lib/libpthread-2.28.so
f7dce000-f7dd0000 rw-p 00000000 00:00 0 
f7dd0000-f7e44000 r-xp 00000000 08:04 16818911                           /usr/lib/libpcre.so.1.2.10
f7e44000-f7e45000 ---p 00074000 08:04 16818911                           /usr/lib/libpcre.so.1.2.10
f7e45000-f7e46000 r--p 00074000 08:04 16818911                           /usr/lib/libpcre.so.1.2.10
f7e46000-f7e47000 rw-p 00075000 08:04 16818911                           /usr/lib/libpcre.so.1.2.10
f7e47000-f7e4a000 r-xp 00000000 08:04 16831758                           /usr/lib/libdl-2.28.so
f7e4a000-f7e4b000 r--p 00002000 08:04 16831758                           /usr/lib/libdl-2.28.so
f7e4b000-f7e4c000 rw-p 00003000 08:04 16831758                           /usr/lib/libdl-2.28.so
f7e4c000-f7ee9000 r-xp 00000000 08:04 16994905                           /usr/lib/libcurl.so.4.5.0
f7ee9000-f7eeb000 r--p 0009c000 08:04 16994905                           /usr/lib/libcurl.so.4.5.0
f7eeb000-f7eec000 rw-p 0009e000 08:04 16994905                           /usr/lib/libcurl.so.4.5.0
f7eec000-f7ef3000 r--s 00000000 08:04 176632422                          /usr/lib/gconv/gconv-modules.cache
f7ef3000-f7efb000 rw-s 00000000 08:04 151742436                          /tmp/hsperfdata_almalinux/10838 (deleted)
f7efb000-f7efc000 ---p 00000000 00:00 0 
f7efc000-f7efd000 r--p 00000000 00:00 0 
f7efd000-f7eff000 rw-p 00000000 00:00 0 
f7eff000-f7f03000 r--p 00000000 00:00 0                                  [vvar]
f7f03000-f7f05000 r-xp 00000000 00:00 0                                  [vdso]
f7f05000-f7f34000 r-xp 00000000 08:04 16831749                           /usr/lib/ld-2.28.so
f7f34000-f7f35000 ---p 00000000 00:00 0 
f7f35000-f7f36000 r--p 0002f000 08:04 16831749                           /usr/lib/ld-2.28.so
f7f36000-f7f37000 rw-p 00030000 08:04 16831749                           /usr/lib/ld-2.28.so
ff7e8000-ff7e9000 rwxp 00000000 00:00 0 
ff8f1000-ff9ad000 rw-p 00000000 00:00 0                                  [stack]


VM Arguments:
jvm_args: -Xms128m -Xmx512m -Xss768k -XX:MaxMetaspaceSize=96m -Xrs -XX:-UsePerfData -XX:-AllowUserSignalHandlers -XX:UseSSE=3 -XX+DoEscapeAnalysis -XX:AutoBoxCacheMax:2000 -XX:+OptimizeStringConcat -XX:+OptimizeFill -XX:+EliminateAutoBox -XX:+UseCompressedStrings -XX:+UseCompressedOops -XX:+EliminateLocks -XX:UseFastAccessorMethods -XX:+UseStringCache -XgcPrio:throughput -XXkeepAreaRatio:1 -XXlazyUnlocking -XXcallProfiling -XXcompactRatio:1 
java_command: <unknown>
java_class_path (initial): ../../data/sku.0/sys.server/compiled/game/
Launcher Type: generic

[Global flags]
     intx CICompilerCount                          = 3                                         {product} {ergonomic}
     uint ConcGCThreads                            = 1                                         {product} {ergonomic}
     uint G1ConcRefinementThreads                  = 4                                         {product} {ergonomic}
   size_t G1HeapRegionSize                         = 1048576                                   {product} {ergonomic}
    uintx GCDrainStackTargetSize                   = 64                                        {product} {ergonomic}
   size_t InitialHeapSize                          = 134217728                                 {product} {command line}
   size_t MarkStackSize                            = 32768                                     {product} {ergonomic}
   size_t MaxHeapSize                              = 536870912                                 {product} {command line}
   size_t MaxMetaspaceSize                         = 100663296                                 {product} {command line}
   size_t MaxNewSize                               = 321912832                                 {product} {ergonomic}
   size_t MinHeapDeltaBytes                        = 1048576                                   {product} {ergonomic}
   size_t MinHeapSize                              = 134217728                                 {product} {command line}
    uintx NonNMethodCodeHeapSize                   = 5544422                                {pd product} {ergonomic}
    uintx NonProfiledCodeHeapSize                  = 123056909                              {pd product} {ergonomic}
    uintx ProfiledCodeHeapSize                     = 123056909                              {pd product} {ergonomic}
    uintx ReservedCodeCacheSize                    = 251658240                              {pd product} {ergonomic}
     bool SegmentedCodeCache                       = true                                      {product} {ergonomic}
   size_t SoftMaxHeapSize                          = 536870912                              {manageable} {ergonomic}
   double SweeperThreshold                         = 0.500000                                  {product} {ergonomic}
     intx ThreadStackSize                          = 768                                    {pd product} {command line}
     bool UseG1GC                                  = true                                      {product} {ergonomic}

Logging:
Log output configuration:
 #0: stdout all=off uptime,level,tags
 #1: stderr all=off uptime,level,tags

Environment Variables:
JAVA_HOME=/usr/lib/jvm/zulu-17-x86
PATH=/usr/java/jdk1.7.0_80/bin:/usr/java/jdk1.7.0_80/bin:/usr/java/jdk1.6.0_45/bin:/usr/java/jdk1.6.0_45/bin:/usr/java/jdk1.6.0_45/bin:/home/almalinux/.local/bin:/home/almalinux/bin:/sbin:/bin:/usr/bin:/usr/local/bin:/usr/local/sbin:/usr/sbin:/usr/lib/oracle/18.3/client/bin:/usr/lib/oracle/18.3/client/bin:/usr/lib/jvm/java-11-openjdk/bin:./
LD_LIBRARY_PATH=/usr/lib/jvm/java-17-zulu-openjdk-jdk-x86/lib/server:/usr/lib/jvm/java-17-zulu-openjdk-jdk-x86/lib:/usr/lib/jvm/java-17-zulu-openjdk-jdk-x86/../lib:/usr/lib/jvm/zulu-17-x86/lib/server:/usr/lib/jvm/java-11-openjdk/lib:/usr/lib/jvm/java-11-openjdk/lib/server:./
SHELL=/bin/bash
DISPLAY=:10.0
LANG=en_US.UTF-8
TERM=xterm-256color

Active Locale:
LC_ALL=en_US.UTF-8
LC_COLLATE=en_US.UTF-8
LC_CTYPE=en_US.UTF-8
LC_MESSAGES=en_US.UTF-8
LC_MONETARY=en_US.UTF-8
LC_NUMERIC=en_US.UTF-8
LC_TIME=en_US.UTF-8

Signal Handlers:
   SIGSEGV: crash_handler in libjvm.so, mask=11100100010111111101111111111110, flags=SA_RESTART|SA_SIGINFO, unblocked
    SIGBUS: crash_handler in libjvm.so, mask=11100100010111111101111111111110, flags=SA_RESTART|SA_SIGINFO, unblocked
    SIGFPE: crash_handler in libjvm.so, mask=11100100010111111101111111111110, flags=SA_RESTART|SA_SIGINFO, unblocked
   SIGPIPE: SIG_IGN, mask=00000000000010000000000000000000, flags=SA_RESTART, blocked
  *** Handler was modified!
  *** Expected: javaSignalHandler in libjvm.so, mask=11100100110111111111111111111110, flags=SA_RESTART|SA_SIGINFO
   SIGXFSZ: javaSignalHandler in libjvm.so, mask=11100100010111111101111111111110, flags=SA_RESTART|SA_SIGINFO, blocked
    SIGILL: crash_handler in libjvm.so, mask=11100100010111111101111111111110, flags=SA_RESTART|SA_SIGINFO, unblocked
   SIGUSR2: SR_handler in libjvm.so, mask=00100000000000000000000000000000, flags=SA_RESTART|SA_SIGINFO, blocked
    SIGHUP: UserHandler in libjvm.so, mask=11100100010111111101111111111110, flags=SA_RESTART|SA_SIGINFO, blocked
    SIGINT: UserHandler in libjvm.so, mask=11100100010111111101111111111110, flags=SA_RESTART|SA_SIGINFO, blocked
   SIGTERM: UserHandler in libjvm.so, mask=11100100010111111101111111111110, flags=SA_RESTART|SA_SIGINFO, blocked
   SIGQUIT: UserHandler in libjvm.so, mask=11100100010111111101111111111110, flags=SA_RESTART|SA_SIGINFO, blocked
   SIGTRAP: crash_handler in libjvm.so, mask=11100100010111111101111111111110, flags=SA_RESTART|SA_SIGINFO, unblocked


Periodic native trim disabled


---------------  S Y S T E M  ---------------

OS:
AlmaLinux release 8.10 (Cerulean Leopard)
uname: Linux 4.18.0-553.81.1.el8_10.x86_64 #1 SMP Mon Oct 27 11:29:19 EDT 2025 x86_64
OS uptime: 0 days 10:18 hours
libc: glibc 2.28 NPTL 2.28 
rlimit (soft/hard): STACK 8192k/infinity , CORE 0k/infinity , NPROC 61995/61995 , NOFILE 262144/262144 , AS infinity/infinity , CPU infinity/infinity , DATA infinity/infinity , FSIZE infinity/infinity , MEMLOCK 64k/64k
load average: 33.25 37.00 38.53

/proc/meminfo:
MemTotal:       16014448 kB
MemFree:          694044 kB
MemAvailable:    1195976 kB
Buffers:              28 kB
Cached:          2054548 kB
SwapCached:        28568 kB
Active:          1908024 kB
Inactive:       12718112 kB
Active(anon):    1597048 kB
Inactive(anon): 12579868 kB
Active(file):     310976 kB
Inactive(file):   138244 kB
Unevictable:        6160 kB
Mlocked:               0 kB
SwapTotal:       8388604 kB
SwapFree:        7855172 kB
Dirty:               324 kB
Writeback:             0 kB
AnonPages:      12552728 kB
Mapped:           887504 kB
Shmem:           1605356 kB
KReclaimable:     229756 kB
Slab:             372972 kB
SReclaimable:     229756 kB
SUnreclaim:       143216 kB
KernelStack:       25152 kB
PageTables:       149364 kB
NFS_Unstable:          0 kB
Bounce:                0 kB
WritebackTmp:          0 kB
CommitLimit:    16395828 kB
Committed_AS:   26132976 kB
VmallocTotal:   34359738367 kB
VmallocUsed:       71212 kB
VmallocChunk:          0 kB
Percpu:             2720 kB
HardwareCorrupted:     0 kB
AnonHugePages:         0 kB
ShmemHugePages:        0 kB
ShmemPmdMapped:        0 kB
FileHugePages:         0 kB
FilePmdMapped:         0 kB
HugePages_Total:       0
HugePages_Free:        0
HugePages_Rsvd:        0
HugePages_Surp:        0
Hugepagesize:       2048 kB
Hugetlb:               0 kB
DirectMap4k:      612204 kB
DirectMap2M:    15771648 kB

/sys/kernel/mm/transparent_hugepage/enabled: always madvise [never]
/sys/kernel/mm/transparent_hugepage/hpage_pmd_size: 2097152
/sys/kernel/mm/transparent_hugepage/defrag (defrag/compaction efforts parameter): always defer defer+madvise [madvise] never

Process Memory:
Virtual Size: 998672K (peak: 1002276K)
Resident Set Size: 205556K (peak: 205556K) (anon: 186868K, file: 18688K, shmem: 0K)
Swapped out: 0K
C-Heap outstanding allocations: 19980K, retained: 67787K
glibc malloc tunables: (default)

/proc/sys/kernel/threads-max (system-wide limit on the number of threads): 123991
/proc/sys/vm/max_map_count (maximum number of memory map areas a process may have): 1677720
/proc/sys/kernel/pid_max (system-wide limit on number of process identifiers): 4194304

container (cgroup) information:
container_type: cgroupv1
cpu_cpuset_cpus: 0-3
cpu_memory_nodes: 0
active_processor_count: 4
cpu_quota: no quota
cpu_period: 100000
cpu_shares: no shares
memory_limit_in_bytes: unlimited
memory_and_swap_limit_in_bytes: unlimited
memory_soft_limit_in_bytes: unlimited
memory_usage_in_bytes: 14083700 k
memory_max_usage_in_bytes: 14693480 k
kernel_memory_usage_in_bytes: 260972 k
kernel_memory_max_usage_in_bytes: unlimited
kernel_memory_limit_in_bytes: 752460 k
maximum number of tasks: unlimited
current number of tasks: 792

KVM virtualization detected
Steal ticks since vm start: 4206
Steal ticks percentage since vm start:  0.000

CPU: total 4 (initial active 4) (1 cores per cpu, 1 threads per core) family 6 model 60 stepping 1 microcode 0x1, cx8, cmov, fxsr, mmx, sse, sse2, sse3, ssse3, sse4.1, sse4.2, popcnt, lzcnt, tsc, avx, avx2, aes, erms, clmul, bmi1, bmi2, fma, vzeroupper, clflush, hv
CPU Model and flags from /proc/cpuinfo:
model name	: Intel Core Processor (Haswell, no TSX)
flags		: fpu vme de pse tsc msr pae mce cx8 apic sep mtrr pge mca cmov pat pse36 clflush mmx fxsr sse sse2 syscall nx rdtscp lm constant_tsc rep_good nopl xtopology cpuid tsc_known_freq pni pclmulqdq vmx ssse3 fma cx16 pcid sse4_1 sse4_2 x2apic movbe popcnt tsc_deadline_timer aes xsave avx f16c rdrand hypervisor lahf_lm abm cpuid_fault invpcid_single pti tpr_shadow vnmi flexpriority ept vpid ept_ad fsgsbase bmi1 avx2 smep bmi2 erms invpcid xsaveopt arat md_clear

Online cpus: 0-3
Offline cpus: 
BIOS frequency limitation: <Not Available>
Frequency switch latency (ns): <Not Available>
Available cpu frequencies: <Not Available>
Current governor: <Not Available>
Core performance/turbo boost: <Not Available>

Memory: 4k page, physical 16014448k(694044k free), swap 8388604k(7855172k free)
Page Sizes: 4k

vm_info: OpenJDK Server VM (17.0.11+9-LTS) for linux-x86 JRE (17.0.11+9-LTS) (Zulu17.50+19-CA), built on Apr  9 2024 07:14:46 by "zulu_re" with gcc 8.3.0

END.
