#
# A fatal error has been detected by the Java Runtime Environment:
#
#  SIGSEGV (0xb) at pc=0xf78f0618, pid=12840, tid=12840
#
# JRE version: OpenJDK Runtime Environment Zulu17.50+19-CA (17.0.11+9) (build 17.0.11+9-LTS)
# Java VM: OpenJDK Server VM Zulu17.50+19-CA (17.0.11+9-LTS, mixed mode, sharing, tiered, g1 gc, linux-x86)
# Problematic frame:
# C  [libc.so.6+0x84618]  cfree+0x28
#
# Core dump will be written. Default location: Core dumps may be processed with "/usr/lib/systemd/systemd-coredump %P %u %g %s %t %c %h %e" (or dumping to /home/almalinux/swg-returns-nge/exe/linux/core.12840)
#
# If you would like to submit a bug report, please visit:
#   http://www.azul.com/support/
#

---------------  S U M M A R Y ------------

Command Line: -Xms128m -Xmx512m -Xss768k -XX:MaxMetaspaceSize=96m -Xrs -XX:-UsePerfData -XX:-AllowUserSignalHandlers -XX:UseSSE=3 -XX+DoEscapeAnalysis -XX:AutoBoxCacheMax:2000 -XX:+OptimizeStringConcat -XX:+OptimizeFill -XX:+EliminateAutoBox -XX:+UseCompressedStrings -XX:+UseCompressedOops -XX:+EliminateLocks -XX:UseFastAccessorMethods -XX:+UseStringCache -XgcPrio:throughput -XXkeepAreaRatio:1 -XXlazyUnlocking -XXcallProfiling -XXcompactRatio:1 

Host: Intel Core Processor (Haswell, no TSX), 4 cores, 15G, AlmaLinux release 8.10 (Cerulean Leopard)
Time: Sun Jan 25 22:21:07 2026 UTC elapsed time: 576.064563 seconds (0d 0h 9m 36s)

---------------  T H R E A D  ---------------

Current thread is native thread

Stack: [0xffb29000,0xffbe9000],  sp=0xffbe7070,  free space=760k
Native frames: (J=compiled Java code, j=interpreted, Vv=VM code, C=native code)
C  [libc.so.6+0x84618]  cfree+0x28


siginfo: si_signo: 11 (SIGSEGV), si_code: 1 (SEGV_MAPERR), si_addr: 0x00000003

Registers:
EAX=0x00000000, EBX=0x00000007, ECX=0xf6f2e84c, EDX=0x0b5cce58
ESP=0xffbe7070, EBP=0xffbe71a8, ESI=0xf7a11000, EDI=0x00000000
EIP=0xf78f0618, EFLAGS=0x00210202, CR2=0x0000000000000003


Top of Stack: (sp=0xffbe7070)
0xffbe7070:   0b250000 00000000 ffbe71a8 f7b7df1c
0xffbe7080:   0b250090 f7c94a04 0b5cce30 f7b7df1c
0xffbe7090:   00000007 f7b7df0a f7c94a04 f7b7df4c
0xffbe70a0:   0b250090 f7b7df0a 0b5d0bd0 085b6163
0xffbe70b0:   00000007 0b250000 0b24fd10 085bb8d1
0xffbe70c0:   0b250000 0b24fd10 00000000 085bb89b
0xffbe70d0:   0ca64b10 ffbe70f7 ffbe711c 085c6969
0xffbe70e0:   087d6c00 ffbe711c ffbe71a8 084fc53b
0xffbe70f0:   00000014 00010002 00000000 00000000
0xffbe7100:   01010100 00000001 09aa44c0 00000000
0xffbe7110:   00000000 00000000 00000000 00000000
0xffbe7120:   00000000 00000013 ffbe7278 f78a16ff
0xffbe7130:   f7a1141c 47677753 53656d61 65767265
0xffbe7140:   32313a72 00303438 09290100 0b5b21f0
0xffbe7150:   08ea0100 08ebc230 08ea5888 f7a1141c
0xffbe7160:   00000428 00000420 f78a1779 085758fd
0xffbe7170:   08ea2a80 09b1ea78 08ea5888 08574f56
0xffbe7180:   0929a2c4 0929a2c4 ffbe7278 08ea583b
0xffbe7190:   0000000c ffbe7244 ffbe71c0 f7a11000
0xffbe71a0:   00000000 08575910 00000000 f7889f26
0xffbe71b0:   00000000 08575910 00000000 f7889f26
0xffbe71c0:   0000000c ffbe7244 ffbe7278 ffbe71e4
0xffbe71d0:   0929a2d0 00000000 ffbe7278 f7a11000
0xffbe71e0:   f787975c f7a11000 00000000 08575910
0xffbe71f0:   00000000 4fd213a1 220c5bb1 00000000
0xffbe7200:   00000000 00000000 f7f904d0 f7889e30
0xffbe7210:   084fc260 0929a2c4 0000000c 08575946
0xffbe7220:   084fc260 0000000c ffbe7244 08ea57f0
0xffbe7230:   08ea5850 f7f904d0 ffbe723c f7fbd970
0xffbe7240:   0000000c ffbe7639 ffbe764b ffbe764e
0xffbe7250:   ffbe7660 ffbe7663 ffbe766e ffbe7692
0xffbe7260:   ffbe76a2 ffbe76b5 ffbe76d8 ffbe76db 

Instructions: (pc=0xf78f0618)
0xf78f0518:   50 8d 96 86 f7 fa ff 8d 86 d0 2f fb ff e8 c6 b7
0xf78f0528:   ff ff 8d b6 00 00 00 00 bb 20 00 00 00 e9 5e fe
0xf78f0538:   ff ff e8 a1 c0 ff ff 89 c5 85 c0 0f 85 68 ff ff
0xf78f0548:   ff 31 d2 8d 44 3b 10 e8 8c c1 ff ff 89 da 89 f9
0xf78f0558:   89 c5 e8 11 f0 ff ff 89 c2 85 c0 75 1b 85 ed 74
0xf78f0568:   17 90 89 fa 89 e8 e8 bd c5 ff ff 89 da 89 f9 89
0xf78f0578:   c5 e8 f2 ef ff ff 89 c2 85 ed 0f 84 57 ff ff ff
0xf78f0588:   e9 39 ff ff ff 8d 86 b8 31 fb ff 83 ec 0c b9 25
0xf78f0598:   0d 00 00 50 8d 96 86 f7 fa ff 8d 86 74 2f fb ff
0xf78f05a8:   e8 43 b7 ff ff 8d 76 00 f3 0f 1e fb e8 0a 9a f9
0xf78f05b8:   ff 05 47 0a 12 00 56 53 83 ec 04 8b 5c 24 10 8b
0xf78f05c8:   74 24 14 8b 80 50 ff ff ff c7 00 00 00 00 00 e8
0xf78f05d8:   54 bb ff ff 8b 4c 24 0c 83 c4 04 89 f2 89 d8 5b
0xf78f05e8:   5e e9 42 fd ff ff 66 90 f3 0f 1e fb 56 e8 9a 9b
0xf78f05f8:   f9 ff 81 c6 06 0a 12 00 53 83 ec 14 8b 5c 24 20
0xf78f0608:   8b 86 5c ff ff ff 8b 00 85 c0 75 6c 85 db 74 75
0xf78f0618:   8b 4b fc 8d 53 f8 f6 c1 02 75 35 8b 86 70 fe ff
0xf78f0628:   ff 65 8b 00 85 c0 0f 84 8c 00 00 00 83 e1 04 8d
0xf78f0638:   86 60 07 00 00 74 09 89 d0 25 00 00 f0 ff 8b 00
0xf78f0648:   83 c4 14 31 c9 5b 5e e9 8c cb ff ff 8d 74 26 00
0xf78f0658:   8b 9e 60 01 00 00 85 db 75 10 3b 8e 48 01 00 00
0xf78f0668:   76 08 81 f9 00 00 08 00 76 26 83 c4 14 89 d0 5b
0xf78f0678:   5e e9 92 b8 ff ff 66 90 83 ec 08 ff 74 24 24 53
0xf78f0688:   ff d0 83 c4 10 83 c4 14 5b 5e c3 8d 74 26 00 90
0xf78f0698:   39 96 80 1d 00 00 77 08 39 96 7c 1d 00 00 77 ca
0xf78f06a8:   83 e1 f8 8d 04 09 89 8e 48 01 00 00 89 86 40 01
0xf78f06b8:   00 00 90 eb b5 8d 76 00 8b 86 74 fe ff ff 65 80
0xf78f06c8:   38 00 0f 85 64 ff ff ff 89 54 24 0c e8 97 ed ff
0xf78f06d8:   ff 8b 4b fc 8b 54 24 0c e9 4f ff ff ff 8d b4 26
0xf78f06e8:   00 00 00 00 8d 74 26 00 f3 0f 1e fb 55 57 56 e8
0xf78f06f8:   98 9a f9 ff 81 c6 04 09 12 00 53 83 ec 0c 8b 86
0xf78f0708:   70 fe ff ff 8b 96 74 fe ff ff 65 8b 28 65 c6 02 



---------------  P R O C E S S  ---------------

VM state: at safepoint (shutting down)

VM Mutex/Monitor currently owned by a thread:  ([mutex/lock_event])
[0xf5e21d30] Threads_lock - owner thread: 0xc4294cf0

GC Precious Log:
<Skipped>

Heap:
 garbage-first heap   total 131072K, used 10011K [0xc5c00000, 0xe5c00000)
  region size 1024K, 8 young (8192K), 2 survivors (2048K)
 Metaspace       used 2737K, committed 2944K, reserved 16384K

Heap Regions: E=young(eden), S=young(survivor), O=old, HS=humongous(starts), HC=humongous(continues), CS=collection set, F=free, OA=open archive, CA=closed archive, TAMS=top-at-mark-start (previous, next)
|   0|0xc5c00000, 0xc5d00000, 0xc5d00000|100%| O|  |TAMS 0xc5c00000, 0xc5c00000| Untracked 
|   1|0xc5d00000, 0xc5de7c00, 0xc5e00000| 90%| O|  |TAMS 0xc5d00000, 0xc5d00000| Untracked 
|   2|0xc5e00000, 0xc5e00000, 0xc5f00000|  0%| F|  |TAMS 0xc5e00000, 0xc5e00000| Untracked 
|   3|0xc5f00000, 0xc5f00000, 0xc6000000|  0%| F|  |TAMS 0xc5f00000, 0xc5f00000| Untracked 
|   4|0xc6000000, 0xc6000000, 0xc6100000|  0%| F|  |TAMS 0xc6000000, 0xc6000000| Untracked 
|   5|0xc6100000, 0xc6100000, 0xc6200000|  0%| F|  |TAMS 0xc6100000, 0xc6100000| Untracked 
|   6|0xc6200000, 0xc6200000, 0xc6300000|  0%| F|  |TAMS 0xc6200000, 0xc6200000| Untracked 
|   7|0xc6300000, 0xc6300000, 0xc6400000|  0%| F|  |TAMS 0xc6300000, 0xc6300000| Untracked 
|   8|0xc6400000, 0xc6400000, 0xc6500000|  0%| F|  |TAMS 0xc6400000, 0xc6400000| Untracked 
|   9|0xc6500000, 0xc6500000, 0xc6600000|  0%| F|  |TAMS 0xc6500000, 0xc6500000| Untracked 
|  10|0xc6600000, 0xc6600000, 0xc6700000|  0%| F|  |TAMS 0xc6600000, 0xc6600000| Untracked 
|  11|0xc6700000, 0xc6700000, 0xc6800000|  0%| F|  |TAMS 0xc6700000, 0xc6700000| Untracked 
|  12|0xc6800000, 0xc6800000, 0xc6900000|  0%| F|  |TAMS 0xc6800000, 0xc6800000| Untracked 
|  13|0xc6900000, 0xc6900000, 0xc6a00000|  0%| F|  |TAMS 0xc6900000, 0xc6900000| Untracked 
|  14|0xc6a00000, 0xc6a00000, 0xc6b00000|  0%| F|  |TAMS 0xc6a00000, 0xc6a00000| Untracked 
|  15|0xc6b00000, 0xc6b00000, 0xc6c00000|  0%| F|  |TAMS 0xc6b00000, 0xc6b00000| Untracked 
|  16|0xc6c00000, 0xc6c00000, 0xc6d00000|  0%| F|  |TAMS 0xc6c00000, 0xc6c00000| Untracked 
|  17|0xc6d00000, 0xc6d00000, 0xc6e00000|  0%| F|  |TAMS 0xc6d00000, 0xc6d00000| Untracked 
|  18|0xc6e00000, 0xc6e00000, 0xc6f00000|  0%| F|  |TAMS 0xc6e00000, 0xc6e00000| Untracked 
|  19|0xc6f00000, 0xc6f00000, 0xc7000000|  0%| F|  |TAMS 0xc6f00000, 0xc6f00000| Untracked 
|  20|0xc7000000, 0xc7000000, 0xc7100000|  0%| F|  |TAMS 0xc7000000, 0xc7000000| Untracked 
|  21|0xc7100000, 0xc7100000, 0xc7200000|  0%| F|  |TAMS 0xc7100000, 0xc7100000| Untracked 
|  22|0xc7200000, 0xc7200000, 0xc7300000|  0%| F|  |TAMS 0xc7200000, 0xc7200000| Untracked 
|  23|0xc7300000, 0xc7300000, 0xc7400000|  0%| F|  |TAMS 0xc7300000, 0xc7300000| Untracked 
|  24|0xc7400000, 0xc7400000, 0xc7500000|  0%| F|  |TAMS 0xc7400000, 0xc7400000| Untracked 
|  25|0xc7500000, 0xc7500000, 0xc7600000|  0%| F|  |TAMS 0xc7500000, 0xc7500000| Untracked 
|  26|0xc7600000, 0xc7600000, 0xc7700000|  0%| F|  |TAMS 0xc7600000, 0xc7600000| Untracked 
|  27|0xc7700000, 0xc7700000, 0xc7800000|  0%| F|  |TAMS 0xc7700000, 0xc7700000| Untracked 
|  28|0xc7800000, 0xc7800000, 0xc7900000|  0%| F|  |TAMS 0xc7800000, 0xc7800000| Untracked 
|  29|0xc7900000, 0xc7900000, 0xc7a00000|  0%| F|  |TAMS 0xc7900000, 0xc7900000| Untracked 
|  30|0xc7a00000, 0xc7a00000, 0xc7b00000|  0%| F|  |TAMS 0xc7a00000, 0xc7a00000| Untracked 
|  31|0xc7b00000, 0xc7b00000, 0xc7c00000|  0%| F|  |TAMS 0xc7b00000, 0xc7b00000| Untracked 
|  32|0xc7c00000, 0xc7c00000, 0xc7d00000|  0%| F|  |TAMS 0xc7c00000, 0xc7c00000| Untracked 
|  33|0xc7d00000, 0xc7d00000, 0xc7e00000|  0%| F|  |TAMS 0xc7d00000, 0xc7d00000| Untracked 
|  34|0xc7e00000, 0xc7e00000, 0xc7f00000|  0%| F|  |TAMS 0xc7e00000, 0xc7e00000| Untracked 
|  35|0xc7f00000, 0xc7f00000, 0xc8000000|  0%| F|  |TAMS 0xc7f00000, 0xc7f00000| Untracked 
|  36|0xc8000000, 0xc8000000, 0xc8100000|  0%| F|  |TAMS 0xc8000000, 0xc8000000| Untracked 
|  37|0xc8100000, 0xc8100000, 0xc8200000|  0%| F|  |TAMS 0xc8100000, 0xc8100000| Untracked 
|  38|0xc8200000, 0xc8200000, 0xc8300000|  0%| F|  |TAMS 0xc8200000, 0xc8200000| Untracked 
|  39|0xc8300000, 0xc8300000, 0xc8400000|  0%| F|  |TAMS 0xc8300000, 0xc8300000| Untracked 
|  40|0xc8400000, 0xc8400000, 0xc8500000|  0%| F|  |TAMS 0xc8400000, 0xc8400000| Untracked 
|  41|0xc8500000, 0xc8500000, 0xc8600000|  0%| F|  |TAMS 0xc8500000, 0xc8500000| Untracked 
|  42|0xc8600000, 0xc8600000, 0xc8700000|  0%| F|  |TAMS 0xc8600000, 0xc8600000| Untracked 
|  43|0xc8700000, 0xc8700000, 0xc8800000|  0%| F|  |TAMS 0xc8700000, 0xc8700000| Untracked 
|  44|0xc8800000, 0xc8800000, 0xc8900000|  0%| F|  |TAMS 0xc8800000, 0xc8800000| Untracked 
|  45|0xc8900000, 0xc8900000, 0xc8a00000|  0%| F|  |TAMS 0xc8900000, 0xc8900000| Untracked 
|  46|0xc8a00000, 0xc8a00000, 0xc8b00000|  0%| F|  |TAMS 0xc8a00000, 0xc8a00000| Untracked 
|  47|0xc8b00000, 0xc8b00000, 0xc8c00000|  0%| F|  |TAMS 0xc8b00000, 0xc8b00000| Untracked 
|  48|0xc8c00000, 0xc8c00000, 0xc8d00000|  0%| F|  |TAMS 0xc8c00000, 0xc8c00000| Untracked 
|  49|0xc8d00000, 0xc8d00000, 0xc8e00000|  0%| F|  |TAMS 0xc8d00000, 0xc8d00000| Untracked 
|  50|0xc8e00000, 0xc8e00000, 0xc8f00000|  0%| F|  |TAMS 0xc8e00000, 0xc8e00000| Untracked 
|  51|0xc8f00000, 0xc8f00000, 0xc9000000|  0%| F|  |TAMS 0xc8f00000, 0xc8f00000| Untracked 
|  52|0xc9000000, 0xc9000000, 0xc9100000|  0%| F|  |TAMS 0xc9000000, 0xc9000000| Untracked 
|  53|0xc9100000, 0xc9100000, 0xc9200000|  0%| F|  |TAMS 0xc9100000, 0xc9100000| Untracked 
|  54|0xc9200000, 0xc9200000, 0xc9300000|  0%| F|  |TAMS 0xc9200000, 0xc9200000| Untracked 
|  55|0xc9300000, 0xc9300000, 0xc9400000|  0%| F|  |TAMS 0xc9300000, 0xc9300000| Untracked 
|  56|0xc9400000, 0xc9400000, 0xc9500000|  0%| F|  |TAMS 0xc9400000, 0xc9400000| Untracked 
|  57|0xc9500000, 0xc9500000, 0xc9600000|  0%| F|  |TAMS 0xc9500000, 0xc9500000| Untracked 
|  58|0xc9600000, 0xc9600000, 0xc9700000|  0%| F|  |TAMS 0xc9600000, 0xc9600000| Untracked 
|  59|0xc9700000, 0xc9700000, 0xc9800000|  0%| F|  |TAMS 0xc9700000, 0xc9700000| Untracked 
|  60|0xc9800000, 0xc9800000, 0xc9900000|  0%| F|  |TAMS 0xc9800000, 0xc9800000| Untracked 
|  61|0xc9900000, 0xc9900000, 0xc9a00000|  0%| F|  |TAMS 0xc9900000, 0xc9900000| Untracked 
|  62|0xc9a00000, 0xc9a00000, 0xc9b00000|  0%| F|  |TAMS 0xc9a00000, 0xc9a00000| Untracked 
|  63|0xc9b00000, 0xc9b00000, 0xc9c00000|  0%| F|  |TAMS 0xc9b00000, 0xc9b00000| Untracked 
|  64|0xc9c00000, 0xc9c00000, 0xc9d00000|  0%| F|  |TAMS 0xc9c00000, 0xc9c00000| Untracked 
|  65|0xc9d00000, 0xc9d00000, 0xc9e00000|  0%| F|  |TAMS 0xc9d00000, 0xc9d00000| Untracked 
|  66|0xc9e00000, 0xc9e00000, 0xc9f00000|  0%| F|  |TAMS 0xc9e00000, 0xc9e00000| Untracked 
|  67|0xc9f00000, 0xc9f00000, 0xca000000|  0%| F|  |TAMS 0xc9f00000, 0xc9f00000| Untracked 
|  68|0xca000000, 0xca000000, 0xca100000|  0%| F|  |TAMS 0xca000000, 0xca000000| Untracked 
|  69|0xca100000, 0xca100000, 0xca200000|  0%| F|  |TAMS 0xca100000, 0xca100000| Untracked 
|  70|0xca200000, 0xca200000, 0xca300000|  0%| F|  |TAMS 0xca200000, 0xca200000| Untracked 
|  71|0xca300000, 0xca300000, 0xca400000|  0%| F|  |TAMS 0xca300000, 0xca300000| Untracked 
|  72|0xca400000, 0xca400000, 0xca500000|  0%| F|  |TAMS 0xca400000, 0xca400000| Untracked 
|  73|0xca500000, 0xca500000, 0xca600000|  0%| F|  |TAMS 0xca500000, 0xca500000| Untracked 
|  74|0xca600000, 0xca600000, 0xca700000|  0%| F|  |TAMS 0xca600000, 0xca600000| Untracked 
|  75|0xca700000, 0xca700000, 0xca800000|  0%| F|  |TAMS 0xca700000, 0xca700000| Untracked 
|  76|0xca800000, 0xca800000, 0xca900000|  0%| F|  |TAMS 0xca800000, 0xca800000| Untracked 
|  77|0xca900000, 0xca900000, 0xcaa00000|  0%| F|  |TAMS 0xca900000, 0xca900000| Untracked 
|  78|0xcaa00000, 0xcaa00000, 0xcab00000|  0%| F|  |TAMS 0xcaa00000, 0xcaa00000| Untracked 
|  79|0xcab00000, 0xcab00000, 0xcac00000|  0%| F|  |TAMS 0xcab00000, 0xcab00000| Untracked 
|  80|0xcac00000, 0xcac00000, 0xcad00000|  0%| F|  |TAMS 0xcac00000, 0xcac00000| Untracked 
|  81|0xcad00000, 0xcad00000, 0xcae00000|  0%| F|  |TAMS 0xcad00000, 0xcad00000| Untracked 
|  82|0xcae00000, 0xcae00000, 0xcaf00000|  0%| F|  |TAMS 0xcae00000, 0xcae00000| Untracked 
|  83|0xcaf00000, 0xcaf00000, 0xcb000000|  0%| F|  |TAMS 0xcaf00000, 0xcaf00000| Untracked 
|  84|0xcb000000, 0xcb000000, 0xcb100000|  0%| F|  |TAMS 0xcb000000, 0xcb000000| Untracked 
|  85|0xcb100000, 0xcb100000, 0xcb200000|  0%| F|  |TAMS 0xcb100000, 0xcb100000| Untracked 
|  86|0xcb200000, 0xcb200000, 0xcb300000|  0%| F|  |TAMS 0xcb200000, 0xcb200000| Untracked 
|  87|0xcb300000, 0xcb300000, 0xcb400000|  0%| F|  |TAMS 0xcb300000, 0xcb300000| Untracked 
|  88|0xcb400000, 0xcb400000, 0xcb500000|  0%| F|  |TAMS 0xcb400000, 0xcb400000| Untracked 
|  89|0xcb500000, 0xcb500000, 0xcb600000|  0%| F|  |TAMS 0xcb500000, 0xcb500000| Untracked 
|  90|0xcb600000, 0xcb600000, 0xcb700000|  0%| F|  |TAMS 0xcb600000, 0xcb600000| Untracked 
|  91|0xcb700000, 0xcb700000, 0xcb800000|  0%| F|  |TAMS 0xcb700000, 0xcb700000| Untracked 
|  92|0xcb800000, 0xcb800000, 0xcb900000|  0%| F|  |TAMS 0xcb800000, 0xcb800000| Untracked 
|  93|0xcb900000, 0xcb900000, 0xcba00000|  0%| F|  |TAMS 0xcb900000, 0xcb900000| Untracked 
|  94|0xcba00000, 0xcba00000, 0xcbb00000|  0%| F|  |TAMS 0xcba00000, 0xcba00000| Untracked 
|  95|0xcbb00000, 0xcbb00000, 0xcbc00000|  0%| F|  |TAMS 0xcbb00000, 0xcbb00000| Untracked 
|  96|0xcbc00000, 0xcbc00000, 0xcbd00000|  0%| F|  |TAMS 0xcbc00000, 0xcbc00000| Untracked 
|  97|0xcbd00000, 0xcbd00000, 0xcbe00000|  0%| F|  |TAMS 0xcbd00000, 0xcbd00000| Untracked 
|  98|0xcbe00000, 0xcbe00000, 0xcbf00000|  0%| F|  |TAMS 0xcbe00000, 0xcbe00000| Untracked 
|  99|0xcbf00000, 0xcbf00000, 0xcc000000|  0%| F|  |TAMS 0xcbf00000, 0xcbf00000| Untracked 
| 100|0xcc000000, 0xcc000000, 0xcc100000|  0%| F|  |TAMS 0xcc000000, 0xcc000000| Untracked 
| 101|0xcc100000, 0xcc100000, 0xcc200000|  0%| F|  |TAMS 0xcc100000, 0xcc100000| Untracked 
| 102|0xcc200000, 0xcc200000, 0xcc300000|  0%| F|  |TAMS 0xcc200000, 0xcc200000| Untracked 
| 103|0xcc300000, 0xcc300000, 0xcc400000|  0%| F|  |TAMS 0xcc300000, 0xcc300000| Untracked 
| 104|0xcc400000, 0xcc400000, 0xcc500000|  0%| F|  |TAMS 0xcc400000, 0xcc400000| Untracked 
| 105|0xcc500000, 0xcc500000, 0xcc600000|  0%| F|  |TAMS 0xcc500000, 0xcc500000| Untracked 
| 106|0xcc600000, 0xcc600000, 0xcc700000|  0%| F|  |TAMS 0xcc600000, 0xcc600000| Untracked 
| 107|0xcc700000, 0xcc7df1b8, 0xcc800000| 87%| S|CS|TAMS 0xcc700000, 0xcc700000| Complete 
| 108|0xcc800000, 0xcc900000, 0xcc900000|100%| S|CS|TAMS 0xcc800000, 0xcc800000| Complete 
| 109|0xcc900000, 0xcc900000, 0xcca00000|  0%| F|  |TAMS 0xcc900000, 0xcc900000| Untracked 
| 110|0xcca00000, 0xcca00000, 0xccb00000|  0%| F|  |TAMS 0xcca00000, 0xcca00000| Untracked 
| 111|0xccb00000, 0xccb00000, 0xccc00000|  0%| F|  |TAMS 0xccb00000, 0xccb00000| Untracked 
| 112|0xccc00000, 0xccc00000, 0xccd00000|  0%| F|  |TAMS 0xccc00000, 0xccc00000| Untracked 
| 113|0xccd00000, 0xccd00000, 0xcce00000|  0%| F|  |TAMS 0xccd00000, 0xccd00000| Untracked 
| 114|0xcce00000, 0xcce00000, 0xccf00000|  0%| F|  |TAMS 0xcce00000, 0xcce00000| Untracked 
| 115|0xccf00000, 0xccf00000, 0xcd000000|  0%| F|  |TAMS 0xccf00000, 0xccf00000| Untracked 
| 116|0xcd000000, 0xcd000000, 0xcd100000|  0%| F|  |TAMS 0xcd000000, 0xcd000000| Untracked 
| 117|0xcd100000, 0xcd100000, 0xcd200000|  0%| F|  |TAMS 0xcd100000, 0xcd100000| Untracked 
| 118|0xcd200000, 0xcd200000, 0xcd300000|  0%| F|  |TAMS 0xcd200000, 0xcd200000| Untracked 
| 119|0xcd300000, 0xcd300000, 0xcd400000|  0%| F|  |TAMS 0xcd300000, 0xcd300000| Untracked 
| 120|0xcd400000, 0xcd400000, 0xcd500000|  0%| F|  |TAMS 0xcd400000, 0xcd400000| Untracked 
| 121|0xcd500000, 0xcd500000, 0xcd600000|  0%| F|  |TAMS 0xcd500000, 0xcd500000| Untracked 
| 122|0xcd600000, 0xcd700000, 0xcd700000|100%| E|  |TAMS 0xcd600000, 0xcd600000| Complete 
| 123|0xcd700000, 0xcd800000, 0xcd800000|100%| E|CS|TAMS 0xcd700000, 0xcd700000| Complete 
| 124|0xcd800000, 0xcd900000, 0xcd900000|100%| E|CS|TAMS 0xcd800000, 0xcd800000| Complete 
| 125|0xcd900000, 0xcda00000, 0xcda00000|100%| E|CS|TAMS 0xcd900000, 0xcd900000| Complete 
| 126|0xcda00000, 0xcdb00000, 0xcdb00000|100%| E|CS|TAMS 0xcda00000, 0xcda00000| Complete 
| 127|0xcdb00000, 0xcdc00000, 0xcdc00000|100%| E|CS|TAMS 0xcdb00000, 0xcdb00000| Complete 

Card table byte_map: [0xc5a00000,0xc5b00000] _byte_map_base: 0xc53d2000

Marking Bits (Prev, Next): (CMBitMap*) 0xf5e8b528, (CMBitMap*) 0xf5e8b548
 Prev Bits: [0xc5100000, 0xc5900000)
 Next Bits: [0xc4900000, 0xc5100000)

Polling page: 0xf7f82000

Metaspace:

Usage:
    2.67 MB used.

Virtual space:
     16.00 MB reserved,       2.88 MB ( 18%) committed,  1 nodes.

Chunk freelists:
10.16 MB

MaxMetaspaceSize: 96.00 MB
No class space
Initial GC threshold: 16.00 MB
Current GC threshold: 16.00 MB
CDS: on
MetaspaceReclaimPolicy: balanced
 - commit_granule_bytes: 65536.
 - commit_granule_words: 16384.
 - virtual_space_node_default_size: 4194304.
 - enlarge_chunks_in_place: 1.
 - new_chunks_are_fully_committed: 0.
 - uncommit_free_chunks: 1.
 - use_allocation_guard: 0.
 - handle_deallocations: 1.


Internal statistics:

num_allocs_failed_limit: 0.
num_arena_births: 108.
num_arena_deaths: 0.
num_vsnodes_births: 1.
num_vsnodes_deaths: 0.
num_space_committed: 46.
num_space_uncommitted: 0.
num_chunks_returned_to_freelist: 0.
num_chunks_taken_from_freelist: 197.
num_chunk_merges: 0.
num_chunk_splits: 148.
num_chunks_enlarged: 113.
num_inconsistent_stats: 0.

CodeHeap 'non-profiled nmethods': size=120172Kb used=459Kb max_used=459Kb free=119712Kb
 bounds [0xed7f5000, 0xeda35000, 0xf4d50000]
CodeHeap 'profiled nmethods': size=120172Kb used=1280Kb max_used=1280Kb free=118891Kb
 bounds [0xe5d50000, 0xe5f90000, 0xed2ab000]
CodeHeap 'non-nmethods': size=5416Kb used=726Kb max_used=769Kb free=4689Kb
 bounds [0xed2ab000, 0xed4eb000, 0xed7f5000]
 total_blobs=1212 nmethods=878 adapters=248
 compilation: enabled
              stopped_count=0, restarted_count=0
 full_count=0

Compilation events (20 events):
Event: 429.515 Thread 0xc429f450  871       4       java.io.ObjectInputStream::readArray (430 bytes)
Event: 429.718 Thread 0xc429f450 nmethod 871 0xed863a08 code [0xed863c60, 0xed8658ac]
Event: 433.606 Thread 0xc429f450  872   !   4       jdk.internal.reflect.GeneratedSerializationConstructorAccessor2::newInstance (49 bytes)
Event: 433.608 Thread 0xc429f450 nmethod 872 0xed866b88 code [0xed866cc0, 0xed866e1c]
Event: 460.485 Thread 0xc42a0580  875       3       java.io.ObjectInputStream::verifySubclass (47 bytes)
Event: 460.486 Thread 0xc42a0580 nmethod 875 0xe5e8d108 code [0xe5e8d2a0, 0xe5e8d818]
Event: 460.487 Thread 0xc42a0580  873       3       java.lang.System$Logger::log (11 bytes)
Event: 460.487 Thread 0xc42a0580 nmethod 873 0xe5e8da08 code [0xe5e8db40, 0xe5e8dcec]
Event: 460.487 Thread 0xc42a0580  874       3       jdk.internal.logger.SurrogateLogger::defaultPlatformLevel (4 bytes)
Event: 460.487 Thread 0xc42a0580 nmethod 874 0xe5e8dd88 code [0xe5e8dea0, 0xe5e8dfa0]
Event: 460.487 Thread 0xc42a0580  876       3       java.io.ObjectInputStream$BlockDataInputStream::<init> (79 bytes)
Event: 460.494 Thread 0xc429f450  879       4       java.io.ObjectStreamClass::setObjFieldValues (10 bytes)
Event: 460.494 Thread 0xc42a0580 nmethod 876 0xe5e8e088 code [0xe5e8e260, 0xe5e8ee60]
Event: 460.494 Thread 0xc42a0580  877       3       java.io.ObjectInputStream::readStreamHeader (61 bytes)
Event: 460.495 Thread 0xc42a0580 nmethod 877 0xe5e8f108 code [0xe5e8f2e0, 0xe5e8f940]
Event: 460.495 Thread 0xc42a0580  878   !   3       jdk.internal.logger.LazyLoggers$LazyLoggerAccessor::wrapped (41 bytes)
Event: 460.500 Thread 0xc42a0580 nmethod 878 0xe5e8fc08 code [0xe5e8fd60, 0xe5e9008c]
Event: 460.505 Thread 0xc429f450 nmethod 879 0xed866f88 code [0xed8670c0, 0xed867550]
Event: 461.434 Thread 0xc429f450  880       4       java.io.ObjectInputStream$BlockDataInputStream::readUnsignedShort (76 bytes)
Event: 461.436 Thread 0xc429f450 nmethod 880 0xed867988 code [0xed867ac0, 0xed867c7c]

GC Heap History (4 events):
Event: 138.092 GC heap before
{Heap before GC invocations=0 (full 0):
 garbage-first heap   total 131072K, used 12288K [0xc5c00000, 0xe5c00000)
  region size 1024K, 13 young (13312K), 0 survivors (0K)
 Metaspace       used 2361K, committed 2560K, reserved 16384K
}
Event: 138.133 GC heap after
{Heap after GC invocations=1 (full 0):
 garbage-first heap   total 131072K, used 1977K [0xc5c00000, 0xe5c00000)
  region size 1024K, 2 young (2048K), 2 survivors (2048K)
 Metaspace       used 2361K, committed 2560K, reserved 16384K
}
Event: 410.578 GC heap before
{Heap before GC invocations=1 (full 0):
 garbage-first heap   total 131072K, used 19385K [0xc5c00000, 0xe5c00000)
  region size 1024K, 19 young (19456K), 2 survivors (2048K)
 Metaspace       used 2732K, committed 2944K, reserved 16384K
}
Event: 410.727 GC heap after
{Heap after GC invocations=2 (full 0):
 garbage-first heap   total 131072K, used 3867K [0xc5c00000, 0xe5c00000)
  region size 1024K, 2 young (2048K), 2 survivors (2048K)
 Metaspace       used 2732K, committed 2944K, reserved 16384K
}

Dll operation events (4 events):
Event: 0.003 Loaded shared library /usr/lib/jvm/java-17-zulu-openjdk-jdk-x86/lib/libjava.so
Event: 53.767 Loaded shared library /usr/lib/jvm/java-17-zulu-openjdk-jdk-x86/lib/libnio.so
Event: 53.782 Loaded shared library /usr/lib/jvm/java-17-zulu-openjdk-jdk-x86/lib/libjimage.so
Event: 53.808 Loaded shared library /usr/lib/jvm/java-17-zulu-openjdk-jdk-x86/lib/libnet.so

Deoptimization events (20 events):
Event: 425.615 Thread 0x0c8db8b0 Uncommon trap: trap_request=0xffffffd6 fr.pc=0xed8613c0 relative=0x000011e0
Event: 425.615 Thread 0x0c8db8b0 Uncommon trap: reason=array_check action=maybe_recompile pc=0xed8613c0 method=java.io.ObjectInputStream.readArray(Z)Ljava/lang/Object; @ 392 c2
Event: 425.615 Thread 0x0c8db8b0 DEOPT PACKING pc=0xed8613c0 sp=0xffbe5a60
Event: 425.615 Thread 0x0c8db8b0 DEOPT UNPACKING pc=0xed2f4d33 sp=0xffbe5a48 mode 2
Event: 425.615 Thread 0x0c8db8b0 Uncommon trap: trap_request=0xffffffde fr.pc=0xed8616d4 relative=0x000014f4
Event: 425.615 Thread 0x0c8db8b0 Uncommon trap: reason=class_check action=maybe_recompile pc=0xed8616d4 method=java.lang.reflect.Array.newInstance(Ljava/lang/Class;I)Ljava/lang/Object; @ 2 c2
Event: 425.615 Thread 0x0c8db8b0 DEOPT PACKING pc=0xed8616d4 sp=0xffbe5a60
Event: 425.615 Thread 0x0c8db8b0 DEOPT UNPACKING pc=0xed2f4d33 sp=0xffbe5a18 mode 2
Event: 425.615 Thread 0x0c8db8b0 Uncommon trap: trap_request=0xffffffd6 fr.pc=0xed8613c0 relative=0x000011e0
Event: 425.615 Thread 0x0c8db8b0 Uncommon trap: reason=array_check action=maybe_recompile pc=0xed8613c0 method=java.io.ObjectInputStream.readArray(Z)Ljava/lang/Object; @ 392 c2
Event: 425.615 Thread 0x0c8db8b0 DEOPT PACKING pc=0xed8613c0 sp=0xffbe5a60
Event: 425.615 Thread 0x0c8db8b0 DEOPT UNPACKING pc=0xed2f4d33 sp=0xffbe5a48 mode 2
Event: 425.615 Thread 0x0c8db8b0 Uncommon trap: trap_request=0xffffffd6 fr.pc=0xed8613c0 relative=0x000011e0
Event: 425.615 Thread 0x0c8db8b0 Uncommon trap: reason=array_check action=maybe_recompile pc=0xed8613c0 method=java.io.ObjectInputStream.readArray(Z)Ljava/lang/Object; @ 392 c2
Event: 425.615 Thread 0x0c8db8b0 DEOPT PACKING pc=0xed8613c0 sp=0xffbe5a60
Event: 425.615 Thread 0x0c8db8b0 DEOPT UNPACKING pc=0xed2f4d33 sp=0xffbe5a48 mode 2
Event: 425.615 Thread 0x0c8db8b0 Uncommon trap: trap_request=0xffffffd6 fr.pc=0xed8613c0 relative=0x000011e0
Event: 425.615 Thread 0x0c8db8b0 Uncommon trap: reason=array_check action=maybe_recompile pc=0xed8613c0 method=java.io.ObjectInputStream.readArray(Z)Ljava/lang/Object; @ 392 c2
Event: 425.615 Thread 0x0c8db8b0 DEOPT PACKING pc=0xed8613c0 sp=0xffbe5a60
Event: 425.615 Thread 0x0c8db8b0 DEOPT UNPACKING pc=0xed2f4d33 sp=0xffbe5a48 mode 2

Classes unloaded (0 events):
No events

Classes redefined (0 events):
No events

Internal exceptions (2 events):
Event: 53.819 Thread 0x0c8db8b0 Exception <a 'java/lang/NoSuchMethodError'{0xcd40af78}: 'java.lang.Object java.lang.invoke.DirectMethodHandle$Holder.invokeStaticInit(java.lang.Object)'> (0xcd40af78) 
thrown [src/hotspot/share/interpreter/linkResolver.cpp, line 759]
Event: 147.692 Thread 0x0c8db8b0 Exception <a 'java/lang/NoSuchMethodError'{0xcd8f51d8}: 'java.lang.Object java.lang.invoke.DirectMethodHandle$Holder.invokeStatic(java.lang.Object, float)'> (0xcd8f51d8) 
thrown [src/hotspot/share/interpreter/linkResolver.cpp, line 759]

VM Operations (20 events):
Event: 311.528 Executing VM operation: Cleanup
Event: 311.528 Executing VM operation: Cleanup done
Event: 312.528 Executing VM operation: Cleanup
Event: 312.528 Executing VM operation: Cleanup done
Event: 313.528 Executing VM operation: Cleanup
Event: 313.528 Executing VM operation: Cleanup done
Event: 334.565 Executing VM operation: Cleanup
Event: 334.565 Executing VM operation: Cleanup done
Event: 372.633 Executing VM operation: Cleanup
Event: 372.633 Executing VM operation: Cleanup done
Event: 389.665 Executing VM operation: Cleanup
Event: 389.665 Executing VM operation: Cleanup done
Event: 410.578 Executing VM operation: G1CollectForAllocation
Event: 410.727 Executing VM operation: G1CollectForAllocation done
Event: 425.793 Executing VM operation: Cleanup
Event: 425.793 Executing VM operation: Cleanup done
Event: 429.795 Executing VM operation: Cleanup
Event: 429.795 Executing VM operation: Cleanup done
Event: 460.810 Executing VM operation: Cleanup
Event: 460.810 Executing VM operation: Cleanup done

Events (20 events):
Event: 128.357 loading class java/lang/NumberFormatException done
Event: 128.414 loading class java/util/Hashtable$KeySet
Event: 128.414 loading class java/util/Hashtable$KeySet done
Event: 128.415 loading class jdk/internal/reflect/UnsafeQualifiedStaticObjectFieldAccessorImpl
Event: 128.415 loading class jdk/internal/reflect/UnsafeQualifiedStaticObjectFieldAccessorImpl done
Event: 128.415 loading class java/io/UnsupportedEncodingException
Event: 128.415 loading class java/io/UnsupportedEncodingException done
Event: 128.415 loading class java/nio/charset/CharsetDecoder
Event: 128.415 loading class java/nio/charset/CharsetDecoder done
Event: 128.415 loading class java/nio/charset/CharacterCodingException
Event: 128.415 loading class java/nio/charset/CharacterCodingException done
Event: 128.423 loading class java/lang/StrictMath
Event: 128.424 loading class java/lang/StrictMath done
Event: 128.447 Thread 0xc46f7420 Thread added: 0xc46f7420
Event: 128.447 Protecting memory [0xc14ba000,0xc14be000] with protection modes 0
Event: 128.706 Thread 0xc46f7420 Thread exited: 0xc46f7420
Event: 147.713 loading class jdk/internal/math/FDBigInteger
Event: 147.714 loading class jdk/internal/math/FDBigInteger done
Event: 563.262 Thread 0x0c8db8b0 Thread exited: 0x0c8db8b0
Event: 563.340 Thread 0xf5e242d0 Thread exited: 0xf5e242d0


Dynamic libraries:
08048000-09298000 r-xp 00000000 08:04 494947248                          /home/almalinux/swg-returns-nge/build/bin/SwgGameServer
09298000-0929c000 rw-p 0124f000 08:04 494947248                          /home/almalinux/swg-returns-nge/build/bin/SwgGameServer
0929c000-09b1f000 rw-p 00000000 00:00 0 
0b216000-14914000 rw-p 00000000 00:00 0                                  [heap]
c0800000-c08fd000 rw-p 00000000 00:00 0 
c08fd000-c0900000 ---p 00000000 00:00 0 
c0900000-c09e3000 rw-p 00000000 00:00 0 
c09e3000-c0a00000 ---p 00000000 00:00 0 
c0a00000-c0afb000 rw-p 00000000 00:00 0 
c0afb000-c0b00000 ---p 00000000 00:00 0 
c0b00000-c0bf9000 rw-p 00000000 00:00 0 
c0bf9000-c0c00000 ---p 00000000 00:00 0 
c0c00000-c0cf9000 rw-p 00000000 00:00 0 
c0cf9000-c0d00000 ---p 00000000 00:00 0 
c0d00000-c0dfb000 rw-p 00000000 00:00 0 
c0dfb000-c0e00000 ---p 00000000 00:00 0 
c0e00000-c0ee2000 rw-p 00000000 00:00 0 
c0ee2000-c0f00000 ---p 00000000 00:00 0 
c1000000-c1099000 rw-p 00000000 00:00 0 
c1099000-c1100000 ---p 00000000 00:00 0 
c117f000-c1180000 ---p 00000000 00:00 0 
c1180000-c1200000 rw-p 00000000 00:00 0 
c1200000-c12f0000 rw-p 00000000 00:00 0 
c12f0000-c1300000 ---p 00000000 00:00 0 
c1439000-c143a000 ---p 00000000 00:00 0 
c143a000-c14ba000 rw-p 00000000 00:00 0 
c14ba000-c14be000 ---p 00000000 00:00 0 
c14be000-c153b000 rw-p 00000000 00:00 0 
c173d000-c1741000 ---p 00000000 00:00 0 
c1741000-c17fe000 rw-p 00000000 00:00 0 
c17fe000-c1802000 ---p 00000000 00:00 0 
c1802000-c18bf000 rw-p 00000000 00:00 0 
c18bf000-c18c0000 ---p 00000000 00:00 0 
c18c0000-c1940000 rw-p 00000000 00:00 0 
c1940000-c1944000 ---p 00000000 00:00 0 
c1944000-c1a01000 rw-p 00000000 00:00 0 
c1a01000-c1a05000 ---p 00000000 00:00 0 
c1a05000-c1ac2000 rw-p 00000000 00:00 0 
c1ac2000-c1ac6000 ---p 00000000 00:00 0 
c1ac6000-c1b43000 rw-p 00000000 00:00 0 
c1b43000-c1b47000 ---p 00000000 00:00 0 
c1b47000-c1c04000 rw-p 00000000 00:00 0 
c1c04000-c1c08000 ---p 00000000 00:00 0 
c1c08000-c1cc5000 rw-p 00000000 00:00 0 
c1cc5000-c1cc9000 ---p 00000000 00:00 0 
c1cc9000-c1d86000 rw-p 00000000 00:00 0 
c1d86000-c2000000 r--p 00078000 08:04 535181                             /usr/lib/locale/locale-archive
c2000000-c2100000 rw-p 00000000 00:00 0 
c2100000-c2400000 ---p 00000000 00:00 0 
c2400000-c25e0000 rw-p 00000000 00:00 0 
c25e0000-c3000000 ---p 00000000 00:00 0 
c307e000-c327e000 r--p 00000000 08:04 535181                             /usr/lib/locale/locale-archive
c327e000-c3282000 ---p 00000000 00:00 0 
c3282000-c333f000 rw-p 00000000 00:00 0 
c333f000-c3343000 ---p 00000000 00:00 0 
c3343000-c3400000 rw-p 00000000 00:00 0 
c3400000-c3421000 rw-p 00000000 00:00 0 
c3421000-c3500000 ---p 00000000 00:00 0 
c3531000-c3535000 ---p 00000000 00:00 0 
c3535000-c35b2000 rw-p 00000000 00:00 0 
c35b2000-c35b3000 ---p 00000000 00:00 0 
c35b3000-c3633000 rw-p 00000000 00:00 0 
c3633000-c3f00000 rw-p 00001000 08:04 143240867                          /usr/lib/jvm/java-17-zulu-openjdk-jdk-x86/lib/server/classes.jsa
c3f00000-c3f21000 rw-p 00000000 00:00 0 
c3f21000-c4000000 ---p 00000000 00:00 0 
c407f000-c4080000 ---p 00000000 00:00 0 
c4080000-c4100000 rw-p 00000000 00:00 0 
c4100000-c4121000 rw-p 00000000 00:00 0 
c4121000-c4200000 ---p 00000000 00:00 0 
c4200000-c42d2000 rw-p 00000000 00:00 0 
c42d2000-c4300000 ---p 00000000 00:00 0 
c437f000-c4380000 ---p 00000000 00:00 0 
c4380000-c4400000 rw-p 00000000 00:00 0 
c4400000-c44cb000 rw-p 00000000 00:00 0 
c44cb000-c4500000 ---p 00000000 00:00 0 
c457f000-c4580000 ---p 00000000 00:00 0 
c4580000-c4600000 rw-p 00000000 00:00 0 
c4600000-c46ff000 rw-p 00000000 00:00 0 
c46ff000-c4700000 ---p 00000000 00:00 0 
c4700000-c47fd000 rw-p 00000000 00:00 0 
c47fd000-c4800000 ---p 00000000 00:00 0 
c487f000-c4880000 ---p 00000000 00:00 0 
c4880000-c4b00000 rw-p 00000000 00:00 0 
c4b00000-c5100000 ---p 00000000 00:00 0 
c5100000-c5300000 rw-p 00000000 00:00 0 
c5300000-c5900000 ---p 00000000 00:00 0 
c5900000-c5940000 rw-p 00000000 00:00 0 
c5940000-c5a00000 ---p 00000000 00:00 0 
c5a00000-c5a40000 rw-p 00000000 00:00 0 
c5a40000-c5b00000 ---p 00000000 00:00 0 
c5b00000-c5b40000 rw-p 00000000 00:00 0 
c5b40000-c5c00000 ---p 00000000 00:00 0 
c5c00000-cdc00000 rw-p 00000000 00:00 0 
cdc00000-e5c00000 ---p 00000000 00:00 0 
e5c65000-e5c6a000 rw-p 00000000 00:00 0 
e5c6a000-e5d50000 ---p 00000000 00:00 0 
e5d50000-e5f90000 rwxp 00000000 00:00 0 
e5f90000-ed2ab000 ---p 00000000 00:00 0 
ed2ab000-ed4eb000 rwxp 00000000 00:00 0 
ed4eb000-ed7f5000 ---p 00000000 00:00 0 
ed7f5000-eda35000 rwxp 00000000 00:00 0 
eda35000-f4d50000 ---p 00000000 00:00 0 
f4d50000-f4eb8000 r--s 00000000 08:04 117534333                          /usr/lib/jvm/java-17-zulu-openjdk-jdk-x86/lib/modules
f4eb8000-f5d5a000 r-xp 00000000 08:04 143240869                          /usr/lib/jvm/java-17-zulu-openjdk-jdk-x86/lib/server/libjvm.so
f5d5a000-f5daf000 r--p 00ea1000 08:04 143240869                          /usr/lib/jvm/java-17-zulu-openjdk-jdk-x86/lib/server/libjvm.so
f5daf000-f5dd0000 rw-p 00ef6000 08:04 143240869                          /usr/lib/jvm/java-17-zulu-openjdk-jdk-x86/lib/server/libjvm.so
f5dd0000-f5e00000 rw-p 00000000 00:00 0 
f5e00000-f5f00000 rw-p 00000000 00:00 0 
f5f47000-f5f48000 ---p 00000000 00:00 0 
f5f48000-f5fc8000 rw-p 00000000 00:00 0 
f5fc8000-f5fc9000 ---p 00000000 00:00 0 
f5fc9000-f5fcd000 ---p 00000000 00:00 0 
f5fcd000-f6b41000 rw-p 00000000 00:00 0 
f6b4d000-f6b62000 r-xp 00000000 08:04 117534323                          /usr/lib/jvm/java-17-zulu-openjdk-jdk-x86/lib/libnet.so
f6b62000-f6b63000 r--p 00014000 08:04 117534323                          /usr/lib/jvm/java-17-zulu-openjdk-jdk-x86/lib/libnet.so
f6b63000-f6b64000 rw-p 00015000 08:04 117534323                          /usr/lib/jvm/java-17-zulu-openjdk-jdk-x86/lib/libnet.so
f6b64000-f6b69000 rw-p 00000000 00:00 0 
f6b69000-f6c4f000 ---p 00000000 00:00 0 
f6e89000-f6e9b000 r-xp 00000000 08:04 117534324                          /usr/lib/jvm/java-17-zulu-openjdk-jdk-x86/lib/libnio.so
f6e9b000-f6e9c000 r--p 00011000 08:04 117534324                          /usr/lib/jvm/java-17-zulu-openjdk-jdk-x86/lib/libnio.so
f6e9c000-f6e9d000 rw-p 00012000 08:04 117534324                          /usr/lib/jvm/java-17-zulu-openjdk-jdk-x86/lib/libnio.so
f6e9d000-f6ec6000 rw-p 00000000 00:00 0 
f6ec6000-f6ee9000 r-xp 00000000 08:04 117534310                          /usr/lib/jvm/java-17-zulu-openjdk-jdk-x86/lib/libjava.so
f6ee9000-f6eea000 r--p 00022000 08:04 117534310                          /usr/lib/jvm/java-17-zulu-openjdk-jdk-x86/lib/libjava.so
f6eea000-f6eeb000 rw-p 00023000 08:04 117534310                          /usr/lib/jvm/java-17-zulu-openjdk-jdk-x86/lib/libjava.so
f6eeb000-f6ef7000 r-xp 00000000 08:04 16831767                           /usr/lib/libnss_files-2.28.so
f6ef7000-f6ef8000 r--p 0000b000 08:04 16831767                           /usr/lib/libnss_files-2.28.so
f6ef8000-f6ef9000 rw-p 0000c000 08:04 16831767                           /usr/lib/libnss_files-2.28.so
f6ef9000-f6eff000 rw-p 00000000 00:00 0 
f6f05000-f6f0a000 rw-p 00000000 00:00 0 
f6f0a000-f6f10000 ---p 00000000 00:00 0 
f6f10000-f6f2b000 r-xp 00000000 08:04 117534314                          /usr/lib/jvm/java-17-zulu-openjdk-jdk-x86/lib/libjimage.so
f6f2b000-f6f2c000 ---p 0001b000 08:04 117534314                          /usr/lib/jvm/java-17-zulu-openjdk-jdk-x86/lib/libjimage.so
f6f2c000-f6f2d000 r--p 0001b000 08:04 117534314                          /usr/lib/jvm/java-17-zulu-openjdk-jdk-x86/lib/libjimage.so
f6f2d000-f6f2e000 rw-p 0001c000 08:04 117534314                          /usr/lib/jvm/java-17-zulu-openjdk-jdk-x86/lib/libjimage.so
f6f2e000-f6f32000 rw-p 00000000 00:00 0 
f6f32000-f6fba000 r-xp 00000000 08:04 17191875                           /usr/lib/libpcre2-8.so.0.7.1
f6fba000-f6fbb000 r--p 00087000 08:04 17191875                           /usr/lib/libpcre2-8.so.0.7.1
f6fbb000-f6fbc000 rw-p 00088000 08:04 17191875                           /usr/lib/libpcre2-8.so.0.7.1
f6fbc000-f6fdc000 r-xp 00000000 08:04 17021543                           /usr/lib/libcrypt.so.1.1.0
f6fdc000-f6fdd000 ---p 00020000 08:04 17021543                           /usr/lib/libcrypt.so.1.1.0
f6fdd000-f6fde000 r--p 00020000 08:04 17021543                           /usr/lib/libcrypt.so.1.1.0
f6fde000-f6fe7000 rw-p 00000000 00:00 0 
f6fe7000-f7012000 r-xp 00000000 08:04 17191887                           /usr/lib/libselinux.so.1
f7012000-f7013000 ---p 0002b000 08:04 17191887                           /usr/lib/libselinux.so.1
f7013000-f7014000 r--p 0002b000 08:04 17191887                           /usr/lib/libselinux.so.1
f7014000-f7015000 rw-p 0002c000 08:04 17191887                           /usr/lib/libselinux.so.1
f7015000-f7016000 rw-p 00000000 00:00 0 
f7016000-f7035000 r-xp 00000000 08:04 18866589                           /usr/lib/libbrotlicommon.so.1.0.6
f7035000-f7036000 r--p 0001e000 08:04 18866589                           /usr/lib/libbrotlicommon.so.1.0.6
f7036000-f7037000 rw-p 0001f000 08:04 18866589                           /usr/lib/libbrotlicommon.so.1.0.6
f7037000-f7055000 r-xp 00000000 08:04 17191915                           /usr/lib/libsasl2.so.3.0.0
f7055000-f7056000 ---p 0001e000 08:04 17191915                           /usr/lib/libsasl2.so.3.0.0
f7056000-f7057000 r--p 0001e000 08:04 17191915                           /usr/lib/libsasl2.so.3.0.0
f7057000-f7058000 rw-p 0001f000 08:04 17191915                           /usr/lib/libsasl2.so.3.0.0
f7058000-f705a000 rw-p 00000000 00:00 0 
f705a000-f706e000 r-xp 00000000 08:04 16831772                           /usr/lib/libresolv-2.28.so
f706e000-f706f000 ---p 00014000 08:04 16831772                           /usr/lib/libresolv-2.28.so
f706f000-f7070000 r--p 00014000 08:04 16831772                           /usr/lib/libresolv-2.28.so
f7070000-f7071000 rw-p 00015000 08:04 16831772                           /usr/lib/libresolv-2.28.so
f7071000-f7073000 rw-p 00000000 00:00 0 
f7073000-f7076000 r-xp 00000000 08:04 17191893                           /usr/lib/libkeyutils.so.1.6
f7076000-f7077000 ---p 00003000 08:04 17191893                           /usr/lib/libkeyutils.so.1.6
f7077000-f7078000 r--p 00003000 08:04 17191893                           /usr/lib/libkeyutils.so.1.6
f7078000-f7079000 rw-p 00000000 00:00 0 
f7079000-f7089000 r-xp 00000000 08:04 17021560                           /usr/lib/libkrb5support.so.0.1
f7089000-f708a000 r--p 0000f000 08:04 17021560                           /usr/lib/libkrb5support.so.0.1
f708a000-f708b000 rw-p 00010000 08:04 17021560                           /usr/lib/libkrb5support.so.0.1
f708b000-f7093000 r-xp 00000000 08:04 16831774                           /usr/lib/librt-2.28.so
f7093000-f7094000 r--p 00007000 08:04 16831774                           /usr/lib/librt-2.28.so
f7094000-f7095000 rw-p 00008000 08:04 16831774                           /usr/lib/librt-2.28.so
f7095000-f7214000 r-xp 00000000 08:04 17021545                           /usr/lib/libunistring.so.2.1.0
f7214000-f7215000 ---p 0017f000 08:04 17021545                           /usr/lib/libunistring.so.2.1.0
f7215000-f7217000 r--p 0017f000 08:04 17021545                           /usr/lib/libunistring.so.2.1.0
f7217000-f7218000 rw-p 00181000 08:04 17021545                           /usr/lib/libunistring.so.2.1.0
f7218000-f7242000 r-xp 00000000 08:04 18654292                           /usr/lib/liblzma.so.5.2.4
f7242000-f7243000 r--p 00029000 08:04 18654292                           /usr/lib/liblzma.so.5.2.4
f7243000-f7244000 rw-p 00000000 00:00 0 
f7244000-f7250000 r-xp 00000000 08:04 17191936                           /usr/lib/libbrotlidec.so.1.0.6
f7250000-f7251000 r--p 0000b000 08:04 17191936                           /usr/lib/libbrotlidec.so.1.0.6
f7251000-f7252000 rw-p 00000000 00:00 0 
f7252000-f7261000 r-xp 00000000 08:04 17191918                           /usr/lib/liblber-2.4.so.2.10.9
f7261000-f7262000 r--p 0000e000 08:04 17191918                           /usr/lib/liblber-2.4.so.2.10.9
f7262000-f7263000 rw-p 0000f000 08:04 17191918                           /usr/lib/liblber-2.4.so.2.10.9
f7263000-f72b8000 r-xp 00000000 08:04 17191920                           /usr/lib/libldap-2.4.so.2.10.9
f72b8000-f72b9000 ---p 00055000 08:04 17191920                           /usr/lib/libldap-2.4.so.2.10.9
f72b9000-f72ba000 r--p 00055000 08:04 17191920                           /usr/lib/libldap-2.4.so.2.10.9
f72ba000-f72bb000 rw-p 00056000 08:04 17191920                           /usr/lib/libldap-2.4.so.2.10.9
f72bb000-f72bd000 rw-p 00000000 00:00 0 
f72bd000-f72c0000 r-xp 00000000 08:04 16994899                           /usr/lib/libcom_err.so.2.1
f72c0000-f72c1000 r--p 00002000 08:04 16994899                           /usr/lib/libcom_err.so.2.1
f72c1000-f72c2000 rw-p 00003000 08:04 16994899                           /usr/lib/libcom_err.so.2.1
f72c2000-f72d8000 r-xp 00000000 08:04 17021552                           /usr/lib/libk5crypto.so.3.1
f72d8000-f72d9000 ---p 00016000 08:04 17021552                           /usr/lib/libk5crypto.so.3.1
f72d9000-f72da000 r--p 00016000 08:04 17021552                           /usr/lib/libk5crypto.so.3.1
f72da000-f72db000 rw-p 00017000 08:04 17021552                           /usr/lib/libk5crypto.so.3.1
f72db000-f73be000 r-xp 00000000 08:04 17021558                           /usr/lib/libkrb5.so.3.3
f73be000-f73c5000 r--p 000e2000 08:04 17021558                           /usr/lib/libkrb5.so.3.3
f73c5000-f73c6000 rw-p 000e9000 08:04 17021558                           /usr/lib/libkrb5.so.3.3
f73c6000-f7421000 r-xp 00000000 08:04 17021548                           /usr/lib/libgssapi_krb5.so.2.2
f7421000-f7423000 r--p 0005a000 08:04 17021548                           /usr/lib/libgssapi_krb5.so.2.2
f7423000-f7424000 rw-p 0005c000 08:04 17021548                           /usr/lib/libgssapi_krb5.so.2.2
f7424000-f76d5000 r-xp 00000000 08:04 18627877                           /usr/lib/libcrypto.so.1.1.1k
f76d5000-f76ee000 r--p 002b0000 08:04 18627877                           /usr/lib/libcrypto.so.1.1.1k
f76ee000-f76f0000 rw-p 002c9000 08:04 18627877                           /usr/lib/libcrypto.so.1.1.1k
f76f0000-f76f4000 rw-p 00000000 00:00 0 
f76f4000-f7786000 r-xp 00000000 08:04 18627879                           /usr/lib/libssl.so.1.1.1k
f7786000-f778c000 r--p 00091000 08:04 18627879                           /usr/lib/libssl.so.1.1.1k
f778c000-f7790000 rw-p 00097000 08:04 18627879                           /usr/lib/libssl.so.1.1.1k
f7790000-f77a0000 r-xp 00000000 08:04 18660120                           /usr/lib/libpsl.so.5.3.1
f77a0000-f77a1000 r--p 0000f000 08:04 18660120                           /usr/lib/libpsl.so.5.3.1
f77a1000-f77a2000 rw-p 00000000 00:00 0 
f77a2000-f781f000 r-xp 00000000 08:04 16994901                           /usr/lib/libssh.so.4.8.7
f781f000-f7820000 ---p 0007d000 08:04 16994901                           /usr/lib/libssh.so.4.8.7
f7820000-f7821000 r--p 0007d000 08:04 16994901                           /usr/lib/libssh.so.4.8.7
f7821000-f7822000 rw-p 0007e000 08:04 16994901                           /usr/lib/libssh.so.4.8.7
f7822000-f783f000 r-xp 00000000 08:04 17040588                           /usr/lib/libidn2.so.0.3.6
f783f000-f7840000 r--p 0001c000 08:04 17040588                           /usr/lib/libidn2.so.0.3.6
f7840000-f7841000 rw-p 00000000 00:00 0 
f7841000-f7869000 r-xp 00000000 08:04 17191891                           /usr/lib/libnghttp2.so.14.17.0
f7869000-f786a000 r--p 00027000 08:04 17191891                           /usr/lib/libnghttp2.so.14.17.0
f786a000-f786c000 rw-p 00028000 08:04 17191891                           /usr/lib/libnghttp2.so.14.17.0
f786c000-f7a0e000 r-xp 00000000 08:04 16831756                           /usr/lib/libc-2.28.so
f7a0e000-f7a0f000 ---p 001a2000 08:04 16831756                           /usr/lib/libc-2.28.so
f7a0f000-f7a11000 r--p 001a2000 08:04 16831756                           /usr/lib/libc-2.28.so
f7a11000-f7a12000 rw-p 001a4000 08:04 16831756                           /usr/lib/libc-2.28.so
f7a12000-f7a17000 rw-p 00000000 00:00 0 
f7a17000-f7a32000 r-xp 00000000 08:04 16985139                           /usr/lib/libgcc_s-8-20210514.so.1
f7a32000-f7a33000 r--p 0001a000 08:04 16985139                           /usr/lib/libgcc_s-8-20210514.so.1
f7a33000-f7a34000 rw-p 0001b000 08:04 16985139                           /usr/lib/libgcc_s-8-20210514.so.1
f7a34000-f7b04000 r-xp 00000000 08:04 16831760                           /usr/lib/libm-2.28.so
f7b04000-f7b05000 r--p 000cf000 08:04 16831760                           /usr/lib/libm-2.28.so
f7b05000-f7b06000 rw-p 000d0000 08:04 16831760                           /usr/lib/libm-2.28.so
f7b06000-f7c8f000 r-xp 00000000 08:04 16985145                           /usr/lib/libstdc++.so.6.0.25
f7c8f000-f7c90000 ---p 00189000 08:04 16985145                           /usr/lib/libstdc++.so.6.0.25
f7c90000-f7c96000 r--p 00189000 08:04 16985145                           /usr/lib/libstdc++.so.6.0.25
f7c96000-f7c97000 rw-p 0018f000 08:04 16985145                           /usr/lib/libstdc++.so.6.0.25
f7c97000-f7c99000 rw-p 00000000 00:00 0 
f7c99000-f7cb0000 r-xp 00000000 08:04 16963437                           /usr/lib/libz.so.1.2.11
f7cb0000-f7cb1000 ---p 00017000 08:04 16963437                           /usr/lib/libz.so.1.2.11
f7cb1000-f7cb2000 r--p 00017000 08:04 16963437                           /usr/lib/libz.so.1.2.11
f7cb2000-f7cb3000 rw-p 00000000 00:00 0 
f7cb3000-f7e30000 r-xp 00000000 08:04 16963397                           /usr/lib/libxml2.so.2.9.7
f7e30000-f7e35000 r--p 0017c000 08:04 16963397                           /usr/lib/libxml2.so.2.9.7
f7e35000-f7e36000 rw-p 00181000 08:04 16963397                           /usr/lib/libxml2.so.2.9.7
f7e36000-f7e37000 rw-p 00000000 00:00 0 
f7e37000-f7e53000 r-xp 00000000 08:04 16831770                           /usr/lib/libpthread-2.28.so
f7e53000-f7e54000 r--p 0001b000 08:04 16831770                           /usr/lib/libpthread-2.28.so
f7e54000-f7e55000 rw-p 0001c000 08:04 16831770                           /usr/lib/libpthread-2.28.so
f7e55000-f7e57000 rw-p 00000000 00:00 0 
f7e57000-f7ecb000 r-xp 00000000 08:04 16818911                           /usr/lib/libpcre.so.1.2.10
f7ecb000-f7ecc000 ---p 00074000 08:04 16818911                           /usr/lib/libpcre.so.1.2.10
f7ecc000-f7ecd000 r--p 00074000 08:04 16818911                           /usr/lib/libpcre.so.1.2.10
f7ecd000-f7ece000 rw-p 00075000 08:04 16818911                           /usr/lib/libpcre.so.1.2.10
f7ece000-f7ed1000 r-xp 00000000 08:04 16831758                           /usr/lib/libdl-2.28.so
f7ed1000-f7ed2000 r--p 00002000 08:04 16831758                           /usr/lib/libdl-2.28.so
f7ed2000-f7ed3000 rw-p 00003000 08:04 16831758                           /usr/lib/libdl-2.28.so
f7ed3000-f7f70000 r-xp 00000000 08:04 16994905                           /usr/lib/libcurl.so.4.5.0
f7f70000-f7f72000 r--p 0009c000 08:04 16994905                           /usr/lib/libcurl.so.4.5.0
f7f72000-f7f73000 rw-p 0009e000 08:04 16994905                           /usr/lib/libcurl.so.4.5.0
f7f73000-f7f7a000 r--s 00000000 08:04 176632422                          /usr/lib/gconv/gconv-modules.cache
f7f7a000-f7f82000 rw-s 00000000 08:04 151635571                          /tmp/hsperfdata_almalinux/12840 (deleted)
f7f82000-f7f83000 ---p 00000000 00:00 0 
f7f83000-f7f84000 r--p 00000000 00:00 0 
f7f84000-f7f86000 rw-p 00000000 00:00 0 
f7f86000-f7f8a000 r--p 00000000 00:00 0                                  [vvar]
f7f8a000-f7f8c000 r-xp 00000000 00:00 0                                  [vdso]
f7f8c000-f7fbb000 r-xp 00000000 08:04 16831749                           /usr/lib/ld-2.28.so
f7fbb000-f7fbc000 ---p 00000000 00:00 0 
f7fbc000-f7fbd000 r--p 0002f000 08:04 16831749                           /usr/lib/ld-2.28.so
f7fbd000-f7fbe000 rw-p 00030000 08:04 16831749                           /usr/lib/ld-2.28.so
ffa24000-ffa25000 rwxp 00000000 00:00 0 
ffb2d000-ffbe9000 rw-p 00000000 00:00 0                                  [stack]


VM Arguments:
jvm_args: -Xms128m -Xmx512m -Xss768k -XX:MaxMetaspaceSize=96m -Xrs -XX:-UsePerfData -XX:-AllowUserSignalHandlers -XX:UseSSE=3 -XX+DoEscapeAnalysis -XX:AutoBoxCacheMax:2000 -XX:+OptimizeStringConcat -XX:+OptimizeFill -XX:+EliminateAutoBox -XX:+UseCompressedStrings -XX:+UseCompressedOops -XX:+EliminateLocks -XX:UseFastAccessorMethods -XX:+UseStringCache -XgcPrio:throughput -XXkeepAreaRatio:1 -XXlazyUnlocking -XXcallProfiling -XXcompactRatio:1 
java_command: <unknown>
java_class_path (initial): ../../data/sku.0/sys.server/compiled/game/
Launcher Type: generic

[Global flags]
     intx CICompilerCount                          = 3                                         {product} {ergonomic}
     uint ConcGCThreads                            = 1                                         {product} {ergonomic}
     uint G1ConcRefinementThreads                  = 4                                         {product} {ergonomic}
   size_t G1HeapRegionSize                         = 1048576                                   {product} {ergonomic}
    uintx GCDrainStackTargetSize                   = 64                                        {product} {ergonomic}
   size_t InitialHeapSize                          = 134217728                                 {product} {command line}
   size_t MarkStackSize                            = 32768                                     {product} {ergonomic}
   size_t MaxHeapSize                              = 536870912                                 {product} {command line}
   size_t MaxMetaspaceSize                         = 100663296                                 {product} {command line}
   size_t MaxNewSize                               = 321912832                                 {product} {ergonomic}
   size_t MinHeapDeltaBytes                        = 1048576                                   {product} {ergonomic}
   size_t MinHeapSize                              = 134217728                                 {product} {command line}
    uintx NonNMethodCodeHeapSize                   = 5544422                                {pd product} {ergonomic}
    uintx NonProfiledCodeHeapSize                  = 123056909                              {pd product} {ergonomic}
    uintx ProfiledCodeHeapSize                     = 123056909                              {pd product} {ergonomic}
    uintx ReservedCodeCacheSize                    = 251658240                              {pd product} {ergonomic}
     bool SegmentedCodeCache                       = true                                      {product} {ergonomic}
   size_t SoftMaxHeapSize                          = 536870912                              {manageable} {ergonomic}
   double SweeperThreshold                         = 0.500000                                  {product} {ergonomic}
     intx ThreadStackSize                          = 768                                    {pd product} {command line}
     bool UseG1GC                                  = true                                      {product} {ergonomic}

Logging:
Log output configuration:
 #0: stdout all=off uptime,level,tags
 #1: stderr all=off uptime,level,tags

Environment Variables:
JAVA_HOME=/usr/lib/jvm/zulu-17-x86
PATH=/usr/java/jdk1.7.0_80/bin:/usr/java/jdk1.7.0_80/bin:/usr/java/jdk1.6.0_45/bin:/usr/java/jdk1.6.0_45/bin:/usr/java/jdk1.6.0_45/bin:/home/almalinux/.local/bin:/home/almalinux/bin:/sbin:/bin:/usr/bin:/usr/local/bin:/usr/local/sbin:/usr/sbin:/usr/lib/oracle/18.3/client/bin:/usr/lib/oracle/18.3/client/bin:/usr/lib/jvm/java-11-openjdk/bin:./
LD_LIBRARY_PATH=/usr/lib/jvm/java-17-zulu-openjdk-jdk-x86/lib/server:/usr/lib/jvm/java-17-zulu-openjdk-jdk-x86/lib:/usr/lib/jvm/java-17-zulu-openjdk-jdk-x86/../lib:/usr/lib/jvm/zulu-17-x86/lib/server:/usr/lib/jvm/java-11-openjdk/lib:/usr/lib/jvm/java-11-openjdk/lib/server:./
SHELL=/bin/bash
DISPLAY=:10.0
LANG=en_US.UTF-8
TERM=xterm-256color

Active Locale:
LC_ALL=en_US.UTF-8
LC_COLLATE=en_US.UTF-8
LC_CTYPE=en_US.UTF-8
LC_MESSAGES=en_US.UTF-8
LC_MONETARY=en_US.UTF-8
LC_NUMERIC=en_US.UTF-8
LC_TIME=en_US.UTF-8

Signal Handlers:
   SIGSEGV: crash_handler in libjvm.so, mask=11100100010111111101111111111110, flags=SA_RESTART|SA_SIGINFO, unblocked
    SIGBUS: crash_handler in libjvm.so, mask=11100100010111111101111111111110, flags=SA_RESTART|SA_SIGINFO, unblocked
    SIGFPE: crash_handler in libjvm.so, mask=11100100010111111101111111111110, flags=SA_RESTART|SA_SIGINFO, unblocked
   SIGPIPE: SIG_IGN, mask=00000000000010000000000000000000, flags=SA_RESTART, blocked
  *** Handler was modified!
  *** Expected: javaSignalHandler in libjvm.so, mask=11100100110111111111111111111110, flags=SA_RESTART|SA_SIGINFO
   SIGXFSZ: javaSignalHandler in libjvm.so, mask=11100100010111111101111111111110, flags=SA_RESTART|SA_SIGINFO, blocked
    SIGILL: crash_handler in libjvm.so, mask=11100100010111111101111111111110, flags=SA_RESTART|SA_SIGINFO, unblocked
   SIGUSR2: SR_handler in libjvm.so, mask=00100000000000000000000000000000, flags=SA_RESTART|SA_SIGINFO, blocked
    SIGHUP: UserHandler in libjvm.so, mask=11100100010111111101111111111110, flags=SA_RESTART|SA_SIGINFO, blocked
    SIGINT: UserHandler in libjvm.so, mask=11100100010111111101111111111110, flags=SA_RESTART|SA_SIGINFO, blocked
   SIGTERM: UserHandler in libjvm.so, mask=11100100010111111101111111111110, flags=SA_RESTART|SA_SIGINFO, blocked
   SIGQUIT: UserHandler in libjvm.so, mask=11100100010111111101111111111110, flags=SA_RESTART|SA_SIGINFO, blocked
   SIGTRAP: crash_handler in libjvm.so, mask=11100100010111111101111111111110, flags=SA_RESTART|SA_SIGINFO, unblocked


Periodic native trim disabled


---------------  S Y S T E M  ---------------

OS:
AlmaLinux release 8.10 (Cerulean Leopard)
uname: Linux 4.18.0-553.81.1.el8_10.x86_64 #1 SMP Mon Oct 27 11:29:19 EDT 2025 x86_64
OS uptime: 0 days 1:30 hours
libc: glibc 2.28 NPTL 2.28 
rlimit (soft/hard): STACK 8192k/infinity , CORE 0k/infinity , NPROC 61995/61995 , NOFILE 262144/262144 , AS infinity/infinity , CPU infinity/infinity , DATA infinity/infinity , FSIZE infinity/infinity , MEMLOCK 64k/64k
load average: 51.84 38.91 37.35

/proc/meminfo:
MemTotal:       16014448 kB
MemFree:         1368140 kB
MemAvailable:    3131716 kB
Buffers:              72 kB
Cached:          3077200 kB
SwapCached:         2516 kB
Active:          1895828 kB
Inactive:       11498672 kB
Active(anon):    1096364 kB
Inactive(anon): 10905312 kB
Active(file):     799464 kB
Inactive(file):   593360 kB
Unevictable:        3088 kB
Mlocked:               0 kB
SwapTotal:       8388604 kB
SwapFree:        8291480 kB
Dirty:              1156 kB
Writeback:             0 kB
AnonPages:      10318540 kB
Mapped:           991224 kB
Shmem:           1684412 kB
KReclaimable:     560084 kB
Slab:             745724 kB
SReclaimable:     560084 kB
SUnreclaim:       185640 kB
KernelStack:       23560 kB
PageTables:       140456 kB
NFS_Unstable:          0 kB
Bounce:                0 kB
WritebackTmp:          0 kB
CommitLimit:    16395828 kB
Committed_AS:   24422096 kB
VmallocTotal:   34359738367 kB
VmallocUsed:       69620 kB
VmallocChunk:          0 kB
Percpu:             2688 kB
HardwareCorrupted:     0 kB
AnonHugePages:         0 kB
ShmemHugePages:        0 kB
ShmemPmdMapped:        0 kB
FileHugePages:         0 kB
FilePmdMapped:         0 kB
HugePages_Total:       0
HugePages_Free:        0
HugePages_Rsvd:        0
HugePages_Surp:        0
Hugepagesize:       2048 kB
Hugetlb:               0 kB
DirectMap4k:      761708 kB
DirectMap2M:    15622144 kB

/sys/kernel/mm/transparent_hugepage/enabled: always madvise [never]
/sys/kernel/mm/transparent_hugepage/hpage_pmd_size: 2097152
/sys/kernel/mm/transparent_hugepage/defrag (defrag/compaction efforts parameter): always defer defer+madvise [madvise] never

Process Memory:
Virtual Size: 1081292K (peak: 1086604K)
Resident Set Size: 242832K (peak: 246108K) (anon: 209440K, file: 33392K, shmem: 0K)
Swapped out: 0K
C-Heap outstanding allocations: 20389K, retained: 151278K
glibc malloc tunables: (default)

/proc/sys/kernel/threads-max (system-wide limit on the number of threads): 123991
/proc/sys/vm/max_map_count (maximum number of memory map areas a process may have): 1677720
/proc/sys/kernel/pid_max (system-wide limit on number of process identifiers): 4194304

container (cgroup) information:
container_type: cgroupv1
cpu_cpuset_cpus: 0-3
cpu_memory_nodes: 0
active_processor_count: 4
cpu_quota: no quota
cpu_period: 100000
cpu_shares: no shares
memory_limit_in_bytes: unlimited
memory_and_swap_limit_in_bytes: unlimited
memory_soft_limit_in_bytes: unlimited
memory_usage_in_bytes: 12933700 k
memory_max_usage_in_bytes: 14527228 k
kernel_memory_usage_in_bytes: 549284 k
kernel_memory_max_usage_in_bytes: unlimited
kernel_memory_limit_in_bytes: 615976 k
maximum number of tasks: unlimited
current number of tasks: 743

KVM virtualization detected
Steal ticks since vm start: 69
Steal ticks percentage since vm start:  0.000

CPU: total 4 (initial active 4) (1 cores per cpu, 1 threads per core) family 6 model 60 stepping 1 microcode 0x1, cx8, cmov, fxsr, mmx, sse, sse2, sse3, ssse3, sse4.1, sse4.2, popcnt, lzcnt, tsc, avx, avx2, aes, erms, clmul, bmi1, bmi2, fma, vzeroupper, clflush, hv
CPU Model and flags from /proc/cpuinfo:
model name	: Intel Core Processor (Haswell, no TSX)
flags		: fpu vme de pse tsc msr pae mce cx8 apic sep mtrr pge mca cmov pat pse36 clflush mmx fxsr sse sse2 syscall nx rdtscp lm constant_tsc rep_good nopl xtopology cpuid tsc_known_freq pni pclmulqdq vmx ssse3 fma cx16 pcid sse4_1 sse4_2 x2apic movbe popcnt tsc_deadline_timer aes xsave avx f16c rdrand hypervisor lahf_lm abm cpuid_fault invpcid_single pti tpr_shadow vnmi flexpriority ept vpid ept_ad fsgsbase bmi1 avx2 smep bmi2 erms invpcid xsaveopt arat md_clear

Online cpus: 0-3
Offline cpus: 
BIOS frequency limitation: <Not Available>
Frequency switch latency (ns): <Not Available>
Available cpu frequencies: <Not Available>
Current governor: <Not Available>
Core performance/turbo boost: <Not Available>

Memory: 4k page, physical 16014448k(1378708k free), swap 8388604k(8291480k free)
Page Sizes: 4k

vm_info: OpenJDK Server VM (17.0.11+9-LTS) for linux-x86 JRE (17.0.11+9-LTS) (Zulu17.50+19-CA), built on Apr  9 2024 07:14:46 by "zulu_re" with gcc 8.3.0

END.
