#
# A fatal error has been detected by the Java Runtime Environment:
#
#  SIGSEGV (0xb) at pc=0xf7847618, pid=1412310, tid=1412310
#
# JRE version: OpenJDK Runtime Environment Zulu17.50+19-CA (17.0.11+9) (build 17.0.11+9-LTS)
# Java VM: OpenJDK Server VM Zulu17.50+19-CA (17.0.11+9-LTS, mixed mode, sharing, tiered, g1 gc, linux-x86)
# Problematic frame:
# C  [libc.so.6+0x84618]  cfree+0x28
#
# Core dump will be written. Default location: Core dumps may be processed with "/usr/lib/systemd/systemd-coredump %P %u %g %s %t %c %h %e" (or dumping to /home/almalinux/swg-returns-nge/exe/linux/core.1412310)
#
# If you would like to submit a bug report, please visit:
#   http://www.azul.com/support/
#

---------------  S U M M A R Y ------------

Command Line: -Xms128m -Xmx512m -Xss768k -XX:MaxMetaspaceSize=96m -Xrs -XX:-UsePerfData -XX:-AllowUserSignalHandlers -XX:UseSSE=3 -XX+DoEscapeAnalysis -XX:AutoBoxCacheMax:2000 -XX:+OptimizeStringConcat -XX:+OptimizeFill -XX:+EliminateAutoBox -XX:+UseCompressedStrings -XX:+UseCompressedOops -XX:+EliminateLocks -XX:UseFastAccessorMethods -XX:+UseStringCache -XgcPrio:throughput -XXkeepAreaRatio:1 -XXlazyUnlocking -XXcallProfiling -XXcompactRatio:1 

Host: Intel Core Processor (Haswell, no TSX), 4 cores, 15G, AlmaLinux release 8.10 (Cerulean Leopard)
Time: Sun Jan 25 19:34:15 2026 UTC elapsed time: 1101.315923 seconds (0d 0h 18m 21s)

---------------  T H R E A D  ---------------

Current thread is native thread

Stack: [0xffc26000,0xffce6000],  sp=0xffce3b20,  free space=758k
Native frames: (J=compiled Java code, j=interpreted, Vv=VM code, C=native code)
C  [libc.so.6+0x84618]  cfree+0x28


siginfo: si_signo: 11 (SIGSEGV), si_code: 1 (SEGV_MAPERR), si_addr: 0x00000003

Registers:
EAX=0x00000000, EBX=0x00000007, ECX=0xf6e8584c, EDX=0x0a3aed88
ESP=0xffce3b20, EBP=0xffce3c58, ESI=0xf7968000, EDI=0x00000000
EIP=0xf7847618, EFLAGS=0x00210202, CR2=0x0000000000000003


Top of Stack: (sp=0xffce3b20)
0xffce3b20:   0a032010 00000000 ffce3c58 f7ad4f1c
0xffce3b30:   0a0320a0 f7beba04 0a3aed60 f7ad4f1c
0xffce3b40:   00000007 f7ad4f0a f7beba04 f7ad4f4c
0xffce3b50:   0a0320a0 f7ad4f0a 0a3b2b00 085b6163
0xffce3b60:   00000007 0a032010 0a031d20 085bb8d1
0xffce3b70:   0a032010 0a031d20 00000000 085bb89b
0xffce3b80:   0b84bec0 ffce3ba7 ffce3bcc 085c6969
0xffce3b90:   087d6c00 ffce3bcc ffce3c58 084fc53b
0xffce3ba0:   00000014 00010002 00000000 00000000
0xffce3bb0:   01010100 00000001 09aa44c0 00000000
0xffce3bc0:   00000000 00000000 00000000 00000000
0xffce3bd0:   00000000 00000015 ffce3d28 f77f86ff
0xffce3be0:   f796841c 47677753 53656d61 65767265
0xffce3bf0:   34313a72 31333231 09290030 0a394120
0xffce3c00:   08ea0100 08ebc230 08ea5888 f796841c
0xffce3c10:   00000428 00000420 f77f8779 085758fd
0xffce3c20:   08ea2a80 09b1ea78 08ea5888 08574f56
0xffce3c30:   0929a2c4 0929a2c4 ffce3d28 08ea583b
0xffce3c40:   0000000c ffce3cf4 ffce3c70 f7968000
0xffce3c50:   00000000 08575910 00000000 f77e0f26
0xffce3c60:   00000000 08575910 00000000 f77e0f26
0xffce3c70:   0000000c ffce3cf4 ffce3d28 ffce3c94
0xffce3c80:   0929a2d0 00000000 ffce3d28 f7968000
0xffce3c90:   f77d075c f7968000 00000000 08575910
0xffce3ca0:   00000000 a2fbc38e c29eeb9f 00000000
0xffce3cb0:   00000000 00000000 f7ee74d0 f77e0e30
0xffce3cc0:   084fc260 0929a2c4 0000000c 08575946
0xffce3cd0:   084fc260 0000000c ffce3cf4 08ea57f0
0xffce3ce0:   08ea5850 f7ee74d0 ffce3cec f7f14970
0xffce3cf0:   0000000c ffce4632 ffce4644 ffce4647
0xffce3d00:   ffce4659 ffce465c ffce4667 ffce468b
0xffce3d10:   ffce469b ffce46ac ffce46cd ffce46d0 

Instructions: (pc=0xf7847618)
0xf7847518:   50 8d 96 86 f7 fa ff 8d 86 d0 2f fb ff e8 c6 b7
0xf7847528:   ff ff 8d b6 00 00 00 00 bb 20 00 00 00 e9 5e fe
0xf7847538:   ff ff e8 a1 c0 ff ff 89 c5 85 c0 0f 85 68 ff ff
0xf7847548:   ff 31 d2 8d 44 3b 10 e8 8c c1 ff ff 89 da 89 f9
0xf7847558:   89 c5 e8 11 f0 ff ff 89 c2 85 c0 75 1b 85 ed 74
0xf7847568:   17 90 89 fa 89 e8 e8 bd c5 ff ff 89 da 89 f9 89
0xf7847578:   c5 e8 f2 ef ff ff 89 c2 85 ed 0f 84 57 ff ff ff
0xf7847588:   e9 39 ff ff ff 8d 86 b8 31 fb ff 83 ec 0c b9 25
0xf7847598:   0d 00 00 50 8d 96 86 f7 fa ff 8d 86 74 2f fb ff
0xf78475a8:   e8 43 b7 ff ff 8d 76 00 f3 0f 1e fb e8 0a 9a f9
0xf78475b8:   ff 05 47 0a 12 00 56 53 83 ec 04 8b 5c 24 10 8b
0xf78475c8:   74 24 14 8b 80 50 ff ff ff c7 00 00 00 00 00 e8
0xf78475d8:   54 bb ff ff 8b 4c 24 0c 83 c4 04 89 f2 89 d8 5b
0xf78475e8:   5e e9 42 fd ff ff 66 90 f3 0f 1e fb 56 e8 9a 9b
0xf78475f8:   f9 ff 81 c6 06 0a 12 00 53 83 ec 14 8b 5c 24 20
0xf7847608:   8b 86 5c ff ff ff 8b 00 85 c0 75 6c 85 db 74 75
0xf7847618:   8b 4b fc 8d 53 f8 f6 c1 02 75 35 8b 86 70 fe ff
0xf7847628:   ff 65 8b 00 85 c0 0f 84 8c 00 00 00 83 e1 04 8d
0xf7847638:   86 60 07 00 00 74 09 89 d0 25 00 00 f0 ff 8b 00
0xf7847648:   83 c4 14 31 c9 5b 5e e9 8c cb ff ff 8d 74 26 00
0xf7847658:   8b 9e 60 01 00 00 85 db 75 10 3b 8e 48 01 00 00
0xf7847668:   76 08 81 f9 00 00 08 00 76 26 83 c4 14 89 d0 5b
0xf7847678:   5e e9 92 b8 ff ff 66 90 83 ec 08 ff 74 24 24 53
0xf7847688:   ff d0 83 c4 10 83 c4 14 5b 5e c3 8d 74 26 00 90
0xf7847698:   39 96 80 1d 00 00 77 08 39 96 7c 1d 00 00 77 ca
0xf78476a8:   83 e1 f8 8d 04 09 89 8e 48 01 00 00 89 86 40 01
0xf78476b8:   00 00 90 eb b5 8d 76 00 8b 86 74 fe ff ff 65 80
0xf78476c8:   38 00 0f 85 64 ff ff ff 89 54 24 0c e8 97 ed ff
0xf78476d8:   ff 8b 4b fc 8b 54 24 0c e9 4f ff ff ff 8d b4 26
0xf78476e8:   00 00 00 00 8d 74 26 00 f3 0f 1e fb 55 57 56 e8
0xf78476f8:   98 9a f9 ff 81 c6 04 09 12 00 53 83 ec 0c 8b 86
0xf7847708:   70 fe ff ff 8b 96 74 fe ff ff 65 8b 28 65 c6 02 



---------------  P R O C E S S  ---------------

VM state: at safepoint (shutting down)

VM Mutex/Monitor currently owned by a thread:  ([mutex/lock_event])
[0xf5e21d30] Threads_lock - owner thread: 0xc4194cf0

GC Precious Log:
<Skipped>

Heap:
 garbage-first heap   total 131072K, used 29318K [0xc5c00000, 0xe5c00000)
  region size 1024K, 24 young (24576K), 10 survivors (10240K)
 Metaspace       used 7043K, committed 8000K, reserved 16384K

Heap Regions: E=young(eden), S=young(survivor), O=old, HS=humongous(starts), HC=humongous(continues), CS=collection set, F=free, OA=open archive, CA=closed archive, TAMS=top-at-mark-start (previous, next)
|   0|0xc5c00000, 0xc5d00000, 0xc5d00000|100%| O|  |TAMS 0xc5c00000, 0xc5c00000| Untracked 
|   1|0xc5d00000, 0xc5e00000, 0xc5e00000|100%| O|  |TAMS 0xc5d00000, 0xc5d00000| Untracked 
|   2|0xc5e00000, 0xc5f00000, 0xc5f00000|100%| O|  |TAMS 0xc5e00000, 0xc5e00000| Untracked 
|   3|0xc5f00000, 0xc6000000, 0xc6000000|100%| O|  |TAMS 0xc5f00000, 0xc5f00000| Untracked 
|   4|0xc6000000, 0xc6100000, 0xc6100000|100%| O|  |TAMS 0xc6000000, 0xc6000000| Untracked 
|   5|0xc6100000, 0xc6121000, 0xc6200000| 12%| O|  |TAMS 0xc6100000, 0xc6100000| Untracked 
|   6|0xc6200000, 0xc6200000, 0xc6300000|  0%| F|  |TAMS 0xc6200000, 0xc6200000| Untracked 
|   7|0xc6300000, 0xc6300000, 0xc6400000|  0%| F|  |TAMS 0xc6300000, 0xc6300000| Untracked 
|   8|0xc6400000, 0xc6400000, 0xc6500000|  0%| F|  |TAMS 0xc6400000, 0xc6400000| Untracked 
|   9|0xc6500000, 0xc6500000, 0xc6600000|  0%| F|  |TAMS 0xc6500000, 0xc6500000| Untracked 
|  10|0xc6600000, 0xc6600000, 0xc6700000|  0%| F|  |TAMS 0xc6600000, 0xc6600000| Untracked 
|  11|0xc6700000, 0xc6700000, 0xc6800000|  0%| F|  |TAMS 0xc6700000, 0xc6700000| Untracked 
|  12|0xc6800000, 0xc6800000, 0xc6900000|  0%| F|  |TAMS 0xc6800000, 0xc6800000| Untracked 
|  13|0xc6900000, 0xc6900000, 0xc6a00000|  0%| F|  |TAMS 0xc6900000, 0xc6900000| Untracked 
|  14|0xc6a00000, 0xc6a00000, 0xc6b00000|  0%| F|  |TAMS 0xc6a00000, 0xc6a00000| Untracked 
|  15|0xc6b00000, 0xc6b00000, 0xc6c00000|  0%| F|  |TAMS 0xc6b00000, 0xc6b00000| Untracked 
|  16|0xc6c00000, 0xc6c00000, 0xc6d00000|  0%| F|  |TAMS 0xc6c00000, 0xc6c00000| Untracked 
|  17|0xc6d00000, 0xc6d00000, 0xc6e00000|  0%| F|  |TAMS 0xc6d00000, 0xc6d00000| Untracked 
|  18|0xc6e00000, 0xc6e00000, 0xc6f00000|  0%| F|  |TAMS 0xc6e00000, 0xc6e00000| Untracked 
|  19|0xc6f00000, 0xc6f00000, 0xc7000000|  0%| F|  |TAMS 0xc6f00000, 0xc6f00000| Untracked 
|  20|0xc7000000, 0xc7000000, 0xc7100000|  0%| F|  |TAMS 0xc7000000, 0xc7000000| Untracked 
|  21|0xc7100000, 0xc7100000, 0xc7200000|  0%| F|  |TAMS 0xc7100000, 0xc7100000| Untracked 
|  22|0xc7200000, 0xc7200000, 0xc7300000|  0%| F|  |TAMS 0xc7200000, 0xc7200000| Untracked 
|  23|0xc7300000, 0xc7300000, 0xc7400000|  0%| F|  |TAMS 0xc7300000, 0xc7300000| Untracked 
|  24|0xc7400000, 0xc7400000, 0xc7500000|  0%| F|  |TAMS 0xc7400000, 0xc7400000| Untracked 
|  25|0xc7500000, 0xc7500000, 0xc7600000|  0%| F|  |TAMS 0xc7500000, 0xc7500000| Untracked 
|  26|0xc7600000, 0xc7600000, 0xc7700000|  0%| F|  |TAMS 0xc7600000, 0xc7600000| Untracked 
|  27|0xc7700000, 0xc7700000, 0xc7800000|  0%| F|  |TAMS 0xc7700000, 0xc7700000| Untracked 
|  28|0xc7800000, 0xc7800000, 0xc7900000|  0%| F|  |TAMS 0xc7800000, 0xc7800000| Untracked 
|  29|0xc7900000, 0xc7900000, 0xc7a00000|  0%| F|  |TAMS 0xc7900000, 0xc7900000| Untracked 
|  30|0xc7a00000, 0xc7a00000, 0xc7b00000|  0%| F|  |TAMS 0xc7a00000, 0xc7a00000| Untracked 
|  31|0xc7b00000, 0xc7b00000, 0xc7c00000|  0%| F|  |TAMS 0xc7b00000, 0xc7b00000| Untracked 
|  32|0xc7c00000, 0xc7c00000, 0xc7d00000|  0%| F|  |TAMS 0xc7c00000, 0xc7c00000| Untracked 
|  33|0xc7d00000, 0xc7d00000, 0xc7e00000|  0%| F|  |TAMS 0xc7d00000, 0xc7d00000| Untracked 
|  34|0xc7e00000, 0xc7e00000, 0xc7f00000|  0%| F|  |TAMS 0xc7e00000, 0xc7e00000| Untracked 
|  35|0xc7f00000, 0xc7f00000, 0xc8000000|  0%| F|  |TAMS 0xc7f00000, 0xc7f00000| Untracked 
|  36|0xc8000000, 0xc8000000, 0xc8100000|  0%| F|  |TAMS 0xc8000000, 0xc8000000| Untracked 
|  37|0xc8100000, 0xc8100000, 0xc8200000|  0%| F|  |TAMS 0xc8100000, 0xc8100000| Untracked 
|  38|0xc8200000, 0xc8200000, 0xc8300000|  0%| F|  |TAMS 0xc8200000, 0xc8200000| Untracked 
|  39|0xc8300000, 0xc8300000, 0xc8400000|  0%| F|  |TAMS 0xc8300000, 0xc8300000| Untracked 
|  40|0xc8400000, 0xc8400000, 0xc8500000|  0%| F|  |TAMS 0xc8400000, 0xc8400000| Untracked 
|  41|0xc8500000, 0xc8500000, 0xc8600000|  0%| F|  |TAMS 0xc8500000, 0xc8500000| Untracked 
|  42|0xc8600000, 0xc8700000, 0xc8700000|100%| S|CS|TAMS 0xc8600000, 0xc8600000| Complete 
|  43|0xc8700000, 0xc8700000, 0xc8800000|  0%| F|  |TAMS 0xc8700000, 0xc8700000| Untracked 
|  44|0xc8800000, 0xc8800000, 0xc8900000|  0%| F|  |TAMS 0xc8800000, 0xc8800000| Untracked 
|  45|0xc8900000, 0xc8900000, 0xc8a00000|  0%| F|  |TAMS 0xc8900000, 0xc8900000| Untracked 
|  46|0xc8a00000, 0xc8a00000, 0xc8b00000|  0%| F|  |TAMS 0xc8a00000, 0xc8a00000| Untracked 
|  47|0xc8b00000, 0xc8c00000, 0xc8c00000|100%| S|CS|TAMS 0xc8b00000, 0xc8b00000| Complete 
|  48|0xc8c00000, 0xc8c00000, 0xc8d00000|  0%| F|  |TAMS 0xc8c00000, 0xc8c00000| Untracked 
|  49|0xc8d00000, 0xc8d00000, 0xc8e00000|  0%| F|  |TAMS 0xc8d00000, 0xc8d00000| Untracked 
|  50|0xc8e00000, 0xc8e00000, 0xc8f00000|  0%| F|  |TAMS 0xc8e00000, 0xc8e00000| Untracked 
|  51|0xc8f00000, 0xc8f00000, 0xc9000000|  0%| F|  |TAMS 0xc8f00000, 0xc8f00000| Untracked 
|  52|0xc9000000, 0xc9100000, 0xc9100000|100%| S|CS|TAMS 0xc9000000, 0xc9000000| Complete 
|  53|0xc9100000, 0xc9200000, 0xc9200000|100%| S|CS|TAMS 0xc9100000, 0xc9100000| Complete 
|  54|0xc9200000, 0xc9300000, 0xc9300000|100%| S|CS|TAMS 0xc9200000, 0xc9200000| Complete 
|  55|0xc9300000, 0xc9400000, 0xc9400000|100%| S|CS|TAMS 0xc9300000, 0xc9300000| Complete 
|  56|0xc9400000, 0xc9400000, 0xc9500000|  0%| F|  |TAMS 0xc9400000, 0xc9400000| Untracked 
|  57|0xc9500000, 0xc9600000, 0xc9600000|100%| S|CS|TAMS 0xc9500000, 0xc9500000| Complete 
|  58|0xc9600000, 0xc9700000, 0xc9700000|100%| S|CS|TAMS 0xc9600000, 0xc9600000| Complete 
|  59|0xc9700000, 0xc9800000, 0xc9800000|100%| S|CS|TAMS 0xc9700000, 0xc9700000| Complete 
|  60|0xc9800000, 0xc9900000, 0xc9900000|100%| S|CS|TAMS 0xc9800000, 0xc9800000| Complete 
|  61|0xc9900000, 0xc9900000, 0xc9a00000|  0%| F|  |TAMS 0xc9900000, 0xc9900000| Untracked 
|  62|0xc9a00000, 0xc9a00000, 0xc9b00000|  0%| F|  |TAMS 0xc9a00000, 0xc9a00000| Untracked 
|  63|0xc9b00000, 0xc9b00000, 0xc9c00000|  0%| F|  |TAMS 0xc9b00000, 0xc9b00000| Untracked 
|  64|0xc9c00000, 0xc9c00000, 0xc9d00000|  0%| F|  |TAMS 0xc9c00000, 0xc9c00000| Untracked 
|  65|0xc9d00000, 0xc9d00000, 0xc9e00000|  0%| F|  |TAMS 0xc9d00000, 0xc9d00000| Untracked 
|  66|0xc9e00000, 0xc9e00000, 0xc9f00000|  0%| F|  |TAMS 0xc9e00000, 0xc9e00000| Untracked 
|  67|0xc9f00000, 0xc9f00000, 0xca000000|  0%| F|  |TAMS 0xc9f00000, 0xc9f00000| Untracked 
|  68|0xca000000, 0xca000000, 0xca100000|  0%| F|  |TAMS 0xca000000, 0xca000000| Untracked 
|  69|0xca100000, 0xca100000, 0xca200000|  0%| F|  |TAMS 0xca100000, 0xca100000| Untracked 
|  70|0xca200000, 0xca200000, 0xca300000|  0%| F|  |TAMS 0xca200000, 0xca200000| Untracked 
|  71|0xca300000, 0xca300000, 0xca400000|  0%| F|  |TAMS 0xca300000, 0xca300000| Untracked 
|  72|0xca400000, 0xca400000, 0xca500000|  0%| F|  |TAMS 0xca400000, 0xca400000| Untracked 
|  73|0xca500000, 0xca500000, 0xca600000|  0%| F|  |TAMS 0xca500000, 0xca500000| Untracked 
|  74|0xca600000, 0xca600000, 0xca700000|  0%| F|  |TAMS 0xca600000, 0xca600000| Untracked 
|  75|0xca700000, 0xca700000, 0xca800000|  0%| F|  |TAMS 0xca700000, 0xca700000| Untracked 
|  76|0xca800000, 0xca800000, 0xca900000|  0%| F|  |TAMS 0xca800000, 0xca800000| Untracked 
|  77|0xca900000, 0xca900000, 0xcaa00000|  0%| F|  |TAMS 0xca900000, 0xca900000| Untracked 
|  78|0xcaa00000, 0xcaa00000, 0xcab00000|  0%| F|  |TAMS 0xcaa00000, 0xcaa00000| Untracked 
|  79|0xcab00000, 0xcab00000, 0xcac00000|  0%| F|  |TAMS 0xcab00000, 0xcab00000| Untracked 
|  80|0xcac00000, 0xcac00000, 0xcad00000|  0%| F|  |TAMS 0xcac00000, 0xcac00000| Untracked 
|  81|0xcad00000, 0xcad00000, 0xcae00000|  0%| F|  |TAMS 0xcad00000, 0xcad00000| Untracked 
|  82|0xcae00000, 0xcae00000, 0xcaf00000|  0%| F|  |TAMS 0xcae00000, 0xcae00000| Untracked 
|  83|0xcaf00000, 0xcaf00000, 0xcb000000|  0%| F|  |TAMS 0xcaf00000, 0xcaf00000| Untracked 
|  84|0xcb000000, 0xcb000000, 0xcb100000|  0%| F|  |TAMS 0xcb000000, 0xcb000000| Untracked 
|  85|0xcb100000, 0xcb100000, 0xcb200000|  0%| F|  |TAMS 0xcb100000, 0xcb100000| Untracked 
|  86|0xcb200000, 0xcb200000, 0xcb300000|  0%| F|  |TAMS 0xcb200000, 0xcb200000| Untracked 
|  87|0xcb300000, 0xcb300000, 0xcb400000|  0%| F|  |TAMS 0xcb300000, 0xcb300000| Untracked 
|  88|0xcb400000, 0xcb400000, 0xcb500000|  0%| F|  |TAMS 0xcb400000, 0xcb400000| Untracked 
|  89|0xcb500000, 0xcb500000, 0xcb600000|  0%| F|  |TAMS 0xcb500000, 0xcb500000| Untracked 
|  90|0xcb600000, 0xcb600000, 0xcb700000|  0%| F|  |TAMS 0xcb600000, 0xcb600000| Untracked 
|  91|0xcb700000, 0xcb700000, 0xcb800000|  0%| F|  |TAMS 0xcb700000, 0xcb700000| Untracked 
|  92|0xcb800000, 0xcb800000, 0xcb900000|  0%| F|  |TAMS 0xcb800000, 0xcb800000| Untracked 
|  93|0xcb900000, 0xcb900000, 0xcba00000|  0%| F|  |TAMS 0xcb900000, 0xcb900000| Untracked 
|  94|0xcba00000, 0xcba00000, 0xcbb00000|  0%| F|  |TAMS 0xcba00000, 0xcba00000| Untracked 
|  95|0xcbb00000, 0xcbb00000, 0xcbc00000|  0%| F|  |TAMS 0xcbb00000, 0xcbb00000| Untracked 
|  96|0xcbc00000, 0xcbc00000, 0xcbd00000|  0%| F|  |TAMS 0xcbc00000, 0xcbc00000| Untracked 
|  97|0xcbd00000, 0xcbd00000, 0xcbe00000|  0%| F|  |TAMS 0xcbd00000, 0xcbd00000| Untracked 
|  98|0xcbe00000, 0xcbe00000, 0xcbf00000|  0%| F|  |TAMS 0xcbe00000, 0xcbe00000| Untracked 
|  99|0xcbf00000, 0xcbf00000, 0xcc000000|  0%| F|  |TAMS 0xcbf00000, 0xcbf00000| Untracked 
| 100|0xcc000000, 0xcc000000, 0xcc100000|  0%| F|  |TAMS 0xcc000000, 0xcc000000| Untracked 
| 101|0xcc100000, 0xcc100000, 0xcc200000|  0%| F|  |TAMS 0xcc100000, 0xcc100000| Untracked 
| 102|0xcc200000, 0xcc200000, 0xcc300000|  0%| F|  |TAMS 0xcc200000, 0xcc200000| Untracked 
| 103|0xcc300000, 0xcc300000, 0xcc400000|  0%| F|  |TAMS 0xcc300000, 0xcc300000| Untracked 
| 104|0xcc400000, 0xcc400000, 0xcc500000|  0%| F|  |TAMS 0xcc400000, 0xcc400000| Untracked 
| 105|0xcc500000, 0xcc500000, 0xcc600000|  0%| F|  |TAMS 0xcc500000, 0xcc500000| Untracked 
| 106|0xcc600000, 0xcc600000, 0xcc700000|  0%| F|  |TAMS 0xcc600000, 0xcc600000| Untracked 
| 107|0xcc700000, 0xcc700000, 0xcc800000|  0%| F|  |TAMS 0xcc700000, 0xcc700000| Untracked 
| 108|0xcc800000, 0xcc800000, 0xcc900000|  0%| F|  |TAMS 0xcc800000, 0xcc800000| Untracked 
| 109|0xcc900000, 0xcc900000, 0xcca00000|  0%| F|  |TAMS 0xcc900000, 0xcc900000| Untracked 
| 110|0xcca00000, 0xcca00000, 0xccb00000|  0%| F|  |TAMS 0xcca00000, 0xcca00000| Untracked 
| 111|0xccb00000, 0xccb00000, 0xccc00000|  0%| F|  |TAMS 0xccb00000, 0xccb00000| Untracked 
| 112|0xccc00000, 0xccc00000, 0xccd00000|  0%| F|  |TAMS 0xccc00000, 0xccc00000| Untracked 
| 113|0xccd00000, 0xccd00000, 0xcce00000|  0%| F|  |TAMS 0xccd00000, 0xccd00000| Untracked 
| 114|0xcce00000, 0xcce80800, 0xccf00000| 50%| E|  |TAMS 0xcce00000, 0xcce00000| Complete 
| 115|0xccf00000, 0xcd000000, 0xcd000000|100%| E|CS|TAMS 0xccf00000, 0xccf00000| Complete 
| 116|0xcd000000, 0xcd100000, 0xcd100000|100%| E|CS|TAMS 0xcd000000, 0xcd000000| Complete 
| 117|0xcd100000, 0xcd200000, 0xcd200000|100%| E|CS|TAMS 0xcd100000, 0xcd100000| Complete 
| 118|0xcd200000, 0xcd300000, 0xcd300000|100%| E|CS|TAMS 0xcd200000, 0xcd200000| Complete 
| 119|0xcd300000, 0xcd400000, 0xcd400000|100%| E|CS|TAMS 0xcd300000, 0xcd300000| Complete 
| 120|0xcd400000, 0xcd500000, 0xcd500000|100%| E|CS|TAMS 0xcd400000, 0xcd400000| Complete 
| 121|0xcd500000, 0xcd600000, 0xcd600000|100%| E|CS|TAMS 0xcd500000, 0xcd500000| Complete 
| 122|0xcd600000, 0xcd700000, 0xcd700000|100%| E|CS|TAMS 0xcd600000, 0xcd600000| Complete 
| 123|0xcd700000, 0xcd800000, 0xcd800000|100%| E|CS|TAMS 0xcd700000, 0xcd700000| Complete 
| 124|0xcd800000, 0xcd900000, 0xcd900000|100%| E|CS|TAMS 0xcd800000, 0xcd800000| Complete 
| 125|0xcd900000, 0xcda00000, 0xcda00000|100%| E|CS|TAMS 0xcd900000, 0xcd900000| Complete 
| 126|0xcda00000, 0xcdb00000, 0xcdb00000|100%| E|CS|TAMS 0xcda00000, 0xcda00000| Complete 
| 127|0xcdb00000, 0xcdc00000, 0xcdc00000|100%| E|CS|TAMS 0xcdb00000, 0xcdb00000| Complete 

Card table byte_map: [0xc5a00000,0xc5b00000] _byte_map_base: 0xc53d2000

Marking Bits (Prev, Next): (CMBitMap*) 0xf5e8b528, (CMBitMap*) 0xf5e8b548
 Prev Bits: [0xc5100000, 0xc5900000)
 Next Bits: [0xc4900000, 0xc5100000)

Polling page: 0xf7ed9000

Metaspace:

Usage:
    6.88 MB used.

Virtual space:
     16.00 MB reserved,       7.81 MB ( 49%) committed,  1 nodes.

Chunk freelists:
5.93 MB

MaxMetaspaceSize: 96.00 MB
No class space
Initial GC threshold: 16.00 MB
Current GC threshold: 16.00 MB
CDS: on
MetaspaceReclaimPolicy: balanced
 - commit_granule_bytes: 65536.
 - commit_granule_words: 16384.
 - virtual_space_node_default_size: 4194304.
 - enlarge_chunks_in_place: 1.
 - new_chunks_are_fully_committed: 0.
 - uncommit_free_chunks: 1.
 - use_allocation_guard: 0.
 - handle_deallocations: 1.


Internal statistics:

num_allocs_failed_limit: 0.
num_arena_births: 507.
num_arena_deaths: 0.
num_vsnodes_births: 1.
num_vsnodes_deaths: 0.
num_space_committed: 125.
num_space_uncommitted: 0.
num_chunks_returned_to_freelist: 0.
num_chunks_taken_from_freelist: 914.
num_chunk_merges: 0.
num_chunk_splits: 625.
num_chunks_enlarged: 411.
num_inconsistent_stats: 0.

CodeHeap 'non-profiled nmethods': size=120172Kb used=1392Kb max_used=1392Kb free=118780Kb
 bounds [0xed7f5000, 0xeda35000, 0xf4d50000]
CodeHeap 'profiled nmethods': size=120172Kb used=4199Kb max_used=4199Kb free=115972Kb
 bounds [0xe5d50000, 0xe6170000, 0xed2ab000]
CodeHeap 'non-nmethods': size=5416Kb used=738Kb max_used=781Kb free=4678Kb
 bounds [0xed2ab000, 0xed4eb000, 0xed7f5000]
 total_blobs=2497 nmethods=2148 adapters=263
 compilation: enabled
              stopped_count=0, restarted_count=0
 full_count=0

Compilation events (20 events):
Event: 906.610 Thread 0xc419f450 2139       4       java.lang.ClassValue::get (31 bytes)
Event: 906.613 Thread 0xc419f450 nmethod 2139 0xed947b08 code [0xed947c40, 0xed947dbc]
Event: 909.611 Thread 0xc41a0580 2140       3       java.util.ArrayList::get (15 bytes)
Event: 909.611 Thread 0xc41a0580 nmethod 2140 0xe6169088 code [0xe61691e0, 0xe616948c]
Event: 910.542 Thread 0xc419f450 2141   !   4       script.script_entry::callMessageHandlers (426 bytes)
Event: 910.598 Thread 0xc419f450 nmethod 2141 0xed947f88 code [0xed9481a0, 0xed9490e0]
Event: 928.818 Thread 0xc419f450 2142       4       jdk.internal.math.FloatingDecimal$BinaryToASCIIBuffer::developLongDigits (304 bytes)
Event: 928.832 Thread 0xc419f450 nmethod 2142 0xed949c88 code [0xed949da0, 0xed94a270]
Event: 941.712 Thread 0xc419f450 2143       4       jdk.internal.math.FloatingDecimal$BinaryToASCIIBuffer::dtoa (1509 bytes)
Event: 941.846 Thread 0xc419f450 nmethod 2143 0xed94a408 code [0xed94a5e0, 0xed94c63c]
Event: 943.584 Thread 0xc419f450 2144       4       jdk.internal.logger.SurrogateLogger::defaultPlatformLevel (4 bytes)
Event: 943.585 Thread 0xc419f450 nmethod 2144 0xed94d608 code [0xed94d720, 0xed94d790]
Event: 955.560 Thread 0xc419f450 2145       4       jdk.internal.math.FloatingDecimal$BinaryToASCIIBuffer::getChars (502 bytes)
Event: 955.583 Thread 0xc419f450 nmethod 2145 0xed94d908 code [0xed94da60, 0xed94e270]
Event: 1027.502 Thread 0xc419f450 2146       4       script.library.sequencer::getMasterSequenceObject (43 bytes)
Event: 1027.690 Thread 0xc419f450 nmethod 2146 0xed94e808 code [0xed94e9e0, 0xed94f5f8]
Event: 1037.643 Thread 0xc419f450 2147       4       script.deltadictionary::getObjId (36 bytes)
Event: 1037.675 Thread 0xc419f450 nmethod 2147 0xed950108 code [0xed950280, 0xed950abc]
Event: 1037.829 Thread 0xc41a0580 2148   !   3       java.io.ObjectOutputStream$PutFieldImpl::writeFields (196 bytes)
Event: 1037.830 Thread 0xc41a0580 nmethod 2148 0xe6169608 code [0xe6169780, 0xe6169ad8]

GC Heap History (12 events):
Event: 77.306 GC heap before
{Heap before GC invocations=0 (full 0):
 garbage-first heap   total 131072K, used 12288K [0xc5c00000, 0xe5c00000)
  region size 1024K, 13 young (13312K), 0 survivors (0K)
 Metaspace       used 2329K, committed 2496K, reserved 16384K
}
Event: 77.352 GC heap after
{Heap after GC invocations=1 (full 0):
 garbage-first heap   total 131072K, used 2005K [0xc5c00000, 0xe5c00000)
  region size 1024K, 2 young (2048K), 2 survivors (2048K)
 Metaspace       used 2329K, committed 2496K, reserved 16384K
}
Event: 117.485 GC heap before
{Heap before GC invocations=1 (full 0):
 garbage-first heap   total 131072K, used 18389K [0xc5c00000, 0xe5c00000)
  region size 1024K, 19 young (19456K), 2 survivors (2048K)
 Metaspace       used 4090K, committed 4416K, reserved 16384K
}
Event: 117.493 GC heap after
{Heap after GC invocations=2 (full 0):
 garbage-first heap   total 131072K, used 3441K [0xc5c00000, 0xe5c00000)
  region size 1024K, 2 young (2048K), 2 survivors (2048K)
 Metaspace       used 4090K, committed 4416K, reserved 16384K
}
Event: 292.314 GC heap before
{Heap before GC invocations=2 (full 0):
 garbage-first heap   total 131072K, used 79217K [0xc5c00000, 0xe5c00000)
  region size 1024K, 76 young (77824K), 2 survivors (2048K)
 Metaspace       used 5445K, committed 6016K, reserved 16384K
}
Event: 292.344 GC heap after
{Heap after GC invocations=3 (full 0):
 garbage-first heap   total 131072K, used 5742K [0xc5c00000, 0xe5c00000)
  region size 1024K, 4 young (4096K), 4 survivors (4096K)
 Metaspace       used 5445K, committed 6016K, reserved 16384K
}
Event: 705.284 GC heap before
{Heap before GC invocations=3 (full 0):
 garbage-first heap   total 131072K, used 79470K [0xc5c00000, 0xe5c00000)
  region size 1024K, 76 young (77824K), 4 survivors (4096K)
 Metaspace       used 5596K, committed 6208K, reserved 16384K
}
Event: 705.305 GC heap after
{Heap after GC invocations=4 (full 0):
 garbage-first heap   total 131072K, used 7038K [0xc5c00000, 0xe5c00000)
  region size 1024K, 5 young (5120K), 5 survivors (5120K)
 Metaspace       used 5596K, committed 6208K, reserved 16384K
}
Event: 727.873 GC heap before
{Heap before GC invocations=4 (full 0):
 garbage-first heap   total 131072K, used 79742K [0xc5c00000, 0xe5c00000)
  region size 1024K, 76 young (77824K), 5 survivors (5120K)
 Metaspace       used 6797K, committed 7680K, reserved 16384K
}
Event: 727.918 GC heap after
{Heap after GC invocations=5 (full 0):
 garbage-first heap   total 131072K, used 10327K [0xc5c00000, 0xe5c00000)
  region size 1024K, 9 young (9216K), 9 survivors (9216K)
 Metaspace       used 6797K, committed 7680K, reserved 16384K
}
Event: 938.550 GC heap before
{Heap before GC invocations=5 (full 0):
 garbage-first heap   total 131072K, used 78935K [0xc5c00000, 0xe5c00000)
  region size 1024K, 76 young (77824K), 9 survivors (9216K)
 Metaspace       used 7040K, committed 8000K, reserved 16384K
}
Event: 938.679 GC heap after
{Heap after GC invocations=6 (full 0):
 garbage-first heap   total 131072K, used 15492K [0xc5c00000, 0xe5c00000)
  region size 1024K, 10 young (10240K), 10 survivors (10240K)
 Metaspace       used 7040K, committed 8000K, reserved 16384K
}

Dll operation events (4 events):
Event: 0.003 Loaded shared library /usr/lib/jvm/java-17-zulu-openjdk-jdk-x86/lib/libjava.so
Event: 73.561 Loaded shared library /usr/lib/jvm/java-17-zulu-openjdk-jdk-x86/lib/libnio.so
Event: 73.562 Loaded shared library /usr/lib/jvm/java-17-zulu-openjdk-jdk-x86/lib/libjimage.so
Event: 73.566 Loaded shared library /usr/lib/jvm/java-17-zulu-openjdk-jdk-x86/lib/libnet.so

Deoptimization events (20 events):
Event: 838.699 Thread 0x0b6bd7e0 DEOPT PACKING pc=0xed8e53b4 sp=0xffce3450
Event: 838.699 Thread 0x0b6bd7e0 DEOPT UNPACKING pc=0xed2f4d33 sp=0xffce3420 mode 2
Event: 845.617 Thread 0x0b6bd7e0 Uncommon trap: trap_request=0xffffff45 fr.pc=0xed912f94 relative=0x000018b4
Event: 845.617 Thread 0x0b6bd7e0 Uncommon trap: reason=unstable_if action=reinterpret pc=0xed912f94 method=jdk.internal.math.FloatingDecimal$BinaryToASCIIBuffer.estimateDecExp(JI)I @ 117 c2
Event: 845.617 Thread 0x0b6bd7e0 DEOPT PACKING pc=0xed912f94 sp=0xffce2ce0
Event: 845.617 Thread 0x0b6bd7e0 DEOPT UNPACKING pc=0xed2f4d33 sp=0xffce2c14 mode 2
Event: 845.617 Thread 0x0b6bd7e0 Uncommon trap: trap_request=0xffffff45 fr.pc=0xed92c0ec relative=0x000005ec
Event: 845.617 Thread 0x0b6bd7e0 Uncommon trap: reason=unstable_if action=reinterpret pc=0xed92c0ec method=jdk.internal.math.FloatingDecimal$BinaryToASCIIBuffer.getChars([C)I @ 233 c2
Event: 845.617 Thread 0x0b6bd7e0 DEOPT PACKING pc=0xed92c0ec sp=0xffce2d00
Event: 845.617 Thread 0x0b6bd7e0 DEOPT UNPACKING pc=0xed2f4d33 sp=0xffce2ce8 mode 2
Event: 859.738 Thread 0x0b6bd7e0 DEOPT PACKING pc=0xe5f7f2ff sp=0xffce1830
Event: 859.738 Thread 0x0b6bd7e0 DEOPT UNPACKING pc=0xed2f4171 sp=0xffce16f0 mode 0
Event: 1088.477 Thread 0xc419bff0 Uncommon trap: trap_request=0xffffffc6 fr.pc=0xed82039c relative=0x0000065c
Event: 1088.477 Thread 0xc419bff0 Uncommon trap: reason=bimorphic action=maybe_recompile pc=0xed82039c method=java.util.Hashtable.get(Ljava/lang/Object;)Ljava/lang/Object; @ 6 c2
Event: 1088.477 Thread 0xc419bff0 DEOPT PACKING pc=0xed82039c sp=0xc317ce00
Event: 1088.477 Thread 0xc419bff0 DEOPT UNPACKING pc=0xed2f4d33 sp=0xc317cde4 mode 2
Event: 1088.477 Thread 0xc419bff0 Uncommon trap: trap_request=0xffffffc6 fr.pc=0xed82039c relative=0x0000065c
Event: 1088.477 Thread 0xc419bff0 Uncommon trap: reason=bimorphic action=maybe_recompile pc=0xed82039c method=java.util.Hashtable.get(Ljava/lang/Object;)Ljava/lang/Object; @ 6 c2
Event: 1088.477 Thread 0xc419bff0 DEOPT PACKING pc=0xed82039c sp=0xc317ce00
Event: 1088.477 Thread 0xc419bff0 DEOPT UNPACKING pc=0xed2f4d33 sp=0xc317cde4 mode 2

Classes unloaded (0 events):
No events

Classes redefined (0 events):
No events

Internal exceptions (9 events):
Event: 64.629 Thread 0x0b6bd7e0 Exception <a 'java/lang/NoSuchMethodError'{0xcd0319c0}: 'java.lang.Object java.lang.invoke.DirectMethodHandle$Holder.invokeStatic(java.lang.Object, float)'> (0xcd0319c0) 
thrown [src/hotspot/share/interpreter/linkResolver.cpp, line 759]
Event: 73.573 Thread 0x0b6bd7e0 Exception <a 'java/lang/NoSuchMethodError'{0xcd059308}: 'java.lang.Object java.lang.invoke.DirectMethodHandle$Holder.invokeStaticInit(java.lang.Object)'> (0xcd059308) 
thrown [src/hotspot/share/interpreter/linkResolver.cpp, line 759]
Event: 115.058 Thread 0x0b6bd7e0 Exception <a 'java/lang/NoSuchMethodError'{0xcd188670}: static [Ljava/lang/Object;.<clinit>()V> (0xcd188670) 
thrown [src/hotspot/share/prims/jni.cpp, line 1112]
Event: 117.378 Thread 0x0b6bd7e0 Exception <a 'java/lang/NoSuchMethodError'{0xccc40400}: 'java.lang.Object java.lang.invoke.DirectMethodHandle$Holder.invokeSpecial(java.lang.Object, java.lang.Object, java.lang.Object, java.lang.Object, int)'> (0xccc40400) 
thrown [src/hotspot/share/interpreter/linkResolver.cpp, line 759]
Event: 117.381 Thread 0x0b6bd7e0 Exception <a 'java/lang/NoSuchMethodError'{0xccc43b68}: 'java.lang.Object java.lang.invoke.Invokers$Holder.linkToTargetMethod(java.lang.Object, java.lang.Object, int, java.lang.Object)'> (0xccc43b68) 
thrown [src/hotspot/share/interpreter/linkResolver.cpp, line 759]
Event: 119.525 Thread 0x0b6bd7e0 Exception <a 'java/lang/NoSuchMethodError'{0xcca40c48}: 'java.lang.Object java.lang.invoke.DirectMethodHandle$Holder.invokeSpecial(java.lang.Object, java.lang.Object, java.lang.Object, java.lang.Object, java.lang.Object, java.lang.Object, int)'> (0xcca40c48) 
thrown [src/hotspot/share/interpreter/linkResolver.cpp, line 759]
Event: 179.687 Thread 0x0b6bd7e0 Exception <a 'java/lang/NoSuchMethodError'{0xc9c20500}: static [Lscript/obj_id;.<clinit>()V> (0xc9c20500) 
thrown [src/hotspot/share/prims/jni.cpp, line 1112]
Event: 733.677 Thread 0x0b6bd7e0 Exception <a 'java/lang/NoSuchMethodError'{0xccbb8db8}: 'java.lang.Object java.lang.invoke.DirectMethodHandle$Holder.invokeSpecial(java.lang.Object, java.lang.Object, long, java.lang.Object, java.lang.Object, java.lang.Object, java.lang.Object, java.lang.Object, java.lang.Object)'> (0xccbb8db8) 
thrown [src/hotspot/share/interpreter/linkResolver.cpp, line 759]
Event: 733.677 Thread 0x0b6bd7e0 Exception <a 'java/lang/NoSuchMethodError'{0xccbbd190}: 'java.lang.Object java.lang.invoke.DelegatingMethodHandle$Holder.reinvoke_L(java.lang.Object, long, java.lang.Object, java.lang.Object, java.lang.Object, java.lang.Object, java.lang.Object, java.lang.Object)'> (0xccbbd190) 
thrown [src/hotspot/share/interpreter/linkResolver.cpp, line 759]

VM Operations (20 events):
Event: 781.055 Executing VM operation: Cleanup
Event: 781.055 Executing VM operation: Cleanup done
Event: 787.068 Executing VM operation: Cleanup
Event: 787.068 Executing VM operation: Cleanup done
Event: 797.088 Executing VM operation: Cleanup
Event: 797.088 Executing VM operation: Cleanup done
Event: 799.089 Executing VM operation: Cleanup
Event: 799.089 Executing VM operation: Cleanup done
Event: 815.103 Executing VM operation: Cleanup
Event: 815.104 Executing VM operation: Cleanup done
Event: 819.114 Executing VM operation: Cleanup
Event: 819.114 Executing VM operation: Cleanup done
Event: 820.114 Executing VM operation: Cleanup
Event: 820.114 Executing VM operation: Cleanup done
Event: 839.119 Executing VM operation: Cleanup
Event: 839.119 Executing VM operation: Cleanup done
Event: 938.550 Executing VM operation: G1CollectForAllocation
Event: 938.679 Executing VM operation: G1CollectForAllocation done
Event: 946.681 Executing VM operation: Cleanup
Event: 946.681 Executing VM operation: Cleanup done

Events (20 events):
Event: 117.280 loading class sun/nio/ch/IOStatus
Event: 117.280 loading class sun/nio/ch/IOStatus done
Event: 117.280 loading class sun/net/www/protocol/jrt/Handler
Event: 117.280 loading class sun/net/www/protocol/jrt/Handler done
Event: 117.281 loading class java/util/AbstractMap$SimpleEntry
Event: 117.281 loading class java/util/AbstractMap$SimpleEntry done
Event: 117.291 loading class sun/text/resources/cldr/FormatData_en
Event: 117.292 loading class sun/text/resources/cldr/FormatData_en done
Event: 117.292 loading class sun/text/resources/cldr/FormatData_en_US
Event: 117.292 loading class sun/text/resources/cldr/FormatData_en_US done
Event: 733.985 Thread 0xc04bf310 Thread added: 0xc04bf310
Event: 733.985 Protecting memory [0xc101a000,0xc101e000] with protection modes 0
Event: 734.337 Thread 0xc04bf310 Thread exited: 0xc04bf310
Event: 1088.477 loading class jdk/internal/misc/Signal$1
Event: 1088.477 loading class jdk/internal/misc/Signal$1 done
Event: 1088.614 Thread 0xc3e01630 Thread added: 0xc3e01630
Event: 1088.626 Thread 0x0b6bd7e0 Thread exited: 0x0b6bd7e0
Event: 1088.626 Protecting memory [0xc063f000,0xc0643000] with protection modes 0
Event: 1088.627 Thread 0xf5e242d0 Thread exited: 0xf5e242d0
Event: 1088.627 Thread 0xc419bff0 Thread exited: 0xc419bff0


Dynamic libraries:
08048000-09298000 r-xp 00000000 08:04 494947248                          /home/almalinux/swg-returns-nge/build/bin/SwgGameServer
09298000-0929c000 rw-p 0124f000 08:04 494947248                          /home/almalinux/swg-returns-nge/build/bin/SwgGameServer
0929c000-09b1f000 rw-p 00000000 00:00 0 
09ff8000-1cff9000 rw-p 00000000 00:00 0                                  [heap]
beb00000-beb29000 rw-p 00000000 00:00 0 
beb29000-bec00000 ---p 00000000 00:00 0 
bed00000-bedf9000 rw-p 00000000 00:00 0 
bedf9000-bee00000 ---p 00000000 00:00 0 
bee00000-beefb000 rw-p 00000000 00:00 0 
beefb000-bef00000 ---p 00000000 00:00 0 
bef00000-beff9000 rw-p 00000000 00:00 0 
beff9000-bf000000 ---p 00000000 00:00 0 
bf000000-bf0f9000 rw-p 00000000 00:00 0 
bf0f9000-bf100000 ---p 00000000 00:00 0 
bf100000-bf1fb000 rw-p 00000000 00:00 0 
bf1fb000-bf200000 ---p 00000000 00:00 0 
bf200000-bf2f9000 rw-p 00000000 00:00 0 
bf2f9000-bf300000 ---p 00000000 00:00 0 
bf300000-bf3f9000 rw-p 00000000 00:00 0 
bf3f9000-bf400000 ---p 00000000 00:00 0 
bf400000-bf4f9000 rw-p 00000000 00:00 0 
bf4f9000-bf500000 ---p 00000000 00:00 0 
bf500000-bf5f9000 rw-p 00000000 00:00 0 
bf5f9000-bf600000 ---p 00000000 00:00 0 
bf600000-bf6f9000 rw-p 00000000 00:00 0 
bf6f9000-bf700000 ---p 00000000 00:00 0 
bf700000-bf7e6000 rw-p 00000000 00:00 0 
bf7e6000-bf800000 ---p 00000000 00:00 0 
bf900000-bfaf9000 rw-p 00000000 00:00 0 
bfaf9000-bfb00000 ---p 00000000 00:00 0 
bfc00000-bfcfc000 rw-p 00000000 00:00 0 
bfcfc000-bfd00000 ---p 00000000 00:00 0 
bfd00000-bfdff000 rw-p 00000000 00:00 0 
bfdff000-bfe00000 ---p 00000000 00:00 0 
bfe00000-bfeec000 rw-p 00000000 00:00 0 
bfeec000-bff00000 ---p 00000000 00:00 0 
c0200000-c02f9000 rw-p 00000000 00:00 0 
c02f9000-c0300000 ---p 00000000 00:00 0 
c0400000-c04f7000 rw-p 00000000 00:00 0 
c04f7000-c0500000 ---p 00000000 00:00 0 
c0500000-c05f9000 rw-p 00000000 00:00 0 
c05f9000-c0600000 ---p 00000000 00:00 0 
c063f000-c0643000 ---p 00000000 00:00 0 
c0643000-c0700000 rw-p 00000000 00:00 0 
c0700000-c07f9000 rw-p 00000000 00:00 0 
c07f9000-c0800000 ---p 00000000 00:00 0 
c0f00000-c0ffc000 rw-p 00000000 00:00 0 
c0ffc000-c1000000 ---p 00000000 00:00 0 
c101a000-c101e000 ---p 00000000 00:00 0 
c101e000-c109b000 rw-p 00000000 00:00 0 
c117d000-c117e000 ---p 00000000 00:00 0 
c117e000-c11fe000 rw-p 00000000 00:00 0 
c11fe000-c11ff000 ---p 00000000 00:00 0 
c11ff000-c127f000 rw-p 00000000 00:00 0 
c127f000-c1283000 ---p 00000000 00:00 0 
c1283000-c1300000 rw-p 00000000 00:00 0 
c1300000-c1400000 rw-p 00000000 00:00 0 
c167f000-c1683000 ---p 00000000 00:00 0 
c1683000-c1740000 rw-p 00000000 00:00 0 
c1740000-c1744000 ---p 00000000 00:00 0 
c1744000-c1801000 rw-p 00000000 00:00 0 
c1801000-c1802000 ---p 00000000 00:00 0 
c1802000-c1882000 rw-p 00000000 00:00 0 
c1882000-c1886000 ---p 00000000 00:00 0 
c1886000-c1943000 rw-p 00000000 00:00 0 
c1943000-c1947000 ---p 00000000 00:00 0 
c1947000-c1a04000 rw-p 00000000 00:00 0 
c1a04000-c1a08000 ---p 00000000 00:00 0 
c1a08000-c1ac5000 rw-p 00000000 00:00 0 
c1ac5000-c1ac9000 ---p 00000000 00:00 0 
c1ac9000-c1b86000 rw-p 00000000 00:00 0 
c1b86000-c1e00000 r--p 00078000 08:04 535181                             /usr/lib/locale/locale-archive
c1e00000-c2000000 r--p 00000000 08:04 535181                             /usr/lib/locale/locale-archive
c2000000-c21b0000 rw-p 00000000 00:00 0 
c21b0000-c2400000 ---p 00000000 00:00 0 
c2400000-c2a20000 rw-p 00000000 00:00 0 
c2a20000-c3000000 ---p 00000000 00:00 0 
c303c000-c3040000 ---p 00000000 00:00 0 
c3040000-c30bd000 rw-p 00000000 00:00 0 
c30bd000-c30c1000 ---p 00000000 00:00 0 
c30c1000-c317e000 rw-p 00000000 00:00 0 
c317e000-c3182000 ---p 00000000 00:00 0 
c3182000-c323f000 rw-p 00000000 00:00 0 
c323f000-c3243000 ---p 00000000 00:00 0 
c3243000-c3300000 rw-p 00000000 00:00 0 
c3300000-c3321000 rw-p 00000000 00:00 0 
c3321000-c3400000 ---p 00000000 00:00 0 
c3431000-c3435000 ---p 00000000 00:00 0 
c3435000-c34b2000 rw-p 00000000 00:00 0 
c34b2000-c34b3000 ---p 00000000 00:00 0 
c34b3000-c3533000 rw-p 00000000 00:00 0 
c3533000-c3e00000 rw-p 00001000 08:04 143240867                          /usr/lib/jvm/java-17-zulu-openjdk-jdk-x86/lib/server/classes.jsa
c3e00000-c3e21000 rw-p 00000000 00:00 0 
c3e21000-c3f00000 ---p 00000000 00:00 0 
c3f7f000-c3f80000 ---p 00000000 00:00 0 
c3f80000-c4000000 rw-p 00000000 00:00 0 
c4000000-c4021000 rw-p 00000000 00:00 0 
c4021000-c4100000 ---p 00000000 00:00 0 
c4100000-c41d3000 rw-p 00000000 00:00 0 
c41d3000-c4200000 ---p 00000000 00:00 0 
c427f000-c4280000 ---p 00000000 00:00 0 
c4280000-c4300000 rw-p 00000000 00:00 0 
c4300000-c434a000 rw-p 00000000 00:00 0 
c434a000-c4400000 ---p 00000000 00:00 0 
c447f000-c4480000 ---p 00000000 00:00 0 
c4480000-c4500000 rw-p 00000000 00:00 0 
c4500000-c45e8000 rw-p 00000000 00:00 0 
c45e8000-c4600000 ---p 00000000 00:00 0 
c467f000-c4680000 ---p 00000000 00:00 0 
c4680000-c4700000 rw-p 00000000 00:00 0 
c4700000-c47fe000 rw-p 00000000 00:00 0 
c47fe000-c4800000 ---p 00000000 00:00 0 
c487f000-c4880000 ---p 00000000 00:00 0 
c4880000-c4b00000 rw-p 00000000 00:00 0 
c4b00000-c5100000 ---p 00000000 00:00 0 
c5100000-c5300000 rw-p 00000000 00:00 0 
c5300000-c5900000 ---p 00000000 00:00 0 
c5900000-c5940000 rw-p 00000000 00:00 0 
c5940000-c5a00000 ---p 00000000 00:00 0 
c5a00000-c5a40000 rw-p 00000000 00:00 0 
c5a40000-c5b00000 ---p 00000000 00:00 0 
c5b00000-c5b40000 rw-p 00000000 00:00 0 
c5b40000-c5c00000 ---p 00000000 00:00 0 
c5c00000-cdc00000 rw-p 00000000 00:00 0 
cdc00000-e5c00000 ---p 00000000 00:00 0 
e5c65000-e5c6a000 rw-p 00000000 00:00 0 
e5c6a000-e5d50000 ---p 00000000 00:00 0 
e5d50000-e6170000 rwxp 00000000 00:00 0 
e6170000-ed2ab000 ---p 00000000 00:00 0 
ed2ab000-ed4eb000 rwxp 00000000 00:00 0 
ed4eb000-ed7f5000 ---p 00000000 00:00 0 
ed7f5000-eda35000 rwxp 00000000 00:00 0 
eda35000-f4d50000 ---p 00000000 00:00 0 
f4d50000-f4eb8000 r--s 00000000 08:04 117534333                          /usr/lib/jvm/java-17-zulu-openjdk-jdk-x86/lib/modules
f4eb8000-f5d5a000 r-xp 00000000 08:04 143240869                          /usr/lib/jvm/java-17-zulu-openjdk-jdk-x86/lib/server/libjvm.so
f5d5a000-f5daf000 r--p 00ea1000 08:04 143240869                          /usr/lib/jvm/java-17-zulu-openjdk-jdk-x86/lib/server/libjvm.so
f5daf000-f5dd0000 rw-p 00ef6000 08:04 143240869                          /usr/lib/jvm/java-17-zulu-openjdk-jdk-x86/lib/server/libjvm.so
f5dd0000-f5e00000 rw-p 00000000 00:00 0 
f5e00000-f5f00000 rw-p 00000000 00:00 0 
f5f1f000-f5f20000 ---p 00000000 00:00 0 
f5f20000-f5f24000 ---p 00000000 00:00 0 
f5f24000-f6a98000 rw-p 00000000 00:00 0 
f6aa4000-f6ab9000 r-xp 00000000 08:04 117534323                          /usr/lib/jvm/java-17-zulu-openjdk-jdk-x86/lib/libnet.so
f6ab9000-f6aba000 r--p 00014000 08:04 117534323                          /usr/lib/jvm/java-17-zulu-openjdk-jdk-x86/lib/libnet.so
f6aba000-f6abb000 rw-p 00015000 08:04 117534323                          /usr/lib/jvm/java-17-zulu-openjdk-jdk-x86/lib/libnet.so
f6abb000-f6ac4000 rw-p 00000000 00:00 0 
f6ac4000-f6ba6000 ---p 00000000 00:00 0 
f6de0000-f6df2000 r-xp 00000000 08:04 117534324                          /usr/lib/jvm/java-17-zulu-openjdk-jdk-x86/lib/libnio.so
f6df2000-f6df3000 r--p 00011000 08:04 117534324                          /usr/lib/jvm/java-17-zulu-openjdk-jdk-x86/lib/libnio.so
f6df3000-f6df4000 rw-p 00012000 08:04 117534324                          /usr/lib/jvm/java-17-zulu-openjdk-jdk-x86/lib/libnio.so
f6df4000-f6e1d000 rw-p 00000000 00:00 0 
f6e1d000-f6e40000 r-xp 00000000 08:04 117534310                          /usr/lib/jvm/java-17-zulu-openjdk-jdk-x86/lib/libjava.so
f6e40000-f6e41000 r--p 00022000 08:04 117534310                          /usr/lib/jvm/java-17-zulu-openjdk-jdk-x86/lib/libjava.so
f6e41000-f6e42000 rw-p 00023000 08:04 117534310                          /usr/lib/jvm/java-17-zulu-openjdk-jdk-x86/lib/libjava.so
f6e42000-f6e4e000 r-xp 00000000 08:04 16831767                           /usr/lib/libnss_files-2.28.so
f6e4e000-f6e4f000 r--p 0000b000 08:04 16831767                           /usr/lib/libnss_files-2.28.so
f6e4f000-f6e50000 rw-p 0000c000 08:04 16831767                           /usr/lib/libnss_files-2.28.so
f6e50000-f6e56000 rw-p 00000000 00:00 0 
f6e5c000-f6e61000 rw-p 00000000 00:00 0 
f6e61000-f6e67000 ---p 00000000 00:00 0 
f6e67000-f6e82000 r-xp 00000000 08:04 117534314                          /usr/lib/jvm/java-17-zulu-openjdk-jdk-x86/lib/libjimage.so
f6e82000-f6e83000 ---p 0001b000 08:04 117534314                          /usr/lib/jvm/java-17-zulu-openjdk-jdk-x86/lib/libjimage.so
f6e83000-f6e84000 r--p 0001b000 08:04 117534314                          /usr/lib/jvm/java-17-zulu-openjdk-jdk-x86/lib/libjimage.so
f6e84000-f6e85000 rw-p 0001c000 08:04 117534314                          /usr/lib/jvm/java-17-zulu-openjdk-jdk-x86/lib/libjimage.so
f6e85000-f6e89000 rw-p 00000000 00:00 0 
f6e89000-f6f11000 r-xp 00000000 08:04 17191875                           /usr/lib/libpcre2-8.so.0.7.1
f6f11000-f6f12000 r--p 00087000 08:04 17191875                           /usr/lib/libpcre2-8.so.0.7.1
f6f12000-f6f13000 rw-p 00088000 08:04 17191875                           /usr/lib/libpcre2-8.so.0.7.1
f6f13000-f6f33000 r-xp 00000000 08:04 17021543                           /usr/lib/libcrypt.so.1.1.0
f6f33000-f6f34000 ---p 00020000 08:04 17021543                           /usr/lib/libcrypt.so.1.1.0
f6f34000-f6f35000 r--p 00020000 08:04 17021543                           /usr/lib/libcrypt.so.1.1.0
f6f35000-f6f3e000 rw-p 00000000 00:00 0 
f6f3e000-f6f69000 r-xp 00000000 08:04 17191887                           /usr/lib/libselinux.so.1
f6f69000-f6f6a000 ---p 0002b000 08:04 17191887                           /usr/lib/libselinux.so.1
f6f6a000-f6f6b000 r--p 0002b000 08:04 17191887                           /usr/lib/libselinux.so.1
f6f6b000-f6f6c000 rw-p 0002c000 08:04 17191887                           /usr/lib/libselinux.so.1
f6f6c000-f6f6d000 rw-p 00000000 00:00 0 
f6f6d000-f6f8c000 r-xp 00000000 08:04 18866589                           /usr/lib/libbrotlicommon.so.1.0.6
f6f8c000-f6f8d000 r--p 0001e000 08:04 18866589                           /usr/lib/libbrotlicommon.so.1.0.6
f6f8d000-f6f8e000 rw-p 0001f000 08:04 18866589                           /usr/lib/libbrotlicommon.so.1.0.6
f6f8e000-f6fac000 r-xp 00000000 08:04 17191915                           /usr/lib/libsasl2.so.3.0.0
f6fac000-f6fad000 ---p 0001e000 08:04 17191915                           /usr/lib/libsasl2.so.3.0.0
f6fad000-f6fae000 r--p 0001e000 08:04 17191915                           /usr/lib/libsasl2.so.3.0.0
f6fae000-f6faf000 rw-p 0001f000 08:04 17191915                           /usr/lib/libsasl2.so.3.0.0
f6faf000-f6fb1000 rw-p 00000000 00:00 0 
f6fb1000-f6fc5000 r-xp 00000000 08:04 16831772                           /usr/lib/libresolv-2.28.so
f6fc5000-f6fc6000 ---p 00014000 08:04 16831772                           /usr/lib/libresolv-2.28.so
f6fc6000-f6fc7000 r--p 00014000 08:04 16831772                           /usr/lib/libresolv-2.28.so
f6fc7000-f6fc8000 rw-p 00015000 08:04 16831772                           /usr/lib/libresolv-2.28.so
f6fc8000-f6fca000 rw-p 00000000 00:00 0 
f6fca000-f6fcd000 r-xp 00000000 08:04 17191893                           /usr/lib/libkeyutils.so.1.6
f6fcd000-f6fce000 ---p 00003000 08:04 17191893                           /usr/lib/libkeyutils.so.1.6
f6fce000-f6fcf000 r--p 00003000 08:04 17191893                           /usr/lib/libkeyutils.so.1.6
f6fcf000-f6fd0000 rw-p 00000000 00:00 0 
f6fd0000-f6fe0000 r-xp 00000000 08:04 17021560                           /usr/lib/libkrb5support.so.0.1
f6fe0000-f6fe1000 r--p 0000f000 08:04 17021560                           /usr/lib/libkrb5support.so.0.1
f6fe1000-f6fe2000 rw-p 00010000 08:04 17021560                           /usr/lib/libkrb5support.so.0.1
f6fe2000-f6fea000 r-xp 00000000 08:04 16831774                           /usr/lib/librt-2.28.so
f6fea000-f6feb000 r--p 00007000 08:04 16831774                           /usr/lib/librt-2.28.so
f6feb000-f6fec000 rw-p 00008000 08:04 16831774                           /usr/lib/librt-2.28.so
f6fec000-f716b000 r-xp 00000000 08:04 17021545                           /usr/lib/libunistring.so.2.1.0
f716b000-f716c000 ---p 0017f000 08:04 17021545                           /usr/lib/libunistring.so.2.1.0
f716c000-f716e000 r--p 0017f000 08:04 17021545                           /usr/lib/libunistring.so.2.1.0
f716e000-f716f000 rw-p 00181000 08:04 17021545                           /usr/lib/libunistring.so.2.1.0
f716f000-f7199000 r-xp 00000000 08:04 18654292                           /usr/lib/liblzma.so.5.2.4
f7199000-f719a000 r--p 00029000 08:04 18654292                           /usr/lib/liblzma.so.5.2.4
f719a000-f719b000 rw-p 00000000 00:00 0 
f719b000-f71a7000 r-xp 00000000 08:04 17191936                           /usr/lib/libbrotlidec.so.1.0.6
f71a7000-f71a8000 r--p 0000b000 08:04 17191936                           /usr/lib/libbrotlidec.so.1.0.6
f71a8000-f71a9000 rw-p 00000000 00:00 0 
f71a9000-f71b8000 r-xp 00000000 08:04 17191918                           /usr/lib/liblber-2.4.so.2.10.9
f71b8000-f71b9000 r--p 0000e000 08:04 17191918                           /usr/lib/liblber-2.4.so.2.10.9
f71b9000-f71ba000 rw-p 0000f000 08:04 17191918                           /usr/lib/liblber-2.4.so.2.10.9
f71ba000-f720f000 r-xp 00000000 08:04 17191920                           /usr/lib/libldap-2.4.so.2.10.9
f720f000-f7210000 ---p 00055000 08:04 17191920                           /usr/lib/libldap-2.4.so.2.10.9
f7210000-f7211000 r--p 00055000 08:04 17191920                           /usr/lib/libldap-2.4.so.2.10.9
f7211000-f7212000 rw-p 00056000 08:04 17191920                           /usr/lib/libldap-2.4.so.2.10.9
f7212000-f7214000 rw-p 00000000 00:00 0 
f7214000-f7217000 r-xp 00000000 08:04 16994899                           /usr/lib/libcom_err.so.2.1
f7217000-f7218000 r--p 00002000 08:04 16994899                           /usr/lib/libcom_err.so.2.1
f7218000-f7219000 rw-p 00003000 08:04 16994899                           /usr/lib/libcom_err.so.2.1
f7219000-f722f000 r-xp 00000000 08:04 17021552                           /usr/lib/libk5crypto.so.3.1
f722f000-f7230000 ---p 00016000 08:04 17021552                           /usr/lib/libk5crypto.so.3.1
f7230000-f7231000 r--p 00016000 08:04 17021552                           /usr/lib/libk5crypto.so.3.1
f7231000-f7232000 rw-p 00017000 08:04 17021552                           /usr/lib/libk5crypto.so.3.1
f7232000-f7315000 r-xp 00000000 08:04 17021558                           /usr/lib/libkrb5.so.3.3
f7315000-f731c000 r--p 000e2000 08:04 17021558                           /usr/lib/libkrb5.so.3.3
f731c000-f731d000 rw-p 000e9000 08:04 17021558                           /usr/lib/libkrb5.so.3.3
f731d000-f7378000 r-xp 00000000 08:04 17021548                           /usr/lib/libgssapi_krb5.so.2.2
f7378000-f737a000 r--p 0005a000 08:04 17021548                           /usr/lib/libgssapi_krb5.so.2.2
f737a000-f737b000 rw-p 0005c000 08:04 17021548                           /usr/lib/libgssapi_krb5.so.2.2
f737b000-f762c000 r-xp 00000000 08:04 18627877                           /usr/lib/libcrypto.so.1.1.1k
f762c000-f7645000 r--p 002b0000 08:04 18627877                           /usr/lib/libcrypto.so.1.1.1k
f7645000-f7647000 rw-p 002c9000 08:04 18627877                           /usr/lib/libcrypto.so.1.1.1k
f7647000-f764b000 rw-p 00000000 00:00 0 
f764b000-f76dd000 r-xp 00000000 08:04 18627879                           /usr/lib/libssl.so.1.1.1k
f76dd000-f76e3000 r--p 00091000 08:04 18627879                           /usr/lib/libssl.so.1.1.1k
f76e3000-f76e7000 rw-p 00097000 08:04 18627879                           /usr/lib/libssl.so.1.1.1k
f76e7000-f76f7000 r-xp 00000000 08:04 18660120                           /usr/lib/libpsl.so.5.3.1
f76f7000-f76f8000 r--p 0000f000 08:04 18660120                           /usr/lib/libpsl.so.5.3.1
f76f8000-f76f9000 rw-p 00000000 00:00 0 
f76f9000-f7776000 r-xp 00000000 08:04 16994901                           /usr/lib/libssh.so.4.8.7
f7776000-f7777000 ---p 0007d000 08:04 16994901                           /usr/lib/libssh.so.4.8.7
f7777000-f7778000 r--p 0007d000 08:04 16994901                           /usr/lib/libssh.so.4.8.7
f7778000-f7779000 rw-p 0007e000 08:04 16994901                           /usr/lib/libssh.so.4.8.7
f7779000-f7796000 r-xp 00000000 08:04 17040588                           /usr/lib/libidn2.so.0.3.6
f7796000-f7797000 r--p 0001c000 08:04 17040588                           /usr/lib/libidn2.so.0.3.6
f7797000-f7798000 rw-p 00000000 00:00 0 
f7798000-f77c0000 r-xp 00000000 08:04 17191891                           /usr/lib/libnghttp2.so.14.17.0
f77c0000-f77c1000 r--p 00027000 08:04 17191891                           /usr/lib/libnghttp2.so.14.17.0
f77c1000-f77c3000 rw-p 00028000 08:04 17191891                           /usr/lib/libnghttp2.so.14.17.0
f77c3000-f7965000 r-xp 00000000 08:04 16831756                           /usr/lib/libc-2.28.so
f7965000-f7966000 ---p 001a2000 08:04 16831756                           /usr/lib/libc-2.28.so
f7966000-f7968000 r--p 001a2000 08:04 16831756                           /usr/lib/libc-2.28.so
f7968000-f7969000 rw-p 001a4000 08:04 16831756                           /usr/lib/libc-2.28.so
f7969000-f796e000 rw-p 00000000 00:00 0 
f796e000-f7989000 r-xp 00000000 08:04 16985139                           /usr/lib/libgcc_s-8-20210514.so.1
f7989000-f798a000 r--p 0001a000 08:04 16985139                           /usr/lib/libgcc_s-8-20210514.so.1
f798a000-f798b000 rw-p 0001b000 08:04 16985139                           /usr/lib/libgcc_s-8-20210514.so.1
f798b000-f7a5b000 r-xp 00000000 08:04 16831760                           /usr/lib/libm-2.28.so
f7a5b000-f7a5c000 r--p 000cf000 08:04 16831760                           /usr/lib/libm-2.28.so
f7a5c000-f7a5d000 rw-p 000d0000 08:04 16831760                           /usr/lib/libm-2.28.so
f7a5d000-f7be6000 r-xp 00000000 08:04 16985145                           /usr/lib/libstdc++.so.6.0.25
f7be6000-f7be7000 ---p 00189000 08:04 16985145                           /usr/lib/libstdc++.so.6.0.25
f7be7000-f7bed000 r--p 00189000 08:04 16985145                           /usr/lib/libstdc++.so.6.0.25
f7bed000-f7bee000 rw-p 0018f000 08:04 16985145                           /usr/lib/libstdc++.so.6.0.25
f7bee000-f7bf0000 rw-p 00000000 00:00 0 
f7bf0000-f7c07000 r-xp 00000000 08:04 16963437                           /usr/lib/libz.so.1.2.11
f7c07000-f7c08000 ---p 00017000 08:04 16963437                           /usr/lib/libz.so.1.2.11
f7c08000-f7c09000 r--p 00017000 08:04 16963437                           /usr/lib/libz.so.1.2.11
f7c09000-f7c0a000 rw-p 00000000 00:00 0 
f7c0a000-f7d87000 r-xp 00000000 08:04 16963397                           /usr/lib/libxml2.so.2.9.7
f7d87000-f7d8c000 r--p 0017c000 08:04 16963397                           /usr/lib/libxml2.so.2.9.7
f7d8c000-f7d8d000 rw-p 00181000 08:04 16963397                           /usr/lib/libxml2.so.2.9.7
f7d8d000-f7d8e000 rw-p 00000000 00:00 0 
f7d8e000-f7daa000 r-xp 00000000 08:04 16831770                           /usr/lib/libpthread-2.28.so
f7daa000-f7dab000 r--p 0001b000 08:04 16831770                           /usr/lib/libpthread-2.28.so
f7dab000-f7dac000 rw-p 0001c000 08:04 16831770                           /usr/lib/libpthread-2.28.so
f7dac000-f7dae000 rw-p 00000000 00:00 0 
f7dae000-f7e22000 r-xp 00000000 08:04 16818911                           /usr/lib/libpcre.so.1.2.10
f7e22000-f7e23000 ---p 00074000 08:04 16818911                           /usr/lib/libpcre.so.1.2.10
f7e23000-f7e24000 r--p 00074000 08:04 16818911                           /usr/lib/libpcre.so.1.2.10
f7e24000-f7e25000 rw-p 00075000 08:04 16818911                           /usr/lib/libpcre.so.1.2.10
f7e25000-f7e28000 r-xp 00000000 08:04 16831758                           /usr/lib/libdl-2.28.so
f7e28000-f7e29000 r--p 00002000 08:04 16831758                           /usr/lib/libdl-2.28.so
f7e29000-f7e2a000 rw-p 00003000 08:04 16831758                           /usr/lib/libdl-2.28.so
f7e2a000-f7ec7000 r-xp 00000000 08:04 16994905                           /usr/lib/libcurl.so.4.5.0
f7ec7000-f7ec9000 r--p 0009c000 08:04 16994905                           /usr/lib/libcurl.so.4.5.0
f7ec9000-f7eca000 rw-p 0009e000 08:04 16994905                           /usr/lib/libcurl.so.4.5.0
f7eca000-f7ed1000 r--s 00000000 08:04 176632422                          /usr/lib/gconv/gconv-modules.cache
f7ed1000-f7ed9000 rw-s 00000000 08:04 151833488                          /tmp/hsperfdata_almalinux/1412310 (deleted)
f7ed9000-f7eda000 ---p 00000000 00:00 0 
f7eda000-f7edb000 r--p 00000000 00:00 0 
f7edb000-f7edd000 rw-p 00000000 00:00 0 
f7edd000-f7ee1000 r--p 00000000 00:00 0                                  [vvar]
f7ee1000-f7ee3000 r-xp 00000000 00:00 0                                  [vdso]
f7ee3000-f7f12000 r-xp 00000000 08:04 16831749                           /usr/lib/ld-2.28.so
f7f12000-f7f13000 ---p 00000000 00:00 0 
f7f13000-f7f14000 r--p 0002f000 08:04 16831749                           /usr/lib/ld-2.28.so
f7f14000-f7f15000 rw-p 00030000 08:04 16831749                           /usr/lib/ld-2.28.so
ffb21000-ffb22000 rwxp 00000000 00:00 0 
ffc2a000-ffce6000 rw-p 00000000 00:00 0                                  [stack]


VM Arguments:
jvm_args: -Xms128m -Xmx512m -Xss768k -XX:MaxMetaspaceSize=96m -Xrs -XX:-UsePerfData -XX:-AllowUserSignalHandlers -XX:UseSSE=3 -XX+DoEscapeAnalysis -XX:AutoBoxCacheMax:2000 -XX:+OptimizeStringConcat -XX:+OptimizeFill -XX:+EliminateAutoBox -XX:+UseCompressedStrings -XX:+UseCompressedOops -XX:+EliminateLocks -XX:UseFastAccessorMethods -XX:+UseStringCache -XgcPrio:throughput -XXkeepAreaRatio:1 -XXlazyUnlocking -XXcallProfiling -XXcompactRatio:1 
java_command: <unknown>
java_class_path (initial): ../../data/sku.0/sys.server/compiled/game/
Launcher Type: generic

[Global flags]
     intx CICompilerCount                          = 3                                         {product} {ergonomic}
     uint ConcGCThreads                            = 1                                         {product} {ergonomic}
     uint G1ConcRefinementThreads                  = 4                                         {product} {ergonomic}
   size_t G1HeapRegionSize                         = 1048576                                   {product} {ergonomic}
    uintx GCDrainStackTargetSize                   = 64                                        {product} {ergonomic}
   size_t InitialHeapSize                          = 134217728                                 {product} {command line}
   size_t MarkStackSize                            = 32768                                     {product} {ergonomic}
   size_t MaxHeapSize                              = 536870912                                 {product} {command line}
   size_t MaxMetaspaceSize                         = 100663296                                 {product} {command line}
   size_t MaxNewSize                               = 321912832                                 {product} {ergonomic}
   size_t MinHeapDeltaBytes                        = 1048576                                   {product} {ergonomic}
   size_t MinHeapSize                              = 134217728                                 {product} {command line}
    uintx NonNMethodCodeHeapSize                   = 5544422                                {pd product} {ergonomic}
    uintx NonProfiledCodeHeapSize                  = 123056909                              {pd product} {ergonomic}
    uintx ProfiledCodeHeapSize                     = 123056909                              {pd product} {ergonomic}
    uintx ReservedCodeCacheSize                    = 251658240                              {pd product} {ergonomic}
     bool SegmentedCodeCache                       = true                                      {product} {ergonomic}
   size_t SoftMaxHeapSize                          = 536870912                              {manageable} {ergonomic}
   double SweeperThreshold                         = 0.500000                                  {product} {ergonomic}
     intx ThreadStackSize                          = 768                                    {pd product} {command line}
     bool UseG1GC                                  = true                                      {product} {ergonomic}

Logging:
Log output configuration:
 #0: stdout all=off uptime,level,tags
 #1: stderr all=off uptime,level,tags

Environment Variables:
JAVA_HOME=/usr/lib/jvm/zulu-17-x86
PATH=/usr/java/jdk1.7.0_80/bin:/usr/java/jdk1.7.0_80/bin:/usr/java/jdk1.6.0_45/bin:/usr/java/jdk1.6.0_45/bin:/usr/java/jdk1.6.0_45/bin:/home/almalinux/.local/bin:/home/almalinux/bin:/sbin:/bin:/usr/bin:/usr/local/bin:/usr/local/sbin:/usr/sbin:/usr/lib/oracle/18.3/client/bin:/usr/lib/oracle/18.3/client/bin:/usr/lib/jvm/java-11-openjdk/bin:./
LD_LIBRARY_PATH=/usr/lib/jvm/java-17-zulu-openjdk-jdk-x86/lib/server:/usr/lib/jvm/java-17-zulu-openjdk-jdk-x86/lib:/usr/lib/jvm/java-17-zulu-openjdk-jdk-x86/../lib:/usr/lib/jvm/zulu-17-x86/lib/server:/usr/lib/jvm/java-11-openjdk/lib:/usr/lib/jvm/java-11-openjdk/lib/server:./
SHELL=/bin/bash
DISPLAY=:10.0
LANG=en_US.UTF-8
TERM=xterm-256color

Active Locale:
LC_ALL=en_US.UTF-8
LC_COLLATE=en_US.UTF-8
LC_CTYPE=en_US.UTF-8
LC_MESSAGES=en_US.UTF-8
LC_MONETARY=en_US.UTF-8
LC_NUMERIC=en_US.UTF-8
LC_TIME=en_US.UTF-8

Signal Handlers:
   SIGSEGV: crash_handler in libjvm.so, mask=11100100010111111101111111111110, flags=SA_RESTART|SA_SIGINFO, unblocked
    SIGBUS: crash_handler in libjvm.so, mask=11100100010111111101111111111110, flags=SA_RESTART|SA_SIGINFO, unblocked
    SIGFPE: crash_handler in libjvm.so, mask=11100100010111111101111111111110, flags=SA_RESTART|SA_SIGINFO, unblocked
   SIGPIPE: SIG_IGN, mask=00000000000010000000000000000000, flags=SA_RESTART, blocked
  *** Handler was modified!
  *** Expected: javaSignalHandler in libjvm.so, mask=11100100110111111111111111111110, flags=SA_RESTART|SA_SIGINFO
   SIGXFSZ: javaSignalHandler in libjvm.so, mask=11100100010111111101111111111110, flags=SA_RESTART|SA_SIGINFO, blocked
    SIGILL: crash_handler in libjvm.so, mask=11100100010111111101111111111110, flags=SA_RESTART|SA_SIGINFO, unblocked
   SIGUSR2: SR_handler in libjvm.so, mask=00100000000000000000000000000000, flags=SA_RESTART|SA_SIGINFO, blocked
    SIGHUP: UserHandler in libjvm.so, mask=11100100010111111101111111111110, flags=SA_RESTART|SA_SIGINFO, blocked
    SIGINT: UserHandler in libjvm.so, mask=11100100010111111101111111111110, flags=SA_RESTART|SA_SIGINFO, blocked
   SIGTERM: UserHandler in libjvm.so, mask=11100100010111111101111111111110, flags=SA_RESTART|SA_SIGINFO, blocked
   SIGQUIT: UserHandler in libjvm.so, mask=11100100010111111101111111111110, flags=SA_RESTART|SA_SIGINFO, blocked
   SIGTRAP: crash_handler in libjvm.so, mask=11100100010111111101111111111110, flags=SA_RESTART|SA_SIGINFO, unblocked


Periodic native trim disabled


---------------  S Y S T E M  ---------------

OS:
AlmaLinux release 8.10 (Cerulean Leopard)
uname: Linux 4.18.0-553.81.1.el8_10.x86_64 #1 SMP Mon Oct 27 11:29:19 EDT 2025 x86_64
OS uptime: 33 days 22:46 hours
libc: glibc 2.28 NPTL 2.28 
rlimit (soft/hard): STACK 8192k/infinity , CORE 0k/infinity , NPROC 61995/61995 , NOFILE 262144/262144 , AS infinity/infinity , CPU infinity/infinity , DATA infinity/infinity , FSIZE infinity/infinity , MEMLOCK 64k/64k
load average: 41.24 40.19 29.39

/proc/meminfo:
MemTotal:       16014448 kB
MemFree:         5303448 kB
MemAvailable:    6604688 kB
Buffers:             840 kB
Cached:          3301024 kB
SwapCached:        37036 kB
Active:          2934364 kB
Inactive:        7138316 kB
Active(anon):    2050868 kB
Inactive(anon):  6725428 kB
Active(file):     883496 kB
Inactive(file):   412888 kB
Unevictable:        3104 kB
Mlocked:              16 kB
SwapTotal:       8388604 kB
SwapFree:        6670664 kB
Dirty:               672 kB
Writeback:             0 kB
AnonPages:       6754116 kB
Mapped:          1575280 kB
Shmem:           2005480 kB
KReclaimable:     181900 kB
Slab:             305084 kB
SReclaimable:     181900 kB
SUnreclaim:       123184 kB
KernelStack:       19232 kB
PageTables:       151004 kB
NFS_Unstable:          0 kB
Bounce:                0 kB
WritebackTmp:          0 kB
CommitLimit:    16395828 kB
Committed_AS:   19936624 kB
VmallocTotal:   34359738367 kB
VmallocUsed:       65332 kB
VmallocChunk:          0 kB
Percpu:             2704 kB
HardwareCorrupted:     0 kB
AnonHugePages:         0 kB
ShmemHugePages:        0 kB
ShmemPmdMapped:        0 kB
FileHugePages:         0 kB
FilePmdMapped:         0 kB
HugePages_Total:       0
HugePages_Free:        0
HugePages_Rsvd:        0
HugePages_Surp:        0
Hugepagesize:       2048 kB
Hugetlb:               0 kB
DirectMap4k:     2565996 kB
DirectMap2M:    13817856 kB

/sys/kernel/mm/transparent_hugepage/enabled: always madvise [never]
/sys/kernel/mm/transparent_hugepage/hpage_pmd_size: 2097152
/sys/kernel/mm/transparent_hugepage/defrag (defrag/compaction efforts parameter): always defer defer+madvise [madvise] never

Process Memory:
Virtual Size: 1256856K (peak: 1267140K)
Resident Set Size: 494648K (peak: 502860K) (anon: 460652K, file: 33996K, shmem: 0K)
Swapped out: 0K
C-Heap outstanding allocations: 26591K, retained: 318080K
glibc malloc tunables: (default)

/proc/sys/kernel/threads-max (system-wide limit on the number of threads): 123991
/proc/sys/vm/max_map_count (maximum number of memory map areas a process may have): 1677720
/proc/sys/kernel/pid_max (system-wide limit on number of process identifiers): 4194304

container (cgroup) information:
container_type: cgroupv1
cpu_cpuset_cpus: 0-3
cpu_memory_nodes: 0
active_processor_count: 4
cpu_quota: no quota
cpu_period: 100000
cpu_shares: no shares
memory_limit_in_bytes: unlimited
memory_and_swap_limit_in_bytes: unlimited
memory_soft_limit_in_bytes: unlimited
memory_usage_in_bytes: 9222740 k
memory_max_usage_in_bytes: 14783012 k
kernel_memory_usage_in_bytes: 248468 k
kernel_memory_max_usage_in_bytes: unlimited
kernel_memory_limit_in_bytes: 985464 k
maximum number of tasks: unlimited
current number of tasks: 492

KVM virtualization detected
Steal ticks since vm start: 135
Steal ticks percentage since vm start:  0.000

CPU: total 4 (initial active 4) (1 cores per cpu, 1 threads per core) family 6 model 60 stepping 1 microcode 0x1, cx8, cmov, fxsr, mmx, sse, sse2, sse3, ssse3, sse4.1, sse4.2, popcnt, lzcnt, tsc, avx, avx2, aes, erms, clmul, bmi1, bmi2, fma, vzeroupper, clflush, hv
CPU Model and flags from /proc/cpuinfo:
model name	: Intel Core Processor (Haswell, no TSX)
flags		: fpu vme de pse tsc msr pae mce cx8 apic sep mtrr pge mca cmov pat pse36 clflush mmx fxsr sse sse2 syscall nx rdtscp lm constant_tsc rep_good nopl xtopology cpuid tsc_known_freq pni pclmulqdq vmx ssse3 fma cx16 pcid sse4_1 sse4_2 x2apic movbe popcnt tsc_deadline_timer aes xsave avx f16c rdrand hypervisor lahf_lm abm cpuid_fault invpcid_single pti tpr_shadow vnmi flexpriority ept vpid ept_ad fsgsbase bmi1 avx2 smep bmi2 erms invpcid xsaveopt arat md_clear

Online cpus: 0-3
Offline cpus: 
BIOS frequency limitation: <Not Available>
Frequency switch latency (ns): <Not Available>
Available cpu frequencies: <Not Available>
Current governor: <Not Available>
Core performance/turbo boost: <Not Available>

Memory: 4k page, physical 16014448k(5303448k free), swap 8388604k(6670664k free)
Page Sizes: 4k

vm_info: OpenJDK Server VM (17.0.11+9-LTS) for linux-x86 JRE (17.0.11+9-LTS) (Zulu17.50+19-CA), built on Apr  9 2024 07:14:46 by "zulu_re" with gcc 8.3.0

END.
