#
# A fatal error has been detected by the Java Runtime Environment:
#
#  SIGSEGV (0xb) at pc=0xf78aa618, pid=1433291, tid=1433291
#
# JRE version: OpenJDK Runtime Environment Zulu17.50+19-CA (17.0.11+9) (build 17.0.11+9-LTS)
# Java VM: OpenJDK Server VM Zulu17.50+19-CA (17.0.11+9-LTS, mixed mode, sharing, tiered, g1 gc, linux-x86)
# Problematic frame:
# C  [libc.so.6+0x84618]  cfree+0x28
#
# Core dump will be written. Default location: Core dumps may be processed with "/usr/lib/systemd/systemd-coredump %P %u %g %s %t %c %h %e" (or dumping to /home/almalinux/swg-returns-nge/exe/linux/core.1433291)
#
# If you would like to submit a bug report, please visit:
#   http://www.azul.com/support/
#

---------------  S U M M A R Y ------------

Command Line: -Xms128m -Xmx512m -Xss768k -XX:MaxMetaspaceSize=96m -Xrs -XX:-UsePerfData -XX:-AllowUserSignalHandlers -XX:UseSSE=3 -XX+DoEscapeAnalysis -XX:AutoBoxCacheMax:2000 -XX:+OptimizeStringConcat -XX:+OptimizeFill -XX:+EliminateAutoBox -XX:+UseCompressedStrings -XX:+UseCompressedOops -XX:+EliminateLocks -XX:UseFastAccessorMethods -XX:+UseStringCache -XgcPrio:throughput -XXkeepAreaRatio:1 -XXlazyUnlocking -XXcallProfiling -XXcompactRatio:1 

Host: Intel Core Processor (Haswell, no TSX), 4 cores, 15G, AlmaLinux release 8.10 (Cerulean Leopard)
Time: Sun Jan 25 20:28:30 2026 UTC elapsed time: 102.121748 seconds (0d 0h 1m 42s)

---------------  T H R E A D  ---------------

Current thread is native thread

Stack: [0xffe69000,0xfff29000],  sp=0xfff25be0,  free space=754k
Native frames: (J=compiled Java code, j=interpreted, Vv=VM code, C=native code)
C  [libc.so.6+0x84618]  cfree+0x28


siginfo: si_signo: 11 (SIGSEGV), si_code: 1 (SEGV_MAPERR), si_addr: 0x00000003

Registers:
EAX=0x00000000, EBX=0x00000007, ECX=0xf6ee884c, EDX=0x0aa4be58
ESP=0xfff25be0, EBP=0xfff25d18, ESI=0xf79cb000, EDI=0x00000000
EIP=0xf78aa618, EFLAGS=0x00210202, CR2=0x0000000000000003


Top of Stack: (sp=0xfff25be0)
0xfff25be0:   0a6cf000 00000000 fff25d18 f7b37f1c
0xfff25bf0:   0a6cf090 f7c4ea04 0aa4be30 f7b37f1c
0xfff25c00:   00000007 f7b37f0a f7c4ea04 f7b37f4c
0xfff25c10:   0a6cf090 f7b37f0a 0aa4fbd0 085b6163
0xfff25c20:   00000007 0a6cf000 0a6ced10 085bb8d1
0xfff25c30:   0a6cf000 0a6ced10 00000000 085bb89b
0xfff25c40:   0bee83e0 fff25c67 fff25c8c 085c6969
0xfff25c50:   087d6c00 fff25c8c fff25d18 084fc53b
0xfff25c60:   00000014 00010002 00000000 00000000
0xfff25c70:   01010100 00000001 09aa44c0 00000000
0xfff25c80:   00000000 00000000 00000000 00000000
0xfff25c90:   00000000 00000015 fff25de8 f785b6ff
0xfff25ca0:   f79cb41c 47677753 53656d61 65767265
0xfff25cb0:   34313a72 39323333 09290031 0aa311f0
0xfff25cc0:   08ea0100 08ebc230 08ea5888 f79cb41c
0xfff25cd0:   00000428 00000420 f785b779 085758fd
0xfff25ce0:   08ea2a80 09b1ea78 08ea5888 08574f56
0xfff25cf0:   0929a2c4 0929a2c4 fff25de8 08ea583b
0xfff25d00:   0000000c fff25db4 fff25d30 f79cb000
0xfff25d10:   00000000 08575910 00000000 f7843f26
0xfff25d20:   00000000 08575910 00000000 f7843f26
0xfff25d30:   0000000c fff25db4 fff25de8 fff25d54
0xfff25d40:   0929a2d0 00000000 fff25de8 f79cb000
0xfff25d50:   f783375c f79cb000 00000000 08575910
0xfff25d60:   00000000 4e019a4b a2c6325b 00000000
0xfff25d70:   00000000 00000000 f7f4a4d0 f7843e30
0xfff25d80:   084fc260 0929a2c4 0000000c 08575946
0xfff25d90:   084fc260 0000000c fff25db4 08ea57f0
0xfff25da0:   08ea5850 f7f4a4d0 fff25dac f7f77970
0xfff25db0:   0000000c fff27632 fff27644 fff27647
0xfff25dc0:   fff27659 fff2765c fff27667 fff2768b
0xfff25dd0:   fff2769b fff276ac fff276cd fff276d0 

Instructions: (pc=0xf78aa618)
0xf78aa518:   50 8d 96 86 f7 fa ff 8d 86 d0 2f fb ff e8 c6 b7
0xf78aa528:   ff ff 8d b6 00 00 00 00 bb 20 00 00 00 e9 5e fe
0xf78aa538:   ff ff e8 a1 c0 ff ff 89 c5 85 c0 0f 85 68 ff ff
0xf78aa548:   ff 31 d2 8d 44 3b 10 e8 8c c1 ff ff 89 da 89 f9
0xf78aa558:   89 c5 e8 11 f0 ff ff 89 c2 85 c0 75 1b 85 ed 74
0xf78aa568:   17 90 89 fa 89 e8 e8 bd c5 ff ff 89 da 89 f9 89
0xf78aa578:   c5 e8 f2 ef ff ff 89 c2 85 ed 0f 84 57 ff ff ff
0xf78aa588:   e9 39 ff ff ff 8d 86 b8 31 fb ff 83 ec 0c b9 25
0xf78aa598:   0d 00 00 50 8d 96 86 f7 fa ff 8d 86 74 2f fb ff
0xf78aa5a8:   e8 43 b7 ff ff 8d 76 00 f3 0f 1e fb e8 0a 9a f9
0xf78aa5b8:   ff 05 47 0a 12 00 56 53 83 ec 04 8b 5c 24 10 8b
0xf78aa5c8:   74 24 14 8b 80 50 ff ff ff c7 00 00 00 00 00 e8
0xf78aa5d8:   54 bb ff ff 8b 4c 24 0c 83 c4 04 89 f2 89 d8 5b
0xf78aa5e8:   5e e9 42 fd ff ff 66 90 f3 0f 1e fb 56 e8 9a 9b
0xf78aa5f8:   f9 ff 81 c6 06 0a 12 00 53 83 ec 14 8b 5c 24 20
0xf78aa608:   8b 86 5c ff ff ff 8b 00 85 c0 75 6c 85 db 74 75
0xf78aa618:   8b 4b fc 8d 53 f8 f6 c1 02 75 35 8b 86 70 fe ff
0xf78aa628:   ff 65 8b 00 85 c0 0f 84 8c 00 00 00 83 e1 04 8d
0xf78aa638:   86 60 07 00 00 74 09 89 d0 25 00 00 f0 ff 8b 00
0xf78aa648:   83 c4 14 31 c9 5b 5e e9 8c cb ff ff 8d 74 26 00
0xf78aa658:   8b 9e 60 01 00 00 85 db 75 10 3b 8e 48 01 00 00
0xf78aa668:   76 08 81 f9 00 00 08 00 76 26 83 c4 14 89 d0 5b
0xf78aa678:   5e e9 92 b8 ff ff 66 90 83 ec 08 ff 74 24 24 53
0xf78aa688:   ff d0 83 c4 10 83 c4 14 5b 5e c3 8d 74 26 00 90
0xf78aa698:   39 96 80 1d 00 00 77 08 39 96 7c 1d 00 00 77 ca
0xf78aa6a8:   83 e1 f8 8d 04 09 89 8e 48 01 00 00 89 86 40 01
0xf78aa6b8:   00 00 90 eb b5 8d 76 00 8b 86 74 fe ff ff 65 80
0xf78aa6c8:   38 00 0f 85 64 ff ff ff 89 54 24 0c e8 97 ed ff
0xf78aa6d8:   ff 8b 4b fc 8b 54 24 0c e9 4f ff ff ff 8d b4 26
0xf78aa6e8:   00 00 00 00 8d 74 26 00 f3 0f 1e fb 55 57 56 e8
0xf78aa6f8:   98 9a f9 ff 81 c6 04 09 12 00 53 83 ec 0c 8b 86
0xf78aa708:   70 fe ff ff 8b 96 74 fe ff ff 65 8b 28 65 c6 02 



---------------  P R O C E S S  ---------------

VM state: at safepoint (shutting down)

VM Mutex/Monitor currently owned by a thread:  ([mutex/lock_event])
[0xf5e21d30] Threads_lock - owner thread: 0xc4294cf0

GC Precious Log:
<Skipped>

Heap:
 garbage-first heap   total 131072K, used 67448K [0xc5c00000, 0xe5c00000)
  region size 1024K, 65 young (66560K), 2 survivors (2048K)
 Metaspace       used 5475K, committed 5952K, reserved 16384K

Heap Regions: E=young(eden), S=young(survivor), O=old, HS=humongous(starts), HC=humongous(continues), CS=collection set, F=free, OA=open archive, CA=closed archive, TAMS=top-at-mark-start (previous, next)
|   0|0xc5c00000, 0xc5c00000, 0xc5d00000|  0%| F|  |TAMS 0xc5c00000, 0xc5c00000| Untracked 
|   1|0xc5d00000, 0xc5e00000, 0xc5e00000|100%| O|  |TAMS 0xc5d00000, 0xc5d00000| Untracked 
|   2|0xc5e00000, 0xc5eccc00, 0xc5f00000| 79%| O|  |TAMS 0xc5e00000, 0xc5e00000| Untracked 
|   3|0xc5f00000, 0xc5f00000, 0xc6000000|  0%| F|  |TAMS 0xc5f00000, 0xc5f00000| Untracked 
|   4|0xc6000000, 0xc6000000, 0xc6100000|  0%| F|  |TAMS 0xc6000000, 0xc6000000| Untracked 
|   5|0xc6100000, 0xc6100000, 0xc6200000|  0%| F|  |TAMS 0xc6100000, 0xc6100000| Untracked 
|   6|0xc6200000, 0xc6200000, 0xc6300000|  0%| F|  |TAMS 0xc6200000, 0xc6200000| Untracked 
|   7|0xc6300000, 0xc6300000, 0xc6400000|  0%| F|  |TAMS 0xc6300000, 0xc6300000| Untracked 
|   8|0xc6400000, 0xc6400000, 0xc6500000|  0%| F|  |TAMS 0xc6400000, 0xc6400000| Untracked 
|   9|0xc6500000, 0xc6500000, 0xc6600000|  0%| F|  |TAMS 0xc6500000, 0xc6500000| Untracked 
|  10|0xc6600000, 0xc6600000, 0xc6700000|  0%| F|  |TAMS 0xc6600000, 0xc6600000| Untracked 
|  11|0xc6700000, 0xc6700000, 0xc6800000|  0%| F|  |TAMS 0xc6700000, 0xc6700000| Untracked 
|  12|0xc6800000, 0xc6800000, 0xc6900000|  0%| F|  |TAMS 0xc6800000, 0xc6800000| Untracked 
|  13|0xc6900000, 0xc6900000, 0xc6a00000|  0%| F|  |TAMS 0xc6900000, 0xc6900000| Untracked 
|  14|0xc6a00000, 0xc6a00000, 0xc6b00000|  0%| F|  |TAMS 0xc6a00000, 0xc6a00000| Untracked 
|  15|0xc6b00000, 0xc6b00000, 0xc6c00000|  0%| F|  |TAMS 0xc6b00000, 0xc6b00000| Untracked 
|  16|0xc6c00000, 0xc6c00000, 0xc6d00000|  0%| F|  |TAMS 0xc6c00000, 0xc6c00000| Untracked 
|  17|0xc6d00000, 0xc6d00000, 0xc6e00000|  0%| F|  |TAMS 0xc6d00000, 0xc6d00000| Untracked 
|  18|0xc6e00000, 0xc6e00000, 0xc6f00000|  0%| F|  |TAMS 0xc6e00000, 0xc6e00000| Untracked 
|  19|0xc6f00000, 0xc6f00000, 0xc7000000|  0%| F|  |TAMS 0xc6f00000, 0xc6f00000| Untracked 
|  20|0xc7000000, 0xc7000000, 0xc7100000|  0%| F|  |TAMS 0xc7000000, 0xc7000000| Untracked 
|  21|0xc7100000, 0xc7100000, 0xc7200000|  0%| F|  |TAMS 0xc7100000, 0xc7100000| Untracked 
|  22|0xc7200000, 0xc7200000, 0xc7300000|  0%| F|  |TAMS 0xc7200000, 0xc7200000| Untracked 
|  23|0xc7300000, 0xc7300000, 0xc7400000|  0%| F|  |TAMS 0xc7300000, 0xc7300000| Untracked 
|  24|0xc7400000, 0xc7400000, 0xc7500000|  0%| F|  |TAMS 0xc7400000, 0xc7400000| Untracked 
|  25|0xc7500000, 0xc7500000, 0xc7600000|  0%| F|  |TAMS 0xc7500000, 0xc7500000| Untracked 
|  26|0xc7600000, 0xc7600000, 0xc7700000|  0%| F|  |TAMS 0xc7600000, 0xc7600000| Untracked 
|  27|0xc7700000, 0xc7700000, 0xc7800000|  0%| F|  |TAMS 0xc7700000, 0xc7700000| Untracked 
|  28|0xc7800000, 0xc7800000, 0xc7900000|  0%| F|  |TAMS 0xc7800000, 0xc7800000| Untracked 
|  29|0xc7900000, 0xc7900000, 0xc7a00000|  0%| F|  |TAMS 0xc7900000, 0xc7900000| Untracked 
|  30|0xc7a00000, 0xc7a00000, 0xc7b00000|  0%| F|  |TAMS 0xc7a00000, 0xc7a00000| Untracked 
|  31|0xc7b00000, 0xc7b00000, 0xc7c00000|  0%| F|  |TAMS 0xc7b00000, 0xc7b00000| Untracked 
|  32|0xc7c00000, 0xc7c00000, 0xc7d00000|  0%| F|  |TAMS 0xc7c00000, 0xc7c00000| Untracked 
|  33|0xc7d00000, 0xc7d00000, 0xc7e00000|  0%| F|  |TAMS 0xc7d00000, 0xc7d00000| Untracked 
|  34|0xc7e00000, 0xc7e00000, 0xc7f00000|  0%| F|  |TAMS 0xc7e00000, 0xc7e00000| Untracked 
|  35|0xc7f00000, 0xc7f00000, 0xc8000000|  0%| F|  |TAMS 0xc7f00000, 0xc7f00000| Untracked 
|  36|0xc8000000, 0xc8000000, 0xc8100000|  0%| F|  |TAMS 0xc8000000, 0xc8000000| Untracked 
|  37|0xc8100000, 0xc8100000, 0xc8200000|  0%| F|  |TAMS 0xc8100000, 0xc8100000| Untracked 
|  38|0xc8200000, 0xc8200000, 0xc8300000|  0%| F|  |TAMS 0xc8200000, 0xc8200000| Untracked 
|  39|0xc8300000, 0xc8300000, 0xc8400000|  0%| F|  |TAMS 0xc8300000, 0xc8300000| Untracked 
|  40|0xc8400000, 0xc8400000, 0xc8500000|  0%| F|  |TAMS 0xc8400000, 0xc8400000| Untracked 
|  41|0xc8500000, 0xc8500000, 0xc8600000|  0%| F|  |TAMS 0xc8500000, 0xc8500000| Untracked 
|  42|0xc8600000, 0xc8600000, 0xc8700000|  0%| F|  |TAMS 0xc8600000, 0xc8600000| Untracked 
|  43|0xc8700000, 0xc8700000, 0xc8800000|  0%| F|  |TAMS 0xc8700000, 0xc8700000| Untracked 
|  44|0xc8800000, 0xc8800000, 0xc8900000|  0%| F|  |TAMS 0xc8800000, 0xc8800000| Untracked 
|  45|0xc8900000, 0xc8900000, 0xc8a00000|  0%| F|  |TAMS 0xc8900000, 0xc8900000| Untracked 
|  46|0xc8a00000, 0xc8a00000, 0xc8b00000|  0%| F|  |TAMS 0xc8a00000, 0xc8a00000| Untracked 
|  47|0xc8b00000, 0xc8b00000, 0xc8c00000|  0%| F|  |TAMS 0xc8b00000, 0xc8b00000| Untracked 
|  48|0xc8c00000, 0xc8c00000, 0xc8d00000|  0%| F|  |TAMS 0xc8c00000, 0xc8c00000| Untracked 
|  49|0xc8d00000, 0xc8d00000, 0xc8e00000|  0%| F|  |TAMS 0xc8d00000, 0xc8d00000| Untracked 
|  50|0xc8e00000, 0xc8e00000, 0xc8f00000|  0%| F|  |TAMS 0xc8e00000, 0xc8e00000| Untracked 
|  51|0xc8f00000, 0xc8f00000, 0xc9000000|  0%| F|  |TAMS 0xc8f00000, 0xc8f00000| Untracked 
|  52|0xc9000000, 0xc9000000, 0xc9100000|  0%| F|  |TAMS 0xc9000000, 0xc9000000| Untracked 
|  53|0xc9100000, 0xc9100000, 0xc9200000|  0%| F|  |TAMS 0xc9100000, 0xc9100000| Untracked 
|  54|0xc9200000, 0xc9200000, 0xc9300000|  0%| F|  |TAMS 0xc9200000, 0xc9200000| Untracked 
|  55|0xc9300000, 0xc9300000, 0xc9400000|  0%| F|  |TAMS 0xc9300000, 0xc9300000| Untracked 
|  56|0xc9400000, 0xc9400000, 0xc9500000|  0%| F|  |TAMS 0xc9400000, 0xc9400000| Untracked 
|  57|0xc9500000, 0xc9500000, 0xc9600000|  0%| F|  |TAMS 0xc9500000, 0xc9500000| Untracked 
|  58|0xc9600000, 0xc9600000, 0xc9700000|  0%| F|  |TAMS 0xc9600000, 0xc9600000| Untracked 
|  59|0xc9700000, 0xc9700000, 0xc9800000|  0%| F|  |TAMS 0xc9700000, 0xc9700000| Untracked 
|  60|0xc9800000, 0xc9800000, 0xc9900000|  0%| F|  |TAMS 0xc9800000, 0xc9800000| Untracked 
|  61|0xc9900000, 0xc9900000, 0xc9a00000|  0%| F|  |TAMS 0xc9900000, 0xc9900000| Untracked 
|  62|0xc9a00000, 0xc9a00000, 0xc9b00000|  0%| F|  |TAMS 0xc9a00000, 0xc9a00000| Untracked 
|  63|0xc9b00000, 0xc9c00000, 0xc9c00000|100%| E|  |TAMS 0xc9b00000, 0xc9b00000| Complete 
|  64|0xc9c00000, 0xc9d00000, 0xc9d00000|100%| E|CS|TAMS 0xc9c00000, 0xc9c00000| Complete 
|  65|0xc9d00000, 0xc9e00000, 0xc9e00000|100%| E|CS|TAMS 0xc9d00000, 0xc9d00000| Complete 
|  66|0xc9e00000, 0xc9f00000, 0xc9f00000|100%| E|CS|TAMS 0xc9e00000, 0xc9e00000| Complete 
|  67|0xc9f00000, 0xca000000, 0xca000000|100%| E|CS|TAMS 0xc9f00000, 0xc9f00000| Complete 
|  68|0xca000000, 0xca100000, 0xca100000|100%| E|CS|TAMS 0xca000000, 0xca000000| Complete 
|  69|0xca100000, 0xca200000, 0xca200000|100%| E|CS|TAMS 0xca100000, 0xca100000| Complete 
|  70|0xca200000, 0xca300000, 0xca300000|100%| E|CS|TAMS 0xca200000, 0xca200000| Complete 
|  71|0xca300000, 0xca400000, 0xca400000|100%| E|CS|TAMS 0xca300000, 0xca300000| Complete 
|  72|0xca400000, 0xca500000, 0xca500000|100%| E|CS|TAMS 0xca400000, 0xca400000| Complete 
|  73|0xca500000, 0xca600000, 0xca600000|100%| E|CS|TAMS 0xca500000, 0xca500000| Complete 
|  74|0xca600000, 0xca700000, 0xca700000|100%| E|CS|TAMS 0xca600000, 0xca600000| Complete 
|  75|0xca700000, 0xca800000, 0xca800000|100%| E|CS|TAMS 0xca700000, 0xca700000| Complete 
|  76|0xca800000, 0xca900000, 0xca900000|100%| E|CS|TAMS 0xca800000, 0xca800000| Complete 
|  77|0xca900000, 0xcaa00000, 0xcaa00000|100%| E|CS|TAMS 0xca900000, 0xca900000| Complete 
|  78|0xcaa00000, 0xcab00000, 0xcab00000|100%| E|CS|TAMS 0xcaa00000, 0xcaa00000| Complete 
|  79|0xcab00000, 0xcac00000, 0xcac00000|100%| E|CS|TAMS 0xcab00000, 0xcab00000| Complete 
|  80|0xcac00000, 0xcad00000, 0xcad00000|100%| E|CS|TAMS 0xcac00000, 0xcac00000| Complete 
|  81|0xcad00000, 0xcae00000, 0xcae00000|100%| E|CS|TAMS 0xcad00000, 0xcad00000| Complete 
|  82|0xcae00000, 0xcaf00000, 0xcaf00000|100%| E|CS|TAMS 0xcae00000, 0xcae00000| Complete 
|  83|0xcaf00000, 0xcb000000, 0xcb000000|100%| E|CS|TAMS 0xcaf00000, 0xcaf00000| Complete 
|  84|0xcb000000, 0xcb100000, 0xcb100000|100%| E|CS|TAMS 0xcb000000, 0xcb000000| Complete 
|  85|0xcb100000, 0xcb200000, 0xcb200000|100%| E|CS|TAMS 0xcb100000, 0xcb100000| Complete 
|  86|0xcb200000, 0xcb300000, 0xcb300000|100%| E|CS|TAMS 0xcb200000, 0xcb200000| Complete 
|  87|0xcb300000, 0xcb400000, 0xcb400000|100%| E|CS|TAMS 0xcb300000, 0xcb300000| Complete 
|  88|0xcb400000, 0xcb500000, 0xcb500000|100%| E|CS|TAMS 0xcb400000, 0xcb400000| Complete 
|  89|0xcb500000, 0xcb600000, 0xcb600000|100%| E|CS|TAMS 0xcb500000, 0xcb500000| Complete 
|  90|0xcb600000, 0xcb700000, 0xcb700000|100%| E|CS|TAMS 0xcb600000, 0xcb600000| Complete 
|  91|0xcb700000, 0xcb800000, 0xcb800000|100%| E|CS|TAMS 0xcb700000, 0xcb700000| Complete 
|  92|0xcb800000, 0xcb900000, 0xcb900000|100%| E|CS|TAMS 0xcb800000, 0xcb800000| Complete 
|  93|0xcb900000, 0xcba00000, 0xcba00000|100%| E|CS|TAMS 0xcb900000, 0xcb900000| Complete 
|  94|0xcba00000, 0xcbb00000, 0xcbb00000|100%| E|CS|TAMS 0xcba00000, 0xcba00000| Complete 
|  95|0xcbb00000, 0xcbc00000, 0xcbc00000|100%| E|CS|TAMS 0xcbb00000, 0xcbb00000| Complete 
|  96|0xcbc00000, 0xcbd00000, 0xcbd00000|100%| E|CS|TAMS 0xcbc00000, 0xcbc00000| Complete 
|  97|0xcbd00000, 0xcbe00000, 0xcbe00000|100%| E|CS|TAMS 0xcbd00000, 0xcbd00000| Complete 
|  98|0xcbe00000, 0xcbf00000, 0xcbf00000|100%| E|CS|TAMS 0xcbe00000, 0xcbe00000| Complete 
|  99|0xcbf00000, 0xcc000000, 0xcc000000|100%| E|CS|TAMS 0xcbf00000, 0xcbf00000| Complete 
| 100|0xcc000000, 0xcc100000, 0xcc100000|100%| E|CS|TAMS 0xcc000000, 0xcc000000| Complete 
| 101|0xcc100000, 0xcc200000, 0xcc200000|100%| E|CS|TAMS 0xcc100000, 0xcc100000| Complete 
| 102|0xcc200000, 0xcc300000, 0xcc300000|100%| E|CS|TAMS 0xcc200000, 0xcc200000| Complete 
| 103|0xcc300000, 0xcc400000, 0xcc400000|100%| E|CS|TAMS 0xcc300000, 0xcc300000| Complete 
| 104|0xcc400000, 0xcc500000, 0xcc500000|100%| E|CS|TAMS 0xcc400000, 0xcc400000| Complete 
| 105|0xcc500000, 0xcc600000, 0xcc600000|100%| E|CS|TAMS 0xcc500000, 0xcc500000| Complete 
| 106|0xcc600000, 0xcc700000, 0xcc700000|100%| E|CS|TAMS 0xcc600000, 0xcc600000| Complete 
| 107|0xcc700000, 0xcc711420, 0xcc800000|  6%| S|CS|TAMS 0xcc700000, 0xcc700000| Complete 
| 108|0xcc800000, 0xcc900000, 0xcc900000|100%| S|CS|TAMS 0xcc800000, 0xcc800000| Complete 
| 109|0xcc900000, 0xcca00000, 0xcca00000|100%| E|CS|TAMS 0xcc900000, 0xcc900000| Complete 
| 110|0xcca00000, 0xccb00000, 0xccb00000|100%| E|CS|TAMS 0xcca00000, 0xcca00000| Complete 
| 111|0xccb00000, 0xccc00000, 0xccc00000|100%| E|CS|TAMS 0xccb00000, 0xccb00000| Complete 
| 112|0xccc00000, 0xccd00000, 0xccd00000|100%| E|CS|TAMS 0xccc00000, 0xccc00000| Complete 
| 113|0xccd00000, 0xcce00000, 0xcce00000|100%| E|CS|TAMS 0xccd00000, 0xccd00000| Complete 
| 114|0xcce00000, 0xccf00000, 0xccf00000|100%| E|CS|TAMS 0xcce00000, 0xcce00000| Complete 
| 115|0xccf00000, 0xcd000000, 0xcd000000|100%| E|CS|TAMS 0xccf00000, 0xccf00000| Complete 
| 116|0xcd000000, 0xcd100000, 0xcd100000|100%| E|CS|TAMS 0xcd000000, 0xcd000000| Complete 
| 117|0xcd100000, 0xcd200000, 0xcd200000|100%| E|CS|TAMS 0xcd100000, 0xcd100000| Complete 
| 118|0xcd200000, 0xcd300000, 0xcd300000|100%| E|CS|TAMS 0xcd200000, 0xcd200000| Complete 
| 119|0xcd300000, 0xcd400000, 0xcd400000|100%| E|CS|TAMS 0xcd300000, 0xcd300000| Complete 
| 120|0xcd400000, 0xcd500000, 0xcd500000|100%| E|CS|TAMS 0xcd400000, 0xcd400000| Complete 
| 121|0xcd500000, 0xcd600000, 0xcd600000|100%| E|CS|TAMS 0xcd500000, 0xcd500000| Complete 
| 122|0xcd600000, 0xcd700000, 0xcd700000|100%| E|CS|TAMS 0xcd600000, 0xcd600000| Complete 
| 123|0xcd700000, 0xcd800000, 0xcd800000|100%| E|CS|TAMS 0xcd700000, 0xcd700000| Complete 
| 124|0xcd800000, 0xcd900000, 0xcd900000|100%| E|CS|TAMS 0xcd800000, 0xcd800000| Complete 
| 125|0xcd900000, 0xcda00000, 0xcda00000|100%| E|CS|TAMS 0xcd900000, 0xcd900000| Complete 
| 126|0xcda00000, 0xcdb00000, 0xcdb00000|100%| E|CS|TAMS 0xcda00000, 0xcda00000| Complete 
| 127|0xcdb00000, 0xcdc00000, 0xcdc00000|100%| E|CS|TAMS 0xcdb00000, 0xcdb00000| Complete 

Card table byte_map: [0xc5a00000,0xc5b00000] _byte_map_base: 0xc53d2000

Marking Bits (Prev, Next): (CMBitMap*) 0xf5e8b528, (CMBitMap*) 0xf5e8b548
 Prev Bits: [0xc5100000, 0xc5900000)
 Next Bits: [0xc4900000, 0xc5100000)

Polling page: 0xf7f3c000

Metaspace:

Usage:
    5.35 MB used.

Virtual space:
     16.00 MB reserved,       5.81 MB ( 36%) committed,  1 nodes.

Chunk freelists:
7.43 MB

MaxMetaspaceSize: 96.00 MB
No class space
Initial GC threshold: 16.00 MB
Current GC threshold: 16.00 MB
CDS: on
MetaspaceReclaimPolicy: balanced
 - commit_granule_bytes: 65536.
 - commit_granule_words: 16384.
 - virtual_space_node_default_size: 4194304.
 - enlarge_chunks_in_place: 1.
 - new_chunks_are_fully_committed: 0.
 - uncommit_free_chunks: 1.
 - use_allocation_guard: 0.
 - handle_deallocations: 1.


Internal statistics:

num_allocs_failed_limit: 0.
num_arena_births: 300.
num_arena_deaths: 0.
num_vsnodes_births: 1.
num_vsnodes_deaths: 0.
num_space_committed: 93.
num_space_uncommitted: 0.
num_chunks_returned_to_freelist: 0.
num_chunks_taken_from_freelist: 558.
num_chunk_merges: 0.
num_chunk_splits: 419.
num_chunks_enlarged: 321.
num_inconsistent_stats: 0.

CodeHeap 'non-profiled nmethods': size=120172Kb used=717Kb max_used=717Kb free=119454Kb
 bounds [0xed7f5000, 0xeda35000, 0xf4d50000]
CodeHeap 'profiled nmethods': size=120172Kb used=2930Kb max_used=2930Kb free=117242Kb
 bounds [0xe5d50000, 0xe6030000, 0xed2ab000]
CodeHeap 'non-nmethods': size=5416Kb used=743Kb max_used=771Kb free=4672Kb
 bounds [0xed2ab000, 0xed4eb000, 0xed7f5000]
 total_blobs=1970 nmethods=1615 adapters=269
 compilation: enabled
              stopped_count=0, restarted_count=0
 full_count=0

Compilation events (20 events):
Event: 87.639 Thread 0xc42a0580 nmethod 1609 0xe6022e88 code [0xe6022fc0, 0xe602314c]
Event: 87.657 Thread 0xc429f450 nmethod 1591 0xed8a6f88 code [0xed8a70e0, 0xed8a7870]
Event: 89.321 Thread 0xc429f450 1610       4       script.base_class::getSelf (4 bytes)
Event: 89.323 Thread 0xc429f450 nmethod 1610 0xed8a7c88 code [0xed8a7dc0, 0xed8a7ff0]
Event: 89.349 Thread 0xc42a0580 1611   !   3       jdk.internal.reflect.ReflectionFactory::checkInitted (100 bytes)
Event: 89.350 Thread 0xc42a0580 nmethod 1611 0xe6023208 code [0xe60234c0, 0xe6024044]
Event: 89.350 Thread 0xc42a0580 1612       3       java.lang.reflect.ReflectAccess::getRoot (5 bytes)
Event: 89.350 Thread 0xc42a0580 nmethod 1612 0xe6024488 code [0xe60245c0, 0xe602476c]
Event: 89.391 Thread 0xc42a0580 1613       3       script.obj_id::unlockScripts (87 bytes)
Event: 89.392 Thread 0xc42a0580 nmethod 1613 0xe6024808 code [0xe60249c0, 0xe6024f90]
Event: 89.428 Thread 0xc42a0580 1616       3       java.util.ArrayList::indexOfRange (71 bytes)
Event: 89.429 Thread 0xc42a0580 nmethod 1616 0xe6025208 code [0xe6025380, 0xe60257cc]
Event: 89.429 Thread 0xc42a0580 1615       3       script.library.spawning::getRandomLocationInCircle (36 bytes)
Event: 89.429 Thread 0xc42a0580 nmethod 1615 0xe6025988 code [0xe6025b00, 0xe6025dd8]
Event: 89.429 Thread 0xc42a0580 1614       3       script.systems.spawning.spawner_area::doSpawnEvent (262 bytes)
Event: 89.433 Thread 0xc42a0580 nmethod 1614 0xe6025f88 code [0xe60265a0, 0xe6028d74]
Event: 89.465 Thread 0xc42a0580 1617   !   3       script.script_entry::runScripts (382 bytes)
Event: 89.467 Thread 0xc42a0580 nmethod 1617 0xe602a188 code [0xe602a520, 0xe602b77c]
Event: 89.487 Thread 0xc42a0580 1618       3       script.base_class::createObject (9 bytes)
Event: 89.487 Thread 0xc42a0580 nmethod 1618 0xe602c308 code [0xe602c460, 0xe602c6e4]

GC Heap History (4 events):
Event: 51.634 GC heap before
{Heap before GC invocations=0 (full 0):
 garbage-first heap   total 131072K, used 12288K [0xc5c00000, 0xe5c00000)
  region size 1024K, 13 young (13312K), 0 survivors (0K)
 Metaspace       used 1685K, committed 1792K, reserved 16384K
}
Event: 51.645 GC heap after
{Heap after GC invocations=1 (full 0):
 garbage-first heap   total 131072K, used 1978K [0xc5c00000, 0xe5c00000)
  region size 1024K, 2 young (2048K), 2 survivors (2048K)
 Metaspace       used 1685K, committed 1792K, reserved 16384K
}
Event: 61.778 GC heap before
{Heap before GC invocations=1 (full 0):
 garbage-first heap   total 131072K, used 20410K [0xc5c00000, 0xe5c00000)
  region size 1024K, 19 young (19456K), 2 survivors (2048K)
 Metaspace       used 3341K, committed 3520K, reserved 16384K
}
Event: 61.795 GC heap after
{Heap after GC invocations=2 (full 0):
 garbage-first heap   total 131072K, used 2936K [0xc5c00000, 0xe5c00000)
  region size 1024K, 2 young (2048K), 2 survivors (2048K)
 Metaspace       used 3341K, committed 3520K, reserved 16384K
}

Dll operation events (4 events):
Event: 0.053 Loaded shared library /usr/lib/jvm/java-17-zulu-openjdk-jdk-x86/lib/libjava.so
Event: 54.478 Loaded shared library /usr/lib/jvm/java-17-zulu-openjdk-jdk-x86/lib/libnio.so
Event: 54.479 Loaded shared library /usr/lib/jvm/java-17-zulu-openjdk-jdk-x86/lib/libjimage.so
Event: 54.485 Loaded shared library /usr/lib/jvm/java-17-zulu-openjdk-jdk-x86/lib/libnet.so

Deoptimization events (20 events):
Event: 75.231 Thread 0x0bd5a8b0 Uncommon trap: trap_request=0xffffffcc fr.pc=0xed85f0d4 relative=0x00000194
Event: 75.231 Thread 0x0bd5a8b0 Uncommon trap: reason=intrinsic action=make_not_entrant pc=0xed85f0d4 method=java.util.Arrays.copyOf([Ljava/lang/Object;ILjava/lang/Class;)[Ljava/lang/Object; @ 35 c2
Event: 75.231 Thread 0x0bd5a8b0 DEOPT PACKING pc=0xed85f0d4 sp=0xfff244e0
Event: 75.231 Thread 0x0bd5a8b0 DEOPT UNPACKING pc=0xed2f4d33 sp=0xfff244b8 mode 2
Event: 83.471 Thread 0x0bd5a8b0 Uncommon trap: trap_request=0xffffff45 fr.pc=0xed8779d4 relative=0x000010b4
Event: 83.471 Thread 0x0bd5a8b0 Uncommon trap: reason=unstable_if action=reinterpret pc=0xed8779d4 method=script.script_entry.runScript(Ljava/lang/String;Ljava/lang/String;[Ljava/lang/Object;)I @ 432 c2
Event: 83.471 Thread 0x0bd5a8b0 DEOPT PACKING pc=0xed8779d4 sp=0xfff24a60
Event: 83.471 Thread 0x0bd5a8b0 DEOPT UNPACKING pc=0xed2f4d33 sp=0xfff24a40 mode 2
Event: 89.356 Thread 0x0bd5a8b0 Uncommon trap: trap_request=0xffffff45 fr.pc=0xed883a30 relative=0x00000550
Event: 89.356 Thread 0x0bd5a8b0 Uncommon trap: reason=unstable_if action=reinterpret pc=0xed883a30 method=script.obj_id.unlockScripts()V @ 54 c2
Event: 89.356 Thread 0x0bd5a8b0 DEOPT PACKING pc=0xed883a30 sp=0xfff24a20
Event: 89.356 Thread 0x0bd5a8b0 DEOPT UNPACKING pc=0xed2f4d33 sp=0xfff249c0 mode 2
Event: 89.356 Thread 0x0bd5a8b0 Uncommon trap: trap_request=0xffffff45 fr.pc=0xed890fdc relative=0x0000023c
Event: 89.356 Thread 0x0bd5a8b0 Uncommon trap: reason=unstable_if action=reinterpret pc=0xed890fdc method=java.util.ArrayList.indexOfRange(Ljava/lang/Object;II)I @ 57 c2
Event: 89.356 Thread 0x0bd5a8b0 DEOPT PACKING pc=0xed890fdc sp=0xfff24930
Event: 89.356 Thread 0x0bd5a8b0 DEOPT UNPACKING pc=0xed2f4d33 sp=0xfff24904 mode 2
Event: 89.375 Thread 0x0bd5a8b0 Uncommon trap: trap_request=0xffffff45 fr.pc=0xed8850b0 relative=0x00000250
Event: 89.375 Thread 0x0bd5a8b0 Uncommon trap: reason=unstable_if action=reinterpret pc=0xed8850b0 method=script.obj_id.unlockScripts()V @ 54 c2
Event: 89.375 Thread 0x0bd5a8b0 DEOPT PACKING pc=0xed8850b0 sp=0xfff249e0
Event: 89.375 Thread 0x0bd5a8b0 DEOPT UNPACKING pc=0xed2f4d33 sp=0xfff249c0 mode 2

Classes unloaded (0 events):
No events

Classes redefined (0 events):
No events

Internal exceptions (10 events):
Event: 54.490 Thread 0x0bd5a8b0 Exception <a 'java/lang/NoSuchMethodError'{0xcd753d48}: 'java.lang.Object java.lang.invoke.DirectMethodHandle$Holder.invokeStaticInit(java.lang.Object)'> (0xcd753d48) 
thrown [src/hotspot/share/interpreter/linkResolver.cpp, line 759]
Event: 55.376 Thread 0x0bd5a8b0 Exception <a 'java/lang/NoSuchMethodError'{0xcd785578}: 'java.lang.Object java.lang.invoke.DirectMethodHandle$Holder.invokeStatic(java.lang.Object, float)'> (0xcd785578) 
thrown [src/hotspot/share/interpreter/linkResolver.cpp, line 759]
Event: 61.905 Thread 0x0bd5a8b0 Exception <a 'java/lang/NoSuchMethodError'{0xcd8781b8}: 'java.lang.Object java.lang.invoke.DirectMethodHandle$Holder.invokeSpecial(java.lang.Object, java.lang.Object, long, java.lang.Object, java.lang.Object, java.lang.Object, java.lang.Object, int, java.lang.Object)'> (0xcd8781b8) 
thrown [src/hotspot/share/interpreter/linkResolver.cpp, line 759]
Event: 61.905 Thread 0x0bd5a8b0 Exception <a 'java/lang/NoSuchMethodError'{0xcd87c4b8}: 'java.lang.Object java.lang.invoke.DelegatingMethodHandle$Holder.reinvoke_L(java.lang.Object, long, java.lang.Object, java.lang.Object, java.lang.Object, java.lang.Object, int, java.lang.Object)'> (0xcd87c4b8) 
thrown [src/hotspot/share/interpreter/linkResolver.cpp, line 759]
Event: 61.913 Thread 0x0bd5a8b0 Exception <a 'java/lang/NoSuchMethodError'{0xcd7054a0}: 'java.lang.Object java.lang.invoke.DirectMethodHandle$Holder.invokeSpecial(java.lang.Object, java.lang.Object, java.lang.Object, java.lang.Object, float)'> (0xcd7054a0) 
thrown [src/hotspot/share/interpreter/linkResolver.cpp, line 759]
Event: 61.931 Thread 0x0bd5a8b0 Exception <a 'java/lang/NoSuchMethodError'{0xcd731ee0}: 'java.lang.Object java.lang.invoke.DirectMethodHandle$Holder.invokeSpecial(java.lang.Object, java.lang.Object, java.lang.Object, java.lang.Object, int)'> (0xcd731ee0) 
thrown [src/hotspot/share/interpreter/linkResolver.cpp, line 759]
Event: 61.931 Thread 0x0bd5a8b0 Exception <a 'java/lang/NoSuchMethodError'{0xcd735648}: 'java.lang.Object java.lang.invoke.Invokers$Holder.linkToTargetMethod(java.lang.Object, java.lang.Object, int, java.lang.Object)'> (0xcd735648) 
thrown [src/hotspot/share/interpreter/linkResolver.cpp, line 759]
Event: 61.983 Thread 0x0bd5a8b0 Exception <a 'java/lang/NoSuchMethodError'{0xcd7907d0}: 'java.lang.Object java.lang.invoke.DirectMethodHandle$Holder.invokeSpecial(java.lang.Object, java.lang.Object, long, java.lang.Object, java.lang.Object, java.lang.Object, java.lang.Object, java.lang.Object, java.lang.Object)'> (0xcd7907d0) 
thrown [src/hotspot/share/interpreter/linkResolver.cpp, line 759]
Event: 61.983 Thread 0x0bd5a8b0 Exception <a 'java/lang/NoSuchMethodError'{0xcd794ba8}: 'java.lang.Object java.lang.invoke.DelegatingMethodHandle$Holder.reinvoke_L(java.lang.Object, long, java.lang.Object, java.lang.Object, java.lang.Object, java.lang.Object, java.lang.Object, java.lang.Object)'> (0xcd794ba8) 
thrown [src/hotspot/share/interpreter/linkResolver.cpp, line 759]
Event: 62.423 Thread 0x0bd5a8b0 Implicit null exception at 0xed8186ab to 0xed818700

VM Operations (20 events):
Event: 72.800 Executing VM operation: Cleanup
Event: 72.800 Executing VM operation: Cleanup done
Event: 73.802 Executing VM operation: Cleanup
Event: 73.802 Executing VM operation: Cleanup done
Event: 74.802 Executing VM operation: Cleanup
Event: 74.802 Executing VM operation: Cleanup done
Event: 75.802 Executing VM operation: Cleanup
Event: 75.802 Executing VM operation: Cleanup done
Event: 76.803 Executing VM operation: Cleanup
Event: 76.803 Executing VM operation: Cleanup done
Event: 77.803 Executing VM operation: Cleanup
Event: 77.803 Executing VM operation: Cleanup done
Event: 79.804 Executing VM operation: Cleanup
Event: 79.804 Executing VM operation: Cleanup done
Event: 82.806 Executing VM operation: Cleanup
Event: 82.806 Executing VM operation: Cleanup done
Event: 84.806 Executing VM operation: Cleanup
Event: 84.806 Executing VM operation: Cleanup done
Event: 87.806 Executing VM operation: Cleanup
Event: 87.806 Executing VM operation: Cleanup done

Events (20 events):
Event: 61.677 loading class jdk/internal/jimage/ImageBufferCache$1 done
Event: 61.677 loading class jdk/internal/jimage/ImageBufferCache$2
Event: 61.677 loading class jdk/internal/jimage/ImageBufferCache$2 done
Event: 61.677 loading class java/nio/DirectByteBuffer$Deallocator
Event: 61.677 loading class java/nio/DirectByteBuffer$Deallocator done
Event: 61.677 loading class sun/nio/ch/NativeThread
Event: 61.677 loading class sun/nio/ch/NativeThread done
Event: 61.677 loading class sun/nio/ch/IOStatus
Event: 61.678 loading class sun/nio/ch/IOStatus done
Event: 61.678 loading class sun/net/www/protocol/jrt/Handler
Event: 61.678 loading class sun/net/www/protocol/jrt/Handler done
Event: 61.678 loading class java/util/AbstractMap$SimpleEntry
Event: 61.678 loading class java/util/AbstractMap$SimpleEntry done
Event: 61.708 loading class sun/text/resources/cldr/FormatData_en
Event: 61.709 loading class sun/text/resources/cldr/FormatData_en done
Event: 61.709 loading class sun/text/resources/cldr/FormatData_en_US
Event: 61.709 loading class sun/text/resources/cldr/FormatData_en_US done
Event: 89.628 Thread 0x0bd5a8b0 Thread exited: 0x0bd5a8b0
Event: 89.639 Thread 0xf5e242d0 Thread exited: 0xf5e242d0
Event: 89.639 Thread 0xc429bff0 Thread exited: 0xc429bff0


Dynamic libraries:
08048000-09298000 r-xp 00000000 08:04 494947248                          /home/almalinux/swg-returns-nge/build/bin/SwgGameServer
09298000-0929c000 rw-p 0124f000 08:04 494947248                          /home/almalinux/swg-returns-nge/build/bin/SwgGameServer
0929c000-09b1f000 rw-p 00000000 00:00 0 
0a695000-12ac0000 rw-p 00000000 00:00 0                                  [heap]
bfa00000-bfa34000 rw-p 00000000 00:00 0 
bfa34000-bfb00000 ---p 00000000 00:00 0 
bfc00000-bfcfd000 rw-p 00000000 00:00 0 
bfcfd000-bfd00000 ---p 00000000 00:00 0 
bfd00000-bfdf9000 rw-p 00000000 00:00 0 
bfdf9000-bfe00000 ---p 00000000 00:00 0 
bfe00000-bfe7a000 rw-p 00000000 00:00 0 
bfe7a000-bff00000 ---p 00000000 00:00 0 
bff00000-bfff9000 rw-p 00000000 00:00 0 
bfff9000-c0000000 ---p 00000000 00:00 0 
c0000000-c00ff000 rw-p 00000000 00:00 0 
c00ff000-c0100000 ---p 00000000 00:00 0 
c0100000-c01ea000 rw-p 00000000 00:00 0 
c01ea000-c0200000 ---p 00000000 00:00 0 
c0200000-c02f9000 rw-p 00000000 00:00 0 
c02f9000-c0300000 ---p 00000000 00:00 0 
c0b00000-c0bf1000 rw-p 00000000 00:00 0 
c0bf1000-c0c00000 ---p 00000000 00:00 0 
c0d00000-c0dfb000 rw-p 00000000 00:00 0 
c0dfb000-c0e00000 ---p 00000000 00:00 0 
c127f000-c1280000 ---p 00000000 00:00 0 
c1280000-c1300000 rw-p 00000000 00:00 0 
c1300000-c13f2000 rw-p 00000000 00:00 0 
c13f2000-c1400000 ---p 00000000 00:00 0 
c1439000-c143a000 ---p 00000000 00:00 0 
c143a000-c14ba000 rw-p 00000000 00:00 0 
c14ba000-c14be000 ---p 00000000 00:00 0 
c14be000-c153b000 rw-p 00000000 00:00 0 
c173d000-c1741000 ---p 00000000 00:00 0 
c1741000-c17fe000 rw-p 00000000 00:00 0 
c17fe000-c1802000 ---p 00000000 00:00 0 
c1802000-c18bf000 rw-p 00000000 00:00 0 
c18bf000-c18c0000 ---p 00000000 00:00 0 
c18c0000-c1940000 rw-p 00000000 00:00 0 
c1940000-c1944000 ---p 00000000 00:00 0 
c1944000-c1a01000 rw-p 00000000 00:00 0 
c1a01000-c1a05000 ---p 00000000 00:00 0 
c1a05000-c1ac2000 rw-p 00000000 00:00 0 
c1ac2000-c1ac6000 ---p 00000000 00:00 0 
c1ac6000-c1b43000 rw-p 00000000 00:00 0 
c1b43000-c1b47000 ---p 00000000 00:00 0 
c1b47000-c1c04000 rw-p 00000000 00:00 0 
c1c04000-c1c08000 ---p 00000000 00:00 0 
c1c08000-c1cc5000 rw-p 00000000 00:00 0 
c1cc5000-c1cc9000 ---p 00000000 00:00 0 
c1cc9000-c1d86000 rw-p 00000000 00:00 0 
c1d86000-c2000000 r--p 00078000 08:04 535181                             /usr/lib/locale/locale-archive
c2000000-c2130000 rw-p 00000000 00:00 0 
c2130000-c2400000 ---p 00000000 00:00 0 
c2400000-c28a0000 rw-p 00000000 00:00 0 
c28a0000-c3000000 ---p 00000000 00:00 0 
c307e000-c327e000 r--p 00000000 08:04 535181                             /usr/lib/locale/locale-archive
c327e000-c3282000 ---p 00000000 00:00 0 
c3282000-c333f000 rw-p 00000000 00:00 0 
c333f000-c3343000 ---p 00000000 00:00 0 
c3343000-c3400000 rw-p 00000000 00:00 0 
c3400000-c3421000 rw-p 00000000 00:00 0 
c3421000-c3500000 ---p 00000000 00:00 0 
c3531000-c3535000 ---p 00000000 00:00 0 
c3535000-c35b2000 rw-p 00000000 00:00 0 
c35b2000-c35b3000 ---p 00000000 00:00 0 
c35b3000-c3633000 rw-p 00000000 00:00 0 
c3633000-c3f00000 rw-p 00001000 08:04 143240867                          /usr/lib/jvm/java-17-zulu-openjdk-jdk-x86/lib/server/classes.jsa
c3f00000-c3f21000 rw-p 00000000 00:00 0 
c3f21000-c4000000 ---p 00000000 00:00 0 
c407f000-c4080000 ---p 00000000 00:00 0 
c4080000-c4100000 rw-p 00000000 00:00 0 
c4100000-c4121000 rw-p 00000000 00:00 0 
c4121000-c4200000 ---p 00000000 00:00 0 
c4200000-c42d1000 rw-p 00000000 00:00 0 
c42d1000-c4300000 ---p 00000000 00:00 0 
c437f000-c4380000 ---p 00000000 00:00 0 
c4380000-c4400000 rw-p 00000000 00:00 0 
c4400000-c44e1000 rw-p 00000000 00:00 0 
c44e1000-c4500000 ---p 00000000 00:00 0 
c457f000-c4580000 ---p 00000000 00:00 0 
c4580000-c4600000 rw-p 00000000 00:00 0 
c4600000-c4700000 rw-p 00000000 00:00 0 
c4700000-c47fe000 rw-p 00000000 00:00 0 
c47fe000-c4800000 ---p 00000000 00:00 0 
c487f000-c4880000 ---p 00000000 00:00 0 
c4880000-c4b00000 rw-p 00000000 00:00 0 
c4b00000-c5100000 ---p 00000000 00:00 0 
c5100000-c5300000 rw-p 00000000 00:00 0 
c5300000-c5900000 ---p 00000000 00:00 0 
c5900000-c5940000 rw-p 00000000 00:00 0 
c5940000-c5a00000 ---p 00000000 00:00 0 
c5a00000-c5a40000 rw-p 00000000 00:00 0 
c5a40000-c5b00000 ---p 00000000 00:00 0 
c5b00000-c5b40000 rw-p 00000000 00:00 0 
c5b40000-c5c00000 ---p 00000000 00:00 0 
c5c00000-cdc00000 rw-p 00000000 00:00 0 
cdc00000-e5c00000 ---p 00000000 00:00 0 
e5c65000-e5c6a000 rw-p 00000000 00:00 0 
e5c6a000-e5d50000 ---p 00000000 00:00 0 
e5d50000-e6030000 rwxp 00000000 00:00 0 
e6030000-ed2ab000 ---p 00000000 00:00 0 
ed2ab000-ed4eb000 rwxp 00000000 00:00 0 
ed4eb000-ed7f5000 ---p 00000000 00:00 0 
ed7f5000-eda35000 rwxp 00000000 00:00 0 
eda35000-f4d50000 ---p 00000000 00:00 0 
f4d50000-f4eb8000 r--s 00000000 08:04 117534333                          /usr/lib/jvm/java-17-zulu-openjdk-jdk-x86/lib/modules
f4eb8000-f5d5a000 r-xp 00000000 08:04 143240869                          /usr/lib/jvm/java-17-zulu-openjdk-jdk-x86/lib/server/libjvm.so
f5d5a000-f5daf000 r--p 00ea1000 08:04 143240869                          /usr/lib/jvm/java-17-zulu-openjdk-jdk-x86/lib/server/libjvm.so
f5daf000-f5dd0000 rw-p 00ef6000 08:04 143240869                          /usr/lib/jvm/java-17-zulu-openjdk-jdk-x86/lib/server/libjvm.so
f5dd0000-f5e00000 rw-p 00000000 00:00 0 
f5e00000-f5f00000 rw-p 00000000 00:00 0 
f5f01000-f5f02000 ---p 00000000 00:00 0 
f5f02000-f5f82000 rw-p 00000000 00:00 0 
f5f82000-f5f83000 ---p 00000000 00:00 0 
f5f83000-f5f87000 ---p 00000000 00:00 0 
f5f87000-f6afb000 rw-p 00000000 00:00 0 
f6b07000-f6b1c000 r-xp 00000000 08:04 117534323                          /usr/lib/jvm/java-17-zulu-openjdk-jdk-x86/lib/libnet.so
f6b1c000-f6b1d000 r--p 00014000 08:04 117534323                          /usr/lib/jvm/java-17-zulu-openjdk-jdk-x86/lib/libnet.so
f6b1d000-f6b1e000 rw-p 00015000 08:04 117534323                          /usr/lib/jvm/java-17-zulu-openjdk-jdk-x86/lib/libnet.so
f6b1e000-f6b24000 rw-p 00000000 00:00 0 
f6b24000-f6c09000 ---p 00000000 00:00 0 
f6e43000-f6e55000 r-xp 00000000 08:04 117534324                          /usr/lib/jvm/java-17-zulu-openjdk-jdk-x86/lib/libnio.so
f6e55000-f6e56000 r--p 00011000 08:04 117534324                          /usr/lib/jvm/java-17-zulu-openjdk-jdk-x86/lib/libnio.so
f6e56000-f6e57000 rw-p 00012000 08:04 117534324                          /usr/lib/jvm/java-17-zulu-openjdk-jdk-x86/lib/libnio.so
f6e57000-f6e80000 rw-p 00000000 00:00 0 
f6e80000-f6ea3000 r-xp 00000000 08:04 117534310                          /usr/lib/jvm/java-17-zulu-openjdk-jdk-x86/lib/libjava.so
f6ea3000-f6ea4000 r--p 00022000 08:04 117534310                          /usr/lib/jvm/java-17-zulu-openjdk-jdk-x86/lib/libjava.so
f6ea4000-f6ea5000 rw-p 00023000 08:04 117534310                          /usr/lib/jvm/java-17-zulu-openjdk-jdk-x86/lib/libjava.so
f6ea5000-f6eb1000 r-xp 00000000 08:04 16831767                           /usr/lib/libnss_files-2.28.so
f6eb1000-f6eb2000 r--p 0000b000 08:04 16831767                           /usr/lib/libnss_files-2.28.so
f6eb2000-f6eb3000 rw-p 0000c000 08:04 16831767                           /usr/lib/libnss_files-2.28.so
f6eb3000-f6eb9000 rw-p 00000000 00:00 0 
f6ebf000-f6ec4000 rw-p 00000000 00:00 0 
f6ec4000-f6eca000 ---p 00000000 00:00 0 
f6eca000-f6ee5000 r-xp 00000000 08:04 117534314                          /usr/lib/jvm/java-17-zulu-openjdk-jdk-x86/lib/libjimage.so
f6ee5000-f6ee6000 ---p 0001b000 08:04 117534314                          /usr/lib/jvm/java-17-zulu-openjdk-jdk-x86/lib/libjimage.so
f6ee6000-f6ee7000 r--p 0001b000 08:04 117534314                          /usr/lib/jvm/java-17-zulu-openjdk-jdk-x86/lib/libjimage.so
f6ee7000-f6ee8000 rw-p 0001c000 08:04 117534314                          /usr/lib/jvm/java-17-zulu-openjdk-jdk-x86/lib/libjimage.so
f6ee8000-f6eec000 rw-p 00000000 00:00 0 
f6eec000-f6f74000 r-xp 00000000 08:04 17191875                           /usr/lib/libpcre2-8.so.0.7.1
f6f74000-f6f75000 r--p 00087000 08:04 17191875                           /usr/lib/libpcre2-8.so.0.7.1
f6f75000-f6f76000 rw-p 00088000 08:04 17191875                           /usr/lib/libpcre2-8.so.0.7.1
f6f76000-f6f96000 r-xp 00000000 08:04 17021543                           /usr/lib/libcrypt.so.1.1.0
f6f96000-f6f97000 ---p 00020000 08:04 17021543                           /usr/lib/libcrypt.so.1.1.0
f6f97000-f6f98000 r--p 00020000 08:04 17021543                           /usr/lib/libcrypt.so.1.1.0
f6f98000-f6fa1000 rw-p 00000000 00:00 0 
f6fa1000-f6fcc000 r-xp 00000000 08:04 17191887                           /usr/lib/libselinux.so.1
f6fcc000-f6fcd000 ---p 0002b000 08:04 17191887                           /usr/lib/libselinux.so.1
f6fcd000-f6fce000 r--p 0002b000 08:04 17191887                           /usr/lib/libselinux.so.1
f6fce000-f6fcf000 rw-p 0002c000 08:04 17191887                           /usr/lib/libselinux.so.1
f6fcf000-f6fd0000 rw-p 00000000 00:00 0 
f6fd0000-f6fef000 r-xp 00000000 08:04 18866589                           /usr/lib/libbrotlicommon.so.1.0.6
f6fef000-f6ff0000 r--p 0001e000 08:04 18866589                           /usr/lib/libbrotlicommon.so.1.0.6
f6ff0000-f6ff1000 rw-p 0001f000 08:04 18866589                           /usr/lib/libbrotlicommon.so.1.0.6
f6ff1000-f700f000 r-xp 00000000 08:04 17191915                           /usr/lib/libsasl2.so.3.0.0
f700f000-f7010000 ---p 0001e000 08:04 17191915                           /usr/lib/libsasl2.so.3.0.0
f7010000-f7011000 r--p 0001e000 08:04 17191915                           /usr/lib/libsasl2.so.3.0.0
f7011000-f7012000 rw-p 0001f000 08:04 17191915                           /usr/lib/libsasl2.so.3.0.0
f7012000-f7014000 rw-p 00000000 00:00 0 
f7014000-f7028000 r-xp 00000000 08:04 16831772                           /usr/lib/libresolv-2.28.so
f7028000-f7029000 ---p 00014000 08:04 16831772                           /usr/lib/libresolv-2.28.so
f7029000-f702a000 r--p 00014000 08:04 16831772                           /usr/lib/libresolv-2.28.so
f702a000-f702b000 rw-p 00015000 08:04 16831772                           /usr/lib/libresolv-2.28.so
f702b000-f702d000 rw-p 00000000 00:00 0 
f702d000-f7030000 r-xp 00000000 08:04 17191893                           /usr/lib/libkeyutils.so.1.6
f7030000-f7031000 ---p 00003000 08:04 17191893                           /usr/lib/libkeyutils.so.1.6
f7031000-f7032000 r--p 00003000 08:04 17191893                           /usr/lib/libkeyutils.so.1.6
f7032000-f7033000 rw-p 00000000 00:00 0 
f7033000-f7043000 r-xp 00000000 08:04 17021560                           /usr/lib/libkrb5support.so.0.1
f7043000-f7044000 r--p 0000f000 08:04 17021560                           /usr/lib/libkrb5support.so.0.1
f7044000-f7045000 rw-p 00010000 08:04 17021560                           /usr/lib/libkrb5support.so.0.1
f7045000-f704d000 r-xp 00000000 08:04 16831774                           /usr/lib/librt-2.28.so
f704d000-f704e000 r--p 00007000 08:04 16831774                           /usr/lib/librt-2.28.so
f704e000-f704f000 rw-p 00008000 08:04 16831774                           /usr/lib/librt-2.28.so
f704f000-f71ce000 r-xp 00000000 08:04 17021545                           /usr/lib/libunistring.so.2.1.0
f71ce000-f71cf000 ---p 0017f000 08:04 17021545                           /usr/lib/libunistring.so.2.1.0
f71cf000-f71d1000 r--p 0017f000 08:04 17021545                           /usr/lib/libunistring.so.2.1.0
f71d1000-f71d2000 rw-p 00181000 08:04 17021545                           /usr/lib/libunistring.so.2.1.0
f71d2000-f71fc000 r-xp 00000000 08:04 18654292                           /usr/lib/liblzma.so.5.2.4
f71fc000-f71fd000 r--p 00029000 08:04 18654292                           /usr/lib/liblzma.so.5.2.4
f71fd000-f71fe000 rw-p 00000000 00:00 0 
f71fe000-f720a000 r-xp 00000000 08:04 17191936                           /usr/lib/libbrotlidec.so.1.0.6
f720a000-f720b000 r--p 0000b000 08:04 17191936                           /usr/lib/libbrotlidec.so.1.0.6
f720b000-f720c000 rw-p 00000000 00:00 0 
f720c000-f721b000 r-xp 00000000 08:04 17191918                           /usr/lib/liblber-2.4.so.2.10.9
f721b000-f721c000 r--p 0000e000 08:04 17191918                           /usr/lib/liblber-2.4.so.2.10.9
f721c000-f721d000 rw-p 0000f000 08:04 17191918                           /usr/lib/liblber-2.4.so.2.10.9
f721d000-f7272000 r-xp 00000000 08:04 17191920                           /usr/lib/libldap-2.4.so.2.10.9
f7272000-f7273000 ---p 00055000 08:04 17191920                           /usr/lib/libldap-2.4.so.2.10.9
f7273000-f7274000 r--p 00055000 08:04 17191920                           /usr/lib/libldap-2.4.so.2.10.9
f7274000-f7275000 rw-p 00056000 08:04 17191920                           /usr/lib/libldap-2.4.so.2.10.9
f7275000-f7277000 rw-p 00000000 00:00 0 
f7277000-f727a000 r-xp 00000000 08:04 16994899                           /usr/lib/libcom_err.so.2.1
f727a000-f727b000 r--p 00002000 08:04 16994899                           /usr/lib/libcom_err.so.2.1
f727b000-f727c000 rw-p 00003000 08:04 16994899                           /usr/lib/libcom_err.so.2.1
f727c000-f7292000 r-xp 00000000 08:04 17021552                           /usr/lib/libk5crypto.so.3.1
f7292000-f7293000 ---p 00016000 08:04 17021552                           /usr/lib/libk5crypto.so.3.1
f7293000-f7294000 r--p 00016000 08:04 17021552                           /usr/lib/libk5crypto.so.3.1
f7294000-f7295000 rw-p 00017000 08:04 17021552                           /usr/lib/libk5crypto.so.3.1
f7295000-f7378000 r-xp 00000000 08:04 17021558                           /usr/lib/libkrb5.so.3.3
f7378000-f737f000 r--p 000e2000 08:04 17021558                           /usr/lib/libkrb5.so.3.3
f737f000-f7380000 rw-p 000e9000 08:04 17021558                           /usr/lib/libkrb5.so.3.3
f7380000-f73db000 r-xp 00000000 08:04 17021548                           /usr/lib/libgssapi_krb5.so.2.2
f73db000-f73dd000 r--p 0005a000 08:04 17021548                           /usr/lib/libgssapi_krb5.so.2.2
f73dd000-f73de000 rw-p 0005c000 08:04 17021548                           /usr/lib/libgssapi_krb5.so.2.2
f73de000-f768f000 r-xp 00000000 08:04 18627877                           /usr/lib/libcrypto.so.1.1.1k
f768f000-f76a8000 r--p 002b0000 08:04 18627877                           /usr/lib/libcrypto.so.1.1.1k
f76a8000-f76aa000 rw-p 002c9000 08:04 18627877                           /usr/lib/libcrypto.so.1.1.1k
f76aa000-f76ae000 rw-p 00000000 00:00 0 
f76ae000-f7740000 r-xp 00000000 08:04 18627879                           /usr/lib/libssl.so.1.1.1k
f7740000-f7746000 r--p 00091000 08:04 18627879                           /usr/lib/libssl.so.1.1.1k
f7746000-f774a000 rw-p 00097000 08:04 18627879                           /usr/lib/libssl.so.1.1.1k
f774a000-f775a000 r-xp 00000000 08:04 18660120                           /usr/lib/libpsl.so.5.3.1
f775a000-f775b000 r--p 0000f000 08:04 18660120                           /usr/lib/libpsl.so.5.3.1
f775b000-f775c000 rw-p 00000000 00:00 0 
f775c000-f77d9000 r-xp 00000000 08:04 16994901                           /usr/lib/libssh.so.4.8.7
f77d9000-f77da000 ---p 0007d000 08:04 16994901                           /usr/lib/libssh.so.4.8.7
f77da000-f77db000 r--p 0007d000 08:04 16994901                           /usr/lib/libssh.so.4.8.7
f77db000-f77dc000 rw-p 0007e000 08:04 16994901                           /usr/lib/libssh.so.4.8.7
f77dc000-f77f9000 r-xp 00000000 08:04 17040588                           /usr/lib/libidn2.so.0.3.6
f77f9000-f77fa000 r--p 0001c000 08:04 17040588                           /usr/lib/libidn2.so.0.3.6
f77fa000-f77fb000 rw-p 00000000 00:00 0 
f77fb000-f7823000 r-xp 00000000 08:04 17191891                           /usr/lib/libnghttp2.so.14.17.0
f7823000-f7824000 r--p 00027000 08:04 17191891                           /usr/lib/libnghttp2.so.14.17.0
f7824000-f7826000 rw-p 00028000 08:04 17191891                           /usr/lib/libnghttp2.so.14.17.0
f7826000-f79c8000 r-xp 00000000 08:04 16831756                           /usr/lib/libc-2.28.so
f79c8000-f79c9000 ---p 001a2000 08:04 16831756                           /usr/lib/libc-2.28.so
f79c9000-f79cb000 r--p 001a2000 08:04 16831756                           /usr/lib/libc-2.28.so
f79cb000-f79cc000 rw-p 001a4000 08:04 16831756                           /usr/lib/libc-2.28.so
f79cc000-f79d1000 rw-p 00000000 00:00 0 
f79d1000-f79ec000 r-xp 00000000 08:04 16985139                           /usr/lib/libgcc_s-8-20210514.so.1
f79ec000-f79ed000 r--p 0001a000 08:04 16985139                           /usr/lib/libgcc_s-8-20210514.so.1
f79ed000-f79ee000 rw-p 0001b000 08:04 16985139                           /usr/lib/libgcc_s-8-20210514.so.1
f79ee000-f7abe000 r-xp 00000000 08:04 16831760                           /usr/lib/libm-2.28.so
f7abe000-f7abf000 r--p 000cf000 08:04 16831760                           /usr/lib/libm-2.28.so
f7abf000-f7ac0000 rw-p 000d0000 08:04 16831760                           /usr/lib/libm-2.28.so
f7ac0000-f7c49000 r-xp 00000000 08:04 16985145                           /usr/lib/libstdc++.so.6.0.25
f7c49000-f7c4a000 ---p 00189000 08:04 16985145                           /usr/lib/libstdc++.so.6.0.25
f7c4a000-f7c50000 r--p 00189000 08:04 16985145                           /usr/lib/libstdc++.so.6.0.25
f7c50000-f7c51000 rw-p 0018f000 08:04 16985145                           /usr/lib/libstdc++.so.6.0.25
f7c51000-f7c53000 rw-p 00000000 00:00 0 
f7c53000-f7c6a000 r-xp 00000000 08:04 16963437                           /usr/lib/libz.so.1.2.11
f7c6a000-f7c6b000 ---p 00017000 08:04 16963437                           /usr/lib/libz.so.1.2.11
f7c6b000-f7c6c000 r--p 00017000 08:04 16963437                           /usr/lib/libz.so.1.2.11
f7c6c000-f7c6d000 rw-p 00000000 00:00 0 
f7c6d000-f7dea000 r-xp 00000000 08:04 16963397                           /usr/lib/libxml2.so.2.9.7
f7dea000-f7def000 r--p 0017c000 08:04 16963397                           /usr/lib/libxml2.so.2.9.7
f7def000-f7df0000 rw-p 00181000 08:04 16963397                           /usr/lib/libxml2.so.2.9.7
f7df0000-f7df1000 rw-p 00000000 00:00 0 
f7df1000-f7e0d000 r-xp 00000000 08:04 16831770                           /usr/lib/libpthread-2.28.so
f7e0d000-f7e0e000 r--p 0001b000 08:04 16831770                           /usr/lib/libpthread-2.28.so
f7e0e000-f7e0f000 rw-p 0001c000 08:04 16831770                           /usr/lib/libpthread-2.28.so
f7e0f000-f7e11000 rw-p 00000000 00:00 0 
f7e11000-f7e85000 r-xp 00000000 08:04 16818911                           /usr/lib/libpcre.so.1.2.10
f7e85000-f7e86000 ---p 00074000 08:04 16818911                           /usr/lib/libpcre.so.1.2.10
f7e86000-f7e87000 r--p 00074000 08:04 16818911                           /usr/lib/libpcre.so.1.2.10
f7e87000-f7e88000 rw-p 00075000 08:04 16818911                           /usr/lib/libpcre.so.1.2.10
f7e88000-f7e8b000 r-xp 00000000 08:04 16831758                           /usr/lib/libdl-2.28.so
f7e8b000-f7e8c000 r--p 00002000 08:04 16831758                           /usr/lib/libdl-2.28.so
f7e8c000-f7e8d000 rw-p 00003000 08:04 16831758                           /usr/lib/libdl-2.28.so
f7e8d000-f7f2a000 r-xp 00000000 08:04 16994905                           /usr/lib/libcurl.so.4.5.0
f7f2a000-f7f2c000 r--p 0009c000 08:04 16994905                           /usr/lib/libcurl.so.4.5.0
f7f2c000-f7f2d000 rw-p 0009e000 08:04 16994905                           /usr/lib/libcurl.so.4.5.0
f7f2d000-f7f34000 r--s 00000000 08:04 176632422                          /usr/lib/gconv/gconv-modules.cache
f7f34000-f7f3c000 rw-s 00000000 08:04 151635576                          /tmp/hsperfdata_almalinux/1433291 (deleted)
f7f3c000-f7f3d000 ---p 00000000 00:00 0 
f7f3d000-f7f3e000 r--p 00000000 00:00 0 
f7f3e000-f7f40000 rw-p 00000000 00:00 0 
f7f40000-f7f44000 r--p 00000000 00:00 0                                  [vvar]
f7f44000-f7f46000 r-xp 00000000 00:00 0                                  [vdso]
f7f46000-f7f75000 r-xp 00000000 08:04 16831749                           /usr/lib/ld-2.28.so
f7f75000-f7f76000 ---p 00000000 00:00 0 
f7f76000-f7f77000 r--p 0002f000 08:04 16831749                           /usr/lib/ld-2.28.so
f7f77000-f7f78000 rw-p 00030000 08:04 16831749                           /usr/lib/ld-2.28.so
ffd64000-ffd65000 rwxp 00000000 00:00 0 
ffe6d000-fff29000 rw-p 00000000 00:00 0                                  [stack]


VM Arguments:
jvm_args: -Xms128m -Xmx512m -Xss768k -XX:MaxMetaspaceSize=96m -Xrs -XX:-UsePerfData -XX:-AllowUserSignalHandlers -XX:UseSSE=3 -XX+DoEscapeAnalysis -XX:AutoBoxCacheMax:2000 -XX:+OptimizeStringConcat -XX:+OptimizeFill -XX:+EliminateAutoBox -XX:+UseCompressedStrings -XX:+UseCompressedOops -XX:+EliminateLocks -XX:UseFastAccessorMethods -XX:+UseStringCache -XgcPrio:throughput -XXkeepAreaRatio:1 -XXlazyUnlocking -XXcallProfiling -XXcompactRatio:1 
java_command: <unknown>
java_class_path (initial): ../../data/sku.0/sys.server/compiled/game/
Launcher Type: generic

[Global flags]
     intx CICompilerCount                          = 3                                         {product} {ergonomic}
     uint ConcGCThreads                            = 1                                         {product} {ergonomic}
     uint G1ConcRefinementThreads                  = 4                                         {product} {ergonomic}
   size_t G1HeapRegionSize                         = 1048576                                   {product} {ergonomic}
    uintx GCDrainStackTargetSize                   = 64                                        {product} {ergonomic}
   size_t InitialHeapSize                          = 134217728                                 {product} {command line}
   size_t MarkStackSize                            = 32768                                     {product} {ergonomic}
   size_t MaxHeapSize                              = 536870912                                 {product} {command line}
   size_t MaxMetaspaceSize                         = 100663296                                 {product} {command line}
   size_t MaxNewSize                               = 321912832                                 {product} {ergonomic}
   size_t MinHeapDeltaBytes                        = 1048576                                   {product} {ergonomic}
   size_t MinHeapSize                              = 134217728                                 {product} {command line}
    uintx NonNMethodCodeHeapSize                   = 5544422                                {pd product} {ergonomic}
    uintx NonProfiledCodeHeapSize                  = 123056909                              {pd product} {ergonomic}
    uintx ProfiledCodeHeapSize                     = 123056909                              {pd product} {ergonomic}
    uintx ReservedCodeCacheSize                    = 251658240                              {pd product} {ergonomic}
     bool SegmentedCodeCache                       = true                                      {product} {ergonomic}
   size_t SoftMaxHeapSize                          = 536870912                              {manageable} {ergonomic}
   double SweeperThreshold                         = 0.500000                                  {product} {ergonomic}
     intx ThreadStackSize                          = 768                                    {pd product} {command line}
     bool UseG1GC                                  = true                                      {product} {ergonomic}

Logging:
Log output configuration:
 #0: stdout all=off uptime,level,tags
 #1: stderr all=off uptime,level,tags

Environment Variables:
JAVA_HOME=/usr/lib/jvm/zulu-17-x86
PATH=/usr/java/jdk1.7.0_80/bin:/usr/java/jdk1.7.0_80/bin:/usr/java/jdk1.6.0_45/bin:/usr/java/jdk1.6.0_45/bin:/usr/java/jdk1.6.0_45/bin:/home/almalinux/.local/bin:/home/almalinux/bin:/sbin:/bin:/usr/bin:/usr/local/bin:/usr/local/sbin:/usr/sbin:/usr/lib/oracle/18.3/client/bin:/usr/lib/oracle/18.3/client/bin:/usr/lib/jvm/java-11-openjdk/bin:./
LD_LIBRARY_PATH=/usr/lib/jvm/java-17-zulu-openjdk-jdk-x86/lib/server:/usr/lib/jvm/java-17-zulu-openjdk-jdk-x86/lib:/usr/lib/jvm/java-17-zulu-openjdk-jdk-x86/../lib:/usr/lib/jvm/zulu-17-x86/lib/server:/usr/lib/jvm/java-11-openjdk/lib:/usr/lib/jvm/java-11-openjdk/lib/server:./
SHELL=/bin/bash
DISPLAY=:10.0
LANG=en_US.UTF-8
TERM=xterm-256color

Active Locale:
LC_ALL=en_US.UTF-8
LC_COLLATE=en_US.UTF-8
LC_CTYPE=en_US.UTF-8
LC_MESSAGES=en_US.UTF-8
LC_MONETARY=en_US.UTF-8
LC_NUMERIC=en_US.UTF-8
LC_TIME=en_US.UTF-8

Signal Handlers:
   SIGSEGV: crash_handler in libjvm.so, mask=11100100010111111101111111111110, flags=SA_RESTART|SA_SIGINFO, unblocked
    SIGBUS: crash_handler in libjvm.so, mask=11100100010111111101111111111110, flags=SA_RESTART|SA_SIGINFO, unblocked
    SIGFPE: crash_handler in libjvm.so, mask=11100100010111111101111111111110, flags=SA_RESTART|SA_SIGINFO, unblocked
   SIGPIPE: SIG_IGN, mask=00000000000010000000000000000000, flags=SA_RESTART, blocked
  *** Handler was modified!
  *** Expected: javaSignalHandler in libjvm.so, mask=11100100110111111111111111111110, flags=SA_RESTART|SA_SIGINFO
   SIGXFSZ: javaSignalHandler in libjvm.so, mask=11100100010111111101111111111110, flags=SA_RESTART|SA_SIGINFO, blocked
    SIGILL: crash_handler in libjvm.so, mask=11100100010111111101111111111110, flags=SA_RESTART|SA_SIGINFO, unblocked
   SIGUSR2: SR_handler in libjvm.so, mask=00100000000000000000000000000000, flags=SA_RESTART|SA_SIGINFO, blocked
    SIGHUP: UserHandler in libjvm.so, mask=11100100010111111101111111111110, flags=SA_RESTART|SA_SIGINFO, blocked
    SIGINT: UserHandler in libjvm.so, mask=11100100010111111101111111111110, flags=SA_RESTART|SA_SIGINFO, blocked
   SIGTERM: UserHandler in libjvm.so, mask=11100100010111111101111111111110, flags=SA_RESTART|SA_SIGINFO, blocked
   SIGQUIT: UserHandler in libjvm.so, mask=11100100010111111101111111111110, flags=SA_RESTART|SA_SIGINFO, blocked
   SIGTRAP: crash_handler in libjvm.so, mask=11100100010111111101111111111110, flags=SA_RESTART|SA_SIGINFO, unblocked


Periodic native trim disabled


---------------  S Y S T E M  ---------------

OS:
AlmaLinux release 8.10 (Cerulean Leopard)
uname: Linux 4.18.0-553.81.1.el8_10.x86_64 #1 SMP Mon Oct 27 11:29:19 EDT 2025 x86_64
OS uptime: 33 days 23:40 hours
libc: glibc 2.28 NPTL 2.28 
rlimit (soft/hard): STACK 8192k/infinity , CORE 0k/infinity , NPROC 61995/61995 , NOFILE 262144/262144 , AS infinity/infinity , CPU infinity/infinity , DATA infinity/infinity , FSIZE infinity/infinity , MEMLOCK 64k/64k
load average: 35.75 35.07 34.93

/proc/meminfo:
MemTotal:       16014448 kB
MemFree:         3364576 kB
MemAvailable:    8470840 kB
Buffers:            1056 kB
Cached:          7857396 kB
SwapCached:         1780 kB
Active:          2634440 kB
Inactive:        9169204 kB
Active(anon):    2072904 kB
Inactive(anon):  4735692 kB
Active(file):     561536 kB
Inactive(file):  4433512 kB
Unevictable:        3104 kB
Mlocked:              16 kB
SwapTotal:       8388604 kB
SwapFree:        8370064 kB
Dirty:              2160 kB
Writeback:             0 kB
AnonPages:       3946660 kB
Mapped:          1574084 kB
Shmem:           2863388 kB
KReclaimable:     288260 kB
Slab:             439472 kB
SReclaimable:     288260 kB
SUnreclaim:       151212 kB
KernelStack:       21260 kB
PageTables:       148972 kB
NFS_Unstable:          0 kB
Bounce:                0 kB
WritebackTmp:          0 kB
CommitLimit:    16395828 kB
Committed_AS:   18735132 kB
VmallocTotal:   34359738367 kB
VmallocUsed:       67112 kB
VmallocChunk:          0 kB
Percpu:             2704 kB
HardwareCorrupted:     0 kB
AnonHugePages:         0 kB
ShmemHugePages:        0 kB
ShmemPmdMapped:        0 kB
FileHugePages:         0 kB
FilePmdMapped:         0 kB
HugePages_Total:       0
HugePages_Free:        0
HugePages_Rsvd:        0
HugePages_Surp:        0
Hugepagesize:       2048 kB
Hugetlb:               0 kB
DirectMap4k:     2942828 kB
DirectMap2M:    13441024 kB

/sys/kernel/mm/transparent_hugepage/enabled: always madvise [never]
/sys/kernel/mm/transparent_hugepage/hpage_pmd_size: 2097152
/sys/kernel/mm/transparent_hugepage/defrag (defrag/compaction efforts parameter): always defer defer+madvise [madvise] never

Process Memory:
Virtual Size: 1064064K (peak: 1079220K)
Resident Set Size: 273776K (peak: 286896K) (anon: 240244K, file: 33532K, shmem: 0K)
Swapped out: 0K
C-Heap outstanding allocations: 21700K, retained: 131975K
glibc malloc tunables: (default)

/proc/sys/kernel/threads-max (system-wide limit on the number of threads): 123991
/proc/sys/vm/max_map_count (maximum number of memory map areas a process may have): 1677720
/proc/sys/kernel/pid_max (system-wide limit on number of process identifiers): 4194304

container (cgroup) information:
container_type: cgroupv1
cpu_cpuset_cpus: 0-3
cpu_memory_nodes: 0
active_processor_count: 4
cpu_quota: no quota
cpu_period: 100000
cpu_shares: no shares
memory_limit_in_bytes: unlimited
memory_and_swap_limit_in_bytes: unlimited
memory_soft_limit_in_bytes: unlimited
memory_usage_in_bytes: 10618816 k
memory_max_usage_in_bytes: 14783012 k
kernel_memory_usage_in_bytes: 312256 k
kernel_memory_max_usage_in_bytes: unlimited
kernel_memory_limit_in_bytes: 985464 k
maximum number of tasks: unlimited
current number of tasks: 536

KVM virtualization detected
Steal ticks since vm start: 13
Steal ticks percentage since vm start:  0.000

CPU: total 4 (initial active 4) (1 cores per cpu, 1 threads per core) family 6 model 60 stepping 1 microcode 0x1, cx8, cmov, fxsr, mmx, sse, sse2, sse3, ssse3, sse4.1, sse4.2, popcnt, lzcnt, tsc, avx, avx2, aes, erms, clmul, bmi1, bmi2, fma, vzeroupper, clflush, hv
CPU Model and flags from /proc/cpuinfo:
model name	: Intel Core Processor (Haswell, no TSX)
flags		: fpu vme de pse tsc msr pae mce cx8 apic sep mtrr pge mca cmov pat pse36 clflush mmx fxsr sse sse2 syscall nx rdtscp lm constant_tsc rep_good nopl xtopology cpuid tsc_known_freq pni pclmulqdq vmx ssse3 fma cx16 pcid sse4_1 sse4_2 x2apic movbe popcnt tsc_deadline_timer aes xsave avx f16c rdrand hypervisor lahf_lm abm cpuid_fault invpcid_single pti tpr_shadow vnmi flexpriority ept vpid ept_ad fsgsbase bmi1 avx2 smep bmi2 erms invpcid xsaveopt arat md_clear

Online cpus: 0-3
Offline cpus: 
BIOS frequency limitation: <Not Available>
Frequency switch latency (ns): <Not Available>
Available cpu frequencies: <Not Available>
Current governor: <Not Available>
Core performance/turbo boost: <Not Available>

Memory: 4k page, physical 16014448k(3364652k free), swap 8388604k(8370064k free)
Page Sizes: 4k

vm_info: OpenJDK Server VM (17.0.11+9-LTS) for linux-x86 JRE (17.0.11+9-LTS) (Zulu17.50+19-CA), built on Apr  9 2024 07:14:46 by "zulu_re" with gcc 8.3.0

END.
