#
# A fatal error has been detected by the Java Runtime Environment:
#
#  SIGSEGV (0xb) at pc=0xf78b3618, pid=1419300, tid=1419300
#
# JRE version: OpenJDK Runtime Environment Zulu17.50+19-CA (17.0.11+9) (build 17.0.11+9-LTS)
# Java VM: OpenJDK Server VM Zulu17.50+19-CA (17.0.11+9-LTS, mixed mode, sharing, tiered, g1 gc, linux-x86)
# Problematic frame:
# C  [libc.so.6+0x84618]  cfree+0x28
#
# Core dump will be written. Default location: Core dumps may be processed with "/usr/lib/systemd/systemd-coredump %P %u %g %s %t %c %h %e" (or dumping to /home/almalinux/swg-returns-nge/exe/linux/core.1419300)
#
# If you would like to submit a bug report, please visit:
#   http://www.azul.com/support/
#

---------------  S U M M A R Y ------------

Command Line: -Xms128m -Xmx512m -Xss768k -XX:MaxMetaspaceSize=96m -Xrs -XX:-UsePerfData -XX:-AllowUserSignalHandlers -XX:UseSSE=3 -XX+DoEscapeAnalysis -XX:AutoBoxCacheMax:2000 -XX:+OptimizeStringConcat -XX:+OptimizeFill -XX:+EliminateAutoBox -XX:+UseCompressedStrings -XX:+UseCompressedOops -XX:+EliminateLocks -XX:UseFastAccessorMethods -XX:+UseStringCache -XgcPrio:throughput -XXkeepAreaRatio:1 -XXlazyUnlocking -XXcallProfiling -XXcompactRatio:1 

Host: Intel Core Processor (Haswell, no TSX), 4 cores, 15G, AlmaLinux release 8.10 (Cerulean Leopard)
Time: Sun Jan 25 20:14:49 2026 UTC elapsed time: 1009.395233 seconds (0d 0h 16m 49s)

---------------  T H R E A D  ---------------

Current thread is native thread

Stack: [0xffc31000,0xffcf1000],  sp=0xffcee7e0,  free space=757k
Native frames: (J=compiled Java code, j=interpreted, Vv=VM code, C=native code)
C  [libc.so.6+0x84618]  cfree+0x28


siginfo: si_signo: 11 (SIGSEGV), si_code: 1 (SEGV_MAPERR), si_addr: 0x00000003

Registers:
EAX=0x00000000, EBX=0x00000007, ECX=0xf6ef184c, EDX=0x0a2bed98
ESP=0xffcee7e0, EBP=0xffcee918, ESI=0xf79d4000, EDI=0x00000000
EIP=0xf78b3618, EFLAGS=0x00210202, CR2=0x0000000000000003


Top of Stack: (sp=0xffcee7e0)
0xffcee7e0:   09f42020 00000000 ffcee918 f7b40f1c
0xffcee7f0:   09f420b0 f7c57a04 0a2bed70 f7b40f1c
0xffcee800:   00000007 f7b40f0a f7c57a04 f7b40f4c
0xffcee810:   09f420b0 f7b40f0a 0a2c2b10 085b6163
0xffcee820:   00000007 09f42020 09f41d30 085bb8d1
0xffcee830:   09f42020 09f41d30 00000000 085bb89b
0xffcee840:   0b7594b0 ffcee867 ffcee88c 085c6969
0xffcee850:   087d6c00 ffcee88c ffcee918 084fc53b
0xffcee860:   00000014 00010002 00000000 00000000
0xffcee870:   01010100 00000001 09aa44c0 00000000
0xffcee880:   00000000 00000000 00000000 00000000
0xffcee890:   00000000 00000015 ffcee9e8 f78646ff
0xffcee8a0:   f79d441c 47677753 53656d61 65767265
0xffcee8b0:   34313a72 30333931 09290030 0a2a4130
0xffcee8c0:   08ea0100 08ebc230 08ea5888 f79d441c
0xffcee8d0:   00000428 00000420 f7864779 085758fd
0xffcee8e0:   08ea2a80 09b1ea78 08ea5888 08574f56
0xffcee8f0:   0929a2c4 0929a2c4 ffcee9e8 08ea583b
0xffcee900:   0000000c ffcee9b4 ffcee930 f79d4000
0xffcee910:   00000000 08575910 00000000 f784cf26
0xffcee920:   00000000 08575910 00000000 f784cf26
0xffcee930:   0000000c ffcee9b4 ffcee9e8 ffcee954
0xffcee940:   0929a2d0 00000000 ffcee9e8 f79d4000
0xffcee950:   f783c75c f79d4000 00000000 08575910
0xffcee960:   00000000 1a89ba5d 8ec6124d 00000000
0xffcee970:   00000000 00000000 f7f534d0 f784ce30
0xffcee980:   084fc260 0929a2c4 0000000c 08575946
0xffcee990:   084fc260 0000000c ffcee9b4 08ea57f0
0xffcee9a0:   08ea5850 f7f534d0 ffcee9ac f7f80970
0xffcee9b0:   0000000c ffcef626 ffcef638 ffcef63b
0xffcee9c0:   ffcef64d ffcef650 ffcef65b ffcef67f
0xffcee9d0:   ffcef68f ffcef6a6 ffcef6cd ffcef6d0 

Instructions: (pc=0xf78b3618)
0xf78b3518:   50 8d 96 86 f7 fa ff 8d 86 d0 2f fb ff e8 c6 b7
0xf78b3528:   ff ff 8d b6 00 00 00 00 bb 20 00 00 00 e9 5e fe
0xf78b3538:   ff ff e8 a1 c0 ff ff 89 c5 85 c0 0f 85 68 ff ff
0xf78b3548:   ff 31 d2 8d 44 3b 10 e8 8c c1 ff ff 89 da 89 f9
0xf78b3558:   89 c5 e8 11 f0 ff ff 89 c2 85 c0 75 1b 85 ed 74
0xf78b3568:   17 90 89 fa 89 e8 e8 bd c5 ff ff 89 da 89 f9 89
0xf78b3578:   c5 e8 f2 ef ff ff 89 c2 85 ed 0f 84 57 ff ff ff
0xf78b3588:   e9 39 ff ff ff 8d 86 b8 31 fb ff 83 ec 0c b9 25
0xf78b3598:   0d 00 00 50 8d 96 86 f7 fa ff 8d 86 74 2f fb ff
0xf78b35a8:   e8 43 b7 ff ff 8d 76 00 f3 0f 1e fb e8 0a 9a f9
0xf78b35b8:   ff 05 47 0a 12 00 56 53 83 ec 04 8b 5c 24 10 8b
0xf78b35c8:   74 24 14 8b 80 50 ff ff ff c7 00 00 00 00 00 e8
0xf78b35d8:   54 bb ff ff 8b 4c 24 0c 83 c4 04 89 f2 89 d8 5b
0xf78b35e8:   5e e9 42 fd ff ff 66 90 f3 0f 1e fb 56 e8 9a 9b
0xf78b35f8:   f9 ff 81 c6 06 0a 12 00 53 83 ec 14 8b 5c 24 20
0xf78b3608:   8b 86 5c ff ff ff 8b 00 85 c0 75 6c 85 db 74 75
0xf78b3618:   8b 4b fc 8d 53 f8 f6 c1 02 75 35 8b 86 70 fe ff
0xf78b3628:   ff 65 8b 00 85 c0 0f 84 8c 00 00 00 83 e1 04 8d
0xf78b3638:   86 60 07 00 00 74 09 89 d0 25 00 00 f0 ff 8b 00
0xf78b3648:   83 c4 14 31 c9 5b 5e e9 8c cb ff ff 8d 74 26 00
0xf78b3658:   8b 9e 60 01 00 00 85 db 75 10 3b 8e 48 01 00 00
0xf78b3668:   76 08 81 f9 00 00 08 00 76 26 83 c4 14 89 d0 5b
0xf78b3678:   5e e9 92 b8 ff ff 66 90 83 ec 08 ff 74 24 24 53
0xf78b3688:   ff d0 83 c4 10 83 c4 14 5b 5e c3 8d 74 26 00 90
0xf78b3698:   39 96 80 1d 00 00 77 08 39 96 7c 1d 00 00 77 ca
0xf78b36a8:   83 e1 f8 8d 04 09 89 8e 48 01 00 00 89 86 40 01
0xf78b36b8:   00 00 90 eb b5 8d 76 00 8b 86 74 fe ff ff 65 80
0xf78b36c8:   38 00 0f 85 64 ff ff ff 89 54 24 0c e8 97 ed ff
0xf78b36d8:   ff 8b 4b fc 8b 54 24 0c e9 4f ff ff ff 8d b4 26
0xf78b36e8:   00 00 00 00 8d 74 26 00 f3 0f 1e fb 55 57 56 e8
0xf78b36f8:   98 9a f9 ff 81 c6 04 09 12 00 53 83 ec 0c 8b 86
0xf78b3708:   70 fe ff ff 8b 96 74 fe ff ff 65 8b 28 65 c6 02 



---------------  P R O C E S S  ---------------

VM state: at safepoint (shutting down)

VM Mutex/Monitor currently owned by a thread:  ([mutex/lock_event])
[0xf5e21d30] Threads_lock - owner thread: 0xc4294cf0

GC Precious Log:
<Skipped>

Heap:
 garbage-first heap   total 131072K, used 20503K [0xc5c00000, 0xe5c00000)
  region size 1024K, 20 young (20480K), 2 survivors (2048K)
 Metaspace       used 3223K, committed 3456K, reserved 16384K

Heap Regions: E=young(eden), S=young(survivor), O=old, HS=humongous(starts), HC=humongous(continues), CS=collection set, F=free, OA=open archive, CA=closed archive, TAMS=top-at-mark-start (previous, next)
|   0|0xc5c00000, 0xc5d00000, 0xc5d00000|100%| O|  |TAMS 0xc5c00000, 0xc5c00000| Untracked 
|   1|0xc5d00000, 0xc5dce400, 0xc5e00000| 80%| O|  |TAMS 0xc5d00000, 0xc5d00000| Untracked 
|   2|0xc5e00000, 0xc5e00000, 0xc5f00000|  0%| F|  |TAMS 0xc5e00000, 0xc5e00000| Untracked 
|   3|0xc5f00000, 0xc5f00000, 0xc6000000|  0%| F|  |TAMS 0xc5f00000, 0xc5f00000| Untracked 
|   4|0xc6000000, 0xc6000000, 0xc6100000|  0%| F|  |TAMS 0xc6000000, 0xc6000000| Untracked 
|   5|0xc6100000, 0xc6100000, 0xc6200000|  0%| F|  |TAMS 0xc6100000, 0xc6100000| Untracked 
|   6|0xc6200000, 0xc6200000, 0xc6300000|  0%| F|  |TAMS 0xc6200000, 0xc6200000| Untracked 
|   7|0xc6300000, 0xc6300000, 0xc6400000|  0%| F|  |TAMS 0xc6300000, 0xc6300000| Untracked 
|   8|0xc6400000, 0xc6400000, 0xc6500000|  0%| F|  |TAMS 0xc6400000, 0xc6400000| Untracked 
|   9|0xc6500000, 0xc6500000, 0xc6600000|  0%| F|  |TAMS 0xc6500000, 0xc6500000| Untracked 
|  10|0xc6600000, 0xc6600000, 0xc6700000|  0%| F|  |TAMS 0xc6600000, 0xc6600000| Untracked 
|  11|0xc6700000, 0xc6700000, 0xc6800000|  0%| F|  |TAMS 0xc6700000, 0xc6700000| Untracked 
|  12|0xc6800000, 0xc6800000, 0xc6900000|  0%| F|  |TAMS 0xc6800000, 0xc6800000| Untracked 
|  13|0xc6900000, 0xc6900000, 0xc6a00000|  0%| F|  |TAMS 0xc6900000, 0xc6900000| Untracked 
|  14|0xc6a00000, 0xc6a00000, 0xc6b00000|  0%| F|  |TAMS 0xc6a00000, 0xc6a00000| Untracked 
|  15|0xc6b00000, 0xc6b00000, 0xc6c00000|  0%| F|  |TAMS 0xc6b00000, 0xc6b00000| Untracked 
|  16|0xc6c00000, 0xc6c00000, 0xc6d00000|  0%| F|  |TAMS 0xc6c00000, 0xc6c00000| Untracked 
|  17|0xc6d00000, 0xc6d00000, 0xc6e00000|  0%| F|  |TAMS 0xc6d00000, 0xc6d00000| Untracked 
|  18|0xc6e00000, 0xc6e00000, 0xc6f00000|  0%| F|  |TAMS 0xc6e00000, 0xc6e00000| Untracked 
|  19|0xc6f00000, 0xc6f00000, 0xc7000000|  0%| F|  |TAMS 0xc6f00000, 0xc6f00000| Untracked 
|  20|0xc7000000, 0xc7000000, 0xc7100000|  0%| F|  |TAMS 0xc7000000, 0xc7000000| Untracked 
|  21|0xc7100000, 0xc7100000, 0xc7200000|  0%| F|  |TAMS 0xc7100000, 0xc7100000| Untracked 
|  22|0xc7200000, 0xc7200000, 0xc7300000|  0%| F|  |TAMS 0xc7200000, 0xc7200000| Untracked 
|  23|0xc7300000, 0xc7300000, 0xc7400000|  0%| F|  |TAMS 0xc7300000, 0xc7300000| Untracked 
|  24|0xc7400000, 0xc7400000, 0xc7500000|  0%| F|  |TAMS 0xc7400000, 0xc7400000| Untracked 
|  25|0xc7500000, 0xc7500000, 0xc7600000|  0%| F|  |TAMS 0xc7500000, 0xc7500000| Untracked 
|  26|0xc7600000, 0xc7600000, 0xc7700000|  0%| F|  |TAMS 0xc7600000, 0xc7600000| Untracked 
|  27|0xc7700000, 0xc7700000, 0xc7800000|  0%| F|  |TAMS 0xc7700000, 0xc7700000| Untracked 
|  28|0xc7800000, 0xc7800000, 0xc7900000|  0%| F|  |TAMS 0xc7800000, 0xc7800000| Untracked 
|  29|0xc7900000, 0xc7900000, 0xc7a00000|  0%| F|  |TAMS 0xc7900000, 0xc7900000| Untracked 
|  30|0xc7a00000, 0xc7a00000, 0xc7b00000|  0%| F|  |TAMS 0xc7a00000, 0xc7a00000| Untracked 
|  31|0xc7b00000, 0xc7b00000, 0xc7c00000|  0%| F|  |TAMS 0xc7b00000, 0xc7b00000| Untracked 
|  32|0xc7c00000, 0xc7c00000, 0xc7d00000|  0%| F|  |TAMS 0xc7c00000, 0xc7c00000| Untracked 
|  33|0xc7d00000, 0xc7d00000, 0xc7e00000|  0%| F|  |TAMS 0xc7d00000, 0xc7d00000| Untracked 
|  34|0xc7e00000, 0xc7e00000, 0xc7f00000|  0%| F|  |TAMS 0xc7e00000, 0xc7e00000| Untracked 
|  35|0xc7f00000, 0xc7f00000, 0xc8000000|  0%| F|  |TAMS 0xc7f00000, 0xc7f00000| Untracked 
|  36|0xc8000000, 0xc8000000, 0xc8100000|  0%| F|  |TAMS 0xc8000000, 0xc8000000| Untracked 
|  37|0xc8100000, 0xc8100000, 0xc8200000|  0%| F|  |TAMS 0xc8100000, 0xc8100000| Untracked 
|  38|0xc8200000, 0xc8200000, 0xc8300000|  0%| F|  |TAMS 0xc8200000, 0xc8200000| Untracked 
|  39|0xc8300000, 0xc8300000, 0xc8400000|  0%| F|  |TAMS 0xc8300000, 0xc8300000| Untracked 
|  40|0xc8400000, 0xc8400000, 0xc8500000|  0%| F|  |TAMS 0xc8400000, 0xc8400000| Untracked 
|  41|0xc8500000, 0xc8500000, 0xc8600000|  0%| F|  |TAMS 0xc8500000, 0xc8500000| Untracked 
|  42|0xc8600000, 0xc8600000, 0xc8700000|  0%| F|  |TAMS 0xc8600000, 0xc8600000| Untracked 
|  43|0xc8700000, 0xc8700000, 0xc8800000|  0%| F|  |TAMS 0xc8700000, 0xc8700000| Untracked 
|  44|0xc8800000, 0xc8800000, 0xc8900000|  0%| F|  |TAMS 0xc8800000, 0xc8800000| Untracked 
|  45|0xc8900000, 0xc8900000, 0xc8a00000|  0%| F|  |TAMS 0xc8900000, 0xc8900000| Untracked 
|  46|0xc8a00000, 0xc8a00000, 0xc8b00000|  0%| F|  |TAMS 0xc8a00000, 0xc8a00000| Untracked 
|  47|0xc8b00000, 0xc8b00000, 0xc8c00000|  0%| F|  |TAMS 0xc8b00000, 0xc8b00000| Untracked 
|  48|0xc8c00000, 0xc8c00000, 0xc8d00000|  0%| F|  |TAMS 0xc8c00000, 0xc8c00000| Untracked 
|  49|0xc8d00000, 0xc8d00000, 0xc8e00000|  0%| F|  |TAMS 0xc8d00000, 0xc8d00000| Untracked 
|  50|0xc8e00000, 0xc8e00000, 0xc8f00000|  0%| F|  |TAMS 0xc8e00000, 0xc8e00000| Untracked 
|  51|0xc8f00000, 0xc8f00000, 0xc9000000|  0%| F|  |TAMS 0xc8f00000, 0xc8f00000| Untracked 
|  52|0xc9000000, 0xc9000000, 0xc9100000|  0%| F|  |TAMS 0xc9000000, 0xc9000000| Untracked 
|  53|0xc9100000, 0xc9100000, 0xc9200000|  0%| F|  |TAMS 0xc9100000, 0xc9100000| Untracked 
|  54|0xc9200000, 0xc9200000, 0xc9300000|  0%| F|  |TAMS 0xc9200000, 0xc9200000| Untracked 
|  55|0xc9300000, 0xc9300000, 0xc9400000|  0%| F|  |TAMS 0xc9300000, 0xc9300000| Untracked 
|  56|0xc9400000, 0xc9400000, 0xc9500000|  0%| F|  |TAMS 0xc9400000, 0xc9400000| Untracked 
|  57|0xc9500000, 0xc9500000, 0xc9600000|  0%| F|  |TAMS 0xc9500000, 0xc9500000| Untracked 
|  58|0xc9600000, 0xc9600000, 0xc9700000|  0%| F|  |TAMS 0xc9600000, 0xc9600000| Untracked 
|  59|0xc9700000, 0xc9700000, 0xc9800000|  0%| F|  |TAMS 0xc9700000, 0xc9700000| Untracked 
|  60|0xc9800000, 0xc9800000, 0xc9900000|  0%| F|  |TAMS 0xc9800000, 0xc9800000| Untracked 
|  61|0xc9900000, 0xc9900000, 0xc9a00000|  0%| F|  |TAMS 0xc9900000, 0xc9900000| Untracked 
|  62|0xc9a00000, 0xc9a00000, 0xc9b00000|  0%| F|  |TAMS 0xc9a00000, 0xc9a00000| Untracked 
|  63|0xc9b00000, 0xc9b00000, 0xc9c00000|  0%| F|  |TAMS 0xc9b00000, 0xc9b00000| Untracked 
|  64|0xc9c00000, 0xc9c00000, 0xc9d00000|  0%| F|  |TAMS 0xc9c00000, 0xc9c00000| Untracked 
|  65|0xc9d00000, 0xc9d00000, 0xc9e00000|  0%| F|  |TAMS 0xc9d00000, 0xc9d00000| Untracked 
|  66|0xc9e00000, 0xc9e00000, 0xc9f00000|  0%| F|  |TAMS 0xc9e00000, 0xc9e00000| Untracked 
|  67|0xc9f00000, 0xc9f00000, 0xca000000|  0%| F|  |TAMS 0xc9f00000, 0xc9f00000| Untracked 
|  68|0xca000000, 0xca000000, 0xca100000|  0%| F|  |TAMS 0xca000000, 0xca000000| Untracked 
|  69|0xca100000, 0xca100000, 0xca200000|  0%| F|  |TAMS 0xca100000, 0xca100000| Untracked 
|  70|0xca200000, 0xca200000, 0xca300000|  0%| F|  |TAMS 0xca200000, 0xca200000| Untracked 
|  71|0xca300000, 0xca300000, 0xca400000|  0%| F|  |TAMS 0xca300000, 0xca300000| Untracked 
|  72|0xca400000, 0xca400000, 0xca500000|  0%| F|  |TAMS 0xca400000, 0xca400000| Untracked 
|  73|0xca500000, 0xca500000, 0xca600000|  0%| F|  |TAMS 0xca500000, 0xca500000| Untracked 
|  74|0xca600000, 0xca600000, 0xca700000|  0%| F|  |TAMS 0xca600000, 0xca600000| Untracked 
|  75|0xca700000, 0xca700000, 0xca800000|  0%| F|  |TAMS 0xca700000, 0xca700000| Untracked 
|  76|0xca800000, 0xca800000, 0xca900000|  0%| F|  |TAMS 0xca800000, 0xca800000| Untracked 
|  77|0xca900000, 0xca900000, 0xcaa00000|  0%| F|  |TAMS 0xca900000, 0xca900000| Untracked 
|  78|0xcaa00000, 0xcaa00000, 0xcab00000|  0%| F|  |TAMS 0xcaa00000, 0xcaa00000| Untracked 
|  79|0xcab00000, 0xcab00000, 0xcac00000|  0%| F|  |TAMS 0xcab00000, 0xcab00000| Untracked 
|  80|0xcac00000, 0xcac00000, 0xcad00000|  0%| F|  |TAMS 0xcac00000, 0xcac00000| Untracked 
|  81|0xcad00000, 0xcad00000, 0xcae00000|  0%| F|  |TAMS 0xcad00000, 0xcad00000| Untracked 
|  82|0xcae00000, 0xcae00000, 0xcaf00000|  0%| F|  |TAMS 0xcae00000, 0xcae00000| Untracked 
|  83|0xcaf00000, 0xcaf00000, 0xcb000000|  0%| F|  |TAMS 0xcaf00000, 0xcaf00000| Untracked 
|  84|0xcb000000, 0xcb000000, 0xcb100000|  0%| F|  |TAMS 0xcb000000, 0xcb000000| Untracked 
|  85|0xcb100000, 0xcb100000, 0xcb200000|  0%| F|  |TAMS 0xcb100000, 0xcb100000| Untracked 
|  86|0xcb200000, 0xcb200000, 0xcb300000|  0%| F|  |TAMS 0xcb200000, 0xcb200000| Untracked 
|  87|0xcb300000, 0xcb300000, 0xcb400000|  0%| F|  |TAMS 0xcb300000, 0xcb300000| Untracked 
|  88|0xcb400000, 0xcb400000, 0xcb500000|  0%| F|  |TAMS 0xcb400000, 0xcb400000| Untracked 
|  89|0xcb500000, 0xcb500000, 0xcb600000|  0%| F|  |TAMS 0xcb500000, 0xcb500000| Untracked 
|  90|0xcb600000, 0xcb600000, 0xcb700000|  0%| F|  |TAMS 0xcb600000, 0xcb600000| Untracked 
|  91|0xcb700000, 0xcb700000, 0xcb800000|  0%| F|  |TAMS 0xcb700000, 0xcb700000| Untracked 
|  92|0xcb800000, 0xcb800000, 0xcb900000|  0%| F|  |TAMS 0xcb800000, 0xcb800000| Untracked 
|  93|0xcb900000, 0xcb900000, 0xcba00000|  0%| F|  |TAMS 0xcb900000, 0xcb900000| Untracked 
|  94|0xcba00000, 0xcba00000, 0xcbb00000|  0%| F|  |TAMS 0xcba00000, 0xcba00000| Untracked 
|  95|0xcbb00000, 0xcbb00000, 0xcbc00000|  0%| F|  |TAMS 0xcbb00000, 0xcbb00000| Untracked 
|  96|0xcbc00000, 0xcbc00000, 0xcbd00000|  0%| F|  |TAMS 0xcbc00000, 0xcbc00000| Untracked 
|  97|0xcbd00000, 0xcbd00000, 0xcbe00000|  0%| F|  |TAMS 0xcbd00000, 0xcbd00000| Untracked 
|  98|0xcbe00000, 0xcbe00000, 0xcbf00000|  0%| F|  |TAMS 0xcbe00000, 0xcbe00000| Untracked 
|  99|0xcbf00000, 0xcbf00000, 0xcc000000|  0%| F|  |TAMS 0xcbf00000, 0xcbf00000| Untracked 
| 100|0xcc000000, 0xcc000000, 0xcc100000|  0%| F|  |TAMS 0xcc000000, 0xcc000000| Untracked 
| 101|0xcc100000, 0xcc100000, 0xcc200000|  0%| F|  |TAMS 0xcc100000, 0xcc100000| Untracked 
| 102|0xcc200000, 0xcc200000, 0xcc300000|  0%| F|  |TAMS 0xcc200000, 0xcc200000| Untracked 
| 103|0xcc300000, 0xcc300000, 0xcc400000|  0%| F|  |TAMS 0xcc300000, 0xcc300000| Untracked 
| 104|0xcc400000, 0xcc400000, 0xcc500000|  0%| F|  |TAMS 0xcc400000, 0xcc400000| Untracked 
| 105|0xcc500000, 0xcc500000, 0xcc600000|  0%| F|  |TAMS 0xcc500000, 0xcc500000| Untracked 
| 106|0xcc600000, 0xcc600000, 0xcc700000|  0%| F|  |TAMS 0xcc600000, 0xcc600000| Untracked 
| 107|0xcc700000, 0xcc700000, 0xcc800000|  0%| F|  |TAMS 0xcc700000, 0xcc700000| Untracked 
| 108|0xcc800000, 0xcc8372f0, 0xcc900000| 21%| S|CS|TAMS 0xcc800000, 0xcc800000| Complete 
| 109|0xcc900000, 0xcca00000, 0xcca00000|100%| S|CS|TAMS 0xcc900000, 0xcc900000| Complete 
| 110|0xcca00000, 0xcca00800, 0xccb00000|  0%| E|  |TAMS 0xcca00000, 0xcca00000| Complete 
| 111|0xccb00000, 0xccc00000, 0xccc00000|100%| E|CS|TAMS 0xccb00000, 0xccb00000| Complete 
| 112|0xccc00000, 0xccd00000, 0xccd00000|100%| E|CS|TAMS 0xccc00000, 0xccc00000| Complete 
| 113|0xccd00000, 0xcce00000, 0xcce00000|100%| E|CS|TAMS 0xccd00000, 0xccd00000| Complete 
| 114|0xcce00000, 0xccf00000, 0xccf00000|100%| E|CS|TAMS 0xcce00000, 0xcce00000| Complete 
| 115|0xccf00000, 0xcd000000, 0xcd000000|100%| E|CS|TAMS 0xccf00000, 0xccf00000| Complete 
| 116|0xcd000000, 0xcd100000, 0xcd100000|100%| E|CS|TAMS 0xcd000000, 0xcd000000| Complete 
| 117|0xcd100000, 0xcd200000, 0xcd200000|100%| E|CS|TAMS 0xcd100000, 0xcd100000| Complete 
| 118|0xcd200000, 0xcd300000, 0xcd300000|100%| E|CS|TAMS 0xcd200000, 0xcd200000| Complete 
| 119|0xcd300000, 0xcd400000, 0xcd400000|100%| E|CS|TAMS 0xcd300000, 0xcd300000| Complete 
| 120|0xcd400000, 0xcd500000, 0xcd500000|100%| E|CS|TAMS 0xcd400000, 0xcd400000| Complete 
| 121|0xcd500000, 0xcd600000, 0xcd600000|100%| E|CS|TAMS 0xcd500000, 0xcd500000| Complete 
| 122|0xcd600000, 0xcd700000, 0xcd700000|100%| E|CS|TAMS 0xcd600000, 0xcd600000| Complete 
| 123|0xcd700000, 0xcd800000, 0xcd800000|100%| E|CS|TAMS 0xcd700000, 0xcd700000| Complete 
| 124|0xcd800000, 0xcd900000, 0xcd900000|100%| E|CS|TAMS 0xcd800000, 0xcd800000| Complete 
| 125|0xcd900000, 0xcda00000, 0xcda00000|100%| E|CS|TAMS 0xcd900000, 0xcd900000| Complete 
| 126|0xcda00000, 0xcdb00000, 0xcdb00000|100%| E|CS|TAMS 0xcda00000, 0xcda00000| Complete 
| 127|0xcdb00000, 0xcdc00000, 0xcdc00000|100%| E|CS|TAMS 0xcdb00000, 0xcdb00000| Complete 

Card table byte_map: [0xc5a00000,0xc5b00000] _byte_map_base: 0xc53d2000

Marking Bits (Prev, Next): (CMBitMap*) 0xf5e8b528, (CMBitMap*) 0xf5e8b548
 Prev Bits: [0xc5100000, 0xc5900000)
 Next Bits: [0xc4900000, 0xc5100000)

Polling page: 0xf7f45000

Metaspace:

Usage:
    3.15 MB used.

Virtual space:
     16.00 MB reserved,       3.38 MB ( 21%) committed,  1 nodes.

Chunk freelists:
9.95 MB

MaxMetaspaceSize: 96.00 MB
No class space
Initial GC threshold: 16.00 MB
Current GC threshold: 16.00 MB
CDS: on
MetaspaceReclaimPolicy: balanced
 - commit_granule_bytes: 65536.
 - commit_granule_words: 16384.
 - virtual_space_node_default_size: 4194304.
 - enlarge_chunks_in_place: 1.
 - new_chunks_are_fully_committed: 0.
 - uncommit_free_chunks: 1.
 - use_allocation_guard: 0.
 - handle_deallocations: 1.


Internal statistics:

num_allocs_failed_limit: 0.
num_arena_births: 107.
num_arena_deaths: 0.
num_vsnodes_births: 1.
num_vsnodes_deaths: 0.
num_space_committed: 54.
num_space_uncommitted: 0.
num_chunks_returned_to_freelist: 0.
num_chunks_taken_from_freelist: 215.
num_chunk_merges: 0.
num_chunk_splits: 159.
num_chunks_enlarged: 114.
num_inconsistent_stats: 0.

CodeHeap 'non-profiled nmethods': size=120172Kb used=565Kb max_used=565Kb free=119607Kb
 bounds [0xed7f5000, 0xeda35000, 0xf4d50000]
CodeHeap 'profiled nmethods': size=120172Kb used=1517Kb max_used=1517Kb free=118654Kb
 bounds [0xe5d50000, 0xe5f90000, 0xed2ab000]
CodeHeap 'non-nmethods': size=5416Kb used=724Kb max_used=769Kb free=4692Kb
 bounds [0xed2ab000, 0xed4eb000, 0xed7f5000]
 total_blobs=1365 nmethods=1035 adapters=244
 compilation: enabled
              stopped_count=0, restarted_count=0
 full_count=0

Compilation events (20 events):
Event: 774.956 Thread 0xc42a0580 1027       3       java.lang.invoke.LambdaForm$MH/0xc25c6290::invoke (27 bytes)
Event: 774.957 Thread 0xc42a0580 nmethod 1027 0xe5ec8888 code [0xe5ec89e0, 0xe5ec8cd8]
Event: 774.957 Thread 0xc42a0580 1028       3       java.lang.invoke.DirectMethodHandle$Holder::invokeStatic (17 bytes)
Event: 774.957 Thread 0xc42a0580 nmethod 1028 0xe5ec8e08 code [0xe5ec8f60, 0xe5ec9278]
Event: 835.939 Thread 0xc42a0580 1029       3       java.lang.Integer::stringSize (47 bytes)
Event: 835.939 Thread 0xc42a0580 nmethod 1029 0xe5ec9388 code [0xe5ec94c0, 0xe5ec9700]
Event: 835.939 Thread 0xc42a0580 1030       3       java.lang.Integer::getChars (131 bytes)
Event: 835.940 Thread 0xc42a0580 nmethod 1030 0xe5ec9788 code [0xe5ec98e0, 0xe5ec9c60]
Event: 877.453 Thread 0xc42a0580 1031       3       jdk.internal.util.Preconditions::checkIndex (18 bytes)
Event: 877.453 Thread 0xc42a0580 nmethod 1031 0xe5ec9e88 code [0xe5ec9fc0, 0xe5eca12c]
Event: 895.973 Thread 0xc42a0580 1032       3       java.lang.invoke.LambdaForm$MH/0xc24f7a90::invoke (27 bytes)
Event: 895.974 Thread 0xc42a0580 nmethod 1032 0xe5eca208 code [0xe5eca360, 0xe5eca6d8]
Event: 897.487 Thread 0xc429f450 1033       4       java.util.ArrayList$Itr::next (66 bytes)
Event: 897.490 Thread 0xc429f450 nmethod 1033 0xed880a08 code [0xed880b20, 0xed880c50]
Event: 915.964 Thread 0xc42a0580 1034       3       java.lang.invoke.LambdaForm$MH/0xc24f6280::invoke (27 bytes)
Event: 915.965 Thread 0xc42a0580 nmethod 1034 0xe5eca808 code [0xe5eca960, 0xe5ecacd8]
Event: 915.965 Thread 0xc42a0580 1035       3       java.lang.StringConcatHelper::newArrayWithSuffix (40 bytes)
Event: 915.966 Thread 0xc42a0580 nmethod 1035 0xe5ecae08 code [0xe5ecafa0, 0xe5ecb470]
Event: 970.427 Thread 0xc429f450 1036       4       java.io.ObjectInputStream::skipCustomData (105 bytes)
Event: 970.569 Thread 0xc429f450 nmethod 1036 0xed880d88 code [0xed880f40, 0xed881b90]

GC Heap History (4 events):
Event: 36.525 GC heap before
{Heap before GC invocations=0 (full 0):
 garbage-first heap   total 131072K, used 12288K [0xc5c00000, 0xe5c00000)
  region size 1024K, 13 young (13312K), 0 survivors (0K)
 Metaspace       used 1933K, committed 2112K, reserved 16384K
}
Event: 36.558 GC heap after
{Heap after GC invocations=1 (full 0):
 garbage-first heap   total 131072K, used 2151K [0xc5c00000, 0xe5c00000)
  region size 1024K, 2 young (2048K), 2 survivors (2048K)
 Metaspace       used 1933K, committed 2112K, reserved 16384K
}
Event: 245.321 GC heap before
{Heap before GC invocations=1 (full 0):
 garbage-first heap   total 131072K, used 18535K [0xc5c00000, 0xe5c00000)
  region size 1024K, 18 young (18432K), 2 survivors (2048K)
 Metaspace       used 3171K, committed 3392K, reserved 16384K
}
Event: 245.375 GC heap after
{Heap after GC invocations=2 (full 0):
 garbage-first heap   total 131072K, used 3093K [0xc5c00000, 0xe5c00000)
  region size 1024K, 2 young (2048K), 2 survivors (2048K)
 Metaspace       used 3171K, committed 3392K, reserved 16384K
}

Dll operation events (4 events):
Event: 0.049 Loaded shared library /usr/lib/jvm/java-17-zulu-openjdk-jdk-x86/lib/libjava.so
Event: 41.962 Loaded shared library /usr/lib/jvm/java-17-zulu-openjdk-jdk-x86/lib/libnio.so
Event: 41.963 Loaded shared library /usr/lib/jvm/java-17-zulu-openjdk-jdk-x86/lib/libjimage.so
Event: 41.964 Loaded shared library /usr/lib/jvm/java-17-zulu-openjdk-jdk-x86/lib/libnet.so

Deoptimization events (20 events):
Event: 496.404 Thread 0x0b5cdb30 DEOPT PACKING pc=0xed87765c sp=0xffced1e0
Event: 496.404 Thread 0x0b5cdb30 DEOPT UNPACKING pc=0xed2f4d33 sp=0xffced1c8 mode 2
Event: 496.404 Thread 0x0b5cdb30 Uncommon trap: trap_request=0xffffffde fr.pc=0xed8778ec relative=0x0000140c
Event: 496.404 Thread 0x0b5cdb30 Uncommon trap: reason=class_check action=maybe_recompile pc=0xed8778ec method=java.lang.reflect.Array.newInstance(Ljava/lang/Class;I)Ljava/lang/Object; @ 2 c2
Event: 496.404 Thread 0x0b5cdb30 DEOPT PACKING pc=0xed8778ec sp=0xffced1e0
Event: 496.404 Thread 0x0b5cdb30 DEOPT UNPACKING pc=0xed2f4d33 sp=0xffced198 mode 2
Event: 496.404 Thread 0x0b5cdb30 Uncommon trap: trap_request=0xffffffd6 fr.pc=0xed87765c relative=0x0000117c
Event: 496.404 Thread 0x0b5cdb30 Uncommon trap: reason=array_check action=maybe_recompile pc=0xed87765c method=java.io.ObjectInputStream.readArray(Z)Ljava/lang/Object; @ 392 c2
Event: 496.404 Thread 0x0b5cdb30 DEOPT PACKING pc=0xed87765c sp=0xffced1e0
Event: 496.404 Thread 0x0b5cdb30 DEOPT UNPACKING pc=0xed2f4d33 sp=0xffced1c8 mode 2
Event: 496.404 Thread 0x0b5cdb30 Uncommon trap: trap_request=0xffffffd6 fr.pc=0xed87765c relative=0x0000117c
Event: 496.404 Thread 0x0b5cdb30 Uncommon trap: reason=array_check action=maybe_recompile pc=0xed87765c method=java.io.ObjectInputStream.readArray(Z)Ljava/lang/Object; @ 392 c2
Event: 496.404 Thread 0x0b5cdb30 DEOPT PACKING pc=0xed87765c sp=0xffced1e0
Event: 496.404 Thread 0x0b5cdb30 DEOPT UNPACKING pc=0xed2f4d33 sp=0xffced1c8 mode 2
Event: 496.404 Thread 0x0b5cdb30 Uncommon trap: trap_request=0xffffffd6 fr.pc=0xed87765c relative=0x0000117c
Event: 496.404 Thread 0x0b5cdb30 Uncommon trap: reason=array_check action=maybe_recompile pc=0xed87765c method=java.io.ObjectInputStream.readArray(Z)Ljava/lang/Object; @ 392 c2
Event: 496.404 Thread 0x0b5cdb30 DEOPT PACKING pc=0xed87765c sp=0xffced1e0
Event: 496.404 Thread 0x0b5cdb30 DEOPT UNPACKING pc=0xed2f4d33 sp=0xffced1c8 mode 2
Event: 512.488 Thread 0x0b5cdb30 DEOPT PACKING pc=0xe5e22de5 sp=0xffcee3a0
Event: 512.488 Thread 0x0b5cdb30 DEOPT UNPACKING pc=0xed2f4171 sp=0xffcee23c mode 0

Classes unloaded (0 events):
No events

Classes redefined (0 events):
No events

Internal exceptions (2 events):
Event: 39.973 Thread 0x0b5cdb30 Exception <a 'java/lang/NoSuchMethodError'{0xcd489678}: static [Ljava/lang/String;.<clinit>()V> (0xcd489678) 
thrown [src/hotspot/share/prims/jni.cpp, line 1112]
Event: 41.968 Thread 0x0b5cdb30 Exception <a 'java/lang/NoSuchMethodError'{0xccf69b28}: 'java.lang.Object java.lang.invoke.DirectMethodHandle$Holder.invokeStaticInit(java.lang.Object)'> (0xccf69b28) 
thrown [src/hotspot/share/interpreter/linkResolver.cpp, line 759]

VM Operations (20 events):
Event: 356.448 Executing VM operation: Cleanup
Event: 356.449 Executing VM operation: Cleanup done
Event: 357.451 Executing VM operation: Cleanup
Event: 357.451 Executing VM operation: Cleanup done
Event: 363.469 Executing VM operation: Cleanup
Event: 363.469 Executing VM operation: Cleanup done
Event: 366.471 Executing VM operation: Cleanup
Event: 366.471 Executing VM operation: Cleanup done
Event: 390.484 Executing VM operation: Cleanup
Event: 390.484 Executing VM operation: Cleanup done
Event: 399.486 Executing VM operation: Cleanup
Event: 399.486 Executing VM operation: Cleanup done
Event: 427.516 Executing VM operation: Cleanup
Event: 427.516 Executing VM operation: Cleanup done
Event: 488.587 Executing VM operation: Cleanup
Event: 488.587 Executing VM operation: Cleanup done
Event: 517.601 Executing VM operation: Cleanup
Event: 517.601 Executing VM operation: Cleanup done
Event: 628.643 Executing VM operation: Cleanup
Event: 628.643 Executing VM operation: Cleanup done

Events (20 events):
Event: 41.976 loading class jdk/internal/logger/SimpleConsoleLogger
Event: 41.976 loading class sun/util/logging/PlatformLogger$ConfigurableBridge$LoggerConfiguration
Event: 41.976 loading class sun/util/logging/PlatformLogger$ConfigurableBridge$LoggerConfiguration done
Event: 41.976 loading class jdk/internal/logger/SimpleConsoleLogger done
Event: 41.976 loading class jdk/internal/logger/SurrogateLogger done
Event: 41.976 loading class sun/util/logging/PlatformLogger
Event: 41.977 loading class sun/util/logging/PlatformLogger done
Event: 41.977 loading class sun/util/logging/PlatformLogger$Level
Event: 41.977 loading class sun/util/logging/PlatformLogger$Level done
Event: 41.977 loading class jdk/internal/event/DeserializationEvent
Event: 41.977 loading class jdk/internal/event/DeserializationEvent done
Event: 41.977 loading class java/io/ObjectInputStream$FieldValues
Event: 41.978 loading class java/io/ObjectInputStream$GetField
Event: 41.978 loading class java/io/ObjectInputStream$GetField done
Event: 41.978 loading class java/io/ObjectInputStream$FieldValues done
Event: 53.564 loading class java/io/ObjectStreamException
Event: 53.565 loading class java/io/ObjectStreamException done
Event: 997.757 Thread 0x0b5cdb30 Thread exited: 0x0b5cdb30
Event: 997.770 Thread 0xf5e242d0 Thread exited: 0xf5e242d0
Event: 997.770 Thread 0xc429bff0 Thread exited: 0xc429bff0


Dynamic libraries:
08048000-09298000 r-xp 00000000 08:04 494947248                          /home/almalinux/swg-returns-nge/build/bin/SwgGameServer
09298000-0929c000 rw-p 0124f000 08:04 494947248                          /home/almalinux/swg-returns-nge/build/bin/SwgGameServer
0929c000-09b1f000 rw-p 00000000 00:00 0 
09f08000-0d7bf000 rw-p 00000000 00:00 0                                  [heap]
c0300000-c03f1000 rw-p 00000000 00:00 0 
c03f1000-c0400000 ---p 00000000 00:00 0 
c0500000-c05f8000 rw-p 00000000 00:00 0 
c05f8000-c0600000 ---p 00000000 00:00 0 
c0700000-c07f9000 rw-p 00000000 00:00 0 
c07f9000-c0800000 ---p 00000000 00:00 0 
c0800000-c08f9000 rw-p 00000000 00:00 0 
c08f9000-c0900000 ---p 00000000 00:00 0 
c0900000-c09fa000 rw-p 00000000 00:00 0 
c09fa000-c0a00000 ---p 00000000 00:00 0 
c0a00000-c0b00000 rw-p 00000000 00:00 0 
c0b00000-c0bfb000 rw-p 00000000 00:00 0 
c0bfb000-c0c00000 ---p 00000000 00:00 0 
c0c00000-c0cf5000 rw-p 00000000 00:00 0 
c0cf5000-c0d00000 ---p 00000000 00:00 0 
c0d00000-c0df9000 rw-p 00000000 00:00 0 
c0df9000-c0e00000 ---p 00000000 00:00 0 
c0eed000-c0ef1000 ---p 00000000 00:00 0 
c0ef1000-c0f6e000 rw-p 00000000 00:00 0 
c0f6e000-c0f6f000 ---p 00000000 00:00 0 
c0f6f000-c0fef000 rw-p 00000000 00:00 0 
c1200000-c126b000 rw-p 00000000 00:00 0 
c126b000-c1300000 ---p 00000000 00:00 0 
c1439000-c143a000 ---p 00000000 00:00 0 
c143a000-c14ba000 rw-p 00000000 00:00 0 
c14ba000-c14be000 ---p 00000000 00:00 0 
c14be000-c153b000 rw-p 00000000 00:00 0 
c173d000-c1741000 ---p 00000000 00:00 0 
c1741000-c17fe000 rw-p 00000000 00:00 0 
c17fe000-c1802000 ---p 00000000 00:00 0 
c1802000-c18bf000 rw-p 00000000 00:00 0 
c18bf000-c18c0000 ---p 00000000 00:00 0 
c18c0000-c1940000 rw-p 00000000 00:00 0 
c1940000-c1944000 ---p 00000000 00:00 0 
c1944000-c1a01000 rw-p 00000000 00:00 0 
c1a01000-c1a05000 ---p 00000000 00:00 0 
c1a05000-c1ac2000 rw-p 00000000 00:00 0 
c1ac2000-c1ac6000 ---p 00000000 00:00 0 
c1ac6000-c1b43000 rw-p 00000000 00:00 0 
c1b43000-c1b47000 ---p 00000000 00:00 0 
c1b47000-c1c04000 rw-p 00000000 00:00 0 
c1c04000-c1c08000 ---p 00000000 00:00 0 
c1c08000-c1cc5000 rw-p 00000000 00:00 0 
c1cc5000-c1cc9000 ---p 00000000 00:00 0 
c1cc9000-c1d86000 rw-p 00000000 00:00 0 
c1d86000-c2000000 r--p 00078000 08:04 535181                             /usr/lib/locale/locale-archive
c2000000-c2150000 rw-p 00000000 00:00 0 
c2150000-c2400000 ---p 00000000 00:00 0 
c2400000-c2610000 rw-p 00000000 00:00 0 
c2610000-c3000000 ---p 00000000 00:00 0 
c307e000-c327e000 r--p 00000000 08:04 535181                             /usr/lib/locale/locale-archive
c327e000-c3282000 ---p 00000000 00:00 0 
c3282000-c333f000 rw-p 00000000 00:00 0 
c333f000-c3343000 ---p 00000000 00:00 0 
c3343000-c3400000 rw-p 00000000 00:00 0 
c3400000-c34e6000 rw-p 00000000 00:00 0 
c34e6000-c3500000 ---p 00000000 00:00 0 
c3531000-c3535000 ---p 00000000 00:00 0 
c3535000-c35b2000 rw-p 00000000 00:00 0 
c35b2000-c35b3000 ---p 00000000 00:00 0 
c35b3000-c3633000 rw-p 00000000 00:00 0 
c3633000-c3f00000 rw-p 00001000 08:04 143240867                          /usr/lib/jvm/java-17-zulu-openjdk-jdk-x86/lib/server/classes.jsa
c3f00000-c3f21000 rw-p 00000000 00:00 0 
c3f21000-c4000000 ---p 00000000 00:00 0 
c407f000-c4080000 ---p 00000000 00:00 0 
c4080000-c4100000 rw-p 00000000 00:00 0 
c4100000-c4121000 rw-p 00000000 00:00 0 
c4121000-c4200000 ---p 00000000 00:00 0 
c4200000-c42d6000 rw-p 00000000 00:00 0 
c42d6000-c4300000 ---p 00000000 00:00 0 
c437f000-c4380000 ---p 00000000 00:00 0 
c4380000-c4400000 rw-p 00000000 00:00 0 
c4400000-c44e2000 rw-p 00000000 00:00 0 
c44e2000-c4500000 ---p 00000000 00:00 0 
c457f000-c4580000 ---p 00000000 00:00 0 
c4580000-c4600000 rw-p 00000000 00:00 0 
c4600000-c4700000 rw-p 00000000 00:00 0 
c4700000-c47fe000 rw-p 00000000 00:00 0 
c47fe000-c4800000 ---p 00000000 00:00 0 
c487f000-c4880000 ---p 00000000 00:00 0 
c4880000-c4b00000 rw-p 00000000 00:00 0 
c4b00000-c5100000 ---p 00000000 00:00 0 
c5100000-c5300000 rw-p 00000000 00:00 0 
c5300000-c5900000 ---p 00000000 00:00 0 
c5900000-c5940000 rw-p 00000000 00:00 0 
c5940000-c5a00000 ---p 00000000 00:00 0 
c5a00000-c5a40000 rw-p 00000000 00:00 0 
c5a40000-c5b00000 ---p 00000000 00:00 0 
c5b00000-c5b40000 rw-p 00000000 00:00 0 
c5b40000-c5c00000 ---p 00000000 00:00 0 
c5c00000-cdc00000 rw-p 00000000 00:00 0 
cdc00000-e5c00000 ---p 00000000 00:00 0 
e5c65000-e5c6a000 rw-p 00000000 00:00 0 
e5c6a000-e5d50000 ---p 00000000 00:00 0 
e5d50000-e5f90000 rwxp 00000000 00:00 0 
e5f90000-ed2ab000 ---p 00000000 00:00 0 
ed2ab000-ed4eb000 rwxp 00000000 00:00 0 
ed4eb000-ed7f5000 ---p 00000000 00:00 0 
ed7f5000-eda35000 rwxp 00000000 00:00 0 
eda35000-f4d50000 ---p 00000000 00:00 0 
f4d50000-f4eb8000 r--s 00000000 08:04 117534333                          /usr/lib/jvm/java-17-zulu-openjdk-jdk-x86/lib/modules
f4eb8000-f5d5a000 r-xp 00000000 08:04 143240869                          /usr/lib/jvm/java-17-zulu-openjdk-jdk-x86/lib/server/libjvm.so
f5d5a000-f5daf000 r--p 00ea1000 08:04 143240869                          /usr/lib/jvm/java-17-zulu-openjdk-jdk-x86/lib/server/libjvm.so
f5daf000-f5dd0000 rw-p 00ef6000 08:04 143240869                          /usr/lib/jvm/java-17-zulu-openjdk-jdk-x86/lib/server/libjvm.so
f5dd0000-f5e00000 rw-p 00000000 00:00 0 
f5e00000-f5f00000 rw-p 00000000 00:00 0 
f5f0a000-f5f0b000 ---p 00000000 00:00 0 
f5f0b000-f5f8b000 rw-p 00000000 00:00 0 
f5f8b000-f5f8c000 ---p 00000000 00:00 0 
f5f8c000-f5f90000 ---p 00000000 00:00 0 
f5f90000-f6b04000 rw-p 00000000 00:00 0 
f6b10000-f6b25000 r-xp 00000000 08:04 117534323                          /usr/lib/jvm/java-17-zulu-openjdk-jdk-x86/lib/libnet.so
f6b25000-f6b26000 r--p 00014000 08:04 117534323                          /usr/lib/jvm/java-17-zulu-openjdk-jdk-x86/lib/libnet.so
f6b26000-f6b27000 rw-p 00015000 08:04 117534323                          /usr/lib/jvm/java-17-zulu-openjdk-jdk-x86/lib/libnet.so
f6b27000-f6b2c000 rw-p 00000000 00:00 0 
f6b2c000-f6c12000 ---p 00000000 00:00 0 
f6e4c000-f6e5e000 r-xp 00000000 08:04 117534324                          /usr/lib/jvm/java-17-zulu-openjdk-jdk-x86/lib/libnio.so
f6e5e000-f6e5f000 r--p 00011000 08:04 117534324                          /usr/lib/jvm/java-17-zulu-openjdk-jdk-x86/lib/libnio.so
f6e5f000-f6e60000 rw-p 00012000 08:04 117534324                          /usr/lib/jvm/java-17-zulu-openjdk-jdk-x86/lib/libnio.so
f6e60000-f6e89000 rw-p 00000000 00:00 0 
f6e89000-f6eac000 r-xp 00000000 08:04 117534310                          /usr/lib/jvm/java-17-zulu-openjdk-jdk-x86/lib/libjava.so
f6eac000-f6ead000 r--p 00022000 08:04 117534310                          /usr/lib/jvm/java-17-zulu-openjdk-jdk-x86/lib/libjava.so
f6ead000-f6eae000 rw-p 00023000 08:04 117534310                          /usr/lib/jvm/java-17-zulu-openjdk-jdk-x86/lib/libjava.so
f6eae000-f6eba000 r-xp 00000000 08:04 16831767                           /usr/lib/libnss_files-2.28.so
f6eba000-f6ebb000 r--p 0000b000 08:04 16831767                           /usr/lib/libnss_files-2.28.so
f6ebb000-f6ebc000 rw-p 0000c000 08:04 16831767                           /usr/lib/libnss_files-2.28.so
f6ebc000-f6ec2000 rw-p 00000000 00:00 0 
f6ec8000-f6ecd000 rw-p 00000000 00:00 0 
f6ecd000-f6ed3000 ---p 00000000 00:00 0 
f6ed3000-f6eee000 r-xp 00000000 08:04 117534314                          /usr/lib/jvm/java-17-zulu-openjdk-jdk-x86/lib/libjimage.so
f6eee000-f6eef000 ---p 0001b000 08:04 117534314                          /usr/lib/jvm/java-17-zulu-openjdk-jdk-x86/lib/libjimage.so
f6eef000-f6ef0000 r--p 0001b000 08:04 117534314                          /usr/lib/jvm/java-17-zulu-openjdk-jdk-x86/lib/libjimage.so
f6ef0000-f6ef1000 rw-p 0001c000 08:04 117534314                          /usr/lib/jvm/java-17-zulu-openjdk-jdk-x86/lib/libjimage.so
f6ef1000-f6ef5000 rw-p 00000000 00:00 0 
f6ef5000-f6f7d000 r-xp 00000000 08:04 17191875                           /usr/lib/libpcre2-8.so.0.7.1
f6f7d000-f6f7e000 r--p 00087000 08:04 17191875                           /usr/lib/libpcre2-8.so.0.7.1
f6f7e000-f6f7f000 rw-p 00088000 08:04 17191875                           /usr/lib/libpcre2-8.so.0.7.1
f6f7f000-f6f9f000 r-xp 00000000 08:04 17021543                           /usr/lib/libcrypt.so.1.1.0
f6f9f000-f6fa0000 ---p 00020000 08:04 17021543                           /usr/lib/libcrypt.so.1.1.0
f6fa0000-f6fa1000 r--p 00020000 08:04 17021543                           /usr/lib/libcrypt.so.1.1.0
f6fa1000-f6faa000 rw-p 00000000 00:00 0 
f6faa000-f6fd5000 r-xp 00000000 08:04 17191887                           /usr/lib/libselinux.so.1
f6fd5000-f6fd6000 ---p 0002b000 08:04 17191887                           /usr/lib/libselinux.so.1
f6fd6000-f6fd7000 r--p 0002b000 08:04 17191887                           /usr/lib/libselinux.so.1
f6fd7000-f6fd8000 rw-p 0002c000 08:04 17191887                           /usr/lib/libselinux.so.1
f6fd8000-f6fd9000 rw-p 00000000 00:00 0 
f6fd9000-f6ff8000 r-xp 00000000 08:04 18866589                           /usr/lib/libbrotlicommon.so.1.0.6
f6ff8000-f6ff9000 r--p 0001e000 08:04 18866589                           /usr/lib/libbrotlicommon.so.1.0.6
f6ff9000-f6ffa000 rw-p 0001f000 08:04 18866589                           /usr/lib/libbrotlicommon.so.1.0.6
f6ffa000-f7018000 r-xp 00000000 08:04 17191915                           /usr/lib/libsasl2.so.3.0.0
f7018000-f7019000 ---p 0001e000 08:04 17191915                           /usr/lib/libsasl2.so.3.0.0
f7019000-f701a000 r--p 0001e000 08:04 17191915                           /usr/lib/libsasl2.so.3.0.0
f701a000-f701b000 rw-p 0001f000 08:04 17191915                           /usr/lib/libsasl2.so.3.0.0
f701b000-f701d000 rw-p 00000000 00:00 0 
f701d000-f7031000 r-xp 00000000 08:04 16831772                           /usr/lib/libresolv-2.28.so
f7031000-f7032000 ---p 00014000 08:04 16831772                           /usr/lib/libresolv-2.28.so
f7032000-f7033000 r--p 00014000 08:04 16831772                           /usr/lib/libresolv-2.28.so
f7033000-f7034000 rw-p 00015000 08:04 16831772                           /usr/lib/libresolv-2.28.so
f7034000-f7036000 rw-p 00000000 00:00 0 
f7036000-f7039000 r-xp 00000000 08:04 17191893                           /usr/lib/libkeyutils.so.1.6
f7039000-f703a000 ---p 00003000 08:04 17191893                           /usr/lib/libkeyutils.so.1.6
f703a000-f703b000 r--p 00003000 08:04 17191893                           /usr/lib/libkeyutils.so.1.6
f703b000-f703c000 rw-p 00000000 00:00 0 
f703c000-f704c000 r-xp 00000000 08:04 17021560                           /usr/lib/libkrb5support.so.0.1
f704c000-f704d000 r--p 0000f000 08:04 17021560                           /usr/lib/libkrb5support.so.0.1
f704d000-f704e000 rw-p 00010000 08:04 17021560                           /usr/lib/libkrb5support.so.0.1
f704e000-f7056000 r-xp 00000000 08:04 16831774                           /usr/lib/librt-2.28.so
f7056000-f7057000 r--p 00007000 08:04 16831774                           /usr/lib/librt-2.28.so
f7057000-f7058000 rw-p 00008000 08:04 16831774                           /usr/lib/librt-2.28.so
f7058000-f71d7000 r-xp 00000000 08:04 17021545                           /usr/lib/libunistring.so.2.1.0
f71d7000-f71d8000 ---p 0017f000 08:04 17021545                           /usr/lib/libunistring.so.2.1.0
f71d8000-f71da000 r--p 0017f000 08:04 17021545                           /usr/lib/libunistring.so.2.1.0
f71da000-f71db000 rw-p 00181000 08:04 17021545                           /usr/lib/libunistring.so.2.1.0
f71db000-f7205000 r-xp 00000000 08:04 18654292                           /usr/lib/liblzma.so.5.2.4
f7205000-f7206000 r--p 00029000 08:04 18654292                           /usr/lib/liblzma.so.5.2.4
f7206000-f7207000 rw-p 00000000 00:00 0 
f7207000-f7213000 r-xp 00000000 08:04 17191936                           /usr/lib/libbrotlidec.so.1.0.6
f7213000-f7214000 r--p 0000b000 08:04 17191936                           /usr/lib/libbrotlidec.so.1.0.6
f7214000-f7215000 rw-p 00000000 00:00 0 
f7215000-f7224000 r-xp 00000000 08:04 17191918                           /usr/lib/liblber-2.4.so.2.10.9
f7224000-f7225000 r--p 0000e000 08:04 17191918                           /usr/lib/liblber-2.4.so.2.10.9
f7225000-f7226000 rw-p 0000f000 08:04 17191918                           /usr/lib/liblber-2.4.so.2.10.9
f7226000-f727b000 r-xp 00000000 08:04 17191920                           /usr/lib/libldap-2.4.so.2.10.9
f727b000-f727c000 ---p 00055000 08:04 17191920                           /usr/lib/libldap-2.4.so.2.10.9
f727c000-f727d000 r--p 00055000 08:04 17191920                           /usr/lib/libldap-2.4.so.2.10.9
f727d000-f727e000 rw-p 00056000 08:04 17191920                           /usr/lib/libldap-2.4.so.2.10.9
f727e000-f7280000 rw-p 00000000 00:00 0 
f7280000-f7283000 r-xp 00000000 08:04 16994899                           /usr/lib/libcom_err.so.2.1
f7283000-f7284000 r--p 00002000 08:04 16994899                           /usr/lib/libcom_err.so.2.1
f7284000-f7285000 rw-p 00003000 08:04 16994899                           /usr/lib/libcom_err.so.2.1
f7285000-f729b000 r-xp 00000000 08:04 17021552                           /usr/lib/libk5crypto.so.3.1
f729b000-f729c000 ---p 00016000 08:04 17021552                           /usr/lib/libk5crypto.so.3.1
f729c000-f729d000 r--p 00016000 08:04 17021552                           /usr/lib/libk5crypto.so.3.1
f729d000-f729e000 rw-p 00017000 08:04 17021552                           /usr/lib/libk5crypto.so.3.1
f729e000-f7381000 r-xp 00000000 08:04 17021558                           /usr/lib/libkrb5.so.3.3
f7381000-f7388000 r--p 000e2000 08:04 17021558                           /usr/lib/libkrb5.so.3.3
f7388000-f7389000 rw-p 000e9000 08:04 17021558                           /usr/lib/libkrb5.so.3.3
f7389000-f73e4000 r-xp 00000000 08:04 17021548                           /usr/lib/libgssapi_krb5.so.2.2
f73e4000-f73e6000 r--p 0005a000 08:04 17021548                           /usr/lib/libgssapi_krb5.so.2.2
f73e6000-f73e7000 rw-p 0005c000 08:04 17021548                           /usr/lib/libgssapi_krb5.so.2.2
f73e7000-f7698000 r-xp 00000000 08:04 18627877                           /usr/lib/libcrypto.so.1.1.1k
f7698000-f76b1000 r--p 002b0000 08:04 18627877                           /usr/lib/libcrypto.so.1.1.1k
f76b1000-f76b3000 rw-p 002c9000 08:04 18627877                           /usr/lib/libcrypto.so.1.1.1k
f76b3000-f76b7000 rw-p 00000000 00:00 0 
f76b7000-f7749000 r-xp 00000000 08:04 18627879                           /usr/lib/libssl.so.1.1.1k
f7749000-f774f000 r--p 00091000 08:04 18627879                           /usr/lib/libssl.so.1.1.1k
f774f000-f7753000 rw-p 00097000 08:04 18627879                           /usr/lib/libssl.so.1.1.1k
f7753000-f7763000 r-xp 00000000 08:04 18660120                           /usr/lib/libpsl.so.5.3.1
f7763000-f7764000 r--p 0000f000 08:04 18660120                           /usr/lib/libpsl.so.5.3.1
f7764000-f7765000 rw-p 00000000 00:00 0 
f7765000-f77e2000 r-xp 00000000 08:04 16994901                           /usr/lib/libssh.so.4.8.7
f77e2000-f77e3000 ---p 0007d000 08:04 16994901                           /usr/lib/libssh.so.4.8.7
f77e3000-f77e4000 r--p 0007d000 08:04 16994901                           /usr/lib/libssh.so.4.8.7
f77e4000-f77e5000 rw-p 0007e000 08:04 16994901                           /usr/lib/libssh.so.4.8.7
f77e5000-f7802000 r-xp 00000000 08:04 17040588                           /usr/lib/libidn2.so.0.3.6
f7802000-f7803000 r--p 0001c000 08:04 17040588                           /usr/lib/libidn2.so.0.3.6
f7803000-f7804000 rw-p 00000000 00:00 0 
f7804000-f782c000 r-xp 00000000 08:04 17191891                           /usr/lib/libnghttp2.so.14.17.0
f782c000-f782d000 r--p 00027000 08:04 17191891                           /usr/lib/libnghttp2.so.14.17.0
f782d000-f782f000 rw-p 00028000 08:04 17191891                           /usr/lib/libnghttp2.so.14.17.0
f782f000-f79d1000 r-xp 00000000 08:04 16831756                           /usr/lib/libc-2.28.so
f79d1000-f79d2000 ---p 001a2000 08:04 16831756                           /usr/lib/libc-2.28.so
f79d2000-f79d4000 r--p 001a2000 08:04 16831756                           /usr/lib/libc-2.28.so
f79d4000-f79d5000 rw-p 001a4000 08:04 16831756                           /usr/lib/libc-2.28.so
f79d5000-f79da000 rw-p 00000000 00:00 0 
f79da000-f79f5000 r-xp 00000000 08:04 16985139                           /usr/lib/libgcc_s-8-20210514.so.1
f79f5000-f79f6000 r--p 0001a000 08:04 16985139                           /usr/lib/libgcc_s-8-20210514.so.1
f79f6000-f79f7000 rw-p 0001b000 08:04 16985139                           /usr/lib/libgcc_s-8-20210514.so.1
f79f7000-f7ac7000 r-xp 00000000 08:04 16831760                           /usr/lib/libm-2.28.so
f7ac7000-f7ac8000 r--p 000cf000 08:04 16831760                           /usr/lib/libm-2.28.so
f7ac8000-f7ac9000 rw-p 000d0000 08:04 16831760                           /usr/lib/libm-2.28.so
f7ac9000-f7c52000 r-xp 00000000 08:04 16985145                           /usr/lib/libstdc++.so.6.0.25
f7c52000-f7c53000 ---p 00189000 08:04 16985145                           /usr/lib/libstdc++.so.6.0.25
f7c53000-f7c59000 r--p 00189000 08:04 16985145                           /usr/lib/libstdc++.so.6.0.25
f7c59000-f7c5a000 rw-p 0018f000 08:04 16985145                           /usr/lib/libstdc++.so.6.0.25
f7c5a000-f7c5c000 rw-p 00000000 00:00 0 
f7c5c000-f7c73000 r-xp 00000000 08:04 16963437                           /usr/lib/libz.so.1.2.11
f7c73000-f7c74000 ---p 00017000 08:04 16963437                           /usr/lib/libz.so.1.2.11
f7c74000-f7c75000 r--p 00017000 08:04 16963437                           /usr/lib/libz.so.1.2.11
f7c75000-f7c76000 rw-p 00000000 00:00 0 
f7c76000-f7df3000 r-xp 00000000 08:04 16963397                           /usr/lib/libxml2.so.2.9.7
f7df3000-f7df8000 r--p 0017c000 08:04 16963397                           /usr/lib/libxml2.so.2.9.7
f7df8000-f7df9000 rw-p 00181000 08:04 16963397                           /usr/lib/libxml2.so.2.9.7
f7df9000-f7dfa000 rw-p 00000000 00:00 0 
f7dfa000-f7e16000 r-xp 00000000 08:04 16831770                           /usr/lib/libpthread-2.28.so
f7e16000-f7e17000 r--p 0001b000 08:04 16831770                           /usr/lib/libpthread-2.28.so
f7e17000-f7e18000 rw-p 0001c000 08:04 16831770                           /usr/lib/libpthread-2.28.so
f7e18000-f7e1a000 rw-p 00000000 00:00 0 
f7e1a000-f7e8e000 r-xp 00000000 08:04 16818911                           /usr/lib/libpcre.so.1.2.10
f7e8e000-f7e8f000 ---p 00074000 08:04 16818911                           /usr/lib/libpcre.so.1.2.10
f7e8f000-f7e90000 r--p 00074000 08:04 16818911                           /usr/lib/libpcre.so.1.2.10
f7e90000-f7e91000 rw-p 00075000 08:04 16818911                           /usr/lib/libpcre.so.1.2.10
f7e91000-f7e94000 r-xp 00000000 08:04 16831758                           /usr/lib/libdl-2.28.so
f7e94000-f7e95000 r--p 00002000 08:04 16831758                           /usr/lib/libdl-2.28.so
f7e95000-f7e96000 rw-p 00003000 08:04 16831758                           /usr/lib/libdl-2.28.so
f7e96000-f7f33000 r-xp 00000000 08:04 16994905                           /usr/lib/libcurl.so.4.5.0
f7f33000-f7f35000 r--p 0009c000 08:04 16994905                           /usr/lib/libcurl.so.4.5.0
f7f35000-f7f36000 rw-p 0009e000 08:04 16994905                           /usr/lib/libcurl.so.4.5.0
f7f36000-f7f3d000 r--s 00000000 08:04 176632422                          /usr/lib/gconv/gconv-modules.cache
f7f3d000-f7f45000 rw-s 00000000 08:04 151635571                          /tmp/hsperfdata_almalinux/1419300 (deleted)
f7f45000-f7f46000 ---p 00000000 00:00 0 
f7f46000-f7f47000 r--p 00000000 00:00 0 
f7f47000-f7f49000 rw-p 00000000 00:00 0 
f7f49000-f7f4d000 r--p 00000000 00:00 0                                  [vvar]
f7f4d000-f7f4f000 r-xp 00000000 00:00 0                                  [vdso]
f7f4f000-f7f7e000 r-xp 00000000 08:04 16831749                           /usr/lib/ld-2.28.so
f7f7e000-f7f7f000 ---p 00000000 00:00 0 
f7f7f000-f7f80000 r--p 0002f000 08:04 16831749                           /usr/lib/ld-2.28.so
f7f80000-f7f81000 rw-p 00030000 08:04 16831749                           /usr/lib/ld-2.28.so
ffb2c000-ffb2d000 rwxp 00000000 00:00 0 
ffc35000-ffcf1000 rw-p 00000000 00:00 0                                  [stack]


VM Arguments:
jvm_args: -Xms128m -Xmx512m -Xss768k -XX:MaxMetaspaceSize=96m -Xrs -XX:-UsePerfData -XX:-AllowUserSignalHandlers -XX:UseSSE=3 -XX+DoEscapeAnalysis -XX:AutoBoxCacheMax:2000 -XX:+OptimizeStringConcat -XX:+OptimizeFill -XX:+EliminateAutoBox -XX:+UseCompressedStrings -XX:+UseCompressedOops -XX:+EliminateLocks -XX:UseFastAccessorMethods -XX:+UseStringCache -XgcPrio:throughput -XXkeepAreaRatio:1 -XXlazyUnlocking -XXcallProfiling -XXcompactRatio:1 
java_command: <unknown>
java_class_path (initial): ../../data/sku.0/sys.server/compiled/game/
Launcher Type: generic

[Global flags]
     intx CICompilerCount                          = 3                                         {product} {ergonomic}
     uint ConcGCThreads                            = 1                                         {product} {ergonomic}
     uint G1ConcRefinementThreads                  = 4                                         {product} {ergonomic}
   size_t G1HeapRegionSize                         = 1048576                                   {product} {ergonomic}
    uintx GCDrainStackTargetSize                   = 64                                        {product} {ergonomic}
   size_t InitialHeapSize                          = 134217728                                 {product} {command line}
   size_t MarkStackSize                            = 32768                                     {product} {ergonomic}
   size_t MaxHeapSize                              = 536870912                                 {product} {command line}
   size_t MaxMetaspaceSize                         = 100663296                                 {product} {command line}
   size_t MaxNewSize                               = 321912832                                 {product} {ergonomic}
   size_t MinHeapDeltaBytes                        = 1048576                                   {product} {ergonomic}
   size_t MinHeapSize                              = 134217728                                 {product} {command line}
    uintx NonNMethodCodeHeapSize                   = 5544422                                {pd product} {ergonomic}
    uintx NonProfiledCodeHeapSize                  = 123056909                              {pd product} {ergonomic}
    uintx ProfiledCodeHeapSize                     = 123056909                              {pd product} {ergonomic}
    uintx ReservedCodeCacheSize                    = 251658240                              {pd product} {ergonomic}
     bool SegmentedCodeCache                       = true                                      {product} {ergonomic}
   size_t SoftMaxHeapSize                          = 536870912                              {manageable} {ergonomic}
   double SweeperThreshold                         = 0.500000                                  {product} {ergonomic}
     intx ThreadStackSize                          = 768                                    {pd product} {command line}
     bool UseG1GC                                  = true                                      {product} {ergonomic}

Logging:
Log output configuration:
 #0: stdout all=off uptime,level,tags
 #1: stderr all=off uptime,level,tags

Environment Variables:
JAVA_HOME=/usr/lib/jvm/zulu-17-x86
PATH=/usr/java/jdk1.7.0_80/bin:/usr/java/jdk1.7.0_80/bin:/usr/java/jdk1.6.0_45/bin:/usr/java/jdk1.6.0_45/bin:/usr/java/jdk1.6.0_45/bin:/home/almalinux/.local/bin:/home/almalinux/bin:/sbin:/bin:/usr/bin:/usr/local/bin:/usr/local/sbin:/usr/sbin:/usr/lib/oracle/18.3/client/bin:/usr/lib/oracle/18.3/client/bin:/usr/lib/jvm/java-11-openjdk/bin:./
LD_LIBRARY_PATH=/usr/lib/jvm/java-17-zulu-openjdk-jdk-x86/lib/server:/usr/lib/jvm/java-17-zulu-openjdk-jdk-x86/lib:/usr/lib/jvm/java-17-zulu-openjdk-jdk-x86/../lib:/usr/lib/jvm/zulu-17-x86/lib/server:/usr/lib/jvm/java-11-openjdk/lib:/usr/lib/jvm/java-11-openjdk/lib/server:./
SHELL=/bin/bash
DISPLAY=:10.0
LANG=en_US.UTF-8
TERM=xterm-256color

Active Locale:
LC_ALL=en_US.UTF-8
LC_COLLATE=en_US.UTF-8
LC_CTYPE=en_US.UTF-8
LC_MESSAGES=en_US.UTF-8
LC_MONETARY=en_US.UTF-8
LC_NUMERIC=en_US.UTF-8
LC_TIME=en_US.UTF-8

Signal Handlers:
   SIGSEGV: crash_handler in libjvm.so, mask=11100100010111111101111111111110, flags=SA_RESTART|SA_SIGINFO, unblocked
    SIGBUS: crash_handler in libjvm.so, mask=11100100010111111101111111111110, flags=SA_RESTART|SA_SIGINFO, unblocked
    SIGFPE: crash_handler in libjvm.so, mask=11100100010111111101111111111110, flags=SA_RESTART|SA_SIGINFO, unblocked
   SIGPIPE: SIG_IGN, mask=00000000000010000000000000000000, flags=SA_RESTART, blocked
  *** Handler was modified!
  *** Expected: javaSignalHandler in libjvm.so, mask=11100100110111111111111111111110, flags=SA_RESTART|SA_SIGINFO
   SIGXFSZ: javaSignalHandler in libjvm.so, mask=11100100010111111101111111111110, flags=SA_RESTART|SA_SIGINFO, blocked
    SIGILL: crash_handler in libjvm.so, mask=11100100010111111101111111111110, flags=SA_RESTART|SA_SIGINFO, unblocked
   SIGUSR2: SR_handler in libjvm.so, mask=00100000000000000000000000000000, flags=SA_RESTART|SA_SIGINFO, blocked
    SIGHUP: UserHandler in libjvm.so, mask=11100100010111111101111111111110, flags=SA_RESTART|SA_SIGINFO, blocked
    SIGINT: UserHandler in libjvm.so, mask=11100100010111111101111111111110, flags=SA_RESTART|SA_SIGINFO, blocked
   SIGTERM: UserHandler in libjvm.so, mask=11100100010111111101111111111110, flags=SA_RESTART|SA_SIGINFO, blocked
   SIGQUIT: UserHandler in libjvm.so, mask=11100100010111111101111111111110, flags=SA_RESTART|SA_SIGINFO, blocked
   SIGTRAP: crash_handler in libjvm.so, mask=11100100010111111101111111111110, flags=SA_RESTART|SA_SIGINFO, unblocked


Periodic native trim disabled


---------------  S Y S T E M  ---------------

OS:
AlmaLinux release 8.10 (Cerulean Leopard)
uname: Linux 4.18.0-553.81.1.el8_10.x86_64 #1 SMP Mon Oct 27 11:29:19 EDT 2025 x86_64
OS uptime: 33 days 23:26 hours
libc: glibc 2.28 NPTL 2.28 
rlimit (soft/hard): STACK 8192k/infinity , CORE 0k/infinity , NPROC 61995/61995 , NOFILE 262144/262144 , AS infinity/infinity , CPU infinity/infinity , DATA infinity/infinity , FSIZE infinity/infinity , MEMLOCK 64k/64k
load average: 42.47 41.46 38.50

/proc/meminfo:
MemTotal:       16014448 kB
MemFree:          721720 kB
MemAvailable:    2087536 kB
Buffers:            1056 kB
Cached:          3086640 kB
SwapCached:        34532 kB
Active:          2872060 kB
Inactive:       11222952 kB
Active(anon):    2069832 kB
Inactive(anon): 10938640 kB
Active(file):     802228 kB
Inactive(file):   284312 kB
Unevictable:        3104 kB
Mlocked:              16 kB
SwapTotal:       8388604 kB
SwapFree:        6597392 kB
Dirty:               532 kB
Writeback:             0 kB
AnonPages:      10990112 kB
Mapped:          1564768 kB
Shmem:           2001156 kB
KReclaimable:     456320 kB
Slab:             636568 kB
SReclaimable:     456320 kB
SUnreclaim:       180248 kB
KernelStack:       24752 kB
PageTables:       167620 kB
NFS_Unstable:          0 kB
Bounce:                0 kB
WritebackTmp:          0 kB
CommitLimit:    16395828 kB
Committed_AS:   26852424 kB
VmallocTotal:   34359738367 kB
VmallocUsed:       70656 kB
VmallocChunk:          0 kB
Percpu:             2704 kB
HardwareCorrupted:     0 kB
AnonHugePages:         0 kB
ShmemHugePages:        0 kB
ShmemPmdMapped:        0 kB
FileHugePages:         0 kB
FilePmdMapped:         0 kB
HugePages_Total:       0
HugePages_Free:        0
HugePages_Rsvd:        0
HugePages_Surp:        0
Hugepagesize:       2048 kB
Hugetlb:               0 kB
DirectMap4k:     2905964 kB
DirectMap2M:    13477888 kB

/sys/kernel/mm/transparent_hugepage/enabled: always madvise [never]
/sys/kernel/mm/transparent_hugepage/hpage_pmd_size: 2097152
/sys/kernel/mm/transparent_hugepage/defrag (defrag/compaction efforts parameter): always defer defer+madvise [madvise] never

Process Memory:
Virtual Size: 988612K (peak: 997308K)
Resident Set Size: 150072K (peak: 153900K) (anon: 116484K, file: 33588K, shmem: 0K)
Swapped out: 0K
C-Heap outstanding allocations: 19159K, retained: 60176K
glibc malloc tunables: (default)

/proc/sys/kernel/threads-max (system-wide limit on the number of threads): 123991
/proc/sys/vm/max_map_count (maximum number of memory map areas a process may have): 1677720
/proc/sys/kernel/pid_max (system-wide limit on number of process identifiers): 4194304

container (cgroup) information:
container_type: cgroupv1
cpu_cpuset_cpus: 0-3
cpu_memory_nodes: 0
active_processor_count: 4
cpu_quota: no quota
cpu_period: 100000
cpu_shares: no shares
memory_limit_in_bytes: unlimited
memory_and_swap_limit_in_bytes: unlimited
memory_soft_limit_in_bytes: unlimited
memory_usage_in_bytes: 13794920 k
memory_max_usage_in_bytes: 14783012 k
kernel_memory_usage_in_bytes: 510716 k
kernel_memory_max_usage_in_bytes: unlimited
kernel_memory_limit_in_bytes: 985464 k
maximum number of tasks: unlimited
current number of tasks: 841

KVM virtualization detected
Steal ticks since vm start: 128
Steal ticks percentage since vm start:  0.000

CPU: total 4 (initial active 4) (1 cores per cpu, 1 threads per core) family 6 model 60 stepping 1 microcode 0x1, cx8, cmov, fxsr, mmx, sse, sse2, sse3, ssse3, sse4.1, sse4.2, popcnt, lzcnt, tsc, avx, avx2, aes, erms, clmul, bmi1, bmi2, fma, vzeroupper, clflush, hv
CPU Model and flags from /proc/cpuinfo:
model name	: Intel Core Processor (Haswell, no TSX)
flags		: fpu vme de pse tsc msr pae mce cx8 apic sep mtrr pge mca cmov pat pse36 clflush mmx fxsr sse sse2 syscall nx rdtscp lm constant_tsc rep_good nopl xtopology cpuid tsc_known_freq pni pclmulqdq vmx ssse3 fma cx16 pcid sse4_1 sse4_2 x2apic movbe popcnt tsc_deadline_timer aes xsave avx f16c rdrand hypervisor lahf_lm abm cpuid_fault invpcid_single pti tpr_shadow vnmi flexpriority ept vpid ept_ad fsgsbase bmi1 avx2 smep bmi2 erms invpcid xsaveopt arat md_clear

Online cpus: 0-3
Offline cpus: 
BIOS frequency limitation: <Not Available>
Frequency switch latency (ns): <Not Available>
Available cpu frequencies: <Not Available>
Current governor: <Not Available>
Core performance/turbo boost: <Not Available>

Memory: 4k page, physical 16014448k(721720k free), swap 8388604k(6597392k free)
Page Sizes: 4k

vm_info: OpenJDK Server VM (17.0.11+9-LTS) for linux-x86 JRE (17.0.11+9-LTS) (Zulu17.50+19-CA), built on Apr  9 2024 07:14:46 by "zulu_re" with gcc 8.3.0

END.
