#
# A fatal error has been detected by the Java Runtime Environment:
#
#  SIGSEGV (0xb) at pc=0xf7841618, pid=37352, tid=37352
#
# JRE version: OpenJDK Runtime Environment Zulu17.50+19-CA (17.0.11+9) (build 17.0.11+9-LTS)
# Java VM: OpenJDK Server VM Zulu17.50+19-CA (17.0.11+9-LTS, mixed mode, sharing, tiered, g1 gc, linux-x86)
# Problematic frame:
# C  [libc.so.6+0x84618]  cfree+0x28
#
# Core dump will be written. Default location: Core dumps may be processed with "/usr/lib/systemd/systemd-coredump %P %u %g %s %t %c %h %e" (or dumping to /home/almalinux/swg-returns-nge/exe/linux/core.37352)
#
# If you would like to submit a bug report, please visit:
#   http://www.azul.com/support/
#

---------------  S U M M A R Y ------------

Command Line: -Xms128m -Xmx512m -Xss768k -XX:MaxMetaspaceSize=96m -Xrs -XX:-UsePerfData -XX:-AllowUserSignalHandlers -XX:UseSSE=3 -XX+DoEscapeAnalysis -XX:AutoBoxCacheMax:2000 -XX:+OptimizeStringConcat -XX:+OptimizeFill -XX:+EliminateAutoBox -XX:+UseCompressedStrings -XX:+UseCompressedOops -XX:+EliminateLocks -XX:UseFastAccessorMethods -XX:+UseStringCache -XgcPrio:throughput -XXkeepAreaRatio:1 -XXlazyUnlocking -XXcallProfiling -XXcompactRatio:1 

Host: Intel Core Processor (Haswell, no TSX), 4 cores, 15G, AlmaLinux release 8.10 (Cerulean Leopard)
Time: Wed Jan 28 11:00:34 2026 UTC elapsed time: 21028.747011 seconds (0d 5h 50m 28s)

---------------  T H R E A D  ---------------

Current thread is native thread

Stack: [0xffeac000,0xfff6c000],  sp=0xfff69400,  free space=757k
Native frames: (J=compiled Java code, j=interpreted, Vv=VM code, C=native code)
C  [libc.so.6+0x84618]  cfree+0x28


siginfo: si_signo: 11 (SIGSEGV), si_code: 1 (SEGV_MAPERR), si_addr: 0x00000003

Registers:
EAX=0x00000000, EBX=0x00000007, ECX=0xf6e7f84c, EDX=0x0ad8dd88
ESP=0xfff69400, EBP=0xfff69538, ESI=0xf7962000, EDI=0x00000000
EIP=0xf7841618, EFLAGS=0x00210202, CR2=0x0000000000000003


Top of Stack: (sp=0xfff69400)
0xfff69400:   0aa11010 00000000 fff69538 f7acef1c
0xfff69410:   0aa110a0 f7be5a04 0ad8dd60 f7acef1c
0xfff69420:   00000007 f7acef0a f7be5a04 f7acef4c
0xfff69430:   0aa110a0 f7acef0a 0ad91b00 085b6163
0xfff69440:   00000007 0aa11010 0aa10d20 085bb8d1
0xfff69450:   0aa11010 0aa10d20 00000000 085bb89b
0xfff69460:   0c2329c0 fff69487 fff694ac 085c6969
0xfff69470:   087d6c00 fff694ac fff69538 084fc53b
0xfff69480:   00000014 00010002 00000000 00000000
0xfff69490:   01010100 00000001 09aa44c0 00000000
0xfff694a0:   00000000 00000000 00000000 00000000
0xfff694b0:   00000000 00000013 fff69608 f77f26ff
0xfff694c0:   f796241c 47677753 53656d61 65767265
0xfff694d0:   37333a72 00323533 09290100 0ad73120
0xfff694e0:   08ea0100 08ebc230 08ea5888 f796241c
0xfff694f0:   00000428 00000420 f77f2779 085758fd
0xfff69500:   08ea2a80 09b1ea78 08ea5888 08574f56
0xfff69510:   0929a2c4 0929a2c4 fff69608 08ea583b
0xfff69520:   0000000c fff695d4 fff69550 f7962000
0xfff69530:   00000000 08575910 00000000 f77daf26
0xfff69540:   00000000 08575910 00000000 f77daf26
0xfff69550:   0000000c fff695d4 fff69608 fff69574
0xfff69560:   0929a2d0 00000000 fff69608 f7962000
0xfff69570:   f77ca75c f7962000 00000000 08575910
0xfff69580:   00000000 4dff967e 5b88fe6f 00000000
0xfff69590:   00000000 00000000 f7ee14d0 f77dae30
0xfff695a0:   084fc260 0929a2c4 0000000c 08575946
0xfff695b0:   084fc260 0000000c fff695d4 08ea57f0
0xfff695c0:   08ea5850 f7ee14d0 fff695cc f7f0e970
0xfff695d0:   0000000c fff6a63d fff6a64f fff6a652
0xfff695e0:   fff6a664 fff6a667 fff6a672 fff6a696
0xfff695f0:   fff6a6a6 fff6a6b7 fff6a6d8 fff6a6db 

Instructions: (pc=0xf7841618)
0xf7841518:   50 8d 96 86 f7 fa ff 8d 86 d0 2f fb ff e8 c6 b7
0xf7841528:   ff ff 8d b6 00 00 00 00 bb 20 00 00 00 e9 5e fe
0xf7841538:   ff ff e8 a1 c0 ff ff 89 c5 85 c0 0f 85 68 ff ff
0xf7841548:   ff 31 d2 8d 44 3b 10 e8 8c c1 ff ff 89 da 89 f9
0xf7841558:   89 c5 e8 11 f0 ff ff 89 c2 85 c0 75 1b 85 ed 74
0xf7841568:   17 90 89 fa 89 e8 e8 bd c5 ff ff 89 da 89 f9 89
0xf7841578:   c5 e8 f2 ef ff ff 89 c2 85 ed 0f 84 57 ff ff ff
0xf7841588:   e9 39 ff ff ff 8d 86 b8 31 fb ff 83 ec 0c b9 25
0xf7841598:   0d 00 00 50 8d 96 86 f7 fa ff 8d 86 74 2f fb ff
0xf78415a8:   e8 43 b7 ff ff 8d 76 00 f3 0f 1e fb e8 0a 9a f9
0xf78415b8:   ff 05 47 0a 12 00 56 53 83 ec 04 8b 5c 24 10 8b
0xf78415c8:   74 24 14 8b 80 50 ff ff ff c7 00 00 00 00 00 e8
0xf78415d8:   54 bb ff ff 8b 4c 24 0c 83 c4 04 89 f2 89 d8 5b
0xf78415e8:   5e e9 42 fd ff ff 66 90 f3 0f 1e fb 56 e8 9a 9b
0xf78415f8:   f9 ff 81 c6 06 0a 12 00 53 83 ec 14 8b 5c 24 20
0xf7841608:   8b 86 5c ff ff ff 8b 00 85 c0 75 6c 85 db 74 75
0xf7841618:   8b 4b fc 8d 53 f8 f6 c1 02 75 35 8b 86 70 fe ff
0xf7841628:   ff 65 8b 00 85 c0 0f 84 8c 00 00 00 83 e1 04 8d
0xf7841638:   86 60 07 00 00 74 09 89 d0 25 00 00 f0 ff 8b 00
0xf7841648:   83 c4 14 31 c9 5b 5e e9 8c cb ff ff 8d 74 26 00
0xf7841658:   8b 9e 60 01 00 00 85 db 75 10 3b 8e 48 01 00 00
0xf7841668:   76 08 81 f9 00 00 08 00 76 26 83 c4 14 89 d0 5b
0xf7841678:   5e e9 92 b8 ff ff 66 90 83 ec 08 ff 74 24 24 53
0xf7841688:   ff d0 83 c4 10 83 c4 14 5b 5e c3 8d 74 26 00 90
0xf7841698:   39 96 80 1d 00 00 77 08 39 96 7c 1d 00 00 77 ca
0xf78416a8:   83 e1 f8 8d 04 09 89 8e 48 01 00 00 89 86 40 01
0xf78416b8:   00 00 90 eb b5 8d 76 00 8b 86 74 fe ff ff 65 80
0xf78416c8:   38 00 0f 85 64 ff ff ff 89 54 24 0c e8 97 ed ff
0xf78416d8:   ff 8b 4b fc 8b 54 24 0c e9 4f ff ff ff 8d b4 26
0xf78416e8:   00 00 00 00 8d 74 26 00 f3 0f 1e fb 55 57 56 e8
0xf78416f8:   98 9a f9 ff 81 c6 04 09 12 00 53 83 ec 0c 8b 86
0xf7841708:   70 fe ff ff 8b 96 74 fe ff ff 65 8b 28 65 c6 02 



---------------  P R O C E S S  ---------------

VM state: at safepoint (shutting down)

VM Mutex/Monitor currently owned by a thread:  ([mutex/lock_event])
[0xf5e21d30] Threads_lock - owner thread: 0xc4194cf0

GC Precious Log:
<Skipped>

Heap:
 garbage-first heap   total 131072K, used 40630K [0xc5c00000, 0xe5c00000)
  region size 1024K, 37 young (37888K), 6 survivors (6144K)
 Metaspace       used 5796K, committed 6528K, reserved 16384K

Heap Regions: E=young(eden), S=young(survivor), O=old, HS=humongous(starts), HC=humongous(continues), CS=collection set, F=free, OA=open archive, CA=closed archive, TAMS=top-at-mark-start (previous, next)
|   0|0xc5c00000, 0xc5d00000, 0xc5d00000|100%| O|  |TAMS 0xc5c00000, 0xc5c00000| Untracked 
|   1|0xc5d00000, 0xc5e00000, 0xc5e00000|100%| O|  |TAMS 0xc5d00000, 0xc5d00000| Untracked 
|   2|0xc5e00000, 0xc5f00000, 0xc5f00000|100%| O|  |TAMS 0xc5e00000, 0xc5e00000| Untracked 
|   3|0xc5f00000, 0xc5f33a00, 0xc6000000| 20%| O|  |TAMS 0xc5f00000, 0xc5f00000| Untracked 
|   4|0xc6000000, 0xc6000000, 0xc6100000|  0%| F|  |TAMS 0xc6000000, 0xc6000000| Untracked 
|   5|0xc6100000, 0xc6100000, 0xc6200000|  0%| F|  |TAMS 0xc6100000, 0xc6100000| Untracked 
|   6|0xc6200000, 0xc6200000, 0xc6300000|  0%| F|  |TAMS 0xc6200000, 0xc6200000| Untracked 
|   7|0xc6300000, 0xc6300000, 0xc6400000|  0%| F|  |TAMS 0xc6300000, 0xc6300000| Untracked 
|   8|0xc6400000, 0xc6400000, 0xc6500000|  0%| F|  |TAMS 0xc6400000, 0xc6400000| Untracked 
|   9|0xc6500000, 0xc6500000, 0xc6600000|  0%| F|  |TAMS 0xc6500000, 0xc6500000| Untracked 
|  10|0xc6600000, 0xc6600000, 0xc6700000|  0%| F|  |TAMS 0xc6600000, 0xc6600000| Untracked 
|  11|0xc6700000, 0xc6700000, 0xc6800000|  0%| F|  |TAMS 0xc6700000, 0xc6700000| Untracked 
|  12|0xc6800000, 0xc6800000, 0xc6900000|  0%| F|  |TAMS 0xc6800000, 0xc6800000| Untracked 
|  13|0xc6900000, 0xc6900000, 0xc6a00000|  0%| F|  |TAMS 0xc6900000, 0xc6900000| Untracked 
|  14|0xc6a00000, 0xc6a00000, 0xc6b00000|  0%| F|  |TAMS 0xc6a00000, 0xc6a00000| Untracked 
|  15|0xc6b00000, 0xc6b00000, 0xc6c00000|  0%| F|  |TAMS 0xc6b00000, 0xc6b00000| Untracked 
|  16|0xc6c00000, 0xc6c00000, 0xc6d00000|  0%| F|  |TAMS 0xc6c00000, 0xc6c00000| Untracked 
|  17|0xc6d00000, 0xc6d00000, 0xc6e00000|  0%| F|  |TAMS 0xc6d00000, 0xc6d00000| Untracked 
|  18|0xc6e00000, 0xc6e00000, 0xc6f00000|  0%| F|  |TAMS 0xc6e00000, 0xc6e00000| Untracked 
|  19|0xc6f00000, 0xc6f00000, 0xc7000000|  0%| F|  |TAMS 0xc6f00000, 0xc6f00000| Untracked 
|  20|0xc7000000, 0xc7000000, 0xc7100000|  0%| F|  |TAMS 0xc7000000, 0xc7000000| Untracked 
|  21|0xc7100000, 0xc7100000, 0xc7200000|  0%| F|  |TAMS 0xc7100000, 0xc7100000| Untracked 
|  22|0xc7200000, 0xc7200000, 0xc7300000|  0%| F|  |TAMS 0xc7200000, 0xc7200000| Untracked 
|  23|0xc7300000, 0xc7300000, 0xc7400000|  0%| F|  |TAMS 0xc7300000, 0xc7300000| Untracked 
|  24|0xc7400000, 0xc7400000, 0xc7500000|  0%| F|  |TAMS 0xc7400000, 0xc7400000| Untracked 
|  25|0xc7500000, 0xc7500000, 0xc7600000|  0%| F|  |TAMS 0xc7500000, 0xc7500000| Untracked 
|  26|0xc7600000, 0xc7600000, 0xc7700000|  0%| F|  |TAMS 0xc7600000, 0xc7600000| Untracked 
|  27|0xc7700000, 0xc7700000, 0xc7800000|  0%| F|  |TAMS 0xc7700000, 0xc7700000| Untracked 
|  28|0xc7800000, 0xc7800000, 0xc7900000|  0%| F|  |TAMS 0xc7800000, 0xc7800000| Untracked 
|  29|0xc7900000, 0xc7900000, 0xc7a00000|  0%| F|  |TAMS 0xc7900000, 0xc7900000| Untracked 
|  30|0xc7a00000, 0xc7a00000, 0xc7b00000|  0%| F|  |TAMS 0xc7a00000, 0xc7a00000| Untracked 
|  31|0xc7b00000, 0xc7b00000, 0xc7c00000|  0%| F|  |TAMS 0xc7b00000, 0xc7b00000| Untracked 
|  32|0xc7c00000, 0xc7c00000, 0xc7d00000|  0%| F|  |TAMS 0xc7c00000, 0xc7c00000| Untracked 
|  33|0xc7d00000, 0xc7d00000, 0xc7e00000|  0%| F|  |TAMS 0xc7d00000, 0xc7d00000| Untracked 
|  34|0xc7e00000, 0xc7e00000, 0xc7f00000|  0%| F|  |TAMS 0xc7e00000, 0xc7e00000| Untracked 
|  35|0xc7f00000, 0xc7f00000, 0xc8000000|  0%| F|  |TAMS 0xc7f00000, 0xc7f00000| Untracked 
|  36|0xc8000000, 0xc8000000, 0xc8100000|  0%| F|  |TAMS 0xc8000000, 0xc8000000| Untracked 
|  37|0xc8100000, 0xc8100000, 0xc8200000|  0%| F|  |TAMS 0xc8100000, 0xc8100000| Untracked 
|  38|0xc8200000, 0xc8200000, 0xc8300000|  0%| F|  |TAMS 0xc8200000, 0xc8200000| Untracked 
|  39|0xc8300000, 0xc8300000, 0xc8400000|  0%| F|  |TAMS 0xc8300000, 0xc8300000| Untracked 
|  40|0xc8400000, 0xc8400000, 0xc8500000|  0%| F|  |TAMS 0xc8400000, 0xc8400000| Untracked 
|  41|0xc8500000, 0xc8500000, 0xc8600000|  0%| F|  |TAMS 0xc8500000, 0xc8500000| Untracked 
|  42|0xc8600000, 0xc8600000, 0xc8700000|  0%| F|  |TAMS 0xc8600000, 0xc8600000| Untracked 
|  43|0xc8700000, 0xc8700000, 0xc8800000|  0%| F|  |TAMS 0xc8700000, 0xc8700000| Untracked 
|  44|0xc8800000, 0xc8800000, 0xc8900000|  0%| F|  |TAMS 0xc8800000, 0xc8800000| Untracked 
|  45|0xc8900000, 0xc8900000, 0xc8a00000|  0%| F|  |TAMS 0xc8900000, 0xc8900000| Untracked 
|  46|0xc8a00000, 0xc8a00000, 0xc8b00000|  0%| F|  |TAMS 0xc8a00000, 0xc8a00000| Untracked 
|  47|0xc8b00000, 0xc8b00000, 0xc8c00000|  0%| F|  |TAMS 0xc8b00000, 0xc8b00000| Untracked 
|  48|0xc8c00000, 0xc8c7a050, 0xc8d00000| 47%| S|CS|TAMS 0xc8c00000, 0xc8c00000| Complete 
|  49|0xc8d00000, 0xc8e00000, 0xc8e00000|100%| S|CS|TAMS 0xc8d00000, 0xc8d00000| Complete 
|  50|0xc8e00000, 0xc8f00000, 0xc8f00000|100%| S|CS|TAMS 0xc8e00000, 0xc8e00000| Complete 
|  51|0xc8f00000, 0xc9000000, 0xc9000000|100%| S|CS|TAMS 0xc8f00000, 0xc8f00000| Complete 
|  52|0xc9000000, 0xc9000000, 0xc9100000|  0%| F|  |TAMS 0xc9000000, 0xc9000000| Untracked 
|  53|0xc9100000, 0xc9100000, 0xc9200000|  0%| F|  |TAMS 0xc9100000, 0xc9100000| Untracked 
|  54|0xc9200000, 0xc9200000, 0xc9300000|  0%| F|  |TAMS 0xc9200000, 0xc9200000| Untracked 
|  55|0xc9300000, 0xc9300000, 0xc9400000|  0%| F|  |TAMS 0xc9300000, 0xc9300000| Untracked 
|  56|0xc9400000, 0xc9500000, 0xc9500000|100%| S|CS|TAMS 0xc9400000, 0xc9400000| Complete 
|  57|0xc9500000, 0xc9600000, 0xc9600000|100%| S|CS|TAMS 0xc9500000, 0xc9500000| Complete 
|  58|0xc9600000, 0xc9600000, 0xc9700000|  0%| F|  |TAMS 0xc9600000, 0xc9600000| Untracked 
|  59|0xc9700000, 0xc9700000, 0xc9800000|  0%| F|  |TAMS 0xc9700000, 0xc9700000| Untracked 
|  60|0xc9800000, 0xc9800000, 0xc9900000|  0%| F|  |TAMS 0xc9800000, 0xc9800000| Untracked 
|  61|0xc9900000, 0xc9900000, 0xc9a00000|  0%| F|  |TAMS 0xc9900000, 0xc9900000| Untracked 
|  62|0xc9a00000, 0xc9a00000, 0xc9b00000|  0%| F|  |TAMS 0xc9a00000, 0xc9a00000| Untracked 
|  63|0xc9b00000, 0xc9b00000, 0xc9c00000|  0%| F|  |TAMS 0xc9b00000, 0xc9b00000| Untracked 
|  64|0xc9c00000, 0xc9c00000, 0xc9d00000|  0%| F|  |TAMS 0xc9c00000, 0xc9c00000| Untracked 
|  65|0xc9d00000, 0xc9d00000, 0xc9e00000|  0%| F|  |TAMS 0xc9d00000, 0xc9d00000| Untracked 
|  66|0xc9e00000, 0xc9e00000, 0xc9f00000|  0%| F|  |TAMS 0xc9e00000, 0xc9e00000| Untracked 
|  67|0xc9f00000, 0xc9f00000, 0xca000000|  0%| F|  |TAMS 0xc9f00000, 0xc9f00000| Untracked 
|  68|0xca000000, 0xca000000, 0xca100000|  0%| F|  |TAMS 0xca000000, 0xca000000| Untracked 
|  69|0xca100000, 0xca100000, 0xca200000|  0%| F|  |TAMS 0xca100000, 0xca100000| Untracked 
|  70|0xca200000, 0xca200000, 0xca300000|  0%| F|  |TAMS 0xca200000, 0xca200000| Untracked 
|  71|0xca300000, 0xca300000, 0xca400000|  0%| F|  |TAMS 0xca300000, 0xca300000| Untracked 
|  72|0xca400000, 0xca400000, 0xca500000|  0%| F|  |TAMS 0xca400000, 0xca400000| Untracked 
|  73|0xca500000, 0xca500000, 0xca600000|  0%| F|  |TAMS 0xca500000, 0xca500000| Untracked 
|  74|0xca600000, 0xca600000, 0xca700000|  0%| F|  |TAMS 0xca600000, 0xca600000| Untracked 
|  75|0xca700000, 0xca700000, 0xca800000|  0%| F|  |TAMS 0xca700000, 0xca700000| Untracked 
|  76|0xca800000, 0xca800000, 0xca900000|  0%| F|  |TAMS 0xca800000, 0xca800000| Untracked 
|  77|0xca900000, 0xca900000, 0xcaa00000|  0%| F|  |TAMS 0xca900000, 0xca900000| Untracked 
|  78|0xcaa00000, 0xcaa00000, 0xcab00000|  0%| F|  |TAMS 0xcaa00000, 0xcaa00000| Untracked 
|  79|0xcab00000, 0xcab00000, 0xcac00000|  0%| F|  |TAMS 0xcab00000, 0xcab00000| Untracked 
|  80|0xcac00000, 0xcac00000, 0xcad00000|  0%| F|  |TAMS 0xcac00000, 0xcac00000| Untracked 
|  81|0xcad00000, 0xcad00000, 0xcae00000|  0%| F|  |TAMS 0xcad00000, 0xcad00000| Untracked 
|  82|0xcae00000, 0xcae00000, 0xcaf00000|  0%| F|  |TAMS 0xcae00000, 0xcae00000| Untracked 
|  83|0xcaf00000, 0xcaf00000, 0xcb000000|  0%| F|  |TAMS 0xcaf00000, 0xcaf00000| Untracked 
|  84|0xcb000000, 0xcb000000, 0xcb100000|  0%| F|  |TAMS 0xcb000000, 0xcb000000| Untracked 
|  85|0xcb100000, 0xcb100000, 0xcb200000|  0%| F|  |TAMS 0xcb100000, 0xcb100000| Untracked 
|  86|0xcb200000, 0xcb200000, 0xcb300000|  0%| F|  |TAMS 0xcb200000, 0xcb200000| Untracked 
|  87|0xcb300000, 0xcb300000, 0xcb400000|  0%| F|  |TAMS 0xcb300000, 0xcb300000| Untracked 
|  88|0xcb400000, 0xcb400000, 0xcb500000|  0%| F|  |TAMS 0xcb400000, 0xcb400000| Untracked 
|  89|0xcb500000, 0xcb500000, 0xcb600000|  0%| F|  |TAMS 0xcb500000, 0xcb500000| Untracked 
|  90|0xcb600000, 0xcb600000, 0xcb700000|  0%| F|  |TAMS 0xcb600000, 0xcb600000| Untracked 
|  91|0xcb700000, 0xcb700000, 0xcb800000|  0%| F|  |TAMS 0xcb700000, 0xcb700000| Untracked 
|  92|0xcb800000, 0xcb800000, 0xcb900000|  0%| F|  |TAMS 0xcb800000, 0xcb800000| Untracked 
|  93|0xcb900000, 0xcb900000, 0xcba00000|  0%| F|  |TAMS 0xcb900000, 0xcb900000| Untracked 
|  94|0xcba00000, 0xcba00000, 0xcbb00000|  0%| F|  |TAMS 0xcba00000, 0xcba00000| Untracked 
|  95|0xcbb00000, 0xcbb00000, 0xcbc00000|  0%| F|  |TAMS 0xcbb00000, 0xcbb00000| Untracked 
|  96|0xcbc00000, 0xcbc00000, 0xcbd00000|  0%| F|  |TAMS 0xcbc00000, 0xcbc00000| Untracked 
|  97|0xcbd00000, 0xcbe00000, 0xcbe00000|100%| E|  |TAMS 0xcbd00000, 0xcbd00000| Complete 
|  98|0xcbe00000, 0xcbf00000, 0xcbf00000|100%| E|CS|TAMS 0xcbe00000, 0xcbe00000| Complete 
|  99|0xcbf00000, 0xcc000000, 0xcc000000|100%| E|CS|TAMS 0xcbf00000, 0xcbf00000| Complete 
| 100|0xcc000000, 0xcc100000, 0xcc100000|100%| E|CS|TAMS 0xcc000000, 0xcc000000| Complete 
| 101|0xcc100000, 0xcc200000, 0xcc200000|100%| E|CS|TAMS 0xcc100000, 0xcc100000| Complete 
| 102|0xcc200000, 0xcc300000, 0xcc300000|100%| E|CS|TAMS 0xcc200000, 0xcc200000| Complete 
| 103|0xcc300000, 0xcc400000, 0xcc400000|100%| E|CS|TAMS 0xcc300000, 0xcc300000| Complete 
| 104|0xcc400000, 0xcc500000, 0xcc500000|100%| E|CS|TAMS 0xcc400000, 0xcc400000| Complete 
| 105|0xcc500000, 0xcc600000, 0xcc600000|100%| E|CS|TAMS 0xcc500000, 0xcc500000| Complete 
| 106|0xcc600000, 0xcc700000, 0xcc700000|100%| E|CS|TAMS 0xcc600000, 0xcc600000| Complete 
| 107|0xcc700000, 0xcc800000, 0xcc800000|100%| E|CS|TAMS 0xcc700000, 0xcc700000| Complete 
| 108|0xcc800000, 0xcc900000, 0xcc900000|100%| E|CS|TAMS 0xcc800000, 0xcc800000| Complete 
| 109|0xcc900000, 0xcca00000, 0xcca00000|100%| E|CS|TAMS 0xcc900000, 0xcc900000| Complete 
| 110|0xcca00000, 0xccb00000, 0xccb00000|100%| E|CS|TAMS 0xcca00000, 0xcca00000| Complete 
| 111|0xccb00000, 0xccc00000, 0xccc00000|100%| E|CS|TAMS 0xccb00000, 0xccb00000| Complete 
| 112|0xccc00000, 0xccd00000, 0xccd00000|100%| E|CS|TAMS 0xccc00000, 0xccc00000| Complete 
| 113|0xccd00000, 0xcce00000, 0xcce00000|100%| E|CS|TAMS 0xccd00000, 0xccd00000| Complete 
| 114|0xcce00000, 0xccf00000, 0xccf00000|100%| E|CS|TAMS 0xcce00000, 0xcce00000| Complete 
| 115|0xccf00000, 0xcd000000, 0xcd000000|100%| E|CS|TAMS 0xccf00000, 0xccf00000| Complete 
| 116|0xcd000000, 0xcd100000, 0xcd100000|100%| E|CS|TAMS 0xcd000000, 0xcd000000| Complete 
| 117|0xcd100000, 0xcd200000, 0xcd200000|100%| E|CS|TAMS 0xcd100000, 0xcd100000| Complete 
| 118|0xcd200000, 0xcd300000, 0xcd300000|100%| E|CS|TAMS 0xcd200000, 0xcd200000| Complete 
| 119|0xcd300000, 0xcd400000, 0xcd400000|100%| E|CS|TAMS 0xcd300000, 0xcd300000| Complete 
| 120|0xcd400000, 0xcd500000, 0xcd500000|100%| E|CS|TAMS 0xcd400000, 0xcd400000| Complete 
| 121|0xcd500000, 0xcd600000, 0xcd600000|100%| E|CS|TAMS 0xcd500000, 0xcd500000| Complete 
| 122|0xcd600000, 0xcd700000, 0xcd700000|100%| E|CS|TAMS 0xcd600000, 0xcd600000| Complete 
| 123|0xcd700000, 0xcd800000, 0xcd800000|100%| E|CS|TAMS 0xcd700000, 0xcd700000| Complete 
| 124|0xcd800000, 0xcd900000, 0xcd900000|100%| E|CS|TAMS 0xcd800000, 0xcd800000| Complete 
| 125|0xcd900000, 0xcda00000, 0xcda00000|100%| E|CS|TAMS 0xcd900000, 0xcd900000| Complete 
| 126|0xcda00000, 0xcdb00000, 0xcdb00000|100%| E|CS|TAMS 0xcda00000, 0xcda00000| Complete 
| 127|0xcdb00000, 0xcdc00000, 0xcdc00000|100%| E|CS|TAMS 0xcdb00000, 0xcdb00000| Complete 

Card table byte_map: [0xc5a00000,0xc5b00000] _byte_map_base: 0xc53d2000

Marking Bits (Prev, Next): (CMBitMap*) 0xf5e8b528, (CMBitMap*) 0xf5e8b548
 Prev Bits: [0xc5100000, 0xc5900000)
 Next Bits: [0xc4900000, 0xc5100000)

Polling page: 0xf7ed3000

Metaspace:

Usage:
    5.66 MB used.

Virtual space:
     16.00 MB reserved,       6.38 MB ( 40%) committed,  1 nodes.

Chunk freelists:
7.23 MB

MaxMetaspaceSize: 96.00 MB
No class space
Initial GC threshold: 16.00 MB
Current GC threshold: 16.00 MB
CDS: on
MetaspaceReclaimPolicy: balanced
 - commit_granule_bytes: 65536.
 - commit_granule_words: 16384.
 - virtual_space_node_default_size: 4194304.
 - enlarge_chunks_in_place: 1.
 - new_chunks_are_fully_committed: 0.
 - uncommit_free_chunks: 1.
 - use_allocation_guard: 0.
 - handle_deallocations: 1.


Internal statistics:

num_allocs_failed_limit: 0.
num_arena_births: 378.
num_arena_deaths: 0.
num_vsnodes_births: 1.
num_vsnodes_deaths: 0.
num_space_committed: 102.
num_space_uncommitted: 0.
num_chunks_returned_to_freelist: 0.
num_chunks_taken_from_freelist: 674.
num_chunk_merges: 0.
num_chunk_splits: 469.
num_chunks_enlarged: 319.
num_inconsistent_stats: 0.

CodeHeap 'non-profiled nmethods': size=120172Kb used=1231Kb max_used=1231Kb free=118940Kb
 bounds [0xed7f5000, 0xeda35000, 0xf4d50000]
CodeHeap 'profiled nmethods': size=120172Kb used=3330Kb max_used=3330Kb free=116841Kb
 bounds [0xe5d50000, 0xe6098000, 0xed2ab000]
CodeHeap 'non-nmethods': size=5416Kb used=738Kb max_used=786Kb free=4677Kb
 bounds [0xed2ab000, 0xed4eb000, 0xed7f5000]
 total_blobs=2178 nmethods=1828 adapters=264
 compilation: enabled
              stopped_count=0, restarted_count=0
 full_count=0

Compilation events (20 events):
Event: 15570.757 Thread 0xc419f450 1826       4       java.io.ObjectOutputStream$HandleTable::<init> (45 bytes)
Event: 15570.781 Thread 0xc419f450 nmethod 1826 0xed925888 code [0xed9259c0, 0xed926230]
Event: 15675.453 Thread 0xc41a0580 1827       3       script.base_class::getObjIdObjVar (12 bytes)
Event: 15675.454 Thread 0xc41a0580 nmethod 1827 0xe608ea88 code [0xe608ec00, 0xe608ef84]
Event: 16043.492 Thread 0xc41a0580 1828       3       script.base_class::pathTo (9 bytes)
Event: 16043.493 Thread 0xc41a0580 nmethod 1828 0xe608f108 code [0xe608f260, 0xe608f46c]
Event: 16265.926 Thread 0xc419f450 1829       4       java.io.ObjectStreamClass::getVariantFor (51 bytes)
Event: 16265.927 Thread 0xc419f450 nmethod 1829 0xed926488 code [0xed9265a0, 0xed926630]
Event: 16650.536 Thread 0xc41a0580 1830       3       script.base_class::setAnimationMood (9 bytes)
Event: 16650.537 Thread 0xc41a0580 nmethod 1830 0xe608f588 code [0xe608f6e0, 0xe608f8ec]
Event: 17961.582 Thread 0xc41a0580 1832       3       script.library.sequencer::runToSequenceObject (20 bytes)
Event: 17961.583 Thread 0xc41a0580 nmethod 1832 0xe608fa08 code [0xe608fbe0, 0xe6090270]
Event: 17961.584 Thread 0xc41a0580 1833       3       script.base_class::setMovementRun (8 bytes)
Event: 17961.584 Thread 0xc41a0580 nmethod 1833 0xe6090608 code [0xe6090760, 0xe609096c]
Event: 18859.740 Thread 0xc419f450 1834       4       java.util.ArrayList::set (24 bytes)
Event: 18859.744 Thread 0xc419f450 nmethod 1834 0xed926a88 code [0xed926ba0, 0xed926d70]
Event: 19065.856 Thread 0xc419f450 1835       4       java.io.ObjectOutputStream$BlockDataOutputStream::drain (45 bytes)
Event: 19065.994 Thread 0xc419f450 nmethod 1835 0xed926e88 code [0xed927020, 0xed92815c]
Event: 19584.770 Thread 0xc419f450 1836       4       java.lang.StringUTF16::compress (59 bytes)
Event: 19584.794 Thread 0xc419f450 nmethod 1836 0xed928808 code [0xed928920, 0xed928c70]

GC Heap History (10 events):
Event: 71.848 GC heap before
{Heap before GC invocations=0 (full 0):
 garbage-first heap   total 131072K, used 12288K [0xc5c00000, 0xe5c00000)
  region size 1024K, 13 young (13312K), 0 survivors (0K)
 Metaspace       used 2129K, committed 2304K, reserved 16384K
}
Event: 71.857 GC heap after
{Heap after GC invocations=1 (full 0):
 garbage-first heap   total 131072K, used 1824K [0xc5c00000, 0xe5c00000)
  region size 1024K, 2 young (2048K), 2 survivors (2048K)
 Metaspace       used 2129K, committed 2304K, reserved 16384K
}
Event: 111.399 GC heap before
{Heap before GC invocations=1 (full 0):
 garbage-first heap   total 131072K, used 19232K [0xc5c00000, 0xe5c00000)
  region size 1024K, 19 young (19456K), 2 survivors (2048K)
 Metaspace       used 3499K, committed 3776K, reserved 16384K
}
Event: 111.435 GC heap after
{Heap after GC invocations=2 (full 0):
 garbage-first heap   total 131072K, used 3413K [0xc5c00000, 0xe5c00000)
  region size 1024K, 2 young (2048K), 2 survivors (2048K)
 Metaspace       used 3499K, committed 3776K, reserved 16384K
}
Event: 211.865 GC heap before
{Heap before GC invocations=2 (full 0):
 garbage-first heap   total 131072K, used 79189K [0xc5c00000, 0xe5c00000)
  region size 1024K, 76 young (77824K), 2 survivors (2048K)
 Metaspace       used 4825K, committed 5440K, reserved 16384K
}
Event: 211.894 GC heap after
{Heap after GC invocations=3 (full 0):
 garbage-first heap   total 131072K, used 6072K [0xc5c00000, 0xe5c00000)
  region size 1024K, 4 young (4096K), 4 survivors (4096K)
 Metaspace       used 4825K, committed 5440K, reserved 16384K
}
Event: 515.589 GC heap before
{Heap before GC invocations=3 (full 0):
 garbage-first heap   total 131072K, used 79800K [0xc5c00000, 0xe5c00000)
  region size 1024K, 76 young (77824K), 4 survivors (4096K)
 Metaspace       used 5735K, committed 6464K, reserved 16384K
}
Event: 515.661 GC heap after
{Heap after GC invocations=4 (full 0):
 garbage-first heap   total 131072K, used 7715K [0xc5c00000, 0xe5c00000)
  region size 1024K, 6 young (6144K), 6 survivors (6144K)
 Metaspace       used 5735K, committed 6464K, reserved 16384K
}
Event: 14167.537 GC heap before
{Heap before GC invocations=4 (full 0):
 garbage-first heap   total 131072K, used 79395K [0xc5c00000, 0xe5c00000)
  region size 1024K, 76 young (77824K), 6 survivors (6144K)
 Metaspace       used 5794K, committed 6528K, reserved 16384K
}
Event: 14167.583 GC heap after
{Heap after GC invocations=5 (full 0):
 garbage-first heap   total 131072K, used 8886K [0xc5c00000, 0xe5c00000)
  region size 1024K, 6 young (6144K), 6 survivors (6144K)
 Metaspace       used 5794K, committed 6528K, reserved 16384K
}

Dll operation events (4 events):
Event: 0.011 Loaded shared library /usr/lib/jvm/java-17-zulu-openjdk-jdk-x86/lib/libjava.so
Event: 57.136 Loaded shared library /usr/lib/jvm/java-17-zulu-openjdk-jdk-x86/lib/libnio.so
Event: 57.143 Loaded shared library /usr/lib/jvm/java-17-zulu-openjdk-jdk-x86/lib/libjimage.so
Event: 57.144 Loaded shared library /usr/lib/jvm/java-17-zulu-openjdk-jdk-x86/lib/libnet.so

Deoptimization events (20 events):
Event: 457.569 Thread 0x0c09f220 DEOPT PACKING pc=0xed8bcdf8 sp=0xfff67e00
Event: 457.569 Thread 0x0c09f220 DEOPT UNPACKING pc=0xed2f4d33 sp=0xfff67db8 mode 2
Event: 457.569 Thread 0x0c09f220 Uncommon trap: trap_request=0xffffffd6 fr.pc=0xed8bcad0 relative=0x00001170
Event: 457.569 Thread 0x0c09f220 Uncommon trap: reason=array_check action=maybe_recompile pc=0xed8bcad0 method=java.io.ObjectInputStream.readArray(Z)Ljava/lang/Object; @ 392 c2
Event: 457.569 Thread 0x0c09f220 DEOPT PACKING pc=0xed8bcad0 sp=0xfff67e00
Event: 457.569 Thread 0x0c09f220 DEOPT UNPACKING pc=0xed2f4d33 sp=0xfff67de8 mode 2
Event: 457.569 Thread 0x0c09f220 Uncommon trap: trap_request=0xffffffd6 fr.pc=0xed8bcad0 relative=0x00001170
Event: 457.569 Thread 0x0c09f220 Uncommon trap: reason=array_check action=maybe_recompile pc=0xed8bcad0 method=java.io.ObjectInputStream.readArray(Z)Ljava/lang/Object; @ 392 c2
Event: 457.569 Thread 0x0c09f220 DEOPT PACKING pc=0xed8bcad0 sp=0xfff67e00
Event: 457.569 Thread 0x0c09f220 DEOPT UNPACKING pc=0xed2f4d33 sp=0xfff67de8 mode 2
Event: 457.570 Thread 0x0c09f220 Uncommon trap: trap_request=0xffffffd6 fr.pc=0xed8bcad0 relative=0x00001170
Event: 457.570 Thread 0x0c09f220 Uncommon trap: reason=array_check action=maybe_recompile pc=0xed8bcad0 method=java.io.ObjectInputStream.readArray(Z)Ljava/lang/Object; @ 392 c2
Event: 457.570 Thread 0x0c09f220 DEOPT PACKING pc=0xed8bcad0 sp=0xfff67e00
Event: 457.570 Thread 0x0c09f220 DEOPT UNPACKING pc=0xed2f4d33 sp=0xfff67de8 mode 2
Event: 763.563 Thread 0x0c09f220 DEOPT PACKING pc=0xe5e620b9 sp=0xfff67640
Event: 763.563 Thread 0x0c09f220 DEOPT UNPACKING pc=0xed2f4171 sp=0xfff674d0 mode 0
Event: 4294.645 Thread 0x0c09f220 Uncommon trap: trap_request=0xffffff5c fr.pc=0xed8f00d4 relative=0x00005ab4
Event: 4294.645 Thread 0x0c09f220 Uncommon trap: reason=speculate_null_check action=make_not_entrant pc=0xed8f00d4 method=java.lang.StringConcatHelper.stringOf(Ljava/lang/Object;)Ljava/lang/String; @ 1 c2
Event: 4294.646 Thread 0x0c09f220 DEOPT PACKING pc=0xed8f00d4 sp=0xfff68a00
Event: 4294.646 Thread 0x0c09f220 DEOPT UNPACKING pc=0xed2f4d33 sp=0xfff68868 mode 2

Classes unloaded (0 events):
No events

Classes redefined (0 events):
No events

Internal exceptions (8 events):
Event: 57.149 Thread 0x0c09f220 Exception <a 'java/lang/NoSuchMethodError'{0xcd40b248}: 'java.lang.Object java.lang.invoke.DirectMethodHandle$Holder.invokeStaticInit(java.lang.Object)'> (0xcd40b248) 
thrown [src/hotspot/share/interpreter/linkResolver.cpp, line 759]
Event: 99.533 Thread 0x0c09f220 Exception <a 'java/lang/NoSuchMethodError'{0xcd396f80}: 'java.lang.Object java.lang.invoke.DirectMethodHandle$Holder.invokeStatic(java.lang.Object, float)'> (0xcd396f80) 
thrown [src/hotspot/share/interpreter/linkResolver.cpp, line 759]
Event: 99.836 Thread 0x0c09f220 Exception <a 'java/lang/NoSuchMethodError'{0xcccc5a00}: 'java.lang.Object java.lang.invoke.DirectMethodHandle$Holder.invokeSpecial(java.lang.Object, java.lang.Object, java.lang.Object, java.lang.Object, int)'> (0xcccc5a00) 
thrown [src/hotspot/share/interpreter/linkResolver.cpp, line 759]
Event: 99.836 Thread 0x0c09f220 Exception <a 'java/lang/NoSuchMethodError'{0xcccc8f40}: 'java.lang.Object java.lang.invoke.Invokers$Holder.linkToTargetMethod(java.lang.Object, java.lang.Object, int, java.lang.Object)'> (0xcccc8f40) 
thrown [src/hotspot/share/interpreter/linkResolver.cpp, line 759]
Event: 256.626 Thread 0x0c09f220 Exception <a 'java/lang/NoSuchMethodError'{0xcd010ec8}: 'java.lang.Object java.lang.invoke.DirectMethodHandle$Holder.invokeSpecial(java.lang.Object, java.lang.Object, java.lang.Object, java.lang.Object, java.lang.Object, java.lang.Object, int)'> (0xcd010ec8) 
thrown [src/hotspot/share/interpreter/linkResolver.cpp, line 759]
Event: 285.772 Thread 0x0c09f220 Exception <a 'java/lang/NoSuchMethodError'{0xcc8e6b00}: 'java.lang.Object java.lang.invoke.DirectMethodHandle$Holder.invokeSpecial(java.lang.Object, java.lang.Object, long, java.lang.Object, java.lang.Object, java.lang.Object, java.lang.Object, java.lang.Object, java.lang.Object)'> (0xcc8e6b00) 
thrown [src/hotspot/share/interpreter/linkResolver.cpp, line 759]
Event: 285.772 Thread 0x0c09f220 Exception <a 'java/lang/NoSuchMethodError'{0xcc8eaed8}: 'java.lang.Object java.lang.invoke.DelegatingMethodHandle$Holder.reinvoke_L(java.lang.Object, long, java.lang.Object, java.lang.Object, java.lang.Object, java.lang.Object, java.lang.Object, java.lang.Object)'> (0xcc8eaed8) 
thrown [src/hotspot/share/interpreter/linkResolver.cpp, line 759]
Event: 316.715 Thread 0x0c09f220 Exception <a 'java/lang/NoSuchMethodError'{0xcc2a7ef8}: static [Lscript/obj_id;.<clinit>()V> (0xcc2a7ef8) 
thrown [src/hotspot/share/prims/jni.cpp, line 1112]

VM Operations (20 events):
Event: 1494.606 Executing VM operation: Cleanup
Event: 1494.606 Executing VM operation: Cleanup done
Event: 2885.215 Executing VM operation: Cleanup
Event: 2885.216 Executing VM operation: Cleanup done
Event: 3296.718 Executing VM operation: Cleanup
Event: 3296.718 Executing VM operation: Cleanup done
Event: 4432.358 Executing VM operation: Cleanup
Event: 4432.358 Executing VM operation: Cleanup done
Event: 4667.606 Executing VM operation: Cleanup
Event: 4667.606 Executing VM operation: Cleanup done
Event: 6589.629 Executing VM operation: Cleanup
Event: 6589.629 Executing VM operation: Cleanup done
Event: 9157.114 Executing VM operation: Cleanup
Event: 9157.115 Executing VM operation: Cleanup done
Event: 14167.536 Executing VM operation: G1CollectForAllocation
Event: 14167.584 Executing VM operation: G1CollectForAllocation done
Event: 14168.584 Executing VM operation: Cleanup
Event: 14168.584 Executing VM operation: Cleanup done
Event: 18861.315 Executing VM operation: Cleanup
Event: 18861.315 Executing VM operation: Cleanup done

Events (20 events):
Event: 316.778 loading class java/lang/constant/MethodHandleDesc done
Event: 316.778 loading class java/lang/constant/MethodHandleDesc$1
Event: 316.778 loading class java/lang/constant/MethodHandleDesc$1 done
Event: 316.778 loading class java/lang/constant/DirectMethodHandleDescImpl
Event: 316.779 loading class java/lang/constant/DirectMethodHandleDesc
Event: 316.779 loading class java/lang/constant/DirectMethodHandleDesc done
Event: 316.779 loading class java/lang/constant/DirectMethodHandleDescImpl done
Event: 316.779 loading class java/lang/constant/DirectMethodHandleDescImpl$1
Event: 316.779 loading class java/lang/constant/DirectMethodHandleDescImpl$1 done
Event: 316.779 loading class java/lang/constant/DirectMethodHandleDesc$1
Event: 316.779 loading class java/lang/constant/DirectMethodHandleDesc$1 done
Event: 316.779 loading class java/lang/constant/PrimitiveClassDescImpl
Event: 316.779 loading class java/lang/constant/DynamicConstantDesc
Event: 316.779 loading class java/lang/constant/DynamicConstantDesc done
Event: 316.779 loading class java/lang/constant/PrimitiveClassDescImpl done
Event: 316.779 loading class java/lang/constant/DynamicConstantDesc$AnonymousDynamicConstantDesc
Event: 316.779 loading class java/lang/constant/DynamicConstantDesc$AnonymousDynamicConstantDesc done
Event: 21014.821 Thread 0x0c09f220 Thread exited: 0x0c09f220
Event: 21014.821 Thread 0xf5e242d0 Thread exited: 0xf5e242d0
Event: 21014.822 Thread 0xc419bff0 Thread exited: 0xc419bff0


Dynamic libraries:
08048000-09298000 r-xp 00000000 08:04 494947248                          /home/almalinux/swg-returns-nge/build/bin/SwgGameServer
09298000-0929c000 rw-p 0124f000 08:04 494947248                          /home/almalinux/swg-returns-nge/build/bin/SwgGameServer
0929c000-09b1f000 rw-p 00000000 00:00 0 
0a9d7000-15126000 rw-p 00000000 00:00 0                                  [heap]
be000000-be0f9000 rw-p 00000000 00:00 0 
be0f9000-be100000 ---p 00000000 00:00 0 
be200000-be2f9000 rw-p 00000000 00:00 0 
be2f9000-be300000 ---p 00000000 00:00 0 
be400000-be4ff000 rw-p 00000000 00:00 0 
be4ff000-be500000 ---p 00000000 00:00 0 
be800000-be8e5000 rw-p 00000000 00:00 0 
be8e5000-be900000 ---p 00000000 00:00 0 
be900000-be9f7000 rw-p 00000000 00:00 0 
be9f7000-bea00000 ---p 00000000 00:00 0 
bea00000-beaf1000 rw-p 00000000 00:00 0 
beaf1000-beb00000 ---p 00000000 00:00 0 
bec00000-becf9000 rw-p 00000000 00:00 0 
becf9000-bed00000 ---p 00000000 00:00 0 
bee00000-beeb3000 rw-p 00000000 00:00 0 
beeb3000-bef00000 ---p 00000000 00:00 0 
bf000000-bf0f9000 rw-p 00000000 00:00 0 
bf0f9000-bf100000 ---p 00000000 00:00 0 
bf100000-bf1f9000 rw-p 00000000 00:00 0 
bf1f9000-bf200000 ---p 00000000 00:00 0 
bf200000-bf2f9000 rw-p 00000000 00:00 0 
bf2f9000-bf300000 ---p 00000000 00:00 0 
bf300000-bf3f9000 rw-p 00000000 00:00 0 
bf3f9000-bf400000 ---p 00000000 00:00 0 
bf400000-bf4fb000 rw-p 00000000 00:00 0 
bf4fb000-bf500000 ---p 00000000 00:00 0 
bf500000-bf5f9000 rw-p 00000000 00:00 0 
bf5f9000-bf600000 ---p 00000000 00:00 0 
bf600000-bf6f9000 rw-p 00000000 00:00 0 
bf6f9000-bf700000 ---p 00000000 00:00 0 
bf700000-bf7f9000 rw-p 00000000 00:00 0 
bf7f9000-bf800000 ---p 00000000 00:00 0 
bf800000-bf8ff000 rw-p 00000000 00:00 0 
bf8ff000-bf900000 ---p 00000000 00:00 0 
bf900000-bf9fd000 rw-p 00000000 00:00 0 
bf9fd000-bfa00000 ---p 00000000 00:00 0 
bfa00000-bfae1000 rw-p 00000000 00:00 0 
bfae1000-bfb00000 ---p 00000000 00:00 0 
bfb00000-bfbfa000 rw-p 00000000 00:00 0 
bfbfa000-bfc00000 ---p 00000000 00:00 0 
bfc00000-bfcf9000 rw-p 00000000 00:00 0 
bfcf9000-bfd00000 ---p 00000000 00:00 0 
bfe00000-bfeff000 rw-p 00000000 00:00 0 
bfeff000-bff00000 ---p 00000000 00:00 0 
c0700000-c07fa000 rw-p 00000000 00:00 0 
c07fa000-c0800000 ---p 00000000 00:00 0 
c0973000-c0977000 ---p 00000000 00:00 0 
c0977000-c09f4000 rw-p 00000000 00:00 0 
c117f000-c1180000 ---p 00000000 00:00 0 
c1180000-c1200000 rw-p 00000000 00:00 0 
c1200000-c12f5000 rw-p 00000000 00:00 0 
c12f5000-c1300000 ---p 00000000 00:00 0 
c137b000-c137c000 ---p 00000000 00:00 0 
c137c000-c13fc000 rw-p 00000000 00:00 0 
c13fc000-c1400000 ---p 00000000 00:00 0 
c1400000-c147d000 rw-p 00000000 00:00 0 
c167f000-c1683000 ---p 00000000 00:00 0 
c1683000-c1740000 rw-p 00000000 00:00 0 
c1740000-c1744000 ---p 00000000 00:00 0 
c1744000-c1801000 rw-p 00000000 00:00 0 
c1801000-c1802000 ---p 00000000 00:00 0 
c1802000-c1882000 rw-p 00000000 00:00 0 
c1882000-c1886000 ---p 00000000 00:00 0 
c1886000-c1943000 rw-p 00000000 00:00 0 
c1943000-c1947000 ---p 00000000 00:00 0 
c1947000-c1a04000 rw-p 00000000 00:00 0 
c1a04000-c1a08000 ---p 00000000 00:00 0 
c1a08000-c1ac5000 rw-p 00000000 00:00 0 
c1ac5000-c1ac9000 ---p 00000000 00:00 0 
c1ac9000-c1b86000 rw-p 00000000 00:00 0 
c1b86000-c1e00000 r--p 00078000 08:04 535181                             /usr/lib/locale/locale-archive
c1e00000-c2000000 r--p 00000000 08:04 535181                             /usr/lib/locale/locale-archive
c2000000-c2190000 rw-p 00000000 00:00 0 
c2190000-c2400000 ---p 00000000 00:00 0 
c2400000-c28d0000 rw-p 00000000 00:00 0 
c28d0000-c3000000 ---p 00000000 00:00 0 
c303c000-c3040000 ---p 00000000 00:00 0 
c3040000-c30bd000 rw-p 00000000 00:00 0 
c30bd000-c30c1000 ---p 00000000 00:00 0 
c30c1000-c317e000 rw-p 00000000 00:00 0 
c317e000-c3182000 ---p 00000000 00:00 0 
c3182000-c323f000 rw-p 00000000 00:00 0 
c323f000-c3243000 ---p 00000000 00:00 0 
c3243000-c3300000 rw-p 00000000 00:00 0 
c3300000-c3376000 rw-p 00000000 00:00 0 
c3376000-c3400000 ---p 00000000 00:00 0 
c3431000-c3435000 ---p 00000000 00:00 0 
c3435000-c34b2000 rw-p 00000000 00:00 0 
c34b2000-c34b3000 ---p 00000000 00:00 0 
c34b3000-c3533000 rw-p 00000000 00:00 0 
c3533000-c3e00000 rw-p 00001000 08:04 143240867                          /usr/lib/jvm/java-17-zulu-openjdk-jdk-x86/lib/server/classes.jsa
c3e00000-c3e21000 rw-p 00000000 00:00 0 
c3e21000-c3f00000 ---p 00000000 00:00 0 
c3f7f000-c3f80000 ---p 00000000 00:00 0 
c3f80000-c4000000 rw-p 00000000 00:00 0 
c4000000-c4021000 rw-p 00000000 00:00 0 
c4021000-c4100000 ---p 00000000 00:00 0 
c4100000-c41d2000 rw-p 00000000 00:00 0 
c41d2000-c4200000 ---p 00000000 00:00 0 
c427f000-c4280000 ---p 00000000 00:00 0 
c4280000-c4300000 rw-p 00000000 00:00 0 
c4300000-c43f4000 rw-p 00000000 00:00 0 
c43f4000-c4400000 ---p 00000000 00:00 0 
c447f000-c4480000 ---p 00000000 00:00 0 
c4480000-c4500000 rw-p 00000000 00:00 0 
c4500000-c45ff000 rw-p 00000000 00:00 0 
c45ff000-c4600000 ---p 00000000 00:00 0 
c467f000-c4680000 ---p 00000000 00:00 0 
c4680000-c4700000 rw-p 00000000 00:00 0 
c4700000-c47fa000 rw-p 00000000 00:00 0 
c47fa000-c4800000 ---p 00000000 00:00 0 
c487f000-c4880000 ---p 00000000 00:00 0 
c4880000-c4b00000 rw-p 00000000 00:00 0 
c4b00000-c5100000 ---p 00000000 00:00 0 
c5100000-c5300000 rw-p 00000000 00:00 0 
c5300000-c5900000 ---p 00000000 00:00 0 
c5900000-c5940000 rw-p 00000000 00:00 0 
c5940000-c5a00000 ---p 00000000 00:00 0 
c5a00000-c5a40000 rw-p 00000000 00:00 0 
c5a40000-c5b00000 ---p 00000000 00:00 0 
c5b00000-c5b40000 rw-p 00000000 00:00 0 
c5b40000-c5c00000 ---p 00000000 00:00 0 
c5c00000-cdc00000 rw-p 00000000 00:00 0 
cdc00000-e5c00000 ---p 00000000 00:00 0 
e5c65000-e5c6a000 rw-p 00000000 00:00 0 
e5c6a000-e5d50000 ---p 00000000 00:00 0 
e5d50000-e6098000 rwxp 00000000 00:00 0 
e6098000-ed2ab000 ---p 00000000 00:00 0 
ed2ab000-ed4eb000 rwxp 00000000 00:00 0 
ed4eb000-ed7f5000 ---p 00000000 00:00 0 
ed7f5000-eda35000 rwxp 00000000 00:00 0 
eda35000-f4d50000 ---p 00000000 00:00 0 
f4d50000-f4eb8000 r--s 00000000 08:04 117534333                          /usr/lib/jvm/java-17-zulu-openjdk-jdk-x86/lib/modules
f4eb8000-f5d5a000 r-xp 00000000 08:04 143240869                          /usr/lib/jvm/java-17-zulu-openjdk-jdk-x86/lib/server/libjvm.so
f5d5a000-f5daf000 r--p 00ea1000 08:04 143240869                          /usr/lib/jvm/java-17-zulu-openjdk-jdk-x86/lib/server/libjvm.so
f5daf000-f5dd0000 rw-p 00ef6000 08:04 143240869                          /usr/lib/jvm/java-17-zulu-openjdk-jdk-x86/lib/server/libjvm.so
f5dd0000-f5e00000 rw-p 00000000 00:00 0 
f5e00000-f5f00000 rw-p 00000000 00:00 0 
f5f19000-f5f1a000 ---p 00000000 00:00 0 
f5f1a000-f5f1e000 ---p 00000000 00:00 0 
f5f1e000-f6a92000 rw-p 00000000 00:00 0 
f6a9e000-f6ab3000 r-xp 00000000 08:04 117534323                          /usr/lib/jvm/java-17-zulu-openjdk-jdk-x86/lib/libnet.so
f6ab3000-f6ab4000 r--p 00014000 08:04 117534323                          /usr/lib/jvm/java-17-zulu-openjdk-jdk-x86/lib/libnet.so
f6ab4000-f6ab5000 rw-p 00015000 08:04 117534323                          /usr/lib/jvm/java-17-zulu-openjdk-jdk-x86/lib/libnet.so
f6ab5000-f6abc000 rw-p 00000000 00:00 0 
f6abc000-f6ba0000 ---p 00000000 00:00 0 
f6dda000-f6dec000 r-xp 00000000 08:04 117534324                          /usr/lib/jvm/java-17-zulu-openjdk-jdk-x86/lib/libnio.so
f6dec000-f6ded000 r--p 00011000 08:04 117534324                          /usr/lib/jvm/java-17-zulu-openjdk-jdk-x86/lib/libnio.so
f6ded000-f6dee000 rw-p 00012000 08:04 117534324                          /usr/lib/jvm/java-17-zulu-openjdk-jdk-x86/lib/libnio.so
f6dee000-f6e17000 rw-p 00000000 00:00 0 
f6e17000-f6e3a000 r-xp 00000000 08:04 117534310                          /usr/lib/jvm/java-17-zulu-openjdk-jdk-x86/lib/libjava.so
f6e3a000-f6e3b000 r--p 00022000 08:04 117534310                          /usr/lib/jvm/java-17-zulu-openjdk-jdk-x86/lib/libjava.so
f6e3b000-f6e3c000 rw-p 00023000 08:04 117534310                          /usr/lib/jvm/java-17-zulu-openjdk-jdk-x86/lib/libjava.so
f6e3c000-f6e48000 r-xp 00000000 08:04 16831767                           /usr/lib/libnss_files-2.28.so
f6e48000-f6e49000 r--p 0000b000 08:04 16831767                           /usr/lib/libnss_files-2.28.so
f6e49000-f6e4a000 rw-p 0000c000 08:04 16831767                           /usr/lib/libnss_files-2.28.so
f6e4a000-f6e50000 rw-p 00000000 00:00 0 
f6e56000-f6e5b000 rw-p 00000000 00:00 0 
f6e5b000-f6e61000 ---p 00000000 00:00 0 
f6e61000-f6e7c000 r-xp 00000000 08:04 117534314                          /usr/lib/jvm/java-17-zulu-openjdk-jdk-x86/lib/libjimage.so
f6e7c000-f6e7d000 ---p 0001b000 08:04 117534314                          /usr/lib/jvm/java-17-zulu-openjdk-jdk-x86/lib/libjimage.so
f6e7d000-f6e7e000 r--p 0001b000 08:04 117534314                          /usr/lib/jvm/java-17-zulu-openjdk-jdk-x86/lib/libjimage.so
f6e7e000-f6e7f000 rw-p 0001c000 08:04 117534314                          /usr/lib/jvm/java-17-zulu-openjdk-jdk-x86/lib/libjimage.so
f6e7f000-f6e83000 rw-p 00000000 00:00 0 
f6e83000-f6f0b000 r-xp 00000000 08:04 17191875                           /usr/lib/libpcre2-8.so.0.7.1
f6f0b000-f6f0c000 r--p 00087000 08:04 17191875                           /usr/lib/libpcre2-8.so.0.7.1
f6f0c000-f6f0d000 rw-p 00088000 08:04 17191875                           /usr/lib/libpcre2-8.so.0.7.1
f6f0d000-f6f2d000 r-xp 00000000 08:04 17021543                           /usr/lib/libcrypt.so.1.1.0
f6f2d000-f6f2e000 ---p 00020000 08:04 17021543                           /usr/lib/libcrypt.so.1.1.0
f6f2e000-f6f2f000 r--p 00020000 08:04 17021543                           /usr/lib/libcrypt.so.1.1.0
f6f2f000-f6f38000 rw-p 00000000 00:00 0 
f6f38000-f6f63000 r-xp 00000000 08:04 17191887                           /usr/lib/libselinux.so.1
f6f63000-f6f64000 ---p 0002b000 08:04 17191887                           /usr/lib/libselinux.so.1
f6f64000-f6f65000 r--p 0002b000 08:04 17191887                           /usr/lib/libselinux.so.1
f6f65000-f6f66000 rw-p 0002c000 08:04 17191887                           /usr/lib/libselinux.so.1
f6f66000-f6f67000 rw-p 00000000 00:00 0 
f6f67000-f6f86000 r-xp 00000000 08:04 18866589                           /usr/lib/libbrotlicommon.so.1.0.6
f6f86000-f6f87000 r--p 0001e000 08:04 18866589                           /usr/lib/libbrotlicommon.so.1.0.6
f6f87000-f6f88000 rw-p 0001f000 08:04 18866589                           /usr/lib/libbrotlicommon.so.1.0.6
f6f88000-f6fa6000 r-xp 00000000 08:04 17191915                           /usr/lib/libsasl2.so.3.0.0
f6fa6000-f6fa7000 ---p 0001e000 08:04 17191915                           /usr/lib/libsasl2.so.3.0.0
f6fa7000-f6fa8000 r--p 0001e000 08:04 17191915                           /usr/lib/libsasl2.so.3.0.0
f6fa8000-f6fa9000 rw-p 0001f000 08:04 17191915                           /usr/lib/libsasl2.so.3.0.0
f6fa9000-f6fab000 rw-p 00000000 00:00 0 
f6fab000-f6fbf000 r-xp 00000000 08:04 16831772                           /usr/lib/libresolv-2.28.so
f6fbf000-f6fc0000 ---p 00014000 08:04 16831772                           /usr/lib/libresolv-2.28.so
f6fc0000-f6fc1000 r--p 00014000 08:04 16831772                           /usr/lib/libresolv-2.28.so
f6fc1000-f6fc2000 rw-p 00015000 08:04 16831772                           /usr/lib/libresolv-2.28.so
f6fc2000-f6fc4000 rw-p 00000000 00:00 0 
f6fc4000-f6fc7000 r-xp 00000000 08:04 17191893                           /usr/lib/libkeyutils.so.1.6
f6fc7000-f6fc8000 ---p 00003000 08:04 17191893                           /usr/lib/libkeyutils.so.1.6
f6fc8000-f6fc9000 r--p 00003000 08:04 17191893                           /usr/lib/libkeyutils.so.1.6
f6fc9000-f6fca000 rw-p 00000000 00:00 0 
f6fca000-f6fda000 r-xp 00000000 08:04 17021560                           /usr/lib/libkrb5support.so.0.1
f6fda000-f6fdb000 r--p 0000f000 08:04 17021560                           /usr/lib/libkrb5support.so.0.1
f6fdb000-f6fdc000 rw-p 00010000 08:04 17021560                           /usr/lib/libkrb5support.so.0.1
f6fdc000-f6fe4000 r-xp 00000000 08:04 16831774                           /usr/lib/librt-2.28.so
f6fe4000-f6fe5000 r--p 00007000 08:04 16831774                           /usr/lib/librt-2.28.so
f6fe5000-f6fe6000 rw-p 00008000 08:04 16831774                           /usr/lib/librt-2.28.so
f6fe6000-f7165000 r-xp 00000000 08:04 17021545                           /usr/lib/libunistring.so.2.1.0
f7165000-f7166000 ---p 0017f000 08:04 17021545                           /usr/lib/libunistring.so.2.1.0
f7166000-f7168000 r--p 0017f000 08:04 17021545                           /usr/lib/libunistring.so.2.1.0
f7168000-f7169000 rw-p 00181000 08:04 17021545                           /usr/lib/libunistring.so.2.1.0
f7169000-f7193000 r-xp 00000000 08:04 18654292                           /usr/lib/liblzma.so.5.2.4
f7193000-f7194000 r--p 00029000 08:04 18654292                           /usr/lib/liblzma.so.5.2.4
f7194000-f7195000 rw-p 00000000 00:00 0 
f7195000-f71a1000 r-xp 00000000 08:04 17191936                           /usr/lib/libbrotlidec.so.1.0.6
f71a1000-f71a2000 r--p 0000b000 08:04 17191936                           /usr/lib/libbrotlidec.so.1.0.6
f71a2000-f71a3000 rw-p 00000000 00:00 0 
f71a3000-f71b2000 r-xp 00000000 08:04 17191918                           /usr/lib/liblber-2.4.so.2.10.9
f71b2000-f71b3000 r--p 0000e000 08:04 17191918                           /usr/lib/liblber-2.4.so.2.10.9
f71b3000-f71b4000 rw-p 0000f000 08:04 17191918                           /usr/lib/liblber-2.4.so.2.10.9
f71b4000-f7209000 r-xp 00000000 08:04 17191920                           /usr/lib/libldap-2.4.so.2.10.9
f7209000-f720a000 ---p 00055000 08:04 17191920                           /usr/lib/libldap-2.4.so.2.10.9
f720a000-f720b000 r--p 00055000 08:04 17191920                           /usr/lib/libldap-2.4.so.2.10.9
f720b000-f720c000 rw-p 00056000 08:04 17191920                           /usr/lib/libldap-2.4.so.2.10.9
f720c000-f720e000 rw-p 00000000 00:00 0 
f720e000-f7211000 r-xp 00000000 08:04 16994899                           /usr/lib/libcom_err.so.2.1
f7211000-f7212000 r--p 00002000 08:04 16994899                           /usr/lib/libcom_err.so.2.1
f7212000-f7213000 rw-p 00003000 08:04 16994899                           /usr/lib/libcom_err.so.2.1
f7213000-f7229000 r-xp 00000000 08:04 17021552                           /usr/lib/libk5crypto.so.3.1
f7229000-f722a000 ---p 00016000 08:04 17021552                           /usr/lib/libk5crypto.so.3.1
f722a000-f722b000 r--p 00016000 08:04 17021552                           /usr/lib/libk5crypto.so.3.1
f722b000-f722c000 rw-p 00017000 08:04 17021552                           /usr/lib/libk5crypto.so.3.1
f722c000-f730f000 r-xp 00000000 08:04 17021558                           /usr/lib/libkrb5.so.3.3
f730f000-f7316000 r--p 000e2000 08:04 17021558                           /usr/lib/libkrb5.so.3.3
f7316000-f7317000 rw-p 000e9000 08:04 17021558                           /usr/lib/libkrb5.so.3.3
f7317000-f7372000 r-xp 00000000 08:04 17021548                           /usr/lib/libgssapi_krb5.so.2.2
f7372000-f7374000 r--p 0005a000 08:04 17021548                           /usr/lib/libgssapi_krb5.so.2.2
f7374000-f7375000 rw-p 0005c000 08:04 17021548                           /usr/lib/libgssapi_krb5.so.2.2
f7375000-f7626000 r-xp 00000000 08:04 18627877                           /usr/lib/libcrypto.so.1.1.1k
f7626000-f763f000 r--p 002b0000 08:04 18627877                           /usr/lib/libcrypto.so.1.1.1k
f763f000-f7641000 rw-p 002c9000 08:04 18627877                           /usr/lib/libcrypto.so.1.1.1k
f7641000-f7645000 rw-p 00000000 00:00 0 
f7645000-f76d7000 r-xp 00000000 08:04 18627879                           /usr/lib/libssl.so.1.1.1k
f76d7000-f76dd000 r--p 00091000 08:04 18627879                           /usr/lib/libssl.so.1.1.1k
f76dd000-f76e1000 rw-p 00097000 08:04 18627879                           /usr/lib/libssl.so.1.1.1k
f76e1000-f76f1000 r-xp 00000000 08:04 18660120                           /usr/lib/libpsl.so.5.3.1
f76f1000-f76f2000 r--p 0000f000 08:04 18660120                           /usr/lib/libpsl.so.5.3.1
f76f2000-f76f3000 rw-p 00000000 00:00 0 
f76f3000-f7770000 r-xp 00000000 08:04 16994901                           /usr/lib/libssh.so.4.8.7
f7770000-f7771000 ---p 0007d000 08:04 16994901                           /usr/lib/libssh.so.4.8.7
f7771000-f7772000 r--p 0007d000 08:04 16994901                           /usr/lib/libssh.so.4.8.7
f7772000-f7773000 rw-p 0007e000 08:04 16994901                           /usr/lib/libssh.so.4.8.7
f7773000-f7790000 r-xp 00000000 08:04 17040588                           /usr/lib/libidn2.so.0.3.6
f7790000-f7791000 r--p 0001c000 08:04 17040588                           /usr/lib/libidn2.so.0.3.6
f7791000-f7792000 rw-p 00000000 00:00 0 
f7792000-f77ba000 r-xp 00000000 08:04 17191891                           /usr/lib/libnghttp2.so.14.17.0
f77ba000-f77bb000 r--p 00027000 08:04 17191891                           /usr/lib/libnghttp2.so.14.17.0
f77bb000-f77bd000 rw-p 00028000 08:04 17191891                           /usr/lib/libnghttp2.so.14.17.0
f77bd000-f795f000 r-xp 00000000 08:04 16831756                           /usr/lib/libc-2.28.so
f795f000-f7960000 ---p 001a2000 08:04 16831756                           /usr/lib/libc-2.28.so
f7960000-f7962000 r--p 001a2000 08:04 16831756                           /usr/lib/libc-2.28.so
f7962000-f7963000 rw-p 001a4000 08:04 16831756                           /usr/lib/libc-2.28.so
f7963000-f7968000 rw-p 00000000 00:00 0 
f7968000-f7983000 r-xp 00000000 08:04 16985139                           /usr/lib/libgcc_s-8-20210514.so.1
f7983000-f7984000 r--p 0001a000 08:04 16985139                           /usr/lib/libgcc_s-8-20210514.so.1
f7984000-f7985000 rw-p 0001b000 08:04 16985139                           /usr/lib/libgcc_s-8-20210514.so.1
f7985000-f7a55000 r-xp 00000000 08:04 16831760                           /usr/lib/libm-2.28.so
f7a55000-f7a56000 r--p 000cf000 08:04 16831760                           /usr/lib/libm-2.28.so
f7a56000-f7a57000 rw-p 000d0000 08:04 16831760                           /usr/lib/libm-2.28.so
f7a57000-f7be0000 r-xp 00000000 08:04 16985145                           /usr/lib/libstdc++.so.6.0.25
f7be0000-f7be1000 ---p 00189000 08:04 16985145                           /usr/lib/libstdc++.so.6.0.25
f7be1000-f7be7000 r--p 00189000 08:04 16985145                           /usr/lib/libstdc++.so.6.0.25
f7be7000-f7be8000 rw-p 0018f000 08:04 16985145                           /usr/lib/libstdc++.so.6.0.25
f7be8000-f7bea000 rw-p 00000000 00:00 0 
f7bea000-f7c01000 r-xp 00000000 08:04 16963437                           /usr/lib/libz.so.1.2.11
f7c01000-f7c02000 ---p 00017000 08:04 16963437                           /usr/lib/libz.so.1.2.11
f7c02000-f7c03000 r--p 00017000 08:04 16963437                           /usr/lib/libz.so.1.2.11
f7c03000-f7c04000 rw-p 00000000 00:00 0 
f7c04000-f7d81000 r-xp 00000000 08:04 16963397                           /usr/lib/libxml2.so.2.9.7
f7d81000-f7d86000 r--p 0017c000 08:04 16963397                           /usr/lib/libxml2.so.2.9.7
f7d86000-f7d87000 rw-p 00181000 08:04 16963397                           /usr/lib/libxml2.so.2.9.7
f7d87000-f7d88000 rw-p 00000000 00:00 0 
f7d88000-f7da4000 r-xp 00000000 08:04 16831770                           /usr/lib/libpthread-2.28.so
f7da4000-f7da5000 r--p 0001b000 08:04 16831770                           /usr/lib/libpthread-2.28.so
f7da5000-f7da6000 rw-p 0001c000 08:04 16831770                           /usr/lib/libpthread-2.28.so
f7da6000-f7da8000 rw-p 00000000 00:00 0 
f7da8000-f7e1c000 r-xp 00000000 08:04 16818911                           /usr/lib/libpcre.so.1.2.10
f7e1c000-f7e1d000 ---p 00074000 08:04 16818911                           /usr/lib/libpcre.so.1.2.10
f7e1d000-f7e1e000 r--p 00074000 08:04 16818911                           /usr/lib/libpcre.so.1.2.10
f7e1e000-f7e1f000 rw-p 00075000 08:04 16818911                           /usr/lib/libpcre.so.1.2.10
f7e1f000-f7e22000 r-xp 00000000 08:04 16831758                           /usr/lib/libdl-2.28.so
f7e22000-f7e23000 r--p 00002000 08:04 16831758                           /usr/lib/libdl-2.28.so
f7e23000-f7e24000 rw-p 00003000 08:04 16831758                           /usr/lib/libdl-2.28.so
f7e24000-f7ec1000 r-xp 00000000 08:04 16994905                           /usr/lib/libcurl.so.4.5.0
f7ec1000-f7ec3000 r--p 0009c000 08:04 16994905                           /usr/lib/libcurl.so.4.5.0
f7ec3000-f7ec4000 rw-p 0009e000 08:04 16994905                           /usr/lib/libcurl.so.4.5.0
f7ec4000-f7ecb000 r--s 00000000 08:04 176632422                          /usr/lib/gconv/gconv-modules.cache
f7ecb000-f7ed3000 rw-s 00000000 08:04 151742456                          /tmp/hsperfdata_almalinux/37352 (deleted)
f7ed3000-f7ed4000 ---p 00000000 00:00 0 
f7ed4000-f7ed5000 r--p 00000000 00:00 0 
f7ed5000-f7ed7000 rw-p 00000000 00:00 0 
f7ed7000-f7edb000 r--p 00000000 00:00 0                                  [vvar]
f7edb000-f7edd000 r-xp 00000000 00:00 0                                  [vdso]
f7edd000-f7f0c000 r-xp 00000000 08:04 16831749                           /usr/lib/ld-2.28.so
f7f0c000-f7f0d000 ---p 00000000 00:00 0 
f7f0d000-f7f0e000 r--p 0002f000 08:04 16831749                           /usr/lib/ld-2.28.so
f7f0e000-f7f0f000 rw-p 00030000 08:04 16831749                           /usr/lib/ld-2.28.so
ffda7000-ffda8000 rwxp 00000000 00:00 0 
ffeb0000-fff6c000 rw-p 00000000 00:00 0                                  [stack]


VM Arguments:
jvm_args: -Xms128m -Xmx512m -Xss768k -XX:MaxMetaspaceSize=96m -Xrs -XX:-UsePerfData -XX:-AllowUserSignalHandlers -XX:UseSSE=3 -XX+DoEscapeAnalysis -XX:AutoBoxCacheMax:2000 -XX:+OptimizeStringConcat -XX:+OptimizeFill -XX:+EliminateAutoBox -XX:+UseCompressedStrings -XX:+UseCompressedOops -XX:+EliminateLocks -XX:UseFastAccessorMethods -XX:+UseStringCache -XgcPrio:throughput -XXkeepAreaRatio:1 -XXlazyUnlocking -XXcallProfiling -XXcompactRatio:1 
java_command: <unknown>
java_class_path (initial): ../../data/sku.0/sys.server/compiled/game/
Launcher Type: generic

[Global flags]
     intx CICompilerCount                          = 3                                         {product} {ergonomic}
     uint ConcGCThreads                            = 1                                         {product} {ergonomic}
     uint G1ConcRefinementThreads                  = 4                                         {product} {ergonomic}
   size_t G1HeapRegionSize                         = 1048576                                   {product} {ergonomic}
    uintx GCDrainStackTargetSize                   = 64                                        {product} {ergonomic}
   size_t InitialHeapSize                          = 134217728                                 {product} {command line}
   size_t MarkStackSize                            = 32768                                     {product} {ergonomic}
   size_t MaxHeapSize                              = 536870912                                 {product} {command line}
   size_t MaxMetaspaceSize                         = 100663296                                 {product} {command line}
   size_t MaxNewSize                               = 321912832                                 {product} {ergonomic}
   size_t MinHeapDeltaBytes                        = 1048576                                   {product} {ergonomic}
   size_t MinHeapSize                              = 134217728                                 {product} {command line}
    uintx NonNMethodCodeHeapSize                   = 5544422                                {pd product} {ergonomic}
    uintx NonProfiledCodeHeapSize                  = 123056909                              {pd product} {ergonomic}
    uintx ProfiledCodeHeapSize                     = 123056909                              {pd product} {ergonomic}
    uintx ReservedCodeCacheSize                    = 251658240                              {pd product} {ergonomic}
     bool SegmentedCodeCache                       = true                                      {product} {ergonomic}
   size_t SoftMaxHeapSize                          = 536870912                              {manageable} {ergonomic}
   double SweeperThreshold                         = 0.500000                                  {product} {ergonomic}
     intx ThreadStackSize                          = 768                                    {pd product} {command line}
     bool UseG1GC                                  = true                                      {product} {ergonomic}

Logging:
Log output configuration:
 #0: stdout all=off uptime,level,tags
 #1: stderr all=off uptime,level,tags

Environment Variables:
JAVA_HOME=/usr/lib/jvm/zulu-17-x86
PATH=/usr/java/jdk1.7.0_80/bin:/usr/java/jdk1.7.0_80/bin:/usr/java/jdk1.6.0_45/bin:/usr/java/jdk1.6.0_45/bin:/usr/java/jdk1.6.0_45/bin:/home/almalinux/.local/bin:/home/almalinux/bin:/sbin:/bin:/usr/bin:/usr/local/bin:/usr/local/sbin:/usr/sbin:/usr/lib/oracle/18.3/client/bin:/usr/lib/oracle/18.3/client/bin:/usr/lib/jvm/java-11-openjdk/bin:./
LD_LIBRARY_PATH=/usr/lib/jvm/java-17-zulu-openjdk-jdk-x86/lib/server:/usr/lib/jvm/java-17-zulu-openjdk-jdk-x86/lib:/usr/lib/jvm/java-17-zulu-openjdk-jdk-x86/../lib:/usr/lib/jvm/zulu-17-x86/lib/server:/usr/lib/jvm/java-11-openjdk/lib:/usr/lib/jvm/java-11-openjdk/lib/server:./
SHELL=/bin/bash
DISPLAY=:10.0
LANG=en_US.UTF-8
TERM=xterm-256color

Active Locale:
LC_ALL=en_US.UTF-8
LC_COLLATE=en_US.UTF-8
LC_CTYPE=en_US.UTF-8
LC_MESSAGES=en_US.UTF-8
LC_MONETARY=en_US.UTF-8
LC_NUMERIC=en_US.UTF-8
LC_TIME=en_US.UTF-8

Signal Handlers:
   SIGSEGV: crash_handler in libjvm.so, mask=11100100010111111101111111111110, flags=SA_RESTART|SA_SIGINFO, unblocked
    SIGBUS: crash_handler in libjvm.so, mask=11100100010111111101111111111110, flags=SA_RESTART|SA_SIGINFO, unblocked
    SIGFPE: crash_handler in libjvm.so, mask=11100100010111111101111111111110, flags=SA_RESTART|SA_SIGINFO, unblocked
   SIGPIPE: SIG_IGN, mask=00000000000010000000000000000000, flags=SA_RESTART, blocked
  *** Handler was modified!
  *** Expected: javaSignalHandler in libjvm.so, mask=11100100110111111111111111111110, flags=SA_RESTART|SA_SIGINFO
   SIGXFSZ: javaSignalHandler in libjvm.so, mask=11100100010111111101111111111110, flags=SA_RESTART|SA_SIGINFO, blocked
    SIGILL: crash_handler in libjvm.so, mask=11100100010111111101111111111110, flags=SA_RESTART|SA_SIGINFO, unblocked
   SIGUSR2: SR_handler in libjvm.so, mask=00100000000000000000000000000000, flags=SA_RESTART|SA_SIGINFO, blocked
    SIGHUP: UserHandler in libjvm.so, mask=11100100010111111101111111111110, flags=SA_RESTART|SA_SIGINFO, blocked
    SIGINT: UserHandler in libjvm.so, mask=11100100010111111101111111111110, flags=SA_RESTART|SA_SIGINFO, blocked
   SIGTERM: UserHandler in libjvm.so, mask=11100100010111111101111111111110, flags=SA_RESTART|SA_SIGINFO, blocked
   SIGQUIT: UserHandler in libjvm.so, mask=11100100010111111101111111111110, flags=SA_RESTART|SA_SIGINFO, blocked
   SIGTRAP: crash_handler in libjvm.so, mask=11100100010111111101111111111110, flags=SA_RESTART|SA_SIGINFO, unblocked


Periodic native trim disabled


---------------  S Y S T E M  ---------------

OS:
AlmaLinux release 8.10 (Cerulean Leopard)
uname: Linux 4.18.0-553.81.1.el8_10.x86_64 #1 SMP Mon Oct 27 11:29:19 EDT 2025 x86_64
OS uptime: 1 days 7:29 hours
libc: glibc 2.28 NPTL 2.28 
rlimit (soft/hard): STACK 8192k/infinity , CORE 0k/infinity , NPROC 61995/61995 , NOFILE 262144/262144 , AS infinity/infinity , CPU infinity/infinity , DATA infinity/infinity , FSIZE infinity/infinity , MEMLOCK 64k/64k
load average: 42.22 42.85 42.18

/proc/meminfo:
MemTotal:       16014448 kB
MemFree:         2706692 kB
MemAvailable:    3622276 kB
Buffers:              32 kB
Cached:          2292060 kB
SwapCached:        22404 kB
Active:          1932548 kB
Inactive:       10638984 kB
Active(anon):    1392632 kB
Inactive(anon): 10267904 kB
Active(file):     539916 kB
Inactive(file):   371080 kB
Unevictable:        6160 kB
Mlocked:               0 kB
SwapTotal:       8388604 kB
SwapFree:        7158260 kB
Dirty:              1760 kB
Writeback:             0 kB
AnonPages:      10265956 kB
Mapped:          1201744 kB
Shmem:           1381088 kB
KReclaimable:     181632 kB
Slab:             314720 kB
SReclaimable:     181632 kB
SUnreclaim:       133088 kB
KernelStack:       23768 kB
PageTables:       160940 kB
NFS_Unstable:          0 kB
Bounce:                0 kB
WritebackTmp:          0 kB
CommitLimit:    16395828 kB
Committed_AS:   24030188 kB
VmallocTotal:   34359738367 kB
VmallocUsed:       70028 kB
VmallocChunk:          0 kB
Percpu:             2720 kB
HardwareCorrupted:     0 kB
AnonHugePages:         0 kB
ShmemHugePages:        0 kB
ShmemPmdMapped:        0 kB
FileHugePages:         0 kB
FilePmdMapped:         0 kB
HugePages_Total:       0
HugePages_Free:        0
HugePages_Rsvd:        0
HugePages_Surp:        0
Hugepagesize:       2048 kB
Hugetlb:               0 kB
DirectMap4k:      786284 kB
DirectMap2M:    15597568 kB

/sys/kernel/mm/transparent_hugepage/enabled: always madvise [never]
/sys/kernel/mm/transparent_hugepage/hpage_pmd_size: 2097152
/sys/kernel/mm/transparent_hugepage/defrag (defrag/compaction efforts parameter): always defer defer+madvise [madvise] never

Process Memory:
Virtual Size: 1113876K (peak: 1134656K)
Resident Set Size: 345892K (peak: 362664K) (anon: 312176K, file: 33716K, shmem: 0K)
Swapped out: 0K
C-Heap outstanding allocations: 22741K, retained: 181186K
glibc malloc tunables: (default)

/proc/sys/kernel/threads-max (system-wide limit on the number of threads): 123991
/proc/sys/vm/max_map_count (maximum number of memory map areas a process may have): 1677720
/proc/sys/kernel/pid_max (system-wide limit on number of process identifiers): 4194304

container (cgroup) information:
container_type: cgroupv1
cpu_cpuset_cpus: 0-3
cpu_memory_nodes: 0
active_processor_count: 4
cpu_quota: no quota
cpu_period: 100000
cpu_shares: no shares
memory_limit_in_bytes: unlimited
memory_and_swap_limit_in_bytes: unlimited
memory_soft_limit_in_bytes: unlimited
memory_usage_in_bytes: 11877660 k
memory_max_usage_in_bytes: 14866960 k
kernel_memory_usage_in_bytes: 201584 k
kernel_memory_max_usage_in_bytes: unlimited
kernel_memory_limit_in_bytes: 752460 k
maximum number of tasks: unlimited
current number of tasks: 668

KVM virtualization detected
Steal ticks since vm start: 2794
Steal ticks percentage since vm start:  0.000

CPU: total 4 (initial active 4) (1 cores per cpu, 1 threads per core) family 6 model 60 stepping 1 microcode 0x1, cx8, cmov, fxsr, mmx, sse, sse2, sse3, ssse3, sse4.1, sse4.2, popcnt, lzcnt, tsc, avx, avx2, aes, erms, clmul, bmi1, bmi2, fma, vzeroupper, clflush, hv
CPU Model and flags from /proc/cpuinfo:
model name	: Intel Core Processor (Haswell, no TSX)
flags		: fpu vme de pse tsc msr pae mce cx8 apic sep mtrr pge mca cmov pat pse36 clflush mmx fxsr sse sse2 syscall nx rdtscp lm constant_tsc rep_good nopl xtopology cpuid tsc_known_freq pni pclmulqdq vmx ssse3 fma cx16 pcid sse4_1 sse4_2 x2apic movbe popcnt tsc_deadline_timer aes xsave avx f16c rdrand hypervisor lahf_lm abm cpuid_fault invpcid_single pti tpr_shadow vnmi flexpriority ept vpid ept_ad fsgsbase bmi1 avx2 smep bmi2 erms invpcid xsaveopt arat md_clear

Online cpus: 0-3
Offline cpus: 
BIOS frequency limitation: <Not Available>
Frequency switch latency (ns): <Not Available>
Available cpu frequencies: <Not Available>
Current governor: <Not Available>
Core performance/turbo boost: <Not Available>

Memory: 4k page, physical 16014448k(2732580k free), swap 8388604k(7158260k free)
Page Sizes: 4k

vm_info: OpenJDK Server VM (17.0.11+9-LTS) for linux-x86 JRE (17.0.11+9-LTS) (Zulu17.50+19-CA), built on Apr  9 2024 07:14:46 by "zulu_re" with gcc 8.3.0

END.
