#
# A fatal error has been detected by the Java Runtime Environment:
#
#  SIGSEGV (0xb) at pc=0xf78ce618, pid=30328, tid=30328
#
# JRE version: OpenJDK Runtime Environment Zulu17.50+19-CA (17.0.11+9) (build 17.0.11+9-LTS)
# Java VM: OpenJDK Server VM Zulu17.50+19-CA (17.0.11+9-LTS, mixed mode, sharing, tiered, g1 gc, linux-x86)
# Problematic frame:
# C  [libc.so.6+0x84618]  cfree+0x28
#
# Core dump will be written. Default location: Core dumps may be processed with "/usr/lib/systemd/systemd-coredump %P %u %g %s %t %c %h %e" (or dumping to /home/almalinux/swg-returns-nge/exe/linux/core.30328)
#
# If you would like to submit a bug report, please visit:
#   http://www.azul.com/support/
#

---------------  S U M M A R Y ------------

Command Line: -Xms128m -Xmx512m -Xss768k -XX:MaxMetaspaceSize=96m -Xrs -XX:-UsePerfData -XX:-AllowUserSignalHandlers -XX:UseSSE=3 -XX+DoEscapeAnalysis -XX:AutoBoxCacheMax:2000 -XX:+OptimizeStringConcat -XX:+OptimizeFill -XX:+EliminateAutoBox -XX:+UseCompressedStrings -XX:+UseCompressedOops -XX:+EliminateLocks -XX:UseFastAccessorMethods -XX:+UseStringCache -XgcPrio:throughput -XXkeepAreaRatio:1 -XXlazyUnlocking -XXcallProfiling -XXcompactRatio:1 

Host: Intel Core Processor (Haswell, no TSX), 4 cores, 15G, AlmaLinux release 8.10 (Cerulean Leopard)
Time: Wed Jan 28 04:24:17 2026 UTC elapsed time: 19817.639831 seconds (0d 5h 30m 17s)

---------------  T H R E A D  ---------------

Current thread is native thread

Stack: [0xffc12000,0xffcd2000],  sp=0xffccfdc0,  free space=759k
Native frames: (J=compiled Java code, j=interpreted, Vv=VM code, C=native code)
C  [libc.so.6+0x84618]  cfree+0x28


siginfo: si_signo: 11 (SIGSEGV), si_code: 1 (SEGV_MAPERR), si_addr: 0x00000003

Registers:
EAX=0x00000000, EBX=0x00000007, ECX=0xf6f0c84c, EDX=0x0abcad88
ESP=0xffccfdc0, EBP=0xffccfef8, ESI=0xf79ef000, EDI=0x00000000
EIP=0xf78ce618, EFLAGS=0x00210202, CR2=0x0000000000000003


Top of Stack: (sp=0xffccfdc0)
0xffccfdc0:   0a84e010 00000000 ffccfef8 f7b5bf1c
0xffccfdd0:   0a84e0a0 f7c72a04 0abcad60 f7b5bf1c
0xffccfde0:   00000007 f7b5bf0a f7c72a04 f7b5bf4c
0xffccfdf0:   0a84e0a0 f7b5bf0a 0abceb00 085b6163
0xffccfe00:   00000007 0a84e010 0a84dd20 085bb8d1
0xffccfe10:   0a84e010 0a84dd20 00000000 085bb89b
0xffccfe20:   0c06cfd0 ffccfe47 ffccfe6c 085c6969
0xffccfe30:   087d6c00 ffccfe6c ffccfef8 084fc53b
0xffccfe40:   00000014 00010002 00000000 00000000
0xffccfe50:   01010100 00000001 09aa44c0 00000000
0xffccfe60:   00000000 00000000 00000000 00000000
0xffccfe70:   00000000 00000013 ffccffc8 f787f6ff
0xffccfe80:   f79ef41c 47677753 53656d61 65767265
0xffccfe90:   30333a72 00383233 09290100 0abb0120
0xffccfea0:   08ea0100 08ebc230 08ea5888 f79ef41c
0xffccfeb0:   00000428 00000420 f787f779 085758fd
0xffccfec0:   08ea2a80 09b1ea78 08ea5888 08574f56
0xffccfed0:   0929a2c4 0929a2c4 ffccffc8 08ea583b
0xffccfee0:   0000000c ffccff94 ffccff10 f79ef000
0xffccfef0:   00000000 08575910 00000000 f7867f26
0xffccff00:   00000000 08575910 00000000 f7867f26
0xffccff10:   0000000c ffccff94 ffccffc8 ffccff34
0xffccff20:   0929a2d0 00000000 ffccffc8 f79ef000
0xffccff30:   f785775c f79ef000 00000000 08575910
0xffccff40:   00000000 078c5fde 928fb7ce 00000000
0xffccff50:   00000000 00000000 f7f6e4d0 f7867e30
0xffccff60:   084fc260 0929a2c4 0000000c 08575946
0xffccff70:   084fc260 0000000c ffccff94 08ea57f0
0xffccff80:   08ea5850 f7f6e4d0 ffccff8c f7f9b970
0xffccff90:   0000000c ffcd0643 ffcd0655 ffcd0658
0xffccffa0:   ffcd066a ffcd066d ffcd0678 ffcd069c
0xffccffb0:   ffcd06ac ffcd06ba ffcd06d8 ffcd06db 

Instructions: (pc=0xf78ce618)
0xf78ce518:   50 8d 96 86 f7 fa ff 8d 86 d0 2f fb ff e8 c6 b7
0xf78ce528:   ff ff 8d b6 00 00 00 00 bb 20 00 00 00 e9 5e fe
0xf78ce538:   ff ff e8 a1 c0 ff ff 89 c5 85 c0 0f 85 68 ff ff
0xf78ce548:   ff 31 d2 8d 44 3b 10 e8 8c c1 ff ff 89 da 89 f9
0xf78ce558:   89 c5 e8 11 f0 ff ff 89 c2 85 c0 75 1b 85 ed 74
0xf78ce568:   17 90 89 fa 89 e8 e8 bd c5 ff ff 89 da 89 f9 89
0xf78ce578:   c5 e8 f2 ef ff ff 89 c2 85 ed 0f 84 57 ff ff ff
0xf78ce588:   e9 39 ff ff ff 8d 86 b8 31 fb ff 83 ec 0c b9 25
0xf78ce598:   0d 00 00 50 8d 96 86 f7 fa ff 8d 86 74 2f fb ff
0xf78ce5a8:   e8 43 b7 ff ff 8d 76 00 f3 0f 1e fb e8 0a 9a f9
0xf78ce5b8:   ff 05 47 0a 12 00 56 53 83 ec 04 8b 5c 24 10 8b
0xf78ce5c8:   74 24 14 8b 80 50 ff ff ff c7 00 00 00 00 00 e8
0xf78ce5d8:   54 bb ff ff 8b 4c 24 0c 83 c4 04 89 f2 89 d8 5b
0xf78ce5e8:   5e e9 42 fd ff ff 66 90 f3 0f 1e fb 56 e8 9a 9b
0xf78ce5f8:   f9 ff 81 c6 06 0a 12 00 53 83 ec 14 8b 5c 24 20
0xf78ce608:   8b 86 5c ff ff ff 8b 00 85 c0 75 6c 85 db 74 75
0xf78ce618:   8b 4b fc 8d 53 f8 f6 c1 02 75 35 8b 86 70 fe ff
0xf78ce628:   ff 65 8b 00 85 c0 0f 84 8c 00 00 00 83 e1 04 8d
0xf78ce638:   86 60 07 00 00 74 09 89 d0 25 00 00 f0 ff 8b 00
0xf78ce648:   83 c4 14 31 c9 5b 5e e9 8c cb ff ff 8d 74 26 00
0xf78ce658:   8b 9e 60 01 00 00 85 db 75 10 3b 8e 48 01 00 00
0xf78ce668:   76 08 81 f9 00 00 08 00 76 26 83 c4 14 89 d0 5b
0xf78ce678:   5e e9 92 b8 ff ff 66 90 83 ec 08 ff 74 24 24 53
0xf78ce688:   ff d0 83 c4 10 83 c4 14 5b 5e c3 8d 74 26 00 90
0xf78ce698:   39 96 80 1d 00 00 77 08 39 96 7c 1d 00 00 77 ca
0xf78ce6a8:   83 e1 f8 8d 04 09 89 8e 48 01 00 00 89 86 40 01
0xf78ce6b8:   00 00 90 eb b5 8d 76 00 8b 86 74 fe ff ff 65 80
0xf78ce6c8:   38 00 0f 85 64 ff ff ff 89 54 24 0c e8 97 ed ff
0xf78ce6d8:   ff 8b 4b fc 8b 54 24 0c e9 4f ff ff ff 8d b4 26
0xf78ce6e8:   00 00 00 00 8d 74 26 00 f3 0f 1e fb 55 57 56 e8
0xf78ce6f8:   98 9a f9 ff 81 c6 04 09 12 00 53 83 ec 0c 8b 86
0xf78ce708:   70 fe ff ff 8b 96 74 fe ff ff 65 8b 28 65 c6 02 



---------------  P R O C E S S  ---------------

VM state: at safepoint (shutting down)

VM Mutex/Monitor currently owned by a thread:  ([mutex/lock_event])
[0xf5e21d30] Threads_lock - owner thread: 0xc4294cf0

GC Precious Log:
<Skipped>

Heap:
 garbage-first heap   total 131072K, used 55496K [0xc5c00000, 0xe5c00000)
  region size 1024K, 53 young (54272K), 8 survivors (8192K)
 Metaspace       used 6623K, committed 7424K, reserved 16384K

Heap Regions: E=young(eden), S=young(survivor), O=old, HS=humongous(starts), HC=humongous(continues), CS=collection set, F=free, OA=open archive, CA=closed archive, TAMS=top-at-mark-start (previous, next)
|   0|0xc5c00000, 0xc5d00000, 0xc5d00000|100%| O|  |TAMS 0xc5c00000, 0xc5c00000| Untracked 
|   1|0xc5d00000, 0xc5e00000, 0xc5e00000|100%| O|  |TAMS 0xc5d00000, 0xc5d00000| Untracked 
|   2|0xc5e00000, 0xc5e62e00, 0xc5f00000| 38%| O|  |TAMS 0xc5e00000, 0xc5e00000| Untracked 
|   3|0xc5f00000, 0xc5f00000, 0xc6000000|  0%| F|  |TAMS 0xc5f00000, 0xc5f00000| Untracked 
|   4|0xc6000000, 0xc6000000, 0xc6100000|  0%| F|  |TAMS 0xc6000000, 0xc6000000| Untracked 
|   5|0xc6100000, 0xc6100000, 0xc6200000|  0%| F|  |TAMS 0xc6100000, 0xc6100000| Untracked 
|   6|0xc6200000, 0xc6200000, 0xc6300000|  0%| F|  |TAMS 0xc6200000, 0xc6200000| Untracked 
|   7|0xc6300000, 0xc6300000, 0xc6400000|  0%| F|  |TAMS 0xc6300000, 0xc6300000| Untracked 
|   8|0xc6400000, 0xc6400000, 0xc6500000|  0%| F|  |TAMS 0xc6400000, 0xc6400000| Untracked 
|   9|0xc6500000, 0xc6500000, 0xc6600000|  0%| F|  |TAMS 0xc6500000, 0xc6500000| Untracked 
|  10|0xc6600000, 0xc6600000, 0xc6700000|  0%| F|  |TAMS 0xc6600000, 0xc6600000| Untracked 
|  11|0xc6700000, 0xc6700000, 0xc6800000|  0%| F|  |TAMS 0xc6700000, 0xc6700000| Untracked 
|  12|0xc6800000, 0xc6800000, 0xc6900000|  0%| F|  |TAMS 0xc6800000, 0xc6800000| Untracked 
|  13|0xc6900000, 0xc6900000, 0xc6a00000|  0%| F|  |TAMS 0xc6900000, 0xc6900000| Untracked 
|  14|0xc6a00000, 0xc6a00000, 0xc6b00000|  0%| F|  |TAMS 0xc6a00000, 0xc6a00000| Untracked 
|  15|0xc6b00000, 0xc6b00000, 0xc6c00000|  0%| F|  |TAMS 0xc6b00000, 0xc6b00000| Untracked 
|  16|0xc6c00000, 0xc6c00000, 0xc6d00000|  0%| F|  |TAMS 0xc6c00000, 0xc6c00000| Untracked 
|  17|0xc6d00000, 0xc6d00000, 0xc6e00000|  0%| F|  |TAMS 0xc6d00000, 0xc6d00000| Untracked 
|  18|0xc6e00000, 0xc6e00000, 0xc6f00000|  0%| F|  |TAMS 0xc6e00000, 0xc6e00000| Untracked 
|  19|0xc6f00000, 0xc6f00000, 0xc7000000|  0%| F|  |TAMS 0xc6f00000, 0xc6f00000| Untracked 
|  20|0xc7000000, 0xc7000000, 0xc7100000|  0%| F|  |TAMS 0xc7000000, 0xc7000000| Untracked 
|  21|0xc7100000, 0xc7100000, 0xc7200000|  0%| F|  |TAMS 0xc7100000, 0xc7100000| Untracked 
|  22|0xc7200000, 0xc7200000, 0xc7300000|  0%| F|  |TAMS 0xc7200000, 0xc7200000| Untracked 
|  23|0xc7300000, 0xc7300000, 0xc7400000|  0%| F|  |TAMS 0xc7300000, 0xc7300000| Untracked 
|  24|0xc7400000, 0xc7400000, 0xc7500000|  0%| F|  |TAMS 0xc7400000, 0xc7400000| Untracked 
|  25|0xc7500000, 0xc7500000, 0xc7600000|  0%| F|  |TAMS 0xc7500000, 0xc7500000| Untracked 
|  26|0xc7600000, 0xc7600000, 0xc7700000|  0%| F|  |TAMS 0xc7600000, 0xc7600000| Untracked 
|  27|0xc7700000, 0xc7700000, 0xc7800000|  0%| F|  |TAMS 0xc7700000, 0xc7700000| Untracked 
|  28|0xc7800000, 0xc7800000, 0xc7900000|  0%| F|  |TAMS 0xc7800000, 0xc7800000| Untracked 
|  29|0xc7900000, 0xc7900000, 0xc7a00000|  0%| F|  |TAMS 0xc7900000, 0xc7900000| Untracked 
|  30|0xc7a00000, 0xc7a00000, 0xc7b00000|  0%| F|  |TAMS 0xc7a00000, 0xc7a00000| Untracked 
|  31|0xc7b00000, 0xc7b00000, 0xc7c00000|  0%| F|  |TAMS 0xc7b00000, 0xc7b00000| Untracked 
|  32|0xc7c00000, 0xc7c00000, 0xc7d00000|  0%| F|  |TAMS 0xc7c00000, 0xc7c00000| Untracked 
|  33|0xc7d00000, 0xc7d00000, 0xc7e00000|  0%| F|  |TAMS 0xc7d00000, 0xc7d00000| Untracked 
|  34|0xc7e00000, 0xc7e00000, 0xc7f00000|  0%| F|  |TAMS 0xc7e00000, 0xc7e00000| Untracked 
|  35|0xc7f00000, 0xc7f00000, 0xc8000000|  0%| F|  |TAMS 0xc7f00000, 0xc7f00000| Untracked 
|  36|0xc8000000, 0xc8000000, 0xc8100000|  0%| F|  |TAMS 0xc8000000, 0xc8000000| Untracked 
|  37|0xc8100000, 0xc8100000, 0xc8200000|  0%| F|  |TAMS 0xc8100000, 0xc8100000| Untracked 
|  38|0xc8200000, 0xc8200000, 0xc8300000|  0%| F|  |TAMS 0xc8200000, 0xc8200000| Untracked 
|  39|0xc8300000, 0xc8300000, 0xc8400000|  0%| F|  |TAMS 0xc8300000, 0xc8300000| Untracked 
|  40|0xc8400000, 0xc8400000, 0xc8500000|  0%| F|  |TAMS 0xc8400000, 0xc8400000| Untracked 
|  41|0xc8500000, 0xc8500000, 0xc8600000|  0%| F|  |TAMS 0xc8500000, 0xc8500000| Untracked 
|  42|0xc8600000, 0xc8600000, 0xc8700000|  0%| F|  |TAMS 0xc8600000, 0xc8600000| Untracked 
|  43|0xc8700000, 0xc8700000, 0xc8800000|  0%| F|  |TAMS 0xc8700000, 0xc8700000| Untracked 
|  44|0xc8800000, 0xc88ceb30, 0xc8900000| 80%| S|CS|TAMS 0xc8800000, 0xc8800000| Complete 
|  45|0xc8900000, 0xc8a00000, 0xc8a00000|100%| S|CS|TAMS 0xc8900000, 0xc8900000| Complete 
|  46|0xc8a00000, 0xc8b00000, 0xc8b00000|100%| S|CS|TAMS 0xc8a00000, 0xc8a00000| Complete 
|  47|0xc8b00000, 0xc8b00000, 0xc8c00000|  0%| F|  |TAMS 0xc8b00000, 0xc8b00000| Untracked 
|  48|0xc8c00000, 0xc8c00000, 0xc8d00000|  0%| F|  |TAMS 0xc8c00000, 0xc8c00000| Untracked 
|  49|0xc8d00000, 0xc8d00000, 0xc8e00000|  0%| F|  |TAMS 0xc8d00000, 0xc8d00000| Untracked 
|  50|0xc8e00000, 0xc8e00000, 0xc8f00000|  0%| F|  |TAMS 0xc8e00000, 0xc8e00000| Untracked 
|  51|0xc8f00000, 0xc8f00000, 0xc9000000|  0%| F|  |TAMS 0xc8f00000, 0xc8f00000| Untracked 
|  52|0xc9000000, 0xc9100000, 0xc9100000|100%| S|CS|TAMS 0xc9000000, 0xc9000000| Complete 
|  53|0xc9100000, 0xc9200000, 0xc9200000|100%| S|CS|TAMS 0xc9100000, 0xc9100000| Complete 
|  54|0xc9200000, 0xc9300000, 0xc9300000|100%| S|CS|TAMS 0xc9200000, 0xc9200000| Complete 
|  55|0xc9300000, 0xc9400000, 0xc9400000|100%| S|CS|TAMS 0xc9300000, 0xc9300000| Complete 
|  56|0xc9400000, 0xc9500000, 0xc9500000|100%| S|CS|TAMS 0xc9400000, 0xc9400000| Complete 
|  57|0xc9500000, 0xc9500000, 0xc9600000|  0%| F|  |TAMS 0xc9500000, 0xc9500000| Untracked 
|  58|0xc9600000, 0xc9600000, 0xc9700000|  0%| F|  |TAMS 0xc9600000, 0xc9600000| Untracked 
|  59|0xc9700000, 0xc9700000, 0xc9800000|  0%| F|  |TAMS 0xc9700000, 0xc9700000| Untracked 
|  60|0xc9800000, 0xc9800000, 0xc9900000|  0%| F|  |TAMS 0xc9800000, 0xc9800000| Untracked 
|  61|0xc9900000, 0xc9900000, 0xc9a00000|  0%| F|  |TAMS 0xc9900000, 0xc9900000| Untracked 
|  62|0xc9a00000, 0xc9a00000, 0xc9b00000|  0%| F|  |TAMS 0xc9a00000, 0xc9a00000| Untracked 
|  63|0xc9b00000, 0xc9b00000, 0xc9c00000|  0%| F|  |TAMS 0xc9b00000, 0xc9b00000| Untracked 
|  64|0xc9c00000, 0xc9c00000, 0xc9d00000|  0%| F|  |TAMS 0xc9c00000, 0xc9c00000| Untracked 
|  65|0xc9d00000, 0xc9d00000, 0xc9e00000|  0%| F|  |TAMS 0xc9d00000, 0xc9d00000| Untracked 
|  66|0xc9e00000, 0xc9e00000, 0xc9f00000|  0%| F|  |TAMS 0xc9e00000, 0xc9e00000| Untracked 
|  67|0xc9f00000, 0xc9f00000, 0xca000000|  0%| F|  |TAMS 0xc9f00000, 0xc9f00000| Untracked 
|  68|0xca000000, 0xca000000, 0xca100000|  0%| F|  |TAMS 0xca000000, 0xca000000| Untracked 
|  69|0xca100000, 0xca100000, 0xca200000|  0%| F|  |TAMS 0xca100000, 0xca100000| Untracked 
|  70|0xca200000, 0xca200000, 0xca300000|  0%| F|  |TAMS 0xca200000, 0xca200000| Untracked 
|  71|0xca300000, 0xca300000, 0xca400000|  0%| F|  |TAMS 0xca300000, 0xca300000| Untracked 
|  72|0xca400000, 0xca400000, 0xca500000|  0%| F|  |TAMS 0xca400000, 0xca400000| Untracked 
|  73|0xca500000, 0xca500000, 0xca600000|  0%| F|  |TAMS 0xca500000, 0xca500000| Untracked 
|  74|0xca600000, 0xca600000, 0xca700000|  0%| F|  |TAMS 0xca600000, 0xca600000| Untracked 
|  75|0xca700000, 0xca700000, 0xca800000|  0%| F|  |TAMS 0xca700000, 0xca700000| Untracked 
|  76|0xca800000, 0xca800000, 0xca900000|  0%| F|  |TAMS 0xca800000, 0xca800000| Untracked 
|  77|0xca900000, 0xca900000, 0xcaa00000|  0%| F|  |TAMS 0xca900000, 0xca900000| Untracked 
|  78|0xcaa00000, 0xcaa00000, 0xcab00000|  0%| F|  |TAMS 0xcaa00000, 0xcaa00000| Untracked 
|  79|0xcab00000, 0xcab00000, 0xcac00000|  0%| F|  |TAMS 0xcab00000, 0xcab00000| Untracked 
|  80|0xcac00000, 0xcac00000, 0xcad00000|  0%| F|  |TAMS 0xcac00000, 0xcac00000| Untracked 
|  81|0xcad00000, 0xcad00000, 0xcae00000|  0%| F|  |TAMS 0xcad00000, 0xcad00000| Untracked 
|  82|0xcae00000, 0xcae00000, 0xcaf00000|  0%| F|  |TAMS 0xcae00000, 0xcae00000| Untracked 
|  83|0xcaf00000, 0xcaf00800, 0xcb000000|  0%| E|  |TAMS 0xcaf00000, 0xcaf00000| Complete 
|  84|0xcb000000, 0xcb100000, 0xcb100000|100%| E|CS|TAMS 0xcb000000, 0xcb000000| Complete 
|  85|0xcb100000, 0xcb200000, 0xcb200000|100%| E|CS|TAMS 0xcb100000, 0xcb100000| Complete 
|  86|0xcb200000, 0xcb300000, 0xcb300000|100%| E|CS|TAMS 0xcb200000, 0xcb200000| Complete 
|  87|0xcb300000, 0xcb400000, 0xcb400000|100%| E|CS|TAMS 0xcb300000, 0xcb300000| Complete 
|  88|0xcb400000, 0xcb500000, 0xcb500000|100%| E|CS|TAMS 0xcb400000, 0xcb400000| Complete 
|  89|0xcb500000, 0xcb600000, 0xcb600000|100%| E|CS|TAMS 0xcb500000, 0xcb500000| Complete 
|  90|0xcb600000, 0xcb700000, 0xcb700000|100%| E|CS|TAMS 0xcb600000, 0xcb600000| Complete 
|  91|0xcb700000, 0xcb800000, 0xcb800000|100%| E|CS|TAMS 0xcb700000, 0xcb700000| Complete 
|  92|0xcb800000, 0xcb900000, 0xcb900000|100%| E|CS|TAMS 0xcb800000, 0xcb800000| Complete 
|  93|0xcb900000, 0xcba00000, 0xcba00000|100%| E|CS|TAMS 0xcb900000, 0xcb900000| Complete 
|  94|0xcba00000, 0xcbb00000, 0xcbb00000|100%| E|CS|TAMS 0xcba00000, 0xcba00000| Complete 
|  95|0xcbb00000, 0xcbc00000, 0xcbc00000|100%| E|CS|TAMS 0xcbb00000, 0xcbb00000| Complete 
|  96|0xcbc00000, 0xcbd00000, 0xcbd00000|100%| E|CS|TAMS 0xcbc00000, 0xcbc00000| Complete 
|  97|0xcbd00000, 0xcbe00000, 0xcbe00000|100%| E|CS|TAMS 0xcbd00000, 0xcbd00000| Complete 
|  98|0xcbe00000, 0xcbf00000, 0xcbf00000|100%| E|CS|TAMS 0xcbe00000, 0xcbe00000| Complete 
|  99|0xcbf00000, 0xcc000000, 0xcc000000|100%| E|CS|TAMS 0xcbf00000, 0xcbf00000| Complete 
| 100|0xcc000000, 0xcc100000, 0xcc100000|100%| E|CS|TAMS 0xcc000000, 0xcc000000| Complete 
| 101|0xcc100000, 0xcc200000, 0xcc200000|100%| E|CS|TAMS 0xcc100000, 0xcc100000| Complete 
| 102|0xcc200000, 0xcc300000, 0xcc300000|100%| E|CS|TAMS 0xcc200000, 0xcc200000| Complete 
| 103|0xcc300000, 0xcc400000, 0xcc400000|100%| E|CS|TAMS 0xcc300000, 0xcc300000| Complete 
| 104|0xcc400000, 0xcc500000, 0xcc500000|100%| E|CS|TAMS 0xcc400000, 0xcc400000| Complete 
| 105|0xcc500000, 0xcc600000, 0xcc600000|100%| E|CS|TAMS 0xcc500000, 0xcc500000| Complete 
| 106|0xcc600000, 0xcc700000, 0xcc700000|100%| E|CS|TAMS 0xcc600000, 0xcc600000| Complete 
| 107|0xcc700000, 0xcc800000, 0xcc800000|100%| E|CS|TAMS 0xcc700000, 0xcc700000| Complete 
| 108|0xcc800000, 0xcc900000, 0xcc900000|100%| E|CS|TAMS 0xcc800000, 0xcc800000| Complete 
| 109|0xcc900000, 0xcca00000, 0xcca00000|100%| E|CS|TAMS 0xcc900000, 0xcc900000| Complete 
| 110|0xcca00000, 0xccb00000, 0xccb00000|100%| E|CS|TAMS 0xcca00000, 0xcca00000| Complete 
| 111|0xccb00000, 0xccc00000, 0xccc00000|100%| E|CS|TAMS 0xccb00000, 0xccb00000| Complete 
| 112|0xccc00000, 0xccd00000, 0xccd00000|100%| E|CS|TAMS 0xccc00000, 0xccc00000| Complete 
| 113|0xccd00000, 0xcce00000, 0xcce00000|100%| E|CS|TAMS 0xccd00000, 0xccd00000| Complete 
| 114|0xcce00000, 0xccf00000, 0xccf00000|100%| E|CS|TAMS 0xcce00000, 0xcce00000| Complete 
| 115|0xccf00000, 0xcd000000, 0xcd000000|100%| E|CS|TAMS 0xccf00000, 0xccf00000| Complete 
| 116|0xcd000000, 0xcd100000, 0xcd100000|100%| E|CS|TAMS 0xcd000000, 0xcd000000| Complete 
| 117|0xcd100000, 0xcd200000, 0xcd200000|100%| E|CS|TAMS 0xcd100000, 0xcd100000| Complete 
| 118|0xcd200000, 0xcd300000, 0xcd300000|100%| E|CS|TAMS 0xcd200000, 0xcd200000| Complete 
| 119|0xcd300000, 0xcd400000, 0xcd400000|100%| E|CS|TAMS 0xcd300000, 0xcd300000| Complete 
| 120|0xcd400000, 0xcd500000, 0xcd500000|100%| E|CS|TAMS 0xcd400000, 0xcd400000| Complete 
| 121|0xcd500000, 0xcd600000, 0xcd600000|100%| E|CS|TAMS 0xcd500000, 0xcd500000| Complete 
| 122|0xcd600000, 0xcd700000, 0xcd700000|100%| E|CS|TAMS 0xcd600000, 0xcd600000| Complete 
| 123|0xcd700000, 0xcd800000, 0xcd800000|100%| E|CS|TAMS 0xcd700000, 0xcd700000| Complete 
| 124|0xcd800000, 0xcd900000, 0xcd900000|100%| E|CS|TAMS 0xcd800000, 0xcd800000| Complete 
| 125|0xcd900000, 0xcda00000, 0xcda00000|100%| E|CS|TAMS 0xcd900000, 0xcd900000| Complete 
| 126|0xcda00000, 0xcdb00000, 0xcdb00000|100%| E|CS|TAMS 0xcda00000, 0xcda00000| Complete 
| 127|0xcdb00000, 0xcdc00000, 0xcdc00000|100%| E|CS|TAMS 0xcdb00000, 0xcdb00000| Complete 

Card table byte_map: [0xc5a00000,0xc5b00000] _byte_map_base: 0xc53d2000

Marking Bits (Prev, Next): (CMBitMap*) 0xf5e8b528, (CMBitMap*) 0xf5e8b548
 Prev Bits: [0xc5100000, 0xc5900000)
 Next Bits: [0xc4900000, 0xc5100000)

Polling page: 0xf7f60000

Metaspace:

Usage:
    6.47 MB used.

Virtual space:
     16.00 MB reserved,       7.25 MB ( 45%) committed,  1 nodes.

Chunk freelists:
6.45 MB

MaxMetaspaceSize: 96.00 MB
No class space
Initial GC threshold: 16.00 MB
Current GC threshold: 16.00 MB
CDS: on
MetaspaceReclaimPolicy: balanced
 - commit_granule_bytes: 65536.
 - commit_granule_words: 16384.
 - virtual_space_node_default_size: 4194304.
 - enlarge_chunks_in_place: 1.
 - new_chunks_are_fully_committed: 0.
 - uncommit_free_chunks: 1.
 - use_allocation_guard: 0.
 - handle_deallocations: 1.


Internal statistics:

num_allocs_failed_limit: 0.
num_arena_births: 523.
num_arena_deaths: 0.
num_vsnodes_births: 1.
num_vsnodes_deaths: 0.
num_space_committed: 116.
num_space_uncommitted: 0.
num_chunks_returned_to_freelist: 0.
num_chunks_taken_from_freelist: 871.
num_chunk_merges: 0.
num_chunk_splits: 617.
num_chunks_enlarged: 444.
num_inconsistent_stats: 0.

CodeHeap 'non-profiled nmethods': size=120172Kb used=1265Kb max_used=1265Kb free=118906Kb
 bounds [0xed7f5000, 0xeda35000, 0xf4d50000]
CodeHeap 'profiled nmethods': size=120172Kb used=3996Kb max_used=3996Kb free=116175Kb
 bounds [0xe5d50000, 0xe6138000, 0xed2ab000]
CodeHeap 'non-nmethods': size=5416Kb used=744Kb max_used=789Kb free=4671Kb
 bounds [0xed2ab000, 0xed4eb000, 0xed7f5000]
 total_blobs=2434 nmethods=2076 adapters=272
 compilation: enabled
              stopped_count=0, restarted_count=0
 full_count=0

Compilation events (20 events):
Event: 10860.563 Thread 0xc429f450 2073   !   4       java.io.ObjectInputStream::resolveClass (39 bytes)
Event: 10860.570 Thread 0xc429f450 nmethod 2073 0xed925708 code [0xed925860, 0xed9259d0]
Event: 11167.600 Thread 0xc429f450 2074       4       java.io.ObjectStreamClass::getReflector (100 bytes)
Event: 11167.919 Thread 0xc429f450 nmethod 2074 0xed925c08 code [0xed925ee0, 0xed929500]
Event: 11174.494 Thread 0xc429f450 2075       4       java.io.ObjectStreamClass::classNamesEqual (59 bytes)
Event: 11174.588 Thread 0xc429f450 nmethod 2075 0xed92b208 code [0xed92b340, 0xed92b9b0]
Event: 14038.519 Thread 0xc429f450 2076       4       java.io.ObjectStreamClass::initNonProxy (628 bytes)
Event: 14039.053 Thread 0xc429f450 nmethod 2076 0xed92be08 code [0xed92c060, 0xed92e864]
Event: 14763.476 Thread 0xc42a0580 2077       3       java.lang.Integer::<init> (10 bytes)
Event: 14763.476 Thread 0xc42a0580 nmethod 2077 0xe6135d08 code [0xe6135e40, 0xe6135fe0]
Event: 15193.478 Thread 0xc429f450 2079       4       java.io.ObjectOutputStream$HandleTable::<init> (45 bytes)
Event: 15193.508 Thread 0xc429f450 nmethod 2079 0xed92fb88 code [0xed92fcc0, 0xed930510]
Event: 15671.147 Thread 0xc42a0580 2080       3       script.base_class::getObjIdObjVar (12 bytes)
Event: 15671.148 Thread 0xc42a0580 nmethod 2080 0xe6136088 code [0xe6136200, 0xe6136584]
Event: 15731.162 Thread 0xc42a0580 2082       3       script.library.travel::getStarportFromTerminal (38 bytes)
Event: 15731.164 Thread 0xc42a0580 nmethod 2082 0xe6136708 code [0xe6136900, 0xe61370f0]
Event: 16389.503 Thread 0xc429f450 2083       4       java.io.ObjectStreamClass::getVariantFor (51 bytes)
Event: 16389.505 Thread 0xc429f450 nmethod 2083 0xed930a88 code [0xed930ba0, 0xed930c30]
Event: 18104.191 Thread 0xc429f450 2084       4       script.dictionary_byte_array_input_stream::<init> (333 bytes)
Event: 18104.219 Thread 0xc429f450 nmethod 2084 0xed930d88 code [0xed930ec0, 0xed931470]

GC Heap History (8 events):
Event: 40.105 GC heap before
{Heap before GC invocations=0 (full 0):
 garbage-first heap   total 131072K, used 12288K [0xc5c00000, 0xe5c00000)
  region size 1024K, 13 young (13312K), 0 survivors (0K)
 Metaspace       used 2757K, committed 3008K, reserved 16384K
}
Event: 40.241 GC heap after
{Heap after GC invocations=1 (full 0):
 garbage-first heap   total 131072K, used 2525K [0xc5c00000, 0xe5c00000)
  region size 1024K, 2 young (2048K), 2 survivors (2048K)
 Metaspace       used 2757K, committed 3008K, reserved 16384K
}
Event: 138.356 GC heap before
{Heap before GC invocations=1 (full 0):
 garbage-first heap   total 131072K, used 17885K [0xc5c00000, 0xe5c00000)
  region size 1024K, 17 young (17408K), 2 survivors (2048K)
 Metaspace       used 4200K, committed 4608K, reserved 16384K
}
Event: 138.389 GC heap after
{Heap after GC invocations=2 (full 0):
 garbage-first heap   total 131072K, used 3611K [0xc5c00000, 0xe5c00000)
  region size 1024K, 2 young (2048K), 2 survivors (2048K)
 Metaspace       used 4200K, committed 4608K, reserved 16384K
}
Event: 257.362 GC heap before
{Heap before GC invocations=2 (full 0):
 garbage-first heap   total 131072K, used 79387K [0xc5c00000, 0xe5c00000)
  region size 1024K, 76 young (77824K), 2 survivors (2048K)
 Metaspace       used 5902K, committed 6592K, reserved 16384K
}
Event: 257.392 GC heap after
{Heap after GC invocations=3 (full 0):
 garbage-first heap   total 131072K, used 6872K [0xc5c00000, 0xe5c00000)
  region size 1024K, 5 young (5120K), 5 survivors (5120K)
 Metaspace       used 5902K, committed 6592K, reserved 16384K
}
Event: 558.241 GC heap before
{Heap before GC invocations=3 (full 0):
 garbage-first heap   total 131072K, used 79576K [0xc5c00000, 0xe5c00000)
  region size 1024K, 76 young (77824K), 5 survivors (5120K)
 Metaspace       used 6326K, committed 7040K, reserved 16384K
}
Event: 558.318 GC heap after
{Heap after GC invocations=4 (full 0):
 garbage-first heap   total 131072K, used 10438K [0xc5c00000, 0xe5c00000)
  region size 1024K, 8 young (8192K), 8 survivors (8192K)
 Metaspace       used 6326K, committed 7040K, reserved 16384K
}

Dll operation events (4 events):
Event: 0.003 Loaded shared library /usr/lib/jvm/java-17-zulu-openjdk-jdk-x86/lib/libjava.so
Event: 39.739 Loaded shared library /usr/lib/jvm/java-17-zulu-openjdk-jdk-x86/lib/libnio.so
Event: 39.739 Loaded shared library /usr/lib/jvm/java-17-zulu-openjdk-jdk-x86/lib/libjimage.so
Event: 39.741 Loaded shared library /usr/lib/jvm/java-17-zulu-openjdk-jdk-x86/lib/libnet.so

Deoptimization events (20 events):
Event: 494.268 Thread 0x0bed97e0 DEOPT PACKING pc=0xed90e118 sp=0xffcce7b0
Event: 494.268 Thread 0x0bed97e0 DEOPT UNPACKING pc=0xed2f4d33 sp=0xffcce798 mode 2
Event: 494.268 Thread 0x0bed97e0 Uncommon trap: trap_request=0xffffffd6 fr.pc=0xed90e118 relative=0x000011b8
Event: 494.268 Thread 0x0bed97e0 Uncommon trap: reason=array_check action=maybe_recompile pc=0xed90e118 method=java.io.ObjectInputStream.readArray(Z)Ljava/lang/Object; @ 392 c2
Event: 494.268 Thread 0x0bed97e0 DEOPT PACKING pc=0xed90e118 sp=0xffcce7b0
Event: 494.268 Thread 0x0bed97e0 DEOPT UNPACKING pc=0xed2f4d33 sp=0xffcce798 mode 2
Event: 1085.373 Thread 0x0bed97e0 Uncommon trap: trap_request=0xffffff45 fr.pc=0xed877a34 relative=0x000036b4
Event: 1085.373 Thread 0x0bed97e0 Uncommon trap: reason=unstable_if action=reinterpret pc=0xed877a34 method=script.script_entry.runScript(Ljava/lang/String;Ljava/lang/String;[Ljava/lang/Object;)I @ 432 c2
Event: 1085.373 Thread 0x0bed97e0 DEOPT PACKING pc=0xed877a34 sp=0xffccde50
Event: 1085.373 Thread 0x0bed97e0 DEOPT UNPACKING pc=0xed2f4d33 sp=0xffccde40 mode 2
Event: 1095.273 Thread 0x0bed97e0 Uncommon trap: trap_request=0xffffff45 fr.pc=0xed8b9b34 relative=0x000008d4
Event: 1095.273 Thread 0x0bed97e0 Uncommon trap: reason=unstable_if action=reinterpret pc=0xed8b9b34 method=java.util.LinkedList.indexOf(Ljava/lang/Object;)I @ 55 c2
Event: 1095.273 Thread 0x0bed97e0 DEOPT PACKING pc=0xed8b9b34 sp=0xffcce4a0
Event: 1095.273 Thread 0x0bed97e0 DEOPT UNPACKING pc=0xed2f4d33 sp=0xffcce41c mode 2
Event: 1095.274 Thread 0x0bed97e0 Uncommon trap: trap_request=0xffffff45 fr.pc=0xed86e3e8 relative=0x000001c8
Event: 1095.274 Thread 0x0bed97e0 Uncommon trap: reason=unstable_if action=reinterpret pc=0xed86e3e8 method=java.util.LinkedList.indexOf(Ljava/lang/Object;)I @ 55 c2
Event: 1095.274 Thread 0x0bed97e0 DEOPT PACKING pc=0xed86e3e8 sp=0xffcce430
Event: 1095.274 Thread 0x0bed97e0 DEOPT UNPACKING pc=0xed2f4d33 sp=0xffcce414 mode 2
Event: 18104.191 Thread 0x0bed97e0 DEOPT PACKING pc=0xe605287f sp=0xffccf750
Event: 18104.191 Thread 0x0bed97e0 DEOPT UNPACKING pc=0xed2f4171 sp=0xffccf620 mode 0

Classes unloaded (0 events):
No events

Classes redefined (0 events):
No events

Internal exceptions (15 events):
Event: 38.658 Thread 0x0bed97e0 Exception <a 'java/lang/NoSuchMethodError'{0xcd3a5dc8}: 'java.lang.Object java.lang.invoke.DirectMethodHandle$Holder.invokeStatic(java.lang.Object, float)'> (0xcd3a5dc8) 
thrown [src/hotspot/share/interpreter/linkResolver.cpp, line 759]
Event: 40.328 Thread 0x0bed97e0 Exception <a 'java/lang/NoSuchMethodError'{0xcdb86460}: 'java.lang.Object java.lang.invoke.DirectMethodHandle$Holder.invokeSpecial(java.lang.Object, java.lang.Object, long, java.lang.Object, java.lang.Object, java.lang.Object, java.lang.Object, int, java.lang.Object)'> (0xcdb86460) 
thrown [src/hotspot/share/interpreter/linkResolver.cpp, line 759]
Event: 40.328 Thread 0x0bed97e0 Exception <a 'java/lang/NoSuchMethodError'{0xcdb8a760}: 'java.lang.Object java.lang.invoke.DelegatingMethodHandle$Holder.reinvoke_L(java.lang.Object, long, java.lang.Object, java.lang.Object, java.lang.Object, java.lang.Object, int, java.lang.Object)'> (0xcdb8a760) 
thrown [src/hotspot/share/interpreter/linkResolver.cpp, line 759]
Event: 40.359 Thread 0x0bed97e0 Exception <a 'java/lang/NoSuchMethodError'{0xcda39e78}: 'java.lang.Object java.lang.invoke.DirectMethodHandle$Holder.invokeSpecial(java.lang.Object, java.lang.Object, java.lang.Object, java.lang.Object, float)'> (0xcda39e78) 
thrown [src/hotspot/share/interpreter/linkResolver.cpp, line 759]
Event: 40.392 Thread 0x0bed97e0 Exception <a 'java/lang/NoSuchMethodError'{0xcda66b00}: 'java.lang.Object java.lang.invoke.DirectMethodHandle$Holder.invokeSpecial(java.lang.Object, java.lang.Object, java.lang.Object, java.lang.Object, int)'> (0xcda66b00) 
thrown [src/hotspot/share/interpreter/linkResolver.cpp, line 759]
Event: 40.392 Thread 0x0bed97e0 Exception <a 'java/lang/NoSuchMethodError'{0xcda6a268}: 'java.lang.Object java.lang.invoke.Invokers$Holder.linkToTargetMethod(java.lang.Object, java.lang.Object, int, java.lang.Object)'> (0xcda6a268) 
thrown [src/hotspot/share/interpreter/linkResolver.cpp, line 759]
Event: 63.240 Thread 0x0bed97e0 Exception <a 'java/lang/NoSuchMethodError'{0xcd79c4f0}: 'java.lang.Object java.lang.invoke.DirectMethodHandle$Holder.invokeStaticInit(java.lang.Object)'> (0xcd79c4f0) 
thrown [src/hotspot/share/interpreter/linkResolver.cpp, line 759]
Event: 63.256 Thread 0x0bed97e0 Exception <a 'java/lang/NoSuchMethodError'{0xcd7d3718}: 'java.lang.Object java.lang.invoke.DirectMethodHandle$Holder.invokeSpecial(java.lang.Object, java.lang.Object, int, java.lang.Object, java.lang.Object)'> (0xcd7d3718) 
thrown [src/hotspot/share/interpreter/linkResolver.cpp, line 759]
Event: 68.854 Thread 0x0bed97e0 Exception <a 'java/lang/NoSuchMethodError'{0xcd4ef728}: 'java.lang.Object java.lang.invoke.DirectMethodHandle$Holder.invokeSpecial(java.lang.Object, java.lang.Object, long, java.lang.Object, java.lang.Object, java.lang.Object, java.lang.Object, java.lang.Object, java.lang.Object)'> (0xcd4ef728) 
thrown [src/hotspot/share/interpreter/linkResolver.cpp, line 759]
Event: 68.861 Thread 0x0bed97e0 Exception <a 'java/lang/NoSuchMethodError'{0xcd4f3b00}: 'java.lang.Object java.lang.invoke.DelegatingMethodHandle$Holder.reinvoke_L(java.lang.Object, long, java.lang.Object, java.lang.Object, java.lang.Object, java.lang.Object, java.lang.Object, java.lang.Object)'> (0xcd4f3b00) 
thrown [src/hotspot/share/interpreter/linkResolver.cpp, line 759]
Event: 141.660 Thread 0x0bed97e0 Exception <a 'java/lang/NoSuchMethodError'{0xcd1d2f68}: 'java.lang.Object java.lang.invoke.Invokers$Holder.linkToTargetMethod(java.lang.Object, java.lang.Object, int, java.lang.Object, java.lang.Object)'> (0xcd1d2f68) 
thrown [src/hotspot/share/interpreter/linkResolver.cpp, line 759]
Event: 165.187 Thread 0x0bed97e0 Exception <a 'java/lang/NoSuchMethodError'{0xcb53a180}: 'java.lang.Object java.lang.invoke.DirectMethodHandle$Holder.invokeSpecial(java.lang.Object, java.lang.Object, java.lang.Object, java.lang.Object, java.lang.Object, java.lang.Object, int)'> (0xcb53a180) 
thrown [src/hotspot/share/interpreter/linkResolver.cpp, line 759]
Event: 165.187 Thread 0x0bed97e0 Exception <a 'java/lang/NoSuchMethodError'{0xcb53d8c8}: 'java.lang.Object java.lang.invoke.Invokers$Holder.linkToTargetMethod(java.lang.Object, java.lang.Object, java.lang.Object, java.lang.Object, int, java.lang.Object)'> (0xcb53d8c8) 
thrown [src/hotspot/share/interpreter/linkResolver.cpp, line 759]
Event: 218.204 Thread 0x0bed97e0 Exception <a 'java/lang/NoSuchMethodError'{0xcb336a80}: 'java.lang.Object java.lang.invoke.DirectMethodHandle$Holder.invokeSpecial(java.lang.Object, java.lang.Object, int, int, int)'> (0xcb336a80) 
thrown [src/hotspot/share/interpreter/linkResolver.cpp, line 759]
Event: 225.451 Thread 0x0bed97e0 Exception <a 'java/lang/NoSuchMethodError'{0xcaf651d8}: static [Lscript/obj_id;.<clinit>()V> (0xcaf651d8) 
thrown [src/hotspot/share/prims/jni.cpp, line 1112]

VM Operations (20 events):
Event: 994.703 Executing VM operation: Cleanup
Event: 994.704 Executing VM operation: Cleanup done
Event: 1095.879 Executing VM operation: Cleanup
Event: 1095.879 Executing VM operation: Cleanup done
Event: 1098.883 Executing VM operation: Cleanup
Event: 1098.883 Executing VM operation: Cleanup done
Event: 1107.906 Executing VM operation: Cleanup
Event: 1107.906 Executing VM operation: Cleanup done
Event: 3324.600 Executing VM operation: Cleanup
Event: 3324.600 Executing VM operation: Cleanup done
Event: 3963.785 Executing VM operation: Cleanup
Event: 3963.785 Executing VM operation: Cleanup done
Event: 4868.647 Executing VM operation: Cleanup
Event: 4868.648 Executing VM operation: Cleanup done
Event: 5318.553 Executing VM operation: Cleanup
Event: 5318.553 Executing VM operation: Cleanup done
Event: 18104.219 Executing VM operation: HandshakeAllThreads
Event: 18104.220 Executing VM operation: HandshakeAllThreads done
Event: 18105.220 Executing VM operation: Cleanup
Event: 18105.220 Executing VM operation: Cleanup done

Events (20 events):
Event: 225.515 loading class java/lang/constant/DirectMethodHandleDescImpl
Event: 225.515 loading class java/lang/constant/DirectMethodHandleDesc
Event: 225.515 loading class java/lang/constant/DirectMethodHandleDesc done
Event: 225.515 loading class java/lang/constant/DirectMethodHandleDescImpl done
Event: 225.515 loading class java/lang/constant/DirectMethodHandleDescImpl$1
Event: 225.515 loading class java/lang/constant/DirectMethodHandleDescImpl$1 done
Event: 225.515 loading class java/lang/constant/DirectMethodHandleDesc$1
Event: 225.515 loading class java/lang/constant/DirectMethodHandleDesc$1 done
Event: 225.515 loading class java/lang/constant/PrimitiveClassDescImpl
Event: 225.516 loading class java/lang/constant/DynamicConstantDesc
Event: 225.516 loading class java/lang/constant/DynamicConstantDesc done
Event: 225.516 loading class java/lang/constant/PrimitiveClassDescImpl done
Event: 225.516 loading class java/lang/constant/DynamicConstantDesc$AnonymousDynamicConstantDesc
Event: 225.516 loading class java/lang/constant/DynamicConstantDesc$AnonymousDynamicConstantDesc done
Event: 263.338 Thread 0xc4773840 Thread added: 0xc4773840
Event: 263.348 Protecting memory [0xc0c7f000,0xc0c83000] with protection modes 0
Event: 263.556 Thread 0xc4773840 Thread exited: 0xc4773840
Event: 19804.883 Thread 0x0bed97e0 Thread exited: 0x0bed97e0
Event: 19804.887 Thread 0xf5e242d0 Thread exited: 0xf5e242d0
Event: 19804.887 Thread 0xc429bff0 Thread exited: 0xc429bff0


Dynamic libraries:
08048000-09298000 r-xp 00000000 08:04 494947248                          /home/almalinux/swg-returns-nge/build/bin/SwgGameServer
09298000-0929c000 rw-p 0124f000 08:04 494947248                          /home/almalinux/swg-returns-nge/build/bin/SwgGameServer
0929c000-09b1f000 rw-p 00000000 00:00 0 
0a814000-166be000 rw-p 00000000 00:00 0                                  [heap]
beb00000-bebf9000 rw-p 00000000 00:00 0 
bebf9000-bec00000 ---p 00000000 00:00 0 
bec00000-bece5000 rw-p 00000000 00:00 0 
bece5000-bed00000 ---p 00000000 00:00 0 
bed00000-bee65000 rw-p 00000000 00:00 0 
bee65000-bef00000 ---p 00000000 00:00 0 
bf000000-bf0f1000 rw-p 00000000 00:00 0 
bf0f1000-bf100000 ---p 00000000 00:00 0 
bf100000-bf1fe000 rw-p 00000000 00:00 0 
bf1fe000-bf200000 ---p 00000000 00:00 0 
bf200000-bf2f9000 rw-p 00000000 00:00 0 
bf2f9000-bf300000 ---p 00000000 00:00 0 
bf600000-bf6fc000 rw-p 00000000 00:00 0 
bf6fc000-bf700000 ---p 00000000 00:00 0 
bf800000-bf8fb000 rw-p 00000000 00:00 0 
bf8fb000-bf900000 ---p 00000000 00:00 0 
bfa00000-bfaab000 rw-p 00000000 00:00 0 
bfaab000-bfb00000 ---p 00000000 00:00 0 
bfb00000-bfbf9000 rw-p 00000000 00:00 0 
bfbf9000-bfc00000 ---p 00000000 00:00 0 
bfc00000-bfcf9000 rw-p 00000000 00:00 0 
bfcf9000-bfd00000 ---p 00000000 00:00 0 
bfd00000-bfdf9000 rw-p 00000000 00:00 0 
bfdf9000-bfe00000 ---p 00000000 00:00 0 
bfe00000-bfef9000 rw-p 00000000 00:00 0 
bfef9000-bff00000 ---p 00000000 00:00 0 
bff00000-bfffc000 rw-p 00000000 00:00 0 
bfffc000-c0000000 ---p 00000000 00:00 0 
c0000000-c00f9000 rw-p 00000000 00:00 0 
c00f9000-c0100000 ---p 00000000 00:00 0 
c0100000-c01f9000 rw-p 00000000 00:00 0 
c01f9000-c0200000 ---p 00000000 00:00 0 
c0200000-c02fe000 rw-p 00000000 00:00 0 
c02fe000-c0300000 ---p 00000000 00:00 0 
c0400000-c04ff000 rw-p 00000000 00:00 0 
c04ff000-c0500000 ---p 00000000 00:00 0 
c0c7f000-c0c83000 ---p 00000000 00:00 0 
c0c83000-c0d00000 rw-p 00000000 00:00 0 
c0d00000-c0dff000 rw-p 00000000 00:00 0 
c0dff000-c0e00000 ---p 00000000 00:00 0 
c0e12000-c0e13000 ---p 00000000 00:00 0 
c0e13000-c0e93000 rw-p 00000000 00:00 0 
c121c000-c121d000 ---p 00000000 00:00 0 
c121d000-c129d000 rw-p 00000000 00:00 0 
c137f000-c1383000 ---p 00000000 00:00 0 
c1383000-c1400000 rw-p 00000000 00:00 0 
c1400000-c14fa000 rw-p 00000000 00:00 0 
c14fa000-c1500000 ---p 00000000 00:00 0 
c173d000-c1741000 ---p 00000000 00:00 0 
c1741000-c17fe000 rw-p 00000000 00:00 0 
c17fe000-c1802000 ---p 00000000 00:00 0 
c1802000-c18bf000 rw-p 00000000 00:00 0 
c18bf000-c18c0000 ---p 00000000 00:00 0 
c18c0000-c1940000 rw-p 00000000 00:00 0 
c1940000-c1944000 ---p 00000000 00:00 0 
c1944000-c1a01000 rw-p 00000000 00:00 0 
c1a01000-c1a05000 ---p 00000000 00:00 0 
c1a05000-c1ac2000 rw-p 00000000 00:00 0 
c1ac2000-c1ac6000 ---p 00000000 00:00 0 
c1ac6000-c1b43000 rw-p 00000000 00:00 0 
c1b43000-c1b47000 ---p 00000000 00:00 0 
c1b47000-c1c04000 rw-p 00000000 00:00 0 
c1c04000-c1c08000 ---p 00000000 00:00 0 
c1c08000-c1cc5000 rw-p 00000000 00:00 0 
c1cc5000-c1cc9000 ---p 00000000 00:00 0 
c1cc9000-c1d86000 rw-p 00000000 00:00 0 
c1d86000-c2000000 r--p 00078000 08:04 535181                             /usr/lib/locale/locale-archive
c2000000-c21b0000 rw-p 00000000 00:00 0 
c21b0000-c2400000 ---p 00000000 00:00 0 
c2400000-c2990000 rw-p 00000000 00:00 0 
c2990000-c3000000 ---p 00000000 00:00 0 
c307e000-c327e000 r--p 00000000 08:04 535181                             /usr/lib/locale/locale-archive
c327e000-c3282000 ---p 00000000 00:00 0 
c3282000-c333f000 rw-p 00000000 00:00 0 
c333f000-c3343000 ---p 00000000 00:00 0 
c3343000-c3400000 rw-p 00000000 00:00 0 
c3400000-c3421000 rw-p 00000000 00:00 0 
c3421000-c3500000 ---p 00000000 00:00 0 
c3531000-c3535000 ---p 00000000 00:00 0 
c3535000-c35b2000 rw-p 00000000 00:00 0 
c35b2000-c35b3000 ---p 00000000 00:00 0 
c35b3000-c3633000 rw-p 00000000 00:00 0 
c3633000-c3f00000 rw-p 00001000 08:04 143240867                          /usr/lib/jvm/java-17-zulu-openjdk-jdk-x86/lib/server/classes.jsa
c3f00000-c3f21000 rw-p 00000000 00:00 0 
c3f21000-c4000000 ---p 00000000 00:00 0 
c407f000-c4080000 ---p 00000000 00:00 0 
c4080000-c4100000 rw-p 00000000 00:00 0 
c4100000-c4121000 rw-p 00000000 00:00 0 
c4121000-c4200000 ---p 00000000 00:00 0 
c4200000-c42d4000 rw-p 00000000 00:00 0 
c42d4000-c4300000 ---p 00000000 00:00 0 
c437f000-c4380000 ---p 00000000 00:00 0 
c4380000-c4400000 rw-p 00000000 00:00 0 
c4400000-c4421000 rw-p 00000000 00:00 0 
c4421000-c4500000 ---p 00000000 00:00 0 
c457f000-c4580000 ---p 00000000 00:00 0 
c4580000-c4600000 rw-p 00000000 00:00 0 
c4600000-c46ee000 rw-p 00000000 00:00 0 
c46ee000-c4700000 ---p 00000000 00:00 0 
c4700000-c47fd000 rw-p 00000000 00:00 0 
c47fd000-c4800000 ---p 00000000 00:00 0 
c487f000-c4880000 ---p 00000000 00:00 0 
c4880000-c4b00000 rw-p 00000000 00:00 0 
c4b00000-c5100000 ---p 00000000 00:00 0 
c5100000-c5300000 rw-p 00000000 00:00 0 
c5300000-c5900000 ---p 00000000 00:00 0 
c5900000-c5940000 rw-p 00000000 00:00 0 
c5940000-c5a00000 ---p 00000000 00:00 0 
c5a00000-c5a40000 rw-p 00000000 00:00 0 
c5a40000-c5b00000 ---p 00000000 00:00 0 
c5b00000-c5b40000 rw-p 00000000 00:00 0 
c5b40000-c5c00000 ---p 00000000 00:00 0 
c5c00000-cdc00000 rw-p 00000000 00:00 0 
cdc00000-e5c00000 ---p 00000000 00:00 0 
e5c65000-e5c6a000 rw-p 00000000 00:00 0 
e5c6a000-e5d50000 ---p 00000000 00:00 0 
e5d50000-e6138000 rwxp 00000000 00:00 0 
e6138000-ed2ab000 ---p 00000000 00:00 0 
ed2ab000-ed4eb000 rwxp 00000000 00:00 0 
ed4eb000-ed7f5000 ---p 00000000 00:00 0 
ed7f5000-eda35000 rwxp 00000000 00:00 0 
eda35000-f4d50000 ---p 00000000 00:00 0 
f4d50000-f4eb8000 r--s 00000000 08:04 117534333                          /usr/lib/jvm/java-17-zulu-openjdk-jdk-x86/lib/modules
f4eb8000-f5d5a000 r-xp 00000000 08:04 143240869                          /usr/lib/jvm/java-17-zulu-openjdk-jdk-x86/lib/server/libjvm.so
f5d5a000-f5daf000 r--p 00ea1000 08:04 143240869                          /usr/lib/jvm/java-17-zulu-openjdk-jdk-x86/lib/server/libjvm.so
f5daf000-f5dd0000 rw-p 00ef6000 08:04 143240869                          /usr/lib/jvm/java-17-zulu-openjdk-jdk-x86/lib/server/libjvm.so
f5dd0000-f5e00000 rw-p 00000000 00:00 0 
f5e00000-f5f00000 rw-p 00000000 00:00 0 
f5f25000-f5f26000 ---p 00000000 00:00 0 
f5f26000-f5fa6000 rw-p 00000000 00:00 0 
f5fa6000-f5fa7000 ---p 00000000 00:00 0 
f5fa7000-f5fab000 ---p 00000000 00:00 0 
f5fab000-f6b1f000 rw-p 00000000 00:00 0 
f6b2b000-f6b40000 r-xp 00000000 08:04 117534323                          /usr/lib/jvm/java-17-zulu-openjdk-jdk-x86/lib/libnet.so
f6b40000-f6b41000 r--p 00014000 08:04 117534323                          /usr/lib/jvm/java-17-zulu-openjdk-jdk-x86/lib/libnet.so
f6b41000-f6b42000 rw-p 00015000 08:04 117534323                          /usr/lib/jvm/java-17-zulu-openjdk-jdk-x86/lib/libnet.so
f6b42000-f6b4a000 rw-p 00000000 00:00 0 
f6b4a000-f6c2d000 ---p 00000000 00:00 0 
f6e67000-f6e79000 r-xp 00000000 08:04 117534324                          /usr/lib/jvm/java-17-zulu-openjdk-jdk-x86/lib/libnio.so
f6e79000-f6e7a000 r--p 00011000 08:04 117534324                          /usr/lib/jvm/java-17-zulu-openjdk-jdk-x86/lib/libnio.so
f6e7a000-f6e7b000 rw-p 00012000 08:04 117534324                          /usr/lib/jvm/java-17-zulu-openjdk-jdk-x86/lib/libnio.so
f6e7b000-f6ea4000 rw-p 00000000 00:00 0 
f6ea4000-f6ec7000 r-xp 00000000 08:04 117534310                          /usr/lib/jvm/java-17-zulu-openjdk-jdk-x86/lib/libjava.so
f6ec7000-f6ec8000 r--p 00022000 08:04 117534310                          /usr/lib/jvm/java-17-zulu-openjdk-jdk-x86/lib/libjava.so
f6ec8000-f6ec9000 rw-p 00023000 08:04 117534310                          /usr/lib/jvm/java-17-zulu-openjdk-jdk-x86/lib/libjava.so
f6ec9000-f6ed5000 r-xp 00000000 08:04 16831767                           /usr/lib/libnss_files-2.28.so
f6ed5000-f6ed6000 r--p 0000b000 08:04 16831767                           /usr/lib/libnss_files-2.28.so
f6ed6000-f6ed7000 rw-p 0000c000 08:04 16831767                           /usr/lib/libnss_files-2.28.so
f6ed7000-f6edd000 rw-p 00000000 00:00 0 
f6ee3000-f6ee8000 rw-p 00000000 00:00 0 
f6ee8000-f6eee000 ---p 00000000 00:00 0 
f6eee000-f6f09000 r-xp 00000000 08:04 117534314                          /usr/lib/jvm/java-17-zulu-openjdk-jdk-x86/lib/libjimage.so
f6f09000-f6f0a000 ---p 0001b000 08:04 117534314                          /usr/lib/jvm/java-17-zulu-openjdk-jdk-x86/lib/libjimage.so
f6f0a000-f6f0b000 r--p 0001b000 08:04 117534314                          /usr/lib/jvm/java-17-zulu-openjdk-jdk-x86/lib/libjimage.so
f6f0b000-f6f0c000 rw-p 0001c000 08:04 117534314                          /usr/lib/jvm/java-17-zulu-openjdk-jdk-x86/lib/libjimage.so
f6f0c000-f6f10000 rw-p 00000000 00:00 0 
f6f10000-f6f98000 r-xp 00000000 08:04 17191875                           /usr/lib/libpcre2-8.so.0.7.1
f6f98000-f6f99000 r--p 00087000 08:04 17191875                           /usr/lib/libpcre2-8.so.0.7.1
f6f99000-f6f9a000 rw-p 00088000 08:04 17191875                           /usr/lib/libpcre2-8.so.0.7.1
f6f9a000-f6fba000 r-xp 00000000 08:04 17021543                           /usr/lib/libcrypt.so.1.1.0
f6fba000-f6fbb000 ---p 00020000 08:04 17021543                           /usr/lib/libcrypt.so.1.1.0
f6fbb000-f6fbc000 r--p 00020000 08:04 17021543                           /usr/lib/libcrypt.so.1.1.0
f6fbc000-f6fc5000 rw-p 00000000 00:00 0 
f6fc5000-f6ff0000 r-xp 00000000 08:04 17191887                           /usr/lib/libselinux.so.1
f6ff0000-f6ff1000 ---p 0002b000 08:04 17191887                           /usr/lib/libselinux.so.1
f6ff1000-f6ff2000 r--p 0002b000 08:04 17191887                           /usr/lib/libselinux.so.1
f6ff2000-f6ff3000 rw-p 0002c000 08:04 17191887                           /usr/lib/libselinux.so.1
f6ff3000-f6ff4000 rw-p 00000000 00:00 0 
f6ff4000-f7013000 r-xp 00000000 08:04 18866589                           /usr/lib/libbrotlicommon.so.1.0.6
f7013000-f7014000 r--p 0001e000 08:04 18866589                           /usr/lib/libbrotlicommon.so.1.0.6
f7014000-f7015000 rw-p 0001f000 08:04 18866589                           /usr/lib/libbrotlicommon.so.1.0.6
f7015000-f7033000 r-xp 00000000 08:04 17191915                           /usr/lib/libsasl2.so.3.0.0
f7033000-f7034000 ---p 0001e000 08:04 17191915                           /usr/lib/libsasl2.so.3.0.0
f7034000-f7035000 r--p 0001e000 08:04 17191915                           /usr/lib/libsasl2.so.3.0.0
f7035000-f7036000 rw-p 0001f000 08:04 17191915                           /usr/lib/libsasl2.so.3.0.0
f7036000-f7038000 rw-p 00000000 00:00 0 
f7038000-f704c000 r-xp 00000000 08:04 16831772                           /usr/lib/libresolv-2.28.so
f704c000-f704d000 ---p 00014000 08:04 16831772                           /usr/lib/libresolv-2.28.so
f704d000-f704e000 r--p 00014000 08:04 16831772                           /usr/lib/libresolv-2.28.so
f704e000-f704f000 rw-p 00015000 08:04 16831772                           /usr/lib/libresolv-2.28.so
f704f000-f7051000 rw-p 00000000 00:00 0 
f7051000-f7054000 r-xp 00000000 08:04 17191893                           /usr/lib/libkeyutils.so.1.6
f7054000-f7055000 ---p 00003000 08:04 17191893                           /usr/lib/libkeyutils.so.1.6
f7055000-f7056000 r--p 00003000 08:04 17191893                           /usr/lib/libkeyutils.so.1.6
f7056000-f7057000 rw-p 00000000 00:00 0 
f7057000-f7067000 r-xp 00000000 08:04 17021560                           /usr/lib/libkrb5support.so.0.1
f7067000-f7068000 r--p 0000f000 08:04 17021560                           /usr/lib/libkrb5support.so.0.1
f7068000-f7069000 rw-p 00010000 08:04 17021560                           /usr/lib/libkrb5support.so.0.1
f7069000-f7071000 r-xp 00000000 08:04 16831774                           /usr/lib/librt-2.28.so
f7071000-f7072000 r--p 00007000 08:04 16831774                           /usr/lib/librt-2.28.so
f7072000-f7073000 rw-p 00008000 08:04 16831774                           /usr/lib/librt-2.28.so
f7073000-f71f2000 r-xp 00000000 08:04 17021545                           /usr/lib/libunistring.so.2.1.0
f71f2000-f71f3000 ---p 0017f000 08:04 17021545                           /usr/lib/libunistring.so.2.1.0
f71f3000-f71f5000 r--p 0017f000 08:04 17021545                           /usr/lib/libunistring.so.2.1.0
f71f5000-f71f6000 rw-p 00181000 08:04 17021545                           /usr/lib/libunistring.so.2.1.0
f71f6000-f7220000 r-xp 00000000 08:04 18654292                           /usr/lib/liblzma.so.5.2.4
f7220000-f7221000 r--p 00029000 08:04 18654292                           /usr/lib/liblzma.so.5.2.4
f7221000-f7222000 rw-p 00000000 00:00 0 
f7222000-f722e000 r-xp 00000000 08:04 17191936                           /usr/lib/libbrotlidec.so.1.0.6
f722e000-f722f000 r--p 0000b000 08:04 17191936                           /usr/lib/libbrotlidec.so.1.0.6
f722f000-f7230000 rw-p 00000000 00:00 0 
f7230000-f723f000 r-xp 00000000 08:04 17191918                           /usr/lib/liblber-2.4.so.2.10.9
f723f000-f7240000 r--p 0000e000 08:04 17191918                           /usr/lib/liblber-2.4.so.2.10.9
f7240000-f7241000 rw-p 0000f000 08:04 17191918                           /usr/lib/liblber-2.4.so.2.10.9
f7241000-f7296000 r-xp 00000000 08:04 17191920                           /usr/lib/libldap-2.4.so.2.10.9
f7296000-f7297000 ---p 00055000 08:04 17191920                           /usr/lib/libldap-2.4.so.2.10.9
f7297000-f7298000 r--p 00055000 08:04 17191920                           /usr/lib/libldap-2.4.so.2.10.9
f7298000-f7299000 rw-p 00056000 08:04 17191920                           /usr/lib/libldap-2.4.so.2.10.9
f7299000-f729b000 rw-p 00000000 00:00 0 
f729b000-f729e000 r-xp 00000000 08:04 16994899                           /usr/lib/libcom_err.so.2.1
f729e000-f729f000 r--p 00002000 08:04 16994899                           /usr/lib/libcom_err.so.2.1
f729f000-f72a0000 rw-p 00003000 08:04 16994899                           /usr/lib/libcom_err.so.2.1
f72a0000-f72b6000 r-xp 00000000 08:04 17021552                           /usr/lib/libk5crypto.so.3.1
f72b6000-f72b7000 ---p 00016000 08:04 17021552                           /usr/lib/libk5crypto.so.3.1
f72b7000-f72b8000 r--p 00016000 08:04 17021552                           /usr/lib/libk5crypto.so.3.1
f72b8000-f72b9000 rw-p 00017000 08:04 17021552                           /usr/lib/libk5crypto.so.3.1
f72b9000-f739c000 r-xp 00000000 08:04 17021558                           /usr/lib/libkrb5.so.3.3
f739c000-f73a3000 r--p 000e2000 08:04 17021558                           /usr/lib/libkrb5.so.3.3
f73a3000-f73a4000 rw-p 000e9000 08:04 17021558                           /usr/lib/libkrb5.so.3.3
f73a4000-f73ff000 r-xp 00000000 08:04 17021548                           /usr/lib/libgssapi_krb5.so.2.2
f73ff000-f7401000 r--p 0005a000 08:04 17021548                           /usr/lib/libgssapi_krb5.so.2.2
f7401000-f7402000 rw-p 0005c000 08:04 17021548                           /usr/lib/libgssapi_krb5.so.2.2
f7402000-f76b3000 r-xp 00000000 08:04 18627877                           /usr/lib/libcrypto.so.1.1.1k
f76b3000-f76cc000 r--p 002b0000 08:04 18627877                           /usr/lib/libcrypto.so.1.1.1k
f76cc000-f76ce000 rw-p 002c9000 08:04 18627877                           /usr/lib/libcrypto.so.1.1.1k
f76ce000-f76d2000 rw-p 00000000 00:00 0 
f76d2000-f7764000 r-xp 00000000 08:04 18627879                           /usr/lib/libssl.so.1.1.1k
f7764000-f776a000 r--p 00091000 08:04 18627879                           /usr/lib/libssl.so.1.1.1k
f776a000-f776e000 rw-p 00097000 08:04 18627879                           /usr/lib/libssl.so.1.1.1k
f776e000-f777e000 r-xp 00000000 08:04 18660120                           /usr/lib/libpsl.so.5.3.1
f777e000-f777f000 r--p 0000f000 08:04 18660120                           /usr/lib/libpsl.so.5.3.1
f777f000-f7780000 rw-p 00000000 00:00 0 
f7780000-f77fd000 r-xp 00000000 08:04 16994901                           /usr/lib/libssh.so.4.8.7
f77fd000-f77fe000 ---p 0007d000 08:04 16994901                           /usr/lib/libssh.so.4.8.7
f77fe000-f77ff000 r--p 0007d000 08:04 16994901                           /usr/lib/libssh.so.4.8.7
f77ff000-f7800000 rw-p 0007e000 08:04 16994901                           /usr/lib/libssh.so.4.8.7
f7800000-f781d000 r-xp 00000000 08:04 17040588                           /usr/lib/libidn2.so.0.3.6
f781d000-f781e000 r--p 0001c000 08:04 17040588                           /usr/lib/libidn2.so.0.3.6
f781e000-f781f000 rw-p 00000000 00:00 0 
f781f000-f7847000 r-xp 00000000 08:04 17191891                           /usr/lib/libnghttp2.so.14.17.0
f7847000-f7848000 r--p 00027000 08:04 17191891                           /usr/lib/libnghttp2.so.14.17.0
f7848000-f784a000 rw-p 00028000 08:04 17191891                           /usr/lib/libnghttp2.so.14.17.0
f784a000-f79ec000 r-xp 00000000 08:04 16831756                           /usr/lib/libc-2.28.so
f79ec000-f79ed000 ---p 001a2000 08:04 16831756                           /usr/lib/libc-2.28.so
f79ed000-f79ef000 r--p 001a2000 08:04 16831756                           /usr/lib/libc-2.28.so
f79ef000-f79f0000 rw-p 001a4000 08:04 16831756                           /usr/lib/libc-2.28.so
f79f0000-f79f5000 rw-p 00000000 00:00 0 
f79f5000-f7a10000 r-xp 00000000 08:04 16985139                           /usr/lib/libgcc_s-8-20210514.so.1
f7a10000-f7a11000 r--p 0001a000 08:04 16985139                           /usr/lib/libgcc_s-8-20210514.so.1
f7a11000-f7a12000 rw-p 0001b000 08:04 16985139                           /usr/lib/libgcc_s-8-20210514.so.1
f7a12000-f7ae2000 r-xp 00000000 08:04 16831760                           /usr/lib/libm-2.28.so
f7ae2000-f7ae3000 r--p 000cf000 08:04 16831760                           /usr/lib/libm-2.28.so
f7ae3000-f7ae4000 rw-p 000d0000 08:04 16831760                           /usr/lib/libm-2.28.so
f7ae4000-f7c6d000 r-xp 00000000 08:04 16985145                           /usr/lib/libstdc++.so.6.0.25
f7c6d000-f7c6e000 ---p 00189000 08:04 16985145                           /usr/lib/libstdc++.so.6.0.25
f7c6e000-f7c74000 r--p 00189000 08:04 16985145                           /usr/lib/libstdc++.so.6.0.25
f7c74000-f7c75000 rw-p 0018f000 08:04 16985145                           /usr/lib/libstdc++.so.6.0.25
f7c75000-f7c77000 rw-p 00000000 00:00 0 
f7c77000-f7c8e000 r-xp 00000000 08:04 16963437                           /usr/lib/libz.so.1.2.11
f7c8e000-f7c8f000 ---p 00017000 08:04 16963437                           /usr/lib/libz.so.1.2.11
f7c8f000-f7c90000 r--p 00017000 08:04 16963437                           /usr/lib/libz.so.1.2.11
f7c90000-f7c91000 rw-p 00000000 00:00 0 
f7c91000-f7e0e000 r-xp 00000000 08:04 16963397                           /usr/lib/libxml2.so.2.9.7
f7e0e000-f7e13000 r--p 0017c000 08:04 16963397                           /usr/lib/libxml2.so.2.9.7
f7e13000-f7e14000 rw-p 00181000 08:04 16963397                           /usr/lib/libxml2.so.2.9.7
f7e14000-f7e15000 rw-p 00000000 00:00 0 
f7e15000-f7e31000 r-xp 00000000 08:04 16831770                           /usr/lib/libpthread-2.28.so
f7e31000-f7e32000 r--p 0001b000 08:04 16831770                           /usr/lib/libpthread-2.28.so
f7e32000-f7e33000 rw-p 0001c000 08:04 16831770                           /usr/lib/libpthread-2.28.so
f7e33000-f7e35000 rw-p 00000000 00:00 0 
f7e35000-f7ea9000 r-xp 00000000 08:04 16818911                           /usr/lib/libpcre.so.1.2.10
f7ea9000-f7eaa000 ---p 00074000 08:04 16818911                           /usr/lib/libpcre.so.1.2.10
f7eaa000-f7eab000 r--p 00074000 08:04 16818911                           /usr/lib/libpcre.so.1.2.10
f7eab000-f7eac000 rw-p 00075000 08:04 16818911                           /usr/lib/libpcre.so.1.2.10
f7eac000-f7eaf000 r-xp 00000000 08:04 16831758                           /usr/lib/libdl-2.28.so
f7eaf000-f7eb0000 r--p 00002000 08:04 16831758                           /usr/lib/libdl-2.28.so
f7eb0000-f7eb1000 rw-p 00003000 08:04 16831758                           /usr/lib/libdl-2.28.so
f7eb1000-f7f4e000 r-xp 00000000 08:04 16994905                           /usr/lib/libcurl.so.4.5.0
f7f4e000-f7f50000 r--p 0009c000 08:04 16994905                           /usr/lib/libcurl.so.4.5.0
f7f50000-f7f51000 rw-p 0009e000 08:04 16994905                           /usr/lib/libcurl.so.4.5.0
f7f51000-f7f58000 r--s 00000000 08:04 176632422                          /usr/lib/gconv/gconv-modules.cache
f7f58000-f7f60000 rw-s 00000000 08:04 151833492                          /tmp/hsperfdata_almalinux/30328 (deleted)
f7f60000-f7f61000 ---p 00000000 00:00 0 
f7f61000-f7f62000 r--p 00000000 00:00 0 
f7f62000-f7f64000 rw-p 00000000 00:00 0 
f7f64000-f7f68000 r--p 00000000 00:00 0                                  [vvar]
f7f68000-f7f6a000 r-xp 00000000 00:00 0                                  [vdso]
f7f6a000-f7f99000 r-xp 00000000 08:04 16831749                           /usr/lib/ld-2.28.so
f7f99000-f7f9a000 ---p 00000000 00:00 0 
f7f9a000-f7f9b000 r--p 0002f000 08:04 16831749                           /usr/lib/ld-2.28.so
f7f9b000-f7f9c000 rw-p 00030000 08:04 16831749                           /usr/lib/ld-2.28.so
ffb0d000-ffb0e000 rwxp 00000000 00:00 0 
ffc16000-ffcd2000 rw-p 00000000 00:00 0                                  [stack]


VM Arguments:
jvm_args: -Xms128m -Xmx512m -Xss768k -XX:MaxMetaspaceSize=96m -Xrs -XX:-UsePerfData -XX:-AllowUserSignalHandlers -XX:UseSSE=3 -XX+DoEscapeAnalysis -XX:AutoBoxCacheMax:2000 -XX:+OptimizeStringConcat -XX:+OptimizeFill -XX:+EliminateAutoBox -XX:+UseCompressedStrings -XX:+UseCompressedOops -XX:+EliminateLocks -XX:UseFastAccessorMethods -XX:+UseStringCache -XgcPrio:throughput -XXkeepAreaRatio:1 -XXlazyUnlocking -XXcallProfiling -XXcompactRatio:1 
java_command: <unknown>
java_class_path (initial): ../../data/sku.0/sys.server/compiled/game/
Launcher Type: generic

[Global flags]
     intx CICompilerCount                          = 3                                         {product} {ergonomic}
     uint ConcGCThreads                            = 1                                         {product} {ergonomic}
     uint G1ConcRefinementThreads                  = 4                                         {product} {ergonomic}
   size_t G1HeapRegionSize                         = 1048576                                   {product} {ergonomic}
    uintx GCDrainStackTargetSize                   = 64                                        {product} {ergonomic}
   size_t InitialHeapSize                          = 134217728                                 {product} {command line}
   size_t MarkStackSize                            = 32768                                     {product} {ergonomic}
   size_t MaxHeapSize                              = 536870912                                 {product} {command line}
   size_t MaxMetaspaceSize                         = 100663296                                 {product} {command line}
   size_t MaxNewSize                               = 321912832                                 {product} {ergonomic}
   size_t MinHeapDeltaBytes                        = 1048576                                   {product} {ergonomic}
   size_t MinHeapSize                              = 134217728                                 {product} {command line}
    uintx NonNMethodCodeHeapSize                   = 5544422                                {pd product} {ergonomic}
    uintx NonProfiledCodeHeapSize                  = 123056909                              {pd product} {ergonomic}
    uintx ProfiledCodeHeapSize                     = 123056909                              {pd product} {ergonomic}
    uintx ReservedCodeCacheSize                    = 251658240                              {pd product} {ergonomic}
     bool SegmentedCodeCache                       = true                                      {product} {ergonomic}
   size_t SoftMaxHeapSize                          = 536870912                              {manageable} {ergonomic}
   double SweeperThreshold                         = 0.500000                                  {product} {ergonomic}
     intx ThreadStackSize                          = 768                                    {pd product} {command line}
     bool UseG1GC                                  = true                                      {product} {ergonomic}

Logging:
Log output configuration:
 #0: stdout all=off uptime,level,tags
 #1: stderr all=off uptime,level,tags

Environment Variables:
JAVA_HOME=/usr/lib/jvm/zulu-17-x86
PATH=/usr/java/jdk1.7.0_80/bin:/usr/java/jdk1.7.0_80/bin:/usr/java/jdk1.6.0_45/bin:/usr/java/jdk1.6.0_45/bin:/usr/java/jdk1.6.0_45/bin:/home/almalinux/.local/bin:/home/almalinux/bin:/sbin:/bin:/usr/bin:/usr/local/bin:/usr/local/sbin:/usr/sbin:/usr/lib/oracle/18.3/client/bin:/usr/lib/oracle/18.3/client/bin:/usr/lib/jvm/java-11-openjdk/bin:./
LD_LIBRARY_PATH=/usr/lib/jvm/java-17-zulu-openjdk-jdk-x86/lib/server:/usr/lib/jvm/java-17-zulu-openjdk-jdk-x86/lib:/usr/lib/jvm/java-17-zulu-openjdk-jdk-x86/../lib:/usr/lib/jvm/zulu-17-x86/lib/server:/usr/lib/jvm/java-11-openjdk/lib:/usr/lib/jvm/java-11-openjdk/lib/server:./
SHELL=/bin/bash
DISPLAY=:10.0
LANG=en_US.UTF-8
TERM=xterm-256color

Active Locale:
LC_ALL=en_US.UTF-8
LC_COLLATE=en_US.UTF-8
LC_CTYPE=en_US.UTF-8
LC_MESSAGES=en_US.UTF-8
LC_MONETARY=en_US.UTF-8
LC_NUMERIC=en_US.UTF-8
LC_TIME=en_US.UTF-8

Signal Handlers:
   SIGSEGV: crash_handler in libjvm.so, mask=11100100010111111101111111111110, flags=SA_RESTART|SA_SIGINFO, unblocked
    SIGBUS: crash_handler in libjvm.so, mask=11100100010111111101111111111110, flags=SA_RESTART|SA_SIGINFO, unblocked
    SIGFPE: crash_handler in libjvm.so, mask=11100100010111111101111111111110, flags=SA_RESTART|SA_SIGINFO, unblocked
   SIGPIPE: SIG_IGN, mask=00000000000010000000000000000000, flags=SA_RESTART, blocked
  *** Handler was modified!
  *** Expected: javaSignalHandler in libjvm.so, mask=11100100110111111111111111111110, flags=SA_RESTART|SA_SIGINFO
   SIGXFSZ: javaSignalHandler in libjvm.so, mask=11100100010111111101111111111110, flags=SA_RESTART|SA_SIGINFO, blocked
    SIGILL: crash_handler in libjvm.so, mask=11100100010111111101111111111110, flags=SA_RESTART|SA_SIGINFO, unblocked
   SIGUSR2: SR_handler in libjvm.so, mask=00100000000000000000000000000000, flags=SA_RESTART|SA_SIGINFO, blocked
    SIGHUP: UserHandler in libjvm.so, mask=11100100010111111101111111111110, flags=SA_RESTART|SA_SIGINFO, blocked
    SIGINT: UserHandler in libjvm.so, mask=11100100010111111101111111111110, flags=SA_RESTART|SA_SIGINFO, blocked
   SIGTERM: UserHandler in libjvm.so, mask=11100100010111111101111111111110, flags=SA_RESTART|SA_SIGINFO, blocked
   SIGQUIT: UserHandler in libjvm.so, mask=11100100010111111101111111111110, flags=SA_RESTART|SA_SIGINFO, blocked
   SIGTRAP: crash_handler in libjvm.so, mask=11100100010111111101111111111110, flags=SA_RESTART|SA_SIGINFO, unblocked


Periodic native trim disabled


---------------  S Y S T E M  ---------------

OS:
AlmaLinux release 8.10 (Cerulean Leopard)
uname: Linux 4.18.0-553.81.1.el8_10.x86_64 #1 SMP Mon Oct 27 11:29:19 EDT 2025 x86_64
OS uptime: 1 days 0:53 hours
libc: glibc 2.28 NPTL 2.28 
rlimit (soft/hard): STACK 8192k/infinity , CORE 0k/infinity , NPROC 61995/61995 , NOFILE 262144/262144 , AS infinity/infinity , CPU infinity/infinity , DATA infinity/infinity , FSIZE infinity/infinity , MEMLOCK 64k/64k
load average: 40.53 44.44 43.44

/proc/meminfo:
MemTotal:       16014448 kB
MemFree:         1101764 kB
MemAvailable:    1862676 kB
Buffers:              32 kB
Cached:          2138272 kB
SwapCached:        23952 kB
Active:          1787816 kB
Inactive:       12124048 kB
Active(anon):    1396276 kB
Inactive(anon): 11871948 kB
Active(file):     391540 kB
Inactive(file):   252100 kB
Unevictable:        6160 kB
Mlocked:               0 kB
SwapTotal:       8388604 kB
SwapFree:        7307004 kB
Dirty:               904 kB
Writeback:             0 kB
AnonPages:      11760740 kB
Mapped:          1171992 kB
Shmem:           1494436 kB
KReclaimable:     294316 kB
Slab:             443928 kB
SReclaimable:     294316 kB
SUnreclaim:       149612 kB
KernelStack:       25192 kB
PageTables:       164580 kB
NFS_Unstable:          0 kB
Bounce:                0 kB
WritebackTmp:          0 kB
CommitLimit:    16395828 kB
Committed_AS:   25844236 kB
VmallocTotal:   34359738367 kB
VmallocUsed:       71156 kB
VmallocChunk:          0 kB
Percpu:             2720 kB
HardwareCorrupted:     0 kB
AnonHugePages:         0 kB
ShmemHugePages:        0 kB
ShmemPmdMapped:        0 kB
FileHugePages:         0 kB
FilePmdMapped:         0 kB
HugePages_Total:       0
HugePages_Free:        0
HugePages_Rsvd:        0
HugePages_Surp:        0
Hugepagesize:       2048 kB
Hugetlb:               0 kB
DirectMap4k:      749420 kB
DirectMap2M:    15634432 kB

/sys/kernel/mm/transparent_hugepage/enabled: always madvise [never]
/sys/kernel/mm/transparent_hugepage/hpage_pmd_size: 2097152
/sys/kernel/mm/transparent_hugepage/defrag (defrag/compaction efforts parameter): always defer defer+madvise [madvise] never

Process Memory:
Virtual Size: 1134720K (peak: 1151608K)
Resident Set Size: 353292K (peak: 380488K) (anon: 333512K, file: 19780K, shmem: 0K)
Swapped out: 0K
C-Heap outstanding allocations: 24403K, retained: 198804K
glibc malloc tunables: (default)

/proc/sys/kernel/threads-max (system-wide limit on the number of threads): 123991
/proc/sys/vm/max_map_count (maximum number of memory map areas a process may have): 1677720
/proc/sys/kernel/pid_max (system-wide limit on number of process identifiers): 4194304

container (cgroup) information:
container_type: cgroupv1
cpu_cpuset_cpus: 0-3
cpu_memory_nodes: 0
active_processor_count: 4
cpu_quota: no quota
cpu_period: 100000
cpu_shares: no shares
memory_limit_in_bytes: unlimited
memory_and_swap_limit_in_bytes: unlimited
memory_soft_limit_in_bytes: unlimited
memory_usage_in_bytes: 13312272 k
memory_max_usage_in_bytes: 14866960 k
kernel_memory_usage_in_bytes: 213540 k
kernel_memory_max_usage_in_bytes: unlimited
kernel_memory_limit_in_bytes: 752460 k
maximum number of tasks: unlimited
current number of tasks: 758

KVM virtualization detected
Steal ticks since vm start: 2712
Steal ticks percentage since vm start:  0.000

CPU: total 4 (initial active 4) (1 cores per cpu, 1 threads per core) family 6 model 60 stepping 1 microcode 0x1, cx8, cmov, fxsr, mmx, sse, sse2, sse3, ssse3, sse4.1, sse4.2, popcnt, lzcnt, tsc, avx, avx2, aes, erms, clmul, bmi1, bmi2, fma, vzeroupper, clflush, hv
CPU Model and flags from /proc/cpuinfo:
model name	: Intel Core Processor (Haswell, no TSX)
flags		: fpu vme de pse tsc msr pae mce cx8 apic sep mtrr pge mca cmov pat pse36 clflush mmx fxsr sse sse2 syscall nx rdtscp lm constant_tsc rep_good nopl xtopology cpuid tsc_known_freq pni pclmulqdq vmx ssse3 fma cx16 pcid sse4_1 sse4_2 x2apic movbe popcnt tsc_deadline_timer aes xsave avx f16c rdrand hypervisor lahf_lm abm cpuid_fault invpcid_single pti tpr_shadow vnmi flexpriority ept vpid ept_ad fsgsbase bmi1 avx2 smep bmi2 erms invpcid xsaveopt arat md_clear

Online cpus: 0-3
Offline cpus: 
BIOS frequency limitation: <Not Available>
Frequency switch latency (ns): <Not Available>
Available cpu frequencies: <Not Available>
Current governor: <Not Available>
Core performance/turbo boost: <Not Available>

Memory: 4k page, physical 16014448k(1101764k free), swap 8388604k(7307004k free)
Page Sizes: 4k

vm_info: OpenJDK Server VM (17.0.11+9-LTS) for linux-x86 JRE (17.0.11+9-LTS) (Zulu17.50+19-CA), built on Apr  9 2024 07:14:46 by "zulu_re" with gcc 8.3.0

END.
