#
# A fatal error has been detected by the Java Runtime Environment:
#
#  SIGSEGV (0xb) at pc=0xf7885618, pid=37349, tid=37349
#
# JRE version: OpenJDK Runtime Environment Zulu17.50+19-CA (17.0.11+9) (build 17.0.11+9-LTS)
# Java VM: OpenJDK Server VM Zulu17.50+19-CA (17.0.11+9-LTS, mixed mode, sharing, tiered, g1 gc, linux-x86)
# Problematic frame:
# C  [libc.so.6+0x84618]  cfree+0x28
#
# Core dump will be written. Default location: Core dumps may be processed with "/usr/lib/systemd/systemd-coredump %P %u %g %s %t %c %h %e" (or dumping to /home/almalinux/swg-returns-nge/exe/linux/core.37349)
#
# If you would like to submit a bug report, please visit:
#   http://www.azul.com/support/
#

---------------  S U M M A R Y ------------

Command Line: -Xms128m -Xmx512m -Xss768k -XX:MaxMetaspaceSize=96m -Xrs -XX:-UsePerfData -XX:-AllowUserSignalHandlers -XX:UseSSE=3 -XX+DoEscapeAnalysis -XX:AutoBoxCacheMax:2000 -XX:+OptimizeStringConcat -XX:+OptimizeFill -XX:+EliminateAutoBox -XX:+UseCompressedStrings -XX:+UseCompressedOops -XX:+EliminateLocks -XX:UseFastAccessorMethods -XX:+UseStringCache -XgcPrio:throughput -XXkeepAreaRatio:1 -XXlazyUnlocking -XXcallProfiling -XXcompactRatio:1 

Host: Intel Core Processor (Haswell, no TSX), 4 cores, 15G, AlmaLinux release 8.10 (Cerulean Leopard)
Time: Wed Jan 28 11:00:33 2026 UTC elapsed time: 21028.014602 seconds (0d 5h 50m 28s)

---------------  T H R E A D  ---------------

Current thread is native thread

Stack: [0xffcdf000,0xffd9f000],  sp=0xffd9b3f0,  free space=752k
Native frames: (J=compiled Java code, j=interpreted, Vv=VM code, C=native code)
C  [libc.so.6+0x84618]  cfree+0x28


siginfo: si_signo: 11 (SIGSEGV), si_code: 1 (SEGV_MAPERR), si_addr: 0x00000003

Registers:
EAX=0x00000000, EBX=0x00000007, ECX=0xf6ec384c, EDX=0x0ae65d88
ESP=0xffd9b3f0, EBP=0xffd9b528, ESI=0xf79a6000, EDI=0x00000000
EIP=0xf7885618, EFLAGS=0x00210202, CR2=0x0000000000000003


Top of Stack: (sp=0xffd9b3f0)
0xffd9b3f0:   0aae9010 00000000 ffd9b528 f7b12f1c
0xffd9b400:   0aae90a0 f7c29a04 0ae65d60 f7b12f1c
0xffd9b410:   00000007 f7b12f0a f7c29a04 f7b12f4c
0xffd9b420:   0aae90a0 f7b12f0a 0ae69b00 085b6163
0xffd9b430:   00000007 0aae9010 0aae8d20 085bb8d1
0xffd9b440:   0aae9010 0aae8d20 00000000 085bb89b
0xffd9b450:   0c3081d0 ffd9b477 ffd9b49c 085c6969
0xffd9b460:   087d6c00 ffd9b49c ffd9b528 084fc53b
0xffd9b470:   00000014 00010002 00000000 00000000
0xffd9b480:   01010100 00000001 09aa44c0 00000000
0xffd9b490:   00000000 00000000 00000000 00000000
0xffd9b4a0:   00000000 00000013 ffd9b5f8 f78366ff
0xffd9b4b0:   f79a641c 47677753 53656d61 65767265
0xffd9b4c0:   37333a72 00393433 09290100 0ae4b120
0xffd9b4d0:   08ea0100 08ebc230 08ea5888 f79a641c
0xffd9b4e0:   00000428 00000420 f7836779 085758fd
0xffd9b4f0:   08ea2a80 09b1ea78 08ea5888 08574f56
0xffd9b500:   0929a2c4 0929a2c4 ffd9b5f8 08ea583b
0xffd9b510:   0000000c ffd9b5c4 ffd9b540 f79a6000
0xffd9b520:   00000000 08575910 00000000 f781ef26
0xffd9b530:   00000000 08575910 00000000 f781ef26
0xffd9b540:   0000000c ffd9b5c4 ffd9b5f8 ffd9b564
0xffd9b550:   0929a2d0 00000000 ffd9b5f8 f79a6000
0xffd9b560:   f780e75c f79a6000 00000000 08575910
0xffd9b570:   00000000 94dcc588 246b8d98 00000000
0xffd9b580:   00000000 00000000 f7f254d0 f781ee30
0xffd9b590:   084fc260 0929a2c4 0000000c 08575946
0xffd9b5a0:   084fc260 0000000c ffd9b5c4 08ea57f0
0xffd9b5b0:   08ea5850 f7f254d0 ffd9b5bc f7f52970
0xffd9b5c0:   0000000c ffd9d641 ffd9d653 ffd9d656
0xffd9b5d0:   ffd9d668 ffd9d66b ffd9d676 ffd9d69a
0xffd9b5e0:   ffd9d6aa ffd9d6b9 ffd9d6d8 ffd9d6db 

Instructions: (pc=0xf7885618)
0xf7885518:   50 8d 96 86 f7 fa ff 8d 86 d0 2f fb ff e8 c6 b7
0xf7885528:   ff ff 8d b6 00 00 00 00 bb 20 00 00 00 e9 5e fe
0xf7885538:   ff ff e8 a1 c0 ff ff 89 c5 85 c0 0f 85 68 ff ff
0xf7885548:   ff 31 d2 8d 44 3b 10 e8 8c c1 ff ff 89 da 89 f9
0xf7885558:   89 c5 e8 11 f0 ff ff 89 c2 85 c0 75 1b 85 ed 74
0xf7885568:   17 90 89 fa 89 e8 e8 bd c5 ff ff 89 da 89 f9 89
0xf7885578:   c5 e8 f2 ef ff ff 89 c2 85 ed 0f 84 57 ff ff ff
0xf7885588:   e9 39 ff ff ff 8d 86 b8 31 fb ff 83 ec 0c b9 25
0xf7885598:   0d 00 00 50 8d 96 86 f7 fa ff 8d 86 74 2f fb ff
0xf78855a8:   e8 43 b7 ff ff 8d 76 00 f3 0f 1e fb e8 0a 9a f9
0xf78855b8:   ff 05 47 0a 12 00 56 53 83 ec 04 8b 5c 24 10 8b
0xf78855c8:   74 24 14 8b 80 50 ff ff ff c7 00 00 00 00 00 e8
0xf78855d8:   54 bb ff ff 8b 4c 24 0c 83 c4 04 89 f2 89 d8 5b
0xf78855e8:   5e e9 42 fd ff ff 66 90 f3 0f 1e fb 56 e8 9a 9b
0xf78855f8:   f9 ff 81 c6 06 0a 12 00 53 83 ec 14 8b 5c 24 20
0xf7885608:   8b 86 5c ff ff ff 8b 00 85 c0 75 6c 85 db 74 75
0xf7885618:   8b 4b fc 8d 53 f8 f6 c1 02 75 35 8b 86 70 fe ff
0xf7885628:   ff 65 8b 00 85 c0 0f 84 8c 00 00 00 83 e1 04 8d
0xf7885638:   86 60 07 00 00 74 09 89 d0 25 00 00 f0 ff 8b 00
0xf7885648:   83 c4 14 31 c9 5b 5e e9 8c cb ff ff 8d 74 26 00
0xf7885658:   8b 9e 60 01 00 00 85 db 75 10 3b 8e 48 01 00 00
0xf7885668:   76 08 81 f9 00 00 08 00 76 26 83 c4 14 89 d0 5b
0xf7885678:   5e e9 92 b8 ff ff 66 90 83 ec 08 ff 74 24 24 53
0xf7885688:   ff d0 83 c4 10 83 c4 14 5b 5e c3 8d 74 26 00 90
0xf7885698:   39 96 80 1d 00 00 77 08 39 96 7c 1d 00 00 77 ca
0xf78856a8:   83 e1 f8 8d 04 09 89 8e 48 01 00 00 89 86 40 01
0xf78856b8:   00 00 90 eb b5 8d 76 00 8b 86 74 fe ff ff 65 80
0xf78856c8:   38 00 0f 85 64 ff ff ff 89 54 24 0c e8 97 ed ff
0xf78856d8:   ff 8b 4b fc 8b 54 24 0c e9 4f ff ff ff 8d b4 26
0xf78856e8:   00 00 00 00 8d 74 26 00 f3 0f 1e fb 55 57 56 e8
0xf78856f8:   98 9a f9 ff 81 c6 04 09 12 00 53 83 ec 0c 8b 86
0xf7885708:   70 fe ff ff 8b 96 74 fe ff ff 65 8b 28 65 c6 02 



---------------  P R O C E S S  ---------------

VM state: at safepoint (shutting down)

VM Mutex/Monitor currently owned by a thread:  ([mutex/lock_event])
[0xf5e21d30] Threads_lock - owner thread: 0xc4194cf0

GC Precious Log:
<Skipped>

Heap:
 garbage-first heap   total 131072K, used 77420K [0xc5c00000, 0xe5c00000)
  region size 1024K, 74 young (75776K), 8 survivors (8192K)
 Metaspace       used 7800K, committed 8640K, reserved 16384K

Heap Regions: E=young(eden), S=young(survivor), O=old, HS=humongous(starts), HC=humongous(continues), CS=collection set, F=free, OA=open archive, CA=closed archive, TAMS=top-at-mark-start (previous, next)
|   0|0xc5c00000, 0xc5d00000, 0xc5d00000|100%| O|  |TAMS 0xc5c00000, 0xc5c00000| Untracked 
|   1|0xc5d00000, 0xc5e00000, 0xc5e00000|100%| O|  |TAMS 0xc5d00000, 0xc5d00000| Untracked 
|   2|0xc5e00000, 0xc5ec2400, 0xc5f00000| 75%| O|  |TAMS 0xc5e00000, 0xc5e00000| Untracked 
|   3|0xc5f00000, 0xc5f00000, 0xc6000000|  0%| F|  |TAMS 0xc5f00000, 0xc5f00000| Untracked 
|   4|0xc6000000, 0xc6000000, 0xc6100000|  0%| F|  |TAMS 0xc6000000, 0xc6000000| Untracked 
|   5|0xc6100000, 0xc6100000, 0xc6200000|  0%| F|  |TAMS 0xc6100000, 0xc6100000| Untracked 
|   6|0xc6200000, 0xc6200000, 0xc6300000|  0%| F|  |TAMS 0xc6200000, 0xc6200000| Untracked 
|   7|0xc6300000, 0xc6300000, 0xc6400000|  0%| F|  |TAMS 0xc6300000, 0xc6300000| Untracked 
|   8|0xc6400000, 0xc6400000, 0xc6500000|  0%| F|  |TAMS 0xc6400000, 0xc6400000| Untracked 
|   9|0xc6500000, 0xc6500000, 0xc6600000|  0%| F|  |TAMS 0xc6500000, 0xc6500000| Untracked 
|  10|0xc6600000, 0xc6600000, 0xc6700000|  0%| F|  |TAMS 0xc6600000, 0xc6600000| Untracked 
|  11|0xc6700000, 0xc6700000, 0xc6800000|  0%| F|  |TAMS 0xc6700000, 0xc6700000| Untracked 
|  12|0xc6800000, 0xc6800000, 0xc6900000|  0%| F|  |TAMS 0xc6800000, 0xc6800000| Untracked 
|  13|0xc6900000, 0xc6900000, 0xc6a00000|  0%| F|  |TAMS 0xc6900000, 0xc6900000| Untracked 
|  14|0xc6a00000, 0xc6a00000, 0xc6b00000|  0%| F|  |TAMS 0xc6a00000, 0xc6a00000| Untracked 
|  15|0xc6b00000, 0xc6b00000, 0xc6c00000|  0%| F|  |TAMS 0xc6b00000, 0xc6b00000| Untracked 
|  16|0xc6c00000, 0xc6c00000, 0xc6d00000|  0%| F|  |TAMS 0xc6c00000, 0xc6c00000| Untracked 
|  17|0xc6d00000, 0xc6d00000, 0xc6e00000|  0%| F|  |TAMS 0xc6d00000, 0xc6d00000| Untracked 
|  18|0xc6e00000, 0xc6e00000, 0xc6f00000|  0%| F|  |TAMS 0xc6e00000, 0xc6e00000| Untracked 
|  19|0xc6f00000, 0xc6f00000, 0xc7000000|  0%| F|  |TAMS 0xc6f00000, 0xc6f00000| Untracked 
|  20|0xc7000000, 0xc7000000, 0xc7100000|  0%| F|  |TAMS 0xc7000000, 0xc7000000| Untracked 
|  21|0xc7100000, 0xc7100000, 0xc7200000|  0%| F|  |TAMS 0xc7100000, 0xc7100000| Untracked 
|  22|0xc7200000, 0xc7200000, 0xc7300000|  0%| F|  |TAMS 0xc7200000, 0xc7200000| Untracked 
|  23|0xc7300000, 0xc7300000, 0xc7400000|  0%| F|  |TAMS 0xc7300000, 0xc7300000| Untracked 
|  24|0xc7400000, 0xc7400000, 0xc7500000|  0%| F|  |TAMS 0xc7400000, 0xc7400000| Untracked 
|  25|0xc7500000, 0xc7500000, 0xc7600000|  0%| F|  |TAMS 0xc7500000, 0xc7500000| Untracked 
|  26|0xc7600000, 0xc7600000, 0xc7700000|  0%| F|  |TAMS 0xc7600000, 0xc7600000| Untracked 
|  27|0xc7700000, 0xc7700000, 0xc7800000|  0%| F|  |TAMS 0xc7700000, 0xc7700000| Untracked 
|  28|0xc7800000, 0xc7800000, 0xc7900000|  0%| F|  |TAMS 0xc7800000, 0xc7800000| Untracked 
|  29|0xc7900000, 0xc7900000, 0xc7a00000|  0%| F|  |TAMS 0xc7900000, 0xc7900000| Untracked 
|  30|0xc7a00000, 0xc7a00000, 0xc7b00000|  0%| F|  |TAMS 0xc7a00000, 0xc7a00000| Untracked 
|  31|0xc7b00000, 0xc7b00000, 0xc7c00000|  0%| F|  |TAMS 0xc7b00000, 0xc7b00000| Untracked 
|  32|0xc7c00000, 0xc7c00000, 0xc7d00000|  0%| F|  |TAMS 0xc7c00000, 0xc7c00000| Untracked 
|  33|0xc7d00000, 0xc7d00000, 0xc7e00000|  0%| F|  |TAMS 0xc7d00000, 0xc7d00000| Untracked 
|  34|0xc7e00000, 0xc7e00000, 0xc7f00000|  0%| F|  |TAMS 0xc7e00000, 0xc7e00000| Untracked 
|  35|0xc7f00000, 0xc7f00000, 0xc8000000|  0%| F|  |TAMS 0xc7f00000, 0xc7f00000| Untracked 
|  36|0xc8000000, 0xc8000000, 0xc8100000|  0%| F|  |TAMS 0xc8000000, 0xc8000000| Untracked 
|  37|0xc8100000, 0xc8100000, 0xc8200000|  0%| F|  |TAMS 0xc8100000, 0xc8100000| Untracked 
|  38|0xc8200000, 0xc8200000, 0xc8300000|  0%| F|  |TAMS 0xc8200000, 0xc8200000| Untracked 
|  39|0xc8300000, 0xc8300000, 0xc8400000|  0%| F|  |TAMS 0xc8300000, 0xc8300000| Untracked 
|  40|0xc8400000, 0xc8400000, 0xc8500000|  0%| F|  |TAMS 0xc8400000, 0xc8400000| Untracked 
|  41|0xc8500000, 0xc8500000, 0xc8600000|  0%| F|  |TAMS 0xc8500000, 0xc8500000| Untracked 
|  42|0xc8600000, 0xc8600000, 0xc8700000|  0%| F|  |TAMS 0xc8600000, 0xc8600000| Untracked 
|  43|0xc8700000, 0xc8700000, 0xc8800000|  0%| F|  |TAMS 0xc8700000, 0xc8700000| Untracked 
|  44|0xc8800000, 0xc88d8770, 0xc8900000| 84%| S|CS|TAMS 0xc8800000, 0xc8800000| Complete 
|  45|0xc8900000, 0xc8a00000, 0xc8a00000|100%| S|CS|TAMS 0xc8900000, 0xc8900000| Complete 
|  46|0xc8a00000, 0xc8b00000, 0xc8b00000|100%| S|CS|TAMS 0xc8a00000, 0xc8a00000| Complete 
|  47|0xc8b00000, 0xc8b00000, 0xc8c00000|  0%| F|  |TAMS 0xc8b00000, 0xc8b00000| Untracked 
|  48|0xc8c00000, 0xc8c00000, 0xc8d00000|  0%| F|  |TAMS 0xc8c00000, 0xc8c00000| Untracked 
|  49|0xc8d00000, 0xc8d00000, 0xc8e00000|  0%| F|  |TAMS 0xc8d00000, 0xc8d00000| Untracked 
|  50|0xc8e00000, 0xc8e00000, 0xc8f00000|  0%| F|  |TAMS 0xc8e00000, 0xc8e00000| Untracked 
|  51|0xc8f00000, 0xc8f00000, 0xc9000000|  0%| F|  |TAMS 0xc8f00000, 0xc8f00000| Untracked 
|  52|0xc9000000, 0xc9100000, 0xc9100000|100%| S|CS|TAMS 0xc9000000, 0xc9000000| Complete 
|  53|0xc9100000, 0xc9200000, 0xc9200000|100%| S|CS|TAMS 0xc9100000, 0xc9100000| Complete 
|  54|0xc9200000, 0xc9300000, 0xc9300000|100%| S|CS|TAMS 0xc9200000, 0xc9200000| Complete 
|  55|0xc9300000, 0xc9400000, 0xc9400000|100%| S|CS|TAMS 0xc9300000, 0xc9300000| Complete 
|  56|0xc9400000, 0xc9500000, 0xc9500000|100%| S|CS|TAMS 0xc9400000, 0xc9400000| Complete 
|  57|0xc9500000, 0xc9500000, 0xc9600000|  0%| F|  |TAMS 0xc9500000, 0xc9500000| Untracked 
|  58|0xc9600000, 0xc9600000, 0xc9700000|  0%| F|  |TAMS 0xc9600000, 0xc9600000| Untracked 
|  59|0xc9700000, 0xc9700000, 0xc9800000|  0%| F|  |TAMS 0xc9700000, 0xc9700000| Untracked 
|  60|0xc9800000, 0xc9800000, 0xc9900000|  0%| F|  |TAMS 0xc9800000, 0xc9800000| Untracked 
|  61|0xc9900000, 0xc9900000, 0xc9a00000|  0%| F|  |TAMS 0xc9900000, 0xc9900000| Untracked 
|  62|0xc9a00000, 0xc9a00800, 0xc9b00000|  0%| E|  |TAMS 0xc9a00000, 0xc9a00000| Complete 
|  63|0xc9b00000, 0xc9c00000, 0xc9c00000|100%| E|CS|TAMS 0xc9b00000, 0xc9b00000| Complete 
|  64|0xc9c00000, 0xc9d00000, 0xc9d00000|100%| E|CS|TAMS 0xc9c00000, 0xc9c00000| Complete 
|  65|0xc9d00000, 0xc9e00000, 0xc9e00000|100%| E|CS|TAMS 0xc9d00000, 0xc9d00000| Complete 
|  66|0xc9e00000, 0xc9f00000, 0xc9f00000|100%| E|CS|TAMS 0xc9e00000, 0xc9e00000| Complete 
|  67|0xc9f00000, 0xca000000, 0xca000000|100%| E|CS|TAMS 0xc9f00000, 0xc9f00000| Complete 
|  68|0xca000000, 0xca100000, 0xca100000|100%| E|CS|TAMS 0xca000000, 0xca000000| Complete 
|  69|0xca100000, 0xca200000, 0xca200000|100%| E|CS|TAMS 0xca100000, 0xca100000| Complete 
|  70|0xca200000, 0xca300000, 0xca300000|100%| E|CS|TAMS 0xca200000, 0xca200000| Complete 
|  71|0xca300000, 0xca400000, 0xca400000|100%| E|CS|TAMS 0xca300000, 0xca300000| Complete 
|  72|0xca400000, 0xca500000, 0xca500000|100%| E|CS|TAMS 0xca400000, 0xca400000| Complete 
|  73|0xca500000, 0xca600000, 0xca600000|100%| E|CS|TAMS 0xca500000, 0xca500000| Complete 
|  74|0xca600000, 0xca700000, 0xca700000|100%| E|CS|TAMS 0xca600000, 0xca600000| Complete 
|  75|0xca700000, 0xca800000, 0xca800000|100%| E|CS|TAMS 0xca700000, 0xca700000| Complete 
|  76|0xca800000, 0xca900000, 0xca900000|100%| E|CS|TAMS 0xca800000, 0xca800000| Complete 
|  77|0xca900000, 0xcaa00000, 0xcaa00000|100%| E|CS|TAMS 0xca900000, 0xca900000| Complete 
|  78|0xcaa00000, 0xcab00000, 0xcab00000|100%| E|CS|TAMS 0xcaa00000, 0xcaa00000| Complete 
|  79|0xcab00000, 0xcac00000, 0xcac00000|100%| E|CS|TAMS 0xcab00000, 0xcab00000| Complete 
|  80|0xcac00000, 0xcad00000, 0xcad00000|100%| E|CS|TAMS 0xcac00000, 0xcac00000| Complete 
|  81|0xcad00000, 0xcae00000, 0xcae00000|100%| E|CS|TAMS 0xcad00000, 0xcad00000| Complete 
|  82|0xcae00000, 0xcaf00000, 0xcaf00000|100%| E|CS|TAMS 0xcae00000, 0xcae00000| Complete 
|  83|0xcaf00000, 0xcb000000, 0xcb000000|100%| E|CS|TAMS 0xcaf00000, 0xcaf00000| Complete 
|  84|0xcb000000, 0xcb100000, 0xcb100000|100%| E|CS|TAMS 0xcb000000, 0xcb000000| Complete 
|  85|0xcb100000, 0xcb200000, 0xcb200000|100%| E|CS|TAMS 0xcb100000, 0xcb100000| Complete 
|  86|0xcb200000, 0xcb300000, 0xcb300000|100%| E|CS|TAMS 0xcb200000, 0xcb200000| Complete 
|  87|0xcb300000, 0xcb400000, 0xcb400000|100%| E|CS|TAMS 0xcb300000, 0xcb300000| Complete 
|  88|0xcb400000, 0xcb500000, 0xcb500000|100%| E|CS|TAMS 0xcb400000, 0xcb400000| Complete 
|  89|0xcb500000, 0xcb600000, 0xcb600000|100%| E|CS|TAMS 0xcb500000, 0xcb500000| Complete 
|  90|0xcb600000, 0xcb700000, 0xcb700000|100%| E|CS|TAMS 0xcb600000, 0xcb600000| Complete 
|  91|0xcb700000, 0xcb800000, 0xcb800000|100%| E|CS|TAMS 0xcb700000, 0xcb700000| Complete 
|  92|0xcb800000, 0xcb900000, 0xcb900000|100%| E|CS|TAMS 0xcb800000, 0xcb800000| Complete 
|  93|0xcb900000, 0xcba00000, 0xcba00000|100%| E|CS|TAMS 0xcb900000, 0xcb900000| Complete 
|  94|0xcba00000, 0xcbb00000, 0xcbb00000|100%| E|CS|TAMS 0xcba00000, 0xcba00000| Complete 
|  95|0xcbb00000, 0xcbc00000, 0xcbc00000|100%| E|CS|TAMS 0xcbb00000, 0xcbb00000| Complete 
|  96|0xcbc00000, 0xcbd00000, 0xcbd00000|100%| E|CS|TAMS 0xcbc00000, 0xcbc00000| Complete 
|  97|0xcbd00000, 0xcbe00000, 0xcbe00000|100%| E|CS|TAMS 0xcbd00000, 0xcbd00000| Complete 
|  98|0xcbe00000, 0xcbf00000, 0xcbf00000|100%| E|CS|TAMS 0xcbe00000, 0xcbe00000| Complete 
|  99|0xcbf00000, 0xcc000000, 0xcc000000|100%| E|CS|TAMS 0xcbf00000, 0xcbf00000| Complete 
| 100|0xcc000000, 0xcc100000, 0xcc100000|100%| E|CS|TAMS 0xcc000000, 0xcc000000| Complete 
| 101|0xcc100000, 0xcc200000, 0xcc200000|100%| E|CS|TAMS 0xcc100000, 0xcc100000| Complete 
| 102|0xcc200000, 0xcc300000, 0xcc300000|100%| E|CS|TAMS 0xcc200000, 0xcc200000| Complete 
| 103|0xcc300000, 0xcc400000, 0xcc400000|100%| E|CS|TAMS 0xcc300000, 0xcc300000| Complete 
| 104|0xcc400000, 0xcc500000, 0xcc500000|100%| E|CS|TAMS 0xcc400000, 0xcc400000| Complete 
| 105|0xcc500000, 0xcc600000, 0xcc600000|100%| E|CS|TAMS 0xcc500000, 0xcc500000| Complete 
| 106|0xcc600000, 0xcc700000, 0xcc700000|100%| E|CS|TAMS 0xcc600000, 0xcc600000| Complete 
| 107|0xcc700000, 0xcc800000, 0xcc800000|100%| E|CS|TAMS 0xcc700000, 0xcc700000| Complete 
| 108|0xcc800000, 0xcc900000, 0xcc900000|100%| E|CS|TAMS 0xcc800000, 0xcc800000| Complete 
| 109|0xcc900000, 0xcca00000, 0xcca00000|100%| E|CS|TAMS 0xcc900000, 0xcc900000| Complete 
| 110|0xcca00000, 0xccb00000, 0xccb00000|100%| E|CS|TAMS 0xcca00000, 0xcca00000| Complete 
| 111|0xccb00000, 0xccc00000, 0xccc00000|100%| E|CS|TAMS 0xccb00000, 0xccb00000| Complete 
| 112|0xccc00000, 0xccd00000, 0xccd00000|100%| E|CS|TAMS 0xccc00000, 0xccc00000| Complete 
| 113|0xccd00000, 0xcce00000, 0xcce00000|100%| E|CS|TAMS 0xccd00000, 0xccd00000| Complete 
| 114|0xcce00000, 0xccf00000, 0xccf00000|100%| E|CS|TAMS 0xcce00000, 0xcce00000| Complete 
| 115|0xccf00000, 0xcd000000, 0xcd000000|100%| E|CS|TAMS 0xccf00000, 0xccf00000| Complete 
| 116|0xcd000000, 0xcd100000, 0xcd100000|100%| E|CS|TAMS 0xcd000000, 0xcd000000| Complete 
| 117|0xcd100000, 0xcd200000, 0xcd200000|100%| E|CS|TAMS 0xcd100000, 0xcd100000| Complete 
| 118|0xcd200000, 0xcd300000, 0xcd300000|100%| E|CS|TAMS 0xcd200000, 0xcd200000| Complete 
| 119|0xcd300000, 0xcd400000, 0xcd400000|100%| E|CS|TAMS 0xcd300000, 0xcd300000| Complete 
| 120|0xcd400000, 0xcd500000, 0xcd500000|100%| E|CS|TAMS 0xcd400000, 0xcd400000| Complete 
| 121|0xcd500000, 0xcd600000, 0xcd600000|100%| E|CS|TAMS 0xcd500000, 0xcd500000| Complete 
| 122|0xcd600000, 0xcd700000, 0xcd700000|100%| E|CS|TAMS 0xcd600000, 0xcd600000| Complete 
| 123|0xcd700000, 0xcd800000, 0xcd800000|100%| E|CS|TAMS 0xcd700000, 0xcd700000| Complete 
| 124|0xcd800000, 0xcd900000, 0xcd900000|100%| E|CS|TAMS 0xcd800000, 0xcd800000| Complete 
| 125|0xcd900000, 0xcda00000, 0xcda00000|100%| E|CS|TAMS 0xcd900000, 0xcd900000| Complete 
| 126|0xcda00000, 0xcdb00000, 0xcdb00000|100%| E|CS|TAMS 0xcda00000, 0xcda00000| Complete 
| 127|0xcdb00000, 0xcdc00000, 0xcdc00000|100%| E|CS|TAMS 0xcdb00000, 0xcdb00000| Complete 

Card table byte_map: [0xc5a00000,0xc5b00000] _byte_map_base: 0xc53d2000

Marking Bits (Prev, Next): (CMBitMap*) 0xf5e8b528, (CMBitMap*) 0xf5e8b548
 Prev Bits: [0xc5100000, 0xc5900000)
 Next Bits: [0xc4900000, 0xc5100000)

Polling page: 0xf7f17000

Metaspace:

Usage:
    7.62 MB used.

Virtual space:
     16.00 MB reserved,       8.44 MB ( 53%) committed,  1 nodes.

Chunk freelists:
5.25 MB

MaxMetaspaceSize: 96.00 MB
No class space
Initial GC threshold: 16.00 MB
Current GC threshold: 16.00 MB
CDS: on
MetaspaceReclaimPolicy: balanced
 - commit_granule_bytes: 65536.
 - commit_granule_words: 16384.
 - virtual_space_node_default_size: 4194304.
 - enlarge_chunks_in_place: 1.
 - new_chunks_are_fully_committed: 0.
 - uncommit_free_chunks: 1.
 - use_allocation_guard: 0.
 - handle_deallocations: 1.


Internal statistics:

num_allocs_failed_limit: 0.
num_arena_births: 546.
num_arena_deaths: 0.
num_vsnodes_births: 1.
num_vsnodes_deaths: 0.
num_space_committed: 135.
num_space_uncommitted: 0.
num_chunks_returned_to_freelist: 0.
num_chunks_taken_from_freelist: 955.
num_chunk_merges: 0.
num_chunk_splits: 697.
num_chunks_enlarged: 514.
num_inconsistent_stats: 0.

CodeHeap 'non-profiled nmethods': size=120172Kb used=1337Kb max_used=1337Kb free=118835Kb
 bounds [0xed7f5000, 0xeda35000, 0xf4d50000]
CodeHeap 'profiled nmethods': size=120172Kb used=4434Kb max_used=4434Kb free=115737Kb
 bounds [0xe5d50000, 0xe61a8000, 0xed2ab000]
CodeHeap 'non-nmethods': size=5416Kb used=748Kb max_used=802Kb free=4667Kb
 bounds [0xed2ab000, 0xed4eb000, 0xed7f5000]
 total_blobs=2560 nmethods=2198 adapters=276
 compilation: enabled
              stopped_count=0, restarted_count=0
 full_count=0

Compilation events (20 events):
Event: 14980.490 Thread 0xc41a0560 2205       3       script.library.gcw::getRebelPercentileByRegion (8 bytes)
Event: 14980.491 Thread 0xc41a0560 nmethod 2205 0xe61a0a88 code [0xe61a0bc0, 0xe61a0ccc]
Event: 15186.548 Thread 0xc41a0560 2206       3       script.base_class::setPosture (9 bytes)
Event: 15186.549 Thread 0xc41a0560 nmethod 2206 0xe61a0d88 code [0xe61a0ee0, 0xe61a10ec]
Event: 15761.600 Thread 0xc41a0560 2208       3       script.library.travel::setShuttleAvailability (99 bytes)
Event: 15761.603 Thread 0xc41a0560 nmethod 2208 0xe61a1208 code [0xe61a15c0, 0xe61a2ba4]
Event: 15874.517 Thread 0xc41a0560 2209   !   3       jdk.internal.reflect.GeneratedMethodAccessor67::invoke (76 bytes)
Event: 15874.518 Thread 0xc41a0560 nmethod 2209 0xe61a3508 code [0xe61a3720, 0xe61a3f28]
Event: 16327.530 Thread 0xc419f430 2210       4       script.region::<init> (62 bytes)
Event: 16327.534 Thread 0xc419f430 nmethod 2210 0xed941808 code [0xed941920, 0xed941b50]
Event: 16835.569 Thread 0xc419f430 2211       4       script.dictionary::getObjId (38 bytes)
Event: 16835.669 Thread 0xc419f430 nmethod 2211 0xed941b88 code [0xed941ce0, 0xed942470]
Event: 17981.534 Thread 0xc419f430 2212       4       script.base_class::isInvulnerable (8 bytes)
Event: 17981.535 Thread 0xc419f430 nmethod 2212 0xed942888 code [0xed9429a0, 0xed942a5c]
Event: 18381.561 Thread 0xc419f430 2213       4       script.base_class::getTopMostContainer (11 bytes)
Event: 18381.563 Thread 0xc419f430 nmethod 2213 0xed942b88 code [0xed942cc0, 0xed942da4]
Event: 19665.578 Thread 0xc419f430 2214       4       java.util.Hashtable$Enumerator::next (27 bytes)
Event: 19665.584 Thread 0xc419f430 nmethod 2214 0xed942e88 code [0xed942fc0, 0xed9432f0]
Event: 20946.526 Thread 0xc41a0560 2215       3       java.lang.StringConcatHelper::prepend (218 bytes)
Event: 20946.527 Thread 0xc41a0560 nmethod 2215 0xe61a4388 code [0xe61a44e0, 0xe61a4860]

GC Heap History (8 events):
Event: 45.817 GC heap before
{Heap before GC invocations=0 (full 0):
 garbage-first heap   total 131072K, used 12288K [0xc5c00000, 0xe5c00000)
  region size 1024K, 13 young (13312K), 0 survivors (0K)
 Metaspace       used 2621K, committed 2816K, reserved 16384K
}
Event: 45.838 GC heap after
{Heap after GC invocations=1 (full 0):
 garbage-first heap   total 131072K, used 2598K [0xc5c00000, 0xe5c00000)
  region size 1024K, 2 young (2048K), 2 survivors (2048K)
 Metaspace       used 2621K, committed 2816K, reserved 16384K
}
Event: 67.049 GC heap before
{Heap before GC invocations=1 (full 0):
 garbage-first heap   total 131072K, used 18982K [0xc5c00000, 0xe5c00000)
  region size 1024K, 18 young (18432K), 2 survivors (2048K)
 Metaspace       used 3882K, committed 4160K, reserved 16384K
}
Event: 67.074 GC heap after
{Heap after GC invocations=2 (full 0):
 garbage-first heap   total 131072K, used 3838K [0xc5c00000, 0xe5c00000)
  region size 1024K, 1 young (1024K), 1 survivors (1024K)
 Metaspace       used 3882K, committed 4160K, reserved 16384K
}
Event: 252.874 GC heap before
{Heap before GC invocations=2 (full 0):
 garbage-first heap   total 131072K, used 80638K [0xc5c00000, 0xe5c00000)
  region size 1024K, 76 young (77824K), 1 survivors (1024K)
 Metaspace       used 6119K, committed 6784K, reserved 16384K
}
Event: 252.901 GC heap after
{Heap after GC invocations=3 (full 0):
 garbage-first heap   total 131072K, used 7509K [0xc5c00000, 0xe5c00000)
  region size 1024K, 5 young (5120K), 5 survivors (5120K)
 Metaspace       used 6119K, committed 6784K, reserved 16384K
}
Event: 1381.563 GC heap before
{Heap before GC invocations=3 (full 0):
 garbage-first heap   total 131072K, used 80213K [0xc5c00000, 0xe5c00000)
  region size 1024K, 76 young (77824K), 5 survivors (5120K)
 Metaspace       used 7782K, committed 8640K, reserved 16384K
}
Event: 1381.666 GC heap after
{Heap after GC invocations=4 (full 0):
 garbage-first heap   total 131072K, used 10858K [0xc5c00000, 0xe5c00000)
  region size 1024K, 8 young (8192K), 8 survivors (8192K)
 Metaspace       used 7782K, committed 8640K, reserved 16384K
}

Dll operation events (4 events):
Event: 0.016 Loaded shared library /usr/lib/jvm/java-17-zulu-openjdk-jdk-x86/lib/libjava.so
Event: 45.717 Loaded shared library /usr/lib/jvm/java-17-zulu-openjdk-jdk-x86/lib/libnio.so
Event: 45.718 Loaded shared library /usr/lib/jvm/java-17-zulu-openjdk-jdk-x86/lib/libjimage.so
Event: 45.719 Loaded shared library /usr/lib/jvm/java-17-zulu-openjdk-jdk-x86/lib/libnet.so

Deoptimization events (20 events):
Event: 457.631 Thread 0x0c174960 DEOPT PACKING pc=0xed8e97c0 sp=0xffd99de0
Event: 457.631 Thread 0x0c174960 DEOPT UNPACKING pc=0xed2f4d33 sp=0xffd99dc8 mode 2
Event: 457.631 Thread 0x0c174960 Uncommon trap: trap_request=0xffffffd6 fr.pc=0xed8e97c0 relative=0x000011e0
Event: 457.631 Thread 0x0c174960 Uncommon trap: reason=array_check action=maybe_recompile pc=0xed8e97c0 method=java.io.ObjectInputStream.readArray(Z)Ljava/lang/Object; @ 392 c2
Event: 457.631 Thread 0x0c174960 DEOPT PACKING pc=0xed8e97c0 sp=0xffd99de0
Event: 457.631 Thread 0x0c174960 DEOPT UNPACKING pc=0xed2f4d33 sp=0xffd99dc8 mode 2
Event: 457.631 Thread 0x0c174960 Uncommon trap: trap_request=0xffffffd6 fr.pc=0xed8e97c0 relative=0x000011e0
Event: 457.631 Thread 0x0c174960 Uncommon trap: reason=array_check action=maybe_recompile pc=0xed8e97c0 method=java.io.ObjectInputStream.readArray(Z)Ljava/lang/Object; @ 392 c2
Event: 457.631 Thread 0x0c174960 DEOPT PACKING pc=0xed8e97c0 sp=0xffd99de0
Event: 457.631 Thread 0x0c174960 DEOPT UNPACKING pc=0xed2f4d33 sp=0xffd99dc8 mode 2
Event: 463.648 Thread 0x0c174960 Uncommon trap: trap_request=0xffffff45 fr.pc=0xed8da178 relative=0x000019b8
Event: 463.648 Thread 0x0c174960 Uncommon trap: reason=unstable_if action=reinterpret pc=0xed8da178 method=jdk.internal.math.FloatingDecimal$BinaryToASCIIBuffer.dtoa(IJIZ)V @ 487 c2
Event: 463.648 Thread 0x0c174960 DEOPT PACKING pc=0xed8da178 sp=0xffd9a630
Event: 463.648 Thread 0x0c174960 DEOPT UNPACKING pc=0xed2f4d33 sp=0xffd9a5d4 mode 2
Event: 2682.601 Thread 0x0c174960 DEOPT PACKING pc=0xe61051ff sp=0xffd9ad80
Event: 2682.601 Thread 0x0c174960 DEOPT UNPACKING pc=0xed2f4171 sp=0xffd9ac50 mode 0
Event: 11709.476 Thread 0x0c174960 Uncommon trap: trap_request=0xffffffcc fr.pc=0xed939540 relative=0x00000100
Event: 11709.476 Thread 0x0c174960 Uncommon trap: reason=intrinsic action=make_not_entrant pc=0xed939540 method=java.util.ArrayList.toArray([Ljava/lang/Object;)[Ljava/lang/Object; @ 36 c2
Event: 11709.476 Thread 0x0c174960 DEOPT PACKING pc=0xed939540 sp=0xffd9ac30
Event: 11709.476 Thread 0x0c174960 DEOPT UNPACKING pc=0xed2f4d33 sp=0xffd9ac04 mode 2

Classes unloaded (0 events):
No events

Classes redefined (0 events):
No events

Internal exceptions (17 events):
Event: 45.552 Thread 0x0c174960 Exception <a 'java/lang/NoSuchMethodError'{0xcd37daf0}: 'java.lang.Object java.lang.invoke.DirectMethodHandle$Holder.invokeStatic(java.lang.Object, float)'> (0xcd37daf0) 
thrown [src/hotspot/share/interpreter/linkResolver.cpp, line 759]
Event: 45.848 Thread 0x0c174960 Exception <a 'java/lang/NoSuchMethodError'{0xcdb40ec0}: 'java.lang.Object java.lang.invoke.DirectMethodHandle$Holder.invokeSpecial(java.lang.Object, java.lang.Object, long, java.lang.Object, java.lang.Object, java.lang.Object, java.lang.Object, int, java.lang.Object)'> (0xcdb40ec0) 
thrown [src/hotspot/share/interpreter/linkResolver.cpp, line 759]
Event: 45.848 Thread 0x0c174960 Exception <a 'java/lang/NoSuchMethodError'{0xcdb451c0}: 'java.lang.Object java.lang.invoke.DelegatingMethodHandle$Holder.reinvoke_L(java.lang.Object, long, java.lang.Object, java.lang.Object, java.lang.Object, java.lang.Object, int, java.lang.Object)'> (0xcdb451c0) 
thrown [src/hotspot/share/interpreter/linkResolver.cpp, line 759]
Event: 45.858 Thread 0x0c174960 Exception <a 'java/lang/NoSuchMethodError'{0xcdbcdeb8}: 'java.lang.Object java.lang.invoke.DirectMethodHandle$Holder.invokeSpecial(java.lang.Object, java.lang.Object, java.lang.Object, java.lang.Object, float)'> (0xcdbcdeb8) 
thrown [src/hotspot/share/interpreter/linkResolver.cpp, line 759]
Event: 45.868 Thread 0x0c174960 Exception <a 'java/lang/NoSuchMethodError'{0xcdbface0}: 'java.lang.Object java.lang.invoke.DirectMethodHandle$Holder.invokeSpecial(java.lang.Object, java.lang.Object, java.lang.Object, java.lang.Object, int)'> (0xcdbface0) 
thrown [src/hotspot/share/interpreter/linkResolver.cpp, line 759]
Event: 45.868 Thread 0x0c174960 Exception <a 'java/lang/NoSuchMethodError'{0xcdbfe448}: 'java.lang.Object java.lang.invoke.Invokers$Holder.linkToTargetMethod(java.lang.Object, java.lang.Object, int, java.lang.Object)'> (0xcdbfe448) 
thrown [src/hotspot/share/interpreter/linkResolver.cpp, line 759]
Event: 46.102 Thread 0x0c174960 Exception <a 'java/lang/NoSuchMethodError'{0xcd8f1b68}: 'java.lang.Object java.lang.invoke.DirectMethodHandle$Holder.invokeSpecial(java.lang.Object, java.lang.Object, long, java.lang.Object, java.lang.Object, java.lang.Object, java.lang.Object, java.lang.Object, java.lang.Object)'> (0xcd8f1b68) 
thrown [src/hotspot/share/interpreter/linkResolver.cpp, line 759]
Event: 46.103 Thread 0x0c174960 Exception <a 'java/lang/NoSuchMethodError'{0xcd8f5f40}: 'java.lang.Object java.lang.invoke.DelegatingMethodHandle$Holder.reinvoke_L(java.lang.Object, long, java.lang.Object, java.lang.Object, java.lang.Object, java.lang.Object, java.lang.Object, java.lang.Object)'> (0xcd8f5f40) 
thrown [src/hotspot/share/interpreter/linkResolver.cpp, line 759]
Event: 51.549 Thread 0x0c174960 Exception <a 'java/lang/NoSuchMethodError'{0xcd52ab28}: 'java.lang.Object java.lang.invoke.DirectMethodHandle$Holder.invokeStaticInit(java.lang.Object)'> (0xcd52ab28) 
thrown [src/hotspot/share/interpreter/linkResolver.cpp, line 759]
Event: 81.569 Thread 0x0c174960 Exception <a 'java/lang/NoSuchMethodError'{0xcc81f870}: 'java.lang.Object java.lang.invoke.Invokers$Holder.linkToTargetMethod(java.lang.Object, java.lang.Object, int, java.lang.Object, java.lang.Object)'> (0xcc81f870) 
thrown [src/hotspot/share/interpreter/linkResolver.cpp, line 759]
Event: 127.567 Thread 0x0c174960 Exception <a 'java/lang/NoSuchMethodError'{0xcada5f60}: 'java.lang.Object java.lang.invoke.DirectMethodHandle$Holder.invokeSpecial(java.lang.Object, java.lang.Object, java.lang.Object, java.lang.Object, java.lang.Object, java.lang.Object, int)'> (0xcada5f60) 
thrown [src/hotspot/share/interpreter/linkResolver.cpp, line 759]
Event: 127.567 Thread 0x0c174960 Exception <a 'java/lang/NoSuchMethodError'{0xcada96a8}: 'java.lang.Object java.lang.invoke.Invokers$Holder.linkToTargetMethod(java.lang.Object, java.lang.Object, java.lang.Object, java.lang.Object, int, java.lang.Object)'> (0xcada96a8) 
thrown [src/hotspot/share/interpreter/linkResolver.cpp, line 759]
Event: 187.819 Thread 0x0c174960 Exception <a 'java/lang/NoSuchMethodError'{0xc9d6d778}: static [Lscript/obj_id;.<clinit>()V> (0xc9d6d778) 
thrown [src/hotspot/share/prims/jni.cpp, line 1112]
Event: 198.605 Thread 0x0c174960 Exception <a 'java/lang/NoSuchMethodError'{0xc9ce1750}: 'java.lang.Object java.lang.invoke.DirectMethodHandle$Holder.invokeSpecial(java.lang.Object, java.lang.Object, int, java.lang.Object, java.lang.Object)'> (0xc9ce1750) 
thrown [src/hotspot/share/interpreter/linkResolver.cpp, line 759]
Event: 203.123 Thread 0x0c174960 Exception <a 'java/lang/NoSuchMethodError'{0xc9a10b10}: 'java.lang.Object java.lang.invoke.DirectMethodHandle$Holder.invokeSpecial(java.lang.Object, java.lang.Object, int, int, int)'> (0xc9a10b10) 
thrown [src/hotspot/share/interpreter/linkResolver.cpp, line 759]
Event: 404.630 Thread 0x0c174960 Exception <a 'java/lang/NoSuchMethodError'{0xcbc146b0}: 'java.lang.Object java.lang.invoke.DirectMethodHandle$Holder.invokeSpecial(java.lang.Object, java.lang.Object, long, java.lang.Object, java.lang.Object, java.lang.Object, int, java.lang.Object, java.lang.Object)'> (0xcbc146b0) 
thrown [src/hotspot/share/interpreter/linkResolver.cpp, line 759]
Event: 404.630 Thread 0x0c174960 Exception <a 'java/lang/NoSuchMethodError'{0xcbc189b0}: 'java.lang.Object java.lang.invoke.DelegatingMethodHandle$Holder.reinvoke_L(java.lang.Object, long, java.lang.Object, java.lang.Object, java.lang.Object, int, java.lang.Object, java.lang.Object)'> (0xcbc189b0) 
thrown [src/hotspot/share/interpreter/linkResolver.cpp, line 759]

VM Operations (20 events):
Event: 1096.377 Executing VM operation: Cleanup
Event: 1096.377 Executing VM operation: Cleanup done
Event: 1381.563 Executing VM operation: G1CollectForAllocation
Event: 1381.666 Executing VM operation: G1CollectForAllocation done
Event: 1382.666 Executing VM operation: Cleanup
Event: 1382.666 Executing VM operation: Cleanup done
Event: 2177.960 Executing VM operation: Cleanup
Event: 2177.960 Executing VM operation: Cleanup done
Event: 2530.490 Executing VM operation: Cleanup
Event: 2530.491 Executing VM operation: Cleanup done
Event: 9553.939 Executing VM operation: Cleanup
Event: 9553.939 Executing VM operation: Cleanup done
Event: 13564.806 Executing VM operation: Cleanup
Event: 13564.806 Executing VM operation: Cleanup done
Event: 13767.093 Executing VM operation: Cleanup
Event: 13767.093 Executing VM operation: Cleanup done
Event: 13769.093 Executing VM operation: Cleanup
Event: 13769.093 Executing VM operation: Cleanup done
Event: 19671.459 Executing VM operation: Cleanup
Event: 19671.459 Executing VM operation: Cleanup done

Events (20 events):
Event: 187.876 loading class java/lang/constant/DirectMethodHandleDesc
Event: 187.877 loading class java/lang/constant/DirectMethodHandleDesc done
Event: 187.877 loading class java/lang/constant/DirectMethodHandleDescImpl done
Event: 187.877 loading class java/lang/constant/DirectMethodHandleDescImpl$1
Event: 187.877 loading class java/lang/constant/DirectMethodHandleDescImpl$1 done
Event: 187.877 loading class java/lang/constant/DirectMethodHandleDesc$1
Event: 187.877 loading class java/lang/constant/DirectMethodHandleDesc$1 done
Event: 187.879 loading class java/lang/constant/PrimitiveClassDescImpl
Event: 187.880 loading class java/lang/constant/DynamicConstantDesc
Event: 187.880 loading class java/lang/constant/DynamicConstantDesc done
Event: 187.880 loading class java/lang/constant/PrimitiveClassDescImpl done
Event: 187.880 loading class java/lang/constant/DynamicConstantDesc$AnonymousDynamicConstantDesc
Event: 187.880 loading class java/lang/constant/DynamicConstantDesc$AnonymousDynamicConstantDesc done
Event: 194.601 loading class java/util/Vector$Itr
Event: 194.601 loading class java/util/Vector$Itr done
Event: 401.867 loading class java/lang/AssertionError
Event: 401.868 loading class java/lang/AssertionError done
Event: 21014.893 Thread 0x0c174960 Thread exited: 0x0c174960
Event: 21014.895 Thread 0xf5e242d0 Thread exited: 0xf5e242d0
Event: 21014.895 Thread 0xc419bfd0 Thread exited: 0xc419bfd0


Dynamic libraries:
08048000-09298000 r-xp 00000000 08:04 494947248                          /home/almalinux/swg-returns-nge/build/bin/SwgGameServer
09298000-0929c000 rw-p 0124f000 08:04 494947248                          /home/almalinux/swg-returns-nge/build/bin/SwgGameServer
0929c000-09b1f000 rw-p 00000000 00:00 0 
0aaaf000-1529e000 rw-p 00000000 00:00 0                                  [heap]
be200000-be2fc000 rw-p 00000000 00:00 0 
be2fc000-be300000 ---p 00000000 00:00 0 
be500000-be5f9000 rw-p 00000000 00:00 0 
be5f9000-be600000 ---p 00000000 00:00 0 
be600000-be700000 rw-p 00000000 00:00 0 
be700000-be7f9000 rw-p 00000000 00:00 0 
be7f9000-be800000 ---p 00000000 00:00 0 
be800000-be8f9000 rw-p 00000000 00:00 0 
be8f9000-be900000 ---p 00000000 00:00 0 
be900000-be9ef000 rw-p 00000000 00:00 0 
be9ef000-bea00000 ---p 00000000 00:00 0 
beb00000-bebf9000 rw-p 00000000 00:00 0 
bebf9000-bec00000 ---p 00000000 00:00 0 
bec00000-becf7000 rw-p 00000000 00:00 0 
becf7000-bed00000 ---p 00000000 00:00 0 
bed00000-bedf9000 rw-p 00000000 00:00 0 
bedf9000-bee00000 ---p 00000000 00:00 0 
bf100000-bf1fc000 rw-p 00000000 00:00 0 
bf1fc000-bf200000 ---p 00000000 00:00 0 
bf200000-bf2f9000 rw-p 00000000 00:00 0 
bf2f9000-bf300000 ---p 00000000 00:00 0 
bf300000-bf3fb000 rw-p 00000000 00:00 0 
bf3fb000-bf400000 ---p 00000000 00:00 0 
bf400000-bf4f9000 rw-p 00000000 00:00 0 
bf4f9000-bf500000 ---p 00000000 00:00 0 
bf500000-bf5a9000 rw-p 00000000 00:00 0 
bf5a9000-bf600000 ---p 00000000 00:00 0 
bf600000-bf6e8000 rw-p 00000000 00:00 0 
bf6e8000-bf700000 ---p 00000000 00:00 0 
bf700000-bf7f9000 rw-p 00000000 00:00 0 
bf7f9000-bf800000 ---p 00000000 00:00 0 
bf800000-bf8f9000 rw-p 00000000 00:00 0 
bf8f9000-bf900000 ---p 00000000 00:00 0 
bf900000-bf9f9000 rw-p 00000000 00:00 0 
bf9f9000-bfa00000 ---p 00000000 00:00 0 
bfd00000-bfdff000 rw-p 00000000 00:00 0 
bfdff000-bfe00000 ---p 00000000 00:00 0 
bfe00000-bfeff000 rw-p 00000000 00:00 0 
bfeff000-bff00000 ---p 00000000 00:00 0 
bff00000-bfff9000 rw-p 00000000 00:00 0 
bfff9000-c0000000 ---p 00000000 00:00 0 
c0100000-c01fd000 rw-p 00000000 00:00 0 
c01fd000-c0200000 ---p 00000000 00:00 0 
c0a00000-c0ae3000 rw-p 00000000 00:00 0 
c0ae3000-c0b00000 ---p 00000000 00:00 0 
c0b7f000-c0b80000 ---p 00000000 00:00 0 
c0b80000-c0c00000 rw-p 00000000 00:00 0 
c0c00000-c0cfc000 rw-p 00000000 00:00 0 
c0cfc000-c0d00000 ---p 00000000 00:00 0 
c10fe000-c10ff000 ---p 00000000 00:00 0 
c10ff000-c117f000 rw-p 00000000 00:00 0 
c117f000-c1180000 ---p 00000000 00:00 0 
c1180000-c1200000 rw-p 00000000 00:00 0 
c1200000-c12f8000 rw-p 00000000 00:00 0 
c12f8000-c1300000 ---p 00000000 00:00 0 
c13fc000-c1400000 ---p 00000000 00:00 0 
c1400000-c147d000 rw-p 00000000 00:00 0 
c167f000-c1683000 ---p 00000000 00:00 0 
c1683000-c1740000 rw-p 00000000 00:00 0 
c1740000-c1744000 ---p 00000000 00:00 0 
c1744000-c1801000 rw-p 00000000 00:00 0 
c1801000-c1802000 ---p 00000000 00:00 0 
c1802000-c1882000 rw-p 00000000 00:00 0 
c1882000-c1886000 ---p 00000000 00:00 0 
c1886000-c1943000 rw-p 00000000 00:00 0 
c1943000-c1947000 ---p 00000000 00:00 0 
c1947000-c1a04000 rw-p 00000000 00:00 0 
c1a04000-c1a08000 ---p 00000000 00:00 0 
c1a08000-c1ac5000 rw-p 00000000 00:00 0 
c1ac5000-c1ac9000 ---p 00000000 00:00 0 
c1ac9000-c1b86000 rw-p 00000000 00:00 0 
c1b86000-c1e00000 r--p 00078000 08:04 535181                             /usr/lib/locale/locale-archive
c1e00000-c2000000 r--p 00000000 08:04 535181                             /usr/lib/locale/locale-archive
c2000000-c21b0000 rw-p 00000000 00:00 0 
c21b0000-c2400000 ---p 00000000 00:00 0 
c2400000-c2ac0000 rw-p 00000000 00:00 0 
c2ac0000-c3000000 ---p 00000000 00:00 0 
c303c000-c3040000 ---p 00000000 00:00 0 
c3040000-c30bd000 rw-p 00000000 00:00 0 
c30bd000-c30c1000 ---p 00000000 00:00 0 
c30c1000-c317e000 rw-p 00000000 00:00 0 
c317e000-c3182000 ---p 00000000 00:00 0 
c3182000-c323f000 rw-p 00000000 00:00 0 
c323f000-c3243000 ---p 00000000 00:00 0 
c3243000-c3300000 rw-p 00000000 00:00 0 
c3300000-c3321000 rw-p 00000000 00:00 0 
c3321000-c3400000 ---p 00000000 00:00 0 
c3431000-c3435000 ---p 00000000 00:00 0 
c3435000-c34b2000 rw-p 00000000 00:00 0 
c34b2000-c34b3000 ---p 00000000 00:00 0 
c34b3000-c3533000 rw-p 00000000 00:00 0 
c3533000-c3e00000 rw-p 00001000 08:04 143240867                          /usr/lib/jvm/java-17-zulu-openjdk-jdk-x86/lib/server/classes.jsa
c3e00000-c3e21000 rw-p 00000000 00:00 0 
c3e21000-c3f00000 ---p 00000000 00:00 0 
c3f7f000-c3f80000 ---p 00000000 00:00 0 
c3f80000-c4000000 rw-p 00000000 00:00 0 
c4000000-c4021000 rw-p 00000000 00:00 0 
c4021000-c4100000 ---p 00000000 00:00 0 
c4100000-c41d6000 rw-p 00000000 00:00 0 
c41d6000-c4200000 ---p 00000000 00:00 0 
c427f000-c4280000 ---p 00000000 00:00 0 
c4280000-c4300000 rw-p 00000000 00:00 0 
c4300000-c43f8000 rw-p 00000000 00:00 0 
c43f8000-c4400000 ---p 00000000 00:00 0 
c447f000-c4480000 ---p 00000000 00:00 0 
c4480000-c4500000 rw-p 00000000 00:00 0 
c4500000-c45e0000 rw-p 00000000 00:00 0 
c45e0000-c4600000 ---p 00000000 00:00 0 
c467f000-c4680000 ---p 00000000 00:00 0 
c4680000-c4700000 rw-p 00000000 00:00 0 
c4700000-c47fe000 rw-p 00000000 00:00 0 
c47fe000-c4800000 ---p 00000000 00:00 0 
c487f000-c4880000 ---p 00000000 00:00 0 
c4880000-c4b00000 rw-p 00000000 00:00 0 
c4b00000-c5100000 ---p 00000000 00:00 0 
c5100000-c5300000 rw-p 00000000 00:00 0 
c5300000-c5900000 ---p 00000000 00:00 0 
c5900000-c5940000 rw-p 00000000 00:00 0 
c5940000-c5a00000 ---p 00000000 00:00 0 
c5a00000-c5a40000 rw-p 00000000 00:00 0 
c5a40000-c5b00000 ---p 00000000 00:00 0 
c5b00000-c5b40000 rw-p 00000000 00:00 0 
c5b40000-c5c00000 ---p 00000000 00:00 0 
c5c00000-cdc00000 rw-p 00000000 00:00 0 
cdc00000-e5c00000 ---p 00000000 00:00 0 
e5c65000-e5c6a000 rw-p 00000000 00:00 0 
e5c6a000-e5d50000 ---p 00000000 00:00 0 
e5d50000-e61a8000 rwxp 00000000 00:00 0 
e61a8000-ed2ab000 ---p 00000000 00:00 0 
ed2ab000-ed4eb000 rwxp 00000000 00:00 0 
ed4eb000-ed7f5000 ---p 00000000 00:00 0 
ed7f5000-eda35000 rwxp 00000000 00:00 0 
eda35000-f4d50000 ---p 00000000 00:00 0 
f4d50000-f4eb8000 r--s 00000000 08:04 117534333                          /usr/lib/jvm/java-17-zulu-openjdk-jdk-x86/lib/modules
f4eb8000-f5d5a000 r-xp 00000000 08:04 143240869                          /usr/lib/jvm/java-17-zulu-openjdk-jdk-x86/lib/server/libjvm.so
f5d5a000-f5daf000 r--p 00ea1000 08:04 143240869                          /usr/lib/jvm/java-17-zulu-openjdk-jdk-x86/lib/server/libjvm.so
f5daf000-f5dd0000 rw-p 00ef6000 08:04 143240869                          /usr/lib/jvm/java-17-zulu-openjdk-jdk-x86/lib/server/libjvm.so
f5dd0000-f5e00000 rw-p 00000000 00:00 0 
f5e00000-f5f00000 rw-p 00000000 00:00 0 
f5f5d000-f5f5e000 ---p 00000000 00:00 0 
f5f5e000-f5f62000 ---p 00000000 00:00 0 
f5f62000-f6ad6000 rw-p 00000000 00:00 0 
f6ae2000-f6af7000 r-xp 00000000 08:04 117534323                          /usr/lib/jvm/java-17-zulu-openjdk-jdk-x86/lib/libnet.so
f6af7000-f6af8000 r--p 00014000 08:04 117534323                          /usr/lib/jvm/java-17-zulu-openjdk-jdk-x86/lib/libnet.so
f6af8000-f6af9000 rw-p 00015000 08:04 117534323                          /usr/lib/jvm/java-17-zulu-openjdk-jdk-x86/lib/libnet.so
f6af9000-f6b02000 rw-p 00000000 00:00 0 
f6b02000-f6be4000 ---p 00000000 00:00 0 
f6e1e000-f6e30000 r-xp 00000000 08:04 117534324                          /usr/lib/jvm/java-17-zulu-openjdk-jdk-x86/lib/libnio.so
f6e30000-f6e31000 r--p 00011000 08:04 117534324                          /usr/lib/jvm/java-17-zulu-openjdk-jdk-x86/lib/libnio.so
f6e31000-f6e32000 rw-p 00012000 08:04 117534324                          /usr/lib/jvm/java-17-zulu-openjdk-jdk-x86/lib/libnio.so
f6e32000-f6e5b000 rw-p 00000000 00:00 0 
f6e5b000-f6e7e000 r-xp 00000000 08:04 117534310                          /usr/lib/jvm/java-17-zulu-openjdk-jdk-x86/lib/libjava.so
f6e7e000-f6e7f000 r--p 00022000 08:04 117534310                          /usr/lib/jvm/java-17-zulu-openjdk-jdk-x86/lib/libjava.so
f6e7f000-f6e80000 rw-p 00023000 08:04 117534310                          /usr/lib/jvm/java-17-zulu-openjdk-jdk-x86/lib/libjava.so
f6e80000-f6e8c000 r-xp 00000000 08:04 16831767                           /usr/lib/libnss_files-2.28.so
f6e8c000-f6e8d000 r--p 0000b000 08:04 16831767                           /usr/lib/libnss_files-2.28.so
f6e8d000-f6e8e000 rw-p 0000c000 08:04 16831767                           /usr/lib/libnss_files-2.28.so
f6e8e000-f6e94000 rw-p 00000000 00:00 0 
f6e9a000-f6e9f000 rw-p 00000000 00:00 0 
f6e9f000-f6ea5000 ---p 00000000 00:00 0 
f6ea5000-f6ec0000 r-xp 00000000 08:04 117534314                          /usr/lib/jvm/java-17-zulu-openjdk-jdk-x86/lib/libjimage.so
f6ec0000-f6ec1000 ---p 0001b000 08:04 117534314                          /usr/lib/jvm/java-17-zulu-openjdk-jdk-x86/lib/libjimage.so
f6ec1000-f6ec2000 r--p 0001b000 08:04 117534314                          /usr/lib/jvm/java-17-zulu-openjdk-jdk-x86/lib/libjimage.so
f6ec2000-f6ec3000 rw-p 0001c000 08:04 117534314                          /usr/lib/jvm/java-17-zulu-openjdk-jdk-x86/lib/libjimage.so
f6ec3000-f6ec7000 rw-p 00000000 00:00 0 
f6ec7000-f6f4f000 r-xp 00000000 08:04 17191875                           /usr/lib/libpcre2-8.so.0.7.1
f6f4f000-f6f50000 r--p 00087000 08:04 17191875                           /usr/lib/libpcre2-8.so.0.7.1
f6f50000-f6f51000 rw-p 00088000 08:04 17191875                           /usr/lib/libpcre2-8.so.0.7.1
f6f51000-f6f71000 r-xp 00000000 08:04 17021543                           /usr/lib/libcrypt.so.1.1.0
f6f71000-f6f72000 ---p 00020000 08:04 17021543                           /usr/lib/libcrypt.so.1.1.0
f6f72000-f6f73000 r--p 00020000 08:04 17021543                           /usr/lib/libcrypt.so.1.1.0
f6f73000-f6f7c000 rw-p 00000000 00:00 0 
f6f7c000-f6fa7000 r-xp 00000000 08:04 17191887                           /usr/lib/libselinux.so.1
f6fa7000-f6fa8000 ---p 0002b000 08:04 17191887                           /usr/lib/libselinux.so.1
f6fa8000-f6fa9000 r--p 0002b000 08:04 17191887                           /usr/lib/libselinux.so.1
f6fa9000-f6faa000 rw-p 0002c000 08:04 17191887                           /usr/lib/libselinux.so.1
f6faa000-f6fab000 rw-p 00000000 00:00 0 
f6fab000-f6fca000 r-xp 00000000 08:04 18866589                           /usr/lib/libbrotlicommon.so.1.0.6
f6fca000-f6fcb000 r--p 0001e000 08:04 18866589                           /usr/lib/libbrotlicommon.so.1.0.6
f6fcb000-f6fcc000 rw-p 0001f000 08:04 18866589                           /usr/lib/libbrotlicommon.so.1.0.6
f6fcc000-f6fea000 r-xp 00000000 08:04 17191915                           /usr/lib/libsasl2.so.3.0.0
f6fea000-f6feb000 ---p 0001e000 08:04 17191915                           /usr/lib/libsasl2.so.3.0.0
f6feb000-f6fec000 r--p 0001e000 08:04 17191915                           /usr/lib/libsasl2.so.3.0.0
f6fec000-f6fed000 rw-p 0001f000 08:04 17191915                           /usr/lib/libsasl2.so.3.0.0
f6fed000-f6fef000 rw-p 00000000 00:00 0 
f6fef000-f7003000 r-xp 00000000 08:04 16831772                           /usr/lib/libresolv-2.28.so
f7003000-f7004000 ---p 00014000 08:04 16831772                           /usr/lib/libresolv-2.28.so
f7004000-f7005000 r--p 00014000 08:04 16831772                           /usr/lib/libresolv-2.28.so
f7005000-f7006000 rw-p 00015000 08:04 16831772                           /usr/lib/libresolv-2.28.so
f7006000-f7008000 rw-p 00000000 00:00 0 
f7008000-f700b000 r-xp 00000000 08:04 17191893                           /usr/lib/libkeyutils.so.1.6
f700b000-f700c000 ---p 00003000 08:04 17191893                           /usr/lib/libkeyutils.so.1.6
f700c000-f700d000 r--p 00003000 08:04 17191893                           /usr/lib/libkeyutils.so.1.6
f700d000-f700e000 rw-p 00000000 00:00 0 
f700e000-f701e000 r-xp 00000000 08:04 17021560                           /usr/lib/libkrb5support.so.0.1
f701e000-f701f000 r--p 0000f000 08:04 17021560                           /usr/lib/libkrb5support.so.0.1
f701f000-f7020000 rw-p 00010000 08:04 17021560                           /usr/lib/libkrb5support.so.0.1
f7020000-f7028000 r-xp 00000000 08:04 16831774                           /usr/lib/librt-2.28.so
f7028000-f7029000 r--p 00007000 08:04 16831774                           /usr/lib/librt-2.28.so
f7029000-f702a000 rw-p 00008000 08:04 16831774                           /usr/lib/librt-2.28.so
f702a000-f71a9000 r-xp 00000000 08:04 17021545                           /usr/lib/libunistring.so.2.1.0
f71a9000-f71aa000 ---p 0017f000 08:04 17021545                           /usr/lib/libunistring.so.2.1.0
f71aa000-f71ac000 r--p 0017f000 08:04 17021545                           /usr/lib/libunistring.so.2.1.0
f71ac000-f71ad000 rw-p 00181000 08:04 17021545                           /usr/lib/libunistring.so.2.1.0
f71ad000-f71d7000 r-xp 00000000 08:04 18654292                           /usr/lib/liblzma.so.5.2.4
f71d7000-f71d8000 r--p 00029000 08:04 18654292                           /usr/lib/liblzma.so.5.2.4
f71d8000-f71d9000 rw-p 00000000 00:00 0 
f71d9000-f71e5000 r-xp 00000000 08:04 17191936                           /usr/lib/libbrotlidec.so.1.0.6
f71e5000-f71e6000 r--p 0000b000 08:04 17191936                           /usr/lib/libbrotlidec.so.1.0.6
f71e6000-f71e7000 rw-p 00000000 00:00 0 
f71e7000-f71f6000 r-xp 00000000 08:04 17191918                           /usr/lib/liblber-2.4.so.2.10.9
f71f6000-f71f7000 r--p 0000e000 08:04 17191918                           /usr/lib/liblber-2.4.so.2.10.9
f71f7000-f71f8000 rw-p 0000f000 08:04 17191918                           /usr/lib/liblber-2.4.so.2.10.9
f71f8000-f724d000 r-xp 00000000 08:04 17191920                           /usr/lib/libldap-2.4.so.2.10.9
f724d000-f724e000 ---p 00055000 08:04 17191920                           /usr/lib/libldap-2.4.so.2.10.9
f724e000-f724f000 r--p 00055000 08:04 17191920                           /usr/lib/libldap-2.4.so.2.10.9
f724f000-f7250000 rw-p 00056000 08:04 17191920                           /usr/lib/libldap-2.4.so.2.10.9
f7250000-f7252000 rw-p 00000000 00:00 0 
f7252000-f7255000 r-xp 00000000 08:04 16994899                           /usr/lib/libcom_err.so.2.1
f7255000-f7256000 r--p 00002000 08:04 16994899                           /usr/lib/libcom_err.so.2.1
f7256000-f7257000 rw-p 00003000 08:04 16994899                           /usr/lib/libcom_err.so.2.1
f7257000-f726d000 r-xp 00000000 08:04 17021552                           /usr/lib/libk5crypto.so.3.1
f726d000-f726e000 ---p 00016000 08:04 17021552                           /usr/lib/libk5crypto.so.3.1
f726e000-f726f000 r--p 00016000 08:04 17021552                           /usr/lib/libk5crypto.so.3.1
f726f000-f7270000 rw-p 00017000 08:04 17021552                           /usr/lib/libk5crypto.so.3.1
f7270000-f7353000 r-xp 00000000 08:04 17021558                           /usr/lib/libkrb5.so.3.3
f7353000-f735a000 r--p 000e2000 08:04 17021558                           /usr/lib/libkrb5.so.3.3
f735a000-f735b000 rw-p 000e9000 08:04 17021558                           /usr/lib/libkrb5.so.3.3
f735b000-f73b6000 r-xp 00000000 08:04 17021548                           /usr/lib/libgssapi_krb5.so.2.2
f73b6000-f73b8000 r--p 0005a000 08:04 17021548                           /usr/lib/libgssapi_krb5.so.2.2
f73b8000-f73b9000 rw-p 0005c000 08:04 17021548                           /usr/lib/libgssapi_krb5.so.2.2
f73b9000-f766a000 r-xp 00000000 08:04 18627877                           /usr/lib/libcrypto.so.1.1.1k
f766a000-f7683000 r--p 002b0000 08:04 18627877                           /usr/lib/libcrypto.so.1.1.1k
f7683000-f7685000 rw-p 002c9000 08:04 18627877                           /usr/lib/libcrypto.so.1.1.1k
f7685000-f7689000 rw-p 00000000 00:00 0 
f7689000-f771b000 r-xp 00000000 08:04 18627879                           /usr/lib/libssl.so.1.1.1k
f771b000-f7721000 r--p 00091000 08:04 18627879                           /usr/lib/libssl.so.1.1.1k
f7721000-f7725000 rw-p 00097000 08:04 18627879                           /usr/lib/libssl.so.1.1.1k
f7725000-f7735000 r-xp 00000000 08:04 18660120                           /usr/lib/libpsl.so.5.3.1
f7735000-f7736000 r--p 0000f000 08:04 18660120                           /usr/lib/libpsl.so.5.3.1
f7736000-f7737000 rw-p 00000000 00:00 0 
f7737000-f77b4000 r-xp 00000000 08:04 16994901                           /usr/lib/libssh.so.4.8.7
f77b4000-f77b5000 ---p 0007d000 08:04 16994901                           /usr/lib/libssh.so.4.8.7
f77b5000-f77b6000 r--p 0007d000 08:04 16994901                           /usr/lib/libssh.so.4.8.7
f77b6000-f77b7000 rw-p 0007e000 08:04 16994901                           /usr/lib/libssh.so.4.8.7
f77b7000-f77d4000 r-xp 00000000 08:04 17040588                           /usr/lib/libidn2.so.0.3.6
f77d4000-f77d5000 r--p 0001c000 08:04 17040588                           /usr/lib/libidn2.so.0.3.6
f77d5000-f77d6000 rw-p 00000000 00:00 0 
f77d6000-f77fe000 r-xp 00000000 08:04 17191891                           /usr/lib/libnghttp2.so.14.17.0
f77fe000-f77ff000 r--p 00027000 08:04 17191891                           /usr/lib/libnghttp2.so.14.17.0
f77ff000-f7801000 rw-p 00028000 08:04 17191891                           /usr/lib/libnghttp2.so.14.17.0
f7801000-f79a3000 r-xp 00000000 08:04 16831756                           /usr/lib/libc-2.28.so
f79a3000-f79a4000 ---p 001a2000 08:04 16831756                           /usr/lib/libc-2.28.so
f79a4000-f79a6000 r--p 001a2000 08:04 16831756                           /usr/lib/libc-2.28.so
f79a6000-f79a7000 rw-p 001a4000 08:04 16831756                           /usr/lib/libc-2.28.so
f79a7000-f79ac000 rw-p 00000000 00:00 0 
f79ac000-f79c7000 r-xp 00000000 08:04 16985139                           /usr/lib/libgcc_s-8-20210514.so.1
f79c7000-f79c8000 r--p 0001a000 08:04 16985139                           /usr/lib/libgcc_s-8-20210514.so.1
f79c8000-f79c9000 rw-p 0001b000 08:04 16985139                           /usr/lib/libgcc_s-8-20210514.so.1
f79c9000-f7a99000 r-xp 00000000 08:04 16831760                           /usr/lib/libm-2.28.so
f7a99000-f7a9a000 r--p 000cf000 08:04 16831760                           /usr/lib/libm-2.28.so
f7a9a000-f7a9b000 rw-p 000d0000 08:04 16831760                           /usr/lib/libm-2.28.so
f7a9b000-f7c24000 r-xp 00000000 08:04 16985145                           /usr/lib/libstdc++.so.6.0.25
f7c24000-f7c25000 ---p 00189000 08:04 16985145                           /usr/lib/libstdc++.so.6.0.25
f7c25000-f7c2b000 r--p 00189000 08:04 16985145                           /usr/lib/libstdc++.so.6.0.25
f7c2b000-f7c2c000 rw-p 0018f000 08:04 16985145                           /usr/lib/libstdc++.so.6.0.25
f7c2c000-f7c2e000 rw-p 00000000 00:00 0 
f7c2e000-f7c45000 r-xp 00000000 08:04 16963437                           /usr/lib/libz.so.1.2.11
f7c45000-f7c46000 ---p 00017000 08:04 16963437                           /usr/lib/libz.so.1.2.11
f7c46000-f7c47000 r--p 00017000 08:04 16963437                           /usr/lib/libz.so.1.2.11
f7c47000-f7c48000 rw-p 00000000 00:00 0 
f7c48000-f7dc5000 r-xp 00000000 08:04 16963397                           /usr/lib/libxml2.so.2.9.7
f7dc5000-f7dca000 r--p 0017c000 08:04 16963397                           /usr/lib/libxml2.so.2.9.7
f7dca000-f7dcb000 rw-p 00181000 08:04 16963397                           /usr/lib/libxml2.so.2.9.7
f7dcb000-f7dcc000 rw-p 00000000 00:00 0 
f7dcc000-f7de8000 r-xp 00000000 08:04 16831770                           /usr/lib/libpthread-2.28.so
f7de8000-f7de9000 r--p 0001b000 08:04 16831770                           /usr/lib/libpthread-2.28.so
f7de9000-f7dea000 rw-p 0001c000 08:04 16831770                           /usr/lib/libpthread-2.28.so
f7dea000-f7dec000 rw-p 00000000 00:00 0 
f7dec000-f7e60000 r-xp 00000000 08:04 16818911                           /usr/lib/libpcre.so.1.2.10
f7e60000-f7e61000 ---p 00074000 08:04 16818911                           /usr/lib/libpcre.so.1.2.10
f7e61000-f7e62000 r--p 00074000 08:04 16818911                           /usr/lib/libpcre.so.1.2.10
f7e62000-f7e63000 rw-p 00075000 08:04 16818911                           /usr/lib/libpcre.so.1.2.10
f7e63000-f7e66000 r-xp 00000000 08:04 16831758                           /usr/lib/libdl-2.28.so
f7e66000-f7e67000 r--p 00002000 08:04 16831758                           /usr/lib/libdl-2.28.so
f7e67000-f7e68000 rw-p 00003000 08:04 16831758                           /usr/lib/libdl-2.28.so
f7e68000-f7f05000 r-xp 00000000 08:04 16994905                           /usr/lib/libcurl.so.4.5.0
f7f05000-f7f07000 r--p 0009c000 08:04 16994905                           /usr/lib/libcurl.so.4.5.0
f7f07000-f7f08000 rw-p 0009e000 08:04 16994905                           /usr/lib/libcurl.so.4.5.0
f7f08000-f7f0f000 r--s 00000000 08:04 176632422                          /usr/lib/gconv/gconv-modules.cache
f7f0f000-f7f17000 rw-s 00000000 08:04 151742455                          /tmp/hsperfdata_almalinux/37349 (deleted)
f7f17000-f7f18000 ---p 00000000 00:00 0 
f7f18000-f7f19000 r--p 00000000 00:00 0 
f7f19000-f7f1b000 rw-p 00000000 00:00 0 
f7f1b000-f7f1f000 r--p 00000000 00:00 0                                  [vvar]
f7f1f000-f7f21000 r-xp 00000000 00:00 0                                  [vdso]
f7f21000-f7f50000 r-xp 00000000 08:04 16831749                           /usr/lib/ld-2.28.so
f7f50000-f7f51000 ---p 00000000 00:00 0 
f7f51000-f7f52000 r--p 0002f000 08:04 16831749                           /usr/lib/ld-2.28.so
f7f52000-f7f53000 rw-p 00030000 08:04 16831749                           /usr/lib/ld-2.28.so
ffbda000-ffbdb000 rwxp 00000000 00:00 0 
ffce3000-ffd9f000 rw-p 00000000 00:00 0                                  [stack]


VM Arguments:
jvm_args: -Xms128m -Xmx512m -Xss768k -XX:MaxMetaspaceSize=96m -Xrs -XX:-UsePerfData -XX:-AllowUserSignalHandlers -XX:UseSSE=3 -XX+DoEscapeAnalysis -XX:AutoBoxCacheMax:2000 -XX:+OptimizeStringConcat -XX:+OptimizeFill -XX:+EliminateAutoBox -XX:+UseCompressedStrings -XX:+UseCompressedOops -XX:+EliminateLocks -XX:UseFastAccessorMethods -XX:+UseStringCache -XgcPrio:throughput -XXkeepAreaRatio:1 -XXlazyUnlocking -XXcallProfiling -XXcompactRatio:1 
java_command: <unknown>
java_class_path (initial): ../../data/sku.0/sys.server/compiled/game/
Launcher Type: generic

[Global flags]
     intx CICompilerCount                          = 3                                         {product} {ergonomic}
     uint ConcGCThreads                            = 1                                         {product} {ergonomic}
     uint G1ConcRefinementThreads                  = 4                                         {product} {ergonomic}
   size_t G1HeapRegionSize                         = 1048576                                   {product} {ergonomic}
    uintx GCDrainStackTargetSize                   = 64                                        {product} {ergonomic}
   size_t InitialHeapSize                          = 134217728                                 {product} {command line}
   size_t MarkStackSize                            = 32768                                     {product} {ergonomic}
   size_t MaxHeapSize                              = 536870912                                 {product} {command line}
   size_t MaxMetaspaceSize                         = 100663296                                 {product} {command line}
   size_t MaxNewSize                               = 321912832                                 {product} {ergonomic}
   size_t MinHeapDeltaBytes                        = 1048576                                   {product} {ergonomic}
   size_t MinHeapSize                              = 134217728                                 {product} {command line}
    uintx NonNMethodCodeHeapSize                   = 5544422                                {pd product} {ergonomic}
    uintx NonProfiledCodeHeapSize                  = 123056909                              {pd product} {ergonomic}
    uintx ProfiledCodeHeapSize                     = 123056909                              {pd product} {ergonomic}
    uintx ReservedCodeCacheSize                    = 251658240                              {pd product} {ergonomic}
     bool SegmentedCodeCache                       = true                                      {product} {ergonomic}
   size_t SoftMaxHeapSize                          = 536870912                              {manageable} {ergonomic}
   double SweeperThreshold                         = 0.500000                                  {product} {ergonomic}
     intx ThreadStackSize                          = 768                                    {pd product} {command line}
     bool UseG1GC                                  = true                                      {product} {ergonomic}

Logging:
Log output configuration:
 #0: stdout all=off uptime,level,tags
 #1: stderr all=off uptime,level,tags

Environment Variables:
JAVA_HOME=/usr/lib/jvm/zulu-17-x86
PATH=/usr/java/jdk1.7.0_80/bin:/usr/java/jdk1.7.0_80/bin:/usr/java/jdk1.6.0_45/bin:/usr/java/jdk1.6.0_45/bin:/usr/java/jdk1.6.0_45/bin:/home/almalinux/.local/bin:/home/almalinux/bin:/sbin:/bin:/usr/bin:/usr/local/bin:/usr/local/sbin:/usr/sbin:/usr/lib/oracle/18.3/client/bin:/usr/lib/oracle/18.3/client/bin:/usr/lib/jvm/java-11-openjdk/bin:./
LD_LIBRARY_PATH=/usr/lib/jvm/java-17-zulu-openjdk-jdk-x86/lib/server:/usr/lib/jvm/java-17-zulu-openjdk-jdk-x86/lib:/usr/lib/jvm/java-17-zulu-openjdk-jdk-x86/../lib:/usr/lib/jvm/zulu-17-x86/lib/server:/usr/lib/jvm/java-11-openjdk/lib:/usr/lib/jvm/java-11-openjdk/lib/server:./
SHELL=/bin/bash
DISPLAY=:10.0
LANG=en_US.UTF-8
TERM=xterm-256color

Active Locale:
LC_ALL=en_US.UTF-8
LC_COLLATE=en_US.UTF-8
LC_CTYPE=en_US.UTF-8
LC_MESSAGES=en_US.UTF-8
LC_MONETARY=en_US.UTF-8
LC_NUMERIC=en_US.UTF-8
LC_TIME=en_US.UTF-8

Signal Handlers:
   SIGSEGV: crash_handler in libjvm.so, mask=11100100010111111101111111111110, flags=SA_RESTART|SA_SIGINFO, unblocked
    SIGBUS: crash_handler in libjvm.so, mask=11100100010111111101111111111110, flags=SA_RESTART|SA_SIGINFO, unblocked
    SIGFPE: crash_handler in libjvm.so, mask=11100100010111111101111111111110, flags=SA_RESTART|SA_SIGINFO, unblocked
   SIGPIPE: SIG_IGN, mask=00000000000010000000000000000000, flags=SA_RESTART, blocked
  *** Handler was modified!
  *** Expected: javaSignalHandler in libjvm.so, mask=11100100110111111111111111111110, flags=SA_RESTART|SA_SIGINFO
   SIGXFSZ: javaSignalHandler in libjvm.so, mask=11100100010111111101111111111110, flags=SA_RESTART|SA_SIGINFO, blocked
    SIGILL: crash_handler in libjvm.so, mask=11100100010111111101111111111110, flags=SA_RESTART|SA_SIGINFO, unblocked
   SIGUSR2: SR_handler in libjvm.so, mask=00100000000000000000000000000000, flags=SA_RESTART|SA_SIGINFO, blocked
    SIGHUP: UserHandler in libjvm.so, mask=11100100010111111101111111111110, flags=SA_RESTART|SA_SIGINFO, blocked
    SIGINT: UserHandler in libjvm.so, mask=11100100010111111101111111111110, flags=SA_RESTART|SA_SIGINFO, blocked
   SIGTERM: UserHandler in libjvm.so, mask=11100100010111111101111111111110, flags=SA_RESTART|SA_SIGINFO, blocked
   SIGQUIT: UserHandler in libjvm.so, mask=11100100010111111101111111111110, flags=SA_RESTART|SA_SIGINFO, blocked
   SIGTRAP: crash_handler in libjvm.so, mask=11100100010111111101111111111110, flags=SA_RESTART|SA_SIGINFO, unblocked


Periodic native trim disabled


---------------  S Y S T E M  ---------------

OS:
AlmaLinux release 8.10 (Cerulean Leopard)
uname: Linux 4.18.0-553.81.1.el8_10.x86_64 #1 SMP Mon Oct 27 11:29:19 EDT 2025 x86_64
OS uptime: 1 days 7:29 hours
libc: glibc 2.28 NPTL 2.28 
rlimit (soft/hard): STACK 8192k/infinity , CORE 0k/infinity , NPROC 61995/61995 , NOFILE 262144/262144 , AS infinity/infinity , CPU infinity/infinity , DATA infinity/infinity , FSIZE infinity/infinity , MEMLOCK 64k/64k
load average: 42.22 42.85 42.18

/proc/meminfo:
MemTotal:       16014448 kB
MemFree:         1191580 kB
MemAvailable:    2106660 kB
Buffers:              32 kB
Cached:          2291812 kB
SwapCached:        22404 kB
Active:          1932548 kB
Inactive:       12149216 kB
Active(anon):    1392660 kB
Inactive(anon): 11778328 kB
Active(file):     539888 kB
Inactive(file):   370888 kB
Unevictable:        6160 kB
Mlocked:               0 kB
SwapTotal:       8388604 kB
SwapFree:        7158260 kB
Dirty:              1444 kB
Writeback:             0 kB
AnonPages:      11777964 kB
Mapped:          1201248 kB
Shmem:           1381064 kB
KReclaimable:     181348 kB
Slab:             314372 kB
SReclaimable:     181348 kB
SUnreclaim:       133024 kB
KernelStack:       25108 kB
PageTables:       164920 kB
NFS_Unstable:          0 kB
Bounce:                0 kB
WritebackTmp:          0 kB
CommitLimit:    16395828 kB
Committed_AS:   26020356 kB
VmallocTotal:   34359738367 kB
VmallocUsed:       70892 kB
VmallocChunk:          0 kB
Percpu:             2720 kB
HardwareCorrupted:     0 kB
AnonHugePages:         0 kB
ShmemHugePages:        0 kB
ShmemPmdMapped:        0 kB
FileHugePages:         0 kB
FilePmdMapped:         0 kB
HugePages_Total:       0
HugePages_Free:        0
HugePages_Rsvd:        0
HugePages_Surp:        0
Hugepagesize:       2048 kB
Hugetlb:               0 kB
DirectMap4k:      786284 kB
DirectMap2M:    15597568 kB

/sys/kernel/mm/transparent_hugepage/enabled: always madvise [never]
/sys/kernel/mm/transparent_hugepage/hpage_pmd_size: 2097152
/sys/kernel/mm/transparent_hugepage/defrag (defrag/compaction efforts parameter): always defer defer+madvise [madvise] never

Process Memory:
Virtual Size: 1115540K (peak: 1138548K)
Resident Set Size: 351132K (peak: 369712K) (anon: 317204K, file: 33928K, shmem: 0K)
Swapped out: 0K
C-Heap outstanding allocations: 23781K, retained: 181422K
glibc malloc tunables: (default)

/proc/sys/kernel/threads-max (system-wide limit on the number of threads): 123991
/proc/sys/vm/max_map_count (maximum number of memory map areas a process may have): 1677720
/proc/sys/kernel/pid_max (system-wide limit on number of process identifiers): 4194304

container (cgroup) information:
container_type: cgroupv1
cpu_cpuset_cpus: 0-3
cpu_memory_nodes: 0
active_processor_count: 4
cpu_quota: no quota
cpu_period: 100000
cpu_shares: no shares
memory_limit_in_bytes: unlimited
memory_and_swap_limit_in_bytes: unlimited
memory_soft_limit_in_bytes: unlimited
memory_usage_in_bytes: 13422180 k
memory_max_usage_in_bytes: 14866960 k
kernel_memory_usage_in_bytes: 208844 k
kernel_memory_max_usage_in_bytes: unlimited
kernel_memory_limit_in_bytes: 752460 k
maximum number of tasks: unlimited
current number of tasks: 762

KVM virtualization detected
Steal ticks since vm start: 2794
Steal ticks percentage since vm start:  0.000

CPU: total 4 (initial active 4) (1 cores per cpu, 1 threads per core) family 6 model 60 stepping 1 microcode 0x1, cx8, cmov, fxsr, mmx, sse, sse2, sse3, ssse3, sse4.1, sse4.2, popcnt, lzcnt, tsc, avx, avx2, aes, erms, clmul, bmi1, bmi2, fma, vzeroupper, clflush, hv
CPU Model and flags from /proc/cpuinfo:
model name	: Intel Core Processor (Haswell, no TSX)
flags		: fpu vme de pse tsc msr pae mce cx8 apic sep mtrr pge mca cmov pat pse36 clflush mmx fxsr sse sse2 syscall nx rdtscp lm constant_tsc rep_good nopl xtopology cpuid tsc_known_freq pni pclmulqdq vmx ssse3 fma cx16 pcid sse4_1 sse4_2 x2apic movbe popcnt tsc_deadline_timer aes xsave avx f16c rdrand hypervisor lahf_lm abm cpuid_fault invpcid_single pti tpr_shadow vnmi flexpriority ept vpid ept_ad fsgsbase bmi1 avx2 smep bmi2 erms invpcid xsaveopt arat md_clear

Online cpus: 0-3
Offline cpus: 
BIOS frequency limitation: <Not Available>
Frequency switch latency (ns): <Not Available>
Available cpu frequencies: <Not Available>
Current governor: <Not Available>
Core performance/turbo boost: <Not Available>

Memory: 4k page, physical 16014448k(1191580k free), swap 8388604k(7158260k free)
Page Sizes: 4k

vm_info: OpenJDK Server VM (17.0.11+9-LTS) for linux-x86 JRE (17.0.11+9-LTS) (Zulu17.50+19-CA), built on Apr  9 2024 07:14:46 by "zulu_re" with gcc 8.3.0

END.
