#
# A fatal error has been detected by the Java Runtime Environment:
#
#  SIGSEGV (0xb) at pc=0xf78f1618, pid=1389101, tid=1389101
#
# JRE version: OpenJDK Runtime Environment Zulu17.50+19-CA (17.0.11+9) (build 17.0.11+9-LTS)
# Java VM: OpenJDK Server VM Zulu17.50+19-CA (17.0.11+9-LTS, mixed mode, sharing, tiered, g1 gc, linux-x86)
# Problematic frame:
# C  [libc.so.6+0x84618]  cfree+0x28
#
# Core dump will be written. Default location: Core dumps may be processed with "/usr/lib/systemd/systemd-coredump %P %u %g %s %t %c %h %e" (or dumping to /home/almalinux/swg-returns-nge/exe/linux/core.1389101)
#
# If you would like to submit a bug report, please visit:
#   http://www.azul.com/support/
#

---------------  S U M M A R Y ------------

Command Line: -Xms128m -Xmx512m -Xss768k -XX:MaxMetaspaceSize=96m -Xrs -XX:-UsePerfData -XX:-AllowUserSignalHandlers -XX:UseSSE=3 -XX+DoEscapeAnalysis -XX:AutoBoxCacheMax:2000 -XX:+OptimizeStringConcat -XX:+OptimizeFill -XX:+EliminateAutoBox -XX:+UseCompressedStrings -XX:+UseCompressedOops -XX:+EliminateLocks -XX:UseFastAccessorMethods -XX:+UseStringCache -XgcPrio:throughput -XXkeepAreaRatio:1 -XXlazyUnlocking -XXcallProfiling -XXcompactRatio:1 

Host: Intel Core Processor (Haswell, no TSX), 4 cores, 15G, AlmaLinux release 8.10 (Cerulean Leopard)
Time: Sun Jan 25 13:16:36 2026 UTC elapsed time: 1237.513068 seconds (0d 0h 20m 37s)

---------------  T H R E A D  ---------------

Current thread is native thread

Stack: [0xffc09000,0xffcc9000],  sp=0xffcc5f00,  free space=755k
Native frames: (J=compiled Java code, j=interpreted, Vv=VM code, C=native code)
C  [libc.so.6+0x84618]  cfree+0x28


siginfo: si_signo: 11 (SIGSEGV), si_code: 1 (SEGV_MAPERR), si_addr: 0x00000003

Registers:
EAX=0x00000000, EBX=0x00000007, ECX=0xf6f2f84c, EDX=0x0bcf5f08
ESP=0xffcc5f00, EBP=0xffcc6038, ESI=0xf7a12000, EDI=0x00000000
EIP=0xf78f1618, EFLAGS=0x00210202, CR2=0x0000000000000003


Top of Stack: (sp=0xffcc5f00)
0xffcc5f00:   0b979020 00000000 ffcc6038 f7b7ef1c
0xffcc5f10:   0b9790b0 f7c95a04 0bcf5ee0 f7b7ef1c
0xffcc5f20:   00000007 f7b7ef0a f7c95a04 f7b7ef4c
0xffcc5f30:   0b9790b0 f7b7ef0a 0bcf9c80 085b6163
0xffcc5f40:   00000007 0b979020 0b978d30 085bb8d1
0xffcc5f50:   0b979020 0b978d30 00000000 085bb89b
0xffcc5f60:   0d190080 ffcc5f87 ffcc5fac 085c6969
0xffcc5f70:   087d6c00 ffcc5fac ffcc6038 084fc53b
0xffcc5f80:   00000014 00010002 00000000 00000000
0xffcc5f90:   01010100 00000001 09aa44c0 00000000
0xffcc5fa0:   00000000 00000000 00000000 00000000
0xffcc5fb0:   00000000 00000015 ffcc6108 f78a26ff
0xffcc5fc0:   f7a1241c 47677753 53656d61 65767265
0xffcc5fd0:   33313a72 30313938 09290031 0bcdb2a0
0xffcc5fe0:   08ea0100 08ebc230 08ea5888 f7a1241c
0xffcc5ff0:   00000428 00000420 f78a2779 085758fd
0xffcc6000:   08ea2a80 09b1ea78 08ea5888 08574f56
0xffcc6010:   0929a2c4 0929a2c4 ffcc6108 08ea583b
0xffcc6020:   0000000c ffcc60d4 ffcc6050 f7a12000
0xffcc6030:   00000000 08575910 00000000 f788af26
0xffcc6040:   00000000 08575910 00000000 f788af26
0xffcc6050:   0000000c ffcc60d4 ffcc6108 ffcc6074
0xffcc6060:   0929a2d0 00000000 ffcc6108 f7a12000
0xffcc6070:   f787a75c f7a12000 00000000 08575910
0xffcc6080:   00000000 e870618f 61ed099f 00000000
0xffcc6090:   00000000 00000000 f7f914d0 f788ae30
0xffcc60a0:   084fc260 0929a2c4 0000000c 08575946
0xffcc60b0:   084fc260 0000000c ffcc60d4 08ea57f0
0xffcc60c0:   08ea5850 f7f914d0 ffcc60cc f7fbe970
0xffcc60d0:   0000000c ffcc75e4 ffcc75f6 ffcc75f9
0xffcc60e0:   ffcc760b ffcc760e ffcc7619 ffcc763d
0xffcc60f0:   ffcc764d ffcc7665 ffcc768d ffcc7690 

Instructions: (pc=0xf78f1618)
0xf78f1518:   50 8d 96 86 f7 fa ff 8d 86 d0 2f fb ff e8 c6 b7
0xf78f1528:   ff ff 8d b6 00 00 00 00 bb 20 00 00 00 e9 5e fe
0xf78f1538:   ff ff e8 a1 c0 ff ff 89 c5 85 c0 0f 85 68 ff ff
0xf78f1548:   ff 31 d2 8d 44 3b 10 e8 8c c1 ff ff 89 da 89 f9
0xf78f1558:   89 c5 e8 11 f0 ff ff 89 c2 85 c0 75 1b 85 ed 74
0xf78f1568:   17 90 89 fa 89 e8 e8 bd c5 ff ff 89 da 89 f9 89
0xf78f1578:   c5 e8 f2 ef ff ff 89 c2 85 ed 0f 84 57 ff ff ff
0xf78f1588:   e9 39 ff ff ff 8d 86 b8 31 fb ff 83 ec 0c b9 25
0xf78f1598:   0d 00 00 50 8d 96 86 f7 fa ff 8d 86 74 2f fb ff
0xf78f15a8:   e8 43 b7 ff ff 8d 76 00 f3 0f 1e fb e8 0a 9a f9
0xf78f15b8:   ff 05 47 0a 12 00 56 53 83 ec 04 8b 5c 24 10 8b
0xf78f15c8:   74 24 14 8b 80 50 ff ff ff c7 00 00 00 00 00 e8
0xf78f15d8:   54 bb ff ff 8b 4c 24 0c 83 c4 04 89 f2 89 d8 5b
0xf78f15e8:   5e e9 42 fd ff ff 66 90 f3 0f 1e fb 56 e8 9a 9b
0xf78f15f8:   f9 ff 81 c6 06 0a 12 00 53 83 ec 14 8b 5c 24 20
0xf78f1608:   8b 86 5c ff ff ff 8b 00 85 c0 75 6c 85 db 74 75
0xf78f1618:   8b 4b fc 8d 53 f8 f6 c1 02 75 35 8b 86 70 fe ff
0xf78f1628:   ff 65 8b 00 85 c0 0f 84 8c 00 00 00 83 e1 04 8d
0xf78f1638:   86 60 07 00 00 74 09 89 d0 25 00 00 f0 ff 8b 00
0xf78f1648:   83 c4 14 31 c9 5b 5e e9 8c cb ff ff 8d 74 26 00
0xf78f1658:   8b 9e 60 01 00 00 85 db 75 10 3b 8e 48 01 00 00
0xf78f1668:   76 08 81 f9 00 00 08 00 76 26 83 c4 14 89 d0 5b
0xf78f1678:   5e e9 92 b8 ff ff 66 90 83 ec 08 ff 74 24 24 53
0xf78f1688:   ff d0 83 c4 10 83 c4 14 5b 5e c3 8d 74 26 00 90
0xf78f1698:   39 96 80 1d 00 00 77 08 39 96 7c 1d 00 00 77 ca
0xf78f16a8:   83 e1 f8 8d 04 09 89 8e 48 01 00 00 89 86 40 01
0xf78f16b8:   00 00 90 eb b5 8d 76 00 8b 86 74 fe ff ff 65 80
0xf78f16c8:   38 00 0f 85 64 ff ff ff 89 54 24 0c e8 97 ed ff
0xf78f16d8:   ff 8b 4b fc 8b 54 24 0c e9 4f ff ff ff 8d b4 26
0xf78f16e8:   00 00 00 00 8d 74 26 00 f3 0f 1e fb 55 57 56 e8
0xf78f16f8:   98 9a f9 ff 81 c6 04 09 12 00 53 83 ec 0c 8b 86
0xf78f1708:   70 fe ff ff 8b 96 74 fe ff ff 65 8b 28 65 c6 02 



---------------  P R O C E S S  ---------------

VM state: at safepoint (shutting down)

VM Mutex/Monitor currently owned by a thread:  ([mutex/lock_event])
[0xf5e21ef0] Threads_lock - owner thread: 0xc4295230

GC Precious Log:
<Skipped>

Heap:
 garbage-first heap   total 131072K, used 65758K [0xc5c00000, 0xe5c00000)
  region size 1024K, 63 young (64512K), 1 survivors (1024K)
 Metaspace       used 3478K, committed 3776K, reserved 16384K

Heap Regions: E=young(eden), S=young(survivor), O=old, HS=humongous(starts), HC=humongous(continues), CS=collection set, F=free, OA=open archive, CA=closed archive, TAMS=top-at-mark-start (previous, next)
|   0|0xc5c00000, 0xc5d00000, 0xc5d00000|100%| O|  |TAMS 0xc5c00000, 0xc5c00000| Untracked 
|   1|0xc5d00000, 0xc5dc9200, 0xc5e00000| 78%| O|  |TAMS 0xc5d00000, 0xc5d00000| Untracked 
|   2|0xc5e00000, 0xc5e00000, 0xc5f00000|  0%| F|  |TAMS 0xc5e00000, 0xc5e00000| Untracked 
|   3|0xc5f00000, 0xc5f00000, 0xc6000000|  0%| F|  |TAMS 0xc5f00000, 0xc5f00000| Untracked 
|   4|0xc6000000, 0xc6000000, 0xc6100000|  0%| F|  |TAMS 0xc6000000, 0xc6000000| Untracked 
|   5|0xc6100000, 0xc6100000, 0xc6200000|  0%| F|  |TAMS 0xc6100000, 0xc6100000| Untracked 
|   6|0xc6200000, 0xc6200000, 0xc6300000|  0%| F|  |TAMS 0xc6200000, 0xc6200000| Untracked 
|   7|0xc6300000, 0xc6300000, 0xc6400000|  0%| F|  |TAMS 0xc6300000, 0xc6300000| Untracked 
|   8|0xc6400000, 0xc6400000, 0xc6500000|  0%| F|  |TAMS 0xc6400000, 0xc6400000| Untracked 
|   9|0xc6500000, 0xc6500000, 0xc6600000|  0%| F|  |TAMS 0xc6500000, 0xc6500000| Untracked 
|  10|0xc6600000, 0xc6600000, 0xc6700000|  0%| F|  |TAMS 0xc6600000, 0xc6600000| Untracked 
|  11|0xc6700000, 0xc6700000, 0xc6800000|  0%| F|  |TAMS 0xc6700000, 0xc6700000| Untracked 
|  12|0xc6800000, 0xc6800000, 0xc6900000|  0%| F|  |TAMS 0xc6800000, 0xc6800000| Untracked 
|  13|0xc6900000, 0xc6900000, 0xc6a00000|  0%| F|  |TAMS 0xc6900000, 0xc6900000| Untracked 
|  14|0xc6a00000, 0xc6a00000, 0xc6b00000|  0%| F|  |TAMS 0xc6a00000, 0xc6a00000| Untracked 
|  15|0xc6b00000, 0xc6b00000, 0xc6c00000|  0%| F|  |TAMS 0xc6b00000, 0xc6b00000| Untracked 
|  16|0xc6c00000, 0xc6c00000, 0xc6d00000|  0%| F|  |TAMS 0xc6c00000, 0xc6c00000| Untracked 
|  17|0xc6d00000, 0xc6d00000, 0xc6e00000|  0%| F|  |TAMS 0xc6d00000, 0xc6d00000| Untracked 
|  18|0xc6e00000, 0xc6e00000, 0xc6f00000|  0%| F|  |TAMS 0xc6e00000, 0xc6e00000| Untracked 
|  19|0xc6f00000, 0xc6f00000, 0xc7000000|  0%| F|  |TAMS 0xc6f00000, 0xc6f00000| Untracked 
|  20|0xc7000000, 0xc7000000, 0xc7100000|  0%| F|  |TAMS 0xc7000000, 0xc7000000| Untracked 
|  21|0xc7100000, 0xc7100000, 0xc7200000|  0%| F|  |TAMS 0xc7100000, 0xc7100000| Untracked 
|  22|0xc7200000, 0xc7200000, 0xc7300000|  0%| F|  |TAMS 0xc7200000, 0xc7200000| Untracked 
|  23|0xc7300000, 0xc7300000, 0xc7400000|  0%| F|  |TAMS 0xc7300000, 0xc7300000| Untracked 
|  24|0xc7400000, 0xc7400000, 0xc7500000|  0%| F|  |TAMS 0xc7400000, 0xc7400000| Untracked 
|  25|0xc7500000, 0xc7500000, 0xc7600000|  0%| F|  |TAMS 0xc7500000, 0xc7500000| Untracked 
|  26|0xc7600000, 0xc7600000, 0xc7700000|  0%| F|  |TAMS 0xc7600000, 0xc7600000| Untracked 
|  27|0xc7700000, 0xc7700000, 0xc7800000|  0%| F|  |TAMS 0xc7700000, 0xc7700000| Untracked 
|  28|0xc7800000, 0xc7800000, 0xc7900000|  0%| F|  |TAMS 0xc7800000, 0xc7800000| Untracked 
|  29|0xc7900000, 0xc7900000, 0xc7a00000|  0%| F|  |TAMS 0xc7900000, 0xc7900000| Untracked 
|  30|0xc7a00000, 0xc7a00000, 0xc7b00000|  0%| F|  |TAMS 0xc7a00000, 0xc7a00000| Untracked 
|  31|0xc7b00000, 0xc7b00000, 0xc7c00000|  0%| F|  |TAMS 0xc7b00000, 0xc7b00000| Untracked 
|  32|0xc7c00000, 0xc7c00000, 0xc7d00000|  0%| F|  |TAMS 0xc7c00000, 0xc7c00000| Untracked 
|  33|0xc7d00000, 0xc7d00000, 0xc7e00000|  0%| F|  |TAMS 0xc7d00000, 0xc7d00000| Untracked 
|  34|0xc7e00000, 0xc7e00000, 0xc7f00000|  0%| F|  |TAMS 0xc7e00000, 0xc7e00000| Untracked 
|  35|0xc7f00000, 0xc7f00000, 0xc8000000|  0%| F|  |TAMS 0xc7f00000, 0xc7f00000| Untracked 
|  36|0xc8000000, 0xc8000000, 0xc8100000|  0%| F|  |TAMS 0xc8000000, 0xc8000000| Untracked 
|  37|0xc8100000, 0xc8100000, 0xc8200000|  0%| F|  |TAMS 0xc8100000, 0xc8100000| Untracked 
|  38|0xc8200000, 0xc8200000, 0xc8300000|  0%| F|  |TAMS 0xc8200000, 0xc8200000| Untracked 
|  39|0xc8300000, 0xc8300000, 0xc8400000|  0%| F|  |TAMS 0xc8300000, 0xc8300000| Untracked 
|  40|0xc8400000, 0xc8400000, 0xc8500000|  0%| F|  |TAMS 0xc8400000, 0xc8400000| Untracked 
|  41|0xc8500000, 0xc8500000, 0xc8600000|  0%| F|  |TAMS 0xc8500000, 0xc8500000| Untracked 
|  42|0xc8600000, 0xc8600000, 0xc8700000|  0%| F|  |TAMS 0xc8600000, 0xc8600000| Untracked 
|  43|0xc8700000, 0xc8700000, 0xc8800000|  0%| F|  |TAMS 0xc8700000, 0xc8700000| Untracked 
|  44|0xc8800000, 0xc8800000, 0xc8900000|  0%| F|  |TAMS 0xc8800000, 0xc8800000| Untracked 
|  45|0xc8900000, 0xc8900000, 0xc8a00000|  0%| F|  |TAMS 0xc8900000, 0xc8900000| Untracked 
|  46|0xc8a00000, 0xc8a00000, 0xc8b00000|  0%| F|  |TAMS 0xc8a00000, 0xc8a00000| Untracked 
|  47|0xc8b00000, 0xc8b00000, 0xc8c00000|  0%| F|  |TAMS 0xc8b00000, 0xc8b00000| Untracked 
|  48|0xc8c00000, 0xc8c00000, 0xc8d00000|  0%| F|  |TAMS 0xc8c00000, 0xc8c00000| Untracked 
|  49|0xc8d00000, 0xc8d00000, 0xc8e00000|  0%| F|  |TAMS 0xc8d00000, 0xc8d00000| Untracked 
|  50|0xc8e00000, 0xc8e00000, 0xc8f00000|  0%| F|  |TAMS 0xc8e00000, 0xc8e00000| Untracked 
|  51|0xc8f00000, 0xc8f00000, 0xc9000000|  0%| F|  |TAMS 0xc8f00000, 0xc8f00000| Untracked 
|  52|0xc9000000, 0xc9000000, 0xc9100000|  0%| F|  |TAMS 0xc9000000, 0xc9000000| Untracked 
|  53|0xc9100000, 0xc9100000, 0xc9200000|  0%| F|  |TAMS 0xc9100000, 0xc9100000| Untracked 
|  54|0xc9200000, 0xc9200000, 0xc9300000|  0%| F|  |TAMS 0xc9200000, 0xc9200000| Untracked 
|  55|0xc9300000, 0xc9300000, 0xc9400000|  0%| F|  |TAMS 0xc9300000, 0xc9300000| Untracked 
|  56|0xc9400000, 0xc9400000, 0xc9500000|  0%| F|  |TAMS 0xc9400000, 0xc9400000| Untracked 
|  57|0xc9500000, 0xc9500000, 0xc9600000|  0%| F|  |TAMS 0xc9500000, 0xc9500000| Untracked 
|  58|0xc9600000, 0xc9600000, 0xc9700000|  0%| F|  |TAMS 0xc9600000, 0xc9600000| Untracked 
|  59|0xc9700000, 0xc9700000, 0xc9800000|  0%| F|  |TAMS 0xc9700000, 0xc9700000| Untracked 
|  60|0xc9800000, 0xc9800000, 0xc9900000|  0%| F|  |TAMS 0xc9800000, 0xc9800000| Untracked 
|  61|0xc9900000, 0xc9900000, 0xc9a00000|  0%| F|  |TAMS 0xc9900000, 0xc9900000| Untracked 
|  62|0xc9a00000, 0xc9a00000, 0xc9b00000|  0%| F|  |TAMS 0xc9a00000, 0xc9a00000| Untracked 
|  63|0xc9b00000, 0xc9b00000, 0xc9c00000|  0%| F|  |TAMS 0xc9b00000, 0xc9b00000| Untracked 
|  64|0xc9c00000, 0xc9c00000, 0xc9d00000|  0%| F|  |TAMS 0xc9c00000, 0xc9c00000| Untracked 
|  65|0xc9d00000, 0xc9e00000, 0xc9e00000|100%| E|  |TAMS 0xc9d00000, 0xc9d00000| Complete 
|  66|0xc9e00000, 0xc9f00000, 0xc9f00000|100%| E|CS|TAMS 0xc9e00000, 0xc9e00000| Complete 
|  67|0xc9f00000, 0xca000000, 0xca000000|100%| E|CS|TAMS 0xc9f00000, 0xc9f00000| Complete 
|  68|0xca000000, 0xca100000, 0xca100000|100%| E|CS|TAMS 0xca000000, 0xca000000| Complete 
|  69|0xca100000, 0xca200000, 0xca200000|100%| E|CS|TAMS 0xca100000, 0xca100000| Complete 
|  70|0xca200000, 0xca300000, 0xca300000|100%| E|CS|TAMS 0xca200000, 0xca200000| Complete 
|  71|0xca300000, 0xca400000, 0xca400000|100%| E|CS|TAMS 0xca300000, 0xca300000| Complete 
|  72|0xca400000, 0xca500000, 0xca500000|100%| E|CS|TAMS 0xca400000, 0xca400000| Complete 
|  73|0xca500000, 0xca600000, 0xca600000|100%| E|CS|TAMS 0xca500000, 0xca500000| Complete 
|  74|0xca600000, 0xca700000, 0xca700000|100%| E|CS|TAMS 0xca600000, 0xca600000| Complete 
|  75|0xca700000, 0xca800000, 0xca800000|100%| E|CS|TAMS 0xca700000, 0xca700000| Complete 
|  76|0xca800000, 0xca900000, 0xca900000|100%| E|CS|TAMS 0xca800000, 0xca800000| Complete 
|  77|0xca900000, 0xcaa00000, 0xcaa00000|100%| E|CS|TAMS 0xca900000, 0xca900000| Complete 
|  78|0xcaa00000, 0xcab00000, 0xcab00000|100%| E|CS|TAMS 0xcaa00000, 0xcaa00000| Complete 
|  79|0xcab00000, 0xcac00000, 0xcac00000|100%| E|CS|TAMS 0xcab00000, 0xcab00000| Complete 
|  80|0xcac00000, 0xcad00000, 0xcad00000|100%| E|CS|TAMS 0xcac00000, 0xcac00000| Complete 
|  81|0xcad00000, 0xcae00000, 0xcae00000|100%| E|CS|TAMS 0xcad00000, 0xcad00000| Complete 
|  82|0xcae00000, 0xcaf00000, 0xcaf00000|100%| E|CS|TAMS 0xcae00000, 0xcae00000| Complete 
|  83|0xcaf00000, 0xcb000000, 0xcb000000|100%| E|CS|TAMS 0xcaf00000, 0xcaf00000| Complete 
|  84|0xcb000000, 0xcb100000, 0xcb100000|100%| E|CS|TAMS 0xcb000000, 0xcb000000| Complete 
|  85|0xcb100000, 0xcb200000, 0xcb200000|100%| E|CS|TAMS 0xcb100000, 0xcb100000| Complete 
|  86|0xcb200000, 0xcb300000, 0xcb300000|100%| E|CS|TAMS 0xcb200000, 0xcb200000| Complete 
|  87|0xcb300000, 0xcb400000, 0xcb400000|100%| E|CS|TAMS 0xcb300000, 0xcb300000| Complete 
|  88|0xcb400000, 0xcb500000, 0xcb500000|100%| E|CS|TAMS 0xcb400000, 0xcb400000| Complete 
|  89|0xcb500000, 0xcb600000, 0xcb600000|100%| E|CS|TAMS 0xcb500000, 0xcb500000| Complete 
|  90|0xcb600000, 0xcb700000, 0xcb700000|100%| E|CS|TAMS 0xcb600000, 0xcb600000| Complete 
|  91|0xcb700000, 0xcb800000, 0xcb800000|100%| E|CS|TAMS 0xcb700000, 0xcb700000| Complete 
|  92|0xcb800000, 0xcb900000, 0xcb900000|100%| E|CS|TAMS 0xcb800000, 0xcb800000| Complete 
|  93|0xcb900000, 0xcba00000, 0xcba00000|100%| E|CS|TAMS 0xcb900000, 0xcb900000| Complete 
|  94|0xcba00000, 0xcbb00000, 0xcbb00000|100%| E|CS|TAMS 0xcba00000, 0xcba00000| Complete 
|  95|0xcbb00000, 0xcbc00000, 0xcbc00000|100%| E|CS|TAMS 0xcbb00000, 0xcbb00000| Complete 
|  96|0xcbc00000, 0xcbd00000, 0xcbd00000|100%| E|CS|TAMS 0xcbc00000, 0xcbc00000| Complete 
|  97|0xcbd00000, 0xcbe00000, 0xcbe00000|100%| E|CS|TAMS 0xcbd00000, 0xcbd00000| Complete 
|  98|0xcbe00000, 0xcbf00000, 0xcbf00000|100%| E|CS|TAMS 0xcbe00000, 0xcbe00000| Complete 
|  99|0xcbf00000, 0xcc000000, 0xcc000000|100%| E|CS|TAMS 0xcbf00000, 0xcbf00000| Complete 
| 100|0xcc000000, 0xcc100000, 0xcc100000|100%| E|CS|TAMS 0xcc000000, 0xcc000000| Complete 
| 101|0xcc100000, 0xcc200000, 0xcc200000|100%| E|CS|TAMS 0xcc100000, 0xcc100000| Complete 
| 102|0xcc200000, 0xcc300000, 0xcc300000|100%| E|CS|TAMS 0xcc200000, 0xcc200000| Complete 
| 103|0xcc300000, 0xcc400000, 0xcc400000|100%| E|CS|TAMS 0xcc300000, 0xcc300000| Complete 
| 104|0xcc400000, 0xcc500000, 0xcc500000|100%| E|CS|TAMS 0xcc400000, 0xcc400000| Complete 
| 105|0xcc500000, 0xcc600000, 0xcc600000|100%| E|CS|TAMS 0xcc500000, 0xcc500000| Complete 
| 106|0xcc600000, 0xcc700000, 0xcc700000|100%| E|CS|TAMS 0xcc600000, 0xcc600000| Complete 
| 107|0xcc700000, 0xcc800000, 0xcc800000|100%| E|CS|TAMS 0xcc700000, 0xcc700000| Complete 
| 108|0xcc800000, 0xcc900000, 0xcc900000|100%| E|CS|TAMS 0xcc800000, 0xcc800000| Complete 
| 109|0xcc900000, 0xcc96e910, 0xcca00000| 43%| S|CS|TAMS 0xcc900000, 0xcc900000| Complete 
| 110|0xcca00000, 0xccb00000, 0xccb00000|100%| E|CS|TAMS 0xcca00000, 0xcca00000| Complete 
| 111|0xccb00000, 0xccc00000, 0xccc00000|100%| E|CS|TAMS 0xccb00000, 0xccb00000| Complete 
| 112|0xccc00000, 0xccd00000, 0xccd00000|100%| E|CS|TAMS 0xccc00000, 0xccc00000| Complete 
| 113|0xccd00000, 0xcce00000, 0xcce00000|100%| E|CS|TAMS 0xccd00000, 0xccd00000| Complete 
| 114|0xcce00000, 0xccf00000, 0xccf00000|100%| E|CS|TAMS 0xcce00000, 0xcce00000| Complete 
| 115|0xccf00000, 0xcd000000, 0xcd000000|100%| E|CS|TAMS 0xccf00000, 0xccf00000| Complete 
| 116|0xcd000000, 0xcd100000, 0xcd100000|100%| E|CS|TAMS 0xcd000000, 0xcd000000| Complete 
| 117|0xcd100000, 0xcd200000, 0xcd200000|100%| E|CS|TAMS 0xcd100000, 0xcd100000| Complete 
| 118|0xcd200000, 0xcd300000, 0xcd300000|100%| E|CS|TAMS 0xcd200000, 0xcd200000| Complete 
| 119|0xcd300000, 0xcd400000, 0xcd400000|100%| E|CS|TAMS 0xcd300000, 0xcd300000| Complete 
| 120|0xcd400000, 0xcd500000, 0xcd500000|100%| E|CS|TAMS 0xcd400000, 0xcd400000| Complete 
| 121|0xcd500000, 0xcd600000, 0xcd600000|100%| E|CS|TAMS 0xcd500000, 0xcd500000| Complete 
| 122|0xcd600000, 0xcd700000, 0xcd700000|100%| E|CS|TAMS 0xcd600000, 0xcd600000| Complete 
| 123|0xcd700000, 0xcd800000, 0xcd800000|100%| E|CS|TAMS 0xcd700000, 0xcd700000| Complete 
| 124|0xcd800000, 0xcd900000, 0xcd900000|100%| E|CS|TAMS 0xcd800000, 0xcd800000| Complete 
| 125|0xcd900000, 0xcda00000, 0xcda00000|100%| E|CS|TAMS 0xcd900000, 0xcd900000| Complete 
| 126|0xcda00000, 0xcdb00000, 0xcdb00000|100%| E|CS|TAMS 0xcda00000, 0xcda00000| Complete 
| 127|0xcdb00000, 0xcdc00000, 0xcdc00000|100%| E|CS|TAMS 0xcdb00000, 0xcdb00000| Complete 

Card table byte_map: [0xc5a00000,0xc5b00000] _byte_map_base: 0xc53d2000

Marking Bits (Prev, Next): (CMBitMap*) 0xf5e8b6e8, (CMBitMap*) 0xf5e8b708
 Prev Bits: [0xc5100000, 0xc5900000)
 Next Bits: [0xc4900000, 0xc5100000)

Polling page: 0xf7f83000

Metaspace:

Usage:
    3.40 MB used.

Virtual space:
     16.00 MB reserved,       3.69 MB ( 23%) committed,  1 nodes.

Chunk freelists:
9.72 MB

MaxMetaspaceSize: 96.00 MB
No class space
Initial GC threshold: 16.00 MB
Current GC threshold: 16.00 MB
CDS: on
MetaspaceReclaimPolicy: balanced
 - commit_granule_bytes: 65536.
 - commit_granule_words: 16384.
 - virtual_space_node_default_size: 4194304.
 - enlarge_chunks_in_place: 1.
 - new_chunks_are_fully_committed: 0.
 - uncommit_free_chunks: 1.
 - use_allocation_guard: 0.
 - handle_deallocations: 1.


Internal statistics:

num_allocs_failed_limit: 0.
num_arena_births: 131.
num_arena_deaths: 0.
num_vsnodes_births: 1.
num_vsnodes_deaths: 0.
num_space_committed: 59.
num_space_uncommitted: 0.
num_chunks_returned_to_freelist: 0.
num_chunks_taken_from_freelist: 279.
num_chunk_merges: 0.
num_chunk_splits: 183.
num_chunks_enlarged: 125.
num_inconsistent_stats: 0.

CodeHeap 'non-profiled nmethods': size=120172Kb used=799Kb max_used=799Kb free=119372Kb
 bounds [0xed7f5000, 0xeda35000, 0xf4d50000]
CodeHeap 'profiled nmethods': size=120172Kb used=2528Kb max_used=2528Kb free=117643Kb
 bounds [0xe5d50000, 0xe5fd0000, 0xed2ab000]
CodeHeap 'non-nmethods': size=5416Kb used=724Kb max_used=769Kb free=4691Kb
 bounds [0xed2ab000, 0xed4eb000, 0xed7f5000]
 total_blobs=1710 nmethods=1379 adapters=245
 compilation: enabled
              stopped_count=0, restarted_count=0
 full_count=0

Compilation events (20 events):
Event: 1202.792 Thread 0xc429f990 1376       4       script.library.utils::addElement (9 bytes)
Event: 1202.794 Thread 0xc429f990 nmethod 1376 0xed8ba708 code [0xed8ba820, 0xed8ba91c]
Event: 1204.732 Thread 0xc42a0ac0 1377       3       java.lang.invoke.Invokers$Holder::linkToTargetMethod (10 bytes)
Event: 1204.732 Thread 0xc42a0ac0 nmethod 1377 0xe5fc0888 code [0xe5fc09e0, 0xe5fc0cd8]
Event: 1204.733 Thread 0xc42a0ac0 1378       3       java.lang.invoke.LambdaForm$MH/0xc25ce3a0::invoke (137 bytes)
Event: 1204.734 Thread 0xc42a0ac0 nmethod 1378 0xe5fc0d88 code [0xe5fc0f80, 0xe5fc1b00]
Event: 1206.558 Thread 0xc429f990 1379       4       script.base_class::getLocation (8 bytes)
Event: 1206.560 Thread 0xc429f990 nmethod 1379 0xed8baa08 code [0xed8bab20, 0xed8babdc]
Event: 1208.808 Thread 0xc42a0ac0 1380       3       script.base_class::getStringArrayObjVar (9 bytes)
Event: 1208.809 Thread 0xc42a0ac0 nmethod 1380 0xe5fc1f08 code [0xe5fc2060, 0xe5fc226c]
Event: 1209.752 Thread 0xc429f990 1382       4       script.library.space_combat::recalculateEfficiency (76 bytes)
Event: 1209.802 Thread 0xc429f990 nmethod 1382 0xed8bb088 code [0xed8bb240, 0xed8bbf44]
Event: 1212.334 Thread 0xc429f990 1383       4       script.base_class::getShipComponentHitpointsCurrent (9 bytes)
Event: 1212.336 Thread 0xc429f990 nmethod 1383 0xed8bcb88 code [0xed8bcca0, 0xed8bcd5c]
Event: 1216.083 Thread 0xc42a0ac0 1384       3       script.dictionary::getIntArray (38 bytes)
Event: 1216.084 Thread 0xc42a0ac0 nmethod 1384 0xe5fc2388 code [0xe5fc2500, 0xe5fc2918]
Event: 1216.084 Thread 0xc42a0ac0 1385       3       script.library.space_combat::getComponentWeightings (269 bytes)
Event: 1216.096 Thread 0xc42a0ac0 nmethod 1385 0xe5fc2a08 code [0xe5fc30a0, 0xe5fc6050]
Event: 1218.771 Thread 0xc42a0ac0 1386       3       script.library.space_combat::getComponentToDamage (187 bytes)
Event: 1218.773 Thread 0xc42a0ac0 nmethod 1386 0xe5fc7788 code [0xe5fc7960, 0xe5fc7f90]

GC Heap History (4 events):
Event: 32.626 GC heap before
{Heap before GC invocations=0 (full 0):
 garbage-first heap   total 131072K, used 12288K [0xc5c00000, 0xe5c00000)
  region size 1024K, 13 young (13312K), 0 survivors (0K)
 Metaspace       used 1885K, committed 2048K, reserved 16384K
}
Event: 32.662 GC heap after
{Heap after GC invocations=1 (full 0):
 garbage-first heap   total 131072K, used 2272K [0xc5c00000, 0xe5c00000)
  region size 1024K, 2 young (2048K), 2 survivors (2048K)
 Metaspace       used 1885K, committed 2048K, reserved 16384K
}
Event: 34.939 GC heap before
{Heap before GC invocations=1 (full 0):
 garbage-first heap   total 131072K, used 18656K [0xc5c00000, 0xe5c00000)
  region size 1024K, 18 young (18432K), 2 survivors (2048K)
 Metaspace       used 2137K, committed 2368K, reserved 16384K
}
Event: 34.960 GC heap after
{Heap after GC invocations=2 (full 0):
 garbage-first heap   total 131072K, used 2270K [0xc5c00000, 0xe5c00000)
  region size 1024K, 1 young (1024K), 1 survivors (1024K)
 Metaspace       used 2137K, committed 2368K, reserved 16384K
}

Dll operation events (4 events):
Event: 0.004 Loaded shared library /usr/lib/jvm/java-17-zulu-openjdk-jdk-x86/lib/libjava.so
Event: 38.793 Loaded shared library /usr/lib/jvm/java-17-zulu-openjdk-jdk-x86/lib/libnio.so
Event: 38.794 Loaded shared library /usr/lib/jvm/java-17-zulu-openjdk-jdk-x86/lib/libjimage.so
Event: 38.831 Loaded shared library /usr/lib/jvm/java-17-zulu-openjdk-jdk-x86/lib/libnet.so

Deoptimization events (20 events):
Event: 975.787 Thread 0x0d004f50 Uncommon trap: trap_request=0xffffff45 fr.pc=0xed861fd4 relative=0x000055b4
Event: 975.787 Thread 0x0d004f50 Uncommon trap: reason=unstable_if action=reinterpret pc=0xed861fd4 method=java.io.ObjectInputStream.readSerialData(Ljava/lang/Object;Ljava/io/ObjectStreamClass;)V @ 154 c2
Event: 975.787 Thread 0x0d004f50 DEOPT PACKING pc=0xed861fd4 sp=0xffcc53e0
Event: 975.787 Thread 0x0d004f50 DEOPT UNPACKING pc=0xed2f4d33 sp=0xffcc5404 mode 2
Event: 996.812 Thread 0x0d004f50 Uncommon trap: trap_request=0xffffff45 fr.pc=0xed854c9c relative=0x0000271c
Event: 996.812 Thread 0x0d004f50 Uncommon trap: reason=unstable_if action=reinterpret pc=0xed854c9c method=java.lang.reflect.Constructor.newInstance([Ljava/lang/Object;)Ljava/lang/Object; @ 4 c2
Event: 996.812 Thread 0x0d004f50 DEOPT PACKING pc=0xed854c9c sp=0xffcc49d0
Event: 996.812 Thread 0x0d004f50 DEOPT UNPACKING pc=0xed2f4d33 sp=0xffcc495c mode 2
Event: 996.814 Thread 0x0d004f50 DEOPT PACKING pc=0xe5e63ddc sp=0xffcc4950
Event: 996.814 Thread 0x0d004f50 DEOPT UNPACKING pc=0xed2f4171 sp=0xffcc47e8 mode 0
Event: 996.828 Thread 0x0d004f50 Uncommon trap: trap_request=0xffffffcc fr.pc=0xed87c754 relative=0x00000194
Event: 996.828 Thread 0x0d004f50 Uncommon trap: reason=intrinsic action=make_not_entrant pc=0xed87c754 method=java.util.Arrays.copyOf([Ljava/lang/Object;ILjava/lang/Class;)[Ljava/lang/Object; @ 35 c2
Event: 996.828 Thread 0x0d004f50 DEOPT PACKING pc=0xed87c754 sp=0xffcc4600
Event: 996.828 Thread 0x0d004f50 DEOPT UNPACKING pc=0xed2f4d33 sp=0xffcc45d8 mode 2
Event: 1155.289 Thread 0x0d004f50 Uncommon trap: trap_request=0xffffff45 fr.pc=0xed8a2310 relative=0x00000150
Event: 1155.289 Thread 0x0d004f50 Uncommon trap: reason=unstable_if action=reinterpret pc=0xed8a2310 method=script.library.space_combat.getRawEfficiency(ILscript/obj_id;)F @ 67 c2
Event: 1155.289 Thread 0x0d004f50 DEOPT PACKING pc=0xed8a2310 sp=0xffcc5450
Event: 1155.289 Thread 0x0d004f50 DEOPT UNPACKING pc=0xed2f4d33 sp=0xffcc5428 mode 2
Event: 1157.975 Thread 0x0d004f50 DEOPT PACKING pc=0xe5e710df sp=0xffcc50b0
Event: 1157.975 Thread 0x0d004f50 DEOPT UNPACKING pc=0xed2f4171 sp=0xffcc4f74 mode 0

Classes unloaded (0 events):
No events

Classes redefined (0 events):
No events

Internal exceptions (3 events):
Event: 37.234 Thread 0x0d004f50 Exception <a 'java/lang/NoSuchMethodError'{0xcc5458b8}: static [Ljava/lang/String;.<clinit>()V> (0xcc5458b8) 
thrown [src/hotspot/share/prims/jni.cpp, line 1112]
Event: 38.836 Thread 0x0d004f50 Exception <a 'java/lang/NoSuchMethodError'{0xcc26b248}: 'java.lang.Object java.lang.invoke.DirectMethodHandle$Holder.invokeStaticInit(java.lang.Object)'> (0xcc26b248) 
thrown [src/hotspot/share/interpreter/linkResolver.cpp, line 759]
Event: 75.153 Thread 0x0d004f50 Exception <a 'java/lang/NoSuchMethodError'{0xcc1c84e8}: 'java.lang.Object java.lang.invoke.DirectMethodHandle$Holder.invokeStatic(java.lang.Object, float)'> (0xcc1c84e8) 
thrown [src/hotspot/share/interpreter/linkResolver.cpp, line 759]

VM Operations (20 events):
Event: 565.620 Executing VM operation: Cleanup
Event: 565.620 Executing VM operation: Cleanup done
Event: 594.627 Executing VM operation: Cleanup
Event: 594.627 Executing VM operation: Cleanup done
Event: 596.627 Executing VM operation: Cleanup
Event: 596.627 Executing VM operation: Cleanup done
Event: 768.746 Executing VM operation: Cleanup
Event: 768.746 Executing VM operation: Cleanup done
Event: 976.041 Executing VM operation: Cleanup
Event: 976.041 Executing VM operation: Cleanup done
Event: 996.811 Executing VM operation: HandshakeAllThreads
Event: 996.811 Executing VM operation: HandshakeAllThreads done
Event: 997.812 Executing VM operation: Cleanup
Event: 997.812 Executing VM operation: Cleanup done
Event: 1007.829 Executing VM operation: Cleanup
Event: 1007.829 Executing VM operation: Cleanup done
Event: 1023.852 Executing VM operation: Cleanup
Event: 1023.852 Executing VM operation: Cleanup done
Event: 1134.109 Executing VM operation: Cleanup
Event: 1134.110 Executing VM operation: Cleanup done

Events (20 events):
Event: 38.838 loading class sun/util/logging/PlatformLogger$ConfigurableBridge$LoggerConfiguration done
Event: 38.838 loading class jdk/internal/logger/SimpleConsoleLogger done
Event: 38.838 loading class jdk/internal/logger/SurrogateLogger done
Event: 38.838 loading class sun/util/logging/PlatformLogger
Event: 38.839 loading class sun/util/logging/PlatformLogger done
Event: 38.839 loading class sun/util/logging/PlatformLogger$Level
Event: 38.839 loading class sun/util/logging/PlatformLogger$Level done
Event: 38.839 loading class jdk/internal/event/DeserializationEvent
Event: 38.839 loading class jdk/internal/event/DeserializationEvent done
Event: 38.839 loading class java/io/ObjectInputStream$FieldValues
Event: 38.839 loading class java/io/ObjectInputStream$GetField
Event: 38.839 loading class java/io/ObjectInputStream$GetField done
Event: 38.839 loading class java/io/ObjectInputStream$FieldValues done
Event: 63.617 loading class java/io/ObjectStreamException
Event: 63.617 loading class java/io/ObjectStreamException done
Event: 75.157 loading class jdk/internal/math/FDBigInteger
Event: 75.157 loading class jdk/internal/math/FDBigInteger done
Event: 1224.675 Thread 0x0d004f50 Thread exited: 0x0d004f50
Event: 1224.678 Thread 0xf5e24490 Thread exited: 0xf5e24490
Event: 1224.678 Thread 0xc429c530 Thread exited: 0xc429c530


Dynamic libraries:
08048000-09298000 r-xp 00000000 08:04 494947248                          /home/almalinux/swg-returns-nge/build/bin/SwgGameServer
09298000-0929c000 rw-p 0124f000 08:04 494947248                          /home/almalinux/swg-returns-nge/build/bin/SwgGameServer
0929c000-09b1f000 rw-p 00000000 00:00 0 
0b93f000-10ad9000 rw-p 00000000 00:00 0                                  [heap]
bfd00000-bfd39000 rw-p 00000000 00:00 0 
bfd39000-bfe00000 ---p 00000000 00:00 0 
bff00000-bfff9000 rw-p 00000000 00:00 0 
bfff9000-c0000000 ---p 00000000 00:00 0 
c0000000-c00f9000 rw-p 00000000 00:00 0 
c00f9000-c0100000 ---p 00000000 00:00 0 
c0100000-c01f1000 rw-p 00000000 00:00 0 
c01f1000-c0200000 ---p 00000000 00:00 0 
c0200000-c02fd000 rw-p 00000000 00:00 0 
c02fd000-c0300000 ---p 00000000 00:00 0 
c0300000-c032c000 rw-p 00000000 00:00 0 
c032c000-c0400000 ---p 00000000 00:00 0 
c0400000-c04f2000 rw-p 00000000 00:00 0 
c04f2000-c0500000 ---p 00000000 00:00 0 
c0500000-c05fb000 rw-p 00000000 00:00 0 
c05fb000-c0600000 ---p 00000000 00:00 0 
c0600000-c06e9000 rw-p 00000000 00:00 0 
c06e9000-c0700000 ---p 00000000 00:00 0 
c0800000-c08f9000 rw-p 00000000 00:00 0 
c08f9000-c0900000 ---p 00000000 00:00 0 
c0900000-c09f9000 rw-p 00000000 00:00 0 
c09f9000-c0a00000 ---p 00000000 00:00 0 
c0a00000-c0afe000 rw-p 00000000 00:00 0 
c0afe000-c0b00000 ---p 00000000 00:00 0 
c0b00000-c0bfa000 rw-p 00000000 00:00 0 
c0bfa000-c0c00000 ---p 00000000 00:00 0 
c0c00000-c0cfd000 rw-p 00000000 00:00 0 
c0cfd000-c0d00000 ---p 00000000 00:00 0 
c0dfe000-c0e02000 ---p 00000000 00:00 0 
c0e02000-c0e7f000 rw-p 00000000 00:00 0 
c0e7f000-c0e80000 ---p 00000000 00:00 0 
c0e80000-c0f00000 rw-p 00000000 00:00 0 
c0f00000-c0ffa000 rw-p 00000000 00:00 0 
c0ffa000-c1000000 ---p 00000000 00:00 0 
c117f000-c1180000 ---p 00000000 00:00 0 
c1180000-c1200000 rw-p 00000000 00:00 0 
c1200000-c12e9000 rw-p 00000000 00:00 0 
c12e9000-c1300000 ---p 00000000 00:00 0 
c137f000-c1383000 ---p 00000000 00:00 0 
c1383000-c1400000 rw-p 00000000 00:00 0 
c1400000-c14ff000 rw-p 00000000 00:00 0 
c14ff000-c1500000 ---p 00000000 00:00 0 
c173d000-c1741000 ---p 00000000 00:00 0 
c1741000-c17fe000 rw-p 00000000 00:00 0 
c17fe000-c1802000 ---p 00000000 00:00 0 
c1802000-c18bf000 rw-p 00000000 00:00 0 
c18bf000-c18c0000 ---p 00000000 00:00 0 
c18c0000-c1940000 rw-p 00000000 00:00 0 
c1940000-c1944000 ---p 00000000 00:00 0 
c1944000-c1a01000 rw-p 00000000 00:00 0 
c1a01000-c1a05000 ---p 00000000 00:00 0 
c1a05000-c1ac2000 rw-p 00000000 00:00 0 
c1ac2000-c1ac6000 ---p 00000000 00:00 0 
c1ac6000-c1b43000 rw-p 00000000 00:00 0 
c1b43000-c1b47000 ---p 00000000 00:00 0 
c1b47000-c1c04000 rw-p 00000000 00:00 0 
c1c04000-c1c08000 ---p 00000000 00:00 0 
c1c08000-c1cc5000 rw-p 00000000 00:00 0 
c1cc5000-c1cc9000 ---p 00000000 00:00 0 
c1cc9000-c1d86000 rw-p 00000000 00:00 0 
c1d86000-c2000000 r--p 00078000 08:04 535181                             /usr/lib/locale/locale-archive
c2000000-c2160000 rw-p 00000000 00:00 0 
c2160000-c2400000 ---p 00000000 00:00 0 
c2400000-c2650000 rw-p 00000000 00:00 0 
c2650000-c3000000 ---p 00000000 00:00 0 
c307e000-c327e000 r--p 00000000 08:04 535181                             /usr/lib/locale/locale-archive
c327e000-c3282000 ---p 00000000 00:00 0 
c3282000-c333f000 rw-p 00000000 00:00 0 
c333f000-c3343000 ---p 00000000 00:00 0 
c3343000-c3400000 rw-p 00000000 00:00 0 
c3400000-c3421000 rw-p 00000000 00:00 0 
c3421000-c3500000 ---p 00000000 00:00 0 
c3531000-c3535000 ---p 00000000 00:00 0 
c3535000-c35b2000 rw-p 00000000 00:00 0 
c35b2000-c35b3000 ---p 00000000 00:00 0 
c35b3000-c3633000 rw-p 00000000 00:00 0 
c3633000-c3f00000 rw-p 00001000 08:04 143240867                          /usr/lib/jvm/java-17-zulu-openjdk-jdk-x86/lib/server/classes.jsa
c3f00000-c3f21000 rw-p 00000000 00:00 0 
c3f21000-c4000000 ---p 00000000 00:00 0 
c407f000-c4080000 ---p 00000000 00:00 0 
c4080000-c4100000 rw-p 00000000 00:00 0 
c4100000-c4121000 rw-p 00000000 00:00 0 
c4121000-c4200000 ---p 00000000 00:00 0 
c4200000-c42d3000 rw-p 00000000 00:00 0 
c42d3000-c4300000 ---p 00000000 00:00 0 
c437f000-c4380000 ---p 00000000 00:00 0 
c4380000-c4400000 rw-p 00000000 00:00 0 
c4400000-c444a000 rw-p 00000000 00:00 0 
c444a000-c4500000 ---p 00000000 00:00 0 
c457f000-c4580000 ---p 00000000 00:00 0 
c4580000-c4600000 rw-p 00000000 00:00 0 
c4600000-c46e0000 rw-p 00000000 00:00 0 
c46e0000-c4700000 ---p 00000000 00:00 0 
c4700000-c47ff000 rw-p 00000000 00:00 0 
c47ff000-c4800000 ---p 00000000 00:00 0 
c487f000-c4880000 ---p 00000000 00:00 0 
c4880000-c4b00000 rw-p 00000000 00:00 0 
c4b00000-c5100000 ---p 00000000 00:00 0 
c5100000-c5300000 rw-p 00000000 00:00 0 
c5300000-c5900000 ---p 00000000 00:00 0 
c5900000-c5940000 rw-p 00000000 00:00 0 
c5940000-c5a00000 ---p 00000000 00:00 0 
c5a00000-c5a40000 rw-p 00000000 00:00 0 
c5a40000-c5b00000 ---p 00000000 00:00 0 
c5b00000-c5b40000 rw-p 00000000 00:00 0 
c5b40000-c5c00000 ---p 00000000 00:00 0 
c5c00000-cdc00000 rw-p 00000000 00:00 0 
cdc00000-e5c00000 ---p 00000000 00:00 0 
e5c65000-e5c6a000 rw-p 00000000 00:00 0 
e5c6a000-e5d50000 ---p 00000000 00:00 0 
e5d50000-e5fd0000 rwxp 00000000 00:00 0 
e5fd0000-ed2ab000 ---p 00000000 00:00 0 
ed2ab000-ed4eb000 rwxp 00000000 00:00 0 
ed4eb000-ed7f5000 ---p 00000000 00:00 0 
ed7f5000-eda35000 rwxp 00000000 00:00 0 
eda35000-f4d50000 ---p 00000000 00:00 0 
f4d50000-f4eb8000 r--s 00000000 08:04 117534333                          /usr/lib/jvm/java-17-zulu-openjdk-jdk-x86/lib/modules
f4eb8000-f5d5a000 r-xp 00000000 08:04 143240869                          /usr/lib/jvm/java-17-zulu-openjdk-jdk-x86/lib/server/libjvm.so
f5d5a000-f5daf000 r--p 00ea1000 08:04 143240869                          /usr/lib/jvm/java-17-zulu-openjdk-jdk-x86/lib/server/libjvm.so
f5daf000-f5dd0000 rw-p 00ef6000 08:04 143240869                          /usr/lib/jvm/java-17-zulu-openjdk-jdk-x86/lib/server/libjvm.so
f5dd0000-f5e00000 rw-p 00000000 00:00 0 
f5e00000-f5f00000 rw-p 00000000 00:00 0 
f5f48000-f5f49000 ---p 00000000 00:00 0 
f5f49000-f5fc9000 rw-p 00000000 00:00 0 
f5fc9000-f5fca000 ---p 00000000 00:00 0 
f5fca000-f5fce000 ---p 00000000 00:00 0 
f5fce000-f6b42000 rw-p 00000000 00:00 0 
f6b4e000-f6b63000 r-xp 00000000 08:04 117534323                          /usr/lib/jvm/java-17-zulu-openjdk-jdk-x86/lib/libnet.so
f6b63000-f6b64000 r--p 00014000 08:04 117534323                          /usr/lib/jvm/java-17-zulu-openjdk-jdk-x86/lib/libnet.so
f6b64000-f6b65000 rw-p 00015000 08:04 117534323                          /usr/lib/jvm/java-17-zulu-openjdk-jdk-x86/lib/libnet.so
f6b65000-f6b6a000 rw-p 00000000 00:00 0 
f6b6a000-f6c50000 ---p 00000000 00:00 0 
f6e8a000-f6e9c000 r-xp 00000000 08:04 117534324                          /usr/lib/jvm/java-17-zulu-openjdk-jdk-x86/lib/libnio.so
f6e9c000-f6e9d000 r--p 00011000 08:04 117534324                          /usr/lib/jvm/java-17-zulu-openjdk-jdk-x86/lib/libnio.so
f6e9d000-f6e9e000 rw-p 00012000 08:04 117534324                          /usr/lib/jvm/java-17-zulu-openjdk-jdk-x86/lib/libnio.so
f6e9e000-f6ec7000 rw-p 00000000 00:00 0 
f6ec7000-f6eea000 r-xp 00000000 08:04 117534310                          /usr/lib/jvm/java-17-zulu-openjdk-jdk-x86/lib/libjava.so
f6eea000-f6eeb000 r--p 00022000 08:04 117534310                          /usr/lib/jvm/java-17-zulu-openjdk-jdk-x86/lib/libjava.so
f6eeb000-f6eec000 rw-p 00023000 08:04 117534310                          /usr/lib/jvm/java-17-zulu-openjdk-jdk-x86/lib/libjava.so
f6eec000-f6ef8000 r-xp 00000000 08:04 16831767                           /usr/lib/libnss_files-2.28.so
f6ef8000-f6ef9000 r--p 0000b000 08:04 16831767                           /usr/lib/libnss_files-2.28.so
f6ef9000-f6efa000 rw-p 0000c000 08:04 16831767                           /usr/lib/libnss_files-2.28.so
f6efa000-f6f00000 rw-p 00000000 00:00 0 
f6f06000-f6f0b000 rw-p 00000000 00:00 0 
f6f0b000-f6f11000 ---p 00000000 00:00 0 
f6f11000-f6f2c000 r-xp 00000000 08:04 117534314                          /usr/lib/jvm/java-17-zulu-openjdk-jdk-x86/lib/libjimage.so
f6f2c000-f6f2d000 ---p 0001b000 08:04 117534314                          /usr/lib/jvm/java-17-zulu-openjdk-jdk-x86/lib/libjimage.so
f6f2d000-f6f2e000 r--p 0001b000 08:04 117534314                          /usr/lib/jvm/java-17-zulu-openjdk-jdk-x86/lib/libjimage.so
f6f2e000-f6f2f000 rw-p 0001c000 08:04 117534314                          /usr/lib/jvm/java-17-zulu-openjdk-jdk-x86/lib/libjimage.so
f6f2f000-f6f33000 rw-p 00000000 00:00 0 
f6f33000-f6fbb000 r-xp 00000000 08:04 17191875                           /usr/lib/libpcre2-8.so.0.7.1
f6fbb000-f6fbc000 r--p 00087000 08:04 17191875                           /usr/lib/libpcre2-8.so.0.7.1
f6fbc000-f6fbd000 rw-p 00088000 08:04 17191875                           /usr/lib/libpcre2-8.so.0.7.1
f6fbd000-f6fdd000 r-xp 00000000 08:04 17021543                           /usr/lib/libcrypt.so.1.1.0
f6fdd000-f6fde000 ---p 00020000 08:04 17021543                           /usr/lib/libcrypt.so.1.1.0
f6fde000-f6fdf000 r--p 00020000 08:04 17021543                           /usr/lib/libcrypt.so.1.1.0
f6fdf000-f6fe8000 rw-p 00000000 00:00 0 
f6fe8000-f7013000 r-xp 00000000 08:04 17191887                           /usr/lib/libselinux.so.1
f7013000-f7014000 ---p 0002b000 08:04 17191887                           /usr/lib/libselinux.so.1
f7014000-f7015000 r--p 0002b000 08:04 17191887                           /usr/lib/libselinux.so.1
f7015000-f7016000 rw-p 0002c000 08:04 17191887                           /usr/lib/libselinux.so.1
f7016000-f7017000 rw-p 00000000 00:00 0 
f7017000-f7036000 r-xp 00000000 08:04 18866589                           /usr/lib/libbrotlicommon.so.1.0.6
f7036000-f7037000 r--p 0001e000 08:04 18866589                           /usr/lib/libbrotlicommon.so.1.0.6
f7037000-f7038000 rw-p 0001f000 08:04 18866589                           /usr/lib/libbrotlicommon.so.1.0.6
f7038000-f7056000 r-xp 00000000 08:04 17191915                           /usr/lib/libsasl2.so.3.0.0
f7056000-f7057000 ---p 0001e000 08:04 17191915                           /usr/lib/libsasl2.so.3.0.0
f7057000-f7058000 r--p 0001e000 08:04 17191915                           /usr/lib/libsasl2.so.3.0.0
f7058000-f7059000 rw-p 0001f000 08:04 17191915                           /usr/lib/libsasl2.so.3.0.0
f7059000-f705b000 rw-p 00000000 00:00 0 
f705b000-f706f000 r-xp 00000000 08:04 16831772                           /usr/lib/libresolv-2.28.so
f706f000-f7070000 ---p 00014000 08:04 16831772                           /usr/lib/libresolv-2.28.so
f7070000-f7071000 r--p 00014000 08:04 16831772                           /usr/lib/libresolv-2.28.so
f7071000-f7072000 rw-p 00015000 08:04 16831772                           /usr/lib/libresolv-2.28.so
f7072000-f7074000 rw-p 00000000 00:00 0 
f7074000-f7077000 r-xp 00000000 08:04 17191893                           /usr/lib/libkeyutils.so.1.6
f7077000-f7078000 ---p 00003000 08:04 17191893                           /usr/lib/libkeyutils.so.1.6
f7078000-f7079000 r--p 00003000 08:04 17191893                           /usr/lib/libkeyutils.so.1.6
f7079000-f707a000 rw-p 00000000 00:00 0 
f707a000-f708a000 r-xp 00000000 08:04 17021560                           /usr/lib/libkrb5support.so.0.1
f708a000-f708b000 r--p 0000f000 08:04 17021560                           /usr/lib/libkrb5support.so.0.1
f708b000-f708c000 rw-p 00010000 08:04 17021560                           /usr/lib/libkrb5support.so.0.1
f708c000-f7094000 r-xp 00000000 08:04 16831774                           /usr/lib/librt-2.28.so
f7094000-f7095000 r--p 00007000 08:04 16831774                           /usr/lib/librt-2.28.so
f7095000-f7096000 rw-p 00008000 08:04 16831774                           /usr/lib/librt-2.28.so
f7096000-f7215000 r-xp 00000000 08:04 17021545                           /usr/lib/libunistring.so.2.1.0
f7215000-f7216000 ---p 0017f000 08:04 17021545                           /usr/lib/libunistring.so.2.1.0
f7216000-f7218000 r--p 0017f000 08:04 17021545                           /usr/lib/libunistring.so.2.1.0
f7218000-f7219000 rw-p 00181000 08:04 17021545                           /usr/lib/libunistring.so.2.1.0
f7219000-f7243000 r-xp 00000000 08:04 18654292                           /usr/lib/liblzma.so.5.2.4
f7243000-f7244000 r--p 00029000 08:04 18654292                           /usr/lib/liblzma.so.5.2.4
f7244000-f7245000 rw-p 00000000 00:00 0 
f7245000-f7251000 r-xp 00000000 08:04 17191936                           /usr/lib/libbrotlidec.so.1.0.6
f7251000-f7252000 r--p 0000b000 08:04 17191936                           /usr/lib/libbrotlidec.so.1.0.6
f7252000-f7253000 rw-p 00000000 00:00 0 
f7253000-f7262000 r-xp 00000000 08:04 17191918                           /usr/lib/liblber-2.4.so.2.10.9
f7262000-f7263000 r--p 0000e000 08:04 17191918                           /usr/lib/liblber-2.4.so.2.10.9
f7263000-f7264000 rw-p 0000f000 08:04 17191918                           /usr/lib/liblber-2.4.so.2.10.9
f7264000-f72b9000 r-xp 00000000 08:04 17191920                           /usr/lib/libldap-2.4.so.2.10.9
f72b9000-f72ba000 ---p 00055000 08:04 17191920                           /usr/lib/libldap-2.4.so.2.10.9
f72ba000-f72bb000 r--p 00055000 08:04 17191920                           /usr/lib/libldap-2.4.so.2.10.9
f72bb000-f72bc000 rw-p 00056000 08:04 17191920                           /usr/lib/libldap-2.4.so.2.10.9
f72bc000-f72be000 rw-p 00000000 00:00 0 
f72be000-f72c1000 r-xp 00000000 08:04 16994899                           /usr/lib/libcom_err.so.2.1
f72c1000-f72c2000 r--p 00002000 08:04 16994899                           /usr/lib/libcom_err.so.2.1
f72c2000-f72c3000 rw-p 00003000 08:04 16994899                           /usr/lib/libcom_err.so.2.1
f72c3000-f72d9000 r-xp 00000000 08:04 17021552                           /usr/lib/libk5crypto.so.3.1
f72d9000-f72da000 ---p 00016000 08:04 17021552                           /usr/lib/libk5crypto.so.3.1
f72da000-f72db000 r--p 00016000 08:04 17021552                           /usr/lib/libk5crypto.so.3.1
f72db000-f72dc000 rw-p 00017000 08:04 17021552                           /usr/lib/libk5crypto.so.3.1
f72dc000-f73bf000 r-xp 00000000 08:04 17021558                           /usr/lib/libkrb5.so.3.3
f73bf000-f73c6000 r--p 000e2000 08:04 17021558                           /usr/lib/libkrb5.so.3.3
f73c6000-f73c7000 rw-p 000e9000 08:04 17021558                           /usr/lib/libkrb5.so.3.3
f73c7000-f7422000 r-xp 00000000 08:04 17021548                           /usr/lib/libgssapi_krb5.so.2.2
f7422000-f7424000 r--p 0005a000 08:04 17021548                           /usr/lib/libgssapi_krb5.so.2.2
f7424000-f7425000 rw-p 0005c000 08:04 17021548                           /usr/lib/libgssapi_krb5.so.2.2
f7425000-f76d6000 r-xp 00000000 08:04 18627877                           /usr/lib/libcrypto.so.1.1.1k
f76d6000-f76ef000 r--p 002b0000 08:04 18627877                           /usr/lib/libcrypto.so.1.1.1k
f76ef000-f76f1000 rw-p 002c9000 08:04 18627877                           /usr/lib/libcrypto.so.1.1.1k
f76f1000-f76f5000 rw-p 00000000 00:00 0 
f76f5000-f7787000 r-xp 00000000 08:04 18627879                           /usr/lib/libssl.so.1.1.1k
f7787000-f778d000 r--p 00091000 08:04 18627879                           /usr/lib/libssl.so.1.1.1k
f778d000-f7791000 rw-p 00097000 08:04 18627879                           /usr/lib/libssl.so.1.1.1k
f7791000-f77a1000 r-xp 00000000 08:04 18660120                           /usr/lib/libpsl.so.5.3.1
f77a1000-f77a2000 r--p 0000f000 08:04 18660120                           /usr/lib/libpsl.so.5.3.1
f77a2000-f77a3000 rw-p 00000000 00:00 0 
f77a3000-f7820000 r-xp 00000000 08:04 16994901                           /usr/lib/libssh.so.4.8.7
f7820000-f7821000 ---p 0007d000 08:04 16994901                           /usr/lib/libssh.so.4.8.7
f7821000-f7822000 r--p 0007d000 08:04 16994901                           /usr/lib/libssh.so.4.8.7
f7822000-f7823000 rw-p 0007e000 08:04 16994901                           /usr/lib/libssh.so.4.8.7
f7823000-f7840000 r-xp 00000000 08:04 17040588                           /usr/lib/libidn2.so.0.3.6
f7840000-f7841000 r--p 0001c000 08:04 17040588                           /usr/lib/libidn2.so.0.3.6
f7841000-f7842000 rw-p 00000000 00:00 0 
f7842000-f786a000 r-xp 00000000 08:04 17191891                           /usr/lib/libnghttp2.so.14.17.0
f786a000-f786b000 r--p 00027000 08:04 17191891                           /usr/lib/libnghttp2.so.14.17.0
f786b000-f786d000 rw-p 00028000 08:04 17191891                           /usr/lib/libnghttp2.so.14.17.0
f786d000-f7a0f000 r-xp 00000000 08:04 16831756                           /usr/lib/libc-2.28.so
f7a0f000-f7a10000 ---p 001a2000 08:04 16831756                           /usr/lib/libc-2.28.so
f7a10000-f7a12000 r--p 001a2000 08:04 16831756                           /usr/lib/libc-2.28.so
f7a12000-f7a13000 rw-p 001a4000 08:04 16831756                           /usr/lib/libc-2.28.so
f7a13000-f7a18000 rw-p 00000000 00:00 0 
f7a18000-f7a33000 r-xp 00000000 08:04 16985139                           /usr/lib/libgcc_s-8-20210514.so.1
f7a33000-f7a34000 r--p 0001a000 08:04 16985139                           /usr/lib/libgcc_s-8-20210514.so.1
f7a34000-f7a35000 rw-p 0001b000 08:04 16985139                           /usr/lib/libgcc_s-8-20210514.so.1
f7a35000-f7b05000 r-xp 00000000 08:04 16831760                           /usr/lib/libm-2.28.so
f7b05000-f7b06000 r--p 000cf000 08:04 16831760                           /usr/lib/libm-2.28.so
f7b06000-f7b07000 rw-p 000d0000 08:04 16831760                           /usr/lib/libm-2.28.so
f7b07000-f7c90000 r-xp 00000000 08:04 16985145                           /usr/lib/libstdc++.so.6.0.25
f7c90000-f7c91000 ---p 00189000 08:04 16985145                           /usr/lib/libstdc++.so.6.0.25
f7c91000-f7c97000 r--p 00189000 08:04 16985145                           /usr/lib/libstdc++.so.6.0.25
f7c97000-f7c98000 rw-p 0018f000 08:04 16985145                           /usr/lib/libstdc++.so.6.0.25
f7c98000-f7c9a000 rw-p 00000000 00:00 0 
f7c9a000-f7cb1000 r-xp 00000000 08:04 16963437                           /usr/lib/libz.so.1.2.11
f7cb1000-f7cb2000 ---p 00017000 08:04 16963437                           /usr/lib/libz.so.1.2.11
f7cb2000-f7cb3000 r--p 00017000 08:04 16963437                           /usr/lib/libz.so.1.2.11
f7cb3000-f7cb4000 rw-p 00000000 00:00 0 
f7cb4000-f7e31000 r-xp 00000000 08:04 16963397                           /usr/lib/libxml2.so.2.9.7
f7e31000-f7e36000 r--p 0017c000 08:04 16963397                           /usr/lib/libxml2.so.2.9.7
f7e36000-f7e37000 rw-p 00181000 08:04 16963397                           /usr/lib/libxml2.so.2.9.7
f7e37000-f7e38000 rw-p 00000000 00:00 0 
f7e38000-f7e54000 r-xp 00000000 08:04 16831770                           /usr/lib/libpthread-2.28.so
f7e54000-f7e55000 r--p 0001b000 08:04 16831770                           /usr/lib/libpthread-2.28.so
f7e55000-f7e56000 rw-p 0001c000 08:04 16831770                           /usr/lib/libpthread-2.28.so
f7e56000-f7e58000 rw-p 00000000 00:00 0 
f7e58000-f7ecc000 r-xp 00000000 08:04 16818911                           /usr/lib/libpcre.so.1.2.10
f7ecc000-f7ecd000 ---p 00074000 08:04 16818911                           /usr/lib/libpcre.so.1.2.10
f7ecd000-f7ece000 r--p 00074000 08:04 16818911                           /usr/lib/libpcre.so.1.2.10
f7ece000-f7ecf000 rw-p 00075000 08:04 16818911                           /usr/lib/libpcre.so.1.2.10
f7ecf000-f7ed2000 r-xp 00000000 08:04 16831758                           /usr/lib/libdl-2.28.so
f7ed2000-f7ed3000 r--p 00002000 08:04 16831758                           /usr/lib/libdl-2.28.so
f7ed3000-f7ed4000 rw-p 00003000 08:04 16831758                           /usr/lib/libdl-2.28.so
f7ed4000-f7f71000 r-xp 00000000 08:04 16994905                           /usr/lib/libcurl.so.4.5.0
f7f71000-f7f73000 r--p 0009c000 08:04 16994905                           /usr/lib/libcurl.so.4.5.0
f7f73000-f7f74000 rw-p 0009e000 08:04 16994905                           /usr/lib/libcurl.so.4.5.0
f7f74000-f7f7b000 r--s 00000000 08:04 176632422                          /usr/lib/gconv/gconv-modules.cache
f7f7b000-f7f83000 rw-s 00000000 08:04 151636414                          /tmp/hsperfdata_almalinux/1389101 (deleted)
f7f83000-f7f84000 ---p 00000000 00:00 0 
f7f84000-f7f85000 r--p 00000000 00:00 0 
f7f85000-f7f87000 rw-p 00000000 00:00 0 
f7f87000-f7f8b000 r--p 00000000 00:00 0                                  [vvar]
f7f8b000-f7f8d000 r-xp 00000000 00:00 0                                  [vdso]
f7f8d000-f7fbc000 r-xp 00000000 08:04 16831749                           /usr/lib/ld-2.28.so
f7fbc000-f7fbd000 ---p 00000000 00:00 0 
f7fbd000-f7fbe000 r--p 0002f000 08:04 16831749                           /usr/lib/ld-2.28.so
f7fbe000-f7fbf000 rw-p 00030000 08:04 16831749                           /usr/lib/ld-2.28.so
ffb04000-ffb05000 rwxp 00000000 00:00 0 
ffc0d000-ffcc9000 rw-p 00000000 00:00 0                                  [stack]


VM Arguments:
jvm_args: -Xms128m -Xmx512m -Xss768k -XX:MaxMetaspaceSize=96m -Xrs -XX:-UsePerfData -XX:-AllowUserSignalHandlers -XX:UseSSE=3 -XX+DoEscapeAnalysis -XX:AutoBoxCacheMax:2000 -XX:+OptimizeStringConcat -XX:+OptimizeFill -XX:+EliminateAutoBox -XX:+UseCompressedStrings -XX:+UseCompressedOops -XX:+EliminateLocks -XX:UseFastAccessorMethods -XX:+UseStringCache -XgcPrio:throughput -XXkeepAreaRatio:1 -XXlazyUnlocking -XXcallProfiling -XXcompactRatio:1 
java_command: <unknown>
java_class_path (initial): ../../data/sku.0/sys.server/compiled/game/
Launcher Type: generic

[Global flags]
     intx CICompilerCount                          = 3                                         {product} {ergonomic}
     uint ConcGCThreads                            = 1                                         {product} {ergonomic}
     uint G1ConcRefinementThreads                  = 4                                         {product} {ergonomic}
   size_t G1HeapRegionSize                         = 1048576                                   {product} {ergonomic}
    uintx GCDrainStackTargetSize                   = 64                                        {product} {ergonomic}
   size_t InitialHeapSize                          = 134217728                                 {product} {command line}
   size_t MarkStackSize                            = 32768                                     {product} {ergonomic}
   size_t MaxHeapSize                              = 536870912                                 {product} {command line}
   size_t MaxMetaspaceSize                         = 100663296                                 {product} {command line}
   size_t MaxNewSize                               = 321912832                                 {product} {ergonomic}
   size_t MinHeapDeltaBytes                        = 1048576                                   {product} {ergonomic}
   size_t MinHeapSize                              = 134217728                                 {product} {command line}
    uintx NonNMethodCodeHeapSize                   = 5544422                                {pd product} {ergonomic}
    uintx NonProfiledCodeHeapSize                  = 123056909                              {pd product} {ergonomic}
    uintx ProfiledCodeHeapSize                     = 123056909                              {pd product} {ergonomic}
    uintx ReservedCodeCacheSize                    = 251658240                              {pd product} {ergonomic}
     bool SegmentedCodeCache                       = true                                      {product} {ergonomic}
   size_t SoftMaxHeapSize                          = 536870912                              {manageable} {ergonomic}
   double SweeperThreshold                         = 0.500000                                  {product} {ergonomic}
     intx ThreadStackSize                          = 768                                    {pd product} {command line}
     bool UseG1GC                                  = true                                      {product} {ergonomic}

Logging:
Log output configuration:
 #0: stdout all=off uptime,level,tags
 #1: stderr all=off uptime,level,tags

Environment Variables:
JAVA_HOME=/usr/lib/jvm/zulu-17-x86
PATH=/usr/java/jdk1.7.0_80/bin:/usr/java/jdk1.7.0_80/bin:/usr/java/jdk1.6.0_45/bin:/usr/java/jdk1.6.0_45/bin:/usr/java/jdk1.6.0_45/bin:/home/almalinux/.local/bin:/home/almalinux/bin:/sbin:/bin:/usr/bin:/usr/local/bin:/usr/local/sbin:/usr/sbin:/usr/lib/oracle/18.3/client/bin:/usr/lib/oracle/18.3/client/bin:/usr/lib/jvm/java-11-openjdk/bin:./
LD_LIBRARY_PATH=/usr/lib/jvm/java-17-zulu-openjdk-jdk-x86/lib/server:/usr/lib/jvm/java-17-zulu-openjdk-jdk-x86/lib:/usr/lib/jvm/java-17-zulu-openjdk-jdk-x86/../lib:/usr/lib/jvm/zulu-17-x86/lib/server:/usr/lib/oracle/18.3/client/lib:/usr/include/oracle/18.3/client:/usr/lib/jvm/java-11-openjdk/lib:/usr/lib/jvm/java-11-openjdk/lib/server:./
SHELL=/bin/bash
DISPLAY=:10.0
LANG=en_US.UTF-8
TERM=xterm-256color

Active Locale:
LC_ALL=en_US.UTF-8
LC_COLLATE=en_US.UTF-8
LC_CTYPE=en_US.UTF-8
LC_MESSAGES=en_US.UTF-8
LC_MONETARY=en_US.UTF-8
LC_NUMERIC=en_US.UTF-8
LC_TIME=en_US.UTF-8

Signal Handlers:
   SIGSEGV: crash_handler in libjvm.so, mask=11100100010111111101111111111110, flags=SA_RESTART|SA_SIGINFO, unblocked
    SIGBUS: crash_handler in libjvm.so, mask=11100100010111111101111111111110, flags=SA_RESTART|SA_SIGINFO, unblocked
    SIGFPE: crash_handler in libjvm.so, mask=11100100010111111101111111111110, flags=SA_RESTART|SA_SIGINFO, unblocked
   SIGPIPE: SIG_IGN, mask=00000000000010000000000000000000, flags=SA_RESTART, blocked
  *** Handler was modified!
  *** Expected: javaSignalHandler in libjvm.so, mask=11100100110111111111111111111110, flags=SA_RESTART|SA_SIGINFO
   SIGXFSZ: javaSignalHandler in libjvm.so, mask=11100100010111111101111111111110, flags=SA_RESTART|SA_SIGINFO, blocked
    SIGILL: crash_handler in libjvm.so, mask=11100100010111111101111111111110, flags=SA_RESTART|SA_SIGINFO, unblocked
   SIGUSR2: SR_handler in libjvm.so, mask=00100000000000000000000000000000, flags=SA_RESTART|SA_SIGINFO, blocked
    SIGHUP: UserHandler in libjvm.so, mask=11100100010111111101111111111110, flags=SA_RESTART|SA_SIGINFO, blocked
    SIGINT: UserHandler in libjvm.so, mask=11100100010111111101111111111110, flags=SA_RESTART|SA_SIGINFO, blocked
   SIGTERM: UserHandler in libjvm.so, mask=11100100010111111101111111111110, flags=SA_RESTART|SA_SIGINFO, blocked
   SIGQUIT: UserHandler in libjvm.so, mask=11100100010111111101111111111110, flags=SA_RESTART|SA_SIGINFO, blocked
   SIGTRAP: crash_handler in libjvm.so, mask=11100100010111111101111111111110, flags=SA_RESTART|SA_SIGINFO, unblocked


Periodic native trim disabled


---------------  S Y S T E M  ---------------

OS:
AlmaLinux release 8.10 (Cerulean Leopard)
uname: Linux 4.18.0-553.81.1.el8_10.x86_64 #1 SMP Mon Oct 27 11:29:19 EDT 2025 x86_64
OS uptime: 33 days 16:28 hours
libc: glibc 2.28 NPTL 2.28 
rlimit (soft/hard): STACK 8192k/infinity , CORE 0k/infinity , NPROC 61995/61995 , NOFILE 262144/262144 , AS infinity/infinity , CPU infinity/infinity , DATA infinity/infinity , FSIZE infinity/infinity , MEMLOCK 64k/64k
load average: 43.16 43.44 35.08

/proc/meminfo:
MemTotal:       16014448 kB
MemFree:          836800 kB
MemAvailable:    2161396 kB
Buffers:             968 kB
Cached:          3526796 kB
SwapCached:        52176 kB
Active:          2612456 kB
Inactive:       12003204 kB
Active(anon):    2060308 kB
Inactive(anon): 11198068 kB
Active(file):     552148 kB
Inactive(file):   805136 kB
Unevictable:        3104 kB
Mlocked:              16 kB
SwapTotal:       8388604 kB
SwapFree:        6772792 kB
Dirty:              1048 kB
Writeback:             0 kB
AnonPages:      11055780 kB
Mapped:          1611688 kB
Shmem:           2170480 kB
KReclaimable:     144356 kB
Slab:             272704 kB
SReclaimable:     144356 kB
SUnreclaim:       128348 kB
KernelStack:       25828 kB
PageTables:       166208 kB
NFS_Unstable:          0 kB
Bounce:                0 kB
WritebackTmp:          0 kB
CommitLimit:    16395828 kB
Committed_AS:   27577588 kB
VmallocTotal:   34359738367 kB
VmallocUsed:       71940 kB
VmallocChunk:          0 kB
Percpu:             2704 kB
HardwareCorrupted:     0 kB
AnonHugePages:         0 kB
ShmemHugePages:        0 kB
ShmemPmdMapped:        0 kB
FileHugePages:         0 kB
FilePmdMapped:         0 kB
HugePages_Total:       0
HugePages_Free:        0
HugePages_Rsvd:        0
HugePages_Surp:        0
Hugepagesize:       2048 kB
Hugetlb:               0 kB
DirectMap4k:     2565996 kB
DirectMap2M:    13817856 kB

/sys/kernel/mm/transparent_hugepage/enabled: always madvise [never]
/sys/kernel/mm/transparent_hugepage/hpage_pmd_size: 2097152
/sys/kernel/mm/transparent_hugepage/defrag (defrag/compaction efforts parameter): always defer defer+madvise [madvise] never

Process Memory:
Virtual Size: 1021264K (peak: 1024868K)
Resident Set Size: 224524K (peak: 226116K) (anon: 191032K, file: 33492K, shmem: 0K)
Swapped out: 0K
C-Heap outstanding allocations: 20663K, retained: 88492K
glibc malloc tunables: (default)

/proc/sys/kernel/threads-max (system-wide limit on the number of threads): 123991
/proc/sys/vm/max_map_count (maximum number of memory map areas a process may have): 1677720
/proc/sys/kernel/pid_max (system-wide limit on number of process identifiers): 4194304

container (cgroup) information:
container_type: cgroupv1
cpu_cpuset_cpus: 0-3
cpu_memory_nodes: 0
active_processor_count: 4
cpu_quota: no quota
cpu_period: 100000
cpu_shares: no shares
memory_limit_in_bytes: unlimited
memory_and_swap_limit_in_bytes: unlimited
memory_soft_limit_in_bytes: unlimited
memory_usage_in_bytes: 14020004 k
memory_max_usage_in_bytes: 14783012 k
kernel_memory_usage_in_bytes: 224156 k
kernel_memory_max_usage_in_bytes: unlimited
kernel_memory_limit_in_bytes: 985464 k
maximum number of tasks: unlimited
current number of tasks: 825

KVM virtualization detected
Steal ticks since vm start: 153
Steal ticks percentage since vm start:  0.000

CPU: total 4 (initial active 4) (1 cores per cpu, 1 threads per core) family 6 model 60 stepping 1 microcode 0x1, cx8, cmov, fxsr, mmx, sse, sse2, sse3, ssse3, sse4.1, sse4.2, popcnt, lzcnt, tsc, avx, avx2, aes, erms, clmul, bmi1, bmi2, fma, vzeroupper, clflush, hv
CPU Model and flags from /proc/cpuinfo:
model name	: Intel Core Processor (Haswell, no TSX)
flags		: fpu vme de pse tsc msr pae mce cx8 apic sep mtrr pge mca cmov pat pse36 clflush mmx fxsr sse sse2 syscall nx rdtscp lm constant_tsc rep_good nopl xtopology cpuid tsc_known_freq pni pclmulqdq vmx ssse3 fma cx16 pcid sse4_1 sse4_2 x2apic movbe popcnt tsc_deadline_timer aes xsave avx f16c rdrand hypervisor lahf_lm abm cpuid_fault invpcid_single pti tpr_shadow vnmi flexpriority ept vpid ept_ad fsgsbase bmi1 avx2 smep bmi2 erms invpcid xsaveopt arat md_clear

Online cpus: 0-3
Offline cpus: 
BIOS frequency limitation: <Not Available>
Frequency switch latency (ns): <Not Available>
Available cpu frequencies: <Not Available>
Current governor: <Not Available>
Core performance/turbo boost: <Not Available>

Memory: 4k page, physical 16014448k(836800k free), swap 8388604k(6772792k free)
Page Sizes: 4k

vm_info: OpenJDK Server VM (17.0.11+9-LTS) for linux-x86 JRE (17.0.11+9-LTS) (Zulu17.50+19-CA), built on Apr  9 2024 07:14:46 by "zulu_re" with gcc 8.3.0

END.
