#
# A fatal error has been detected by the Java Runtime Environment:
#
#  SIGSEGV (0xb) at pc=0xf7866618, pid=1373014, tid=1373014
#
# JRE version: OpenJDK Runtime Environment Zulu17.50+19-CA (17.0.11+9) (build 17.0.11+9-LTS)
# Java VM: OpenJDK Server VM Zulu17.50+19-CA (17.0.11+9-LTS, mixed mode, sharing, tiered, g1 gc, linux-x86)
# Problematic frame:
# C  [libc.so.6+0x84618]  cfree+0x28
#
# Core dump will be written. Default location: Core dumps may be processed with "/usr/lib/systemd/systemd-coredump %P %u %g %s %t %c %h %e" (or dumping to /home/almalinux/swg-returns-nge/exe/linux/core.1373014)
#
# If you would like to submit a bug report, please visit:
#   http://www.azul.com/support/
#

---------------  S U M M A R Y ------------

Command Line: -Xms128m -Xmx512m -Xss768k -XX:MaxMetaspaceSize=96m -Xrs -XX:-UsePerfData -XX:-AllowUserSignalHandlers -XX:UseSSE=3 -XX+DoEscapeAnalysis -XX:AutoBoxCacheMax:2000 -XX:+OptimizeStringConcat -XX:+OptimizeFill -XX:+EliminateAutoBox -XX:+UseCompressedStrings -XX:+UseCompressedOops -XX:+EliminateLocks -XX:UseFastAccessorMethods -XX:+UseStringCache -XgcPrio:throughput -XXkeepAreaRatio:1 -XXlazyUnlocking -XXcallProfiling -XXcompactRatio:1 

Host: Intel Core Processor (Haswell, no TSX), 4 cores, 15G, AlmaLinux release 8.10 (Cerulean Leopard)
Time: Sun Jan 25 12:03:50 2026 UTC elapsed time: 4023.464276 seconds (0d 1h 7m 3s)

---------------  T H R E A D  ---------------

Current thread is native thread

Stack: [0xff7e7000,0xff8a7000],  sp=0xff8a4570,  free space=757k
Native frames: (J=compiled Java code, j=interpreted, Vv=VM code, C=native code)
C  [libc.so.6+0x84618]  cfree+0x28


siginfo: si_signo: 11 (SIGSEGV), si_code: 1 (SEGV_MAPERR), si_addr: 0x00000003

Registers:
EAX=0x00000000, EBX=0x00000007, ECX=0xf6ea484c, EDX=0x0b5cee58
ESP=0xff8a4570, EBP=0xff8a46a8, ESI=0xf7987000, EDI=0x00000000
EIP=0xf7866618, EFLAGS=0x00210202, CR2=0x0000000000000003


Top of Stack: (sp=0xff8a4570)
0xff8a4570:   0b252020 00000000 ff8a46a8 f7af3f1c
0xff8a4580:   0b2520b0 f7c0aa04 0b5cee30 f7af3f1c
0xff8a4590:   00000007 f7af3f0a f7c0aa04 f7af3f4c
0xff8a45a0:   0b2520b0 f7af3f0a 0b5d2bd0 085b6163
0xff8a45b0:   00000007 0b252020 0b251d30 085bb8d1
0xff8a45c0:   0b252020 0b251d30 00000000 085bb89b
0xff8a45d0:   0ca6b7f0 ff8a45f7 ff8a461c 085c6969
0xff8a45e0:   087d6c00 ff8a461c ff8a46a8 084fc53b
0xff8a45f0:   00000014 00010002 00000000 00000000
0xff8a4600:   01010100 00000001 09aa44c0 00000000
0xff8a4610:   00000000 00000000 00000000 00000000
0xff8a4620:   00000000 00000015 ff8a4778 f78176ff
0xff8a4630:   f798741c 47677753 53656d61 65767265
0xff8a4640:   33313a72 31303337 09290034 0b5b41f0
0xff8a4650:   08ea0100 08ebc230 08ea5888 f798741c
0xff8a4660:   00000428 00000420 f7817779 085758fd
0xff8a4670:   08ea2a80 09b1ea78 08ea5888 08574f56
0xff8a4680:   0929a2c4 0929a2c4 ff8a4778 08ea583b
0xff8a4690:   0000000c ff8a4744 ff8a46c0 f7987000
0xff8a46a0:   00000000 08575910 00000000 f77fff26
0xff8a46b0:   00000000 08575910 00000000 f77fff26
0xff8a46c0:   0000000c ff8a4744 ff8a4778 ff8a46e4
0xff8a46d0:   0929a2d0 00000000 ff8a4778 f7987000
0xff8a46e0:   f77ef75c f7987000 00000000 08575910
0xff8a46f0:   00000000 4eae7d95 a5de3584 00000000
0xff8a4700:   00000000 00000000 f7f064d0 f77ffe30
0xff8a4710:   084fc260 0929a2c4 0000000c 08575946
0xff8a4720:   084fc260 0000000c ff8a4744 08ea57f0
0xff8a4730:   08ea5850 f7f064d0 ff8a473c f7f33970
0xff8a4740:   0000000c ff8a5625 ff8a5637 ff8a563a
0xff8a4750:   ff8a564c ff8a564f ff8a565a ff8a567e
0xff8a4760:   ff8a568e ff8a56a5 ff8a56cc ff8a56cf 

Instructions: (pc=0xf7866618)
0xf7866518:   50 8d 96 86 f7 fa ff 8d 86 d0 2f fb ff e8 c6 b7
0xf7866528:   ff ff 8d b6 00 00 00 00 bb 20 00 00 00 e9 5e fe
0xf7866538:   ff ff e8 a1 c0 ff ff 89 c5 85 c0 0f 85 68 ff ff
0xf7866548:   ff 31 d2 8d 44 3b 10 e8 8c c1 ff ff 89 da 89 f9
0xf7866558:   89 c5 e8 11 f0 ff ff 89 c2 85 c0 75 1b 85 ed 74
0xf7866568:   17 90 89 fa 89 e8 e8 bd c5 ff ff 89 da 89 f9 89
0xf7866578:   c5 e8 f2 ef ff ff 89 c2 85 ed 0f 84 57 ff ff ff
0xf7866588:   e9 39 ff ff ff 8d 86 b8 31 fb ff 83 ec 0c b9 25
0xf7866598:   0d 00 00 50 8d 96 86 f7 fa ff 8d 86 74 2f fb ff
0xf78665a8:   e8 43 b7 ff ff 8d 76 00 f3 0f 1e fb e8 0a 9a f9
0xf78665b8:   ff 05 47 0a 12 00 56 53 83 ec 04 8b 5c 24 10 8b
0xf78665c8:   74 24 14 8b 80 50 ff ff ff c7 00 00 00 00 00 e8
0xf78665d8:   54 bb ff ff 8b 4c 24 0c 83 c4 04 89 f2 89 d8 5b
0xf78665e8:   5e e9 42 fd ff ff 66 90 f3 0f 1e fb 56 e8 9a 9b
0xf78665f8:   f9 ff 81 c6 06 0a 12 00 53 83 ec 14 8b 5c 24 20
0xf7866608:   8b 86 5c ff ff ff 8b 00 85 c0 75 6c 85 db 74 75
0xf7866618:   8b 4b fc 8d 53 f8 f6 c1 02 75 35 8b 86 70 fe ff
0xf7866628:   ff 65 8b 00 85 c0 0f 84 8c 00 00 00 83 e1 04 8d
0xf7866638:   86 60 07 00 00 74 09 89 d0 25 00 00 f0 ff 8b 00
0xf7866648:   83 c4 14 31 c9 5b 5e e9 8c cb ff ff 8d 74 26 00
0xf7866658:   8b 9e 60 01 00 00 85 db 75 10 3b 8e 48 01 00 00
0xf7866668:   76 08 81 f9 00 00 08 00 76 26 83 c4 14 89 d0 5b
0xf7866678:   5e e9 92 b8 ff ff 66 90 83 ec 08 ff 74 24 24 53
0xf7866688:   ff d0 83 c4 10 83 c4 14 5b 5e c3 8d 74 26 00 90
0xf7866698:   39 96 80 1d 00 00 77 08 39 96 7c 1d 00 00 77 ca
0xf78666a8:   83 e1 f8 8d 04 09 89 8e 48 01 00 00 89 86 40 01
0xf78666b8:   00 00 90 eb b5 8d 76 00 8b 86 74 fe ff ff 65 80
0xf78666c8:   38 00 0f 85 64 ff ff ff 89 54 24 0c e8 97 ed ff
0xf78666d8:   ff 8b 4b fc 8b 54 24 0c e9 4f ff ff ff 8d b4 26
0xf78666e8:   00 00 00 00 8d 74 26 00 f3 0f 1e fb 55 57 56 e8
0xf78666f8:   98 9a f9 ff 81 c6 04 09 12 00 53 83 ec 0c 8b 86
0xf7866708:   70 fe ff ff 8b 96 74 fe ff ff 65 8b 28 65 c6 02 



---------------  P R O C E S S  ---------------

VM state: at safepoint (shutting down)

VM Mutex/Monitor currently owned by a thread:  ([mutex/lock_event])
[0xf5e21d30] Threads_lock - owner thread: 0xc4194cf0

GC Precious Log:
<Skipped>

Heap:
 garbage-first heap   total 131072K, used 56091K [0xc5c00000, 0xe5c00000)
  region size 1024K, 53 young (54272K), 2 survivors (2048K)
 Metaspace       used 3533K, committed 3776K, reserved 16384K

Heap Regions: E=young(eden), S=young(survivor), O=old, HS=humongous(starts), HC=humongous(continues), CS=collection set, F=free, OA=open archive, CA=closed archive, TAMS=top-at-mark-start (previous, next)
|   0|0xc5c00000, 0xc5d00000, 0xc5d00000|100%| O|  |TAMS 0xc5c00000, 0xc5c00000| Untracked 
|   1|0xc5d00000, 0xc5dde600, 0xc5e00000| 86%| O|  |TAMS 0xc5d00000, 0xc5d00000| Untracked 
|   2|0xc5e00000, 0xc5e00000, 0xc5f00000|  0%| F|  |TAMS 0xc5e00000, 0xc5e00000| Untracked 
|   3|0xc5f00000, 0xc5f00000, 0xc6000000|  0%| F|  |TAMS 0xc5f00000, 0xc5f00000| Untracked 
|   4|0xc6000000, 0xc6000000, 0xc6100000|  0%| F|  |TAMS 0xc6000000, 0xc6000000| Untracked 
|   5|0xc6100000, 0xc6100000, 0xc6200000|  0%| F|  |TAMS 0xc6100000, 0xc6100000| Untracked 
|   6|0xc6200000, 0xc6200000, 0xc6300000|  0%| F|  |TAMS 0xc6200000, 0xc6200000| Untracked 
|   7|0xc6300000, 0xc6300000, 0xc6400000|  0%| F|  |TAMS 0xc6300000, 0xc6300000| Untracked 
|   8|0xc6400000, 0xc6400000, 0xc6500000|  0%| F|  |TAMS 0xc6400000, 0xc6400000| Untracked 
|   9|0xc6500000, 0xc6500000, 0xc6600000|  0%| F|  |TAMS 0xc6500000, 0xc6500000| Untracked 
|  10|0xc6600000, 0xc6600000, 0xc6700000|  0%| F|  |TAMS 0xc6600000, 0xc6600000| Untracked 
|  11|0xc6700000, 0xc6700000, 0xc6800000|  0%| F|  |TAMS 0xc6700000, 0xc6700000| Untracked 
|  12|0xc6800000, 0xc6800000, 0xc6900000|  0%| F|  |TAMS 0xc6800000, 0xc6800000| Untracked 
|  13|0xc6900000, 0xc6900000, 0xc6a00000|  0%| F|  |TAMS 0xc6900000, 0xc6900000| Untracked 
|  14|0xc6a00000, 0xc6a00000, 0xc6b00000|  0%| F|  |TAMS 0xc6a00000, 0xc6a00000| Untracked 
|  15|0xc6b00000, 0xc6b00000, 0xc6c00000|  0%| F|  |TAMS 0xc6b00000, 0xc6b00000| Untracked 
|  16|0xc6c00000, 0xc6c00000, 0xc6d00000|  0%| F|  |TAMS 0xc6c00000, 0xc6c00000| Untracked 
|  17|0xc6d00000, 0xc6d00000, 0xc6e00000|  0%| F|  |TAMS 0xc6d00000, 0xc6d00000| Untracked 
|  18|0xc6e00000, 0xc6e00000, 0xc6f00000|  0%| F|  |TAMS 0xc6e00000, 0xc6e00000| Untracked 
|  19|0xc6f00000, 0xc6f00000, 0xc7000000|  0%| F|  |TAMS 0xc6f00000, 0xc6f00000| Untracked 
|  20|0xc7000000, 0xc7000000, 0xc7100000|  0%| F|  |TAMS 0xc7000000, 0xc7000000| Untracked 
|  21|0xc7100000, 0xc7100000, 0xc7200000|  0%| F|  |TAMS 0xc7100000, 0xc7100000| Untracked 
|  22|0xc7200000, 0xc7200000, 0xc7300000|  0%| F|  |TAMS 0xc7200000, 0xc7200000| Untracked 
|  23|0xc7300000, 0xc7300000, 0xc7400000|  0%| F|  |TAMS 0xc7300000, 0xc7300000| Untracked 
|  24|0xc7400000, 0xc7400000, 0xc7500000|  0%| F|  |TAMS 0xc7400000, 0xc7400000| Untracked 
|  25|0xc7500000, 0xc7500000, 0xc7600000|  0%| F|  |TAMS 0xc7500000, 0xc7500000| Untracked 
|  26|0xc7600000, 0xc7600000, 0xc7700000|  0%| F|  |TAMS 0xc7600000, 0xc7600000| Untracked 
|  27|0xc7700000, 0xc7700000, 0xc7800000|  0%| F|  |TAMS 0xc7700000, 0xc7700000| Untracked 
|  28|0xc7800000, 0xc7800000, 0xc7900000|  0%| F|  |TAMS 0xc7800000, 0xc7800000| Untracked 
|  29|0xc7900000, 0xc7900000, 0xc7a00000|  0%| F|  |TAMS 0xc7900000, 0xc7900000| Untracked 
|  30|0xc7a00000, 0xc7a00000, 0xc7b00000|  0%| F|  |TAMS 0xc7a00000, 0xc7a00000| Untracked 
|  31|0xc7b00000, 0xc7b00000, 0xc7c00000|  0%| F|  |TAMS 0xc7b00000, 0xc7b00000| Untracked 
|  32|0xc7c00000, 0xc7c00000, 0xc7d00000|  0%| F|  |TAMS 0xc7c00000, 0xc7c00000| Untracked 
|  33|0xc7d00000, 0xc7d00000, 0xc7e00000|  0%| F|  |TAMS 0xc7d00000, 0xc7d00000| Untracked 
|  34|0xc7e00000, 0xc7e00000, 0xc7f00000|  0%| F|  |TAMS 0xc7e00000, 0xc7e00000| Untracked 
|  35|0xc7f00000, 0xc7f00000, 0xc8000000|  0%| F|  |TAMS 0xc7f00000, 0xc7f00000| Untracked 
|  36|0xc8000000, 0xc8000000, 0xc8100000|  0%| F|  |TAMS 0xc8000000, 0xc8000000| Untracked 
|  37|0xc8100000, 0xc8100000, 0xc8200000|  0%| F|  |TAMS 0xc8100000, 0xc8100000| Untracked 
|  38|0xc8200000, 0xc8200000, 0xc8300000|  0%| F|  |TAMS 0xc8200000, 0xc8200000| Untracked 
|  39|0xc8300000, 0xc8300000, 0xc8400000|  0%| F|  |TAMS 0xc8300000, 0xc8300000| Untracked 
|  40|0xc8400000, 0xc8400000, 0xc8500000|  0%| F|  |TAMS 0xc8400000, 0xc8400000| Untracked 
|  41|0xc8500000, 0xc8500000, 0xc8600000|  0%| F|  |TAMS 0xc8500000, 0xc8500000| Untracked 
|  42|0xc8600000, 0xc8600000, 0xc8700000|  0%| F|  |TAMS 0xc8600000, 0xc8600000| Untracked 
|  43|0xc8700000, 0xc8700000, 0xc8800000|  0%| F|  |TAMS 0xc8700000, 0xc8700000| Untracked 
|  44|0xc8800000, 0xc8800000, 0xc8900000|  0%| F|  |TAMS 0xc8800000, 0xc8800000| Untracked 
|  45|0xc8900000, 0xc8900000, 0xc8a00000|  0%| F|  |TAMS 0xc8900000, 0xc8900000| Untracked 
|  46|0xc8a00000, 0xc8a00000, 0xc8b00000|  0%| F|  |TAMS 0xc8a00000, 0xc8a00000| Untracked 
|  47|0xc8b00000, 0xc8b00000, 0xc8c00000|  0%| F|  |TAMS 0xc8b00000, 0xc8b00000| Untracked 
|  48|0xc8c00000, 0xc8c00000, 0xc8d00000|  0%| F|  |TAMS 0xc8c00000, 0xc8c00000| Untracked 
|  49|0xc8d00000, 0xc8d00000, 0xc8e00000|  0%| F|  |TAMS 0xc8d00000, 0xc8d00000| Untracked 
|  50|0xc8e00000, 0xc8e00000, 0xc8f00000|  0%| F|  |TAMS 0xc8e00000, 0xc8e00000| Untracked 
|  51|0xc8f00000, 0xc8f00000, 0xc9000000|  0%| F|  |TAMS 0xc8f00000, 0xc8f00000| Untracked 
|  52|0xc9000000, 0xc90e8708, 0xc9100000| 90%| S|CS|TAMS 0xc9000000, 0xc9000000| Complete 
|  53|0xc9100000, 0xc9200000, 0xc9200000|100%| S|CS|TAMS 0xc9100000, 0xc9100000| Complete 
|  54|0xc9200000, 0xc9200000, 0xc9300000|  0%| F|  |TAMS 0xc9200000, 0xc9200000| Untracked 
|  55|0xc9300000, 0xc9300000, 0xc9400000|  0%| F|  |TAMS 0xc9300000, 0xc9300000| Untracked 
|  56|0xc9400000, 0xc9400000, 0xc9500000|  0%| F|  |TAMS 0xc9400000, 0xc9400000| Untracked 
|  57|0xc9500000, 0xc9500000, 0xc9600000|  0%| F|  |TAMS 0xc9500000, 0xc9500000| Untracked 
|  58|0xc9600000, 0xc9600000, 0xc9700000|  0%| F|  |TAMS 0xc9600000, 0xc9600000| Untracked 
|  59|0xc9700000, 0xc9700000, 0xc9800000|  0%| F|  |TAMS 0xc9700000, 0xc9700000| Untracked 
|  60|0xc9800000, 0xc9800000, 0xc9900000|  0%| F|  |TAMS 0xc9800000, 0xc9800000| Untracked 
|  61|0xc9900000, 0xc9900000, 0xc9a00000|  0%| F|  |TAMS 0xc9900000, 0xc9900000| Untracked 
|  62|0xc9a00000, 0xc9a00000, 0xc9b00000|  0%| F|  |TAMS 0xc9a00000, 0xc9a00000| Untracked 
|  63|0xc9b00000, 0xc9b00000, 0xc9c00000|  0%| F|  |TAMS 0xc9b00000, 0xc9b00000| Untracked 
|  64|0xc9c00000, 0xc9c00000, 0xc9d00000|  0%| F|  |TAMS 0xc9c00000, 0xc9c00000| Untracked 
|  65|0xc9d00000, 0xc9d00000, 0xc9e00000|  0%| F|  |TAMS 0xc9d00000, 0xc9d00000| Untracked 
|  66|0xc9e00000, 0xc9e00000, 0xc9f00000|  0%| F|  |TAMS 0xc9e00000, 0xc9e00000| Untracked 
|  67|0xc9f00000, 0xc9f00000, 0xca000000|  0%| F|  |TAMS 0xc9f00000, 0xc9f00000| Untracked 
|  68|0xca000000, 0xca000000, 0xca100000|  0%| F|  |TAMS 0xca000000, 0xca000000| Untracked 
|  69|0xca100000, 0xca100000, 0xca200000|  0%| F|  |TAMS 0xca100000, 0xca100000| Untracked 
|  70|0xca200000, 0xca200000, 0xca300000|  0%| F|  |TAMS 0xca200000, 0xca200000| Untracked 
|  71|0xca300000, 0xca300000, 0xca400000|  0%| F|  |TAMS 0xca300000, 0xca300000| Untracked 
|  72|0xca400000, 0xca400000, 0xca500000|  0%| F|  |TAMS 0xca400000, 0xca400000| Untracked 
|  73|0xca500000, 0xca500000, 0xca600000|  0%| F|  |TAMS 0xca500000, 0xca500000| Untracked 
|  74|0xca600000, 0xca600000, 0xca700000|  0%| F|  |TAMS 0xca600000, 0xca600000| Untracked 
|  75|0xca700000, 0xca700000, 0xca800000|  0%| F|  |TAMS 0xca700000, 0xca700000| Untracked 
|  76|0xca800000, 0xca800000, 0xca900000|  0%| F|  |TAMS 0xca800000, 0xca800000| Untracked 
|  77|0xca900000, 0xcaa00000, 0xcaa00000|100%| E|  |TAMS 0xca900000, 0xca900000| Complete 
|  78|0xcaa00000, 0xcab00000, 0xcab00000|100%| E|CS|TAMS 0xcaa00000, 0xcaa00000| Complete 
|  79|0xcab00000, 0xcac00000, 0xcac00000|100%| E|CS|TAMS 0xcab00000, 0xcab00000| Complete 
|  80|0xcac00000, 0xcad00000, 0xcad00000|100%| E|CS|TAMS 0xcac00000, 0xcac00000| Complete 
|  81|0xcad00000, 0xcae00000, 0xcae00000|100%| E|CS|TAMS 0xcad00000, 0xcad00000| Complete 
|  82|0xcae00000, 0xcaf00000, 0xcaf00000|100%| E|CS|TAMS 0xcae00000, 0xcae00000| Complete 
|  83|0xcaf00000, 0xcb000000, 0xcb000000|100%| E|CS|TAMS 0xcaf00000, 0xcaf00000| Complete 
|  84|0xcb000000, 0xcb100000, 0xcb100000|100%| E|CS|TAMS 0xcb000000, 0xcb000000| Complete 
|  85|0xcb100000, 0xcb200000, 0xcb200000|100%| E|CS|TAMS 0xcb100000, 0xcb100000| Complete 
|  86|0xcb200000, 0xcb300000, 0xcb300000|100%| E|CS|TAMS 0xcb200000, 0xcb200000| Complete 
|  87|0xcb300000, 0xcb400000, 0xcb400000|100%| E|CS|TAMS 0xcb300000, 0xcb300000| Complete 
|  88|0xcb400000, 0xcb500000, 0xcb500000|100%| E|CS|TAMS 0xcb400000, 0xcb400000| Complete 
|  89|0xcb500000, 0xcb600000, 0xcb600000|100%| E|CS|TAMS 0xcb500000, 0xcb500000| Complete 
|  90|0xcb600000, 0xcb700000, 0xcb700000|100%| E|CS|TAMS 0xcb600000, 0xcb600000| Complete 
|  91|0xcb700000, 0xcb800000, 0xcb800000|100%| E|CS|TAMS 0xcb700000, 0xcb700000| Complete 
|  92|0xcb800000, 0xcb900000, 0xcb900000|100%| E|CS|TAMS 0xcb800000, 0xcb800000| Complete 
|  93|0xcb900000, 0xcba00000, 0xcba00000|100%| E|CS|TAMS 0xcb900000, 0xcb900000| Complete 
|  94|0xcba00000, 0xcbb00000, 0xcbb00000|100%| E|CS|TAMS 0xcba00000, 0xcba00000| Complete 
|  95|0xcbb00000, 0xcbc00000, 0xcbc00000|100%| E|CS|TAMS 0xcbb00000, 0xcbb00000| Complete 
|  96|0xcbc00000, 0xcbd00000, 0xcbd00000|100%| E|CS|TAMS 0xcbc00000, 0xcbc00000| Complete 
|  97|0xcbd00000, 0xcbe00000, 0xcbe00000|100%| E|CS|TAMS 0xcbd00000, 0xcbd00000| Complete 
|  98|0xcbe00000, 0xcbf00000, 0xcbf00000|100%| E|CS|TAMS 0xcbe00000, 0xcbe00000| Complete 
|  99|0xcbf00000, 0xcc000000, 0xcc000000|100%| E|CS|TAMS 0xcbf00000, 0xcbf00000| Complete 
| 100|0xcc000000, 0xcc100000, 0xcc100000|100%| E|CS|TAMS 0xcc000000, 0xcc000000| Complete 
| 101|0xcc100000, 0xcc200000, 0xcc200000|100%| E|CS|TAMS 0xcc100000, 0xcc100000| Complete 
| 102|0xcc200000, 0xcc300000, 0xcc300000|100%| E|CS|TAMS 0xcc200000, 0xcc200000| Complete 
| 103|0xcc300000, 0xcc400000, 0xcc400000|100%| E|CS|TAMS 0xcc300000, 0xcc300000| Complete 
| 104|0xcc400000, 0xcc500000, 0xcc500000|100%| E|CS|TAMS 0xcc400000, 0xcc400000| Complete 
| 105|0xcc500000, 0xcc600000, 0xcc600000|100%| E|CS|TAMS 0xcc500000, 0xcc500000| Complete 
| 106|0xcc600000, 0xcc700000, 0xcc700000|100%| E|CS|TAMS 0xcc600000, 0xcc600000| Complete 
| 107|0xcc700000, 0xcc800000, 0xcc800000|100%| E|CS|TAMS 0xcc700000, 0xcc700000| Complete 
| 108|0xcc800000, 0xcc900000, 0xcc900000|100%| E|CS|TAMS 0xcc800000, 0xcc800000| Complete 
| 109|0xcc900000, 0xcca00000, 0xcca00000|100%| E|CS|TAMS 0xcc900000, 0xcc900000| Complete 
| 110|0xcca00000, 0xccb00000, 0xccb00000|100%| E|CS|TAMS 0xcca00000, 0xcca00000| Complete 
| 111|0xccb00000, 0xccc00000, 0xccc00000|100%| E|CS|TAMS 0xccb00000, 0xccb00000| Complete 
| 112|0xccc00000, 0xccd00000, 0xccd00000|100%| E|CS|TAMS 0xccc00000, 0xccc00000| Complete 
| 113|0xccd00000, 0xcce00000, 0xcce00000|100%| E|CS|TAMS 0xccd00000, 0xccd00000| Complete 
| 114|0xcce00000, 0xccf00000, 0xccf00000|100%| E|CS|TAMS 0xcce00000, 0xcce00000| Complete 
| 115|0xccf00000, 0xcd000000, 0xcd000000|100%| E|CS|TAMS 0xccf00000, 0xccf00000| Complete 
| 116|0xcd000000, 0xcd100000, 0xcd100000|100%| E|CS|TAMS 0xcd000000, 0xcd000000| Complete 
| 117|0xcd100000, 0xcd200000, 0xcd200000|100%| E|CS|TAMS 0xcd100000, 0xcd100000| Complete 
| 118|0xcd200000, 0xcd300000, 0xcd300000|100%| E|CS|TAMS 0xcd200000, 0xcd200000| Complete 
| 119|0xcd300000, 0xcd400000, 0xcd400000|100%| E|CS|TAMS 0xcd300000, 0xcd300000| Complete 
| 120|0xcd400000, 0xcd500000, 0xcd500000|100%| E|CS|TAMS 0xcd400000, 0xcd400000| Complete 
| 121|0xcd500000, 0xcd600000, 0xcd600000|100%| E|CS|TAMS 0xcd500000, 0xcd500000| Complete 
| 122|0xcd600000, 0xcd700000, 0xcd700000|100%| E|CS|TAMS 0xcd600000, 0xcd600000| Complete 
| 123|0xcd700000, 0xcd800000, 0xcd800000|100%| E|CS|TAMS 0xcd700000, 0xcd700000| Complete 
| 124|0xcd800000, 0xcd900000, 0xcd900000|100%| E|CS|TAMS 0xcd800000, 0xcd800000| Complete 
| 125|0xcd900000, 0xcda00000, 0xcda00000|100%| E|CS|TAMS 0xcd900000, 0xcd900000| Complete 
| 126|0xcda00000, 0xcdb00000, 0xcdb00000|100%| E|CS|TAMS 0xcda00000, 0xcda00000| Complete 
| 127|0xcdb00000, 0xcdc00000, 0xcdc00000|100%| E|CS|TAMS 0xcdb00000, 0xcdb00000| Complete 

Card table byte_map: [0xc5a00000,0xc5b00000] _byte_map_base: 0xc53d2000

Marking Bits (Prev, Next): (CMBitMap*) 0xf5e8b528, (CMBitMap*) 0xf5e8b548
 Prev Bits: [0xc5100000, 0xc5900000)
 Next Bits: [0xc4900000, 0xc5100000)

Polling page: 0xf7ef8000

Metaspace:

Usage:
    3.45 MB used.

Virtual space:
     16.00 MB reserved,       3.69 MB ( 23%) committed,  1 nodes.

Chunk freelists:
9.72 MB

MaxMetaspaceSize: 96.00 MB
No class space
Initial GC threshold: 16.00 MB
Current GC threshold: 16.00 MB
CDS: on
MetaspaceReclaimPolicy: balanced
 - commit_granule_bytes: 65536.
 - commit_granule_words: 16384.
 - virtual_space_node_default_size: 4194304.
 - enlarge_chunks_in_place: 1.
 - new_chunks_are_fully_committed: 0.
 - uncommit_free_chunks: 1.
 - use_allocation_guard: 0.
 - handle_deallocations: 1.


Internal statistics:

num_allocs_failed_limit: 0.
num_arena_births: 140.
num_arena_deaths: 0.
num_vsnodes_births: 1.
num_vsnodes_deaths: 0.
num_space_committed: 59.
num_space_uncommitted: 0.
num_chunks_returned_to_freelist: 0.
num_chunks_taken_from_freelist: 294.
num_chunk_merges: 0.
num_chunk_splits: 192.
num_chunks_enlarged: 124.
num_inconsistent_stats: 0.

CodeHeap 'non-profiled nmethods': size=120172Kb used=1025Kb max_used=1025Kb free=119146Kb
 bounds [0xed7f5000, 0xeda35000, 0xf4d50000]
CodeHeap 'profiled nmethods': size=120172Kb used=2772Kb max_used=2772Kb free=117399Kb
 bounds [0xe5d50000, 0xe6008000, 0xed2ab000]
CodeHeap 'non-nmethods': size=5416Kb used=725Kb max_used=769Kb free=4690Kb
 bounds [0xed2ab000, 0xed4eb000, 0xed7f5000]
 total_blobs=1840 nmethods=1508 adapters=246
 compilation: enabled
              stopped_count=0, restarted_count=0
 full_count=0

Compilation events (20 events):
Event: 3819.531 Thread 0xc41a0580 1518       3       script.deltadictionary::removeAll (42 bytes)
Event: 3819.532 Thread 0xc41a0580 nmethod 1518 0xe5ffff08 code [0xe60000c0, 0xe600073c]
Event: 3819.532 Thread 0xc41a0580 1515       3       script.obj_id::clearObjId (122 bytes)
Event: 3819.533 Thread 0xc41a0580 nmethod 1515 0xe6000988 code [0xe6000c00, 0xe600192c]
Event: 3819.533 Thread 0xc41a0580 1516       3       script.script_entry::removeScriptListenee (9 bytes)
Event: 3819.533 Thread 0xc41a0580 nmethod 1516 0xe6001e08 code [0xe6001f40, 0xe60020cc]
Event: 3819.533 Thread 0xc41a0580 1517       3       script.obj_id::clearScriptVars (23 bytes)
Event: 3819.533 Thread 0xc41a0580 nmethod 1517 0xe6002188 code [0xe60022e0, 0xe60025f8]
Event: 3819.533 Thread 0xc41a0580 1519       3       script.dictionary::keys (8 bytes)
Event: 3819.533 Thread 0xc41a0580 nmethod 1519 0xe6002788 code [0xe60028c0, 0xe6002a6c]
Event: 3862.747 Thread 0xc41a0580 1520       3       java.io.ClassCache::get (56 bytes)
Event: 3862.748 Thread 0xc41a0580 nmethod 1520 0xe6002b08 code [0xe6002d40, 0xe6003874]
Event: 3867.901 Thread 0xc419f450 1521       4       java.lang.ClassValue::get (31 bytes)
Event: 3867.904 Thread 0xc419f450 nmethod 1521 0xed8f5288 code [0xed8f53c0, 0xed8f553c]
Event: 3904.521 Thread 0xc41a0580 1522       3       jdk.internal.reflect.ClassFileAssembler::append (30 bytes)
Event: 3904.522 Thread 0xc41a0580 nmethod 1522 0xe6003d88 code [0xe6003f00, 0xe60042d8]
Event: 3954.756 Thread 0xc41a0580 1524       3       java.lang.ref.SoftReference::get (29 bytes)
Event: 3954.757 Thread 0xc41a0580 nmethod 1524 0xe6004588 code [0xe60046c0, 0xe60048c0]
Event: 3954.757 Thread 0xc41a0580 1523       3       java.lang.Class::getInterfaces (49 bytes)
Event: 3954.758 Thread 0xc41a0580 nmethod 1523 0xe6004988 code [0xe6004b20, 0xe6004f70]

GC Heap History (8 events):
Event: 35.579 GC heap before
{Heap before GC invocations=0 (full 0):
 garbage-first heap   total 131072K, used 12288K [0xc5c00000, 0xe5c00000)
  region size 1024K, 13 young (13312K), 0 survivors (0K)
 Metaspace       used 1881K, committed 2048K, reserved 16384K
}
Event: 35.709 GC heap after
{Heap after GC invocations=1 (full 0):
 garbage-first heap   total 131072K, used 2137K [0xc5c00000, 0xe5c00000)
  region size 1024K, 2 young (2048K), 2 survivors (2048K)
 Metaspace       used 1881K, committed 2048K, reserved 16384K
}
Event: 112.423 GC heap before
{Heap before GC invocations=1 (full 0):
 garbage-first heap   total 131072K, used 18521K [0xc5c00000, 0xe5c00000)
  region size 1024K, 18 young (18432K), 2 survivors (2048K)
 Metaspace       used 3144K, committed 3392K, reserved 16384K
}
Event: 112.454 GC heap after
{Heap after GC invocations=2 (full 0):
 garbage-first heap   total 131072K, used 3222K [0xc5c00000, 0xe5c00000)
  region size 1024K, 2 young (2048K), 2 survivors (2048K)
 Metaspace       used 3144K, committed 3392K, reserved 16384K
}
Event: 1402.014 GC heap before
{Heap before GC invocations=2 (full 0):
 garbage-first heap   total 131072K, used 78998K [0xc5c00000, 0xe5c00000)
  region size 1024K, 76 young (77824K), 2 survivors (2048K)
 Metaspace       used 3500K, committed 3776K, reserved 16384K
}
Event: 1402.028 GC heap after
{Heap after GC invocations=3 (full 0):
 garbage-first heap   total 131072K, used 3809K [0xc5c00000, 0xe5c00000)
  region size 1024K, 2 young (2048K), 2 survivors (2048K)
 Metaspace       used 3500K, committed 3776K, reserved 16384K
}
Event: 3286.058 GC heap before
{Heap before GC invocations=3 (full 0):
 garbage-first heap   total 131072K, used 79585K [0xc5c00000, 0xe5c00000)
  region size 1024K, 76 young (77824K), 2 survivors (2048K)
 Metaspace       used 3514K, committed 3776K, reserved 16384K
}
Event: 3286.089 GC heap after
{Heap after GC invocations=4 (full 0):
 garbage-first heap   total 131072K, used 3867K [0xc5c00000, 0xe5c00000)
  region size 1024K, 2 young (2048K), 2 survivors (2048K)
 Metaspace       used 3514K, committed 3776K, reserved 16384K
}

Dll operation events (4 events):
Event: 0.060 Loaded shared library /usr/lib/jvm/java-17-zulu-openjdk-jdk-x86/lib/libjava.so
Event: 40.602 Loaded shared library /usr/lib/jvm/java-17-zulu-openjdk-jdk-x86/lib/libnio.so
Event: 40.603 Loaded shared library /usr/lib/jvm/java-17-zulu-openjdk-jdk-x86/lib/libjimage.so
Event: 40.604 Loaded shared library /usr/lib/jvm/java-17-zulu-openjdk-jdk-x86/lib/libnet.so

Deoptimization events (20 events):
Event: 966.458 Thread 0x0c8df420 DEOPT PACKING pc=0xed88f9a4 sp=0xff8a3cd0
Event: 966.458 Thread 0x0c8df420 DEOPT UNPACKING pc=0xed2f4d33 sp=0xff8a3cdc mode 2
Event: 966.458 Thread 0x0c8df420 Uncommon trap: trap_request=0xffffff45 fr.pc=0xed87c5bc relative=0x0000559c
Event: 966.458 Thread 0x0c8df420 Uncommon trap: reason=unstable_if action=reinterpret pc=0xed87c5bc method=java.io.ObjectInputStream.readSerialData(Ljava/lang/Object;Ljava/io/ObjectStreamClass;)V @ 154 c2
Event: 966.458 Thread 0x0c8df420 DEOPT PACKING pc=0xed87c5bc sp=0xff8a3a40
Event: 966.458 Thread 0x0c8df420 DEOPT UNPACKING pc=0xed2f4d33 sp=0xff8a3a64 mode 2
Event: 987.502 Thread 0x0c8df420 Uncommon trap: trap_request=0xffffffcc fr.pc=0xed856550 relative=0x00000190
Event: 987.502 Thread 0x0c8df420 Uncommon trap: reason=intrinsic action=make_not_entrant pc=0xed856550 method=java.util.Arrays.copyOf([Ljava/lang/Object;ILjava/lang/Class;)[Ljava/lang/Object; @ 35 c2
Event: 987.502 Thread 0x0c8df420 DEOPT PACKING pc=0xed856550 sp=0xff8a2c50
Event: 987.502 Thread 0x0c8df420 DEOPT UNPACKING pc=0xed2f4d33 sp=0xff8a2c28 mode 2
Event: 987.509 Thread 0x0c8df420 DEOPT PACKING pc=0xe5d62af7 sp=0xff8a2cc0
Event: 987.509 Thread 0x0c8df420 DEOPT UNPACKING pc=0xed2f4171 sp=0xff8a2b18 mode 0
Event: 3314.776 Thread 0x0c8df420 Uncommon trap: trap_request=0xffffff45 fr.pc=0xed892d60 relative=0x00000400
Event: 3314.776 Thread 0x0c8df420 Uncommon trap: reason=unstable_if action=reinterpret pc=0xed892d60 method=java.io.ClassCache.processQueue()V @ 9 c2
Event: 3314.776 Thread 0x0c8df420 DEOPT PACKING pc=0xed892d60 sp=0xff8a2e30
Event: 3314.776 Thread 0x0c8df420 DEOPT UNPACKING pc=0xed2f4d33 sp=0xff8a2de0 mode 2
Event: 3794.440 Thread 0x0c8df420 Uncommon trap: trap_request=0xffffff45 fr.pc=0xed889358 relative=0x000000b8
Event: 3794.440 Thread 0x0c8df420 Uncommon trap: reason=unstable_if action=reinterpret pc=0xed889358 method=java.lang.ref.SoftReference.get()Ljava/lang/Object; @ 6 c2
Event: 3794.440 Thread 0x0c8df420 DEOPT PACKING pc=0xed889358 sp=0xff8a2a90
Event: 3794.440 Thread 0x0c8df420 DEOPT UNPACKING pc=0xed2f4d33 sp=0xff8a2a64 mode 2

Classes unloaded (0 events):
No events

Classes redefined (0 events):
No events

Internal exceptions (4 events):
Event: 39.474 Thread 0x0c8df420 Implicit null exception at 0xed820b2b to 0xed820b80
Event: 39.608 Thread 0x0c8df420 Exception <a 'java/lang/NoSuchMethodError'{0xcd4489b0}: static [Ljava/lang/String;.<clinit>()V> (0xcd4489b0) 
thrown [src/hotspot/share/prims/jni.cpp, line 1112]
Event: 40.618 Thread 0x0c8df420 Exception <a 'java/lang/NoSuchMethodError'{0xccfc3800}: 'java.lang.Object java.lang.invoke.DirectMethodHandle$Holder.invokeStaticInit(java.lang.Object)'> (0xccfc3800) 
thrown [src/hotspot/share/interpreter/linkResolver.cpp, line 759]
Event: 65.785 Thread 0x0c8df420 Exception <a 'java/lang/NoSuchMethodError'{0xccbb6798}: 'java.lang.Object java.lang.invoke.DirectMethodHandle$Holder.invokeStatic(java.lang.Object, float)'> (0xccbb6798) 
thrown [src/hotspot/share/interpreter/linkResolver.cpp, line 759]

VM Operations (20 events):
Event: 1235.685 Executing VM operation: Cleanup
Event: 1235.685 Executing VM operation: Cleanup done
Event: 1402.013 Executing VM operation: G1CollectForAllocation
Event: 1402.028 Executing VM operation: G1CollectForAllocation done
Event: 1853.178 Executing VM operation: Cleanup
Event: 1853.179 Executing VM operation: Cleanup done
Event: 1894.276 Executing VM operation: Cleanup
Event: 1894.276 Executing VM operation: Cleanup done
Event: 1905.306 Executing VM operation: Cleanup
Event: 1905.306 Executing VM operation: Cleanup done
Event: 2103.607 Executing VM operation: Cleanup
Event: 2103.607 Executing VM operation: Cleanup done
Event: 2104.607 Executing VM operation: Cleanup
Event: 2104.607 Executing VM operation: Cleanup done
Event: 3286.058 Executing VM operation: G1CollectForAllocation
Event: 3286.089 Executing VM operation: G1CollectForAllocation done
Event: 3794.630 Executing VM operation: Cleanup
Event: 3794.630 Executing VM operation: Cleanup done
Event: 3879.663 Executing VM operation: Cleanup
Event: 3879.664 Executing VM operation: Cleanup done

Events (20 events):
Event: 40.621 loading class sun/util/logging/PlatformLogger$ConfigurableBridge$LoggerConfiguration done
Event: 40.621 loading class jdk/internal/logger/SimpleConsoleLogger done
Event: 40.621 loading class jdk/internal/logger/SurrogateLogger done
Event: 40.621 loading class sun/util/logging/PlatformLogger
Event: 40.621 loading class sun/util/logging/PlatformLogger done
Event: 40.621 loading class sun/util/logging/PlatformLogger$Level
Event: 40.621 loading class sun/util/logging/PlatformLogger$Level done
Event: 40.622 loading class jdk/internal/event/DeserializationEvent
Event: 40.622 loading class jdk/internal/event/DeserializationEvent done
Event: 40.622 loading class java/io/ObjectInputStream$FieldValues
Event: 40.622 loading class java/io/ObjectInputStream$GetField
Event: 40.622 loading class java/io/ObjectInputStream$GetField done
Event: 40.622 loading class java/io/ObjectInputStream$FieldValues done
Event: 40.740 Thread 0xc0f65e60 Thread exited: 0xc0f65e60
Event: 54.876 loading class java/io/ObjectStreamException
Event: 54.876 loading class java/io/ObjectStreamException done
Event: 65.788 loading class jdk/internal/math/FDBigInteger
Event: 65.789 loading class jdk/internal/math/FDBigInteger done
Event: 4010.709 Thread 0x0c8df420 Thread exited: 0x0c8df420
Event: 4010.710 Thread 0xf5e242d0 Thread exited: 0xf5e242d0


Dynamic libraries:
08048000-09298000 r-xp 00000000 08:04 494947248                          /home/almalinux/swg-returns-nge/build/bin/SwgGameServer
09298000-0929c000 rw-p 0124f000 08:04 494947248                          /home/almalinux/swg-returns-nge/build/bin/SwgGameServer
0929c000-09b1f000 rw-p 00000000 00:00 0 
0b218000-0f838000 rw-p 00000000 00:00 0                                  [heap]
bff00000-bfff9000 rw-p 00000000 00:00 0 
bfff9000-c0000000 ---p 00000000 00:00 0 
c0000000-c00f9000 rw-p 00000000 00:00 0 
c00f9000-c0100000 ---p 00000000 00:00 0 
c0100000-c0159000 rw-p 00000000 00:00 0 
c0159000-c0200000 ---p 00000000 00:00 0 
c0200000-c02f4000 rw-p 00000000 00:00 0 
c02f4000-c0300000 ---p 00000000 00:00 0 
c0300000-c03f9000 rw-p 00000000 00:00 0 
c03f9000-c0400000 ---p 00000000 00:00 0 
c0400000-c04f9000 rw-p 00000000 00:00 0 
c04f9000-c0500000 ---p 00000000 00:00 0 
c0500000-c05ff000 rw-p 00000000 00:00 0 
c05ff000-c0600000 ---p 00000000 00:00 0 
c0700000-c08fa000 rw-p 00000000 00:00 0 
c08fa000-c0900000 ---p 00000000 00:00 0 
c0900000-c09f9000 rw-p 00000000 00:00 0 
c09f9000-c0a00000 ---p 00000000 00:00 0 
c0b00000-c0bf5000 rw-p 00000000 00:00 0 
c0bf5000-c0c00000 ---p 00000000 00:00 0 
c0d00000-c0dea000 rw-p 00000000 00:00 0 
c0dea000-c0e00000 ---p 00000000 00:00 0 
c0e7f000-c0e83000 ---p 00000000 00:00 0 
c0e83000-c0f00000 rw-p 00000000 00:00 0 
c0f00000-c0ffc000 rw-p 00000000 00:00 0 
c0ffc000-c1000000 ---p 00000000 00:00 0 
c104b000-c104c000 ---p 00000000 00:00 0 
c104c000-c10cc000 rw-p 00000000 00:00 0 
c11fe000-c11ff000 ---p 00000000 00:00 0 
c11ff000-c127f000 rw-p 00000000 00:00 0 
c127f000-c1283000 ---p 00000000 00:00 0 
c1283000-c1300000 rw-p 00000000 00:00 0 
c1300000-c13d9000 rw-p 00000000 00:00 0 
c13d9000-c1400000 ---p 00000000 00:00 0 
c167f000-c1683000 ---p 00000000 00:00 0 
c1683000-c1740000 rw-p 00000000 00:00 0 
c1740000-c1744000 ---p 00000000 00:00 0 
c1744000-c1801000 rw-p 00000000 00:00 0 
c1801000-c1802000 ---p 00000000 00:00 0 
c1802000-c1882000 rw-p 00000000 00:00 0 
c1882000-c1886000 ---p 00000000 00:00 0 
c1886000-c1943000 rw-p 00000000 00:00 0 
c1943000-c1947000 ---p 00000000 00:00 0 
c1947000-c1a04000 rw-p 00000000 00:00 0 
c1a04000-c1a08000 ---p 00000000 00:00 0 
c1a08000-c1ac5000 rw-p 00000000 00:00 0 
c1ac5000-c1ac9000 ---p 00000000 00:00 0 
c1ac9000-c1b86000 rw-p 00000000 00:00 0 
c1b86000-c1e00000 r--p 00078000 08:04 535181                             /usr/lib/locale/locale-archive
c1e00000-c2000000 r--p 00000000 08:04 535181                             /usr/lib/locale/locale-archive
c2000000-c2160000 rw-p 00000000 00:00 0 
c2160000-c2400000 ---p 00000000 00:00 0 
c2400000-c2650000 rw-p 00000000 00:00 0 
c2650000-c3000000 ---p 00000000 00:00 0 
c303c000-c3040000 ---p 00000000 00:00 0 
c3040000-c30bd000 rw-p 00000000 00:00 0 
c30bd000-c30c1000 ---p 00000000 00:00 0 
c30c1000-c317e000 rw-p 00000000 00:00 0 
c317e000-c3182000 ---p 00000000 00:00 0 
c3182000-c323f000 rw-p 00000000 00:00 0 
c323f000-c3243000 ---p 00000000 00:00 0 
c3243000-c3300000 rw-p 00000000 00:00 0 
c3300000-c3321000 rw-p 00000000 00:00 0 
c3321000-c3400000 ---p 00000000 00:00 0 
c3431000-c3435000 ---p 00000000 00:00 0 
c3435000-c34b2000 rw-p 00000000 00:00 0 
c34b2000-c34b3000 ---p 00000000 00:00 0 
c34b3000-c3533000 rw-p 00000000 00:00 0 
c3533000-c3e00000 rw-p 00001000 08:04 143240867                          /usr/lib/jvm/java-17-zulu-openjdk-jdk-x86/lib/server/classes.jsa
c3e00000-c3e21000 rw-p 00000000 00:00 0 
c3e21000-c3f00000 ---p 00000000 00:00 0 
c3f7f000-c3f80000 ---p 00000000 00:00 0 
c3f80000-c4000000 rw-p 00000000 00:00 0 
c4000000-c4021000 rw-p 00000000 00:00 0 
c4021000-c4100000 ---p 00000000 00:00 0 
c4100000-c41d3000 rw-p 00000000 00:00 0 
c41d3000-c4200000 ---p 00000000 00:00 0 
c427f000-c4280000 ---p 00000000 00:00 0 
c4280000-c4300000 rw-p 00000000 00:00 0 
c4300000-c4321000 rw-p 00000000 00:00 0 
c4321000-c4400000 ---p 00000000 00:00 0 
c447f000-c4480000 ---p 00000000 00:00 0 
c4480000-c4500000 rw-p 00000000 00:00 0 
c4500000-c4600000 rw-p 00000000 00:00 0 
c467f000-c4680000 ---p 00000000 00:00 0 
c4680000-c4700000 rw-p 00000000 00:00 0 
c4700000-c4800000 rw-p 00000000 00:00 0 
c487f000-c4880000 ---p 00000000 00:00 0 
c4880000-c4b00000 rw-p 00000000 00:00 0 
c4b00000-c5100000 ---p 00000000 00:00 0 
c5100000-c5300000 rw-p 00000000 00:00 0 
c5300000-c5900000 ---p 00000000 00:00 0 
c5900000-c5940000 rw-p 00000000 00:00 0 
c5940000-c5a00000 ---p 00000000 00:00 0 
c5a00000-c5a40000 rw-p 00000000 00:00 0 
c5a40000-c5b00000 ---p 00000000 00:00 0 
c5b00000-c5b40000 rw-p 00000000 00:00 0 
c5b40000-c5c00000 ---p 00000000 00:00 0 
c5c00000-cdc00000 rw-p 00000000 00:00 0 
cdc00000-e5c00000 ---p 00000000 00:00 0 
e5c65000-e5c6a000 rw-p 00000000 00:00 0 
e5c6a000-e5d50000 ---p 00000000 00:00 0 
e5d50000-e6008000 rwxp 00000000 00:00 0 
e6008000-ed2ab000 ---p 00000000 00:00 0 
ed2ab000-ed4eb000 rwxp 00000000 00:00 0 
ed4eb000-ed7f5000 ---p 00000000 00:00 0 
ed7f5000-eda35000 rwxp 00000000 00:00 0 
eda35000-f4d50000 ---p 00000000 00:00 0 
f4d50000-f4eb8000 r--s 00000000 08:04 117534333                          /usr/lib/jvm/java-17-zulu-openjdk-jdk-x86/lib/modules
f4eb8000-f5d5a000 r-xp 00000000 08:04 143240869                          /usr/lib/jvm/java-17-zulu-openjdk-jdk-x86/lib/server/libjvm.so
f5d5a000-f5daf000 r--p 00ea1000 08:04 143240869                          /usr/lib/jvm/java-17-zulu-openjdk-jdk-x86/lib/server/libjvm.so
f5daf000-f5dd0000 rw-p 00ef6000 08:04 143240869                          /usr/lib/jvm/java-17-zulu-openjdk-jdk-x86/lib/server/libjvm.so
f5dd0000-f5e00000 rw-p 00000000 00:00 0 
f5e00000-f5f00000 rw-p 00000000 00:00 0 
f5f3e000-f5f3f000 ---p 00000000 00:00 0 
f5f3f000-f5f43000 ---p 00000000 00:00 0 
f5f43000-f6ab7000 rw-p 00000000 00:00 0 
f6ac3000-f6ad8000 r-xp 00000000 08:04 117534323                          /usr/lib/jvm/java-17-zulu-openjdk-jdk-x86/lib/libnet.so
f6ad8000-f6ad9000 r--p 00014000 08:04 117534323                          /usr/lib/jvm/java-17-zulu-openjdk-jdk-x86/lib/libnet.so
f6ad9000-f6ada000 rw-p 00015000 08:04 117534323                          /usr/lib/jvm/java-17-zulu-openjdk-jdk-x86/lib/libnet.so
f6ada000-f6ae0000 rw-p 00000000 00:00 0 
f6ae0000-f6bc5000 ---p 00000000 00:00 0 
f6dff000-f6e11000 r-xp 00000000 08:04 117534324                          /usr/lib/jvm/java-17-zulu-openjdk-jdk-x86/lib/libnio.so
f6e11000-f6e12000 r--p 00011000 08:04 117534324                          /usr/lib/jvm/java-17-zulu-openjdk-jdk-x86/lib/libnio.so
f6e12000-f6e13000 rw-p 00012000 08:04 117534324                          /usr/lib/jvm/java-17-zulu-openjdk-jdk-x86/lib/libnio.so
f6e13000-f6e3c000 rw-p 00000000 00:00 0 
f6e3c000-f6e5f000 r-xp 00000000 08:04 117534310                          /usr/lib/jvm/java-17-zulu-openjdk-jdk-x86/lib/libjava.so
f6e5f000-f6e60000 r--p 00022000 08:04 117534310                          /usr/lib/jvm/java-17-zulu-openjdk-jdk-x86/lib/libjava.so
f6e60000-f6e61000 rw-p 00023000 08:04 117534310                          /usr/lib/jvm/java-17-zulu-openjdk-jdk-x86/lib/libjava.so
f6e61000-f6e6d000 r-xp 00000000 08:04 16831767                           /usr/lib/libnss_files-2.28.so
f6e6d000-f6e6e000 r--p 0000b000 08:04 16831767                           /usr/lib/libnss_files-2.28.so
f6e6e000-f6e6f000 rw-p 0000c000 08:04 16831767                           /usr/lib/libnss_files-2.28.so
f6e6f000-f6e75000 rw-p 00000000 00:00 0 
f6e7b000-f6e80000 rw-p 00000000 00:00 0 
f6e80000-f6e86000 ---p 00000000 00:00 0 
f6e86000-f6ea1000 r-xp 00000000 08:04 117534314                          /usr/lib/jvm/java-17-zulu-openjdk-jdk-x86/lib/libjimage.so
f6ea1000-f6ea2000 ---p 0001b000 08:04 117534314                          /usr/lib/jvm/java-17-zulu-openjdk-jdk-x86/lib/libjimage.so
f6ea2000-f6ea3000 r--p 0001b000 08:04 117534314                          /usr/lib/jvm/java-17-zulu-openjdk-jdk-x86/lib/libjimage.so
f6ea3000-f6ea4000 rw-p 0001c000 08:04 117534314                          /usr/lib/jvm/java-17-zulu-openjdk-jdk-x86/lib/libjimage.so
f6ea4000-f6ea8000 rw-p 00000000 00:00 0 
f6ea8000-f6f30000 r-xp 00000000 08:04 17191875                           /usr/lib/libpcre2-8.so.0.7.1
f6f30000-f6f31000 r--p 00087000 08:04 17191875                           /usr/lib/libpcre2-8.so.0.7.1
f6f31000-f6f32000 rw-p 00088000 08:04 17191875                           /usr/lib/libpcre2-8.so.0.7.1
f6f32000-f6f52000 r-xp 00000000 08:04 17021543                           /usr/lib/libcrypt.so.1.1.0
f6f52000-f6f53000 ---p 00020000 08:04 17021543                           /usr/lib/libcrypt.so.1.1.0
f6f53000-f6f54000 r--p 00020000 08:04 17021543                           /usr/lib/libcrypt.so.1.1.0
f6f54000-f6f5d000 rw-p 00000000 00:00 0 
f6f5d000-f6f88000 r-xp 00000000 08:04 17191887                           /usr/lib/libselinux.so.1
f6f88000-f6f89000 ---p 0002b000 08:04 17191887                           /usr/lib/libselinux.so.1
f6f89000-f6f8a000 r--p 0002b000 08:04 17191887                           /usr/lib/libselinux.so.1
f6f8a000-f6f8b000 rw-p 0002c000 08:04 17191887                           /usr/lib/libselinux.so.1
f6f8b000-f6f8c000 rw-p 00000000 00:00 0 
f6f8c000-f6fab000 r-xp 00000000 08:04 18866589                           /usr/lib/libbrotlicommon.so.1.0.6
f6fab000-f6fac000 r--p 0001e000 08:04 18866589                           /usr/lib/libbrotlicommon.so.1.0.6
f6fac000-f6fad000 rw-p 0001f000 08:04 18866589                           /usr/lib/libbrotlicommon.so.1.0.6
f6fad000-f6fcb000 r-xp 00000000 08:04 17191915                           /usr/lib/libsasl2.so.3.0.0
f6fcb000-f6fcc000 ---p 0001e000 08:04 17191915                           /usr/lib/libsasl2.so.3.0.0
f6fcc000-f6fcd000 r--p 0001e000 08:04 17191915                           /usr/lib/libsasl2.so.3.0.0
f6fcd000-f6fce000 rw-p 0001f000 08:04 17191915                           /usr/lib/libsasl2.so.3.0.0
f6fce000-f6fd0000 rw-p 00000000 00:00 0 
f6fd0000-f6fe4000 r-xp 00000000 08:04 16831772                           /usr/lib/libresolv-2.28.so
f6fe4000-f6fe5000 ---p 00014000 08:04 16831772                           /usr/lib/libresolv-2.28.so
f6fe5000-f6fe6000 r--p 00014000 08:04 16831772                           /usr/lib/libresolv-2.28.so
f6fe6000-f6fe7000 rw-p 00015000 08:04 16831772                           /usr/lib/libresolv-2.28.so
f6fe7000-f6fe9000 rw-p 00000000 00:00 0 
f6fe9000-f6fec000 r-xp 00000000 08:04 17191893                           /usr/lib/libkeyutils.so.1.6
f6fec000-f6fed000 ---p 00003000 08:04 17191893                           /usr/lib/libkeyutils.so.1.6
f6fed000-f6fee000 r--p 00003000 08:04 17191893                           /usr/lib/libkeyutils.so.1.6
f6fee000-f6fef000 rw-p 00000000 00:00 0 
f6fef000-f6fff000 r-xp 00000000 08:04 17021560                           /usr/lib/libkrb5support.so.0.1
f6fff000-f7000000 r--p 0000f000 08:04 17021560                           /usr/lib/libkrb5support.so.0.1
f7000000-f7001000 rw-p 00010000 08:04 17021560                           /usr/lib/libkrb5support.so.0.1
f7001000-f7009000 r-xp 00000000 08:04 16831774                           /usr/lib/librt-2.28.so
f7009000-f700a000 r--p 00007000 08:04 16831774                           /usr/lib/librt-2.28.so
f700a000-f700b000 rw-p 00008000 08:04 16831774                           /usr/lib/librt-2.28.so
f700b000-f718a000 r-xp 00000000 08:04 17021545                           /usr/lib/libunistring.so.2.1.0
f718a000-f718b000 ---p 0017f000 08:04 17021545                           /usr/lib/libunistring.so.2.1.0
f718b000-f718d000 r--p 0017f000 08:04 17021545                           /usr/lib/libunistring.so.2.1.0
f718d000-f718e000 rw-p 00181000 08:04 17021545                           /usr/lib/libunistring.so.2.1.0
f718e000-f71b8000 r-xp 00000000 08:04 18654292                           /usr/lib/liblzma.so.5.2.4
f71b8000-f71b9000 r--p 00029000 08:04 18654292                           /usr/lib/liblzma.so.5.2.4
f71b9000-f71ba000 rw-p 00000000 00:00 0 
f71ba000-f71c6000 r-xp 00000000 08:04 17191936                           /usr/lib/libbrotlidec.so.1.0.6
f71c6000-f71c7000 r--p 0000b000 08:04 17191936                           /usr/lib/libbrotlidec.so.1.0.6
f71c7000-f71c8000 rw-p 00000000 00:00 0 
f71c8000-f71d7000 r-xp 00000000 08:04 17191918                           /usr/lib/liblber-2.4.so.2.10.9
f71d7000-f71d8000 r--p 0000e000 08:04 17191918                           /usr/lib/liblber-2.4.so.2.10.9
f71d8000-f71d9000 rw-p 0000f000 08:04 17191918                           /usr/lib/liblber-2.4.so.2.10.9
f71d9000-f722e000 r-xp 00000000 08:04 17191920                           /usr/lib/libldap-2.4.so.2.10.9
f722e000-f722f000 ---p 00055000 08:04 17191920                           /usr/lib/libldap-2.4.so.2.10.9
f722f000-f7230000 r--p 00055000 08:04 17191920                           /usr/lib/libldap-2.4.so.2.10.9
f7230000-f7231000 rw-p 00056000 08:04 17191920                           /usr/lib/libldap-2.4.so.2.10.9
f7231000-f7233000 rw-p 00000000 00:00 0 
f7233000-f7236000 r-xp 00000000 08:04 16994899                           /usr/lib/libcom_err.so.2.1
f7236000-f7237000 r--p 00002000 08:04 16994899                           /usr/lib/libcom_err.so.2.1
f7237000-f7238000 rw-p 00003000 08:04 16994899                           /usr/lib/libcom_err.so.2.1
f7238000-f724e000 r-xp 00000000 08:04 17021552                           /usr/lib/libk5crypto.so.3.1
f724e000-f724f000 ---p 00016000 08:04 17021552                           /usr/lib/libk5crypto.so.3.1
f724f000-f7250000 r--p 00016000 08:04 17021552                           /usr/lib/libk5crypto.so.3.1
f7250000-f7251000 rw-p 00017000 08:04 17021552                           /usr/lib/libk5crypto.so.3.1
f7251000-f7334000 r-xp 00000000 08:04 17021558                           /usr/lib/libkrb5.so.3.3
f7334000-f733b000 r--p 000e2000 08:04 17021558                           /usr/lib/libkrb5.so.3.3
f733b000-f733c000 rw-p 000e9000 08:04 17021558                           /usr/lib/libkrb5.so.3.3
f733c000-f7397000 r-xp 00000000 08:04 17021548                           /usr/lib/libgssapi_krb5.so.2.2
f7397000-f7399000 r--p 0005a000 08:04 17021548                           /usr/lib/libgssapi_krb5.so.2.2
f7399000-f739a000 rw-p 0005c000 08:04 17021548                           /usr/lib/libgssapi_krb5.so.2.2
f739a000-f764b000 r-xp 00000000 08:04 18627877                           /usr/lib/libcrypto.so.1.1.1k
f764b000-f7664000 r--p 002b0000 08:04 18627877                           /usr/lib/libcrypto.so.1.1.1k
f7664000-f7666000 rw-p 002c9000 08:04 18627877                           /usr/lib/libcrypto.so.1.1.1k
f7666000-f766a000 rw-p 00000000 00:00 0 
f766a000-f76fc000 r-xp 00000000 08:04 18627879                           /usr/lib/libssl.so.1.1.1k
f76fc000-f7702000 r--p 00091000 08:04 18627879                           /usr/lib/libssl.so.1.1.1k
f7702000-f7706000 rw-p 00097000 08:04 18627879                           /usr/lib/libssl.so.1.1.1k
f7706000-f7716000 r-xp 00000000 08:04 18660120                           /usr/lib/libpsl.so.5.3.1
f7716000-f7717000 r--p 0000f000 08:04 18660120                           /usr/lib/libpsl.so.5.3.1
f7717000-f7718000 rw-p 00000000 00:00 0 
f7718000-f7795000 r-xp 00000000 08:04 16994901                           /usr/lib/libssh.so.4.8.7
f7795000-f7796000 ---p 0007d000 08:04 16994901                           /usr/lib/libssh.so.4.8.7
f7796000-f7797000 r--p 0007d000 08:04 16994901                           /usr/lib/libssh.so.4.8.7
f7797000-f7798000 rw-p 0007e000 08:04 16994901                           /usr/lib/libssh.so.4.8.7
f7798000-f77b5000 r-xp 00000000 08:04 17040588                           /usr/lib/libidn2.so.0.3.6
f77b5000-f77b6000 r--p 0001c000 08:04 17040588                           /usr/lib/libidn2.so.0.3.6
f77b6000-f77b7000 rw-p 00000000 00:00 0 
f77b7000-f77df000 r-xp 00000000 08:04 17191891                           /usr/lib/libnghttp2.so.14.17.0
f77df000-f77e0000 r--p 00027000 08:04 17191891                           /usr/lib/libnghttp2.so.14.17.0
f77e0000-f77e2000 rw-p 00028000 08:04 17191891                           /usr/lib/libnghttp2.so.14.17.0
f77e2000-f7984000 r-xp 00000000 08:04 16831756                           /usr/lib/libc-2.28.so
f7984000-f7985000 ---p 001a2000 08:04 16831756                           /usr/lib/libc-2.28.so
f7985000-f7987000 r--p 001a2000 08:04 16831756                           /usr/lib/libc-2.28.so
f7987000-f7988000 rw-p 001a4000 08:04 16831756                           /usr/lib/libc-2.28.so
f7988000-f798d000 rw-p 00000000 00:00 0 
f798d000-f79a8000 r-xp 00000000 08:04 16985139                           /usr/lib/libgcc_s-8-20210514.so.1
f79a8000-f79a9000 r--p 0001a000 08:04 16985139                           /usr/lib/libgcc_s-8-20210514.so.1
f79a9000-f79aa000 rw-p 0001b000 08:04 16985139                           /usr/lib/libgcc_s-8-20210514.so.1
f79aa000-f7a7a000 r-xp 00000000 08:04 16831760                           /usr/lib/libm-2.28.so
f7a7a000-f7a7b000 r--p 000cf000 08:04 16831760                           /usr/lib/libm-2.28.so
f7a7b000-f7a7c000 rw-p 000d0000 08:04 16831760                           /usr/lib/libm-2.28.so
f7a7c000-f7c05000 r-xp 00000000 08:04 16985145                           /usr/lib/libstdc++.so.6.0.25
f7c05000-f7c06000 ---p 00189000 08:04 16985145                           /usr/lib/libstdc++.so.6.0.25
f7c06000-f7c0c000 r--p 00189000 08:04 16985145                           /usr/lib/libstdc++.so.6.0.25
f7c0c000-f7c0d000 rw-p 0018f000 08:04 16985145                           /usr/lib/libstdc++.so.6.0.25
f7c0d000-f7c0f000 rw-p 00000000 00:00 0 
f7c0f000-f7c26000 r-xp 00000000 08:04 16963437                           /usr/lib/libz.so.1.2.11
f7c26000-f7c27000 ---p 00017000 08:04 16963437                           /usr/lib/libz.so.1.2.11
f7c27000-f7c28000 r--p 00017000 08:04 16963437                           /usr/lib/libz.so.1.2.11
f7c28000-f7c29000 rw-p 00000000 00:00 0 
f7c29000-f7da6000 r-xp 00000000 08:04 16963397                           /usr/lib/libxml2.so.2.9.7
f7da6000-f7dab000 r--p 0017c000 08:04 16963397                           /usr/lib/libxml2.so.2.9.7
f7dab000-f7dac000 rw-p 00181000 08:04 16963397                           /usr/lib/libxml2.so.2.9.7
f7dac000-f7dad000 rw-p 00000000 00:00 0 
f7dad000-f7dc9000 r-xp 00000000 08:04 16831770                           /usr/lib/libpthread-2.28.so
f7dc9000-f7dca000 r--p 0001b000 08:04 16831770                           /usr/lib/libpthread-2.28.so
f7dca000-f7dcb000 rw-p 0001c000 08:04 16831770                           /usr/lib/libpthread-2.28.so
f7dcb000-f7dcd000 rw-p 00000000 00:00 0 
f7dcd000-f7e41000 r-xp 00000000 08:04 16818911                           /usr/lib/libpcre.so.1.2.10
f7e41000-f7e42000 ---p 00074000 08:04 16818911                           /usr/lib/libpcre.so.1.2.10
f7e42000-f7e43000 r--p 00074000 08:04 16818911                           /usr/lib/libpcre.so.1.2.10
f7e43000-f7e44000 rw-p 00075000 08:04 16818911                           /usr/lib/libpcre.so.1.2.10
f7e44000-f7e47000 r-xp 00000000 08:04 16831758                           /usr/lib/libdl-2.28.so
f7e47000-f7e48000 r--p 00002000 08:04 16831758                           /usr/lib/libdl-2.28.so
f7e48000-f7e49000 rw-p 00003000 08:04 16831758                           /usr/lib/libdl-2.28.so
f7e49000-f7ee6000 r-xp 00000000 08:04 16994905                           /usr/lib/libcurl.so.4.5.0
f7ee6000-f7ee8000 r--p 0009c000 08:04 16994905                           /usr/lib/libcurl.so.4.5.0
f7ee8000-f7ee9000 rw-p 0009e000 08:04 16994905                           /usr/lib/libcurl.so.4.5.0
f7ee9000-f7ef0000 r--s 00000000 08:04 176632422                          /usr/lib/gconv/gconv-modules.cache
f7ef0000-f7ef8000 rw-s 00000000 08:04 151635583                          /tmp/hsperfdata_almalinux/1373014 (deleted)
f7ef8000-f7ef9000 ---p 00000000 00:00 0 
f7ef9000-f7efa000 r--p 00000000 00:00 0 
f7efa000-f7efc000 rw-p 00000000 00:00 0 
f7efc000-f7f00000 r--p 00000000 00:00 0                                  [vvar]
f7f00000-f7f02000 r-xp 00000000 00:00 0                                  [vdso]
f7f02000-f7f31000 r-xp 00000000 08:04 16831749                           /usr/lib/ld-2.28.so
f7f31000-f7f32000 ---p 00000000 00:00 0 
f7f32000-f7f33000 r--p 0002f000 08:04 16831749                           /usr/lib/ld-2.28.so
f7f33000-f7f34000 rw-p 00030000 08:04 16831749                           /usr/lib/ld-2.28.so
ff6e2000-ff6e3000 rwxp 00000000 00:00 0 
ff7eb000-ff8a7000 rw-p 00000000 00:00 0                                  [stack]


VM Arguments:
jvm_args: -Xms128m -Xmx512m -Xss768k -XX:MaxMetaspaceSize=96m -Xrs -XX:-UsePerfData -XX:-AllowUserSignalHandlers -XX:UseSSE=3 -XX+DoEscapeAnalysis -XX:AutoBoxCacheMax:2000 -XX:+OptimizeStringConcat -XX:+OptimizeFill -XX:+EliminateAutoBox -XX:+UseCompressedStrings -XX:+UseCompressedOops -XX:+EliminateLocks -XX:UseFastAccessorMethods -XX:+UseStringCache -XgcPrio:throughput -XXkeepAreaRatio:1 -XXlazyUnlocking -XXcallProfiling -XXcompactRatio:1 
java_command: <unknown>
java_class_path (initial): ../../data/sku.0/sys.server/compiled/game/
Launcher Type: generic

[Global flags]
     intx CICompilerCount                          = 3                                         {product} {ergonomic}
     uint ConcGCThreads                            = 1                                         {product} {ergonomic}
     uint G1ConcRefinementThreads                  = 4                                         {product} {ergonomic}
   size_t G1HeapRegionSize                         = 1048576                                   {product} {ergonomic}
    uintx GCDrainStackTargetSize                   = 64                                        {product} {ergonomic}
   size_t InitialHeapSize                          = 134217728                                 {product} {command line}
   size_t MarkStackSize                            = 32768                                     {product} {ergonomic}
   size_t MaxHeapSize                              = 536870912                                 {product} {command line}
   size_t MaxMetaspaceSize                         = 100663296                                 {product} {command line}
   size_t MaxNewSize                               = 321912832                                 {product} {ergonomic}
   size_t MinHeapDeltaBytes                        = 1048576                                   {product} {ergonomic}
   size_t MinHeapSize                              = 134217728                                 {product} {command line}
    uintx NonNMethodCodeHeapSize                   = 5544422                                {pd product} {ergonomic}
    uintx NonProfiledCodeHeapSize                  = 123056909                              {pd product} {ergonomic}
    uintx ProfiledCodeHeapSize                     = 123056909                              {pd product} {ergonomic}
    uintx ReservedCodeCacheSize                    = 251658240                              {pd product} {ergonomic}
     bool SegmentedCodeCache                       = true                                      {product} {ergonomic}
   size_t SoftMaxHeapSize                          = 536870912                              {manageable} {ergonomic}
   double SweeperThreshold                         = 0.500000                                  {product} {ergonomic}
     intx ThreadStackSize                          = 768                                    {pd product} {command line}
     bool UseG1GC                                  = true                                      {product} {ergonomic}

Logging:
Log output configuration:
 #0: stdout all=off uptime,level,tags
 #1: stderr all=off uptime,level,tags

Environment Variables:
JAVA_HOME=/usr/lib/jvm/zulu-17-x86
PATH=/usr/java/jdk1.7.0_80/bin:/usr/java/jdk1.7.0_80/bin:/usr/java/jdk1.6.0_45/bin:/usr/java/jdk1.6.0_45/bin:/usr/java/jdk1.6.0_45/bin:/home/almalinux/.local/bin:/home/almalinux/bin:/sbin:/bin:/usr/bin:/usr/local/bin:/usr/local/sbin:/usr/sbin:/usr/lib/oracle/18.3/client/bin:/usr/lib/oracle/18.3/client/bin:/usr/lib/jvm/java-11-openjdk/bin:./
LD_LIBRARY_PATH=/usr/lib/jvm/java-17-zulu-openjdk-jdk-x86/lib/server:/usr/lib/jvm/java-17-zulu-openjdk-jdk-x86/lib:/usr/lib/jvm/java-17-zulu-openjdk-jdk-x86/../lib:/usr/lib/jvm/zulu-17-x86/lib/server/:/usr/lib/jvm/java-11-openjdk/lib:/usr/lib/jvm/java-11-openjdk/lib/server:./
SHELL=/bin/bash
DISPLAY=:10.0
LANG=en_US.UTF-8
TERM=xterm-256color

Active Locale:
LC_ALL=en_US.UTF-8
LC_COLLATE=en_US.UTF-8
LC_CTYPE=en_US.UTF-8
LC_MESSAGES=en_US.UTF-8
LC_MONETARY=en_US.UTF-8
LC_NUMERIC=en_US.UTF-8
LC_TIME=en_US.UTF-8

Signal Handlers:
   SIGSEGV: crash_handler in libjvm.so, mask=11100100010111111101111111111110, flags=SA_RESTART|SA_SIGINFO, unblocked
    SIGBUS: crash_handler in libjvm.so, mask=11100100010111111101111111111110, flags=SA_RESTART|SA_SIGINFO, unblocked
    SIGFPE: crash_handler in libjvm.so, mask=11100100010111111101111111111110, flags=SA_RESTART|SA_SIGINFO, unblocked
   SIGPIPE: SIG_IGN, mask=00000000000010000000000000000000, flags=SA_RESTART, blocked
  *** Handler was modified!
  *** Expected: javaSignalHandler in libjvm.so, mask=11100100110111111111111111111110, flags=SA_RESTART|SA_SIGINFO
   SIGXFSZ: javaSignalHandler in libjvm.so, mask=11100100010111111101111111111110, flags=SA_RESTART|SA_SIGINFO, blocked
    SIGILL: crash_handler in libjvm.so, mask=11100100010111111101111111111110, flags=SA_RESTART|SA_SIGINFO, unblocked
   SIGUSR2: SR_handler in libjvm.so, mask=00100000000000000000000000000000, flags=SA_RESTART|SA_SIGINFO, blocked
    SIGHUP: UserHandler in libjvm.so, mask=11100100010111111101111111111110, flags=SA_RESTART|SA_SIGINFO, blocked
    SIGINT: UserHandler in libjvm.so, mask=11100100010111111101111111111110, flags=SA_RESTART|SA_SIGINFO, blocked
   SIGTERM: UserHandler in libjvm.so, mask=11100100010111111101111111111110, flags=SA_RESTART|SA_SIGINFO, blocked
   SIGQUIT: UserHandler in libjvm.so, mask=11100100010111111101111111111110, flags=SA_RESTART|SA_SIGINFO, blocked
   SIGTRAP: crash_handler in libjvm.so, mask=11100100010111111101111111111110, flags=SA_RESTART|SA_SIGINFO, unblocked


Periodic native trim disabled


---------------  S Y S T E M  ---------------

OS:
AlmaLinux release 8.10 (Cerulean Leopard)
uname: Linux 4.18.0-553.81.1.el8_10.x86_64 #1 SMP Mon Oct 27 11:29:19 EDT 2025 x86_64
OS uptime: 33 days 15:15 hours
libc: glibc 2.28 NPTL 2.28 
rlimit (soft/hard): STACK 8192k/infinity , CORE 0k/infinity , NPROC 61995/61995 , NOFILE 262144/262144 , AS infinity/infinity , CPU infinity/infinity , DATA infinity/infinity , FSIZE infinity/infinity , MEMLOCK 64k/64k
load average: 48.87 50.36 47.15

/proc/meminfo:
MemTotal:       16014448 kB
MemFree:          378260 kB
MemAvailable:    1635424 kB
Buffers:            1064 kB
Cached:          3674936 kB
SwapCached:        64160 kB
Active:          2717184 kB
Inactive:       12381180 kB
Active(anon):    2095576 kB
Inactive(anon): 11687352 kB
Active(file):     621608 kB
Inactive(file):   693828 kB
Unevictable:        3104 kB
Mlocked:              16 kB
SwapTotal:       8388604 kB
SwapFree:        6699612 kB
Dirty:               868 kB
Writeback:             0 kB
AnonPages:      11382832 kB
Mapped:          1495328 kB
Shmem:           2360564 kB
KReclaimable:     118772 kB
Slab:             249928 kB
SReclaimable:     118772 kB
SUnreclaim:       131156 kB
KernelStack:       26080 kB
PageTables:       164500 kB
NFS_Unstable:          0 kB
Bounce:                0 kB
WritebackTmp:          0 kB
CommitLimit:    16395828 kB
Committed_AS:   27857940 kB
VmallocTotal:   34359738367 kB
VmallocUsed:       72188 kB
VmallocChunk:          0 kB
Percpu:             2656 kB
HardwareCorrupted:     0 kB
AnonHugePages:         0 kB
ShmemHugePages:        0 kB
ShmemPmdMapped:        0 kB
FileHugePages:         0 kB
FilePmdMapped:         0 kB
HugePages_Total:       0
HugePages_Free:        0
HugePages_Rsvd:        0
HugePages_Surp:        0
Hugepagesize:       2048 kB
Hugetlb:               0 kB
DirectMap4k:     2502508 kB
DirectMap2M:    13881344 kB

/sys/kernel/mm/transparent_hugepage/enabled: always madvise [never]
/sys/kernel/mm/transparent_hugepage/hpage_pmd_size: 2097152
/sys/kernel/mm/transparent_hugepage/defrag (defrag/compaction efforts parameter): always defer defer+madvise [madvise] never

Process Memory:
Virtual Size: 1006440K (peak: 1011212K)
Resident Set Size: 212808K (peak: 226528K) (anon: 193512K, file: 19296K, shmem: 0K)
Swapped out: 1380K
C-Heap outstanding allocations: 20136K, retained: 75135K
glibc malloc tunables: (default)

/proc/sys/kernel/threads-max (system-wide limit on the number of threads): 123991
/proc/sys/vm/max_map_count (maximum number of memory map areas a process may have): 1677720
/proc/sys/kernel/pid_max (system-wide limit on number of process identifiers): 4194304

container (cgroup) information:
container_type: cgroupv1
cpu_cpuset_cpus: 0-3
cpu_memory_nodes: 0
active_processor_count: 4
cpu_quota: no quota
cpu_period: 100000
cpu_shares: no shares
memory_limit_in_bytes: unlimited
memory_and_swap_limit_in_bytes: unlimited
memory_soft_limit_in_bytes: unlimited
memory_usage_in_bytes: 14484028 k
memory_max_usage_in_bytes: 14783012 k
kernel_memory_usage_in_bytes: 206192 k
kernel_memory_max_usage_in_bytes: unlimited
kernel_memory_limit_in_bytes: 985464 k
maximum number of tasks: unlimited
current number of tasks: 847

KVM virtualization detected
Steal ticks since vm start: 493
Steal ticks percentage since vm start:  0.000

CPU: total 4 (initial active 4) (1 cores per cpu, 1 threads per core) family 6 model 60 stepping 1 microcode 0x1, cx8, cmov, fxsr, mmx, sse, sse2, sse3, ssse3, sse4.1, sse4.2, popcnt, lzcnt, tsc, avx, avx2, aes, erms, clmul, bmi1, bmi2, fma, vzeroupper, clflush, hv
CPU Model and flags from /proc/cpuinfo:
model name	: Intel Core Processor (Haswell, no TSX)
flags		: fpu vme de pse tsc msr pae mce cx8 apic sep mtrr pge mca cmov pat pse36 clflush mmx fxsr sse sse2 syscall nx rdtscp lm constant_tsc rep_good nopl xtopology cpuid tsc_known_freq pni pclmulqdq vmx ssse3 fma cx16 pcid sse4_1 sse4_2 x2apic movbe popcnt tsc_deadline_timer aes xsave avx f16c rdrand hypervisor lahf_lm abm cpuid_fault invpcid_single pti tpr_shadow vnmi flexpriority ept vpid ept_ad fsgsbase bmi1 avx2 smep bmi2 erms invpcid xsaveopt arat md_clear

Online cpus: 0-3
Offline cpus: 
BIOS frequency limitation: <Not Available>
Frequency switch latency (ns): <Not Available>
Available cpu frequencies: <Not Available>
Current governor: <Not Available>
Core performance/turbo boost: <Not Available>

Memory: 4k page, physical 16014448k(378260k free), swap 8388604k(6699612k free)
Page Sizes: 4k

vm_info: OpenJDK Server VM (17.0.11+9-LTS) for linux-x86 JRE (17.0.11+9-LTS) (Zulu17.50+19-CA), built on Apr  9 2024 07:14:46 by "zulu_re" with gcc 8.3.0

END.
