#
# A fatal error has been detected by the Java Runtime Environment:
#
#  SIGSEGV (0xb) at pc=0xf7910618, pid=1384074, tid=1384074
#
# JRE version: OpenJDK Runtime Environment Zulu17.50+19-CA (17.0.11+9) (build 17.0.11+9-LTS)
# Java VM: OpenJDK Server VM Zulu17.50+19-CA (17.0.11+9-LTS, mixed mode, sharing, tiered, g1 gc, linux-x86)
# Problematic frame:
# C  [libc.so.6+0x84618]  cfree+0x28
#
# Core dump will be written. Default location: Core dumps may be processed with "/usr/lib/systemd/systemd-coredump %P %u %g %s %t %c %h %e" (or dumping to /home/almalinux/swg-returns-nge/exe/linux/core.1384074)
#
# If you would like to submit a bug report, please visit:
#   http://www.azul.com/support/
#

---------------  S U M M A R Y ------------

Command Line: -Xms128m -Xmx512m -Xss768k -XX:MaxMetaspaceSize=96m -Xrs -XX:-UsePerfData -XX:-AllowUserSignalHandlers -XX:UseSSE=3 -XX+DoEscapeAnalysis -XX:AutoBoxCacheMax:2000 -XX:+OptimizeStringConcat -XX:+OptimizeFill -XX:+EliminateAutoBox -XX:+UseCompressedStrings -XX:+UseCompressedOops -XX:+EliminateLocks -XX:UseFastAccessorMethods -XX:+UseStringCache -XgcPrio:throughput -XXkeepAreaRatio:1 -XXlazyUnlocking -XXcallProfiling -XXcompactRatio:1 

Host: Intel Core Processor (Haswell, no TSX), 4 cores, 15G, AlmaLinux release 8.10 (Cerulean Leopard)
Time: Sun Jan 25 12:30:02 2026 UTC elapsed time: 156.161606 seconds (0d 0h 2m 36s)

---------------  T H R E A D  ---------------

Current thread is native thread

Stack: [0xffa81000,0xffb41000],  sp=0xffb3ea40,  free space=758k
Native frames: (J=compiled Java code, j=interpreted, Vv=VM code, C=native code)
C  [libc.so.6+0x84618]  cfree+0x28


siginfo: si_signo: 11 (SIGSEGV), si_code: 1 (SEGV_MAPERR), si_addr: 0x00000003

Registers:
EAX=0x00000000, EBX=0x00000007, ECX=0xf6f4e84c, EDX=0x0b964f18
ESP=0xffb3ea40, EBP=0xffb3eb78, ESI=0xf7a31000, EDI=0x00000000
EIP=0xf7910618, EFLAGS=0x00210202, CR2=0x0000000000000003


Top of Stack: (sp=0xffb3ea40)
0xffb3ea40:   0b5e8030 00000000 ffb3eb78 f7b9df1c
0xffb3ea50:   0b5e80c0 f7cb4a04 0b964ef0 f7b9df1c
0xffb3ea60:   00000007 f7b9df0a f7cb4a04 f7b9df4c
0xffb3ea70:   0b5e80c0 f7b9df0a 0b968c90 085b6163
0xffb3ea80:   00000007 0b5e8030 0b5e7d40 085bb8d1
0xffb3ea90:   0b5e8030 0b5e7d40 00000000 085bb89b
0xffb3eaa0:   0cdfc4d0 ffb3eac7 ffb3eaec 085c6969
0xffb3eab0:   087d6c00 ffb3eaec ffb3eb78 084fc53b
0xffb3eac0:   00000014 00010002 00000000 00000000
0xffb3ead0:   01010100 00000001 09aa44c0 00000000
0xffb3eae0:   00000000 00000000 00000000 00000000
0xffb3eaf0:   00000000 00000015 ffb3ec48 f78c16ff
0xffb3eb00:   f7a3141c 47677753 53656d61 65767265
0xffb3eb10:   33313a72 37303438 09290034 0b94a2b0
0xffb3eb20:   08ea0100 08ebc230 08ea5888 f7a3141c
0xffb3eb30:   00000428 00000420 f78c1779 085758fd
0xffb3eb40:   08ea2a80 09b1ea78 08ea5888 08574f56
0xffb3eb50:   0929a2c4 0929a2c4 ffb3ec48 08ea583b
0xffb3eb60:   0000000c ffb3ec14 ffb3eb90 f7a31000
0xffb3eb70:   00000000 08575910 00000000 f78a9f26
0xffb3eb80:   00000000 08575910 00000000 f78a9f26
0xffb3eb90:   0000000c ffb3ec14 ffb3ec48 ffb3ebb4
0xffb3eba0:   0929a2d0 00000000 ffb3ec48 f7a31000
0xffb3ebb0:   f789975c f7a31000 00000000 08575910
0xffb3ebc0:   00000000 16638f57 64896747 00000000
0xffb3ebd0:   00000000 00000000 f7fb04d0 f78a9e30
0xffb3ebe0:   084fc260 0929a2c4 0000000c 08575946
0xffb3ebf0:   084fc260 0000000c ffb3ec14 08ea57f0
0xffb3ec00:   08ea5850 f7fb04d0 ffb3ec0c f7fdd970
0xffb3ec10:   0000000c ffb3f619 ffb3f62b ffb3f62e
0xffb3ec20:   ffb3f640 ffb3f643 ffb3f64e ffb3f672
0xffb3ec30:   ffb3f682 ffb3f69f ffb3f6cc ffb3f6cf 

Instructions: (pc=0xf7910618)
0xf7910518:   50 8d 96 86 f7 fa ff 8d 86 d0 2f fb ff e8 c6 b7
0xf7910528:   ff ff 8d b6 00 00 00 00 bb 20 00 00 00 e9 5e fe
0xf7910538:   ff ff e8 a1 c0 ff ff 89 c5 85 c0 0f 85 68 ff ff
0xf7910548:   ff 31 d2 8d 44 3b 10 e8 8c c1 ff ff 89 da 89 f9
0xf7910558:   89 c5 e8 11 f0 ff ff 89 c2 85 c0 75 1b 85 ed 74
0xf7910568:   17 90 89 fa 89 e8 e8 bd c5 ff ff 89 da 89 f9 89
0xf7910578:   c5 e8 f2 ef ff ff 89 c2 85 ed 0f 84 57 ff ff ff
0xf7910588:   e9 39 ff ff ff 8d 86 b8 31 fb ff 83 ec 0c b9 25
0xf7910598:   0d 00 00 50 8d 96 86 f7 fa ff 8d 86 74 2f fb ff
0xf79105a8:   e8 43 b7 ff ff 8d 76 00 f3 0f 1e fb e8 0a 9a f9
0xf79105b8:   ff 05 47 0a 12 00 56 53 83 ec 04 8b 5c 24 10 8b
0xf79105c8:   74 24 14 8b 80 50 ff ff ff c7 00 00 00 00 00 e8
0xf79105d8:   54 bb ff ff 8b 4c 24 0c 83 c4 04 89 f2 89 d8 5b
0xf79105e8:   5e e9 42 fd ff ff 66 90 f3 0f 1e fb 56 e8 9a 9b
0xf79105f8:   f9 ff 81 c6 06 0a 12 00 53 83 ec 14 8b 5c 24 20
0xf7910608:   8b 86 5c ff ff ff 8b 00 85 c0 75 6c 85 db 74 75
0xf7910618:   8b 4b fc 8d 53 f8 f6 c1 02 75 35 8b 86 70 fe ff
0xf7910628:   ff 65 8b 00 85 c0 0f 84 8c 00 00 00 83 e1 04 8d
0xf7910638:   86 60 07 00 00 74 09 89 d0 25 00 00 f0 ff 8b 00
0xf7910648:   83 c4 14 31 c9 5b 5e e9 8c cb ff ff 8d 74 26 00
0xf7910658:   8b 9e 60 01 00 00 85 db 75 10 3b 8e 48 01 00 00
0xf7910668:   76 08 81 f9 00 00 08 00 76 26 83 c4 14 89 d0 5b
0xf7910678:   5e e9 92 b8 ff ff 66 90 83 ec 08 ff 74 24 24 53
0xf7910688:   ff d0 83 c4 10 83 c4 14 5b 5e c3 8d 74 26 00 90
0xf7910698:   39 96 80 1d 00 00 77 08 39 96 7c 1d 00 00 77 ca
0xf79106a8:   83 e1 f8 8d 04 09 89 8e 48 01 00 00 89 86 40 01
0xf79106b8:   00 00 90 eb b5 8d 76 00 8b 86 74 fe ff ff 65 80
0xf79106c8:   38 00 0f 85 64 ff ff ff 89 54 24 0c e8 97 ed ff
0xf79106d8:   ff 8b 4b fc 8b 54 24 0c e9 4f ff ff ff 8d b4 26
0xf79106e8:   00 00 00 00 8d 74 26 00 f3 0f 1e fb 55 57 56 e8
0xf79106f8:   98 9a f9 ff 81 c6 04 09 12 00 53 83 ec 0c 8b 86
0xf7910708:   70 fe ff ff 8b 96 74 fe ff ff 65 8b 28 65 c6 02 



---------------  P R O C E S S  ---------------

VM state: at safepoint (shutting down)

VM Mutex/Monitor currently owned by a thread:  ([mutex/lock_event])
[0xf5e21d30] Threads_lock - owner thread: 0xc4294cf0

GC Precious Log:
<Skipped>

Heap:
 garbage-first heap   total 131072K, used 16586K [0xc5c00000, 0xe5c00000)
  region size 1024K, 14 young (14336K), 2 survivors (2048K)
 Metaspace       used 4574K, committed 4992K, reserved 16384K

Heap Regions: E=young(eden), S=young(survivor), O=old, HS=humongous(starts), HC=humongous(continues), CS=collection set, F=free, OA=open archive, CA=closed archive, TAMS=top-at-mark-start (previous, next)
|   0|0xc5c00000, 0xc5d00000, 0xc5d00000|100%| O|  |TAMS 0xc5c00000, 0xc5c00000| Untracked 
|   1|0xc5d00000, 0xc5e00000, 0xc5e00000|100%| O|  |TAMS 0xc5d00000, 0xc5d00000| Untracked 
|   2|0xc5e00000, 0xc5ec7400, 0xc5f00000| 77%| O|  |TAMS 0xc5e00000, 0xc5e00000| Untracked 
|   3|0xc5f00000, 0xc5f00000, 0xc6000000|  0%| F|  |TAMS 0xc5f00000, 0xc5f00000| Untracked 
|   4|0xc6000000, 0xc6000000, 0xc6100000|  0%| F|  |TAMS 0xc6000000, 0xc6000000| Untracked 
|   5|0xc6100000, 0xc6100000, 0xc6200000|  0%| F|  |TAMS 0xc6100000, 0xc6100000| Untracked 
|   6|0xc6200000, 0xc6200000, 0xc6300000|  0%| F|  |TAMS 0xc6200000, 0xc6200000| Untracked 
|   7|0xc6300000, 0xc6300000, 0xc6400000|  0%| F|  |TAMS 0xc6300000, 0xc6300000| Untracked 
|   8|0xc6400000, 0xc6400000, 0xc6500000|  0%| F|  |TAMS 0xc6400000, 0xc6400000| Untracked 
|   9|0xc6500000, 0xc6500000, 0xc6600000|  0%| F|  |TAMS 0xc6500000, 0xc6500000| Untracked 
|  10|0xc6600000, 0xc6600000, 0xc6700000|  0%| F|  |TAMS 0xc6600000, 0xc6600000| Untracked 
|  11|0xc6700000, 0xc6700000, 0xc6800000|  0%| F|  |TAMS 0xc6700000, 0xc6700000| Untracked 
|  12|0xc6800000, 0xc6800000, 0xc6900000|  0%| F|  |TAMS 0xc6800000, 0xc6800000| Untracked 
|  13|0xc6900000, 0xc6900000, 0xc6a00000|  0%| F|  |TAMS 0xc6900000, 0xc6900000| Untracked 
|  14|0xc6a00000, 0xc6a00000, 0xc6b00000|  0%| F|  |TAMS 0xc6a00000, 0xc6a00000| Untracked 
|  15|0xc6b00000, 0xc6b00000, 0xc6c00000|  0%| F|  |TAMS 0xc6b00000, 0xc6b00000| Untracked 
|  16|0xc6c00000, 0xc6c00000, 0xc6d00000|  0%| F|  |TAMS 0xc6c00000, 0xc6c00000| Untracked 
|  17|0xc6d00000, 0xc6d00000, 0xc6e00000|  0%| F|  |TAMS 0xc6d00000, 0xc6d00000| Untracked 
|  18|0xc6e00000, 0xc6e00000, 0xc6f00000|  0%| F|  |TAMS 0xc6e00000, 0xc6e00000| Untracked 
|  19|0xc6f00000, 0xc6f00000, 0xc7000000|  0%| F|  |TAMS 0xc6f00000, 0xc6f00000| Untracked 
|  20|0xc7000000, 0xc7000000, 0xc7100000|  0%| F|  |TAMS 0xc7000000, 0xc7000000| Untracked 
|  21|0xc7100000, 0xc7100000, 0xc7200000|  0%| F|  |TAMS 0xc7100000, 0xc7100000| Untracked 
|  22|0xc7200000, 0xc7200000, 0xc7300000|  0%| F|  |TAMS 0xc7200000, 0xc7200000| Untracked 
|  23|0xc7300000, 0xc7300000, 0xc7400000|  0%| F|  |TAMS 0xc7300000, 0xc7300000| Untracked 
|  24|0xc7400000, 0xc7400000, 0xc7500000|  0%| F|  |TAMS 0xc7400000, 0xc7400000| Untracked 
|  25|0xc7500000, 0xc7500000, 0xc7600000|  0%| F|  |TAMS 0xc7500000, 0xc7500000| Untracked 
|  26|0xc7600000, 0xc7600000, 0xc7700000|  0%| F|  |TAMS 0xc7600000, 0xc7600000| Untracked 
|  27|0xc7700000, 0xc7700000, 0xc7800000|  0%| F|  |TAMS 0xc7700000, 0xc7700000| Untracked 
|  28|0xc7800000, 0xc7800000, 0xc7900000|  0%| F|  |TAMS 0xc7800000, 0xc7800000| Untracked 
|  29|0xc7900000, 0xc7900000, 0xc7a00000|  0%| F|  |TAMS 0xc7900000, 0xc7900000| Untracked 
|  30|0xc7a00000, 0xc7a00000, 0xc7b00000|  0%| F|  |TAMS 0xc7a00000, 0xc7a00000| Untracked 
|  31|0xc7b00000, 0xc7b00000, 0xc7c00000|  0%| F|  |TAMS 0xc7b00000, 0xc7b00000| Untracked 
|  32|0xc7c00000, 0xc7c00000, 0xc7d00000|  0%| F|  |TAMS 0xc7c00000, 0xc7c00000| Untracked 
|  33|0xc7d00000, 0xc7d00000, 0xc7e00000|  0%| F|  |TAMS 0xc7d00000, 0xc7d00000| Untracked 
|  34|0xc7e00000, 0xc7e00000, 0xc7f00000|  0%| F|  |TAMS 0xc7e00000, 0xc7e00000| Untracked 
|  35|0xc7f00000, 0xc7f00000, 0xc8000000|  0%| F|  |TAMS 0xc7f00000, 0xc7f00000| Untracked 
|  36|0xc8000000, 0xc8000000, 0xc8100000|  0%| F|  |TAMS 0xc8000000, 0xc8000000| Untracked 
|  37|0xc8100000, 0xc8100000, 0xc8200000|  0%| F|  |TAMS 0xc8100000, 0xc8100000| Untracked 
|  38|0xc8200000, 0xc8200000, 0xc8300000|  0%| F|  |TAMS 0xc8200000, 0xc8200000| Untracked 
|  39|0xc8300000, 0xc8300000, 0xc8400000|  0%| F|  |TAMS 0xc8300000, 0xc8300000| Untracked 
|  40|0xc8400000, 0xc8400000, 0xc8500000|  0%| F|  |TAMS 0xc8400000, 0xc8400000| Untracked 
|  41|0xc8500000, 0xc8500000, 0xc8600000|  0%| F|  |TAMS 0xc8500000, 0xc8500000| Untracked 
|  42|0xc8600000, 0xc8600000, 0xc8700000|  0%| F|  |TAMS 0xc8600000, 0xc8600000| Untracked 
|  43|0xc8700000, 0xc8700000, 0xc8800000|  0%| F|  |TAMS 0xc8700000, 0xc8700000| Untracked 
|  44|0xc8800000, 0xc8800000, 0xc8900000|  0%| F|  |TAMS 0xc8800000, 0xc8800000| Untracked 
|  45|0xc8900000, 0xc8900000, 0xc8a00000|  0%| F|  |TAMS 0xc8900000, 0xc8900000| Untracked 
|  46|0xc8a00000, 0xc8a00000, 0xc8b00000|  0%| F|  |TAMS 0xc8a00000, 0xc8a00000| Untracked 
|  47|0xc8b00000, 0xc8b00000, 0xc8c00000|  0%| F|  |TAMS 0xc8b00000, 0xc8b00000| Untracked 
|  48|0xc8c00000, 0xc8c00000, 0xc8d00000|  0%| F|  |TAMS 0xc8c00000, 0xc8c00000| Untracked 
|  49|0xc8d00000, 0xc8d00000, 0xc8e00000|  0%| F|  |TAMS 0xc8d00000, 0xc8d00000| Untracked 
|  50|0xc8e00000, 0xc8e00000, 0xc8f00000|  0%| F|  |TAMS 0xc8e00000, 0xc8e00000| Untracked 
|  51|0xc8f00000, 0xc8f00000, 0xc9000000|  0%| F|  |TAMS 0xc8f00000, 0xc8f00000| Untracked 
|  52|0xc9000000, 0xc9000000, 0xc9100000|  0%| F|  |TAMS 0xc9000000, 0xc9000000| Untracked 
|  53|0xc9100000, 0xc9100000, 0xc9200000|  0%| F|  |TAMS 0xc9100000, 0xc9100000| Untracked 
|  54|0xc9200000, 0xc9200000, 0xc9300000|  0%| F|  |TAMS 0xc9200000, 0xc9200000| Untracked 
|  55|0xc9300000, 0xc9300000, 0xc9400000|  0%| F|  |TAMS 0xc9300000, 0xc9300000| Untracked 
|  56|0xc9400000, 0xc9400000, 0xc9500000|  0%| F|  |TAMS 0xc9400000, 0xc9400000| Untracked 
|  57|0xc9500000, 0xc9500000, 0xc9600000|  0%| F|  |TAMS 0xc9500000, 0xc9500000| Untracked 
|  58|0xc9600000, 0xc9600000, 0xc9700000|  0%| F|  |TAMS 0xc9600000, 0xc9600000| Untracked 
|  59|0xc9700000, 0xc9700000, 0xc9800000|  0%| F|  |TAMS 0xc9700000, 0xc9700000| Untracked 
|  60|0xc9800000, 0xc9800000, 0xc9900000|  0%| F|  |TAMS 0xc9800000, 0xc9800000| Untracked 
|  61|0xc9900000, 0xc9900000, 0xc9a00000|  0%| F|  |TAMS 0xc9900000, 0xc9900000| Untracked 
|  62|0xc9a00000, 0xc9a00000, 0xc9b00000|  0%| F|  |TAMS 0xc9a00000, 0xc9a00000| Untracked 
|  63|0xc9b00000, 0xc9b00000, 0xc9c00000|  0%| F|  |TAMS 0xc9b00000, 0xc9b00000| Untracked 
|  64|0xc9c00000, 0xc9c00000, 0xc9d00000|  0%| F|  |TAMS 0xc9c00000, 0xc9c00000| Untracked 
|  65|0xc9d00000, 0xc9d00000, 0xc9e00000|  0%| F|  |TAMS 0xc9d00000, 0xc9d00000| Untracked 
|  66|0xc9e00000, 0xc9e00000, 0xc9f00000|  0%| F|  |TAMS 0xc9e00000, 0xc9e00000| Untracked 
|  67|0xc9f00000, 0xc9f00000, 0xca000000|  0%| F|  |TAMS 0xc9f00000, 0xc9f00000| Untracked 
|  68|0xca000000, 0xca000000, 0xca100000|  0%| F|  |TAMS 0xca000000, 0xca000000| Untracked 
|  69|0xca100000, 0xca100000, 0xca200000|  0%| F|  |TAMS 0xca100000, 0xca100000| Untracked 
|  70|0xca200000, 0xca200000, 0xca300000|  0%| F|  |TAMS 0xca200000, 0xca200000| Untracked 
|  71|0xca300000, 0xca300000, 0xca400000|  0%| F|  |TAMS 0xca300000, 0xca300000| Untracked 
|  72|0xca400000, 0xca400000, 0xca500000|  0%| F|  |TAMS 0xca400000, 0xca400000| Untracked 
|  73|0xca500000, 0xca500000, 0xca600000|  0%| F|  |TAMS 0xca500000, 0xca500000| Untracked 
|  74|0xca600000, 0xca600000, 0xca700000|  0%| F|  |TAMS 0xca600000, 0xca600000| Untracked 
|  75|0xca700000, 0xca700000, 0xca800000|  0%| F|  |TAMS 0xca700000, 0xca700000| Untracked 
|  76|0xca800000, 0xca800000, 0xca900000|  0%| F|  |TAMS 0xca800000, 0xca800000| Untracked 
|  77|0xca900000, 0xca900000, 0xcaa00000|  0%| F|  |TAMS 0xca900000, 0xca900000| Untracked 
|  78|0xcaa00000, 0xcaa00000, 0xcab00000|  0%| F|  |TAMS 0xcaa00000, 0xcaa00000| Untracked 
|  79|0xcab00000, 0xcab00000, 0xcac00000|  0%| F|  |TAMS 0xcab00000, 0xcab00000| Untracked 
|  80|0xcac00000, 0xcac00000, 0xcad00000|  0%| F|  |TAMS 0xcac00000, 0xcac00000| Untracked 
|  81|0xcad00000, 0xcad00000, 0xcae00000|  0%| F|  |TAMS 0xcad00000, 0xcad00000| Untracked 
|  82|0xcae00000, 0xcae00000, 0xcaf00000|  0%| F|  |TAMS 0xcae00000, 0xcae00000| Untracked 
|  83|0xcaf00000, 0xcaf00000, 0xcb000000|  0%| F|  |TAMS 0xcaf00000, 0xcaf00000| Untracked 
|  84|0xcb000000, 0xcb000000, 0xcb100000|  0%| F|  |TAMS 0xcb000000, 0xcb000000| Untracked 
|  85|0xcb100000, 0xcb100000, 0xcb200000|  0%| F|  |TAMS 0xcb100000, 0xcb100000| Untracked 
|  86|0xcb200000, 0xcb200000, 0xcb300000|  0%| F|  |TAMS 0xcb200000, 0xcb200000| Untracked 
|  87|0xcb300000, 0xcb300000, 0xcb400000|  0%| F|  |TAMS 0xcb300000, 0xcb300000| Untracked 
|  88|0xcb400000, 0xcb400000, 0xcb500000|  0%| F|  |TAMS 0xcb400000, 0xcb400000| Untracked 
|  89|0xcb500000, 0xcb500000, 0xcb600000|  0%| F|  |TAMS 0xcb500000, 0xcb500000| Untracked 
|  90|0xcb600000, 0xcb600000, 0xcb700000|  0%| F|  |TAMS 0xcb600000, 0xcb600000| Untracked 
|  91|0xcb700000, 0xcb700000, 0xcb800000|  0%| F|  |TAMS 0xcb700000, 0xcb700000| Untracked 
|  92|0xcb800000, 0xcb800000, 0xcb900000|  0%| F|  |TAMS 0xcb800000, 0xcb800000| Untracked 
|  93|0xcb900000, 0xcb900000, 0xcba00000|  0%| F|  |TAMS 0xcb900000, 0xcb900000| Untracked 
|  94|0xcba00000, 0xcba00000, 0xcbb00000|  0%| F|  |TAMS 0xcba00000, 0xcba00000| Untracked 
|  95|0xcbb00000, 0xcbb00000, 0xcbc00000|  0%| F|  |TAMS 0xcbb00000, 0xcbb00000| Untracked 
|  96|0xcbc00000, 0xcbc00000, 0xcbd00000|  0%| F|  |TAMS 0xcbc00000, 0xcbc00000| Untracked 
|  97|0xcbd00000, 0xcbd00000, 0xcbe00000|  0%| F|  |TAMS 0xcbd00000, 0xcbd00000| Untracked 
|  98|0xcbe00000, 0xcbe00000, 0xcbf00000|  0%| F|  |TAMS 0xcbe00000, 0xcbe00000| Untracked 
|  99|0xcbf00000, 0xcbf00000, 0xcc000000|  0%| F|  |TAMS 0xcbf00000, 0xcbf00000| Untracked 
| 100|0xcc000000, 0xcc000000, 0xcc100000|  0%| F|  |TAMS 0xcc000000, 0xcc000000| Untracked 
| 101|0xcc100000, 0xcc100000, 0xcc200000|  0%| F|  |TAMS 0xcc100000, 0xcc100000| Untracked 
| 102|0xcc200000, 0xcc200000, 0xcc300000|  0%| F|  |TAMS 0xcc200000, 0xcc200000| Untracked 
| 103|0xcc300000, 0xcc300000, 0xcc400000|  0%| F|  |TAMS 0xcc300000, 0xcc300000| Untracked 
| 104|0xcc400000, 0xcc400000, 0xcc500000|  0%| F|  |TAMS 0xcc400000, 0xcc400000| Untracked 
| 105|0xcc500000, 0xcc500000, 0xcc600000|  0%| F|  |TAMS 0xcc500000, 0xcc500000| Untracked 
| 106|0xcc600000, 0xcc600000, 0xcc700000|  0%| F|  |TAMS 0xcc600000, 0xcc600000| Untracked 
| 107|0xcc700000, 0xcc700000, 0xcc800000|  0%| F|  |TAMS 0xcc700000, 0xcc700000| Untracked 
| 108|0xcc800000, 0xcc892018, 0xcc900000| 57%| S|CS|TAMS 0xcc800000, 0xcc800000| Complete 
| 109|0xcc900000, 0xcca00000, 0xcca00000|100%| S|CS|TAMS 0xcc900000, 0xcc900000| Complete 
| 110|0xcca00000, 0xcca00000, 0xccb00000|  0%| F|  |TAMS 0xcca00000, 0xcca00000| Untracked 
| 111|0xccb00000, 0xccb00000, 0xccc00000|  0%| F|  |TAMS 0xccb00000, 0xccb00000| Untracked 
| 112|0xccc00000, 0xccc00000, 0xccd00000|  0%| F|  |TAMS 0xccc00000, 0xccc00000| Untracked 
| 113|0xccd00000, 0xccd00000, 0xcce00000|  0%| F|  |TAMS 0xccd00000, 0xccd00000| Untracked 
| 114|0xcce00000, 0xcce00000, 0xccf00000|  0%| F|  |TAMS 0xcce00000, 0xcce00000| Untracked 
| 115|0xccf00000, 0xccf00000, 0xcd000000|  0%| F|  |TAMS 0xccf00000, 0xccf00000| Untracked 
| 116|0xcd000000, 0xcd0d94e8, 0xcd100000| 84%| E|  |TAMS 0xcd000000, 0xcd000000| Complete 
| 117|0xcd100000, 0xcd200000, 0xcd200000|100%| E|CS|TAMS 0xcd100000, 0xcd100000| Complete 
| 118|0xcd200000, 0xcd300000, 0xcd300000|100%| E|CS|TAMS 0xcd200000, 0xcd200000| Complete 
| 119|0xcd300000, 0xcd400000, 0xcd400000|100%| E|CS|TAMS 0xcd300000, 0xcd300000| Complete 
| 120|0xcd400000, 0xcd500000, 0xcd500000|100%| E|CS|TAMS 0xcd400000, 0xcd400000| Complete 
| 121|0xcd500000, 0xcd600000, 0xcd600000|100%| E|CS|TAMS 0xcd500000, 0xcd500000| Complete 
| 122|0xcd600000, 0xcd700000, 0xcd700000|100%| E|CS|TAMS 0xcd600000, 0xcd600000| Complete 
| 123|0xcd700000, 0xcd800000, 0xcd800000|100%| E|CS|TAMS 0xcd700000, 0xcd700000| Complete 
| 124|0xcd800000, 0xcd900000, 0xcd900000|100%| E|CS|TAMS 0xcd800000, 0xcd800000| Complete 
| 125|0xcd900000, 0xcda00000, 0xcda00000|100%| E|CS|TAMS 0xcd900000, 0xcd900000| Complete 
| 126|0xcda00000, 0xcdb00000, 0xcdb00000|100%| E|CS|TAMS 0xcda00000, 0xcda00000| Complete 
| 127|0xcdb00000, 0xcdc00000, 0xcdc00000|100%| E|CS|TAMS 0xcdb00000, 0xcdb00000| Complete 

Card table byte_map: [0xc5a00000,0xc5b00000] _byte_map_base: 0xc53d2000

Marking Bits (Prev, Next): (CMBitMap*) 0xf5e8b528, (CMBitMap*) 0xf5e8b548
 Prev Bits: [0xc5100000, 0xc5900000)
 Next Bits: [0xc4900000, 0xc5100000)

Polling page: 0xf7fa2000

Metaspace:

Usage:
    4.47 MB used.

Virtual space:
     16.00 MB reserved,       4.88 MB ( 30%) committed,  1 nodes.

Chunk freelists:
8.22 MB

MaxMetaspaceSize: 96.00 MB
No class space
Initial GC threshold: 16.00 MB
Current GC threshold: 16.00 MB
CDS: on
MetaspaceReclaimPolicy: balanced
 - commit_granule_bytes: 65536.
 - commit_granule_words: 16384.
 - virtual_space_node_default_size: 4194304.
 - enlarge_chunks_in_place: 1.
 - new_chunks_are_fully_committed: 0.
 - uncommit_free_chunks: 1.
 - use_allocation_guard: 0.
 - handle_deallocations: 1.


Internal statistics:

num_allocs_failed_limit: 0.
num_arena_births: 240.
num_arena_deaths: 0.
num_vsnodes_births: 1.
num_vsnodes_deaths: 0.
num_space_committed: 78.
num_space_uncommitted: 0.
num_chunks_returned_to_freelist: 0.
num_chunks_taken_from_freelist: 443.
num_chunk_merges: 0.
num_chunk_splits: 351.
num_chunks_enlarged: 277.
num_inconsistent_stats: 0.

CodeHeap 'non-profiled nmethods': size=120172Kb used=459Kb max_used=459Kb free=119712Kb
 bounds [0xed7f5000, 0xeda35000, 0xf4d50000]
CodeHeap 'profiled nmethods': size=120172Kb used=1714Kb max_used=1714Kb free=118457Kb
 bounds [0xe5d50000, 0xe5f90000, 0xed2ab000]
CodeHeap 'non-nmethods': size=5416Kb used=738Kb max_used=769Kb free=4677Kb
 bounds [0xed2ab000, 0xed4eb000, 0xed7f5000]
 total_blobs=1464 nmethods=1115 adapters=263
 compilation: enabled
              stopped_count=0, restarted_count=0
 full_count=0

Compilation events (20 events):
Event: 132.698 Thread 0xc42a0580 1108       3       java.io.ObjectInputStream$BlockDataInputStream::readInt (73 bytes)
Event: 132.699 Thread 0xc42a0580 nmethod 1108 0xe5ef6d88 code [0xe5ef6ee0, 0xe5ef7144]
Event: 132.699 Thread 0xc42a0580 1109       3       java.io.ObjectInputStream::readClassDesc (121 bytes)
Event: 132.701 Thread 0xc42a0580 nmethod 1109 0xe5ef7288 code [0xe5ef7520, 0xe5ef803c]
Event: 132.701 Thread 0xc42a0580 1111       3       java.lang.AbstractStringBuilder::checkRange (63 bytes)
Event: 132.702 Thread 0xc42a0580 nmethod 1111 0xe5ef8588 code [0xe5ef87a0, 0xe5ef8ed8]
Event: 132.702 Thread 0xc42a0580 1112   !   3       java.io.ObjectInputStream::filterCheck (369 bytes)
Event: 132.710 Thread 0xc42a0580 nmethod 1112 0xe5ef9288 code [0xe5ef9640, 0xe5efb234]
Event: 132.710 Thread 0xc42a0580 1113       3       java.io.ObjectInputStream$BlockDataInputStream::getBytesRead (8 bytes)
Event: 132.710 Thread 0xc42a0580 nmethod 1113 0xe5efbd88 code [0xe5efbec0, 0xe5efbfe0]
Event: 132.713 Thread 0xc42a0580 1114       3       jdk.internal.event.DeserializationEvent::<init> (5 bytes)
Event: 132.714 Thread 0xc42a0580 nmethod 1114 0xe5efc088 code [0xe5efc1c0, 0xe5efc360]
Event: 132.714 Thread 0xc42a0580 1115       3       jdk.internal.event.Event::<init> (5 bytes)
Event: 132.714 Thread 0xc42a0580 nmethod 1115 0xe5efc408 code [0xe5efc540, 0xe5efc680]
Event: 139.925 Thread 0xc42a0580 1116       3       java.io.InputStream::<init> (5 bytes)
Event: 139.925 Thread 0xc42a0580 nmethod 1116 0xe5efc708 code [0xe5efc840, 0xe5efc980]
Event: 139.925 Thread 0xc42a0580 1117       1       java.io.ObjectStreamClass::getPrimDataSize (5 bytes)
Event: 139.925 Thread 0xc42a0580 nmethod 1117 0xed867888 code [0xed8679a0, 0xed867a60]
Event: 139.925 Thread 0xc42a0580 1118       1       java.io.ObjectStreamClass::getNumObjFields (5 bytes)
Event: 139.925 Thread 0xc42a0580 nmethod 1118 0xed867b88 code [0xed867ca0, 0xed867d60]

GC Heap History (4 events):
Event: 51.648 GC heap before
{Heap before GC invocations=0 (full 0):
 garbage-first heap   total 131072K, used 12288K [0xc5c00000, 0xe5c00000)
  region size 1024K, 13 young (13312K), 0 survivors (0K)
 Metaspace       used 2486K, committed 2624K, reserved 16384K
}
Event: 51.706 GC heap after
{Heap after GC invocations=1 (full 0):
 garbage-first heap   total 131072K, used 2452K [0xc5c00000, 0xe5c00000)
  region size 1024K, 2 young (2048K), 2 survivors (2048K)
 Metaspace       used 2486K, committed 2624K, reserved 16384K
}
Event: 65.566 GC heap before
{Heap before GC invocations=1 (full 0):
 garbage-first heap   total 131072K, used 17812K [0xc5c00000, 0xe5c00000)
  region size 1024K, 18 young (18432K), 2 survivors (2048K)
 Metaspace       used 3919K, committed 4224K, reserved 16384K
}
Event: 65.586 GC heap after
{Heap after GC invocations=2 (full 0):
 garbage-first heap   total 131072K, used 4453K [0xc5c00000, 0xe5c00000)
  region size 1024K, 2 young (2048K), 2 survivors (2048K)
 Metaspace       used 3919K, committed 4224K, reserved 16384K
}

Dll operation events (4 events):
Event: 0.003 Loaded shared library /usr/lib/jvm/java-17-zulu-openjdk-jdk-x86/lib/libjava.so
Event: 51.577 Loaded shared library /usr/lib/jvm/java-17-zulu-openjdk-jdk-x86/lib/libnio.so
Event: 51.578 Loaded shared library /usr/lib/jvm/java-17-zulu-openjdk-jdk-x86/lib/libjimage.so
Event: 51.580 Loaded shared library /usr/lib/jvm/java-17-zulu-openjdk-jdk-x86/lib/libnet.so

Deoptimization events (20 events):
Event: 76.341 Thread 0x0cc73990 DEOPT PACKING pc=0xed849000 sp=0xffb3dfc0
Event: 76.341 Thread 0x0cc73990 DEOPT UNPACKING pc=0xed2f4d33 sp=0xffb3df88 mode 2
Event: 84.408 Thread 0x0cc73990 DEOPT PACKING pc=0xe5df9be8 sp=0xffb3d710
Event: 84.408 Thread 0x0cc73990 DEOPT UNPACKING pc=0xed2f4171 sp=0xffb3d5e8 mode 0
Event: 84.416 Thread 0x0cc73990 Uncommon trap: trap_request=0xffffff45 fr.pc=0xed84a24c relative=0x000001ac
Event: 84.416 Thread 0x0cc73990 Uncommon trap: reason=unstable_if action=reinterpret pc=0xed84a24c method=java.lang.StringLatin1.toLowerCase(Ljava/lang/String;[BLjava/util/Locale;)Ljava/lang/String; @ 43 c2
Event: 84.416 Thread 0x0cc73990 DEOPT PACKING pc=0xed84a24c sp=0xffb3c210
Event: 84.416 Thread 0x0cc73990 DEOPT UNPACKING pc=0xed2f4d33 sp=0xffb3c1d4 mode 2
Event: 87.522 Thread 0x0cc73990 Uncommon trap: trap_request=0xffffff45 fr.pc=0xed82ba50 relative=0x00000d70
Event: 87.522 Thread 0x0cc73990 Uncommon trap: reason=unstable_if action=reinterpret pc=0xed82ba50 method=script.obj_id.getObjId(Ljava/lang/Long;)Lscript/obj_id; @ 69 c2
Event: 87.522 Thread 0x0cc73990 DEOPT PACKING pc=0xed82ba50 sp=0xffb3cf80
Event: 87.522 Thread 0x0cc73990 DEOPT UNPACKING pc=0xed2f4d33 sp=0xffb3cf54 mode 2
Event: 102.575 Thread 0x0cc73990 Uncommon trap: trap_request=0xffffff45 fr.pc=0xed82ed84 relative=0x00000cc4
Event: 102.575 Thread 0x0cc73990 Uncommon trap: reason=unstable_if action=reinterpret pc=0xed82ed84 method=script.obj_id.getObjId(Ljava/lang/Long;)Lscript/obj_id; @ 69 c2
Event: 102.575 Thread 0x0cc73990 DEOPT PACKING pc=0xed82ed84 sp=0xffb3cf50
Event: 102.575 Thread 0x0cc73990 DEOPT UNPACKING pc=0xed2f4d33 sp=0xffb3cf50 mode 2
Event: 117.301 Thread 0x0cc73990 Uncommon trap: trap_request=0xffffff45 fr.pc=0xed844e70 relative=0x00000050
Event: 117.301 Thread 0x0cc73990 Uncommon trap: reason=unstable_if action=reinterpret pc=0xed844e70 method=java.lang.StringConcatHelper.stringOf(Ljava/lang/Object;)Ljava/lang/String; @ 1 c2
Event: 117.301 Thread 0x0cc73990 DEOPT PACKING pc=0xed844e70 sp=0xffb3d9d0
Event: 117.301 Thread 0x0cc73990 DEOPT UNPACKING pc=0xed2f4d33 sp=0xffb3d9a4 mode 2

Classes unloaded (0 events):
No events

Classes redefined (0 events):
No events

Internal exceptions (7 events):
Event: 51.337 Thread 0x0cc73990 Exception <a 'java/lang/NoSuchMethodError'{0xcd138540}: 'java.lang.Object java.lang.invoke.DirectMethodHandle$Holder.invokeStatic(java.lang.Object, float)'> (0xcd138540) 
thrown [src/hotspot/share/interpreter/linkResolver.cpp, line 759]
Event: 51.853 Thread 0x0cc73990 Exception <a 'java/lang/NoSuchMethodError'{0xcd9fb7b0}: 'java.lang.Object java.lang.invoke.DirectMethodHandle$Holder.invokeSpecial(java.lang.Object, java.lang.Object, java.lang.Object, java.lang.Object, int)'> (0xcd9fb7b0) 
thrown [src/hotspot/share/interpreter/linkResolver.cpp, line 759]
Event: 51.856 Thread 0x0cc73990 Exception <a 'java/lang/NoSuchMethodError'{0xcd9fecf0}: 'java.lang.Object java.lang.invoke.Invokers$Holder.linkToTargetMethod(java.lang.Object, java.lang.Object, int, java.lang.Object)'> (0xcd9fecf0) 
thrown [src/hotspot/share/interpreter/linkResolver.cpp, line 759]
Event: 61.333 Thread 0x0cc73990 Exception <a 'java/lang/NoSuchMethodError'{0xcd02dbe8}: 'java.lang.Object java.lang.invoke.DirectMethodHandle$Holder.invokeStaticInit(java.lang.Object)'> (0xcd02dbe8) 
thrown [src/hotspot/share/interpreter/linkResolver.cpp, line 759]
Event: 65.727 Thread 0x0cc73990 Exception <a 'java/lang/NoSuchMethodError'{0xcd9b4188}: 'java.lang.Object java.lang.invoke.DirectMethodHandle$Holder.invokeSpecial(java.lang.Object, java.lang.Object, long, java.lang.Object, java.lang.Object, java.lang.Object, java.lang.Object, java.lang.Object, java.lang.Object)'> (0xcd9b4188) 
thrown [src/hotspot/share/interpreter/linkResolver.cpp, line 759]
Event: 65.727 Thread 0x0cc73990 Exception <a 'java/lang/NoSuchMethodError'{0xcd9b8560}: 'java.lang.Object java.lang.invoke.DelegatingMethodHandle$Holder.reinvoke_L(java.lang.Object, long, java.lang.Object, java.lang.Object, java.lang.Object, java.lang.Object, java.lang.Object, java.lang.Object)'> (0xcd9b8560) 
thrown [src/hotspot/share/interpreter/linkResolver.cpp, line 759]
Event: 117.300 Thread 0x0cc73990 Exception <a 'java/lang/NoSuchMethodError'{0xcd0270e0}: 'java.lang.Object java.lang.invoke.DirectMethodHandle$Holder.invokeSpecial(java.lang.Object, java.lang.Object, java.lang.Object, java.lang.Object, java.lang.Object, java.lang.Object, int)'> (0xcd0270e0) 
thrown [src/hotspot/share/interpreter/linkResolver.cpp, line 759]

VM Operations (20 events):
Event: 65.566 Executing VM operation: G1CollectForAllocation
Event: 65.587 Executing VM operation: G1CollectForAllocation done
Event: 66.587 Executing VM operation: Cleanup
Event: 66.587 Executing VM operation: Cleanup done
Event: 69.593 Executing VM operation: Cleanup
Event: 69.593 Executing VM operation: Cleanup done
Event: 71.593 Executing VM operation: Cleanup
Event: 71.593 Executing VM operation: Cleanup done
Event: 79.608 Executing VM operation: Cleanup
Event: 79.608 Executing VM operation: Cleanup done
Event: 84.614 Executing VM operation: Cleanup
Event: 84.634 Executing VM operation: Cleanup done
Event: 85.634 Executing VM operation: Cleanup
Event: 85.634 Executing VM operation: Cleanup done
Event: 91.636 Executing VM operation: Cleanup
Event: 91.636 Executing VM operation: Cleanup done
Event: 112.661 Executing VM operation: Cleanup
Event: 112.661 Executing VM operation: Cleanup done
Event: 117.667 Executing VM operation: Cleanup
Event: 117.667 Executing VM operation: Cleanup done

Events (20 events):
Event: 61.358 loading class jdk/internal/logger/SurrogateLogger done
Event: 61.358 loading class sun/util/logging/PlatformLogger
Event: 61.358 loading class sun/util/logging/PlatformLogger done
Event: 61.358 loading class sun/util/logging/PlatformLogger$Level
Event: 61.358 loading class sun/util/logging/PlatformLogger$Level done
Event: 61.358 loading class jdk/internal/event/DeserializationEvent
Event: 61.359 loading class jdk/internal/event/Event
Event: 61.359 loading class jdk/internal/event/Event done
Event: 61.359 loading class jdk/internal/event/DeserializationEvent done
Event: 61.359 loading class java/io/ObjectInputStream$FieldValues
Event: 61.359 loading class java/io/ObjectInputStream$GetField
Event: 61.359 loading class java/io/ObjectInputStream$GetField done
Event: 61.359 loading class java/io/ObjectInputStream$FieldValues done
Event: 70.768 loading class java/io/ObjectStreamException
Event: 70.768 loading class java/io/ObjectStreamException done
Event: 117.840 loading class java/io/ObjectStreamClass$ExceptionInfo
Event: 117.841 loading class java/io/ObjectStreamClass$ExceptionInfo done
Event: 143.698 Thread 0x0cc73990 Thread exited: 0x0cc73990
Event: 143.806 Thread 0xf5e242d0 Thread exited: 0xf5e242d0
Event: 143.806 Thread 0xc429bff0 Thread exited: 0xc429bff0


Dynamic libraries:
08048000-09298000 r-xp 00000000 08:04 494947248                          /home/almalinux/swg-returns-nge/build/bin/SwgGameServer
09298000-0929c000 rw-p 0124f000 08:04 494947248                          /home/almalinux/swg-returns-nge/build/bin/SwgGameServer
0929c000-09b1f000 rw-p 00000000 00:00 0 
0b5ae000-125e4000 rw-p 00000000 00:00 0                                  [heap]
bf900000-bf9da000 rw-p 00000000 00:00 0 
bf9da000-bfa00000 ---p 00000000 00:00 0 
bfb00000-bfcf4000 rw-p 00000000 00:00 0 
bfcf4000-bfd00000 ---p 00000000 00:00 0 
bfd00000-bfdd3000 rw-p 00000000 00:00 0 
bfdd3000-bfe00000 ---p 00000000 00:00 0 
bff00000-bffff000 rw-p 00000000 00:00 0 
bffff000-c0000000 ---p 00000000 00:00 0 
c0100000-c01f9000 rw-p 00000000 00:00 0 
c01f9000-c0200000 ---p 00000000 00:00 0 
c0200000-c0251000 rw-p 00000000 00:00 0 
c0251000-c0300000 ---p 00000000 00:00 0 
c0300000-c03f9000 rw-p 00000000 00:00 0 
c03f9000-c0400000 ---p 00000000 00:00 0 
c0400000-c04f9000 rw-p 00000000 00:00 0 
c04f9000-c0500000 ---p 00000000 00:00 0 
c0500000-c05f9000 rw-p 00000000 00:00 0 
c05f9000-c0600000 ---p 00000000 00:00 0 
c0600000-c06fc000 rw-p 00000000 00:00 0 
c06fc000-c0700000 ---p 00000000 00:00 0 
c0700000-c07ff000 rw-p 00000000 00:00 0 
c07ff000-c0800000 ---p 00000000 00:00 0 
c107d000-c107e000 ---p 00000000 00:00 0 
c107e000-c10fe000 rw-p 00000000 00:00 0 
c10fe000-c10ff000 ---p 00000000 00:00 0 
c10ff000-c117f000 rw-p 00000000 00:00 0 
c117f000-c1180000 ---p 00000000 00:00 0 
c1180000-c1200000 rw-p 00000000 00:00 0 
c1200000-c12fa000 rw-p 00000000 00:00 0 
c12fa000-c1300000 ---p 00000000 00:00 0 
c173d000-c1741000 ---p 00000000 00:00 0 
c1741000-c17fe000 rw-p 00000000 00:00 0 
c17fe000-c1802000 ---p 00000000 00:00 0 
c1802000-c18bf000 rw-p 00000000 00:00 0 
c18bf000-c18c0000 ---p 00000000 00:00 0 
c18c0000-c1940000 rw-p 00000000 00:00 0 
c1940000-c1944000 ---p 00000000 00:00 0 
c1944000-c1a01000 rw-p 00000000 00:00 0 
c1a01000-c1a05000 ---p 00000000 00:00 0 
c1a05000-c1ac2000 rw-p 00000000 00:00 0 
c1ac2000-c1ac6000 ---p 00000000 00:00 0 
c1ac6000-c1b43000 rw-p 00000000 00:00 0 
c1b43000-c1b47000 ---p 00000000 00:00 0 
c1b47000-c1c04000 rw-p 00000000 00:00 0 
c1c04000-c1c08000 ---p 00000000 00:00 0 
c1c08000-c1cc5000 rw-p 00000000 00:00 0 
c1cc5000-c1cc9000 ---p 00000000 00:00 0 
c1cc9000-c1d86000 rw-p 00000000 00:00 0 
c1d86000-c2000000 r--p 00078000 08:04 535181                             /usr/lib/locale/locale-archive
c2000000-c2110000 rw-p 00000000 00:00 0 
c2110000-c2400000 ---p 00000000 00:00 0 
c2400000-c27d0000 rw-p 00000000 00:00 0 
c27d0000-c3000000 ---p 00000000 00:00 0 
c307e000-c327e000 r--p 00000000 08:04 535181                             /usr/lib/locale/locale-archive
c327e000-c3282000 ---p 00000000 00:00 0 
c3282000-c333f000 rw-p 00000000 00:00 0 
c333f000-c3343000 ---p 00000000 00:00 0 
c3343000-c3400000 rw-p 00000000 00:00 0 
c3400000-c3421000 rw-p 00000000 00:00 0 
c3421000-c3500000 ---p 00000000 00:00 0 
c3531000-c3535000 ---p 00000000 00:00 0 
c3535000-c35b2000 rw-p 00000000 00:00 0 
c35b2000-c35b3000 ---p 00000000 00:00 0 
c35b3000-c3633000 rw-p 00000000 00:00 0 
c3633000-c3f00000 rw-p 00001000 08:04 143240867                          /usr/lib/jvm/java-17-zulu-openjdk-jdk-x86/lib/server/classes.jsa
c3f00000-c3f21000 rw-p 00000000 00:00 0 
c3f21000-c4000000 ---p 00000000 00:00 0 
c407f000-c4080000 ---p 00000000 00:00 0 
c4080000-c4100000 rw-p 00000000 00:00 0 
c4100000-c4121000 rw-p 00000000 00:00 0 
c4121000-c4200000 ---p 00000000 00:00 0 
c4200000-c42d1000 rw-p 00000000 00:00 0 
c42d1000-c4300000 ---p 00000000 00:00 0 
c437f000-c4380000 ---p 00000000 00:00 0 
c4380000-c4400000 rw-p 00000000 00:00 0 
c4400000-c4421000 rw-p 00000000 00:00 0 
c4421000-c4500000 ---p 00000000 00:00 0 
c457f000-c4580000 ---p 00000000 00:00 0 
c4580000-c4600000 rw-p 00000000 00:00 0 
c4600000-c46e4000 rw-p 00000000 00:00 0 
c46e4000-c4700000 ---p 00000000 00:00 0 
c4700000-c47fe000 rw-p 00000000 00:00 0 
c47fe000-c4800000 ---p 00000000 00:00 0 
c487f000-c4880000 ---p 00000000 00:00 0 
c4880000-c4b00000 rw-p 00000000 00:00 0 
c4b00000-c5100000 ---p 00000000 00:00 0 
c5100000-c5300000 rw-p 00000000 00:00 0 
c5300000-c5900000 ---p 00000000 00:00 0 
c5900000-c5940000 rw-p 00000000 00:00 0 
c5940000-c5a00000 ---p 00000000 00:00 0 
c5a00000-c5a40000 rw-p 00000000 00:00 0 
c5a40000-c5b00000 ---p 00000000 00:00 0 
c5b00000-c5b40000 rw-p 00000000 00:00 0 
c5b40000-c5c00000 ---p 00000000 00:00 0 
c5c00000-cdc00000 rw-p 00000000 00:00 0 
cdc00000-e5c00000 ---p 00000000 00:00 0 
e5c65000-e5c6a000 rw-p 00000000 00:00 0 
e5c6a000-e5d50000 ---p 00000000 00:00 0 
e5d50000-e5f90000 rwxp 00000000 00:00 0 
e5f90000-ed2ab000 ---p 00000000 00:00 0 
ed2ab000-ed4eb000 rwxp 00000000 00:00 0 
ed4eb000-ed7f5000 ---p 00000000 00:00 0 
ed7f5000-eda35000 rwxp 00000000 00:00 0 
eda35000-f4d50000 ---p 00000000 00:00 0 
f4d50000-f4eb8000 r--s 00000000 08:04 117534333                          /usr/lib/jvm/java-17-zulu-openjdk-jdk-x86/lib/modules
f4eb8000-f5d5a000 r-xp 00000000 08:04 143240869                          /usr/lib/jvm/java-17-zulu-openjdk-jdk-x86/lib/server/libjvm.so
f5d5a000-f5daf000 r--p 00ea1000 08:04 143240869                          /usr/lib/jvm/java-17-zulu-openjdk-jdk-x86/lib/server/libjvm.so
f5daf000-f5dd0000 rw-p 00ef6000 08:04 143240869                          /usr/lib/jvm/java-17-zulu-openjdk-jdk-x86/lib/server/libjvm.so
f5dd0000-f5e00000 rw-p 00000000 00:00 0 
f5e00000-f5f00000 rw-p 00000000 00:00 0 
f5f67000-f5f68000 ---p 00000000 00:00 0 
f5f68000-f5fe8000 rw-p 00000000 00:00 0 
f5fe8000-f5fe9000 ---p 00000000 00:00 0 
f5fe9000-f5fed000 ---p 00000000 00:00 0 
f5fed000-f6b61000 rw-p 00000000 00:00 0 
f6b6d000-f6b82000 r-xp 00000000 08:04 117534323                          /usr/lib/jvm/java-17-zulu-openjdk-jdk-x86/lib/libnet.so
f6b82000-f6b83000 r--p 00014000 08:04 117534323                          /usr/lib/jvm/java-17-zulu-openjdk-jdk-x86/lib/libnet.so
f6b83000-f6b84000 rw-p 00015000 08:04 117534323                          /usr/lib/jvm/java-17-zulu-openjdk-jdk-x86/lib/libnet.so
f6b84000-f6b89000 rw-p 00000000 00:00 0 
f6b89000-f6c6f000 ---p 00000000 00:00 0 
f6ea9000-f6ebb000 r-xp 00000000 08:04 117534324                          /usr/lib/jvm/java-17-zulu-openjdk-jdk-x86/lib/libnio.so
f6ebb000-f6ebc000 r--p 00011000 08:04 117534324                          /usr/lib/jvm/java-17-zulu-openjdk-jdk-x86/lib/libnio.so
f6ebc000-f6ebd000 rw-p 00012000 08:04 117534324                          /usr/lib/jvm/java-17-zulu-openjdk-jdk-x86/lib/libnio.so
f6ebd000-f6ee6000 rw-p 00000000 00:00 0 
f6ee6000-f6f09000 r-xp 00000000 08:04 117534310                          /usr/lib/jvm/java-17-zulu-openjdk-jdk-x86/lib/libjava.so
f6f09000-f6f0a000 r--p 00022000 08:04 117534310                          /usr/lib/jvm/java-17-zulu-openjdk-jdk-x86/lib/libjava.so
f6f0a000-f6f0b000 rw-p 00023000 08:04 117534310                          /usr/lib/jvm/java-17-zulu-openjdk-jdk-x86/lib/libjava.so
f6f0b000-f6f17000 r-xp 00000000 08:04 16831767                           /usr/lib/libnss_files-2.28.so
f6f17000-f6f18000 r--p 0000b000 08:04 16831767                           /usr/lib/libnss_files-2.28.so
f6f18000-f6f19000 rw-p 0000c000 08:04 16831767                           /usr/lib/libnss_files-2.28.so
f6f19000-f6f1f000 rw-p 00000000 00:00 0 
f6f25000-f6f2a000 rw-p 00000000 00:00 0 
f6f2a000-f6f30000 ---p 00000000 00:00 0 
f6f30000-f6f4b000 r-xp 00000000 08:04 117534314                          /usr/lib/jvm/java-17-zulu-openjdk-jdk-x86/lib/libjimage.so
f6f4b000-f6f4c000 ---p 0001b000 08:04 117534314                          /usr/lib/jvm/java-17-zulu-openjdk-jdk-x86/lib/libjimage.so
f6f4c000-f6f4d000 r--p 0001b000 08:04 117534314                          /usr/lib/jvm/java-17-zulu-openjdk-jdk-x86/lib/libjimage.so
f6f4d000-f6f4e000 rw-p 0001c000 08:04 117534314                          /usr/lib/jvm/java-17-zulu-openjdk-jdk-x86/lib/libjimage.so
f6f4e000-f6f52000 rw-p 00000000 00:00 0 
f6f52000-f6fda000 r-xp 00000000 08:04 17191875                           /usr/lib/libpcre2-8.so.0.7.1
f6fda000-f6fdb000 r--p 00087000 08:04 17191875                           /usr/lib/libpcre2-8.so.0.7.1
f6fdb000-f6fdc000 rw-p 00088000 08:04 17191875                           /usr/lib/libpcre2-8.so.0.7.1
f6fdc000-f6ffc000 r-xp 00000000 08:04 17021543                           /usr/lib/libcrypt.so.1.1.0
f6ffc000-f6ffd000 ---p 00020000 08:04 17021543                           /usr/lib/libcrypt.so.1.1.0
f6ffd000-f6ffe000 r--p 00020000 08:04 17021543                           /usr/lib/libcrypt.so.1.1.0
f6ffe000-f7007000 rw-p 00000000 00:00 0 
f7007000-f7032000 r-xp 00000000 08:04 17191887                           /usr/lib/libselinux.so.1
f7032000-f7033000 ---p 0002b000 08:04 17191887                           /usr/lib/libselinux.so.1
f7033000-f7034000 r--p 0002b000 08:04 17191887                           /usr/lib/libselinux.so.1
f7034000-f7035000 rw-p 0002c000 08:04 17191887                           /usr/lib/libselinux.so.1
f7035000-f7036000 rw-p 00000000 00:00 0 
f7036000-f7055000 r-xp 00000000 08:04 18866589                           /usr/lib/libbrotlicommon.so.1.0.6
f7055000-f7056000 r--p 0001e000 08:04 18866589                           /usr/lib/libbrotlicommon.so.1.0.6
f7056000-f7057000 rw-p 0001f000 08:04 18866589                           /usr/lib/libbrotlicommon.so.1.0.6
f7057000-f7075000 r-xp 00000000 08:04 17191915                           /usr/lib/libsasl2.so.3.0.0
f7075000-f7076000 ---p 0001e000 08:04 17191915                           /usr/lib/libsasl2.so.3.0.0
f7076000-f7077000 r--p 0001e000 08:04 17191915                           /usr/lib/libsasl2.so.3.0.0
f7077000-f7078000 rw-p 0001f000 08:04 17191915                           /usr/lib/libsasl2.so.3.0.0
f7078000-f707a000 rw-p 00000000 00:00 0 
f707a000-f708e000 r-xp 00000000 08:04 16831772                           /usr/lib/libresolv-2.28.so
f708e000-f708f000 ---p 00014000 08:04 16831772                           /usr/lib/libresolv-2.28.so
f708f000-f7090000 r--p 00014000 08:04 16831772                           /usr/lib/libresolv-2.28.so
f7090000-f7091000 rw-p 00015000 08:04 16831772                           /usr/lib/libresolv-2.28.so
f7091000-f7093000 rw-p 00000000 00:00 0 
f7093000-f7096000 r-xp 00000000 08:04 17191893                           /usr/lib/libkeyutils.so.1.6
f7096000-f7097000 ---p 00003000 08:04 17191893                           /usr/lib/libkeyutils.so.1.6
f7097000-f7098000 r--p 00003000 08:04 17191893                           /usr/lib/libkeyutils.so.1.6
f7098000-f7099000 rw-p 00000000 00:00 0 
f7099000-f70a9000 r-xp 00000000 08:04 17021560                           /usr/lib/libkrb5support.so.0.1
f70a9000-f70aa000 r--p 0000f000 08:04 17021560                           /usr/lib/libkrb5support.so.0.1
f70aa000-f70ab000 rw-p 00010000 08:04 17021560                           /usr/lib/libkrb5support.so.0.1
f70ab000-f70b3000 r-xp 00000000 08:04 16831774                           /usr/lib/librt-2.28.so
f70b3000-f70b4000 r--p 00007000 08:04 16831774                           /usr/lib/librt-2.28.so
f70b4000-f70b5000 rw-p 00008000 08:04 16831774                           /usr/lib/librt-2.28.so
f70b5000-f7234000 r-xp 00000000 08:04 17021545                           /usr/lib/libunistring.so.2.1.0
f7234000-f7235000 ---p 0017f000 08:04 17021545                           /usr/lib/libunistring.so.2.1.0
f7235000-f7237000 r--p 0017f000 08:04 17021545                           /usr/lib/libunistring.so.2.1.0
f7237000-f7238000 rw-p 00181000 08:04 17021545                           /usr/lib/libunistring.so.2.1.0
f7238000-f7262000 r-xp 00000000 08:04 18654292                           /usr/lib/liblzma.so.5.2.4
f7262000-f7263000 r--p 00029000 08:04 18654292                           /usr/lib/liblzma.so.5.2.4
f7263000-f7264000 rw-p 00000000 00:00 0 
f7264000-f7270000 r-xp 00000000 08:04 17191936                           /usr/lib/libbrotlidec.so.1.0.6
f7270000-f7271000 r--p 0000b000 08:04 17191936                           /usr/lib/libbrotlidec.so.1.0.6
f7271000-f7272000 rw-p 00000000 00:00 0 
f7272000-f7281000 r-xp 00000000 08:04 17191918                           /usr/lib/liblber-2.4.so.2.10.9
f7281000-f7282000 r--p 0000e000 08:04 17191918                           /usr/lib/liblber-2.4.so.2.10.9
f7282000-f7283000 rw-p 0000f000 08:04 17191918                           /usr/lib/liblber-2.4.so.2.10.9
f7283000-f72d8000 r-xp 00000000 08:04 17191920                           /usr/lib/libldap-2.4.so.2.10.9
f72d8000-f72d9000 ---p 00055000 08:04 17191920                           /usr/lib/libldap-2.4.so.2.10.9
f72d9000-f72da000 r--p 00055000 08:04 17191920                           /usr/lib/libldap-2.4.so.2.10.9
f72da000-f72db000 rw-p 00056000 08:04 17191920                           /usr/lib/libldap-2.4.so.2.10.9
f72db000-f72dd000 rw-p 00000000 00:00 0 
f72dd000-f72e0000 r-xp 00000000 08:04 16994899                           /usr/lib/libcom_err.so.2.1
f72e0000-f72e1000 r--p 00002000 08:04 16994899                           /usr/lib/libcom_err.so.2.1
f72e1000-f72e2000 rw-p 00003000 08:04 16994899                           /usr/lib/libcom_err.so.2.1
f72e2000-f72f8000 r-xp 00000000 08:04 17021552                           /usr/lib/libk5crypto.so.3.1
f72f8000-f72f9000 ---p 00016000 08:04 17021552                           /usr/lib/libk5crypto.so.3.1
f72f9000-f72fa000 r--p 00016000 08:04 17021552                           /usr/lib/libk5crypto.so.3.1
f72fa000-f72fb000 rw-p 00017000 08:04 17021552                           /usr/lib/libk5crypto.so.3.1
f72fb000-f73de000 r-xp 00000000 08:04 17021558                           /usr/lib/libkrb5.so.3.3
f73de000-f73e5000 r--p 000e2000 08:04 17021558                           /usr/lib/libkrb5.so.3.3
f73e5000-f73e6000 rw-p 000e9000 08:04 17021558                           /usr/lib/libkrb5.so.3.3
f73e6000-f7441000 r-xp 00000000 08:04 17021548                           /usr/lib/libgssapi_krb5.so.2.2
f7441000-f7443000 r--p 0005a000 08:04 17021548                           /usr/lib/libgssapi_krb5.so.2.2
f7443000-f7444000 rw-p 0005c000 08:04 17021548                           /usr/lib/libgssapi_krb5.so.2.2
f7444000-f76f5000 r-xp 00000000 08:04 18627877                           /usr/lib/libcrypto.so.1.1.1k
f76f5000-f770e000 r--p 002b0000 08:04 18627877                           /usr/lib/libcrypto.so.1.1.1k
f770e000-f7710000 rw-p 002c9000 08:04 18627877                           /usr/lib/libcrypto.so.1.1.1k
f7710000-f7714000 rw-p 00000000 00:00 0 
f7714000-f77a6000 r-xp 00000000 08:04 18627879                           /usr/lib/libssl.so.1.1.1k
f77a6000-f77ac000 r--p 00091000 08:04 18627879                           /usr/lib/libssl.so.1.1.1k
f77ac000-f77b0000 rw-p 00097000 08:04 18627879                           /usr/lib/libssl.so.1.1.1k
f77b0000-f77c0000 r-xp 00000000 08:04 18660120                           /usr/lib/libpsl.so.5.3.1
f77c0000-f77c1000 r--p 0000f000 08:04 18660120                           /usr/lib/libpsl.so.5.3.1
f77c1000-f77c2000 rw-p 00000000 00:00 0 
f77c2000-f783f000 r-xp 00000000 08:04 16994901                           /usr/lib/libssh.so.4.8.7
f783f000-f7840000 ---p 0007d000 08:04 16994901                           /usr/lib/libssh.so.4.8.7
f7840000-f7841000 r--p 0007d000 08:04 16994901                           /usr/lib/libssh.so.4.8.7
f7841000-f7842000 rw-p 0007e000 08:04 16994901                           /usr/lib/libssh.so.4.8.7
f7842000-f785f000 r-xp 00000000 08:04 17040588                           /usr/lib/libidn2.so.0.3.6
f785f000-f7860000 r--p 0001c000 08:04 17040588                           /usr/lib/libidn2.so.0.3.6
f7860000-f7861000 rw-p 00000000 00:00 0 
f7861000-f7889000 r-xp 00000000 08:04 17191891                           /usr/lib/libnghttp2.so.14.17.0
f7889000-f788a000 r--p 00027000 08:04 17191891                           /usr/lib/libnghttp2.so.14.17.0
f788a000-f788c000 rw-p 00028000 08:04 17191891                           /usr/lib/libnghttp2.so.14.17.0
f788c000-f7a2e000 r-xp 00000000 08:04 16831756                           /usr/lib/libc-2.28.so
f7a2e000-f7a2f000 ---p 001a2000 08:04 16831756                           /usr/lib/libc-2.28.so
f7a2f000-f7a31000 r--p 001a2000 08:04 16831756                           /usr/lib/libc-2.28.so
f7a31000-f7a32000 rw-p 001a4000 08:04 16831756                           /usr/lib/libc-2.28.so
f7a32000-f7a37000 rw-p 00000000 00:00 0 
f7a37000-f7a52000 r-xp 00000000 08:04 16985139                           /usr/lib/libgcc_s-8-20210514.so.1
f7a52000-f7a53000 r--p 0001a000 08:04 16985139                           /usr/lib/libgcc_s-8-20210514.so.1
f7a53000-f7a54000 rw-p 0001b000 08:04 16985139                           /usr/lib/libgcc_s-8-20210514.so.1
f7a54000-f7b24000 r-xp 00000000 08:04 16831760                           /usr/lib/libm-2.28.so
f7b24000-f7b25000 r--p 000cf000 08:04 16831760                           /usr/lib/libm-2.28.so
f7b25000-f7b26000 rw-p 000d0000 08:04 16831760                           /usr/lib/libm-2.28.so
f7b26000-f7caf000 r-xp 00000000 08:04 16985145                           /usr/lib/libstdc++.so.6.0.25
f7caf000-f7cb0000 ---p 00189000 08:04 16985145                           /usr/lib/libstdc++.so.6.0.25
f7cb0000-f7cb6000 r--p 00189000 08:04 16985145                           /usr/lib/libstdc++.so.6.0.25
f7cb6000-f7cb7000 rw-p 0018f000 08:04 16985145                           /usr/lib/libstdc++.so.6.0.25
f7cb7000-f7cb9000 rw-p 00000000 00:00 0 
f7cb9000-f7cd0000 r-xp 00000000 08:04 16963437                           /usr/lib/libz.so.1.2.11
f7cd0000-f7cd1000 ---p 00017000 08:04 16963437                           /usr/lib/libz.so.1.2.11
f7cd1000-f7cd2000 r--p 00017000 08:04 16963437                           /usr/lib/libz.so.1.2.11
f7cd2000-f7cd3000 rw-p 00000000 00:00 0 
f7cd3000-f7e50000 r-xp 00000000 08:04 16963397                           /usr/lib/libxml2.so.2.9.7
f7e50000-f7e55000 r--p 0017c000 08:04 16963397                           /usr/lib/libxml2.so.2.9.7
f7e55000-f7e56000 rw-p 00181000 08:04 16963397                           /usr/lib/libxml2.so.2.9.7
f7e56000-f7e57000 rw-p 00000000 00:00 0 
f7e57000-f7e73000 r-xp 00000000 08:04 16831770                           /usr/lib/libpthread-2.28.so
f7e73000-f7e74000 r--p 0001b000 08:04 16831770                           /usr/lib/libpthread-2.28.so
f7e74000-f7e75000 rw-p 0001c000 08:04 16831770                           /usr/lib/libpthread-2.28.so
f7e75000-f7e77000 rw-p 00000000 00:00 0 
f7e77000-f7eeb000 r-xp 00000000 08:04 16818911                           /usr/lib/libpcre.so.1.2.10
f7eeb000-f7eec000 ---p 00074000 08:04 16818911                           /usr/lib/libpcre.so.1.2.10
f7eec000-f7eed000 r--p 00074000 08:04 16818911                           /usr/lib/libpcre.so.1.2.10
f7eed000-f7eee000 rw-p 00075000 08:04 16818911                           /usr/lib/libpcre.so.1.2.10
f7eee000-f7ef1000 r-xp 00000000 08:04 16831758                           /usr/lib/libdl-2.28.so
f7ef1000-f7ef2000 r--p 00002000 08:04 16831758                           /usr/lib/libdl-2.28.so
f7ef2000-f7ef3000 rw-p 00003000 08:04 16831758                           /usr/lib/libdl-2.28.so
f7ef3000-f7f90000 r-xp 00000000 08:04 16994905                           /usr/lib/libcurl.so.4.5.0
f7f90000-f7f92000 r--p 0009c000 08:04 16994905                           /usr/lib/libcurl.so.4.5.0
f7f92000-f7f93000 rw-p 0009e000 08:04 16994905                           /usr/lib/libcurl.so.4.5.0
f7f93000-f7f9a000 r--s 00000000 08:04 176632422                          /usr/lib/gconv/gconv-modules.cache
f7f9a000-f7fa2000 rw-s 00000000 08:04 151636383                          /tmp/hsperfdata_almalinux/1384074 (deleted)
f7fa2000-f7fa3000 ---p 00000000 00:00 0 
f7fa3000-f7fa4000 r--p 00000000 00:00 0 
f7fa4000-f7fa6000 rw-p 00000000 00:00 0 
f7fa6000-f7faa000 r--p 00000000 00:00 0                                  [vvar]
f7faa000-f7fac000 r-xp 00000000 00:00 0                                  [vdso]
f7fac000-f7fdb000 r-xp 00000000 08:04 16831749                           /usr/lib/ld-2.28.so
f7fdb000-f7fdc000 ---p 00000000 00:00 0 
f7fdc000-f7fdd000 r--p 0002f000 08:04 16831749                           /usr/lib/ld-2.28.so
f7fdd000-f7fde000 rw-p 00030000 08:04 16831749                           /usr/lib/ld-2.28.so
ff97c000-ff97d000 rwxp 00000000 00:00 0 
ffa85000-ffb41000 rw-p 00000000 00:00 0                                  [stack]


VM Arguments:
jvm_args: -Xms128m -Xmx512m -Xss768k -XX:MaxMetaspaceSize=96m -Xrs -XX:-UsePerfData -XX:-AllowUserSignalHandlers -XX:UseSSE=3 -XX+DoEscapeAnalysis -XX:AutoBoxCacheMax:2000 -XX:+OptimizeStringConcat -XX:+OptimizeFill -XX:+EliminateAutoBox -XX:+UseCompressedStrings -XX:+UseCompressedOops -XX:+EliminateLocks -XX:UseFastAccessorMethods -XX:+UseStringCache -XgcPrio:throughput -XXkeepAreaRatio:1 -XXlazyUnlocking -XXcallProfiling -XXcompactRatio:1 
java_command: <unknown>
java_class_path (initial): ../../data/sku.0/sys.server/compiled/game/
Launcher Type: generic

[Global flags]
     intx CICompilerCount                          = 3                                         {product} {ergonomic}
     uint ConcGCThreads                            = 1                                         {product} {ergonomic}
     uint G1ConcRefinementThreads                  = 4                                         {product} {ergonomic}
   size_t G1HeapRegionSize                         = 1048576                                   {product} {ergonomic}
    uintx GCDrainStackTargetSize                   = 64                                        {product} {ergonomic}
   size_t InitialHeapSize                          = 134217728                                 {product} {command line}
   size_t MarkStackSize                            = 32768                                     {product} {ergonomic}
   size_t MaxHeapSize                              = 536870912                                 {product} {command line}
   size_t MaxMetaspaceSize                         = 100663296                                 {product} {command line}
   size_t MaxNewSize                               = 321912832                                 {product} {ergonomic}
   size_t MinHeapDeltaBytes                        = 1048576                                   {product} {ergonomic}
   size_t MinHeapSize                              = 134217728                                 {product} {command line}
    uintx NonNMethodCodeHeapSize                   = 5544422                                {pd product} {ergonomic}
    uintx NonProfiledCodeHeapSize                  = 123056909                              {pd product} {ergonomic}
    uintx ProfiledCodeHeapSize                     = 123056909                              {pd product} {ergonomic}
    uintx ReservedCodeCacheSize                    = 251658240                              {pd product} {ergonomic}
     bool SegmentedCodeCache                       = true                                      {product} {ergonomic}
   size_t SoftMaxHeapSize                          = 536870912                              {manageable} {ergonomic}
   double SweeperThreshold                         = 0.500000                                  {product} {ergonomic}
     intx ThreadStackSize                          = 768                                    {pd product} {command line}
     bool UseG1GC                                  = true                                      {product} {ergonomic}

Logging:
Log output configuration:
 #0: stdout all=off uptime,level,tags
 #1: stderr all=off uptime,level,tags

Environment Variables:
JAVA_HOME=/usr/lib/jvm/zulu-17-x86
PATH=/usr/java/jdk1.7.0_80/bin:/usr/java/jdk1.7.0_80/bin:/usr/java/jdk1.6.0_45/bin:/usr/java/jdk1.6.0_45/bin:/usr/java/jdk1.6.0_45/bin:/home/almalinux/.local/bin:/home/almalinux/bin:/sbin:/bin:/usr/bin:/usr/local/bin:/usr/local/sbin:/usr/sbin:/usr/lib/oracle/18.3/client/bin:/usr/lib/oracle/18.3/client/bin:/usr/lib/jvm/java-11-openjdk/bin:./
LD_LIBRARY_PATH=/usr/lib/jvm/java-17-zulu-openjdk-jdk-x86/lib/server:/usr/lib/jvm/java-17-zulu-openjdk-jdk-x86/lib:/usr/lib/jvm/java-17-zulu-openjdk-jdk-x86/../lib:/usr/lib/jvm/zulu-17-x86/lib/server/:/usr/lib/jvm/java-11-openjdk/lib:/usr/lib/jvm/java-11-openjdk/lib/server:./
SHELL=/bin/bash
DISPLAY=:10.0
LANG=en_US.UTF-8
TERM=xterm-256color

Active Locale:
LC_ALL=en_US.UTF-8
LC_COLLATE=en_US.UTF-8
LC_CTYPE=en_US.UTF-8
LC_MESSAGES=en_US.UTF-8
LC_MONETARY=en_US.UTF-8
LC_NUMERIC=en_US.UTF-8
LC_TIME=en_US.UTF-8

Signal Handlers:
   SIGSEGV: crash_handler in libjvm.so, mask=11100100010111111101111111111110, flags=SA_RESTART|SA_SIGINFO, unblocked
    SIGBUS: crash_handler in libjvm.so, mask=11100100010111111101111111111110, flags=SA_RESTART|SA_SIGINFO, unblocked
    SIGFPE: crash_handler in libjvm.so, mask=11100100010111111101111111111110, flags=SA_RESTART|SA_SIGINFO, unblocked
   SIGPIPE: SIG_IGN, mask=00000000000010000000000000000000, flags=SA_RESTART, blocked
  *** Handler was modified!
  *** Expected: javaSignalHandler in libjvm.so, mask=11100100110111111111111111111110, flags=SA_RESTART|SA_SIGINFO
   SIGXFSZ: javaSignalHandler in libjvm.so, mask=11100100010111111101111111111110, flags=SA_RESTART|SA_SIGINFO, blocked
    SIGILL: crash_handler in libjvm.so, mask=11100100010111111101111111111110, flags=SA_RESTART|SA_SIGINFO, unblocked
   SIGUSR2: SR_handler in libjvm.so, mask=00100000000000000000000000000000, flags=SA_RESTART|SA_SIGINFO, blocked
    SIGHUP: UserHandler in libjvm.so, mask=11100100010111111101111111111110, flags=SA_RESTART|SA_SIGINFO, blocked
    SIGINT: UserHandler in libjvm.so, mask=11100100010111111101111111111110, flags=SA_RESTART|SA_SIGINFO, blocked
   SIGTERM: UserHandler in libjvm.so, mask=11100100010111111101111111111110, flags=SA_RESTART|SA_SIGINFO, blocked
   SIGQUIT: UserHandler in libjvm.so, mask=11100100010111111101111111111110, flags=SA_RESTART|SA_SIGINFO, blocked
   SIGTRAP: crash_handler in libjvm.so, mask=11100100010111111101111111111110, flags=SA_RESTART|SA_SIGINFO, unblocked


Periodic native trim disabled


---------------  S Y S T E M  ---------------

OS:
AlmaLinux release 8.10 (Cerulean Leopard)
uname: Linux 4.18.0-553.81.1.el8_10.x86_64 #1 SMP Mon Oct 27 11:29:19 EDT 2025 x86_64
OS uptime: 33 days 15:41 hours
libc: glibc 2.28 NPTL 2.28 
rlimit (soft/hard): STACK 8192k/infinity , CORE 0k/infinity , NPROC 61995/61995 , NOFILE 262144/262144 , AS infinity/infinity , CPU infinity/infinity , DATA infinity/infinity , FSIZE infinity/infinity , MEMLOCK 64k/64k
load average: 27.98 32.57 34.81

/proc/meminfo:
MemTotal:       16014448 kB
MemFree:         2737528 kB
MemAvailable:    7828484 kB
Buffers:            1064 kB
Cached:          7435908 kB
SwapCached:        38604 kB
Active:          2824192 kB
Inactive:        9796900 kB
Active(anon):    2010552 kB
Inactive(anon):  5534524 kB
Active(file):     813640 kB
Inactive(file):  4262376 kB
Unevictable:        3104 kB
Mlocked:              16 kB
SwapTotal:       8388604 kB
SwapFree:        6916188 kB
Dirty:              1504 kB
Writeback:             0 kB
AnonPages:       5119200 kB
Mapped:          1552652 kB
Shmem:           2360928 kB
KReclaimable:     196080 kB
Slab:             325764 kB
SReclaimable:     196080 kB
SUnreclaim:       129684 kB
KernelStack:       22672 kB
PageTables:       150320 kB
NFS_Unstable:          0 kB
Bounce:                0 kB
WritebackTmp:          0 kB
CommitLimit:    16395828 kB
Committed_AS:   22374948 kB
VmallocTotal:   34359738367 kB
VmallocUsed:       68860 kB
VmallocChunk:          0 kB
Percpu:             2704 kB
HardwareCorrupted:     0 kB
AnonHugePages:         0 kB
ShmemHugePages:        0 kB
ShmemPmdMapped:        0 kB
FileHugePages:         0 kB
FilePmdMapped:         0 kB
HugePages_Total:       0
HugePages_Free:        0
HugePages_Rsvd:        0
HugePages_Surp:        0
Hugepagesize:       2048 kB
Hugetlb:               0 kB
DirectMap4k:     2527084 kB
DirectMap2M:    13856768 kB

/sys/kernel/mm/transparent_hugepage/enabled: always madvise [never]
/sys/kernel/mm/transparent_hugepage/hpage_pmd_size: 2097152
/sys/kernel/mm/transparent_hugepage/defrag (defrag/compaction efforts parameter): always defer defer+madvise [madvise] never

Process Memory:
Virtual Size: 1045676K (peak: 1059288K)
Resident Set Size: 208052K (peak: 218604K) (anon: 174376K, file: 33676K, shmem: 0K)
Swapped out: 0K
C-Heap outstanding allocations: 19893K, retained: 114950K
glibc malloc tunables: (default)

/proc/sys/kernel/threads-max (system-wide limit on the number of threads): 123991
/proc/sys/vm/max_map_count (maximum number of memory map areas a process may have): 1677720
/proc/sys/kernel/pid_max (system-wide limit on number of process identifiers): 4194304

container (cgroup) information:
container_type: cgroupv1
cpu_cpuset_cpus: 0-3
cpu_memory_nodes: 0
active_processor_count: 4
cpu_quota: no quota
cpu_period: 100000
cpu_shares: no shares
memory_limit_in_bytes: unlimited
memory_and_swap_limit_in_bytes: unlimited
memory_soft_limit_in_bytes: unlimited
memory_usage_in_bytes: 12037928 k
memory_max_usage_in_bytes: 14783012 k
kernel_memory_usage_in_bytes: 285596 k
kernel_memory_max_usage_in_bytes: unlimited
kernel_memory_limit_in_bytes: 985464 k
maximum number of tasks: unlimited
current number of tasks: 698

KVM virtualization detected
Steal ticks since vm start: 23
Steal ticks percentage since vm start:  0.000

CPU: total 4 (initial active 4) (1 cores per cpu, 1 threads per core) family 6 model 60 stepping 1 microcode 0x1, cx8, cmov, fxsr, mmx, sse, sse2, sse3, ssse3, sse4.1, sse4.2, popcnt, lzcnt, tsc, avx, avx2, aes, erms, clmul, bmi1, bmi2, fma, vzeroupper, clflush, hv
CPU Model and flags from /proc/cpuinfo:
model name	: Intel Core Processor (Haswell, no TSX)
flags		: fpu vme de pse tsc msr pae mce cx8 apic sep mtrr pge mca cmov pat pse36 clflush mmx fxsr sse sse2 syscall nx rdtscp lm constant_tsc rep_good nopl xtopology cpuid tsc_known_freq pni pclmulqdq vmx ssse3 fma cx16 pcid sse4_1 sse4_2 x2apic movbe popcnt tsc_deadline_timer aes xsave avx f16c rdrand hypervisor lahf_lm abm cpuid_fault invpcid_single pti tpr_shadow vnmi flexpriority ept vpid ept_ad fsgsbase bmi1 avx2 smep bmi2 erms invpcid xsaveopt arat md_clear

Online cpus: 0-3
Offline cpus: 
BIOS frequency limitation: <Not Available>
Frequency switch latency (ns): <Not Available>
Available cpu frequencies: <Not Available>
Current governor: <Not Available>
Core performance/turbo boost: <Not Available>

Memory: 4k page, physical 16014448k(2776484k free), swap 8388604k(6916188k free)
Page Sizes: 4k

vm_info: OpenJDK Server VM (17.0.11+9-LTS) for linux-x86 JRE (17.0.11+9-LTS) (Zulu17.50+19-CA), built on Apr  9 2024 07:14:46 by "zulu_re" with gcc 8.3.0

END.
