#
# A fatal error has been detected by the Java Runtime Environment:
#
#  SIGSEGV (0xb) at pc=0xf7834618, pid=1415200, tid=1415200
#
# JRE version: OpenJDK Runtime Environment Zulu17.50+19-CA (17.0.11+9) (build 17.0.11+9-LTS)
# Java VM: OpenJDK Server VM Zulu17.50+19-CA (17.0.11+9-LTS, mixed mode, sharing, tiered, g1 gc, linux-x86)
# Problematic frame:
# C  [libc.so.6+0x84618]  cfree+0x28
#
# Core dump will be written. Default location: Core dumps may be processed with "/usr/lib/systemd/systemd-coredump %P %u %g %s %t %c %h %e" (or dumping to /home/almalinux/swg-returns-nge/exe/linux/core.1415200)
#
# If you would like to submit a bug report, please visit:
#   http://www.azul.com/support/
#

---------------  S U M M A R Y ------------

Command Line: -Xms128m -Xmx512m -Xss768k -XX:MaxMetaspaceSize=96m -Xrs -XX:-UsePerfData -XX:-AllowUserSignalHandlers -XX:UseSSE=3 -XX+DoEscapeAnalysis -XX:AutoBoxCacheMax:2000 -XX:+OptimizeStringConcat -XX:+OptimizeFill -XX:+EliminateAutoBox -XX:+UseCompressedStrings -XX:+UseCompressedOops -XX:+EliminateLocks -XX:UseFastAccessorMethods -XX:+UseStringCache -XgcPrio:throughput -XXkeepAreaRatio:1 -XXlazyUnlocking -XXcallProfiling -XXcompactRatio:1 

Host: Intel Core Processor (Haswell, no TSX), 4 cores, 15G, AlmaLinux release 8.10 (Cerulean Leopard)
Time: Sun Jan 25 19:44:01 2026 UTC elapsed time: 421.918442 seconds (0d 0h 7m 1s)

---------------  T H R E A D  ---------------

Current thread is native thread

Stack: [0xff9d2000,0xffa92000],  sp=0xffa8e920,  free space=754k
Native frames: (J=compiled Java code, j=interpreted, Vv=VM code, C=native code)
C  [libc.so.6+0x84618]  cfree+0x28


siginfo: si_signo: 11 (SIGSEGV), si_code: 1 (SEGV_MAPERR), si_addr: 0x00000003

Registers:
EAX=0x00000000, EBX=0x00000007, ECX=0xf6e7284c, EDX=0x0ba60da8
ESP=0xffa8e920, EBP=0xffa8ea58, ESI=0xf7955000, EDI=0x00000000
EIP=0xf7834618, EFLAGS=0x00210202, CR2=0x0000000000000003


Top of Stack: (sp=0xffa8e920)
0xffa8e920:   0b6e4030 00000000 ffa8ea58 f7ac1f1c
0xffa8e930:   0b6e40c0 f7bd8a04 0ba60d80 f7ac1f1c
0xffa8e940:   00000007 f7ac1f0a f7bd8a04 f7ac1f4c
0xffa8e950:   0b6e40c0 f7ac1f0a 0ba64b20 085b6163
0xffa8e960:   00000007 0b6e4030 0b6e3d40 085bb8d1
0xffa8e970:   0b6e4030 0b6e3d40 00000000 085bb89b
0xffa8e980:   0cef9460 ffa8e9a7 ffa8e9cc 085c6969
0xffa8e990:   087d6c00 ffa8e9cc ffa8ea58 084fc53b
0xffa8e9a0:   00000014 00010002 00000000 00000000
0xffa8e9b0:   01010100 00000001 09aa44c0 00000000
0xffa8e9c0:   00000000 00000000 00000000 00000000
0xffa8e9d0:   00000000 00000015 ffa8eb28 f77e56ff
0xffa8e9e0:   f795541c 47677753 53656d61 65767265
0xffa8e9f0:   34313a72 30323531 09290030 0ba46140
0xffa8ea00:   08ea0100 08ebc230 08ea5888 f795541c
0xffa8ea10:   00000428 00000420 f77e5779 085758fd
0xffa8ea20:   08ea2a80 09b1ea78 08ea5888 08574f56
0xffa8ea30:   0929a2c4 0929a2c4 ffa8eb28 08ea583b
0xffa8ea40:   0000000c ffa8eaf4 ffa8ea70 f7955000
0xffa8ea50:   00000000 08575910 00000000 f77cdf26
0xffa8ea60:   00000000 08575910 00000000 f77cdf26
0xffa8ea70:   0000000c ffa8eaf4 ffa8eb28 ffa8ea94
0xffa8ea80:   0929a2d0 00000000 ffa8eb28 f7955000
0xffa8ea90:   f77bd75c f7955000 00000000 08575910
0xffa8eaa0:   00000000 5ab4ac6c f2dd847d 00000000
0xffa8eab0:   00000000 00000000 f7ed44d0 f77cde30
0xffa8eac0:   084fc260 0929a2c4 0000000c 08575946
0xffa8ead0:   084fc260 0000000c ffa8eaf4 08ea57f0
0xffa8eae0:   08ea5850 f7ed44d0 ffa8eaec f7f01970
0xffa8eaf0:   0000000c ffa90618 ffa9062a ffa9062d
0xffa8eb00:   ffa9063f ffa90642 ffa9064d ffa90671
0xffa8eb10:   ffa90681 ffa9069f ffa906cd ffa906d0 

Instructions: (pc=0xf7834618)
0xf7834518:   50 8d 96 86 f7 fa ff 8d 86 d0 2f fb ff e8 c6 b7
0xf7834528:   ff ff 8d b6 00 00 00 00 bb 20 00 00 00 e9 5e fe
0xf7834538:   ff ff e8 a1 c0 ff ff 89 c5 85 c0 0f 85 68 ff ff
0xf7834548:   ff 31 d2 8d 44 3b 10 e8 8c c1 ff ff 89 da 89 f9
0xf7834558:   89 c5 e8 11 f0 ff ff 89 c2 85 c0 75 1b 85 ed 74
0xf7834568:   17 90 89 fa 89 e8 e8 bd c5 ff ff 89 da 89 f9 89
0xf7834578:   c5 e8 f2 ef ff ff 89 c2 85 ed 0f 84 57 ff ff ff
0xf7834588:   e9 39 ff ff ff 8d 86 b8 31 fb ff 83 ec 0c b9 25
0xf7834598:   0d 00 00 50 8d 96 86 f7 fa ff 8d 86 74 2f fb ff
0xf78345a8:   e8 43 b7 ff ff 8d 76 00 f3 0f 1e fb e8 0a 9a f9
0xf78345b8:   ff 05 47 0a 12 00 56 53 83 ec 04 8b 5c 24 10 8b
0xf78345c8:   74 24 14 8b 80 50 ff ff ff c7 00 00 00 00 00 e8
0xf78345d8:   54 bb ff ff 8b 4c 24 0c 83 c4 04 89 f2 89 d8 5b
0xf78345e8:   5e e9 42 fd ff ff 66 90 f3 0f 1e fb 56 e8 9a 9b
0xf78345f8:   f9 ff 81 c6 06 0a 12 00 53 83 ec 14 8b 5c 24 20
0xf7834608:   8b 86 5c ff ff ff 8b 00 85 c0 75 6c 85 db 74 75
0xf7834618:   8b 4b fc 8d 53 f8 f6 c1 02 75 35 8b 86 70 fe ff
0xf7834628:   ff 65 8b 00 85 c0 0f 84 8c 00 00 00 83 e1 04 8d
0xf7834638:   86 60 07 00 00 74 09 89 d0 25 00 00 f0 ff 8b 00
0xf7834648:   83 c4 14 31 c9 5b 5e e9 8c cb ff ff 8d 74 26 00
0xf7834658:   8b 9e 60 01 00 00 85 db 75 10 3b 8e 48 01 00 00
0xf7834668:   76 08 81 f9 00 00 08 00 76 26 83 c4 14 89 d0 5b
0xf7834678:   5e e9 92 b8 ff ff 66 90 83 ec 08 ff 74 24 24 53
0xf7834688:   ff d0 83 c4 10 83 c4 14 5b 5e c3 8d 74 26 00 90
0xf7834698:   39 96 80 1d 00 00 77 08 39 96 7c 1d 00 00 77 ca
0xf78346a8:   83 e1 f8 8d 04 09 89 8e 48 01 00 00 89 86 40 01
0xf78346b8:   00 00 90 eb b5 8d 76 00 8b 86 74 fe ff ff 65 80
0xf78346c8:   38 00 0f 85 64 ff ff ff 89 54 24 0c e8 97 ed ff
0xf78346d8:   ff 8b 4b fc 8b 54 24 0c e9 4f ff ff ff 8d b4 26
0xf78346e8:   00 00 00 00 8d 74 26 00 f3 0f 1e fb 55 57 56 e8
0xf78346f8:   98 9a f9 ff 81 c6 04 09 12 00 53 83 ec 0c 8b 86
0xf7834708:   70 fe ff ff 8b 96 74 fe ff ff 65 8b 28 65 c6 02 



---------------  P R O C E S S  ---------------

VM state: at safepoint (shutting down)

VM Mutex/Monitor currently owned by a thread:  ([mutex/lock_event])
[0xf5e21d30] Threads_lock - owner thread: 0xc4194cf0

GC Precious Log:
<Skipped>

Heap:
 garbage-first heap   total 131072K, used 35420K [0xc5c00000, 0xe5c00000)
  region size 1024K, 34 young (34816K), 2 survivors (2048K)
 Metaspace       used 5052K, committed 5504K, reserved 16384K

Heap Regions: E=young(eden), S=young(survivor), O=old, HS=humongous(starts), HC=humongous(continues), CS=collection set, F=free, OA=open archive, CA=closed archive, TAMS=top-at-mark-start (previous, next)
|   0|0xc5c00000, 0xc5d00000, 0xc5d00000|100%| O|  |TAMS 0xc5c00000, 0xc5c00000| Untracked 
|   1|0xc5d00000, 0xc5dfda00, 0xc5e00000| 99%| O|  |TAMS 0xc5d00000, 0xc5d00000| Untracked 
|   2|0xc5e00000, 0xc5e00000, 0xc5f00000|  0%| F|  |TAMS 0xc5e00000, 0xc5e00000| Untracked 
|   3|0xc5f00000, 0xc5f00000, 0xc6000000|  0%| F|  |TAMS 0xc5f00000, 0xc5f00000| Untracked 
|   4|0xc6000000, 0xc6000000, 0xc6100000|  0%| F|  |TAMS 0xc6000000, 0xc6000000| Untracked 
|   5|0xc6100000, 0xc6100000, 0xc6200000|  0%| F|  |TAMS 0xc6100000, 0xc6100000| Untracked 
|   6|0xc6200000, 0xc6200000, 0xc6300000|  0%| F|  |TAMS 0xc6200000, 0xc6200000| Untracked 
|   7|0xc6300000, 0xc6300000, 0xc6400000|  0%| F|  |TAMS 0xc6300000, 0xc6300000| Untracked 
|   8|0xc6400000, 0xc6400000, 0xc6500000|  0%| F|  |TAMS 0xc6400000, 0xc6400000| Untracked 
|   9|0xc6500000, 0xc6500000, 0xc6600000|  0%| F|  |TAMS 0xc6500000, 0xc6500000| Untracked 
|  10|0xc6600000, 0xc6600000, 0xc6700000|  0%| F|  |TAMS 0xc6600000, 0xc6600000| Untracked 
|  11|0xc6700000, 0xc6700000, 0xc6800000|  0%| F|  |TAMS 0xc6700000, 0xc6700000| Untracked 
|  12|0xc6800000, 0xc6800000, 0xc6900000|  0%| F|  |TAMS 0xc6800000, 0xc6800000| Untracked 
|  13|0xc6900000, 0xc6900000, 0xc6a00000|  0%| F|  |TAMS 0xc6900000, 0xc6900000| Untracked 
|  14|0xc6a00000, 0xc6a00000, 0xc6b00000|  0%| F|  |TAMS 0xc6a00000, 0xc6a00000| Untracked 
|  15|0xc6b00000, 0xc6b00000, 0xc6c00000|  0%| F|  |TAMS 0xc6b00000, 0xc6b00000| Untracked 
|  16|0xc6c00000, 0xc6c00000, 0xc6d00000|  0%| F|  |TAMS 0xc6c00000, 0xc6c00000| Untracked 
|  17|0xc6d00000, 0xc6d00000, 0xc6e00000|  0%| F|  |TAMS 0xc6d00000, 0xc6d00000| Untracked 
|  18|0xc6e00000, 0xc6e00000, 0xc6f00000|  0%| F|  |TAMS 0xc6e00000, 0xc6e00000| Untracked 
|  19|0xc6f00000, 0xc6f00000, 0xc7000000|  0%| F|  |TAMS 0xc6f00000, 0xc6f00000| Untracked 
|  20|0xc7000000, 0xc7000000, 0xc7100000|  0%| F|  |TAMS 0xc7000000, 0xc7000000| Untracked 
|  21|0xc7100000, 0xc7100000, 0xc7200000|  0%| F|  |TAMS 0xc7100000, 0xc7100000| Untracked 
|  22|0xc7200000, 0xc7200000, 0xc7300000|  0%| F|  |TAMS 0xc7200000, 0xc7200000| Untracked 
|  23|0xc7300000, 0xc7300000, 0xc7400000|  0%| F|  |TAMS 0xc7300000, 0xc7300000| Untracked 
|  24|0xc7400000, 0xc7400000, 0xc7500000|  0%| F|  |TAMS 0xc7400000, 0xc7400000| Untracked 
|  25|0xc7500000, 0xc7500000, 0xc7600000|  0%| F|  |TAMS 0xc7500000, 0xc7500000| Untracked 
|  26|0xc7600000, 0xc7600000, 0xc7700000|  0%| F|  |TAMS 0xc7600000, 0xc7600000| Untracked 
|  27|0xc7700000, 0xc7700000, 0xc7800000|  0%| F|  |TAMS 0xc7700000, 0xc7700000| Untracked 
|  28|0xc7800000, 0xc7800000, 0xc7900000|  0%| F|  |TAMS 0xc7800000, 0xc7800000| Untracked 
|  29|0xc7900000, 0xc7900000, 0xc7a00000|  0%| F|  |TAMS 0xc7900000, 0xc7900000| Untracked 
|  30|0xc7a00000, 0xc7a00000, 0xc7b00000|  0%| F|  |TAMS 0xc7a00000, 0xc7a00000| Untracked 
|  31|0xc7b00000, 0xc7b00000, 0xc7c00000|  0%| F|  |TAMS 0xc7b00000, 0xc7b00000| Untracked 
|  32|0xc7c00000, 0xc7c00000, 0xc7d00000|  0%| F|  |TAMS 0xc7c00000, 0xc7c00000| Untracked 
|  33|0xc7d00000, 0xc7d00000, 0xc7e00000|  0%| F|  |TAMS 0xc7d00000, 0xc7d00000| Untracked 
|  34|0xc7e00000, 0xc7e00000, 0xc7f00000|  0%| F|  |TAMS 0xc7e00000, 0xc7e00000| Untracked 
|  35|0xc7f00000, 0xc7f00000, 0xc8000000|  0%| F|  |TAMS 0xc7f00000, 0xc7f00000| Untracked 
|  36|0xc8000000, 0xc8000000, 0xc8100000|  0%| F|  |TAMS 0xc8000000, 0xc8000000| Untracked 
|  37|0xc8100000, 0xc8100000, 0xc8200000|  0%| F|  |TAMS 0xc8100000, 0xc8100000| Untracked 
|  38|0xc8200000, 0xc8200000, 0xc8300000|  0%| F|  |TAMS 0xc8200000, 0xc8200000| Untracked 
|  39|0xc8300000, 0xc8300000, 0xc8400000|  0%| F|  |TAMS 0xc8300000, 0xc8300000| Untracked 
|  40|0xc8400000, 0xc8400000, 0xc8500000|  0%| F|  |TAMS 0xc8400000, 0xc8400000| Untracked 
|  41|0xc8500000, 0xc8500000, 0xc8600000|  0%| F|  |TAMS 0xc8500000, 0xc8500000| Untracked 
|  42|0xc8600000, 0xc8600000, 0xc8700000|  0%| F|  |TAMS 0xc8600000, 0xc8600000| Untracked 
|  43|0xc8700000, 0xc8700000, 0xc8800000|  0%| F|  |TAMS 0xc8700000, 0xc8700000| Untracked 
|  44|0xc8800000, 0xc8800000, 0xc8900000|  0%| F|  |TAMS 0xc8800000, 0xc8800000| Untracked 
|  45|0xc8900000, 0xc8900000, 0xc8a00000|  0%| F|  |TAMS 0xc8900000, 0xc8900000| Untracked 
|  46|0xc8a00000, 0xc8a00000, 0xc8b00000|  0%| F|  |TAMS 0xc8a00000, 0xc8a00000| Untracked 
|  47|0xc8b00000, 0xc8b00000, 0xc8c00000|  0%| F|  |TAMS 0xc8b00000, 0xc8b00000| Untracked 
|  48|0xc8c00000, 0xc8c00000, 0xc8d00000|  0%| F|  |TAMS 0xc8c00000, 0xc8c00000| Untracked 
|  49|0xc8d00000, 0xc8d00000, 0xc8e00000|  0%| F|  |TAMS 0xc8d00000, 0xc8d00000| Untracked 
|  50|0xc8e00000, 0xc8e00000, 0xc8f00000|  0%| F|  |TAMS 0xc8e00000, 0xc8e00000| Untracked 
|  51|0xc8f00000, 0xc8f00000, 0xc9000000|  0%| F|  |TAMS 0xc8f00000, 0xc8f00000| Untracked 
|  52|0xc9000000, 0xc9000000, 0xc9100000|  0%| F|  |TAMS 0xc9000000, 0xc9000000| Untracked 
|  53|0xc9100000, 0xc9100000, 0xc9200000|  0%| F|  |TAMS 0xc9100000, 0xc9100000| Untracked 
|  54|0xc9200000, 0xc9200000, 0xc9300000|  0%| F|  |TAMS 0xc9200000, 0xc9200000| Untracked 
|  55|0xc9300000, 0xc9300000, 0xc9400000|  0%| F|  |TAMS 0xc9300000, 0xc9300000| Untracked 
|  56|0xc9400000, 0xc9400000, 0xc9500000|  0%| F|  |TAMS 0xc9400000, 0xc9400000| Untracked 
|  57|0xc9500000, 0xc9500000, 0xc9600000|  0%| F|  |TAMS 0xc9500000, 0xc9500000| Untracked 
|  58|0xc9600000, 0xc9600000, 0xc9700000|  0%| F|  |TAMS 0xc9600000, 0xc9600000| Untracked 
|  59|0xc9700000, 0xc9700000, 0xc9800000|  0%| F|  |TAMS 0xc9700000, 0xc9700000| Untracked 
|  60|0xc9800000, 0xc9800000, 0xc9900000|  0%| F|  |TAMS 0xc9800000, 0xc9800000| Untracked 
|  61|0xc9900000, 0xc9900000, 0xc9a00000|  0%| F|  |TAMS 0xc9900000, 0xc9900000| Untracked 
|  62|0xc9a00000, 0xc9a00000, 0xc9b00000|  0%| F|  |TAMS 0xc9a00000, 0xc9a00000| Untracked 
|  63|0xc9b00000, 0xc9b00000, 0xc9c00000|  0%| F|  |TAMS 0xc9b00000, 0xc9b00000| Untracked 
|  64|0xc9c00000, 0xc9c00000, 0xc9d00000|  0%| F|  |TAMS 0xc9c00000, 0xc9c00000| Untracked 
|  65|0xc9d00000, 0xc9d00000, 0xc9e00000|  0%| F|  |TAMS 0xc9d00000, 0xc9d00000| Untracked 
|  66|0xc9e00000, 0xc9e00000, 0xc9f00000|  0%| F|  |TAMS 0xc9e00000, 0xc9e00000| Untracked 
|  67|0xc9f00000, 0xc9f00000, 0xca000000|  0%| F|  |TAMS 0xc9f00000, 0xc9f00000| Untracked 
|  68|0xca000000, 0xca000000, 0xca100000|  0%| F|  |TAMS 0xca000000, 0xca000000| Untracked 
|  69|0xca100000, 0xca100000, 0xca200000|  0%| F|  |TAMS 0xca100000, 0xca100000| Untracked 
|  70|0xca200000, 0xca200000, 0xca300000|  0%| F|  |TAMS 0xca200000, 0xca200000| Untracked 
|  71|0xca300000, 0xca300000, 0xca400000|  0%| F|  |TAMS 0xca300000, 0xca300000| Untracked 
|  72|0xca400000, 0xca400000, 0xca500000|  0%| F|  |TAMS 0xca400000, 0xca400000| Untracked 
|  73|0xca500000, 0xca500000, 0xca600000|  0%| F|  |TAMS 0xca500000, 0xca500000| Untracked 
|  74|0xca600000, 0xca600000, 0xca700000|  0%| F|  |TAMS 0xca600000, 0xca600000| Untracked 
|  75|0xca700000, 0xca700000, 0xca800000|  0%| F|  |TAMS 0xca700000, 0xca700000| Untracked 
|  76|0xca800000, 0xca800000, 0xca900000|  0%| F|  |TAMS 0xca800000, 0xca800000| Untracked 
|  77|0xca900000, 0xca900000, 0xcaa00000|  0%| F|  |TAMS 0xca900000, 0xca900000| Untracked 
|  78|0xcaa00000, 0xcaa00000, 0xcab00000|  0%| F|  |TAMS 0xcaa00000, 0xcaa00000| Untracked 
|  79|0xcab00000, 0xcab00000, 0xcac00000|  0%| F|  |TAMS 0xcab00000, 0xcab00000| Untracked 
|  80|0xcac00000, 0xcac00000, 0xcad00000|  0%| F|  |TAMS 0xcac00000, 0xcac00000| Untracked 
|  81|0xcad00000, 0xcad00000, 0xcae00000|  0%| F|  |TAMS 0xcad00000, 0xcad00000| Untracked 
|  82|0xcae00000, 0xcae00000, 0xcaf00000|  0%| F|  |TAMS 0xcae00000, 0xcae00000| Untracked 
|  83|0xcaf00000, 0xcaf00000, 0xcb000000|  0%| F|  |TAMS 0xcaf00000, 0xcaf00000| Untracked 
|  84|0xcb000000, 0xcb000000, 0xcb100000|  0%| F|  |TAMS 0xcb000000, 0xcb000000| Untracked 
|  85|0xcb100000, 0xcb100000, 0xcb200000|  0%| F|  |TAMS 0xcb100000, 0xcb100000| Untracked 
|  86|0xcb200000, 0xcb200000, 0xcb300000|  0%| F|  |TAMS 0xcb200000, 0xcb200000| Untracked 
|  87|0xcb300000, 0xcb300000, 0xcb400000|  0%| F|  |TAMS 0xcb300000, 0xcb300000| Untracked 
|  88|0xcb400000, 0xcb400000, 0xcb500000|  0%| F|  |TAMS 0xcb400000, 0xcb400000| Untracked 
|  89|0xcb500000, 0xcb500000, 0xcb600000|  0%| F|  |TAMS 0xcb500000, 0xcb500000| Untracked 
|  90|0xcb600000, 0xcb600000, 0xcb700000|  0%| F|  |TAMS 0xcb600000, 0xcb600000| Untracked 
|  91|0xcb700000, 0xcb700000, 0xcb800000|  0%| F|  |TAMS 0xcb700000, 0xcb700000| Untracked 
|  92|0xcb800000, 0xcb800000, 0xcb900000|  0%| F|  |TAMS 0xcb800000, 0xcb800000| Untracked 
|  93|0xcb900000, 0xcb900000, 0xcba00000|  0%| F|  |TAMS 0xcb900000, 0xcb900000| Untracked 
|  94|0xcba00000, 0xcba00800, 0xcbb00000|  0%| E|  |TAMS 0xcba00000, 0xcba00000| Complete 
|  95|0xcbb00000, 0xcbc00000, 0xcbc00000|100%| E|CS|TAMS 0xcbb00000, 0xcbb00000| Complete 
|  96|0xcbc00000, 0xcbd00000, 0xcbd00000|100%| E|CS|TAMS 0xcbc00000, 0xcbc00000| Complete 
|  97|0xcbd00000, 0xcbe00000, 0xcbe00000|100%| E|CS|TAMS 0xcbd00000, 0xcbd00000| Complete 
|  98|0xcbe00000, 0xcbf00000, 0xcbf00000|100%| E|CS|TAMS 0xcbe00000, 0xcbe00000| Complete 
|  99|0xcbf00000, 0xcc000000, 0xcc000000|100%| E|CS|TAMS 0xcbf00000, 0xcbf00000| Complete 
| 100|0xcc000000, 0xcc100000, 0xcc100000|100%| E|CS|TAMS 0xcc000000, 0xcc000000| Complete 
| 101|0xcc100000, 0xcc200000, 0xcc200000|100%| E|CS|TAMS 0xcc100000, 0xcc100000| Complete 
| 102|0xcc200000, 0xcc300000, 0xcc300000|100%| E|CS|TAMS 0xcc200000, 0xcc200000| Complete 
| 103|0xcc300000, 0xcc400000, 0xcc400000|100%| E|CS|TAMS 0xcc300000, 0xcc300000| Complete 
| 104|0xcc400000, 0xcc500000, 0xcc500000|100%| E|CS|TAMS 0xcc400000, 0xcc400000| Complete 
| 105|0xcc500000, 0xcc600000, 0xcc600000|100%| E|CS|TAMS 0xcc500000, 0xcc500000| Complete 
| 106|0xcc600000, 0xcc700000, 0xcc700000|100%| E|CS|TAMS 0xcc600000, 0xcc600000| Complete 
| 107|0xcc700000, 0xcc800000, 0xcc800000|100%| E|CS|TAMS 0xcc700000, 0xcc700000| Complete 
| 108|0xcc800000, 0xcc898ef0, 0xcc900000| 59%| S|CS|TAMS 0xcc800000, 0xcc800000| Complete 
| 109|0xcc900000, 0xcca00000, 0xcca00000|100%| S|CS|TAMS 0xcc900000, 0xcc900000| Complete 
| 110|0xcca00000, 0xccb00000, 0xccb00000|100%| E|CS|TAMS 0xcca00000, 0xcca00000| Complete 
| 111|0xccb00000, 0xccc00000, 0xccc00000|100%| E|CS|TAMS 0xccb00000, 0xccb00000| Complete 
| 112|0xccc00000, 0xccd00000, 0xccd00000|100%| E|CS|TAMS 0xccc00000, 0xccc00000| Complete 
| 113|0xccd00000, 0xcce00000, 0xcce00000|100%| E|CS|TAMS 0xccd00000, 0xccd00000| Complete 
| 114|0xcce00000, 0xccf00000, 0xccf00000|100%| E|CS|TAMS 0xcce00000, 0xcce00000| Complete 
| 115|0xccf00000, 0xcd000000, 0xcd000000|100%| E|CS|TAMS 0xccf00000, 0xccf00000| Complete 
| 116|0xcd000000, 0xcd100000, 0xcd100000|100%| E|CS|TAMS 0xcd000000, 0xcd000000| Complete 
| 117|0xcd100000, 0xcd200000, 0xcd200000|100%| E|CS|TAMS 0xcd100000, 0xcd100000| Complete 
| 118|0xcd200000, 0xcd300000, 0xcd300000|100%| E|CS|TAMS 0xcd200000, 0xcd200000| Complete 
| 119|0xcd300000, 0xcd400000, 0xcd400000|100%| E|CS|TAMS 0xcd300000, 0xcd300000| Complete 
| 120|0xcd400000, 0xcd500000, 0xcd500000|100%| E|CS|TAMS 0xcd400000, 0xcd400000| Complete 
| 121|0xcd500000, 0xcd600000, 0xcd600000|100%| E|CS|TAMS 0xcd500000, 0xcd500000| Complete 
| 122|0xcd600000, 0xcd700000, 0xcd700000|100%| E|CS|TAMS 0xcd600000, 0xcd600000| Complete 
| 123|0xcd700000, 0xcd800000, 0xcd800000|100%| E|CS|TAMS 0xcd700000, 0xcd700000| Complete 
| 124|0xcd800000, 0xcd900000, 0xcd900000|100%| E|CS|TAMS 0xcd800000, 0xcd800000| Complete 
| 125|0xcd900000, 0xcda00000, 0xcda00000|100%| E|CS|TAMS 0xcd900000, 0xcd900000| Complete 
| 126|0xcda00000, 0xcdb00000, 0xcdb00000|100%| E|CS|TAMS 0xcda00000, 0xcda00000| Complete 
| 127|0xcdb00000, 0xcdc00000, 0xcdc00000|100%| E|CS|TAMS 0xcdb00000, 0xcdb00000| Complete 

Card table byte_map: [0xc5a00000,0xc5b00000] _byte_map_base: 0xc53d2000

Marking Bits (Prev, Next): (CMBitMap*) 0xf5e8b528, (CMBitMap*) 0xf5e8b548
 Prev Bits: [0xc5100000, 0xc5900000)
 Next Bits: [0xc4900000, 0xc5100000)

Polling page: 0xf7ec6000

Metaspace:

Usage:
    4.93 MB used.

Virtual space:
     16.00 MB reserved,       5.38 MB ( 34%) committed,  1 nodes.

Chunk freelists:
8.13 MB

MaxMetaspaceSize: 96.00 MB
No class space
Initial GC threshold: 16.00 MB
Current GC threshold: 16.00 MB
CDS: on
MetaspaceReclaimPolicy: balanced
 - commit_granule_bytes: 65536.
 - commit_granule_words: 16384.
 - virtual_space_node_default_size: 4194304.
 - enlarge_chunks_in_place: 1.
 - new_chunks_are_fully_committed: 0.
 - uncommit_free_chunks: 1.
 - use_allocation_guard: 0.
 - handle_deallocations: 1.


Internal statistics:

num_allocs_failed_limit: 0.
num_arena_births: 248.
num_arena_deaths: 0.
num_vsnodes_births: 1.
num_vsnodes_deaths: 0.
num_space_committed: 86.
num_space_uncommitted: 0.
num_chunks_returned_to_freelist: 0.
num_chunks_taken_from_freelist: 470.
num_chunk_merges: 0.
num_chunk_splits: 366.
num_chunks_enlarged: 299.
num_inconsistent_stats: 0.

CodeHeap 'non-profiled nmethods': size=120172Kb used=703Kb max_used=703Kb free=119468Kb
 bounds [0xed7f5000, 0xeda35000, 0xf4d50000]
CodeHeap 'profiled nmethods': size=120172Kb used=2475Kb max_used=2475Kb free=117696Kb
 bounds [0xe5d50000, 0xe5fc0000, 0xed2ab000]
CodeHeap 'non-nmethods': size=5416Kb used=738Kb max_used=785Kb free=4677Kb
 bounds [0xed2ab000, 0xed4eb000, 0xed7f5000]
 total_blobs=1784 nmethods=1435 adapters=263
 compilation: enabled
              stopped_count=0, restarted_count=0
 full_count=0

Compilation events (20 events):
Event: 385.545 Thread 0xbfaf6780 nmethod 1398 0xed892488 code [0xed8925c0, 0xed8926c4]
Event: 385.545 Thread 0xbfaf6780 1418       4       java.util.Stack::push (7 bytes)
Event: 385.553 Thread 0xbfaf6780 nmethod 1418 0xed892808 code [0xed892940, 0xed892c9c]
Event: 385.553 Thread 0xbfaf6780 1428       4       java.util.ArrayList$Itr::next (66 bytes)
Event: 385.554 Thread 0xbfaf6780 nmethod 1428 0xed892e08 code [0xed892f20, 0xed893050]
Event: 385.554 Thread 0xbfaf6780 1395       4       java.lang.ref.Reference::reachabilityFence (1 bytes)
Event: 385.555 Thread 0xbfaf6780 nmethod 1395 0xed893188 code [0xed8932a0, 0xed893310]
Event: 386.084 Thread 0xc419f450 nmethod 1374 0xed893488 code [0xed893a60, 0xed89be08]
Event: 386.794 Thread 0xc419f450 1433       4       java.util.HashMap$HashIterator::hasNext (13 bytes)
Event: 386.794 Thread 0xc419f450 nmethod 1433 0xed8a0e08 code [0xed8a0f20, 0xed8a0f90]
Event: 394.219 Thread 0xc419f450 1435       4       java.util.HashMap$HashIterator::nextNode (100 bytes)
Event: 394.226 Thread 0xc419f450 nmethod 1435 0xed8a1108 code [0xed8a1240, 0xed8a15d0]
Event: 394.226 Thread 0xc419f450 1434       4       java.util.HashMap$HashIterator::<init> (79 bytes)
Event: 394.234 Thread 0xc419f450 nmethod 1434 0xed8a1708 code [0xed8a1840, 0xed8a1b90]
Event: 403.982 Thread 0xc419f450 1436   !   4       java.io.ObjectInputStream::readOrdinaryObject (379 bytes)
Event: 404.269 Thread 0xc419f450 nmethod 1436 0xed8a1c88 code [0xed8a1ee0, 0xed8a34f8]
Event: 406.423 Thread 0xc419f450 1437       4       script.obj_id::setLoaded (18 bytes)
Event: 406.430 Thread 0xc419f450 nmethod 1437 0xed8a4608 code [0xed8a4760, 0xed8a4cbc]
Event: 406.434 Thread 0xc41a0580 1438       3       java.io.ObjectOutputStream::writeClassDesc (60 bytes)
Event: 406.435 Thread 0xc41a0580 nmethod 1438 0xe5fba288 code [0xe5fba480, 0xe5fbaa54]

GC Heap History (4 events):
Event: 163.893 GC heap before
{Heap before GC invocations=0 (full 0):
 garbage-first heap   total 131072K, used 12288K [0xc5c00000, 0xe5c00000)
  region size 1024K, 13 young (13312K), 0 survivors (0K)
 Metaspace       used 2565K, committed 2752K, reserved 16384K
}
Event: 163.914 GC heap after
{Heap after GC invocations=1 (full 0):
 garbage-first heap   total 131072K, used 2064K [0xc5c00000, 0xe5c00000)
  region size 1024K, 2 young (2048K), 2 survivors (2048K)
 Metaspace       used 2565K, committed 2752K, reserved 16384K
}
Event: 373.438 GC heap before
{Heap before GC invocations=1 (full 0):
 garbage-first heap   total 131072K, used 17424K [0xc5c00000, 0xe5c00000)
  region size 1024K, 18 young (18432K), 2 survivors (2048K)
 Metaspace       used 4252K, committed 4544K, reserved 16384K
}
Event: 373.458 GC heap after
{Heap after GC invocations=2 (full 0):
 garbage-first heap   total 131072K, used 3674K [0xc5c00000, 0xe5c00000)
  region size 1024K, 2 young (2048K), 2 survivors (2048K)
 Metaspace       used 4252K, committed 4544K, reserved 16384K
}

Dll operation events (4 events):
Event: 0.007 Loaded shared library /usr/lib/jvm/java-17-zulu-openjdk-jdk-x86/lib/libjava.so
Event: 66.477 Loaded shared library /usr/lib/jvm/java-17-zulu-openjdk-jdk-x86/lib/libnio.so
Event: 66.502 Loaded shared library /usr/lib/jvm/java-17-zulu-openjdk-jdk-x86/lib/libjimage.so
Event: 66.555 Loaded shared library /usr/lib/jvm/java-17-zulu-openjdk-jdk-x86/lib/libnet.so

Deoptimization events (20 events):
Event: 373.585 Thread 0x0cd6f820 DEOPT PACKING pc=0xed856c00 sp=0xffa8cfa0
Event: 373.585 Thread 0x0cd6f820 DEOPT UNPACKING pc=0xed2f4d33 sp=0xffa8cf68 mode 2
Event: 373.585 Thread 0x0cd6f820 Uncommon trap: trap_request=0xffffffde fr.pc=0xed856c00 relative=0x000000e0
Event: 373.585 Thread 0x0cd6f820 Uncommon trap: reason=class_check action=maybe_recompile pc=0xed856c00 method=jdk.internal.misc.Unsafe.allocateUninitializedArray(Ljava/lang/Class;I)Ljava/lang/Object; @ 51 c2
Event: 373.585 Thread 0x0cd6f820 DEOPT PACKING pc=0xed856c00 sp=0xffa8cfa0
Event: 373.585 Thread 0x0cd6f820 DEOPT UNPACKING pc=0xed2f4d33 sp=0xffa8cf68 mode 2
Event: 373.585 Thread 0x0cd6f820 Uncommon trap: trap_request=0xffffffde fr.pc=0xed856c00 relative=0x000000e0
Event: 373.585 Thread 0x0cd6f820 Uncommon trap: reason=class_check action=maybe_recompile pc=0xed856c00 method=jdk.internal.misc.Unsafe.allocateUninitializedArray(Ljava/lang/Class;I)Ljava/lang/Object; @ 51 c2
Event: 373.585 Thread 0x0cd6f820 DEOPT PACKING pc=0xed856c00 sp=0xffa8cf90
Event: 373.585 Thread 0x0cd6f820 DEOPT UNPACKING pc=0xed2f4d33 sp=0xffa8cf58 mode 2
Event: 375.812 Thread 0x0cd6f820 DEOPT PACKING pc=0xe5edc5ae sp=0xffa8c630
Event: 375.812 Thread 0x0cd6f820 DEOPT UNPACKING pc=0xed2f4171 sp=0xffa8c510 mode 0
Event: 377.553 Thread 0x0cd6f820 DEOPT PACKING pc=0xe5ebd8a1 sp=0xffa8d3b0
Event: 377.553 Thread 0x0cd6f820 DEOPT UNPACKING pc=0xed2f4171 sp=0xffa8d27c mode 0
Event: 377.815 Thread 0x0cd6f820 DEOPT PACKING pc=0xe5edc5ae sp=0xffa8d140
Event: 377.815 Thread 0x0cd6f820 DEOPT UNPACKING pc=0xed2f4171 sp=0xffa8d020 mode 0
Event: 379.193 Thread 0x0cd6f820 Uncommon trap: trap_request=0xffffffe4 fr.pc=0xed87956c relative=0x000004ac
Event: 379.193 Thread 0x0cd6f820 Uncommon trap: reason=range_check action=make_not_entrant pc=0xed87956c method=java.lang.Long.getChars(JI[B)I @ 190 c2
Event: 379.193 Thread 0x0cd6f820 DEOPT PACKING pc=0xed87956c sp=0xffa8d5d0
Event: 379.193 Thread 0x0cd6f820 DEOPT UNPACKING pc=0xed2f4d33 sp=0xffa8d588 mode 2

Classes unloaded (0 events):
No events

Classes redefined (0 events):
No events

Internal exceptions (10 events):
Event: 66.586 Thread 0x0cd6f820 Exception <a 'java/lang/NoSuchMethodError'{0xcd40bb40}: 'java.lang.Object java.lang.invoke.DirectMethodHandle$Holder.invokeStaticInit(java.lang.Object)'> (0xcd40bb40) 
thrown [src/hotspot/share/interpreter/linkResolver.cpp, line 759]
Event: 108.769 Thread 0x0cd6f820 Exception <a 'java/lang/NoSuchMethodError'{0xcd19c3b8}: 'java.lang.Object java.lang.invoke.DirectMethodHandle$Holder.invokeStatic(java.lang.Object, float)'> (0xcd19c3b8) 
thrown [src/hotspot/share/interpreter/linkResolver.cpp, line 759]
Event: 163.862 Thread 0x0cd6f820 Exception <a 'java/lang/NoSuchMethodError'{0xccf90ad8}: 'java.lang.Object java.lang.invoke.DirectMethodHandle$Holder.invokeSpecial(java.lang.Object, java.lang.Object, java.lang.Object, java.lang.Object, java.lang.Object, java.lang.Object, int)'> (0xccf90ad8) 
thrown [src/hotspot/share/interpreter/linkResolver.cpp, line 759]
Event: 223.873 Thread 0x0cd6f820 Exception <a 'java/lang/NoSuchMethodError'{0xcd987470}: static [Lscript/obj_id;.<clinit>()V> (0xcd987470) 
thrown [src/hotspot/share/prims/jni.cpp, line 1112]
Event: 373.037 Thread 0x0cd6f820 Exception <a 'java/lang/NoSuchMethodError'{0xcd178880}: 'java.lang.Object java.lang.invoke.DirectMethodHandle$Holder.invokeSpecial(java.lang.Object, java.lang.Object, java.lang.Object, java.lang.Object, int)'> (0xcd178880) 
thrown [src/hotspot/share/interpreter/linkResolver.cpp, line 759]
Event: 373.037 Thread 0x0cd6f820 Exception <a 'java/lang/NoSuchMethodError'{0xcd17be00}: 'java.lang.Object java.lang.invoke.Invokers$Holder.linkToTargetMethod(java.lang.Object, java.lang.Object, int, java.lang.Object)'> (0xcd17be00) 
thrown [src/hotspot/share/interpreter/linkResolver.cpp, line 759]
Event: 373.806 Thread 0x0cd6f820 Exception <a 'java/lang/NoSuchMethodError'{0xcd797c08}: 'java.lang.Object java.lang.invoke.DirectMethodHandle$Holder.invokeSpecial(java.lang.Object, java.lang.Object, java.lang.Object, java.lang.Object, int, java.lang.Object)'> (0xcd797c08) 
thrown [src/hotspot/share/interpreter/linkResolver.cpp, line 759]
Event: 373.807 Thread 0x0cd6f820 Exception <a 'java/lang/NoSuchMethodError'{0xcd79b040}: 'java.lang.Object java.lang.invoke.Invokers$Holder.linkToTargetMethod(java.lang.Object, java.lang.Object, int, java.lang.Object, java.lang.Object)'> (0xcd79b040) 
thrown [src/hotspot/share/interpreter/linkResolver.cpp, line 759]
Event: 385.101 Thread 0x0cd6f820 Exception <a 'java/lang/NoSuchMethodError'{0xcbd387f8}: 'java.lang.Object java.lang.invoke.DirectMethodHandle$Holder.invokeSpecial(java.lang.Object, java.lang.Object, long, java.lang.Object, java.lang.Object, java.lang.Object, java.lang.Object, java.lang.Object, java.lang.Object)'> (0xcbd387f8) 
thrown [src/hotspot/share/interpreter/linkResolver.cpp, line 759]
Event: 385.101 Thread 0x0cd6f820 Exception <a 'java/lang/NoSuchMethodError'{0xcbd3cbd0}: 'java.lang.Object java.lang.invoke.DelegatingMethodHandle$Holder.reinvoke_L(java.lang.Object, long, java.lang.Object, java.lang.Object, java.lang.Object, java.lang.Object, java.lang.Object, java.lang.Object)'> (0xcbd3cbd0) 
thrown [src/hotspot/share/interpreter/linkResolver.cpp, line 759]

VM Operations (20 events):
Event: 375.460 Executing VM operation: Cleanup
Event: 375.460 Executing VM operation: Cleanup done
Event: 378.468 Executing VM operation: Cleanup
Event: 378.468 Executing VM operation: Cleanup done
Event: 381.487 Executing VM operation: Cleanup
Event: 381.487 Executing VM operation: Cleanup done
Event: 382.487 Executing VM operation: Cleanup
Event: 382.487 Executing VM operation: Cleanup done
Event: 385.502 Executing VM operation: Cleanup
Event: 385.502 Executing VM operation: Cleanup done
Event: 387.506 Executing VM operation: Cleanup
Event: 387.506 Executing VM operation: Cleanup done
Event: 391.507 Executing VM operation: Cleanup
Event: 391.507 Executing VM operation: Cleanup done
Event: 394.509 Executing VM operation: Cleanup
Event: 394.509 Executing VM operation: Cleanup done
Event: 405.525 Executing VM operation: Cleanup
Event: 405.525 Executing VM operation: Cleanup done
Event: 406.525 Executing VM operation: Cleanup
Event: 406.525 Executing VM operation: Cleanup done

Events (20 events):
Event: 373.060 loading class java/nio/DirectByteBuffer$Deallocator
Event: 373.060 loading class java/nio/DirectByteBuffer$Deallocator done
Event: 373.060 loading class sun/nio/ch/NativeThread
Event: 373.060 loading class sun/nio/ch/NativeThread done
Event: 373.060 loading class sun/nio/ch/IOStatus
Event: 373.060 loading class sun/nio/ch/IOStatus done
Event: 373.060 loading class sun/net/www/protocol/jrt/Handler
Event: 373.060 loading class sun/net/www/protocol/jrt/Handler done
Event: 373.061 loading class java/util/AbstractMap$SimpleEntry
Event: 373.061 loading class java/util/AbstractMap$SimpleEntry done
Event: 373.082 loading class sun/text/resources/cldr/FormatData_en
Event: 373.083 loading class sun/text/resources/cldr/FormatData_en done
Event: 373.083 loading class sun/text/resources/cldr/FormatData_en_US
Event: 373.083 loading class sun/text/resources/cldr/FormatData_en_US done
Event: 385.286 Thread 0xbfaf6780 Thread added: 0xbfaf6780
Event: 385.287 Protecting memory [0xc0f7d000,0xc0f81000] with protection modes 0
Event: 386.794 Thread 0xbfaf6780 Thread exited: 0xbfaf6780
Event: 408.999 Thread 0x0cd6f820 Thread exited: 0x0cd6f820
Event: 409.030 Thread 0xf5e242d0 Thread exited: 0xf5e242d0
Event: 409.030 Thread 0xc419bff0 Thread exited: 0xc419bff0


Dynamic libraries:
08048000-09298000 r-xp 00000000 08:04 494947248                          /home/almalinux/swg-returns-nge/build/bin/SwgGameServer
09298000-0929c000 rw-p 0124f000 08:04 494947248                          /home/almalinux/swg-returns-nge/build/bin/SwgGameServer
0929c000-09b1f000 rw-p 00000000 00:00 0 
0b6aa000-1452f000 rw-p 00000000 00:00 0                                  [heap]
bf600000-bf6fb000 rw-p 00000000 00:00 0 
bf6fb000-bf700000 ---p 00000000 00:00 0 
bf700000-bf7f1000 rw-p 00000000 00:00 0 
bf7f1000-bf800000 ---p 00000000 00:00 0 
bf800000-bf8c5000 rw-p 00000000 00:00 0 
bf8c5000-bf900000 ---p 00000000 00:00 0 
bfa00000-bfaf9000 rw-p 00000000 00:00 0 
bfaf9000-bfb00000 ---p 00000000 00:00 0 
bfb00000-bfbcf000 rw-p 00000000 00:00 0 
bfbcf000-bfc00000 ---p 00000000 00:00 0 
bfc00000-bfcf9000 rw-p 00000000 00:00 0 
bfcf9000-bfd00000 ---p 00000000 00:00 0 
bfd00000-bfdf9000 rw-p 00000000 00:00 0 
bfdf9000-bfe00000 ---p 00000000 00:00 0 
bfe00000-bfef9000 rw-p 00000000 00:00 0 
bfef9000-bff00000 ---p 00000000 00:00 0 
bff00000-bfff9000 rw-p 00000000 00:00 0 
bfff9000-c0000000 ---p 00000000 00:00 0 
c0000000-c00f7000 rw-p 00000000 00:00 0 
c00f7000-c0100000 ---p 00000000 00:00 0 
c0900000-c09fe000 rw-p 00000000 00:00 0 
c09fe000-c0a00000 ---p 00000000 00:00 0 
c0b00000-c0bfd000 rw-p 00000000 00:00 0 
c0bfd000-c0c00000 ---p 00000000 00:00 0 
c0c00000-c0d00000 rw-p 00000000 00:00 0 
c0e00000-c0ef4000 rw-p 00000000 00:00 0 
c0ef4000-c0f00000 ---p 00000000 00:00 0 
c0f7d000-c0f81000 ---p 00000000 00:00 0 
c0f81000-c0ffe000 rw-p 00000000 00:00 0 
c0ffe000-c0fff000 ---p 00000000 00:00 0 
c0fff000-c107f000 rw-p 00000000 00:00 0 
c107f000-c1080000 ---p 00000000 00:00 0 
c1080000-c1100000 rw-p 00000000 00:00 0 
c1100000-c11f0000 rw-p 00000000 00:00 0 
c11f0000-c1200000 ---p 00000000 00:00 0 
c13fc000-c1400000 ---p 00000000 00:00 0 
c1400000-c147d000 rw-p 00000000 00:00 0 
c167f000-c1683000 ---p 00000000 00:00 0 
c1683000-c1740000 rw-p 00000000 00:00 0 
c1740000-c1744000 ---p 00000000 00:00 0 
c1744000-c1801000 rw-p 00000000 00:00 0 
c1801000-c1802000 ---p 00000000 00:00 0 
c1802000-c1882000 rw-p 00000000 00:00 0 
c1882000-c1886000 ---p 00000000 00:00 0 
c1886000-c1943000 rw-p 00000000 00:00 0 
c1943000-c1947000 ---p 00000000 00:00 0 
c1947000-c1a04000 rw-p 00000000 00:00 0 
c1a04000-c1a08000 ---p 00000000 00:00 0 
c1a08000-c1ac5000 rw-p 00000000 00:00 0 
c1ac5000-c1ac9000 ---p 00000000 00:00 0 
c1ac9000-c1b86000 rw-p 00000000 00:00 0 
c1b86000-c1e00000 r--p 00078000 08:04 535181                             /usr/lib/locale/locale-archive
c1e00000-c2000000 r--p 00000000 08:04 535181                             /usr/lib/locale/locale-archive
c2000000-c2180000 rw-p 00000000 00:00 0 
c2180000-c2400000 ---p 00000000 00:00 0 
c2400000-c27e0000 rw-p 00000000 00:00 0 
c27e0000-c3000000 ---p 00000000 00:00 0 
c303c000-c3040000 ---p 00000000 00:00 0 
c3040000-c30bd000 rw-p 00000000 00:00 0 
c30bd000-c30c1000 ---p 00000000 00:00 0 
c30c1000-c317e000 rw-p 00000000 00:00 0 
c317e000-c3182000 ---p 00000000 00:00 0 
c3182000-c323f000 rw-p 00000000 00:00 0 
c323f000-c3243000 ---p 00000000 00:00 0 
c3243000-c3300000 rw-p 00000000 00:00 0 
c3300000-c3356000 rw-p 00000000 00:00 0 
c3356000-c3400000 ---p 00000000 00:00 0 
c3431000-c3435000 ---p 00000000 00:00 0 
c3435000-c34b2000 rw-p 00000000 00:00 0 
c34b2000-c34b3000 ---p 00000000 00:00 0 
c34b3000-c3533000 rw-p 00000000 00:00 0 
c3533000-c3e00000 rw-p 00001000 08:04 143240867                          /usr/lib/jvm/java-17-zulu-openjdk-jdk-x86/lib/server/classes.jsa
c3e00000-c3eed000 rw-p 00000000 00:00 0 
c3eed000-c3f00000 ---p 00000000 00:00 0 
c3f7f000-c3f80000 ---p 00000000 00:00 0 
c3f80000-c4000000 rw-p 00000000 00:00 0 
c4000000-c4021000 rw-p 00000000 00:00 0 
c4021000-c4100000 ---p 00000000 00:00 0 
c4100000-c41d2000 rw-p 00000000 00:00 0 
c41d2000-c4200000 ---p 00000000 00:00 0 
c427f000-c4280000 ---p 00000000 00:00 0 
c4280000-c4300000 rw-p 00000000 00:00 0 
c4300000-c434d000 rw-p 00000000 00:00 0 
c434d000-c4400000 ---p 00000000 00:00 0 
c447f000-c4480000 ---p 00000000 00:00 0 
c4480000-c4500000 rw-p 00000000 00:00 0 
c4500000-c45ff000 rw-p 00000000 00:00 0 
c45ff000-c4600000 ---p 00000000 00:00 0 
c467f000-c4680000 ---p 00000000 00:00 0 
c4680000-c4700000 rw-p 00000000 00:00 0 
c4700000-c47fa000 rw-p 00000000 00:00 0 
c47fa000-c4800000 ---p 00000000 00:00 0 
c487f000-c4880000 ---p 00000000 00:00 0 
c4880000-c4b00000 rw-p 00000000 00:00 0 
c4b00000-c5100000 ---p 00000000 00:00 0 
c5100000-c5300000 rw-p 00000000 00:00 0 
c5300000-c5900000 ---p 00000000 00:00 0 
c5900000-c5940000 rw-p 00000000 00:00 0 
c5940000-c5a00000 ---p 00000000 00:00 0 
c5a00000-c5a40000 rw-p 00000000 00:00 0 
c5a40000-c5b00000 ---p 00000000 00:00 0 
c5b00000-c5b40000 rw-p 00000000 00:00 0 
c5b40000-c5c00000 ---p 00000000 00:00 0 
c5c00000-cdc00000 rw-p 00000000 00:00 0 
cdc00000-e5c00000 ---p 00000000 00:00 0 
e5c65000-e5c6a000 rw-p 00000000 00:00 0 
e5c6a000-e5d50000 ---p 00000000 00:00 0 
e5d50000-e5fc0000 rwxp 00000000 00:00 0 
e5fc0000-ed2ab000 ---p 00000000 00:00 0 
ed2ab000-ed4eb000 rwxp 00000000 00:00 0 
ed4eb000-ed7f5000 ---p 00000000 00:00 0 
ed7f5000-eda35000 rwxp 00000000 00:00 0 
eda35000-f4d50000 ---p 00000000 00:00 0 
f4d50000-f4eb8000 r--s 00000000 08:04 117534333                          /usr/lib/jvm/java-17-zulu-openjdk-jdk-x86/lib/modules
f4eb8000-f5d5a000 r-xp 00000000 08:04 143240869                          /usr/lib/jvm/java-17-zulu-openjdk-jdk-x86/lib/server/libjvm.so
f5d5a000-f5daf000 r--p 00ea1000 08:04 143240869                          /usr/lib/jvm/java-17-zulu-openjdk-jdk-x86/lib/server/libjvm.so
f5daf000-f5dd0000 rw-p 00ef6000 08:04 143240869                          /usr/lib/jvm/java-17-zulu-openjdk-jdk-x86/lib/server/libjvm.so
f5dd0000-f5e00000 rw-p 00000000 00:00 0 
f5e00000-f5f00000 rw-p 00000000 00:00 0 
f5f0c000-f5f0d000 ---p 00000000 00:00 0 
f5f0d000-f5f11000 ---p 00000000 00:00 0 
f5f11000-f6a85000 rw-p 00000000 00:00 0 
f6a91000-f6aa6000 r-xp 00000000 08:04 117534323                          /usr/lib/jvm/java-17-zulu-openjdk-jdk-x86/lib/libnet.so
f6aa6000-f6aa7000 r--p 00014000 08:04 117534323                          /usr/lib/jvm/java-17-zulu-openjdk-jdk-x86/lib/libnet.so
f6aa7000-f6aa8000 rw-p 00015000 08:04 117534323                          /usr/lib/jvm/java-17-zulu-openjdk-jdk-x86/lib/libnet.so
f6aa8000-f6aad000 rw-p 00000000 00:00 0 
f6aad000-f6b93000 ---p 00000000 00:00 0 
f6dcd000-f6ddf000 r-xp 00000000 08:04 117534324                          /usr/lib/jvm/java-17-zulu-openjdk-jdk-x86/lib/libnio.so
f6ddf000-f6de0000 r--p 00011000 08:04 117534324                          /usr/lib/jvm/java-17-zulu-openjdk-jdk-x86/lib/libnio.so
f6de0000-f6de1000 rw-p 00012000 08:04 117534324                          /usr/lib/jvm/java-17-zulu-openjdk-jdk-x86/lib/libnio.so
f6de1000-f6e0a000 rw-p 00000000 00:00 0 
f6e0a000-f6e2d000 r-xp 00000000 08:04 117534310                          /usr/lib/jvm/java-17-zulu-openjdk-jdk-x86/lib/libjava.so
f6e2d000-f6e2e000 r--p 00022000 08:04 117534310                          /usr/lib/jvm/java-17-zulu-openjdk-jdk-x86/lib/libjava.so
f6e2e000-f6e2f000 rw-p 00023000 08:04 117534310                          /usr/lib/jvm/java-17-zulu-openjdk-jdk-x86/lib/libjava.so
f6e2f000-f6e3b000 r-xp 00000000 08:04 16831767                           /usr/lib/libnss_files-2.28.so
f6e3b000-f6e3c000 r--p 0000b000 08:04 16831767                           /usr/lib/libnss_files-2.28.so
f6e3c000-f6e3d000 rw-p 0000c000 08:04 16831767                           /usr/lib/libnss_files-2.28.so
f6e3d000-f6e43000 rw-p 00000000 00:00 0 
f6e49000-f6e4e000 rw-p 00000000 00:00 0 
f6e4e000-f6e54000 ---p 00000000 00:00 0 
f6e54000-f6e6f000 r-xp 00000000 08:04 117534314                          /usr/lib/jvm/java-17-zulu-openjdk-jdk-x86/lib/libjimage.so
f6e6f000-f6e70000 ---p 0001b000 08:04 117534314                          /usr/lib/jvm/java-17-zulu-openjdk-jdk-x86/lib/libjimage.so
f6e70000-f6e71000 r--p 0001b000 08:04 117534314                          /usr/lib/jvm/java-17-zulu-openjdk-jdk-x86/lib/libjimage.so
f6e71000-f6e72000 rw-p 0001c000 08:04 117534314                          /usr/lib/jvm/java-17-zulu-openjdk-jdk-x86/lib/libjimage.so
f6e72000-f6e76000 rw-p 00000000 00:00 0 
f6e76000-f6efe000 r-xp 00000000 08:04 17191875                           /usr/lib/libpcre2-8.so.0.7.1
f6efe000-f6eff000 r--p 00087000 08:04 17191875                           /usr/lib/libpcre2-8.so.0.7.1
f6eff000-f6f00000 rw-p 00088000 08:04 17191875                           /usr/lib/libpcre2-8.so.0.7.1
f6f00000-f6f20000 r-xp 00000000 08:04 17021543                           /usr/lib/libcrypt.so.1.1.0
f6f20000-f6f21000 ---p 00020000 08:04 17021543                           /usr/lib/libcrypt.so.1.1.0
f6f21000-f6f22000 r--p 00020000 08:04 17021543                           /usr/lib/libcrypt.so.1.1.0
f6f22000-f6f2b000 rw-p 00000000 00:00 0 
f6f2b000-f6f56000 r-xp 00000000 08:04 17191887                           /usr/lib/libselinux.so.1
f6f56000-f6f57000 ---p 0002b000 08:04 17191887                           /usr/lib/libselinux.so.1
f6f57000-f6f58000 r--p 0002b000 08:04 17191887                           /usr/lib/libselinux.so.1
f6f58000-f6f59000 rw-p 0002c000 08:04 17191887                           /usr/lib/libselinux.so.1
f6f59000-f6f5a000 rw-p 00000000 00:00 0 
f6f5a000-f6f79000 r-xp 00000000 08:04 18866589                           /usr/lib/libbrotlicommon.so.1.0.6
f6f79000-f6f7a000 r--p 0001e000 08:04 18866589                           /usr/lib/libbrotlicommon.so.1.0.6
f6f7a000-f6f7b000 rw-p 0001f000 08:04 18866589                           /usr/lib/libbrotlicommon.so.1.0.6
f6f7b000-f6f99000 r-xp 00000000 08:04 17191915                           /usr/lib/libsasl2.so.3.0.0
f6f99000-f6f9a000 ---p 0001e000 08:04 17191915                           /usr/lib/libsasl2.so.3.0.0
f6f9a000-f6f9b000 r--p 0001e000 08:04 17191915                           /usr/lib/libsasl2.so.3.0.0
f6f9b000-f6f9c000 rw-p 0001f000 08:04 17191915                           /usr/lib/libsasl2.so.3.0.0
f6f9c000-f6f9e000 rw-p 00000000 00:00 0 
f6f9e000-f6fb2000 r-xp 00000000 08:04 16831772                           /usr/lib/libresolv-2.28.so
f6fb2000-f6fb3000 ---p 00014000 08:04 16831772                           /usr/lib/libresolv-2.28.so
f6fb3000-f6fb4000 r--p 00014000 08:04 16831772                           /usr/lib/libresolv-2.28.so
f6fb4000-f6fb5000 rw-p 00015000 08:04 16831772                           /usr/lib/libresolv-2.28.so
f6fb5000-f6fb7000 rw-p 00000000 00:00 0 
f6fb7000-f6fba000 r-xp 00000000 08:04 17191893                           /usr/lib/libkeyutils.so.1.6
f6fba000-f6fbb000 ---p 00003000 08:04 17191893                           /usr/lib/libkeyutils.so.1.6
f6fbb000-f6fbc000 r--p 00003000 08:04 17191893                           /usr/lib/libkeyutils.so.1.6
f6fbc000-f6fbd000 rw-p 00000000 00:00 0 
f6fbd000-f6fcd000 r-xp 00000000 08:04 17021560                           /usr/lib/libkrb5support.so.0.1
f6fcd000-f6fce000 r--p 0000f000 08:04 17021560                           /usr/lib/libkrb5support.so.0.1
f6fce000-f6fcf000 rw-p 00010000 08:04 17021560                           /usr/lib/libkrb5support.so.0.1
f6fcf000-f6fd7000 r-xp 00000000 08:04 16831774                           /usr/lib/librt-2.28.so
f6fd7000-f6fd8000 r--p 00007000 08:04 16831774                           /usr/lib/librt-2.28.so
f6fd8000-f6fd9000 rw-p 00008000 08:04 16831774                           /usr/lib/librt-2.28.so
f6fd9000-f7158000 r-xp 00000000 08:04 17021545                           /usr/lib/libunistring.so.2.1.0
f7158000-f7159000 ---p 0017f000 08:04 17021545                           /usr/lib/libunistring.so.2.1.0
f7159000-f715b000 r--p 0017f000 08:04 17021545                           /usr/lib/libunistring.so.2.1.0
f715b000-f715c000 rw-p 00181000 08:04 17021545                           /usr/lib/libunistring.so.2.1.0
f715c000-f7186000 r-xp 00000000 08:04 18654292                           /usr/lib/liblzma.so.5.2.4
f7186000-f7187000 r--p 00029000 08:04 18654292                           /usr/lib/liblzma.so.5.2.4
f7187000-f7188000 rw-p 00000000 00:00 0 
f7188000-f7194000 r-xp 00000000 08:04 17191936                           /usr/lib/libbrotlidec.so.1.0.6
f7194000-f7195000 r--p 0000b000 08:04 17191936                           /usr/lib/libbrotlidec.so.1.0.6
f7195000-f7196000 rw-p 00000000 00:00 0 
f7196000-f71a5000 r-xp 00000000 08:04 17191918                           /usr/lib/liblber-2.4.so.2.10.9
f71a5000-f71a6000 r--p 0000e000 08:04 17191918                           /usr/lib/liblber-2.4.so.2.10.9
f71a6000-f71a7000 rw-p 0000f000 08:04 17191918                           /usr/lib/liblber-2.4.so.2.10.9
f71a7000-f71fc000 r-xp 00000000 08:04 17191920                           /usr/lib/libldap-2.4.so.2.10.9
f71fc000-f71fd000 ---p 00055000 08:04 17191920                           /usr/lib/libldap-2.4.so.2.10.9
f71fd000-f71fe000 r--p 00055000 08:04 17191920                           /usr/lib/libldap-2.4.so.2.10.9
f71fe000-f71ff000 rw-p 00056000 08:04 17191920                           /usr/lib/libldap-2.4.so.2.10.9
f71ff000-f7201000 rw-p 00000000 00:00 0 
f7201000-f7204000 r-xp 00000000 08:04 16994899                           /usr/lib/libcom_err.so.2.1
f7204000-f7205000 r--p 00002000 08:04 16994899                           /usr/lib/libcom_err.so.2.1
f7205000-f7206000 rw-p 00003000 08:04 16994899                           /usr/lib/libcom_err.so.2.1
f7206000-f721c000 r-xp 00000000 08:04 17021552                           /usr/lib/libk5crypto.so.3.1
f721c000-f721d000 ---p 00016000 08:04 17021552                           /usr/lib/libk5crypto.so.3.1
f721d000-f721e000 r--p 00016000 08:04 17021552                           /usr/lib/libk5crypto.so.3.1
f721e000-f721f000 rw-p 00017000 08:04 17021552                           /usr/lib/libk5crypto.so.3.1
f721f000-f7302000 r-xp 00000000 08:04 17021558                           /usr/lib/libkrb5.so.3.3
f7302000-f7309000 r--p 000e2000 08:04 17021558                           /usr/lib/libkrb5.so.3.3
f7309000-f730a000 rw-p 000e9000 08:04 17021558                           /usr/lib/libkrb5.so.3.3
f730a000-f7365000 r-xp 00000000 08:04 17021548                           /usr/lib/libgssapi_krb5.so.2.2
f7365000-f7367000 r--p 0005a000 08:04 17021548                           /usr/lib/libgssapi_krb5.so.2.2
f7367000-f7368000 rw-p 0005c000 08:04 17021548                           /usr/lib/libgssapi_krb5.so.2.2
f7368000-f7619000 r-xp 00000000 08:04 18627877                           /usr/lib/libcrypto.so.1.1.1k
f7619000-f7632000 r--p 002b0000 08:04 18627877                           /usr/lib/libcrypto.so.1.1.1k
f7632000-f7634000 rw-p 002c9000 08:04 18627877                           /usr/lib/libcrypto.so.1.1.1k
f7634000-f7638000 rw-p 00000000 00:00 0 
f7638000-f76ca000 r-xp 00000000 08:04 18627879                           /usr/lib/libssl.so.1.1.1k
f76ca000-f76d0000 r--p 00091000 08:04 18627879                           /usr/lib/libssl.so.1.1.1k
f76d0000-f76d4000 rw-p 00097000 08:04 18627879                           /usr/lib/libssl.so.1.1.1k
f76d4000-f76e4000 r-xp 00000000 08:04 18660120                           /usr/lib/libpsl.so.5.3.1
f76e4000-f76e5000 r--p 0000f000 08:04 18660120                           /usr/lib/libpsl.so.5.3.1
f76e5000-f76e6000 rw-p 00000000 00:00 0 
f76e6000-f7763000 r-xp 00000000 08:04 16994901                           /usr/lib/libssh.so.4.8.7
f7763000-f7764000 ---p 0007d000 08:04 16994901                           /usr/lib/libssh.so.4.8.7
f7764000-f7765000 r--p 0007d000 08:04 16994901                           /usr/lib/libssh.so.4.8.7
f7765000-f7766000 rw-p 0007e000 08:04 16994901                           /usr/lib/libssh.so.4.8.7
f7766000-f7783000 r-xp 00000000 08:04 17040588                           /usr/lib/libidn2.so.0.3.6
f7783000-f7784000 r--p 0001c000 08:04 17040588                           /usr/lib/libidn2.so.0.3.6
f7784000-f7785000 rw-p 00000000 00:00 0 
f7785000-f77ad000 r-xp 00000000 08:04 17191891                           /usr/lib/libnghttp2.so.14.17.0
f77ad000-f77ae000 r--p 00027000 08:04 17191891                           /usr/lib/libnghttp2.so.14.17.0
f77ae000-f77b0000 rw-p 00028000 08:04 17191891                           /usr/lib/libnghttp2.so.14.17.0
f77b0000-f7952000 r-xp 00000000 08:04 16831756                           /usr/lib/libc-2.28.so
f7952000-f7953000 ---p 001a2000 08:04 16831756                           /usr/lib/libc-2.28.so
f7953000-f7955000 r--p 001a2000 08:04 16831756                           /usr/lib/libc-2.28.so
f7955000-f7956000 rw-p 001a4000 08:04 16831756                           /usr/lib/libc-2.28.so
f7956000-f795b000 rw-p 00000000 00:00 0 
f795b000-f7976000 r-xp 00000000 08:04 16985139                           /usr/lib/libgcc_s-8-20210514.so.1
f7976000-f7977000 r--p 0001a000 08:04 16985139                           /usr/lib/libgcc_s-8-20210514.so.1
f7977000-f7978000 rw-p 0001b000 08:04 16985139                           /usr/lib/libgcc_s-8-20210514.so.1
f7978000-f7a48000 r-xp 00000000 08:04 16831760                           /usr/lib/libm-2.28.so
f7a48000-f7a49000 r--p 000cf000 08:04 16831760                           /usr/lib/libm-2.28.so
f7a49000-f7a4a000 rw-p 000d0000 08:04 16831760                           /usr/lib/libm-2.28.so
f7a4a000-f7bd3000 r-xp 00000000 08:04 16985145                           /usr/lib/libstdc++.so.6.0.25
f7bd3000-f7bd4000 ---p 00189000 08:04 16985145                           /usr/lib/libstdc++.so.6.0.25
f7bd4000-f7bda000 r--p 00189000 08:04 16985145                           /usr/lib/libstdc++.so.6.0.25
f7bda000-f7bdb000 rw-p 0018f000 08:04 16985145                           /usr/lib/libstdc++.so.6.0.25
f7bdb000-f7bdd000 rw-p 00000000 00:00 0 
f7bdd000-f7bf4000 r-xp 00000000 08:04 16963437                           /usr/lib/libz.so.1.2.11
f7bf4000-f7bf5000 ---p 00017000 08:04 16963437                           /usr/lib/libz.so.1.2.11
f7bf5000-f7bf6000 r--p 00017000 08:04 16963437                           /usr/lib/libz.so.1.2.11
f7bf6000-f7bf7000 rw-p 00000000 00:00 0 
f7bf7000-f7d74000 r-xp 00000000 08:04 16963397                           /usr/lib/libxml2.so.2.9.7
f7d74000-f7d79000 r--p 0017c000 08:04 16963397                           /usr/lib/libxml2.so.2.9.7
f7d79000-f7d7a000 rw-p 00181000 08:04 16963397                           /usr/lib/libxml2.so.2.9.7
f7d7a000-f7d7b000 rw-p 00000000 00:00 0 
f7d7b000-f7d97000 r-xp 00000000 08:04 16831770                           /usr/lib/libpthread-2.28.so
f7d97000-f7d98000 r--p 0001b000 08:04 16831770                           /usr/lib/libpthread-2.28.so
f7d98000-f7d99000 rw-p 0001c000 08:04 16831770                           /usr/lib/libpthread-2.28.so
f7d99000-f7d9b000 rw-p 00000000 00:00 0 
f7d9b000-f7e0f000 r-xp 00000000 08:04 16818911                           /usr/lib/libpcre.so.1.2.10
f7e0f000-f7e10000 ---p 00074000 08:04 16818911                           /usr/lib/libpcre.so.1.2.10
f7e10000-f7e11000 r--p 00074000 08:04 16818911                           /usr/lib/libpcre.so.1.2.10
f7e11000-f7e12000 rw-p 00075000 08:04 16818911                           /usr/lib/libpcre.so.1.2.10
f7e12000-f7e15000 r-xp 00000000 08:04 16831758                           /usr/lib/libdl-2.28.so
f7e15000-f7e16000 r--p 00002000 08:04 16831758                           /usr/lib/libdl-2.28.so
f7e16000-f7e17000 rw-p 00003000 08:04 16831758                           /usr/lib/libdl-2.28.so
f7e17000-f7eb4000 r-xp 00000000 08:04 16994905                           /usr/lib/libcurl.so.4.5.0
f7eb4000-f7eb6000 r--p 0009c000 08:04 16994905                           /usr/lib/libcurl.so.4.5.0
f7eb6000-f7eb7000 rw-p 0009e000 08:04 16994905                           /usr/lib/libcurl.so.4.5.0
f7eb7000-f7ebe000 r--s 00000000 08:04 176632422                          /usr/lib/gconv/gconv-modules.cache
f7ebe000-f7ec6000 rw-s 00000000 08:04 151635559                          /tmp/hsperfdata_almalinux/1415200 (deleted)
f7ec6000-f7ec7000 ---p 00000000 00:00 0 
f7ec7000-f7ec8000 r--p 00000000 00:00 0 
f7ec8000-f7eca000 rw-p 00000000 00:00 0 
f7eca000-f7ece000 r--p 00000000 00:00 0                                  [vvar]
f7ece000-f7ed0000 r-xp 00000000 00:00 0                                  [vdso]
f7ed0000-f7eff000 r-xp 00000000 08:04 16831749                           /usr/lib/ld-2.28.so
f7eff000-f7f00000 ---p 00000000 00:00 0 
f7f00000-f7f01000 r--p 0002f000 08:04 16831749                           /usr/lib/ld-2.28.so
f7f01000-f7f02000 rw-p 00030000 08:04 16831749                           /usr/lib/ld-2.28.so
ff8cd000-ff8ce000 rwxp 00000000 00:00 0 
ff9d6000-ffa92000 rw-p 00000000 00:00 0                                  [stack]


VM Arguments:
jvm_args: -Xms128m -Xmx512m -Xss768k -XX:MaxMetaspaceSize=96m -Xrs -XX:-UsePerfData -XX:-AllowUserSignalHandlers -XX:UseSSE=3 -XX+DoEscapeAnalysis -XX:AutoBoxCacheMax:2000 -XX:+OptimizeStringConcat -XX:+OptimizeFill -XX:+EliminateAutoBox -XX:+UseCompressedStrings -XX:+UseCompressedOops -XX:+EliminateLocks -XX:UseFastAccessorMethods -XX:+UseStringCache -XgcPrio:throughput -XXkeepAreaRatio:1 -XXlazyUnlocking -XXcallProfiling -XXcompactRatio:1 
java_command: <unknown>
java_class_path (initial): ../../data/sku.0/sys.server/compiled/game/
Launcher Type: generic

[Global flags]
     intx CICompilerCount                          = 3                                         {product} {ergonomic}
     uint ConcGCThreads                            = 1                                         {product} {ergonomic}
     uint G1ConcRefinementThreads                  = 4                                         {product} {ergonomic}
   size_t G1HeapRegionSize                         = 1048576                                   {product} {ergonomic}
    uintx GCDrainStackTargetSize                   = 64                                        {product} {ergonomic}
   size_t InitialHeapSize                          = 134217728                                 {product} {command line}
   size_t MarkStackSize                            = 32768                                     {product} {ergonomic}
   size_t MaxHeapSize                              = 536870912                                 {product} {command line}
   size_t MaxMetaspaceSize                         = 100663296                                 {product} {command line}
   size_t MaxNewSize                               = 321912832                                 {product} {ergonomic}
   size_t MinHeapDeltaBytes                        = 1048576                                   {product} {ergonomic}
   size_t MinHeapSize                              = 134217728                                 {product} {command line}
    uintx NonNMethodCodeHeapSize                   = 5544422                                {pd product} {ergonomic}
    uintx NonProfiledCodeHeapSize                  = 123056909                              {pd product} {ergonomic}
    uintx ProfiledCodeHeapSize                     = 123056909                              {pd product} {ergonomic}
    uintx ReservedCodeCacheSize                    = 251658240                              {pd product} {ergonomic}
     bool SegmentedCodeCache                       = true                                      {product} {ergonomic}
   size_t SoftMaxHeapSize                          = 536870912                              {manageable} {ergonomic}
   double SweeperThreshold                         = 0.500000                                  {product} {ergonomic}
     intx ThreadStackSize                          = 768                                    {pd product} {command line}
     bool UseG1GC                                  = true                                      {product} {ergonomic}

Logging:
Log output configuration:
 #0: stdout all=off uptime,level,tags
 #1: stderr all=off uptime,level,tags

Environment Variables:
JAVA_HOME=/usr/lib/jvm/zulu-17-x86
PATH=/usr/java/jdk1.7.0_80/bin:/usr/java/jdk1.7.0_80/bin:/usr/java/jdk1.6.0_45/bin:/usr/java/jdk1.6.0_45/bin:/usr/java/jdk1.6.0_45/bin:/home/almalinux/.local/bin:/home/almalinux/bin:/sbin:/bin:/usr/bin:/usr/local/bin:/usr/local/sbin:/usr/sbin:/usr/lib/oracle/18.3/client/bin:/usr/lib/oracle/18.3/client/bin:/usr/lib/jvm/java-11-openjdk/bin:./
LD_LIBRARY_PATH=/usr/lib/jvm/java-17-zulu-openjdk-jdk-x86/lib/server:/usr/lib/jvm/java-17-zulu-openjdk-jdk-x86/lib:/usr/lib/jvm/java-17-zulu-openjdk-jdk-x86/../lib:/usr/lib/jvm/zulu-17-x86/lib/server:/usr/lib/jvm/java-11-openjdk/lib:/usr/lib/jvm/java-11-openjdk/lib/server:./
SHELL=/bin/bash
DISPLAY=:10.0
LANG=en_US.UTF-8
TERM=xterm-256color

Active Locale:
LC_ALL=en_US.UTF-8
LC_COLLATE=en_US.UTF-8
LC_CTYPE=en_US.UTF-8
LC_MESSAGES=en_US.UTF-8
LC_MONETARY=en_US.UTF-8
LC_NUMERIC=en_US.UTF-8
LC_TIME=en_US.UTF-8

Signal Handlers:
   SIGSEGV: crash_handler in libjvm.so, mask=11100100010111111101111111111110, flags=SA_RESTART|SA_SIGINFO, unblocked
    SIGBUS: crash_handler in libjvm.so, mask=11100100010111111101111111111110, flags=SA_RESTART|SA_SIGINFO, unblocked
    SIGFPE: crash_handler in libjvm.so, mask=11100100010111111101111111111110, flags=SA_RESTART|SA_SIGINFO, unblocked
   SIGPIPE: SIG_IGN, mask=00000000000010000000000000000000, flags=SA_RESTART, blocked
  *** Handler was modified!
  *** Expected: javaSignalHandler in libjvm.so, mask=11100100110111111111111111111110, flags=SA_RESTART|SA_SIGINFO
   SIGXFSZ: javaSignalHandler in libjvm.so, mask=11100100010111111101111111111110, flags=SA_RESTART|SA_SIGINFO, blocked
    SIGILL: crash_handler in libjvm.so, mask=11100100010111111101111111111110, flags=SA_RESTART|SA_SIGINFO, unblocked
   SIGUSR2: SR_handler in libjvm.so, mask=00100000000000000000000000000000, flags=SA_RESTART|SA_SIGINFO, blocked
    SIGHUP: UserHandler in libjvm.so, mask=11100100010111111101111111111110, flags=SA_RESTART|SA_SIGINFO, blocked
    SIGINT: UserHandler in libjvm.so, mask=11100100010111111101111111111110, flags=SA_RESTART|SA_SIGINFO, blocked
   SIGTERM: UserHandler in libjvm.so, mask=11100100010111111101111111111110, flags=SA_RESTART|SA_SIGINFO, blocked
   SIGQUIT: UserHandler in libjvm.so, mask=11100100010111111101111111111110, flags=SA_RESTART|SA_SIGINFO, blocked
   SIGTRAP: crash_handler in libjvm.so, mask=11100100010111111101111111111110, flags=SA_RESTART|SA_SIGINFO, unblocked


Periodic native trim disabled


---------------  S Y S T E M  ---------------

OS:
AlmaLinux release 8.10 (Cerulean Leopard)
uname: Linux 4.18.0-553.81.1.el8_10.x86_64 #1 SMP Mon Oct 27 11:29:19 EDT 2025 x86_64
OS uptime: 33 days 22:55 hours
libc: glibc 2.28 NPTL 2.28 
rlimit (soft/hard): STACK 8192k/infinity , CORE 0k/infinity , NPROC 61995/61995 , NOFILE 262144/262144 , AS infinity/infinity , CPU infinity/infinity , DATA infinity/infinity , FSIZE infinity/infinity , MEMLOCK 64k/64k
load average: 35.84 34.61 30.09

/proc/meminfo:
MemTotal:       16014448 kB
MemFree:         2576076 kB
MemAvailable:    3984256 kB
Buffers:             840 kB
Cached:          3165780 kB
SwapCached:        37568 kB
Active:          2835464 kB
Inactive:        9311308 kB
Active(anon):    2057060 kB
Inactive(anon):  8930432 kB
Active(file):     778404 kB
Inactive(file):   380876 kB
Unevictable:        3104 kB
Mlocked:              16 kB
SwapTotal:       8388604 kB
SwapFree:        6672712 kB
Dirty:              1476 kB
Writeback:             0 kB
AnonPages:       8963084 kB
Mapped:          1503980 kB
Shmem:           2007296 kB
KReclaimable:     542416 kB
Slab:             729960 kB
SReclaimable:     542416 kB
SUnreclaim:       187544 kB
KernelStack:       24816 kB
PageTables:       161020 kB
NFS_Unstable:          0 kB
Bounce:                0 kB
WritebackTmp:          0 kB
CommitLimit:    16395828 kB
Committed_AS:   25477920 kB
VmallocTotal:   34359738367 kB
VmallocUsed:       70868 kB
VmallocChunk:          0 kB
Percpu:             2704 kB
HardwareCorrupted:     0 kB
AnonHugePages:         0 kB
ShmemHugePages:        0 kB
ShmemPmdMapped:        0 kB
FileHugePages:         0 kB
FilePmdMapped:         0 kB
HugePages_Total:       0
HugePages_Free:        0
HugePages_Rsvd:        0
HugePages_Surp:        0
Hugepagesize:       2048 kB
Hugetlb:               0 kB
DirectMap4k:     2826092 kB
DirectMap2M:    13557760 kB

/sys/kernel/mm/transparent_hugepage/enabled: always madvise [never]
/sys/kernel/mm/transparent_hugepage/hpage_pmd_size: 2097152
/sys/kernel/mm/transparent_hugepage/defrag (defrag/compaction efforts parameter): always defer defer+madvise [madvise] never

Process Memory:
Virtual Size: 1079276K (peak: 1095968K)
Resident Set Size: 257472K (peak: 269296K) (anon: 223764K, file: 33708K, shmem: 0K)
Swapped out: 0K
C-Heap outstanding allocations: 22230K, retained: 147417K
glibc malloc tunables: (default)

/proc/sys/kernel/threads-max (system-wide limit on the number of threads): 123991
/proc/sys/vm/max_map_count (maximum number of memory map areas a process may have): 1677720
/proc/sys/kernel/pid_max (system-wide limit on number of process identifiers): 4194304

container (cgroup) information:
container_type: cgroupv1
cpu_cpuset_cpus: 0-3
cpu_memory_nodes: 0
active_processor_count: 4
cpu_quota: no quota
cpu_period: 100000
cpu_shares: no shares
memory_limit_in_bytes: unlimited
memory_and_swap_limit_in_bytes: unlimited
memory_soft_limit_in_bytes: unlimited
memory_usage_in_bytes: 11913904 k
memory_max_usage_in_bytes: 14783012 k
kernel_memory_usage_in_bytes: 605952 k
kernel_memory_max_usage_in_bytes: unlimited
kernel_memory_limit_in_bytes: 985464 k
maximum number of tasks: unlimited
current number of tasks: 832

KVM virtualization detected
Steal ticks since vm start: 52
Steal ticks percentage since vm start:  0.000

CPU: total 4 (initial active 4) (1 cores per cpu, 1 threads per core) family 6 model 60 stepping 1 microcode 0x1, cx8, cmov, fxsr, mmx, sse, sse2, sse3, ssse3, sse4.1, sse4.2, popcnt, lzcnt, tsc, avx, avx2, aes, erms, clmul, bmi1, bmi2, fma, vzeroupper, clflush, hv
CPU Model and flags from /proc/cpuinfo:
model name	: Intel Core Processor (Haswell, no TSX)
flags		: fpu vme de pse tsc msr pae mce cx8 apic sep mtrr pge mca cmov pat pse36 clflush mmx fxsr sse sse2 syscall nx rdtscp lm constant_tsc rep_good nopl xtopology cpuid tsc_known_freq pni pclmulqdq vmx ssse3 fma cx16 pcid sse4_1 sse4_2 x2apic movbe popcnt tsc_deadline_timer aes xsave avx f16c rdrand hypervisor lahf_lm abm cpuid_fault invpcid_single pti tpr_shadow vnmi flexpriority ept vpid ept_ad fsgsbase bmi1 avx2 smep bmi2 erms invpcid xsaveopt arat md_clear

Online cpus: 0-3
Offline cpus: 
BIOS frequency limitation: <Not Available>
Frequency switch latency (ns): <Not Available>
Available cpu frequencies: <Not Available>
Current governor: <Not Available>
Core performance/turbo boost: <Not Available>

Memory: 4k page, physical 16014448k(2584828k free), swap 8388604k(6672712k free)
Page Sizes: 4k

vm_info: OpenJDK Server VM (17.0.11+9-LTS) for linux-x86 JRE (17.0.11+9-LTS) (Zulu17.50+19-CA), built on Apr  9 2024 07:14:46 by "zulu_re" with gcc 8.3.0

END.
