#
# A fatal error has been detected by the Java Runtime Environment:
#
#  SIGSEGV (0xb) at pc=0xf78b0618, pid=1393546, tid=1393546
#
# JRE version: OpenJDK Runtime Environment Zulu17.50+19-CA (17.0.11+9) (build 17.0.11+9-LTS)
# Java VM: OpenJDK Server VM Zulu17.50+19-CA (17.0.11+9-LTS, mixed mode, sharing, tiered, g1 gc, linux-x86)
# Problematic frame:
# C  [libc.so.6+0x84618]  cfree+0x28
#
# Core dump will be written. Default location: Core dumps may be processed with "/usr/lib/systemd/systemd-coredump %P %u %g %s %t %c %h %e" (or dumping to /home/almalinux/swg-returns-nge/exe/linux/core.1393546)
#
# If you would like to submit a bug report, please visit:
#   http://www.azul.com/support/
#

---------------  S U M M A R Y ------------

Command Line: -Xms128m -Xmx512m -Xss768k -XX:MaxMetaspaceSize=96m -Xrs -XX:-UsePerfData -XX:-AllowUserSignalHandlers -XX:UseSSE=3 -XX+DoEscapeAnalysis -XX:AutoBoxCacheMax:2000 -XX:+OptimizeStringConcat -XX:+OptimizeFill -XX:+EliminateAutoBox -XX:+UseCompressedStrings -XX:+UseCompressedOops -XX:+EliminateLocks -XX:UseFastAccessorMethods -XX:+UseStringCache -XgcPrio:throughput -XXkeepAreaRatio:1 -XXlazyUnlocking -XXcallProfiling -XXcompactRatio:1 

Host: Intel Core Processor (Haswell, no TSX), 4 cores, 15G, AlmaLinux release 8.10 (Cerulean Leopard)
Time: Sun Jan 25 13:18:54 2026 UTC elapsed time: 24.939062 seconds (0d 0h 0m 24s)

---------------  T H R E A D  ---------------

Current thread is native thread

Stack: [0xffdca000,0xffe8a000],  sp=0xffe87980,  free space=758k
Native frames: (J=compiled Java code, j=interpreted, Vv=VM code, C=native code)
C  [libc.so.6+0x84618]  cfree+0x28


siginfo: si_signo: 11 (SIGSEGV), si_code: 1 (SEGV_MAPERR), si_addr: 0x00000003

Registers:
EAX=0x00000000, EBX=0x00000007, ECX=0xf6eee84c, EDX=0x0a618e58
ESP=0xffe87980, EBP=0xffe87ab8, ESI=0xf79d1000, EDI=0x00000000
EIP=0xf78b0618, EFLAGS=0x00210202, CR2=0x0000000000000003


Top of Stack: (sp=0xffe87980)
0xffe87980:   0a29c000 00000000 ffe87ab8 f7b3df1c
0xffe87990:   0a29c090 f7c54a04 0a618e30 f7b3df1c
0xffe879a0:   00000007 f7b3df0a f7c54a04 f7b3df4c
0xffe879b0:   0a29c090 f7b3df0a 0a61cbd0 085b6163
0xffe879c0:   00000007 0a29c000 0a29bd10 085bb8d1
0xffe879d0:   0a29c000 0a29bd10 00000000 085bb89b
0xffe879e0:   0babae30 ffe87a07 ffe87a2c 085c6969
0xffe879f0:   087d6c00 ffe87a2c ffe87ab8 084fc53b
0xffe87a00:   00000014 00010002 00000000 00000000
0xffe87a10:   01010100 00000001 09aa44c0 00000000
0xffe87a20:   00000000 00000000 00000000 00000000
0xffe87a30:   00000000 00000015 ffe87b88 f78616ff
0xffe87a40:   f79d141c 47677753 53656d61 65767265
0xffe87a50:   33313a72 34353339 09290036 0a5fe1f0
0xffe87a60:   08ea0100 08ebc230 08ea5888 f79d141c
0xffe87a70:   00000428 00000420 f7861779 085758fd
0xffe87a80:   08ea2a80 09b1ea78 08ea5888 08574f56
0xffe87a90:   0929a2c4 0929a2c4 ffe87b88 08ea583b
0xffe87aa0:   0000000c ffe87b54 ffe87ad0 f79d1000
0xffe87ab0:   00000000 08575910 00000000 f7849f26
0xffe87ac0:   00000000 08575910 00000000 f7849f26
0xffe87ad0:   0000000c ffe87b54 ffe87b88 ffe87af4
0xffe87ae0:   0929a2d0 00000000 ffe87b88 f79d1000
0xffe87af0:   f783975c f79d1000 00000000 08575910
0xffe87b00:   00000000 ee622e11 37aa4601 00000000
0xffe87b10:   00000000 00000000 f7f504d0 f7849e30
0xffe87b20:   084fc260 0929a2c4 0000000c 08575946
0xffe87b30:   084fc260 0000000c ffe87b54 08ea57f0
0xffe87b40:   08ea5850 f7f504d0 ffe87b4c f7f7d970
0xffe87b50:   0000000c ffe885fc ffe8860e ffe88611
0xffe87b60:   ffe88623 ffe88626 ffe88631 ffe88655
0xffe87b70:   ffe88665 ffe88671 ffe8868d ffe88690 

Instructions: (pc=0xf78b0618)
0xf78b0518:   50 8d 96 86 f7 fa ff 8d 86 d0 2f fb ff e8 c6 b7
0xf78b0528:   ff ff 8d b6 00 00 00 00 bb 20 00 00 00 e9 5e fe
0xf78b0538:   ff ff e8 a1 c0 ff ff 89 c5 85 c0 0f 85 68 ff ff
0xf78b0548:   ff 31 d2 8d 44 3b 10 e8 8c c1 ff ff 89 da 89 f9
0xf78b0558:   89 c5 e8 11 f0 ff ff 89 c2 85 c0 75 1b 85 ed 74
0xf78b0568:   17 90 89 fa 89 e8 e8 bd c5 ff ff 89 da 89 f9 89
0xf78b0578:   c5 e8 f2 ef ff ff 89 c2 85 ed 0f 84 57 ff ff ff
0xf78b0588:   e9 39 ff ff ff 8d 86 b8 31 fb ff 83 ec 0c b9 25
0xf78b0598:   0d 00 00 50 8d 96 86 f7 fa ff 8d 86 74 2f fb ff
0xf78b05a8:   e8 43 b7 ff ff 8d 76 00 f3 0f 1e fb e8 0a 9a f9
0xf78b05b8:   ff 05 47 0a 12 00 56 53 83 ec 04 8b 5c 24 10 8b
0xf78b05c8:   74 24 14 8b 80 50 ff ff ff c7 00 00 00 00 00 e8
0xf78b05d8:   54 bb ff ff 8b 4c 24 0c 83 c4 04 89 f2 89 d8 5b
0xf78b05e8:   5e e9 42 fd ff ff 66 90 f3 0f 1e fb 56 e8 9a 9b
0xf78b05f8:   f9 ff 81 c6 06 0a 12 00 53 83 ec 14 8b 5c 24 20
0xf78b0608:   8b 86 5c ff ff ff 8b 00 85 c0 75 6c 85 db 74 75
0xf78b0618:   8b 4b fc 8d 53 f8 f6 c1 02 75 35 8b 86 70 fe ff
0xf78b0628:   ff 65 8b 00 85 c0 0f 84 8c 00 00 00 83 e1 04 8d
0xf78b0638:   86 60 07 00 00 74 09 89 d0 25 00 00 f0 ff 8b 00
0xf78b0648:   83 c4 14 31 c9 5b 5e e9 8c cb ff ff 8d 74 26 00
0xf78b0658:   8b 9e 60 01 00 00 85 db 75 10 3b 8e 48 01 00 00
0xf78b0668:   76 08 81 f9 00 00 08 00 76 26 83 c4 14 89 d0 5b
0xf78b0678:   5e e9 92 b8 ff ff 66 90 83 ec 08 ff 74 24 24 53
0xf78b0688:   ff d0 83 c4 10 83 c4 14 5b 5e c3 8d 74 26 00 90
0xf78b0698:   39 96 80 1d 00 00 77 08 39 96 7c 1d 00 00 77 ca
0xf78b06a8:   83 e1 f8 8d 04 09 89 8e 48 01 00 00 89 86 40 01
0xf78b06b8:   00 00 90 eb b5 8d 76 00 8b 86 74 fe ff ff 65 80
0xf78b06c8:   38 00 0f 85 64 ff ff ff 89 54 24 0c e8 97 ed ff
0xf78b06d8:   ff 8b 4b fc 8b 54 24 0c e9 4f ff ff ff 8d b4 26
0xf78b06e8:   00 00 00 00 8d 74 26 00 f3 0f 1e fb 55 57 56 e8
0xf78b06f8:   98 9a f9 ff 81 c6 04 09 12 00 53 83 ec 0c 8b 86
0xf78b0708:   70 fe ff ff 8b 96 74 fe ff ff 65 8b 28 65 c6 02 



---------------  P R O C E S S  ---------------

VM state: at safepoint (shutting down)

VM Mutex/Monitor currently owned by a thread:  ([mutex/lock_event])
[0xf5e21ef0] Threads_lock - owner thread: 0xc4295230

GC Precious Log:
<Skipped>

Heap:
 garbage-first heap   total 131072K, used 3170K [0xc5c00000, 0xe5c00000)
  region size 1024K, 4 young (4096K), 0 survivors (0K)
 Metaspace       used 1082K, committed 1152K, reserved 16384K

Heap Regions: E=young(eden), S=young(survivor), O=old, HS=humongous(starts), HC=humongous(continues), CS=collection set, F=free, OA=open archive, CA=closed archive, TAMS=top-at-mark-start (previous, next)
|   0|0xc5c00000, 0xc5c00000, 0xc5d00000|  0%| F|  |TAMS 0xc5c00000, 0xc5c00000| Untracked 
|   1|0xc5d00000, 0xc5d00000, 0xc5e00000|  0%| F|  |TAMS 0xc5d00000, 0xc5d00000| Untracked 
|   2|0xc5e00000, 0xc5e00000, 0xc5f00000|  0%| F|  |TAMS 0xc5e00000, 0xc5e00000| Untracked 
|   3|0xc5f00000, 0xc5f00000, 0xc6000000|  0%| F|  |TAMS 0xc5f00000, 0xc5f00000| Untracked 
|   4|0xc6000000, 0xc6000000, 0xc6100000|  0%| F|  |TAMS 0xc6000000, 0xc6000000| Untracked 
|   5|0xc6100000, 0xc6100000, 0xc6200000|  0%| F|  |TAMS 0xc6100000, 0xc6100000| Untracked 
|   6|0xc6200000, 0xc6200000, 0xc6300000|  0%| F|  |TAMS 0xc6200000, 0xc6200000| Untracked 
|   7|0xc6300000, 0xc6300000, 0xc6400000|  0%| F|  |TAMS 0xc6300000, 0xc6300000| Untracked 
|   8|0xc6400000, 0xc6400000, 0xc6500000|  0%| F|  |TAMS 0xc6400000, 0xc6400000| Untracked 
|   9|0xc6500000, 0xc6500000, 0xc6600000|  0%| F|  |TAMS 0xc6500000, 0xc6500000| Untracked 
|  10|0xc6600000, 0xc6600000, 0xc6700000|  0%| F|  |TAMS 0xc6600000, 0xc6600000| Untracked 
|  11|0xc6700000, 0xc6700000, 0xc6800000|  0%| F|  |TAMS 0xc6700000, 0xc6700000| Untracked 
|  12|0xc6800000, 0xc6800000, 0xc6900000|  0%| F|  |TAMS 0xc6800000, 0xc6800000| Untracked 
|  13|0xc6900000, 0xc6900000, 0xc6a00000|  0%| F|  |TAMS 0xc6900000, 0xc6900000| Untracked 
|  14|0xc6a00000, 0xc6a00000, 0xc6b00000|  0%| F|  |TAMS 0xc6a00000, 0xc6a00000| Untracked 
|  15|0xc6b00000, 0xc6b00000, 0xc6c00000|  0%| F|  |TAMS 0xc6b00000, 0xc6b00000| Untracked 
|  16|0xc6c00000, 0xc6c00000, 0xc6d00000|  0%| F|  |TAMS 0xc6c00000, 0xc6c00000| Untracked 
|  17|0xc6d00000, 0xc6d00000, 0xc6e00000|  0%| F|  |TAMS 0xc6d00000, 0xc6d00000| Untracked 
|  18|0xc6e00000, 0xc6e00000, 0xc6f00000|  0%| F|  |TAMS 0xc6e00000, 0xc6e00000| Untracked 
|  19|0xc6f00000, 0xc6f00000, 0xc7000000|  0%| F|  |TAMS 0xc6f00000, 0xc6f00000| Untracked 
|  20|0xc7000000, 0xc7000000, 0xc7100000|  0%| F|  |TAMS 0xc7000000, 0xc7000000| Untracked 
|  21|0xc7100000, 0xc7100000, 0xc7200000|  0%| F|  |TAMS 0xc7100000, 0xc7100000| Untracked 
|  22|0xc7200000, 0xc7200000, 0xc7300000|  0%| F|  |TAMS 0xc7200000, 0xc7200000| Untracked 
|  23|0xc7300000, 0xc7300000, 0xc7400000|  0%| F|  |TAMS 0xc7300000, 0xc7300000| Untracked 
|  24|0xc7400000, 0xc7400000, 0xc7500000|  0%| F|  |TAMS 0xc7400000, 0xc7400000| Untracked 
|  25|0xc7500000, 0xc7500000, 0xc7600000|  0%| F|  |TAMS 0xc7500000, 0xc7500000| Untracked 
|  26|0xc7600000, 0xc7600000, 0xc7700000|  0%| F|  |TAMS 0xc7600000, 0xc7600000| Untracked 
|  27|0xc7700000, 0xc7700000, 0xc7800000|  0%| F|  |TAMS 0xc7700000, 0xc7700000| Untracked 
|  28|0xc7800000, 0xc7800000, 0xc7900000|  0%| F|  |TAMS 0xc7800000, 0xc7800000| Untracked 
|  29|0xc7900000, 0xc7900000, 0xc7a00000|  0%| F|  |TAMS 0xc7900000, 0xc7900000| Untracked 
|  30|0xc7a00000, 0xc7a00000, 0xc7b00000|  0%| F|  |TAMS 0xc7a00000, 0xc7a00000| Untracked 
|  31|0xc7b00000, 0xc7b00000, 0xc7c00000|  0%| F|  |TAMS 0xc7b00000, 0xc7b00000| Untracked 
|  32|0xc7c00000, 0xc7c00000, 0xc7d00000|  0%| F|  |TAMS 0xc7c00000, 0xc7c00000| Untracked 
|  33|0xc7d00000, 0xc7d00000, 0xc7e00000|  0%| F|  |TAMS 0xc7d00000, 0xc7d00000| Untracked 
|  34|0xc7e00000, 0xc7e00000, 0xc7f00000|  0%| F|  |TAMS 0xc7e00000, 0xc7e00000| Untracked 
|  35|0xc7f00000, 0xc7f00000, 0xc8000000|  0%| F|  |TAMS 0xc7f00000, 0xc7f00000| Untracked 
|  36|0xc8000000, 0xc8000000, 0xc8100000|  0%| F|  |TAMS 0xc8000000, 0xc8000000| Untracked 
|  37|0xc8100000, 0xc8100000, 0xc8200000|  0%| F|  |TAMS 0xc8100000, 0xc8100000| Untracked 
|  38|0xc8200000, 0xc8200000, 0xc8300000|  0%| F|  |TAMS 0xc8200000, 0xc8200000| Untracked 
|  39|0xc8300000, 0xc8300000, 0xc8400000|  0%| F|  |TAMS 0xc8300000, 0xc8300000| Untracked 
|  40|0xc8400000, 0xc8400000, 0xc8500000|  0%| F|  |TAMS 0xc8400000, 0xc8400000| Untracked 
|  41|0xc8500000, 0xc8500000, 0xc8600000|  0%| F|  |TAMS 0xc8500000, 0xc8500000| Untracked 
|  42|0xc8600000, 0xc8600000, 0xc8700000|  0%| F|  |TAMS 0xc8600000, 0xc8600000| Untracked 
|  43|0xc8700000, 0xc8700000, 0xc8800000|  0%| F|  |TAMS 0xc8700000, 0xc8700000| Untracked 
|  44|0xc8800000, 0xc8800000, 0xc8900000|  0%| F|  |TAMS 0xc8800000, 0xc8800000| Untracked 
|  45|0xc8900000, 0xc8900000, 0xc8a00000|  0%| F|  |TAMS 0xc8900000, 0xc8900000| Untracked 
|  46|0xc8a00000, 0xc8a00000, 0xc8b00000|  0%| F|  |TAMS 0xc8a00000, 0xc8a00000| Untracked 
|  47|0xc8b00000, 0xc8b00000, 0xc8c00000|  0%| F|  |TAMS 0xc8b00000, 0xc8b00000| Untracked 
|  48|0xc8c00000, 0xc8c00000, 0xc8d00000|  0%| F|  |TAMS 0xc8c00000, 0xc8c00000| Untracked 
|  49|0xc8d00000, 0xc8d00000, 0xc8e00000|  0%| F|  |TAMS 0xc8d00000, 0xc8d00000| Untracked 
|  50|0xc8e00000, 0xc8e00000, 0xc8f00000|  0%| F|  |TAMS 0xc8e00000, 0xc8e00000| Untracked 
|  51|0xc8f00000, 0xc8f00000, 0xc9000000|  0%| F|  |TAMS 0xc8f00000, 0xc8f00000| Untracked 
|  52|0xc9000000, 0xc9000000, 0xc9100000|  0%| F|  |TAMS 0xc9000000, 0xc9000000| Untracked 
|  53|0xc9100000, 0xc9100000, 0xc9200000|  0%| F|  |TAMS 0xc9100000, 0xc9100000| Untracked 
|  54|0xc9200000, 0xc9200000, 0xc9300000|  0%| F|  |TAMS 0xc9200000, 0xc9200000| Untracked 
|  55|0xc9300000, 0xc9300000, 0xc9400000|  0%| F|  |TAMS 0xc9300000, 0xc9300000| Untracked 
|  56|0xc9400000, 0xc9400000, 0xc9500000|  0%| F|  |TAMS 0xc9400000, 0xc9400000| Untracked 
|  57|0xc9500000, 0xc9500000, 0xc9600000|  0%| F|  |TAMS 0xc9500000, 0xc9500000| Untracked 
|  58|0xc9600000, 0xc9600000, 0xc9700000|  0%| F|  |TAMS 0xc9600000, 0xc9600000| Untracked 
|  59|0xc9700000, 0xc9700000, 0xc9800000|  0%| F|  |TAMS 0xc9700000, 0xc9700000| Untracked 
|  60|0xc9800000, 0xc9800000, 0xc9900000|  0%| F|  |TAMS 0xc9800000, 0xc9800000| Untracked 
|  61|0xc9900000, 0xc9900000, 0xc9a00000|  0%| F|  |TAMS 0xc9900000, 0xc9900000| Untracked 
|  62|0xc9a00000, 0xc9a00000, 0xc9b00000|  0%| F|  |TAMS 0xc9a00000, 0xc9a00000| Untracked 
|  63|0xc9b00000, 0xc9b00000, 0xc9c00000|  0%| F|  |TAMS 0xc9b00000, 0xc9b00000| Untracked 
|  64|0xc9c00000, 0xc9c00000, 0xc9d00000|  0%| F|  |TAMS 0xc9c00000, 0xc9c00000| Untracked 
|  65|0xc9d00000, 0xc9d00000, 0xc9e00000|  0%| F|  |TAMS 0xc9d00000, 0xc9d00000| Untracked 
|  66|0xc9e00000, 0xc9e00000, 0xc9f00000|  0%| F|  |TAMS 0xc9e00000, 0xc9e00000| Untracked 
|  67|0xc9f00000, 0xc9f00000, 0xca000000|  0%| F|  |TAMS 0xc9f00000, 0xc9f00000| Untracked 
|  68|0xca000000, 0xca000000, 0xca100000|  0%| F|  |TAMS 0xca000000, 0xca000000| Untracked 
|  69|0xca100000, 0xca100000, 0xca200000|  0%| F|  |TAMS 0xca100000, 0xca100000| Untracked 
|  70|0xca200000, 0xca200000, 0xca300000|  0%| F|  |TAMS 0xca200000, 0xca200000| Untracked 
|  71|0xca300000, 0xca300000, 0xca400000|  0%| F|  |TAMS 0xca300000, 0xca300000| Untracked 
|  72|0xca400000, 0xca400000, 0xca500000|  0%| F|  |TAMS 0xca400000, 0xca400000| Untracked 
|  73|0xca500000, 0xca500000, 0xca600000|  0%| F|  |TAMS 0xca500000, 0xca500000| Untracked 
|  74|0xca600000, 0xca600000, 0xca700000|  0%| F|  |TAMS 0xca600000, 0xca600000| Untracked 
|  75|0xca700000, 0xca700000, 0xca800000|  0%| F|  |TAMS 0xca700000, 0xca700000| Untracked 
|  76|0xca800000, 0xca800000, 0xca900000|  0%| F|  |TAMS 0xca800000, 0xca800000| Untracked 
|  77|0xca900000, 0xca900000, 0xcaa00000|  0%| F|  |TAMS 0xca900000, 0xca900000| Untracked 
|  78|0xcaa00000, 0xcaa00000, 0xcab00000|  0%| F|  |TAMS 0xcaa00000, 0xcaa00000| Untracked 
|  79|0xcab00000, 0xcab00000, 0xcac00000|  0%| F|  |TAMS 0xcab00000, 0xcab00000| Untracked 
|  80|0xcac00000, 0xcac00000, 0xcad00000|  0%| F|  |TAMS 0xcac00000, 0xcac00000| Untracked 
|  81|0xcad00000, 0xcad00000, 0xcae00000|  0%| F|  |TAMS 0xcad00000, 0xcad00000| Untracked 
|  82|0xcae00000, 0xcae00000, 0xcaf00000|  0%| F|  |TAMS 0xcae00000, 0xcae00000| Untracked 
|  83|0xcaf00000, 0xcaf00000, 0xcb000000|  0%| F|  |TAMS 0xcaf00000, 0xcaf00000| Untracked 
|  84|0xcb000000, 0xcb000000, 0xcb100000|  0%| F|  |TAMS 0xcb000000, 0xcb000000| Untracked 
|  85|0xcb100000, 0xcb100000, 0xcb200000|  0%| F|  |TAMS 0xcb100000, 0xcb100000| Untracked 
|  86|0xcb200000, 0xcb200000, 0xcb300000|  0%| F|  |TAMS 0xcb200000, 0xcb200000| Untracked 
|  87|0xcb300000, 0xcb300000, 0xcb400000|  0%| F|  |TAMS 0xcb300000, 0xcb300000| Untracked 
|  88|0xcb400000, 0xcb400000, 0xcb500000|  0%| F|  |TAMS 0xcb400000, 0xcb400000| Untracked 
|  89|0xcb500000, 0xcb500000, 0xcb600000|  0%| F|  |TAMS 0xcb500000, 0xcb500000| Untracked 
|  90|0xcb600000, 0xcb600000, 0xcb700000|  0%| F|  |TAMS 0xcb600000, 0xcb600000| Untracked 
|  91|0xcb700000, 0xcb700000, 0xcb800000|  0%| F|  |TAMS 0xcb700000, 0xcb700000| Untracked 
|  92|0xcb800000, 0xcb800000, 0xcb900000|  0%| F|  |TAMS 0xcb800000, 0xcb800000| Untracked 
|  93|0xcb900000, 0xcb900000, 0xcba00000|  0%| F|  |TAMS 0xcb900000, 0xcb900000| Untracked 
|  94|0xcba00000, 0xcba00000, 0xcbb00000|  0%| F|  |TAMS 0xcba00000, 0xcba00000| Untracked 
|  95|0xcbb00000, 0xcbb00000, 0xcbc00000|  0%| F|  |TAMS 0xcbb00000, 0xcbb00000| Untracked 
|  96|0xcbc00000, 0xcbc00000, 0xcbd00000|  0%| F|  |TAMS 0xcbc00000, 0xcbc00000| Untracked 
|  97|0xcbd00000, 0xcbd00000, 0xcbe00000|  0%| F|  |TAMS 0xcbd00000, 0xcbd00000| Untracked 
|  98|0xcbe00000, 0xcbe00000, 0xcbf00000|  0%| F|  |TAMS 0xcbe00000, 0xcbe00000| Untracked 
|  99|0xcbf00000, 0xcbf00000, 0xcc000000|  0%| F|  |TAMS 0xcbf00000, 0xcbf00000| Untracked 
| 100|0xcc000000, 0xcc000000, 0xcc100000|  0%| F|  |TAMS 0xcc000000, 0xcc000000| Untracked 
| 101|0xcc100000, 0xcc100000, 0xcc200000|  0%| F|  |TAMS 0xcc100000, 0xcc100000| Untracked 
| 102|0xcc200000, 0xcc200000, 0xcc300000|  0%| F|  |TAMS 0xcc200000, 0xcc200000| Untracked 
| 103|0xcc300000, 0xcc300000, 0xcc400000|  0%| F|  |TAMS 0xcc300000, 0xcc300000| Untracked 
| 104|0xcc400000, 0xcc400000, 0xcc500000|  0%| F|  |TAMS 0xcc400000, 0xcc400000| Untracked 
| 105|0xcc500000, 0xcc500000, 0xcc600000|  0%| F|  |TAMS 0xcc500000, 0xcc500000| Untracked 
| 106|0xcc600000, 0xcc600000, 0xcc700000|  0%| F|  |TAMS 0xcc600000, 0xcc600000| Untracked 
| 107|0xcc700000, 0xcc700000, 0xcc800000|  0%| F|  |TAMS 0xcc700000, 0xcc700000| Untracked 
| 108|0xcc800000, 0xcc800000, 0xcc900000|  0%| F|  |TAMS 0xcc800000, 0xcc800000| Untracked 
| 109|0xcc900000, 0xcc900000, 0xcca00000|  0%| F|  |TAMS 0xcc900000, 0xcc900000| Untracked 
| 110|0xcca00000, 0xcca00000, 0xccb00000|  0%| F|  |TAMS 0xcca00000, 0xcca00000| Untracked 
| 111|0xccb00000, 0xccb00000, 0xccc00000|  0%| F|  |TAMS 0xccb00000, 0xccb00000| Untracked 
| 112|0xccc00000, 0xccc00000, 0xccd00000|  0%| F|  |TAMS 0xccc00000, 0xccc00000| Untracked 
| 113|0xccd00000, 0xccd00000, 0xcce00000|  0%| F|  |TAMS 0xccd00000, 0xccd00000| Untracked 
| 114|0xcce00000, 0xcce00000, 0xccf00000|  0%| F|  |TAMS 0xcce00000, 0xcce00000| Untracked 
| 115|0xccf00000, 0xccf00000, 0xcd000000|  0%| F|  |TAMS 0xccf00000, 0xccf00000| Untracked 
| 116|0xcd000000, 0xcd000000, 0xcd100000|  0%| F|  |TAMS 0xcd000000, 0xcd000000| Untracked 
| 117|0xcd100000, 0xcd100000, 0xcd200000|  0%| F|  |TAMS 0xcd100000, 0xcd100000| Untracked 
| 118|0xcd200000, 0xcd200000, 0xcd300000|  0%| F|  |TAMS 0xcd200000, 0xcd200000| Untracked 
| 119|0xcd300000, 0xcd300000, 0xcd400000|  0%| F|  |TAMS 0xcd300000, 0xcd300000| Untracked 
| 120|0xcd400000, 0xcd400000, 0xcd500000|  0%| F|  |TAMS 0xcd400000, 0xcd400000| Untracked 
| 121|0xcd500000, 0xcd500000, 0xcd600000|  0%| F|  |TAMS 0xcd500000, 0xcd500000| Untracked 
| 122|0xcd600000, 0xcd600000, 0xcd700000|  0%| F|  |TAMS 0xcd600000, 0xcd600000| Untracked 
| 123|0xcd700000, 0xcd700000, 0xcd800000|  0%| F|  |TAMS 0xcd700000, 0xcd700000| Untracked 
| 124|0xcd800000, 0xcd865988, 0xcd900000| 39%| E|  |TAMS 0xcd800000, 0xcd800000| Complete 
| 125|0xcd900000, 0xcd9b3170, 0xcda00000| 69%| E|  |TAMS 0xcd900000, 0xcd900000| Complete 
| 126|0xcda00000, 0xcdb00000, 0xcdb00000|100%| E|CS|TAMS 0xcda00000, 0xcda00000| Complete 
| 127|0xcdb00000, 0xcdc00000, 0xcdc00000|100%| E|CS|TAMS 0xcdb00000, 0xcdb00000| Complete 

Card table byte_map: [0xc5a00000,0xc5b00000] _byte_map_base: 0xc53d2000

Marking Bits (Prev, Next): (CMBitMap*) 0xf5e8b6e8, (CMBitMap*) 0xf5e8b708
 Prev Bits: [0xc5100000, 0xc5900000)
 Next Bits: [0xc4900000, 0xc5100000)

Polling page: 0xf7f42000

Metaspace:

Usage:
    1.06 MB used.

Virtual space:
     16.00 MB reserved,       1.12 MB (  7%) committed,  1 nodes.

Chunk freelists:
11.08 MB

MaxMetaspaceSize: 96.00 MB
No class space
Initial GC threshold: 16.00 MB
Current GC threshold: 16.00 MB
CDS: on
MetaspaceReclaimPolicy: balanced
 - commit_granule_bytes: 65536.
 - commit_granule_words: 16384.
 - virtual_space_node_default_size: 4194304.
 - enlarge_chunks_in_place: 1.
 - new_chunks_are_fully_committed: 0.
 - uncommit_free_chunks: 1.
 - use_allocation_guard: 0.
 - handle_deallocations: 1.


Internal statistics:

num_allocs_failed_limit: 0.
num_arena_births: 2.
num_arena_deaths: 0.
num_vsnodes_births: 1.
num_vsnodes_deaths: 0.
num_space_committed: 18.
num_space_uncommitted: 0.
num_chunks_returned_to_freelist: 0.
num_chunks_taken_from_freelist: 31.
num_chunk_merges: 0.
num_chunk_splits: 30.
num_chunks_enlarged: 29.
num_inconsistent_stats: 0.

CodeHeap 'non-profiled nmethods': size=120172Kb used=22Kb max_used=22Kb free=120149Kb
 bounds [0xed7f5000, 0xeda35000, 0xf4d50000]
CodeHeap 'profiled nmethods': size=120172Kb used=104Kb max_used=104Kb free=120067Kb
 bounds [0xe5d50000, 0xe5f90000, 0xed2ab000]
CodeHeap 'non-nmethods': size=5416Kb used=709Kb max_used=709Kb free=4707Kb
 bounds [0xed2ab000, 0xed4eb000, 0xed7f5000]
 total_blobs=417 nmethods=107 adapters=224
 compilation: enabled
              stopped_count=0, restarted_count=0
 full_count=0

Compilation events (20 events):
Event: 1.744 Thread 0xc42a0aa0   96       1       java.net.URL::getFile (5 bytes)
Event: 1.744 Thread 0xc42a0aa0 nmethod 96 0xed7f8f88 code [0xed7f90a0, 0xed7f9160]
Event: 1.744 Thread 0xc42a0aa0   97       1       java.net.URL::getHost (5 bytes)
Event: 1.744 Thread 0xc42a0aa0 nmethod 97 0xed7f9288 code [0xed7f93a0, 0xed7f9460]
Event: 1.744 Thread 0xc42a0aa0   99       1       java.net.URL::getPort (5 bytes)
Event: 1.744 Thread 0xc42a0aa0 nmethod 99 0xed7f9588 code [0xed7f96a0, 0xed7f9760]
Event: 1.744 Thread 0xc42a0aa0  101       1       java.net.URL::getAuthority (5 bytes)
Event: 1.744 Thread 0xc42a0aa0 nmethod 101 0xed7f9888 code [0xed7f99a0, 0xed7f9a60]
Event: 1.744 Thread 0xc42a0aa0  102       1       java.net.URL::getPath (5 bytes)
Event: 1.744 Thread 0xc42a0aa0 nmethod 102 0xed7f9b88 code [0xed7f9ca0, 0xed7f9d60]
Event: 1.744 Thread 0xc42a0aa0  103       1       java.net.URL::getQuery (5 bytes)
Event: 1.744 Thread 0xc42a0aa0 nmethod 103 0xed7f9e88 code [0xed7f9fa0, 0xed7fa060]
Event: 1.745 Thread 0xc42a0aa0  104       1       java.net.URL::getRef (5 bytes)
Event: 1.745 Thread 0xc42a0aa0 nmethod 104 0xed7fa188 code [0xed7fa2a0, 0xed7fa360]
Event: 1.745 Thread 0xc429f970   98       4       java.lang.String::isLatin1 (19 bytes)
Event: 1.745 Thread 0xc429f970 nmethod 98 0xed7fa488 code [0xed7fa5a0, 0xed7fa630]
Event: 1.745 Thread 0xc429f970  106       4       java.util.concurrent.ConcurrentHashMap::spread (10 bytes)
Event: 1.745 Thread 0xc429f970 nmethod 106 0xed7fa788 code [0xed7fa8a0, 0xed7fa910]
Event: 1.926 Thread 0xc42a0aa0  107       3       java.lang.CharacterDataLatin1::toLowerCase (39 bytes)
Event: 1.926 Thread 0xc42a0aa0 nmethod 107 0xe5d69e88 code [0xe5d69fc0, 0xe5d6a1c0]

GC Heap History (0 events):
No events

Dll operation events (1 events):
Event: 0.117 Loaded shared library /usr/lib/jvm/java-17-zulu-openjdk-jdk-x86/lib/libjava.so

Deoptimization events (0 events):
No events

Classes unloaded (0 events):
No events

Classes redefined (0 events):
No events

Internal exceptions (0 events):
No events

VM Operations (2 events):
Event: 1.819 Executing VM operation: Cleanup
Event: 1.819 Executing VM operation: Cleanup done

Events (20 events):
Event: 1.575 loading class java/lang/IndexOutOfBoundsException
Event: 1.575 loading class java/lang/IndexOutOfBoundsException done
Event: 1.576 loading class java/util/Stack
Event: 1.576 loading class java/util/Vector
Event: 1.576 loading class java/util/Vector done
Event: 1.577 loading class java/util/Stack done
Event: 1.580 loading class java/lang/InterruptedException
Event: 1.580 loading class java/lang/InterruptedException done
Event: 1.581 Protecting memory [0xc17fe000,0xc1802000] with protection modes 0
Event: 1.650 Thread 0x0b92f300 Thread added: 0x0b92f300
Event: 1.651 loading class java/io/FileNotFoundException
Event: 1.651 loading class java/io/FileNotFoundException done
Event: 1.652 loading class java/lang/ClassFormatError
Event: 1.652 loading class java/lang/ClassFormatError done
Event: 1.661 Protecting memory [0xc173d000,0xc1741000] with protection modes 0
Event: 1.735 loading class java/lang/CloneNotSupportedException
Event: 1.735 loading class java/lang/CloneNotSupportedException done
Event: 14.774 Thread 0x0b9278b0 Thread exited: 0x0b9278b0
Event: 14.788 Thread 0xf5e24490 Thread exited: 0xf5e24490
Event: 14.788 Thread 0xc429c510 Thread exited: 0xc429c510


Dynamic libraries:
08048000-09298000 r-xp 00000000 08:04 494947248                          /home/almalinux/swg-returns-nge/build/bin/SwgGameServer
09298000-0929c000 rw-p 0124f000 08:04 494947248                          /home/almalinux/swg-returns-nge/build/bin/SwgGameServer
0929c000-09b1f000 rw-p 00000000 00:00 0 
0a262000-0f0cf000 rw-p 00000000 00:00 0                                  [heap]
c173d000-c1741000 ---p 00000000 00:00 0 
c1741000-c17fe000 rw-p 00000000 00:00 0 
c17fe000-c1802000 ---p 00000000 00:00 0 
c1802000-c18bf000 rw-p 00000000 00:00 0 
c18bf000-c18c0000 ---p 00000000 00:00 0 
c18c0000-c1940000 rw-p 00000000 00:00 0 
c1940000-c1944000 ---p 00000000 00:00 0 
c1944000-c1a01000 rw-p 00000000 00:00 0 
c1a01000-c1a05000 ---p 00000000 00:00 0 
c1a05000-c1ac2000 rw-p 00000000 00:00 0 
c1ac2000-c1ac6000 ---p 00000000 00:00 0 
c1ac6000-c1b43000 rw-p 00000000 00:00 0 
c1b43000-c1b47000 ---p 00000000 00:00 0 
c1b47000-c1c04000 rw-p 00000000 00:00 0 
c1c04000-c1c08000 ---p 00000000 00:00 0 
c1c08000-c1cc5000 rw-p 00000000 00:00 0 
c1cc5000-c1cc9000 ---p 00000000 00:00 0 
c1cc9000-c1d86000 rw-p 00000000 00:00 0 
c1d86000-c2000000 r--p 00078000 08:04 535181                             /usr/lib/locale/locale-archive
c2000000-c2030000 rw-p 00000000 00:00 0 
c2030000-c2400000 ---p 00000000 00:00 0 
c2400000-c24f0000 rw-p 00000000 00:00 0 
c24f0000-c3000000 ---p 00000000 00:00 0 
c307e000-c327e000 r--p 00000000 08:04 535181                             /usr/lib/locale/locale-archive
c327e000-c3282000 ---p 00000000 00:00 0 
c3282000-c333f000 rw-p 00000000 00:00 0 
c333f000-c3343000 ---p 00000000 00:00 0 
c3343000-c3400000 rw-p 00000000 00:00 0 
c3400000-c3421000 rw-p 00000000 00:00 0 
c3421000-c3500000 ---p 00000000 00:00 0 
c3531000-c3535000 ---p 00000000 00:00 0 
c3535000-c35b2000 rw-p 00000000 00:00 0 
c35b2000-c35b3000 ---p 00000000 00:00 0 
c35b3000-c3633000 rw-p 00000000 00:00 0 
c3633000-c3f00000 rw-p 00001000 08:04 143240867                          /usr/lib/jvm/java-17-zulu-openjdk-jdk-x86/lib/server/classes.jsa
c3f00000-c3f21000 rw-p 00000000 00:00 0 
c3f21000-c4000000 ---p 00000000 00:00 0 
c407f000-c4080000 ---p 00000000 00:00 0 
c4080000-c4100000 rw-p 00000000 00:00 0 
c4100000-c4121000 rw-p 00000000 00:00 0 
c4121000-c4200000 ---p 00000000 00:00 0 
c4200000-c42d2000 rw-p 00000000 00:00 0 
c42d2000-c4300000 ---p 00000000 00:00 0 
c437f000-c4380000 ---p 00000000 00:00 0 
c4380000-c4400000 rw-p 00000000 00:00 0 
c4400000-c4421000 rw-p 00000000 00:00 0 
c4421000-c4500000 ---p 00000000 00:00 0 
c457f000-c4580000 ---p 00000000 00:00 0 
c4580000-c4600000 rw-p 00000000 00:00 0 
c4600000-c4657000 rw-p 00000000 00:00 0 
c4657000-c4700000 ---p 00000000 00:00 0 
c4700000-c472e000 rw-p 00000000 00:00 0 
c472e000-c4800000 ---p 00000000 00:00 0 
c487f000-c4880000 ---p 00000000 00:00 0 
c4880000-c4b00000 rw-p 00000000 00:00 0 
c4b00000-c5100000 ---p 00000000 00:00 0 
c5100000-c5300000 rw-p 00000000 00:00 0 
c5300000-c5900000 ---p 00000000 00:00 0 
c5900000-c5940000 rw-p 00000000 00:00 0 
c5940000-c5a00000 ---p 00000000 00:00 0 
c5a00000-c5a40000 rw-p 00000000 00:00 0 
c5a40000-c5b00000 ---p 00000000 00:00 0 
c5b00000-c5b40000 rw-p 00000000 00:00 0 
c5b40000-c5c00000 ---p 00000000 00:00 0 
c5c00000-cdc00000 rw-p 00000000 00:00 0 
cdc00000-e5c00000 ---p 00000000 00:00 0 
e5c65000-e5c6a000 rw-p 00000000 00:00 0 
e5c6a000-e5d50000 ---p 00000000 00:00 0 
e5d50000-e5f90000 rwxp 00000000 00:00 0 
e5f90000-ed2ab000 ---p 00000000 00:00 0 
ed2ab000-ed4eb000 rwxp 00000000 00:00 0 
ed4eb000-ed7f5000 ---p 00000000 00:00 0 
ed7f5000-eda35000 rwxp 00000000 00:00 0 
eda35000-f4d50000 ---p 00000000 00:00 0 
f4d50000-f4eb8000 r--s 00000000 08:04 117534333                          /usr/lib/jvm/java-17-zulu-openjdk-jdk-x86/lib/modules
f4eb8000-f5d5a000 r-xp 00000000 08:04 143240869                          /usr/lib/jvm/java-17-zulu-openjdk-jdk-x86/lib/server/libjvm.so
f5d5a000-f5daf000 r--p 00ea1000 08:04 143240869                          /usr/lib/jvm/java-17-zulu-openjdk-jdk-x86/lib/server/libjvm.so
f5daf000-f5dd0000 rw-p 00ef6000 08:04 143240869                          /usr/lib/jvm/java-17-zulu-openjdk-jdk-x86/lib/server/libjvm.so
f5dd0000-f5e00000 rw-p 00000000 00:00 0 
f5e00000-f5f00000 rw-p 00000000 00:00 0 
f5f07000-f5f08000 ---p 00000000 00:00 0 
f5f08000-f5f88000 rw-p 00000000 00:00 0 
f5f88000-f5f89000 ---p 00000000 00:00 0 
f5f89000-f5f8d000 ---p 00000000 00:00 0 
f5f8d000-f6b01000 rw-p 00000000 00:00 0 
f6b24000-f6b29000 rw-p 00000000 00:00 0 
f6b29000-f6c0f000 ---p 00000000 00:00 0 
f6e5d000-f6e86000 rw-p 00000000 00:00 0 
f6e86000-f6ea9000 r-xp 00000000 08:04 117534310                          /usr/lib/jvm/java-17-zulu-openjdk-jdk-x86/lib/libjava.so
f6ea9000-f6eaa000 r--p 00022000 08:04 117534310                          /usr/lib/jvm/java-17-zulu-openjdk-jdk-x86/lib/libjava.so
f6eaa000-f6eab000 rw-p 00023000 08:04 117534310                          /usr/lib/jvm/java-17-zulu-openjdk-jdk-x86/lib/libjava.so
f6eab000-f6eb7000 r-xp 00000000 08:04 16831767                           /usr/lib/libnss_files-2.28.so
f6eb7000-f6eb8000 r--p 0000b000 08:04 16831767                           /usr/lib/libnss_files-2.28.so
f6eb8000-f6eb9000 rw-p 0000c000 08:04 16831767                           /usr/lib/libnss_files-2.28.so
f6eb9000-f6ebf000 rw-p 00000000 00:00 0 
f6ec5000-f6eca000 rw-p 00000000 00:00 0 
f6eca000-f6ed0000 ---p 00000000 00:00 0 
f6ed0000-f6eeb000 r-xp 00000000 08:04 117534314                          /usr/lib/jvm/java-17-zulu-openjdk-jdk-x86/lib/libjimage.so
f6eeb000-f6eec000 ---p 0001b000 08:04 117534314                          /usr/lib/jvm/java-17-zulu-openjdk-jdk-x86/lib/libjimage.so
f6eec000-f6eed000 r--p 0001b000 08:04 117534314                          /usr/lib/jvm/java-17-zulu-openjdk-jdk-x86/lib/libjimage.so
f6eed000-f6eee000 rw-p 0001c000 08:04 117534314                          /usr/lib/jvm/java-17-zulu-openjdk-jdk-x86/lib/libjimage.so
f6eee000-f6ef2000 rw-p 00000000 00:00 0 
f6ef2000-f6f7a000 r-xp 00000000 08:04 17191875                           /usr/lib/libpcre2-8.so.0.7.1
f6f7a000-f6f7b000 r--p 00087000 08:04 17191875                           /usr/lib/libpcre2-8.so.0.7.1
f6f7b000-f6f7c000 rw-p 00088000 08:04 17191875                           /usr/lib/libpcre2-8.so.0.7.1
f6f7c000-f6f9c000 r-xp 00000000 08:04 17021543                           /usr/lib/libcrypt.so.1.1.0
f6f9c000-f6f9d000 ---p 00020000 08:04 17021543                           /usr/lib/libcrypt.so.1.1.0
f6f9d000-f6f9e000 r--p 00020000 08:04 17021543                           /usr/lib/libcrypt.so.1.1.0
f6f9e000-f6fa7000 rw-p 00000000 00:00 0 
f6fa7000-f6fd2000 r-xp 00000000 08:04 17191887                           /usr/lib/libselinux.so.1
f6fd2000-f6fd3000 ---p 0002b000 08:04 17191887                           /usr/lib/libselinux.so.1
f6fd3000-f6fd4000 r--p 0002b000 08:04 17191887                           /usr/lib/libselinux.so.1
f6fd4000-f6fd5000 rw-p 0002c000 08:04 17191887                           /usr/lib/libselinux.so.1
f6fd5000-f6fd6000 rw-p 00000000 00:00 0 
f6fd6000-f6ff5000 r-xp 00000000 08:04 18866589                           /usr/lib/libbrotlicommon.so.1.0.6
f6ff5000-f6ff6000 r--p 0001e000 08:04 18866589                           /usr/lib/libbrotlicommon.so.1.0.6
f6ff6000-f6ff7000 rw-p 0001f000 08:04 18866589                           /usr/lib/libbrotlicommon.so.1.0.6
f6ff7000-f7015000 r-xp 00000000 08:04 17191915                           /usr/lib/libsasl2.so.3.0.0
f7015000-f7016000 ---p 0001e000 08:04 17191915                           /usr/lib/libsasl2.so.3.0.0
f7016000-f7017000 r--p 0001e000 08:04 17191915                           /usr/lib/libsasl2.so.3.0.0
f7017000-f7018000 rw-p 0001f000 08:04 17191915                           /usr/lib/libsasl2.so.3.0.0
f7018000-f701a000 rw-p 00000000 00:00 0 
f701a000-f702e000 r-xp 00000000 08:04 16831772                           /usr/lib/libresolv-2.28.so
f702e000-f702f000 ---p 00014000 08:04 16831772                           /usr/lib/libresolv-2.28.so
f702f000-f7030000 r--p 00014000 08:04 16831772                           /usr/lib/libresolv-2.28.so
f7030000-f7031000 rw-p 00015000 08:04 16831772                           /usr/lib/libresolv-2.28.so
f7031000-f7033000 rw-p 00000000 00:00 0 
f7033000-f7036000 r-xp 00000000 08:04 17191893                           /usr/lib/libkeyutils.so.1.6
f7036000-f7037000 ---p 00003000 08:04 17191893                           /usr/lib/libkeyutils.so.1.6
f7037000-f7038000 r--p 00003000 08:04 17191893                           /usr/lib/libkeyutils.so.1.6
f7038000-f7039000 rw-p 00000000 00:00 0 
f7039000-f7049000 r-xp 00000000 08:04 17021560                           /usr/lib/libkrb5support.so.0.1
f7049000-f704a000 r--p 0000f000 08:04 17021560                           /usr/lib/libkrb5support.so.0.1
f704a000-f704b000 rw-p 00010000 08:04 17021560                           /usr/lib/libkrb5support.so.0.1
f704b000-f7053000 r-xp 00000000 08:04 16831774                           /usr/lib/librt-2.28.so
f7053000-f7054000 r--p 00007000 08:04 16831774                           /usr/lib/librt-2.28.so
f7054000-f7055000 rw-p 00008000 08:04 16831774                           /usr/lib/librt-2.28.so
f7055000-f71d4000 r-xp 00000000 08:04 17021545                           /usr/lib/libunistring.so.2.1.0
f71d4000-f71d5000 ---p 0017f000 08:04 17021545                           /usr/lib/libunistring.so.2.1.0
f71d5000-f71d7000 r--p 0017f000 08:04 17021545                           /usr/lib/libunistring.so.2.1.0
f71d7000-f71d8000 rw-p 00181000 08:04 17021545                           /usr/lib/libunistring.so.2.1.0
f71d8000-f7202000 r-xp 00000000 08:04 18654292                           /usr/lib/liblzma.so.5.2.4
f7202000-f7203000 r--p 00029000 08:04 18654292                           /usr/lib/liblzma.so.5.2.4
f7203000-f7204000 rw-p 00000000 00:00 0 
f7204000-f7210000 r-xp 00000000 08:04 17191936                           /usr/lib/libbrotlidec.so.1.0.6
f7210000-f7211000 r--p 0000b000 08:04 17191936                           /usr/lib/libbrotlidec.so.1.0.6
f7211000-f7212000 rw-p 00000000 00:00 0 
f7212000-f7221000 r-xp 00000000 08:04 17191918                           /usr/lib/liblber-2.4.so.2.10.9
f7221000-f7222000 r--p 0000e000 08:04 17191918                           /usr/lib/liblber-2.4.so.2.10.9
f7222000-f7223000 rw-p 0000f000 08:04 17191918                           /usr/lib/liblber-2.4.so.2.10.9
f7223000-f7278000 r-xp 00000000 08:04 17191920                           /usr/lib/libldap-2.4.so.2.10.9
f7278000-f7279000 ---p 00055000 08:04 17191920                           /usr/lib/libldap-2.4.so.2.10.9
f7279000-f727a000 r--p 00055000 08:04 17191920                           /usr/lib/libldap-2.4.so.2.10.9
f727a000-f727b000 rw-p 00056000 08:04 17191920                           /usr/lib/libldap-2.4.so.2.10.9
f727b000-f727d000 rw-p 00000000 00:00 0 
f727d000-f7280000 r-xp 00000000 08:04 16994899                           /usr/lib/libcom_err.so.2.1
f7280000-f7281000 r--p 00002000 08:04 16994899                           /usr/lib/libcom_err.so.2.1
f7281000-f7282000 rw-p 00003000 08:04 16994899                           /usr/lib/libcom_err.so.2.1
f7282000-f7298000 r-xp 00000000 08:04 17021552                           /usr/lib/libk5crypto.so.3.1
f7298000-f7299000 ---p 00016000 08:04 17021552                           /usr/lib/libk5crypto.so.3.1
f7299000-f729a000 r--p 00016000 08:04 17021552                           /usr/lib/libk5crypto.so.3.1
f729a000-f729b000 rw-p 00017000 08:04 17021552                           /usr/lib/libk5crypto.so.3.1
f729b000-f737e000 r-xp 00000000 08:04 17021558                           /usr/lib/libkrb5.so.3.3
f737e000-f7385000 r--p 000e2000 08:04 17021558                           /usr/lib/libkrb5.so.3.3
f7385000-f7386000 rw-p 000e9000 08:04 17021558                           /usr/lib/libkrb5.so.3.3
f7386000-f73e1000 r-xp 00000000 08:04 17021548                           /usr/lib/libgssapi_krb5.so.2.2
f73e1000-f73e3000 r--p 0005a000 08:04 17021548                           /usr/lib/libgssapi_krb5.so.2.2
f73e3000-f73e4000 rw-p 0005c000 08:04 17021548                           /usr/lib/libgssapi_krb5.so.2.2
f73e4000-f7695000 r-xp 00000000 08:04 18627877                           /usr/lib/libcrypto.so.1.1.1k
f7695000-f76ae000 r--p 002b0000 08:04 18627877                           /usr/lib/libcrypto.so.1.1.1k
f76ae000-f76b0000 rw-p 002c9000 08:04 18627877                           /usr/lib/libcrypto.so.1.1.1k
f76b0000-f76b4000 rw-p 00000000 00:00 0 
f76b4000-f7746000 r-xp 00000000 08:04 18627879                           /usr/lib/libssl.so.1.1.1k
f7746000-f774c000 r--p 00091000 08:04 18627879                           /usr/lib/libssl.so.1.1.1k
f774c000-f7750000 rw-p 00097000 08:04 18627879                           /usr/lib/libssl.so.1.1.1k
f7750000-f7760000 r-xp 00000000 08:04 18660120                           /usr/lib/libpsl.so.5.3.1
f7760000-f7761000 r--p 0000f000 08:04 18660120                           /usr/lib/libpsl.so.5.3.1
f7761000-f7762000 rw-p 00000000 00:00 0 
f7762000-f77df000 r-xp 00000000 08:04 16994901                           /usr/lib/libssh.so.4.8.7
f77df000-f77e0000 ---p 0007d000 08:04 16994901                           /usr/lib/libssh.so.4.8.7
f77e0000-f77e1000 r--p 0007d000 08:04 16994901                           /usr/lib/libssh.so.4.8.7
f77e1000-f77e2000 rw-p 0007e000 08:04 16994901                           /usr/lib/libssh.so.4.8.7
f77e2000-f77ff000 r-xp 00000000 08:04 17040588                           /usr/lib/libidn2.so.0.3.6
f77ff000-f7800000 r--p 0001c000 08:04 17040588                           /usr/lib/libidn2.so.0.3.6
f7800000-f7801000 rw-p 00000000 00:00 0 
f7801000-f7829000 r-xp 00000000 08:04 17191891                           /usr/lib/libnghttp2.so.14.17.0
f7829000-f782a000 r--p 00027000 08:04 17191891                           /usr/lib/libnghttp2.so.14.17.0
f782a000-f782c000 rw-p 00028000 08:04 17191891                           /usr/lib/libnghttp2.so.14.17.0
f782c000-f79ce000 r-xp 00000000 08:04 16831756                           /usr/lib/libc-2.28.so
f79ce000-f79cf000 ---p 001a2000 08:04 16831756                           /usr/lib/libc-2.28.so
f79cf000-f79d1000 r--p 001a2000 08:04 16831756                           /usr/lib/libc-2.28.so
f79d1000-f79d2000 rw-p 001a4000 08:04 16831756                           /usr/lib/libc-2.28.so
f79d2000-f79d7000 rw-p 00000000 00:00 0 
f79d7000-f79f2000 r-xp 00000000 08:04 16985139                           /usr/lib/libgcc_s-8-20210514.so.1
f79f2000-f79f3000 r--p 0001a000 08:04 16985139                           /usr/lib/libgcc_s-8-20210514.so.1
f79f3000-f79f4000 rw-p 0001b000 08:04 16985139                           /usr/lib/libgcc_s-8-20210514.so.1
f79f4000-f7ac4000 r-xp 00000000 08:04 16831760                           /usr/lib/libm-2.28.so
f7ac4000-f7ac5000 r--p 000cf000 08:04 16831760                           /usr/lib/libm-2.28.so
f7ac5000-f7ac6000 rw-p 000d0000 08:04 16831760                           /usr/lib/libm-2.28.so
f7ac6000-f7c4f000 r-xp 00000000 08:04 16985145                           /usr/lib/libstdc++.so.6.0.25
f7c4f000-f7c50000 ---p 00189000 08:04 16985145                           /usr/lib/libstdc++.so.6.0.25
f7c50000-f7c56000 r--p 00189000 08:04 16985145                           /usr/lib/libstdc++.so.6.0.25
f7c56000-f7c57000 rw-p 0018f000 08:04 16985145                           /usr/lib/libstdc++.so.6.0.25
f7c57000-f7c59000 rw-p 00000000 00:00 0 
f7c59000-f7c70000 r-xp 00000000 08:04 16963437                           /usr/lib/libz.so.1.2.11
f7c70000-f7c71000 ---p 00017000 08:04 16963437                           /usr/lib/libz.so.1.2.11
f7c71000-f7c72000 r--p 00017000 08:04 16963437                           /usr/lib/libz.so.1.2.11
f7c72000-f7c73000 rw-p 00000000 00:00 0 
f7c73000-f7df0000 r-xp 00000000 08:04 16963397                           /usr/lib/libxml2.so.2.9.7
f7df0000-f7df5000 r--p 0017c000 08:04 16963397                           /usr/lib/libxml2.so.2.9.7
f7df5000-f7df6000 rw-p 00181000 08:04 16963397                           /usr/lib/libxml2.so.2.9.7
f7df6000-f7df7000 rw-p 00000000 00:00 0 
f7df7000-f7e13000 r-xp 00000000 08:04 16831770                           /usr/lib/libpthread-2.28.so
f7e13000-f7e14000 r--p 0001b000 08:04 16831770                           /usr/lib/libpthread-2.28.so
f7e14000-f7e15000 rw-p 0001c000 08:04 16831770                           /usr/lib/libpthread-2.28.so
f7e15000-f7e17000 rw-p 00000000 00:00 0 
f7e17000-f7e8b000 r-xp 00000000 08:04 16818911                           /usr/lib/libpcre.so.1.2.10
f7e8b000-f7e8c000 ---p 00074000 08:04 16818911                           /usr/lib/libpcre.so.1.2.10
f7e8c000-f7e8d000 r--p 00074000 08:04 16818911                           /usr/lib/libpcre.so.1.2.10
f7e8d000-f7e8e000 rw-p 00075000 08:04 16818911                           /usr/lib/libpcre.so.1.2.10
f7e8e000-f7e91000 r-xp 00000000 08:04 16831758                           /usr/lib/libdl-2.28.so
f7e91000-f7e92000 r--p 00002000 08:04 16831758                           /usr/lib/libdl-2.28.so
f7e92000-f7e93000 rw-p 00003000 08:04 16831758                           /usr/lib/libdl-2.28.so
f7e93000-f7f30000 r-xp 00000000 08:04 16994905                           /usr/lib/libcurl.so.4.5.0
f7f30000-f7f32000 r--p 0009c000 08:04 16994905                           /usr/lib/libcurl.so.4.5.0
f7f32000-f7f33000 rw-p 0009e000 08:04 16994905                           /usr/lib/libcurl.so.4.5.0
f7f33000-f7f3a000 r--s 00000000 08:04 176632422                          /usr/lib/gconv/gconv-modules.cache
f7f3a000-f7f42000 rw-s 00000000 08:04 151636366                          /tmp/hsperfdata_almalinux/1393546 (deleted)
f7f42000-f7f43000 ---p 00000000 00:00 0 
f7f43000-f7f44000 r--p 00000000 00:00 0 
f7f44000-f7f46000 rw-p 00000000 00:00 0 
f7f46000-f7f4a000 r--p 00000000 00:00 0                                  [vvar]
f7f4a000-f7f4c000 r-xp 00000000 00:00 0                                  [vdso]
f7f4c000-f7f7b000 r-xp 00000000 08:04 16831749                           /usr/lib/ld-2.28.so
f7f7b000-f7f7c000 ---p 00000000 00:00 0 
f7f7c000-f7f7d000 r--p 0002f000 08:04 16831749                           /usr/lib/ld-2.28.so
f7f7d000-f7f7e000 rw-p 00030000 08:04 16831749                           /usr/lib/ld-2.28.so
ffcc5000-ffcc6000 rwxp 00000000 00:00 0 
ffdce000-ffe8a000 rw-p 00000000 00:00 0                                  [stack]


VM Arguments:
jvm_args: -Xms128m -Xmx512m -Xss768k -XX:MaxMetaspaceSize=96m -Xrs -XX:-UsePerfData -XX:-AllowUserSignalHandlers -XX:UseSSE=3 -XX+DoEscapeAnalysis -XX:AutoBoxCacheMax:2000 -XX:+OptimizeStringConcat -XX:+OptimizeFill -XX:+EliminateAutoBox -XX:+UseCompressedStrings -XX:+UseCompressedOops -XX:+EliminateLocks -XX:UseFastAccessorMethods -XX:+UseStringCache -XgcPrio:throughput -XXkeepAreaRatio:1 -XXlazyUnlocking -XXcallProfiling -XXcompactRatio:1 
java_command: <unknown>
java_class_path (initial): ../../data/sku.0/sys.server/compiled/game/
Launcher Type: generic

[Global flags]
     intx CICompilerCount                          = 3                                         {product} {ergonomic}
     uint ConcGCThreads                            = 1                                         {product} {ergonomic}
     uint G1ConcRefinementThreads                  = 4                                         {product} {ergonomic}
   size_t G1HeapRegionSize                         = 1048576                                   {product} {ergonomic}
    uintx GCDrainStackTargetSize                   = 64                                        {product} {ergonomic}
   size_t InitialHeapSize                          = 134217728                                 {product} {command line}
   size_t MarkStackSize                            = 32768                                     {product} {ergonomic}
   size_t MaxHeapSize                              = 536870912                                 {product} {command line}
   size_t MaxMetaspaceSize                         = 100663296                                 {product} {command line}
   size_t MaxNewSize                               = 321912832                                 {product} {ergonomic}
   size_t MinHeapDeltaBytes                        = 1048576                                   {product} {ergonomic}
   size_t MinHeapSize                              = 134217728                                 {product} {command line}
    uintx NonNMethodCodeHeapSize                   = 5544422                                {pd product} {ergonomic}
    uintx NonProfiledCodeHeapSize                  = 123056909                              {pd product} {ergonomic}
    uintx ProfiledCodeHeapSize                     = 123056909                              {pd product} {ergonomic}
    uintx ReservedCodeCacheSize                    = 251658240                              {pd product} {ergonomic}
     bool SegmentedCodeCache                       = true                                      {product} {ergonomic}
   size_t SoftMaxHeapSize                          = 536870912                              {manageable} {ergonomic}
   double SweeperThreshold                         = 0.500000                                  {product} {ergonomic}
     intx ThreadStackSize                          = 768                                    {pd product} {command line}
     bool UseG1GC                                  = true                                      {product} {ergonomic}

Logging:
Log output configuration:
 #0: stdout all=off uptime,level,tags
 #1: stderr all=off uptime,level,tags

Environment Variables:
JAVA_HOME=/usr/lib/jvm/zulu-17-x86
PATH=/usr/java/jdk1.7.0_80/bin:/usr/java/jdk1.7.0_80/bin:/usr/java/jdk1.6.0_45/bin:/usr/java/jdk1.6.0_45/bin:/usr/java/jdk1.6.0_45/bin:/home/almalinux/.local/bin:/home/almalinux/bin:/sbin:/bin:/usr/bin:/usr/local/bin:/usr/local/sbin:/usr/sbin:/usr/lib/oracle/18.3/client/bin:/usr/lib/oracle/18.3/client/bin:/usr/lib/jvm/java-11-openjdk/bin:./
LD_LIBRARY_PATH=/usr/lib/jvm/java-17-zulu-openjdk-jdk-x86/lib/server:/usr/lib/jvm/java-17-zulu-openjdk-jdk-x86/lib:/usr/lib/jvm/java-17-zulu-openjdk-jdk-x86/../lib:/usr/lib/jvm/zulu-17-x86/lib/server:/usr/lib/oracle/18.3/client/lib:/usr/include/oracle/18.3/client:/usr/lib/jvm/java-11-openjdk/lib:/usr/lib/jvm/java-11-openjdk/lib/server:./
SHELL=/bin/bash
DISPLAY=:10.0
LANG=en_US.UTF-8
TERM=xterm-256color

Active Locale:
LC_ALL=en_US.UTF-8
LC_COLLATE=en_US.UTF-8
LC_CTYPE=en_US.UTF-8
LC_MESSAGES=en_US.UTF-8
LC_MONETARY=en_US.UTF-8
LC_NUMERIC=en_US.UTF-8
LC_TIME=en_US.UTF-8

Signal Handlers:
   SIGSEGV: crash_handler in libjvm.so, mask=11100100010111111101111111111110, flags=SA_RESTART|SA_SIGINFO, unblocked
    SIGBUS: crash_handler in libjvm.so, mask=11100100010111111101111111111110, flags=SA_RESTART|SA_SIGINFO, unblocked
    SIGFPE: crash_handler in libjvm.so, mask=11100100010111111101111111111110, flags=SA_RESTART|SA_SIGINFO, unblocked
   SIGPIPE: SIG_IGN, mask=00000000000010000000000000000000, flags=SA_RESTART, blocked
  *** Handler was modified!
  *** Expected: javaSignalHandler in libjvm.so, mask=11100100110111111111111111111110, flags=SA_RESTART|SA_SIGINFO
   SIGXFSZ: javaSignalHandler in libjvm.so, mask=11100100010111111101111111111110, flags=SA_RESTART|SA_SIGINFO, blocked
    SIGILL: crash_handler in libjvm.so, mask=11100100010111111101111111111110, flags=SA_RESTART|SA_SIGINFO, unblocked
   SIGUSR2: SR_handler in libjvm.so, mask=00100000000000000000000000000000, flags=SA_RESTART|SA_SIGINFO, blocked
    SIGHUP: UserHandler in libjvm.so, mask=11100100010111111101111111111110, flags=SA_RESTART|SA_SIGINFO, blocked
    SIGINT: UserHandler in libjvm.so, mask=11100100010111111101111111111110, flags=SA_RESTART|SA_SIGINFO, blocked
   SIGTERM: UserHandler in libjvm.so, mask=11100100010111111101111111111110, flags=SA_RESTART|SA_SIGINFO, blocked
   SIGQUIT: UserHandler in libjvm.so, mask=11100100010111111101111111111110, flags=SA_RESTART|SA_SIGINFO, blocked
   SIGTRAP: crash_handler in libjvm.so, mask=11100100010111111101111111111110, flags=SA_RESTART|SA_SIGINFO, unblocked


Periodic native trim disabled


---------------  S Y S T E M  ---------------

OS:
AlmaLinux release 8.10 (Cerulean Leopard)
uname: Linux 4.18.0-553.81.1.el8_10.x86_64 #1 SMP Mon Oct 27 11:29:19 EDT 2025 x86_64
OS uptime: 33 days 16:30 hours
libc: glibc 2.28 NPTL 2.28 
rlimit (soft/hard): STACK 8192k/infinity , CORE 0k/infinity , NPROC 61995/61995 , NOFILE 262144/262144 , AS infinity/infinity , CPU infinity/infinity , DATA infinity/infinity , FSIZE infinity/infinity , MEMLOCK 64k/64k
load average: 40.72 41.53 35.53

/proc/meminfo:
MemTotal:       16014448 kB
MemFree:         8650328 kB
MemAvailable:   10104592 kB
Buffers:             968 kB
Cached:          3665104 kB
SwapCached:        52228 kB
Active:          2710628 kB
Inactive:        4115788 kB
Active(anon):    2060196 kB
Inactive(anon):  3278852 kB
Active(file):     650432 kB
Inactive(file):   836936 kB
Unevictable:        3104 kB
Mlocked:              16 kB
SwapTotal:       8388604 kB
SwapFree:        6773048 kB
Dirty:              1508 kB
Writeback:             0 kB
AnonPages:       3128160 kB
Mapped:          1608440 kB
Shmem:           2178704 kB
KReclaimable:     143940 kB
Slab:             267420 kB
SReclaimable:     143940 kB
SUnreclaim:       123480 kB
KernelStack:       22268 kB
PageTables:       145456 kB
NFS_Unstable:          0 kB
Bounce:                0 kB
WritebackTmp:          0 kB
CommitLimit:    16395828 kB
Committed_AS:   20346104 kB
VmallocTotal:   34359738367 kB
VmallocUsed:       68412 kB
VmallocChunk:          0 kB
Percpu:             2704 kB
HardwareCorrupted:     0 kB
AnonHugePages:         0 kB
ShmemHugePages:        0 kB
ShmemPmdMapped:        0 kB
FileHugePages:         0 kB
FilePmdMapped:         0 kB
HugePages_Total:       0
HugePages_Free:        0
HugePages_Rsvd:        0
HugePages_Surp:        0
Hugepagesize:       2048 kB
Hugetlb:               0 kB
DirectMap4k:     2565996 kB
DirectMap2M:    13817856 kB

/sys/kernel/mm/transparent_hugepage/enabled: always madvise [never]
/sys/kernel/mm/transparent_hugepage/hpage_pmd_size: 2097152
/sys/kernel/mm/transparent_hugepage/defrag (defrag/compaction efforts parameter): always defer defer+madvise [madvise] never

Process Memory:
Virtual Size: 996048K (peak: 1011132K)
Resident Set Size: 132740K (peak: 144536K) (anon: 101208K, file: 31532K, shmem: 0K)
Swapped out: 0K
C-Heap outstanding allocations: 16051K, retained: 70732K
glibc malloc tunables: (default)

/proc/sys/kernel/threads-max (system-wide limit on the number of threads): 123991
/proc/sys/vm/max_map_count (maximum number of memory map areas a process may have): 1677720
/proc/sys/kernel/pid_max (system-wide limit on number of process identifiers): 4194304

container (cgroup) information:
container_type: cgroupv1
cpu_cpuset_cpus: 0-3
cpu_memory_nodes: 0
active_processor_count: 4
cpu_quota: no quota
cpu_period: 100000
cpu_shares: no shares
memory_limit_in_bytes: unlimited
memory_and_swap_limit_in_bytes: unlimited
memory_soft_limit_in_bytes: unlimited
memory_usage_in_bytes: 6210236 k
memory_max_usage_in_bytes: 14783012 k
kernel_memory_usage_in_bytes: 202524 k
kernel_memory_max_usage_in_bytes: unlimited
kernel_memory_limit_in_bytes: 985464 k
maximum number of tasks: unlimited
current number of tasks: 604

KVM virtualization detected
Steal ticks since vm start: 3
Steal ticks percentage since vm start:  0.000

CPU: total 4 (initial active 4) (1 cores per cpu, 1 threads per core) family 6 model 60 stepping 1 microcode 0x1, cx8, cmov, fxsr, mmx, sse, sse2, sse3, ssse3, sse4.1, sse4.2, popcnt, lzcnt, tsc, avx, avx2, aes, erms, clmul, bmi1, bmi2, fma, vzeroupper, clflush, hv
CPU Model and flags from /proc/cpuinfo:
model name	: Intel Core Processor (Haswell, no TSX)
flags		: fpu vme de pse tsc msr pae mce cx8 apic sep mtrr pge mca cmov pat pse36 clflush mmx fxsr sse sse2 syscall nx rdtscp lm constant_tsc rep_good nopl xtopology cpuid tsc_known_freq pni pclmulqdq vmx ssse3 fma cx16 pcid sse4_1 sse4_2 x2apic movbe popcnt tsc_deadline_timer aes xsave avx f16c rdrand hypervisor lahf_lm abm cpuid_fault invpcid_single pti tpr_shadow vnmi flexpriority ept vpid ept_ad fsgsbase bmi1 avx2 smep bmi2 erms invpcid xsaveopt arat md_clear

Online cpus: 0-3
Offline cpus: 
BIOS frequency limitation: <Not Available>
Frequency switch latency (ns): <Not Available>
Available cpu frequencies: <Not Available>
Current governor: <Not Available>
Core performance/turbo boost: <Not Available>

Memory: 4k page, physical 16014448k(8650328k free), swap 8388604k(6773048k free)
Page Sizes: 4k

vm_info: OpenJDK Server VM (17.0.11+9-LTS) for linux-x86 JRE (17.0.11+9-LTS) (Zulu17.50+19-CA), built on Apr  9 2024 07:14:46 by "zulu_re" with gcc 8.3.0

END.
