#
# A fatal error has been detected by the Java Runtime Environment:
#
#  SIGSEGV (0xb) at pc=0xf784c618, pid=1381132, tid=1381132
#
# JRE version: OpenJDK Runtime Environment Zulu17.50+19-CA (17.0.11+9) (build 17.0.11+9-LTS)
# Java VM: OpenJDK Server VM Zulu17.50+19-CA (17.0.11+9-LTS, mixed mode, sharing, tiered, g1 gc, linux-x86)
# Problematic frame:
# C  [libc.so.6+0x84618]  cfree+0x28
#
# Core dump will be written. Default location: Core dumps may be processed with "/usr/lib/systemd/systemd-coredump %P %u %g %s %t %c %h %e" (or dumping to /home/almalinux/swg-returns-nge/exe/linux/core.1381132)
#
# If you would like to submit a bug report, please visit:
#   http://www.azul.com/support/
#

---------------  S U M M A R Y ------------

Command Line: -Xms128m -Xmx512m -Xss768k -XX:MaxMetaspaceSize=96m -Xrs -XX:-UsePerfData -XX:-AllowUserSignalHandlers -XX:UseSSE=3 -XX+DoEscapeAnalysis -XX:AutoBoxCacheMax:2000 -XX:+OptimizeStringConcat -XX:+OptimizeFill -XX:+EliminateAutoBox -XX:+UseCompressedStrings -XX:+UseCompressedOops -XX:+EliminateLocks -XX:UseFastAccessorMethods -XX:+UseStringCache -XgcPrio:throughput -XXkeepAreaRatio:1 -XXlazyUnlocking -XXcallProfiling -XXcompactRatio:1 

Host: Intel Core Processor (Haswell, no TSX), 4 cores, 15G, AlmaLinux release 8.10 (Cerulean Leopard)
Time: Sun Jan 25 12:25:03 2026 UTC elapsed time: 782.239068 seconds (0d 0h 13m 2s)

---------------  T H R E A D  ---------------

Current thread is native thread

Stack: [0xff993000,0xffa53000],  sp=0xffa4f800,  free space=754k
Native frames: (J=compiled Java code, j=interpreted, Vv=VM code, C=native code)
C  [libc.so.6+0x84618]  cfree+0x28


siginfo: si_signo: 11 (SIGSEGV), si_code: 1 (SEGV_MAPERR), si_addr: 0x00000003

Registers:
EAX=0x00000000, EBX=0x00000007, ECX=0xf6e8a84c, EDX=0x0aaeae48
ESP=0xffa4f800, EBP=0xffa4f938, ESI=0xf796d000, EDI=0x00000000
EIP=0xf784c618, EFLAGS=0x00210202, CR2=0x0000000000000003


Top of Stack: (sp=0xffa4f800)
0xffa4f800:   0a76e010 00000000 ffa4f938 f7ad9f1c
0xffa4f810:   0a76e0a0 f7bf0a04 0aaeae20 f7ad9f1c
0xffa4f820:   00000007 f7ad9f0a f7bf0a04 f7ad9f4c
0xffa4f830:   0a76e0a0 f7ad9f0a 0aaeebc0 085b6163
0xffa4f840:   00000007 0a76e010 0a76dd20 085bb8d1
0xffa4f850:   0a76e010 0a76dd20 00000000 085bb89b
0xffa4f860:   0bf8ce40 ffa4f887 ffa4f8ac 085c6969
0xffa4f870:   087d6c00 ffa4f8ac ffa4f938 084fc53b
0xffa4f880:   00000014 00010002 00000000 00000000
0xffa4f890:   01010100 00000001 09aa44c0 00000000
0xffa4f8a0:   00000000 00000000 00000000 00000000
0xffa4f8b0:   00000000 00000015 ffa4fa08 f77fd6ff
0xffa4f8c0:   f796d41c 47677753 53656d61 65767265
0xffa4f8d0:   33313a72 33313138 09290032 0aad01e0
0xffa4f8e0:   08ea0100 08ebc230 08ea5888 f796d41c
0xffa4f8f0:   00000428 00000420 f77fd779 085758fd
0xffa4f900:   08ea2a80 09b1ea78 08ea5888 08574f56
0xffa4f910:   0929a2c4 0929a2c4 ffa4fa08 08ea583b
0xffa4f920:   0000000c ffa4f9d4 ffa4f950 f796d000
0xffa4f930:   00000000 08575910 00000000 f77e5f26
0xffa4f940:   00000000 08575910 00000000 f77e5f26
0xffa4f950:   0000000c ffa4f9d4 ffa4fa08 ffa4f974
0xffa4f960:   0929a2d0 00000000 ffa4fa08 f796d000
0xffa4f970:   f77d575c f796d000 00000000 08575910
0xffa4f980:   00000000 6b8fcd37 dec0a526 00000000
0xffa4f990:   00000000 00000000 f7eec4d0 f77e5e30
0xffa4f9a0:   084fc260 0929a2c4 0000000c 08575946
0xffa4f9b0:   084fc260 0000000c ffa4f9d4 08ea57f0
0xffa4f9c0:   08ea5850 f7eec4d0 ffa4f9cc f7f19970
0xffa4f9d0:   0000000c ffa51637 ffa51649 ffa5164c
0xffa4f9e0:   ffa5165e ffa51661 ffa5166c ffa51690
0xffa4f9f0:   ffa516a0 ffa516ae ffa516cc ffa516cf 

Instructions: (pc=0xf784c618)
0xf784c518:   50 8d 96 86 f7 fa ff 8d 86 d0 2f fb ff e8 c6 b7
0xf784c528:   ff ff 8d b6 00 00 00 00 bb 20 00 00 00 e9 5e fe
0xf784c538:   ff ff e8 a1 c0 ff ff 89 c5 85 c0 0f 85 68 ff ff
0xf784c548:   ff 31 d2 8d 44 3b 10 e8 8c c1 ff ff 89 da 89 f9
0xf784c558:   89 c5 e8 11 f0 ff ff 89 c2 85 c0 75 1b 85 ed 74
0xf784c568:   17 90 89 fa 89 e8 e8 bd c5 ff ff 89 da 89 f9 89
0xf784c578:   c5 e8 f2 ef ff ff 89 c2 85 ed 0f 84 57 ff ff ff
0xf784c588:   e9 39 ff ff ff 8d 86 b8 31 fb ff 83 ec 0c b9 25
0xf784c598:   0d 00 00 50 8d 96 86 f7 fa ff 8d 86 74 2f fb ff
0xf784c5a8:   e8 43 b7 ff ff 8d 76 00 f3 0f 1e fb e8 0a 9a f9
0xf784c5b8:   ff 05 47 0a 12 00 56 53 83 ec 04 8b 5c 24 10 8b
0xf784c5c8:   74 24 14 8b 80 50 ff ff ff c7 00 00 00 00 00 e8
0xf784c5d8:   54 bb ff ff 8b 4c 24 0c 83 c4 04 89 f2 89 d8 5b
0xf784c5e8:   5e e9 42 fd ff ff 66 90 f3 0f 1e fb 56 e8 9a 9b
0xf784c5f8:   f9 ff 81 c6 06 0a 12 00 53 83 ec 14 8b 5c 24 20
0xf784c608:   8b 86 5c ff ff ff 8b 00 85 c0 75 6c 85 db 74 75
0xf784c618:   8b 4b fc 8d 53 f8 f6 c1 02 75 35 8b 86 70 fe ff
0xf784c628:   ff 65 8b 00 85 c0 0f 84 8c 00 00 00 83 e1 04 8d
0xf784c638:   86 60 07 00 00 74 09 89 d0 25 00 00 f0 ff 8b 00
0xf784c648:   83 c4 14 31 c9 5b 5e e9 8c cb ff ff 8d 74 26 00
0xf784c658:   8b 9e 60 01 00 00 85 db 75 10 3b 8e 48 01 00 00
0xf784c668:   76 08 81 f9 00 00 08 00 76 26 83 c4 14 89 d0 5b
0xf784c678:   5e e9 92 b8 ff ff 66 90 83 ec 08 ff 74 24 24 53
0xf784c688:   ff d0 83 c4 10 83 c4 14 5b 5e c3 8d 74 26 00 90
0xf784c698:   39 96 80 1d 00 00 77 08 39 96 7c 1d 00 00 77 ca
0xf784c6a8:   83 e1 f8 8d 04 09 89 8e 48 01 00 00 89 86 40 01
0xf784c6b8:   00 00 90 eb b5 8d 76 00 8b 86 74 fe ff ff 65 80
0xf784c6c8:   38 00 0f 85 64 ff ff ff 89 54 24 0c e8 97 ed ff
0xf784c6d8:   ff 8b 4b fc 8b 54 24 0c e9 4f ff ff ff 8d b4 26
0xf784c6e8:   00 00 00 00 8d 74 26 00 f3 0f 1e fb 55 57 56 e8
0xf784c6f8:   98 9a f9 ff 81 c6 04 09 12 00 53 83 ec 0c 8b 86
0xf784c708:   70 fe ff ff 8b 96 74 fe ff ff 65 8b 28 65 c6 02 



---------------  P R O C E S S  ---------------

VM state: at safepoint (shutting down)

VM Mutex/Monitor currently owned by a thread:  ([mutex/lock_event])
[0xf5e21d30] Threads_lock - owner thread: 0xc4194cf0

GC Precious Log:
<Skipped>

Heap:
 garbage-first heap   total 131072K, used 72583K [0xc5c00000, 0xe5c00000)
  region size 1024K, 57 young (58368K), 6 survivors (6144K)
 Metaspace       used 10214K, committed 11712K, reserved 16384K

Heap Regions: E=young(eden), S=young(survivor), O=old, HS=humongous(starts), HC=humongous(continues), CS=collection set, F=free, OA=open archive, CA=closed archive, TAMS=top-at-mark-start (previous, next)
|   0|0xc5c00000, 0xc5d00000, 0xc5d00000|100%| O|  |TAMS 0xc5c00000, 0xc5c00000| Untracked 
|   1|0xc5d00000, 0xc5e00000, 0xc5e00000|100%| O|  |TAMS 0xc5d00000, 0xc5d00000| Untracked 
|   2|0xc5e00000, 0xc5f00000, 0xc5f00000|100%| O|  |TAMS 0xc5e00000, 0xc5e00000| Untracked 
|   3|0xc5f00000, 0xc6000000, 0xc6000000|100%| O|  |TAMS 0xc5f00000, 0xc5f00000| Untracked 
|   4|0xc6000000, 0xc6100000, 0xc6100000|100%| O|  |TAMS 0xc6000000, 0xc6000000| Untracked 
|   5|0xc6100000, 0xc6200000, 0xc6200000|100%| O|  |TAMS 0xc6100000, 0xc6100000| Untracked 
|   6|0xc6200000, 0xc6300000, 0xc6300000|100%| O|  |TAMS 0xc6200000, 0xc6200000| Untracked 
|   7|0xc6300000, 0xc6400000, 0xc6400000|100%| O|  |TAMS 0xc6300000, 0xc6300000| Untracked 
|   8|0xc6400000, 0xc6500000, 0xc6500000|100%| O|  |TAMS 0xc6400000, 0xc6400000| Untracked 
|   9|0xc6500000, 0xc6600000, 0xc6600000|100%| O|  |TAMS 0xc6500000, 0xc6500000| Untracked 
|  10|0xc6600000, 0xc6700000, 0xc6700000|100%| O|  |TAMS 0xc6600000, 0xc6600000| Untracked 
|  11|0xc6700000, 0xc6800000, 0xc6800000|100%| O|  |TAMS 0xc6700000, 0xc6700000| Untracked 
|  12|0xc6800000, 0xc6900000, 0xc6900000|100%| O|  |TAMS 0xc6800000, 0xc6800000| Untracked 
|  13|0xc6900000, 0xc6a00000, 0xc6a00000|100%| O|  |TAMS 0xc6900000, 0xc6900000| Untracked 
|  14|0xc6a00000, 0xc6b00000, 0xc6b00000|100%| O|  |TAMS 0xc6a00000, 0xc6a00000| Untracked 
|  15|0xc6b00000, 0xc6ba8800, 0xc6c00000| 65%| O|  |TAMS 0xc6b00000, 0xc6b00000| Untracked 
|  16|0xc6c00000, 0xc6c00000, 0xc6d00000|  0%| F|  |TAMS 0xc6c00000, 0xc6c00000| Untracked 
|  17|0xc6d00000, 0xc6d00000, 0xc6e00000|  0%| F|  |TAMS 0xc6d00000, 0xc6d00000| Untracked 
|  18|0xc6e00000, 0xc6e00000, 0xc6f00000|  0%| F|  |TAMS 0xc6e00000, 0xc6e00000| Untracked 
|  19|0xc6f00000, 0xc6f00000, 0xc7000000|  0%| F|  |TAMS 0xc6f00000, 0xc6f00000| Untracked 
|  20|0xc7000000, 0xc7000000, 0xc7100000|  0%| F|  |TAMS 0xc7000000, 0xc7000000| Untracked 
|  21|0xc7100000, 0xc7100000, 0xc7200000|  0%| F|  |TAMS 0xc7100000, 0xc7100000| Untracked 
|  22|0xc7200000, 0xc7200000, 0xc7300000|  0%| F|  |TAMS 0xc7200000, 0xc7200000| Untracked 
|  23|0xc7300000, 0xc7300000, 0xc7400000|  0%| F|  |TAMS 0xc7300000, 0xc7300000| Untracked 
|  24|0xc7400000, 0xc7400000, 0xc7500000|  0%| F|  |TAMS 0xc7400000, 0xc7400000| Untracked 
|  25|0xc7500000, 0xc7500000, 0xc7600000|  0%| F|  |TAMS 0xc7500000, 0xc7500000| Untracked 
|  26|0xc7600000, 0xc7600000, 0xc7700000|  0%| F|  |TAMS 0xc7600000, 0xc7600000| Untracked 
|  27|0xc7700000, 0xc7700000, 0xc7800000|  0%| F|  |TAMS 0xc7700000, 0xc7700000| Untracked 
|  28|0xc7800000, 0xc7800000, 0xc7900000|  0%| F|  |TAMS 0xc7800000, 0xc7800000| Untracked 
|  29|0xc7900000, 0xc7900000, 0xc7a00000|  0%| F|  |TAMS 0xc7900000, 0xc7900000| Untracked 
|  30|0xc7a00000, 0xc7a00000, 0xc7b00000|  0%| F|  |TAMS 0xc7a00000, 0xc7a00000| Untracked 
|  31|0xc7b00000, 0xc7b00000, 0xc7c00000|  0%| F|  |TAMS 0xc7b00000, 0xc7b00000| Untracked 
|  32|0xc7c00000, 0xc7c00000, 0xc7d00000|  0%| F|  |TAMS 0xc7c00000, 0xc7c00000| Untracked 
|  33|0xc7d00000, 0xc7d00000, 0xc7e00000|  0%| F|  |TAMS 0xc7d00000, 0xc7d00000| Untracked 
|  34|0xc7e00000, 0xc7e00000, 0xc7f00000|  0%| F|  |TAMS 0xc7e00000, 0xc7e00000| Untracked 
|  35|0xc7f00000, 0xc7f00000, 0xc8000000|  0%| F|  |TAMS 0xc7f00000, 0xc7f00000| Untracked 
|  36|0xc8000000, 0xc8000000, 0xc8100000|  0%| F|  |TAMS 0xc8000000, 0xc8000000| Untracked 
|  37|0xc8100000, 0xc8100000, 0xc8200000|  0%| F|  |TAMS 0xc8100000, 0xc8100000| Untracked 
|  38|0xc8200000, 0xc8200000, 0xc8300000|  0%| F|  |TAMS 0xc8200000, 0xc8200000| Untracked 
|  39|0xc8300000, 0xc8300000, 0xc8400000|  0%| F|  |TAMS 0xc8300000, 0xc8300000| Untracked 
|  40|0xc8400000, 0xc8400000, 0xc8500000|  0%| F|  |TAMS 0xc8400000, 0xc8400000| Untracked 
|  41|0xc8500000, 0xc8500000, 0xc8600000|  0%| F|  |TAMS 0xc8500000, 0xc8500000| Untracked 
|  42|0xc8600000, 0xc8600000, 0xc8700000|  0%| F|  |TAMS 0xc8600000, 0xc8600000| Untracked 
|  43|0xc8700000, 0xc8700000, 0xc8800000|  0%| F|  |TAMS 0xc8700000, 0xc8700000| Untracked 
|  44|0xc8800000, 0xc8800000, 0xc8900000|  0%| F|  |TAMS 0xc8800000, 0xc8800000| Untracked 
|  45|0xc8900000, 0xc8900000, 0xc8a00000|  0%| F|  |TAMS 0xc8900000, 0xc8900000| Untracked 
|  46|0xc8a00000, 0xc8a38fc0, 0xc8b00000| 22%| S|CS|TAMS 0xc8a00000, 0xc8a00000| Complete 
|  47|0xc8b00000, 0xc8c00000, 0xc8c00000|100%| S|CS|TAMS 0xc8b00000, 0xc8b00000| Complete 
|  48|0xc8c00000, 0xc8d00000, 0xc8d00000|100%| S|CS|TAMS 0xc8c00000, 0xc8c00000| Complete 
|  49|0xc8d00000, 0xc8e00000, 0xc8e00000|100%| S|CS|TAMS 0xc8d00000, 0xc8d00000| Complete 
|  50|0xc8e00000, 0xc8f00000, 0xc8f00000|100%| S|CS|TAMS 0xc8e00000, 0xc8e00000| Complete 
|  51|0xc8f00000, 0xc9000000, 0xc9000000|100%| S|CS|TAMS 0xc8f00000, 0xc8f00000| Complete 
|  52|0xc9000000, 0xc9000000, 0xc9100000|  0%| F|  |TAMS 0xc9000000, 0xc9000000| Untracked 
|  53|0xc9100000, 0xc9100000, 0xc9200000|  0%| F|  |TAMS 0xc9100000, 0xc9100000| Untracked 
|  54|0xc9200000, 0xc9200000, 0xc9300000|  0%| F|  |TAMS 0xc9200000, 0xc9200000| Untracked 
|  55|0xc9300000, 0xc9300000, 0xc9400000|  0%| F|  |TAMS 0xc9300000, 0xc9300000| Untracked 
|  56|0xc9400000, 0xc9400000, 0xc9500000|  0%| F|  |TAMS 0xc9400000, 0xc9400000| Untracked 
|  57|0xc9500000, 0xc9500000, 0xc9600000|  0%| F|  |TAMS 0xc9500000, 0xc9500000| Untracked 
|  58|0xc9600000, 0xc9600000, 0xc9700000|  0%| F|  |TAMS 0xc9600000, 0xc9600000| Untracked 
|  59|0xc9700000, 0xc9700000, 0xc9800000|  0%| F|  |TAMS 0xc9700000, 0xc9700000| Untracked 
|  60|0xc9800000, 0xc9800000, 0xc9900000|  0%| F|  |TAMS 0xc9800000, 0xc9800000| Untracked 
|  61|0xc9900000, 0xc9900000, 0xc9a00000|  0%| F|  |TAMS 0xc9900000, 0xc9900000| Untracked 
|  62|0xc9a00000, 0xc9a00000, 0xc9b00000|  0%| F|  |TAMS 0xc9a00000, 0xc9a00000| Untracked 
|  63|0xc9b00000, 0xc9b00000, 0xc9c00000|  0%| F|  |TAMS 0xc9b00000, 0xc9b00000| Untracked 
|  64|0xc9c00000, 0xc9c00000, 0xc9d00000|  0%| F|  |TAMS 0xc9c00000, 0xc9c00000| Untracked 
|  65|0xc9d00000, 0xc9d00000, 0xc9e00000|  0%| F|  |TAMS 0xc9d00000, 0xc9d00000| Untracked 
|  66|0xc9e00000, 0xc9e00000, 0xc9f00000|  0%| F|  |TAMS 0xc9e00000, 0xc9e00000| Untracked 
|  67|0xc9f00000, 0xc9f00000, 0xca000000|  0%| F|  |TAMS 0xc9f00000, 0xc9f00000| Untracked 
|  68|0xca000000, 0xca000000, 0xca100000|  0%| F|  |TAMS 0xca000000, 0xca000000| Untracked 
|  69|0xca100000, 0xca100000, 0xca200000|  0%| F|  |TAMS 0xca100000, 0xca100000| Untracked 
|  70|0xca200000, 0xca200000, 0xca300000|  0%| F|  |TAMS 0xca200000, 0xca200000| Untracked 
|  71|0xca300000, 0xca300000, 0xca400000|  0%| F|  |TAMS 0xca300000, 0xca300000| Untracked 
|  72|0xca400000, 0xca400000, 0xca500000|  0%| F|  |TAMS 0xca400000, 0xca400000| Untracked 
|  73|0xca500000, 0xca500000, 0xca600000|  0%| F|  |TAMS 0xca500000, 0xca500000| Untracked 
|  74|0xca600000, 0xca600000, 0xca700000|  0%| F|  |TAMS 0xca600000, 0xca600000| Untracked 
|  75|0xca700000, 0xca700000, 0xca800000|  0%| F|  |TAMS 0xca700000, 0xca700000| Untracked 
|  76|0xca800000, 0xca800000, 0xca900000|  0%| F|  |TAMS 0xca800000, 0xca800000| Untracked 
|  77|0xca900000, 0xca900800, 0xcaa00000|  0%| E|  |TAMS 0xca900000, 0xca900000| Complete 
|  78|0xcaa00000, 0xcab00000, 0xcab00000|100%| E|CS|TAMS 0xcaa00000, 0xcaa00000| Complete 
|  79|0xcab00000, 0xcac00000, 0xcac00000|100%| E|CS|TAMS 0xcab00000, 0xcab00000| Complete 
|  80|0xcac00000, 0xcad00000, 0xcad00000|100%| E|CS|TAMS 0xcac00000, 0xcac00000| Complete 
|  81|0xcad00000, 0xcae00000, 0xcae00000|100%| E|CS|TAMS 0xcad00000, 0xcad00000| Complete 
|  82|0xcae00000, 0xcaf00000, 0xcaf00000|100%| E|CS|TAMS 0xcae00000, 0xcae00000| Complete 
|  83|0xcaf00000, 0xcb000000, 0xcb000000|100%| E|CS|TAMS 0xcaf00000, 0xcaf00000| Complete 
|  84|0xcb000000, 0xcb100000, 0xcb100000|100%| E|CS|TAMS 0xcb000000, 0xcb000000| Complete 
|  85|0xcb100000, 0xcb200000, 0xcb200000|100%| E|CS|TAMS 0xcb100000, 0xcb100000| Complete 
|  86|0xcb200000, 0xcb300000, 0xcb300000|100%| E|CS|TAMS 0xcb200000, 0xcb200000| Complete 
|  87|0xcb300000, 0xcb400000, 0xcb400000|100%| E|CS|TAMS 0xcb300000, 0xcb300000| Complete 
|  88|0xcb400000, 0xcb500000, 0xcb500000|100%| E|CS|TAMS 0xcb400000, 0xcb400000| Complete 
|  89|0xcb500000, 0xcb600000, 0xcb600000|100%| E|CS|TAMS 0xcb500000, 0xcb500000| Complete 
|  90|0xcb600000, 0xcb700000, 0xcb700000|100%| E|CS|TAMS 0xcb600000, 0xcb600000| Complete 
|  91|0xcb700000, 0xcb800000, 0xcb800000|100%| E|CS|TAMS 0xcb700000, 0xcb700000| Complete 
|  92|0xcb800000, 0xcb900000, 0xcb900000|100%| E|CS|TAMS 0xcb800000, 0xcb800000| Complete 
|  93|0xcb900000, 0xcba00000, 0xcba00000|100%| E|CS|TAMS 0xcb900000, 0xcb900000| Complete 
|  94|0xcba00000, 0xcbb00000, 0xcbb00000|100%| E|CS|TAMS 0xcba00000, 0xcba00000| Complete 
|  95|0xcbb00000, 0xcbc00000, 0xcbc00000|100%| E|CS|TAMS 0xcbb00000, 0xcbb00000| Complete 
|  96|0xcbc00000, 0xcbd00000, 0xcbd00000|100%| E|CS|TAMS 0xcbc00000, 0xcbc00000| Complete 
|  97|0xcbd00000, 0xcbe00000, 0xcbe00000|100%| E|CS|TAMS 0xcbd00000, 0xcbd00000| Complete 
|  98|0xcbe00000, 0xcbf00000, 0xcbf00000|100%| E|CS|TAMS 0xcbe00000, 0xcbe00000| Complete 
|  99|0xcbf00000, 0xcc000000, 0xcc000000|100%| E|CS|TAMS 0xcbf00000, 0xcbf00000| Complete 
| 100|0xcc000000, 0xcc100000, 0xcc100000|100%| E|CS|TAMS 0xcc000000, 0xcc000000| Complete 
| 101|0xcc100000, 0xcc200000, 0xcc200000|100%| E|CS|TAMS 0xcc100000, 0xcc100000| Complete 
| 102|0xcc200000, 0xcc300000, 0xcc300000|100%| E|CS|TAMS 0xcc200000, 0xcc200000| Complete 
| 103|0xcc300000, 0xcc400000, 0xcc400000|100%| E|CS|TAMS 0xcc300000, 0xcc300000| Complete 
| 104|0xcc400000, 0xcc500000, 0xcc500000|100%| E|CS|TAMS 0xcc400000, 0xcc400000| Complete 
| 105|0xcc500000, 0xcc600000, 0xcc600000|100%| E|CS|TAMS 0xcc500000, 0xcc500000| Complete 
| 106|0xcc600000, 0xcc700000, 0xcc700000|100%| E|CS|TAMS 0xcc600000, 0xcc600000| Complete 
| 107|0xcc700000, 0xcc800000, 0xcc800000|100%| E|CS|TAMS 0xcc700000, 0xcc700000| Complete 
| 108|0xcc800000, 0xcc900000, 0xcc900000|100%| E|CS|TAMS 0xcc800000, 0xcc800000| Complete 
| 109|0xcc900000, 0xcca00000, 0xcca00000|100%| E|CS|TAMS 0xcc900000, 0xcc900000| Complete 
| 110|0xcca00000, 0xccb00000, 0xccb00000|100%| E|CS|TAMS 0xcca00000, 0xcca00000| Complete 
| 111|0xccb00000, 0xccc00000, 0xccc00000|100%| E|CS|TAMS 0xccb00000, 0xccb00000| Complete 
| 112|0xccc00000, 0xccd00000, 0xccd00000|100%| E|CS|TAMS 0xccc00000, 0xccc00000| Complete 
| 113|0xccd00000, 0xcce00000, 0xcce00000|100%| E|CS|TAMS 0xccd00000, 0xccd00000| Complete 
| 114|0xcce00000, 0xccf00000, 0xccf00000|100%| E|CS|TAMS 0xcce00000, 0xcce00000| Complete 
| 115|0xccf00000, 0xcd000000, 0xcd000000|100%| E|CS|TAMS 0xccf00000, 0xccf00000| Complete 
| 116|0xcd000000, 0xcd100000, 0xcd100000|100%| E|CS|TAMS 0xcd000000, 0xcd000000| Complete 
| 117|0xcd100000, 0xcd200000, 0xcd200000|100%| E|CS|TAMS 0xcd100000, 0xcd100000| Complete 
| 118|0xcd200000, 0xcd300000, 0xcd300000|100%| E|CS|TAMS 0xcd200000, 0xcd200000| Complete 
| 119|0xcd300000, 0xcd400000, 0xcd400000|100%| E|CS|TAMS 0xcd300000, 0xcd300000| Complete 
| 120|0xcd400000, 0xcd500000, 0xcd500000|100%| E|CS|TAMS 0xcd400000, 0xcd400000| Complete 
| 121|0xcd500000, 0xcd600000, 0xcd600000|100%| E|CS|TAMS 0xcd500000, 0xcd500000| Complete 
| 122|0xcd600000, 0xcd700000, 0xcd700000|100%| E|CS|TAMS 0xcd600000, 0xcd600000| Complete 
| 123|0xcd700000, 0xcd800000, 0xcd800000|100%| E|CS|TAMS 0xcd700000, 0xcd700000| Complete 
| 124|0xcd800000, 0xcd900000, 0xcd900000|100%| E|CS|TAMS 0xcd800000, 0xcd800000| Complete 
| 125|0xcd900000, 0xcda00000, 0xcda00000|100%| E|CS|TAMS 0xcd900000, 0xcd900000| Complete 
| 126|0xcda00000, 0xcdb00000, 0xcdb00000|100%| E|CS|TAMS 0xcda00000, 0xcda00000| Complete 
| 127|0xcdb00000, 0xcdc00000, 0xcdc00000|100%| E|CS|TAMS 0xcdb00000, 0xcdb00000| Complete 

Card table byte_map: [0xc5a00000,0xc5b00000] _byte_map_base: 0xc53d2000

Marking Bits (Prev, Next): (CMBitMap*) 0xf5e8b528, (CMBitMap*) 0xf5e8b548
 Prev Bits: [0xc5100000, 0xc5900000)
 Next Bits: [0xc4900000, 0xc5100000)

Polling page: 0xf7ede000

Metaspace:

Usage:
    9.97 MB used.

Virtual space:
     16.00 MB reserved,      11.44 MB ( 71%) committed,  1 nodes.

Chunk freelists:
2.37 MB

MaxMetaspaceSize: 96.00 MB
No class space
Initial GC threshold: 16.00 MB
Current GC threshold: 16.00 MB
CDS: on
MetaspaceReclaimPolicy: balanced
 - commit_granule_bytes: 65536.
 - commit_granule_words: 16384.
 - virtual_space_node_default_size: 4194304.
 - enlarge_chunks_in_place: 1.
 - new_chunks_are_fully_committed: 0.
 - uncommit_free_chunks: 1.
 - use_allocation_guard: 0.
 - handle_deallocations: 1.


Internal statistics:

num_allocs_failed_limit: 0.
num_arena_births: 810.
num_arena_deaths: 0.
num_vsnodes_births: 1.
num_vsnodes_deaths: 0.
num_space_committed: 183.
num_space_uncommitted: 0.
num_chunks_returned_to_freelist: 0.
num_chunks_taken_from_freelist: 1444.
num_chunk_merges: 0.
num_chunk_splits: 1045.
num_chunks_enlarged: 730.
num_inconsistent_stats: 0.

CodeHeap 'non-profiled nmethods': size=120172Kb used=1576Kb max_used=1576Kb free=118595Kb
 bounds [0xed7f5000, 0xeda35000, 0xf4d50000]
CodeHeap 'profiled nmethods': size=120172Kb used=5071Kb max_used=5071Kb free=115100Kb
 bounds [0xe5d50000, 0xe6248000, 0xed2ab000]
CodeHeap 'non-nmethods': size=5416Kb used=750Kb max_used=793Kb free=4665Kb
 bounds [0xed2ab000, 0xed4eb000, 0xed7f5000]
 total_blobs=2860 nmethods=2495 adapters=279
 compilation: enabled
              stopped_count=0, restarted_count=0
 full_count=0

Compilation events (20 events):
Event: 732.736 Thread 0xc41a0580 2509       3       java.lang.invoke.LambdaForm$MH/0xc2b01a48::linkToTargetMethod (11 bytes)
Event: 732.736 Thread 0xc41a0580 nmethod 2509 0xe622de88 code [0xe622dfe0, 0xe622e258]
Event: 732.737 Thread 0xc41a0580 2510       3       java.lang.invoke.LambdaForm$MH/0xc2b00ba8::invoke (160 bytes)
Event: 732.738 Thread 0xc41a0580 nmethod 2510 0xe622e308 code [0xe622e520, 0xe622f0ac]
Event: 732.738 Thread 0xc41a0580 2511       3       script.library.combat::getActionCost (1068 bytes)
Event: 732.797 Thread 0xc41a0580 nmethod 2511 0xe622f508 code [0xe6230b00, 0xe623bc68]
Event: 733.308 Thread 0xc419f450 2512       4       script.dictionary::getObjId (38 bytes)
Event: 733.329 Thread 0xc419f450 nmethod 2512 0xed97cf88 code [0xed97d0e0, 0xed97d870]
Event: 735.346 Thread 0xc41a0580 2513       3       script.library.posture::isStanding (13 bytes)
Event: 735.347 Thread 0xc41a0580 nmethod 2513 0xe6240f88 code [0xe62410e0, 0xe624136c]
Event: 741.302 Thread 0xc41a0580 2514       3       script.library.utils::setScriptVar (36 bytes)
Event: 741.303 Thread 0xc41a0580 nmethod 2514 0xe6241488 code [0xe6241700, 0xe6242430]
Event: 742.229 Thread 0xc419f450 2515       4       java.io.ObjectOutputStream$HandleTable::insert (39 bytes)
Event: 742.233 Thread 0xc419f450 nmethod 2515 0xed97dc88 code [0xed97ddc0, 0xed97e0bc]
Event: 746.194 Thread 0xc419f450 2516       4       jdk.internal.logger.SurrogateLogger::defaultPlatformLevel (4 bytes)
Event: 746.195 Thread 0xc419f450 nmethod 2516 0xed97e288 code [0xed97e3a0, 0xed97e410]
Event: 746.211 Thread 0xc41a0580 2517       3       script.library.spawning::checkSpawnCount (25 bytes)
Event: 746.213 Thread 0xc41a0580 nmethod 2517 0xe6242908 code [0xe6242b80, 0xe62437f0]
Event: 753.259 Thread 0xc419f450 2518   !   4       jdk.internal.reflect.GeneratedMethodAccessor18::invoke (76 bytes)
Event: 753.269 Thread 0xc419f450 nmethod 2518 0xed97e588 code [0xed97e700, 0xed97ed1c]

GC Heap History (20 events):
Event: 73.236 GC heap before
{Heap before GC invocations=1 (full 0):
 garbage-first heap   total 131072K, used 18870K [0xc5c00000, 0xe5c00000)
  region size 1024K, 18 young (18432K), 2 survivors (2048K)
 Metaspace       used 3756K, committed 4096K, reserved 16384K
}
Event: 73.282 GC heap after
{Heap after GC invocations=2 (full 0):
 garbage-first heap   total 131072K, used 4054K [0xc5c00000, 0xe5c00000)
  region size 1024K, 2 young (2048K), 2 survivors (2048K)
 Metaspace       used 3756K, committed 4096K, reserved 16384K
}
Event: 136.388 GC heap before
{Heap before GC invocations=2 (full 0):
 garbage-first heap   total 131072K, used 79830K [0xc5c00000, 0xe5c00000)
  region size 1024K, 76 young (77824K), 2 survivors (2048K)
 Metaspace       used 4944K, committed 5504K, reserved 16384K
}
Event: 136.440 GC heap after
{Heap after GC invocations=3 (full 0):
 garbage-first heap   total 131072K, used 6492K [0xc5c00000, 0xe5c00000)
  region size 1024K, 4 young (4096K), 4 survivors (4096K)
 Metaspace       used 4944K, committed 5504K, reserved 16384K
}
Event: 150.990 GC heap before
{Heap before GC invocations=3 (full 0):
 garbage-first heap   total 131072K, used 80220K [0xc5c00000, 0xe5c00000)
  region size 1024K, 76 young (77824K), 4 survivors (4096K)
 Metaspace       used 5698K, committed 6336K, reserved 16384K
}
Event: 151.024 GC heap after
{Heap after GC invocations=4 (full 0):
 garbage-first heap   total 131072K, used 7833K [0xc5c00000, 0xe5c00000)
  region size 1024K, 5 young (5120K), 5 survivors (5120K)
 Metaspace       used 5698K, committed 6336K, reserved 16384K
}
Event: 167.145 GC heap before
{Heap before GC invocations=4 (full 0):
 garbage-first heap   total 131072K, used 80537K [0xc5c00000, 0xe5c00000)
  region size 1024K, 76 young (77824K), 5 survivors (5120K)
 Metaspace       used 6455K, committed 7296K, reserved 16384K
}
Event: 167.172 GC heap after
{Heap after GC invocations=5 (full 0):
 garbage-first heap   total 131072K, used 9733K [0xc5c00000, 0xe5c00000)
  region size 1024K, 7 young (7168K), 7 survivors (7168K)
 Metaspace       used 6455K, committed 7296K, reserved 16384K
}
Event: 260.581 GC heap before
{Heap before GC invocations=5 (full 0):
 garbage-first heap   total 131072K, used 80389K [0xc5c00000, 0xe5c00000)
  region size 1024K, 76 young (77824K), 7 survivors (7168K)
 Metaspace       used 8204K, committed 9344K, reserved 16384K
}
Event: 260.628 GC heap after
{Heap after GC invocations=6 (full 0):
 garbage-first heap   total 131072K, used 13174K [0xc5c00000, 0xe5c00000)
  region size 1024K, 7 young (7168K), 7 survivors (7168K)
 Metaspace       used 8204K, committed 9344K, reserved 16384K
}
Event: 452.418 GC heap before
{Heap before GC invocations=6 (full 0):
 garbage-first heap   total 131072K, used 83830K [0xc5c00000, 0xe5c00000)
  region size 1024K, 76 young (77824K), 7 survivors (7168K)
 Metaspace       used 8375K, committed 9536K, reserved 16384K
}
Event: 452.465 GC heap after
{Heap after GC invocations=7 (full 0):
 garbage-first heap   total 131072K, used 16289K [0xc5c00000, 0xe5c00000)
  region size 1024K, 7 young (7168K), 7 survivors (7168K)
 Metaspace       used 8375K, committed 9536K, reserved 16384K
}
Event: 488.843 GC heap before
{Heap before GC invocations=7 (full 0):
 garbage-first heap   total 131072K, used 86945K [0xc5c00000, 0xe5c00000)
  region size 1024K, 76 young (77824K), 7 survivors (7168K)
 Metaspace       used 8801K, committed 10048K, reserved 16384K
}
Event: 488.915 GC heap after
{Heap after GC invocations=8 (full 0):
 garbage-first heap   total 131072K, used 18204K [0xc5c00000, 0xe5c00000)
  region size 1024K, 5 young (5120K), 5 survivors (5120K)
 Metaspace       used 8801K, committed 10048K, reserved 16384K
}
Event: 626.396 GC heap before
{Heap before GC invocations=8 (full 0):
 garbage-first heap   total 131072K, used 90908K [0xc5c00000, 0xe5c00000)
  region size 1024K, 76 young (77824K), 5 survivors (5120K)
 Metaspace       used 9244K, committed 10560K, reserved 16384K
}
Event: 626.420 GC heap after
{Heap after GC invocations=9 (full 0):
 garbage-first heap   total 131072K, used 19530K [0xc5c00000, 0xe5c00000)
  region size 1024K, 7 young (7168K), 7 survivors (7168K)
 Metaspace       used 9244K, committed 10560K, reserved 16384K
}
Event: 641.218 GC heap before
{Heap before GC invocations=9 (full 0):
 garbage-first heap   total 131072K, used 90186K [0xc5c00000, 0xe5c00000)
  region size 1024K, 76 young (77824K), 7 survivors (7168K)
 Metaspace       used 9678K, committed 11072K, reserved 16384K
}
Event: 641.267 GC heap after
{Heap after GC invocations=10 (full 0):
 garbage-first heap   total 131072K, used 20413K [0xc5c00000, 0xe5c00000)
  region size 1024K, 5 young (5120K), 5 survivors (5120K)
 Metaspace       used 9678K, committed 11072K, reserved 16384K
}
Event: 654.446 GC heap before
{Heap before GC invocations=10 (full 0):
 garbage-first heap   total 131072K, used 93117K [0xc5c00000, 0xe5c00000)
  region size 1024K, 76 young (77824K), 5 survivors (5120K)
 Metaspace       used 10019K, committed 11456K, reserved 16384K
}
Event: 654.471 GC heap after
{Heap after GC invocations=11 (full 0):
 garbage-first heap   total 131072K, used 21381K [0xc5c00000, 0xe5c00000)
  region size 1024K, 6 young (6144K), 6 survivors (6144K)
 Metaspace       used 10019K, committed 11456K, reserved 16384K
}

Dll operation events (4 events):
Event: 0.004 Loaded shared library /usr/lib/jvm/java-17-zulu-openjdk-jdk-x86/lib/libjava.so
Event: 59.500 Loaded shared library /usr/lib/jvm/java-17-zulu-openjdk-jdk-x86/lib/libnio.so
Event: 59.501 Loaded shared library /usr/lib/jvm/java-17-zulu-openjdk-jdk-x86/lib/libjimage.so
Event: 59.508 Loaded shared library /usr/lib/jvm/java-17-zulu-openjdk-jdk-x86/lib/libnet.so

Deoptimization events (20 events):
Event: 562.188 Thread 0x0bdf98a0 Uncommon trap: trap_request=0xffffffd6 fr.pc=0xed949e18 relative=0x000014d8
Event: 562.188 Thread 0x0bdf98a0 Uncommon trap: reason=array_check action=maybe_recompile pc=0xed949e18 method=java.io.ObjectInputStream.readArray(Z)Ljava/lang/Object; @ 392 c2
Event: 562.188 Thread 0x0bdf98a0 DEOPT PACKING pc=0xed949e18 sp=0xffa4e220
Event: 562.188 Thread 0x0bdf98a0 DEOPT UNPACKING pc=0xed2f4d33 sp=0xffa4e208 mode 2
Event: 646.997 Thread 0x0bdf98a0 DEOPT PACKING pc=0xe6012bf3 sp=0xffa4db70
Event: 646.997 Thread 0x0bdf98a0 DEOPT UNPACKING pc=0xed2f4171 sp=0xffa4da8c mode 0
Event: 647.360 Thread 0x0bdf98a0 Uncommon trap: trap_request=0xffffff76 fr.pc=0xed92ea78 relative=0x000018b8
Event: 647.360 Thread 0x0bdf98a0 Uncommon trap: reason=predicate action=maybe_recompile pc=0xed92ea78 method=script.base_class.split(Ljava/lang/String;C)[Ljava/lang/String; @ 34 c2
Event: 647.360 Thread 0x0bdf98a0 DEOPT PACKING pc=0xed92ea78 sp=0xffa4df50
Event: 647.360 Thread 0x0bdf98a0 DEOPT UNPACKING pc=0xed2f4d33 sp=0xffa4df64 mode 2
Event: 647.360 Thread 0x0bdf98a0 Uncommon trap: trap_request=0xffffff45 fr.pc=0xed8b49a4 relative=0x00000284
Event: 647.360 Thread 0x0bdf98a0 Uncommon trap: reason=unstable_if action=reinterpret pc=0xed8b49a4 method=java.lang.String.indexOf([BBILjava/lang/String;I)I @ 21 c2
Event: 647.360 Thread 0x0bdf98a0 DEOPT PACKING pc=0xed8b49a4 sp=0xffa4df30
Event: 647.360 Thread 0x0bdf98a0 DEOPT UNPACKING pc=0xed2f4d33 sp=0xffa4decc mode 2
Event: 649.614 Thread 0x0bdf98a0 Uncommon trap: trap_request=0xffffff45 fr.pc=0xed8e8780 relative=0x000000c0
Event: 649.614 Thread 0x0bdf98a0 Uncommon trap: reason=unstable_if action=reinterpret pc=0xed8e8780 method=script.library.ai_lib.isAiDead(Lscript/obj_id;)Z @ 16 c2
Event: 649.614 Thread 0x0bdf98a0 DEOPT PACKING pc=0xed8e8780 sp=0xffa4dcd0
Event: 649.614 Thread 0x0bdf98a0 DEOPT UNPACKING pc=0xed2f4d33 sp=0xffa4dcac mode 2
Event: 655.023 Thread 0x0bdf98a0 DEOPT PACKING pc=0xe6015f63 sp=0xffa4e300
Event: 655.024 Thread 0x0bdf98a0 DEOPT UNPACKING pc=0xed2f4171 sp=0xffa4e21c mode 0

Classes unloaded (0 events):
No events

Classes redefined (0 events):
No events

Internal exceptions (19 events):
Event: 59.268 Thread 0x0bdf98a0 Exception <a 'java/lang/NoSuchMethodError'{0xcd300b50}: 'java.lang.Object java.lang.invoke.DirectMethodHandle$Holder.invokeStatic(java.lang.Object, float)'> (0xcd300b50) 
thrown [src/hotspot/share/interpreter/linkResolver.cpp, line 759]
Event: 59.804 Thread 0x0bdf98a0 Exception <a 'java/lang/NoSuchMethodError'{0xcdb8e9d0}: 'java.lang.Object java.lang.invoke.DirectMethodHandle$Holder.invokeSpecial(java.lang.Object, java.lang.Object, long, java.lang.Object, java.lang.Object, java.lang.Object, java.lang.Object, int, java.lang.Object)'> (0xcdb8e9d0) 
thrown [src/hotspot/share/interpreter/linkResolver.cpp, line 759]
Event: 59.811 Thread 0x0bdf98a0 Exception <a 'java/lang/NoSuchMethodError'{0xcdb92cd0}: 'java.lang.Object java.lang.invoke.DelegatingMethodHandle$Holder.reinvoke_L(java.lang.Object, long, java.lang.Object, java.lang.Object, java.lang.Object, java.lang.Object, int, java.lang.Object)'> (0xcdb92cd0) 
thrown [src/hotspot/share/interpreter/linkResolver.cpp, line 759]
Event: 59.821 Thread 0x0bdf98a0 Exception <a 'java/lang/NoSuchMethodError'{0xcda1bba8}: 'java.lang.Object java.lang.invoke.DirectMethodHandle$Holder.invokeSpecial(java.lang.Object, java.lang.Object, java.lang.Object, java.lang.Object, float)'> (0xcda1bba8) 
thrown [src/hotspot/share/interpreter/linkResolver.cpp, line 759]
Event: 59.841 Thread 0x0bdf98a0 Exception <a 'java/lang/NoSuchMethodError'{0xcda485e0}: 'java.lang.Object java.lang.invoke.DirectMethodHandle$Holder.invokeSpecial(java.lang.Object, java.lang.Object, java.lang.Object, java.lang.Object, int)'> (0xcda485e0) 
thrown [src/hotspot/share/interpreter/linkResolver.cpp, line 759]
Event: 59.842 Thread 0x0bdf98a0 Exception <a 'java/lang/NoSuchMethodError'{0xcda4bd48}: 'java.lang.Object java.lang.invoke.Invokers$Holder.linkToTargetMethod(java.lang.Object, java.lang.Object, int, java.lang.Object)'> (0xcda4bd48) 
thrown [src/hotspot/share/interpreter/linkResolver.cpp, line 759]
Event: 60.038 Thread 0x0bdf98a0 Exception <a 'java/lang/NoSuchMethodError'{0xcd817300}: 'java.lang.Object java.lang.invoke.DirectMethodHandle$Holder.invokeSpecial(java.lang.Object, java.lang.Object, long, java.lang.Object, java.lang.Object, java.lang.Object, java.lang.Object, java.lang.Object, java.lang.Object)'> (0xcd817300) 
thrown [src/hotspot/share/interpreter/linkResolver.cpp, line 759]
Event: 60.038 Thread 0x0bdf98a0 Exception <a 'java/lang/NoSuchMethodError'{0xcd81b6d8}: 'java.lang.Object java.lang.invoke.DelegatingMethodHandle$Holder.reinvoke_L(java.lang.Object, long, java.lang.Object, java.lang.Object, java.lang.Object, java.lang.Object, java.lang.Object, java.lang.Object)'> (0xcd81b6d8) 
thrown [src/hotspot/share/interpreter/linkResolver.cpp, line 759]
Event: 75.504 Thread 0x0bdf98a0 Exception <a 'java/lang/NoSuchMethodError'{0xccedd840}: 'java.lang.Object java.lang.invoke.DirectMethodHandle$Holder.invokeStaticInit(java.lang.Object)'> (0xccedd840) 
thrown [src/hotspot/share/interpreter/linkResolver.cpp, line 759]
Event: 78.630 Thread 0x0bdf98a0 Implicit null exception at 0xed86a8bf to 0xed86aaf5
Event: 153.146 Thread 0x0bdf98a0 Exception <a 'java/lang/NoSuchMethodError'{0xcd6f56b8}: 'java.lang.Object java.lang.invoke.DirectMethodHandle$Holder.invokeSpecial(java.lang.Object, java.lang.Object, java.lang.Object, java.lang.Object, java.lang.Object, java.lang.Object, int)'> (0xcd6f56b8) 
thrown [src/hotspot/share/interpreter/linkResolver.cpp, line 759]
Event: 168.832 Thread 0x0bdf98a0 Exception <a 'java/lang/NoSuchMethodError'{0xccaac4a0}: 'java.lang.Object java.lang.invoke.DirectMethodHandle$Holder.invokeSpecial(java.lang.Object, java.lang.Object, java.lang.Object, int, java.lang.Object)'> (0xccaac4a0) 
thrown [src/hotspot/share/interpreter/linkResolver.cpp, line 759]
Event: 213.445 Thread 0x0bdf98a0 Exception <a 'java/lang/NoSuchMethodError'{0xca0e14f0}: static [Lscript/obj_id;.<clinit>()V> (0xca0e14f0) 
thrown [src/hotspot/share/prims/jni.cpp, line 1112]
Event: 233.279 Thread 0x0bdf98a0 Exception <a 'java/lang/NoSuchMethodError'{0xc9c914b0}: 'java.lang.Object java.lang.invoke.DirectMethodHandle$Holder.invokeSpecial(java.lang.Object, java.lang.Object, int, int, int)'> (0xc9c914b0) 
thrown [src/hotspot/share/interpreter/linkResolver.cpp, line 759]
Event: 233.284 Thread 0x0bdf98a0 Exception <a 'java/lang/NoSuchMethodError'{0xc9cc9e10}: 'java.lang.Object java.lang.invoke.DirectMethodHandle$Holder.invokeSpecial(java.lang.Object, java.lang.Object, java.lang.Object, java.lang.Object, int, java.lang.Object)'> (0xc9cc9e10) 
thrown [src/hotspot/share/interpreter/linkResolver.cpp, line 759]
Event: 233.285 Thread 0x0bdf98a0 Exception <a 'java/lang/NoSuchMethodError'{0xc9ccd470}: 'java.lang.Object java.lang.invoke.Invokers$Holder.linkToTargetMethod(java.lang.Object, java.lang.Object, int, java.lang.Object, java.lang.Object)'> (0xc9ccd470) 
thrown [src/hotspot/share/interpreter/linkResolver.cpp, line 759]
Event: 233.298 Thread 0x0bdf98a0 Exception <a 'java/lang/NoSuchMethodError'{0xc9b10cb0}: 'java.lang.Object java.lang.invoke.DirectMethodHandle$Holder.invokeSpecial(java.lang.Object, java.lang.Object, long, java.lang.Object, java.lang.Object, java.lang.Object, int, java.lang.Object, java.lang.Object)'> (0xc9b10cb0) 
thrown [src/hotspot/share/interpreter/linkResolver.cpp, line 759]
Event: 233.299 Thread 0x0bdf98a0 Exception <a 'java/lang/NoSuchMethodError'{0xc9b14fb0}: 'java.lang.Object java.lang.invoke.DelegatingMethodHandle$Holder.reinvoke_L(java.lang.Object, long, java.lang.Object, java.lang.Object, java.lang.Object, int, java.lang.Object, java.lang.Object)'> (0xc9b14fb0) 
thrown [src/hotspot/share/interpreter/linkResolver.cpp, line 759]
Event: 551.457 Thread 0x0bdf98a0 Exception <a 'java/lang/NoSuchMethodError'{0xcc28a600}: static [I.<clinit>()V> (0xcc28a600) 
thrown [src/hotspot/share/prims/jni.cpp, line 1112]

VM Operations (20 events):
Event: 642.275 Executing VM operation: Cleanup
Event: 642.275 Executing VM operation: Cleanup done
Event: 644.283 Executing VM operation: Cleanup
Event: 644.283 Executing VM operation: Cleanup done
Event: 648.291 Executing VM operation: Cleanup
Event: 648.291 Executing VM operation: Cleanup done
Event: 650.292 Executing VM operation: Cleanup
Event: 650.292 Executing VM operation: Cleanup done
Event: 653.323 Executing VM operation: Cleanup
Event: 653.323 Executing VM operation: Cleanup done
Event: 654.446 Executing VM operation: G1CollectForAllocation
Event: 654.471 Executing VM operation: G1CollectForAllocation done
Event: 656.472 Executing VM operation: Cleanup
Event: 656.472 Executing VM operation: Cleanup done
Event: 667.493 Executing VM operation: Cleanup
Event: 667.493 Executing VM operation: Cleanup done
Event: 678.523 Executing VM operation: Cleanup
Event: 678.523 Executing VM operation: Cleanup done
Event: 746.594 Executing VM operation: Cleanup
Event: 746.594 Executing VM operation: Cleanup done

Events (20 events):
Event: 213.504 loading class java/lang/constant/DirectMethodHandleDescImpl$1
Event: 213.504 loading class java/lang/constant/DirectMethodHandleDescImpl$1 done
Event: 213.504 loading class java/lang/constant/DirectMethodHandleDesc$1
Event: 213.504 loading class java/lang/constant/DirectMethodHandleDesc$1 done
Event: 213.504 loading class java/lang/constant/PrimitiveClassDescImpl
Event: 213.505 loading class java/lang/constant/DynamicConstantDesc
Event: 213.505 loading class java/lang/constant/DynamicConstantDesc done
Event: 213.505 loading class java/lang/constant/PrimitiveClassDescImpl done
Event: 213.505 loading class java/lang/constant/DynamicConstantDesc$AnonymousDynamicConstantDesc
Event: 213.505 loading class java/lang/constant/DynamicConstantDesc$AnonymousDynamicConstantDesc done
Event: 229.844 loading class java/lang/AssertionError
Event: 229.844 loading class java/lang/AssertionError done
Event: 233.207 loading class java/util/Vector$Itr
Event: 233.207 loading class java/util/Vector$Itr done
Event: 269.787 Thread 0xc0456b70 Thread added: 0xc0456b70
Event: 269.787 Protecting memory [0xc131a000,0xc131e000] with protection modes 0
Event: 271.164 Thread 0xc0456b70 Thread exited: 0xc0456b70
Event: 766.655 Thread 0x0bdf98a0 Thread exited: 0x0bdf98a0
Event: 766.657 Thread 0xf5e242d0 Thread exited: 0xf5e242d0
Event: 766.658 Thread 0xc419bff0 Thread exited: 0xc419bff0


Dynamic libraries:
08048000-09298000 r-xp 00000000 08:04 494947248                          /home/almalinux/swg-returns-nge/build/bin/SwgGameServer
09298000-0929c000 rw-p 0124f000 08:04 494947248                          /home/almalinux/swg-returns-nge/build/bin/SwgGameServer
0929c000-09b1f000 rw-p 00000000 00:00 0 
0a734000-2049c000 rw-p 00000000 00:00 0                                  [heap]
be600000-be6fe000 rw-p 00000000 00:00 0 
be6fe000-be700000 ---p 00000000 00:00 0 
be800000-be8f9000 rw-p 00000000 00:00 0 
be8f9000-be900000 ---p 00000000 00:00 0 
bea00000-beb00000 rw-p 00000000 00:00 0 
bee00000-beefb000 rw-p 00000000 00:00 0 
beefb000-bef00000 ---p 00000000 00:00 0 
bef00000-bf000000 rw-p 00000000 00:00 0 
bf000000-bf0bc000 rw-p 00000000 00:00 0 
bf0bc000-bf100000 ---p 00000000 00:00 0 
bf100000-bf1f4000 rw-p 00000000 00:00 0 
bf1f4000-bf200000 ---p 00000000 00:00 0 
bf200000-bf2fc000 rw-p 00000000 00:00 0 
bf2fc000-bf300000 ---p 00000000 00:00 0 
bf600000-bf681000 rw-p 00000000 00:00 0 
bf681000-bf700000 ---p 00000000 00:00 0 
bf700000-bf7f9000 rw-p 00000000 00:00 0 
bf7f9000-bf800000 ---p 00000000 00:00 0 
bf800000-bf8ff000 rw-p 00000000 00:00 0 
bf8ff000-bf900000 ---p 00000000 00:00 0 
bf900000-bf9f9000 rw-p 00000000 00:00 0 
bf9f9000-bfa00000 ---p 00000000 00:00 0 
bfa00000-bfaf9000 rw-p 00000000 00:00 0 
bfaf9000-bfb00000 ---p 00000000 00:00 0 
bfb00000-bfbfe000 rw-p 00000000 00:00 0 
bfbfe000-bfc00000 ---p 00000000 00:00 0 
bfc00000-bfcf9000 rw-p 00000000 00:00 0 
bfcf9000-bfd00000 ---p 00000000 00:00 0 
bfd00000-bfdf9000 rw-p 00000000 00:00 0 
bfdf9000-bfe00000 ---p 00000000 00:00 0 
bfe00000-bfefb000 rw-p 00000000 00:00 0 
bfefb000-bff00000 ---p 00000000 00:00 0 
bff00000-bfff9000 rw-p 00000000 00:00 0 
bfff9000-c0000000 ---p 00000000 00:00 0 
c0000000-c00f9000 rw-p 00000000 00:00 0 
c00f9000-c0100000 ---p 00000000 00:00 0 
c0100000-c01fb000 rw-p 00000000 00:00 0 
c01fb000-c0200000 ---p 00000000 00:00 0 
c0300000-c03f4000 rw-p 00000000 00:00 0 
c03f4000-c0400000 ---p 00000000 00:00 0 
c0400000-c04fb000 rw-p 00000000 00:00 0 
c04fb000-c0500000 ---p 00000000 00:00 0 
c0643000-c0644000 ---p 00000000 00:00 0 
c0644000-c06c4000 rw-p 00000000 00:00 0 
c10fe000-c10ff000 ---p 00000000 00:00 0 
c10ff000-c117f000 rw-p 00000000 00:00 0 
c117f000-c1180000 ---p 00000000 00:00 0 
c1180000-c1200000 rw-p 00000000 00:00 0 
c1200000-c12f9000 rw-p 00000000 00:00 0 
c12f9000-c1300000 ---p 00000000 00:00 0 
c131a000-c131e000 ---p 00000000 00:00 0 
c131e000-c139b000 rw-p 00000000 00:00 0 
c167f000-c1683000 ---p 00000000 00:00 0 
c1683000-c1740000 rw-p 00000000 00:00 0 
c1740000-c1744000 ---p 00000000 00:00 0 
c1744000-c1801000 rw-p 00000000 00:00 0 
c1801000-c1802000 ---p 00000000 00:00 0 
c1802000-c1882000 rw-p 00000000 00:00 0 
c1882000-c1886000 ---p 00000000 00:00 0 
c1886000-c1943000 rw-p 00000000 00:00 0 
c1943000-c1947000 ---p 00000000 00:00 0 
c1947000-c1a04000 rw-p 00000000 00:00 0 
c1a04000-c1a08000 ---p 00000000 00:00 0 
c1a08000-c1ac5000 rw-p 00000000 00:00 0 
c1ac5000-c1ac9000 ---p 00000000 00:00 0 
c1ac9000-c1b86000 rw-p 00000000 00:00 0 
c1b86000-c1e00000 r--p 00078000 08:04 535181                             /usr/lib/locale/locale-archive
c1e00000-c2000000 r--p 00000000 08:04 535181                             /usr/lib/locale/locale-archive
c2000000-c21c0000 rw-p 00000000 00:00 0 
c21c0000-c2400000 ---p 00000000 00:00 0 
c2400000-c2db0000 rw-p 00000000 00:00 0 
c2db0000-c3000000 ---p 00000000 00:00 0 
c303c000-c3040000 ---p 00000000 00:00 0 
c3040000-c30bd000 rw-p 00000000 00:00 0 
c30bd000-c30c1000 ---p 00000000 00:00 0 
c30c1000-c317e000 rw-p 00000000 00:00 0 
c317e000-c3182000 ---p 00000000 00:00 0 
c3182000-c323f000 rw-p 00000000 00:00 0 
c323f000-c3243000 ---p 00000000 00:00 0 
c3243000-c3300000 rw-p 00000000 00:00 0 
c3300000-c3321000 rw-p 00000000 00:00 0 
c3321000-c3400000 ---p 00000000 00:00 0 
c3431000-c3435000 ---p 00000000 00:00 0 
c3435000-c34b2000 rw-p 00000000 00:00 0 
c34b2000-c34b3000 ---p 00000000 00:00 0 
c34b3000-c3533000 rw-p 00000000 00:00 0 
c3533000-c3e00000 rw-p 00001000 08:04 143240867                          /usr/lib/jvm/java-17-zulu-openjdk-jdk-x86/lib/server/classes.jsa
c3e00000-c3e21000 rw-p 00000000 00:00 0 
c3e21000-c3f00000 ---p 00000000 00:00 0 
c3f7f000-c3f80000 ---p 00000000 00:00 0 
c3f80000-c4000000 rw-p 00000000 00:00 0 
c4000000-c4021000 rw-p 00000000 00:00 0 
c4021000-c4100000 ---p 00000000 00:00 0 
c4100000-c41d5000 rw-p 00000000 00:00 0 
c41d5000-c4200000 ---p 00000000 00:00 0 
c427f000-c4280000 ---p 00000000 00:00 0 
c4280000-c4300000 rw-p 00000000 00:00 0 
c4300000-c43fe000 rw-p 00000000 00:00 0 
c43fe000-c4400000 ---p 00000000 00:00 0 
c447f000-c4480000 ---p 00000000 00:00 0 
c4480000-c4500000 rw-p 00000000 00:00 0 
c4500000-c4600000 rw-p 00000000 00:00 0 
c467f000-c4680000 ---p 00000000 00:00 0 
c4680000-c4700000 rw-p 00000000 00:00 0 
c4700000-c47fd000 rw-p 00000000 00:00 0 
c47fd000-c4800000 ---p 00000000 00:00 0 
c487f000-c4880000 ---p 00000000 00:00 0 
c4880000-c4b00000 rw-p 00000000 00:00 0 
c4b00000-c5100000 ---p 00000000 00:00 0 
c5100000-c5300000 rw-p 00000000 00:00 0 
c5300000-c5900000 ---p 00000000 00:00 0 
c5900000-c5940000 rw-p 00000000 00:00 0 
c5940000-c5a00000 ---p 00000000 00:00 0 
c5a00000-c5a40000 rw-p 00000000 00:00 0 
c5a40000-c5b00000 ---p 00000000 00:00 0 
c5b00000-c5b40000 rw-p 00000000 00:00 0 
c5b40000-c5c00000 ---p 00000000 00:00 0 
c5c00000-cdc00000 rw-p 00000000 00:00 0 
cdc00000-e5c00000 ---p 00000000 00:00 0 
e5c65000-e5c6a000 rw-p 00000000 00:00 0 
e5c6a000-e5d50000 ---p 00000000 00:00 0 
e5d50000-e6248000 rwxp 00000000 00:00 0 
e6248000-ed2ab000 ---p 00000000 00:00 0 
ed2ab000-ed4eb000 rwxp 00000000 00:00 0 
ed4eb000-ed7f5000 ---p 00000000 00:00 0 
ed7f5000-eda35000 rwxp 00000000 00:00 0 
eda35000-f4d50000 ---p 00000000 00:00 0 
f4d50000-f4eb8000 r--s 00000000 08:04 117534333                          /usr/lib/jvm/java-17-zulu-openjdk-jdk-x86/lib/modules
f4eb8000-f5d5a000 r-xp 00000000 08:04 143240869                          /usr/lib/jvm/java-17-zulu-openjdk-jdk-x86/lib/server/libjvm.so
f5d5a000-f5daf000 r--p 00ea1000 08:04 143240869                          /usr/lib/jvm/java-17-zulu-openjdk-jdk-x86/lib/server/libjvm.so
f5daf000-f5dd0000 rw-p 00ef6000 08:04 143240869                          /usr/lib/jvm/java-17-zulu-openjdk-jdk-x86/lib/server/libjvm.so
f5dd0000-f5e00000 rw-p 00000000 00:00 0 
f5e00000-f5f00000 rw-p 00000000 00:00 0 
f5f24000-f5f25000 ---p 00000000 00:00 0 
f5f25000-f5f29000 ---p 00000000 00:00 0 
f5f29000-f6a9d000 rw-p 00000000 00:00 0 
f6aa9000-f6abe000 r-xp 00000000 08:04 117534323                          /usr/lib/jvm/java-17-zulu-openjdk-jdk-x86/lib/libnet.so
f6abe000-f6abf000 r--p 00014000 08:04 117534323                          /usr/lib/jvm/java-17-zulu-openjdk-jdk-x86/lib/libnet.so
f6abf000-f6ac0000 rw-p 00015000 08:04 117534323                          /usr/lib/jvm/java-17-zulu-openjdk-jdk-x86/lib/libnet.so
f6ac0000-f6aca000 rw-p 00000000 00:00 0 
f6aca000-f6bab000 ---p 00000000 00:00 0 
f6de5000-f6df7000 r-xp 00000000 08:04 117534324                          /usr/lib/jvm/java-17-zulu-openjdk-jdk-x86/lib/libnio.so
f6df7000-f6df8000 r--p 00011000 08:04 117534324                          /usr/lib/jvm/java-17-zulu-openjdk-jdk-x86/lib/libnio.so
f6df8000-f6df9000 rw-p 00012000 08:04 117534324                          /usr/lib/jvm/java-17-zulu-openjdk-jdk-x86/lib/libnio.so
f6df9000-f6e22000 rw-p 00000000 00:00 0 
f6e22000-f6e45000 r-xp 00000000 08:04 117534310                          /usr/lib/jvm/java-17-zulu-openjdk-jdk-x86/lib/libjava.so
f6e45000-f6e46000 r--p 00022000 08:04 117534310                          /usr/lib/jvm/java-17-zulu-openjdk-jdk-x86/lib/libjava.so
f6e46000-f6e47000 rw-p 00023000 08:04 117534310                          /usr/lib/jvm/java-17-zulu-openjdk-jdk-x86/lib/libjava.so
f6e47000-f6e53000 r-xp 00000000 08:04 16831767                           /usr/lib/libnss_files-2.28.so
f6e53000-f6e54000 r--p 0000b000 08:04 16831767                           /usr/lib/libnss_files-2.28.so
f6e54000-f6e55000 rw-p 0000c000 08:04 16831767                           /usr/lib/libnss_files-2.28.so
f6e55000-f6e5b000 rw-p 00000000 00:00 0 
f6e61000-f6e66000 rw-p 00000000 00:00 0 
f6e66000-f6e6c000 ---p 00000000 00:00 0 
f6e6c000-f6e87000 r-xp 00000000 08:04 117534314                          /usr/lib/jvm/java-17-zulu-openjdk-jdk-x86/lib/libjimage.so
f6e87000-f6e88000 ---p 0001b000 08:04 117534314                          /usr/lib/jvm/java-17-zulu-openjdk-jdk-x86/lib/libjimage.so
f6e88000-f6e89000 r--p 0001b000 08:04 117534314                          /usr/lib/jvm/java-17-zulu-openjdk-jdk-x86/lib/libjimage.so
f6e89000-f6e8a000 rw-p 0001c000 08:04 117534314                          /usr/lib/jvm/java-17-zulu-openjdk-jdk-x86/lib/libjimage.so
f6e8a000-f6e8e000 rw-p 00000000 00:00 0 
f6e8e000-f6f16000 r-xp 00000000 08:04 17191875                           /usr/lib/libpcre2-8.so.0.7.1
f6f16000-f6f17000 r--p 00087000 08:04 17191875                           /usr/lib/libpcre2-8.so.0.7.1
f6f17000-f6f18000 rw-p 00088000 08:04 17191875                           /usr/lib/libpcre2-8.so.0.7.1
f6f18000-f6f38000 r-xp 00000000 08:04 17021543                           /usr/lib/libcrypt.so.1.1.0
f6f38000-f6f39000 ---p 00020000 08:04 17021543                           /usr/lib/libcrypt.so.1.1.0
f6f39000-f6f3a000 r--p 00020000 08:04 17021543                           /usr/lib/libcrypt.so.1.1.0
f6f3a000-f6f43000 rw-p 00000000 00:00 0 
f6f43000-f6f6e000 r-xp 00000000 08:04 17191887                           /usr/lib/libselinux.so.1
f6f6e000-f6f6f000 ---p 0002b000 08:04 17191887                           /usr/lib/libselinux.so.1
f6f6f000-f6f70000 r--p 0002b000 08:04 17191887                           /usr/lib/libselinux.so.1
f6f70000-f6f71000 rw-p 0002c000 08:04 17191887                           /usr/lib/libselinux.so.1
f6f71000-f6f72000 rw-p 00000000 00:00 0 
f6f72000-f6f91000 r-xp 00000000 08:04 18866589                           /usr/lib/libbrotlicommon.so.1.0.6
f6f91000-f6f92000 r--p 0001e000 08:04 18866589                           /usr/lib/libbrotlicommon.so.1.0.6
f6f92000-f6f93000 rw-p 0001f000 08:04 18866589                           /usr/lib/libbrotlicommon.so.1.0.6
f6f93000-f6fb1000 r-xp 00000000 08:04 17191915                           /usr/lib/libsasl2.so.3.0.0
f6fb1000-f6fb2000 ---p 0001e000 08:04 17191915                           /usr/lib/libsasl2.so.3.0.0
f6fb2000-f6fb3000 r--p 0001e000 08:04 17191915                           /usr/lib/libsasl2.so.3.0.0
f6fb3000-f6fb4000 rw-p 0001f000 08:04 17191915                           /usr/lib/libsasl2.so.3.0.0
f6fb4000-f6fb6000 rw-p 00000000 00:00 0 
f6fb6000-f6fca000 r-xp 00000000 08:04 16831772                           /usr/lib/libresolv-2.28.so
f6fca000-f6fcb000 ---p 00014000 08:04 16831772                           /usr/lib/libresolv-2.28.so
f6fcb000-f6fcc000 r--p 00014000 08:04 16831772                           /usr/lib/libresolv-2.28.so
f6fcc000-f6fcd000 rw-p 00015000 08:04 16831772                           /usr/lib/libresolv-2.28.so
f6fcd000-f6fcf000 rw-p 00000000 00:00 0 
f6fcf000-f6fd2000 r-xp 00000000 08:04 17191893                           /usr/lib/libkeyutils.so.1.6
f6fd2000-f6fd3000 ---p 00003000 08:04 17191893                           /usr/lib/libkeyutils.so.1.6
f6fd3000-f6fd4000 r--p 00003000 08:04 17191893                           /usr/lib/libkeyutils.so.1.6
f6fd4000-f6fd5000 rw-p 00000000 00:00 0 
f6fd5000-f6fe5000 r-xp 00000000 08:04 17021560                           /usr/lib/libkrb5support.so.0.1
f6fe5000-f6fe6000 r--p 0000f000 08:04 17021560                           /usr/lib/libkrb5support.so.0.1
f6fe6000-f6fe7000 rw-p 00010000 08:04 17021560                           /usr/lib/libkrb5support.so.0.1
f6fe7000-f6fef000 r-xp 00000000 08:04 16831774                           /usr/lib/librt-2.28.so
f6fef000-f6ff0000 r--p 00007000 08:04 16831774                           /usr/lib/librt-2.28.so
f6ff0000-f6ff1000 rw-p 00008000 08:04 16831774                           /usr/lib/librt-2.28.so
f6ff1000-f7170000 r-xp 00000000 08:04 17021545                           /usr/lib/libunistring.so.2.1.0
f7170000-f7171000 ---p 0017f000 08:04 17021545                           /usr/lib/libunistring.so.2.1.0
f7171000-f7173000 r--p 0017f000 08:04 17021545                           /usr/lib/libunistring.so.2.1.0
f7173000-f7174000 rw-p 00181000 08:04 17021545                           /usr/lib/libunistring.so.2.1.0
f7174000-f719e000 r-xp 00000000 08:04 18654292                           /usr/lib/liblzma.so.5.2.4
f719e000-f719f000 r--p 00029000 08:04 18654292                           /usr/lib/liblzma.so.5.2.4
f719f000-f71a0000 rw-p 00000000 00:00 0 
f71a0000-f71ac000 r-xp 00000000 08:04 17191936                           /usr/lib/libbrotlidec.so.1.0.6
f71ac000-f71ad000 r--p 0000b000 08:04 17191936                           /usr/lib/libbrotlidec.so.1.0.6
f71ad000-f71ae000 rw-p 00000000 00:00 0 
f71ae000-f71bd000 r-xp 00000000 08:04 17191918                           /usr/lib/liblber-2.4.so.2.10.9
f71bd000-f71be000 r--p 0000e000 08:04 17191918                           /usr/lib/liblber-2.4.so.2.10.9
f71be000-f71bf000 rw-p 0000f000 08:04 17191918                           /usr/lib/liblber-2.4.so.2.10.9
f71bf000-f7214000 r-xp 00000000 08:04 17191920                           /usr/lib/libldap-2.4.so.2.10.9
f7214000-f7215000 ---p 00055000 08:04 17191920                           /usr/lib/libldap-2.4.so.2.10.9
f7215000-f7216000 r--p 00055000 08:04 17191920                           /usr/lib/libldap-2.4.so.2.10.9
f7216000-f7217000 rw-p 00056000 08:04 17191920                           /usr/lib/libldap-2.4.so.2.10.9
f7217000-f7219000 rw-p 00000000 00:00 0 
f7219000-f721c000 r-xp 00000000 08:04 16994899                           /usr/lib/libcom_err.so.2.1
f721c000-f721d000 r--p 00002000 08:04 16994899                           /usr/lib/libcom_err.so.2.1
f721d000-f721e000 rw-p 00003000 08:04 16994899                           /usr/lib/libcom_err.so.2.1
f721e000-f7234000 r-xp 00000000 08:04 17021552                           /usr/lib/libk5crypto.so.3.1
f7234000-f7235000 ---p 00016000 08:04 17021552                           /usr/lib/libk5crypto.so.3.1
f7235000-f7236000 r--p 00016000 08:04 17021552                           /usr/lib/libk5crypto.so.3.1
f7236000-f7237000 rw-p 00017000 08:04 17021552                           /usr/lib/libk5crypto.so.3.1
f7237000-f731a000 r-xp 00000000 08:04 17021558                           /usr/lib/libkrb5.so.3.3
f731a000-f7321000 r--p 000e2000 08:04 17021558                           /usr/lib/libkrb5.so.3.3
f7321000-f7322000 rw-p 000e9000 08:04 17021558                           /usr/lib/libkrb5.so.3.3
f7322000-f737d000 r-xp 00000000 08:04 17021548                           /usr/lib/libgssapi_krb5.so.2.2
f737d000-f737f000 r--p 0005a000 08:04 17021548                           /usr/lib/libgssapi_krb5.so.2.2
f737f000-f7380000 rw-p 0005c000 08:04 17021548                           /usr/lib/libgssapi_krb5.so.2.2
f7380000-f7631000 r-xp 00000000 08:04 18627877                           /usr/lib/libcrypto.so.1.1.1k
f7631000-f764a000 r--p 002b0000 08:04 18627877                           /usr/lib/libcrypto.so.1.1.1k
f764a000-f764c000 rw-p 002c9000 08:04 18627877                           /usr/lib/libcrypto.so.1.1.1k
f764c000-f7650000 rw-p 00000000 00:00 0 
f7650000-f76e2000 r-xp 00000000 08:04 18627879                           /usr/lib/libssl.so.1.1.1k
f76e2000-f76e8000 r--p 00091000 08:04 18627879                           /usr/lib/libssl.so.1.1.1k
f76e8000-f76ec000 rw-p 00097000 08:04 18627879                           /usr/lib/libssl.so.1.1.1k
f76ec000-f76fc000 r-xp 00000000 08:04 18660120                           /usr/lib/libpsl.so.5.3.1
f76fc000-f76fd000 r--p 0000f000 08:04 18660120                           /usr/lib/libpsl.so.5.3.1
f76fd000-f76fe000 rw-p 00000000 00:00 0 
f76fe000-f777b000 r-xp 00000000 08:04 16994901                           /usr/lib/libssh.so.4.8.7
f777b000-f777c000 ---p 0007d000 08:04 16994901                           /usr/lib/libssh.so.4.8.7
f777c000-f777d000 r--p 0007d000 08:04 16994901                           /usr/lib/libssh.so.4.8.7
f777d000-f777e000 rw-p 0007e000 08:04 16994901                           /usr/lib/libssh.so.4.8.7
f777e000-f779b000 r-xp 00000000 08:04 17040588                           /usr/lib/libidn2.so.0.3.6
f779b000-f779c000 r--p 0001c000 08:04 17040588                           /usr/lib/libidn2.so.0.3.6
f779c000-f779d000 rw-p 00000000 00:00 0 
f779d000-f77c5000 r-xp 00000000 08:04 17191891                           /usr/lib/libnghttp2.so.14.17.0
f77c5000-f77c6000 r--p 00027000 08:04 17191891                           /usr/lib/libnghttp2.so.14.17.0
f77c6000-f77c8000 rw-p 00028000 08:04 17191891                           /usr/lib/libnghttp2.so.14.17.0
f77c8000-f796a000 r-xp 00000000 08:04 16831756                           /usr/lib/libc-2.28.so
f796a000-f796b000 ---p 001a2000 08:04 16831756                           /usr/lib/libc-2.28.so
f796b000-f796d000 r--p 001a2000 08:04 16831756                           /usr/lib/libc-2.28.so
f796d000-f796e000 rw-p 001a4000 08:04 16831756                           /usr/lib/libc-2.28.so
f796e000-f7973000 rw-p 00000000 00:00 0 
f7973000-f798e000 r-xp 00000000 08:04 16985139                           /usr/lib/libgcc_s-8-20210514.so.1
f798e000-f798f000 r--p 0001a000 08:04 16985139                           /usr/lib/libgcc_s-8-20210514.so.1
f798f000-f7990000 rw-p 0001b000 08:04 16985139                           /usr/lib/libgcc_s-8-20210514.so.1
f7990000-f7a60000 r-xp 00000000 08:04 16831760                           /usr/lib/libm-2.28.so
f7a60000-f7a61000 r--p 000cf000 08:04 16831760                           /usr/lib/libm-2.28.so
f7a61000-f7a62000 rw-p 000d0000 08:04 16831760                           /usr/lib/libm-2.28.so
f7a62000-f7beb000 r-xp 00000000 08:04 16985145                           /usr/lib/libstdc++.so.6.0.25
f7beb000-f7bec000 ---p 00189000 08:04 16985145                           /usr/lib/libstdc++.so.6.0.25
f7bec000-f7bf2000 r--p 00189000 08:04 16985145                           /usr/lib/libstdc++.so.6.0.25
f7bf2000-f7bf3000 rw-p 0018f000 08:04 16985145                           /usr/lib/libstdc++.so.6.0.25
f7bf3000-f7bf5000 rw-p 00000000 00:00 0 
f7bf5000-f7c0c000 r-xp 00000000 08:04 16963437                           /usr/lib/libz.so.1.2.11
f7c0c000-f7c0d000 ---p 00017000 08:04 16963437                           /usr/lib/libz.so.1.2.11
f7c0d000-f7c0e000 r--p 00017000 08:04 16963437                           /usr/lib/libz.so.1.2.11
f7c0e000-f7c0f000 rw-p 00000000 00:00 0 
f7c0f000-f7d8c000 r-xp 00000000 08:04 16963397                           /usr/lib/libxml2.so.2.9.7
f7d8c000-f7d91000 r--p 0017c000 08:04 16963397                           /usr/lib/libxml2.so.2.9.7
f7d91000-f7d92000 rw-p 00181000 08:04 16963397                           /usr/lib/libxml2.so.2.9.7
f7d92000-f7d93000 rw-p 00000000 00:00 0 
f7d93000-f7daf000 r-xp 00000000 08:04 16831770                           /usr/lib/libpthread-2.28.so
f7daf000-f7db0000 r--p 0001b000 08:04 16831770                           /usr/lib/libpthread-2.28.so
f7db0000-f7db1000 rw-p 0001c000 08:04 16831770                           /usr/lib/libpthread-2.28.so
f7db1000-f7db3000 rw-p 00000000 00:00 0 
f7db3000-f7e27000 r-xp 00000000 08:04 16818911                           /usr/lib/libpcre.so.1.2.10
f7e27000-f7e28000 ---p 00074000 08:04 16818911                           /usr/lib/libpcre.so.1.2.10
f7e28000-f7e29000 r--p 00074000 08:04 16818911                           /usr/lib/libpcre.so.1.2.10
f7e29000-f7e2a000 rw-p 00075000 08:04 16818911                           /usr/lib/libpcre.so.1.2.10
f7e2a000-f7e2d000 r-xp 00000000 08:04 16831758                           /usr/lib/libdl-2.28.so
f7e2d000-f7e2e000 r--p 00002000 08:04 16831758                           /usr/lib/libdl-2.28.so
f7e2e000-f7e2f000 rw-p 00003000 08:04 16831758                           /usr/lib/libdl-2.28.so
f7e2f000-f7ecc000 r-xp 00000000 08:04 16994905                           /usr/lib/libcurl.so.4.5.0
f7ecc000-f7ece000 r--p 0009c000 08:04 16994905                           /usr/lib/libcurl.so.4.5.0
f7ece000-f7ecf000 rw-p 0009e000 08:04 16994905                           /usr/lib/libcurl.so.4.5.0
f7ecf000-f7ed6000 r--s 00000000 08:04 176632422                          /usr/lib/gconv/gconv-modules.cache
f7ed6000-f7ede000 rw-s 00000000 08:04 151635559                          /tmp/hsperfdata_almalinux/1381132 (deleted)
f7ede000-f7edf000 ---p 00000000 00:00 0 
f7edf000-f7ee0000 r--p 00000000 00:00 0 
f7ee0000-f7ee2000 rw-p 00000000 00:00 0 
f7ee2000-f7ee6000 r--p 00000000 00:00 0                                  [vvar]
f7ee6000-f7ee8000 r-xp 00000000 00:00 0                                  [vdso]
f7ee8000-f7f17000 r-xp 00000000 08:04 16831749                           /usr/lib/ld-2.28.so
f7f17000-f7f18000 ---p 00000000 00:00 0 
f7f18000-f7f19000 r--p 0002f000 08:04 16831749                           /usr/lib/ld-2.28.so
f7f19000-f7f1a000 rw-p 00030000 08:04 16831749                           /usr/lib/ld-2.28.so
ff88e000-ff88f000 rwxp 00000000 00:00 0 
ff997000-ffa53000 rw-p 00000000 00:00 0                                  [stack]


VM Arguments:
jvm_args: -Xms128m -Xmx512m -Xss768k -XX:MaxMetaspaceSize=96m -Xrs -XX:-UsePerfData -XX:-AllowUserSignalHandlers -XX:UseSSE=3 -XX+DoEscapeAnalysis -XX:AutoBoxCacheMax:2000 -XX:+OptimizeStringConcat -XX:+OptimizeFill -XX:+EliminateAutoBox -XX:+UseCompressedStrings -XX:+UseCompressedOops -XX:+EliminateLocks -XX:UseFastAccessorMethods -XX:+UseStringCache -XgcPrio:throughput -XXkeepAreaRatio:1 -XXlazyUnlocking -XXcallProfiling -XXcompactRatio:1 
java_command: <unknown>
java_class_path (initial): ../../data/sku.0/sys.server/compiled/game/
Launcher Type: generic

[Global flags]
     intx CICompilerCount                          = 3                                         {product} {ergonomic}
     uint ConcGCThreads                            = 1                                         {product} {ergonomic}
     uint G1ConcRefinementThreads                  = 4                                         {product} {ergonomic}
   size_t G1HeapRegionSize                         = 1048576                                   {product} {ergonomic}
    uintx GCDrainStackTargetSize                   = 64                                        {product} {ergonomic}
   size_t InitialHeapSize                          = 134217728                                 {product} {command line}
   size_t MarkStackSize                            = 32768                                     {product} {ergonomic}
   size_t MaxHeapSize                              = 536870912                                 {product} {command line}
   size_t MaxMetaspaceSize                         = 100663296                                 {product} {command line}
   size_t MaxNewSize                               = 321912832                                 {product} {ergonomic}
   size_t MinHeapDeltaBytes                        = 1048576                                   {product} {ergonomic}
   size_t MinHeapSize                              = 134217728                                 {product} {command line}
    uintx NonNMethodCodeHeapSize                   = 5544422                                {pd product} {ergonomic}
    uintx NonProfiledCodeHeapSize                  = 123056909                              {pd product} {ergonomic}
    uintx ProfiledCodeHeapSize                     = 123056909                              {pd product} {ergonomic}
    uintx ReservedCodeCacheSize                    = 251658240                              {pd product} {ergonomic}
     bool SegmentedCodeCache                       = true                                      {product} {ergonomic}
   size_t SoftMaxHeapSize                          = 536870912                              {manageable} {ergonomic}
   double SweeperThreshold                         = 0.500000                                  {product} {ergonomic}
     intx ThreadStackSize                          = 768                                    {pd product} {command line}
     bool UseG1GC                                  = true                                      {product} {ergonomic}

Logging:
Log output configuration:
 #0: stdout all=off uptime,level,tags
 #1: stderr all=off uptime,level,tags

Environment Variables:
JAVA_HOME=/usr/lib/jvm/zulu-17-x86
PATH=/usr/java/jdk1.7.0_80/bin:/usr/java/jdk1.7.0_80/bin:/usr/java/jdk1.6.0_45/bin:/usr/java/jdk1.6.0_45/bin:/usr/java/jdk1.6.0_45/bin:/home/almalinux/.local/bin:/home/almalinux/bin:/sbin:/bin:/usr/bin:/usr/local/bin:/usr/local/sbin:/usr/sbin:/usr/lib/oracle/18.3/client/bin:/usr/lib/oracle/18.3/client/bin:/usr/lib/jvm/java-11-openjdk/bin:./
LD_LIBRARY_PATH=/usr/lib/jvm/java-17-zulu-openjdk-jdk-x86/lib/server:/usr/lib/jvm/java-17-zulu-openjdk-jdk-x86/lib:/usr/lib/jvm/java-17-zulu-openjdk-jdk-x86/../lib:/usr/lib/jvm/zulu-17-x86/lib/server/:/usr/lib/jvm/java-11-openjdk/lib:/usr/lib/jvm/java-11-openjdk/lib/server:./
SHELL=/bin/bash
DISPLAY=:10.0
LANG=en_US.UTF-8
TERM=xterm-256color

Active Locale:
LC_ALL=en_US.UTF-8
LC_COLLATE=en_US.UTF-8
LC_CTYPE=en_US.UTF-8
LC_MESSAGES=en_US.UTF-8
LC_MONETARY=en_US.UTF-8
LC_NUMERIC=en_US.UTF-8
LC_TIME=en_US.UTF-8

Signal Handlers:
   SIGSEGV: crash_handler in libjvm.so, mask=11100100010111111101111111111110, flags=SA_RESTART|SA_SIGINFO, unblocked
    SIGBUS: crash_handler in libjvm.so, mask=11100100010111111101111111111110, flags=SA_RESTART|SA_SIGINFO, unblocked
    SIGFPE: crash_handler in libjvm.so, mask=11100100010111111101111111111110, flags=SA_RESTART|SA_SIGINFO, unblocked
   SIGPIPE: SIG_IGN, mask=00000000000010000000000000000000, flags=SA_RESTART, blocked
  *** Handler was modified!
  *** Expected: javaSignalHandler in libjvm.so, mask=11100100110111111111111111111110, flags=SA_RESTART|SA_SIGINFO
   SIGXFSZ: javaSignalHandler in libjvm.so, mask=11100100010111111101111111111110, flags=SA_RESTART|SA_SIGINFO, blocked
    SIGILL: crash_handler in libjvm.so, mask=11100100010111111101111111111110, flags=SA_RESTART|SA_SIGINFO, unblocked
   SIGUSR2: SR_handler in libjvm.so, mask=00100000000000000000000000000000, flags=SA_RESTART|SA_SIGINFO, blocked
    SIGHUP: UserHandler in libjvm.so, mask=11100100010111111101111111111110, flags=SA_RESTART|SA_SIGINFO, blocked
    SIGINT: UserHandler in libjvm.so, mask=11100100010111111101111111111110, flags=SA_RESTART|SA_SIGINFO, blocked
   SIGTERM: UserHandler in libjvm.so, mask=11100100010111111101111111111110, flags=SA_RESTART|SA_SIGINFO, blocked
   SIGQUIT: UserHandler in libjvm.so, mask=11100100010111111101111111111110, flags=SA_RESTART|SA_SIGINFO, blocked
   SIGTRAP: crash_handler in libjvm.so, mask=11100100010111111101111111111110, flags=SA_RESTART|SA_SIGINFO, unblocked


Periodic native trim disabled


---------------  S Y S T E M  ---------------

OS:
AlmaLinux release 8.10 (Cerulean Leopard)
uname: Linux 4.18.0-553.81.1.el8_10.x86_64 #1 SMP Mon Oct 27 11:29:19 EDT 2025 x86_64
OS uptime: 33 days 15:36 hours
libc: glibc 2.28 NPTL 2.28 
rlimit (soft/hard): STACK 8192k/infinity , CORE 0k/infinity , NPROC 61995/61995 , NOFILE 262144/262144 , AS infinity/infinity , CPU infinity/infinity , DATA infinity/infinity , FSIZE infinity/infinity , MEMLOCK 64k/64k
load average: 57.72 45.10 39.13

/proc/meminfo:
MemTotal:       16014448 kB
MemFree:         5967956 kB
MemAvailable:    7635872 kB
Buffers:            1064 kB
Cached:          4071960 kB
SwapCached:        38576 kB
Active:          2814640 kB
Inactive:        6630232 kB
Active(anon):    2010332 kB
Inactive(anon):  5722408 kB
Active(file):     804308 kB
Inactive(file):   907824 kB
Unevictable:        3104 kB
Mlocked:              16 kB
SwapTotal:       8388604 kB
SwapFree:        6915676 kB
Dirty:              2264 kB
Writeback:             0 kB
AnonPages:       5349180 kB
Mapped:          1552928 kB
Shmem:           2360892 kB
KReclaimable:     149212 kB
Slab:             278480 kB
SReclaimable:     149212 kB
SUnreclaim:       129268 kB
KernelStack:       19668 kB
PageTables:       148172 kB
NFS_Unstable:          0 kB
Bounce:                0 kB
WritebackTmp:          0 kB
CommitLimit:    16395828 kB
Committed_AS:   19381328 kB
VmallocTotal:   34359738367 kB
VmallocUsed:       66196 kB
VmallocChunk:          0 kB
Percpu:             2704 kB
HardwareCorrupted:     0 kB
AnonHugePages:         0 kB
ShmemHugePages:        0 kB
ShmemPmdMapped:        0 kB
FileHugePages:         0 kB
FilePmdMapped:         0 kB
HugePages_Total:       0
HugePages_Free:        0
HugePages_Rsvd:        0
HugePages_Surp:        0
Hugepagesize:       2048 kB
Hugetlb:               0 kB
DirectMap4k:     2514796 kB
DirectMap2M:    13869056 kB

/sys/kernel/mm/transparent_hugepage/enabled: always madvise [never]
/sys/kernel/mm/transparent_hugepage/hpage_pmd_size: 2097152
/sys/kernel/mm/transparent_hugepage/defrag (defrag/compaction efforts parameter): always defer defer+madvise [madvise] never

Process Memory:
Virtual Size: 1299320K (peak: 1318692K)
Resident Set Size: 551036K (peak: 568372K) (anon: 517284K, file: 33752K, shmem: 0K)
Swapped out: 0K
C-Heap outstanding allocations: 30165K, retained: 358810K
glibc malloc tunables: (default)

/proc/sys/kernel/threads-max (system-wide limit on the number of threads): 123991
/proc/sys/vm/max_map_count (maximum number of memory map areas a process may have): 1677720
/proc/sys/kernel/pid_max (system-wide limit on number of process identifiers): 4194304

container (cgroup) information:
container_type: cgroupv1
cpu_cpuset_cpus: 0-3
cpu_memory_nodes: 0
active_processor_count: 4
cpu_quota: no quota
cpu_period: 100000
cpu_shares: no shares
memory_limit_in_bytes: unlimited
memory_and_swap_limit_in_bytes: unlimited
memory_soft_limit_in_bytes: unlimited
memory_usage_in_bytes: 8812436 k
memory_max_usage_in_bytes: 14783012 k
kernel_memory_usage_in_bytes: 225544 k
kernel_memory_max_usage_in_bytes: unlimited
kernel_memory_limit_in_bytes: 985464 k
maximum number of tasks: unlimited
current number of tasks: 497

KVM virtualization detected
Steal ticks since vm start: 106
Steal ticks percentage since vm start:  0.000

CPU: total 4 (initial active 4) (1 cores per cpu, 1 threads per core) family 6 model 60 stepping 1 microcode 0x1, cx8, cmov, fxsr, mmx, sse, sse2, sse3, ssse3, sse4.1, sse4.2, popcnt, lzcnt, tsc, avx, avx2, aes, erms, clmul, bmi1, bmi2, fma, vzeroupper, clflush, hv
CPU Model and flags from /proc/cpuinfo:
model name	: Intel Core Processor (Haswell, no TSX)
flags		: fpu vme de pse tsc msr pae mce cx8 apic sep mtrr pge mca cmov pat pse36 clflush mmx fxsr sse sse2 syscall nx rdtscp lm constant_tsc rep_good nopl xtopology cpuid tsc_known_freq pni pclmulqdq vmx ssse3 fma cx16 pcid sse4_1 sse4_2 x2apic movbe popcnt tsc_deadline_timer aes xsave avx f16c rdrand hypervisor lahf_lm abm cpuid_fault invpcid_single pti tpr_shadow vnmi flexpriority ept vpid ept_ad fsgsbase bmi1 avx2 smep bmi2 erms invpcid xsaveopt arat md_clear

Online cpus: 0-3
Offline cpus: 
BIOS frequency limitation: <Not Available>
Frequency switch latency (ns): <Not Available>
Available cpu frequencies: <Not Available>
Current governor: <Not Available>
Core performance/turbo boost: <Not Available>

Memory: 4k page, physical 16014448k(5967956k free), swap 8388604k(6915676k free)
Page Sizes: 4k

vm_info: OpenJDK Server VM (17.0.11+9-LTS) for linux-x86 JRE (17.0.11+9-LTS) (Zulu17.50+19-CA), built on Apr  9 2024 07:14:46 by "zulu_re" with gcc 8.3.0

END.
