#
# A fatal error has been detected by the Java Runtime Environment:
#
#  SIGSEGV (0xb) at pc=0xf7868618, pid=25008, tid=25008
#
# JRE version: OpenJDK Runtime Environment Zulu17.50+19-CA (17.0.11+9) (build 17.0.11+9-LTS)
# Java VM: OpenJDK Server VM Zulu17.50+19-CA (17.0.11+9-LTS, mixed mode, sharing, tiered, g1 gc, linux-x86)
# Problematic frame:
# C  [libc.so.6+0x84618]  cfree+0x28
#
# Core dump will be written. Default location: Core dumps may be processed with "/usr/lib/systemd/systemd-coredump %P %u %g %s %t %c %h %e" (or dumping to /home/almalinux/swg-returns-nge/exe/linux/core.25008)
#
# If you would like to submit a bug report, please visit:
#   http://www.azul.com/support/
#

---------------  S U M M A R Y ------------

Command Line: -Xms128m -Xmx512m -Xss768k -XX:MaxMetaspaceSize=96m -Xrs -XX:-UsePerfData -XX:-AllowUserSignalHandlers -XX:UseSSE=3 -XX+DoEscapeAnalysis -XX:AutoBoxCacheMax:2000 -XX:+OptimizeStringConcat -XX:+OptimizeFill -XX:+EliminateAutoBox -XX:+UseCompressedStrings -XX:+UseCompressedOops -XX:+EliminateLocks -XX:UseFastAccessorMethods -XX:+UseStringCache -XgcPrio:throughput -XXkeepAreaRatio:1 -XXlazyUnlocking -XXcallProfiling -XXcompactRatio:1 

Host: Intel Core Processor (Haswell, no TSX), 4 cores, 15G, AlmaLinux release 8.10 (Cerulean Leopard)
Time: Tue Jan 27 22:06:45 2026 UTC elapsed time: 9629.658243 seconds (0d 2h 40m 29s)

---------------  T H R E A D  ---------------

Current thread is native thread

Stack: [0xffb53000,0xffc13000],  sp=0xffc0fce0,  free space=755k
Native frames: (J=compiled Java code, j=interpreted, Vv=VM code, C=native code)
C  [libc.so.6+0x84618]  cfree+0x28


siginfo: si_signo: 11 (SIGSEGV), si_code: 1 (SEGV_MAPERR), si_addr: 0x00000003

Registers:
EAX=0x00000000, EBX=0x00000007, ECX=0xf6ea684c, EDX=0x09fcad88
ESP=0xffc0fce0, EBP=0xffc0fe18, ESI=0xf7989000, EDI=0x00000000
EIP=0xf7868618, EFLAGS=0x00210202, CR2=0x0000000000000003


Top of Stack: (sp=0xffc0fce0)
0xffc0fce0:   09c4e010 00000000 ffc0fe18 f7af5f1c
0xffc0fcf0:   09c4e0a0 f7c0ca04 09fcad60 f7af5f1c
0xffc0fd00:   00000007 f7af5f0a f7c0ca04 f7af5f4c
0xffc0fd10:   09c4e0a0 f7af5f0a 09fceb00 085b6163
0xffc0fd20:   00000007 09c4e010 09c4dd20 085bb8d1
0xffc0fd30:   09c4e010 09c4dd20 00000000 085bb89b
0xffc0fd40:   0b46d180 ffc0fd67 ffc0fd8c 085c6969
0xffc0fd50:   087d6c00 ffc0fd8c ffc0fe18 084fc53b
0xffc0fd60:   00000014 00010002 00000000 00000000
0xffc0fd70:   01010100 00000001 09aa44c0 00000000
0xffc0fd80:   00000000 00000000 00000000 00000000
0xffc0fd90:   00000000 00000013 ffc0fee8 f78196ff
0xffc0fda0:   f798941c 47677753 53656d61 65767265
0xffc0fdb0:   35323a72 00383030 09290100 09fb0120
0xffc0fdc0:   08ea0100 08ebc230 08ea5888 f798941c
0xffc0fdd0:   00000428 00000420 f7819779 085758fd
0xffc0fde0:   08ea2a80 09b1ea78 08ea5888 08574f56
0xffc0fdf0:   0929a2c4 0929a2c4 ffc0fee8 08ea583b
0xffc0fe00:   0000000c ffc0feb4 ffc0fe30 f7989000
0xffc0fe10:   00000000 08575910 00000000 f7801f26
0xffc0fe20:   00000000 08575910 00000000 f7801f26
0xffc0fe30:   0000000c ffc0feb4 ffc0fee8 ffc0fe54
0xffc0fe40:   0929a2d0 00000000 ffc0fee8 f7989000
0xffc0fe50:   f77f175c f7989000 00000000 08575910
0xffc0fe60:   00000000 10aa264c 916b8e5c 00000000
0xffc0fe70:   00000000 00000000 f7f084d0 f7801e30
0xffc0fe80:   084fc260 0929a2c4 0000000c 08575946
0xffc0fe90:   084fc260 0000000c ffc0feb4 08ea57f0
0xffc0fea0:   08ea5850 f7f084d0 ffc0feac f7f35970
0xffc0feb0:   0000000c ffc11645 ffc11657 ffc1165a
0xffc0fec0:   ffc1166c ffc1166f ffc1167a ffc1169e
0xffc0fed0:   ffc116ae ffc116bb ffc116d8 ffc116db 

Instructions: (pc=0xf7868618)
0xf7868518:   50 8d 96 86 f7 fa ff 8d 86 d0 2f fb ff e8 c6 b7
0xf7868528:   ff ff 8d b6 00 00 00 00 bb 20 00 00 00 e9 5e fe
0xf7868538:   ff ff e8 a1 c0 ff ff 89 c5 85 c0 0f 85 68 ff ff
0xf7868548:   ff 31 d2 8d 44 3b 10 e8 8c c1 ff ff 89 da 89 f9
0xf7868558:   89 c5 e8 11 f0 ff ff 89 c2 85 c0 75 1b 85 ed 74
0xf7868568:   17 90 89 fa 89 e8 e8 bd c5 ff ff 89 da 89 f9 89
0xf7868578:   c5 e8 f2 ef ff ff 89 c2 85 ed 0f 84 57 ff ff ff
0xf7868588:   e9 39 ff ff ff 8d 86 b8 31 fb ff 83 ec 0c b9 25
0xf7868598:   0d 00 00 50 8d 96 86 f7 fa ff 8d 86 74 2f fb ff
0xf78685a8:   e8 43 b7 ff ff 8d 76 00 f3 0f 1e fb e8 0a 9a f9
0xf78685b8:   ff 05 47 0a 12 00 56 53 83 ec 04 8b 5c 24 10 8b
0xf78685c8:   74 24 14 8b 80 50 ff ff ff c7 00 00 00 00 00 e8
0xf78685d8:   54 bb ff ff 8b 4c 24 0c 83 c4 04 89 f2 89 d8 5b
0xf78685e8:   5e e9 42 fd ff ff 66 90 f3 0f 1e fb 56 e8 9a 9b
0xf78685f8:   f9 ff 81 c6 06 0a 12 00 53 83 ec 14 8b 5c 24 20
0xf7868608:   8b 86 5c ff ff ff 8b 00 85 c0 75 6c 85 db 74 75
0xf7868618:   8b 4b fc 8d 53 f8 f6 c1 02 75 35 8b 86 70 fe ff
0xf7868628:   ff 65 8b 00 85 c0 0f 84 8c 00 00 00 83 e1 04 8d
0xf7868638:   86 60 07 00 00 74 09 89 d0 25 00 00 f0 ff 8b 00
0xf7868648:   83 c4 14 31 c9 5b 5e e9 8c cb ff ff 8d 74 26 00
0xf7868658:   8b 9e 60 01 00 00 85 db 75 10 3b 8e 48 01 00 00
0xf7868668:   76 08 81 f9 00 00 08 00 76 26 83 c4 14 89 d0 5b
0xf7868678:   5e e9 92 b8 ff ff 66 90 83 ec 08 ff 74 24 24 53
0xf7868688:   ff d0 83 c4 10 83 c4 14 5b 5e c3 8d 74 26 00 90
0xf7868698:   39 96 80 1d 00 00 77 08 39 96 7c 1d 00 00 77 ca
0xf78686a8:   83 e1 f8 8d 04 09 89 8e 48 01 00 00 89 86 40 01
0xf78686b8:   00 00 90 eb b5 8d 76 00 8b 86 74 fe ff ff 65 80
0xf78686c8:   38 00 0f 85 64 ff ff ff 89 54 24 0c e8 97 ed ff
0xf78686d8:   ff 8b 4b fc 8b 54 24 0c e9 4f ff ff ff 8d b4 26
0xf78686e8:   00 00 00 00 8d 74 26 00 f3 0f 1e fb 55 57 56 e8
0xf78686f8:   98 9a f9 ff 81 c6 04 09 12 00 53 83 ec 0c 8b 86
0xf7868708:   70 fe ff ff 8b 96 74 fe ff ff 65 8b 28 65 c6 02 



---------------  P R O C E S S  ---------------

VM state: at safepoint (shutting down)

VM Mutex/Monitor currently owned by a thread:  ([mutex/lock_event])
[0xf5e21d30] Threads_lock - owner thread: 0xc4194cf0

GC Precious Log:
<Skipped>

Heap:
 garbage-first heap   total 131072K, used 66110K [0xc5c00000, 0xe5c00000)
  region size 1024K, 62 young (63488K), 7 survivors (7168K)
 Metaspace       used 7813K, committed 8768K, reserved 16384K

Heap Regions: E=young(eden), S=young(survivor), O=old, HS=humongous(starts), HC=humongous(continues), CS=collection set, F=free, OA=open archive, CA=closed archive, TAMS=top-at-mark-start (previous, next)
|   0|0xc5c00000, 0xc5d00000, 0xc5d00000|100%| O|  |TAMS 0xc5c00000, 0xc5c00000| Untracked 
|   1|0xc5d00000, 0xc5e00000, 0xc5e00000|100%| O|  |TAMS 0xc5d00000, 0xc5d00000| Untracked 
|   2|0xc5e00000, 0xc5f00000, 0xc5f00000|100%| O|  |TAMS 0xc5e00000, 0xc5e00000| Untracked 
|   3|0xc5f00000, 0xc5f8f000, 0xc6000000| 55%| O|  |TAMS 0xc5f00000, 0xc5f00000| Untracked 
|   4|0xc6000000, 0xc6000000, 0xc6100000|  0%| F|  |TAMS 0xc6000000, 0xc6000000| Untracked 
|   5|0xc6100000, 0xc6100000, 0xc6200000|  0%| F|  |TAMS 0xc6100000, 0xc6100000| Untracked 
|   6|0xc6200000, 0xc6200000, 0xc6300000|  0%| F|  |TAMS 0xc6200000, 0xc6200000| Untracked 
|   7|0xc6300000, 0xc6300000, 0xc6400000|  0%| F|  |TAMS 0xc6300000, 0xc6300000| Untracked 
|   8|0xc6400000, 0xc6400000, 0xc6500000|  0%| F|  |TAMS 0xc6400000, 0xc6400000| Untracked 
|   9|0xc6500000, 0xc6500000, 0xc6600000|  0%| F|  |TAMS 0xc6500000, 0xc6500000| Untracked 
|  10|0xc6600000, 0xc6600000, 0xc6700000|  0%| F|  |TAMS 0xc6600000, 0xc6600000| Untracked 
|  11|0xc6700000, 0xc6700000, 0xc6800000|  0%| F|  |TAMS 0xc6700000, 0xc6700000| Untracked 
|  12|0xc6800000, 0xc6800000, 0xc6900000|  0%| F|  |TAMS 0xc6800000, 0xc6800000| Untracked 
|  13|0xc6900000, 0xc6900000, 0xc6a00000|  0%| F|  |TAMS 0xc6900000, 0xc6900000| Untracked 
|  14|0xc6a00000, 0xc6a00000, 0xc6b00000|  0%| F|  |TAMS 0xc6a00000, 0xc6a00000| Untracked 
|  15|0xc6b00000, 0xc6b00000, 0xc6c00000|  0%| F|  |TAMS 0xc6b00000, 0xc6b00000| Untracked 
|  16|0xc6c00000, 0xc6c00000, 0xc6d00000|  0%| F|  |TAMS 0xc6c00000, 0xc6c00000| Untracked 
|  17|0xc6d00000, 0xc6d00000, 0xc6e00000|  0%| F|  |TAMS 0xc6d00000, 0xc6d00000| Untracked 
|  18|0xc6e00000, 0xc6e00000, 0xc6f00000|  0%| F|  |TAMS 0xc6e00000, 0xc6e00000| Untracked 
|  19|0xc6f00000, 0xc6f00000, 0xc7000000|  0%| F|  |TAMS 0xc6f00000, 0xc6f00000| Untracked 
|  20|0xc7000000, 0xc7000000, 0xc7100000|  0%| F|  |TAMS 0xc7000000, 0xc7000000| Untracked 
|  21|0xc7100000, 0xc7100000, 0xc7200000|  0%| F|  |TAMS 0xc7100000, 0xc7100000| Untracked 
|  22|0xc7200000, 0xc7200000, 0xc7300000|  0%| F|  |TAMS 0xc7200000, 0xc7200000| Untracked 
|  23|0xc7300000, 0xc7300000, 0xc7400000|  0%| F|  |TAMS 0xc7300000, 0xc7300000| Untracked 
|  24|0xc7400000, 0xc7400000, 0xc7500000|  0%| F|  |TAMS 0xc7400000, 0xc7400000| Untracked 
|  25|0xc7500000, 0xc7500000, 0xc7600000|  0%| F|  |TAMS 0xc7500000, 0xc7500000| Untracked 
|  26|0xc7600000, 0xc7600000, 0xc7700000|  0%| F|  |TAMS 0xc7600000, 0xc7600000| Untracked 
|  27|0xc7700000, 0xc7700000, 0xc7800000|  0%| F|  |TAMS 0xc7700000, 0xc7700000| Untracked 
|  28|0xc7800000, 0xc7800000, 0xc7900000|  0%| F|  |TAMS 0xc7800000, 0xc7800000| Untracked 
|  29|0xc7900000, 0xc7900000, 0xc7a00000|  0%| F|  |TAMS 0xc7900000, 0xc7900000| Untracked 
|  30|0xc7a00000, 0xc7a00000, 0xc7b00000|  0%| F|  |TAMS 0xc7a00000, 0xc7a00000| Untracked 
|  31|0xc7b00000, 0xc7b00000, 0xc7c00000|  0%| F|  |TAMS 0xc7b00000, 0xc7b00000| Untracked 
|  32|0xc7c00000, 0xc7c00000, 0xc7d00000|  0%| F|  |TAMS 0xc7c00000, 0xc7c00000| Untracked 
|  33|0xc7d00000, 0xc7d00000, 0xc7e00000|  0%| F|  |TAMS 0xc7d00000, 0xc7d00000| Untracked 
|  34|0xc7e00000, 0xc7e00000, 0xc7f00000|  0%| F|  |TAMS 0xc7e00000, 0xc7e00000| Untracked 
|  35|0xc7f00000, 0xc7f00000, 0xc8000000|  0%| F|  |TAMS 0xc7f00000, 0xc7f00000| Untracked 
|  36|0xc8000000, 0xc8000000, 0xc8100000|  0%| F|  |TAMS 0xc8000000, 0xc8000000| Untracked 
|  37|0xc8100000, 0xc8100000, 0xc8200000|  0%| F|  |TAMS 0xc8100000, 0xc8100000| Untracked 
|  38|0xc8200000, 0xc8200000, 0xc8300000|  0%| F|  |TAMS 0xc8200000, 0xc8200000| Untracked 
|  39|0xc8300000, 0xc8300000, 0xc8400000|  0%| F|  |TAMS 0xc8300000, 0xc8300000| Untracked 
|  40|0xc8400000, 0xc8400000, 0xc8500000|  0%| F|  |TAMS 0xc8400000, 0xc8400000| Untracked 
|  41|0xc8500000, 0xc8500000, 0xc8600000|  0%| F|  |TAMS 0xc8500000, 0xc8500000| Untracked 
|  42|0xc8600000, 0xc8600000, 0xc8700000|  0%| F|  |TAMS 0xc8600000, 0xc8600000| Untracked 
|  43|0xc8700000, 0xc8700000, 0xc8800000|  0%| F|  |TAMS 0xc8700000, 0xc8700000| Untracked 
|  44|0xc8800000, 0xc8800000, 0xc8900000|  0%| F|  |TAMS 0xc8800000, 0xc8800000| Untracked 
|  45|0xc8900000, 0xc8a00000, 0xc8a00000|100%| S|CS|TAMS 0xc8900000, 0xc8900000| Complete 
|  46|0xc8a00000, 0xc8a00000, 0xc8b00000|  0%| F|  |TAMS 0xc8a00000, 0xc8a00000| Untracked 
|  47|0xc8b00000, 0xc8b00000, 0xc8c00000|  0%| F|  |TAMS 0xc8b00000, 0xc8b00000| Untracked 
|  48|0xc8c00000, 0xc8c00000, 0xc8d00000|  0%| F|  |TAMS 0xc8c00000, 0xc8c00000| Untracked 
|  49|0xc8d00000, 0xc8e00000, 0xc8e00000|100%| S|CS|TAMS 0xc8d00000, 0xc8d00000| Complete 
|  50|0xc8e00000, 0xc8f00000, 0xc8f00000|100%| S|CS|TAMS 0xc8e00000, 0xc8e00000| Complete 
|  51|0xc8f00000, 0xc9000000, 0xc9000000|100%| S|CS|TAMS 0xc8f00000, 0xc8f00000| Complete 
|  52|0xc9000000, 0xc9000000, 0xc9100000|  0%| F|  |TAMS 0xc9000000, 0xc9000000| Untracked 
|  53|0xc9100000, 0xc9100000, 0xc9200000|  0%| F|  |TAMS 0xc9100000, 0xc9100000| Untracked 
|  54|0xc9200000, 0xc9200000, 0xc9300000|  0%| F|  |TAMS 0xc9200000, 0xc9200000| Untracked 
|  55|0xc9300000, 0xc9400000, 0xc9400000|100%| S|CS|TAMS 0xc9300000, 0xc9300000| Complete 
|  56|0xc9400000, 0xc9500000, 0xc9500000|100%| S|CS|TAMS 0xc9400000, 0xc9400000| Complete 
|  57|0xc9500000, 0xc9600000, 0xc9600000|100%| S|CS|TAMS 0xc9500000, 0xc9500000| Complete 
|  58|0xc9600000, 0xc9600000, 0xc9700000|  0%| F|  |TAMS 0xc9600000, 0xc9600000| Untracked 
|  59|0xc9700000, 0xc9700000, 0xc9800000|  0%| F|  |TAMS 0xc9700000, 0xc9700000| Untracked 
|  60|0xc9800000, 0xc9800000, 0xc9900000|  0%| F|  |TAMS 0xc9800000, 0xc9800000| Untracked 
|  61|0xc9900000, 0xc9900000, 0xc9a00000|  0%| F|  |TAMS 0xc9900000, 0xc9900000| Untracked 
|  62|0xc9a00000, 0xc9a00000, 0xc9b00000|  0%| F|  |TAMS 0xc9a00000, 0xc9a00000| Untracked 
|  63|0xc9b00000, 0xc9b00000, 0xc9c00000|  0%| F|  |TAMS 0xc9b00000, 0xc9b00000| Untracked 
|  64|0xc9c00000, 0xc9c00000, 0xc9d00000|  0%| F|  |TAMS 0xc9c00000, 0xc9c00000| Untracked 
|  65|0xc9d00000, 0xc9d00000, 0xc9e00000|  0%| F|  |TAMS 0xc9d00000, 0xc9d00000| Untracked 
|  66|0xc9e00000, 0xc9e00000, 0xc9f00000|  0%| F|  |TAMS 0xc9e00000, 0xc9e00000| Untracked 
|  67|0xc9f00000, 0xc9f00000, 0xca000000|  0%| F|  |TAMS 0xc9f00000, 0xc9f00000| Untracked 
|  68|0xca000000, 0xca000000, 0xca100000|  0%| F|  |TAMS 0xca000000, 0xca000000| Untracked 
|  69|0xca100000, 0xca100000, 0xca200000|  0%| F|  |TAMS 0xca100000, 0xca100000| Untracked 
|  70|0xca200000, 0xca200000, 0xca300000|  0%| F|  |TAMS 0xca200000, 0xca200000| Untracked 
|  71|0xca300000, 0xca300000, 0xca400000|  0%| F|  |TAMS 0xca300000, 0xca300000| Untracked 
|  72|0xca400000, 0xca400000, 0xca500000|  0%| F|  |TAMS 0xca400000, 0xca400000| Untracked 
|  73|0xca500000, 0xca500800, 0xca600000|  0%| E|  |TAMS 0xca500000, 0xca500000| Complete 
|  74|0xca600000, 0xca700000, 0xca700000|100%| E|CS|TAMS 0xca600000, 0xca600000| Complete 
|  75|0xca700000, 0xca800000, 0xca800000|100%| E|CS|TAMS 0xca700000, 0xca700000| Complete 
|  76|0xca800000, 0xca900000, 0xca900000|100%| E|CS|TAMS 0xca800000, 0xca800000| Complete 
|  77|0xca900000, 0xcaa00000, 0xcaa00000|100%| E|CS|TAMS 0xca900000, 0xca900000| Complete 
|  78|0xcaa00000, 0xcab00000, 0xcab00000|100%| E|CS|TAMS 0xcaa00000, 0xcaa00000| Complete 
|  79|0xcab00000, 0xcac00000, 0xcac00000|100%| E|CS|TAMS 0xcab00000, 0xcab00000| Complete 
|  80|0xcac00000, 0xcad00000, 0xcad00000|100%| E|CS|TAMS 0xcac00000, 0xcac00000| Complete 
|  81|0xcad00000, 0xcae00000, 0xcae00000|100%| E|CS|TAMS 0xcad00000, 0xcad00000| Complete 
|  82|0xcae00000, 0xcaf00000, 0xcaf00000|100%| E|CS|TAMS 0xcae00000, 0xcae00000| Complete 
|  83|0xcaf00000, 0xcb000000, 0xcb000000|100%| E|CS|TAMS 0xcaf00000, 0xcaf00000| Complete 
|  84|0xcb000000, 0xcb100000, 0xcb100000|100%| E|CS|TAMS 0xcb000000, 0xcb000000| Complete 
|  85|0xcb100000, 0xcb200000, 0xcb200000|100%| E|CS|TAMS 0xcb100000, 0xcb100000| Complete 
|  86|0xcb200000, 0xcb300000, 0xcb300000|100%| E|CS|TAMS 0xcb200000, 0xcb200000| Complete 
|  87|0xcb300000, 0xcb400000, 0xcb400000|100%| E|CS|TAMS 0xcb300000, 0xcb300000| Complete 
|  88|0xcb400000, 0xcb500000, 0xcb500000|100%| E|CS|TAMS 0xcb400000, 0xcb400000| Complete 
|  89|0xcb500000, 0xcb600000, 0xcb600000|100%| E|CS|TAMS 0xcb500000, 0xcb500000| Complete 
|  90|0xcb600000, 0xcb700000, 0xcb700000|100%| E|CS|TAMS 0xcb600000, 0xcb600000| Complete 
|  91|0xcb700000, 0xcb800000, 0xcb800000|100%| E|CS|TAMS 0xcb700000, 0xcb700000| Complete 
|  92|0xcb800000, 0xcb900000, 0xcb900000|100%| E|CS|TAMS 0xcb800000, 0xcb800000| Complete 
|  93|0xcb900000, 0xcba00000, 0xcba00000|100%| E|CS|TAMS 0xcb900000, 0xcb900000| Complete 
|  94|0xcba00000, 0xcbb00000, 0xcbb00000|100%| E|CS|TAMS 0xcba00000, 0xcba00000| Complete 
|  95|0xcbb00000, 0xcbc00000, 0xcbc00000|100%| E|CS|TAMS 0xcbb00000, 0xcbb00000| Complete 
|  96|0xcbc00000, 0xcbd00000, 0xcbd00000|100%| E|CS|TAMS 0xcbc00000, 0xcbc00000| Complete 
|  97|0xcbd00000, 0xcbe00000, 0xcbe00000|100%| E|CS|TAMS 0xcbd00000, 0xcbd00000| Complete 
|  98|0xcbe00000, 0xcbf00000, 0xcbf00000|100%| E|CS|TAMS 0xcbe00000, 0xcbe00000| Complete 
|  99|0xcbf00000, 0xcc000000, 0xcc000000|100%| E|CS|TAMS 0xcbf00000, 0xcbf00000| Complete 
| 100|0xcc000000, 0xcc100000, 0xcc100000|100%| E|CS|TAMS 0xcc000000, 0xcc000000| Complete 
| 101|0xcc100000, 0xcc200000, 0xcc200000|100%| E|CS|TAMS 0xcc100000, 0xcc100000| Complete 
| 102|0xcc200000, 0xcc300000, 0xcc300000|100%| E|CS|TAMS 0xcc200000, 0xcc200000| Complete 
| 103|0xcc300000, 0xcc400000, 0xcc400000|100%| E|CS|TAMS 0xcc300000, 0xcc300000| Complete 
| 104|0xcc400000, 0xcc500000, 0xcc500000|100%| E|CS|TAMS 0xcc400000, 0xcc400000| Complete 
| 105|0xcc500000, 0xcc600000, 0xcc600000|100%| E|CS|TAMS 0xcc500000, 0xcc500000| Complete 
| 106|0xcc600000, 0xcc700000, 0xcc700000|100%| E|CS|TAMS 0xcc600000, 0xcc600000| Complete 
| 107|0xcc700000, 0xcc800000, 0xcc800000|100%| E|CS|TAMS 0xcc700000, 0xcc700000| Complete 
| 108|0xcc800000, 0xcc900000, 0xcc900000|100%| E|CS|TAMS 0xcc800000, 0xcc800000| Complete 
| 109|0xcc900000, 0xcca00000, 0xcca00000|100%| E|CS|TAMS 0xcc900000, 0xcc900000| Complete 
| 110|0xcca00000, 0xccb00000, 0xccb00000|100%| E|CS|TAMS 0xcca00000, 0xcca00000| Complete 
| 111|0xccb00000, 0xccc00000, 0xccc00000|100%| E|CS|TAMS 0xccb00000, 0xccb00000| Complete 
| 112|0xccc00000, 0xccd00000, 0xccd00000|100%| E|CS|TAMS 0xccc00000, 0xccc00000| Complete 
| 113|0xccd00000, 0xcce00000, 0xcce00000|100%| E|CS|TAMS 0xccd00000, 0xccd00000| Complete 
| 114|0xcce00000, 0xccf00000, 0xccf00000|100%| E|CS|TAMS 0xcce00000, 0xcce00000| Complete 
| 115|0xccf00000, 0xcd000000, 0xcd000000|100%| E|CS|TAMS 0xccf00000, 0xccf00000| Complete 
| 116|0xcd000000, 0xcd100000, 0xcd100000|100%| E|CS|TAMS 0xcd000000, 0xcd000000| Complete 
| 117|0xcd100000, 0xcd200000, 0xcd200000|100%| E|CS|TAMS 0xcd100000, 0xcd100000| Complete 
| 118|0xcd200000, 0xcd300000, 0xcd300000|100%| E|CS|TAMS 0xcd200000, 0xcd200000| Complete 
| 119|0xcd300000, 0xcd400000, 0xcd400000|100%| E|CS|TAMS 0xcd300000, 0xcd300000| Complete 
| 120|0xcd400000, 0xcd500000, 0xcd500000|100%| E|CS|TAMS 0xcd400000, 0xcd400000| Complete 
| 121|0xcd500000, 0xcd600000, 0xcd600000|100%| E|CS|TAMS 0xcd500000, 0xcd500000| Complete 
| 122|0xcd600000, 0xcd700000, 0xcd700000|100%| E|CS|TAMS 0xcd600000, 0xcd600000| Complete 
| 123|0xcd700000, 0xcd800000, 0xcd800000|100%| E|CS|TAMS 0xcd700000, 0xcd700000| Complete 
| 124|0xcd800000, 0xcd900000, 0xcd900000|100%| E|CS|TAMS 0xcd800000, 0xcd800000| Complete 
| 125|0xcd900000, 0xcda00000, 0xcda00000|100%| E|CS|TAMS 0xcd900000, 0xcd900000| Complete 
| 126|0xcda00000, 0xcdb00000, 0xcdb00000|100%| E|CS|TAMS 0xcda00000, 0xcda00000| Complete 
| 127|0xcdb00000, 0xcdc00000, 0xcdc00000|100%| E|CS|TAMS 0xcdb00000, 0xcdb00000| Complete 

Card table byte_map: [0xc5a00000,0xc5b00000] _byte_map_base: 0xc53d2000

Marking Bits (Prev, Next): (CMBitMap*) 0xf5e8b528, (CMBitMap*) 0xf5e8b548
 Prev Bits: [0xc5100000, 0xc5900000)
 Next Bits: [0xc4900000, 0xc5100000)

Polling page: 0xf7efa000

Metaspace:

Usage:
    7.63 MB used.

Virtual space:
     16.00 MB reserved,       8.56 MB ( 54%) committed,  1 nodes.

Chunk freelists:
5.16 MB

MaxMetaspaceSize: 96.00 MB
No class space
Initial GC threshold: 16.00 MB
Current GC threshold: 16.00 MB
CDS: on
MetaspaceReclaimPolicy: balanced
 - commit_granule_bytes: 65536.
 - commit_granule_words: 16384.
 - virtual_space_node_default_size: 4194304.
 - enlarge_chunks_in_place: 1.
 - new_chunks_are_fully_committed: 0.
 - uncommit_free_chunks: 1.
 - use_allocation_guard: 0.
 - handle_deallocations: 1.


Internal statistics:

num_allocs_failed_limit: 0.
num_arena_births: 600.
num_arena_deaths: 0.
num_vsnodes_births: 1.
num_vsnodes_deaths: 0.
num_space_committed: 137.
num_space_uncommitted: 0.
num_chunks_returned_to_freelist: 0.
num_chunks_taken_from_freelist: 1027.
num_chunk_merges: 0.
num_chunk_splits: 733.
num_chunks_enlarged: 516.
num_inconsistent_stats: 0.

CodeHeap 'non-profiled nmethods': size=120172Kb used=1236Kb max_used=1236Kb free=118935Kb
 bounds [0xed7f5000, 0xeda35000, 0xf4d50000]
CodeHeap 'profiled nmethods': size=120172Kb used=4544Kb max_used=4544Kb free=115627Kb
 bounds [0xe5d50000, 0xe61c8000, 0xed2ab000]
CodeHeap 'non-nmethods': size=5416Kb used=746Kb max_used=787Kb free=4669Kb
 bounds [0xed2ab000, 0xed4eb000, 0xed7f5000]
 total_blobs=2597 nmethods=2237 adapters=274
 compilation: enabled
              stopped_count=0, restarted_count=0
 full_count=0

Compilation events (20 events):
Event: 8883.233 Thread 0xc41a0580 2227       3       script.library.xp::cleanupCreditForKills (12 bytes)
Event: 8883.234 Thread 0xc41a0580 nmethod 2227 0xe61bd608 code [0xe61bd7a0, 0xe61bdd84]
Event: 8883.437 Thread 0xc419f450 2228       4       java.lang.Class::forName (47 bytes)
Event: 8883.438 Thread 0xc419f450 nmethod 2228 0xed927b08 code [0xed927c20, 0xed927cdc]
Event: 9000.184 Thread 0xc419f450 2229       4       script.base_class::getIntObjVar (9 bytes)
Event: 9000.185 Thread 0xc419f450 nmethod 2229 0xed927e08 code [0xed927f20, 0xed927fdc]
Event: 9069.178 Thread 0xc419f450 2231       4       java.io.ObjectOutputStream$HandleTable::insert (39 bytes)
Event: 9069.189 Thread 0xc419f450 nmethod 2231 0xed928408 code [0xed928540, 0xed92883c]
Event: 9238.023 Thread 0xc419f450 2232       4       java.io.ObjectStreamClass::classNamesEqual (59 bytes)
Event: 9238.096 Thread 0xc419f450 nmethod 2232 0xed928a08 code [0xed928b40, 0xed9291f0]
Event: 9336.322 Thread 0xc41a0580 2233       3       script.ai.ai::handleAnimationAction (42 bytes)
Event: 9336.323 Thread 0xc41a0580 nmethod 2233 0xe61be008 code [0xe61be180, 0xe61be3b0]
Event: 9336.323 Thread 0xc41a0580 2234       3       script.base_class::patrol (14 bytes)
Event: 9336.324 Thread 0xc41a0580 nmethod 2234 0xe61be508 code [0xe61be660, 0xe61be88c]
Event: 9420.222 Thread 0xc41a0580 2236       3       script.base_class$attacker_results::<init> (35 bytes)
Event: 9420.223 Thread 0xc41a0580 nmethod 2236 0xe61bea08 code [0xe61beb40, 0xe61bed20]
Event: 9477.180 Thread 0xc41a0580 2238       3       script.base_class::setPosture (9 bytes)
Event: 9477.181 Thread 0xc41a0580 nmethod 2238 0xe61bee08 code [0xe61bef60, 0xe61bf16c]
Event: 9514.320 Thread 0xc41a0580 2241   !   3       jdk.internal.reflect.GeneratedMethodAccessor64::invoke (68 bytes)
Event: 9514.322 Thread 0xc41a0580 nmethod 2241 0xe61bf288 code [0xe61bf4a0, 0xe61bfc34]

GC Heap History (10 events):
Event: 68.566 GC heap before
{Heap before GC invocations=0 (full 0):
 garbage-first heap   total 131072K, used 12288K [0xc5c00000, 0xe5c00000)
  region size 1024K, 13 young (13312K), 0 survivors (0K)
 Metaspace       used 3190K, committed 3456K, reserved 16384K
}
Event: 68.604 GC heap after
{Heap after GC invocations=1 (full 0):
 garbage-first heap   total 131072K, used 2538K [0xc5c00000, 0xe5c00000)
  region size 1024K, 2 young (2048K), 2 survivors (2048K)
 Metaspace       used 3190K, committed 3456K, reserved 16384K
}
Event: 106.808 GC heap before
{Heap before GC invocations=1 (full 0):
 garbage-first heap   total 131072K, used 18922K [0xc5c00000, 0xe5c00000)
  region size 1024K, 18 young (18432K), 2 survivors (2048K)
 Metaspace       used 3979K, committed 4352K, reserved 16384K
}
Event: 106.827 GC heap after
{Heap after GC invocations=2 (full 0):
 garbage-first heap   total 131072K, used 3846K [0xc5c00000, 0xe5c00000)
  region size 1024K, 2 young (2048K), 2 survivors (2048K)
 Metaspace       used 3979K, committed 4352K, reserved 16384K
}
Event: 122.051 GC heap before
{Heap before GC invocations=2 (full 0):
 garbage-first heap   total 131072K, used 79622K [0xc5c00000, 0xe5c00000)
  region size 1024K, 76 young (77824K), 2 survivors (2048K)
 Metaspace       used 4851K, committed 5376K, reserved 16384K
}
Event: 122.062 GC heap after
{Heap after GC invocations=3 (full 0):
 garbage-first heap   total 131072K, used 5227K [0xc5c00000, 0xe5c00000)
  region size 1024K, 3 young (3072K), 3 survivors (3072K)
 Metaspace       used 4851K, committed 5376K, reserved 16384K
}
Event: 421.691 GC heap before
{Heap before GC invocations=3 (full 0):
 garbage-first heap   total 131072K, used 79979K [0xc5c00000, 0xe5c00000)
  region size 1024K, 76 young (77824K), 3 survivors (3072K)
 Metaspace       used 6767K, committed 7552K, reserved 16384K
}
Event: 421.738 GC heap after
{Heap after GC invocations=4 (full 0):
 garbage-first heap   total 131072K, used 8531K [0xc5c00000, 0xe5c00000)
  region size 1024K, 6 young (6144K), 6 survivors (6144K)
 Metaspace       used 6767K, committed 7552K, reserved 16384K
}
Event: 514.475 GC heap before
{Heap before GC invocations=4 (full 0):
 garbage-first heap   total 131072K, used 80211K [0xc5c00000, 0xe5c00000)
  region size 1024K, 76 young (77824K), 6 survivors (6144K)
 Metaspace       used 7562K, committed 8512K, reserved 16384K
}
Event: 514.503 GC heap after
{Heap after GC invocations=5 (full 0):
 garbage-first heap   total 131072K, used 10812K [0xc5c00000, 0xe5c00000)
  region size 1024K, 7 young (7168K), 7 survivors (7168K)
 Metaspace       used 7562K, committed 8512K, reserved 16384K
}

Dll operation events (4 events):
Event: 0.043 Loaded shared library /usr/lib/jvm/java-17-zulu-openjdk-jdk-x86/lib/libjava.so
Event: 59.368 Loaded shared library /usr/lib/jvm/java-17-zulu-openjdk-jdk-x86/lib/libnio.so
Event: 59.392 Loaded shared library /usr/lib/jvm/java-17-zulu-openjdk-jdk-x86/lib/libjimage.so
Event: 59.407 Loaded shared library /usr/lib/jvm/java-17-zulu-openjdk-jdk-x86/lib/libnet.so

Deoptimization events (20 events):
Event: 519.421 Thread 0x0b2d97e0 DEOPT PACKING pc=0xe60aa9ab sp=0xffc0f0b0
Event: 519.421 Thread 0x0b2d97e0 DEOPT UNPACKING pc=0xed2f4171 sp=0xffc0ef3c mode 0
Event: 585.359 Thread 0x0b2d97e0 Uncommon trap: trap_request=0xffffff45 fr.pc=0xed8cde20 relative=0x00000340
Event: 585.359 Thread 0x0b2d97e0 Uncommon trap: reason=unstable_if action=reinterpret pc=0xed8cde20 method=java.util.HashMap.putVal(ILjava/lang/Object;Ljava/lang/Object;ZZ)Ljava/lang/Object; @ 162 c2
Event: 585.359 Thread 0x0b2d97e0 DEOPT PACKING pc=0xed8cde20 sp=0xffc0f220
Event: 585.359 Thread 0x0b2d97e0 DEOPT UNPACKING pc=0xed2f4d33 sp=0xffc0f190 mode 2
Event: 585.359 Thread 0x0b2d97e0 Uncommon trap: trap_request=0xffffff45 fr.pc=0xed8d83d8 relative=0x00000318
Event: 585.359 Thread 0x0b2d97e0 Uncommon trap: reason=unstable_if action=reinterpret pc=0xed8d83d8 method=java.util.HashMap.putVal(ILjava/lang/Object;Ljava/lang/Object;ZZ)Ljava/lang/Object; @ 162 c2
Event: 585.359 Thread 0x0b2d97e0 DEOPT PACKING pc=0xed8d83d8 sp=0xffc0f1b0
Event: 585.359 Thread 0x0b2d97e0 DEOPT UNPACKING pc=0xed2f4d33 sp=0xffc0f184 mode 2
Event: 681.225 Thread 0x0b2d97e0 Uncommon trap: trap_request=0xffffff45 fr.pc=0xed8b14f0 relative=0x00000bd0
Event: 681.225 Thread 0x0b2d97e0 Uncommon trap: reason=unstable_if action=reinterpret pc=0xed8b14f0 method=script.obj_id.unlockScripts()V @ 54 c2
Event: 681.225 Thread 0x0b2d97e0 DEOPT PACKING pc=0xed8b14f0 sp=0xffc0f650
Event: 681.225 Thread 0x0b2d97e0 DEOPT UNPACKING pc=0xed2f4d33 sp=0xffc0f5e4 mode 2
Event: 681.225 Thread 0x0b2d97e0 Uncommon trap: trap_request=0xffffff45 fr.pc=0xed899db0 relative=0x00000250
Event: 681.225 Thread 0x0b2d97e0 Uncommon trap: reason=unstable_if action=reinterpret pc=0xed899db0 method=script.obj_id.unlockScripts()V @ 54 c2
Event: 681.225 Thread 0x0b2d97e0 DEOPT PACKING pc=0xed899db0 sp=0xffc0f600
Event: 681.225 Thread 0x0b2d97e0 DEOPT UNPACKING pc=0xed2f4d33 sp=0xffc0f5e0 mode 2
Event: 5097.408 Thread 0x0b2d97e0 DEOPT PACKING pc=0xe60f5fff sp=0xffc0f670
Event: 5097.409 Thread 0x0b2d97e0 DEOPT UNPACKING pc=0xed2f4171 sp=0xffc0f540 mode 0

Classes unloaded (0 events):
No events

Classes redefined (0 events):
No events

Internal exceptions (16 events):
Event: 59.425 Thread 0x0b2d97e0 Exception <a 'java/lang/NoSuchMethodError'{0xcd40b230}: 'java.lang.Object java.lang.invoke.DirectMethodHandle$Holder.invokeStaticInit(java.lang.Object)'> (0xcd40b230) 
thrown [src/hotspot/share/interpreter/linkResolver.cpp, line 759]
Event: 68.117 Thread 0x0b2d97e0 Exception <a 'java/lang/NoSuchMethodError'{0xcd3558f0}: 'java.lang.Object java.lang.invoke.DirectMethodHandle$Holder.invokeStatic(java.lang.Object, float)'> (0xcd3558f0) 
thrown [src/hotspot/share/interpreter/linkResolver.cpp, line 759]
Event: 68.640 Thread 0x0b2d97e0 Exception <a 'java/lang/NoSuchMethodError'{0xcdbcf8e8}: 'java.lang.Object java.lang.invoke.DirectMethodHandle$Holder.invokeSpecial(java.lang.Object, java.lang.Object, long, java.lang.Object, java.lang.Object, java.lang.Object, java.lang.Object, int, java.lang.Object)'> (0xcdbcf8e8) 
thrown [src/hotspot/share/interpreter/linkResolver.cpp, line 759]
Event: 68.640 Thread 0x0b2d97e0 Exception <a 'java/lang/NoSuchMethodError'{0xcdbd3be8}: 'java.lang.Object java.lang.invoke.DelegatingMethodHandle$Holder.reinvoke_L(java.lang.Object, long, java.lang.Object, java.lang.Object, java.lang.Object, java.lang.Object, int, java.lang.Object)'> (0xcdbd3be8) 
thrown [src/hotspot/share/interpreter/linkResolver.cpp, line 759]
Event: 68.655 Thread 0x0b2d97e0 Exception <a 'java/lang/NoSuchMethodError'{0xcda5c8b8}: 'java.lang.Object java.lang.invoke.DirectMethodHandle$Holder.invokeSpecial(java.lang.Object, java.lang.Object, java.lang.Object, java.lang.Object, float)'> (0xcda5c8b8) 
thrown [src/hotspot/share/interpreter/linkResolver.cpp, line 759]
Event: 68.664 Thread 0x0b2d97e0 Exception <a 'java/lang/NoSuchMethodError'{0xcda892f0}: 'java.lang.Object java.lang.invoke.DirectMethodHandle$Holder.invokeSpecial(java.lang.Object, java.lang.Object, java.lang.Object, java.lang.Object, int)'> (0xcda892f0) 
thrown [src/hotspot/share/interpreter/linkResolver.cpp, line 759]
Event: 68.664 Thread 0x0b2d97e0 Exception <a 'java/lang/NoSuchMethodError'{0xcda8ca58}: 'java.lang.Object java.lang.invoke.Invokers$Holder.linkToTargetMethod(java.lang.Object, java.lang.Object, int, java.lang.Object)'> (0xcda8ca58) 
thrown [src/hotspot/share/interpreter/linkResolver.cpp, line 759]
Event: 68.789 Thread 0x0b2d97e0 Exception <a 'java/lang/NoSuchMethodError'{0xcd83d508}: 'java.lang.Object java.lang.invoke.DirectMethodHandle$Holder.invokeSpecial(java.lang.Object, java.lang.Object, long, java.lang.Object, java.lang.Object, java.lang.Object, java.lang.Object, java.lang.Object, java.lang.Object)'> (0xcd83d508) 
thrown [src/hotspot/share/interpreter/linkResolver.cpp, line 759]
Event: 68.790 Thread 0x0b2d97e0 Exception <a 'java/lang/NoSuchMethodError'{0xcd8418e0}: 'java.lang.Object java.lang.invoke.DelegatingMethodHandle$Holder.reinvoke_L(java.lang.Object, long, java.lang.Object, java.lang.Object, java.lang.Object, java.lang.Object, java.lang.Object, java.lang.Object)'> (0xcd8418e0) 
thrown [src/hotspot/share/interpreter/linkResolver.cpp, line 759]
Event: 146.259 Thread 0x0b2d97e0 Exception <a 'java/lang/NoSuchMethodError'{0xcb308300}: 'java.lang.Object java.lang.invoke.DirectMethodHandle$Holder.invokeSpecial(java.lang.Object, java.lang.Object, java.lang.Object, java.lang.Object, java.lang.Object, java.lang.Object, int)'> (0xcb308300) 
thrown [src/hotspot/share/interpreter/linkResolver.cpp, line 759]
Event: 206.514 Thread 0x0b2d97e0 Exception <a 'java/lang/NoSuchMethodError'{0xcaf0eed0}: static [Lscript/obj_id;.<clinit>()V> (0xcaf0eed0) 
thrown [src/hotspot/share/prims/jni.cpp, line 1112]
Event: 229.528 Thread 0x0b2d97e0 Exception <a 'java/lang/NoSuchMethodError'{0xcaef2640}: 'java.lang.Object java.lang.invoke.DirectMethodHandle$Holder.invokeSpecial(java.lang.Object, java.lang.Object, int, int, int)'> (0xcaef2640) 
thrown [src/hotspot/share/interpreter/linkResolver.cpp, line 759]
Event: 320.791 Thread 0x0b2d97e0 Exception <a 'java/lang/NoSuchMethodError'{0xca2a4298}: 'java.lang.Object java.lang.invoke.DirectMethodHandle$Holder.invokeSpecial(java.lang.Object, java.lang.Object, java.lang.Object, java.lang.Object, int, java.lang.Object)'> (0xca2a4298) 
thrown [src/hotspot/share/interpreter/linkResolver.cpp, line 759]
Event: 320.791 Thread 0x0b2d97e0 Exception <a 'java/lang/NoSuchMethodError'{0xca2a7b68}: 'java.lang.Object java.lang.invoke.Invokers$Holder.linkToTargetMethod(java.lang.Object, java.lang.Object, int, java.lang.Object, java.lang.Object)'> (0xca2a7b68) 
thrown [src/hotspot/share/interpreter/linkResolver.cpp, line 759]
Event: 320.802 Thread 0x0b2d97e0 Exception <a 'java/lang/NoSuchMethodError'{0xca2eaee8}: 'java.lang.Object java.lang.invoke.DirectMethodHandle$Holder.invokeSpecial(java.lang.Object, java.lang.Object, long, java.lang.Object, java.lang.Object, java.lang.Object, int, java.lang.Object, java.lang.Object)'> (0xca2eaee8) 
thrown [src/hotspot/share/interpreter/linkResolver.cpp, line 759]
Event: 320.802 Thread 0x0b2d97e0 Exception <a 'java/lang/NoSuchMethodError'{0xca2ef1e8}: 'java.lang.Object java.lang.invoke.DelegatingMethodHandle$Holder.reinvoke_L(java.lang.Object, long, java.lang.Object, java.lang.Object, java.lang.Object, int, java.lang.Object, java.lang.Object)'> (0xca2ef1e8) 
thrown [src/hotspot/share/interpreter/linkResolver.cpp, line 759]

VM Operations (20 events):
Event: 520.504 Executing VM operation: Cleanup
Event: 520.504 Executing VM operation: Cleanup done
Event: 585.607 Executing VM operation: Cleanup
Event: 585.607 Executing VM operation: Cleanup done
Event: 604.691 Executing VM operation: Cleanup
Event: 604.691 Executing VM operation: Cleanup done
Event: 756.919 Executing VM operation: Cleanup
Event: 756.919 Executing VM operation: Cleanup done
Event: 759.923 Executing VM operation: Cleanup
Event: 759.923 Executing VM operation: Cleanup done
Event: 779.933 Executing VM operation: Cleanup
Event: 779.933 Executing VM operation: Cleanup done
Event: 780.933 Executing VM operation: Cleanup
Event: 780.933 Executing VM operation: Cleanup done
Event: 1143.150 Executing VM operation: Cleanup
Event: 1143.150 Executing VM operation: Cleanup done
Event: 4273.099 Executing VM operation: Cleanup
Event: 4273.099 Executing VM operation: Cleanup done
Event: 4287.115 Executing VM operation: Cleanup
Event: 4287.115 Executing VM operation: Cleanup done

Events (20 events):
Event: 206.568 loading class java/lang/constant/DirectMethodHandleDesc
Event: 206.569 loading class java/lang/constant/DirectMethodHandleDesc done
Event: 206.569 loading class java/lang/constant/DirectMethodHandleDescImpl done
Event: 206.569 loading class java/lang/constant/DirectMethodHandleDescImpl$1
Event: 206.569 loading class java/lang/constant/DirectMethodHandleDescImpl$1 done
Event: 206.569 loading class java/lang/constant/DirectMethodHandleDesc$1
Event: 206.569 loading class java/lang/constant/DirectMethodHandleDesc$1 done
Event: 206.569 loading class java/lang/constant/PrimitiveClassDescImpl
Event: 206.569 loading class java/lang/constant/DynamicConstantDesc
Event: 206.569 loading class java/lang/constant/DynamicConstantDesc done
Event: 206.569 loading class java/lang/constant/PrimitiveClassDescImpl done
Event: 206.569 loading class java/lang/constant/DynamicConstantDesc$AnonymousDynamicConstantDesc
Event: 206.569 loading class java/lang/constant/DynamicConstantDesc$AnonymousDynamicConstantDesc done
Event: 320.758 loading class java/lang/AssertionError
Event: 320.759 loading class java/lang/AssertionError done
Event: 320.814 loading class java/util/Vector$Itr
Event: 320.814 loading class java/util/Vector$Itr done
Event: 9615.853 Thread 0x0b2d97e0 Thread exited: 0x0b2d97e0
Event: 9615.865 Thread 0xf5e242d0 Thread exited: 0xf5e242d0
Event: 9615.865 Thread 0xc419bff0 Thread exited: 0xc419bff0


Dynamic libraries:
08048000-09298000 r-xp 00000000 08:04 494947248                          /home/almalinux/swg-returns-nge/build/bin/SwgGameServer
09298000-0929c000 rw-p 0124f000 08:04 494947248                          /home/almalinux/swg-returns-nge/build/bin/SwgGameServer
0929c000-09b1f000 rw-p 00000000 00:00 0 
09c14000-1611e000 rw-p 00000000 00:00 0                                  [heap]
be900000-be9f9000 rw-p 00000000 00:00 0 
be9f9000-bea00000 ---p 00000000 00:00 0 
bea00000-beaef000 rw-p 00000000 00:00 0 
beaef000-beb00000 ---p 00000000 00:00 0 
beb00000-bebfa000 rw-p 00000000 00:00 0 
bebfa000-bec00000 ---p 00000000 00:00 0 
bec00000-becd7000 rw-p 00000000 00:00 0 
becd7000-bed00000 ---p 00000000 00:00 0 
bed00000-bedef000 rw-p 00000000 00:00 0 
bedef000-bee00000 ---p 00000000 00:00 0 
bee00000-beefe000 rw-p 00000000 00:00 0 
beefe000-bef00000 ---p 00000000 00:00 0 
bef00000-befe9000 rw-p 00000000 00:00 0 
befe9000-bf000000 ---p 00000000 00:00 0 
bf000000-bf0fe000 rw-p 00000000 00:00 0 
bf0fe000-bf100000 ---p 00000000 00:00 0 
bf100000-bf1f9000 rw-p 00000000 00:00 0 
bf1f9000-bf200000 ---p 00000000 00:00 0 
bf200000-bf2a1000 rw-p 00000000 00:00 0 
bf2a1000-bf300000 ---p 00000000 00:00 0 
bf600000-bf6f9000 rw-p 00000000 00:00 0 
bf6f9000-bf700000 ---p 00000000 00:00 0 
bf700000-bf7f9000 rw-p 00000000 00:00 0 
bf7f9000-bf800000 ---p 00000000 00:00 0 
bf800000-bf8f9000 rw-p 00000000 00:00 0 
bf8f9000-bf900000 ---p 00000000 00:00 0 
bf900000-bf9f9000 rw-p 00000000 00:00 0 
bf9f9000-bfa00000 ---p 00000000 00:00 0 
bfa00000-bfaf9000 rw-p 00000000 00:00 0 
bfaf9000-bfb00000 ---p 00000000 00:00 0 
bfb00000-bfbf9000 rw-p 00000000 00:00 0 
bfbf9000-bfc00000 ---p 00000000 00:00 0 
bfc00000-bfcfd000 rw-p 00000000 00:00 0 
bfcfd000-bfd00000 ---p 00000000 00:00 0 
bfd00000-bfdf9000 rw-p 00000000 00:00 0 
bfdf9000-bfe00000 ---p 00000000 00:00 0 
bfe00000-bfefd000 rw-p 00000000 00:00 0 
bfefd000-bff00000 ---p 00000000 00:00 0 
c0000000-c00e8000 rw-p 00000000 00:00 0 
c00e8000-c0100000 ---p 00000000 00:00 0 
c0100000-c01f9000 rw-p 00000000 00:00 0 
c01f9000-c0200000 ---p 00000000 00:00 0 
c0200000-c02f9000 rw-p 00000000 00:00 0 
c02f9000-c0300000 ---p 00000000 00:00 0 
c0a7f000-c0a80000 ---p 00000000 00:00 0 
c0a80000-c0b00000 rw-p 00000000 00:00 0 
c0b00000-c0bf8000 rw-p 00000000 00:00 0 
c0bf8000-c0c00000 ---p 00000000 00:00 0 
c0c7f000-c0c80000 ---p 00000000 00:00 0 
c0c80000-c0d00000 rw-p 00000000 00:00 0 
c0d00000-c0dff000 rw-p 00000000 00:00 0 
c0dff000-c0e00000 ---p 00000000 00:00 0 
c117f000-c1180000 ---p 00000000 00:00 0 
c1180000-c1200000 rw-p 00000000 00:00 0 
c1200000-c125b000 rw-p 00000000 00:00 0 
c125b000-c1300000 ---p 00000000 00:00 0 
c13fc000-c1400000 ---p 00000000 00:00 0 
c1400000-c147d000 rw-p 00000000 00:00 0 
c167f000-c1683000 ---p 00000000 00:00 0 
c1683000-c1740000 rw-p 00000000 00:00 0 
c1740000-c1744000 ---p 00000000 00:00 0 
c1744000-c1801000 rw-p 00000000 00:00 0 
c1801000-c1802000 ---p 00000000 00:00 0 
c1802000-c1882000 rw-p 00000000 00:00 0 
c1882000-c1886000 ---p 00000000 00:00 0 
c1886000-c1943000 rw-p 00000000 00:00 0 
c1943000-c1947000 ---p 00000000 00:00 0 
c1947000-c1a04000 rw-p 00000000 00:00 0 
c1a04000-c1a08000 ---p 00000000 00:00 0 
c1a08000-c1ac5000 rw-p 00000000 00:00 0 
c1ac5000-c1ac9000 ---p 00000000 00:00 0 
c1ac9000-c1b86000 rw-p 00000000 00:00 0 
c1b86000-c1e00000 r--p 00078000 08:04 535181                             /usr/lib/locale/locale-archive
c1e00000-c2000000 r--p 00000000 08:04 535181                             /usr/lib/locale/locale-archive
c2000000-c21b0000 rw-p 00000000 00:00 0 
c21b0000-c2400000 ---p 00000000 00:00 0 
c2400000-c2ae0000 rw-p 00000000 00:00 0 
c2ae0000-c3000000 ---p 00000000 00:00 0 
c303c000-c3040000 ---p 00000000 00:00 0 
c3040000-c30bd000 rw-p 00000000 00:00 0 
c30bd000-c30c1000 ---p 00000000 00:00 0 
c30c1000-c317e000 rw-p 00000000 00:00 0 
c317e000-c3182000 ---p 00000000 00:00 0 
c3182000-c323f000 rw-p 00000000 00:00 0 
c323f000-c3243000 ---p 00000000 00:00 0 
c3243000-c3300000 rw-p 00000000 00:00 0 
c3300000-c3321000 rw-p 00000000 00:00 0 
c3321000-c3400000 ---p 00000000 00:00 0 
c3431000-c3435000 ---p 00000000 00:00 0 
c3435000-c34b2000 rw-p 00000000 00:00 0 
c34b2000-c34b3000 ---p 00000000 00:00 0 
c34b3000-c3533000 rw-p 00000000 00:00 0 
c3533000-c3e00000 rw-p 00001000 08:04 143240867                          /usr/lib/jvm/java-17-zulu-openjdk-jdk-x86/lib/server/classes.jsa
c3e00000-c3e21000 rw-p 00000000 00:00 0 
c3e21000-c3f00000 ---p 00000000 00:00 0 
c3f7f000-c3f80000 ---p 00000000 00:00 0 
c3f80000-c4000000 rw-p 00000000 00:00 0 
c4000000-c4021000 rw-p 00000000 00:00 0 
c4021000-c4100000 ---p 00000000 00:00 0 
c4100000-c41d3000 rw-p 00000000 00:00 0 
c41d3000-c4200000 ---p 00000000 00:00 0 
c427f000-c4280000 ---p 00000000 00:00 0 
c4280000-c4300000 rw-p 00000000 00:00 0 
c4300000-c43ff000 rw-p 00000000 00:00 0 
c43ff000-c4400000 ---p 00000000 00:00 0 
c447f000-c4480000 ---p 00000000 00:00 0 
c4480000-c4500000 rw-p 00000000 00:00 0 
c4500000-c45e8000 rw-p 00000000 00:00 0 
c45e8000-c4600000 ---p 00000000 00:00 0 
c467f000-c4680000 ---p 00000000 00:00 0 
c4680000-c4700000 rw-p 00000000 00:00 0 
c4700000-c47fb000 rw-p 00000000 00:00 0 
c47fb000-c4800000 ---p 00000000 00:00 0 
c487f000-c4880000 ---p 00000000 00:00 0 
c4880000-c4b00000 rw-p 00000000 00:00 0 
c4b00000-c5100000 ---p 00000000 00:00 0 
c5100000-c5300000 rw-p 00000000 00:00 0 
c5300000-c5900000 ---p 00000000 00:00 0 
c5900000-c5940000 rw-p 00000000 00:00 0 
c5940000-c5a00000 ---p 00000000 00:00 0 
c5a00000-c5a40000 rw-p 00000000 00:00 0 
c5a40000-c5b00000 ---p 00000000 00:00 0 
c5b00000-c5b40000 rw-p 00000000 00:00 0 
c5b40000-c5c00000 ---p 00000000 00:00 0 
c5c00000-cdc00000 rw-p 00000000 00:00 0 
cdc00000-e5c00000 ---p 00000000 00:00 0 
e5c65000-e5c6a000 rw-p 00000000 00:00 0 
e5c6a000-e5d50000 ---p 00000000 00:00 0 
e5d50000-e61c8000 rwxp 00000000 00:00 0 
e61c8000-ed2ab000 ---p 00000000 00:00 0 
ed2ab000-ed4eb000 rwxp 00000000 00:00 0 
ed4eb000-ed7f5000 ---p 00000000 00:00 0 
ed7f5000-eda35000 rwxp 00000000 00:00 0 
eda35000-f4d50000 ---p 00000000 00:00 0 
f4d50000-f4eb8000 r--s 00000000 08:04 117534333                          /usr/lib/jvm/java-17-zulu-openjdk-jdk-x86/lib/modules
f4eb8000-f5d5a000 r-xp 00000000 08:04 143240869                          /usr/lib/jvm/java-17-zulu-openjdk-jdk-x86/lib/server/libjvm.so
f5d5a000-f5daf000 r--p 00ea1000 08:04 143240869                          /usr/lib/jvm/java-17-zulu-openjdk-jdk-x86/lib/server/libjvm.so
f5daf000-f5dd0000 rw-p 00ef6000 08:04 143240869                          /usr/lib/jvm/java-17-zulu-openjdk-jdk-x86/lib/server/libjvm.so
f5dd0000-f5e00000 rw-p 00000000 00:00 0 
f5e00000-f5f00000 rw-p 00000000 00:00 0 
f5f40000-f5f41000 ---p 00000000 00:00 0 
f5f41000-f5f45000 ---p 00000000 00:00 0 
f5f45000-f6ab9000 rw-p 00000000 00:00 0 
f6ac5000-f6ada000 r-xp 00000000 08:04 117534323                          /usr/lib/jvm/java-17-zulu-openjdk-jdk-x86/lib/libnet.so
f6ada000-f6adb000 r--p 00014000 08:04 117534323                          /usr/lib/jvm/java-17-zulu-openjdk-jdk-x86/lib/libnet.so
f6adb000-f6adc000 rw-p 00015000 08:04 117534323                          /usr/lib/jvm/java-17-zulu-openjdk-jdk-x86/lib/libnet.so
f6adc000-f6ae5000 rw-p 00000000 00:00 0 
f6ae5000-f6bc7000 ---p 00000000 00:00 0 
f6e01000-f6e13000 r-xp 00000000 08:04 117534324                          /usr/lib/jvm/java-17-zulu-openjdk-jdk-x86/lib/libnio.so
f6e13000-f6e14000 r--p 00011000 08:04 117534324                          /usr/lib/jvm/java-17-zulu-openjdk-jdk-x86/lib/libnio.so
f6e14000-f6e15000 rw-p 00012000 08:04 117534324                          /usr/lib/jvm/java-17-zulu-openjdk-jdk-x86/lib/libnio.so
f6e15000-f6e3e000 rw-p 00000000 00:00 0 
f6e3e000-f6e61000 r-xp 00000000 08:04 117534310                          /usr/lib/jvm/java-17-zulu-openjdk-jdk-x86/lib/libjava.so
f6e61000-f6e62000 r--p 00022000 08:04 117534310                          /usr/lib/jvm/java-17-zulu-openjdk-jdk-x86/lib/libjava.so
f6e62000-f6e63000 rw-p 00023000 08:04 117534310                          /usr/lib/jvm/java-17-zulu-openjdk-jdk-x86/lib/libjava.so
f6e63000-f6e6f000 r-xp 00000000 08:04 16831767                           /usr/lib/libnss_files-2.28.so
f6e6f000-f6e70000 r--p 0000b000 08:04 16831767                           /usr/lib/libnss_files-2.28.so
f6e70000-f6e71000 rw-p 0000c000 08:04 16831767                           /usr/lib/libnss_files-2.28.so
f6e71000-f6e77000 rw-p 00000000 00:00 0 
f6e7d000-f6e82000 rw-p 00000000 00:00 0 
f6e82000-f6e88000 ---p 00000000 00:00 0 
f6e88000-f6ea3000 r-xp 00000000 08:04 117534314                          /usr/lib/jvm/java-17-zulu-openjdk-jdk-x86/lib/libjimage.so
f6ea3000-f6ea4000 ---p 0001b000 08:04 117534314                          /usr/lib/jvm/java-17-zulu-openjdk-jdk-x86/lib/libjimage.so
f6ea4000-f6ea5000 r--p 0001b000 08:04 117534314                          /usr/lib/jvm/java-17-zulu-openjdk-jdk-x86/lib/libjimage.so
f6ea5000-f6ea6000 rw-p 0001c000 08:04 117534314                          /usr/lib/jvm/java-17-zulu-openjdk-jdk-x86/lib/libjimage.so
f6ea6000-f6eaa000 rw-p 00000000 00:00 0 
f6eaa000-f6f32000 r-xp 00000000 08:04 17191875                           /usr/lib/libpcre2-8.so.0.7.1
f6f32000-f6f33000 r--p 00087000 08:04 17191875                           /usr/lib/libpcre2-8.so.0.7.1
f6f33000-f6f34000 rw-p 00088000 08:04 17191875                           /usr/lib/libpcre2-8.so.0.7.1
f6f34000-f6f54000 r-xp 00000000 08:04 17021543                           /usr/lib/libcrypt.so.1.1.0
f6f54000-f6f55000 ---p 00020000 08:04 17021543                           /usr/lib/libcrypt.so.1.1.0
f6f55000-f6f56000 r--p 00020000 08:04 17021543                           /usr/lib/libcrypt.so.1.1.0
f6f56000-f6f5f000 rw-p 00000000 00:00 0 
f6f5f000-f6f8a000 r-xp 00000000 08:04 17191887                           /usr/lib/libselinux.so.1
f6f8a000-f6f8b000 ---p 0002b000 08:04 17191887                           /usr/lib/libselinux.so.1
f6f8b000-f6f8c000 r--p 0002b000 08:04 17191887                           /usr/lib/libselinux.so.1
f6f8c000-f6f8d000 rw-p 0002c000 08:04 17191887                           /usr/lib/libselinux.so.1
f6f8d000-f6f8e000 rw-p 00000000 00:00 0 
f6f8e000-f6fad000 r-xp 00000000 08:04 18866589                           /usr/lib/libbrotlicommon.so.1.0.6
f6fad000-f6fae000 r--p 0001e000 08:04 18866589                           /usr/lib/libbrotlicommon.so.1.0.6
f6fae000-f6faf000 rw-p 0001f000 08:04 18866589                           /usr/lib/libbrotlicommon.so.1.0.6
f6faf000-f6fcd000 r-xp 00000000 08:04 17191915                           /usr/lib/libsasl2.so.3.0.0
f6fcd000-f6fce000 ---p 0001e000 08:04 17191915                           /usr/lib/libsasl2.so.3.0.0
f6fce000-f6fcf000 r--p 0001e000 08:04 17191915                           /usr/lib/libsasl2.so.3.0.0
f6fcf000-f6fd0000 rw-p 0001f000 08:04 17191915                           /usr/lib/libsasl2.so.3.0.0
f6fd0000-f6fd2000 rw-p 00000000 00:00 0 
f6fd2000-f6fe6000 r-xp 00000000 08:04 16831772                           /usr/lib/libresolv-2.28.so
f6fe6000-f6fe7000 ---p 00014000 08:04 16831772                           /usr/lib/libresolv-2.28.so
f6fe7000-f6fe8000 r--p 00014000 08:04 16831772                           /usr/lib/libresolv-2.28.so
f6fe8000-f6fe9000 rw-p 00015000 08:04 16831772                           /usr/lib/libresolv-2.28.so
f6fe9000-f6feb000 rw-p 00000000 00:00 0 
f6feb000-f6fee000 r-xp 00000000 08:04 17191893                           /usr/lib/libkeyutils.so.1.6
f6fee000-f6fef000 ---p 00003000 08:04 17191893                           /usr/lib/libkeyutils.so.1.6
f6fef000-f6ff0000 r--p 00003000 08:04 17191893                           /usr/lib/libkeyutils.so.1.6
f6ff0000-f6ff1000 rw-p 00000000 00:00 0 
f6ff1000-f7001000 r-xp 00000000 08:04 17021560                           /usr/lib/libkrb5support.so.0.1
f7001000-f7002000 r--p 0000f000 08:04 17021560                           /usr/lib/libkrb5support.so.0.1
f7002000-f7003000 rw-p 00010000 08:04 17021560                           /usr/lib/libkrb5support.so.0.1
f7003000-f700b000 r-xp 00000000 08:04 16831774                           /usr/lib/librt-2.28.so
f700b000-f700c000 r--p 00007000 08:04 16831774                           /usr/lib/librt-2.28.so
f700c000-f700d000 rw-p 00008000 08:04 16831774                           /usr/lib/librt-2.28.so
f700d000-f718c000 r-xp 00000000 08:04 17021545                           /usr/lib/libunistring.so.2.1.0
f718c000-f718d000 ---p 0017f000 08:04 17021545                           /usr/lib/libunistring.so.2.1.0
f718d000-f718f000 r--p 0017f000 08:04 17021545                           /usr/lib/libunistring.so.2.1.0
f718f000-f7190000 rw-p 00181000 08:04 17021545                           /usr/lib/libunistring.so.2.1.0
f7190000-f71ba000 r-xp 00000000 08:04 18654292                           /usr/lib/liblzma.so.5.2.4
f71ba000-f71bb000 r--p 00029000 08:04 18654292                           /usr/lib/liblzma.so.5.2.4
f71bb000-f71bc000 rw-p 00000000 00:00 0 
f71bc000-f71c8000 r-xp 00000000 08:04 17191936                           /usr/lib/libbrotlidec.so.1.0.6
f71c8000-f71c9000 r--p 0000b000 08:04 17191936                           /usr/lib/libbrotlidec.so.1.0.6
f71c9000-f71ca000 rw-p 00000000 00:00 0 
f71ca000-f71d9000 r-xp 00000000 08:04 17191918                           /usr/lib/liblber-2.4.so.2.10.9
f71d9000-f71da000 r--p 0000e000 08:04 17191918                           /usr/lib/liblber-2.4.so.2.10.9
f71da000-f71db000 rw-p 0000f000 08:04 17191918                           /usr/lib/liblber-2.4.so.2.10.9
f71db000-f7230000 r-xp 00000000 08:04 17191920                           /usr/lib/libldap-2.4.so.2.10.9
f7230000-f7231000 ---p 00055000 08:04 17191920                           /usr/lib/libldap-2.4.so.2.10.9
f7231000-f7232000 r--p 00055000 08:04 17191920                           /usr/lib/libldap-2.4.so.2.10.9
f7232000-f7233000 rw-p 00056000 08:04 17191920                           /usr/lib/libldap-2.4.so.2.10.9
f7233000-f7235000 rw-p 00000000 00:00 0 
f7235000-f7238000 r-xp 00000000 08:04 16994899                           /usr/lib/libcom_err.so.2.1
f7238000-f7239000 r--p 00002000 08:04 16994899                           /usr/lib/libcom_err.so.2.1
f7239000-f723a000 rw-p 00003000 08:04 16994899                           /usr/lib/libcom_err.so.2.1
f723a000-f7250000 r-xp 00000000 08:04 17021552                           /usr/lib/libk5crypto.so.3.1
f7250000-f7251000 ---p 00016000 08:04 17021552                           /usr/lib/libk5crypto.so.3.1
f7251000-f7252000 r--p 00016000 08:04 17021552                           /usr/lib/libk5crypto.so.3.1
f7252000-f7253000 rw-p 00017000 08:04 17021552                           /usr/lib/libk5crypto.so.3.1
f7253000-f7336000 r-xp 00000000 08:04 17021558                           /usr/lib/libkrb5.so.3.3
f7336000-f733d000 r--p 000e2000 08:04 17021558                           /usr/lib/libkrb5.so.3.3
f733d000-f733e000 rw-p 000e9000 08:04 17021558                           /usr/lib/libkrb5.so.3.3
f733e000-f7399000 r-xp 00000000 08:04 17021548                           /usr/lib/libgssapi_krb5.so.2.2
f7399000-f739b000 r--p 0005a000 08:04 17021548                           /usr/lib/libgssapi_krb5.so.2.2
f739b000-f739c000 rw-p 0005c000 08:04 17021548                           /usr/lib/libgssapi_krb5.so.2.2
f739c000-f764d000 r-xp 00000000 08:04 18627877                           /usr/lib/libcrypto.so.1.1.1k
f764d000-f7666000 r--p 002b0000 08:04 18627877                           /usr/lib/libcrypto.so.1.1.1k
f7666000-f7668000 rw-p 002c9000 08:04 18627877                           /usr/lib/libcrypto.so.1.1.1k
f7668000-f766c000 rw-p 00000000 00:00 0 
f766c000-f76fe000 r-xp 00000000 08:04 18627879                           /usr/lib/libssl.so.1.1.1k
f76fe000-f7704000 r--p 00091000 08:04 18627879                           /usr/lib/libssl.so.1.1.1k
f7704000-f7708000 rw-p 00097000 08:04 18627879                           /usr/lib/libssl.so.1.1.1k
f7708000-f7718000 r-xp 00000000 08:04 18660120                           /usr/lib/libpsl.so.5.3.1
f7718000-f7719000 r--p 0000f000 08:04 18660120                           /usr/lib/libpsl.so.5.3.1
f7719000-f771a000 rw-p 00000000 00:00 0 
f771a000-f7797000 r-xp 00000000 08:04 16994901                           /usr/lib/libssh.so.4.8.7
f7797000-f7798000 ---p 0007d000 08:04 16994901                           /usr/lib/libssh.so.4.8.7
f7798000-f7799000 r--p 0007d000 08:04 16994901                           /usr/lib/libssh.so.4.8.7
f7799000-f779a000 rw-p 0007e000 08:04 16994901                           /usr/lib/libssh.so.4.8.7
f779a000-f77b7000 r-xp 00000000 08:04 17040588                           /usr/lib/libidn2.so.0.3.6
f77b7000-f77b8000 r--p 0001c000 08:04 17040588                           /usr/lib/libidn2.so.0.3.6
f77b8000-f77b9000 rw-p 00000000 00:00 0 
f77b9000-f77e1000 r-xp 00000000 08:04 17191891                           /usr/lib/libnghttp2.so.14.17.0
f77e1000-f77e2000 r--p 00027000 08:04 17191891                           /usr/lib/libnghttp2.so.14.17.0
f77e2000-f77e4000 rw-p 00028000 08:04 17191891                           /usr/lib/libnghttp2.so.14.17.0
f77e4000-f7986000 r-xp 00000000 08:04 16831756                           /usr/lib/libc-2.28.so
f7986000-f7987000 ---p 001a2000 08:04 16831756                           /usr/lib/libc-2.28.so
f7987000-f7989000 r--p 001a2000 08:04 16831756                           /usr/lib/libc-2.28.so
f7989000-f798a000 rw-p 001a4000 08:04 16831756                           /usr/lib/libc-2.28.so
f798a000-f798f000 rw-p 00000000 00:00 0 
f798f000-f79aa000 r-xp 00000000 08:04 16985139                           /usr/lib/libgcc_s-8-20210514.so.1
f79aa000-f79ab000 r--p 0001a000 08:04 16985139                           /usr/lib/libgcc_s-8-20210514.so.1
f79ab000-f79ac000 rw-p 0001b000 08:04 16985139                           /usr/lib/libgcc_s-8-20210514.so.1
f79ac000-f7a7c000 r-xp 00000000 08:04 16831760                           /usr/lib/libm-2.28.so
f7a7c000-f7a7d000 r--p 000cf000 08:04 16831760                           /usr/lib/libm-2.28.so
f7a7d000-f7a7e000 rw-p 000d0000 08:04 16831760                           /usr/lib/libm-2.28.so
f7a7e000-f7c07000 r-xp 00000000 08:04 16985145                           /usr/lib/libstdc++.so.6.0.25
f7c07000-f7c08000 ---p 00189000 08:04 16985145                           /usr/lib/libstdc++.so.6.0.25
f7c08000-f7c0e000 r--p 00189000 08:04 16985145                           /usr/lib/libstdc++.so.6.0.25
f7c0e000-f7c0f000 rw-p 0018f000 08:04 16985145                           /usr/lib/libstdc++.so.6.0.25
f7c0f000-f7c11000 rw-p 00000000 00:00 0 
f7c11000-f7c28000 r-xp 00000000 08:04 16963437                           /usr/lib/libz.so.1.2.11
f7c28000-f7c29000 ---p 00017000 08:04 16963437                           /usr/lib/libz.so.1.2.11
f7c29000-f7c2a000 r--p 00017000 08:04 16963437                           /usr/lib/libz.so.1.2.11
f7c2a000-f7c2b000 rw-p 00000000 00:00 0 
f7c2b000-f7da8000 r-xp 00000000 08:04 16963397                           /usr/lib/libxml2.so.2.9.7
f7da8000-f7dad000 r--p 0017c000 08:04 16963397                           /usr/lib/libxml2.so.2.9.7
f7dad000-f7dae000 rw-p 00181000 08:04 16963397                           /usr/lib/libxml2.so.2.9.7
f7dae000-f7daf000 rw-p 00000000 00:00 0 
f7daf000-f7dcb000 r-xp 00000000 08:04 16831770                           /usr/lib/libpthread-2.28.so
f7dcb000-f7dcc000 r--p 0001b000 08:04 16831770                           /usr/lib/libpthread-2.28.so
f7dcc000-f7dcd000 rw-p 0001c000 08:04 16831770                           /usr/lib/libpthread-2.28.so
f7dcd000-f7dcf000 rw-p 00000000 00:00 0 
f7dcf000-f7e43000 r-xp 00000000 08:04 16818911                           /usr/lib/libpcre.so.1.2.10
f7e43000-f7e44000 ---p 00074000 08:04 16818911                           /usr/lib/libpcre.so.1.2.10
f7e44000-f7e45000 r--p 00074000 08:04 16818911                           /usr/lib/libpcre.so.1.2.10
f7e45000-f7e46000 rw-p 00075000 08:04 16818911                           /usr/lib/libpcre.so.1.2.10
f7e46000-f7e49000 r-xp 00000000 08:04 16831758                           /usr/lib/libdl-2.28.so
f7e49000-f7e4a000 r--p 00002000 08:04 16831758                           /usr/lib/libdl-2.28.so
f7e4a000-f7e4b000 rw-p 00003000 08:04 16831758                           /usr/lib/libdl-2.28.so
f7e4b000-f7ee8000 r-xp 00000000 08:04 16994905                           /usr/lib/libcurl.so.4.5.0
f7ee8000-f7eea000 r--p 0009c000 08:04 16994905                           /usr/lib/libcurl.so.4.5.0
f7eea000-f7eeb000 rw-p 0009e000 08:04 16994905                           /usr/lib/libcurl.so.4.5.0
f7eeb000-f7ef2000 r--s 00000000 08:04 176632422                          /usr/lib/gconv/gconv-modules.cache
f7ef2000-f7efa000 rw-s 00000000 08:04 151742450                          /tmp/hsperfdata_almalinux/25008 (deleted)
f7efa000-f7efb000 ---p 00000000 00:00 0 
f7efb000-f7efc000 r--p 00000000 00:00 0 
f7efc000-f7efe000 rw-p 00000000 00:00 0 
f7efe000-f7f02000 r--p 00000000 00:00 0                                  [vvar]
f7f02000-f7f04000 r-xp 00000000 00:00 0                                  [vdso]
f7f04000-f7f33000 r-xp 00000000 08:04 16831749                           /usr/lib/ld-2.28.so
f7f33000-f7f34000 ---p 00000000 00:00 0 
f7f34000-f7f35000 r--p 0002f000 08:04 16831749                           /usr/lib/ld-2.28.so
f7f35000-f7f36000 rw-p 00030000 08:04 16831749                           /usr/lib/ld-2.28.so
ffa4e000-ffa4f000 rwxp 00000000 00:00 0 
ffb57000-ffc13000 rw-p 00000000 00:00 0                                  [stack]


VM Arguments:
jvm_args: -Xms128m -Xmx512m -Xss768k -XX:MaxMetaspaceSize=96m -Xrs -XX:-UsePerfData -XX:-AllowUserSignalHandlers -XX:UseSSE=3 -XX+DoEscapeAnalysis -XX:AutoBoxCacheMax:2000 -XX:+OptimizeStringConcat -XX:+OptimizeFill -XX:+EliminateAutoBox -XX:+UseCompressedStrings -XX:+UseCompressedOops -XX:+EliminateLocks -XX:UseFastAccessorMethods -XX:+UseStringCache -XgcPrio:throughput -XXkeepAreaRatio:1 -XXlazyUnlocking -XXcallProfiling -XXcompactRatio:1 
java_command: <unknown>
java_class_path (initial): ../../data/sku.0/sys.server/compiled/game/
Launcher Type: generic

[Global flags]
     intx CICompilerCount                          = 3                                         {product} {ergonomic}
     uint ConcGCThreads                            = 1                                         {product} {ergonomic}
     uint G1ConcRefinementThreads                  = 4                                         {product} {ergonomic}
   size_t G1HeapRegionSize                         = 1048576                                   {product} {ergonomic}
    uintx GCDrainStackTargetSize                   = 64                                        {product} {ergonomic}
   size_t InitialHeapSize                          = 134217728                                 {product} {command line}
   size_t MarkStackSize                            = 32768                                     {product} {ergonomic}
   size_t MaxHeapSize                              = 536870912                                 {product} {command line}
   size_t MaxMetaspaceSize                         = 100663296                                 {product} {command line}
   size_t MaxNewSize                               = 321912832                                 {product} {ergonomic}
   size_t MinHeapDeltaBytes                        = 1048576                                   {product} {ergonomic}
   size_t MinHeapSize                              = 134217728                                 {product} {command line}
    uintx NonNMethodCodeHeapSize                   = 5544422                                {pd product} {ergonomic}
    uintx NonProfiledCodeHeapSize                  = 123056909                              {pd product} {ergonomic}
    uintx ProfiledCodeHeapSize                     = 123056909                              {pd product} {ergonomic}
    uintx ReservedCodeCacheSize                    = 251658240                              {pd product} {ergonomic}
     bool SegmentedCodeCache                       = true                                      {product} {ergonomic}
   size_t SoftMaxHeapSize                          = 536870912                              {manageable} {ergonomic}
   double SweeperThreshold                         = 0.500000                                  {product} {ergonomic}
     intx ThreadStackSize                          = 768                                    {pd product} {command line}
     bool UseG1GC                                  = true                                      {product} {ergonomic}

Logging:
Log output configuration:
 #0: stdout all=off uptime,level,tags
 #1: stderr all=off uptime,level,tags

Environment Variables:
JAVA_HOME=/usr/lib/jvm/zulu-17-x86
PATH=/usr/java/jdk1.7.0_80/bin:/usr/java/jdk1.7.0_80/bin:/usr/java/jdk1.6.0_45/bin:/usr/java/jdk1.6.0_45/bin:/usr/java/jdk1.6.0_45/bin:/home/almalinux/.local/bin:/home/almalinux/bin:/sbin:/bin:/usr/bin:/usr/local/bin:/usr/local/sbin:/usr/sbin:/usr/lib/oracle/18.3/client/bin:/usr/lib/oracle/18.3/client/bin:/usr/lib/jvm/java-11-openjdk/bin:./
LD_LIBRARY_PATH=/usr/lib/jvm/java-17-zulu-openjdk-jdk-x86/lib/server:/usr/lib/jvm/java-17-zulu-openjdk-jdk-x86/lib:/usr/lib/jvm/java-17-zulu-openjdk-jdk-x86/../lib:/usr/lib/jvm/zulu-17-x86/lib/server:/usr/lib/jvm/java-11-openjdk/lib:/usr/lib/jvm/java-11-openjdk/lib/server:./
SHELL=/bin/bash
DISPLAY=:10.0
LANG=en_US.UTF-8
TERM=xterm-256color

Active Locale:
LC_ALL=en_US.UTF-8
LC_COLLATE=en_US.UTF-8
LC_CTYPE=en_US.UTF-8
LC_MESSAGES=en_US.UTF-8
LC_MONETARY=en_US.UTF-8
LC_NUMERIC=en_US.UTF-8
LC_TIME=en_US.UTF-8

Signal Handlers:
   SIGSEGV: crash_handler in libjvm.so, mask=11100100010111111101111111111110, flags=SA_RESTART|SA_SIGINFO, unblocked
    SIGBUS: crash_handler in libjvm.so, mask=11100100010111111101111111111110, flags=SA_RESTART|SA_SIGINFO, unblocked
    SIGFPE: crash_handler in libjvm.so, mask=11100100010111111101111111111110, flags=SA_RESTART|SA_SIGINFO, unblocked
   SIGPIPE: SIG_IGN, mask=00000000000010000000000000000000, flags=SA_RESTART, blocked
  *** Handler was modified!
  *** Expected: javaSignalHandler in libjvm.so, mask=11100100110111111111111111111110, flags=SA_RESTART|SA_SIGINFO
   SIGXFSZ: javaSignalHandler in libjvm.so, mask=11100100010111111101111111111110, flags=SA_RESTART|SA_SIGINFO, blocked
    SIGILL: crash_handler in libjvm.so, mask=11100100010111111101111111111110, flags=SA_RESTART|SA_SIGINFO, unblocked
   SIGUSR2: SR_handler in libjvm.so, mask=00100000000000000000000000000000, flags=SA_RESTART|SA_SIGINFO, blocked
    SIGHUP: UserHandler in libjvm.so, mask=11100100010111111101111111111110, flags=SA_RESTART|SA_SIGINFO, blocked
    SIGINT: UserHandler in libjvm.so, mask=11100100010111111101111111111110, flags=SA_RESTART|SA_SIGINFO, blocked
   SIGTERM: UserHandler in libjvm.so, mask=11100100010111111101111111111110, flags=SA_RESTART|SA_SIGINFO, blocked
   SIGQUIT: UserHandler in libjvm.so, mask=11100100010111111101111111111110, flags=SA_RESTART|SA_SIGINFO, blocked
   SIGTRAP: crash_handler in libjvm.so, mask=11100100010111111101111111111110, flags=SA_RESTART|SA_SIGINFO, unblocked


Periodic native trim disabled


---------------  S Y S T E M  ---------------

OS:
AlmaLinux release 8.10 (Cerulean Leopard)
uname: Linux 4.18.0-553.81.1.el8_10.x86_64 #1 SMP Mon Oct 27 11:29:19 EDT 2025 x86_64
OS uptime: 0 days 18:35 hours
libc: glibc 2.28 NPTL 2.28 
rlimit (soft/hard): STACK 8192k/infinity , CORE 0k/infinity , NPROC 61995/61995 , NOFILE 262144/262144 , AS infinity/infinity , CPU infinity/infinity , DATA infinity/infinity , FSIZE infinity/infinity , MEMLOCK 64k/64k
load average: 35.27 38.09 38.97

/proc/meminfo:
MemTotal:       16014448 kB
MemFree:         3464160 kB
MemAvailable:    4328952 kB
Buffers:              20 kB
Cached:          2834004 kB
SwapCached:        20056 kB
Active:          1810464 kB
Inactive:       10246788 kB
Active(anon):    1341404 kB
Inactive(anon):  9771304 kB
Active(file):     469060 kB
Inactive(file):   475484 kB
Unevictable:        6160 kB
Mlocked:               0 kB
SwapTotal:       8388604 kB
SwapFree:        7765332 kB
Dirty:              1432 kB
Writeback:             0 kB
AnonPages:       9213424 kB
Mapped:          1181140 kB
Shmem:           1889476 kB
KReclaimable:     101388 kB
Slab:             222432 kB
SReclaimable:     101388 kB
SUnreclaim:       121044 kB
KernelStack:       22588 kB
PageTables:       152616 kB
NFS_Unstable:          0 kB
Bounce:                0 kB
WritebackTmp:          0 kB
CommitLimit:    16395828 kB
Committed_AS:   22589916 kB
VmallocTotal:   34359738367 kB
VmallocUsed:       68620 kB
VmallocChunk:          0 kB
Percpu:             2720 kB
HardwareCorrupted:     0 kB
AnonHugePages:         0 kB
ShmemHugePages:        0 kB
ShmemPmdMapped:        0 kB
FileHugePages:         0 kB
FilePmdMapped:         0 kB
HugePages_Total:       0
HugePages_Free:        0
HugePages_Rsvd:        0
HugePages_Surp:        0
Hugepagesize:       2048 kB
Hugetlb:               0 kB
DirectMap4k:      620396 kB
DirectMap2M:    15763456 kB

/sys/kernel/mm/transparent_hugepage/enabled: always madvise [never]
/sys/kernel/mm/transparent_hugepage/hpage_pmd_size: 2097152
/sys/kernel/mm/transparent_hugepage/defrag (defrag/compaction efforts parameter): always defer defer+madvise [madvise] never

Process Memory:
Virtual Size: 1145344K (peak: 1164208K)
Resident Set Size: 365004K (peak: 395712K) (anon: 346208K, file: 18796K, shmem: 0K)
Swapped out: 0K
C-Heap outstanding allocations: 24576K, retained: 209623K
glibc malloc tunables: (default)

/proc/sys/kernel/threads-max (system-wide limit on the number of threads): 123991
/proc/sys/vm/max_map_count (maximum number of memory map areas a process may have): 1677720
/proc/sys/kernel/pid_max (system-wide limit on number of process identifiers): 4194304

container (cgroup) information:
container_type: cgroupv1
cpu_cpuset_cpus: 0-3
cpu_memory_nodes: 0
active_processor_count: 4
cpu_quota: no quota
cpu_period: 100000
cpu_shares: no shares
memory_limit_in_bytes: unlimited
memory_and_swap_limit_in_bytes: unlimited
memory_soft_limit_in_bytes: unlimited
memory_usage_in_bytes: 11495968 k
memory_max_usage_in_bytes: 14866960 k
kernel_memory_usage_in_bytes: 157592 k
kernel_memory_max_usage_in_bytes: unlimited
kernel_memory_limit_in_bytes: 752460 k
maximum number of tasks: unlimited
current number of tasks: 615

KVM virtualization detected
Steal ticks since vm start: 1308
Steal ticks percentage since vm start:  0.000

CPU: total 4 (initial active 4) (1 cores per cpu, 1 threads per core) family 6 model 60 stepping 1 microcode 0x1, cx8, cmov, fxsr, mmx, sse, sse2, sse3, ssse3, sse4.1, sse4.2, popcnt, lzcnt, tsc, avx, avx2, aes, erms, clmul, bmi1, bmi2, fma, vzeroupper, clflush, hv
CPU Model and flags from /proc/cpuinfo:
model name	: Intel Core Processor (Haswell, no TSX)
flags		: fpu vme de pse tsc msr pae mce cx8 apic sep mtrr pge mca cmov pat pse36 clflush mmx fxsr sse sse2 syscall nx rdtscp lm constant_tsc rep_good nopl xtopology cpuid tsc_known_freq pni pclmulqdq vmx ssse3 fma cx16 pcid sse4_1 sse4_2 x2apic movbe popcnt tsc_deadline_timer aes xsave avx f16c rdrand hypervisor lahf_lm abm cpuid_fault invpcid_single pti tpr_shadow vnmi flexpriority ept vpid ept_ad fsgsbase bmi1 avx2 smep bmi2 erms invpcid xsaveopt arat md_clear

Online cpus: 0-3
Offline cpus: 
BIOS frequency limitation: <Not Available>
Frequency switch latency (ns): <Not Available>
Available cpu frequencies: <Not Available>
Current governor: <Not Available>
Core performance/turbo boost: <Not Available>

Memory: 4k page, physical 16014448k(3464160k free), swap 8388604k(7765332k free)
Page Sizes: 4k

vm_info: OpenJDK Server VM (17.0.11+9-LTS) for linux-x86 JRE (17.0.11+9-LTS) (Zulu17.50+19-CA), built on Apr  9 2024 07:14:46 by "zulu_re" with gcc 8.3.0

END.
