#
# A fatal error has been detected by the Java Runtime Environment:
#
#  SIGSEGV (0xb) at pc=0xf78ac618, pid=15712, tid=15712
#
# JRE version: OpenJDK Runtime Environment Zulu17.50+19-CA (17.0.11+9) (build 17.0.11+9-LTS)
# Java VM: OpenJDK Server VM Zulu17.50+19-CA (17.0.11+9-LTS, mixed mode, sharing, tiered, g1 gc, linux-x86)
# Problematic frame:
# C  [libc.so.6+0x84618]  cfree+0x28
#
# Core dump will be written. Default location: Core dumps may be processed with "/usr/lib/systemd/systemd-coredump %P %u %g %s %t %c %h %e" (or dumping to /home/almalinux/swg-returns-nge/exe/linux/core.15712)
#
# If you would like to submit a bug report, please visit:
#   http://www.azul.com/support/
#

---------------  S U M M A R Y ------------

Command Line: -Xms128m -Xmx512m -Xss768k -XX:MaxMetaspaceSize=96m -Xrs -XX:-UsePerfData -XX:-AllowUserSignalHandlers -XX:UseSSE=3 -XX+DoEscapeAnalysis -XX:AutoBoxCacheMax:2000 -XX:+OptimizeStringConcat -XX:+OptimizeFill -XX:+EliminateAutoBox -XX:+UseCompressedStrings -XX:+UseCompressedOops -XX:+EliminateLocks -XX:UseFastAccessorMethods -XX:+UseStringCache -XgcPrio:throughput -XXkeepAreaRatio:1 -XXlazyUnlocking -XXcallProfiling -XXcompactRatio:1 

Host: Intel Core Processor (Haswell, no TSX), 4 cores, 15G, AlmaLinux release 8.10 (Cerulean Leopard)
Time: Sun Jan 25 23:23:58 2026 UTC elapsed time: 3585.135160 seconds (0d 0h 59m 45s)

---------------  T H R E A D  ---------------

Current thread is native thread

Stack: [0xff7d5000,0xff895000],  sp=0xff892640,  free space=757k
Native frames: (J=compiled Java code, j=interpreted, Vv=VM code, C=native code)
C  [libc.so.6+0x84618]  cfree+0x28


siginfo: si_signo: 11 (SIGSEGV), si_code: 1 (SEGV_MAPERR), si_addr: 0x00000003

Registers:
EAX=0x00000000, EBX=0x00000007, ECX=0xf6eea84c, EDX=0x0ad89da8
ESP=0xff892640, EBP=0xff892778, ESI=0xf79cd000, EDI=0x00000000
EIP=0xf78ac618, EFLAGS=0x00210202, CR2=0x0000000000000003


Top of Stack: (sp=0xff892640)
0xff892640:   0aa0d030 00000000 ff892778 f7b39f1c
0xff892650:   0aa0d0c0 f7c50a04 0ad89d80 f7b39f1c
0xff892660:   00000007 f7b39f0a f7c50a04 f7b39f4c
0xff892670:   0aa0d0c0 f7b39f0a 0ad8db20 085b6163
0xff892680:   00000007 0aa0d030 0aa0cd40 085bb8d1
0xff892690:   0aa0d030 0aa0cd40 00000000 085bb89b
0xff8926a0:   0c220d20 ff8926c7 ff8926ec 085c6969
0xff8926b0:   087d6c00 ff8926ec ff892778 084fc53b
0xff8926c0:   00000014 00010002 00000000 00000000
0xff8926d0:   01010100 00000001 09aa44c0 00000000
0xff8926e0:   00000000 00000000 00000000 00000000
0xff8926f0:   00000000 00000013 ff892848 f785d6ff
0xff892700:   f79cd41c 47677753 53656d61 65767265
0xff892710:   35313a72 00323137 09290100 0ad6f140
0xff892720:   08ea0100 08ebc230 08ea5888 f79cd41c
0xff892730:   00000428 00000420 f785d779 085758fd
0xff892740:   08ea2a80 09b1ea78 08ea5888 08574f56
0xff892750:   0929a2c4 0929a2c4 ff892848 08ea583b
0xff892760:   0000000c ff892814 ff892790 f79cd000
0xff892770:   00000000 08575910 00000000 f7845f26
0xff892780:   00000000 08575910 00000000 f7845f26
0xff892790:   0000000c ff892814 ff892848 ff8927b4
0xff8927a0:   0929a2d0 00000000 ff892848 f79cd000
0xff8927b0:   f783575c f79cd000 00000000 08575910
0xff8927c0:   00000000 71794821 6b8ba031 00000000
0xff8927d0:   00000000 00000000 f7f4c4d0 f7845e30
0xff8927e0:   084fc260 0929a2c4 0000000c 08575946
0xff8927f0:   084fc260 0000000c ff892814 08ea57f0
0xff892800:   08ea5850 f7f4c4d0 ff89280c f7f79970
0xff892810:   0000000c ff893629 ff89363b ff89363e
0xff892820:   ff893650 ff893653 ff89365e ff893682
0xff892830:   ff893692 ff8936ad ff8936d8 ff8936db 

Instructions: (pc=0xf78ac618)
0xf78ac518:   50 8d 96 86 f7 fa ff 8d 86 d0 2f fb ff e8 c6 b7
0xf78ac528:   ff ff 8d b6 00 00 00 00 bb 20 00 00 00 e9 5e fe
0xf78ac538:   ff ff e8 a1 c0 ff ff 89 c5 85 c0 0f 85 68 ff ff
0xf78ac548:   ff 31 d2 8d 44 3b 10 e8 8c c1 ff ff 89 da 89 f9
0xf78ac558:   89 c5 e8 11 f0 ff ff 89 c2 85 c0 75 1b 85 ed 74
0xf78ac568:   17 90 89 fa 89 e8 e8 bd c5 ff ff 89 da 89 f9 89
0xf78ac578:   c5 e8 f2 ef ff ff 89 c2 85 ed 0f 84 57 ff ff ff
0xf78ac588:   e9 39 ff ff ff 8d 86 b8 31 fb ff 83 ec 0c b9 25
0xf78ac598:   0d 00 00 50 8d 96 86 f7 fa ff 8d 86 74 2f fb ff
0xf78ac5a8:   e8 43 b7 ff ff 8d 76 00 f3 0f 1e fb e8 0a 9a f9
0xf78ac5b8:   ff 05 47 0a 12 00 56 53 83 ec 04 8b 5c 24 10 8b
0xf78ac5c8:   74 24 14 8b 80 50 ff ff ff c7 00 00 00 00 00 e8
0xf78ac5d8:   54 bb ff ff 8b 4c 24 0c 83 c4 04 89 f2 89 d8 5b
0xf78ac5e8:   5e e9 42 fd ff ff 66 90 f3 0f 1e fb 56 e8 9a 9b
0xf78ac5f8:   f9 ff 81 c6 06 0a 12 00 53 83 ec 14 8b 5c 24 20
0xf78ac608:   8b 86 5c ff ff ff 8b 00 85 c0 75 6c 85 db 74 75
0xf78ac618:   8b 4b fc 8d 53 f8 f6 c1 02 75 35 8b 86 70 fe ff
0xf78ac628:   ff 65 8b 00 85 c0 0f 84 8c 00 00 00 83 e1 04 8d
0xf78ac638:   86 60 07 00 00 74 09 89 d0 25 00 00 f0 ff 8b 00
0xf78ac648:   83 c4 14 31 c9 5b 5e e9 8c cb ff ff 8d 74 26 00
0xf78ac658:   8b 9e 60 01 00 00 85 db 75 10 3b 8e 48 01 00 00
0xf78ac668:   76 08 81 f9 00 00 08 00 76 26 83 c4 14 89 d0 5b
0xf78ac678:   5e e9 92 b8 ff ff 66 90 83 ec 08 ff 74 24 24 53
0xf78ac688:   ff d0 83 c4 10 83 c4 14 5b 5e c3 8d 74 26 00 90
0xf78ac698:   39 96 80 1d 00 00 77 08 39 96 7c 1d 00 00 77 ca
0xf78ac6a8:   83 e1 f8 8d 04 09 89 8e 48 01 00 00 89 86 40 01
0xf78ac6b8:   00 00 90 eb b5 8d 76 00 8b 86 74 fe ff ff 65 80
0xf78ac6c8:   38 00 0f 85 64 ff ff ff 89 54 24 0c e8 97 ed ff
0xf78ac6d8:   ff 8b 4b fc 8b 54 24 0c e9 4f ff ff ff 8d b4 26
0xf78ac6e8:   00 00 00 00 8d 74 26 00 f3 0f 1e fb 55 57 56 e8
0xf78ac6f8:   98 9a f9 ff 81 c6 04 09 12 00 53 83 ec 0c 8b 86
0xf78ac708:   70 fe ff ff 8b 96 74 fe ff ff 65 8b 28 65 c6 02 



---------------  P R O C E S S  ---------------

VM state: at safepoint (shutting down)

VM Mutex/Monitor currently owned by a thread:  ([mutex/lock_event])
[0xf5e21d30] Threads_lock - owner thread: 0xc4294cf0

GC Precious Log:
<Skipped>

Heap:
 garbage-first heap   total 131072K, used 17340K [0xc5c00000, 0xe5c00000)
  region size 1024K, 16 young (16384K), 2 survivors (2048K)
 Metaspace       used 2778K, committed 3008K, reserved 16384K

Heap Regions: E=young(eden), S=young(survivor), O=old, HS=humongous(starts), HC=humongous(continues), CS=collection set, F=free, OA=open archive, CA=closed archive, TAMS=top-at-mark-start (previous, next)
|   0|0xc5c00000, 0xc5d00000, 0xc5d00000|100%| O|  |TAMS 0xc5c00000, 0xc5c00000| Untracked 
|   1|0xc5d00000, 0xc5de7400, 0xc5e00000| 90%| O|  |TAMS 0xc5d00000, 0xc5d00000| Untracked 
|   2|0xc5e00000, 0xc5e00000, 0xc5f00000|  0%| F|  |TAMS 0xc5e00000, 0xc5e00000| Untracked 
|   3|0xc5f00000, 0xc5f00000, 0xc6000000|  0%| F|  |TAMS 0xc5f00000, 0xc5f00000| Untracked 
|   4|0xc6000000, 0xc6000000, 0xc6100000|  0%| F|  |TAMS 0xc6000000, 0xc6000000| Untracked 
|   5|0xc6100000, 0xc6100000, 0xc6200000|  0%| F|  |TAMS 0xc6100000, 0xc6100000| Untracked 
|   6|0xc6200000, 0xc6200000, 0xc6300000|  0%| F|  |TAMS 0xc6200000, 0xc6200000| Untracked 
|   7|0xc6300000, 0xc6300000, 0xc6400000|  0%| F|  |TAMS 0xc6300000, 0xc6300000| Untracked 
|   8|0xc6400000, 0xc6400000, 0xc6500000|  0%| F|  |TAMS 0xc6400000, 0xc6400000| Untracked 
|   9|0xc6500000, 0xc6500000, 0xc6600000|  0%| F|  |TAMS 0xc6500000, 0xc6500000| Untracked 
|  10|0xc6600000, 0xc6600000, 0xc6700000|  0%| F|  |TAMS 0xc6600000, 0xc6600000| Untracked 
|  11|0xc6700000, 0xc6700000, 0xc6800000|  0%| F|  |TAMS 0xc6700000, 0xc6700000| Untracked 
|  12|0xc6800000, 0xc6800000, 0xc6900000|  0%| F|  |TAMS 0xc6800000, 0xc6800000| Untracked 
|  13|0xc6900000, 0xc6900000, 0xc6a00000|  0%| F|  |TAMS 0xc6900000, 0xc6900000| Untracked 
|  14|0xc6a00000, 0xc6a00000, 0xc6b00000|  0%| F|  |TAMS 0xc6a00000, 0xc6a00000| Untracked 
|  15|0xc6b00000, 0xc6b00000, 0xc6c00000|  0%| F|  |TAMS 0xc6b00000, 0xc6b00000| Untracked 
|  16|0xc6c00000, 0xc6c00000, 0xc6d00000|  0%| F|  |TAMS 0xc6c00000, 0xc6c00000| Untracked 
|  17|0xc6d00000, 0xc6d00000, 0xc6e00000|  0%| F|  |TAMS 0xc6d00000, 0xc6d00000| Untracked 
|  18|0xc6e00000, 0xc6e00000, 0xc6f00000|  0%| F|  |TAMS 0xc6e00000, 0xc6e00000| Untracked 
|  19|0xc6f00000, 0xc6f00000, 0xc7000000|  0%| F|  |TAMS 0xc6f00000, 0xc6f00000| Untracked 
|  20|0xc7000000, 0xc7000000, 0xc7100000|  0%| F|  |TAMS 0xc7000000, 0xc7000000| Untracked 
|  21|0xc7100000, 0xc7100000, 0xc7200000|  0%| F|  |TAMS 0xc7100000, 0xc7100000| Untracked 
|  22|0xc7200000, 0xc7200000, 0xc7300000|  0%| F|  |TAMS 0xc7200000, 0xc7200000| Untracked 
|  23|0xc7300000, 0xc7300000, 0xc7400000|  0%| F|  |TAMS 0xc7300000, 0xc7300000| Untracked 
|  24|0xc7400000, 0xc7400000, 0xc7500000|  0%| F|  |TAMS 0xc7400000, 0xc7400000| Untracked 
|  25|0xc7500000, 0xc7500000, 0xc7600000|  0%| F|  |TAMS 0xc7500000, 0xc7500000| Untracked 
|  26|0xc7600000, 0xc7600000, 0xc7700000|  0%| F|  |TAMS 0xc7600000, 0xc7600000| Untracked 
|  27|0xc7700000, 0xc7700000, 0xc7800000|  0%| F|  |TAMS 0xc7700000, 0xc7700000| Untracked 
|  28|0xc7800000, 0xc7800000, 0xc7900000|  0%| F|  |TAMS 0xc7800000, 0xc7800000| Untracked 
|  29|0xc7900000, 0xc7900000, 0xc7a00000|  0%| F|  |TAMS 0xc7900000, 0xc7900000| Untracked 
|  30|0xc7a00000, 0xc7a00000, 0xc7b00000|  0%| F|  |TAMS 0xc7a00000, 0xc7a00000| Untracked 
|  31|0xc7b00000, 0xc7b00000, 0xc7c00000|  0%| F|  |TAMS 0xc7b00000, 0xc7b00000| Untracked 
|  32|0xc7c00000, 0xc7c00000, 0xc7d00000|  0%| F|  |TAMS 0xc7c00000, 0xc7c00000| Untracked 
|  33|0xc7d00000, 0xc7d00000, 0xc7e00000|  0%| F|  |TAMS 0xc7d00000, 0xc7d00000| Untracked 
|  34|0xc7e00000, 0xc7e00000, 0xc7f00000|  0%| F|  |TAMS 0xc7e00000, 0xc7e00000| Untracked 
|  35|0xc7f00000, 0xc7f00000, 0xc8000000|  0%| F|  |TAMS 0xc7f00000, 0xc7f00000| Untracked 
|  36|0xc8000000, 0xc8000000, 0xc8100000|  0%| F|  |TAMS 0xc8000000, 0xc8000000| Untracked 
|  37|0xc8100000, 0xc8100000, 0xc8200000|  0%| F|  |TAMS 0xc8100000, 0xc8100000| Untracked 
|  38|0xc8200000, 0xc8200000, 0xc8300000|  0%| F|  |TAMS 0xc8200000, 0xc8200000| Untracked 
|  39|0xc8300000, 0xc8300000, 0xc8400000|  0%| F|  |TAMS 0xc8300000, 0xc8300000| Untracked 
|  40|0xc8400000, 0xc8400000, 0xc8500000|  0%| F|  |TAMS 0xc8400000, 0xc8400000| Untracked 
|  41|0xc8500000, 0xc8500000, 0xc8600000|  0%| F|  |TAMS 0xc8500000, 0xc8500000| Untracked 
|  42|0xc8600000, 0xc8600000, 0xc8700000|  0%| F|  |TAMS 0xc8600000, 0xc8600000| Untracked 
|  43|0xc8700000, 0xc8700000, 0xc8800000|  0%| F|  |TAMS 0xc8700000, 0xc8700000| Untracked 
|  44|0xc8800000, 0xc8800000, 0xc8900000|  0%| F|  |TAMS 0xc8800000, 0xc8800000| Untracked 
|  45|0xc8900000, 0xc8900000, 0xc8a00000|  0%| F|  |TAMS 0xc8900000, 0xc8900000| Untracked 
|  46|0xc8a00000, 0xc8a00000, 0xc8b00000|  0%| F|  |TAMS 0xc8a00000, 0xc8a00000| Untracked 
|  47|0xc8b00000, 0xc8b00000, 0xc8c00000|  0%| F|  |TAMS 0xc8b00000, 0xc8b00000| Untracked 
|  48|0xc8c00000, 0xc8c00000, 0xc8d00000|  0%| F|  |TAMS 0xc8c00000, 0xc8c00000| Untracked 
|  49|0xc8d00000, 0xc8d00000, 0xc8e00000|  0%| F|  |TAMS 0xc8d00000, 0xc8d00000| Untracked 
|  50|0xc8e00000, 0xc8e00000, 0xc8f00000|  0%| F|  |TAMS 0xc8e00000, 0xc8e00000| Untracked 
|  51|0xc8f00000, 0xc8f00000, 0xc9000000|  0%| F|  |TAMS 0xc8f00000, 0xc8f00000| Untracked 
|  52|0xc9000000, 0xc9000000, 0xc9100000|  0%| F|  |TAMS 0xc9000000, 0xc9000000| Untracked 
|  53|0xc9100000, 0xc9100000, 0xc9200000|  0%| F|  |TAMS 0xc9100000, 0xc9100000| Untracked 
|  54|0xc9200000, 0xc9200000, 0xc9300000|  0%| F|  |TAMS 0xc9200000, 0xc9200000| Untracked 
|  55|0xc9300000, 0xc9300000, 0xc9400000|  0%| F|  |TAMS 0xc9300000, 0xc9300000| Untracked 
|  56|0xc9400000, 0xc9400000, 0xc9500000|  0%| F|  |TAMS 0xc9400000, 0xc9400000| Untracked 
|  57|0xc9500000, 0xc9500000, 0xc9600000|  0%| F|  |TAMS 0xc9500000, 0xc9500000| Untracked 
|  58|0xc9600000, 0xc9600000, 0xc9700000|  0%| F|  |TAMS 0xc9600000, 0xc9600000| Untracked 
|  59|0xc9700000, 0xc9700000, 0xc9800000|  0%| F|  |TAMS 0xc9700000, 0xc9700000| Untracked 
|  60|0xc9800000, 0xc9800000, 0xc9900000|  0%| F|  |TAMS 0xc9800000, 0xc9800000| Untracked 
|  61|0xc9900000, 0xc9900000, 0xc9a00000|  0%| F|  |TAMS 0xc9900000, 0xc9900000| Untracked 
|  62|0xc9a00000, 0xc9a00000, 0xc9b00000|  0%| F|  |TAMS 0xc9a00000, 0xc9a00000| Untracked 
|  63|0xc9b00000, 0xc9b00000, 0xc9c00000|  0%| F|  |TAMS 0xc9b00000, 0xc9b00000| Untracked 
|  64|0xc9c00000, 0xc9c00000, 0xc9d00000|  0%| F|  |TAMS 0xc9c00000, 0xc9c00000| Untracked 
|  65|0xc9d00000, 0xc9d00000, 0xc9e00000|  0%| F|  |TAMS 0xc9d00000, 0xc9d00000| Untracked 
|  66|0xc9e00000, 0xc9e00000, 0xc9f00000|  0%| F|  |TAMS 0xc9e00000, 0xc9e00000| Untracked 
|  67|0xc9f00000, 0xc9f00000, 0xca000000|  0%| F|  |TAMS 0xc9f00000, 0xc9f00000| Untracked 
|  68|0xca000000, 0xca000000, 0xca100000|  0%| F|  |TAMS 0xca000000, 0xca000000| Untracked 
|  69|0xca100000, 0xca100000, 0xca200000|  0%| F|  |TAMS 0xca100000, 0xca100000| Untracked 
|  70|0xca200000, 0xca200000, 0xca300000|  0%| F|  |TAMS 0xca200000, 0xca200000| Untracked 
|  71|0xca300000, 0xca300000, 0xca400000|  0%| F|  |TAMS 0xca300000, 0xca300000| Untracked 
|  72|0xca400000, 0xca400000, 0xca500000|  0%| F|  |TAMS 0xca400000, 0xca400000| Untracked 
|  73|0xca500000, 0xca500000, 0xca600000|  0%| F|  |TAMS 0xca500000, 0xca500000| Untracked 
|  74|0xca600000, 0xca600000, 0xca700000|  0%| F|  |TAMS 0xca600000, 0xca600000| Untracked 
|  75|0xca700000, 0xca700000, 0xca800000|  0%| F|  |TAMS 0xca700000, 0xca700000| Untracked 
|  76|0xca800000, 0xca800000, 0xca900000|  0%| F|  |TAMS 0xca800000, 0xca800000| Untracked 
|  77|0xca900000, 0xca900000, 0xcaa00000|  0%| F|  |TAMS 0xca900000, 0xca900000| Untracked 
|  78|0xcaa00000, 0xcaa00000, 0xcab00000|  0%| F|  |TAMS 0xcaa00000, 0xcaa00000| Untracked 
|  79|0xcab00000, 0xcab00000, 0xcac00000|  0%| F|  |TAMS 0xcab00000, 0xcab00000| Untracked 
|  80|0xcac00000, 0xcac00000, 0xcad00000|  0%| F|  |TAMS 0xcac00000, 0xcac00000| Untracked 
|  81|0xcad00000, 0xcad00000, 0xcae00000|  0%| F|  |TAMS 0xcad00000, 0xcad00000| Untracked 
|  82|0xcae00000, 0xcae00000, 0xcaf00000|  0%| F|  |TAMS 0xcae00000, 0xcae00000| Untracked 
|  83|0xcaf00000, 0xcaf00000, 0xcb000000|  0%| F|  |TAMS 0xcaf00000, 0xcaf00000| Untracked 
|  84|0xcb000000, 0xcb000000, 0xcb100000|  0%| F|  |TAMS 0xcb000000, 0xcb000000| Untracked 
|  85|0xcb100000, 0xcb100000, 0xcb200000|  0%| F|  |TAMS 0xcb100000, 0xcb100000| Untracked 
|  86|0xcb200000, 0xcb200000, 0xcb300000|  0%| F|  |TAMS 0xcb200000, 0xcb200000| Untracked 
|  87|0xcb300000, 0xcb300000, 0xcb400000|  0%| F|  |TAMS 0xcb300000, 0xcb300000| Untracked 
|  88|0xcb400000, 0xcb400000, 0xcb500000|  0%| F|  |TAMS 0xcb400000, 0xcb400000| Untracked 
|  89|0xcb500000, 0xcb500000, 0xcb600000|  0%| F|  |TAMS 0xcb500000, 0xcb500000| Untracked 
|  90|0xcb600000, 0xcb600000, 0xcb700000|  0%| F|  |TAMS 0xcb600000, 0xcb600000| Untracked 
|  91|0xcb700000, 0xcb700000, 0xcb800000|  0%| F|  |TAMS 0xcb700000, 0xcb700000| Untracked 
|  92|0xcb800000, 0xcb800000, 0xcb900000|  0%| F|  |TAMS 0xcb800000, 0xcb800000| Untracked 
|  93|0xcb900000, 0xcb900000, 0xcba00000|  0%| F|  |TAMS 0xcb900000, 0xcb900000| Untracked 
|  94|0xcba00000, 0xcba00000, 0xcbb00000|  0%| F|  |TAMS 0xcba00000, 0xcba00000| Untracked 
|  95|0xcbb00000, 0xcbb00000, 0xcbc00000|  0%| F|  |TAMS 0xcbb00000, 0xcbb00000| Untracked 
|  96|0xcbc00000, 0xcbc00000, 0xcbd00000|  0%| F|  |TAMS 0xcbc00000, 0xcbc00000| Untracked 
|  97|0xcbd00000, 0xcbd00000, 0xcbe00000|  0%| F|  |TAMS 0xcbd00000, 0xcbd00000| Untracked 
|  98|0xcbe00000, 0xcbe00000, 0xcbf00000|  0%| F|  |TAMS 0xcbe00000, 0xcbe00000| Untracked 
|  99|0xcbf00000, 0xcbf00000, 0xcc000000|  0%| F|  |TAMS 0xcbf00000, 0xcbf00000| Untracked 
| 100|0xcc000000, 0xcc000000, 0xcc100000|  0%| F|  |TAMS 0xcc000000, 0xcc000000| Untracked 
| 101|0xcc100000, 0xcc100000, 0xcc200000|  0%| F|  |TAMS 0xcc100000, 0xcc100000| Untracked 
| 102|0xcc200000, 0xcc200000, 0xcc300000|  0%| F|  |TAMS 0xcc200000, 0xcc200000| Untracked 
| 103|0xcc300000, 0xcc300000, 0xcc400000|  0%| F|  |TAMS 0xcc300000, 0xcc300000| Untracked 
| 104|0xcc400000, 0xcc400000, 0xcc500000|  0%| F|  |TAMS 0xcc400000, 0xcc400000| Untracked 
| 105|0xcc500000, 0xcc500000, 0xcc600000|  0%| F|  |TAMS 0xcc500000, 0xcc500000| Untracked 
| 106|0xcc600000, 0xcc600000, 0xcc700000|  0%| F|  |TAMS 0xcc600000, 0xcc600000| Untracked 
| 107|0xcc700000, 0xcc7945c0, 0xcc800000| 57%| S|CS|TAMS 0xcc700000, 0xcc700000| Complete 
| 108|0xcc800000, 0xcc900000, 0xcc900000|100%| S|CS|TAMS 0xcc800000, 0xcc800000| Complete 
| 109|0xcc900000, 0xcc900000, 0xcca00000|  0%| F|  |TAMS 0xcc900000, 0xcc900000| Untracked 
| 110|0xcca00000, 0xcca00000, 0xccb00000|  0%| F|  |TAMS 0xcca00000, 0xcca00000| Untracked 
| 111|0xccb00000, 0xccb00000, 0xccc00000|  0%| F|  |TAMS 0xccb00000, 0xccb00000| Untracked 
| 112|0xccc00000, 0xccc00000, 0xccd00000|  0%| F|  |TAMS 0xccc00000, 0xccc00000| Untracked 
| 113|0xccd00000, 0xccd00000, 0xcce00000|  0%| F|  |TAMS 0xccd00000, 0xccd00000| Untracked 
| 114|0xcce00000, 0xcce736b0, 0xccf00000| 45%| E|  |TAMS 0xcce00000, 0xcce00000| Complete 
| 115|0xccf00000, 0xcd000000, 0xcd000000|100%| E|CS|TAMS 0xccf00000, 0xccf00000| Complete 
| 116|0xcd000000, 0xcd100000, 0xcd100000|100%| E|CS|TAMS 0xcd000000, 0xcd000000| Complete 
| 117|0xcd100000, 0xcd200000, 0xcd200000|100%| E|CS|TAMS 0xcd100000, 0xcd100000| Complete 
| 118|0xcd200000, 0xcd300000, 0xcd300000|100%| E|CS|TAMS 0xcd200000, 0xcd200000| Complete 
| 119|0xcd300000, 0xcd400000, 0xcd400000|100%| E|CS|TAMS 0xcd300000, 0xcd300000| Complete 
| 120|0xcd400000, 0xcd500000, 0xcd500000|100%| E|CS|TAMS 0xcd400000, 0xcd400000| Complete 
| 121|0xcd500000, 0xcd600000, 0xcd600000|100%| E|CS|TAMS 0xcd500000, 0xcd500000| Complete 
| 122|0xcd600000, 0xcd700000, 0xcd700000|100%| E|CS|TAMS 0xcd600000, 0xcd600000| Complete 
| 123|0xcd700000, 0xcd800000, 0xcd800000|100%| E|CS|TAMS 0xcd700000, 0xcd700000| Complete 
| 124|0xcd800000, 0xcd900000, 0xcd900000|100%| E|CS|TAMS 0xcd800000, 0xcd800000| Complete 
| 125|0xcd900000, 0xcda00000, 0xcda00000|100%| E|CS|TAMS 0xcd900000, 0xcd900000| Complete 
| 126|0xcda00000, 0xcdb00000, 0xcdb00000|100%| E|CS|TAMS 0xcda00000, 0xcda00000| Complete 
| 127|0xcdb00000, 0xcdc00000, 0xcdc00000|100%| E|CS|TAMS 0xcdb00000, 0xcdb00000| Complete 

Card table byte_map: [0xc5a00000,0xc5b00000] _byte_map_base: 0xc53d2000

Marking Bits (Prev, Next): (CMBitMap*) 0xf5e8b528, (CMBitMap*) 0xf5e8b548
 Prev Bits: [0xc5100000, 0xc5900000)
 Next Bits: [0xc4900000, 0xc5100000)

Polling page: 0xf7f3e000

Metaspace:

Usage:
    2.71 MB used.

Virtual space:
     16.00 MB reserved,       2.94 MB ( 18%) committed,  1 nodes.

Chunk freelists:
10.09 MB

MaxMetaspaceSize: 96.00 MB
No class space
Initial GC threshold: 16.00 MB
Current GC threshold: 16.00 MB
CDS: on
MetaspaceReclaimPolicy: balanced
 - commit_granule_bytes: 65536.
 - commit_granule_words: 16384.
 - virtual_space_node_default_size: 4194304.
 - enlarge_chunks_in_place: 1.
 - new_chunks_are_fully_committed: 0.
 - uncommit_free_chunks: 1.
 - use_allocation_guard: 0.
 - handle_deallocations: 1.


Internal statistics:

num_allocs_failed_limit: 0.
num_arena_births: 105.
num_arena_deaths: 0.
num_vsnodes_births: 1.
num_vsnodes_deaths: 0.
num_space_committed: 47.
num_space_uncommitted: 0.
num_chunks_returned_to_freelist: 0.
num_chunks_taken_from_freelist: 221.
num_chunk_merges: 0.
num_chunk_splits: 149.
num_chunks_enlarged: 90.
num_inconsistent_stats: 0.

CodeHeap 'non-profiled nmethods': size=120172Kb used=667Kb max_used=667Kb free=119504Kb
 bounds [0xed7f5000, 0xeda35000, 0xf4d50000]
CodeHeap 'profiled nmethods': size=120172Kb used=1738Kb max_used=1738Kb free=118433Kb
 bounds [0xe5d50000, 0xe5f90000, 0xed2ab000]
CodeHeap 'non-nmethods': size=5416Kb used=724Kb max_used=763Kb free=4691Kb
 bounds [0xed2ab000, 0xed4eb000, 0xed7f5000]
 total_blobs=1397 nmethods=1066 adapters=245
 compilation: enabled
              stopped_count=0, restarted_count=0
 full_count=0

Compilation events (20 events):
Event: 681.072 Thread 0xc42a0580 1059       3       jdk.internal.logger.SurrogateLogger::defaultPlatformLevel (4 bytes)
Event: 681.072 Thread 0xc42a0580 nmethod 1059 0xe5f01088 code [0xe5f011a0, 0xe5f012a0]
Event: 745.726 Thread 0xc429f450 1060   !   4       java.io.ObjectInputStream::readObject (160 bytes)
Event: 745.730 Thread 0xc429f450 nmethod 1060 0xed899d08 code [0xed899e60, 0xed89a244]
Event: 835.009 Thread 0xc42a0580 1061       3       java.util.Objects::checkIndex (7 bytes)
Event: 835.009 Thread 0xc42a0580 nmethod 1061 0xe5f01388 code [0xe5f014c0, 0xe5f0166c]
Event: 835.010 Thread 0xc42a0580 1062       3       jdk.internal.util.Preconditions::checkIndex (18 bytes)
Event: 835.010 Thread 0xc42a0580 nmethod 1062 0xe5f01788 code [0xe5f018c0, 0xe5f01a2c]
Event: 866.739 Thread 0xc429f450 1063       4       java.io.ClassCache::get (56 bytes)
Event: 866.746 Thread 0xc429f450 nmethod 1063 0xed89a608 code [0xed89a760, 0xed89ac64]
Event: 1088.735 Thread 0xc429f450 1064       4       java.io.ObjectInputStream::skipCustomData (105 bytes)
Event: 1088.741 Thread 0xc429f450 nmethod 1064 0xed89b008 code [0xed89b160, 0xed89b524]
Event: 1687.082 Thread 0xc42a0580 1065       3       java.util.ArrayList::elementData (7 bytes)
Event: 1687.082 Thread 0xc42a0580 nmethod 1065 0xe5f01b08 code [0xe5f01c40, 0xe5f01d60]
Event: 2394.025 Thread 0xc42a0580 1067       3       java.util.ArrayList::get (15 bytes)
Event: 2394.026 Thread 0xc42a0580 nmethod 1067 0xe5f01e08 code [0xe5f01f60, 0xe5f0220c]
Event: 2404.096 Thread 0xc42a0580 1068       3       java.util.ArrayList::set (24 bytes)
Event: 2404.097 Thread 0xc42a0580 nmethod 1068 0xe5f02388 code [0xe5f02500, 0xe5f028ec]
Event: 2831.045 Thread 0xc429f450 1069       4       java.util.Arrays::fill (21 bytes)
Event: 2831.052 Thread 0xc429f450 nmethod 1069 0xed89bb88 code [0xed89bca0, 0xed89bdf0]

GC Heap History (4 events):
Event: 27.310 GC heap before
{Heap before GC invocations=0 (full 0):
 garbage-first heap   total 131072K, used 12288K [0xc5c00000, 0xe5c00000)
  region size 1024K, 13 young (13312K), 0 survivors (0K)
 Metaspace       used 2140K, committed 2304K, reserved 16384K
}
Event: 27.340 GC heap after
{Heap after GC invocations=1 (full 0):
 garbage-first heap   total 131072K, used 2048K [0xc5c00000, 0xe5c00000)
  region size 1024K, 2 young (2048K), 2 survivors (2048K)
 Metaspace       used 2140K, committed 2304K, reserved 16384K
}
Event: 433.698 GC heap before
{Heap before GC invocations=1 (full 0):
 garbage-first heap   total 131072K, used 19456K [0xc5c00000, 0xe5c00000)
  region size 1024K, 19 young (19456K), 2 survivors (2048K)
 Metaspace       used 2765K, committed 2944K, reserved 16384K
}
Event: 433.815 GC heap after
{Heap after GC invocations=2 (full 0):
 garbage-first heap   total 131072K, used 3566K [0xc5c00000, 0xe5c00000)
  region size 1024K, 2 young (2048K), 2 survivors (2048K)
 Metaspace       used 2765K, committed 2944K, reserved 16384K
}

Dll operation events (4 events):
Event: 0.003 Loaded shared library /usr/lib/jvm/java-17-zulu-openjdk-jdk-x86/lib/libjava.so
Event: 61.931 Loaded shared library /usr/lib/jvm/java-17-zulu-openjdk-jdk-x86/lib/libnio.so
Event: 61.932 Loaded shared library /usr/lib/jvm/java-17-zulu-openjdk-jdk-x86/lib/libjimage.so
Event: 61.933 Loaded shared library /usr/lib/jvm/java-17-zulu-openjdk-jdk-x86/lib/libnet.so

Deoptimization events (20 events):
Event: 437.723 Thread 0x0c098820 Uncommon trap: trap_request=0xffffffd6 fr.pc=0xed88c61c relative=0x0000149c
Event: 437.723 Thread 0x0c098820 Uncommon trap: reason=array_check action=maybe_recompile pc=0xed88c61c method=java.io.ObjectInputStream.readArray(Z)Ljava/lang/Object; @ 392 c2
Event: 437.723 Thread 0x0c098820 DEOPT PACKING pc=0xed88c61c sp=0xff891010
Event: 437.723 Thread 0x0c098820 DEOPT UNPACKING pc=0xed2f4d33 sp=0xff890ff8 mode 2
Event: 437.723 Thread 0x0c098820 Uncommon trap: trap_request=0xffffffd6 fr.pc=0xed88c61c relative=0x0000149c
Event: 437.723 Thread 0x0c098820 Uncommon trap: reason=array_check action=maybe_recompile pc=0xed88c61c method=java.io.ObjectInputStream.readArray(Z)Ljava/lang/Object; @ 392 c2
Event: 437.723 Thread 0x0c098820 DEOPT PACKING pc=0xed88c61c sp=0xff891010
Event: 437.723 Thread 0x0c098820 DEOPT UNPACKING pc=0xed2f4d33 sp=0xff890ff8 mode 2
Event: 437.723 Thread 0x0c098820 Uncommon trap: trap_request=0xffffffd6 fr.pc=0xed88c61c relative=0x0000149c
Event: 437.723 Thread 0x0c098820 Uncommon trap: reason=array_check action=maybe_recompile pc=0xed88c61c method=java.io.ObjectInputStream.readArray(Z)Ljava/lang/Object; @ 392 c2
Event: 437.723 Thread 0x0c098820 DEOPT PACKING pc=0xed88c61c sp=0xff891010
Event: 437.723 Thread 0x0c098820 DEOPT UNPACKING pc=0xed2f4d33 sp=0xff890ff8 mode 2
Event: 3574.457 Thread 0xc429bff0 Uncommon trap: trap_request=0xffffffc6 fr.pc=0xed82c62c relative=0x000005cc
Event: 3574.457 Thread 0xc429bff0 Uncommon trap: reason=bimorphic action=maybe_recompile pc=0xed82c62c method=java.util.Hashtable.get(Ljava/lang/Object;)Ljava/lang/Object; @ 6 c2
Event: 3574.457 Thread 0xc429bff0 DEOPT PACKING pc=0xed82c62c sp=0xc1d84e00
Event: 3574.457 Thread 0xc429bff0 DEOPT UNPACKING pc=0xed2f4d33 sp=0xc1d84de4 mode 2
Event: 3574.457 Thread 0xc429bff0 Uncommon trap: trap_request=0xffffffc6 fr.pc=0xed82c62c relative=0x000005cc
Event: 3574.457 Thread 0xc429bff0 Uncommon trap: reason=bimorphic action=maybe_recompile pc=0xed82c62c method=java.util.Hashtable.get(Ljava/lang/Object;)Ljava/lang/Object; @ 6 c2
Event: 3574.457 Thread 0xc429bff0 DEOPT PACKING pc=0xed82c62c sp=0xc1d84e00
Event: 3574.457 Thread 0xc429bff0 DEOPT UNPACKING pc=0xed2f4d33 sp=0xc1d84de4 mode 2

Classes unloaded (0 events):
No events

Classes redefined (0 events):
No events

Internal exceptions (3 events):
Event: 27.545 Thread 0x0c098820 Exception <a 'java/lang/NoSuchMethodError'{0xcdbdd8a8}: 'java.lang.Object java.lang.invoke.DirectMethodHandle$Holder.invokeStatic(java.lang.Object, float)'> (0xcdbdd8a8) 
thrown [src/hotspot/share/interpreter/linkResolver.cpp, line 759]
Event: 62.016 Thread 0x0c098820 Exception <a 'java/lang/NoSuchMethodError'{0xcd3f2c60}: 'java.lang.Object java.lang.invoke.DirectMethodHandle$Holder.invokeStaticInit(java.lang.Object)'> (0xcd3f2c60) 
thrown [src/hotspot/share/interpreter/linkResolver.cpp, line 759]
Event: 62.057 Thread 0x0c098820 Implicit null exception at 0xed84abbf to 0xed84adf5

VM Operations (20 events):
Event: 351.349 Executing VM operation: Cleanup
Event: 351.349 Executing VM operation: Cleanup done
Event: 357.351 Executing VM operation: Cleanup
Event: 357.351 Executing VM operation: Cleanup done
Event: 359.351 Executing VM operation: Cleanup
Event: 359.351 Executing VM operation: Cleanup done
Event: 405.390 Executing VM operation: Cleanup
Event: 405.390 Executing VM operation: Cleanup done
Event: 408.396 Executing VM operation: Cleanup
Event: 408.396 Executing VM operation: Cleanup done
Event: 433.434 Executing VM operation: Cleanup
Event: 433.434 Executing VM operation: Cleanup done
Event: 433.698 Executing VM operation: G1CollectForAllocation
Event: 433.815 Executing VM operation: G1CollectForAllocation done
Event: 440.837 Executing VM operation: Cleanup
Event: 440.837 Executing VM operation: Cleanup done
Event: 502.945 Executing VM operation: Cleanup
Event: 502.945 Executing VM operation: Cleanup done
Event: 682.103 Executing VM operation: Cleanup
Event: 682.104 Executing VM operation: Cleanup done

Events (20 events):
Event: 62.039 loading class java/io/ObjectInputStream$FieldValues done
Event: 62.039 loading class java/io/SerialCallbackContext
Event: 62.039 loading class java/io/SerialCallbackContext done
Event: 62.050 loading class java/io/ObjectOutputStream$BlockDataOutputStream
Event: 62.050 loading class java/io/ObjectOutputStream$BlockDataOutputStream done
Event: 62.050 loading class java/io/DataOutputStream
Event: 62.050 loading class java/io/DataOutputStream done
Event: 62.050 loading class java/io/ObjectOutputStream$HandleTable
Event: 62.057 loading class java/io/ObjectOutputStream$HandleTable done
Event: 62.057 loading class java/io/ObjectOutputStream$ReplaceTable
Event: 62.057 loading class java/io/ObjectOutputStream$ReplaceTable done
Event: 97.773 loading class java/io/ObjectStreamClass$ExceptionInfo
Event: 97.773 loading class java/io/ObjectStreamClass$ExceptionInfo done
Event: 3574.457 loading class jdk/internal/misc/Signal$1
Event: 3574.470 loading class jdk/internal/misc/Signal$1 done
Event: 3574.502 Thread 0xc3f02700 Thread added: 0xc3f02700
Event: 3574.503 Thread 0x0c098820 Thread exited: 0x0c098820
Event: 3574.515 Thread 0xf5e242d0 Thread exited: 0xf5e242d0
Event: 3574.515 Thread 0xc429bff0 Thread exited: 0xc429bff0
Event: 3574.525 Protecting memory [0xc167c000,0xc1680000] with protection modes 0


Dynamic libraries:
08048000-09298000 r-xp 00000000 08:04 494947248                          /home/almalinux/swg-returns-nge/build/bin/SwgGameServer
09298000-0929c000 rw-p 0124f000 08:04 494947248                          /home/almalinux/swg-returns-nge/build/bin/SwgGameServer
0929c000-09b1f000 rw-p 00000000 00:00 0 
0a9d3000-0dfb7000 rw-p 00000000 00:00 0                                  [heap]
c0800000-c08ea000 rw-p 00000000 00:00 0 
c08ea000-c0900000 ---p 00000000 00:00 0 
c0a00000-c0af2000 rw-p 00000000 00:00 0 
c0af2000-c0b00000 ---p 00000000 00:00 0 
c0b00000-c0bfe000 rw-p 00000000 00:00 0 
c0bfe000-c0c00000 ---p 00000000 00:00 0 
c0d00000-c0dfa000 rw-p 00000000 00:00 0 
c0dfa000-c0e00000 ---p 00000000 00:00 0 
c0e00000-c0f00000 rw-p 00000000 00:00 0 
c0f00000-c0ffa000 rw-p 00000000 00:00 0 
c0ffa000-c1000000 ---p 00000000 00:00 0 
c107d000-c1081000 ---p 00000000 00:00 0 
c1081000-c10fe000 rw-p 00000000 00:00 0 
c10fe000-c10ff000 ---p 00000000 00:00 0 
c10ff000-c117f000 rw-p 00000000 00:00 0 
c117f000-c1180000 ---p 00000000 00:00 0 
c1180000-c1200000 rw-p 00000000 00:00 0 
c1200000-c12fe000 rw-p 00000000 00:00 0 
c12fe000-c1300000 ---p 00000000 00:00 0 
c137f000-c1383000 ---p 00000000 00:00 0 
c1383000-c1400000 rw-p 00000000 00:00 0 
c1400000-c1429000 rw-p 00000000 00:00 0 
c1429000-c1500000 ---p 00000000 00:00 0 
c167c000-c1680000 ---p 00000000 00:00 0 
c1680000-c173d000 rw-p 00000000 00:00 0 
c173d000-c1741000 ---p 00000000 00:00 0 
c1741000-c17fe000 rw-p 00000000 00:00 0 
c17fe000-c1802000 ---p 00000000 00:00 0 
c1802000-c18bf000 rw-p 00000000 00:00 0 
c18bf000-c18c0000 ---p 00000000 00:00 0 
c18c0000-c1940000 rw-p 00000000 00:00 0 
c1940000-c1944000 ---p 00000000 00:00 0 
c1944000-c1a01000 rw-p 00000000 00:00 0 
c1a01000-c1a05000 ---p 00000000 00:00 0 
c1a05000-c1ac2000 rw-p 00000000 00:00 0 
c1ac2000-c1ac6000 ---p 00000000 00:00 0 
c1ac6000-c1b43000 rw-p 00000000 00:00 0 
c1b43000-c1b47000 ---p 00000000 00:00 0 
c1b47000-c1c04000 rw-p 00000000 00:00 0 
c1c04000-c1c08000 ---p 00000000 00:00 0 
c1c08000-c1cc5000 rw-p 00000000 00:00 0 
c1cc5000-c1cc9000 ---p 00000000 00:00 0 
c1cc9000-c1d86000 rw-p 00000000 00:00 0 
c1d86000-c2000000 r--p 00078000 08:04 535181                             /usr/lib/locale/locale-archive
c2000000-c2100000 rw-p 00000000 00:00 0 
c2100000-c2400000 ---p 00000000 00:00 0 
c2400000-c25f0000 rw-p 00000000 00:00 0 
c25f0000-c3000000 ---p 00000000 00:00 0 
c307e000-c327e000 r--p 00000000 08:04 535181                             /usr/lib/locale/locale-archive
c327e000-c3282000 ---p 00000000 00:00 0 
c3282000-c333f000 rw-p 00000000 00:00 0 
c333f000-c3343000 ---p 00000000 00:00 0 
c3343000-c3400000 rw-p 00000000 00:00 0 
c3400000-c3421000 rw-p 00000000 00:00 0 
c3421000-c3500000 ---p 00000000 00:00 0 
c3531000-c3535000 ---p 00000000 00:00 0 
c3535000-c35b2000 rw-p 00000000 00:00 0 
c35b2000-c35b3000 ---p 00000000 00:00 0 
c35b3000-c3633000 rw-p 00000000 00:00 0 
c3633000-c3f00000 rw-p 00001000 08:04 143240867                          /usr/lib/jvm/java-17-zulu-openjdk-jdk-x86/lib/server/classes.jsa
c3f00000-c3f21000 rw-p 00000000 00:00 0 
c3f21000-c4000000 ---p 00000000 00:00 0 
c407f000-c4080000 ---p 00000000 00:00 0 
c4080000-c4100000 rw-p 00000000 00:00 0 
c4100000-c4121000 rw-p 00000000 00:00 0 
c4121000-c4200000 ---p 00000000 00:00 0 
c4200000-c42d2000 rw-p 00000000 00:00 0 
c42d2000-c4300000 ---p 00000000 00:00 0 
c437f000-c4380000 ---p 00000000 00:00 0 
c4380000-c4400000 rw-p 00000000 00:00 0 
c4400000-c444e000 rw-p 00000000 00:00 0 
c444e000-c4500000 ---p 00000000 00:00 0 
c457f000-c4580000 ---p 00000000 00:00 0 
c4580000-c4600000 rw-p 00000000 00:00 0 
c4600000-c46f3000 rw-p 00000000 00:00 0 
c46f3000-c4700000 ---p 00000000 00:00 0 
c4700000-c47fd000 rw-p 00000000 00:00 0 
c47fd000-c4800000 ---p 00000000 00:00 0 
c487f000-c4880000 ---p 00000000 00:00 0 
c4880000-c4b00000 rw-p 00000000 00:00 0 
c4b00000-c5100000 ---p 00000000 00:00 0 
c5100000-c5300000 rw-p 00000000 00:00 0 
c5300000-c5900000 ---p 00000000 00:00 0 
c5900000-c5940000 rw-p 00000000 00:00 0 
c5940000-c5a00000 ---p 00000000 00:00 0 
c5a00000-c5a40000 rw-p 00000000 00:00 0 
c5a40000-c5b00000 ---p 00000000 00:00 0 
c5b00000-c5b40000 rw-p 00000000 00:00 0 
c5b40000-c5c00000 ---p 00000000 00:00 0 
c5c00000-cdc00000 rw-p 00000000 00:00 0 
cdc00000-e5c00000 ---p 00000000 00:00 0 
e5c65000-e5c6a000 rw-p 00000000 00:00 0 
e5c6a000-e5d50000 ---p 00000000 00:00 0 
e5d50000-e5f90000 rwxp 00000000 00:00 0 
e5f90000-ed2ab000 ---p 00000000 00:00 0 
ed2ab000-ed4eb000 rwxp 00000000 00:00 0 
ed4eb000-ed7f5000 ---p 00000000 00:00 0 
ed7f5000-eda35000 rwxp 00000000 00:00 0 
eda35000-f4d50000 ---p 00000000 00:00 0 
f4d50000-f4eb8000 r--s 00000000 08:04 117534333                          /usr/lib/jvm/java-17-zulu-openjdk-jdk-x86/lib/modules
f4eb8000-f5d5a000 r-xp 00000000 08:04 143240869                          /usr/lib/jvm/java-17-zulu-openjdk-jdk-x86/lib/server/libjvm.so
f5d5a000-f5daf000 r--p 00ea1000 08:04 143240869                          /usr/lib/jvm/java-17-zulu-openjdk-jdk-x86/lib/server/libjvm.so
f5daf000-f5dd0000 rw-p 00ef6000 08:04 143240869                          /usr/lib/jvm/java-17-zulu-openjdk-jdk-x86/lib/server/libjvm.so
f5dd0000-f5e00000 rw-p 00000000 00:00 0 
f5e00000-f5f00000 rw-p 00000000 00:00 0 
f5f03000-f5f04000 ---p 00000000 00:00 0 
f5f04000-f5f84000 rw-p 00000000 00:00 0 
f5f84000-f5f85000 ---p 00000000 00:00 0 
f5f85000-f5f89000 ---p 00000000 00:00 0 
f5f89000-f6afd000 rw-p 00000000 00:00 0 
f6b09000-f6b1e000 r-xp 00000000 08:04 117534323                          /usr/lib/jvm/java-17-zulu-openjdk-jdk-x86/lib/libnet.so
f6b1e000-f6b1f000 r--p 00014000 08:04 117534323                          /usr/lib/jvm/java-17-zulu-openjdk-jdk-x86/lib/libnet.so
f6b1f000-f6b20000 rw-p 00015000 08:04 117534323                          /usr/lib/jvm/java-17-zulu-openjdk-jdk-x86/lib/libnet.so
f6b20000-f6b25000 rw-p 00000000 00:00 0 
f6b25000-f6c0b000 ---p 00000000 00:00 0 
f6e45000-f6e57000 r-xp 00000000 08:04 117534324                          /usr/lib/jvm/java-17-zulu-openjdk-jdk-x86/lib/libnio.so
f6e57000-f6e58000 r--p 00011000 08:04 117534324                          /usr/lib/jvm/java-17-zulu-openjdk-jdk-x86/lib/libnio.so
f6e58000-f6e59000 rw-p 00012000 08:04 117534324                          /usr/lib/jvm/java-17-zulu-openjdk-jdk-x86/lib/libnio.so
f6e59000-f6e82000 rw-p 00000000 00:00 0 
f6e82000-f6ea5000 r-xp 00000000 08:04 117534310                          /usr/lib/jvm/java-17-zulu-openjdk-jdk-x86/lib/libjava.so
f6ea5000-f6ea6000 r--p 00022000 08:04 117534310                          /usr/lib/jvm/java-17-zulu-openjdk-jdk-x86/lib/libjava.so
f6ea6000-f6ea7000 rw-p 00023000 08:04 117534310                          /usr/lib/jvm/java-17-zulu-openjdk-jdk-x86/lib/libjava.so
f6ea7000-f6eb3000 r-xp 00000000 08:04 16831767                           /usr/lib/libnss_files-2.28.so
f6eb3000-f6eb4000 r--p 0000b000 08:04 16831767                           /usr/lib/libnss_files-2.28.so
f6eb4000-f6eb5000 rw-p 0000c000 08:04 16831767                           /usr/lib/libnss_files-2.28.so
f6eb5000-f6ebb000 rw-p 00000000 00:00 0 
f6ec1000-f6ec6000 rw-p 00000000 00:00 0 
f6ec6000-f6ecc000 ---p 00000000 00:00 0 
f6ecc000-f6ee7000 r-xp 00000000 08:04 117534314                          /usr/lib/jvm/java-17-zulu-openjdk-jdk-x86/lib/libjimage.so
f6ee7000-f6ee8000 ---p 0001b000 08:04 117534314                          /usr/lib/jvm/java-17-zulu-openjdk-jdk-x86/lib/libjimage.so
f6ee8000-f6ee9000 r--p 0001b000 08:04 117534314                          /usr/lib/jvm/java-17-zulu-openjdk-jdk-x86/lib/libjimage.so
f6ee9000-f6eea000 rw-p 0001c000 08:04 117534314                          /usr/lib/jvm/java-17-zulu-openjdk-jdk-x86/lib/libjimage.so
f6eea000-f6eee000 rw-p 00000000 00:00 0 
f6eee000-f6f76000 r-xp 00000000 08:04 17191875                           /usr/lib/libpcre2-8.so.0.7.1
f6f76000-f6f77000 r--p 00087000 08:04 17191875                           /usr/lib/libpcre2-8.so.0.7.1
f6f77000-f6f78000 rw-p 00088000 08:04 17191875                           /usr/lib/libpcre2-8.so.0.7.1
f6f78000-f6f98000 r-xp 00000000 08:04 17021543                           /usr/lib/libcrypt.so.1.1.0
f6f98000-f6f99000 ---p 00020000 08:04 17021543                           /usr/lib/libcrypt.so.1.1.0
f6f99000-f6f9a000 r--p 00020000 08:04 17021543                           /usr/lib/libcrypt.so.1.1.0
f6f9a000-f6fa3000 rw-p 00000000 00:00 0 
f6fa3000-f6fce000 r-xp 00000000 08:04 17191887                           /usr/lib/libselinux.so.1
f6fce000-f6fcf000 ---p 0002b000 08:04 17191887                           /usr/lib/libselinux.so.1
f6fcf000-f6fd0000 r--p 0002b000 08:04 17191887                           /usr/lib/libselinux.so.1
f6fd0000-f6fd1000 rw-p 0002c000 08:04 17191887                           /usr/lib/libselinux.so.1
f6fd1000-f6fd2000 rw-p 00000000 00:00 0 
f6fd2000-f6ff1000 r-xp 00000000 08:04 18866589                           /usr/lib/libbrotlicommon.so.1.0.6
f6ff1000-f6ff2000 r--p 0001e000 08:04 18866589                           /usr/lib/libbrotlicommon.so.1.0.6
f6ff2000-f6ff3000 rw-p 0001f000 08:04 18866589                           /usr/lib/libbrotlicommon.so.1.0.6
f6ff3000-f7011000 r-xp 00000000 08:04 17191915                           /usr/lib/libsasl2.so.3.0.0
f7011000-f7012000 ---p 0001e000 08:04 17191915                           /usr/lib/libsasl2.so.3.0.0
f7012000-f7013000 r--p 0001e000 08:04 17191915                           /usr/lib/libsasl2.so.3.0.0
f7013000-f7014000 rw-p 0001f000 08:04 17191915                           /usr/lib/libsasl2.so.3.0.0
f7014000-f7016000 rw-p 00000000 00:00 0 
f7016000-f702a000 r-xp 00000000 08:04 16831772                           /usr/lib/libresolv-2.28.so
f702a000-f702b000 ---p 00014000 08:04 16831772                           /usr/lib/libresolv-2.28.so
f702b000-f702c000 r--p 00014000 08:04 16831772                           /usr/lib/libresolv-2.28.so
f702c000-f702d000 rw-p 00015000 08:04 16831772                           /usr/lib/libresolv-2.28.so
f702d000-f702f000 rw-p 00000000 00:00 0 
f702f000-f7032000 r-xp 00000000 08:04 17191893                           /usr/lib/libkeyutils.so.1.6
f7032000-f7033000 ---p 00003000 08:04 17191893                           /usr/lib/libkeyutils.so.1.6
f7033000-f7034000 r--p 00003000 08:04 17191893                           /usr/lib/libkeyutils.so.1.6
f7034000-f7035000 rw-p 00000000 00:00 0 
f7035000-f7045000 r-xp 00000000 08:04 17021560                           /usr/lib/libkrb5support.so.0.1
f7045000-f7046000 r--p 0000f000 08:04 17021560                           /usr/lib/libkrb5support.so.0.1
f7046000-f7047000 rw-p 00010000 08:04 17021560                           /usr/lib/libkrb5support.so.0.1
f7047000-f704f000 r-xp 00000000 08:04 16831774                           /usr/lib/librt-2.28.so
f704f000-f7050000 r--p 00007000 08:04 16831774                           /usr/lib/librt-2.28.so
f7050000-f7051000 rw-p 00008000 08:04 16831774                           /usr/lib/librt-2.28.so
f7051000-f71d0000 r-xp 00000000 08:04 17021545                           /usr/lib/libunistring.so.2.1.0
f71d0000-f71d1000 ---p 0017f000 08:04 17021545                           /usr/lib/libunistring.so.2.1.0
f71d1000-f71d3000 r--p 0017f000 08:04 17021545                           /usr/lib/libunistring.so.2.1.0
f71d3000-f71d4000 rw-p 00181000 08:04 17021545                           /usr/lib/libunistring.so.2.1.0
f71d4000-f71fe000 r-xp 00000000 08:04 18654292                           /usr/lib/liblzma.so.5.2.4
f71fe000-f71ff000 r--p 00029000 08:04 18654292                           /usr/lib/liblzma.so.5.2.4
f71ff000-f7200000 rw-p 00000000 00:00 0 
f7200000-f720c000 r-xp 00000000 08:04 17191936                           /usr/lib/libbrotlidec.so.1.0.6
f720c000-f720d000 r--p 0000b000 08:04 17191936                           /usr/lib/libbrotlidec.so.1.0.6
f720d000-f720e000 rw-p 00000000 00:00 0 
f720e000-f721d000 r-xp 00000000 08:04 17191918                           /usr/lib/liblber-2.4.so.2.10.9
f721d000-f721e000 r--p 0000e000 08:04 17191918                           /usr/lib/liblber-2.4.so.2.10.9
f721e000-f721f000 rw-p 0000f000 08:04 17191918                           /usr/lib/liblber-2.4.so.2.10.9
f721f000-f7274000 r-xp 00000000 08:04 17191920                           /usr/lib/libldap-2.4.so.2.10.9
f7274000-f7275000 ---p 00055000 08:04 17191920                           /usr/lib/libldap-2.4.so.2.10.9
f7275000-f7276000 r--p 00055000 08:04 17191920                           /usr/lib/libldap-2.4.so.2.10.9
f7276000-f7277000 rw-p 00056000 08:04 17191920                           /usr/lib/libldap-2.4.so.2.10.9
f7277000-f7279000 rw-p 00000000 00:00 0 
f7279000-f727c000 r-xp 00000000 08:04 16994899                           /usr/lib/libcom_err.so.2.1
f727c000-f727d000 r--p 00002000 08:04 16994899                           /usr/lib/libcom_err.so.2.1
f727d000-f727e000 rw-p 00003000 08:04 16994899                           /usr/lib/libcom_err.so.2.1
f727e000-f7294000 r-xp 00000000 08:04 17021552                           /usr/lib/libk5crypto.so.3.1
f7294000-f7295000 ---p 00016000 08:04 17021552                           /usr/lib/libk5crypto.so.3.1
f7295000-f7296000 r--p 00016000 08:04 17021552                           /usr/lib/libk5crypto.so.3.1
f7296000-f7297000 rw-p 00017000 08:04 17021552                           /usr/lib/libk5crypto.so.3.1
f7297000-f737a000 r-xp 00000000 08:04 17021558                           /usr/lib/libkrb5.so.3.3
f737a000-f7381000 r--p 000e2000 08:04 17021558                           /usr/lib/libkrb5.so.3.3
f7381000-f7382000 rw-p 000e9000 08:04 17021558                           /usr/lib/libkrb5.so.3.3
f7382000-f73dd000 r-xp 00000000 08:04 17021548                           /usr/lib/libgssapi_krb5.so.2.2
f73dd000-f73df000 r--p 0005a000 08:04 17021548                           /usr/lib/libgssapi_krb5.so.2.2
f73df000-f73e0000 rw-p 0005c000 08:04 17021548                           /usr/lib/libgssapi_krb5.so.2.2
f73e0000-f7691000 r-xp 00000000 08:04 18627877                           /usr/lib/libcrypto.so.1.1.1k
f7691000-f76aa000 r--p 002b0000 08:04 18627877                           /usr/lib/libcrypto.so.1.1.1k
f76aa000-f76ac000 rw-p 002c9000 08:04 18627877                           /usr/lib/libcrypto.so.1.1.1k
f76ac000-f76b0000 rw-p 00000000 00:00 0 
f76b0000-f7742000 r-xp 00000000 08:04 18627879                           /usr/lib/libssl.so.1.1.1k
f7742000-f7748000 r--p 00091000 08:04 18627879                           /usr/lib/libssl.so.1.1.1k
f7748000-f774c000 rw-p 00097000 08:04 18627879                           /usr/lib/libssl.so.1.1.1k
f774c000-f775c000 r-xp 00000000 08:04 18660120                           /usr/lib/libpsl.so.5.3.1
f775c000-f775d000 r--p 0000f000 08:04 18660120                           /usr/lib/libpsl.so.5.3.1
f775d000-f775e000 rw-p 00000000 00:00 0 
f775e000-f77db000 r-xp 00000000 08:04 16994901                           /usr/lib/libssh.so.4.8.7
f77db000-f77dc000 ---p 0007d000 08:04 16994901                           /usr/lib/libssh.so.4.8.7
f77dc000-f77dd000 r--p 0007d000 08:04 16994901                           /usr/lib/libssh.so.4.8.7
f77dd000-f77de000 rw-p 0007e000 08:04 16994901                           /usr/lib/libssh.so.4.8.7
f77de000-f77fb000 r-xp 00000000 08:04 17040588                           /usr/lib/libidn2.so.0.3.6
f77fb000-f77fc000 r--p 0001c000 08:04 17040588                           /usr/lib/libidn2.so.0.3.6
f77fc000-f77fd000 rw-p 00000000 00:00 0 
f77fd000-f7825000 r-xp 00000000 08:04 17191891                           /usr/lib/libnghttp2.so.14.17.0
f7825000-f7826000 r--p 00027000 08:04 17191891                           /usr/lib/libnghttp2.so.14.17.0
f7826000-f7828000 rw-p 00028000 08:04 17191891                           /usr/lib/libnghttp2.so.14.17.0
f7828000-f79ca000 r-xp 00000000 08:04 16831756                           /usr/lib/libc-2.28.so
f79ca000-f79cb000 ---p 001a2000 08:04 16831756                           /usr/lib/libc-2.28.so
f79cb000-f79cd000 r--p 001a2000 08:04 16831756                           /usr/lib/libc-2.28.so
f79cd000-f79ce000 rw-p 001a4000 08:04 16831756                           /usr/lib/libc-2.28.so
f79ce000-f79d3000 rw-p 00000000 00:00 0 
f79d3000-f79ee000 r-xp 00000000 08:04 16985139                           /usr/lib/libgcc_s-8-20210514.so.1
f79ee000-f79ef000 r--p 0001a000 08:04 16985139                           /usr/lib/libgcc_s-8-20210514.so.1
f79ef000-f79f0000 rw-p 0001b000 08:04 16985139                           /usr/lib/libgcc_s-8-20210514.so.1
f79f0000-f7ac0000 r-xp 00000000 08:04 16831760                           /usr/lib/libm-2.28.so
f7ac0000-f7ac1000 r--p 000cf000 08:04 16831760                           /usr/lib/libm-2.28.so
f7ac1000-f7ac2000 rw-p 000d0000 08:04 16831760                           /usr/lib/libm-2.28.so
f7ac2000-f7c4b000 r-xp 00000000 08:04 16985145                           /usr/lib/libstdc++.so.6.0.25
f7c4b000-f7c4c000 ---p 00189000 08:04 16985145                           /usr/lib/libstdc++.so.6.0.25
f7c4c000-f7c52000 r--p 00189000 08:04 16985145                           /usr/lib/libstdc++.so.6.0.25
f7c52000-f7c53000 rw-p 0018f000 08:04 16985145                           /usr/lib/libstdc++.so.6.0.25
f7c53000-f7c55000 rw-p 00000000 00:00 0 
f7c55000-f7c6c000 r-xp 00000000 08:04 16963437                           /usr/lib/libz.so.1.2.11
f7c6c000-f7c6d000 ---p 00017000 08:04 16963437                           /usr/lib/libz.so.1.2.11
f7c6d000-f7c6e000 r--p 00017000 08:04 16963437                           /usr/lib/libz.so.1.2.11
f7c6e000-f7c6f000 rw-p 00000000 00:00 0 
f7c6f000-f7dec000 r-xp 00000000 08:04 16963397                           /usr/lib/libxml2.so.2.9.7
f7dec000-f7df1000 r--p 0017c000 08:04 16963397                           /usr/lib/libxml2.so.2.9.7
f7df1000-f7df2000 rw-p 00181000 08:04 16963397                           /usr/lib/libxml2.so.2.9.7
f7df2000-f7df3000 rw-p 00000000 00:00 0 
f7df3000-f7e0f000 r-xp 00000000 08:04 16831770                           /usr/lib/libpthread-2.28.so
f7e0f000-f7e10000 r--p 0001b000 08:04 16831770                           /usr/lib/libpthread-2.28.so
f7e10000-f7e11000 rw-p 0001c000 08:04 16831770                           /usr/lib/libpthread-2.28.so
f7e11000-f7e13000 rw-p 00000000 00:00 0 
f7e13000-f7e87000 r-xp 00000000 08:04 16818911                           /usr/lib/libpcre.so.1.2.10
f7e87000-f7e88000 ---p 00074000 08:04 16818911                           /usr/lib/libpcre.so.1.2.10
f7e88000-f7e89000 r--p 00074000 08:04 16818911                           /usr/lib/libpcre.so.1.2.10
f7e89000-f7e8a000 rw-p 00075000 08:04 16818911                           /usr/lib/libpcre.so.1.2.10
f7e8a000-f7e8d000 r-xp 00000000 08:04 16831758                           /usr/lib/libdl-2.28.so
f7e8d000-f7e8e000 r--p 00002000 08:04 16831758                           /usr/lib/libdl-2.28.so
f7e8e000-f7e8f000 rw-p 00003000 08:04 16831758                           /usr/lib/libdl-2.28.so
f7e8f000-f7f2c000 r-xp 00000000 08:04 16994905                           /usr/lib/libcurl.so.4.5.0
f7f2c000-f7f2e000 r--p 0009c000 08:04 16994905                           /usr/lib/libcurl.so.4.5.0
f7f2e000-f7f2f000 rw-p 0009e000 08:04 16994905                           /usr/lib/libcurl.so.4.5.0
f7f2f000-f7f36000 r--s 00000000 08:04 176632422                          /usr/lib/gconv/gconv-modules.cache
f7f36000-f7f3e000 rw-s 00000000 08:04 151636362                          /tmp/hsperfdata_almalinux/15712 (deleted)
f7f3e000-f7f3f000 ---p 00000000 00:00 0 
f7f3f000-f7f40000 r--p 00000000 00:00 0 
f7f40000-f7f42000 rw-p 00000000 00:00 0 
f7f42000-f7f46000 r--p 00000000 00:00 0                                  [vvar]
f7f46000-f7f48000 r-xp 00000000 00:00 0                                  [vdso]
f7f48000-f7f77000 r-xp 00000000 08:04 16831749                           /usr/lib/ld-2.28.so
f7f77000-f7f78000 ---p 00000000 00:00 0 
f7f78000-f7f79000 r--p 0002f000 08:04 16831749                           /usr/lib/ld-2.28.so
f7f79000-f7f7a000 rw-p 00030000 08:04 16831749                           /usr/lib/ld-2.28.so
ff6d0000-ff6d1000 rwxp 00000000 00:00 0 
ff7d9000-ff895000 rw-p 00000000 00:00 0                                  [stack]


VM Arguments:
jvm_args: -Xms128m -Xmx512m -Xss768k -XX:MaxMetaspaceSize=96m -Xrs -XX:-UsePerfData -XX:-AllowUserSignalHandlers -XX:UseSSE=3 -XX+DoEscapeAnalysis -XX:AutoBoxCacheMax:2000 -XX:+OptimizeStringConcat -XX:+OptimizeFill -XX:+EliminateAutoBox -XX:+UseCompressedStrings -XX:+UseCompressedOops -XX:+EliminateLocks -XX:UseFastAccessorMethods -XX:+UseStringCache -XgcPrio:throughput -XXkeepAreaRatio:1 -XXlazyUnlocking -XXcallProfiling -XXcompactRatio:1 
java_command: <unknown>
java_class_path (initial): ../../data/sku.0/sys.server/compiled/game/
Launcher Type: generic

[Global flags]
     intx CICompilerCount                          = 3                                         {product} {ergonomic}
     uint ConcGCThreads                            = 1                                         {product} {ergonomic}
     uint G1ConcRefinementThreads                  = 4                                         {product} {ergonomic}
   size_t G1HeapRegionSize                         = 1048576                                   {product} {ergonomic}
    uintx GCDrainStackTargetSize                   = 64                                        {product} {ergonomic}
   size_t InitialHeapSize                          = 134217728                                 {product} {command line}
   size_t MarkStackSize                            = 32768                                     {product} {ergonomic}
   size_t MaxHeapSize                              = 536870912                                 {product} {command line}
   size_t MaxMetaspaceSize                         = 100663296                                 {product} {command line}
   size_t MaxNewSize                               = 321912832                                 {product} {ergonomic}
   size_t MinHeapDeltaBytes                        = 1048576                                   {product} {ergonomic}
   size_t MinHeapSize                              = 134217728                                 {product} {command line}
    uintx NonNMethodCodeHeapSize                   = 5544422                                {pd product} {ergonomic}
    uintx NonProfiledCodeHeapSize                  = 123056909                              {pd product} {ergonomic}
    uintx ProfiledCodeHeapSize                     = 123056909                              {pd product} {ergonomic}
    uintx ReservedCodeCacheSize                    = 251658240                              {pd product} {ergonomic}
     bool SegmentedCodeCache                       = true                                      {product} {ergonomic}
   size_t SoftMaxHeapSize                          = 536870912                              {manageable} {ergonomic}
   double SweeperThreshold                         = 0.500000                                  {product} {ergonomic}
     intx ThreadStackSize                          = 768                                    {pd product} {command line}
     bool UseG1GC                                  = true                                      {product} {ergonomic}

Logging:
Log output configuration:
 #0: stdout all=off uptime,level,tags
 #1: stderr all=off uptime,level,tags

Environment Variables:
JAVA_HOME=/usr/lib/jvm/zulu-17-x86
PATH=/usr/java/jdk1.7.0_80/bin:/usr/java/jdk1.7.0_80/bin:/usr/java/jdk1.6.0_45/bin:/usr/java/jdk1.6.0_45/bin:/usr/java/jdk1.6.0_45/bin:/home/almalinux/.local/bin:/home/almalinux/bin:/sbin:/bin:/usr/bin:/usr/local/bin:/usr/local/sbin:/usr/sbin:/usr/lib/oracle/18.3/client/bin:/usr/lib/oracle/18.3/client/bin:/usr/lib/jvm/java-11-openjdk/bin:./
LD_LIBRARY_PATH=/usr/lib/jvm/java-17-zulu-openjdk-jdk-x86/lib/server:/usr/lib/jvm/java-17-zulu-openjdk-jdk-x86/lib:/usr/lib/jvm/java-17-zulu-openjdk-jdk-x86/../lib:/usr/lib/jvm/zulu-17-x86/lib/server:/usr/lib/jvm/java-11-openjdk/lib:/usr/lib/jvm/java-11-openjdk/lib/server:./
SHELL=/bin/bash
DISPLAY=:10.0
LANG=en_US.UTF-8
TERM=xterm-256color

Active Locale:
LC_ALL=en_US.UTF-8
LC_COLLATE=en_US.UTF-8
LC_CTYPE=en_US.UTF-8
LC_MESSAGES=en_US.UTF-8
LC_MONETARY=en_US.UTF-8
LC_NUMERIC=en_US.UTF-8
LC_TIME=en_US.UTF-8

Signal Handlers:
   SIGSEGV: crash_handler in libjvm.so, mask=11100100010111111101111111111110, flags=SA_RESTART|SA_SIGINFO, unblocked
    SIGBUS: crash_handler in libjvm.so, mask=11100100010111111101111111111110, flags=SA_RESTART|SA_SIGINFO, unblocked
    SIGFPE: crash_handler in libjvm.so, mask=11100100010111111101111111111110, flags=SA_RESTART|SA_SIGINFO, unblocked
   SIGPIPE: SIG_IGN, mask=00000000000010000000000000000000, flags=SA_RESTART, blocked
  *** Handler was modified!
  *** Expected: javaSignalHandler in libjvm.so, mask=11100100110111111111111111111110, flags=SA_RESTART|SA_SIGINFO
   SIGXFSZ: javaSignalHandler in libjvm.so, mask=11100100010111111101111111111110, flags=SA_RESTART|SA_SIGINFO, blocked
    SIGILL: crash_handler in libjvm.so, mask=11100100010111111101111111111110, flags=SA_RESTART|SA_SIGINFO, unblocked
   SIGUSR2: SR_handler in libjvm.so, mask=00100000000000000000000000000000, flags=SA_RESTART|SA_SIGINFO, blocked
    SIGHUP: UserHandler in libjvm.so, mask=11100100010111111101111111111110, flags=SA_RESTART|SA_SIGINFO, blocked
    SIGINT: UserHandler in libjvm.so, mask=11100100010111111101111111111110, flags=SA_RESTART|SA_SIGINFO, blocked
   SIGTERM: UserHandler in libjvm.so, mask=11100100010111111101111111111110, flags=SA_RESTART|SA_SIGINFO, blocked
   SIGQUIT: UserHandler in libjvm.so, mask=11100100010111111101111111111110, flags=SA_RESTART|SA_SIGINFO, blocked
   SIGTRAP: crash_handler in libjvm.so, mask=11100100010111111101111111111110, flags=SA_RESTART|SA_SIGINFO, unblocked


Periodic native trim disabled


---------------  S Y S T E M  ---------------

OS:
AlmaLinux release 8.10 (Cerulean Leopard)
uname: Linux 4.18.0-553.81.1.el8_10.x86_64 #1 SMP Mon Oct 27 11:29:19 EDT 2025 x86_64
OS uptime: 0 days 2:33 hours
libc: glibc 2.28 NPTL 2.28 
rlimit (soft/hard): STACK 8192k/infinity , CORE 0k/infinity , NPROC 61995/61995 , NOFILE 262144/262144 , AS infinity/infinity , CPU infinity/infinity , DATA infinity/infinity , FSIZE infinity/infinity , MEMLOCK 64k/64k
load average: 42.52 46.83 42.68

/proc/meminfo:
MemTotal:       16014448 kB
MemFree:         4296032 kB
MemAvailable:    5057432 kB
Buffers:              28 kB
Cached:          2141828 kB
SwapCached:        10448 kB
Active:          1982880 kB
Inactive:        8678488 kB
Active(anon):    1630364 kB
Inactive(anon):  8450880 kB
Active(file):     352516 kB
Inactive(file):   227608 kB
Unevictable:        3088 kB
Mlocked:               0 kB
SwapTotal:       8388604 kB
SwapFree:        7651320 kB
Dirty:               508 kB
Writeback:             0 kB
AnonPages:       8516408 kB
Mapped:          1223968 kB
Shmem:           1561684 kB
KReclaimable:     388776 kB
Slab:             556032 kB
SReclaimable:     388776 kB
SUnreclaim:       167256 kB
KernelStack:       21072 kB
PageTables:       140168 kB
NFS_Unstable:          0 kB
Bounce:                0 kB
WritebackTmp:          0 kB
CommitLimit:    16395828 kB
Committed_AS:   20878588 kB
VmallocTotal:   34359738367 kB
VmallocUsed:       66972 kB
VmallocChunk:          0 kB
Percpu:             2688 kB
HardwareCorrupted:     0 kB
AnonHugePages:         0 kB
ShmemHugePages:        0 kB
ShmemPmdMapped:        0 kB
FileHugePages:         0 kB
FilePmdMapped:         0 kB
HugePages_Total:       0
HugePages_Free:        0
HugePages_Rsvd:        0
HugePages_Surp:        0
Hugepagesize:       2048 kB
Hugetlb:               0 kB
DirectMap4k:      833388 kB
DirectMap2M:    15550464 kB

/sys/kernel/mm/transparent_hugepage/enabled: always madvise [never]
/sys/kernel/mm/transparent_hugepage/hpage_pmd_size: 2097152
/sys/kernel/mm/transparent_hugepage/defrag (defrag/compaction efforts parameter): always defer defer+madvise [madvise] never

Process Memory:
Virtual Size: 984444K (peak: 990588K)
Resident Set Size: 128692K (peak: 143988K) (anon: 111532K, file: 17160K, shmem: 0K)
Swapped out: 20K
C-Heap outstanding allocations: 18967K, retained: 53768K
glibc malloc tunables: (default)

/proc/sys/kernel/threads-max (system-wide limit on the number of threads): 123991
/proc/sys/vm/max_map_count (maximum number of memory map areas a process may have): 1677720
/proc/sys/kernel/pid_max (system-wide limit on number of process identifiers): 4194304

container (cgroup) information:
container_type: cgroupv1
cpu_cpuset_cpus: 0-3
cpu_memory_nodes: 0
active_processor_count: 4
cpu_quota: no quota
cpu_period: 100000
cpu_shares: no shares
memory_limit_in_bytes: unlimited
memory_and_swap_limit_in_bytes: unlimited
memory_soft_limit_in_bytes: unlimited
memory_usage_in_bytes: 10386072 k
memory_max_usage_in_bytes: 14681616 k
kernel_memory_usage_in_bytes: 367564 k
kernel_memory_max_usage_in_bytes: unlimited
kernel_memory_limit_in_bytes: 683244 k
maximum number of tasks: unlimited
current number of tasks: 606

KVM virtualization detected
Steal ticks since vm start: 460
Steal ticks percentage since vm start:  0.000

CPU: total 4 (initial active 4) (1 cores per cpu, 1 threads per core) family 6 model 60 stepping 1 microcode 0x1, cx8, cmov, fxsr, mmx, sse, sse2, sse3, ssse3, sse4.1, sse4.2, popcnt, lzcnt, tsc, avx, avx2, aes, erms, clmul, bmi1, bmi2, fma, vzeroupper, clflush, hv
CPU Model and flags from /proc/cpuinfo:
model name	: Intel Core Processor (Haswell, no TSX)
flags		: fpu vme de pse tsc msr pae mce cx8 apic sep mtrr pge mca cmov pat pse36 clflush mmx fxsr sse sse2 syscall nx rdtscp lm constant_tsc rep_good nopl xtopology cpuid tsc_known_freq pni pclmulqdq vmx ssse3 fma cx16 pcid sse4_1 sse4_2 x2apic movbe popcnt tsc_deadline_timer aes xsave avx f16c rdrand hypervisor lahf_lm abm cpuid_fault invpcid_single pti tpr_shadow vnmi flexpriority ept vpid ept_ad fsgsbase bmi1 avx2 smep bmi2 erms invpcid xsaveopt arat md_clear

Online cpus: 0-3
Offline cpus: 
BIOS frequency limitation: <Not Available>
Frequency switch latency (ns): <Not Available>
Available cpu frequencies: <Not Available>
Current governor: <Not Available>
Core performance/turbo boost: <Not Available>

Memory: 4k page, physical 16014448k(4296928k free), swap 8388604k(7651320k free)
Page Sizes: 4k

vm_info: OpenJDK Server VM (17.0.11+9-LTS) for linux-x86 JRE (17.0.11+9-LTS) (Zulu17.50+19-CA), built on Apr  9 2024 07:14:46 by "zulu_re" with gcc 8.3.0

END.
