#
# A fatal error has been detected by the Java Runtime Environment:
#
#  SIGSEGV (0xb) at pc=0xf788c618, pid=20960, tid=20960
#
# JRE version: OpenJDK Runtime Environment Zulu17.50+19-CA (17.0.11+9) (build 17.0.11+9-LTS)
# Java VM: OpenJDK Server VM Zulu17.50+19-CA (17.0.11+9-LTS, mixed mode, sharing, tiered, g1 gc, linux-x86)
# Problematic frame:
# C  [libc.so.6+0x84618]  cfree+0x28
#
# Core dump will be written. Default location: Core dumps may be processed with "/usr/lib/systemd/systemd-coredump %P %u %g %s %t %c %h %e" (or dumping to /home/almalinux/swg-returns-nge/exe/linux/core.20960)
#
# If you would like to submit a bug report, please visit:
#   http://www.azul.com/support/
#

---------------  S U M M A R Y ------------

Command Line: -Xms128m -Xmx512m -Xss768k -XX:MaxMetaspaceSize=96m -Xrs -XX:-UsePerfData -XX:-AllowUserSignalHandlers -XX:UseSSE=3 -XX+DoEscapeAnalysis -XX:AutoBoxCacheMax:2000 -XX:+OptimizeStringConcat -XX:+OptimizeFill -XX:+EliminateAutoBox -XX:+UseCompressedStrings -XX:+UseCompressedOops -XX:+EliminateLocks -XX:UseFastAccessorMethods -XX:+UseStringCache -XgcPrio:throughput -XXkeepAreaRatio:1 -XXlazyUnlocking -XXcallProfiling -XXcompactRatio:1 

Host: Intel Core Processor (Haswell, no TSX), 4 cores, 15G, AlmaLinux release 8.10 (Cerulean Leopard)
Time: Mon Jan 26 00:03:42 2026 UTC elapsed time: 2342.322995 seconds (0d 0h 39m 2s)

---------------  T H R E A D  ---------------

Current thread is native thread

Stack: [0xffb74000,0xffc34000],  sp=0xffc31db0,  free space=759k
Native frames: (J=compiled Java code, j=interpreted, Vv=VM code, C=native code)
C  [libc.so.6+0x84618]  cfree+0x28


siginfo: si_signo: 11 (SIGSEGV), si_code: 1 (SEGV_MAPERR), si_addr: 0x00000003

Registers:
EAX=0x00000000, EBX=0x00000007, ECX=0xf6eca84c, EDX=0x0a9aed88
ESP=0xffc31db0, EBP=0xffc31ee8, ESI=0xf79ad000, EDI=0x00000000
EIP=0xf788c618, EFLAGS=0x00210202, CR2=0x0000000000000003


Top of Stack: (sp=0xffc31db0)
0xffc31db0:   0a632010 00000000 ffc31ee8 f7b19f1c
0xffc31dc0:   0a6320a0 f7c30a04 0a9aed60 f7b19f1c
0xffc31dd0:   00000007 f7b19f0a f7c30a04 f7b19f4c
0xffc31de0:   0a6320a0 f7b19f0a 0a9b2b00 085b6163
0xffc31df0:   00000007 0a632010 0a631d20 085bb8d1
0xffc31e00:   0a632010 0a631d20 00000000 085bb89b
0xffc31e10:   0be4c050 ffc31e37 ffc31e5c 085c6969
0xffc31e20:   087d6c00 ffc31e5c ffc31ee8 084fc53b
0xffc31e30:   00000014 00010002 00000000 00000000
0xffc31e40:   01010100 00000001 09aa44c0 00000000
0xffc31e50:   00000000 00000000 00000000 00000000
0xffc31e60:   00000000 00000013 ffc31fb8 f783d6ff
0xffc31e70:   f79ad41c 47677753 53656d61 65767265
0xffc31e80:   30323a72 00303639 09290100 0a994120
0xffc31e90:   08ea0100 08ebc230 08ea5888 f79ad41c
0xffc31ea0:   00000428 00000420 f783d779 085758fd
0xffc31eb0:   08ea2a80 09b1ea78 08ea5888 08574f56
0xffc31ec0:   0929a2c4 0929a2c4 ffc31fb8 08ea583b
0xffc31ed0:   0000000c ffc31f84 ffc31f00 f79ad000
0xffc31ee0:   00000000 08575910 00000000 f7825f26
0xffc31ef0:   00000000 08575910 00000000 f7825f26
0xffc31f00:   0000000c ffc31f84 ffc31fb8 ffc31f24
0xffc31f10:   0929a2d0 00000000 ffc31fb8 f79ad000
0xffc31f20:   f781575c f79ad000 00000000 08575910
0xffc31f30:   00000000 e98ca89b 6b0f608b 00000000
0xffc31f40:   00000000 00000000 f7f2c4d0 f7825e30
0xffc31f50:   084fc260 0929a2c4 0000000c 08575946
0xffc31f60:   084fc260 0000000c ffc31f84 08ea57f0
0xffc31f70:   08ea5850 f7f2c4d0 ffc31f7c f7f59970
0xffc31f80:   0000000c ffc3263b ffc3264d ffc32650
0xffc31f90:   ffc32662 ffc32665 ffc32670 ffc32694
0xffc31fa0:   ffc326a4 ffc326b6 ffc326d8 ffc326db 

Instructions: (pc=0xf788c618)
0xf788c518:   50 8d 96 86 f7 fa ff 8d 86 d0 2f fb ff e8 c6 b7
0xf788c528:   ff ff 8d b6 00 00 00 00 bb 20 00 00 00 e9 5e fe
0xf788c538:   ff ff e8 a1 c0 ff ff 89 c5 85 c0 0f 85 68 ff ff
0xf788c548:   ff 31 d2 8d 44 3b 10 e8 8c c1 ff ff 89 da 89 f9
0xf788c558:   89 c5 e8 11 f0 ff ff 89 c2 85 c0 75 1b 85 ed 74
0xf788c568:   17 90 89 fa 89 e8 e8 bd c5 ff ff 89 da 89 f9 89
0xf788c578:   c5 e8 f2 ef ff ff 89 c2 85 ed 0f 84 57 ff ff ff
0xf788c588:   e9 39 ff ff ff 8d 86 b8 31 fb ff 83 ec 0c b9 25
0xf788c598:   0d 00 00 50 8d 96 86 f7 fa ff 8d 86 74 2f fb ff
0xf788c5a8:   e8 43 b7 ff ff 8d 76 00 f3 0f 1e fb e8 0a 9a f9
0xf788c5b8:   ff 05 47 0a 12 00 56 53 83 ec 04 8b 5c 24 10 8b
0xf788c5c8:   74 24 14 8b 80 50 ff ff ff c7 00 00 00 00 00 e8
0xf788c5d8:   54 bb ff ff 8b 4c 24 0c 83 c4 04 89 f2 89 d8 5b
0xf788c5e8:   5e e9 42 fd ff ff 66 90 f3 0f 1e fb 56 e8 9a 9b
0xf788c5f8:   f9 ff 81 c6 06 0a 12 00 53 83 ec 14 8b 5c 24 20
0xf788c608:   8b 86 5c ff ff ff 8b 00 85 c0 75 6c 85 db 74 75
0xf788c618:   8b 4b fc 8d 53 f8 f6 c1 02 75 35 8b 86 70 fe ff
0xf788c628:   ff 65 8b 00 85 c0 0f 84 8c 00 00 00 83 e1 04 8d
0xf788c638:   86 60 07 00 00 74 09 89 d0 25 00 00 f0 ff 8b 00
0xf788c648:   83 c4 14 31 c9 5b 5e e9 8c cb ff ff 8d 74 26 00
0xf788c658:   8b 9e 60 01 00 00 85 db 75 10 3b 8e 48 01 00 00
0xf788c668:   76 08 81 f9 00 00 08 00 76 26 83 c4 14 89 d0 5b
0xf788c678:   5e e9 92 b8 ff ff 66 90 83 ec 08 ff 74 24 24 53
0xf788c688:   ff d0 83 c4 10 83 c4 14 5b 5e c3 8d 74 26 00 90
0xf788c698:   39 96 80 1d 00 00 77 08 39 96 7c 1d 00 00 77 ca
0xf788c6a8:   83 e1 f8 8d 04 09 89 8e 48 01 00 00 89 86 40 01
0xf788c6b8:   00 00 90 eb b5 8d 76 00 8b 86 74 fe ff ff 65 80
0xf788c6c8:   38 00 0f 85 64 ff ff ff 89 54 24 0c e8 97 ed ff
0xf788c6d8:   ff 8b 4b fc 8b 54 24 0c e9 4f ff ff ff 8d b4 26
0xf788c6e8:   00 00 00 00 8d 74 26 00 f3 0f 1e fb 55 57 56 e8
0xf788c6f8:   98 9a f9 ff 81 c6 04 09 12 00 53 83 ec 0c 8b 86
0xf788c708:   70 fe ff ff 8b 96 74 fe ff ff 65 8b 28 65 c6 02 



---------------  P R O C E S S  ---------------

VM state: at safepoint (shutting down)

VM Mutex/Monitor currently owned by a thread:  ([mutex/lock_event])
[0xf5e21d30] Threads_lock - owner thread: 0xc4194cf0

GC Precious Log:
<Skipped>

Heap:
 garbage-first heap   total 131072K, used 53861K [0xc5c00000, 0xe5c00000)
  region size 1024K, 52 young (53248K), 6 survivors (6144K)
 Metaspace       used 6334K, committed 7104K, reserved 16384K

Heap Regions: E=young(eden), S=young(survivor), O=old, HS=humongous(starts), HC=humongous(continues), CS=collection set, F=free, OA=open archive, CA=closed archive, TAMS=top-at-mark-start (previous, next)
|   0|0xc5c00000, 0xc5d00000, 0xc5d00000|100%| O|  |TAMS 0xc5c00000, 0xc5c00000| Untracked 
|   1|0xc5d00000, 0xc5e00000, 0xc5e00000|100%| O|  |TAMS 0xc5d00000, 0xc5d00000| Untracked 
|   2|0xc5e00000, 0xc5e68000, 0xc5f00000| 40%| O|  |TAMS 0xc5e00000, 0xc5e00000| Untracked 
|   3|0xc5f00000, 0xc5f00000, 0xc6000000|  0%| F|  |TAMS 0xc5f00000, 0xc5f00000| Untracked 
|   4|0xc6000000, 0xc6000000, 0xc6100000|  0%| F|  |TAMS 0xc6000000, 0xc6000000| Untracked 
|   5|0xc6100000, 0xc6100000, 0xc6200000|  0%| F|  |TAMS 0xc6100000, 0xc6100000| Untracked 
|   6|0xc6200000, 0xc6200000, 0xc6300000|  0%| F|  |TAMS 0xc6200000, 0xc6200000| Untracked 
|   7|0xc6300000, 0xc6300000, 0xc6400000|  0%| F|  |TAMS 0xc6300000, 0xc6300000| Untracked 
|   8|0xc6400000, 0xc6400000, 0xc6500000|  0%| F|  |TAMS 0xc6400000, 0xc6400000| Untracked 
|   9|0xc6500000, 0xc6500000, 0xc6600000|  0%| F|  |TAMS 0xc6500000, 0xc6500000| Untracked 
|  10|0xc6600000, 0xc6600000, 0xc6700000|  0%| F|  |TAMS 0xc6600000, 0xc6600000| Untracked 
|  11|0xc6700000, 0xc6700000, 0xc6800000|  0%| F|  |TAMS 0xc6700000, 0xc6700000| Untracked 
|  12|0xc6800000, 0xc6800000, 0xc6900000|  0%| F|  |TAMS 0xc6800000, 0xc6800000| Untracked 
|  13|0xc6900000, 0xc6900000, 0xc6a00000|  0%| F|  |TAMS 0xc6900000, 0xc6900000| Untracked 
|  14|0xc6a00000, 0xc6a00000, 0xc6b00000|  0%| F|  |TAMS 0xc6a00000, 0xc6a00000| Untracked 
|  15|0xc6b00000, 0xc6b00000, 0xc6c00000|  0%| F|  |TAMS 0xc6b00000, 0xc6b00000| Untracked 
|  16|0xc6c00000, 0xc6c00000, 0xc6d00000|  0%| F|  |TAMS 0xc6c00000, 0xc6c00000| Untracked 
|  17|0xc6d00000, 0xc6d00000, 0xc6e00000|  0%| F|  |TAMS 0xc6d00000, 0xc6d00000| Untracked 
|  18|0xc6e00000, 0xc6e00000, 0xc6f00000|  0%| F|  |TAMS 0xc6e00000, 0xc6e00000| Untracked 
|  19|0xc6f00000, 0xc6f00000, 0xc7000000|  0%| F|  |TAMS 0xc6f00000, 0xc6f00000| Untracked 
|  20|0xc7000000, 0xc7000000, 0xc7100000|  0%| F|  |TAMS 0xc7000000, 0xc7000000| Untracked 
|  21|0xc7100000, 0xc7100000, 0xc7200000|  0%| F|  |TAMS 0xc7100000, 0xc7100000| Untracked 
|  22|0xc7200000, 0xc7200000, 0xc7300000|  0%| F|  |TAMS 0xc7200000, 0xc7200000| Untracked 
|  23|0xc7300000, 0xc7300000, 0xc7400000|  0%| F|  |TAMS 0xc7300000, 0xc7300000| Untracked 
|  24|0xc7400000, 0xc7400000, 0xc7500000|  0%| F|  |TAMS 0xc7400000, 0xc7400000| Untracked 
|  25|0xc7500000, 0xc7500000, 0xc7600000|  0%| F|  |TAMS 0xc7500000, 0xc7500000| Untracked 
|  26|0xc7600000, 0xc7600000, 0xc7700000|  0%| F|  |TAMS 0xc7600000, 0xc7600000| Untracked 
|  27|0xc7700000, 0xc7700000, 0xc7800000|  0%| F|  |TAMS 0xc7700000, 0xc7700000| Untracked 
|  28|0xc7800000, 0xc7800000, 0xc7900000|  0%| F|  |TAMS 0xc7800000, 0xc7800000| Untracked 
|  29|0xc7900000, 0xc7900000, 0xc7a00000|  0%| F|  |TAMS 0xc7900000, 0xc7900000| Untracked 
|  30|0xc7a00000, 0xc7a00000, 0xc7b00000|  0%| F|  |TAMS 0xc7a00000, 0xc7a00000| Untracked 
|  31|0xc7b00000, 0xc7b00000, 0xc7c00000|  0%| F|  |TAMS 0xc7b00000, 0xc7b00000| Untracked 
|  32|0xc7c00000, 0xc7c00000, 0xc7d00000|  0%| F|  |TAMS 0xc7c00000, 0xc7c00000| Untracked 
|  33|0xc7d00000, 0xc7d00000, 0xc7e00000|  0%| F|  |TAMS 0xc7d00000, 0xc7d00000| Untracked 
|  34|0xc7e00000, 0xc7e00000, 0xc7f00000|  0%| F|  |TAMS 0xc7e00000, 0xc7e00000| Untracked 
|  35|0xc7f00000, 0xc7f00000, 0xc8000000|  0%| F|  |TAMS 0xc7f00000, 0xc7f00000| Untracked 
|  36|0xc8000000, 0xc8000000, 0xc8100000|  0%| F|  |TAMS 0xc8000000, 0xc8000000| Untracked 
|  37|0xc8100000, 0xc8100000, 0xc8200000|  0%| F|  |TAMS 0xc8100000, 0xc8100000| Untracked 
|  38|0xc8200000, 0xc8200000, 0xc8300000|  0%| F|  |TAMS 0xc8200000, 0xc8200000| Untracked 
|  39|0xc8300000, 0xc8300000, 0xc8400000|  0%| F|  |TAMS 0xc8300000, 0xc8300000| Untracked 
|  40|0xc8400000, 0xc8400000, 0xc8500000|  0%| F|  |TAMS 0xc8400000, 0xc8400000| Untracked 
|  41|0xc8500000, 0xc8500000, 0xc8600000|  0%| F|  |TAMS 0xc8500000, 0xc8500000| Untracked 
|  42|0xc8600000, 0xc8600000, 0xc8700000|  0%| F|  |TAMS 0xc8600000, 0xc8600000| Untracked 
|  43|0xc8700000, 0xc8700000, 0xc8800000|  0%| F|  |TAMS 0xc8700000, 0xc8700000| Untracked 
|  44|0xc8800000, 0xc8800000, 0xc8900000|  0%| F|  |TAMS 0xc8800000, 0xc8800000| Untracked 
|  45|0xc8900000, 0xc8900000, 0xc8a00000|  0%| F|  |TAMS 0xc8900000, 0xc8900000| Untracked 
|  46|0xc8a00000, 0xc8a30e50, 0xc8b00000| 19%| S|CS|TAMS 0xc8a00000, 0xc8a00000| Complete 
|  47|0xc8b00000, 0xc8c00000, 0xc8c00000|100%| S|CS|TAMS 0xc8b00000, 0xc8b00000| Complete 
|  48|0xc8c00000, 0xc8d00000, 0xc8d00000|100%| S|CS|TAMS 0xc8c00000, 0xc8c00000| Complete 
|  49|0xc8d00000, 0xc8e00000, 0xc8e00000|100%| S|CS|TAMS 0xc8d00000, 0xc8d00000| Complete 
|  50|0xc8e00000, 0xc8f00000, 0xc8f00000|100%| S|CS|TAMS 0xc8e00000, 0xc8e00000| Complete 
|  51|0xc8f00000, 0xc9000000, 0xc9000000|100%| S|CS|TAMS 0xc8f00000, 0xc8f00000| Complete 
|  52|0xc9000000, 0xc9000000, 0xc9100000|  0%| F|  |TAMS 0xc9000000, 0xc9000000| Untracked 
|  53|0xc9100000, 0xc9100000, 0xc9200000|  0%| F|  |TAMS 0xc9100000, 0xc9100000| Untracked 
|  54|0xc9200000, 0xc9200000, 0xc9300000|  0%| F|  |TAMS 0xc9200000, 0xc9200000| Untracked 
|  55|0xc9300000, 0xc9300000, 0xc9400000|  0%| F|  |TAMS 0xc9300000, 0xc9300000| Untracked 
|  56|0xc9400000, 0xc9400000, 0xc9500000|  0%| F|  |TAMS 0xc9400000, 0xc9400000| Untracked 
|  57|0xc9500000, 0xc9500000, 0xc9600000|  0%| F|  |TAMS 0xc9500000, 0xc9500000| Untracked 
|  58|0xc9600000, 0xc9600000, 0xc9700000|  0%| F|  |TAMS 0xc9600000, 0xc9600000| Untracked 
|  59|0xc9700000, 0xc9700000, 0xc9800000|  0%| F|  |TAMS 0xc9700000, 0xc9700000| Untracked 
|  60|0xc9800000, 0xc9800000, 0xc9900000|  0%| F|  |TAMS 0xc9800000, 0xc9800000| Untracked 
|  61|0xc9900000, 0xc9900000, 0xc9a00000|  0%| F|  |TAMS 0xc9900000, 0xc9900000| Untracked 
|  62|0xc9a00000, 0xc9a00000, 0xc9b00000|  0%| F|  |TAMS 0xc9a00000, 0xc9a00000| Untracked 
|  63|0xc9b00000, 0xc9b00000, 0xc9c00000|  0%| F|  |TAMS 0xc9b00000, 0xc9b00000| Untracked 
|  64|0xc9c00000, 0xc9c00000, 0xc9d00000|  0%| F|  |TAMS 0xc9c00000, 0xc9c00000| Untracked 
|  65|0xc9d00000, 0xc9d00000, 0xc9e00000|  0%| F|  |TAMS 0xc9d00000, 0xc9d00000| Untracked 
|  66|0xc9e00000, 0xc9e00000, 0xc9f00000|  0%| F|  |TAMS 0xc9e00000, 0xc9e00000| Untracked 
|  67|0xc9f00000, 0xc9f00000, 0xca000000|  0%| F|  |TAMS 0xc9f00000, 0xc9f00000| Untracked 
|  68|0xca000000, 0xca000000, 0xca100000|  0%| F|  |TAMS 0xca000000, 0xca000000| Untracked 
|  69|0xca100000, 0xca100000, 0xca200000|  0%| F|  |TAMS 0xca100000, 0xca100000| Untracked 
|  70|0xca200000, 0xca200000, 0xca300000|  0%| F|  |TAMS 0xca200000, 0xca200000| Untracked 
|  71|0xca300000, 0xca300000, 0xca400000|  0%| F|  |TAMS 0xca300000, 0xca300000| Untracked 
|  72|0xca400000, 0xca400000, 0xca500000|  0%| F|  |TAMS 0xca400000, 0xca400000| Untracked 
|  73|0xca500000, 0xca500000, 0xca600000|  0%| F|  |TAMS 0xca500000, 0xca500000| Untracked 
|  74|0xca600000, 0xca600000, 0xca700000|  0%| F|  |TAMS 0xca600000, 0xca600000| Untracked 
|  75|0xca700000, 0xca700000, 0xca800000|  0%| F|  |TAMS 0xca700000, 0xca700000| Untracked 
|  76|0xca800000, 0xca800000, 0xca900000|  0%| F|  |TAMS 0xca800000, 0xca800000| Untracked 
|  77|0xca900000, 0xca900000, 0xcaa00000|  0%| F|  |TAMS 0xca900000, 0xca900000| Untracked 
|  78|0xcaa00000, 0xcaa00000, 0xcab00000|  0%| F|  |TAMS 0xcaa00000, 0xcaa00000| Untracked 
|  79|0xcab00000, 0xcab00000, 0xcac00000|  0%| F|  |TAMS 0xcab00000, 0xcab00000| Untracked 
|  80|0xcac00000, 0xcac00000, 0xcad00000|  0%| F|  |TAMS 0xcac00000, 0xcac00000| Untracked 
|  81|0xcad00000, 0xcad00000, 0xcae00000|  0%| F|  |TAMS 0xcad00000, 0xcad00000| Untracked 
|  82|0xcae00000, 0xcae00800, 0xcaf00000|  0%| E|  |TAMS 0xcae00000, 0xcae00000| Complete 
|  83|0xcaf00000, 0xcb000000, 0xcb000000|100%| E|CS|TAMS 0xcaf00000, 0xcaf00000| Complete 
|  84|0xcb000000, 0xcb100000, 0xcb100000|100%| E|CS|TAMS 0xcb000000, 0xcb000000| Complete 
|  85|0xcb100000, 0xcb200000, 0xcb200000|100%| E|CS|TAMS 0xcb100000, 0xcb100000| Complete 
|  86|0xcb200000, 0xcb300000, 0xcb300000|100%| E|CS|TAMS 0xcb200000, 0xcb200000| Complete 
|  87|0xcb300000, 0xcb400000, 0xcb400000|100%| E|CS|TAMS 0xcb300000, 0xcb300000| Complete 
|  88|0xcb400000, 0xcb500000, 0xcb500000|100%| E|CS|TAMS 0xcb400000, 0xcb400000| Complete 
|  89|0xcb500000, 0xcb600000, 0xcb600000|100%| E|CS|TAMS 0xcb500000, 0xcb500000| Complete 
|  90|0xcb600000, 0xcb700000, 0xcb700000|100%| E|CS|TAMS 0xcb600000, 0xcb600000| Complete 
|  91|0xcb700000, 0xcb800000, 0xcb800000|100%| E|CS|TAMS 0xcb700000, 0xcb700000| Complete 
|  92|0xcb800000, 0xcb900000, 0xcb900000|100%| E|CS|TAMS 0xcb800000, 0xcb800000| Complete 
|  93|0xcb900000, 0xcba00000, 0xcba00000|100%| E|CS|TAMS 0xcb900000, 0xcb900000| Complete 
|  94|0xcba00000, 0xcbb00000, 0xcbb00000|100%| E|CS|TAMS 0xcba00000, 0xcba00000| Complete 
|  95|0xcbb00000, 0xcbc00000, 0xcbc00000|100%| E|CS|TAMS 0xcbb00000, 0xcbb00000| Complete 
|  96|0xcbc00000, 0xcbd00000, 0xcbd00000|100%| E|CS|TAMS 0xcbc00000, 0xcbc00000| Complete 
|  97|0xcbd00000, 0xcbe00000, 0xcbe00000|100%| E|CS|TAMS 0xcbd00000, 0xcbd00000| Complete 
|  98|0xcbe00000, 0xcbf00000, 0xcbf00000|100%| E|CS|TAMS 0xcbe00000, 0xcbe00000| Complete 
|  99|0xcbf00000, 0xcc000000, 0xcc000000|100%| E|CS|TAMS 0xcbf00000, 0xcbf00000| Complete 
| 100|0xcc000000, 0xcc100000, 0xcc100000|100%| E|CS|TAMS 0xcc000000, 0xcc000000| Complete 
| 101|0xcc100000, 0xcc200000, 0xcc200000|100%| E|CS|TAMS 0xcc100000, 0xcc100000| Complete 
| 102|0xcc200000, 0xcc300000, 0xcc300000|100%| E|CS|TAMS 0xcc200000, 0xcc200000| Complete 
| 103|0xcc300000, 0xcc400000, 0xcc400000|100%| E|CS|TAMS 0xcc300000, 0xcc300000| Complete 
| 104|0xcc400000, 0xcc500000, 0xcc500000|100%| E|CS|TAMS 0xcc400000, 0xcc400000| Complete 
| 105|0xcc500000, 0xcc600000, 0xcc600000|100%| E|CS|TAMS 0xcc500000, 0xcc500000| Complete 
| 106|0xcc600000, 0xcc700000, 0xcc700000|100%| E|CS|TAMS 0xcc600000, 0xcc600000| Complete 
| 107|0xcc700000, 0xcc800000, 0xcc800000|100%| E|CS|TAMS 0xcc700000, 0xcc700000| Complete 
| 108|0xcc800000, 0xcc900000, 0xcc900000|100%| E|CS|TAMS 0xcc800000, 0xcc800000| Complete 
| 109|0xcc900000, 0xcca00000, 0xcca00000|100%| E|CS|TAMS 0xcc900000, 0xcc900000| Complete 
| 110|0xcca00000, 0xccb00000, 0xccb00000|100%| E|CS|TAMS 0xcca00000, 0xcca00000| Complete 
| 111|0xccb00000, 0xccc00000, 0xccc00000|100%| E|CS|TAMS 0xccb00000, 0xccb00000| Complete 
| 112|0xccc00000, 0xccd00000, 0xccd00000|100%| E|CS|TAMS 0xccc00000, 0xccc00000| Complete 
| 113|0xccd00000, 0xcce00000, 0xcce00000|100%| E|CS|TAMS 0xccd00000, 0xccd00000| Complete 
| 114|0xcce00000, 0xccf00000, 0xccf00000|100%| E|CS|TAMS 0xcce00000, 0xcce00000| Complete 
| 115|0xccf00000, 0xcd000000, 0xcd000000|100%| E|CS|TAMS 0xccf00000, 0xccf00000| Complete 
| 116|0xcd000000, 0xcd100000, 0xcd100000|100%| E|CS|TAMS 0xcd000000, 0xcd000000| Complete 
| 117|0xcd100000, 0xcd200000, 0xcd200000|100%| E|CS|TAMS 0xcd100000, 0xcd100000| Complete 
| 118|0xcd200000, 0xcd300000, 0xcd300000|100%| E|CS|TAMS 0xcd200000, 0xcd200000| Complete 
| 119|0xcd300000, 0xcd400000, 0xcd400000|100%| E|CS|TAMS 0xcd300000, 0xcd300000| Complete 
| 120|0xcd400000, 0xcd500000, 0xcd500000|100%| E|CS|TAMS 0xcd400000, 0xcd400000| Complete 
| 121|0xcd500000, 0xcd600000, 0xcd600000|100%| E|CS|TAMS 0xcd500000, 0xcd500000| Complete 
| 122|0xcd600000, 0xcd700000, 0xcd700000|100%| E|CS|TAMS 0xcd600000, 0xcd600000| Complete 
| 123|0xcd700000, 0xcd800000, 0xcd800000|100%| E|CS|TAMS 0xcd700000, 0xcd700000| Complete 
| 124|0xcd800000, 0xcd900000, 0xcd900000|100%| E|CS|TAMS 0xcd800000, 0xcd800000| Complete 
| 125|0xcd900000, 0xcda00000, 0xcda00000|100%| E|CS|TAMS 0xcd900000, 0xcd900000| Complete 
| 126|0xcda00000, 0xcdb00000, 0xcdb00000|100%| E|CS|TAMS 0xcda00000, 0xcda00000| Complete 
| 127|0xcdb00000, 0xcdc00000, 0xcdc00000|100%| E|CS|TAMS 0xcdb00000, 0xcdb00000| Complete 

Card table byte_map: [0xc5a00000,0xc5b00000] _byte_map_base: 0xc53d2000

Marking Bits (Prev, Next): (CMBitMap*) 0xf5e8b528, (CMBitMap*) 0xf5e8b548
 Prev Bits: [0xc5100000, 0xc5900000)
 Next Bits: [0xc4900000, 0xc5100000)

Polling page: 0xf7f1e000

Metaspace:

Usage:
    6.19 MB used.

Virtual space:
     16.00 MB reserved,       6.94 MB ( 43%) committed,  1 nodes.

Chunk freelists:
6.72 MB

MaxMetaspaceSize: 96.00 MB
No class space
Initial GC threshold: 16.00 MB
Current GC threshold: 16.00 MB
CDS: on
MetaspaceReclaimPolicy: balanced
 - commit_granule_bytes: 65536.
 - commit_granule_words: 16384.
 - virtual_space_node_default_size: 4194304.
 - enlarge_chunks_in_place: 1.
 - new_chunks_are_fully_committed: 0.
 - uncommit_free_chunks: 1.
 - use_allocation_guard: 0.
 - handle_deallocations: 1.


Internal statistics:

num_allocs_failed_limit: 0.
num_arena_births: 443.
num_arena_deaths: 0.
num_vsnodes_births: 1.
num_vsnodes_deaths: 0.
num_space_committed: 111.
num_space_uncommitted: 0.
num_chunks_returned_to_freelist: 0.
num_chunks_taken_from_freelist: 758.
num_chunk_merges: 0.
num_chunk_splits: 543.
num_chunks_enlarged: 376.
num_inconsistent_stats: 0.

CodeHeap 'non-profiled nmethods': size=120172Kb used=1099Kb max_used=1099Kb free=119072Kb
 bounds [0xed7f5000, 0xeda35000, 0xf4d50000]
CodeHeap 'profiled nmethods': size=120172Kb used=3892Kb max_used=3892Kb free=116279Kb
 bounds [0xe5d50000, 0xe6120000, 0xed2ab000]
CodeHeap 'non-nmethods': size=5416Kb used=746Kb max_used=793Kb free=4669Kb
 bounds [0xed2ab000, 0xed4eb000, 0xed7f5000]
 total_blobs=2333 nmethods=1974 adapters=273
 compilation: enabled
              stopped_count=0, restarted_count=0
 full_count=0

Compilation events (20 events):
Event: 1212.144 Thread 0xc41a0580 1965       3       java.util.Hashtable::getIterator (22 bytes)
Event: 1212.144 Thread 0xc41a0580 nmethod 1965 0xe611b588 code [0xe611b6e0, 0xe611b92c]
Event: 1245.131 Thread 0xc419f450 1966       4       script.script_entry::callMessageHandlers (20 bytes)
Event: 1245.135 Thread 0xc419f450 nmethod 1966 0xed906608 code [0xed906740, 0xed906844]
Event: 1560.069 Thread 0xc41a0580 1967       3       jdk.internal.util.ArraysSupport::mismatch (73 bytes)
Event: 1560.070 Thread 0xc41a0580 nmethod 1967 0xe611ba08 code [0xe611bb80, 0xe611bf8c]
Event: 1669.402 Thread 0xc41a0580 1969       3       java.util.ArrayList::elementData (7 bytes)
Event: 1669.403 Thread 0xc41a0580 nmethod 1969 0xe611c188 code [0xe611c2c0, 0xe611c3e0]
Event: 1874.055 Thread 0xc419f450 1970       4       script.base_class::getIntObjVar (9 bytes)
Event: 1874.056 Thread 0xc419f450 nmethod 1970 0xed906c88 code [0xed906da0, 0xed906e5c]
Event: 2059.202 Thread 0xc419f450 1971       4       script.base_class::setObjVar (10 bytes)
Event: 2059.203 Thread 0xc419f450 nmethod 1971 0xed906f88 code [0xed9070a0, 0xed90715c]
Event: 2242.200 Thread 0xc41a0580 1973       3       jdk.internal.reflect.AccessorGenerator::internalize (9 bytes)
Event: 2242.201 Thread 0xc41a0580 nmethod 1973 0xe611c488 code [0xe611c5c0, 0xe611c6cc]
Event: 2242.207 Thread 0xc419f450 1972       4       java.lang.StringBuilder::toString (35 bytes)
Event: 2242.212 Thread 0xc419f450 nmethod 1972 0xed907288 code [0xed9073c0, 0xed9077dc]
Event: 2328.124 Thread 0xc41a0580 1976       3       jdk.internal.reflect.ByteVectorImpl::put (27 bytes)
Event: 2328.124 Thread 0xc41a0580 nmethod 1976 0xe611c788 code [0xe611c8c0, 0xe611ca6c]
Event: 2328.125 Thread 0xc41a0580 1975       3       jdk.internal.reflect.ByteVectorImpl::resize (44 bytes)
Event: 2328.125 Thread 0xc41a0580 nmethod 1975 0xe611cb88 code [0xe611ccc0, 0xe611cf6c]

GC Heap History (8 events):
Event: 61.257 GC heap before
{Heap before GC invocations=0 (full 0):
 garbage-first heap   total 131072K, used 12288K [0xc5c00000, 0xe5c00000)
  region size 1024K, 13 young (13312K), 0 survivors (0K)
 Metaspace       used 2842K, committed 3008K, reserved 16384K
}
Event: 61.357 GC heap after
{Heap after GC invocations=1 (full 0):
 garbage-first heap   total 131072K, used 2455K [0xc5c00000, 0xe5c00000)
  region size 1024K, 2 young (2048K), 2 survivors (2048K)
 Metaspace       used 2842K, committed 3008K, reserved 16384K
}
Event: 74.614 GC heap before
{Heap before GC invocations=1 (full 0):
 garbage-first heap   total 131072K, used 15767K [0xc5c00000, 0xe5c00000)
  region size 1024K, 15 young (15360K), 2 survivors (2048K)
 Metaspace       used 3892K, committed 4224K, reserved 16384K
}
Event: 74.627 GC heap after
{Heap after GC invocations=2 (full 0):
 garbage-first heap   total 131072K, used 3564K [0xc5c00000, 0xe5c00000)
  region size 1024K, 2 young (2048K), 2 survivors (2048K)
 Metaspace       used 3892K, committed 4224K, reserved 16384K
}
Event: 106.482 GC heap before
{Heap before GC invocations=2 (full 0):
 garbage-first heap   total 131072K, used 27116K [0xc5c00000, 0xe5c00000)
  region size 1024K, 25 young (25600K), 2 survivors (2048K)
 Metaspace       used 4691K, committed 5184K, reserved 16384K
}
Event: 106.490 GC heap after
{Heap after GC invocations=3 (full 0):
 garbage-first heap   total 131072K, used 4845K [0xc5c00000, 0xe5c00000)
  region size 1024K, 3 young (3072K), 3 survivors (3072K)
 Metaspace       used 4691K, committed 5184K, reserved 16384K
}
Event: 319.569 GC heap before
{Heap before GC invocations=3 (full 0):
 garbage-first heap   total 131072K, used 79597K [0xc5c00000, 0xe5c00000)
  region size 1024K, 76 young (77824K), 3 survivors (3072K)
 Metaspace       used 6179K, committed 6912K, reserved 16384K
}
Event: 319.604 GC heap after
{Heap after GC invocations=4 (full 0):
 garbage-first heap   total 131072K, used 7779K [0xc5c00000, 0xe5c00000)
  region size 1024K, 6 young (6144K), 6 survivors (6144K)
 Metaspace       used 6179K, committed 6912K, reserved 16384K
}

Dll operation events (4 events):
Event: 0.003 Loaded shared library /usr/lib/jvm/java-17-zulu-openjdk-jdk-x86/lib/libjava.so
Event: 55.076 Loaded shared library /usr/lib/jvm/java-17-zulu-openjdk-jdk-x86/lib/libnio.so
Event: 55.077 Loaded shared library /usr/lib/jvm/java-17-zulu-openjdk-jdk-x86/lib/libjimage.so
Event: 55.079 Loaded shared library /usr/lib/jvm/java-17-zulu-openjdk-jdk-x86/lib/libnet.so

Deoptimization events (20 events):
Event: 458.084 Thread 0x0bcbd7e0 DEOPT PACKING pc=0xed8e8fc0 sp=0xffc307a0
Event: 458.084 Thread 0x0bcbd7e0 DEOPT UNPACKING pc=0xed2f4d33 sp=0xffc30788 mode 2
Event: 458.084 Thread 0x0bcbd7e0 Uncommon trap: trap_request=0xffffffd6 fr.pc=0xed8e8fc0 relative=0x000011e0
Event: 458.084 Thread 0x0bcbd7e0 Uncommon trap: reason=array_check action=maybe_recompile pc=0xed8e8fc0 method=java.io.ObjectInputStream.readArray(Z)Ljava/lang/Object; @ 392 c2
Event: 458.084 Thread 0x0bcbd7e0 DEOPT PACKING pc=0xed8e8fc0 sp=0xffc307a0
Event: 458.084 Thread 0x0bcbd7e0 DEOPT UNPACKING pc=0xed2f4d33 sp=0xffc30788 mode 2
Event: 458.084 Thread 0x0bcbd7e0 Uncommon trap: trap_request=0xffffffd6 fr.pc=0xed8e8fc0 relative=0x000011e0
Event: 458.084 Thread 0x0bcbd7e0 Uncommon trap: reason=array_check action=maybe_recompile pc=0xed8e8fc0 method=java.io.ObjectInputStream.readArray(Z)Ljava/lang/Object; @ 392 c2
Event: 458.084 Thread 0x0bcbd7e0 DEOPT PACKING pc=0xed8e8fc0 sp=0xffc307a0
Event: 458.084 Thread 0x0bcbd7e0 DEOPT UNPACKING pc=0xed2f4d33 sp=0xffc30788 mode 2
Event: 533.157 Thread 0x0bcbd7e0 DEOPT PACKING pc=0xe5ef16ab sp=0xffc31180
Event: 533.157 Thread 0x0bcbd7e0 DEOPT UNPACKING pc=0xed2f4171 sp=0xffc3100c mode 0
Event: 2331.080 Thread 0xc419bff0 Uncommon trap: trap_request=0xffffffc6 fr.pc=0xed8413b4 relative=0x00000554
Event: 2331.080 Thread 0xc419bff0 Uncommon trap: reason=bimorphic action=maybe_recompile pc=0xed8413b4 method=java.util.Hashtable.get(Ljava/lang/Object;)Ljava/lang/Object; @ 6 c2
Event: 2331.080 Thread 0xc419bff0 DEOPT PACKING pc=0xed8413b4 sp=0xc317ce00
Event: 2331.080 Thread 0xc419bff0 DEOPT UNPACKING pc=0xed2f4d33 sp=0xc317cde4 mode 2
Event: 2331.081 Thread 0xc419bff0 Uncommon trap: trap_request=0xffffffc6 fr.pc=0xed8413b4 relative=0x00000554
Event: 2331.081 Thread 0xc419bff0 Uncommon trap: reason=bimorphic action=maybe_recompile pc=0xed8413b4 method=java.util.Hashtable.get(Ljava/lang/Object;)Ljava/lang/Object; @ 6 c2
Event: 2331.081 Thread 0xc419bff0 DEOPT PACKING pc=0xed8413b4 sp=0xc317ce00
Event: 2331.081 Thread 0xc419bff0 DEOPT UNPACKING pc=0xed2f4d33 sp=0xc317cde4 mode 2

Classes unloaded (0 events):
No events

Classes redefined (0 events):
No events

Internal exceptions (14 events):
Event: 55.125 Thread 0x0bcbd7e0 Exception <a 'java/lang/NoSuchMethodError'{0xcd40af08}: 'java.lang.Object java.lang.invoke.DirectMethodHandle$Holder.invokeStaticInit(java.lang.Object)'> (0xcd40af08) 
thrown [src/hotspot/share/interpreter/linkResolver.cpp, line 759]
Event: 60.993 Thread 0x0bcbd7e0 Exception <a 'java/lang/NoSuchMethodError'{0xcd2c5808}: 'java.lang.Object java.lang.invoke.DirectMethodHandle$Holder.invokeStatic(java.lang.Object, float)'> (0xcd2c5808) 
thrown [src/hotspot/share/interpreter/linkResolver.cpp, line 759]
Event: 61.438 Thread 0x0bcbd7e0 Exception <a 'java/lang/NoSuchMethodError'{0xcd90b910}: 'java.lang.Object java.lang.invoke.DirectMethodHandle$Holder.invokeSpecial(java.lang.Object, java.lang.Object, long, java.lang.Object, java.lang.Object, java.lang.Object, java.lang.Object, int, java.lang.Object)'> (0xcd90b910) 
thrown [src/hotspot/share/interpreter/linkResolver.cpp, line 759]
Event: 61.439 Thread 0x0bcbd7e0 Exception <a 'java/lang/NoSuchMethodError'{0xcd90fc10}: 'java.lang.Object java.lang.invoke.DelegatingMethodHandle$Holder.reinvoke_L(java.lang.Object, long, java.lang.Object, java.lang.Object, java.lang.Object, java.lang.Object, int, java.lang.Object)'> (0xcd90fc10) 
thrown [src/hotspot/share/interpreter/linkResolver.cpp, line 759]
Event: 61.447 Thread 0x0bcbd7e0 Exception <a 'java/lang/NoSuchMethodError'{0xcd998a40}: 'java.lang.Object java.lang.invoke.DirectMethodHandle$Holder.invokeSpecial(java.lang.Object, java.lang.Object, java.lang.Object, java.lang.Object, float)'> (0xcd998a40) 
thrown [src/hotspot/share/interpreter/linkResolver.cpp, line 759]
Event: 61.457 Thread 0x0bcbd7e0 Exception <a 'java/lang/NoSuchMethodError'{0xcd9c5950}: 'java.lang.Object java.lang.invoke.DirectMethodHandle$Holder.invokeSpecial(java.lang.Object, java.lang.Object, java.lang.Object, java.lang.Object, int)'> (0xcd9c5950) 
thrown [src/hotspot/share/interpreter/linkResolver.cpp, line 759]
Event: 61.458 Thread 0x0bcbd7e0 Exception <a 'java/lang/NoSuchMethodError'{0xcd9c90b8}: 'java.lang.Object java.lang.invoke.Invokers$Holder.linkToTargetMethod(java.lang.Object, java.lang.Object, int, java.lang.Object)'> (0xcd9c90b8) 
thrown [src/hotspot/share/interpreter/linkResolver.cpp, line 759]
Event: 61.577 Thread 0x0bcbd7e0 Exception <a 'java/lang/NoSuchMethodError'{0xcd8d3a08}: 'java.lang.Object java.lang.invoke.DirectMethodHandle$Holder.invokeSpecial(java.lang.Object, java.lang.Object, long, java.lang.Object, java.lang.Object, java.lang.Object, java.lang.Object, java.lang.Object, java.lang.Object)'> (0xcd8d3a08) 
thrown [src/hotspot/share/interpreter/linkResolver.cpp, line 759]
Event: 61.577 Thread 0x0bcbd7e0 Exception <a 'java/lang/NoSuchMethodError'{0xcd8d7de0}: 'java.lang.Object java.lang.invoke.DelegatingMethodHandle$Holder.reinvoke_L(java.lang.Object, long, java.lang.Object, java.lang.Object, java.lang.Object, java.lang.Object, java.lang.Object, java.lang.Object)'> (0xcd8d7de0) 
thrown [src/hotspot/share/interpreter/linkResolver.cpp, line 759]
Event: 130.251 Thread 0x0bcbd7e0 Exception <a 'java/lang/NoSuchMethodError'{0xcd6ad378}: 'java.lang.Object java.lang.invoke.DirectMethodHandle$Holder.invokeSpecial(java.lang.Object, java.lang.Object, java.lang.Object, java.lang.Object, java.lang.Object, java.lang.Object, int)'> (0xcd6ad378) 
thrown [src/hotspot/share/interpreter/linkResolver.cpp, line 759]
Event: 159.158 Thread 0x0bcbd7e0 Exception <a 'java/lang/NoSuchMethodError'{0xcbbb26f8}: static [Lscript/location;.<clinit>()V> (0xcbbb26f8) 
thrown [src/hotspot/share/prims/jni.cpp, line 1112]
Event: 190.303 Thread 0x0bcbd7e0 Exception <a 'java/lang/NoSuchMethodError'{0xcb7c7380}: static [Lscript/obj_id;.<clinit>()V> (0xcb7c7380) 
thrown [src/hotspot/share/prims/jni.cpp, line 1112]
Event: 207.666 Thread 0x0bcbd7e0 Exception <a 'java/lang/NoSuchMethodError'{0xcb53d560}: 'java.lang.Object java.lang.invoke.DirectMethodHandle$Holder.invokeSpecial(java.lang.Object, java.lang.Object, int, int, int)'> (0xcb53d560) 
thrown [src/hotspot/share/interpreter/linkResolver.cpp, line 759]
Event: 219.159 Thread 0x0bcbd7e0 Implicit null exception at 0xed87e6d8 to 0xed87f774

VM Operations (20 events):
Event: 446.853 Executing VM operation: Cleanup
Event: 446.854 Executing VM operation: Cleanup done
Event: 459.892 Executing VM operation: Cleanup
Event: 459.892 Executing VM operation: Cleanup done
Event: 527.949 Executing VM operation: Cleanup
Event: 527.949 Executing VM operation: Cleanup done
Event: 533.955 Executing VM operation: Cleanup
Event: 533.955 Executing VM operation: Cleanup done
Event: 547.990 Executing VM operation: Cleanup
Event: 547.990 Executing VM operation: Cleanup done
Event: 569.027 Executing VM operation: Cleanup
Event: 569.027 Executing VM operation: Cleanup done
Event: 752.257 Executing VM operation: Cleanup
Event: 752.257 Executing VM operation: Cleanup done
Event: 753.261 Executing VM operation: Cleanup
Event: 753.261 Executing VM operation: Cleanup done
Event: 756.261 Executing VM operation: Cleanup
Event: 756.261 Executing VM operation: Cleanup done
Event: 1223.712 Executing VM operation: Cleanup
Event: 1223.712 Executing VM operation: Cleanup done

Events (20 events):
Event: 159.206 loading class java/lang/constant/DirectMethodHandleDesc
Event: 159.206 loading class java/lang/constant/DirectMethodHandleDesc done
Event: 159.206 loading class java/lang/constant/DirectMethodHandleDescImpl done
Event: 159.206 loading class java/lang/constant/DirectMethodHandleDescImpl$1
Event: 159.206 loading class java/lang/constant/DirectMethodHandleDescImpl$1 done
Event: 159.206 loading class java/lang/constant/DirectMethodHandleDesc$1
Event: 159.206 loading class java/lang/constant/DirectMethodHandleDesc$1 done
Event: 159.207 loading class java/lang/constant/PrimitiveClassDescImpl
Event: 159.207 loading class java/lang/constant/DynamicConstantDesc
Event: 159.207 loading class java/lang/constant/DynamicConstantDesc done
Event: 159.207 loading class java/lang/constant/PrimitiveClassDescImpl done
Event: 159.207 loading class java/lang/constant/DynamicConstantDesc$AnonymousDynamicConstantDesc
Event: 159.207 loading class java/lang/constant/DynamicConstantDesc$AnonymousDynamicConstantDesc done
Event: 2331.081 loading class jdk/internal/misc/Signal$1
Event: 2331.081 loading class jdk/internal/misc/Signal$1 done
Event: 2331.332 Thread 0xc3e00e60 Thread added: 0xc3e00e60
Event: 2331.333 Thread 0x0bcbd7e0 Thread exited: 0x0bcbd7e0
Event: 2331.337 Protecting memory [0xc023f000,0xc0243000] with protection modes 0
Event: 2331.351 Thread 0xf5e242d0 Thread exited: 0xf5e242d0
Event: 2331.351 Thread 0xc419bff0 Thread exited: 0xc419bff0


Dynamic libraries:
08048000-09298000 r-xp 00000000 08:04 494947248                          /home/almalinux/swg-returns-nge/build/bin/SwgGameServer
09298000-0929c000 rw-p 0124f000 08:04 494947248                          /home/almalinux/swg-returns-nge/build/bin/SwgGameServer
0929c000-09b1f000 rw-p 00000000 00:00 0 
0a5f8000-14c68000 rw-p 00000000 00:00 0                                  [heap]
bed00000-bedfe000 rw-p 00000000 00:00 0 
bedfe000-bee00000 ---p 00000000 00:00 0 
bef00000-beff9000 rw-p 00000000 00:00 0 
beff9000-bf000000 ---p 00000000 00:00 0 
bf100000-bf1fd000 rw-p 00000000 00:00 0 
bf1fd000-bf200000 ---p 00000000 00:00 0 
bf200000-bf2f9000 rw-p 00000000 00:00 0 
bf2f9000-bf300000 ---p 00000000 00:00 0 
bf300000-bf3d3000 rw-p 00000000 00:00 0 
bf3d3000-bf400000 ---p 00000000 00:00 0 
bf400000-bf4fd000 rw-p 00000000 00:00 0 
bf4fd000-bf500000 ---p 00000000 00:00 0 
bf500000-bf5f9000 rw-p 00000000 00:00 0 
bf5f9000-bf600000 ---p 00000000 00:00 0 
bf600000-bf6f9000 rw-p 00000000 00:00 0 
bf6f9000-bf700000 ---p 00000000 00:00 0 
bf700000-bf7f9000 rw-p 00000000 00:00 0 
bf7f9000-bf800000 ---p 00000000 00:00 0 
bf800000-bf8f9000 rw-p 00000000 00:00 0 
bf8f9000-bf900000 ---p 00000000 00:00 0 
bf900000-bf9f9000 rw-p 00000000 00:00 0 
bf9f9000-bfa00000 ---p 00000000 00:00 0 
bfd00000-bfdf9000 rw-p 00000000 00:00 0 
bfdf9000-bfe00000 ---p 00000000 00:00 0 
bfe00000-bfefb000 rw-p 00000000 00:00 0 
bfefb000-bff00000 ---p 00000000 00:00 0 
bff00000-bfffa000 rw-p 00000000 00:00 0 
bfffa000-c0000000 ---p 00000000 00:00 0 
c0000000-c00f9000 rw-p 00000000 00:00 0 
c00f9000-c0100000 ---p 00000000 00:00 0 
c0100000-c01fa000 rw-p 00000000 00:00 0 
c01fa000-c0200000 ---p 00000000 00:00 0 
c023f000-c0243000 ---p 00000000 00:00 0 
c0243000-c0300000 rw-p 00000000 00:00 0 
c0300000-c03f6000 rw-p 00000000 00:00 0 
c03f6000-c0400000 ---p 00000000 00:00 0 
c0b7f000-c0b80000 ---p 00000000 00:00 0 
c0b80000-c0c00000 rw-p 00000000 00:00 0 
c0c00000-c0cf9000 rw-p 00000000 00:00 0 
c0cf9000-c0d00000 ---p 00000000 00:00 0 
c0d61000-c0d62000 ---p 00000000 00:00 0 
c0d62000-c0de2000 rw-p 00000000 00:00 0 
c117f000-c1180000 ---p 00000000 00:00 0 
c1180000-c1200000 rw-p 00000000 00:00 0 
c1200000-c12ea000 rw-p 00000000 00:00 0 
c12ea000-c1300000 ---p 00000000 00:00 0 
c13fc000-c1400000 ---p 00000000 00:00 0 
c1400000-c147d000 rw-p 00000000 00:00 0 
c167f000-c1683000 ---p 00000000 00:00 0 
c1683000-c1740000 rw-p 00000000 00:00 0 
c1740000-c1744000 ---p 00000000 00:00 0 
c1744000-c1801000 rw-p 00000000 00:00 0 
c1801000-c1802000 ---p 00000000 00:00 0 
c1802000-c1882000 rw-p 00000000 00:00 0 
c1882000-c1886000 ---p 00000000 00:00 0 
c1886000-c1943000 rw-p 00000000 00:00 0 
c1943000-c1947000 ---p 00000000 00:00 0 
c1947000-c1a04000 rw-p 00000000 00:00 0 
c1a04000-c1a08000 ---p 00000000 00:00 0 
c1a08000-c1ac5000 rw-p 00000000 00:00 0 
c1ac5000-c1ac9000 ---p 00000000 00:00 0 
c1ac9000-c1b86000 rw-p 00000000 00:00 0 
c1b86000-c1e00000 r--p 00078000 08:04 535181                             /usr/lib/locale/locale-archive
c1e00000-c2000000 r--p 00000000 08:04 535181                             /usr/lib/locale/locale-archive
c2000000-c21a0000 rw-p 00000000 00:00 0 
c21a0000-c2400000 ---p 00000000 00:00 0 
c2400000-c2950000 rw-p 00000000 00:00 0 
c2950000-c3000000 ---p 00000000 00:00 0 
c303c000-c3040000 ---p 00000000 00:00 0 
c3040000-c30bd000 rw-p 00000000 00:00 0 
c30bd000-c30c1000 ---p 00000000 00:00 0 
c30c1000-c317e000 rw-p 00000000 00:00 0 
c317e000-c3182000 ---p 00000000 00:00 0 
c3182000-c323f000 rw-p 00000000 00:00 0 
c323f000-c3243000 ---p 00000000 00:00 0 
c3243000-c3300000 rw-p 00000000 00:00 0 
c3300000-c334c000 rw-p 00000000 00:00 0 
c334c000-c3400000 ---p 00000000 00:00 0 
c3431000-c3435000 ---p 00000000 00:00 0 
c3435000-c34b2000 rw-p 00000000 00:00 0 
c34b2000-c34b3000 ---p 00000000 00:00 0 
c34b3000-c3533000 rw-p 00000000 00:00 0 
c3533000-c3e00000 rw-p 00001000 08:04 143240867                          /usr/lib/jvm/java-17-zulu-openjdk-jdk-x86/lib/server/classes.jsa
c3e00000-c3e21000 rw-p 00000000 00:00 0 
c3e21000-c3f00000 ---p 00000000 00:00 0 
c3f7f000-c3f80000 ---p 00000000 00:00 0 
c3f80000-c4000000 rw-p 00000000 00:00 0 
c4000000-c4021000 rw-p 00000000 00:00 0 
c4021000-c4100000 ---p 00000000 00:00 0 
c4100000-c41d5000 rw-p 00000000 00:00 0 
c41d5000-c4200000 ---p 00000000 00:00 0 
c427f000-c4280000 ---p 00000000 00:00 0 
c4280000-c4300000 rw-p 00000000 00:00 0 
c4300000-c43fc000 rw-p 00000000 00:00 0 
c43fc000-c4400000 ---p 00000000 00:00 0 
c447f000-c4480000 ---p 00000000 00:00 0 
c4480000-c4500000 rw-p 00000000 00:00 0 
c4500000-c45f2000 rw-p 00000000 00:00 0 
c45f2000-c4600000 ---p 00000000 00:00 0 
c467f000-c4680000 ---p 00000000 00:00 0 
c4680000-c4700000 rw-p 00000000 00:00 0 
c4700000-c47fd000 rw-p 00000000 00:00 0 
c47fd000-c4800000 ---p 00000000 00:00 0 
c487f000-c4880000 ---p 00000000 00:00 0 
c4880000-c4b00000 rw-p 00000000 00:00 0 
c4b00000-c5100000 ---p 00000000 00:00 0 
c5100000-c5300000 rw-p 00000000 00:00 0 
c5300000-c5900000 ---p 00000000 00:00 0 
c5900000-c5940000 rw-p 00000000 00:00 0 
c5940000-c5a00000 ---p 00000000 00:00 0 
c5a00000-c5a40000 rw-p 00000000 00:00 0 
c5a40000-c5b00000 ---p 00000000 00:00 0 
c5b00000-c5b40000 rw-p 00000000 00:00 0 
c5b40000-c5c00000 ---p 00000000 00:00 0 
c5c00000-cdc00000 rw-p 00000000 00:00 0 
cdc00000-e5c00000 ---p 00000000 00:00 0 
e5c65000-e5c6a000 rw-p 00000000 00:00 0 
e5c6a000-e5d50000 ---p 00000000 00:00 0 
e5d50000-e6120000 rwxp 00000000 00:00 0 
e6120000-ed2ab000 ---p 00000000 00:00 0 
ed2ab000-ed4eb000 rwxp 00000000 00:00 0 
ed4eb000-ed7f5000 ---p 00000000 00:00 0 
ed7f5000-eda35000 rwxp 00000000 00:00 0 
eda35000-f4d50000 ---p 00000000 00:00 0 
f4d50000-f4eb8000 r--s 00000000 08:04 117534333                          /usr/lib/jvm/java-17-zulu-openjdk-jdk-x86/lib/modules
f4eb8000-f5d5a000 r-xp 00000000 08:04 143240869                          /usr/lib/jvm/java-17-zulu-openjdk-jdk-x86/lib/server/libjvm.so
f5d5a000-f5daf000 r--p 00ea1000 08:04 143240869                          /usr/lib/jvm/java-17-zulu-openjdk-jdk-x86/lib/server/libjvm.so
f5daf000-f5dd0000 rw-p 00ef6000 08:04 143240869                          /usr/lib/jvm/java-17-zulu-openjdk-jdk-x86/lib/server/libjvm.so
f5dd0000-f5e00000 rw-p 00000000 00:00 0 
f5e00000-f5f00000 rw-p 00000000 00:00 0 
f5f64000-f5f65000 ---p 00000000 00:00 0 
f5f65000-f5f69000 ---p 00000000 00:00 0 
f5f69000-f6add000 rw-p 00000000 00:00 0 
f6ae9000-f6afe000 r-xp 00000000 08:04 117534323                          /usr/lib/jvm/java-17-zulu-openjdk-jdk-x86/lib/libnet.so
f6afe000-f6aff000 r--p 00014000 08:04 117534323                          /usr/lib/jvm/java-17-zulu-openjdk-jdk-x86/lib/libnet.so
f6aff000-f6b00000 rw-p 00015000 08:04 117534323                          /usr/lib/jvm/java-17-zulu-openjdk-jdk-x86/lib/libnet.so
f6b00000-f6b08000 rw-p 00000000 00:00 0 
f6b08000-f6beb000 ---p 00000000 00:00 0 
f6e25000-f6e37000 r-xp 00000000 08:04 117534324                          /usr/lib/jvm/java-17-zulu-openjdk-jdk-x86/lib/libnio.so
f6e37000-f6e38000 r--p 00011000 08:04 117534324                          /usr/lib/jvm/java-17-zulu-openjdk-jdk-x86/lib/libnio.so
f6e38000-f6e39000 rw-p 00012000 08:04 117534324                          /usr/lib/jvm/java-17-zulu-openjdk-jdk-x86/lib/libnio.so
f6e39000-f6e62000 rw-p 00000000 00:00 0 
f6e62000-f6e85000 r-xp 00000000 08:04 117534310                          /usr/lib/jvm/java-17-zulu-openjdk-jdk-x86/lib/libjava.so
f6e85000-f6e86000 r--p 00022000 08:04 117534310                          /usr/lib/jvm/java-17-zulu-openjdk-jdk-x86/lib/libjava.so
f6e86000-f6e87000 rw-p 00023000 08:04 117534310                          /usr/lib/jvm/java-17-zulu-openjdk-jdk-x86/lib/libjava.so
f6e87000-f6e93000 r-xp 00000000 08:04 16831767                           /usr/lib/libnss_files-2.28.so
f6e93000-f6e94000 r--p 0000b000 08:04 16831767                           /usr/lib/libnss_files-2.28.so
f6e94000-f6e95000 rw-p 0000c000 08:04 16831767                           /usr/lib/libnss_files-2.28.so
f6e95000-f6e9b000 rw-p 00000000 00:00 0 
f6ea1000-f6ea6000 rw-p 00000000 00:00 0 
f6ea6000-f6eac000 ---p 00000000 00:00 0 
f6eac000-f6ec7000 r-xp 00000000 08:04 117534314                          /usr/lib/jvm/java-17-zulu-openjdk-jdk-x86/lib/libjimage.so
f6ec7000-f6ec8000 ---p 0001b000 08:04 117534314                          /usr/lib/jvm/java-17-zulu-openjdk-jdk-x86/lib/libjimage.so
f6ec8000-f6ec9000 r--p 0001b000 08:04 117534314                          /usr/lib/jvm/java-17-zulu-openjdk-jdk-x86/lib/libjimage.so
f6ec9000-f6eca000 rw-p 0001c000 08:04 117534314                          /usr/lib/jvm/java-17-zulu-openjdk-jdk-x86/lib/libjimage.so
f6eca000-f6ece000 rw-p 00000000 00:00 0 
f6ece000-f6f56000 r-xp 00000000 08:04 17191875                           /usr/lib/libpcre2-8.so.0.7.1
f6f56000-f6f57000 r--p 00087000 08:04 17191875                           /usr/lib/libpcre2-8.so.0.7.1
f6f57000-f6f58000 rw-p 00088000 08:04 17191875                           /usr/lib/libpcre2-8.so.0.7.1
f6f58000-f6f78000 r-xp 00000000 08:04 17021543                           /usr/lib/libcrypt.so.1.1.0
f6f78000-f6f79000 ---p 00020000 08:04 17021543                           /usr/lib/libcrypt.so.1.1.0
f6f79000-f6f7a000 r--p 00020000 08:04 17021543                           /usr/lib/libcrypt.so.1.1.0
f6f7a000-f6f83000 rw-p 00000000 00:00 0 
f6f83000-f6fae000 r-xp 00000000 08:04 17191887                           /usr/lib/libselinux.so.1
f6fae000-f6faf000 ---p 0002b000 08:04 17191887                           /usr/lib/libselinux.so.1
f6faf000-f6fb0000 r--p 0002b000 08:04 17191887                           /usr/lib/libselinux.so.1
f6fb0000-f6fb1000 rw-p 0002c000 08:04 17191887                           /usr/lib/libselinux.so.1
f6fb1000-f6fb2000 rw-p 00000000 00:00 0 
f6fb2000-f6fd1000 r-xp 00000000 08:04 18866589                           /usr/lib/libbrotlicommon.so.1.0.6
f6fd1000-f6fd2000 r--p 0001e000 08:04 18866589                           /usr/lib/libbrotlicommon.so.1.0.6
f6fd2000-f6fd3000 rw-p 0001f000 08:04 18866589                           /usr/lib/libbrotlicommon.so.1.0.6
f6fd3000-f6ff1000 r-xp 00000000 08:04 17191915                           /usr/lib/libsasl2.so.3.0.0
f6ff1000-f6ff2000 ---p 0001e000 08:04 17191915                           /usr/lib/libsasl2.so.3.0.0
f6ff2000-f6ff3000 r--p 0001e000 08:04 17191915                           /usr/lib/libsasl2.so.3.0.0
f6ff3000-f6ff4000 rw-p 0001f000 08:04 17191915                           /usr/lib/libsasl2.so.3.0.0
f6ff4000-f6ff6000 rw-p 00000000 00:00 0 
f6ff6000-f700a000 r-xp 00000000 08:04 16831772                           /usr/lib/libresolv-2.28.so
f700a000-f700b000 ---p 00014000 08:04 16831772                           /usr/lib/libresolv-2.28.so
f700b000-f700c000 r--p 00014000 08:04 16831772                           /usr/lib/libresolv-2.28.so
f700c000-f700d000 rw-p 00015000 08:04 16831772                           /usr/lib/libresolv-2.28.so
f700d000-f700f000 rw-p 00000000 00:00 0 
f700f000-f7012000 r-xp 00000000 08:04 17191893                           /usr/lib/libkeyutils.so.1.6
f7012000-f7013000 ---p 00003000 08:04 17191893                           /usr/lib/libkeyutils.so.1.6
f7013000-f7014000 r--p 00003000 08:04 17191893                           /usr/lib/libkeyutils.so.1.6
f7014000-f7015000 rw-p 00000000 00:00 0 
f7015000-f7025000 r-xp 00000000 08:04 17021560                           /usr/lib/libkrb5support.so.0.1
f7025000-f7026000 r--p 0000f000 08:04 17021560                           /usr/lib/libkrb5support.so.0.1
f7026000-f7027000 rw-p 00010000 08:04 17021560                           /usr/lib/libkrb5support.so.0.1
f7027000-f702f000 r-xp 00000000 08:04 16831774                           /usr/lib/librt-2.28.so
f702f000-f7030000 r--p 00007000 08:04 16831774                           /usr/lib/librt-2.28.so
f7030000-f7031000 rw-p 00008000 08:04 16831774                           /usr/lib/librt-2.28.so
f7031000-f71b0000 r-xp 00000000 08:04 17021545                           /usr/lib/libunistring.so.2.1.0
f71b0000-f71b1000 ---p 0017f000 08:04 17021545                           /usr/lib/libunistring.so.2.1.0
f71b1000-f71b3000 r--p 0017f000 08:04 17021545                           /usr/lib/libunistring.so.2.1.0
f71b3000-f71b4000 rw-p 00181000 08:04 17021545                           /usr/lib/libunistring.so.2.1.0
f71b4000-f71de000 r-xp 00000000 08:04 18654292                           /usr/lib/liblzma.so.5.2.4
f71de000-f71df000 r--p 00029000 08:04 18654292                           /usr/lib/liblzma.so.5.2.4
f71df000-f71e0000 rw-p 00000000 00:00 0 
f71e0000-f71ec000 r-xp 00000000 08:04 17191936                           /usr/lib/libbrotlidec.so.1.0.6
f71ec000-f71ed000 r--p 0000b000 08:04 17191936                           /usr/lib/libbrotlidec.so.1.0.6
f71ed000-f71ee000 rw-p 00000000 00:00 0 
f71ee000-f71fd000 r-xp 00000000 08:04 17191918                           /usr/lib/liblber-2.4.so.2.10.9
f71fd000-f71fe000 r--p 0000e000 08:04 17191918                           /usr/lib/liblber-2.4.so.2.10.9
f71fe000-f71ff000 rw-p 0000f000 08:04 17191918                           /usr/lib/liblber-2.4.so.2.10.9
f71ff000-f7254000 r-xp 00000000 08:04 17191920                           /usr/lib/libldap-2.4.so.2.10.9
f7254000-f7255000 ---p 00055000 08:04 17191920                           /usr/lib/libldap-2.4.so.2.10.9
f7255000-f7256000 r--p 00055000 08:04 17191920                           /usr/lib/libldap-2.4.so.2.10.9
f7256000-f7257000 rw-p 00056000 08:04 17191920                           /usr/lib/libldap-2.4.so.2.10.9
f7257000-f7259000 rw-p 00000000 00:00 0 
f7259000-f725c000 r-xp 00000000 08:04 16994899                           /usr/lib/libcom_err.so.2.1
f725c000-f725d000 r--p 00002000 08:04 16994899                           /usr/lib/libcom_err.so.2.1
f725d000-f725e000 rw-p 00003000 08:04 16994899                           /usr/lib/libcom_err.so.2.1
f725e000-f7274000 r-xp 00000000 08:04 17021552                           /usr/lib/libk5crypto.so.3.1
f7274000-f7275000 ---p 00016000 08:04 17021552                           /usr/lib/libk5crypto.so.3.1
f7275000-f7276000 r--p 00016000 08:04 17021552                           /usr/lib/libk5crypto.so.3.1
f7276000-f7277000 rw-p 00017000 08:04 17021552                           /usr/lib/libk5crypto.so.3.1
f7277000-f735a000 r-xp 00000000 08:04 17021558                           /usr/lib/libkrb5.so.3.3
f735a000-f7361000 r--p 000e2000 08:04 17021558                           /usr/lib/libkrb5.so.3.3
f7361000-f7362000 rw-p 000e9000 08:04 17021558                           /usr/lib/libkrb5.so.3.3
f7362000-f73bd000 r-xp 00000000 08:04 17021548                           /usr/lib/libgssapi_krb5.so.2.2
f73bd000-f73bf000 r--p 0005a000 08:04 17021548                           /usr/lib/libgssapi_krb5.so.2.2
f73bf000-f73c0000 rw-p 0005c000 08:04 17021548                           /usr/lib/libgssapi_krb5.so.2.2
f73c0000-f7671000 r-xp 00000000 08:04 18627877                           /usr/lib/libcrypto.so.1.1.1k
f7671000-f768a000 r--p 002b0000 08:04 18627877                           /usr/lib/libcrypto.so.1.1.1k
f768a000-f768c000 rw-p 002c9000 08:04 18627877                           /usr/lib/libcrypto.so.1.1.1k
f768c000-f7690000 rw-p 00000000 00:00 0 
f7690000-f7722000 r-xp 00000000 08:04 18627879                           /usr/lib/libssl.so.1.1.1k
f7722000-f7728000 r--p 00091000 08:04 18627879                           /usr/lib/libssl.so.1.1.1k
f7728000-f772c000 rw-p 00097000 08:04 18627879                           /usr/lib/libssl.so.1.1.1k
f772c000-f773c000 r-xp 00000000 08:04 18660120                           /usr/lib/libpsl.so.5.3.1
f773c000-f773d000 r--p 0000f000 08:04 18660120                           /usr/lib/libpsl.so.5.3.1
f773d000-f773e000 rw-p 00000000 00:00 0 
f773e000-f77bb000 r-xp 00000000 08:04 16994901                           /usr/lib/libssh.so.4.8.7
f77bb000-f77bc000 ---p 0007d000 08:04 16994901                           /usr/lib/libssh.so.4.8.7
f77bc000-f77bd000 r--p 0007d000 08:04 16994901                           /usr/lib/libssh.so.4.8.7
f77bd000-f77be000 rw-p 0007e000 08:04 16994901                           /usr/lib/libssh.so.4.8.7
f77be000-f77db000 r-xp 00000000 08:04 17040588                           /usr/lib/libidn2.so.0.3.6
f77db000-f77dc000 r--p 0001c000 08:04 17040588                           /usr/lib/libidn2.so.0.3.6
f77dc000-f77dd000 rw-p 00000000 00:00 0 
f77dd000-f7805000 r-xp 00000000 08:04 17191891                           /usr/lib/libnghttp2.so.14.17.0
f7805000-f7806000 r--p 00027000 08:04 17191891                           /usr/lib/libnghttp2.so.14.17.0
f7806000-f7808000 rw-p 00028000 08:04 17191891                           /usr/lib/libnghttp2.so.14.17.0
f7808000-f79aa000 r-xp 00000000 08:04 16831756                           /usr/lib/libc-2.28.so
f79aa000-f79ab000 ---p 001a2000 08:04 16831756                           /usr/lib/libc-2.28.so
f79ab000-f79ad000 r--p 001a2000 08:04 16831756                           /usr/lib/libc-2.28.so
f79ad000-f79ae000 rw-p 001a4000 08:04 16831756                           /usr/lib/libc-2.28.so
f79ae000-f79b3000 rw-p 00000000 00:00 0 
f79b3000-f79ce000 r-xp 00000000 08:04 16985139                           /usr/lib/libgcc_s-8-20210514.so.1
f79ce000-f79cf000 r--p 0001a000 08:04 16985139                           /usr/lib/libgcc_s-8-20210514.so.1
f79cf000-f79d0000 rw-p 0001b000 08:04 16985139                           /usr/lib/libgcc_s-8-20210514.so.1
f79d0000-f7aa0000 r-xp 00000000 08:04 16831760                           /usr/lib/libm-2.28.so
f7aa0000-f7aa1000 r--p 000cf000 08:04 16831760                           /usr/lib/libm-2.28.so
f7aa1000-f7aa2000 rw-p 000d0000 08:04 16831760                           /usr/lib/libm-2.28.so
f7aa2000-f7c2b000 r-xp 00000000 08:04 16985145                           /usr/lib/libstdc++.so.6.0.25
f7c2b000-f7c2c000 ---p 00189000 08:04 16985145                           /usr/lib/libstdc++.so.6.0.25
f7c2c000-f7c32000 r--p 00189000 08:04 16985145                           /usr/lib/libstdc++.so.6.0.25
f7c32000-f7c33000 rw-p 0018f000 08:04 16985145                           /usr/lib/libstdc++.so.6.0.25
f7c33000-f7c35000 rw-p 00000000 00:00 0 
f7c35000-f7c4c000 r-xp 00000000 08:04 16963437                           /usr/lib/libz.so.1.2.11
f7c4c000-f7c4d000 ---p 00017000 08:04 16963437                           /usr/lib/libz.so.1.2.11
f7c4d000-f7c4e000 r--p 00017000 08:04 16963437                           /usr/lib/libz.so.1.2.11
f7c4e000-f7c4f000 rw-p 00000000 00:00 0 
f7c4f000-f7dcc000 r-xp 00000000 08:04 16963397                           /usr/lib/libxml2.so.2.9.7
f7dcc000-f7dd1000 r--p 0017c000 08:04 16963397                           /usr/lib/libxml2.so.2.9.7
f7dd1000-f7dd2000 rw-p 00181000 08:04 16963397                           /usr/lib/libxml2.so.2.9.7
f7dd2000-f7dd3000 rw-p 00000000 00:00 0 
f7dd3000-f7def000 r-xp 00000000 08:04 16831770                           /usr/lib/libpthread-2.28.so
f7def000-f7df0000 r--p 0001b000 08:04 16831770                           /usr/lib/libpthread-2.28.so
f7df0000-f7df1000 rw-p 0001c000 08:04 16831770                           /usr/lib/libpthread-2.28.so
f7df1000-f7df3000 rw-p 00000000 00:00 0 
f7df3000-f7e67000 r-xp 00000000 08:04 16818911                           /usr/lib/libpcre.so.1.2.10
f7e67000-f7e68000 ---p 00074000 08:04 16818911                           /usr/lib/libpcre.so.1.2.10
f7e68000-f7e69000 r--p 00074000 08:04 16818911                           /usr/lib/libpcre.so.1.2.10
f7e69000-f7e6a000 rw-p 00075000 08:04 16818911                           /usr/lib/libpcre.so.1.2.10
f7e6a000-f7e6d000 r-xp 00000000 08:04 16831758                           /usr/lib/libdl-2.28.so
f7e6d000-f7e6e000 r--p 00002000 08:04 16831758                           /usr/lib/libdl-2.28.so
f7e6e000-f7e6f000 rw-p 00003000 08:04 16831758                           /usr/lib/libdl-2.28.so
f7e6f000-f7f0c000 r-xp 00000000 08:04 16994905                           /usr/lib/libcurl.so.4.5.0
f7f0c000-f7f0e000 r--p 0009c000 08:04 16994905                           /usr/lib/libcurl.so.4.5.0
f7f0e000-f7f0f000 rw-p 0009e000 08:04 16994905                           /usr/lib/libcurl.so.4.5.0
f7f0f000-f7f16000 r--s 00000000 08:04 176632422                          /usr/lib/gconv/gconv-modules.cache
f7f16000-f7f1e000 rw-s 00000000 08:04 151635567                          /tmp/hsperfdata_almalinux/20960 (deleted)
f7f1e000-f7f1f000 ---p 00000000 00:00 0 
f7f1f000-f7f20000 r--p 00000000 00:00 0 
f7f20000-f7f22000 rw-p 00000000 00:00 0 
f7f22000-f7f26000 r--p 00000000 00:00 0                                  [vvar]
f7f26000-f7f28000 r-xp 00000000 00:00 0                                  [vdso]
f7f28000-f7f57000 r-xp 00000000 08:04 16831749                           /usr/lib/ld-2.28.so
f7f57000-f7f58000 ---p 00000000 00:00 0 
f7f58000-f7f59000 r--p 0002f000 08:04 16831749                           /usr/lib/ld-2.28.so
f7f59000-f7f5a000 rw-p 00030000 08:04 16831749                           /usr/lib/ld-2.28.so
ffa6f000-ffa70000 rwxp 00000000 00:00 0 
ffb78000-ffc34000 rw-p 00000000 00:00 0                                  [stack]


VM Arguments:
jvm_args: -Xms128m -Xmx512m -Xss768k -XX:MaxMetaspaceSize=96m -Xrs -XX:-UsePerfData -XX:-AllowUserSignalHandlers -XX:UseSSE=3 -XX+DoEscapeAnalysis -XX:AutoBoxCacheMax:2000 -XX:+OptimizeStringConcat -XX:+OptimizeFill -XX:+EliminateAutoBox -XX:+UseCompressedStrings -XX:+UseCompressedOops -XX:+EliminateLocks -XX:UseFastAccessorMethods -XX:+UseStringCache -XgcPrio:throughput -XXkeepAreaRatio:1 -XXlazyUnlocking -XXcallProfiling -XXcompactRatio:1 
java_command: <unknown>
java_class_path (initial): ../../data/sku.0/sys.server/compiled/game/
Launcher Type: generic

[Global flags]
     intx CICompilerCount                          = 3                                         {product} {ergonomic}
     uint ConcGCThreads                            = 1                                         {product} {ergonomic}
     uint G1ConcRefinementThreads                  = 4                                         {product} {ergonomic}
   size_t G1HeapRegionSize                         = 1048576                                   {product} {ergonomic}
    uintx GCDrainStackTargetSize                   = 64                                        {product} {ergonomic}
   size_t InitialHeapSize                          = 134217728                                 {product} {command line}
   size_t MarkStackSize                            = 32768                                     {product} {ergonomic}
   size_t MaxHeapSize                              = 536870912                                 {product} {command line}
   size_t MaxMetaspaceSize                         = 100663296                                 {product} {command line}
   size_t MaxNewSize                               = 321912832                                 {product} {ergonomic}
   size_t MinHeapDeltaBytes                        = 1048576                                   {product} {ergonomic}
   size_t MinHeapSize                              = 134217728                                 {product} {command line}
    uintx NonNMethodCodeHeapSize                   = 5544422                                {pd product} {ergonomic}
    uintx NonProfiledCodeHeapSize                  = 123056909                              {pd product} {ergonomic}
    uintx ProfiledCodeHeapSize                     = 123056909                              {pd product} {ergonomic}
    uintx ReservedCodeCacheSize                    = 251658240                              {pd product} {ergonomic}
     bool SegmentedCodeCache                       = true                                      {product} {ergonomic}
   size_t SoftMaxHeapSize                          = 536870912                              {manageable} {ergonomic}
   double SweeperThreshold                         = 0.500000                                  {product} {ergonomic}
     intx ThreadStackSize                          = 768                                    {pd product} {command line}
     bool UseG1GC                                  = true                                      {product} {ergonomic}

Logging:
Log output configuration:
 #0: stdout all=off uptime,level,tags
 #1: stderr all=off uptime,level,tags

Environment Variables:
JAVA_HOME=/usr/lib/jvm/zulu-17-x86
PATH=/usr/java/jdk1.7.0_80/bin:/usr/java/jdk1.7.0_80/bin:/usr/java/jdk1.6.0_45/bin:/usr/java/jdk1.6.0_45/bin:/usr/java/jdk1.6.0_45/bin:/home/almalinux/.local/bin:/home/almalinux/bin:/sbin:/bin:/usr/bin:/usr/local/bin:/usr/local/sbin:/usr/sbin:/usr/lib/oracle/18.3/client/bin:/usr/lib/oracle/18.3/client/bin:/usr/lib/jvm/java-11-openjdk/bin:./
LD_LIBRARY_PATH=/usr/lib/jvm/java-17-zulu-openjdk-jdk-x86/lib/server:/usr/lib/jvm/java-17-zulu-openjdk-jdk-x86/lib:/usr/lib/jvm/java-17-zulu-openjdk-jdk-x86/../lib:/usr/lib/jvm/zulu-17-x86/lib/server:/usr/lib/jvm/java-11-openjdk/lib:/usr/lib/jvm/java-11-openjdk/lib/server:./
SHELL=/bin/bash
DISPLAY=:10.0
LANG=en_US.UTF-8
TERM=xterm-256color

Active Locale:
LC_ALL=en_US.UTF-8
LC_COLLATE=en_US.UTF-8
LC_CTYPE=en_US.UTF-8
LC_MESSAGES=en_US.UTF-8
LC_MONETARY=en_US.UTF-8
LC_NUMERIC=en_US.UTF-8
LC_TIME=en_US.UTF-8

Signal Handlers:
   SIGSEGV: crash_handler in libjvm.so, mask=11100100010111111101111111111110, flags=SA_RESTART|SA_SIGINFO, unblocked
    SIGBUS: crash_handler in libjvm.so, mask=11100100010111111101111111111110, flags=SA_RESTART|SA_SIGINFO, unblocked
    SIGFPE: crash_handler in libjvm.so, mask=11100100010111111101111111111110, flags=SA_RESTART|SA_SIGINFO, unblocked
   SIGPIPE: SIG_IGN, mask=00000000000010000000000000000000, flags=SA_RESTART, blocked
  *** Handler was modified!
  *** Expected: javaSignalHandler in libjvm.so, mask=11100100110111111111111111111110, flags=SA_RESTART|SA_SIGINFO
   SIGXFSZ: javaSignalHandler in libjvm.so, mask=11100100010111111101111111111110, flags=SA_RESTART|SA_SIGINFO, blocked
    SIGILL: crash_handler in libjvm.so, mask=11100100010111111101111111111110, flags=SA_RESTART|SA_SIGINFO, unblocked
   SIGUSR2: SR_handler in libjvm.so, mask=00100000000000000000000000000000, flags=SA_RESTART|SA_SIGINFO, blocked
    SIGHUP: UserHandler in libjvm.so, mask=11100100010111111101111111111110, flags=SA_RESTART|SA_SIGINFO, blocked
    SIGINT: UserHandler in libjvm.so, mask=11100100010111111101111111111110, flags=SA_RESTART|SA_SIGINFO, blocked
   SIGTERM: UserHandler in libjvm.so, mask=11100100010111111101111111111110, flags=SA_RESTART|SA_SIGINFO, blocked
   SIGQUIT: UserHandler in libjvm.so, mask=11100100010111111101111111111110, flags=SA_RESTART|SA_SIGINFO, blocked
   SIGTRAP: crash_handler in libjvm.so, mask=11100100010111111101111111111110, flags=SA_RESTART|SA_SIGINFO, unblocked


Periodic native trim disabled


---------------  S Y S T E M  ---------------

OS:
AlmaLinux release 8.10 (Cerulean Leopard)
uname: Linux 4.18.0-553.81.1.el8_10.x86_64 #1 SMP Mon Oct 27 11:29:19 EDT 2025 x86_64
OS uptime: 0 days 3:13 hours
libc: glibc 2.28 NPTL 2.28 
rlimit (soft/hard): STACK 8192k/infinity , CORE 0k/infinity , NPROC 61995/61995 , NOFILE 262144/262144 , AS infinity/infinity , CPU infinity/infinity , DATA infinity/infinity , FSIZE infinity/infinity , MEMLOCK 64k/64k
load average: 45.76 44.08 41.34

/proc/meminfo:
MemTotal:       16014448 kB
MemFree:         7393032 kB
MemAvailable:    8045792 kB
Buffers:              32 kB
Cached:          2029876 kB
SwapCached:        16152 kB
Active:          1987232 kB
Inactive:        5843328 kB
Active(anon):    1629428 kB
Inactive(anon):  5656284 kB
Active(file):     357804 kB
Inactive(file):   187044 kB
Unevictable:        3088 kB
Mlocked:               0 kB
SwapTotal:       8388604 kB
SwapFree:        7523144 kB
Dirty:               288 kB
Writeback:             0 kB
AnonPages:       5792828 kB
Mapped:           993260 kB
Shmem:           1484652 kB
KReclaimable:     284956 kB
Slab:             472412 kB
SReclaimable:     284956 kB
SUnreclaim:       187456 kB
KernelStack:       19600 kB
PageTables:       132584 kB
NFS_Unstable:          0 kB
Bounce:                0 kB
WritebackTmp:          0 kB
CommitLimit:    16395828 kB
Committed_AS:   18067888 kB
VmallocTotal:   34359738367 kB
VmallocUsed:       65476 kB
VmallocChunk:          0 kB
Percpu:             2688 kB
HardwareCorrupted:     0 kB
AnonHugePages:         0 kB
ShmemHugePages:        0 kB
ShmemPmdMapped:        0 kB
FileHugePages:         0 kB
FilePmdMapped:         0 kB
HugePages_Total:       0
HugePages_Free:        0
HugePages_Rsvd:        0
HugePages_Surp:        0
Hugepagesize:       2048 kB
Hugetlb:               0 kB
DirectMap4k:      911212 kB
DirectMap2M:    15472640 kB

/sys/kernel/mm/transparent_hugepage/enabled: always madvise [never]
/sys/kernel/mm/transparent_hugepage/hpage_pmd_size: 2097152
/sys/kernel/mm/transparent_hugepage/defrag (defrag/compaction efforts parameter): always defer defer+madvise [madvise] never

Process Memory:
Virtual Size: 1108636K (peak: 1125520K)
Resident Set Size: 324880K (peak: 353648K) (anon: 306128K, file: 18752K, shmem: 0K)
Swapped out: 0K
C-Heap outstanding allocations: 23143K, retained: 175040K
glibc malloc tunables: (default)

/proc/sys/kernel/threads-max (system-wide limit on the number of threads): 123991
/proc/sys/vm/max_map_count (maximum number of memory map areas a process may have): 1677720
/proc/sys/kernel/pid_max (system-wide limit on number of process identifiers): 4194304

container (cgroup) information:
container_type: cgroupv1
cpu_cpuset_cpus: 0-3
cpu_memory_nodes: 0
active_processor_count: 4
cpu_quota: no quota
cpu_period: 100000
cpu_shares: no shares
memory_limit_in_bytes: unlimited
memory_and_swap_limit_in_bytes: unlimited
memory_soft_limit_in_bytes: unlimited
memory_usage_in_bytes: 7445396 k
memory_max_usage_in_bytes: 14692824 k
kernel_memory_usage_in_bytes: 193992 k
kernel_memory_max_usage_in_bytes: unlimited
kernel_memory_limit_in_bytes: 683244 k
maximum number of tasks: unlimited
current number of tasks: 509

KVM virtualization detected
Steal ticks since vm start: 323
Steal ticks percentage since vm start:  0.000

CPU: total 4 (initial active 4) (1 cores per cpu, 1 threads per core) family 6 model 60 stepping 1 microcode 0x1, cx8, cmov, fxsr, mmx, sse, sse2, sse3, ssse3, sse4.1, sse4.2, popcnt, lzcnt, tsc, avx, avx2, aes, erms, clmul, bmi1, bmi2, fma, vzeroupper, clflush, hv
CPU Model and flags from /proc/cpuinfo:
model name	: Intel Core Processor (Haswell, no TSX)
flags		: fpu vme de pse tsc msr pae mce cx8 apic sep mtrr pge mca cmov pat pse36 clflush mmx fxsr sse sse2 syscall nx rdtscp lm constant_tsc rep_good nopl xtopology cpuid tsc_known_freq pni pclmulqdq vmx ssse3 fma cx16 pcid sse4_1 sse4_2 x2apic movbe popcnt tsc_deadline_timer aes xsave avx f16c rdrand hypervisor lahf_lm abm cpuid_fault invpcid_single pti tpr_shadow vnmi flexpriority ept vpid ept_ad fsgsbase bmi1 avx2 smep bmi2 erms invpcid xsaveopt arat md_clear

Online cpus: 0-3
Offline cpus: 
BIOS frequency limitation: <Not Available>
Frequency switch latency (ns): <Not Available>
Available cpu frequencies: <Not Available>
Current governor: <Not Available>
Core performance/turbo boost: <Not Available>

Memory: 4k page, physical 16014448k(7394404k free), swap 8388604k(7523144k free)
Page Sizes: 4k

vm_info: OpenJDK Server VM (17.0.11+9-LTS) for linux-x86 JRE (17.0.11+9-LTS) (Zulu17.50+19-CA), built on Apr  9 2024 07:14:46 by "zulu_re" with gcc 8.3.0

END.
