#
# A fatal error has been detected by the Java Runtime Environment:
#
#  SIGSEGV (0xb) at pc=0xf7889618, pid=1433295, tid=1433295
#
# JRE version: OpenJDK Runtime Environment Zulu17.50+19-CA (17.0.11+9) (build 17.0.11+9-LTS)
# Java VM: OpenJDK Server VM Zulu17.50+19-CA (17.0.11+9-LTS, mixed mode, sharing, tiered, g1 gc, linux-x86)
# Problematic frame:
# C  [libc.so.6+0x84618]  cfree+0x28
#
# Core dump will be written. Default location: Core dumps may be processed with "/usr/lib/systemd/systemd-coredump %P %u %g %s %t %c %h %e" (or dumping to /home/almalinux/swg-returns-nge/exe/linux/core.1433295)
#
# If you would like to submit a bug report, please visit:
#   http://www.azul.com/support/
#

---------------  S U M M A R Y ------------

Command Line: -Xms128m -Xmx512m -Xss768k -XX:MaxMetaspaceSize=96m -Xrs -XX:-UsePerfData -XX:-AllowUserSignalHandlers -XX:UseSSE=3 -XX+DoEscapeAnalysis -XX:AutoBoxCacheMax:2000 -XX:+OptimizeStringConcat -XX:+OptimizeFill -XX:+EliminateAutoBox -XX:+UseCompressedStrings -XX:+UseCompressedOops -XX:+EliminateLocks -XX:UseFastAccessorMethods -XX:+UseStringCache -XgcPrio:throughput -XXkeepAreaRatio:1 -XXlazyUnlocking -XXcallProfiling -XXcompactRatio:1 

Host: Intel Core Processor (Haswell, no TSX), 4 cores, 15G, AlmaLinux release 8.10 (Cerulean Leopard)
Time: Sun Jan 25 20:28:29 2026 UTC elapsed time: 101.615290 seconds (0d 0h 1m 41s)

---------------  T H R E A D  ---------------

Current thread is native thread

Stack: [0xff81d000,0xff8dd000],  sp=0xff8dac20,  free space=759k
Native frames: (J=compiled Java code, j=interpreted, Vv=VM code, C=native code)
C  [libc.so.6+0x84618]  cfree+0x28


siginfo: si_signo: 11 (SIGSEGV), si_code: 1 (SEGV_MAPERR), si_addr: 0x00000003

Registers:
EAX=0x00000000, EBX=0x00000007, ECX=0xf6ec784c, EDX=0x0a039e58
ESP=0xff8dac20, EBP=0xff8dad58, ESI=0xf79aa000, EDI=0x00000000
EIP=0xf7889618, EFLAGS=0x00210202, CR2=0x0000000000000003


Top of Stack: (sp=0xff8dac20)
0xff8dac20:   09cbd000 00000000 ff8dad58 f7b16f1c
0xff8dac30:   09cbd090 f7c2da04 0a039e30 f7b16f1c
0xff8dac40:   00000007 f7b16f0a f7c2da04 f7b16f4c
0xff8dac50:   09cbd090 f7b16f0a 0a03dbd0 085b6163
0xff8dac60:   00000007 09cbd000 09cbcd10 085bb8d1
0xff8dac70:   09cbd000 09cbcd10 00000000 085bb89b
0xff8dac80:   0b4d66d0 ff8daca7 ff8daccc 085c6969
0xff8dac90:   087d6c00 ff8daccc ff8dad58 084fc53b
0xff8daca0:   00000014 00010002 00000000 00000000
0xff8dacb0:   01010100 00000001 09aa44c0 00000000
0xff8dacc0:   00000000 00000000 00000000 00000000
0xff8dacd0:   00000000 00000015 ff8dae28 f783a6ff
0xff8dace0:   f79aa41c 47677753 53656d61 65767265
0xff8dacf0:   34313a72 39323333 09290035 0a01f1f0
0xff8dad00:   08ea0100 08ebc230 08ea5888 f79aa41c
0xff8dad10:   00000428 00000420 f783a779 085758fd
0xff8dad20:   08ea2a80 09b1ea78 08ea5888 08574f56
0xff8dad30:   0929a2c4 0929a2c4 ff8dae28 08ea583b
0xff8dad40:   0000000c ff8dadf4 ff8dad70 f79aa000
0xff8dad50:   00000000 08575910 00000000 f7822f26
0xff8dad60:   00000000 08575910 00000000 f7822f26
0xff8dad70:   0000000c ff8dadf4 ff8dae28 ff8dad94
0xff8dad80:   0929a2d0 00000000 ff8dae28 f79aa000
0xff8dad90:   f781275c f79aa000 00000000 08575910
0xff8dada0:   00000000 33e0f09f 2ce7d88f 00000000
0xff8dadb0:   00000000 00000000 f7f294d0 f7822e30
0xff8dadc0:   084fc260 0929a2c4 0000000c 08575946
0xff8dadd0:   084fc260 0000000c ff8dadf4 08ea57f0
0xff8dade0:   08ea5850 f7f294d0 ff8dadec f7f56970
0xff8dadf0:   0000000c ff8db632 ff8db644 ff8db647
0xff8dae00:   ff8db659 ff8db65c ff8db667 ff8db68b
0xff8dae10:   ff8db69b ff8db6ac ff8db6cd ff8db6d0 

Instructions: (pc=0xf7889618)
0xf7889518:   50 8d 96 86 f7 fa ff 8d 86 d0 2f fb ff e8 c6 b7
0xf7889528:   ff ff 8d b6 00 00 00 00 bb 20 00 00 00 e9 5e fe
0xf7889538:   ff ff e8 a1 c0 ff ff 89 c5 85 c0 0f 85 68 ff ff
0xf7889548:   ff 31 d2 8d 44 3b 10 e8 8c c1 ff ff 89 da 89 f9
0xf7889558:   89 c5 e8 11 f0 ff ff 89 c2 85 c0 75 1b 85 ed 74
0xf7889568:   17 90 89 fa 89 e8 e8 bd c5 ff ff 89 da 89 f9 89
0xf7889578:   c5 e8 f2 ef ff ff 89 c2 85 ed 0f 84 57 ff ff ff
0xf7889588:   e9 39 ff ff ff 8d 86 b8 31 fb ff 83 ec 0c b9 25
0xf7889598:   0d 00 00 50 8d 96 86 f7 fa ff 8d 86 74 2f fb ff
0xf78895a8:   e8 43 b7 ff ff 8d 76 00 f3 0f 1e fb e8 0a 9a f9
0xf78895b8:   ff 05 47 0a 12 00 56 53 83 ec 04 8b 5c 24 10 8b
0xf78895c8:   74 24 14 8b 80 50 ff ff ff c7 00 00 00 00 00 e8
0xf78895d8:   54 bb ff ff 8b 4c 24 0c 83 c4 04 89 f2 89 d8 5b
0xf78895e8:   5e e9 42 fd ff ff 66 90 f3 0f 1e fb 56 e8 9a 9b
0xf78895f8:   f9 ff 81 c6 06 0a 12 00 53 83 ec 14 8b 5c 24 20
0xf7889608:   8b 86 5c ff ff ff 8b 00 85 c0 75 6c 85 db 74 75
0xf7889618:   8b 4b fc 8d 53 f8 f6 c1 02 75 35 8b 86 70 fe ff
0xf7889628:   ff 65 8b 00 85 c0 0f 84 8c 00 00 00 83 e1 04 8d
0xf7889638:   86 60 07 00 00 74 09 89 d0 25 00 00 f0 ff 8b 00
0xf7889648:   83 c4 14 31 c9 5b 5e e9 8c cb ff ff 8d 74 26 00
0xf7889658:   8b 9e 60 01 00 00 85 db 75 10 3b 8e 48 01 00 00
0xf7889668:   76 08 81 f9 00 00 08 00 76 26 83 c4 14 89 d0 5b
0xf7889678:   5e e9 92 b8 ff ff 66 90 83 ec 08 ff 74 24 24 53
0xf7889688:   ff d0 83 c4 10 83 c4 14 5b 5e c3 8d 74 26 00 90
0xf7889698:   39 96 80 1d 00 00 77 08 39 96 7c 1d 00 00 77 ca
0xf78896a8:   83 e1 f8 8d 04 09 89 8e 48 01 00 00 89 86 40 01
0xf78896b8:   00 00 90 eb b5 8d 76 00 8b 86 74 fe ff ff 65 80
0xf78896c8:   38 00 0f 85 64 ff ff ff 89 54 24 0c e8 97 ed ff
0xf78896d8:   ff 8b 4b fc 8b 54 24 0c e9 4f ff ff ff 8d b4 26
0xf78896e8:   00 00 00 00 8d 74 26 00 f3 0f 1e fb 55 57 56 e8
0xf78896f8:   98 9a f9 ff 81 c6 04 09 12 00 53 83 ec 0c 8b 86
0xf7889708:   70 fe ff ff 8b 96 74 fe ff ff 65 8b 28 65 c6 02 



---------------  P R O C E S S  ---------------

VM state: at safepoint (shutting down)

VM Mutex/Monitor currently owned by a thread:  ([mutex/lock_event])
[0xf5e21d30] Threads_lock - owner thread: 0xc4194cf0

GC Precious Log:
<Skipped>

Heap:
 garbage-first heap   total 131072K, used 12720K [0xc5c00000, 0xe5c00000)
  region size 1024K, 13 young (13312K), 2 survivors (2048K)
 Metaspace       used 3797K, committed 4096K, reserved 16384K

Heap Regions: E=young(eden), S=young(survivor), O=old, HS=humongous(starts), HC=humongous(continues), CS=collection set, F=free, OA=open archive, CA=closed archive, TAMS=top-at-mark-start (previous, next)
|   0|0xc5c00000, 0xc5c6ba00, 0xc5d00000| 42%| O|  |TAMS 0xc5c00000, 0xc5c00000| Untracked 
|   1|0xc5d00000, 0xc5d00000, 0xc5e00000|  0%| F|  |TAMS 0xc5d00000, 0xc5d00000| Untracked 
|   2|0xc5e00000, 0xc5e00000, 0xc5f00000|  0%| F|  |TAMS 0xc5e00000, 0xc5e00000| Untracked 
|   3|0xc5f00000, 0xc5f00000, 0xc6000000|  0%| F|  |TAMS 0xc5f00000, 0xc5f00000| Untracked 
|   4|0xc6000000, 0xc6000000, 0xc6100000|  0%| F|  |TAMS 0xc6000000, 0xc6000000| Untracked 
|   5|0xc6100000, 0xc6100000, 0xc6200000|  0%| F|  |TAMS 0xc6100000, 0xc6100000| Untracked 
|   6|0xc6200000, 0xc6200000, 0xc6300000|  0%| F|  |TAMS 0xc6200000, 0xc6200000| Untracked 
|   7|0xc6300000, 0xc6300000, 0xc6400000|  0%| F|  |TAMS 0xc6300000, 0xc6300000| Untracked 
|   8|0xc6400000, 0xc6400000, 0xc6500000|  0%| F|  |TAMS 0xc6400000, 0xc6400000| Untracked 
|   9|0xc6500000, 0xc6500000, 0xc6600000|  0%| F|  |TAMS 0xc6500000, 0xc6500000| Untracked 
|  10|0xc6600000, 0xc6600000, 0xc6700000|  0%| F|  |TAMS 0xc6600000, 0xc6600000| Untracked 
|  11|0xc6700000, 0xc6700000, 0xc6800000|  0%| F|  |TAMS 0xc6700000, 0xc6700000| Untracked 
|  12|0xc6800000, 0xc6800000, 0xc6900000|  0%| F|  |TAMS 0xc6800000, 0xc6800000| Untracked 
|  13|0xc6900000, 0xc6900000, 0xc6a00000|  0%| F|  |TAMS 0xc6900000, 0xc6900000| Untracked 
|  14|0xc6a00000, 0xc6a00000, 0xc6b00000|  0%| F|  |TAMS 0xc6a00000, 0xc6a00000| Untracked 
|  15|0xc6b00000, 0xc6b00000, 0xc6c00000|  0%| F|  |TAMS 0xc6b00000, 0xc6b00000| Untracked 
|  16|0xc6c00000, 0xc6c00000, 0xc6d00000|  0%| F|  |TAMS 0xc6c00000, 0xc6c00000| Untracked 
|  17|0xc6d00000, 0xc6d00000, 0xc6e00000|  0%| F|  |TAMS 0xc6d00000, 0xc6d00000| Untracked 
|  18|0xc6e00000, 0xc6e00000, 0xc6f00000|  0%| F|  |TAMS 0xc6e00000, 0xc6e00000| Untracked 
|  19|0xc6f00000, 0xc6f00000, 0xc7000000|  0%| F|  |TAMS 0xc6f00000, 0xc6f00000| Untracked 
|  20|0xc7000000, 0xc7000000, 0xc7100000|  0%| F|  |TAMS 0xc7000000, 0xc7000000| Untracked 
|  21|0xc7100000, 0xc7100000, 0xc7200000|  0%| F|  |TAMS 0xc7100000, 0xc7100000| Untracked 
|  22|0xc7200000, 0xc7200000, 0xc7300000|  0%| F|  |TAMS 0xc7200000, 0xc7200000| Untracked 
|  23|0xc7300000, 0xc7300000, 0xc7400000|  0%| F|  |TAMS 0xc7300000, 0xc7300000| Untracked 
|  24|0xc7400000, 0xc7400000, 0xc7500000|  0%| F|  |TAMS 0xc7400000, 0xc7400000| Untracked 
|  25|0xc7500000, 0xc7500000, 0xc7600000|  0%| F|  |TAMS 0xc7500000, 0xc7500000| Untracked 
|  26|0xc7600000, 0xc7600000, 0xc7700000|  0%| F|  |TAMS 0xc7600000, 0xc7600000| Untracked 
|  27|0xc7700000, 0xc7700000, 0xc7800000|  0%| F|  |TAMS 0xc7700000, 0xc7700000| Untracked 
|  28|0xc7800000, 0xc7800000, 0xc7900000|  0%| F|  |TAMS 0xc7800000, 0xc7800000| Untracked 
|  29|0xc7900000, 0xc7900000, 0xc7a00000|  0%| F|  |TAMS 0xc7900000, 0xc7900000| Untracked 
|  30|0xc7a00000, 0xc7a00000, 0xc7b00000|  0%| F|  |TAMS 0xc7a00000, 0xc7a00000| Untracked 
|  31|0xc7b00000, 0xc7b00000, 0xc7c00000|  0%| F|  |TAMS 0xc7b00000, 0xc7b00000| Untracked 
|  32|0xc7c00000, 0xc7c00000, 0xc7d00000|  0%| F|  |TAMS 0xc7c00000, 0xc7c00000| Untracked 
|  33|0xc7d00000, 0xc7d00000, 0xc7e00000|  0%| F|  |TAMS 0xc7d00000, 0xc7d00000| Untracked 
|  34|0xc7e00000, 0xc7e00000, 0xc7f00000|  0%| F|  |TAMS 0xc7e00000, 0xc7e00000| Untracked 
|  35|0xc7f00000, 0xc7f00000, 0xc8000000|  0%| F|  |TAMS 0xc7f00000, 0xc7f00000| Untracked 
|  36|0xc8000000, 0xc8000000, 0xc8100000|  0%| F|  |TAMS 0xc8000000, 0xc8000000| Untracked 
|  37|0xc8100000, 0xc8100000, 0xc8200000|  0%| F|  |TAMS 0xc8100000, 0xc8100000| Untracked 
|  38|0xc8200000, 0xc8200000, 0xc8300000|  0%| F|  |TAMS 0xc8200000, 0xc8200000| Untracked 
|  39|0xc8300000, 0xc8300000, 0xc8400000|  0%| F|  |TAMS 0xc8300000, 0xc8300000| Untracked 
|  40|0xc8400000, 0xc8400000, 0xc8500000|  0%| F|  |TAMS 0xc8400000, 0xc8400000| Untracked 
|  41|0xc8500000, 0xc8500000, 0xc8600000|  0%| F|  |TAMS 0xc8500000, 0xc8500000| Untracked 
|  42|0xc8600000, 0xc8600000, 0xc8700000|  0%| F|  |TAMS 0xc8600000, 0xc8600000| Untracked 
|  43|0xc8700000, 0xc8700000, 0xc8800000|  0%| F|  |TAMS 0xc8700000, 0xc8700000| Untracked 
|  44|0xc8800000, 0xc8800000, 0xc8900000|  0%| F|  |TAMS 0xc8800000, 0xc8800000| Untracked 
|  45|0xc8900000, 0xc8900000, 0xc8a00000|  0%| F|  |TAMS 0xc8900000, 0xc8900000| Untracked 
|  46|0xc8a00000, 0xc8a00000, 0xc8b00000|  0%| F|  |TAMS 0xc8a00000, 0xc8a00000| Untracked 
|  47|0xc8b00000, 0xc8b00000, 0xc8c00000|  0%| F|  |TAMS 0xc8b00000, 0xc8b00000| Untracked 
|  48|0xc8c00000, 0xc8c00000, 0xc8d00000|  0%| F|  |TAMS 0xc8c00000, 0xc8c00000| Untracked 
|  49|0xc8d00000, 0xc8d00000, 0xc8e00000|  0%| F|  |TAMS 0xc8d00000, 0xc8d00000| Untracked 
|  50|0xc8e00000, 0xc8e00000, 0xc8f00000|  0%| F|  |TAMS 0xc8e00000, 0xc8e00000| Untracked 
|  51|0xc8f00000, 0xc8f00000, 0xc9000000|  0%| F|  |TAMS 0xc8f00000, 0xc8f00000| Untracked 
|  52|0xc9000000, 0xc9000000, 0xc9100000|  0%| F|  |TAMS 0xc9000000, 0xc9000000| Untracked 
|  53|0xc9100000, 0xc9100000, 0xc9200000|  0%| F|  |TAMS 0xc9100000, 0xc9100000| Untracked 
|  54|0xc9200000, 0xc9200000, 0xc9300000|  0%| F|  |TAMS 0xc9200000, 0xc9200000| Untracked 
|  55|0xc9300000, 0xc9300000, 0xc9400000|  0%| F|  |TAMS 0xc9300000, 0xc9300000| Untracked 
|  56|0xc9400000, 0xc9400000, 0xc9500000|  0%| F|  |TAMS 0xc9400000, 0xc9400000| Untracked 
|  57|0xc9500000, 0xc9500000, 0xc9600000|  0%| F|  |TAMS 0xc9500000, 0xc9500000| Untracked 
|  58|0xc9600000, 0xc9600000, 0xc9700000|  0%| F|  |TAMS 0xc9600000, 0xc9600000| Untracked 
|  59|0xc9700000, 0xc9700000, 0xc9800000|  0%| F|  |TAMS 0xc9700000, 0xc9700000| Untracked 
|  60|0xc9800000, 0xc9800000, 0xc9900000|  0%| F|  |TAMS 0xc9800000, 0xc9800000| Untracked 
|  61|0xc9900000, 0xc9900000, 0xc9a00000|  0%| F|  |TAMS 0xc9900000, 0xc9900000| Untracked 
|  62|0xc9a00000, 0xc9a00000, 0xc9b00000|  0%| F|  |TAMS 0xc9a00000, 0xc9a00000| Untracked 
|  63|0xc9b00000, 0xc9b00000, 0xc9c00000|  0%| F|  |TAMS 0xc9b00000, 0xc9b00000| Untracked 
|  64|0xc9c00000, 0xc9c00000, 0xc9d00000|  0%| F|  |TAMS 0xc9c00000, 0xc9c00000| Untracked 
|  65|0xc9d00000, 0xc9d00000, 0xc9e00000|  0%| F|  |TAMS 0xc9d00000, 0xc9d00000| Untracked 
|  66|0xc9e00000, 0xc9e00000, 0xc9f00000|  0%| F|  |TAMS 0xc9e00000, 0xc9e00000| Untracked 
|  67|0xc9f00000, 0xc9f00000, 0xca000000|  0%| F|  |TAMS 0xc9f00000, 0xc9f00000| Untracked 
|  68|0xca000000, 0xca000000, 0xca100000|  0%| F|  |TAMS 0xca000000, 0xca000000| Untracked 
|  69|0xca100000, 0xca100000, 0xca200000|  0%| F|  |TAMS 0xca100000, 0xca100000| Untracked 
|  70|0xca200000, 0xca200000, 0xca300000|  0%| F|  |TAMS 0xca200000, 0xca200000| Untracked 
|  71|0xca300000, 0xca300000, 0xca400000|  0%| F|  |TAMS 0xca300000, 0xca300000| Untracked 
|  72|0xca400000, 0xca400000, 0xca500000|  0%| F|  |TAMS 0xca400000, 0xca400000| Untracked 
|  73|0xca500000, 0xca500000, 0xca600000|  0%| F|  |TAMS 0xca500000, 0xca500000| Untracked 
|  74|0xca600000, 0xca600000, 0xca700000|  0%| F|  |TAMS 0xca600000, 0xca600000| Untracked 
|  75|0xca700000, 0xca700000, 0xca800000|  0%| F|  |TAMS 0xca700000, 0xca700000| Untracked 
|  76|0xca800000, 0xca800000, 0xca900000|  0%| F|  |TAMS 0xca800000, 0xca800000| Untracked 
|  77|0xca900000, 0xca900000, 0xcaa00000|  0%| F|  |TAMS 0xca900000, 0xca900000| Untracked 
|  78|0xcaa00000, 0xcaa00000, 0xcab00000|  0%| F|  |TAMS 0xcaa00000, 0xcaa00000| Untracked 
|  79|0xcab00000, 0xcab00000, 0xcac00000|  0%| F|  |TAMS 0xcab00000, 0xcab00000| Untracked 
|  80|0xcac00000, 0xcac00000, 0xcad00000|  0%| F|  |TAMS 0xcac00000, 0xcac00000| Untracked 
|  81|0xcad00000, 0xcad00000, 0xcae00000|  0%| F|  |TAMS 0xcad00000, 0xcad00000| Untracked 
|  82|0xcae00000, 0xcae00000, 0xcaf00000|  0%| F|  |TAMS 0xcae00000, 0xcae00000| Untracked 
|  83|0xcaf00000, 0xcaf00000, 0xcb000000|  0%| F|  |TAMS 0xcaf00000, 0xcaf00000| Untracked 
|  84|0xcb000000, 0xcb000000, 0xcb100000|  0%| F|  |TAMS 0xcb000000, 0xcb000000| Untracked 
|  85|0xcb100000, 0xcb100000, 0xcb200000|  0%| F|  |TAMS 0xcb100000, 0xcb100000| Untracked 
|  86|0xcb200000, 0xcb200000, 0xcb300000|  0%| F|  |TAMS 0xcb200000, 0xcb200000| Untracked 
|  87|0xcb300000, 0xcb300000, 0xcb400000|  0%| F|  |TAMS 0xcb300000, 0xcb300000| Untracked 
|  88|0xcb400000, 0xcb400000, 0xcb500000|  0%| F|  |TAMS 0xcb400000, 0xcb400000| Untracked 
|  89|0xcb500000, 0xcb500000, 0xcb600000|  0%| F|  |TAMS 0xcb500000, 0xcb500000| Untracked 
|  90|0xcb600000, 0xcb600000, 0xcb700000|  0%| F|  |TAMS 0xcb600000, 0xcb600000| Untracked 
|  91|0xcb700000, 0xcb700000, 0xcb800000|  0%| F|  |TAMS 0xcb700000, 0xcb700000| Untracked 
|  92|0xcb800000, 0xcb800000, 0xcb900000|  0%| F|  |TAMS 0xcb800000, 0xcb800000| Untracked 
|  93|0xcb900000, 0xcb900000, 0xcba00000|  0%| F|  |TAMS 0xcb900000, 0xcb900000| Untracked 
|  94|0xcba00000, 0xcba00000, 0xcbb00000|  0%| F|  |TAMS 0xcba00000, 0xcba00000| Untracked 
|  95|0xcbb00000, 0xcbb00000, 0xcbc00000|  0%| F|  |TAMS 0xcbb00000, 0xcbb00000| Untracked 
|  96|0xcbc00000, 0xcbc00000, 0xcbd00000|  0%| F|  |TAMS 0xcbc00000, 0xcbc00000| Untracked 
|  97|0xcbd00000, 0xcbd00000, 0xcbe00000|  0%| F|  |TAMS 0xcbd00000, 0xcbd00000| Untracked 
|  98|0xcbe00000, 0xcbe00000, 0xcbf00000|  0%| F|  |TAMS 0xcbe00000, 0xcbe00000| Untracked 
|  99|0xcbf00000, 0xcbf00000, 0xcc000000|  0%| F|  |TAMS 0xcbf00000, 0xcbf00000| Untracked 
| 100|0xcc000000, 0xcc000000, 0xcc100000|  0%| F|  |TAMS 0xcc000000, 0xcc000000| Untracked 
| 101|0xcc100000, 0xcc100000, 0xcc200000|  0%| F|  |TAMS 0xcc100000, 0xcc100000| Untracked 
| 102|0xcc200000, 0xcc200000, 0xcc300000|  0%| F|  |TAMS 0xcc200000, 0xcc200000| Untracked 
| 103|0xcc300000, 0xcc300000, 0xcc400000|  0%| F|  |TAMS 0xcc300000, 0xcc300000| Untracked 
| 104|0xcc400000, 0xcc400000, 0xcc500000|  0%| F|  |TAMS 0xcc400000, 0xcc400000| Untracked 
| 105|0xcc500000, 0xcc500000, 0xcc600000|  0%| F|  |TAMS 0xcc500000, 0xcc500000| Untracked 
| 106|0xcc600000, 0xcc600000, 0xcc700000|  0%| F|  |TAMS 0xcc600000, 0xcc600000| Untracked 
| 107|0xcc700000, 0xcc700000, 0xcc800000|  0%| F|  |TAMS 0xcc700000, 0xcc700000| Untracked 
| 108|0xcc800000, 0xcc800000, 0xcc900000|  0%| F|  |TAMS 0xcc800000, 0xcc800000| Untracked 
| 109|0xcc900000, 0xcc900000, 0xcca00000|  0%| F|  |TAMS 0xcc900000, 0xcc900000| Untracked 
| 110|0xcca00000, 0xcca00000, 0xccb00000|  0%| F|  |TAMS 0xcca00000, 0xcca00000| Untracked 
| 111|0xccb00000, 0xccb00000, 0xccc00000|  0%| F|  |TAMS 0xccb00000, 0xccb00000| Untracked 
| 112|0xccc00000, 0xccc00000, 0xccd00000|  0%| F|  |TAMS 0xccc00000, 0xccc00000| Untracked 
| 113|0xccd00000, 0xcce00000, 0xcce00000|100%| S|CS|TAMS 0xccd00000, 0xccd00000| Complete 
| 114|0xcce00000, 0xccf00000, 0xccf00000|100%| S|CS|TAMS 0xcce00000, 0xcce00000| Complete 
| 115|0xccf00000, 0xccf00000, 0xcd000000|  0%| F|  |TAMS 0xccf00000, 0xccf00000| Untracked 
| 116|0xcd000000, 0xcd000000, 0xcd100000|  0%| F|  |TAMS 0xcd000000, 0xcd000000| Untracked 
| 117|0xcd100000, 0xcd100800, 0xcd200000|  0%| E|  |TAMS 0xcd100000, 0xcd100000| Complete 
| 118|0xcd200000, 0xcd300000, 0xcd300000|100%| E|CS|TAMS 0xcd200000, 0xcd200000| Complete 
| 119|0xcd300000, 0xcd400000, 0xcd400000|100%| E|CS|TAMS 0xcd300000, 0xcd300000| Complete 
| 120|0xcd400000, 0xcd500000, 0xcd500000|100%| E|CS|TAMS 0xcd400000, 0xcd400000| Complete 
| 121|0xcd500000, 0xcd600000, 0xcd600000|100%| E|CS|TAMS 0xcd500000, 0xcd500000| Complete 
| 122|0xcd600000, 0xcd700000, 0xcd700000|100%| E|CS|TAMS 0xcd600000, 0xcd600000| Complete 
| 123|0xcd700000, 0xcd800000, 0xcd800000|100%| E|CS|TAMS 0xcd700000, 0xcd700000| Complete 
| 124|0xcd800000, 0xcd900000, 0xcd900000|100%| E|CS|TAMS 0xcd800000, 0xcd800000| Complete 
| 125|0xcd900000, 0xcda00000, 0xcda00000|100%| E|CS|TAMS 0xcd900000, 0xcd900000| Complete 
| 126|0xcda00000, 0xcdb00000, 0xcdb00000|100%| E|CS|TAMS 0xcda00000, 0xcda00000| Complete 
| 127|0xcdb00000, 0xcdc00000, 0xcdc00000|100%| E|CS|TAMS 0xcdb00000, 0xcdb00000| Complete 

Card table byte_map: [0xc5a00000,0xc5b00000] _byte_map_base: 0xc53d2000

Marking Bits (Prev, Next): (CMBitMap*) 0xf5e8b528, (CMBitMap*) 0xf5e8b548
 Prev Bits: [0xc5100000, 0xc5900000)
 Next Bits: [0xc4900000, 0xc5100000)

Polling page: 0xf7f1b000

Metaspace:

Usage:
    3.71 MB used.

Virtual space:
     16.00 MB reserved,       4.00 MB ( 25%) committed,  1 nodes.

Chunk freelists:
8.97 MB

MaxMetaspaceSize: 96.00 MB
No class space
Initial GC threshold: 16.00 MB
Current GC threshold: 16.00 MB
CDS: on
MetaspaceReclaimPolicy: balanced
 - commit_granule_bytes: 65536.
 - commit_granule_words: 16384.
 - virtual_space_node_default_size: 4194304.
 - enlarge_chunks_in_place: 1.
 - new_chunks_are_fully_committed: 0.
 - uncommit_free_chunks: 1.
 - use_allocation_guard: 0.
 - handle_deallocations: 1.


Internal statistics:

num_allocs_failed_limit: 0.
num_arena_births: 195.
num_arena_deaths: 0.
num_vsnodes_births: 1.
num_vsnodes_deaths: 0.
num_space_committed: 64.
num_space_uncommitted: 0.
num_chunks_returned_to_freelist: 0.
num_chunks_taken_from_freelist: 335.
num_chunk_merges: 0.
num_chunk_splits: 275.
num_chunks_enlarged: 228.
num_inconsistent_stats: 0.

CodeHeap 'non-profiled nmethods': size=120172Kb used=278Kb max_used=278Kb free=119893Kb
 bounds [0xed7f5000, 0xeda35000, 0xf4d50000]
CodeHeap 'profiled nmethods': size=120172Kb used=998Kb max_used=998Kb free=119173Kb
 bounds [0xe5d50000, 0xe5f90000, 0xed2ab000]
CodeHeap 'non-nmethods': size=5416Kb used=740Kb max_used=771Kb free=4675Kb
 bounds [0xed2ab000, 0xed4eb000, 0xed7f5000]
 total_blobs=1104 nmethods=753 adapters=265
 compilation: enabled
              stopped_count=0, restarted_count=0
 full_count=0

Compilation events (20 events):
Event: 86.746 Thread 0xc41a0580  744       3       java.lang.Float::isNaN (12 bytes)
Event: 86.746 Thread 0xc41a0580 nmethod 744 0xe5e3a908 code [0xe5e3aa20, 0xe5e3ab60]
Event: 86.746 Thread 0xc41a0580  746       3       java.lang.StringLatin1::inflate (34 bytes)
Event: 86.746 Thread 0xc41a0580 nmethod 746 0xe5e3ac08 code [0xe5e3ad40, 0xe5e3af20]
Event: 86.746 Thread 0xc41a0580  745       3       java.lang.String::checkBoundsOffCount (64 bytes)
Event: 86.747 Thread 0xc41a0580 nmethod 745 0xe5e3b088 code [0xe5e3b2a0, 0xe5e3b998]
Event: 87.474 Thread 0xc41a0580  748       3       jdk.internal.reflect.ClassFileAssembler::emitConstantPoolMethodref (28 bytes)
Event: 87.475 Thread 0xc41a0580 nmethod 748 0xe5e3bd08 code [0xe5e3bec0, 0xe5e3c3fc]
Event: 87.475 Thread 0xc41a0580  747   !   3       script.script_entry::callMessageHandler (1322 bytes)
Event: 87.476 Thread 0xc419f450  749       4       jdk.internal.reflect.ByteVectorImpl::getLength (7 bytes)
Event: 87.476 Thread 0xc419f450 nmethod 749 0xed83a508 code [0xed83a620, 0xed83a690]
Event: 87.482 Thread 0xc41a0580 nmethod 747 0xe5e3c788 code [0xe5e3d400, 0xe5e44628]
Event: 87.657 Thread 0xc41a0580  750       3       java.io.ObjectInputStream$PeekInputStream::read (115 bytes)
Event: 87.658 Thread 0xc41a0580 nmethod 750 0xe5e48188 code [0xe5e48300, 0xe5e487b8]
Event: 87.658 Thread 0xc41a0580  751  s    3       java.io.ByteArrayInputStream::read (73 bytes)
Event: 87.659 Thread 0xc41a0580 nmethod 751 0xe5e48908 code [0xe5e48a80, 0xe5e48f78]
Event: 88.400 Thread 0xc41a0580  752       3       java.lang.Long::getChars (208 bytes)
Event: 88.400 Thread 0xc419f450  753       4       script.base_class::hasObjVar (9 bytes)
Event: 88.400 Thread 0xc41a0580 nmethod 752 0xe5e49108 code [0xe5e49280, 0xe5e497e0]
Event: 88.401 Thread 0xc419f450 nmethod 753 0xed83a808 code [0xed83a920, 0xed83a9dc]

GC Heap History (2 events):
Event: 65.656 GC heap before
{Heap before GC invocations=0 (full 0):
 garbage-first heap   total 131072K, used 12288K [0xc5c00000, 0xe5c00000)
  region size 1024K, 13 young (13312K), 0 survivors (0K)
 Metaspace       used 2824K, committed 3008K, reserved 16384K
}
Event: 65.704 GC heap after
{Heap after GC invocations=1 (full 0):
 garbage-first heap   total 131072K, used 2478K [0xc5c00000, 0xe5c00000)
  region size 1024K, 2 young (2048K), 2 survivors (2048K)
 Metaspace       used 2824K, committed 3008K, reserved 16384K
}

Dll operation events (4 events):
Event: 0.060 Loaded shared library /usr/lib/jvm/java-17-zulu-openjdk-jdk-x86/lib/libjava.so
Event: 54.763 Loaded shared library /usr/lib/jvm/java-17-zulu-openjdk-jdk-x86/lib/libnio.so
Event: 54.764 Loaded shared library /usr/lib/jvm/java-17-zulu-openjdk-jdk-x86/lib/libjimage.so
Event: 54.765 Loaded shared library /usr/lib/jvm/java-17-zulu-openjdk-jdk-x86/lib/libnet.so

Deoptimization events (20 events):
Event: 65.566 Thread 0x0b3488b0 DEOPT PACKING pc=0xed807f3c sp=0xff8d7b60
Event: 65.566 Thread 0x0b3488b0 DEOPT UNPACKING pc=0xed2f4d33 sp=0xff8d7b20 mode 2
Event: 65.575 Thread 0x0b3488b0 Uncommon trap: trap_request=0xffffff45 fr.pc=0xed809cfc relative=0x000001bc
Event: 65.575 Thread 0x0b3488b0 Uncommon trap: reason=unstable_if action=reinterpret pc=0xed809cfc method=java.util.HashMap.getNode(Ljava/lang/Object;)Ljava/util/HashMap$Node; @ 53 c2
Event: 65.575 Thread 0x0b3488b0 DEOPT PACKING pc=0xed809cfc sp=0xff8d81d0
Event: 65.575 Thread 0x0b3488b0 DEOPT UNPACKING pc=0xed2f4d33 sp=0xff8d8160 mode 2
Event: 65.577 Thread 0x0b3488b0 DEOPT PACKING pc=0xe5d8404b sp=0xff8d8100
Event: 65.577 Thread 0x0b3488b0 DEOPT UNPACKING pc=0xed2f4171 sp=0xff8d7fa0 mode 0
Event: 65.622 Thread 0x0b3488b0 DEOPT PACKING pc=0xe5d8404b sp=0xff8d8600
Event: 65.622 Thread 0x0b3488b0 DEOPT UNPACKING pc=0xed2f4171 sp=0xff8d84a0 mode 0
Event: 65.994 Thread 0x0b3488b0 Uncommon trap: trap_request=0xffffff45 fr.pc=0xed8203f8 relative=0x00000e58
Event: 65.994 Thread 0x0b3488b0 Uncommon trap: reason=unstable_if action=reinterpret pc=0xed8203f8 method=java.util.HashMap.putVal(ILjava/lang/Object;Ljava/lang/Object;ZZ)Ljava/lang/Object; @ 181 c2
Event: 65.994 Thread 0x0b3488b0 DEOPT PACKING pc=0xed8203f8 sp=0xff8d8d50
Event: 65.994 Thread 0x0b3488b0 DEOPT UNPACKING pc=0xed2f4d33 sp=0xff8d8d24 mode 2
Event: 76.268 Thread 0x0b3488b0 DEOPT PACKING pc=0xe5d939f5 sp=0xff8d9c90
Event: 76.268 Thread 0x0b3488b0 DEOPT UNPACKING pc=0xed2f4171 sp=0xff8d9b28 mode 0
Event: 82.456 Thread 0x0b3488b0 Uncommon trap: trap_request=0xffffff45 fr.pc=0xed835f80 relative=0x00000060
Event: 82.456 Thread 0x0b3488b0 Uncommon trap: reason=unstable_if action=reinterpret pc=0xed835f80 method=script.base_class.isIdNull(Lscript/obj_id;)Z @ 8 c2
Event: 82.456 Thread 0x0b3488b0 DEOPT PACKING pc=0xed835f80 sp=0xff8da020
Event: 82.456 Thread 0x0b3488b0 DEOPT UNPACKING pc=0xed2f4d33 sp=0xff8d9fc8 mode 2

Classes unloaded (0 events):
No events

Classes redefined (0 events):
No events

Internal exceptions (9 events):
Event: 54.815 Thread 0x0b3488b0 Exception <a 'java/lang/NoSuchMethodError'{0xcd4705d8}: 'java.lang.Object java.lang.invoke.DirectMethodHandle$Holder.invokeStaticInit(java.lang.Object)'> (0xcd4705d8) 
thrown [src/hotspot/share/interpreter/linkResolver.cpp, line 759]
Event: 65.428 Thread 0x0b3488b0 Exception <a 'java/lang/NoSuchMethodError'{0xcd286880}: 'java.lang.Object java.lang.invoke.DirectMethodHandle$Holder.invokeStatic(java.lang.Object, float)'> (0xcd286880) 
thrown [src/hotspot/share/interpreter/linkResolver.cpp, line 759]
Event: 65.905 Thread 0x0b3488b0 Exception <a 'java/lang/NoSuchMethodError'{0xcdafe4d8}: 'java.lang.Object java.lang.invoke.DirectMethodHandle$Holder.invokeSpecial(java.lang.Object, java.lang.Object, long, java.lang.Object, java.lang.Object, java.lang.Object, java.lang.Object, int, java.lang.Object)'> (0xcdafe4d8) 
thrown [src/hotspot/share/interpreter/linkResolver.cpp, line 759]
Event: 65.917 Thread 0x0b3488b0 Exception <a 'java/lang/NoSuchMethodError'{0xcd902d90}: 'java.lang.Object java.lang.invoke.DelegatingMethodHandle$Holder.reinvoke_L(java.lang.Object, long, java.lang.Object, java.lang.Object, java.lang.Object, java.lang.Object, int, java.lang.Object)'> (0xcd902d90) 
thrown [src/hotspot/share/interpreter/linkResolver.cpp, line 759]
Event: 65.952 Thread 0x0b3488b0 Exception <a 'java/lang/NoSuchMethodError'{0xcd98bae0}: 'java.lang.Object java.lang.invoke.DirectMethodHandle$Holder.invokeSpecial(java.lang.Object, java.lang.Object, java.lang.Object, java.lang.Object, float)'> (0xcd98bae0) 
thrown [src/hotspot/share/interpreter/linkResolver.cpp, line 759]
Event: 65.982 Thread 0x0b3488b0 Exception <a 'java/lang/NoSuchMethodError'{0xcd9b8780}: 'java.lang.Object java.lang.invoke.DirectMethodHandle$Holder.invokeSpecial(java.lang.Object, java.lang.Object, java.lang.Object, java.lang.Object, int)'> (0xcd9b8780) 
thrown [src/hotspot/share/interpreter/linkResolver.cpp, line 759]
Event: 65.983 Thread 0x0b3488b0 Exception <a 'java/lang/NoSuchMethodError'{0xcd9bbee8}: 'java.lang.Object java.lang.invoke.Invokers$Holder.linkToTargetMethod(java.lang.Object, java.lang.Object, int, java.lang.Object)'> (0xcd9bbee8) 
thrown [src/hotspot/share/interpreter/linkResolver.cpp, line 759]
Event: 66.078 Thread 0x0b3488b0 Exception <a 'java/lang/NoSuchMethodError'{0xcd8219b0}: 'java.lang.Object java.lang.invoke.DirectMethodHandle$Holder.invokeSpecial(java.lang.Object, java.lang.Object, long, java.lang.Object, java.lang.Object, java.lang.Object, java.lang.Object, java.lang.Object, java.lang.Object)'> (0xcd8219b0) 
thrown [src/hotspot/share/interpreter/linkResolver.cpp, line 759]
Event: 66.078 Thread 0x0b3488b0 Exception <a 'java/lang/NoSuchMethodError'{0xcd825d88}: 'java.lang.Object java.lang.invoke.DelegatingMethodHandle$Holder.reinvoke_L(java.lang.Object, long, java.lang.Object, java.lang.Object, java.lang.Object, java.lang.Object, java.lang.Object, java.lang.Object)'> (0xcd825d88) 
thrown [src/hotspot/share/interpreter/linkResolver.cpp, line 759]

VM Operations (20 events):
Event: 55.206 Executing VM operation: Cleanup
Event: 55.206 Executing VM operation: Cleanup done
Event: 63.210 Executing VM operation: Cleanup
Event: 63.210 Executing VM operation: Cleanup done
Event: 65.656 Executing VM operation: G1CollectForAllocation
Event: 65.704 Executing VM operation: G1CollectForAllocation done
Event: 66.704 Executing VM operation: Cleanup
Event: 66.704 Executing VM operation: Cleanup done
Event: 67.704 Executing VM operation: Cleanup
Event: 67.704 Executing VM operation: Cleanup done
Event: 71.705 Executing VM operation: Cleanup
Event: 71.705 Executing VM operation: Cleanup done
Event: 74.706 Executing VM operation: Cleanup
Event: 74.706 Executing VM operation: Cleanup done
Event: 76.706 Executing VM operation: Cleanup
Event: 76.706 Executing VM operation: Cleanup done
Event: 81.708 Executing VM operation: Cleanup
Event: 81.708 Executing VM operation: Cleanup done
Event: 86.710 Executing VM operation: Cleanup
Event: 86.710 Executing VM operation: Cleanup done

Events (20 events):
Event: 65.553 loading class sun/net/www/protocol/jrt/Handler
Event: 65.553 loading class sun/net/www/protocol/jrt/Handler done
Event: 65.553 loading class java/util/AbstractMap$SimpleEntry
Event: 65.553 loading class java/util/AbstractMap$SimpleEntry done
Event: 65.569 loading class sun/text/resources/cldr/FormatData_en
Event: 65.569 loading class sun/text/resources/cldr/FormatData_en done
Event: 65.569 loading class sun/text/resources/cldr/FormatData_en_US
Event: 65.569 loading class sun/text/resources/cldr/FormatData_en_US done
Event: 76.299 loading class java/util/Hashtable$KeySet
Event: 76.299 loading class java/util/Hashtable$KeySet done
Event: 76.300 loading class jdk/internal/reflect/UnsafeQualifiedStaticObjectFieldAccessorImpl
Event: 76.300 loading class jdk/internal/reflect/UnsafeQualifiedStaticObjectFieldAccessorImpl done
Event: 76.301 loading class java/io/UnsupportedEncodingException
Event: 76.301 loading class java/io/UnsupportedEncodingException done
Event: 76.301 loading class java/nio/charset/CharsetDecoder
Event: 76.301 loading class java/nio/charset/CharsetDecoder done
Event: 76.301 loading class java/nio/charset/CharacterCodingException
Event: 76.301 loading class java/nio/charset/CharacterCodingException done
Event: 89.875 Thread 0x0b3488b0 Thread exited: 0x0b3488b0
Event: 89.894 Thread 0xf5e242d0 Thread exited: 0xf5e242d0


Dynamic libraries:
08048000-09298000 r-xp 00000000 08:04 494947248                          /home/almalinux/swg-returns-nge/build/bin/SwgGameServer
09298000-0929c000 rw-p 0124f000 08:04 494947248                          /home/almalinux/swg-returns-nge/build/bin/SwgGameServer
0929c000-09b1f000 rw-p 00000000 00:00 0 
09c83000-0fa17000 rw-p 00000000 00:00 0                                  [heap]
bff00000-c0000000 rw-p 00000000 00:00 0 
c0100000-c01f9000 rw-p 00000000 00:00 0 
c01f9000-c0200000 ---p 00000000 00:00 0 
c0200000-c02ff000 rw-p 00000000 00:00 0 
c02ff000-c0300000 ---p 00000000 00:00 0 
c0300000-c03f9000 rw-p 00000000 00:00 0 
c03f9000-c0400000 ---p 00000000 00:00 0 
c0c00000-c0c8a000 rw-p 00000000 00:00 0 
c0c8a000-c0d00000 ---p 00000000 00:00 0 
c0d13000-c0d14000 ---p 00000000 00:00 0 
c0d14000-c0d94000 rw-p 00000000 00:00 0 
c111c000-c111d000 ---p 00000000 00:00 0 
c111d000-c119d000 rw-p 00000000 00:00 0 
c119d000-c119e000 ---p 00000000 00:00 0 
c119e000-c121e000 rw-p 00000000 00:00 0 
c1300000-c13ef000 rw-p 00000000 00:00 0 
c13ef000-c1400000 ---p 00000000 00:00 0 
c167f000-c1683000 ---p 00000000 00:00 0 
c1683000-c1740000 rw-p 00000000 00:00 0 
c1740000-c1744000 ---p 00000000 00:00 0 
c1744000-c1801000 rw-p 00000000 00:00 0 
c1801000-c1802000 ---p 00000000 00:00 0 
c1802000-c1882000 rw-p 00000000 00:00 0 
c1882000-c1886000 ---p 00000000 00:00 0 
c1886000-c1943000 rw-p 00000000 00:00 0 
c1943000-c1947000 ---p 00000000 00:00 0 
c1947000-c1a04000 rw-p 00000000 00:00 0 
c1a04000-c1a08000 ---p 00000000 00:00 0 
c1a08000-c1ac5000 rw-p 00000000 00:00 0 
c1ac5000-c1ac9000 ---p 00000000 00:00 0 
c1ac9000-c1b86000 rw-p 00000000 00:00 0 
c1b86000-c1e00000 r--p 00078000 08:04 535181                             /usr/lib/locale/locale-archive
c1e00000-c2000000 r--p 00000000 08:04 535181                             /usr/lib/locale/locale-archive
c2000000-c20f0000 rw-p 00000000 00:00 0 
c20f0000-c2400000 ---p 00000000 00:00 0 
c2400000-c2710000 rw-p 00000000 00:00 0 
c2710000-c3000000 ---p 00000000 00:00 0 
c303c000-c3040000 ---p 00000000 00:00 0 
c3040000-c30bd000 rw-p 00000000 00:00 0 
c30bd000-c30c1000 ---p 00000000 00:00 0 
c30c1000-c317e000 rw-p 00000000 00:00 0 
c317e000-c3182000 ---p 00000000 00:00 0 
c3182000-c323f000 rw-p 00000000 00:00 0 
c323f000-c3243000 ---p 00000000 00:00 0 
c3243000-c3300000 rw-p 00000000 00:00 0 
c3300000-c3321000 rw-p 00000000 00:00 0 
c3321000-c3400000 ---p 00000000 00:00 0 
c3431000-c3435000 ---p 00000000 00:00 0 
c3435000-c34b2000 rw-p 00000000 00:00 0 
c34b2000-c34b3000 ---p 00000000 00:00 0 
c34b3000-c3533000 rw-p 00000000 00:00 0 
c3533000-c3e00000 rw-p 00001000 08:04 143240867                          /usr/lib/jvm/java-17-zulu-openjdk-jdk-x86/lib/server/classes.jsa
c3e00000-c3e21000 rw-p 00000000 00:00 0 
c3e21000-c3f00000 ---p 00000000 00:00 0 
c3f7f000-c3f80000 ---p 00000000 00:00 0 
c3f80000-c4000000 rw-p 00000000 00:00 0 
c4000000-c4021000 rw-p 00000000 00:00 0 
c4021000-c4100000 ---p 00000000 00:00 0 
c4100000-c41d1000 rw-p 00000000 00:00 0 
c41d1000-c4200000 ---p 00000000 00:00 0 
c427f000-c4280000 ---p 00000000 00:00 0 
c4280000-c4300000 rw-p 00000000 00:00 0 
c4300000-c4321000 rw-p 00000000 00:00 0 
c4321000-c4400000 ---p 00000000 00:00 0 
c447f000-c4480000 ---p 00000000 00:00 0 
c4480000-c4500000 rw-p 00000000 00:00 0 
c4500000-c45f8000 rw-p 00000000 00:00 0 
c45f8000-c4600000 ---p 00000000 00:00 0 
c467f000-c4680000 ---p 00000000 00:00 0 
c4680000-c4700000 rw-p 00000000 00:00 0 
c4700000-c47fa000 rw-p 00000000 00:00 0 
c47fa000-c4800000 ---p 00000000 00:00 0 
c487f000-c4880000 ---p 00000000 00:00 0 
c4880000-c4b00000 rw-p 00000000 00:00 0 
c4b00000-c5100000 ---p 00000000 00:00 0 
c5100000-c5300000 rw-p 00000000 00:00 0 
c5300000-c5900000 ---p 00000000 00:00 0 
c5900000-c5940000 rw-p 00000000 00:00 0 
c5940000-c5a00000 ---p 00000000 00:00 0 
c5a00000-c5a40000 rw-p 00000000 00:00 0 
c5a40000-c5b00000 ---p 00000000 00:00 0 
c5b00000-c5b40000 rw-p 00000000 00:00 0 
c5b40000-c5c00000 ---p 00000000 00:00 0 
c5c00000-cdc00000 rw-p 00000000 00:00 0 
cdc00000-e5c00000 ---p 00000000 00:00 0 
e5c65000-e5c6a000 rw-p 00000000 00:00 0 
e5c6a000-e5d50000 ---p 00000000 00:00 0 
e5d50000-e5f90000 rwxp 00000000 00:00 0 
e5f90000-ed2ab000 ---p 00000000 00:00 0 
ed2ab000-ed4eb000 rwxp 00000000 00:00 0 
ed4eb000-ed7f5000 ---p 00000000 00:00 0 
ed7f5000-eda35000 rwxp 00000000 00:00 0 
eda35000-f4d50000 ---p 00000000 00:00 0 
f4d50000-f4eb8000 r--s 00000000 08:04 117534333                          /usr/lib/jvm/java-17-zulu-openjdk-jdk-x86/lib/modules
f4eb8000-f5d5a000 r-xp 00000000 08:04 143240869                          /usr/lib/jvm/java-17-zulu-openjdk-jdk-x86/lib/server/libjvm.so
f5d5a000-f5daf000 r--p 00ea1000 08:04 143240869                          /usr/lib/jvm/java-17-zulu-openjdk-jdk-x86/lib/server/libjvm.so
f5daf000-f5dd0000 rw-p 00ef6000 08:04 143240869                          /usr/lib/jvm/java-17-zulu-openjdk-jdk-x86/lib/server/libjvm.so
f5dd0000-f5e00000 rw-p 00000000 00:00 0 
f5e00000-f5f00000 rw-p 00000000 00:00 0 
f5f61000-f5f62000 ---p 00000000 00:00 0 
f5f62000-f5f66000 ---p 00000000 00:00 0 
f5f66000-f6ada000 rw-p 00000000 00:00 0 
f6ae6000-f6afb000 r-xp 00000000 08:04 117534323                          /usr/lib/jvm/java-17-zulu-openjdk-jdk-x86/lib/libnet.so
f6afb000-f6afc000 r--p 00014000 08:04 117534323                          /usr/lib/jvm/java-17-zulu-openjdk-jdk-x86/lib/libnet.so
f6afc000-f6afd000 rw-p 00015000 08:04 117534323                          /usr/lib/jvm/java-17-zulu-openjdk-jdk-x86/lib/libnet.so
f6afd000-f6b02000 rw-p 00000000 00:00 0 
f6b02000-f6be8000 ---p 00000000 00:00 0 
f6e22000-f6e34000 r-xp 00000000 08:04 117534324                          /usr/lib/jvm/java-17-zulu-openjdk-jdk-x86/lib/libnio.so
f6e34000-f6e35000 r--p 00011000 08:04 117534324                          /usr/lib/jvm/java-17-zulu-openjdk-jdk-x86/lib/libnio.so
f6e35000-f6e36000 rw-p 00012000 08:04 117534324                          /usr/lib/jvm/java-17-zulu-openjdk-jdk-x86/lib/libnio.so
f6e36000-f6e5f000 rw-p 00000000 00:00 0 
f6e5f000-f6e82000 r-xp 00000000 08:04 117534310                          /usr/lib/jvm/java-17-zulu-openjdk-jdk-x86/lib/libjava.so
f6e82000-f6e83000 r--p 00022000 08:04 117534310                          /usr/lib/jvm/java-17-zulu-openjdk-jdk-x86/lib/libjava.so
f6e83000-f6e84000 rw-p 00023000 08:04 117534310                          /usr/lib/jvm/java-17-zulu-openjdk-jdk-x86/lib/libjava.so
f6e84000-f6e90000 r-xp 00000000 08:04 16831767                           /usr/lib/libnss_files-2.28.so
f6e90000-f6e91000 r--p 0000b000 08:04 16831767                           /usr/lib/libnss_files-2.28.so
f6e91000-f6e92000 rw-p 0000c000 08:04 16831767                           /usr/lib/libnss_files-2.28.so
f6e92000-f6e98000 rw-p 00000000 00:00 0 
f6e9e000-f6ea3000 rw-p 00000000 00:00 0 
f6ea3000-f6ea9000 ---p 00000000 00:00 0 
f6ea9000-f6ec4000 r-xp 00000000 08:04 117534314                          /usr/lib/jvm/java-17-zulu-openjdk-jdk-x86/lib/libjimage.so
f6ec4000-f6ec5000 ---p 0001b000 08:04 117534314                          /usr/lib/jvm/java-17-zulu-openjdk-jdk-x86/lib/libjimage.so
f6ec5000-f6ec6000 r--p 0001b000 08:04 117534314                          /usr/lib/jvm/java-17-zulu-openjdk-jdk-x86/lib/libjimage.so
f6ec6000-f6ec7000 rw-p 0001c000 08:04 117534314                          /usr/lib/jvm/java-17-zulu-openjdk-jdk-x86/lib/libjimage.so
f6ec7000-f6ecb000 rw-p 00000000 00:00 0 
f6ecb000-f6f53000 r-xp 00000000 08:04 17191875                           /usr/lib/libpcre2-8.so.0.7.1
f6f53000-f6f54000 r--p 00087000 08:04 17191875                           /usr/lib/libpcre2-8.so.0.7.1
f6f54000-f6f55000 rw-p 00088000 08:04 17191875                           /usr/lib/libpcre2-8.so.0.7.1
f6f55000-f6f75000 r-xp 00000000 08:04 17021543                           /usr/lib/libcrypt.so.1.1.0
f6f75000-f6f76000 ---p 00020000 08:04 17021543                           /usr/lib/libcrypt.so.1.1.0
f6f76000-f6f77000 r--p 00020000 08:04 17021543                           /usr/lib/libcrypt.so.1.1.0
f6f77000-f6f80000 rw-p 00000000 00:00 0 
f6f80000-f6fab000 r-xp 00000000 08:04 17191887                           /usr/lib/libselinux.so.1
f6fab000-f6fac000 ---p 0002b000 08:04 17191887                           /usr/lib/libselinux.so.1
f6fac000-f6fad000 r--p 0002b000 08:04 17191887                           /usr/lib/libselinux.so.1
f6fad000-f6fae000 rw-p 0002c000 08:04 17191887                           /usr/lib/libselinux.so.1
f6fae000-f6faf000 rw-p 00000000 00:00 0 
f6faf000-f6fce000 r-xp 00000000 08:04 18866589                           /usr/lib/libbrotlicommon.so.1.0.6
f6fce000-f6fcf000 r--p 0001e000 08:04 18866589                           /usr/lib/libbrotlicommon.so.1.0.6
f6fcf000-f6fd0000 rw-p 0001f000 08:04 18866589                           /usr/lib/libbrotlicommon.so.1.0.6
f6fd0000-f6fee000 r-xp 00000000 08:04 17191915                           /usr/lib/libsasl2.so.3.0.0
f6fee000-f6fef000 ---p 0001e000 08:04 17191915                           /usr/lib/libsasl2.so.3.0.0
f6fef000-f6ff0000 r--p 0001e000 08:04 17191915                           /usr/lib/libsasl2.so.3.0.0
f6ff0000-f6ff1000 rw-p 0001f000 08:04 17191915                           /usr/lib/libsasl2.so.3.0.0
f6ff1000-f6ff3000 rw-p 00000000 00:00 0 
f6ff3000-f7007000 r-xp 00000000 08:04 16831772                           /usr/lib/libresolv-2.28.so
f7007000-f7008000 ---p 00014000 08:04 16831772                           /usr/lib/libresolv-2.28.so
f7008000-f7009000 r--p 00014000 08:04 16831772                           /usr/lib/libresolv-2.28.so
f7009000-f700a000 rw-p 00015000 08:04 16831772                           /usr/lib/libresolv-2.28.so
f700a000-f700c000 rw-p 00000000 00:00 0 
f700c000-f700f000 r-xp 00000000 08:04 17191893                           /usr/lib/libkeyutils.so.1.6
f700f000-f7010000 ---p 00003000 08:04 17191893                           /usr/lib/libkeyutils.so.1.6
f7010000-f7011000 r--p 00003000 08:04 17191893                           /usr/lib/libkeyutils.so.1.6
f7011000-f7012000 rw-p 00000000 00:00 0 
f7012000-f7022000 r-xp 00000000 08:04 17021560                           /usr/lib/libkrb5support.so.0.1
f7022000-f7023000 r--p 0000f000 08:04 17021560                           /usr/lib/libkrb5support.so.0.1
f7023000-f7024000 rw-p 00010000 08:04 17021560                           /usr/lib/libkrb5support.so.0.1
f7024000-f702c000 r-xp 00000000 08:04 16831774                           /usr/lib/librt-2.28.so
f702c000-f702d000 r--p 00007000 08:04 16831774                           /usr/lib/librt-2.28.so
f702d000-f702e000 rw-p 00008000 08:04 16831774                           /usr/lib/librt-2.28.so
f702e000-f71ad000 r-xp 00000000 08:04 17021545                           /usr/lib/libunistring.so.2.1.0
f71ad000-f71ae000 ---p 0017f000 08:04 17021545                           /usr/lib/libunistring.so.2.1.0
f71ae000-f71b0000 r--p 0017f000 08:04 17021545                           /usr/lib/libunistring.so.2.1.0
f71b0000-f71b1000 rw-p 00181000 08:04 17021545                           /usr/lib/libunistring.so.2.1.0
f71b1000-f71db000 r-xp 00000000 08:04 18654292                           /usr/lib/liblzma.so.5.2.4
f71db000-f71dc000 r--p 00029000 08:04 18654292                           /usr/lib/liblzma.so.5.2.4
f71dc000-f71dd000 rw-p 00000000 00:00 0 
f71dd000-f71e9000 r-xp 00000000 08:04 17191936                           /usr/lib/libbrotlidec.so.1.0.6
f71e9000-f71ea000 r--p 0000b000 08:04 17191936                           /usr/lib/libbrotlidec.so.1.0.6
f71ea000-f71eb000 rw-p 00000000 00:00 0 
f71eb000-f71fa000 r-xp 00000000 08:04 17191918                           /usr/lib/liblber-2.4.so.2.10.9
f71fa000-f71fb000 r--p 0000e000 08:04 17191918                           /usr/lib/liblber-2.4.so.2.10.9
f71fb000-f71fc000 rw-p 0000f000 08:04 17191918                           /usr/lib/liblber-2.4.so.2.10.9
f71fc000-f7251000 r-xp 00000000 08:04 17191920                           /usr/lib/libldap-2.4.so.2.10.9
f7251000-f7252000 ---p 00055000 08:04 17191920                           /usr/lib/libldap-2.4.so.2.10.9
f7252000-f7253000 r--p 00055000 08:04 17191920                           /usr/lib/libldap-2.4.so.2.10.9
f7253000-f7254000 rw-p 00056000 08:04 17191920                           /usr/lib/libldap-2.4.so.2.10.9
f7254000-f7256000 rw-p 00000000 00:00 0 
f7256000-f7259000 r-xp 00000000 08:04 16994899                           /usr/lib/libcom_err.so.2.1
f7259000-f725a000 r--p 00002000 08:04 16994899                           /usr/lib/libcom_err.so.2.1
f725a000-f725b000 rw-p 00003000 08:04 16994899                           /usr/lib/libcom_err.so.2.1
f725b000-f7271000 r-xp 00000000 08:04 17021552                           /usr/lib/libk5crypto.so.3.1
f7271000-f7272000 ---p 00016000 08:04 17021552                           /usr/lib/libk5crypto.so.3.1
f7272000-f7273000 r--p 00016000 08:04 17021552                           /usr/lib/libk5crypto.so.3.1
f7273000-f7274000 rw-p 00017000 08:04 17021552                           /usr/lib/libk5crypto.so.3.1
f7274000-f7357000 r-xp 00000000 08:04 17021558                           /usr/lib/libkrb5.so.3.3
f7357000-f735e000 r--p 000e2000 08:04 17021558                           /usr/lib/libkrb5.so.3.3
f735e000-f735f000 rw-p 000e9000 08:04 17021558                           /usr/lib/libkrb5.so.3.3
f735f000-f73ba000 r-xp 00000000 08:04 17021548                           /usr/lib/libgssapi_krb5.so.2.2
f73ba000-f73bc000 r--p 0005a000 08:04 17021548                           /usr/lib/libgssapi_krb5.so.2.2
f73bc000-f73bd000 rw-p 0005c000 08:04 17021548                           /usr/lib/libgssapi_krb5.so.2.2
f73bd000-f766e000 r-xp 00000000 08:04 18627877                           /usr/lib/libcrypto.so.1.1.1k
f766e000-f7687000 r--p 002b0000 08:04 18627877                           /usr/lib/libcrypto.so.1.1.1k
f7687000-f7689000 rw-p 002c9000 08:04 18627877                           /usr/lib/libcrypto.so.1.1.1k
f7689000-f768d000 rw-p 00000000 00:00 0 
f768d000-f771f000 r-xp 00000000 08:04 18627879                           /usr/lib/libssl.so.1.1.1k
f771f000-f7725000 r--p 00091000 08:04 18627879                           /usr/lib/libssl.so.1.1.1k
f7725000-f7729000 rw-p 00097000 08:04 18627879                           /usr/lib/libssl.so.1.1.1k
f7729000-f7739000 r-xp 00000000 08:04 18660120                           /usr/lib/libpsl.so.5.3.1
f7739000-f773a000 r--p 0000f000 08:04 18660120                           /usr/lib/libpsl.so.5.3.1
f773a000-f773b000 rw-p 00000000 00:00 0 
f773b000-f77b8000 r-xp 00000000 08:04 16994901                           /usr/lib/libssh.so.4.8.7
f77b8000-f77b9000 ---p 0007d000 08:04 16994901                           /usr/lib/libssh.so.4.8.7
f77b9000-f77ba000 r--p 0007d000 08:04 16994901                           /usr/lib/libssh.so.4.8.7
f77ba000-f77bb000 rw-p 0007e000 08:04 16994901                           /usr/lib/libssh.so.4.8.7
f77bb000-f77d8000 r-xp 00000000 08:04 17040588                           /usr/lib/libidn2.so.0.3.6
f77d8000-f77d9000 r--p 0001c000 08:04 17040588                           /usr/lib/libidn2.so.0.3.6
f77d9000-f77da000 rw-p 00000000 00:00 0 
f77da000-f7802000 r-xp 00000000 08:04 17191891                           /usr/lib/libnghttp2.so.14.17.0
f7802000-f7803000 r--p 00027000 08:04 17191891                           /usr/lib/libnghttp2.so.14.17.0
f7803000-f7805000 rw-p 00028000 08:04 17191891                           /usr/lib/libnghttp2.so.14.17.0
f7805000-f79a7000 r-xp 00000000 08:04 16831756                           /usr/lib/libc-2.28.so
f79a7000-f79a8000 ---p 001a2000 08:04 16831756                           /usr/lib/libc-2.28.so
f79a8000-f79aa000 r--p 001a2000 08:04 16831756                           /usr/lib/libc-2.28.so
f79aa000-f79ab000 rw-p 001a4000 08:04 16831756                           /usr/lib/libc-2.28.so
f79ab000-f79b0000 rw-p 00000000 00:00 0 
f79b0000-f79cb000 r-xp 00000000 08:04 16985139                           /usr/lib/libgcc_s-8-20210514.so.1
f79cb000-f79cc000 r--p 0001a000 08:04 16985139                           /usr/lib/libgcc_s-8-20210514.so.1
f79cc000-f79cd000 rw-p 0001b000 08:04 16985139                           /usr/lib/libgcc_s-8-20210514.so.1
f79cd000-f7a9d000 r-xp 00000000 08:04 16831760                           /usr/lib/libm-2.28.so
f7a9d000-f7a9e000 r--p 000cf000 08:04 16831760                           /usr/lib/libm-2.28.so
f7a9e000-f7a9f000 rw-p 000d0000 08:04 16831760                           /usr/lib/libm-2.28.so
f7a9f000-f7c28000 r-xp 00000000 08:04 16985145                           /usr/lib/libstdc++.so.6.0.25
f7c28000-f7c29000 ---p 00189000 08:04 16985145                           /usr/lib/libstdc++.so.6.0.25
f7c29000-f7c2f000 r--p 00189000 08:04 16985145                           /usr/lib/libstdc++.so.6.0.25
f7c2f000-f7c30000 rw-p 0018f000 08:04 16985145                           /usr/lib/libstdc++.so.6.0.25
f7c30000-f7c32000 rw-p 00000000 00:00 0 
f7c32000-f7c49000 r-xp 00000000 08:04 16963437                           /usr/lib/libz.so.1.2.11
f7c49000-f7c4a000 ---p 00017000 08:04 16963437                           /usr/lib/libz.so.1.2.11
f7c4a000-f7c4b000 r--p 00017000 08:04 16963437                           /usr/lib/libz.so.1.2.11
f7c4b000-f7c4c000 rw-p 00000000 00:00 0 
f7c4c000-f7dc9000 r-xp 00000000 08:04 16963397                           /usr/lib/libxml2.so.2.9.7
f7dc9000-f7dce000 r--p 0017c000 08:04 16963397                           /usr/lib/libxml2.so.2.9.7
f7dce000-f7dcf000 rw-p 00181000 08:04 16963397                           /usr/lib/libxml2.so.2.9.7
f7dcf000-f7dd0000 rw-p 00000000 00:00 0 
f7dd0000-f7dec000 r-xp 00000000 08:04 16831770                           /usr/lib/libpthread-2.28.so
f7dec000-f7ded000 r--p 0001b000 08:04 16831770                           /usr/lib/libpthread-2.28.so
f7ded000-f7dee000 rw-p 0001c000 08:04 16831770                           /usr/lib/libpthread-2.28.so
f7dee000-f7df0000 rw-p 00000000 00:00 0 
f7df0000-f7e64000 r-xp 00000000 08:04 16818911                           /usr/lib/libpcre.so.1.2.10
f7e64000-f7e65000 ---p 00074000 08:04 16818911                           /usr/lib/libpcre.so.1.2.10
f7e65000-f7e66000 r--p 00074000 08:04 16818911                           /usr/lib/libpcre.so.1.2.10
f7e66000-f7e67000 rw-p 00075000 08:04 16818911                           /usr/lib/libpcre.so.1.2.10
f7e67000-f7e6a000 r-xp 00000000 08:04 16831758                           /usr/lib/libdl-2.28.so
f7e6a000-f7e6b000 r--p 00002000 08:04 16831758                           /usr/lib/libdl-2.28.so
f7e6b000-f7e6c000 rw-p 00003000 08:04 16831758                           /usr/lib/libdl-2.28.so
f7e6c000-f7f09000 r-xp 00000000 08:04 16994905                           /usr/lib/libcurl.so.4.5.0
f7f09000-f7f0b000 r--p 0009c000 08:04 16994905                           /usr/lib/libcurl.so.4.5.0
f7f0b000-f7f0c000 rw-p 0009e000 08:04 16994905                           /usr/lib/libcurl.so.4.5.0
f7f0c000-f7f13000 r--s 00000000 08:04 176632422                          /usr/lib/gconv/gconv-modules.cache
f7f13000-f7f1b000 rw-s 00000000 08:04 151635571                          /tmp/hsperfdata_almalinux/1433295 (deleted)
f7f1b000-f7f1c000 ---p 00000000 00:00 0 
f7f1c000-f7f1d000 r--p 00000000 00:00 0 
f7f1d000-f7f1f000 rw-p 00000000 00:00 0 
f7f1f000-f7f23000 r--p 00000000 00:00 0                                  [vvar]
f7f23000-f7f25000 r-xp 00000000 00:00 0                                  [vdso]
f7f25000-f7f54000 r-xp 00000000 08:04 16831749                           /usr/lib/ld-2.28.so
f7f54000-f7f55000 ---p 00000000 00:00 0 
f7f55000-f7f56000 r--p 0002f000 08:04 16831749                           /usr/lib/ld-2.28.so
f7f56000-f7f57000 rw-p 00030000 08:04 16831749                           /usr/lib/ld-2.28.so
ff718000-ff719000 rwxp 00000000 00:00 0 
ff821000-ff8dd000 rw-p 00000000 00:00 0                                  [stack]


VM Arguments:
jvm_args: -Xms128m -Xmx512m -Xss768k -XX:MaxMetaspaceSize=96m -Xrs -XX:-UsePerfData -XX:-AllowUserSignalHandlers -XX:UseSSE=3 -XX+DoEscapeAnalysis -XX:AutoBoxCacheMax:2000 -XX:+OptimizeStringConcat -XX:+OptimizeFill -XX:+EliminateAutoBox -XX:+UseCompressedStrings -XX:+UseCompressedOops -XX:+EliminateLocks -XX:UseFastAccessorMethods -XX:+UseStringCache -XgcPrio:throughput -XXkeepAreaRatio:1 -XXlazyUnlocking -XXcallProfiling -XXcompactRatio:1 
java_command: <unknown>
java_class_path (initial): ../../data/sku.0/sys.server/compiled/game/
Launcher Type: generic

[Global flags]
     intx CICompilerCount                          = 3                                         {product} {ergonomic}
     uint ConcGCThreads                            = 1                                         {product} {ergonomic}
     uint G1ConcRefinementThreads                  = 4                                         {product} {ergonomic}
   size_t G1HeapRegionSize                         = 1048576                                   {product} {ergonomic}
    uintx GCDrainStackTargetSize                   = 64                                        {product} {ergonomic}
   size_t InitialHeapSize                          = 134217728                                 {product} {command line}
   size_t MarkStackSize                            = 32768                                     {product} {ergonomic}
   size_t MaxHeapSize                              = 536870912                                 {product} {command line}
   size_t MaxMetaspaceSize                         = 100663296                                 {product} {command line}
   size_t MaxNewSize                               = 321912832                                 {product} {ergonomic}
   size_t MinHeapDeltaBytes                        = 1048576                                   {product} {ergonomic}
   size_t MinHeapSize                              = 134217728                                 {product} {command line}
    uintx NonNMethodCodeHeapSize                   = 5544422                                {pd product} {ergonomic}
    uintx NonProfiledCodeHeapSize                  = 123056909                              {pd product} {ergonomic}
    uintx ProfiledCodeHeapSize                     = 123056909                              {pd product} {ergonomic}
    uintx ReservedCodeCacheSize                    = 251658240                              {pd product} {ergonomic}
     bool SegmentedCodeCache                       = true                                      {product} {ergonomic}
   size_t SoftMaxHeapSize                          = 536870912                              {manageable} {ergonomic}
   double SweeperThreshold                         = 0.500000                                  {product} {ergonomic}
     intx ThreadStackSize                          = 768                                    {pd product} {command line}
     bool UseG1GC                                  = true                                      {product} {ergonomic}

Logging:
Log output configuration:
 #0: stdout all=off uptime,level,tags
 #1: stderr all=off uptime,level,tags

Environment Variables:
JAVA_HOME=/usr/lib/jvm/zulu-17-x86
PATH=/usr/java/jdk1.7.0_80/bin:/usr/java/jdk1.7.0_80/bin:/usr/java/jdk1.6.0_45/bin:/usr/java/jdk1.6.0_45/bin:/usr/java/jdk1.6.0_45/bin:/home/almalinux/.local/bin:/home/almalinux/bin:/sbin:/bin:/usr/bin:/usr/local/bin:/usr/local/sbin:/usr/sbin:/usr/lib/oracle/18.3/client/bin:/usr/lib/oracle/18.3/client/bin:/usr/lib/jvm/java-11-openjdk/bin:./
LD_LIBRARY_PATH=/usr/lib/jvm/java-17-zulu-openjdk-jdk-x86/lib/server:/usr/lib/jvm/java-17-zulu-openjdk-jdk-x86/lib:/usr/lib/jvm/java-17-zulu-openjdk-jdk-x86/../lib:/usr/lib/jvm/zulu-17-x86/lib/server:/usr/lib/jvm/java-11-openjdk/lib:/usr/lib/jvm/java-11-openjdk/lib/server:./
SHELL=/bin/bash
DISPLAY=:10.0
LANG=en_US.UTF-8
TERM=xterm-256color

Active Locale:
LC_ALL=en_US.UTF-8
LC_COLLATE=en_US.UTF-8
LC_CTYPE=en_US.UTF-8
LC_MESSAGES=en_US.UTF-8
LC_MONETARY=en_US.UTF-8
LC_NUMERIC=en_US.UTF-8
LC_TIME=en_US.UTF-8

Signal Handlers:
   SIGSEGV: crash_handler in libjvm.so, mask=11100100010111111101111111111110, flags=SA_RESTART|SA_SIGINFO, unblocked
    SIGBUS: crash_handler in libjvm.so, mask=11100100010111111101111111111110, flags=SA_RESTART|SA_SIGINFO, unblocked
    SIGFPE: crash_handler in libjvm.so, mask=11100100010111111101111111111110, flags=SA_RESTART|SA_SIGINFO, unblocked
   SIGPIPE: SIG_IGN, mask=00000000000010000000000000000000, flags=SA_RESTART, blocked
  *** Handler was modified!
  *** Expected: javaSignalHandler in libjvm.so, mask=11100100110111111111111111111110, flags=SA_RESTART|SA_SIGINFO
   SIGXFSZ: javaSignalHandler in libjvm.so, mask=11100100010111111101111111111110, flags=SA_RESTART|SA_SIGINFO, blocked
    SIGILL: crash_handler in libjvm.so, mask=11100100010111111101111111111110, flags=SA_RESTART|SA_SIGINFO, unblocked
   SIGUSR2: SR_handler in libjvm.so, mask=00100000000000000000000000000000, flags=SA_RESTART|SA_SIGINFO, blocked
    SIGHUP: UserHandler in libjvm.so, mask=11100100010111111101111111111110, flags=SA_RESTART|SA_SIGINFO, blocked
    SIGINT: UserHandler in libjvm.so, mask=11100100010111111101111111111110, flags=SA_RESTART|SA_SIGINFO, blocked
   SIGTERM: UserHandler in libjvm.so, mask=11100100010111111101111111111110, flags=SA_RESTART|SA_SIGINFO, blocked
   SIGQUIT: UserHandler in libjvm.so, mask=11100100010111111101111111111110, flags=SA_RESTART|SA_SIGINFO, blocked
   SIGTRAP: crash_handler in libjvm.so, mask=11100100010111111101111111111110, flags=SA_RESTART|SA_SIGINFO, unblocked


Periodic native trim disabled


---------------  S Y S T E M  ---------------

OS:
AlmaLinux release 8.10 (Cerulean Leopard)
uname: Linux 4.18.0-553.81.1.el8_10.x86_64 #1 SMP Mon Oct 27 11:29:19 EDT 2025 x86_64
OS uptime: 33 days 23:40 hours
libc: glibc 2.28 NPTL 2.28 
rlimit (soft/hard): STACK 8192k/infinity , CORE 0k/infinity , NPROC 61995/61995 , NOFILE 262144/262144 , AS infinity/infinity , CPU infinity/infinity , DATA infinity/infinity , FSIZE infinity/infinity , MEMLOCK 64k/64k
load average: 35.75 35.07 34.93

/proc/meminfo:
MemTotal:       16014448 kB
MemFree:          761716 kB
MemAvailable:    5865900 kB
Buffers:            1056 kB
Cached:          7856544 kB
SwapCached:         1780 kB
Active:          2634400 kB
Inactive:       11757268 kB
Active(anon):    2073028 kB
Inactive(anon):  7324404 kB
Active(file):     561372 kB
Inactive(file):  4432864 kB
Unevictable:        3104 kB
Mlocked:              16 kB
SwapTotal:       8388604 kB
SwapFree:        8370064 kB
Dirty:               900 kB
Writeback:             0 kB
AnonPages:       6535468 kB
Mapped:          1574824 kB
Shmem:           2863324 kB
KReclaimable:     286992 kB
Slab:             439628 kB
SReclaimable:     286992 kB
SUnreclaim:       152636 kB
KernelStack:       26080 kB
PageTables:       156044 kB
NFS_Unstable:          0 kB
Bounce:                0 kB
WritebackTmp:          0 kB
CommitLimit:    16395828 kB
Committed_AS:   24134776 kB
VmallocTotal:   34359738367 kB
VmallocUsed:       71880 kB
VmallocChunk:          0 kB
Percpu:             2704 kB
HardwareCorrupted:     0 kB
AnonHugePages:         0 kB
ShmemHugePages:        0 kB
ShmemPmdMapped:        0 kB
FileHugePages:         0 kB
FilePmdMapped:         0 kB
HugePages_Total:       0
HugePages_Free:        0
HugePages_Rsvd:        0
HugePages_Surp:        0
Hugepagesize:       2048 kB
Hugetlb:               0 kB
DirectMap4k:     2942828 kB
DirectMap2M:    13441024 kB

/sys/kernel/mm/transparent_hugepage/enabled: always madvise [never]
/sys/kernel/mm/transparent_hugepage/hpage_pmd_size: 2097152
/sys/kernel/mm/transparent_hugepage/defrag (defrag/compaction efforts parameter): always defer defer+madvise [madvise] never

Process Memory:
Virtual Size: 1019428K (peak: 1034456K)
Resident Set Size: 173868K (peak: 186860K) (anon: 140320K, file: 33548K, shmem: 0K)
Swapped out: 0K
C-Heap outstanding allocations: 20104K, retained: 88303K
glibc malloc tunables: (default)

/proc/sys/kernel/threads-max (system-wide limit on the number of threads): 123991
/proc/sys/vm/max_map_count (maximum number of memory map areas a process may have): 1677720
/proc/sys/kernel/pid_max (system-wide limit on number of process identifiers): 4194304

container (cgroup) information:
container_type: cgroupv1
cpu_cpuset_cpus: 0-3
cpu_memory_nodes: 0
active_processor_count: 4
cpu_quota: no quota
cpu_period: 100000
cpu_shares: no shares
memory_limit_in_bytes: unlimited
memory_and_swap_limit_in_bytes: unlimited
memory_soft_limit_in_bytes: unlimited
memory_usage_in_bytes: 13253796 k
memory_max_usage_in_bytes: 14783012 k
kernel_memory_usage_in_bytes: 331804 k
kernel_memory_max_usage_in_bytes: unlimited
kernel_memory_limit_in_bytes: 985464 k
maximum number of tasks: unlimited
current number of tasks: 839

KVM virtualization detected
Steal ticks since vm start: 13
Steal ticks percentage since vm start:  0.000

CPU: total 4 (initial active 4) (1 cores per cpu, 1 threads per core) family 6 model 60 stepping 1 microcode 0x1, cx8, cmov, fxsr, mmx, sse, sse2, sse3, ssse3, sse4.1, sse4.2, popcnt, lzcnt, tsc, avx, avx2, aes, erms, clmul, bmi1, bmi2, fma, vzeroupper, clflush, hv
CPU Model and flags from /proc/cpuinfo:
model name	: Intel Core Processor (Haswell, no TSX)
flags		: fpu vme de pse tsc msr pae mce cx8 apic sep mtrr pge mca cmov pat pse36 clflush mmx fxsr sse sse2 syscall nx rdtscp lm constant_tsc rep_good nopl xtopology cpuid tsc_known_freq pni pclmulqdq vmx ssse3 fma cx16 pcid sse4_1 sse4_2 x2apic movbe popcnt tsc_deadline_timer aes xsave avx f16c rdrand hypervisor lahf_lm abm cpuid_fault invpcid_single pti tpr_shadow vnmi flexpriority ept vpid ept_ad fsgsbase bmi1 avx2 smep bmi2 erms invpcid xsaveopt arat md_clear

Online cpus: 0-3
Offline cpus: 
BIOS frequency limitation: <Not Available>
Frequency switch latency (ns): <Not Available>
Available cpu frequencies: <Not Available>
Current governor: <Not Available>
Core performance/turbo boost: <Not Available>

Memory: 4k page, physical 16014448k(762108k free), swap 8388604k(8370064k free)
Page Sizes: 4k

vm_info: OpenJDK Server VM (17.0.11+9-LTS) for linux-x86 JRE (17.0.11+9-LTS) (Zulu17.50+19-CA), built on Apr  9 2024 07:14:46 by "zulu_re" with gcc 8.3.0

END.
