#
# A fatal error has been detected by the Java Runtime Environment:
#
#  SIGSEGV (0xb) at pc=0xf7898618, pid=159015, tid=159015
#
# JRE version: OpenJDK Runtime Environment Zulu17.50+19-CA (17.0.11+9) (build 17.0.11+9-LTS)
# Java VM: OpenJDK Server VM Zulu17.50+19-CA (17.0.11+9-LTS, mixed mode, sharing, tiered, g1 gc, linux-x86)
# Problematic frame:
# C  [libc.so.6+0x84618]  cfree+0x28
#
# Core dump will be written. Default location: Core dumps may be processed with "/usr/lib/systemd/systemd-coredump %P %u %g %s %t %c %h %e" (or dumping to /home/almalinux/swg-returns-nge/exe/linux/core.159015)
#
# If you would like to submit a bug report, please visit:
#   http://www.azul.com/support/
#

---------------  S U M M A R Y ------------

Command Line: -Xms128m -Xmx512m -Xss768k -XX:MaxMetaspaceSize=96m -Xrs -XX:-UsePerfData -XX:-AllowUserSignalHandlers -XX:UseSSE=3 -XX+DoEscapeAnalysis -XX:AutoBoxCacheMax:2000 -XX:+OptimizeStringConcat -XX:+OptimizeFill -XX:+EliminateAutoBox -XX:+UseCompressedStrings -XX:+UseCompressedOops -XX:+EliminateLocks -XX:UseFastAccessorMethods -XX:+UseStringCache -XgcPrio:throughput -XXkeepAreaRatio:1 -XXlazyUnlocking -XXcallProfiling -XXcompactRatio:1 

Host: Intel Core Processor (Haswell, no TSX), 4 cores, 15G, AlmaLinux release 8.10 (Cerulean Leopard)
Time: Sat Jan 31 19:03:13 2026 UTC elapsed time: 3174.223929 seconds (0d 0h 52m 54s)

---------------  T H R E A D  ---------------

Current thread is native thread

Stack: [0xffcf1000,0xffdb1000],  sp=0xffdadfa0,  free space=755k
Native frames: (J=compiled Java code, j=interpreted, Vv=VM code, C=native code)
C  [libc.so.6+0x84618]  cfree+0x28


siginfo: si_signo: 11 (SIGSEGV), si_code: 1 (SEGV_MAPERR), si_addr: 0x00000003

Registers:
EAX=0x00000000, EBX=0x00000007, ECX=0xf6ed684c, EDX=0x0a5f2d88
ESP=0xffdadfa0, EBP=0xffdae0d8, ESI=0xf79b9000, EDI=0x00000000
EIP=0xf7898618, EFLAGS=0x00210202, CR2=0x0000000000000003


Top of Stack: (sp=0xffdadfa0)
0xffdadfa0:   0a276010 00000000 ffdae0d8 f7b25f1c
0xffdadfb0:   0a2760a0 f7c3ca04 0a5f2d60 f7b25f1c
0xffdadfc0:   00000007 f7b25f0a f7c3ca04 f7b25f4c
0xffdadfd0:   0a2760a0 f7b25f0a 0a5f6b00 085b6163
0xffdadfe0:   00000007 0a276010 0a275d20 085bb8d1
0xffdadff0:   0a276010 0a275d20 00000000 085bb89b
0xffdae000:   0ba94d60 ffdae027 ffdae04c 085c6969
0xffdae010:   087d6c00 ffdae04c ffdae0d8 084fc53b
0xffdae020:   00000014 00010002 00000000 00000000
0xffdae030:   01010100 00000001 09aa44c0 00000000
0xffdae040:   00000000 00000000 00000000 00000000
0xffdae050:   00000000 00000014 ffdae1a8 f78496ff
0xffdae060:   f79b941c 47677753 53656d61 65767265
0xffdae070:   35313a72 35313039 09290100 0a5d8120
0xffdae080:   08ea0100 08ebc230 08ea5888 f79b941c
0xffdae090:   00000428 00000420 f7849779 085758fd
0xffdae0a0:   08ea2a80 09b1ea78 08ea5888 08574f56
0xffdae0b0:   0929a2c4 0929a2c4 ffdae1a8 08ea583b
0xffdae0c0:   0000000c ffdae174 ffdae0f0 f79b9000
0xffdae0d0:   00000000 08575910 00000000 f7831f26
0xffdae0e0:   00000000 08575910 00000000 f7831f26
0xffdae0f0:   0000000c ffdae174 ffdae1a8 ffdae114
0xffdae100:   0929a2d0 00000000 ffdae1a8 f79b9000
0xffdae110:   f782175c f79b9000 00000000 08575910
0xffdae120:   00000000 0e218590 bdddad80 00000000
0xffdae130:   00000000 00000000 f7f384d0 f7831e30
0xffdae140:   084fc260 0929a2c4 0000000c 08575946
0xffdae150:   084fc260 0000000c ffdae174 08ea57f0
0xffdae160:   08ea5850 f7f384d0 ffdae16c f7f65970
0xffdae170:   0000000c ffdaf63d ffdaf64f ffdaf652
0xffdae180:   ffdaf664 ffdaf667 ffdaf672 ffdaf696
0xffdae190:   ffdaf6a6 ffdaf6b7 ffdaf6d8 ffdaf6db 

Instructions: (pc=0xf7898618)
0xf7898518:   50 8d 96 86 f7 fa ff 8d 86 d0 2f fb ff e8 c6 b7
0xf7898528:   ff ff 8d b6 00 00 00 00 bb 20 00 00 00 e9 5e fe
0xf7898538:   ff ff e8 a1 c0 ff ff 89 c5 85 c0 0f 85 68 ff ff
0xf7898548:   ff 31 d2 8d 44 3b 10 e8 8c c1 ff ff 89 da 89 f9
0xf7898558:   89 c5 e8 11 f0 ff ff 89 c2 85 c0 75 1b 85 ed 74
0xf7898568:   17 90 89 fa 89 e8 e8 bd c5 ff ff 89 da 89 f9 89
0xf7898578:   c5 e8 f2 ef ff ff 89 c2 85 ed 0f 84 57 ff ff ff
0xf7898588:   e9 39 ff ff ff 8d 86 b8 31 fb ff 83 ec 0c b9 25
0xf7898598:   0d 00 00 50 8d 96 86 f7 fa ff 8d 86 74 2f fb ff
0xf78985a8:   e8 43 b7 ff ff 8d 76 00 f3 0f 1e fb e8 0a 9a f9
0xf78985b8:   ff 05 47 0a 12 00 56 53 83 ec 04 8b 5c 24 10 8b
0xf78985c8:   74 24 14 8b 80 50 ff ff ff c7 00 00 00 00 00 e8
0xf78985d8:   54 bb ff ff 8b 4c 24 0c 83 c4 04 89 f2 89 d8 5b
0xf78985e8:   5e e9 42 fd ff ff 66 90 f3 0f 1e fb 56 e8 9a 9b
0xf78985f8:   f9 ff 81 c6 06 0a 12 00 53 83 ec 14 8b 5c 24 20
0xf7898608:   8b 86 5c ff ff ff 8b 00 85 c0 75 6c 85 db 74 75
0xf7898618:   8b 4b fc 8d 53 f8 f6 c1 02 75 35 8b 86 70 fe ff
0xf7898628:   ff 65 8b 00 85 c0 0f 84 8c 00 00 00 83 e1 04 8d
0xf7898638:   86 60 07 00 00 74 09 89 d0 25 00 00 f0 ff 8b 00
0xf7898648:   83 c4 14 31 c9 5b 5e e9 8c cb ff ff 8d 74 26 00
0xf7898658:   8b 9e 60 01 00 00 85 db 75 10 3b 8e 48 01 00 00
0xf7898668:   76 08 81 f9 00 00 08 00 76 26 83 c4 14 89 d0 5b
0xf7898678:   5e e9 92 b8 ff ff 66 90 83 ec 08 ff 74 24 24 53
0xf7898688:   ff d0 83 c4 10 83 c4 14 5b 5e c3 8d 74 26 00 90
0xf7898698:   39 96 80 1d 00 00 77 08 39 96 7c 1d 00 00 77 ca
0xf78986a8:   83 e1 f8 8d 04 09 89 8e 48 01 00 00 89 86 40 01
0xf78986b8:   00 00 90 eb b5 8d 76 00 8b 86 74 fe ff ff 65 80
0xf78986c8:   38 00 0f 85 64 ff ff ff 89 54 24 0c e8 97 ed ff
0xf78986d8:   ff 8b 4b fc 8b 54 24 0c e9 4f ff ff ff 8d b4 26
0xf78986e8:   00 00 00 00 8d 74 26 00 f3 0f 1e fb 55 57 56 e8
0xf78986f8:   98 9a f9 ff 81 c6 04 09 12 00 53 83 ec 0c 8b 86
0xf7898708:   70 fe ff ff 8b 96 74 fe ff ff 65 8b 28 65 c6 02 



---------------  P R O C E S S  ---------------

VM state: at safepoint (shutting down)

VM Mutex/Monitor currently owned by a thread:  ([mutex/lock_event])
[0xf5e21d30] Threads_lock - owner thread: 0xc4194cf0

GC Precious Log:
<Skipped>

Heap:
 garbage-first heap   total 131072K, used 83682K [0xc5c00000, 0xe5c00000)
  region size 1024K, 66 young (67584K), 7 survivors (7168K)
 Metaspace       used 10647K, committed 12288K, reserved 16384K

Heap Regions: E=young(eden), S=young(survivor), O=old, HS=humongous(starts), HC=humongous(continues), CS=collection set, F=free, OA=open archive, CA=closed archive, TAMS=top-at-mark-start (previous, next)
|   0|0xc5c00000, 0xc5d00000, 0xc5d00000|100%| O|  |TAMS 0xc5c00000, 0xc5c00000| Untracked 
|   1|0xc5d00000, 0xc5e00000, 0xc5e00000|100%| O|  |TAMS 0xc5d00000, 0xc5d00000| Untracked 
|   2|0xc5e00000, 0xc5f00000, 0xc5f00000|100%| O|  |TAMS 0xc5e00000, 0xc5e00000| Untracked 
|   3|0xc5f00000, 0xc6000000, 0xc6000000|100%| O|  |TAMS 0xc5f00000, 0xc5f00000| Untracked 
|   4|0xc6000000, 0xc6100000, 0xc6100000|100%| O|  |TAMS 0xc6000000, 0xc6000000| Untracked 
|   5|0xc6100000, 0xc6200000, 0xc6200000|100%| O|  |TAMS 0xc6100000, 0xc6100000| Untracked 
|   6|0xc6200000, 0xc6300000, 0xc6300000|100%| O|  |TAMS 0xc6200000, 0xc6200000| Untracked 
|   7|0xc6300000, 0xc6400000, 0xc6400000|100%| O|  |TAMS 0xc6300000, 0xc6300000| Untracked 
|   8|0xc6400000, 0xc6500000, 0xc6500000|100%| O|  |TAMS 0xc6400000, 0xc6400000| Untracked 
|   9|0xc6500000, 0xc6600000, 0xc6600000|100%| O|  |TAMS 0xc6500000, 0xc6500000| Untracked 
|  10|0xc6600000, 0xc6700000, 0xc6700000|100%| O|  |TAMS 0xc6600000, 0xc6600000| Untracked 
|  11|0xc6700000, 0xc6800000, 0xc6800000|100%| O|  |TAMS 0xc6700000, 0xc6700000| Untracked 
|  12|0xc6800000, 0xc6900000, 0xc6900000|100%| O|  |TAMS 0xc6800000, 0xc6800000| Untracked 
|  13|0xc6900000, 0xc6a00000, 0xc6a00000|100%| O|  |TAMS 0xc6900000, 0xc6900000| Untracked 
|  14|0xc6a00000, 0xc6b00000, 0xc6b00000|100%| O|  |TAMS 0xc6a00000, 0xc6a00000| Untracked 
|  15|0xc6b00000, 0xc6c00000, 0xc6c00000|100%| O|  |TAMS 0xc6b00000, 0xc6b00000| Untracked 
|  16|0xc6c00000, 0xc6d00000, 0xc6d00000|100%| O|  |TAMS 0xc6c00000, 0xc6c00000| Untracked 
|  17|0xc6d00000, 0xc6d15200, 0xc6e00000|  8%| O|  |TAMS 0xc6d00000, 0xc6d00000| Untracked 
|  18|0xc6e00000, 0xc6e00000, 0xc6f00000|  0%| F|  |TAMS 0xc6e00000, 0xc6e00000| Untracked 
|  19|0xc6f00000, 0xc6f00000, 0xc7000000|  0%| F|  |TAMS 0xc6f00000, 0xc6f00000| Untracked 
|  20|0xc7000000, 0xc7000000, 0xc7100000|  0%| F|  |TAMS 0xc7000000, 0xc7000000| Untracked 
|  21|0xc7100000, 0xc7100000, 0xc7200000|  0%| F|  |TAMS 0xc7100000, 0xc7100000| Untracked 
|  22|0xc7200000, 0xc7200000, 0xc7300000|  0%| F|  |TAMS 0xc7200000, 0xc7200000| Untracked 
|  23|0xc7300000, 0xc7300000, 0xc7400000|  0%| F|  |TAMS 0xc7300000, 0xc7300000| Untracked 
|  24|0xc7400000, 0xc7400000, 0xc7500000|  0%| F|  |TAMS 0xc7400000, 0xc7400000| Untracked 
|  25|0xc7500000, 0xc7500000, 0xc7600000|  0%| F|  |TAMS 0xc7500000, 0xc7500000| Untracked 
|  26|0xc7600000, 0xc7600000, 0xc7700000|  0%| F|  |TAMS 0xc7600000, 0xc7600000| Untracked 
|  27|0xc7700000, 0xc7700000, 0xc7800000|  0%| F|  |TAMS 0xc7700000, 0xc7700000| Untracked 
|  28|0xc7800000, 0xc7800000, 0xc7900000|  0%| F|  |TAMS 0xc7800000, 0xc7800000| Untracked 
|  29|0xc7900000, 0xc7900000, 0xc7a00000|  0%| F|  |TAMS 0xc7900000, 0xc7900000| Untracked 
|  30|0xc7a00000, 0xc7a00000, 0xc7b00000|  0%| F|  |TAMS 0xc7a00000, 0xc7a00000| Untracked 
|  31|0xc7b00000, 0xc7b00000, 0xc7c00000|  0%| F|  |TAMS 0xc7b00000, 0xc7b00000| Untracked 
|  32|0xc7c00000, 0xc7c00000, 0xc7d00000|  0%| F|  |TAMS 0xc7c00000, 0xc7c00000| Untracked 
|  33|0xc7d00000, 0xc7d00000, 0xc7e00000|  0%| F|  |TAMS 0xc7d00000, 0xc7d00000| Untracked 
|  34|0xc7e00000, 0xc7e00000, 0xc7f00000|  0%| F|  |TAMS 0xc7e00000, 0xc7e00000| Untracked 
|  35|0xc7f00000, 0xc7f00000, 0xc8000000|  0%| F|  |TAMS 0xc7f00000, 0xc7f00000| Untracked 
|  36|0xc8000000, 0xc8000000, 0xc8100000|  0%| F|  |TAMS 0xc8000000, 0xc8000000| Untracked 
|  37|0xc8100000, 0xc8100000, 0xc8200000|  0%| F|  |TAMS 0xc8100000, 0xc8100000| Untracked 
|  38|0xc8200000, 0xc8200000, 0xc8300000|  0%| F|  |TAMS 0xc8200000, 0xc8200000| Untracked 
|  39|0xc8300000, 0xc8300000, 0xc8400000|  0%| F|  |TAMS 0xc8300000, 0xc8300000| Untracked 
|  40|0xc8400000, 0xc8400000, 0xc8500000|  0%| F|  |TAMS 0xc8400000, 0xc8400000| Untracked 
|  41|0xc8500000, 0xc8500000, 0xc8600000|  0%| F|  |TAMS 0xc8500000, 0xc8500000| Untracked 
|  42|0xc8600000, 0xc8600000, 0xc8700000|  0%| F|  |TAMS 0xc8600000, 0xc8600000| Untracked 
|  43|0xc8700000, 0xc8700000, 0xc8800000|  0%| F|  |TAMS 0xc8700000, 0xc8700000| Untracked 
|  44|0xc8800000, 0xc8800000, 0xc8900000|  0%| F|  |TAMS 0xc8800000, 0xc8800000| Untracked 
|  45|0xc8900000, 0xc8900000, 0xc8a00000|  0%| F|  |TAMS 0xc8900000, 0xc8900000| Untracked 
|  46|0xc8a00000, 0xc8a00000, 0xc8b00000|  0%| F|  |TAMS 0xc8a00000, 0xc8a00000| Untracked 
|  47|0xc8b00000, 0xc8b00000, 0xc8c00000|  0%| F|  |TAMS 0xc8b00000, 0xc8b00000| Untracked 
|  48|0xc8c00000, 0xc8c00000, 0xc8d00000|  0%| F|  |TAMS 0xc8c00000, 0xc8c00000| Untracked 
|  49|0xc8d00000, 0xc8d00000, 0xc8e00000|  0%| F|  |TAMS 0xc8d00000, 0xc8d00000| Untracked 
|  50|0xc8e00000, 0xc8ea3100, 0xc8f00000| 63%| S|CS|TAMS 0xc8e00000, 0xc8e00000| Complete 
|  51|0xc8f00000, 0xc8f00000, 0xc9000000|  0%| F|  |TAMS 0xc8f00000, 0xc8f00000| Untracked 
|  52|0xc9000000, 0xc9000000, 0xc9100000|  0%| F|  |TAMS 0xc9000000, 0xc9000000| Untracked 
|  53|0xc9100000, 0xc9200000, 0xc9200000|100%| S|CS|TAMS 0xc9100000, 0xc9100000| Complete 
|  54|0xc9200000, 0xc9300000, 0xc9300000|100%| S|CS|TAMS 0xc9200000, 0xc9200000| Complete 
|  55|0xc9300000, 0xc9400000, 0xc9400000|100%| S|CS|TAMS 0xc9300000, 0xc9300000| Complete 
|  56|0xc9400000, 0xc9500000, 0xc9500000|100%| S|CS|TAMS 0xc9400000, 0xc9400000| Complete 
|  57|0xc9500000, 0xc9600000, 0xc9600000|100%| S|CS|TAMS 0xc9500000, 0xc9500000| Complete 
|  58|0xc9600000, 0xc9700000, 0xc9700000|100%| S|CS|TAMS 0xc9600000, 0xc9600000| Complete 
|  59|0xc9700000, 0xc9700000, 0xc9800000|  0%| F|  |TAMS 0xc9700000, 0xc9700000| Untracked 
|  60|0xc9800000, 0xc9800000, 0xc9900000|  0%| F|  |TAMS 0xc9800000, 0xc9800000| Untracked 
|  61|0xc9900000, 0xc9900000, 0xc9a00000|  0%| F|  |TAMS 0xc9900000, 0xc9900000| Untracked 
|  62|0xc9a00000, 0xc9a00000, 0xc9b00000|  0%| F|  |TAMS 0xc9a00000, 0xc9a00000| Untracked 
|  63|0xc9b00000, 0xc9b00000, 0xc9c00000|  0%| F|  |TAMS 0xc9b00000, 0xc9b00000| Untracked 
|  64|0xc9c00000, 0xc9c00000, 0xc9d00000|  0%| F|  |TAMS 0xc9c00000, 0xc9c00000| Untracked 
|  65|0xc9d00000, 0xc9d00000, 0xc9e00000|  0%| F|  |TAMS 0xc9d00000, 0xc9d00000| Untracked 
|  66|0xc9e00000, 0xc9e00000, 0xc9f00000|  0%| F|  |TAMS 0xc9e00000, 0xc9e00000| Untracked 
|  67|0xc9f00000, 0xc9f00000, 0xca000000|  0%| F|  |TAMS 0xc9f00000, 0xc9f00000| Untracked 
|  68|0xca000000, 0xca000000, 0xca100000|  0%| F|  |TAMS 0xca000000, 0xca000000| Untracked 
|  69|0xca100000, 0xca100800, 0xca200000|  0%| E|  |TAMS 0xca100000, 0xca100000| Complete 
|  70|0xca200000, 0xca300000, 0xca300000|100%| E|CS|TAMS 0xca200000, 0xca200000| Complete 
|  71|0xca300000, 0xca400000, 0xca400000|100%| E|CS|TAMS 0xca300000, 0xca300000| Complete 
|  72|0xca400000, 0xca500000, 0xca500000|100%| E|CS|TAMS 0xca400000, 0xca400000| Complete 
|  73|0xca500000, 0xca600000, 0xca600000|100%| E|CS|TAMS 0xca500000, 0xca500000| Complete 
|  74|0xca600000, 0xca700000, 0xca700000|100%| E|CS|TAMS 0xca600000, 0xca600000| Complete 
|  75|0xca700000, 0xca800000, 0xca800000|100%| E|CS|TAMS 0xca700000, 0xca700000| Complete 
|  76|0xca800000, 0xca900000, 0xca900000|100%| E|CS|TAMS 0xca800000, 0xca800000| Complete 
|  77|0xca900000, 0xcaa00000, 0xcaa00000|100%| E|CS|TAMS 0xca900000, 0xca900000| Complete 
|  78|0xcaa00000, 0xcab00000, 0xcab00000|100%| E|CS|TAMS 0xcaa00000, 0xcaa00000| Complete 
|  79|0xcab00000, 0xcac00000, 0xcac00000|100%| E|CS|TAMS 0xcab00000, 0xcab00000| Complete 
|  80|0xcac00000, 0xcad00000, 0xcad00000|100%| E|CS|TAMS 0xcac00000, 0xcac00000| Complete 
|  81|0xcad00000, 0xcae00000, 0xcae00000|100%| E|CS|TAMS 0xcad00000, 0xcad00000| Complete 
|  82|0xcae00000, 0xcaf00000, 0xcaf00000|100%| E|CS|TAMS 0xcae00000, 0xcae00000| Complete 
|  83|0xcaf00000, 0xcb000000, 0xcb000000|100%| E|CS|TAMS 0xcaf00000, 0xcaf00000| Complete 
|  84|0xcb000000, 0xcb100000, 0xcb100000|100%| E|CS|TAMS 0xcb000000, 0xcb000000| Complete 
|  85|0xcb100000, 0xcb200000, 0xcb200000|100%| E|CS|TAMS 0xcb100000, 0xcb100000| Complete 
|  86|0xcb200000, 0xcb300000, 0xcb300000|100%| E|CS|TAMS 0xcb200000, 0xcb200000| Complete 
|  87|0xcb300000, 0xcb400000, 0xcb400000|100%| E|CS|TAMS 0xcb300000, 0xcb300000| Complete 
|  88|0xcb400000, 0xcb500000, 0xcb500000|100%| E|CS|TAMS 0xcb400000, 0xcb400000| Complete 
|  89|0xcb500000, 0xcb600000, 0xcb600000|100%| E|CS|TAMS 0xcb500000, 0xcb500000| Complete 
|  90|0xcb600000, 0xcb700000, 0xcb700000|100%| E|CS|TAMS 0xcb600000, 0xcb600000| Complete 
|  91|0xcb700000, 0xcb800000, 0xcb800000|100%| E|CS|TAMS 0xcb700000, 0xcb700000| Complete 
|  92|0xcb800000, 0xcb900000, 0xcb900000|100%| E|CS|TAMS 0xcb800000, 0xcb800000| Complete 
|  93|0xcb900000, 0xcba00000, 0xcba00000|100%| E|CS|TAMS 0xcb900000, 0xcb900000| Complete 
|  94|0xcba00000, 0xcbb00000, 0xcbb00000|100%| E|CS|TAMS 0xcba00000, 0xcba00000| Complete 
|  95|0xcbb00000, 0xcbc00000, 0xcbc00000|100%| E|CS|TAMS 0xcbb00000, 0xcbb00000| Complete 
|  96|0xcbc00000, 0xcbd00000, 0xcbd00000|100%| E|CS|TAMS 0xcbc00000, 0xcbc00000| Complete 
|  97|0xcbd00000, 0xcbe00000, 0xcbe00000|100%| E|CS|TAMS 0xcbd00000, 0xcbd00000| Complete 
|  98|0xcbe00000, 0xcbf00000, 0xcbf00000|100%| E|CS|TAMS 0xcbe00000, 0xcbe00000| Complete 
|  99|0xcbf00000, 0xcc000000, 0xcc000000|100%| E|CS|TAMS 0xcbf00000, 0xcbf00000| Complete 
| 100|0xcc000000, 0xcc100000, 0xcc100000|100%| E|CS|TAMS 0xcc000000, 0xcc000000| Complete 
| 101|0xcc100000, 0xcc200000, 0xcc200000|100%| E|CS|TAMS 0xcc100000, 0xcc100000| Complete 
| 102|0xcc200000, 0xcc300000, 0xcc300000|100%| E|CS|TAMS 0xcc200000, 0xcc200000| Complete 
| 103|0xcc300000, 0xcc400000, 0xcc400000|100%| E|CS|TAMS 0xcc300000, 0xcc300000| Complete 
| 104|0xcc400000, 0xcc500000, 0xcc500000|100%| E|CS|TAMS 0xcc400000, 0xcc400000| Complete 
| 105|0xcc500000, 0xcc600000, 0xcc600000|100%| E|CS|TAMS 0xcc500000, 0xcc500000| Complete 
| 106|0xcc600000, 0xcc700000, 0xcc700000|100%| E|CS|TAMS 0xcc600000, 0xcc600000| Complete 
| 107|0xcc700000, 0xcc800000, 0xcc800000|100%| E|CS|TAMS 0xcc700000, 0xcc700000| Complete 
| 108|0xcc800000, 0xcc900000, 0xcc900000|100%| E|CS|TAMS 0xcc800000, 0xcc800000| Complete 
| 109|0xcc900000, 0xcca00000, 0xcca00000|100%| E|CS|TAMS 0xcc900000, 0xcc900000| Complete 
| 110|0xcca00000, 0xccb00000, 0xccb00000|100%| E|CS|TAMS 0xcca00000, 0xcca00000| Complete 
| 111|0xccb00000, 0xccc00000, 0xccc00000|100%| E|CS|TAMS 0xccb00000, 0xccb00000| Complete 
| 112|0xccc00000, 0xccd00000, 0xccd00000|100%| E|CS|TAMS 0xccc00000, 0xccc00000| Complete 
| 113|0xccd00000, 0xcce00000, 0xcce00000|100%| E|CS|TAMS 0xccd00000, 0xccd00000| Complete 
| 114|0xcce00000, 0xccf00000, 0xccf00000|100%| E|CS|TAMS 0xcce00000, 0xcce00000| Complete 
| 115|0xccf00000, 0xcd000000, 0xcd000000|100%| E|CS|TAMS 0xccf00000, 0xccf00000| Complete 
| 116|0xcd000000, 0xcd100000, 0xcd100000|100%| E|CS|TAMS 0xcd000000, 0xcd000000| Complete 
| 117|0xcd100000, 0xcd200000, 0xcd200000|100%| E|CS|TAMS 0xcd100000, 0xcd100000| Complete 
| 118|0xcd200000, 0xcd300000, 0xcd300000|100%| E|CS|TAMS 0xcd200000, 0xcd200000| Complete 
| 119|0xcd300000, 0xcd400000, 0xcd400000|100%| E|CS|TAMS 0xcd300000, 0xcd300000| Complete 
| 120|0xcd400000, 0xcd500000, 0xcd500000|100%| E|CS|TAMS 0xcd400000, 0xcd400000| Complete 
| 121|0xcd500000, 0xcd600000, 0xcd600000|100%| E|CS|TAMS 0xcd500000, 0xcd500000| Complete 
| 122|0xcd600000, 0xcd700000, 0xcd700000|100%| E|CS|TAMS 0xcd600000, 0xcd600000| Complete 
| 123|0xcd700000, 0xcd800000, 0xcd800000|100%| E|CS|TAMS 0xcd700000, 0xcd700000| Complete 
| 124|0xcd800000, 0xcd900000, 0xcd900000|100%| E|CS|TAMS 0xcd800000, 0xcd800000| Complete 
| 125|0xcd900000, 0xcda00000, 0xcda00000|100%| E|CS|TAMS 0xcd900000, 0xcd900000| Complete 
| 126|0xcda00000, 0xcdb00000, 0xcdb00000|100%| E|CS|TAMS 0xcda00000, 0xcda00000| Complete 
| 127|0xcdb00000, 0xcdc00000, 0xcdc00000|100%| E|CS|TAMS 0xcdb00000, 0xcdb00000| Complete 

Card table byte_map: [0xc5a00000,0xc5b00000] _byte_map_base: 0xc53d2000

Marking Bits (Prev, Next): (CMBitMap*) 0xf5e8b528, (CMBitMap*) 0xf5e8b548
 Prev Bits: [0xc5100000, 0xc5900000)
 Next Bits: [0xc4900000, 0xc5100000)

Polling page: 0xf7f2a000

Metaspace:

Usage:
   10.40 MB used.

Virtual space:
     16.00 MB reserved,      12.00 MB ( 75%) committed,  1 nodes.

Chunk freelists:
1.81 MB

MaxMetaspaceSize: 96.00 MB
No class space
Initial GC threshold: 16.00 MB
Current GC threshold: 16.00 MB
CDS: on
MetaspaceReclaimPolicy: balanced
 - commit_granule_bytes: 65536.
 - commit_granule_words: 16384.
 - virtual_space_node_default_size: 4194304.
 - enlarge_chunks_in_place: 1.
 - new_chunks_are_fully_committed: 0.
 - uncommit_free_chunks: 1.
 - use_allocation_guard: 0.
 - handle_deallocations: 1.


Internal statistics:

num_allocs_failed_limit: 0.
num_arena_births: 911.
num_arena_deaths: 0.
num_vsnodes_births: 1.
num_vsnodes_deaths: 0.
num_space_committed: 192.
num_space_uncommitted: 0.
num_chunks_returned_to_freelist: 0.
num_chunks_taken_from_freelist: 1596.
num_chunk_merges: 0.
num_chunk_splits: 1114.
num_chunks_enlarged: 722.
num_inconsistent_stats: 0.

CodeHeap 'non-profiled nmethods': size=120172Kb used=1672Kb max_used=1672Kb free=118499Kb
 bounds [0xed7f5000, 0xeda35000, 0xf4d50000]
CodeHeap 'profiled nmethods': size=120172Kb used=5661Kb max_used=5661Kb free=114510Kb
 bounds [0xe5d50000, 0xe62d8000, 0xed2ab000]
CodeHeap 'non-nmethods': size=5416Kb used=756Kb max_used=808Kb free=4660Kb
 bounds [0xed2ab000, 0xed4eb000, 0xed7f5000]
 total_blobs=2917 nmethods=2546 adapters=285
 compilation: enabled
              stopped_count=0, restarted_count=0
 full_count=0

Compilation events (20 events):
Event: 2934.224 Thread 0xc41a0580 nmethod 2539 0xe62d3d88 code [0xe62d3f00, 0xe62d438c]
Event: 2934.224 Thread 0xc41a0580 2536       3       jdk.internal.org.objectweb.asm.ClassWriter::<init> (7 bytes)
Event: 2934.224 Thread 0xc41a0580 nmethod 2536 0xe62d4488 code [0xe62d45c0, 0xe62d46ec]
Event: 2934.224 Thread 0xc41a0580 2537       3       jdk.internal.org.objectweb.asm.ClassWriter::<init> (68 bytes)
Event: 2934.224 Thread 0xc41a0580 nmethod 2537 0xe62d4788 code [0xe62d4900, 0xe62d4cc4]
Event: 2934.394 Thread 0xc419f450 nmethod 2534 0xed991188 code [0xed991520, 0xed994450]
Event: 2936.259 Thread 0xc41a0580 2542       3       script.library.buff::getAllBuffs (30 bytes)
Event: 2936.260 Thread 0xc41a0580 nmethod 2542 0xe62d4e08 code [0xe62d5000, 0xe62d57a4]
Event: 2938.319 Thread 0xc41a0580 2543       3       script.library.stealth::getInvisBuff (66 bytes)
Event: 2938.320 Thread 0xc41a0580 nmethod 2543 0xe62d5a88 code [0xe62d5ce0, 0xe62d671c]
Event: 2938.321 Thread 0xc41a0580 2544       3       java.util.Locale::getLanguage (8 bytes)
Event: 2938.322 Thread 0xc41a0580 nmethod 2544 0xe62d6c08 code [0xe62d6d40, 0xe62d6e60]
Event: 2938.501 Thread 0xc41a0580 2545       3       script.base_class::queueCommand (16 bytes)
Event: 2938.501 Thread 0xc41a0580 nmethod 2545 0xe62d6f08 code [0xe62d7060, 0xe62d738c]
Event: 2940.371 Thread 0xc419f450 2547       4       script.base_class::getTopMostContainer (11 bytes)
Event: 2940.373 Thread 0xc419f450 nmethod 2547 0xed995b88 code [0xed995cc0, 0xed995da4]
Event: 3032.027 Thread 0xc419f450 2548       4       java.lang.invoke.LambdaForm$MH/0xc25523f0::invoke (202 bytes)
Event: 3032.034 Thread 0xc419f450 nmethod 2548 0xed995e88 code [0xed996060, 0xed996588]
Event: 3089.881 Thread 0xc419f450 2549       4       java.lang.invoke.Invokers$Holder::linkToTargetMethod (13 bytes)
Event: 3089.883 Thread 0xc419f450 nmethod 2549 0xed996f88 code [0xed9970c0, 0xed9971a4]

GC Heap History (20 events):
Event: 118.777 GC heap before
{Heap before GC invocations=2 (full 0):
 garbage-first heap   total 131072K, used 77549K [0xc5c00000, 0xe5c00000)
  region size 1024K, 73 young (74752K), 1 survivors (1024K)
 Metaspace       used 5100K, committed 5696K, reserved 16384K
}
Event: 118.790 GC heap after
{Heap after GC invocations=3 (full 0):
 garbage-first heap   total 131072K, used 6556K [0xc5c00000, 0xe5c00000)
  region size 1024K, 4 young (4096K), 4 survivors (4096K)
 Metaspace       used 5100K, committed 5696K, reserved 16384K
}
Event: 131.742 GC heap before
{Heap before GC invocations=3 (full 0):
 garbage-first heap   total 131072K, used 80284K [0xc5c00000, 0xe5c00000)
  region size 1024K, 76 young (77824K), 4 survivors (4096K)
 Metaspace       used 5624K, committed 6336K, reserved 16384K
}
Event: 131.758 GC heap after
{Heap after GC invocations=4 (full 0):
 garbage-first heap   total 131072K, used 7918K [0xc5c00000, 0xe5c00000)
  region size 1024K, 5 young (5120K), 5 survivors (5120K)
 Metaspace       used 5624K, committed 6336K, reserved 16384K
}
Event: 142.249 GC heap before
{Heap before GC invocations=4 (full 0):
 garbage-first heap   total 131072K, used 80622K [0xc5c00000, 0xe5c00000)
  region size 1024K, 76 young (77824K), 5 survivors (5120K)
 Metaspace       used 6231K, committed 7040K, reserved 16384K
}
Event: 142.287 GC heap after
{Heap after GC invocations=5 (full 0):
 garbage-first heap   total 131072K, used 9155K [0xc5c00000, 0xe5c00000)
  region size 1024K, 7 young (7168K), 7 survivors (7168K)
 Metaspace       used 6231K, committed 7040K, reserved 16384K
}
Event: 200.012 GC heap before
{Heap before GC invocations=5 (full 0):
 garbage-first heap   total 131072K, used 79811K [0xc5c00000, 0xe5c00000)
  region size 1024K, 76 young (77824K), 7 survivors (7168K)
 Metaspace       used 7118K, committed 8064K, reserved 16384K
}
Event: 200.047 GC heap after
{Heap after GC invocations=6 (full 0):
 garbage-first heap   total 131072K, used 10841K [0xc5c00000, 0xe5c00000)
  region size 1024K, 5 young (5120K), 5 survivors (5120K)
 Metaspace       used 7118K, committed 8064K, reserved 16384K
}
Event: 312.713 GC heap before
{Heap before GC invocations=6 (full 0):
 garbage-first heap   total 131072K, used 83545K [0xc5c00000, 0xe5c00000)
  region size 1024K, 76 young (77824K), 5 survivors (5120K)
 Metaspace       used 7410K, committed 8384K, reserved 16384K
}
Event: 312.747 GC heap after
{Heap after GC invocations=7 (full 0):
 garbage-first heap   total 131072K, used 12823K [0xc5c00000, 0xe5c00000)
  region size 1024K, 7 young (7168K), 7 survivors (7168K)
 Metaspace       used 7410K, committed 8384K, reserved 16384K
}
Event: 321.047 GC heap before
{Heap before GC invocations=7 (full 0):
 garbage-first heap   total 131072K, used 83479K [0xc5c00000, 0xe5c00000)
  region size 1024K, 76 young (77824K), 7 survivors (7168K)
 Metaspace       used 8103K, committed 9280K, reserved 16384K
}
Event: 321.094 GC heap after
{Heap after GC invocations=8 (full 0):
 garbage-first heap   total 131072K, used 14320K [0xc5c00000, 0xe5c00000)
  region size 1024K, 7 young (7168K), 7 survivors (7168K)
 Metaspace       used 8103K, committed 9280K, reserved 16384K
}
Event: 439.018 GC heap before
{Heap before GC invocations=8 (full 0):
 garbage-first heap   total 131072K, used 84976K [0xc5c00000, 0xe5c00000)
  region size 1024K, 76 young (77824K), 7 survivors (7168K)
 Metaspace       used 8854K, committed 10048K, reserved 16384K
}
Event: 439.092 GC heap after
{Heap after GC invocations=9 (full 0):
 garbage-first heap   total 131072K, used 17446K [0xc5c00000, 0xe5c00000)
  region size 1024K, 7 young (7168K), 7 survivors (7168K)
 Metaspace       used 8854K, committed 10048K, reserved 16384K
}
Event: 491.057 GC heap before
{Heap before GC invocations=9 (full 0):
 garbage-first heap   total 131072K, used 88102K [0xc5c00000, 0xe5c00000)
  region size 1024K, 76 young (77824K), 7 survivors (7168K)
 Metaspace       used 8993K, committed 10240K, reserved 16384K
}
Event: 491.110 GC heap after
{Heap after GC invocations=10 (full 0):
 garbage-first heap   total 131072K, used 18628K [0xc5c00000, 0xe5c00000)
  region size 1024K, 6 young (6144K), 6 survivors (6144K)
 Metaspace       used 8993K, committed 10240K, reserved 16384K
}
Event: 643.373 GC heap before
{Heap before GC invocations=10 (full 0):
 garbage-first heap   total 131072K, used 90308K [0xc5c00000, 0xe5c00000)
  region size 1024K, 76 young (77824K), 6 survivors (6144K)
 Metaspace       used 9287K, committed 10560K, reserved 16384K
}
Event: 643.427 GC heap after
{Heap after GC invocations=11 (full 0):
 garbage-first heap   total 131072K, used 21504K [0xc5c00000, 0xe5c00000)
  region size 1024K, 7 young (7168K), 7 survivors (7168K)
 Metaspace       used 9287K, committed 10560K, reserved 16384K
}
Event: 713.725 GC heap before
{Heap before GC invocations=11 (full 0):
 garbage-first heap   total 131072K, used 92160K [0xc5c00000, 0xe5c00000)
  region size 1024K, 76 young (77824K), 7 survivors (7168K)
 Metaspace       used 9782K, committed 11200K, reserved 16384K
}
Event: 713.803 GC heap after
{Heap after GC invocations=12 (full 0):
 garbage-first heap   total 131072K, used 24288K [0xc5c00000, 0xe5c00000)
  region size 1024K, 7 young (7168K), 7 survivors (7168K)
 Metaspace       used 9782K, committed 11200K, reserved 16384K
}

Dll operation events (4 events):
Event: 0.053 Loaded shared library /usr/lib/jvm/java-17-zulu-openjdk-jdk-x86/lib/libjava.so
Event: 51.831 Loaded shared library /usr/lib/jvm/java-17-zulu-openjdk-jdk-x86/lib/libnio.so
Event: 51.832 Loaded shared library /usr/lib/jvm/java-17-zulu-openjdk-jdk-x86/lib/libjimage.so
Event: 51.887 Loaded shared library /usr/lib/jvm/java-17-zulu-openjdk-jdk-x86/lib/libnet.so

Deoptimization events (20 events):
Event: 749.054 Thread 0x0b9017e0 Uncommon trap: trap_request=0xffffff45 fr.pc=0xed927b84 relative=0x000011c4
Event: 749.054 Thread 0x0b9017e0 Uncommon trap: reason=unstable_if action=reinterpret pc=0xed927b84 method=script.library.movement.getAllModifiers(Lscript/obj_id;)[Ljava/lang/String; @ 41 c2
Event: 749.054 Thread 0x0b9017e0 DEOPT PACKING pc=0xed927b84 sp=0xffdac1e0
Event: 749.054 Thread 0x0b9017e0 DEOPT UNPACKING pc=0xed2f4d33 sp=0xffdac1dc mode 2
Event: 755.326 Thread 0x0b9017e0 Uncommon trap: trap_request=0xffffff45 fr.pc=0xed930800 relative=0x000000c0
Event: 755.326 Thread 0x0b9017e0 Uncommon trap: reason=unstable_if action=reinterpret pc=0xed930800 method=script.library.ai_lib.isAiDead(Lscript/obj_id;)Z @ 16 c2
Event: 755.326 Thread 0x0b9017e0 DEOPT PACKING pc=0xed930800 sp=0xffdac490
Event: 755.326 Thread 0x0b9017e0 DEOPT UNPACKING pc=0xed2f4d33 sp=0xffdac46c mode 2
Event: 755.416 Thread 0x0b9017e0 Uncommon trap: trap_request=0xffffff45 fr.pc=0xed94736c relative=0x000048ac
Event: 755.416 Thread 0x0b9017e0 Uncommon trap: reason=unstable_if action=reinterpret pc=0xed94736c method=script.library.ai_lib.isAiDead(Lscript/obj_id;)Z @ 16 c2
Event: 755.416 Thread 0x0b9017e0 DEOPT PACKING pc=0xed94736c sp=0xffdad720
Event: 755.416 Thread 0x0b9017e0 DEOPT UNPACKING pc=0xed2f4d33 sp=0xffdad71c mode 2
Event: 940.005 Thread 0x0b9017e0 Uncommon trap: trap_request=0xffffff45 fr.pc=0xed92a1dc relative=0x000013dc
Event: 940.005 Thread 0x0b9017e0 Uncommon trap: reason=unstable_if action=reinterpret pc=0xed92a1dc method=script.library.ai_lib.isInCombat(Lscript/obj_id;)Z @ 6 c2
Event: 940.005 Thread 0x0b9017e0 DEOPT PACKING pc=0xed92a1dc sp=0xffdad800
Event: 940.005 Thread 0x0b9017e0 DEOPT UNPACKING pc=0xed2f4d33 sp=0xffdad7c8 mode 2
Event: 1493.781 Thread 0x0b9017e0 Uncommon trap: trap_request=0xffffffde fr.pc=0xed900c0c relative=0x0000078c
Event: 1493.782 Thread 0x0b9017e0 Uncommon trap: reason=class_check action=maybe_recompile pc=0xed900c0c method=script.deltadictionary.getInt(Ljava/lang/Object;)I @ 23 c2
Event: 1493.782 Thread 0x0b9017e0 DEOPT PACKING pc=0xed900c0c sp=0xffdad810
Event: 1493.782 Thread 0x0b9017e0 DEOPT UNPACKING pc=0xed2f4d33 sp=0xffdad818 mode 2

Classes unloaded (0 events):
No events

Classes redefined (0 events):
No events

Internal exceptions (20 events):
Event: 53.251 Thread 0x0b9017e0 Exception <a 'java/lang/NoSuchMethodError'{0xccffca20}: 'java.lang.Object java.lang.invoke.DirectMethodHandle$Holder.invokeSpecial(java.lang.Object, java.lang.Object, long, java.lang.Object, java.lang.Object, java.lang.Object, java.lang.Object, int, java.lang.Object)'> (0xccffca20) 
thrown [src/hotspot/share/interpreter/linkResolver.cpp, line 759]
Event: 53.313 Thread 0x0b9017e0 Exception <a 'java/lang/NoSuchMethodError'{0xcdb27820}: 'java.lang.Object java.lang.invoke.DelegatingMethodHandle$Holder.reinvoke_L(java.lang.Object, long, java.lang.Object, java.lang.Object, java.lang.Object, java.lang.Object, int, java.lang.Object)'> (0xcdb27820) 
thrown [src/hotspot/share/interpreter/linkResolver.cpp, line 759]
Event: 53.321 Thread 0x0b9017e0 Exception <a 'java/lang/NoSuchMethodError'{0xcdbb0768}: 'java.lang.Object java.lang.invoke.DirectMethodHandle$Holder.invokeSpecial(java.lang.Object, java.lang.Object, java.lang.Object, java.lang.Object, float)'> (0xcdbb0768) 
thrown [src/hotspot/share/interpreter/linkResolver.cpp, line 759]
Event: 53.344 Thread 0x0b9017e0 Exception <a 'java/lang/NoSuchMethodError'{0xcdbdd410}: 'java.lang.Object java.lang.invoke.DirectMethodHandle$Holder.invokeSpecial(java.lang.Object, java.lang.Object, java.lang.Object, java.lang.Object, int)'> (0xcdbdd410) 
thrown [src/hotspot/share/interpreter/linkResolver.cpp, line 759]
Event: 53.344 Thread 0x0b9017e0 Exception <a 'java/lang/NoSuchMethodError'{0xcdbe0b78}: 'java.lang.Object java.lang.invoke.Invokers$Holder.linkToTargetMethod(java.lang.Object, java.lang.Object, int, java.lang.Object)'> (0xcdbe0b78) 
thrown [src/hotspot/share/interpreter/linkResolver.cpp, line 759]
Event: 77.193 Thread 0x0b9017e0 Exception <a 'java/lang/NoSuchMethodError'{0xcd44df40}: 'java.lang.Object java.lang.invoke.DirectMethodHandle$Holder.invokeSpecial(java.lang.Object, java.lang.Object, long, java.lang.Object, java.lang.Object, java.lang.Object, java.lang.Object, java.lang.Object, java.lang.Object)'> (0xcd44df40) 
thrown [src/hotspot/share/interpreter/linkResolver.cpp, line 759]
Event: 77.194 Thread 0x0b9017e0 Exception <a 'java/lang/NoSuchMethodError'{0xcd452318}: 'java.lang.Object java.lang.invoke.DelegatingMethodHandle$Holder.reinvoke_L(java.lang.Object, long, java.lang.Object, java.lang.Object, java.lang.Object, java.lang.Object, java.lang.Object, java.lang.Object)'> (0xcd452318) 
thrown [src/hotspot/share/interpreter/linkResolver.cpp, line 759]
Event: 124.025 Thread 0x0b9017e0 Exception <a 'java/lang/NoSuchMethodError'{0xca5add68}: 'java.lang.Object java.lang.invoke.DirectMethodHandle$Holder.invokeSpecial(java.lang.Object, java.lang.Object, java.lang.Object, java.lang.Object, java.lang.Object, java.lang.Object, int)'> (0xca5add68) 
thrown [src/hotspot/share/interpreter/linkResolver.cpp, line 759]
Event: 180.386 Thread 0x0b9017e0 Implicit null exception at 0xed8acf0c to 0xed8ad2b0
Event: 184.117 Thread 0x0b9017e0 Exception <a 'java/lang/NoSuchMethodError'{0xcc65cc58}: static [Lscript/obj_id;.<clinit>()V> (0xcc65cc58) 
thrown [src/hotspot/share/prims/jni.cpp, line 1112]
Event: 241.310 Thread 0x0b9017e0 Exception <a 'java/lang/NoSuchMethodError'{0xcc287b30}: 'java.lang.Object java.lang.invoke.DirectMethodHandle$Holder.invokeSpecial(java.lang.Object, java.lang.Object, int, int, int)'> (0xcc287b30) 
thrown [src/hotspot/share/interpreter/linkResolver.cpp, line 759]
Event: 675.163 Thread 0x0b9017e0 Exception <a 'script/internal_script_exception'{0xcb59eee0}: attachScript attempt to attach empty script name to [5860039463]> (0xcb59eee0) 
thrown [src/hotspot/share/prims/jni.cpp, line 535]
Event: 675.164 Thread 0x0b9017e0 Exception <a 'java/lang/reflect/InvocationTargetException'{0xcb59f128}> (0xcb59f128) 
thrown [src/hotspot/share/runtime/reflection.cpp, line 1121]
Event: 710.120 Thread 0x0b9017e0 Exception <a 'java/lang/NoSuchMethodError'{0xca5d6ab8}: static [I.<clinit>()V> (0xca5d6ab8) 
thrown [src/hotspot/share/prims/jni.cpp, line 1112]
Event: 719.281 Thread 0x0b9017e0 Exception <a 'java/lang/NoSuchMethodError'{0xcd185670}: 'java.lang.Object java.lang.invoke.DirectMethodHandle$Holder.invokeSpecial(java.lang.Object, java.lang.Object, java.lang.Object, java.lang.Object, int, java.lang.Object)'> (0xcd185670) 
thrown [src/hotspot/share/interpreter/linkResolver.cpp, line 759]
Event: 719.281 Thread 0x0b9017e0 Exception <a 'java/lang/NoSuchMethodError'{0xcd188cd0}: 'java.lang.Object java.lang.invoke.Invokers$Holder.linkToTargetMethod(java.lang.Object, java.lang.Object, int, java.lang.Object, java.lang.Object)'> (0xcd188cd0) 
thrown [src/hotspot/share/interpreter/linkResolver.cpp, line 759]
Event: 719.287 Thread 0x0b9017e0 Exception <a 'java/lang/NoSuchMethodError'{0xcd1cc4e0}: 'java.lang.Object java.lang.invoke.DirectMethodHandle$Holder.invokeSpecial(java.lang.Object, java.lang.Object, long, java.lang.Object, java.lang.Object, java.lang.Object, int, java.lang.Object, java.lang.Object)'> (0xcd1cc4e0) 
thrown [src/hotspot/share/interpreter/linkResolver.cpp, line 759]
Event: 719.287 Thread 0x0b9017e0 Exception <a 'java/lang/NoSuchMethodError'{0xcd1d07e0}: 'java.lang.Object java.lang.invoke.DelegatingMethodHandle$Holder.reinvoke_L(java.lang.Object, long, java.lang.Object, java.lang.Object, java.lang.Object, int, java.lang.Object, java.lang.Object)'> (0xcd1d07e0) 
thrown [src/hotspot/share/interpreter/linkResolver.cpp, line 759]
Event: 2934.222 Thread 0x0b9017e0 Exception <a 'java/lang/NoSuchMethodError'{0xca434600}: 'java.lang.Object java.lang.invoke.DirectMethodHandle$Holder.invokeSpecial(java.lang.Object, java.lang.Object, java.lang.Object, java.lang.Object, java.lang.Object, int)'> (0xca434600) 
thrown [src/hotspot/share/interpreter/linkResolver.cpp, line 759]
Event: 2934.223 Thread 0x0b9017e0 Exception <a 'java/lang/NoSuchMethodError'{0xca437a38}: 'java.lang.Object java.lang.invoke.Invokers$Holder.linkToTargetMethod(java.lang.Object, java.lang.Object, java.lang.Object, int, java.lang.Object)'> (0xca437a38) 
thrown [src/hotspot/share/interpreter/linkResolver.cpp, line 759]

VM Operations (20 events):
Event: 730.810 Executing VM operation: Cleanup
Event: 730.810 Executing VM operation: Cleanup done
Event: 735.812 Executing VM operation: Cleanup
Event: 735.812 Executing VM operation: Cleanup done
Event: 749.818 Executing VM operation: Cleanup
Event: 749.818 Executing VM operation: Cleanup done
Event: 758.820 Executing VM operation: Cleanup
Event: 758.820 Executing VM operation: Cleanup done
Event: 766.825 Executing VM operation: Cleanup
Event: 766.825 Executing VM operation: Cleanup done
Event: 767.825 Executing VM operation: Cleanup
Event: 767.825 Executing VM operation: Cleanup done
Event: 769.826 Executing VM operation: Cleanup
Event: 769.826 Executing VM operation: Cleanup done
Event: 1635.564 Executing VM operation: Cleanup
Event: 1635.564 Executing VM operation: Cleanup done
Event: 1938.898 Executing VM operation: Cleanup
Event: 1938.898 Executing VM operation: Cleanup done
Event: 2333.745 Executing VM operation: Cleanup
Event: 2333.745 Executing VM operation: Cleanup done

Events (20 events):
Event: 184.364 loading class java/lang/constant/DirectMethodHandleDesc$1 done
Event: 184.365 loading class java/lang/constant/PrimitiveClassDescImpl
Event: 184.365 loading class java/lang/constant/DynamicConstantDesc
Event: 184.378 loading class java/lang/constant/DynamicConstantDesc done
Event: 184.378 loading class java/lang/constant/PrimitiveClassDescImpl done
Event: 184.378 loading class java/lang/constant/DynamicConstantDesc$AnonymousDynamicConstantDesc
Event: 184.378 loading class java/lang/constant/DynamicConstantDesc$AnonymousDynamicConstantDesc done
Event: 675.165 loading class java/lang/Throwable$WrappedPrintStream
Event: 675.165 loading class java/lang/Throwable$PrintStreamOrWriter
Event: 675.165 loading class java/lang/Throwable$PrintStreamOrWriter done
Event: 675.165 loading class java/lang/Throwable$WrappedPrintStream done
Event: 675.165 loading class java/lang/StackTraceElement$HashedModules
Event: 675.166 loading class java/lang/StackTraceElement$HashedModules done
Event: 713.885 loading class java/lang/AssertionError
Event: 713.886 loading class java/lang/AssertionError done
Event: 719.112 loading class java/util/Vector$Itr
Event: 719.115 loading class java/util/Vector$Itr done
Event: 3154.541 Thread 0x0b9017e0 Thread exited: 0x0b9017e0
Event: 3154.548 Thread 0xc419bff0 Thread exited: 0xc419bff0
Event: 3154.548 Thread 0xf5e242d0 Thread exited: 0xf5e242d0


Dynamic libraries:
08048000-09298000 r-xp 00000000 08:04 494947248                          /home/almalinux/swg-returns-nge/build/bin/SwgGameServer
09298000-0929c000 rw-p 0124f000 08:04 494947248                          /home/almalinux/swg-returns-nge/build/bin/SwgGameServer
0929c000-09b1f000 rw-p 00000000 00:00 0 
0a23c000-21ca9000 rw-p 00000000 00:00 0                                  [heap]
bde00000-bde4b000 rw-p 00000000 00:00 0 
bde4b000-bdf00000 ---p 00000000 00:00 0 
be000000-be100000 rw-p 00000000 00:00 0 
be300000-be3f9000 rw-p 00000000 00:00 0 
be3f9000-be400000 ---p 00000000 00:00 0 
be400000-be4ff000 rw-p 00000000 00:00 0 
be4ff000-be500000 ---p 00000000 00:00 0 
be500000-be5f9000 rw-p 00000000 00:00 0 
be5f9000-be600000 ---p 00000000 00:00 0 
be800000-be8ff000 rw-p 00000000 00:00 0 
be8ff000-be900000 ---p 00000000 00:00 0 
bec00000-bece5000 rw-p 00000000 00:00 0 
bece5000-bed00000 ---p 00000000 00:00 0 
bee00000-beef8000 rw-p 00000000 00:00 0 
beef8000-bef00000 ---p 00000000 00:00 0 
bef00000-bf000000 rw-p 00000000 00:00 0 
bf000000-bf0f9000 rw-p 00000000 00:00 0 
bf0f9000-bf100000 ---p 00000000 00:00 0 
bf100000-bf1ce000 rw-p 00000000 00:00 0 
bf1ce000-bf200000 ---p 00000000 00:00 0 
bf200000-bf2f9000 rw-p 00000000 00:00 0 
bf2f9000-bf300000 ---p 00000000 00:00 0 
bf500000-bf5f9000 rw-p 00000000 00:00 0 
bf5f9000-bf600000 ---p 00000000 00:00 0 
bf600000-bf6ab000 rw-p 00000000 00:00 0 
bf6ab000-bf700000 ---p 00000000 00:00 0 
bf700000-bf7f9000 rw-p 00000000 00:00 0 
bf7f9000-bf800000 ---p 00000000 00:00 0 
bf800000-bf8f9000 rw-p 00000000 00:00 0 
bf8f9000-bf900000 ---p 00000000 00:00 0 
bf900000-bf9f9000 rw-p 00000000 00:00 0 
bf9f9000-bfa00000 ---p 00000000 00:00 0 
bfa00000-bfaf9000 rw-p 00000000 00:00 0 
bfaf9000-bfb00000 ---p 00000000 00:00 0 
bfb00000-bfbf9000 rw-p 00000000 00:00 0 
bfbf9000-bfc00000 ---p 00000000 00:00 0 
bfc00000-bfcfb000 rw-p 00000000 00:00 0 
bfcfb000-bfd00000 ---p 00000000 00:00 0 
bfd00000-bfdf9000 rw-p 00000000 00:00 0 
bfdf9000-bfe00000 ---p 00000000 00:00 0 
bfe00000-bfef9000 rw-p 00000000 00:00 0 
bfef9000-bff00000 ---p 00000000 00:00 0 
bff00000-bfff8000 rw-p 00000000 00:00 0 
bfff8000-c0000000 ---p 00000000 00:00 0 
c0000000-c00fc000 rw-p 00000000 00:00 0 
c00fc000-c0100000 ---p 00000000 00:00 0 
c0100000-c01f9000 rw-p 00000000 00:00 0 
c01f9000-c0200000 ---p 00000000 00:00 0 
c0300000-c03fe000 rw-p 00000000 00:00 0 
c03fe000-c0400000 ---p 00000000 00:00 0 
c0400000-c04ff000 rw-p 00000000 00:00 0 
c04ff000-c0500000 ---p 00000000 00:00 0 
c0500000-c0600000 rw-p 00000000 00:00 0 
c1218000-c1219000 ---p 00000000 00:00 0 
c1219000-c1299000 rw-p 00000000 00:00 0 
c1299000-c129a000 ---p 00000000 00:00 0 
c129a000-c131a000 rw-p 00000000 00:00 0 
c131a000-c131b000 ---p 00000000 00:00 0 
c131b000-c139b000 rw-p 00000000 00:00 0 
c167f000-c1683000 ---p 00000000 00:00 0 
c1683000-c1740000 rw-p 00000000 00:00 0 
c1740000-c1744000 ---p 00000000 00:00 0 
c1744000-c1801000 rw-p 00000000 00:00 0 
c1801000-c1802000 ---p 00000000 00:00 0 
c1802000-c1882000 rw-p 00000000 00:00 0 
c1882000-c1886000 ---p 00000000 00:00 0 
c1886000-c1943000 rw-p 00000000 00:00 0 
c1943000-c1947000 ---p 00000000 00:00 0 
c1947000-c1a04000 rw-p 00000000 00:00 0 
c1a04000-c1a08000 ---p 00000000 00:00 0 
c1a08000-c1ac5000 rw-p 00000000 00:00 0 
c1ac5000-c1ac9000 ---p 00000000 00:00 0 
c1ac9000-c1b86000 rw-p 00000000 00:00 0 
c1b86000-c1e00000 r--p 00078000 08:04 535181                             /usr/lib/locale/locale-archive
c1e00000-c2000000 r--p 00000000 08:04 535181                             /usr/lib/locale/locale-archive
c2000000-c21c0000 rw-p 00000000 00:00 0 
c21c0000-c2400000 ---p 00000000 00:00 0 
c2400000-c2e40000 rw-p 00000000 00:00 0 
c2e40000-c3000000 ---p 00000000 00:00 0 
c303c000-c3040000 ---p 00000000 00:00 0 
c3040000-c30bd000 rw-p 00000000 00:00 0 
c30bd000-c30c1000 ---p 00000000 00:00 0 
c30c1000-c317e000 rw-p 00000000 00:00 0 
c317e000-c3182000 ---p 00000000 00:00 0 
c3182000-c323f000 rw-p 00000000 00:00 0 
c323f000-c3243000 ---p 00000000 00:00 0 
c3243000-c3300000 rw-p 00000000 00:00 0 
c3300000-c3321000 rw-p 00000000 00:00 0 
c3321000-c3400000 ---p 00000000 00:00 0 
c3431000-c3435000 ---p 00000000 00:00 0 
c3435000-c34b2000 rw-p 00000000 00:00 0 
c34b2000-c34b3000 ---p 00000000 00:00 0 
c34b3000-c3533000 rw-p 00000000 00:00 0 
c3533000-c3e00000 rw-p 00001000 08:04 143240867                          /usr/lib/jvm/java-17-zulu-openjdk-jdk-x86/lib/server/classes.jsa
c3e00000-c3e21000 rw-p 00000000 00:00 0 
c3e21000-c3f00000 ---p 00000000 00:00 0 
c3f7f000-c3f80000 ---p 00000000 00:00 0 
c3f80000-c4000000 rw-p 00000000 00:00 0 
c4000000-c4021000 rw-p 00000000 00:00 0 
c4021000-c4100000 ---p 00000000 00:00 0 
c4100000-c41d1000 rw-p 00000000 00:00 0 
c41d1000-c4200000 ---p 00000000 00:00 0 
c427f000-c4280000 ---p 00000000 00:00 0 
c4280000-c4300000 rw-p 00000000 00:00 0 
c4300000-c4321000 rw-p 00000000 00:00 0 
c4321000-c4400000 ---p 00000000 00:00 0 
c447f000-c4480000 ---p 00000000 00:00 0 
c4480000-c4500000 rw-p 00000000 00:00 0 
c4500000-c45ff000 rw-p 00000000 00:00 0 
c45ff000-c4600000 ---p 00000000 00:00 0 
c467f000-c4680000 ---p 00000000 00:00 0 
c4680000-c4700000 rw-p 00000000 00:00 0 
c4700000-c4800000 rw-p 00000000 00:00 0 
c487f000-c4880000 ---p 00000000 00:00 0 
c4880000-c4b00000 rw-p 00000000 00:00 0 
c4b00000-c5100000 ---p 00000000 00:00 0 
c5100000-c5300000 rw-p 00000000 00:00 0 
c5300000-c5900000 ---p 00000000 00:00 0 
c5900000-c5940000 rw-p 00000000 00:00 0 
c5940000-c5a00000 ---p 00000000 00:00 0 
c5a00000-c5a40000 rw-p 00000000 00:00 0 
c5a40000-c5b00000 ---p 00000000 00:00 0 
c5b00000-c5b40000 rw-p 00000000 00:00 0 
c5b40000-c5c00000 ---p 00000000 00:00 0 
c5c00000-cdc00000 rw-p 00000000 00:00 0 
cdc00000-e5c00000 ---p 00000000 00:00 0 
e5c65000-e5c6a000 rw-p 00000000 00:00 0 
e5c6a000-e5d50000 ---p 00000000 00:00 0 
e5d50000-e62d8000 rwxp 00000000 00:00 0 
e62d8000-ed2ab000 ---p 00000000 00:00 0 
ed2ab000-ed4eb000 rwxp 00000000 00:00 0 
ed4eb000-ed7f5000 ---p 00000000 00:00 0 
ed7f5000-eda35000 rwxp 00000000 00:00 0 
eda35000-f4d50000 ---p 00000000 00:00 0 
f4d50000-f4eb8000 r--s 00000000 08:04 117534333                          /usr/lib/jvm/java-17-zulu-openjdk-jdk-x86/lib/modules
f4eb8000-f5d5a000 r-xp 00000000 08:04 143240869                          /usr/lib/jvm/java-17-zulu-openjdk-jdk-x86/lib/server/libjvm.so
f5d5a000-f5daf000 r--p 00ea1000 08:04 143240869                          /usr/lib/jvm/java-17-zulu-openjdk-jdk-x86/lib/server/libjvm.so
f5daf000-f5dd0000 rw-p 00ef6000 08:04 143240869                          /usr/lib/jvm/java-17-zulu-openjdk-jdk-x86/lib/server/libjvm.so
f5dd0000-f5e00000 rw-p 00000000 00:00 0 
f5e00000-f5f00000 rw-p 00000000 00:00 0 
f5f70000-f5f71000 ---p 00000000 00:00 0 
f5f71000-f5f75000 ---p 00000000 00:00 0 
f5f75000-f6ae9000 rw-p 00000000 00:00 0 
f6af5000-f6b0a000 r-xp 00000000 08:04 117534323                          /usr/lib/jvm/java-17-zulu-openjdk-jdk-x86/lib/libnet.so
f6b0a000-f6b0b000 r--p 00014000 08:04 117534323                          /usr/lib/jvm/java-17-zulu-openjdk-jdk-x86/lib/libnet.so
f6b0b000-f6b0c000 rw-p 00015000 08:04 117534323                          /usr/lib/jvm/java-17-zulu-openjdk-jdk-x86/lib/libnet.so
f6b0c000-f6b18000 rw-p 00000000 00:00 0 
f6b18000-f6bf7000 ---p 00000000 00:00 0 
f6e31000-f6e43000 r-xp 00000000 08:04 117534324                          /usr/lib/jvm/java-17-zulu-openjdk-jdk-x86/lib/libnio.so
f6e43000-f6e44000 r--p 00011000 08:04 117534324                          /usr/lib/jvm/java-17-zulu-openjdk-jdk-x86/lib/libnio.so
f6e44000-f6e45000 rw-p 00012000 08:04 117534324                          /usr/lib/jvm/java-17-zulu-openjdk-jdk-x86/lib/libnio.so
f6e45000-f6e6e000 rw-p 00000000 00:00 0 
f6e6e000-f6e91000 r-xp 00000000 08:04 117534310                          /usr/lib/jvm/java-17-zulu-openjdk-jdk-x86/lib/libjava.so
f6e91000-f6e92000 r--p 00022000 08:04 117534310                          /usr/lib/jvm/java-17-zulu-openjdk-jdk-x86/lib/libjava.so
f6e92000-f6e93000 rw-p 00023000 08:04 117534310                          /usr/lib/jvm/java-17-zulu-openjdk-jdk-x86/lib/libjava.so
f6e93000-f6e9f000 r-xp 00000000 08:04 16831767                           /usr/lib/libnss_files-2.28.so
f6e9f000-f6ea0000 r--p 0000b000 08:04 16831767                           /usr/lib/libnss_files-2.28.so
f6ea0000-f6ea1000 rw-p 0000c000 08:04 16831767                           /usr/lib/libnss_files-2.28.so
f6ea1000-f6ea7000 rw-p 00000000 00:00 0 
f6ead000-f6eb2000 rw-p 00000000 00:00 0 
f6eb2000-f6eb8000 ---p 00000000 00:00 0 
f6eb8000-f6ed3000 r-xp 00000000 08:04 117534314                          /usr/lib/jvm/java-17-zulu-openjdk-jdk-x86/lib/libjimage.so
f6ed3000-f6ed4000 ---p 0001b000 08:04 117534314                          /usr/lib/jvm/java-17-zulu-openjdk-jdk-x86/lib/libjimage.so
f6ed4000-f6ed5000 r--p 0001b000 08:04 117534314                          /usr/lib/jvm/java-17-zulu-openjdk-jdk-x86/lib/libjimage.so
f6ed5000-f6ed6000 rw-p 0001c000 08:04 117534314                          /usr/lib/jvm/java-17-zulu-openjdk-jdk-x86/lib/libjimage.so
f6ed6000-f6eda000 rw-p 00000000 00:00 0 
f6eda000-f6f62000 r-xp 00000000 08:04 17191875                           /usr/lib/libpcre2-8.so.0.7.1
f6f62000-f6f63000 r--p 00087000 08:04 17191875                           /usr/lib/libpcre2-8.so.0.7.1
f6f63000-f6f64000 rw-p 00088000 08:04 17191875                           /usr/lib/libpcre2-8.so.0.7.1
f6f64000-f6f84000 r-xp 00000000 08:04 17021543                           /usr/lib/libcrypt.so.1.1.0
f6f84000-f6f85000 ---p 00020000 08:04 17021543                           /usr/lib/libcrypt.so.1.1.0
f6f85000-f6f86000 r--p 00020000 08:04 17021543                           /usr/lib/libcrypt.so.1.1.0
f6f86000-f6f8f000 rw-p 00000000 00:00 0 
f6f8f000-f6fba000 r-xp 00000000 08:04 17191887                           /usr/lib/libselinux.so.1
f6fba000-f6fbb000 ---p 0002b000 08:04 17191887                           /usr/lib/libselinux.so.1
f6fbb000-f6fbc000 r--p 0002b000 08:04 17191887                           /usr/lib/libselinux.so.1
f6fbc000-f6fbd000 rw-p 0002c000 08:04 17191887                           /usr/lib/libselinux.so.1
f6fbd000-f6fbe000 rw-p 00000000 00:00 0 
f6fbe000-f6fdd000 r-xp 00000000 08:04 18866589                           /usr/lib/libbrotlicommon.so.1.0.6
f6fdd000-f6fde000 r--p 0001e000 08:04 18866589                           /usr/lib/libbrotlicommon.so.1.0.6
f6fde000-f6fdf000 rw-p 0001f000 08:04 18866589                           /usr/lib/libbrotlicommon.so.1.0.6
f6fdf000-f6ffd000 r-xp 00000000 08:04 17191915                           /usr/lib/libsasl2.so.3.0.0
f6ffd000-f6ffe000 ---p 0001e000 08:04 17191915                           /usr/lib/libsasl2.so.3.0.0
f6ffe000-f6fff000 r--p 0001e000 08:04 17191915                           /usr/lib/libsasl2.so.3.0.0
f6fff000-f7000000 rw-p 0001f000 08:04 17191915                           /usr/lib/libsasl2.so.3.0.0
f7000000-f7002000 rw-p 00000000 00:00 0 
f7002000-f7016000 r-xp 00000000 08:04 16831772                           /usr/lib/libresolv-2.28.so
f7016000-f7017000 ---p 00014000 08:04 16831772                           /usr/lib/libresolv-2.28.so
f7017000-f7018000 r--p 00014000 08:04 16831772                           /usr/lib/libresolv-2.28.so
f7018000-f7019000 rw-p 00015000 08:04 16831772                           /usr/lib/libresolv-2.28.so
f7019000-f701b000 rw-p 00000000 00:00 0 
f701b000-f701e000 r-xp 00000000 08:04 17191893                           /usr/lib/libkeyutils.so.1.6
f701e000-f701f000 ---p 00003000 08:04 17191893                           /usr/lib/libkeyutils.so.1.6
f701f000-f7020000 r--p 00003000 08:04 17191893                           /usr/lib/libkeyutils.so.1.6
f7020000-f7021000 rw-p 00000000 00:00 0 
f7021000-f7031000 r-xp 00000000 08:04 17021560                           /usr/lib/libkrb5support.so.0.1
f7031000-f7032000 r--p 0000f000 08:04 17021560                           /usr/lib/libkrb5support.so.0.1
f7032000-f7033000 rw-p 00010000 08:04 17021560                           /usr/lib/libkrb5support.so.0.1
f7033000-f703b000 r-xp 00000000 08:04 16831774                           /usr/lib/librt-2.28.so
f703b000-f703c000 r--p 00007000 08:04 16831774                           /usr/lib/librt-2.28.so
f703c000-f703d000 rw-p 00008000 08:04 16831774                           /usr/lib/librt-2.28.so
f703d000-f71bc000 r-xp 00000000 08:04 17021545                           /usr/lib/libunistring.so.2.1.0
f71bc000-f71bd000 ---p 0017f000 08:04 17021545                           /usr/lib/libunistring.so.2.1.0
f71bd000-f71bf000 r--p 0017f000 08:04 17021545                           /usr/lib/libunistring.so.2.1.0
f71bf000-f71c0000 rw-p 00181000 08:04 17021545                           /usr/lib/libunistring.so.2.1.0
f71c0000-f71ea000 r-xp 00000000 08:04 18654292                           /usr/lib/liblzma.so.5.2.4
f71ea000-f71eb000 r--p 00029000 08:04 18654292                           /usr/lib/liblzma.so.5.2.4
f71eb000-f71ec000 rw-p 00000000 00:00 0 
f71ec000-f71f8000 r-xp 00000000 08:04 17191936                           /usr/lib/libbrotlidec.so.1.0.6
f71f8000-f71f9000 r--p 0000b000 08:04 17191936                           /usr/lib/libbrotlidec.so.1.0.6
f71f9000-f71fa000 rw-p 00000000 00:00 0 
f71fa000-f7209000 r-xp 00000000 08:04 17191918                           /usr/lib/liblber-2.4.so.2.10.9
f7209000-f720a000 r--p 0000e000 08:04 17191918                           /usr/lib/liblber-2.4.so.2.10.9
f720a000-f720b000 rw-p 0000f000 08:04 17191918                           /usr/lib/liblber-2.4.so.2.10.9
f720b000-f7260000 r-xp 00000000 08:04 17191920                           /usr/lib/libldap-2.4.so.2.10.9
f7260000-f7261000 ---p 00055000 08:04 17191920                           /usr/lib/libldap-2.4.so.2.10.9
f7261000-f7262000 r--p 00055000 08:04 17191920                           /usr/lib/libldap-2.4.so.2.10.9
f7262000-f7263000 rw-p 00056000 08:04 17191920                           /usr/lib/libldap-2.4.so.2.10.9
f7263000-f7265000 rw-p 00000000 00:00 0 
f7265000-f7268000 r-xp 00000000 08:04 16994899                           /usr/lib/libcom_err.so.2.1
f7268000-f7269000 r--p 00002000 08:04 16994899                           /usr/lib/libcom_err.so.2.1
f7269000-f726a000 rw-p 00003000 08:04 16994899                           /usr/lib/libcom_err.so.2.1
f726a000-f7280000 r-xp 00000000 08:04 17021552                           /usr/lib/libk5crypto.so.3.1
f7280000-f7281000 ---p 00016000 08:04 17021552                           /usr/lib/libk5crypto.so.3.1
f7281000-f7282000 r--p 00016000 08:04 17021552                           /usr/lib/libk5crypto.so.3.1
f7282000-f7283000 rw-p 00017000 08:04 17021552                           /usr/lib/libk5crypto.so.3.1
f7283000-f7366000 r-xp 00000000 08:04 17021558                           /usr/lib/libkrb5.so.3.3
f7366000-f736d000 r--p 000e2000 08:04 17021558                           /usr/lib/libkrb5.so.3.3
f736d000-f736e000 rw-p 000e9000 08:04 17021558                           /usr/lib/libkrb5.so.3.3
f736e000-f73c9000 r-xp 00000000 08:04 17021548                           /usr/lib/libgssapi_krb5.so.2.2
f73c9000-f73cb000 r--p 0005a000 08:04 17021548                           /usr/lib/libgssapi_krb5.so.2.2
f73cb000-f73cc000 rw-p 0005c000 08:04 17021548                           /usr/lib/libgssapi_krb5.so.2.2
f73cc000-f767d000 r-xp 00000000 08:04 18627877                           /usr/lib/libcrypto.so.1.1.1k
f767d000-f7696000 r--p 002b0000 08:04 18627877                           /usr/lib/libcrypto.so.1.1.1k
f7696000-f7698000 rw-p 002c9000 08:04 18627877                           /usr/lib/libcrypto.so.1.1.1k
f7698000-f769c000 rw-p 00000000 00:00 0 
f769c000-f772e000 r-xp 00000000 08:04 18627879                           /usr/lib/libssl.so.1.1.1k
f772e000-f7734000 r--p 00091000 08:04 18627879                           /usr/lib/libssl.so.1.1.1k
f7734000-f7738000 rw-p 00097000 08:04 18627879                           /usr/lib/libssl.so.1.1.1k
f7738000-f7748000 r-xp 00000000 08:04 18660120                           /usr/lib/libpsl.so.5.3.1
f7748000-f7749000 r--p 0000f000 08:04 18660120                           /usr/lib/libpsl.so.5.3.1
f7749000-f774a000 rw-p 00000000 00:00 0 
f774a000-f77c7000 r-xp 00000000 08:04 16994901                           /usr/lib/libssh.so.4.8.7
f77c7000-f77c8000 ---p 0007d000 08:04 16994901                           /usr/lib/libssh.so.4.8.7
f77c8000-f77c9000 r--p 0007d000 08:04 16994901                           /usr/lib/libssh.so.4.8.7
f77c9000-f77ca000 rw-p 0007e000 08:04 16994901                           /usr/lib/libssh.so.4.8.7
f77ca000-f77e7000 r-xp 00000000 08:04 17040588                           /usr/lib/libidn2.so.0.3.6
f77e7000-f77e8000 r--p 0001c000 08:04 17040588                           /usr/lib/libidn2.so.0.3.6
f77e8000-f77e9000 rw-p 00000000 00:00 0 
f77e9000-f7811000 r-xp 00000000 08:04 17191891                           /usr/lib/libnghttp2.so.14.17.0
f7811000-f7812000 r--p 00027000 08:04 17191891                           /usr/lib/libnghttp2.so.14.17.0
f7812000-f7814000 rw-p 00028000 08:04 17191891                           /usr/lib/libnghttp2.so.14.17.0
f7814000-f79b6000 r-xp 00000000 08:04 16831756                           /usr/lib/libc-2.28.so
f79b6000-f79b7000 ---p 001a2000 08:04 16831756                           /usr/lib/libc-2.28.so
f79b7000-f79b9000 r--p 001a2000 08:04 16831756                           /usr/lib/libc-2.28.so
f79b9000-f79ba000 rw-p 001a4000 08:04 16831756                           /usr/lib/libc-2.28.so
f79ba000-f79bf000 rw-p 00000000 00:00 0 
f79bf000-f79da000 r-xp 00000000 08:04 16985139                           /usr/lib/libgcc_s-8-20210514.so.1
f79da000-f79db000 r--p 0001a000 08:04 16985139                           /usr/lib/libgcc_s-8-20210514.so.1
f79db000-f79dc000 rw-p 0001b000 08:04 16985139                           /usr/lib/libgcc_s-8-20210514.so.1
f79dc000-f7aac000 r-xp 00000000 08:04 16831760                           /usr/lib/libm-2.28.so
f7aac000-f7aad000 r--p 000cf000 08:04 16831760                           /usr/lib/libm-2.28.so
f7aad000-f7aae000 rw-p 000d0000 08:04 16831760                           /usr/lib/libm-2.28.so
f7aae000-f7c37000 r-xp 00000000 08:04 16985145                           /usr/lib/libstdc++.so.6.0.25
f7c37000-f7c38000 ---p 00189000 08:04 16985145                           /usr/lib/libstdc++.so.6.0.25
f7c38000-f7c3e000 r--p 00189000 08:04 16985145                           /usr/lib/libstdc++.so.6.0.25
f7c3e000-f7c3f000 rw-p 0018f000 08:04 16985145                           /usr/lib/libstdc++.so.6.0.25
f7c3f000-f7c41000 rw-p 00000000 00:00 0 
f7c41000-f7c58000 r-xp 00000000 08:04 16963437                           /usr/lib/libz.so.1.2.11
f7c58000-f7c59000 ---p 00017000 08:04 16963437                           /usr/lib/libz.so.1.2.11
f7c59000-f7c5a000 r--p 00017000 08:04 16963437                           /usr/lib/libz.so.1.2.11
f7c5a000-f7c5b000 rw-p 00000000 00:00 0 
f7c5b000-f7dd8000 r-xp 00000000 08:04 16963397                           /usr/lib/libxml2.so.2.9.7
f7dd8000-f7ddd000 r--p 0017c000 08:04 16963397                           /usr/lib/libxml2.so.2.9.7
f7ddd000-f7dde000 rw-p 00181000 08:04 16963397                           /usr/lib/libxml2.so.2.9.7
f7dde000-f7ddf000 rw-p 00000000 00:00 0 
f7ddf000-f7dfb000 r-xp 00000000 08:04 16831770                           /usr/lib/libpthread-2.28.so
f7dfb000-f7dfc000 r--p 0001b000 08:04 16831770                           /usr/lib/libpthread-2.28.so
f7dfc000-f7dfd000 rw-p 0001c000 08:04 16831770                           /usr/lib/libpthread-2.28.so
f7dfd000-f7dff000 rw-p 00000000 00:00 0 
f7dff000-f7e73000 r-xp 00000000 08:04 16818911                           /usr/lib/libpcre.so.1.2.10
f7e73000-f7e74000 ---p 00074000 08:04 16818911                           /usr/lib/libpcre.so.1.2.10
f7e74000-f7e75000 r--p 00074000 08:04 16818911                           /usr/lib/libpcre.so.1.2.10
f7e75000-f7e76000 rw-p 00075000 08:04 16818911                           /usr/lib/libpcre.so.1.2.10
f7e76000-f7e79000 r-xp 00000000 08:04 16831758                           /usr/lib/libdl-2.28.so
f7e79000-f7e7a000 r--p 00002000 08:04 16831758                           /usr/lib/libdl-2.28.so
f7e7a000-f7e7b000 rw-p 00003000 08:04 16831758                           /usr/lib/libdl-2.28.so
f7e7b000-f7f18000 r-xp 00000000 08:04 16994905                           /usr/lib/libcurl.so.4.5.0
f7f18000-f7f1a000 r--p 0009c000 08:04 16994905                           /usr/lib/libcurl.so.4.5.0
f7f1a000-f7f1b000 rw-p 0009e000 08:04 16994905                           /usr/lib/libcurl.so.4.5.0
f7f1b000-f7f22000 r--s 00000000 08:04 176632422                          /usr/lib/gconv/gconv-modules.cache
f7f22000-f7f2a000 rw-s 00000000 08:04 151742448                          /tmp/hsperfdata_almalinux/159015 (deleted)
f7f2a000-f7f2b000 ---p 00000000 00:00 0 
f7f2b000-f7f2c000 r--p 00000000 00:00 0 
f7f2c000-f7f2e000 rw-p 00000000 00:00 0 
f7f2e000-f7f32000 r--p 00000000 00:00 0                                  [vvar]
f7f32000-f7f34000 r-xp 00000000 00:00 0                                  [vdso]
f7f34000-f7f63000 r-xp 00000000 08:04 16831749                           /usr/lib/ld-2.28.so
f7f63000-f7f64000 ---p 00000000 00:00 0 
f7f64000-f7f65000 r--p 0002f000 08:04 16831749                           /usr/lib/ld-2.28.so
f7f65000-f7f66000 rw-p 00030000 08:04 16831749                           /usr/lib/ld-2.28.so
ffbec000-ffbed000 rwxp 00000000 00:00 0 
ffcf5000-ffdb1000 rw-p 00000000 00:00 0                                  [stack]


VM Arguments:
jvm_args: -Xms128m -Xmx512m -Xss768k -XX:MaxMetaspaceSize=96m -Xrs -XX:-UsePerfData -XX:-AllowUserSignalHandlers -XX:UseSSE=3 -XX+DoEscapeAnalysis -XX:AutoBoxCacheMax:2000 -XX:+OptimizeStringConcat -XX:+OptimizeFill -XX:+EliminateAutoBox -XX:+UseCompressedStrings -XX:+UseCompressedOops -XX:+EliminateLocks -XX:UseFastAccessorMethods -XX:+UseStringCache -XgcPrio:throughput -XXkeepAreaRatio:1 -XXlazyUnlocking -XXcallProfiling -XXcompactRatio:1 
java_command: <unknown>
java_class_path (initial): ../../data/sku.0/sys.server/compiled/game/
Launcher Type: generic

[Global flags]
     intx CICompilerCount                          = 3                                         {product} {ergonomic}
     uint ConcGCThreads                            = 1                                         {product} {ergonomic}
     uint G1ConcRefinementThreads                  = 4                                         {product} {ergonomic}
   size_t G1HeapRegionSize                         = 1048576                                   {product} {ergonomic}
    uintx GCDrainStackTargetSize                   = 64                                        {product} {ergonomic}
   size_t InitialHeapSize                          = 134217728                                 {product} {command line}
   size_t MarkStackSize                            = 32768                                     {product} {ergonomic}
   size_t MaxHeapSize                              = 536870912                                 {product} {command line}
   size_t MaxMetaspaceSize                         = 100663296                                 {product} {command line}
   size_t MaxNewSize                               = 321912832                                 {product} {ergonomic}
   size_t MinHeapDeltaBytes                        = 1048576                                   {product} {ergonomic}
   size_t MinHeapSize                              = 134217728                                 {product} {command line}
    uintx NonNMethodCodeHeapSize                   = 5544422                                {pd product} {ergonomic}
    uintx NonProfiledCodeHeapSize                  = 123056909                              {pd product} {ergonomic}
    uintx ProfiledCodeHeapSize                     = 123056909                              {pd product} {ergonomic}
    uintx ReservedCodeCacheSize                    = 251658240                              {pd product} {ergonomic}
     bool SegmentedCodeCache                       = true                                      {product} {ergonomic}
   size_t SoftMaxHeapSize                          = 536870912                              {manageable} {ergonomic}
   double SweeperThreshold                         = 0.500000                                  {product} {ergonomic}
     intx ThreadStackSize                          = 768                                    {pd product} {command line}
     bool UseG1GC                                  = true                                      {product} {ergonomic}

Logging:
Log output configuration:
 #0: stdout all=off uptime,level,tags
 #1: stderr all=off uptime,level,tags

Environment Variables:
JAVA_HOME=/usr/lib/jvm/zulu-17-x86
PATH=/usr/java/jdk1.7.0_80/bin:/usr/java/jdk1.7.0_80/bin:/usr/java/jdk1.6.0_45/bin:/usr/java/jdk1.6.0_45/bin:/usr/java/jdk1.6.0_45/bin:/home/almalinux/.local/bin:/home/almalinux/bin:/sbin:/bin:/usr/bin:/usr/local/bin:/usr/local/sbin:/usr/sbin:/usr/lib/oracle/18.3/client/bin:/usr/lib/oracle/18.3/client/bin:/usr/lib/jvm/java-11-openjdk/bin:./
LD_LIBRARY_PATH=/usr/lib/jvm/java-17-zulu-openjdk-jdk-x86/lib/server:/usr/lib/jvm/java-17-zulu-openjdk-jdk-x86/lib:/usr/lib/jvm/java-17-zulu-openjdk-jdk-x86/../lib:/usr/lib/jvm/zulu-17-x86/lib/server:/usr/lib/jvm/java-11-openjdk/lib:/usr/lib/jvm/java-11-openjdk/lib/server:./
SHELL=/bin/bash
DISPLAY=:10.0
LANG=en_US.UTF-8
TERM=xterm-256color

Active Locale:
LC_ALL=en_US.UTF-8
LC_COLLATE=en_US.UTF-8
LC_CTYPE=en_US.UTF-8
LC_MESSAGES=en_US.UTF-8
LC_MONETARY=en_US.UTF-8
LC_NUMERIC=en_US.UTF-8
LC_TIME=en_US.UTF-8

Signal Handlers:
   SIGSEGV: crash_handler in libjvm.so, mask=11100100010111111101111111111110, flags=SA_RESTART|SA_SIGINFO, unblocked
    SIGBUS: crash_handler in libjvm.so, mask=11100100010111111101111111111110, flags=SA_RESTART|SA_SIGINFO, unblocked
    SIGFPE: crash_handler in libjvm.so, mask=11100100010111111101111111111110, flags=SA_RESTART|SA_SIGINFO, unblocked
   SIGPIPE: SIG_IGN, mask=00000000000010000000000000000000, flags=SA_RESTART, blocked
  *** Handler was modified!
  *** Expected: javaSignalHandler in libjvm.so, mask=11100100110111111111111111111110, flags=SA_RESTART|SA_SIGINFO
   SIGXFSZ: javaSignalHandler in libjvm.so, mask=11100100010111111101111111111110, flags=SA_RESTART|SA_SIGINFO, blocked
    SIGILL: crash_handler in libjvm.so, mask=11100100010111111101111111111110, flags=SA_RESTART|SA_SIGINFO, unblocked
   SIGUSR2: SR_handler in libjvm.so, mask=00100000000000000000000000000000, flags=SA_RESTART|SA_SIGINFO, blocked
    SIGHUP: UserHandler in libjvm.so, mask=11100100010111111101111111111110, flags=SA_RESTART|SA_SIGINFO, blocked
    SIGINT: UserHandler in libjvm.so, mask=11100100010111111101111111111110, flags=SA_RESTART|SA_SIGINFO, blocked
   SIGTERM: UserHandler in libjvm.so, mask=11100100010111111101111111111110, flags=SA_RESTART|SA_SIGINFO, blocked
   SIGQUIT: UserHandler in libjvm.so, mask=11100100010111111101111111111110, flags=SA_RESTART|SA_SIGINFO, blocked
   SIGTRAP: crash_handler in libjvm.so, mask=11100100010111111101111111111110, flags=SA_RESTART|SA_SIGINFO, unblocked


Periodic native trim disabled


---------------  S Y S T E M  ---------------

OS:
AlmaLinux release 8.10 (Cerulean Leopard)
uname: Linux 4.18.0-553.81.1.el8_10.x86_64 #1 SMP Mon Oct 27 11:29:19 EDT 2025 x86_64
OS uptime: 4 days 15:32 hours
libc: glibc 2.28 NPTL 2.28 
rlimit (soft/hard): STACK 8192k/infinity , CORE 0k/infinity , NPROC 61995/61995 , NOFILE 262144/262144 , AS infinity/infinity , CPU infinity/infinity , DATA infinity/infinity , FSIZE infinity/infinity , MEMLOCK 64k/64k
load average: 60.02 47.66 44.17

/proc/meminfo:
MemTotal:       16014448 kB
MemFree:         6635592 kB
MemAvailable:   10287672 kB
Buffers:              20 kB
Cached:          5315196 kB
SwapCached:       109664 kB
Active:          3634848 kB
Inactive:        5157940 kB
Active(anon):    1007544 kB
Inactive(anon):  4129508 kB
Active(file):    2627304 kB
Inactive(file):  1028432 kB
Unevictable:        6160 kB
Mlocked:               0 kB
SwapTotal:       8388604 kB
SwapFree:        6286668 kB
Dirty:              2444 kB
Writeback:             0 kB
AnonPages:       3398516 kB
Mapped:          1276028 kB
Shmem:           1659480 kB
KReclaimable:     173388 kB
Slab:             295856 kB
SReclaimable:     173388 kB
SUnreclaim:       122468 kB
KernelStack:       18456 kB
PageTables:       161116 kB
NFS_Unstable:          0 kB
Bounce:                0 kB
WritebackTmp:          0 kB
CommitLimit:    16395828 kB
Committed_AS:   16407660 kB
VmallocTotal:   34359738367 kB
VmallocUsed:       64580 kB
VmallocChunk:          0 kB
Percpu:             2720 kB
HardwareCorrupted:     0 kB
AnonHugePages:         0 kB
ShmemHugePages:        0 kB
ShmemPmdMapped:        0 kB
FileHugePages:         0 kB
FilePmdMapped:         0 kB
HugePages_Total:       0
HugePages_Free:        0
HugePages_Rsvd:        0
HugePages_Surp:        0
Hugepagesize:       2048 kB
Hugetlb:               0 kB
DirectMap4k:     1113964 kB
DirectMap2M:    15269888 kB

/sys/kernel/mm/transparent_hugepage/enabled: always madvise [never]
/sys/kernel/mm/transparent_hugepage/hpage_pmd_size: 2097152
/sys/kernel/mm/transparent_hugepage/defrag (defrag/compaction efforts parameter): always defer defer+madvise [madvise] never

Process Memory:
Virtual Size: 1336896K (peak: 1355048K)
Resident Set Size: 566132K (peak: 587104K) (anon: 546956K, file: 19176K, shmem: 0K)
Swapped out: 9660K
C-Heap outstanding allocations: 32277K, retained: 393286K
glibc malloc tunables: (default)

/proc/sys/kernel/threads-max (system-wide limit on the number of threads): 123991
/proc/sys/vm/max_map_count (maximum number of memory map areas a process may have): 1677720
/proc/sys/kernel/pid_max (system-wide limit on number of process identifiers): 4194304

container (cgroup) information:
container_type: cgroupv1
cpu_cpuset_cpus: 0-3
cpu_memory_nodes: 0
active_processor_count: 4
cpu_quota: no quota
cpu_period: 100000
cpu_shares: no shares
memory_limit_in_bytes: unlimited
memory_and_swap_limit_in_bytes: unlimited
memory_soft_limit_in_bytes: unlimited
memory_usage_in_bytes: 7226156 k
memory_max_usage_in_bytes: 14866960 k
kernel_memory_usage_in_bytes: 183696 k
kernel_memory_max_usage_in_bytes: unlimited
kernel_memory_limit_in_bytes: 752460 k
maximum number of tasks: unlimited
current number of tasks: 294

KVM virtualization detected
Steal ticks since vm start: 313
Steal ticks percentage since vm start:  0.000

CPU: total 4 (initial active 4) (1 cores per cpu, 1 threads per core) family 6 model 60 stepping 1 microcode 0x1, cx8, cmov, fxsr, mmx, sse, sse2, sse3, ssse3, sse4.1, sse4.2, popcnt, lzcnt, tsc, avx, avx2, aes, erms, clmul, bmi1, bmi2, fma, vzeroupper, clflush, hv
CPU Model and flags from /proc/cpuinfo:
model name	: Intel Core Processor (Haswell, no TSX)
flags		: fpu vme de pse tsc msr pae mce cx8 apic sep mtrr pge mca cmov pat pse36 clflush mmx fxsr sse sse2 syscall nx rdtscp lm constant_tsc rep_good nopl xtopology cpuid tsc_known_freq pni pclmulqdq vmx ssse3 fma cx16 pcid sse4_1 sse4_2 x2apic movbe popcnt tsc_deadline_timer aes xsave avx f16c rdrand hypervisor lahf_lm abm cpuid_fault invpcid_single pti tpr_shadow vnmi flexpriority ept vpid ept_ad fsgsbase bmi1 avx2 smep bmi2 erms invpcid xsaveopt arat md_clear

Online cpus: 0-3
Offline cpus: 
BIOS frequency limitation: <Not Available>
Frequency switch latency (ns): <Not Available>
Available cpu frequencies: <Not Available>
Current governor: <Not Available>
Core performance/turbo boost: <Not Available>

Memory: 4k page, physical 16014448k(6902440k free), swap 8388604k(6288204k free)
Page Sizes: 4k

vm_info: OpenJDK Server VM (17.0.11+9-LTS) for linux-x86 JRE (17.0.11+9-LTS) (Zulu17.50+19-CA), built on Apr  9 2024 07:14:46 by "zulu_re" with gcc 8.3.0

END.
