#
# A fatal error has been detected by the Java Runtime Environment:
#
#  SIGSEGV (0xb) at pc=0xf791f618, pid=349190, tid=349190
#
# JRE version: OpenJDK Runtime Environment Zulu17.50+19-CA (17.0.11+9) (build 17.0.11+9-LTS)
# Java VM: OpenJDK Server VM Zulu17.50+19-CA (17.0.11+9-LTS, mixed mode, sharing, tiered, g1 gc, linux-x86)
# Problematic frame:
# C  [libc.so.6+0x84618]  cfree+0x28
#
# Core dump will be written. Default location: Core dumps may be processed with "/usr/lib/systemd/systemd-coredump %P %u %g %s %t %c %h %e" (or dumping to /home/almalinux/swg-returns-nge/exe/linux/core.349190)
#
# If you would like to submit a bug report, please visit:
#   http://www.azul.com/support/
#

---------------  S U M M A R Y ------------

Command Line: -Xms128m -Xmx512m -Xss768k -XX:MaxMetaspaceSize=96m -Xrs -XX:-UsePerfData -XX:-AllowUserSignalHandlers -XX:UseSSE=3 -XX+DoEscapeAnalysis -XX:AutoBoxCacheMax:2000 -XX:+OptimizeStringConcat -XX:+OptimizeFill -XX:+EliminateAutoBox -XX:+UseCompressedStrings -XX:+UseCompressedOops -XX:+EliminateLocks -XX:UseFastAccessorMethods -XX:+UseStringCache -XgcPrio:throughput -XXkeepAreaRatio:1 -XXlazyUnlocking -XXcallProfiling -XXcompactRatio:1 

Host: Intel Core Processor (Haswell, no TSX), 4 cores, 15G, AlmaLinux release 8.10 (Cerulean Leopard)
Time: Mon Jan 26 07:44:35 2026 UTC elapsed time: 496.220353 seconds (0d 0h 8m 16s)

---------------  T H R E A D  ---------------

Current thread is native thread

Stack: [0xff939000,0xff9f9000],  sp=0xff9f6090,  free space=756k
Native frames: (J=compiled Java code, j=interpreted, Vv=VM code, C=native code)
C  [libc.so.6+0x84618]  cfree+0x28


siginfo: si_signo: 11 (SIGSEGV), si_code: 1 (SEGV_MAPERR), si_addr: 0x00000003

Registers:
EAX=0x00000000, EBX=0x00000007, ECX=0xf6f5d84c, EDX=0x0b686da8
ESP=0xff9f6090, EBP=0xff9f61c8, ESI=0xf7a40000, EDI=0x00000000
EIP=0xf791f618, EFLAGS=0x00210202, CR2=0x0000000000000003


Top of Stack: (sp=0xff9f6090)
0xff9f6090:   0b30a030 00000000 ff9f61c8 f7bacf1c
0xff9f60a0:   0b30a0c0 f7cc3a04 0b686d80 f7bacf1c
0xff9f60b0:   00000007 f7bacf0a f7cc3a04 f7bacf4c
0xff9f60c0:   0b30a0c0 f7bacf0a 0b68ab20 085b6163
0xff9f60d0:   00000007 0b30a030 0b309d40 085bb8d1
0xff9f60e0:   0b30a030 0b309d40 00000000 085bb89b
0xff9f60f0:   0cb1fba0 ff9f6117 ff9f613c 085c6969
0xff9f6100:   087d6c00 ff9f613c ff9f61c8 084fc53b
0xff9f6110:   00000014 00010002 00000000 00000000
0xff9f6120:   01010100 00000001 09aa44c0 00000000
0xff9f6130:   00000000 00000000 00000000 00000000
0xff9f6140:   00000000 00000014 ff9f6298 f78d06ff
0xff9f6150:   f7a4041c 47677753 53656d61 65767265
0xff9f6160:   34333a72 30393139 09290100 0b66c140
0xff9f6170:   08ea0100 08ebc230 08ea5888 f7a4041c
0xff9f6180:   00000428 00000420 f78d0779 085758fd
0xff9f6190:   08ea2a80 09b1ea78 08ea5888 08574f56
0xff9f61a0:   0929a2c4 0929a2c4 ff9f6298 08ea583b
0xff9f61b0:   0000000c ff9f6264 ff9f61e0 f7a40000
0xff9f61c0:   00000000 08575910 00000000 f78b8f26
0xff9f61d0:   00000000 08575910 00000000 f78b8f26
0xff9f61e0:   0000000c ff9f6264 ff9f6298 ff9f6204
0xff9f61f0:   0929a2d0 00000000 ff9f6298 f7a40000
0xff9f6200:   f78a875c f7a40000 00000000 08575910
0xff9f6210:   00000000 2b326573 02ec6d63 00000000
0xff9f6220:   00000000 00000000 f7fbf4d0 f78b8e30
0xff9f6230:   084fc260 0929a2c4 0000000c 08575946
0xff9f6240:   084fc260 0000000c ff9f6264 08ea57f0
0xff9f6250:   08ea5850 f7fbf4d0 ff9f625c f7fec970
0xff9f6260:   0000000c ff9f761f ff9f7631 ff9f7634
0xff9f6270:   ff9f7646 ff9f7649 ff9f7654 ff9f7678
0xff9f6280:   ff9f7688 ff9f76a8 ff9f76d8 ff9f76db 

Instructions: (pc=0xf791f618)
0xf791f518:   50 8d 96 86 f7 fa ff 8d 86 d0 2f fb ff e8 c6 b7
0xf791f528:   ff ff 8d b6 00 00 00 00 bb 20 00 00 00 e9 5e fe
0xf791f538:   ff ff e8 a1 c0 ff ff 89 c5 85 c0 0f 85 68 ff ff
0xf791f548:   ff 31 d2 8d 44 3b 10 e8 8c c1 ff ff 89 da 89 f9
0xf791f558:   89 c5 e8 11 f0 ff ff 89 c2 85 c0 75 1b 85 ed 74
0xf791f568:   17 90 89 fa 89 e8 e8 bd c5 ff ff 89 da 89 f9 89
0xf791f578:   c5 e8 f2 ef ff ff 89 c2 85 ed 0f 84 57 ff ff ff
0xf791f588:   e9 39 ff ff ff 8d 86 b8 31 fb ff 83 ec 0c b9 25
0xf791f598:   0d 00 00 50 8d 96 86 f7 fa ff 8d 86 74 2f fb ff
0xf791f5a8:   e8 43 b7 ff ff 8d 76 00 f3 0f 1e fb e8 0a 9a f9
0xf791f5b8:   ff 05 47 0a 12 00 56 53 83 ec 04 8b 5c 24 10 8b
0xf791f5c8:   74 24 14 8b 80 50 ff ff ff c7 00 00 00 00 00 e8
0xf791f5d8:   54 bb ff ff 8b 4c 24 0c 83 c4 04 89 f2 89 d8 5b
0xf791f5e8:   5e e9 42 fd ff ff 66 90 f3 0f 1e fb 56 e8 9a 9b
0xf791f5f8:   f9 ff 81 c6 06 0a 12 00 53 83 ec 14 8b 5c 24 20
0xf791f608:   8b 86 5c ff ff ff 8b 00 85 c0 75 6c 85 db 74 75
0xf791f618:   8b 4b fc 8d 53 f8 f6 c1 02 75 35 8b 86 70 fe ff
0xf791f628:   ff 65 8b 00 85 c0 0f 84 8c 00 00 00 83 e1 04 8d
0xf791f638:   86 60 07 00 00 74 09 89 d0 25 00 00 f0 ff 8b 00
0xf791f648:   83 c4 14 31 c9 5b 5e e9 8c cb ff ff 8d 74 26 00
0xf791f658:   8b 9e 60 01 00 00 85 db 75 10 3b 8e 48 01 00 00
0xf791f668:   76 08 81 f9 00 00 08 00 76 26 83 c4 14 89 d0 5b
0xf791f678:   5e e9 92 b8 ff ff 66 90 83 ec 08 ff 74 24 24 53
0xf791f688:   ff d0 83 c4 10 83 c4 14 5b 5e c3 8d 74 26 00 90
0xf791f698:   39 96 80 1d 00 00 77 08 39 96 7c 1d 00 00 77 ca
0xf791f6a8:   83 e1 f8 8d 04 09 89 8e 48 01 00 00 89 86 40 01
0xf791f6b8:   00 00 90 eb b5 8d 76 00 8b 86 74 fe ff ff 65 80
0xf791f6c8:   38 00 0f 85 64 ff ff ff 89 54 24 0c e8 97 ed ff
0xf791f6d8:   ff 8b 4b fc 8b 54 24 0c e9 4f ff ff ff 8d b4 26
0xf791f6e8:   00 00 00 00 8d 74 26 00 f3 0f 1e fb 55 57 56 e8
0xf791f6f8:   98 9a f9 ff 81 c6 04 09 12 00 53 83 ec 0c 8b 86
0xf791f708:   70 fe ff ff 8b 96 74 fe ff ff 65 8b 28 65 c6 02 



---------------  P R O C E S S  ---------------

VM state: at safepoint (shutting down)

VM Mutex/Monitor currently owned by a thread:  ([mutex/lock_event])
[0xf5e21d30] Threads_lock - owner thread: 0xc4294cf0

GC Precious Log:
<Skipped>

Heap:
 garbage-first heap   total 131072K, used 33598K [0xc5c00000, 0xe5c00000)
  region size 1024K, 32 young (32768K), 2 survivors (2048K)
 Metaspace       used 4620K, committed 4992K, reserved 16384K

Heap Regions: E=young(eden), S=young(survivor), O=old, HS=humongous(starts), HC=humongous(continues), CS=collection set, F=free, OA=open archive, CA=closed archive, TAMS=top-at-mark-start (previous, next)
|   0|0xc5c00000, 0xc5d00000, 0xc5d00000|100%| O|  |TAMS 0xc5c00000, 0xc5c00000| Untracked 
|   1|0xc5d00000, 0xc5dff600, 0xc5e00000| 99%| O|  |TAMS 0xc5d00000, 0xc5d00000| Untracked 
|   2|0xc5e00000, 0xc5e00000, 0xc5f00000|  0%| F|  |TAMS 0xc5e00000, 0xc5e00000| Untracked 
|   3|0xc5f00000, 0xc5f00000, 0xc6000000|  0%| F|  |TAMS 0xc5f00000, 0xc5f00000| Untracked 
|   4|0xc6000000, 0xc6000000, 0xc6100000|  0%| F|  |TAMS 0xc6000000, 0xc6000000| Untracked 
|   5|0xc6100000, 0xc6100000, 0xc6200000|  0%| F|  |TAMS 0xc6100000, 0xc6100000| Untracked 
|   6|0xc6200000, 0xc6200000, 0xc6300000|  0%| F|  |TAMS 0xc6200000, 0xc6200000| Untracked 
|   7|0xc6300000, 0xc6300000, 0xc6400000|  0%| F|  |TAMS 0xc6300000, 0xc6300000| Untracked 
|   8|0xc6400000, 0xc6400000, 0xc6500000|  0%| F|  |TAMS 0xc6400000, 0xc6400000| Untracked 
|   9|0xc6500000, 0xc6500000, 0xc6600000|  0%| F|  |TAMS 0xc6500000, 0xc6500000| Untracked 
|  10|0xc6600000, 0xc6600000, 0xc6700000|  0%| F|  |TAMS 0xc6600000, 0xc6600000| Untracked 
|  11|0xc6700000, 0xc6700000, 0xc6800000|  0%| F|  |TAMS 0xc6700000, 0xc6700000| Untracked 
|  12|0xc6800000, 0xc6800000, 0xc6900000|  0%| F|  |TAMS 0xc6800000, 0xc6800000| Untracked 
|  13|0xc6900000, 0xc6900000, 0xc6a00000|  0%| F|  |TAMS 0xc6900000, 0xc6900000| Untracked 
|  14|0xc6a00000, 0xc6a00000, 0xc6b00000|  0%| F|  |TAMS 0xc6a00000, 0xc6a00000| Untracked 
|  15|0xc6b00000, 0xc6b00000, 0xc6c00000|  0%| F|  |TAMS 0xc6b00000, 0xc6b00000| Untracked 
|  16|0xc6c00000, 0xc6c00000, 0xc6d00000|  0%| F|  |TAMS 0xc6c00000, 0xc6c00000| Untracked 
|  17|0xc6d00000, 0xc6d00000, 0xc6e00000|  0%| F|  |TAMS 0xc6d00000, 0xc6d00000| Untracked 
|  18|0xc6e00000, 0xc6e00000, 0xc6f00000|  0%| F|  |TAMS 0xc6e00000, 0xc6e00000| Untracked 
|  19|0xc6f00000, 0xc6f00000, 0xc7000000|  0%| F|  |TAMS 0xc6f00000, 0xc6f00000| Untracked 
|  20|0xc7000000, 0xc7000000, 0xc7100000|  0%| F|  |TAMS 0xc7000000, 0xc7000000| Untracked 
|  21|0xc7100000, 0xc7100000, 0xc7200000|  0%| F|  |TAMS 0xc7100000, 0xc7100000| Untracked 
|  22|0xc7200000, 0xc7200000, 0xc7300000|  0%| F|  |TAMS 0xc7200000, 0xc7200000| Untracked 
|  23|0xc7300000, 0xc7300000, 0xc7400000|  0%| F|  |TAMS 0xc7300000, 0xc7300000| Untracked 
|  24|0xc7400000, 0xc7400000, 0xc7500000|  0%| F|  |TAMS 0xc7400000, 0xc7400000| Untracked 
|  25|0xc7500000, 0xc7500000, 0xc7600000|  0%| F|  |TAMS 0xc7500000, 0xc7500000| Untracked 
|  26|0xc7600000, 0xc7600000, 0xc7700000|  0%| F|  |TAMS 0xc7600000, 0xc7600000| Untracked 
|  27|0xc7700000, 0xc7700000, 0xc7800000|  0%| F|  |TAMS 0xc7700000, 0xc7700000| Untracked 
|  28|0xc7800000, 0xc7800000, 0xc7900000|  0%| F|  |TAMS 0xc7800000, 0xc7800000| Untracked 
|  29|0xc7900000, 0xc7900000, 0xc7a00000|  0%| F|  |TAMS 0xc7900000, 0xc7900000| Untracked 
|  30|0xc7a00000, 0xc7a00000, 0xc7b00000|  0%| F|  |TAMS 0xc7a00000, 0xc7a00000| Untracked 
|  31|0xc7b00000, 0xc7b00000, 0xc7c00000|  0%| F|  |TAMS 0xc7b00000, 0xc7b00000| Untracked 
|  32|0xc7c00000, 0xc7c00000, 0xc7d00000|  0%| F|  |TAMS 0xc7c00000, 0xc7c00000| Untracked 
|  33|0xc7d00000, 0xc7d00000, 0xc7e00000|  0%| F|  |TAMS 0xc7d00000, 0xc7d00000| Untracked 
|  34|0xc7e00000, 0xc7e00000, 0xc7f00000|  0%| F|  |TAMS 0xc7e00000, 0xc7e00000| Untracked 
|  35|0xc7f00000, 0xc7f00000, 0xc8000000|  0%| F|  |TAMS 0xc7f00000, 0xc7f00000| Untracked 
|  36|0xc8000000, 0xc8000000, 0xc8100000|  0%| F|  |TAMS 0xc8000000, 0xc8000000| Untracked 
|  37|0xc8100000, 0xc8100000, 0xc8200000|  0%| F|  |TAMS 0xc8100000, 0xc8100000| Untracked 
|  38|0xc8200000, 0xc8200000, 0xc8300000|  0%| F|  |TAMS 0xc8200000, 0xc8200000| Untracked 
|  39|0xc8300000, 0xc8300000, 0xc8400000|  0%| F|  |TAMS 0xc8300000, 0xc8300000| Untracked 
|  40|0xc8400000, 0xc8400000, 0xc8500000|  0%| F|  |TAMS 0xc8400000, 0xc8400000| Untracked 
|  41|0xc8500000, 0xc8500000, 0xc8600000|  0%| F|  |TAMS 0xc8500000, 0xc8500000| Untracked 
|  42|0xc8600000, 0xc8600000, 0xc8700000|  0%| F|  |TAMS 0xc8600000, 0xc8600000| Untracked 
|  43|0xc8700000, 0xc8700000, 0xc8800000|  0%| F|  |TAMS 0xc8700000, 0xc8700000| Untracked 
|  44|0xc8800000, 0xc8800000, 0xc8900000|  0%| F|  |TAMS 0xc8800000, 0xc8800000| Untracked 
|  45|0xc8900000, 0xc8900000, 0xc8a00000|  0%| F|  |TAMS 0xc8900000, 0xc8900000| Untracked 
|  46|0xc8a00000, 0xc8a00000, 0xc8b00000|  0%| F|  |TAMS 0xc8a00000, 0xc8a00000| Untracked 
|  47|0xc8b00000, 0xc8b00000, 0xc8c00000|  0%| F|  |TAMS 0xc8b00000, 0xc8b00000| Untracked 
|  48|0xc8c00000, 0xc8c00000, 0xc8d00000|  0%| F|  |TAMS 0xc8c00000, 0xc8c00000| Untracked 
|  49|0xc8d00000, 0xc8d00000, 0xc8e00000|  0%| F|  |TAMS 0xc8d00000, 0xc8d00000| Untracked 
|  50|0xc8e00000, 0xc8e00000, 0xc8f00000|  0%| F|  |TAMS 0xc8e00000, 0xc8e00000| Untracked 
|  51|0xc8f00000, 0xc8f00000, 0xc9000000|  0%| F|  |TAMS 0xc8f00000, 0xc8f00000| Untracked 
|  52|0xc9000000, 0xc9000000, 0xc9100000|  0%| F|  |TAMS 0xc9000000, 0xc9000000| Untracked 
|  53|0xc9100000, 0xc9100000, 0xc9200000|  0%| F|  |TAMS 0xc9100000, 0xc9100000| Untracked 
|  54|0xc9200000, 0xc9200000, 0xc9300000|  0%| F|  |TAMS 0xc9200000, 0xc9200000| Untracked 
|  55|0xc9300000, 0xc9300000, 0xc9400000|  0%| F|  |TAMS 0xc9300000, 0xc9300000| Untracked 
|  56|0xc9400000, 0xc9400000, 0xc9500000|  0%| F|  |TAMS 0xc9400000, 0xc9400000| Untracked 
|  57|0xc9500000, 0xc9500000, 0xc9600000|  0%| F|  |TAMS 0xc9500000, 0xc9500000| Untracked 
|  58|0xc9600000, 0xc9600000, 0xc9700000|  0%| F|  |TAMS 0xc9600000, 0xc9600000| Untracked 
|  59|0xc9700000, 0xc9700000, 0xc9800000|  0%| F|  |TAMS 0xc9700000, 0xc9700000| Untracked 
|  60|0xc9800000, 0xc9800000, 0xc9900000|  0%| F|  |TAMS 0xc9800000, 0xc9800000| Untracked 
|  61|0xc9900000, 0xc9900000, 0xc9a00000|  0%| F|  |TAMS 0xc9900000, 0xc9900000| Untracked 
|  62|0xc9a00000, 0xc9a00000, 0xc9b00000|  0%| F|  |TAMS 0xc9a00000, 0xc9a00000| Untracked 
|  63|0xc9b00000, 0xc9b00000, 0xc9c00000|  0%| F|  |TAMS 0xc9b00000, 0xc9b00000| Untracked 
|  64|0xc9c00000, 0xc9c00000, 0xc9d00000|  0%| F|  |TAMS 0xc9c00000, 0xc9c00000| Untracked 
|  65|0xc9d00000, 0xc9d00000, 0xc9e00000|  0%| F|  |TAMS 0xc9d00000, 0xc9d00000| Untracked 
|  66|0xc9e00000, 0xc9e00000, 0xc9f00000|  0%| F|  |TAMS 0xc9e00000, 0xc9e00000| Untracked 
|  67|0xc9f00000, 0xc9f00000, 0xca000000|  0%| F|  |TAMS 0xc9f00000, 0xc9f00000| Untracked 
|  68|0xca000000, 0xca000000, 0xca100000|  0%| F|  |TAMS 0xca000000, 0xca000000| Untracked 
|  69|0xca100000, 0xca100000, 0xca200000|  0%| F|  |TAMS 0xca100000, 0xca100000| Untracked 
|  70|0xca200000, 0xca200000, 0xca300000|  0%| F|  |TAMS 0xca200000, 0xca200000| Untracked 
|  71|0xca300000, 0xca300000, 0xca400000|  0%| F|  |TAMS 0xca300000, 0xca300000| Untracked 
|  72|0xca400000, 0xca400000, 0xca500000|  0%| F|  |TAMS 0xca400000, 0xca400000| Untracked 
|  73|0xca500000, 0xca500000, 0xca600000|  0%| F|  |TAMS 0xca500000, 0xca500000| Untracked 
|  74|0xca600000, 0xca600000, 0xca700000|  0%| F|  |TAMS 0xca600000, 0xca600000| Untracked 
|  75|0xca700000, 0xca700000, 0xca800000|  0%| F|  |TAMS 0xca700000, 0xca700000| Untracked 
|  76|0xca800000, 0xca800000, 0xca900000|  0%| F|  |TAMS 0xca800000, 0xca800000| Untracked 
|  77|0xca900000, 0xca900000, 0xcaa00000|  0%| F|  |TAMS 0xca900000, 0xca900000| Untracked 
|  78|0xcaa00000, 0xcaa00000, 0xcab00000|  0%| F|  |TAMS 0xcaa00000, 0xcaa00000| Untracked 
|  79|0xcab00000, 0xcab00000, 0xcac00000|  0%| F|  |TAMS 0xcab00000, 0xcab00000| Untracked 
|  80|0xcac00000, 0xcac00000, 0xcad00000|  0%| F|  |TAMS 0xcac00000, 0xcac00000| Untracked 
|  81|0xcad00000, 0xcad00000, 0xcae00000|  0%| F|  |TAMS 0xcad00000, 0xcad00000| Untracked 
|  82|0xcae00000, 0xcae00000, 0xcaf00000|  0%| F|  |TAMS 0xcae00000, 0xcae00000| Untracked 
|  83|0xcaf00000, 0xcaf00000, 0xcb000000|  0%| F|  |TAMS 0xcaf00000, 0xcaf00000| Untracked 
|  84|0xcb000000, 0xcb000000, 0xcb100000|  0%| F|  |TAMS 0xcb000000, 0xcb000000| Untracked 
|  85|0xcb100000, 0xcb100000, 0xcb200000|  0%| F|  |TAMS 0xcb100000, 0xcb100000| Untracked 
|  86|0xcb200000, 0xcb200000, 0xcb300000|  0%| F|  |TAMS 0xcb200000, 0xcb200000| Untracked 
|  87|0xcb300000, 0xcb300000, 0xcb400000|  0%| F|  |TAMS 0xcb300000, 0xcb300000| Untracked 
|  88|0xcb400000, 0xcb400000, 0xcb500000|  0%| F|  |TAMS 0xcb400000, 0xcb400000| Untracked 
|  89|0xcb500000, 0xcb500000, 0xcb600000|  0%| F|  |TAMS 0xcb500000, 0xcb500000| Untracked 
|  90|0xcb600000, 0xcb600000, 0xcb700000|  0%| F|  |TAMS 0xcb600000, 0xcb600000| Untracked 
|  91|0xcb700000, 0xcb700000, 0xcb800000|  0%| F|  |TAMS 0xcb700000, 0xcb700000| Untracked 
|  92|0xcb800000, 0xcb800000, 0xcb900000|  0%| F|  |TAMS 0xcb800000, 0xcb800000| Untracked 
|  93|0xcb900000, 0xcb900000, 0xcba00000|  0%| F|  |TAMS 0xcb900000, 0xcb900000| Untracked 
|  94|0xcba00000, 0xcba00000, 0xcbb00000|  0%| F|  |TAMS 0xcba00000, 0xcba00000| Untracked 
|  95|0xcbb00000, 0xcbb00000, 0xcbc00000|  0%| F|  |TAMS 0xcbb00000, 0xcbb00000| Untracked 
|  96|0xcbc00000, 0xcbc00800, 0xcbd00000|  0%| E|  |TAMS 0xcbc00000, 0xcbc00000| Complete 
|  97|0xcbd00000, 0xcbe00000, 0xcbe00000|100%| E|CS|TAMS 0xcbd00000, 0xcbd00000| Complete 
|  98|0xcbe00000, 0xcbf00000, 0xcbf00000|100%| E|CS|TAMS 0xcbe00000, 0xcbe00000| Complete 
|  99|0xcbf00000, 0xcc000000, 0xcc000000|100%| E|CS|TAMS 0xcbf00000, 0xcbf00000| Complete 
| 100|0xcc000000, 0xcc100000, 0xcc100000|100%| E|CS|TAMS 0xcc000000, 0xcc000000| Complete 
| 101|0xcc100000, 0xcc200000, 0xcc200000|100%| E|CS|TAMS 0xcc100000, 0xcc100000| Complete 
| 102|0xcc200000, 0xcc300000, 0xcc300000|100%| E|CS|TAMS 0xcc200000, 0xcc200000| Complete 
| 103|0xcc300000, 0xcc400000, 0xcc400000|100%| E|CS|TAMS 0xcc300000, 0xcc300000| Complete 
| 104|0xcc400000, 0xcc500000, 0xcc500000|100%| E|CS|TAMS 0xcc400000, 0xcc400000| Complete 
| 105|0xcc500000, 0xcc600000, 0xcc600000|100%| E|CS|TAMS 0xcc500000, 0xcc500000| Complete 
| 106|0xcc600000, 0xcc700000, 0xcc700000|100%| E|CS|TAMS 0xcc600000, 0xcc600000| Complete 
| 107|0xcc700000, 0xcc7cfbd0, 0xcc800000| 81%| S|CS|TAMS 0xcc700000, 0xcc700000| Complete 
| 108|0xcc800000, 0xcc900000, 0xcc900000|100%| S|CS|TAMS 0xcc800000, 0xcc800000| Complete 
| 109|0xcc900000, 0xcca00000, 0xcca00000|100%| E|CS|TAMS 0xcc900000, 0xcc900000| Complete 
| 110|0xcca00000, 0xccb00000, 0xccb00000|100%| E|CS|TAMS 0xcca00000, 0xcca00000| Complete 
| 111|0xccb00000, 0xccc00000, 0xccc00000|100%| E|CS|TAMS 0xccb00000, 0xccb00000| Complete 
| 112|0xccc00000, 0xccd00000, 0xccd00000|100%| E|CS|TAMS 0xccc00000, 0xccc00000| Complete 
| 113|0xccd00000, 0xcce00000, 0xcce00000|100%| E|CS|TAMS 0xccd00000, 0xccd00000| Complete 
| 114|0xcce00000, 0xccf00000, 0xccf00000|100%| E|CS|TAMS 0xcce00000, 0xcce00000| Complete 
| 115|0xccf00000, 0xcd000000, 0xcd000000|100%| E|CS|TAMS 0xccf00000, 0xccf00000| Complete 
| 116|0xcd000000, 0xcd100000, 0xcd100000|100%| E|CS|TAMS 0xcd000000, 0xcd000000| Complete 
| 117|0xcd100000, 0xcd200000, 0xcd200000|100%| E|CS|TAMS 0xcd100000, 0xcd100000| Complete 
| 118|0xcd200000, 0xcd300000, 0xcd300000|100%| E|CS|TAMS 0xcd200000, 0xcd200000| Complete 
| 119|0xcd300000, 0xcd400000, 0xcd400000|100%| E|CS|TAMS 0xcd300000, 0xcd300000| Complete 
| 120|0xcd400000, 0xcd500000, 0xcd500000|100%| E|CS|TAMS 0xcd400000, 0xcd400000| Complete 
| 121|0xcd500000, 0xcd600000, 0xcd600000|100%| E|CS|TAMS 0xcd500000, 0xcd500000| Complete 
| 122|0xcd600000, 0xcd700000, 0xcd700000|100%| E|CS|TAMS 0xcd600000, 0xcd600000| Complete 
| 123|0xcd700000, 0xcd800000, 0xcd800000|100%| E|CS|TAMS 0xcd700000, 0xcd700000| Complete 
| 124|0xcd800000, 0xcd900000, 0xcd900000|100%| E|CS|TAMS 0xcd800000, 0xcd800000| Complete 
| 125|0xcd900000, 0xcda00000, 0xcda00000|100%| E|CS|TAMS 0xcd900000, 0xcd900000| Complete 
| 126|0xcda00000, 0xcdb00000, 0xcdb00000|100%| E|CS|TAMS 0xcda00000, 0xcda00000| Complete 
| 127|0xcdb00000, 0xcdc00000, 0xcdc00000|100%| E|CS|TAMS 0xcdb00000, 0xcdb00000| Complete 

Card table byte_map: [0xc5b00000,0xc5c00000] _byte_map_base: 0xc54d2000

Marking Bits (Prev, Next): (CMBitMap*) 0xf5e8b528, (CMBitMap*) 0xf5e8b548
 Prev Bits: [0xc5200000, 0xc5a00000)
 Next Bits: [0xc4a00000, 0xc5200000)

Polling page: 0xf7fb1000

Metaspace:

Usage:
    4.51 MB used.

Virtual space:
     16.00 MB reserved,       4.88 MB ( 30%) committed,  1 nodes.

Chunk freelists:
8.65 MB

MaxMetaspaceSize: 96.00 MB
No class space
Initial GC threshold: 16.00 MB
Current GC threshold: 16.00 MB
CDS: on
MetaspaceReclaimPolicy: balanced
 - commit_granule_bytes: 65536.
 - commit_granule_words: 16384.
 - virtual_space_node_default_size: 4194304.
 - enlarge_chunks_in_place: 1.
 - new_chunks_are_fully_committed: 0.
 - uncommit_free_chunks: 1.
 - use_allocation_guard: 0.
 - handle_deallocations: 1.


Internal statistics:

num_allocs_failed_limit: 0.
num_arena_births: 197.
num_arena_deaths: 0.
num_vsnodes_births: 1.
num_vsnodes_deaths: 0.
num_space_committed: 78.
num_space_uncommitted: 0.
num_chunks_returned_to_freelist: 0.
num_chunks_taken_from_freelist: 378.
num_chunk_merges: 0.
num_chunk_splits: 285.
num_chunks_enlarged: 222.
num_inconsistent_stats: 0.

CodeHeap 'non-profiled nmethods': size=120172Kb used=816Kb max_used=816Kb free=119355Kb
 bounds [0xed7f5000, 0xeda35000, 0xf4d50000]
CodeHeap 'profiled nmethods': size=120172Kb used=2816Kb max_used=2816Kb free=117355Kb
 bounds [0xe5d50000, 0xe6018000, 0xed2ab000]
CodeHeap 'non-nmethods': size=5416Kb used=735Kb max_used=782Kb free=4680Kb
 bounds [0xed2ab000, 0xed4eb000, 0xed7f5000]
 total_blobs=1899 nmethods=1554 adapters=259
 compilation: enabled
              stopped_count=0, restarted_count=0
 full_count=0

Compilation events (20 events):
Event: 474.936 Thread 0xc42a0580 1541       3       script.library.movement::_recalculateMovementModifiers (280 bytes)
Event: 474.940 Thread 0xc42a0580 nmethod 1541 0xe6003f08 code [0xe6004500, 0xe6006784]
Event: 474.940 Thread 0xc42a0580 1547       3       script.library.ai_lib::resetCombatTriggerVolumes (100 bytes)
Event: 474.944 Thread 0xc42a0580 nmethod 1547 0xe6007588 code [0xe6007ba0, 0xe600a98c]
Event: 474.944 Thread 0xc42a0580 1542       3       script.library.movement::testStunEffects (15 bytes)
Event: 474.944 Thread 0xc42a0580 nmethod 1542 0xe600bd08 code [0xe600be60, 0xe600c0d8]
Event: 474.944 Thread 0xc42a0580 1543       3       script.library.movement::hasStunEffect (54 bytes)
Event: 474.944 Thread 0xc42a0580 nmethod 1543 0xe600c288 code [0xe600c420, 0xe600c844]
Event: 474.944 Thread 0xc42a0580 1544       3       script.base_class::setState (10 bytes)
Event: 474.945 Thread 0xc42a0580 nmethod 1544 0xe600ca08 code [0xe600cb60, 0xe600cd6c]
Event: 474.945 Thread 0xc42a0580 1548       3       script.base_class::isInvulnerable (8 bytes)
Event: 474.945 Thread 0xc42a0580 nmethod 1548 0xe600ce88 code [0xe600cfe0, 0xe600d1ec]
Event: 474.945 Thread 0xc42a0580 1550       3       script.library.create::attachCombatScripts (81 bytes)
Event: 474.958 Thread 0xc42a0580 nmethod 1550 0xe600d308 code [0xe600d660, 0xe600e8e8]
Event: 474.958 Thread 0xc42a0580 1551       3       script.base_class::aiGetSecondaryWeapon (11 bytes)
Event: 474.959 Thread 0xc42a0580 nmethod 1551 0xe600f108 code [0xe600f280, 0xe600f604]
Event: 474.959 Thread 0xc42a0580 1553       3       script.library.jedi::isLightsaber (8 bytes)
Event: 474.959 Thread 0xc42a0580 nmethod 1553 0xe600f788 code [0xe600f8e0, 0xe600fb58]
Event: 474.959 Thread 0xc42a0580 1554       3       script.library.jedi::isLightsaber (36 bytes)
Event: 474.959 Thread 0xc42a0580 nmethod 1554 0xe600fc88 code [0xe600fde0, 0xe600ffe0]

GC Heap History (4 events):
Event: 170.898 GC heap before
{Heap before GC invocations=0 (full 0):
 garbage-first heap   total 131072K, used 12288K [0xc5c00000, 0xe5c00000)
  region size 1024K, 13 young (13312K), 0 survivors (0K)
 Metaspace       used 2451K, committed 2624K, reserved 16384K
}
Event: 170.997 GC heap after
{Heap after GC invocations=1 (full 0):
 garbage-first heap   total 131072K, used 2057K [0xc5c00000, 0xe5c00000)
  region size 1024K, 2 young (2048K), 2 survivors (2048K)
 Metaspace       used 2451K, committed 2624K, reserved 16384K
}
Event: 211.414 GC heap before
{Heap before GC invocations=1 (full 0):
 garbage-first heap   total 131072K, used 18441K [0xc5c00000, 0xe5c00000)
  region size 1024K, 19 young (19456K), 2 survivors (2048K)
 Metaspace       used 4114K, committed 4480K, reserved 16384K
}
Event: 211.465 GC heap after
{Heap after GC invocations=2 (full 0):
 garbage-first heap   total 131072K, used 3900K [0xc5c00000, 0xe5c00000)
  region size 1024K, 2 young (2048K), 2 survivors (2048K)
 Metaspace       used 4114K, committed 4480K, reserved 16384K
}

Dll operation events (4 events):
Event: 0.003 Loaded shared library /usr/lib/jvm/java-17-zulu-openjdk-jdk-x86/lib/libjava.so
Event: 59.661 Loaded shared library /usr/lib/jvm/java-17-zulu-openjdk-jdk-x86/lib/libnio.so
Event: 59.673 Loaded shared library /usr/lib/jvm/java-17-zulu-openjdk-jdk-x86/lib/libjimage.so
Event: 59.686 Loaded shared library /usr/lib/jvm/java-17-zulu-openjdk-jdk-x86/lib/libnet.so

Deoptimization events (20 events):
Event: 432.152 Thread 0x0c995890 Uncommon trap: trap_request=0xffffffd6 fr.pc=0xed8b8114 relative=0x000014d4
Event: 432.152 Thread 0x0c995890 Uncommon trap: reason=array_check action=maybe_recompile pc=0xed8b8114 method=java.io.ObjectInputStream.readArray(Z)Ljava/lang/Object; @ 392 c2
Event: 432.152 Thread 0x0c995890 DEOPT PACKING pc=0xed8b8114 sp=0xff9f4a90
Event: 432.152 Thread 0x0c995890 DEOPT UNPACKING pc=0xed2f4d33 sp=0xff9f4a78 mode 2
Event: 432.152 Thread 0x0c995890 Uncommon trap: trap_request=0xffffffde fr.pc=0xed8b83fc relative=0x000017bc
Event: 432.152 Thread 0x0c995890 Uncommon trap: reason=class_check action=maybe_recompile pc=0xed8b83fc method=java.lang.reflect.Array.newInstance(Ljava/lang/Class;I)Ljava/lang/Object; @ 2 c2
Event: 432.152 Thread 0x0c995890 DEOPT PACKING pc=0xed8b83fc sp=0xff9f4a90
Event: 432.152 Thread 0x0c995890 DEOPT UNPACKING pc=0xed2f4d33 sp=0xff9f4a48 mode 2
Event: 432.152 Thread 0x0c995890 Uncommon trap: trap_request=0xffffffd6 fr.pc=0xed8b8114 relative=0x000014d4
Event: 432.152 Thread 0x0c995890 Uncommon trap: reason=array_check action=maybe_recompile pc=0xed8b8114 method=java.io.ObjectInputStream.readArray(Z)Ljava/lang/Object; @ 392 c2
Event: 432.152 Thread 0x0c995890 DEOPT PACKING pc=0xed8b8114 sp=0xff9f4a90
Event: 432.152 Thread 0x0c995890 DEOPT UNPACKING pc=0xed2f4d33 sp=0xff9f4a78 mode 2
Event: 432.152 Thread 0x0c995890 Uncommon trap: trap_request=0xffffffd6 fr.pc=0xed8b8114 relative=0x000014d4
Event: 432.152 Thread 0x0c995890 Uncommon trap: reason=array_check action=maybe_recompile pc=0xed8b8114 method=java.io.ObjectInputStream.readArray(Z)Ljava/lang/Object; @ 392 c2
Event: 432.152 Thread 0x0c995890 DEOPT PACKING pc=0xed8b8114 sp=0xff9f4a90
Event: 432.152 Thread 0x0c995890 DEOPT UNPACKING pc=0xed2f4d33 sp=0xff9f4a78 mode 2
Event: 432.152 Thread 0x0c995890 Uncommon trap: trap_request=0xffffffd6 fr.pc=0xed8b8114 relative=0x000014d4
Event: 432.152 Thread 0x0c995890 Uncommon trap: reason=array_check action=maybe_recompile pc=0xed8b8114 method=java.io.ObjectInputStream.readArray(Z)Ljava/lang/Object; @ 392 c2
Event: 432.152 Thread 0x0c995890 DEOPT PACKING pc=0xed8b8114 sp=0xff9f4a90
Event: 432.152 Thread 0x0c995890 DEOPT UNPACKING pc=0xed2f4d33 sp=0xff9f4a78 mode 2

Classes unloaded (0 events):
No events

Classes redefined (0 events):
No events

Internal exceptions (6 events):
Event: 59.691 Thread 0x0c995890 Exception <a 'java/lang/NoSuchMethodError'{0xcd40b4d0}: 'java.lang.Object java.lang.invoke.DirectMethodHandle$Holder.invokeStaticInit(java.lang.Object)'> (0xcd40b4d0) 
thrown [src/hotspot/share/interpreter/linkResolver.cpp, line 759]
Event: 152.816 Thread 0x0c995890 Exception <a 'java/lang/NoSuchMethodError'{0xcd0d0058}: 'java.lang.Object java.lang.invoke.DirectMethodHandle$Holder.invokeStatic(java.lang.Object, float)'> (0xcd0d0058) 
thrown [src/hotspot/share/interpreter/linkResolver.cpp, line 759]
Event: 172.467 Thread 0x0c995890 Exception <a 'java/lang/NoSuchMethodError'{0xcd452608}: 'java.lang.Object java.lang.invoke.DirectMethodHandle$Holder.invokeSpecial(java.lang.Object, java.lang.Object, java.lang.Object, java.lang.Object, int)'> (0xcd452608) 
thrown [src/hotspot/share/interpreter/linkResolver.cpp, line 759]
Event: 172.467 Thread 0x0c995890 Exception <a 'java/lang/NoSuchMethodError'{0xcd455de0}: 'java.lang.Object java.lang.invoke.Invokers$Holder.linkToTargetMethod(java.lang.Object, java.lang.Object, int, java.lang.Object)'> (0xcd455de0) 
thrown [src/hotspot/share/interpreter/linkResolver.cpp, line 759]
Event: 207.879 Thread 0x0c995890 Exception <a 'java/lang/NoSuchMethodError'{0xccb852d0}: 'java.lang.Object java.lang.invoke.DirectMethodHandle$Holder.invokeSpecial(java.lang.Object, java.lang.Object, java.lang.Object, java.lang.Object, java.lang.Object, java.lang.Object, int)'> (0xccb852d0) 
thrown [src/hotspot/share/interpreter/linkResolver.cpp, line 759]
Event: 268.135 Thread 0x0c995890 Exception <a 'java/lang/NoSuchMethodError'{0xcd3bd340}: static [Lscript/obj_id;.<clinit>()V> (0xcd3bd340) 
thrown [src/hotspot/share/prims/jni.cpp, line 1112]

VM Operations (20 events):
Event: 294.211 Executing VM operation: Cleanup
Event: 294.211 Executing VM operation: Cleanup done
Event: 315.244 Executing VM operation: Cleanup
Event: 315.244 Executing VM operation: Cleanup done
Event: 322.258 Executing VM operation: Cleanup
Event: 322.258 Executing VM operation: Cleanup done
Event: 329.271 Executing VM operation: Cleanup
Event: 329.271 Executing VM operation: Cleanup done
Event: 335.288 Executing VM operation: Cleanup
Event: 335.288 Executing VM operation: Cleanup done
Event: 346.291 Executing VM operation: Cleanup
Event: 346.291 Executing VM operation: Cleanup done
Event: 411.307 Executing VM operation: Cleanup
Event: 411.307 Executing VM operation: Cleanup done
Event: 440.318 Executing VM operation: Cleanup
Event: 440.318 Executing VM operation: Cleanup done
Event: 447.321 Executing VM operation: Cleanup
Event: 447.321 Executing VM operation: Cleanup done
Event: 458.322 Executing VM operation: Cleanup
Event: 458.323 Executing VM operation: Cleanup done

Events (20 events):
Event: 268.187 loading class java/lang/constant/MethodHandleDesc done
Event: 268.187 loading class java/lang/constant/MethodHandleDesc$1
Event: 268.187 loading class java/lang/constant/MethodHandleDesc$1 done
Event: 268.187 loading class java/lang/constant/DirectMethodHandleDescImpl
Event: 268.187 loading class java/lang/constant/DirectMethodHandleDesc
Event: 268.187 loading class java/lang/constant/DirectMethodHandleDesc done
Event: 268.187 loading class java/lang/constant/DirectMethodHandleDescImpl done
Event: 268.187 loading class java/lang/constant/DirectMethodHandleDescImpl$1
Event: 268.187 loading class java/lang/constant/DirectMethodHandleDescImpl$1 done
Event: 268.187 loading class java/lang/constant/DirectMethodHandleDesc$1
Event: 268.187 loading class java/lang/constant/DirectMethodHandleDesc$1 done
Event: 268.187 loading class java/lang/constant/PrimitiveClassDescImpl
Event: 268.188 loading class java/lang/constant/DynamicConstantDesc
Event: 268.188 loading class java/lang/constant/DynamicConstantDesc done
Event: 268.188 loading class java/lang/constant/PrimitiveClassDescImpl done
Event: 268.188 loading class java/lang/constant/DynamicConstantDesc$AnonymousDynamicConstantDesc
Event: 268.188 loading class java/lang/constant/DynamicConstantDesc$AnonymousDynamicConstantDesc done
Event: 482.589 Thread 0x0c995890 Thread exited: 0x0c995890
Event: 482.683 Thread 0xf5e242d0 Thread exited: 0xf5e242d0
Event: 482.683 Thread 0xc429bff0 Thread exited: 0xc429bff0


Dynamic libraries:
08048000-09298000 r-xp 00000000 08:04 494947248                          /home/almalinux/swg-returns-nge/build/bin/SwgGameServer
09298000-0929c000 rw-p 0124f000 08:04 494947248                          /home/almalinux/swg-returns-nge/build/bin/SwgGameServer
0929c000-09b1f000 rw-p 00000000 00:00 0 
0b2d0000-15d22000 rw-p 00000000 00:00 0                                  [heap]
bf800000-bf8f9000 rw-p 00000000 00:00 0 
bf8f9000-bf900000 ---p 00000000 00:00 0 
bf900000-bf9f6000 rw-p 00000000 00:00 0 
bf9f6000-bfa00000 ---p 00000000 00:00 0 
bfa00000-bfaf9000 rw-p 00000000 00:00 0 
bfaf9000-bfb00000 ---p 00000000 00:00 0 
bfc00000-bfcf9000 rw-p 00000000 00:00 0 
bfcf9000-bfd00000 ---p 00000000 00:00 0 
bfd00000-bfdfb000 rw-p 00000000 00:00 0 
bfdfb000-bfe00000 ---p 00000000 00:00 0 
bfe00000-bfef9000 rw-p 00000000 00:00 0 
bfef9000-bff00000 ---p 00000000 00:00 0 
bff00000-bffe7000 rw-p 00000000 00:00 0 
bffe7000-c0000000 ---p 00000000 00:00 0 
c0000000-c00f9000 rw-p 00000000 00:00 0 
c00f9000-c0100000 ---p 00000000 00:00 0 
c0200000-c02f9000 rw-p 00000000 00:00 0 
c02f9000-c0300000 ---p 00000000 00:00 0 
c0b00000-c0bf9000 rw-p 00000000 00:00 0 
c0bf9000-c0c00000 ---p 00000000 00:00 0 
c0d00000-c0dfc000 rw-p 00000000 00:00 0 
c0dfc000-c0e00000 ---p 00000000 00:00 0 
c0e00000-c0ef9000 rw-p 00000000 00:00 0 
c0ef9000-c0f00000 ---p 00000000 00:00 0 
c0f00000-c0ff5000 rw-p 00000000 00:00 0 
c0ff5000-c1000000 ---p 00000000 00:00 0 
c13b8000-c13b9000 ---p 00000000 00:00 0 
c13b9000-c1439000 rw-p 00000000 00:00 0 
c1439000-c143a000 ---p 00000000 00:00 0 
c143a000-c14ba000 rw-p 00000000 00:00 0 
c14ba000-c14be000 ---p 00000000 00:00 0 
c14be000-c153b000 rw-p 00000000 00:00 0 
c173d000-c1741000 ---p 00000000 00:00 0 
c1741000-c17fe000 rw-p 00000000 00:00 0 
c17fe000-c1802000 ---p 00000000 00:00 0 
c1802000-c18bf000 rw-p 00000000 00:00 0 
c18bf000-c18c0000 ---p 00000000 00:00 0 
c18c0000-c1940000 rw-p 00000000 00:00 0 
c1940000-c1944000 ---p 00000000 00:00 0 
c1944000-c1a01000 rw-p 00000000 00:00 0 
c1a01000-c1a05000 ---p 00000000 00:00 0 
c1a05000-c1ac2000 rw-p 00000000 00:00 0 
c1ac2000-c1ac6000 ---p 00000000 00:00 0 
c1ac6000-c1b43000 rw-p 00000000 00:00 0 
c1b43000-c1b47000 ---p 00000000 00:00 0 
c1b47000-c1c04000 rw-p 00000000 00:00 0 
c1c04000-c1c08000 ---p 00000000 00:00 0 
c1c08000-c1cc5000 rw-p 00000000 00:00 0 
c1cc5000-c1cc9000 ---p 00000000 00:00 0 
c1cc9000-c1d86000 rw-p 00000000 00:00 0 
c1d86000-c2000000 r--p 00078000 08:04 535181                             /usr/lib/locale/locale-archive
c2000000-c2180000 rw-p 00000000 00:00 0 
c2180000-c2400000 ---p 00000000 00:00 0 
c2400000-c2760000 rw-p 00000000 00:00 0 
c2760000-c3000000 ---p 00000000 00:00 0 
c307e000-c327e000 r--p 00000000 08:04 535181                             /usr/lib/locale/locale-archive
c327e000-c3282000 ---p 00000000 00:00 0 
c3282000-c333f000 rw-p 00000000 00:00 0 
c333f000-c3343000 ---p 00000000 00:00 0 
c3343000-c3400000 rw-p 00000000 00:00 0 
c3400000-c3421000 rw-p 00000000 00:00 0 
c3421000-c3500000 ---p 00000000 00:00 0 
c3531000-c3535000 ---p 00000000 00:00 0 
c3535000-c35b2000 rw-p 00000000 00:00 0 
c35b2000-c35b3000 ---p 00000000 00:00 0 
c35b3000-c3633000 rw-p 00000000 00:00 0 
c3633000-c3f00000 rw-p 00001000 08:04 143240867                          /usr/lib/jvm/java-17-zulu-openjdk-jdk-x86/lib/server/classes.jsa
c3f00000-c3f21000 rw-p 00000000 00:00 0 
c3f21000-c4000000 ---p 00000000 00:00 0 
c407f000-c4080000 ---p 00000000 00:00 0 
c4080000-c4100000 rw-p 00000000 00:00 0 
c4100000-c4121000 rw-p 00000000 00:00 0 
c4121000-c4200000 ---p 00000000 00:00 0 
c4200000-c42d5000 rw-p 00000000 00:00 0 
c42d5000-c4300000 ---p 00000000 00:00 0 
c437f000-c4380000 ---p 00000000 00:00 0 
c4380000-c4400000 rw-p 00000000 00:00 0 
c4400000-c44e5000 rw-p 00000000 00:00 0 
c44e5000-c4500000 ---p 00000000 00:00 0 
c457f000-c4580000 ---p 00000000 00:00 0 
c4580000-c4600000 rw-p 00000000 00:00 0 
c4600000-c46f8000 rw-p 00000000 00:00 0 
c46f8000-c4700000 ---p 00000000 00:00 0 
c477f000-c4780000 ---p 00000000 00:00 0 
c4780000-c4800000 rw-p 00000000 00:00 0 
c4800000-c48fd000 rw-p 00000000 00:00 0 
c48fd000-c4900000 ---p 00000000 00:00 0 
c497f000-c4980000 ---p 00000000 00:00 0 
c4980000-c4c00000 rw-p 00000000 00:00 0 
c4c00000-c5200000 ---p 00000000 00:00 0 
c5200000-c5400000 rw-p 00000000 00:00 0 
c5400000-c5a00000 ---p 00000000 00:00 0 
c5a00000-c5a40000 rw-p 00000000 00:00 0 
c5a40000-c5b00000 ---p 00000000 00:00 0 
c5b00000-c5b40000 rw-p 00000000 00:00 0 
c5b40000-c5c00000 ---p 00000000 00:00 0 
c5c00000-cdc00000 rw-p 00000000 00:00 0 
cdc00000-e5c00000 ---p 00000000 00:00 0 
e5c50000-e5c90000 rw-p 00000000 00:00 0 
e5c90000-e5d50000 ---p 00000000 00:00 0 
e5d50000-e6018000 rwxp 00000000 00:00 0 
e6018000-ed2ab000 ---p 00000000 00:00 0 
ed2ab000-ed4eb000 rwxp 00000000 00:00 0 
ed4eb000-ed7f5000 ---p 00000000 00:00 0 
ed7f5000-eda35000 rwxp 00000000 00:00 0 
eda35000-f4d50000 ---p 00000000 00:00 0 
f4d50000-f4eb8000 r--s 00000000 08:04 117534333                          /usr/lib/jvm/java-17-zulu-openjdk-jdk-x86/lib/modules
f4eb8000-f5d5a000 r-xp 00000000 08:04 143240869                          /usr/lib/jvm/java-17-zulu-openjdk-jdk-x86/lib/server/libjvm.so
f5d5a000-f5daf000 r--p 00ea1000 08:04 143240869                          /usr/lib/jvm/java-17-zulu-openjdk-jdk-x86/lib/server/libjvm.so
f5daf000-f5dd0000 rw-p 00ef6000 08:04 143240869                          /usr/lib/jvm/java-17-zulu-openjdk-jdk-x86/lib/server/libjvm.so
f5dd0000-f5e00000 rw-p 00000000 00:00 0 
f5e00000-f5f00000 rw-p 00000000 00:00 0 
f5f0c000-f5f11000 rw-p 00000000 00:00 0 
f5f11000-f5ff7000 ---p 00000000 00:00 0 
f5ff7000-f5ff8000 ---p 00000000 00:00 0 
f5ff8000-f5ffc000 ---p 00000000 00:00 0 
f5ffc000-f6b70000 rw-p 00000000 00:00 0 
f6b7c000-f6b91000 r-xp 00000000 08:04 117534323                          /usr/lib/jvm/java-17-zulu-openjdk-jdk-x86/lib/libnet.so
f6b91000-f6b92000 r--p 00014000 08:04 117534323                          /usr/lib/jvm/java-17-zulu-openjdk-jdk-x86/lib/libnet.so
f6b92000-f6b93000 rw-p 00015000 08:04 117534323                          /usr/lib/jvm/java-17-zulu-openjdk-jdk-x86/lib/libnet.so
f6b93000-f6b99000 rw-p 00000000 00:00 0 
f6b99000-f6c7e000 ---p 00000000 00:00 0 
f6eb8000-f6eca000 r-xp 00000000 08:04 117534324                          /usr/lib/jvm/java-17-zulu-openjdk-jdk-x86/lib/libnio.so
f6eca000-f6ecb000 r--p 00011000 08:04 117534324                          /usr/lib/jvm/java-17-zulu-openjdk-jdk-x86/lib/libnio.so
f6ecb000-f6ecc000 rw-p 00012000 08:04 117534324                          /usr/lib/jvm/java-17-zulu-openjdk-jdk-x86/lib/libnio.so
f6ecc000-f6ef5000 rw-p 00000000 00:00 0 
f6ef5000-f6f18000 r-xp 00000000 08:04 117534310                          /usr/lib/jvm/java-17-zulu-openjdk-jdk-x86/lib/libjava.so
f6f18000-f6f19000 r--p 00022000 08:04 117534310                          /usr/lib/jvm/java-17-zulu-openjdk-jdk-x86/lib/libjava.so
f6f19000-f6f1a000 rw-p 00023000 08:04 117534310                          /usr/lib/jvm/java-17-zulu-openjdk-jdk-x86/lib/libjava.so
f6f1a000-f6f26000 r-xp 00000000 08:04 16831767                           /usr/lib/libnss_files-2.28.so
f6f26000-f6f27000 r--p 0000b000 08:04 16831767                           /usr/lib/libnss_files-2.28.so
f6f27000-f6f28000 rw-p 0000c000 08:04 16831767                           /usr/lib/libnss_files-2.28.so
f6f28000-f6f2e000 rw-p 00000000 00:00 0 
f6f34000-f6f39000 rw-p 00000000 00:00 0 
f6f39000-f6f3f000 ---p 00000000 00:00 0 
f6f3f000-f6f5a000 r-xp 00000000 08:04 117534314                          /usr/lib/jvm/java-17-zulu-openjdk-jdk-x86/lib/libjimage.so
f6f5a000-f6f5b000 ---p 0001b000 08:04 117534314                          /usr/lib/jvm/java-17-zulu-openjdk-jdk-x86/lib/libjimage.so
f6f5b000-f6f5c000 r--p 0001b000 08:04 117534314                          /usr/lib/jvm/java-17-zulu-openjdk-jdk-x86/lib/libjimage.so
f6f5c000-f6f5d000 rw-p 0001c000 08:04 117534314                          /usr/lib/jvm/java-17-zulu-openjdk-jdk-x86/lib/libjimage.so
f6f5d000-f6f61000 rw-p 00000000 00:00 0 
f6f61000-f6fe9000 r-xp 00000000 08:04 17191875                           /usr/lib/libpcre2-8.so.0.7.1
f6fe9000-f6fea000 r--p 00087000 08:04 17191875                           /usr/lib/libpcre2-8.so.0.7.1
f6fea000-f6feb000 rw-p 00088000 08:04 17191875                           /usr/lib/libpcre2-8.so.0.7.1
f6feb000-f700b000 r-xp 00000000 08:04 17021543                           /usr/lib/libcrypt.so.1.1.0
f700b000-f700c000 ---p 00020000 08:04 17021543                           /usr/lib/libcrypt.so.1.1.0
f700c000-f700d000 r--p 00020000 08:04 17021543                           /usr/lib/libcrypt.so.1.1.0
f700d000-f7016000 rw-p 00000000 00:00 0 
f7016000-f7041000 r-xp 00000000 08:04 17191887                           /usr/lib/libselinux.so.1
f7041000-f7042000 ---p 0002b000 08:04 17191887                           /usr/lib/libselinux.so.1
f7042000-f7043000 r--p 0002b000 08:04 17191887                           /usr/lib/libselinux.so.1
f7043000-f7044000 rw-p 0002c000 08:04 17191887                           /usr/lib/libselinux.so.1
f7044000-f7045000 rw-p 00000000 00:00 0 
f7045000-f7064000 r-xp 00000000 08:04 18866589                           /usr/lib/libbrotlicommon.so.1.0.6
f7064000-f7065000 r--p 0001e000 08:04 18866589                           /usr/lib/libbrotlicommon.so.1.0.6
f7065000-f7066000 rw-p 0001f000 08:04 18866589                           /usr/lib/libbrotlicommon.so.1.0.6
f7066000-f7084000 r-xp 00000000 08:04 17191915                           /usr/lib/libsasl2.so.3.0.0
f7084000-f7085000 ---p 0001e000 08:04 17191915                           /usr/lib/libsasl2.so.3.0.0
f7085000-f7086000 r--p 0001e000 08:04 17191915                           /usr/lib/libsasl2.so.3.0.0
f7086000-f7087000 rw-p 0001f000 08:04 17191915                           /usr/lib/libsasl2.so.3.0.0
f7087000-f7089000 rw-p 00000000 00:00 0 
f7089000-f709d000 r-xp 00000000 08:04 16831772                           /usr/lib/libresolv-2.28.so
f709d000-f709e000 ---p 00014000 08:04 16831772                           /usr/lib/libresolv-2.28.so
f709e000-f709f000 r--p 00014000 08:04 16831772                           /usr/lib/libresolv-2.28.so
f709f000-f70a0000 rw-p 00015000 08:04 16831772                           /usr/lib/libresolv-2.28.so
f70a0000-f70a2000 rw-p 00000000 00:00 0 
f70a2000-f70a5000 r-xp 00000000 08:04 17191893                           /usr/lib/libkeyutils.so.1.6
f70a5000-f70a6000 ---p 00003000 08:04 17191893                           /usr/lib/libkeyutils.so.1.6
f70a6000-f70a7000 r--p 00003000 08:04 17191893                           /usr/lib/libkeyutils.so.1.6
f70a7000-f70a8000 rw-p 00000000 00:00 0 
f70a8000-f70b8000 r-xp 00000000 08:04 17021560                           /usr/lib/libkrb5support.so.0.1
f70b8000-f70b9000 r--p 0000f000 08:04 17021560                           /usr/lib/libkrb5support.so.0.1
f70b9000-f70ba000 rw-p 00010000 08:04 17021560                           /usr/lib/libkrb5support.so.0.1
f70ba000-f70c2000 r-xp 00000000 08:04 16831774                           /usr/lib/librt-2.28.so
f70c2000-f70c3000 r--p 00007000 08:04 16831774                           /usr/lib/librt-2.28.so
f70c3000-f70c4000 rw-p 00008000 08:04 16831774                           /usr/lib/librt-2.28.so
f70c4000-f7243000 r-xp 00000000 08:04 17021545                           /usr/lib/libunistring.so.2.1.0
f7243000-f7244000 ---p 0017f000 08:04 17021545                           /usr/lib/libunistring.so.2.1.0
f7244000-f7246000 r--p 0017f000 08:04 17021545                           /usr/lib/libunistring.so.2.1.0
f7246000-f7247000 rw-p 00181000 08:04 17021545                           /usr/lib/libunistring.so.2.1.0
f7247000-f7271000 r-xp 00000000 08:04 18654292                           /usr/lib/liblzma.so.5.2.4
f7271000-f7272000 r--p 00029000 08:04 18654292                           /usr/lib/liblzma.so.5.2.4
f7272000-f7273000 rw-p 00000000 00:00 0 
f7273000-f727f000 r-xp 00000000 08:04 17191936                           /usr/lib/libbrotlidec.so.1.0.6
f727f000-f7280000 r--p 0000b000 08:04 17191936                           /usr/lib/libbrotlidec.so.1.0.6
f7280000-f7281000 rw-p 00000000 00:00 0 
f7281000-f7290000 r-xp 00000000 08:04 17191918                           /usr/lib/liblber-2.4.so.2.10.9
f7290000-f7291000 r--p 0000e000 08:04 17191918                           /usr/lib/liblber-2.4.so.2.10.9
f7291000-f7292000 rw-p 0000f000 08:04 17191918                           /usr/lib/liblber-2.4.so.2.10.9
f7292000-f72e7000 r-xp 00000000 08:04 17191920                           /usr/lib/libldap-2.4.so.2.10.9
f72e7000-f72e8000 ---p 00055000 08:04 17191920                           /usr/lib/libldap-2.4.so.2.10.9
f72e8000-f72e9000 r--p 00055000 08:04 17191920                           /usr/lib/libldap-2.4.so.2.10.9
f72e9000-f72ea000 rw-p 00056000 08:04 17191920                           /usr/lib/libldap-2.4.so.2.10.9
f72ea000-f72ec000 rw-p 00000000 00:00 0 
f72ec000-f72ef000 r-xp 00000000 08:04 16994899                           /usr/lib/libcom_err.so.2.1
f72ef000-f72f0000 r--p 00002000 08:04 16994899                           /usr/lib/libcom_err.so.2.1
f72f0000-f72f1000 rw-p 00003000 08:04 16994899                           /usr/lib/libcom_err.so.2.1
f72f1000-f7307000 r-xp 00000000 08:04 17021552                           /usr/lib/libk5crypto.so.3.1
f7307000-f7308000 ---p 00016000 08:04 17021552                           /usr/lib/libk5crypto.so.3.1
f7308000-f7309000 r--p 00016000 08:04 17021552                           /usr/lib/libk5crypto.so.3.1
f7309000-f730a000 rw-p 00017000 08:04 17021552                           /usr/lib/libk5crypto.so.3.1
f730a000-f73ed000 r-xp 00000000 08:04 17021558                           /usr/lib/libkrb5.so.3.3
f73ed000-f73f4000 r--p 000e2000 08:04 17021558                           /usr/lib/libkrb5.so.3.3
f73f4000-f73f5000 rw-p 000e9000 08:04 17021558                           /usr/lib/libkrb5.so.3.3
f73f5000-f7450000 r-xp 00000000 08:04 17021548                           /usr/lib/libgssapi_krb5.so.2.2
f7450000-f7452000 r--p 0005a000 08:04 17021548                           /usr/lib/libgssapi_krb5.so.2.2
f7452000-f7453000 rw-p 0005c000 08:04 17021548                           /usr/lib/libgssapi_krb5.so.2.2
f7453000-f7704000 r-xp 00000000 08:04 18627877                           /usr/lib/libcrypto.so.1.1.1k
f7704000-f771d000 r--p 002b0000 08:04 18627877                           /usr/lib/libcrypto.so.1.1.1k
f771d000-f771f000 rw-p 002c9000 08:04 18627877                           /usr/lib/libcrypto.so.1.1.1k
f771f000-f7723000 rw-p 00000000 00:00 0 
f7723000-f77b5000 r-xp 00000000 08:04 18627879                           /usr/lib/libssl.so.1.1.1k
f77b5000-f77bb000 r--p 00091000 08:04 18627879                           /usr/lib/libssl.so.1.1.1k
f77bb000-f77bf000 rw-p 00097000 08:04 18627879                           /usr/lib/libssl.so.1.1.1k
f77bf000-f77cf000 r-xp 00000000 08:04 18660120                           /usr/lib/libpsl.so.5.3.1
f77cf000-f77d0000 r--p 0000f000 08:04 18660120                           /usr/lib/libpsl.so.5.3.1
f77d0000-f77d1000 rw-p 00000000 00:00 0 
f77d1000-f784e000 r-xp 00000000 08:04 16994901                           /usr/lib/libssh.so.4.8.7
f784e000-f784f000 ---p 0007d000 08:04 16994901                           /usr/lib/libssh.so.4.8.7
f784f000-f7850000 r--p 0007d000 08:04 16994901                           /usr/lib/libssh.so.4.8.7
f7850000-f7851000 rw-p 0007e000 08:04 16994901                           /usr/lib/libssh.so.4.8.7
f7851000-f786e000 r-xp 00000000 08:04 17040588                           /usr/lib/libidn2.so.0.3.6
f786e000-f786f000 r--p 0001c000 08:04 17040588                           /usr/lib/libidn2.so.0.3.6
f786f000-f7870000 rw-p 00000000 00:00 0 
f7870000-f7898000 r-xp 00000000 08:04 17191891                           /usr/lib/libnghttp2.so.14.17.0
f7898000-f7899000 r--p 00027000 08:04 17191891                           /usr/lib/libnghttp2.so.14.17.0
f7899000-f789b000 rw-p 00028000 08:04 17191891                           /usr/lib/libnghttp2.so.14.17.0
f789b000-f7a3d000 r-xp 00000000 08:04 16831756                           /usr/lib/libc-2.28.so
f7a3d000-f7a3e000 ---p 001a2000 08:04 16831756                           /usr/lib/libc-2.28.so
f7a3e000-f7a40000 r--p 001a2000 08:04 16831756                           /usr/lib/libc-2.28.so
f7a40000-f7a41000 rw-p 001a4000 08:04 16831756                           /usr/lib/libc-2.28.so
f7a41000-f7a46000 rw-p 00000000 00:00 0 
f7a46000-f7a61000 r-xp 00000000 08:04 16985139                           /usr/lib/libgcc_s-8-20210514.so.1
f7a61000-f7a62000 r--p 0001a000 08:04 16985139                           /usr/lib/libgcc_s-8-20210514.so.1
f7a62000-f7a63000 rw-p 0001b000 08:04 16985139                           /usr/lib/libgcc_s-8-20210514.so.1
f7a63000-f7b33000 r-xp 00000000 08:04 16831760                           /usr/lib/libm-2.28.so
f7b33000-f7b34000 r--p 000cf000 08:04 16831760                           /usr/lib/libm-2.28.so
f7b34000-f7b35000 rw-p 000d0000 08:04 16831760                           /usr/lib/libm-2.28.so
f7b35000-f7cbe000 r-xp 00000000 08:04 16985145                           /usr/lib/libstdc++.so.6.0.25
f7cbe000-f7cbf000 ---p 00189000 08:04 16985145                           /usr/lib/libstdc++.so.6.0.25
f7cbf000-f7cc5000 r--p 00189000 08:04 16985145                           /usr/lib/libstdc++.so.6.0.25
f7cc5000-f7cc6000 rw-p 0018f000 08:04 16985145                           /usr/lib/libstdc++.so.6.0.25
f7cc6000-f7cc8000 rw-p 00000000 00:00 0 
f7cc8000-f7cdf000 r-xp 00000000 08:04 16963437                           /usr/lib/libz.so.1.2.11
f7cdf000-f7ce0000 ---p 00017000 08:04 16963437                           /usr/lib/libz.so.1.2.11
f7ce0000-f7ce1000 r--p 00017000 08:04 16963437                           /usr/lib/libz.so.1.2.11
f7ce1000-f7ce2000 rw-p 00000000 00:00 0 
f7ce2000-f7e5f000 r-xp 00000000 08:04 16963397                           /usr/lib/libxml2.so.2.9.7
f7e5f000-f7e64000 r--p 0017c000 08:04 16963397                           /usr/lib/libxml2.so.2.9.7
f7e64000-f7e65000 rw-p 00181000 08:04 16963397                           /usr/lib/libxml2.so.2.9.7
f7e65000-f7e66000 rw-p 00000000 00:00 0 
f7e66000-f7e82000 r-xp 00000000 08:04 16831770                           /usr/lib/libpthread-2.28.so
f7e82000-f7e83000 r--p 0001b000 08:04 16831770                           /usr/lib/libpthread-2.28.so
f7e83000-f7e84000 rw-p 0001c000 08:04 16831770                           /usr/lib/libpthread-2.28.so
f7e84000-f7e86000 rw-p 00000000 00:00 0 
f7e86000-f7efa000 r-xp 00000000 08:04 16818911                           /usr/lib/libpcre.so.1.2.10
f7efa000-f7efb000 ---p 00074000 08:04 16818911                           /usr/lib/libpcre.so.1.2.10
f7efb000-f7efc000 r--p 00074000 08:04 16818911                           /usr/lib/libpcre.so.1.2.10
f7efc000-f7efd000 rw-p 00075000 08:04 16818911                           /usr/lib/libpcre.so.1.2.10
f7efd000-f7f00000 r-xp 00000000 08:04 16831758                           /usr/lib/libdl-2.28.so
f7f00000-f7f01000 r--p 00002000 08:04 16831758                           /usr/lib/libdl-2.28.so
f7f01000-f7f02000 rw-p 00003000 08:04 16831758                           /usr/lib/libdl-2.28.so
f7f02000-f7f9f000 r-xp 00000000 08:04 16994905                           /usr/lib/libcurl.so.4.5.0
f7f9f000-f7fa1000 r--p 0009c000 08:04 16994905                           /usr/lib/libcurl.so.4.5.0
f7fa1000-f7fa2000 rw-p 0009e000 08:04 16994905                           /usr/lib/libcurl.so.4.5.0
f7fa2000-f7fa9000 r--s 00000000 08:04 176632422                          /usr/lib/gconv/gconv-modules.cache
f7fa9000-f7fb1000 rw-s 00000000 08:04 151636391                          /tmp/hsperfdata_almalinux/349190 (deleted)
f7fb1000-f7fb2000 ---p 00000000 00:00 0 
f7fb2000-f7fb3000 r--p 00000000 00:00 0 
f7fb3000-f7fb5000 rw-p 00000000 00:00 0 
f7fb5000-f7fb9000 r--p 00000000 00:00 0                                  [vvar]
f7fb9000-f7fbb000 r-xp 00000000 00:00 0                                  [vdso]
f7fbb000-f7fea000 r-xp 00000000 08:04 16831749                           /usr/lib/ld-2.28.so
f7fea000-f7feb000 ---p 00000000 00:00 0 
f7feb000-f7fec000 r--p 0002f000 08:04 16831749                           /usr/lib/ld-2.28.so
f7fec000-f7fed000 rw-p 00030000 08:04 16831749                           /usr/lib/ld-2.28.so
ff834000-ff835000 rwxp 00000000 00:00 0 
ff93d000-ff9f9000 rw-p 00000000 00:00 0                                  [stack]


VM Arguments:
jvm_args: -Xms128m -Xmx512m -Xss768k -XX:MaxMetaspaceSize=96m -Xrs -XX:-UsePerfData -XX:-AllowUserSignalHandlers -XX:UseSSE=3 -XX+DoEscapeAnalysis -XX:AutoBoxCacheMax:2000 -XX:+OptimizeStringConcat -XX:+OptimizeFill -XX:+EliminateAutoBox -XX:+UseCompressedStrings -XX:+UseCompressedOops -XX:+EliminateLocks -XX:UseFastAccessorMethods -XX:+UseStringCache -XgcPrio:throughput -XXkeepAreaRatio:1 -XXlazyUnlocking -XXcallProfiling -XXcompactRatio:1 
java_command: <unknown>
java_class_path (initial): ../../data/sku.0/sys.server/compiled/game/
Launcher Type: generic

[Global flags]
     intx CICompilerCount                          = 3                                         {product} {ergonomic}
     uint ConcGCThreads                            = 1                                         {product} {ergonomic}
     uint G1ConcRefinementThreads                  = 4                                         {product} {ergonomic}
   size_t G1HeapRegionSize                         = 1048576                                   {product} {ergonomic}
    uintx GCDrainStackTargetSize                   = 64                                        {product} {ergonomic}
   size_t InitialHeapSize                          = 134217728                                 {product} {command line}
   size_t MarkStackSize                            = 32768                                     {product} {ergonomic}
   size_t MaxHeapSize                              = 536870912                                 {product} {command line}
   size_t MaxMetaspaceSize                         = 100663296                                 {product} {command line}
   size_t MaxNewSize                               = 321912832                                 {product} {ergonomic}
   size_t MinHeapDeltaBytes                        = 1048576                                   {product} {ergonomic}
   size_t MinHeapSize                              = 134217728                                 {product} {command line}
    uintx NonNMethodCodeHeapSize                   = 5544422                                {pd product} {ergonomic}
    uintx NonProfiledCodeHeapSize                  = 123056909                              {pd product} {ergonomic}
    uintx ProfiledCodeHeapSize                     = 123056909                              {pd product} {ergonomic}
    uintx ReservedCodeCacheSize                    = 251658240                              {pd product} {ergonomic}
     bool SegmentedCodeCache                       = true                                      {product} {ergonomic}
   size_t SoftMaxHeapSize                          = 536870912                              {manageable} {ergonomic}
   double SweeperThreshold                         = 0.500000                                  {product} {ergonomic}
     intx ThreadStackSize                          = 768                                    {pd product} {command line}
     bool UseG1GC                                  = true                                      {product} {ergonomic}

Logging:
Log output configuration:
 #0: stdout all=off uptime,level,tags
 #1: stderr all=off uptime,level,tags

Environment Variables:
JAVA_HOME=/usr/lib/jvm/zulu-17-x86
PATH=/usr/java/jdk1.7.0_80/bin:/usr/java/jdk1.7.0_80/bin:/usr/java/jdk1.6.0_45/bin:/usr/java/jdk1.6.0_45/bin:/usr/java/jdk1.6.0_45/bin:/home/almalinux/.local/bin:/home/almalinux/bin:/sbin:/bin:/usr/bin:/usr/local/bin:/usr/local/sbin:/usr/sbin:/usr/lib/oracle/18.3/client/bin:/usr/lib/oracle/18.3/client/bin:/usr/lib/jvm/java-11-openjdk/bin:./
LD_LIBRARY_PATH=/usr/lib/jvm/java-17-zulu-openjdk-jdk-x86/lib/server:/usr/lib/jvm/java-17-zulu-openjdk-jdk-x86/lib:/usr/lib/jvm/java-17-zulu-openjdk-jdk-x86/../lib:/usr/lib/jvm/zulu-17-x86/lib/server:/usr/lib/jvm/java-11-openjdk/lib:/usr/lib/jvm/java-11-openjdk/lib/server:./
SHELL=/bin/bash
DISPLAY=:10.0
LANG=en_US.UTF-8
TERM=xterm-256color

Active Locale:
LC_ALL=en_US.UTF-8
LC_COLLATE=en_US.UTF-8
LC_CTYPE=en_US.UTF-8
LC_MESSAGES=en_US.UTF-8
LC_MONETARY=en_US.UTF-8
LC_NUMERIC=en_US.UTF-8
LC_TIME=en_US.UTF-8

Signal Handlers:
   SIGSEGV: crash_handler in libjvm.so, mask=11100100010111111101111111111110, flags=SA_RESTART|SA_SIGINFO, unblocked
    SIGBUS: crash_handler in libjvm.so, mask=11100100010111111101111111111110, flags=SA_RESTART|SA_SIGINFO, unblocked
    SIGFPE: crash_handler in libjvm.so, mask=11100100010111111101111111111110, flags=SA_RESTART|SA_SIGINFO, unblocked
   SIGPIPE: SIG_IGN, mask=00000000000010000000000000000000, flags=SA_RESTART, blocked
  *** Handler was modified!
  *** Expected: javaSignalHandler in libjvm.so, mask=11100100110111111111111111111110, flags=SA_RESTART|SA_SIGINFO
   SIGXFSZ: javaSignalHandler in libjvm.so, mask=11100100010111111101111111111110, flags=SA_RESTART|SA_SIGINFO, blocked
    SIGILL: crash_handler in libjvm.so, mask=11100100010111111101111111111110, flags=SA_RESTART|SA_SIGINFO, unblocked
   SIGUSR2: SR_handler in libjvm.so, mask=00100000000000000000000000000000, flags=SA_RESTART|SA_SIGINFO, blocked
    SIGHUP: UserHandler in libjvm.so, mask=11100100010111111101111111111110, flags=SA_RESTART|SA_SIGINFO, blocked
    SIGINT: UserHandler in libjvm.so, mask=11100100010111111101111111111110, flags=SA_RESTART|SA_SIGINFO, blocked
   SIGTERM: UserHandler in libjvm.so, mask=11100100010111111101111111111110, flags=SA_RESTART|SA_SIGINFO, blocked
   SIGQUIT: UserHandler in libjvm.so, mask=11100100010111111101111111111110, flags=SA_RESTART|SA_SIGINFO, blocked
   SIGTRAP: crash_handler in libjvm.so, mask=11100100010111111101111111111110, flags=SA_RESTART|SA_SIGINFO, unblocked


Periodic native trim disabled


---------------  S Y S T E M  ---------------

OS:
AlmaLinux release 8.10 (Cerulean Leopard)
uname: Linux 4.18.0-553.81.1.el8_10.x86_64 #1 SMP Mon Oct 27 11:29:19 EDT 2025 x86_64
OS uptime: 0 days 6:45 hours
libc: glibc 2.28 NPTL 2.28 
rlimit (soft/hard): STACK 8192k/infinity , CORE 0k/infinity , NPROC 61996/61996 , NOFILE 262144/262144 , AS infinity/infinity , CPU infinity/infinity , DATA infinity/infinity , FSIZE infinity/infinity , MEMLOCK 64k/64k
load average: 33.59 42.00 45.36

/proc/meminfo:
MemTotal:       16014464 kB
MemFree:         4374748 kB
MemAvailable:    5757396 kB
Buffers:              20 kB
Cached:          2868568 kB
SwapCached:        13832 kB
Active:          2339208 kB
Inactive:        8187904 kB
Active(anon):    1694912 kB
Inactive(anon):  7674652 kB
Active(file):     644296 kB
Inactive(file):   513252 kB
Unevictable:        6160 kB
Mlocked:               0 kB
SwapTotal:       8388604 kB
SwapFree:        7660764 kB
Dirty:              1884 kB
Writeback:             0 kB
AnonPages:       7622756 kB
Mapped:          1137792 kB
Shmem:           1711016 kB
KReclaimable:     402144 kB
Slab:             575156 kB
SReclaimable:     402144 kB
SUnreclaim:       173012 kB
KernelStack:       22508 kB
PageTables:       145280 kB
NFS_Unstable:          0 kB
Bounce:                0 kB
WritebackTmp:          0 kB
CommitLimit:    16395836 kB
Committed_AS:   22340644 kB
VmallocTotal:   34359738367 kB
VmallocUsed:       68320 kB
VmallocChunk:          0 kB
Percpu:             2672 kB
HardwareCorrupted:     0 kB
AnonHugePages:         0 kB
ShmemHugePages:        0 kB
ShmemPmdMapped:        0 kB
FileHugePages:         0 kB
FilePmdMapped:         0 kB
HugePages_Total:       0
HugePages_Free:        0
HugePages_Rsvd:        0
HugePages_Surp:        0
Hugepagesize:       2048 kB
Hugetlb:               0 kB
DirectMap4k:     1027948 kB
DirectMap2M:    15355904 kB

/sys/kernel/mm/transparent_hugepage/enabled: always madvise [never]
/sys/kernel/mm/transparent_hugepage/hpage_pmd_size: 2097152
/sys/kernel/mm/transparent_hugepage/defrag (defrag/compaction efforts parameter): always defer defer+madvise [madvise] never

Process Memory:
Virtual Size: 1105180K (peak: 1120076K)
Resident Set Size: 282420K (peak: 295280K) (anon: 248792K, file: 33628K, shmem: 0K)
Swapped out: 0K
C-Heap outstanding allocations: 21267K, retained: 174752K
glibc malloc tunables: (default)

/proc/sys/kernel/threads-max (system-wide limit on the number of threads): 123992
/proc/sys/vm/max_map_count (maximum number of memory map areas a process may have): 1677720
/proc/sys/kernel/pid_max (system-wide limit on number of process identifiers): 4194304

container (cgroup) information:
container_type: cgroupv1
cpu_cpuset_cpus: 0-3
cpu_memory_nodes: 0
active_processor_count: 4
cpu_quota: no quota
cpu_period: 100000
cpu_shares: no shares
memory_limit_in_bytes: unlimited
memory_and_swap_limit_in_bytes: unlimited
memory_soft_limit_in_bytes: unlimited
memory_usage_in_bytes: 10262596 k
memory_max_usage_in_bytes: 14910936 k
kernel_memory_usage_in_bytes: 373356 k
kernel_memory_max_usage_in_bytes: unlimited
kernel_memory_limit_in_bytes: 795756 k
maximum number of tasks: unlimited
current number of tasks: 664

KVM virtualization detected
Steal ticks since vm start: 60
Steal ticks percentage since vm start:  0.000

CPU: total 4 (initial active 4) (1 cores per cpu, 1 threads per core) family 6 model 60 stepping 1 microcode 0x1, cx8, cmov, fxsr, mmx, sse, sse2, sse3, ssse3, sse4.1, sse4.2, popcnt, lzcnt, tsc, avx, avx2, aes, erms, clmul, bmi1, bmi2, fma, vzeroupper, clflush, hv
CPU Model and flags from /proc/cpuinfo:
model name	: Intel Core Processor (Haswell, no TSX)
flags		: fpu vme de pse tsc msr pae mce cx8 apic sep mtrr pge mca cmov pat pse36 clflush mmx fxsr sse sse2 syscall nx rdtscp lm constant_tsc rep_good nopl xtopology cpuid tsc_known_freq pni pclmulqdq vmx ssse3 fma cx16 pcid sse4_1 sse4_2 x2apic movbe popcnt tsc_deadline_timer aes xsave avx f16c rdrand hypervisor lahf_lm abm cpuid_fault invpcid_single pti tpr_shadow vnmi flexpriority ept vpid ept_ad fsgsbase bmi1 avx2 smep bmi2 erms invpcid xsaveopt arat md_clear

Online cpus: 0-3
Offline cpus: 
BIOS frequency limitation: <Not Available>
Frequency switch latency (ns): <Not Available>
Available cpu frequencies: <Not Available>
Current governor: <Not Available>
Core performance/turbo boost: <Not Available>

Memory: 4k page, physical 16014464k(4374748k free), swap 8388604k(7660764k free)
Page Sizes: 4k

vm_info: OpenJDK Server VM (17.0.11+9-LTS) for linux-x86 JRE (17.0.11+9-LTS) (Zulu17.50+19-CA), built on Apr  9 2024 07:14:46 by "zulu_re" with gcc 8.3.0

END.
