#
# A fatal error has been detected by the Java Runtime Environment:
#
#  SIGSEGV (0xb) at pc=0xf784e618, pid=10827, tid=10827
#
# JRE version: OpenJDK Runtime Environment Zulu17.50+19-CA (17.0.11+9) (build 17.0.11+9-LTS)
# Java VM: OpenJDK Server VM Zulu17.50+19-CA (17.0.11+9-LTS, mixed mode, sharing, tiered, g1 gc, linux-x86)
# Problematic frame:
# C  [libc.so.6+0x84618]  cfree+0x28
#
# Core dump will be written. Default location: Core dumps may be processed with "/usr/lib/systemd/systemd-coredump %P %u %g %s %t %c %h %e" (or dumping to /home/almalinux/swg-returns-nge/exe/linux/core.10827)
#
# If you would like to submit a bug report, please visit:
#   http://www.azul.com/support/
#

---------------  S U M M A R Y ------------

Command Line: -Xms128m -Xmx512m -Xss768k -XX:MaxMetaspaceSize=96m -Xrs -XX:-UsePerfData -XX:-AllowUserSignalHandlers -XX:UseSSE=3 -XX+DoEscapeAnalysis -XX:AutoBoxCacheMax:2000 -XX:+OptimizeStringConcat -XX:+OptimizeFill -XX:+EliminateAutoBox -XX:+UseCompressedStrings -XX:+UseCompressedOops -XX:+EliminateLocks -XX:UseFastAccessorMethods -XX:+UseStringCache -XgcPrio:throughput -XXkeepAreaRatio:1 -XXlazyUnlocking -XXcallProfiling -XXcompactRatio:1 

Host: Intel Core Processor (Haswell, no TSX), 4 cores, 15G, AlmaLinux release 8.10 (Cerulean Leopard)
Time: Tue Jan 27 13:49:36 2026 UTC elapsed time: 32012.742426 seconds (0d 8h 53m 32s)

---------------  T H R E A D  ---------------

Current thread is native thread

Stack: [0xffa23000,0xffae3000],  sp=0xffadf350,  free space=752k
Native frames: (J=compiled Java code, j=interpreted, Vv=VM code, C=native code)
C  [libc.so.6+0x84618]  cfree+0x28


siginfo: si_signo: 11 (SIGSEGV), si_code: 1 (SEGV_MAPERR), si_addr: 0x00000003

Registers:
EAX=0x00000000, EBX=0x00000007, ECX=0xf6e8c84c, EDX=0x0b35eda8
ESP=0xffadf350, EBP=0xffadf488, ESI=0xf796f000, EDI=0x00000000
EIP=0xf784e618, EFLAGS=0x00210202, CR2=0x0000000000000003


Top of Stack: (sp=0xffadf350)
0xffadf350:   0afe2030 00000000 ffadf488 f7adbf1c
0xffadf360:   0afe20c0 f7bf2a04 0b35ed80 f7adbf1c
0xffadf370:   00000007 f7adbf0a f7bf2a04 f7adbf4c
0xffadf380:   0afe20c0 f7adbf0a 0b362b20 085b6163
0xffadf390:   00000007 0afe2030 0afe1d40 085bb8d1
0xffadf3a0:   0afe2030 0afe1d40 00000000 085bb89b
0xffadf3b0:   0c7f6100 ffadf3d7 ffadf3fc 085c6969
0xffadf3c0:   087d6c00 ffadf3fc ffadf488 084fc53b
0xffadf3d0:   00000014 00010002 00000000 00000000
0xffadf3e0:   01010100 00000001 09aa44c0 00000000
0xffadf3f0:   00000000 00000000 00000000 00000000
0xffadf400:   00000000 00000013 ffadf558 f77ff6ff
0xffadf410:   f796f41c 47677753 53656d61 65767265
0xffadf420:   30313a72 00373238 09290100 0b344140
0xffadf430:   08ea0100 08ebc230 08ea5888 f796f41c
0xffadf440:   00000428 00000420 f77ff779 085758fd
0xffadf450:   08ea2a80 09b1ea78 08ea5888 08574f56
0xffadf460:   0929a2c4 0929a2c4 ffadf558 08ea583b
0xffadf470:   0000000c ffadf524 ffadf4a0 f796f000
0xffadf480:   00000000 08575910 00000000 f77e7f26
0xffadf490:   00000000 08575910 00000000 f77e7f26
0xffadf4a0:   0000000c ffadf524 ffadf558 ffadf4c4
0xffadf4b0:   0929a2d0 00000000 ffadf558 f796f000
0xffadf4c0:   f77d775c f796f000 00000000 08575910
0xffadf4d0:   00000000 b6a85f96 11bcd787 00000000
0xffadf4e0:   00000000 00000000 f7eee4d0 f77e7e30
0xffadf4f0:   084fc260 0929a2c4 0000000c 08575946
0xffadf500:   084fc260 0000000c ffadf524 08ea57f0
0xffadf510:   08ea5850 f7eee4d0 ffadf51c f7f1b970
0xffadf520:   0000000c ffae1625 ffae1637 ffae163a
0xffadf530:   ffae164c ffae164f ffae165a ffae167e
0xffadf540:   ffae168e ffae16ab ffae16d8 ffae16db 

Instructions: (pc=0xf784e618)
0xf784e518:   50 8d 96 86 f7 fa ff 8d 86 d0 2f fb ff e8 c6 b7
0xf784e528:   ff ff 8d b6 00 00 00 00 bb 20 00 00 00 e9 5e fe
0xf784e538:   ff ff e8 a1 c0 ff ff 89 c5 85 c0 0f 85 68 ff ff
0xf784e548:   ff 31 d2 8d 44 3b 10 e8 8c c1 ff ff 89 da 89 f9
0xf784e558:   89 c5 e8 11 f0 ff ff 89 c2 85 c0 75 1b 85 ed 74
0xf784e568:   17 90 89 fa 89 e8 e8 bd c5 ff ff 89 da 89 f9 89
0xf784e578:   c5 e8 f2 ef ff ff 89 c2 85 ed 0f 84 57 ff ff ff
0xf784e588:   e9 39 ff ff ff 8d 86 b8 31 fb ff 83 ec 0c b9 25
0xf784e598:   0d 00 00 50 8d 96 86 f7 fa ff 8d 86 74 2f fb ff
0xf784e5a8:   e8 43 b7 ff ff 8d 76 00 f3 0f 1e fb e8 0a 9a f9
0xf784e5b8:   ff 05 47 0a 12 00 56 53 83 ec 04 8b 5c 24 10 8b
0xf784e5c8:   74 24 14 8b 80 50 ff ff ff c7 00 00 00 00 00 e8
0xf784e5d8:   54 bb ff ff 8b 4c 24 0c 83 c4 04 89 f2 89 d8 5b
0xf784e5e8:   5e e9 42 fd ff ff 66 90 f3 0f 1e fb 56 e8 9a 9b
0xf784e5f8:   f9 ff 81 c6 06 0a 12 00 53 83 ec 14 8b 5c 24 20
0xf784e608:   8b 86 5c ff ff ff 8b 00 85 c0 75 6c 85 db 74 75
0xf784e618:   8b 4b fc 8d 53 f8 f6 c1 02 75 35 8b 86 70 fe ff
0xf784e628:   ff 65 8b 00 85 c0 0f 84 8c 00 00 00 83 e1 04 8d
0xf784e638:   86 60 07 00 00 74 09 89 d0 25 00 00 f0 ff 8b 00
0xf784e648:   83 c4 14 31 c9 5b 5e e9 8c cb ff ff 8d 74 26 00
0xf784e658:   8b 9e 60 01 00 00 85 db 75 10 3b 8e 48 01 00 00
0xf784e668:   76 08 81 f9 00 00 08 00 76 26 83 c4 14 89 d0 5b
0xf784e678:   5e e9 92 b8 ff ff 66 90 83 ec 08 ff 74 24 24 53
0xf784e688:   ff d0 83 c4 10 83 c4 14 5b 5e c3 8d 74 26 00 90
0xf784e698:   39 96 80 1d 00 00 77 08 39 96 7c 1d 00 00 77 ca
0xf784e6a8:   83 e1 f8 8d 04 09 89 8e 48 01 00 00 89 86 40 01
0xf784e6b8:   00 00 90 eb b5 8d 76 00 8b 86 74 fe ff ff 65 80
0xf784e6c8:   38 00 0f 85 64 ff ff ff 89 54 24 0c e8 97 ed ff
0xf784e6d8:   ff 8b 4b fc 8b 54 24 0c e9 4f ff ff ff 8d b4 26
0xf784e6e8:   00 00 00 00 8d 74 26 00 f3 0f 1e fb 55 57 56 e8
0xf784e6f8:   98 9a f9 ff 81 c6 04 09 12 00 53 83 ec 0c 8b 86
0xf784e708:   70 fe ff ff 8b 96 74 fe ff ff 65 8b 28 65 c6 02 



---------------  P R O C E S S  ---------------

VM state: at safepoint (shutting down)

VM Mutex/Monitor currently owned by a thread:  ([mutex/lock_event])
[0xf5e21d30] Threads_lock - owner thread: 0xc4194cf0

GC Precious Log:
<Skipped>

Heap:
 garbage-first heap   total 131072K, used 59740K [0xc5c00000, 0xe5c00000)
  region size 1024K, 57 young (58368K), 3 survivors (3072K)
 Metaspace       used 5109K, committed 5504K, reserved 16384K

Heap Regions: E=young(eden), S=young(survivor), O=old, HS=humongous(starts), HC=humongous(continues), CS=collection set, F=free, OA=open archive, CA=closed archive, TAMS=top-at-mark-start (previous, next)
|   0|0xc5c00000, 0xc5d00000, 0xc5d00000|100%| O|  |TAMS 0xc5c00000, 0xc5c00000| Untracked 
|   1|0xc5d00000, 0xc5e00000, 0xc5e00000|100%| O|  |TAMS 0xc5d00000, 0xc5d00000| Untracked 
|   2|0xc5e00000, 0xc5e94c00, 0xc5f00000| 58%| O|  |TAMS 0xc5e00000, 0xc5e00000| Untracked 
|   3|0xc5f00000, 0xc5f00000, 0xc6000000|  0%| F|  |TAMS 0xc5f00000, 0xc5f00000| Untracked 
|   4|0xc6000000, 0xc6000000, 0xc6100000|  0%| F|  |TAMS 0xc6000000, 0xc6000000| Untracked 
|   5|0xc6100000, 0xc6100000, 0xc6200000|  0%| F|  |TAMS 0xc6100000, 0xc6100000| Untracked 
|   6|0xc6200000, 0xc6200000, 0xc6300000|  0%| F|  |TAMS 0xc6200000, 0xc6200000| Untracked 
|   7|0xc6300000, 0xc6300000, 0xc6400000|  0%| F|  |TAMS 0xc6300000, 0xc6300000| Untracked 
|   8|0xc6400000, 0xc6400000, 0xc6500000|  0%| F|  |TAMS 0xc6400000, 0xc6400000| Untracked 
|   9|0xc6500000, 0xc6500000, 0xc6600000|  0%| F|  |TAMS 0xc6500000, 0xc6500000| Untracked 
|  10|0xc6600000, 0xc6600000, 0xc6700000|  0%| F|  |TAMS 0xc6600000, 0xc6600000| Untracked 
|  11|0xc6700000, 0xc6700000, 0xc6800000|  0%| F|  |TAMS 0xc6700000, 0xc6700000| Untracked 
|  12|0xc6800000, 0xc6800000, 0xc6900000|  0%| F|  |TAMS 0xc6800000, 0xc6800000| Untracked 
|  13|0xc6900000, 0xc6900000, 0xc6a00000|  0%| F|  |TAMS 0xc6900000, 0xc6900000| Untracked 
|  14|0xc6a00000, 0xc6a00000, 0xc6b00000|  0%| F|  |TAMS 0xc6a00000, 0xc6a00000| Untracked 
|  15|0xc6b00000, 0xc6b00000, 0xc6c00000|  0%| F|  |TAMS 0xc6b00000, 0xc6b00000| Untracked 
|  16|0xc6c00000, 0xc6c00000, 0xc6d00000|  0%| F|  |TAMS 0xc6c00000, 0xc6c00000| Untracked 
|  17|0xc6d00000, 0xc6d00000, 0xc6e00000|  0%| F|  |TAMS 0xc6d00000, 0xc6d00000| Untracked 
|  18|0xc6e00000, 0xc6e00000, 0xc6f00000|  0%| F|  |TAMS 0xc6e00000, 0xc6e00000| Untracked 
|  19|0xc6f00000, 0xc6f00000, 0xc7000000|  0%| F|  |TAMS 0xc6f00000, 0xc6f00000| Untracked 
|  20|0xc7000000, 0xc7000000, 0xc7100000|  0%| F|  |TAMS 0xc7000000, 0xc7000000| Untracked 
|  21|0xc7100000, 0xc7100000, 0xc7200000|  0%| F|  |TAMS 0xc7100000, 0xc7100000| Untracked 
|  22|0xc7200000, 0xc7200000, 0xc7300000|  0%| F|  |TAMS 0xc7200000, 0xc7200000| Untracked 
|  23|0xc7300000, 0xc7300000, 0xc7400000|  0%| F|  |TAMS 0xc7300000, 0xc7300000| Untracked 
|  24|0xc7400000, 0xc7400000, 0xc7500000|  0%| F|  |TAMS 0xc7400000, 0xc7400000| Untracked 
|  25|0xc7500000, 0xc7500000, 0xc7600000|  0%| F|  |TAMS 0xc7500000, 0xc7500000| Untracked 
|  26|0xc7600000, 0xc7600000, 0xc7700000|  0%| F|  |TAMS 0xc7600000, 0xc7600000| Untracked 
|  27|0xc7700000, 0xc7700000, 0xc7800000|  0%| F|  |TAMS 0xc7700000, 0xc7700000| Untracked 
|  28|0xc7800000, 0xc7800000, 0xc7900000|  0%| F|  |TAMS 0xc7800000, 0xc7800000| Untracked 
|  29|0xc7900000, 0xc7900000, 0xc7a00000|  0%| F|  |TAMS 0xc7900000, 0xc7900000| Untracked 
|  30|0xc7a00000, 0xc7a00000, 0xc7b00000|  0%| F|  |TAMS 0xc7a00000, 0xc7a00000| Untracked 
|  31|0xc7b00000, 0xc7b00000, 0xc7c00000|  0%| F|  |TAMS 0xc7b00000, 0xc7b00000| Untracked 
|  32|0xc7c00000, 0xc7c00000, 0xc7d00000|  0%| F|  |TAMS 0xc7c00000, 0xc7c00000| Untracked 
|  33|0xc7d00000, 0xc7d00000, 0xc7e00000|  0%| F|  |TAMS 0xc7d00000, 0xc7d00000| Untracked 
|  34|0xc7e00000, 0xc7e00000, 0xc7f00000|  0%| F|  |TAMS 0xc7e00000, 0xc7e00000| Untracked 
|  35|0xc7f00000, 0xc7f00000, 0xc8000000|  0%| F|  |TAMS 0xc7f00000, 0xc7f00000| Untracked 
|  36|0xc8000000, 0xc8000000, 0xc8100000|  0%| F|  |TAMS 0xc8000000, 0xc8000000| Untracked 
|  37|0xc8100000, 0xc8100000, 0xc8200000|  0%| F|  |TAMS 0xc8100000, 0xc8100000| Untracked 
|  38|0xc8200000, 0xc8200000, 0xc8300000|  0%| F|  |TAMS 0xc8200000, 0xc8200000| Untracked 
|  39|0xc8300000, 0xc8300000, 0xc8400000|  0%| F|  |TAMS 0xc8300000, 0xc8300000| Untracked 
|  40|0xc8400000, 0xc8400000, 0xc8500000|  0%| F|  |TAMS 0xc8400000, 0xc8400000| Untracked 
|  41|0xc8500000, 0xc8500000, 0xc8600000|  0%| F|  |TAMS 0xc8500000, 0xc8500000| Untracked 
|  42|0xc8600000, 0xc8600000, 0xc8700000|  0%| F|  |TAMS 0xc8600000, 0xc8600000| Untracked 
|  43|0xc8700000, 0xc8700000, 0xc8800000|  0%| F|  |TAMS 0xc8700000, 0xc8700000| Untracked 
|  44|0xc8800000, 0xc8800000, 0xc8900000|  0%| F|  |TAMS 0xc8800000, 0xc8800000| Untracked 
|  45|0xc8900000, 0xc8900000, 0xc8a00000|  0%| F|  |TAMS 0xc8900000, 0xc8900000| Untracked 
|  46|0xc8a00000, 0xc8a00000, 0xc8b00000|  0%| F|  |TAMS 0xc8a00000, 0xc8a00000| Untracked 
|  47|0xc8b00000, 0xc8b00000, 0xc8c00000|  0%| F|  |TAMS 0xc8b00000, 0xc8b00000| Untracked 
|  48|0xc8c00000, 0xc8c00000, 0xc8d00000|  0%| F|  |TAMS 0xc8c00000, 0xc8c00000| Untracked 
|  49|0xc8d00000, 0xc8d00000, 0xc8e00000|  0%| F|  |TAMS 0xc8d00000, 0xc8d00000| Untracked 
|  50|0xc8e00000, 0xc8e00000, 0xc8f00000|  0%| F|  |TAMS 0xc8e00000, 0xc8e00000| Untracked 
|  51|0xc8f00000, 0xc8f00000, 0xc9000000|  0%| F|  |TAMS 0xc8f00000, 0xc8f00000| Untracked 
|  52|0xc9000000, 0xc9000000, 0xc9100000|  0%| F|  |TAMS 0xc9000000, 0xc9000000| Untracked 
|  53|0xc9100000, 0xc9100000, 0xc9200000|  0%| F|  |TAMS 0xc9100000, 0xc9100000| Untracked 
|  54|0xc9200000, 0xc9200000, 0xc9300000|  0%| F|  |TAMS 0xc9200000, 0xc9200000| Untracked 
|  55|0xc9300000, 0xc9300000, 0xc9400000|  0%| F|  |TAMS 0xc9300000, 0xc9300000| Untracked 
|  56|0xc9400000, 0xc9400000, 0xc9500000|  0%| F|  |TAMS 0xc9400000, 0xc9400000| Untracked 
|  57|0xc9500000, 0xc9500000, 0xc9600000|  0%| F|  |TAMS 0xc9500000, 0xc9500000| Untracked 
|  58|0xc9600000, 0xc9600000, 0xc9700000|  0%| F|  |TAMS 0xc9600000, 0xc9600000| Untracked 
|  59|0xc9700000, 0xc9700000, 0xc9800000|  0%| F|  |TAMS 0xc9700000, 0xc9700000| Untracked 
|  60|0xc9800000, 0xc9800000, 0xc9900000|  0%| F|  |TAMS 0xc9800000, 0xc9800000| Untracked 
|  61|0xc9900000, 0xc9900000, 0xc9a00000|  0%| F|  |TAMS 0xc9900000, 0xc9900000| Untracked 
|  62|0xc9a00000, 0xc9a00000, 0xc9b00000|  0%| F|  |TAMS 0xc9a00000, 0xc9a00000| Untracked 
|  63|0xc9b00000, 0xc9b00000, 0xc9c00000|  0%| F|  |TAMS 0xc9b00000, 0xc9b00000| Untracked 
|  64|0xc9c00000, 0xc9c00000, 0xc9d00000|  0%| F|  |TAMS 0xc9c00000, 0xc9c00000| Untracked 
|  65|0xc9d00000, 0xc9d00000, 0xc9e00000|  0%| F|  |TAMS 0xc9d00000, 0xc9d00000| Untracked 
|  66|0xc9e00000, 0xc9e00000, 0xc9f00000|  0%| F|  |TAMS 0xc9e00000, 0xc9e00000| Untracked 
|  67|0xc9f00000, 0xc9f00000, 0xca000000|  0%| F|  |TAMS 0xc9f00000, 0xc9f00000| Untracked 
|  68|0xca000000, 0xca000000, 0xca100000|  0%| F|  |TAMS 0xca000000, 0xca000000| Untracked 
|  69|0xca100000, 0xca100000, 0xca200000|  0%| F|  |TAMS 0xca100000, 0xca100000| Untracked 
|  70|0xca200000, 0xca200000, 0xca300000|  0%| F|  |TAMS 0xca200000, 0xca200000| Untracked 
|  71|0xca300000, 0xca300800, 0xca400000|  0%| E|  |TAMS 0xca300000, 0xca300000| Complete 
|  72|0xca400000, 0xca500000, 0xca500000|100%| E|CS|TAMS 0xca400000, 0xca400000| Complete 
|  73|0xca500000, 0xca600000, 0xca600000|100%| E|CS|TAMS 0xca500000, 0xca500000| Complete 
|  74|0xca600000, 0xca700000, 0xca700000|100%| E|CS|TAMS 0xca600000, 0xca600000| Complete 
|  75|0xca700000, 0xca800000, 0xca800000|100%| E|CS|TAMS 0xca700000, 0xca700000| Complete 
|  76|0xca800000, 0xca900000, 0xca900000|100%| E|CS|TAMS 0xca800000, 0xca800000| Complete 
|  77|0xca900000, 0xcaa00000, 0xcaa00000|100%| E|CS|TAMS 0xca900000, 0xca900000| Complete 
|  78|0xcaa00000, 0xcab00000, 0xcab00000|100%| E|CS|TAMS 0xcaa00000, 0xcaa00000| Complete 
|  79|0xcab00000, 0xcac00000, 0xcac00000|100%| E|CS|TAMS 0xcab00000, 0xcab00000| Complete 
|  80|0xcac00000, 0xcad00000, 0xcad00000|100%| E|CS|TAMS 0xcac00000, 0xcac00000| Complete 
|  81|0xcad00000, 0xcae00000, 0xcae00000|100%| E|CS|TAMS 0xcad00000, 0xcad00000| Complete 
|  82|0xcae00000, 0xcaf00000, 0xcaf00000|100%| E|CS|TAMS 0xcae00000, 0xcae00000| Complete 
|  83|0xcaf00000, 0xcb000000, 0xcb000000|100%| E|CS|TAMS 0xcaf00000, 0xcaf00000| Complete 
|  84|0xcb000000, 0xcb100000, 0xcb100000|100%| E|CS|TAMS 0xcb000000, 0xcb000000| Complete 
|  85|0xcb100000, 0xcb200000, 0xcb200000|100%| E|CS|TAMS 0xcb100000, 0xcb100000| Complete 
|  86|0xcb200000, 0xcb300000, 0xcb300000|100%| E|CS|TAMS 0xcb200000, 0xcb200000| Complete 
|  87|0xcb300000, 0xcb400000, 0xcb400000|100%| E|CS|TAMS 0xcb300000, 0xcb300000| Complete 
|  88|0xcb400000, 0xcb500000, 0xcb500000|100%| E|CS|TAMS 0xcb400000, 0xcb400000| Complete 
|  89|0xcb500000, 0xcb5c1d50, 0xcb600000| 75%| S|CS|TAMS 0xcb500000, 0xcb500000| Complete 
|  90|0xcb600000, 0xcb700000, 0xcb700000|100%| S|CS|TAMS 0xcb600000, 0xcb600000| Complete 
|  91|0xcb700000, 0xcb800000, 0xcb800000|100%| S|CS|TAMS 0xcb700000, 0xcb700000| Complete 
|  92|0xcb800000, 0xcb900000, 0xcb900000|100%| E|CS|TAMS 0xcb800000, 0xcb800000| Complete 
|  93|0xcb900000, 0xcba00000, 0xcba00000|100%| E|CS|TAMS 0xcb900000, 0xcb900000| Complete 
|  94|0xcba00000, 0xcbb00000, 0xcbb00000|100%| E|CS|TAMS 0xcba00000, 0xcba00000| Complete 
|  95|0xcbb00000, 0xcbc00000, 0xcbc00000|100%| E|CS|TAMS 0xcbb00000, 0xcbb00000| Complete 
|  96|0xcbc00000, 0xcbd00000, 0xcbd00000|100%| E|CS|TAMS 0xcbc00000, 0xcbc00000| Complete 
|  97|0xcbd00000, 0xcbe00000, 0xcbe00000|100%| E|CS|TAMS 0xcbd00000, 0xcbd00000| Complete 
|  98|0xcbe00000, 0xcbf00000, 0xcbf00000|100%| E|CS|TAMS 0xcbe00000, 0xcbe00000| Complete 
|  99|0xcbf00000, 0xcc000000, 0xcc000000|100%| E|CS|TAMS 0xcbf00000, 0xcbf00000| Complete 
| 100|0xcc000000, 0xcc100000, 0xcc100000|100%| E|CS|TAMS 0xcc000000, 0xcc000000| Complete 
| 101|0xcc100000, 0xcc200000, 0xcc200000|100%| E|CS|TAMS 0xcc100000, 0xcc100000| Complete 
| 102|0xcc200000, 0xcc300000, 0xcc300000|100%| E|CS|TAMS 0xcc200000, 0xcc200000| Complete 
| 103|0xcc300000, 0xcc400000, 0xcc400000|100%| E|CS|TAMS 0xcc300000, 0xcc300000| Complete 
| 104|0xcc400000, 0xcc500000, 0xcc500000|100%| E|CS|TAMS 0xcc400000, 0xcc400000| Complete 
| 105|0xcc500000, 0xcc600000, 0xcc600000|100%| E|CS|TAMS 0xcc500000, 0xcc500000| Complete 
| 106|0xcc600000, 0xcc700000, 0xcc700000|100%| E|CS|TAMS 0xcc600000, 0xcc600000| Complete 
| 107|0xcc700000, 0xcc800000, 0xcc800000|100%| E|CS|TAMS 0xcc700000, 0xcc700000| Complete 
| 108|0xcc800000, 0xcc900000, 0xcc900000|100%| E|CS|TAMS 0xcc800000, 0xcc800000| Complete 
| 109|0xcc900000, 0xcca00000, 0xcca00000|100%| E|CS|TAMS 0xcc900000, 0xcc900000| Complete 
| 110|0xcca00000, 0xccb00000, 0xccb00000|100%| E|CS|TAMS 0xcca00000, 0xcca00000| Complete 
| 111|0xccb00000, 0xccc00000, 0xccc00000|100%| E|CS|TAMS 0xccb00000, 0xccb00000| Complete 
| 112|0xccc00000, 0xccd00000, 0xccd00000|100%| E|CS|TAMS 0xccc00000, 0xccc00000| Complete 
| 113|0xccd00000, 0xcce00000, 0xcce00000|100%| E|CS|TAMS 0xccd00000, 0xccd00000| Complete 
| 114|0xcce00000, 0xccf00000, 0xccf00000|100%| E|CS|TAMS 0xcce00000, 0xcce00000| Complete 
| 115|0xccf00000, 0xcd000000, 0xcd000000|100%| E|CS|TAMS 0xccf00000, 0xccf00000| Complete 
| 116|0xcd000000, 0xcd100000, 0xcd100000|100%| E|CS|TAMS 0xcd000000, 0xcd000000| Complete 
| 117|0xcd100000, 0xcd200000, 0xcd200000|100%| E|CS|TAMS 0xcd100000, 0xcd100000| Complete 
| 118|0xcd200000, 0xcd300000, 0xcd300000|100%| E|CS|TAMS 0xcd200000, 0xcd200000| Complete 
| 119|0xcd300000, 0xcd400000, 0xcd400000|100%| E|CS|TAMS 0xcd300000, 0xcd300000| Complete 
| 120|0xcd400000, 0xcd500000, 0xcd500000|100%| E|CS|TAMS 0xcd400000, 0xcd400000| Complete 
| 121|0xcd500000, 0xcd600000, 0xcd600000|100%| E|CS|TAMS 0xcd500000, 0xcd500000| Complete 
| 122|0xcd600000, 0xcd700000, 0xcd700000|100%| E|CS|TAMS 0xcd600000, 0xcd600000| Complete 
| 123|0xcd700000, 0xcd800000, 0xcd800000|100%| E|CS|TAMS 0xcd700000, 0xcd700000| Complete 
| 124|0xcd800000, 0xcd900000, 0xcd900000|100%| E|CS|TAMS 0xcd800000, 0xcd800000| Complete 
| 125|0xcd900000, 0xcda00000, 0xcda00000|100%| E|CS|TAMS 0xcd900000, 0xcd900000| Complete 
| 126|0xcda00000, 0xcdb00000, 0xcdb00000|100%| E|CS|TAMS 0xcda00000, 0xcda00000| Complete 
| 127|0xcdb00000, 0xcdc00000, 0xcdc00000|100%| E|CS|TAMS 0xcdb00000, 0xcdb00000| Complete 

Card table byte_map: [0xc5a00000,0xc5b00000] _byte_map_base: 0xc53d2000

Marking Bits (Prev, Next): (CMBitMap*) 0xf5e8b528, (CMBitMap*) 0xf5e8b548
 Prev Bits: [0xc5100000, 0xc5900000)
 Next Bits: [0xc4900000, 0xc5100000)

Polling page: 0xf7ee0000

Metaspace:

Usage:
    4.99 MB used.

Virtual space:
     16.00 MB reserved,       5.38 MB ( 34%) committed,  1 nodes.

Chunk freelists:
8.14 MB

MaxMetaspaceSize: 96.00 MB
No class space
Initial GC threshold: 16.00 MB
Current GC threshold: 16.00 MB
CDS: on
MetaspaceReclaimPolicy: balanced
 - commit_granule_bytes: 65536.
 - commit_granule_words: 16384.
 - virtual_space_node_default_size: 4194304.
 - enlarge_chunks_in_place: 1.
 - new_chunks_are_fully_committed: 0.
 - uncommit_free_chunks: 1.
 - use_allocation_guard: 0.
 - handle_deallocations: 1.


Internal statistics:

num_allocs_failed_limit: 0.
num_arena_births: 249.
num_arena_deaths: 0.
num_vsnodes_births: 1.
num_vsnodes_deaths: 0.
num_space_committed: 86.
num_space_uncommitted: 0.
num_chunks_returned_to_freelist: 0.
num_chunks_taken_from_freelist: 473.
num_chunk_merges: 0.
num_chunk_splits: 354.
num_chunks_enlarged: 277.
num_inconsistent_stats: 0.

CodeHeap 'non-profiled nmethods': size=120172Kb used=928Kb max_used=928Kb free=119243Kb
 bounds [0xed7f5000, 0xeda35000, 0xf4d50000]
CodeHeap 'profiled nmethods': size=120172Kb used=2666Kb max_used=2666Kb free=117505Kb
 bounds [0xe5d50000, 0xe5ff0000, 0xed2ab000]
CodeHeap 'non-nmethods': size=5416Kb used=738Kb max_used=785Kb free=4677Kb
 bounds [0xed2ab000, 0xed4eb000, 0xed7f5000]
 total_blobs=1905 nmethods=1556 adapters=263
 compilation: enabled
              stopped_count=0, restarted_count=0
 full_count=0

Compilation events (20 events):
Event: 22530.037 Thread 0xc41a0580 1554       3       script.library.gcw::getImperialPercentileByRegion (41 bytes)
Event: 22530.038 Thread 0xc41a0580 nmethod 1554 0xe5fea188 code [0xe5fea340, 0xe5fea944]
Event: 23233.211 Thread 0xc419f450 1556       4       java.util.ArrayList::toArray (57 bytes)
Event: 23233.215 Thread 0xc419f450 nmethod 1556 0xed8cfc08 code [0xed8cfd40, 0xed8d0130]
Event: 23645.224 Thread 0xc419f450 1557       4       java.util.ArrayList::toArray (57 bytes)
Event: 23645.229 Thread 0xc419f450 nmethod 1557 0xed8d0308 code [0xed8d0440, 0xed8d0850]
Event: 23974.210 Thread 0xc419f450 1558       4       java.util.Collections::reverse (125 bytes)
Event: 23974.247 Thread 0xc419f450 nmethod 1558 0xed8d0a08 code [0xed8d0b40, 0xed8d1090]
Event: 25266.329 Thread 0xc419f450 1559   !   4       script.deltadictionary::packDelta (177 bytes)
Event: 25267.298 Thread 0xc419f450 nmethod 1559 0xed8d1488 code [0xed8d17c0, 0xed8d4f78]
Event: 25437.108 Thread 0xc419f450 1560       4       java.io.ObjectInputStream::<init> (98 bytes)
Event: 25437.170 Thread 0xc419f450 nmethod 1560 0xed8d6888 code [0xed8d6aa0, 0xed8d8524]
Event: 25481.192 Thread 0xc419f450 1561       4       script.deltadictionary::unpackDelta (127 bytes)
Event: 25481.273 Thread 0xc419f450 nmethod 1561 0xed8d9088 code [0xed8d92c0, 0xed8da92c]
Event: 25484.190 Thread 0xc419f450 1562       4       script.obj_id::unpackDeltaScriptVars (19 bytes)
Event: 25484.207 Thread 0xc419f450 nmethod 1562 0xed8dbb88 code [0xed8dbd20, 0xed8dc6b0]
Event: 27090.365 Thread 0xc419f450 1563       4       java.io.ObjectStreamClass::hasReadObjectNoDataMethod (17 bytes)
Event: 27090.367 Thread 0xc419f450 nmethod 1563 0xed8dcb08 code [0xed8dcc20, 0xed8dccd0]
Event: 27773.158 Thread 0xc419f450 1564   !   4       jdk.internal.reflect.GeneratedSerializationConstructorAccessor6::newInstance (49 bytes)
Event: 27773.165 Thread 0xc419f450 nmethod 1564 0xed8dce08 code [0xed8dcf40, 0xed8dd07c]

GC Heap History (6 events):
Event: 44.481 GC heap before
{Heap before GC invocations=0 (full 0):
 garbage-first heap   total 131072K, used 12288K [0xc5c00000, 0xe5c00000)
  region size 1024K, 13 young (13312K), 0 survivors (0K)
 Metaspace       used 2510K, committed 2688K, reserved 16384K
}
Event: 44.562 GC heap after
{Heap after GC invocations=1 (full 0):
 garbage-first heap   total 131072K, used 2450K [0xc5c00000, 0xe5c00000)
  region size 1024K, 2 young (2048K), 2 survivors (2048K)
 Metaspace       used 2510K, committed 2688K, reserved 16384K
}
Event: 54.693 GC heap before
{Heap before GC invocations=1 (full 0):
 garbage-first heap   total 131072K, used 17810K [0xc5c00000, 0xe5c00000)
  region size 1024K, 18 young (18432K), 2 survivors (2048K)
 Metaspace       used 3907K, committed 4160K, reserved 16384K
}
Event: 54.757 GC heap after
{Heap after GC invocations=2 (full 0):
 garbage-first heap   total 131072K, used 4174K [0xc5c00000, 0xe5c00000)
  region size 1024K, 2 young (2048K), 2 survivors (2048K)
 Metaspace       used 3907K, committed 4160K, reserved 16384K
}
Event: 1044.333 GC heap before
{Heap before GC invocations=2 (full 0):
 garbage-first heap   total 131072K, used 38990K [0xc5c00000, 0xe5c00000)
  region size 1024K, 36 young (36864K), 2 survivors (2048K)
 Metaspace       used 5094K, committed 5504K, reserved 16384K
}
Event: 1044.436 GC heap after
{Heap after GC invocations=3 (full 0):
 garbage-first heap   total 131072K, used 5466K [0xc5c00000, 0xe5c00000)
  region size 1024K, 3 young (3072K), 3 survivors (3072K)
 Metaspace       used 5094K, committed 5504K, reserved 16384K
}

Dll operation events (4 events):
Event: 0.015 Loaded shared library /usr/lib/jvm/java-17-zulu-openjdk-jdk-x86/lib/libjava.so
Event: 44.362 Loaded shared library /usr/lib/jvm/java-17-zulu-openjdk-jdk-x86/lib/libnio.so
Event: 44.363 Loaded shared library /usr/lib/jvm/java-17-zulu-openjdk-jdk-x86/lib/libjimage.so
Event: 44.366 Loaded shared library /usr/lib/jvm/java-17-zulu-openjdk-jdk-x86/lib/libnet.so

Deoptimization events (20 events):
Event: 425.944 Thread 0x0c66d820 Uncommon trap: trap_request=0xffffffd6 fr.pc=0xed8a4640 relative=0x000011e0
Event: 425.944 Thread 0x0c66d820 Uncommon trap: reason=array_check action=maybe_recompile pc=0xed8a4640 method=java.io.ObjectInputStream.readArray(Z)Ljava/lang/Object; @ 392 c2
Event: 425.944 Thread 0x0c66d820 DEOPT PACKING pc=0xed8a4640 sp=0xffaddd40
Event: 425.944 Thread 0x0c66d820 DEOPT UNPACKING pc=0xed2f4d33 sp=0xffaddd28 mode 2
Event: 425.944 Thread 0x0c66d820 Uncommon trap: trap_request=0xffffffd6 fr.pc=0xed8a4640 relative=0x000011e0
Event: 425.944 Thread 0x0c66d820 Uncommon trap: reason=array_check action=maybe_recompile pc=0xed8a4640 method=java.io.ObjectInputStream.readArray(Z)Ljava/lang/Object; @ 392 c2
Event: 425.944 Thread 0x0c66d820 DEOPT PACKING pc=0xed8a4640 sp=0xffaddd40
Event: 425.944 Thread 0x0c66d820 DEOPT UNPACKING pc=0xed2f4d33 sp=0xffaddd28 mode 2
Event: 425.944 Thread 0x0c66d820 Uncommon trap: trap_request=0xffffffd6 fr.pc=0xed8a4640 relative=0x000011e0
Event: 425.944 Thread 0x0c66d820 Uncommon trap: reason=array_check action=maybe_recompile pc=0xed8a4640 method=java.io.ObjectInputStream.readArray(Z)Ljava/lang/Object; @ 392 c2
Event: 425.944 Thread 0x0c66d820 DEOPT PACKING pc=0xed8a4640 sp=0xffaddd40
Event: 425.944 Thread 0x0c66d820 DEOPT UNPACKING pc=0xed2f4d33 sp=0xffaddd28 mode 2
Event: 425.944 Thread 0x0c66d820 Uncommon trap: trap_request=0xffffffd6 fr.pc=0xed8a4640 relative=0x000011e0
Event: 425.944 Thread 0x0c66d820 Uncommon trap: reason=array_check action=maybe_recompile pc=0xed8a4640 method=java.io.ObjectInputStream.readArray(Z)Ljava/lang/Object; @ 392 c2
Event: 425.944 Thread 0x0c66d820 DEOPT PACKING pc=0xed8a4640 sp=0xffaddd40
Event: 425.944 Thread 0x0c66d820 DEOPT UNPACKING pc=0xed2f4d33 sp=0xffaddd28 mode 2
Event: 23237.293 Thread 0x0c66d820 Uncommon trap: trap_request=0xffffffcc fr.pc=0xed8cfe40 relative=0x00000100
Event: 23237.293 Thread 0x0c66d820 Uncommon trap: reason=intrinsic action=make_not_entrant pc=0xed8cfe40 method=java.util.ArrayList.toArray([Ljava/lang/Object;)[Ljava/lang/Object; @ 36 c2
Event: 23237.293 Thread 0x0c66d820 DEOPT PACKING pc=0xed8cfe40 sp=0xffaddc90
Event: 23237.294 Thread 0x0c66d820 DEOPT UNPACKING pc=0xed2f4d33 sp=0xffaddc64 mode 2

Classes unloaded (0 events):
No events

Classes redefined (0 events):
No events

Internal exceptions (9 events):
Event: 44.014 Thread 0x0c66d820 Exception <a 'java/lang/NoSuchMethodError'{0xcd138268}: 'java.lang.Object java.lang.invoke.DirectMethodHandle$Holder.invokeStatic(java.lang.Object, float)'> (0xcd138268) 
thrown [src/hotspot/share/interpreter/linkResolver.cpp, line 759]
Event: 44.763 Thread 0x0c66d820 Exception <a 'java/lang/NoSuchMethodError'{0xcd9fb770}: 'java.lang.Object java.lang.invoke.DirectMethodHandle$Holder.invokeSpecial(java.lang.Object, java.lang.Object, java.lang.Object, java.lang.Object, int)'> (0xcd9fb770) 
thrown [src/hotspot/share/interpreter/linkResolver.cpp, line 759]
Event: 44.763 Thread 0x0c66d820 Exception <a 'java/lang/NoSuchMethodError'{0xcd9fecb0}: 'java.lang.Object java.lang.invoke.Invokers$Holder.linkToTargetMethod(java.lang.Object, java.lang.Object, int, java.lang.Object)'> (0xcd9fecb0) 
thrown [src/hotspot/share/interpreter/linkResolver.cpp, line 759]
Event: 54.276 Thread 0x0c66d820 Exception <a 'java/lang/NoSuchMethodError'{0xccf4d958}: 'java.lang.Object java.lang.invoke.DirectMethodHandle$Holder.invokeStaticInit(java.lang.Object)'> (0xccf4d958) 
thrown [src/hotspot/share/interpreter/linkResolver.cpp, line 759]
Event: 54.325 Thread 0x0c66d820 Implicit null exception at 0xed82e9ab to 0xed82ea00
Event: 55.383 Thread 0x0c66d820 Exception <a 'java/lang/NoSuchMethodError'{0xcd9b7528}: 'java.lang.Object java.lang.invoke.DirectMethodHandle$Holder.invokeSpecial(java.lang.Object, java.lang.Object, long, java.lang.Object, java.lang.Object, java.lang.Object, java.lang.Object, java.lang.Object, java.lang.Object)'> (0xcd9b7528) 
thrown [src/hotspot/share/interpreter/linkResolver.cpp, line 759]
Event: 55.384 Thread 0x0c66d820 Exception <a 'java/lang/NoSuchMethodError'{0xcd9bb900}: 'java.lang.Object java.lang.invoke.DelegatingMethodHandle$Holder.reinvoke_L(java.lang.Object, long, java.lang.Object, java.lang.Object, java.lang.Object, java.lang.Object, java.lang.Object, java.lang.Object)'> (0xcd9bb900) 
thrown [src/hotspot/share/interpreter/linkResolver.cpp, line 759]
Event: 108.134 Thread 0x0c66d820 Exception <a 'java/lang/NoSuchMethodError'{0xcd038e80}: 'java.lang.Object java.lang.invoke.DirectMethodHandle$Holder.invokeSpecial(java.lang.Object, java.lang.Object, java.lang.Object, java.lang.Object, java.lang.Object, java.lang.Object, int)'> (0xcd038e80) 
thrown [src/hotspot/share/interpreter/linkResolver.cpp, line 759]
Event: 168.213 Thread 0x0c66d820 Exception <a 'java/lang/NoSuchMethodError'{0xcd0fa5b0}: static [Lscript/obj_id;.<clinit>()V> (0xcd0fa5b0) 
thrown [src/hotspot/share/prims/jni.cpp, line 1112]

VM Operations (20 events):
Event: 762.580 Executing VM operation: Cleanup
Event: 762.580 Executing VM operation: Cleanup done
Event: 763.580 Executing VM operation: Cleanup
Event: 763.580 Executing VM operation: Cleanup done
Event: 766.580 Executing VM operation: Cleanup
Event: 766.580 Executing VM operation: Cleanup done
Event: 972.855 Executing VM operation: Cleanup
Event: 972.855 Executing VM operation: Cleanup done
Event: 1044.332 Executing VM operation: G1CollectForAllocation
Event: 1044.436 Executing VM operation: G1CollectForAllocation done
Event: 1807.547 Executing VM operation: Cleanup
Event: 1807.547 Executing VM operation: Cleanup done
Event: 3984.680 Executing VM operation: Cleanup
Event: 3984.680 Executing VM operation: Cleanup done
Event: 9555.353 Executing VM operation: Cleanup
Event: 9555.353 Executing VM operation: Cleanup done
Event: 19499.618 Executing VM operation: Cleanup
Event: 19499.618 Executing VM operation: Cleanup done
Event: 21215.788 Executing VM operation: Cleanup
Event: 21215.788 Executing VM operation: Cleanup done

Events (20 events):
Event: 168.242 loading class java/lang/constant/MethodHandleDesc done
Event: 168.242 loading class java/lang/constant/MethodHandleDesc$1
Event: 168.242 loading class java/lang/constant/MethodHandleDesc$1 done
Event: 168.242 loading class java/lang/constant/DirectMethodHandleDescImpl
Event: 168.242 loading class java/lang/constant/DirectMethodHandleDesc
Event: 168.242 loading class java/lang/constant/DirectMethodHandleDesc done
Event: 168.242 loading class java/lang/constant/DirectMethodHandleDescImpl done
Event: 168.242 loading class java/lang/constant/DirectMethodHandleDescImpl$1
Event: 168.242 loading class java/lang/constant/DirectMethodHandleDescImpl$1 done
Event: 168.242 loading class java/lang/constant/DirectMethodHandleDesc$1
Event: 168.242 loading class java/lang/constant/DirectMethodHandleDesc$1 done
Event: 168.243 loading class java/lang/constant/PrimitiveClassDescImpl
Event: 168.243 loading class java/lang/constant/DynamicConstantDesc
Event: 168.243 loading class java/lang/constant/DynamicConstantDesc done
Event: 168.243 loading class java/lang/constant/PrimitiveClassDescImpl done
Event: 168.243 loading class java/lang/constant/DynamicConstantDesc$AnonymousDynamicConstantDesc
Event: 168.243 loading class java/lang/constant/DynamicConstantDesc$AnonymousDynamicConstantDesc done
Event: 32000.478 Thread 0x0c66d820 Thread exited: 0x0c66d820
Event: 32000.491 Thread 0xf5e242d0 Thread exited: 0xf5e242d0
Event: 32000.491 Thread 0xc419bff0 Thread exited: 0xc419bff0


Dynamic libraries:
08048000-09298000 r-xp 00000000 08:04 494947248                          /home/almalinux/swg-returns-nge/build/bin/SwgGameServer
09298000-0929c000 rw-p 0124f000 08:04 494947248                          /home/almalinux/swg-returns-nge/build/bin/SwgGameServer
0929c000-09b1f000 rw-p 00000000 00:00 0 
0afa8000-128bd000 rw-p 00000000 00:00 0                                  [heap]
bf100000-bf1fe000 rw-p 00000000 00:00 0 
bf1fe000-bf200000 ---p 00000000 00:00 0 
bf300000-bf3f9000 rw-p 00000000 00:00 0 
bf3f9000-bf400000 ---p 00000000 00:00 0 
bf400000-bf4f9000 rw-p 00000000 00:00 0 
bf4f9000-bf500000 ---p 00000000 00:00 0 
bf500000-bf529000 rw-p 00000000 00:00 0 
bf529000-bf600000 ---p 00000000 00:00 0 
bf600000-bf6fc000 rw-p 00000000 00:00 0 
bf6fc000-bf700000 ---p 00000000 00:00 0 
bf700000-bf7fb000 rw-p 00000000 00:00 0 
bf7fb000-bf800000 ---p 00000000 00:00 0 
bf800000-bf8f9000 rw-p 00000000 00:00 0 
bf8f9000-bf900000 ---p 00000000 00:00 0 
bf900000-bf9f5000 rw-p 00000000 00:00 0 
bf9f5000-bfa00000 ---p 00000000 00:00 0 
bfa00000-bfaf9000 rw-p 00000000 00:00 0 
bfaf9000-bfb00000 ---p 00000000 00:00 0 
bfc00000-bfcfa000 rw-p 00000000 00:00 0 
bfcfa000-bfd00000 ---p 00000000 00:00 0 
bfd00000-bfdff000 rw-p 00000000 00:00 0 
bfdff000-bfe00000 ---p 00000000 00:00 0 
bfe00000-bfefe000 rw-p 00000000 00:00 0 
bfefe000-bff00000 ---p 00000000 00:00 0 
bff00000-bfff9000 rw-p 00000000 00:00 0 
bfff9000-c0000000 ---p 00000000 00:00 0 
c0000000-c00fc000 rw-p 00000000 00:00 0 
c00fc000-c0100000 ---p 00000000 00:00 0 
c0200000-c02f9000 rw-p 00000000 00:00 0 
c02f9000-c0300000 ---p 00000000 00:00 0 
c0300000-c03f9000 rw-p 00000000 00:00 0 
c03f9000-c0400000 ---p 00000000 00:00 0 
c0400000-c04f9000 rw-p 00000000 00:00 0 
c04f9000-c0500000 ---p 00000000 00:00 0 
c0500000-c05fc000 rw-p 00000000 00:00 0 
c05fc000-c0600000 ---p 00000000 00:00 0 
c0600000-c06fe000 rw-p 00000000 00:00 0 
c06fe000-c0700000 ---p 00000000 00:00 0 
c0f1c000-c0f20000 ---p 00000000 00:00 0 
c0f20000-c0f9d000 rw-p 00000000 00:00 0 
c0f9d000-c0f9e000 ---p 00000000 00:00 0 
c0f9e000-c101e000 rw-p 00000000 00:00 0 
c1100000-c11fb000 rw-p 00000000 00:00 0 
c11fb000-c1200000 ---p 00000000 00:00 0 
c137b000-c137c000 ---p 00000000 00:00 0 
c137c000-c13fc000 rw-p 00000000 00:00 0 
c13fc000-c1400000 ---p 00000000 00:00 0 
c1400000-c147d000 rw-p 00000000 00:00 0 
c167f000-c1683000 ---p 00000000 00:00 0 
c1683000-c1740000 rw-p 00000000 00:00 0 
c1740000-c1744000 ---p 00000000 00:00 0 
c1744000-c1801000 rw-p 00000000 00:00 0 
c1801000-c1802000 ---p 00000000 00:00 0 
c1802000-c1882000 rw-p 00000000 00:00 0 
c1882000-c1886000 ---p 00000000 00:00 0 
c1886000-c1943000 rw-p 00000000 00:00 0 
c1943000-c1947000 ---p 00000000 00:00 0 
c1947000-c1a04000 rw-p 00000000 00:00 0 
c1a04000-c1a08000 ---p 00000000 00:00 0 
c1a08000-c1ac5000 rw-p 00000000 00:00 0 
c1ac5000-c1ac9000 ---p 00000000 00:00 0 
c1ac9000-c1b86000 rw-p 00000000 00:00 0 
c1b86000-c1e00000 r--p 00078000 08:04 535181                             /usr/lib/locale/locale-archive
c1e00000-c2000000 r--p 00000000 08:04 535181                             /usr/lib/locale/locale-archive
c2000000-c2180000 rw-p 00000000 00:00 0 
c2180000-c2400000 ---p 00000000 00:00 0 
c2400000-c27e0000 rw-p 00000000 00:00 0 
c27e0000-c3000000 ---p 00000000 00:00 0 
c303c000-c3040000 ---p 00000000 00:00 0 
c3040000-c30bd000 rw-p 00000000 00:00 0 
c30bd000-c30c1000 ---p 00000000 00:00 0 
c30c1000-c317e000 rw-p 00000000 00:00 0 
c317e000-c3182000 ---p 00000000 00:00 0 
c3182000-c323f000 rw-p 00000000 00:00 0 
c323f000-c3243000 ---p 00000000 00:00 0 
c3243000-c3300000 rw-p 00000000 00:00 0 
c3300000-c3321000 rw-p 00000000 00:00 0 
c3321000-c3400000 ---p 00000000 00:00 0 
c3431000-c3435000 ---p 00000000 00:00 0 
c3435000-c34b2000 rw-p 00000000 00:00 0 
c34b2000-c34b3000 ---p 00000000 00:00 0 
c34b3000-c3533000 rw-p 00000000 00:00 0 
c3533000-c3e00000 rw-p 00001000 08:04 143240867                          /usr/lib/jvm/java-17-zulu-openjdk-jdk-x86/lib/server/classes.jsa
c3e00000-c3e21000 rw-p 00000000 00:00 0 
c3e21000-c3f00000 ---p 00000000 00:00 0 
c3f7f000-c3f80000 ---p 00000000 00:00 0 
c3f80000-c4000000 rw-p 00000000 00:00 0 
c4000000-c4021000 rw-p 00000000 00:00 0 
c4021000-c4100000 ---p 00000000 00:00 0 
c4100000-c41d3000 rw-p 00000000 00:00 0 
c41d3000-c4200000 ---p 00000000 00:00 0 
c427f000-c4280000 ---p 00000000 00:00 0 
c4280000-c4300000 rw-p 00000000 00:00 0 
c4300000-c438d000 rw-p 00000000 00:00 0 
c438d000-c4400000 ---p 00000000 00:00 0 
c447f000-c4480000 ---p 00000000 00:00 0 
c4480000-c4500000 rw-p 00000000 00:00 0 
c4500000-c45f8000 rw-p 00000000 00:00 0 
c45f8000-c4600000 ---p 00000000 00:00 0 
c467f000-c4680000 ---p 00000000 00:00 0 
c4680000-c4700000 rw-p 00000000 00:00 0 
c4700000-c47fa000 rw-p 00000000 00:00 0 
c47fa000-c4800000 ---p 00000000 00:00 0 
c487f000-c4880000 ---p 00000000 00:00 0 
c4880000-c4b00000 rw-p 00000000 00:00 0 
c4b00000-c5100000 ---p 00000000 00:00 0 
c5100000-c5300000 rw-p 00000000 00:00 0 
c5300000-c5900000 ---p 00000000 00:00 0 
c5900000-c5940000 rw-p 00000000 00:00 0 
c5940000-c5a00000 ---p 00000000 00:00 0 
c5a00000-c5a40000 rw-p 00000000 00:00 0 
c5a40000-c5b00000 ---p 00000000 00:00 0 
c5b00000-c5b40000 rw-p 00000000 00:00 0 
c5b40000-c5c00000 ---p 00000000 00:00 0 
c5c00000-cdc00000 rw-p 00000000 00:00 0 
cdc00000-e5c00000 ---p 00000000 00:00 0 
e5c65000-e5c6a000 rw-p 00000000 00:00 0 
e5c6a000-e5d50000 ---p 00000000 00:00 0 
e5d50000-e5ff0000 rwxp 00000000 00:00 0 
e5ff0000-ed2ab000 ---p 00000000 00:00 0 
ed2ab000-ed4eb000 rwxp 00000000 00:00 0 
ed4eb000-ed7f5000 ---p 00000000 00:00 0 
ed7f5000-eda35000 rwxp 00000000 00:00 0 
eda35000-f4d50000 ---p 00000000 00:00 0 
f4d50000-f4eb8000 r--s 00000000 08:04 117534333                          /usr/lib/jvm/java-17-zulu-openjdk-jdk-x86/lib/modules
f4eb8000-f5d5a000 r-xp 00000000 08:04 143240869                          /usr/lib/jvm/java-17-zulu-openjdk-jdk-x86/lib/server/libjvm.so
f5d5a000-f5daf000 r--p 00ea1000 08:04 143240869                          /usr/lib/jvm/java-17-zulu-openjdk-jdk-x86/lib/server/libjvm.so
f5daf000-f5dd0000 rw-p 00ef6000 08:04 143240869                          /usr/lib/jvm/java-17-zulu-openjdk-jdk-x86/lib/server/libjvm.so
f5dd0000-f5e00000 rw-p 00000000 00:00 0 
f5e00000-f5f00000 rw-p 00000000 00:00 0 
f5f26000-f5f27000 ---p 00000000 00:00 0 
f5f27000-f5f2b000 ---p 00000000 00:00 0 
f5f2b000-f6a9f000 rw-p 00000000 00:00 0 
f6aab000-f6ac0000 r-xp 00000000 08:04 117534323                          /usr/lib/jvm/java-17-zulu-openjdk-jdk-x86/lib/libnet.so
f6ac0000-f6ac1000 r--p 00014000 08:04 117534323                          /usr/lib/jvm/java-17-zulu-openjdk-jdk-x86/lib/libnet.so
f6ac1000-f6ac2000 rw-p 00015000 08:04 117534323                          /usr/lib/jvm/java-17-zulu-openjdk-jdk-x86/lib/libnet.so
f6ac2000-f6ac8000 rw-p 00000000 00:00 0 
f6ac8000-f6bad000 ---p 00000000 00:00 0 
f6de7000-f6df9000 r-xp 00000000 08:04 117534324                          /usr/lib/jvm/java-17-zulu-openjdk-jdk-x86/lib/libnio.so
f6df9000-f6dfa000 r--p 00011000 08:04 117534324                          /usr/lib/jvm/java-17-zulu-openjdk-jdk-x86/lib/libnio.so
f6dfa000-f6dfb000 rw-p 00012000 08:04 117534324                          /usr/lib/jvm/java-17-zulu-openjdk-jdk-x86/lib/libnio.so
f6dfb000-f6e24000 rw-p 00000000 00:00 0 
f6e24000-f6e47000 r-xp 00000000 08:04 117534310                          /usr/lib/jvm/java-17-zulu-openjdk-jdk-x86/lib/libjava.so
f6e47000-f6e48000 r--p 00022000 08:04 117534310                          /usr/lib/jvm/java-17-zulu-openjdk-jdk-x86/lib/libjava.so
f6e48000-f6e49000 rw-p 00023000 08:04 117534310                          /usr/lib/jvm/java-17-zulu-openjdk-jdk-x86/lib/libjava.so
f6e49000-f6e55000 r-xp 00000000 08:04 16831767                           /usr/lib/libnss_files-2.28.so
f6e55000-f6e56000 r--p 0000b000 08:04 16831767                           /usr/lib/libnss_files-2.28.so
f6e56000-f6e57000 rw-p 0000c000 08:04 16831767                           /usr/lib/libnss_files-2.28.so
f6e57000-f6e5d000 rw-p 00000000 00:00 0 
f6e63000-f6e68000 rw-p 00000000 00:00 0 
f6e68000-f6e6e000 ---p 00000000 00:00 0 
f6e6e000-f6e89000 r-xp 00000000 08:04 117534314                          /usr/lib/jvm/java-17-zulu-openjdk-jdk-x86/lib/libjimage.so
f6e89000-f6e8a000 ---p 0001b000 08:04 117534314                          /usr/lib/jvm/java-17-zulu-openjdk-jdk-x86/lib/libjimage.so
f6e8a000-f6e8b000 r--p 0001b000 08:04 117534314                          /usr/lib/jvm/java-17-zulu-openjdk-jdk-x86/lib/libjimage.so
f6e8b000-f6e8c000 rw-p 0001c000 08:04 117534314                          /usr/lib/jvm/java-17-zulu-openjdk-jdk-x86/lib/libjimage.so
f6e8c000-f6e90000 rw-p 00000000 00:00 0 
f6e90000-f6f18000 r-xp 00000000 08:04 17191875                           /usr/lib/libpcre2-8.so.0.7.1
f6f18000-f6f19000 r--p 00087000 08:04 17191875                           /usr/lib/libpcre2-8.so.0.7.1
f6f19000-f6f1a000 rw-p 00088000 08:04 17191875                           /usr/lib/libpcre2-8.so.0.7.1
f6f1a000-f6f3a000 r-xp 00000000 08:04 17021543                           /usr/lib/libcrypt.so.1.1.0
f6f3a000-f6f3b000 ---p 00020000 08:04 17021543                           /usr/lib/libcrypt.so.1.1.0
f6f3b000-f6f3c000 r--p 00020000 08:04 17021543                           /usr/lib/libcrypt.so.1.1.0
f6f3c000-f6f45000 rw-p 00000000 00:00 0 
f6f45000-f6f70000 r-xp 00000000 08:04 17191887                           /usr/lib/libselinux.so.1
f6f70000-f6f71000 ---p 0002b000 08:04 17191887                           /usr/lib/libselinux.so.1
f6f71000-f6f72000 r--p 0002b000 08:04 17191887                           /usr/lib/libselinux.so.1
f6f72000-f6f73000 rw-p 0002c000 08:04 17191887                           /usr/lib/libselinux.so.1
f6f73000-f6f74000 rw-p 00000000 00:00 0 
f6f74000-f6f93000 r-xp 00000000 08:04 18866589                           /usr/lib/libbrotlicommon.so.1.0.6
f6f93000-f6f94000 r--p 0001e000 08:04 18866589                           /usr/lib/libbrotlicommon.so.1.0.6
f6f94000-f6f95000 rw-p 0001f000 08:04 18866589                           /usr/lib/libbrotlicommon.so.1.0.6
f6f95000-f6fb3000 r-xp 00000000 08:04 17191915                           /usr/lib/libsasl2.so.3.0.0
f6fb3000-f6fb4000 ---p 0001e000 08:04 17191915                           /usr/lib/libsasl2.so.3.0.0
f6fb4000-f6fb5000 r--p 0001e000 08:04 17191915                           /usr/lib/libsasl2.so.3.0.0
f6fb5000-f6fb6000 rw-p 0001f000 08:04 17191915                           /usr/lib/libsasl2.so.3.0.0
f6fb6000-f6fb8000 rw-p 00000000 00:00 0 
f6fb8000-f6fcc000 r-xp 00000000 08:04 16831772                           /usr/lib/libresolv-2.28.so
f6fcc000-f6fcd000 ---p 00014000 08:04 16831772                           /usr/lib/libresolv-2.28.so
f6fcd000-f6fce000 r--p 00014000 08:04 16831772                           /usr/lib/libresolv-2.28.so
f6fce000-f6fcf000 rw-p 00015000 08:04 16831772                           /usr/lib/libresolv-2.28.so
f6fcf000-f6fd1000 rw-p 00000000 00:00 0 
f6fd1000-f6fd4000 r-xp 00000000 08:04 17191893                           /usr/lib/libkeyutils.so.1.6
f6fd4000-f6fd5000 ---p 00003000 08:04 17191893                           /usr/lib/libkeyutils.so.1.6
f6fd5000-f6fd6000 r--p 00003000 08:04 17191893                           /usr/lib/libkeyutils.so.1.6
f6fd6000-f6fd7000 rw-p 00000000 00:00 0 
f6fd7000-f6fe7000 r-xp 00000000 08:04 17021560                           /usr/lib/libkrb5support.so.0.1
f6fe7000-f6fe8000 r--p 0000f000 08:04 17021560                           /usr/lib/libkrb5support.so.0.1
f6fe8000-f6fe9000 rw-p 00010000 08:04 17021560                           /usr/lib/libkrb5support.so.0.1
f6fe9000-f6ff1000 r-xp 00000000 08:04 16831774                           /usr/lib/librt-2.28.so
f6ff1000-f6ff2000 r--p 00007000 08:04 16831774                           /usr/lib/librt-2.28.so
f6ff2000-f6ff3000 rw-p 00008000 08:04 16831774                           /usr/lib/librt-2.28.so
f6ff3000-f7172000 r-xp 00000000 08:04 17021545                           /usr/lib/libunistring.so.2.1.0
f7172000-f7173000 ---p 0017f000 08:04 17021545                           /usr/lib/libunistring.so.2.1.0
f7173000-f7175000 r--p 0017f000 08:04 17021545                           /usr/lib/libunistring.so.2.1.0
f7175000-f7176000 rw-p 00181000 08:04 17021545                           /usr/lib/libunistring.so.2.1.0
f7176000-f71a0000 r-xp 00000000 08:04 18654292                           /usr/lib/liblzma.so.5.2.4
f71a0000-f71a1000 r--p 00029000 08:04 18654292                           /usr/lib/liblzma.so.5.2.4
f71a1000-f71a2000 rw-p 00000000 00:00 0 
f71a2000-f71ae000 r-xp 00000000 08:04 17191936                           /usr/lib/libbrotlidec.so.1.0.6
f71ae000-f71af000 r--p 0000b000 08:04 17191936                           /usr/lib/libbrotlidec.so.1.0.6
f71af000-f71b0000 rw-p 00000000 00:00 0 
f71b0000-f71bf000 r-xp 00000000 08:04 17191918                           /usr/lib/liblber-2.4.so.2.10.9
f71bf000-f71c0000 r--p 0000e000 08:04 17191918                           /usr/lib/liblber-2.4.so.2.10.9
f71c0000-f71c1000 rw-p 0000f000 08:04 17191918                           /usr/lib/liblber-2.4.so.2.10.9
f71c1000-f7216000 r-xp 00000000 08:04 17191920                           /usr/lib/libldap-2.4.so.2.10.9
f7216000-f7217000 ---p 00055000 08:04 17191920                           /usr/lib/libldap-2.4.so.2.10.9
f7217000-f7218000 r--p 00055000 08:04 17191920                           /usr/lib/libldap-2.4.so.2.10.9
f7218000-f7219000 rw-p 00056000 08:04 17191920                           /usr/lib/libldap-2.4.so.2.10.9
f7219000-f721b000 rw-p 00000000 00:00 0 
f721b000-f721e000 r-xp 00000000 08:04 16994899                           /usr/lib/libcom_err.so.2.1
f721e000-f721f000 r--p 00002000 08:04 16994899                           /usr/lib/libcom_err.so.2.1
f721f000-f7220000 rw-p 00003000 08:04 16994899                           /usr/lib/libcom_err.so.2.1
f7220000-f7236000 r-xp 00000000 08:04 17021552                           /usr/lib/libk5crypto.so.3.1
f7236000-f7237000 ---p 00016000 08:04 17021552                           /usr/lib/libk5crypto.so.3.1
f7237000-f7238000 r--p 00016000 08:04 17021552                           /usr/lib/libk5crypto.so.3.1
f7238000-f7239000 rw-p 00017000 08:04 17021552                           /usr/lib/libk5crypto.so.3.1
f7239000-f731c000 r-xp 00000000 08:04 17021558                           /usr/lib/libkrb5.so.3.3
f731c000-f7323000 r--p 000e2000 08:04 17021558                           /usr/lib/libkrb5.so.3.3
f7323000-f7324000 rw-p 000e9000 08:04 17021558                           /usr/lib/libkrb5.so.3.3
f7324000-f737f000 r-xp 00000000 08:04 17021548                           /usr/lib/libgssapi_krb5.so.2.2
f737f000-f7381000 r--p 0005a000 08:04 17021548                           /usr/lib/libgssapi_krb5.so.2.2
f7381000-f7382000 rw-p 0005c000 08:04 17021548                           /usr/lib/libgssapi_krb5.so.2.2
f7382000-f7633000 r-xp 00000000 08:04 18627877                           /usr/lib/libcrypto.so.1.1.1k
f7633000-f764c000 r--p 002b0000 08:04 18627877                           /usr/lib/libcrypto.so.1.1.1k
f764c000-f764e000 rw-p 002c9000 08:04 18627877                           /usr/lib/libcrypto.so.1.1.1k
f764e000-f7652000 rw-p 00000000 00:00 0 
f7652000-f76e4000 r-xp 00000000 08:04 18627879                           /usr/lib/libssl.so.1.1.1k
f76e4000-f76ea000 r--p 00091000 08:04 18627879                           /usr/lib/libssl.so.1.1.1k
f76ea000-f76ee000 rw-p 00097000 08:04 18627879                           /usr/lib/libssl.so.1.1.1k
f76ee000-f76fe000 r-xp 00000000 08:04 18660120                           /usr/lib/libpsl.so.5.3.1
f76fe000-f76ff000 r--p 0000f000 08:04 18660120                           /usr/lib/libpsl.so.5.3.1
f76ff000-f7700000 rw-p 00000000 00:00 0 
f7700000-f777d000 r-xp 00000000 08:04 16994901                           /usr/lib/libssh.so.4.8.7
f777d000-f777e000 ---p 0007d000 08:04 16994901                           /usr/lib/libssh.so.4.8.7
f777e000-f777f000 r--p 0007d000 08:04 16994901                           /usr/lib/libssh.so.4.8.7
f777f000-f7780000 rw-p 0007e000 08:04 16994901                           /usr/lib/libssh.so.4.8.7
f7780000-f779d000 r-xp 00000000 08:04 17040588                           /usr/lib/libidn2.so.0.3.6
f779d000-f779e000 r--p 0001c000 08:04 17040588                           /usr/lib/libidn2.so.0.3.6
f779e000-f779f000 rw-p 00000000 00:00 0 
f779f000-f77c7000 r-xp 00000000 08:04 17191891                           /usr/lib/libnghttp2.so.14.17.0
f77c7000-f77c8000 r--p 00027000 08:04 17191891                           /usr/lib/libnghttp2.so.14.17.0
f77c8000-f77ca000 rw-p 00028000 08:04 17191891                           /usr/lib/libnghttp2.so.14.17.0
f77ca000-f796c000 r-xp 00000000 08:04 16831756                           /usr/lib/libc-2.28.so
f796c000-f796d000 ---p 001a2000 08:04 16831756                           /usr/lib/libc-2.28.so
f796d000-f796f000 r--p 001a2000 08:04 16831756                           /usr/lib/libc-2.28.so
f796f000-f7970000 rw-p 001a4000 08:04 16831756                           /usr/lib/libc-2.28.so
f7970000-f7975000 rw-p 00000000 00:00 0 
f7975000-f7990000 r-xp 00000000 08:04 16985139                           /usr/lib/libgcc_s-8-20210514.so.1
f7990000-f7991000 r--p 0001a000 08:04 16985139                           /usr/lib/libgcc_s-8-20210514.so.1
f7991000-f7992000 rw-p 0001b000 08:04 16985139                           /usr/lib/libgcc_s-8-20210514.so.1
f7992000-f7a62000 r-xp 00000000 08:04 16831760                           /usr/lib/libm-2.28.so
f7a62000-f7a63000 r--p 000cf000 08:04 16831760                           /usr/lib/libm-2.28.so
f7a63000-f7a64000 rw-p 000d0000 08:04 16831760                           /usr/lib/libm-2.28.so
f7a64000-f7bed000 r-xp 00000000 08:04 16985145                           /usr/lib/libstdc++.so.6.0.25
f7bed000-f7bee000 ---p 00189000 08:04 16985145                           /usr/lib/libstdc++.so.6.0.25
f7bee000-f7bf4000 r--p 00189000 08:04 16985145                           /usr/lib/libstdc++.so.6.0.25
f7bf4000-f7bf5000 rw-p 0018f000 08:04 16985145                           /usr/lib/libstdc++.so.6.0.25
f7bf5000-f7bf7000 rw-p 00000000 00:00 0 
f7bf7000-f7c0e000 r-xp 00000000 08:04 16963437                           /usr/lib/libz.so.1.2.11
f7c0e000-f7c0f000 ---p 00017000 08:04 16963437                           /usr/lib/libz.so.1.2.11
f7c0f000-f7c10000 r--p 00017000 08:04 16963437                           /usr/lib/libz.so.1.2.11
f7c10000-f7c11000 rw-p 00000000 00:00 0 
f7c11000-f7d8e000 r-xp 00000000 08:04 16963397                           /usr/lib/libxml2.so.2.9.7
f7d8e000-f7d93000 r--p 0017c000 08:04 16963397                           /usr/lib/libxml2.so.2.9.7
f7d93000-f7d94000 rw-p 00181000 08:04 16963397                           /usr/lib/libxml2.so.2.9.7
f7d94000-f7d95000 rw-p 00000000 00:00 0 
f7d95000-f7db1000 r-xp 00000000 08:04 16831770                           /usr/lib/libpthread-2.28.so
f7db1000-f7db2000 r--p 0001b000 08:04 16831770                           /usr/lib/libpthread-2.28.so
f7db2000-f7db3000 rw-p 0001c000 08:04 16831770                           /usr/lib/libpthread-2.28.so
f7db3000-f7db5000 rw-p 00000000 00:00 0 
f7db5000-f7e29000 r-xp 00000000 08:04 16818911                           /usr/lib/libpcre.so.1.2.10
f7e29000-f7e2a000 ---p 00074000 08:04 16818911                           /usr/lib/libpcre.so.1.2.10
f7e2a000-f7e2b000 r--p 00074000 08:04 16818911                           /usr/lib/libpcre.so.1.2.10
f7e2b000-f7e2c000 rw-p 00075000 08:04 16818911                           /usr/lib/libpcre.so.1.2.10
f7e2c000-f7e2f000 r-xp 00000000 08:04 16831758                           /usr/lib/libdl-2.28.so
f7e2f000-f7e30000 r--p 00002000 08:04 16831758                           /usr/lib/libdl-2.28.so
f7e30000-f7e31000 rw-p 00003000 08:04 16831758                           /usr/lib/libdl-2.28.so
f7e31000-f7ece000 r-xp 00000000 08:04 16994905                           /usr/lib/libcurl.so.4.5.0
f7ece000-f7ed0000 r--p 0009c000 08:04 16994905                           /usr/lib/libcurl.so.4.5.0
f7ed0000-f7ed1000 rw-p 0009e000 08:04 16994905                           /usr/lib/libcurl.so.4.5.0
f7ed1000-f7ed8000 r--s 00000000 08:04 176632422                          /usr/lib/gconv/gconv-modules.cache
f7ed8000-f7ee0000 rw-s 00000000 08:04 151742432                          /tmp/hsperfdata_almalinux/10827 (deleted)
f7ee0000-f7ee1000 ---p 00000000 00:00 0 
f7ee1000-f7ee2000 r--p 00000000 00:00 0 
f7ee2000-f7ee4000 rw-p 00000000 00:00 0 
f7ee4000-f7ee8000 r--p 00000000 00:00 0                                  [vvar]
f7ee8000-f7eea000 r-xp 00000000 00:00 0                                  [vdso]
f7eea000-f7f19000 r-xp 00000000 08:04 16831749                           /usr/lib/ld-2.28.so
f7f19000-f7f1a000 ---p 00000000 00:00 0 
f7f1a000-f7f1b000 r--p 0002f000 08:04 16831749                           /usr/lib/ld-2.28.so
f7f1b000-f7f1c000 rw-p 00030000 08:04 16831749                           /usr/lib/ld-2.28.so
ff91e000-ff91f000 rwxp 00000000 00:00 0 
ffa27000-ffae3000 rw-p 00000000 00:00 0                                  [stack]


VM Arguments:
jvm_args: -Xms128m -Xmx512m -Xss768k -XX:MaxMetaspaceSize=96m -Xrs -XX:-UsePerfData -XX:-AllowUserSignalHandlers -XX:UseSSE=3 -XX+DoEscapeAnalysis -XX:AutoBoxCacheMax:2000 -XX:+OptimizeStringConcat -XX:+OptimizeFill -XX:+EliminateAutoBox -XX:+UseCompressedStrings -XX:+UseCompressedOops -XX:+EliminateLocks -XX:UseFastAccessorMethods -XX:+UseStringCache -XgcPrio:throughput -XXkeepAreaRatio:1 -XXlazyUnlocking -XXcallProfiling -XXcompactRatio:1 
java_command: <unknown>
java_class_path (initial): ../../data/sku.0/sys.server/compiled/game/
Launcher Type: generic

[Global flags]
     intx CICompilerCount                          = 3                                         {product} {ergonomic}
     uint ConcGCThreads                            = 1                                         {product} {ergonomic}
     uint G1ConcRefinementThreads                  = 4                                         {product} {ergonomic}
   size_t G1HeapRegionSize                         = 1048576                                   {product} {ergonomic}
    uintx GCDrainStackTargetSize                   = 64                                        {product} {ergonomic}
   size_t InitialHeapSize                          = 134217728                                 {product} {command line}
   size_t MarkStackSize                            = 32768                                     {product} {ergonomic}
   size_t MaxHeapSize                              = 536870912                                 {product} {command line}
   size_t MaxMetaspaceSize                         = 100663296                                 {product} {command line}
   size_t MaxNewSize                               = 321912832                                 {product} {ergonomic}
   size_t MinHeapDeltaBytes                        = 1048576                                   {product} {ergonomic}
   size_t MinHeapSize                              = 134217728                                 {product} {command line}
    uintx NonNMethodCodeHeapSize                   = 5544422                                {pd product} {ergonomic}
    uintx NonProfiledCodeHeapSize                  = 123056909                              {pd product} {ergonomic}
    uintx ProfiledCodeHeapSize                     = 123056909                              {pd product} {ergonomic}
    uintx ReservedCodeCacheSize                    = 251658240                              {pd product} {ergonomic}
     bool SegmentedCodeCache                       = true                                      {product} {ergonomic}
   size_t SoftMaxHeapSize                          = 536870912                              {manageable} {ergonomic}
   double SweeperThreshold                         = 0.500000                                  {product} {ergonomic}
     intx ThreadStackSize                          = 768                                    {pd product} {command line}
     bool UseG1GC                                  = true                                      {product} {ergonomic}

Logging:
Log output configuration:
 #0: stdout all=off uptime,level,tags
 #1: stderr all=off uptime,level,tags

Environment Variables:
JAVA_HOME=/usr/lib/jvm/zulu-17-x86
PATH=/usr/java/jdk1.7.0_80/bin:/usr/java/jdk1.7.0_80/bin:/usr/java/jdk1.6.0_45/bin:/usr/java/jdk1.6.0_45/bin:/usr/java/jdk1.6.0_45/bin:/home/almalinux/.local/bin:/home/almalinux/bin:/sbin:/bin:/usr/bin:/usr/local/bin:/usr/local/sbin:/usr/sbin:/usr/lib/oracle/18.3/client/bin:/usr/lib/oracle/18.3/client/bin:/usr/lib/jvm/java-11-openjdk/bin:./
LD_LIBRARY_PATH=/usr/lib/jvm/java-17-zulu-openjdk-jdk-x86/lib/server:/usr/lib/jvm/java-17-zulu-openjdk-jdk-x86/lib:/usr/lib/jvm/java-17-zulu-openjdk-jdk-x86/../lib:/usr/lib/jvm/zulu-17-x86/lib/server:/usr/lib/jvm/java-11-openjdk/lib:/usr/lib/jvm/java-11-openjdk/lib/server:./
SHELL=/bin/bash
DISPLAY=:10.0
LANG=en_US.UTF-8
TERM=xterm-256color

Active Locale:
LC_ALL=en_US.UTF-8
LC_COLLATE=en_US.UTF-8
LC_CTYPE=en_US.UTF-8
LC_MESSAGES=en_US.UTF-8
LC_MONETARY=en_US.UTF-8
LC_NUMERIC=en_US.UTF-8
LC_TIME=en_US.UTF-8

Signal Handlers:
   SIGSEGV: crash_handler in libjvm.so, mask=11100100010111111101111111111110, flags=SA_RESTART|SA_SIGINFO, unblocked
    SIGBUS: crash_handler in libjvm.so, mask=11100100010111111101111111111110, flags=SA_RESTART|SA_SIGINFO, unblocked
    SIGFPE: crash_handler in libjvm.so, mask=11100100010111111101111111111110, flags=SA_RESTART|SA_SIGINFO, unblocked
   SIGPIPE: SIG_IGN, mask=00000000000010000000000000000000, flags=SA_RESTART, blocked
  *** Handler was modified!
  *** Expected: javaSignalHandler in libjvm.so, mask=11100100110111111111111111111110, flags=SA_RESTART|SA_SIGINFO
   SIGXFSZ: javaSignalHandler in libjvm.so, mask=11100100010111111101111111111110, flags=SA_RESTART|SA_SIGINFO, blocked
    SIGILL: crash_handler in libjvm.so, mask=11100100010111111101111111111110, flags=SA_RESTART|SA_SIGINFO, unblocked
   SIGUSR2: SR_handler in libjvm.so, mask=00100000000000000000000000000000, flags=SA_RESTART|SA_SIGINFO, blocked
    SIGHUP: UserHandler in libjvm.so, mask=11100100010111111101111111111110, flags=SA_RESTART|SA_SIGINFO, blocked
    SIGINT: UserHandler in libjvm.so, mask=11100100010111111101111111111110, flags=SA_RESTART|SA_SIGINFO, blocked
   SIGTERM: UserHandler in libjvm.so, mask=11100100010111111101111111111110, flags=SA_RESTART|SA_SIGINFO, blocked
   SIGQUIT: UserHandler in libjvm.so, mask=11100100010111111101111111111110, flags=SA_RESTART|SA_SIGINFO, blocked
   SIGTRAP: crash_handler in libjvm.so, mask=11100100010111111101111111111110, flags=SA_RESTART|SA_SIGINFO, unblocked


Periodic native trim disabled


---------------  S Y S T E M  ---------------

OS:
AlmaLinux release 8.10 (Cerulean Leopard)
uname: Linux 4.18.0-553.81.1.el8_10.x86_64 #1 SMP Mon Oct 27 11:29:19 EDT 2025 x86_64
OS uptime: 0 days 10:18 hours
libc: glibc 2.28 NPTL 2.28 
rlimit (soft/hard): STACK 8192k/infinity , CORE 0k/infinity , NPROC 61995/61995 , NOFILE 262144/262144 , AS infinity/infinity , CPU infinity/infinity , DATA infinity/infinity , FSIZE infinity/infinity , MEMLOCK 64k/64k
load average: 48.36 40.08 39.52

/proc/meminfo:
MemTotal:       16014448 kB
MemFree:          871808 kB
MemAvailable:    1374340 kB
Buffers:              28 kB
Cached:          2055136 kB
SwapCached:        28568 kB
Active:          1908220 kB
Inactive:       12537596 kB
Active(anon):    1597048 kB
Inactive(anon): 12399156 kB
Active(file):     311172 kB
Inactive(file):   138440 kB
Unevictable:        6160 kB
Mlocked:               0 kB
SwapTotal:       8388604 kB
SwapFree:        7855172 kB
Dirty:                 0 kB
Writeback:             0 kB
AnonPages:      12372016 kB
Mapped:           889072 kB
Shmem:           1605356 kB
KReclaimable:     229964 kB
Slab:             373384 kB
SReclaimable:     229964 kB
SUnreclaim:       143420 kB
KernelStack:       25048 kB
PageTables:       149756 kB
NFS_Unstable:          0 kB
Bounce:                0 kB
WritebackTmp:          0 kB
CommitLimit:    16395828 kB
Committed_AS:   25987704 kB
VmallocTotal:   34359738367 kB
VmallocUsed:       71076 kB
VmallocChunk:          0 kB
Percpu:             2720 kB
HardwareCorrupted:     0 kB
AnonHugePages:         0 kB
ShmemHugePages:        0 kB
ShmemPmdMapped:        0 kB
FileHugePages:         0 kB
FilePmdMapped:         0 kB
HugePages_Total:       0
HugePages_Free:        0
HugePages_Rsvd:        0
HugePages_Surp:        0
Hugepagesize:       2048 kB
Hugetlb:               0 kB
DirectMap4k:      612204 kB
DirectMap2M:    15771648 kB

/sys/kernel/mm/transparent_hugepage/enabled: always madvise [never]
/sys/kernel/mm/transparent_hugepage/hpage_pmd_size: 2097152
/sys/kernel/mm/transparent_hugepage/defrag (defrag/compaction efforts parameter): always defer defer+madvise [madvise] never

Process Memory:
Virtual Size: 1062444K (peak: 1075032K)
Resident Set Size: 246272K (peak: 254988K) (anon: 229724K, file: 16548K, shmem: 0K)
Swapped out: 0K
C-Heap outstanding allocations: 20683K, retained: 130888K
glibc malloc tunables: (default)

/proc/sys/kernel/threads-max (system-wide limit on the number of threads): 123991
/proc/sys/vm/max_map_count (maximum number of memory map areas a process may have): 1677720
/proc/sys/kernel/pid_max (system-wide limit on number of process identifiers): 4194304

container (cgroup) information:
container_type: cgroupv1
cpu_cpuset_cpus: 0-3
cpu_memory_nodes: 0
active_processor_count: 4
cpu_quota: no quota
cpu_period: 100000
cpu_shares: no shares
memory_limit_in_bytes: unlimited
memory_and_swap_limit_in_bytes: unlimited
memory_soft_limit_in_bytes: unlimited
memory_usage_in_bytes: 13895372 k
memory_max_usage_in_bytes: 14693480 k
kernel_memory_usage_in_bytes: 260252 k
kernel_memory_max_usage_in_bytes: unlimited
kernel_memory_limit_in_bytes: 752460 k
maximum number of tasks: unlimited
current number of tasks: 775

KVM virtualization detected
Steal ticks since vm start: 4206
Steal ticks percentage since vm start:  0.000

CPU: total 4 (initial active 4) (1 cores per cpu, 1 threads per core) family 6 model 60 stepping 1 microcode 0x1, cx8, cmov, fxsr, mmx, sse, sse2, sse3, ssse3, sse4.1, sse4.2, popcnt, lzcnt, tsc, avx, avx2, aes, erms, clmul, bmi1, bmi2, fma, vzeroupper, clflush, hv
CPU Model and flags from /proc/cpuinfo:
model name	: Intel Core Processor (Haswell, no TSX)
flags		: fpu vme de pse tsc msr pae mce cx8 apic sep mtrr pge mca cmov pat pse36 clflush mmx fxsr sse sse2 syscall nx rdtscp lm constant_tsc rep_good nopl xtopology cpuid tsc_known_freq pni pclmulqdq vmx ssse3 fma cx16 pcid sse4_1 sse4_2 x2apic movbe popcnt tsc_deadline_timer aes xsave avx f16c rdrand hypervisor lahf_lm abm cpuid_fault invpcid_single pti tpr_shadow vnmi flexpriority ept vpid ept_ad fsgsbase bmi1 avx2 smep bmi2 erms invpcid xsaveopt arat md_clear

Online cpus: 0-3
Offline cpus: 
BIOS frequency limitation: <Not Available>
Frequency switch latency (ns): <Not Available>
Available cpu frequencies: <Not Available>
Current governor: <Not Available>
Core performance/turbo boost: <Not Available>

Memory: 4k page, physical 16014448k(875336k free), swap 8388604k(7855172k free)
Page Sizes: 4k

vm_info: OpenJDK Server VM (17.0.11+9-LTS) for linux-x86 JRE (17.0.11+9-LTS) (Zulu17.50+19-CA), built on Apr  9 2024 07:14:46 by "zulu_re" with gcc 8.3.0

END.
