#
# A fatal error has been detected by the Java Runtime Environment:
#
#  SIGSEGV (0xb) at pc=0xf78b6618, pid=49385, tid=49385
#
# JRE version: OpenJDK Runtime Environment Zulu17.50+19-CA (17.0.11+9) (build 17.0.11+9-LTS)
# Java VM: OpenJDK Server VM Zulu17.50+19-CA (17.0.11+9-LTS, mixed mode, sharing, tiered, g1 gc, linux-x86)
# Problematic frame:
# C  [libc.so.6+0x84618]  cfree+0x28
#
# Core dump will be written. Default location: Core dumps may be processed with "/usr/lib/systemd/systemd-coredump %P %u %g %s %t %c %h %e" (or dumping to /home/almalinux/swg-returns-nge/exe/linux/core.49385)
#
# If you would like to submit a bug report, please visit:
#   http://www.azul.com/support/
#

---------------  S U M M A R Y ------------

Command Line: -Xms128m -Xmx512m -Xss768k -XX:MaxMetaspaceSize=96m -Xrs -XX:-UsePerfData -XX:-AllowUserSignalHandlers -XX:UseSSE=3 -XX+DoEscapeAnalysis -XX:AutoBoxCacheMax:2000 -XX:+OptimizeStringConcat -XX:+OptimizeFill -XX:+EliminateAutoBox -XX:+UseCompressedStrings -XX:+UseCompressedOops -XX:+EliminateLocks -XX:UseFastAccessorMethods -XX:+UseStringCache -XgcPrio:throughput -XXkeepAreaRatio:1 -XXlazyUnlocking -XXcallProfiling -XXcompactRatio:1 

Host: Intel Core Processor (Haswell, no TSX), 4 cores, 15G, AlmaLinux release 8.10 (Cerulean Leopard)
Time: Wed Jan 28 22:08:10 2026 UTC elapsed time: 5553.960802 seconds (0d 1h 32m 33s)

---------------  T H R E A D  ---------------

Current thread is native thread

Stack: [0xffa3a000,0xffafa000],  sp=0xffaf7d20,  free space=759k
Native frames: (J=compiled Java code, j=interpreted, Vv=VM code, C=native code)
C  [libc.so.6+0x84618]  cfree+0x28


siginfo: si_signo: 11 (SIGSEGV), si_code: 1 (SEGV_MAPERR), si_addr: 0x00000003

Registers:
EAX=0x00000000, EBX=0x00000007, ECX=0xf6ef484c, EDX=0x0a65bda8
ESP=0xffaf7d20, EBP=0xffaf7e58, ESI=0xf79d7000, EDI=0x00000000
EIP=0xf78b6618, EFLAGS=0x00210202, CR2=0x0000000000000003


Top of Stack: (sp=0xffaf7d20)
0xffaf7d20:   0a2df030 00000000 ffaf7e58 f7b43f1c
0xffaf7d30:   0a2df0c0 f7c5aa04 0a65bd80 f7b43f1c
0xffaf7d40:   00000007 f7b43f0a f7c5aa04 f7b43f4c
0xffaf7d50:   0a2df0c0 f7b43f0a 0a65fb20 085b6163
0xffaf7d60:   00000007 0a2df030 0a2ded40 085bb8d1
0xffaf7d70:   0a2df030 0a2ded40 00000000 085bb89b
0xffaf7d80:   0baf3210 ffaf7da7 ffaf7dcc 085c6969
0xffaf7d90:   087d6c00 ffaf7dcc ffaf7e58 084fc53b
0xffaf7da0:   00000014 00010002 00000000 00000000
0xffaf7db0:   01010100 00000001 09aa44c0 00000000
0xffaf7dc0:   00000000 00000000 00000000 00000000
0xffaf7dd0:   00000000 00000013 ffaf7f28 f78676ff
0xffaf7de0:   f79d741c 47677753 53656d61 65767265
0xffaf7df0:   39343a72 00353833 09290100 0a641140
0xffaf7e00:   08ea0100 08ebc230 08ea5888 f79d741c
0xffaf7e10:   00000428 00000420 f7867779 085758fd
0xffaf7e20:   08ea2a80 09b1ea78 08ea5888 08574f56
0xffaf7e30:   0929a2c4 0929a2c4 ffaf7f28 08ea583b
0xffaf7e40:   0000000c ffaf7ef4 ffaf7e70 f79d7000
0xffaf7e50:   00000000 08575910 00000000 f784ff26
0xffaf7e60:   00000000 08575910 00000000 f784ff26
0xffaf7e70:   0000000c ffaf7ef4 ffaf7f28 ffaf7e94
0xffaf7e80:   0929a2d0 00000000 ffaf7f28 f79d7000
0xffaf7e90:   f783f75c f79d7000 00000000 08575910
0xffaf7ea0:   00000000 e5abd3f2 b2aafbe2 00000000
0xffaf7eb0:   00000000 00000000 f7f564d0 f784fe30
0xffaf7ec0:   084fc260 0929a2c4 0000000c 08575946
0xffaf7ed0:   084fc260 0000000c ffaf7ef4 08ea57f0
0xffaf7ee0:   08ea5850 f7f564d0 ffaf7eec f7f83970
0xffaf7ef0:   0000000c ffaf8625 ffaf8637 ffaf863a
0xffaf7f00:   ffaf864c ffaf864f ffaf865a ffaf867e
0xffaf7f10:   ffaf868e ffaf86ab ffaf86d8 ffaf86db 

Instructions: (pc=0xf78b6618)
0xf78b6518:   50 8d 96 86 f7 fa ff 8d 86 d0 2f fb ff e8 c6 b7
0xf78b6528:   ff ff 8d b6 00 00 00 00 bb 20 00 00 00 e9 5e fe
0xf78b6538:   ff ff e8 a1 c0 ff ff 89 c5 85 c0 0f 85 68 ff ff
0xf78b6548:   ff 31 d2 8d 44 3b 10 e8 8c c1 ff ff 89 da 89 f9
0xf78b6558:   89 c5 e8 11 f0 ff ff 89 c2 85 c0 75 1b 85 ed 74
0xf78b6568:   17 90 89 fa 89 e8 e8 bd c5 ff ff 89 da 89 f9 89
0xf78b6578:   c5 e8 f2 ef ff ff 89 c2 85 ed 0f 84 57 ff ff ff
0xf78b6588:   e9 39 ff ff ff 8d 86 b8 31 fb ff 83 ec 0c b9 25
0xf78b6598:   0d 00 00 50 8d 96 86 f7 fa ff 8d 86 74 2f fb ff
0xf78b65a8:   e8 43 b7 ff ff 8d 76 00 f3 0f 1e fb e8 0a 9a f9
0xf78b65b8:   ff 05 47 0a 12 00 56 53 83 ec 04 8b 5c 24 10 8b
0xf78b65c8:   74 24 14 8b 80 50 ff ff ff c7 00 00 00 00 00 e8
0xf78b65d8:   54 bb ff ff 8b 4c 24 0c 83 c4 04 89 f2 89 d8 5b
0xf78b65e8:   5e e9 42 fd ff ff 66 90 f3 0f 1e fb 56 e8 9a 9b
0xf78b65f8:   f9 ff 81 c6 06 0a 12 00 53 83 ec 14 8b 5c 24 20
0xf78b6608:   8b 86 5c ff ff ff 8b 00 85 c0 75 6c 85 db 74 75
0xf78b6618:   8b 4b fc 8d 53 f8 f6 c1 02 75 35 8b 86 70 fe ff
0xf78b6628:   ff 65 8b 00 85 c0 0f 84 8c 00 00 00 83 e1 04 8d
0xf78b6638:   86 60 07 00 00 74 09 89 d0 25 00 00 f0 ff 8b 00
0xf78b6648:   83 c4 14 31 c9 5b 5e e9 8c cb ff ff 8d 74 26 00
0xf78b6658:   8b 9e 60 01 00 00 85 db 75 10 3b 8e 48 01 00 00
0xf78b6668:   76 08 81 f9 00 00 08 00 76 26 83 c4 14 89 d0 5b
0xf78b6678:   5e e9 92 b8 ff ff 66 90 83 ec 08 ff 74 24 24 53
0xf78b6688:   ff d0 83 c4 10 83 c4 14 5b 5e c3 8d 74 26 00 90
0xf78b6698:   39 96 80 1d 00 00 77 08 39 96 7c 1d 00 00 77 ca
0xf78b66a8:   83 e1 f8 8d 04 09 89 8e 48 01 00 00 89 86 40 01
0xf78b66b8:   00 00 90 eb b5 8d 76 00 8b 86 74 fe ff ff 65 80
0xf78b66c8:   38 00 0f 85 64 ff ff ff 89 54 24 0c e8 97 ed ff
0xf78b66d8:   ff 8b 4b fc 8b 54 24 0c e9 4f ff ff ff 8d b4 26
0xf78b66e8:   00 00 00 00 8d 74 26 00 f3 0f 1e fb 55 57 56 e8
0xf78b66f8:   98 9a f9 ff 81 c6 04 09 12 00 53 83 ec 0c 8b 86
0xf78b6708:   70 fe ff ff 8b 96 74 fe ff ff 65 8b 28 65 c6 02 



---------------  P R O C E S S  ---------------

VM state: at safepoint (shutting down)

VM Mutex/Monitor currently owned by a thread:  ([mutex/lock_event])
[0xf5e21d30] Threads_lock - owner thread: 0xc4294cf0

GC Precious Log:
<Skipped>

Heap:
 garbage-first heap   total 131072K, used 15516K [0xc5c00000, 0xe5c00000)
  region size 1024K, 14 young (14336K), 3 survivors (3072K)
 Metaspace       used 5103K, committed 5504K, reserved 16384K

Heap Regions: E=young(eden), S=young(survivor), O=old, HS=humongous(starts), HC=humongous(continues), CS=collection set, F=free, OA=open archive, CA=closed archive, TAMS=top-at-mark-start (previous, next)
|   0|0xc5c00000, 0xc5d00000, 0xc5d00000|100%| O|  |TAMS 0xc5c00000, 0xc5c00000| Untracked 
|   1|0xc5d00000, 0xc5e00000, 0xc5e00000|100%| O|  |TAMS 0xc5d00000, 0xc5d00000| Untracked 
|   2|0xc5e00000, 0xc5e4b800, 0xc5f00000| 29%| O|  |TAMS 0xc5e00000, 0xc5e00000| Untracked 
|   3|0xc5f00000, 0xc5f00000, 0xc6000000|  0%| F|  |TAMS 0xc5f00000, 0xc5f00000| Untracked 
|   4|0xc6000000, 0xc6000000, 0xc6100000|  0%| F|  |TAMS 0xc6000000, 0xc6000000| Untracked 
|   5|0xc6100000, 0xc6100000, 0xc6200000|  0%| F|  |TAMS 0xc6100000, 0xc6100000| Untracked 
|   6|0xc6200000, 0xc6200000, 0xc6300000|  0%| F|  |TAMS 0xc6200000, 0xc6200000| Untracked 
|   7|0xc6300000, 0xc6300000, 0xc6400000|  0%| F|  |TAMS 0xc6300000, 0xc6300000| Untracked 
|   8|0xc6400000, 0xc6400000, 0xc6500000|  0%| F|  |TAMS 0xc6400000, 0xc6400000| Untracked 
|   9|0xc6500000, 0xc6500000, 0xc6600000|  0%| F|  |TAMS 0xc6500000, 0xc6500000| Untracked 
|  10|0xc6600000, 0xc6600000, 0xc6700000|  0%| F|  |TAMS 0xc6600000, 0xc6600000| Untracked 
|  11|0xc6700000, 0xc6700000, 0xc6800000|  0%| F|  |TAMS 0xc6700000, 0xc6700000| Untracked 
|  12|0xc6800000, 0xc6800000, 0xc6900000|  0%| F|  |TAMS 0xc6800000, 0xc6800000| Untracked 
|  13|0xc6900000, 0xc6900000, 0xc6a00000|  0%| F|  |TAMS 0xc6900000, 0xc6900000| Untracked 
|  14|0xc6a00000, 0xc6a00000, 0xc6b00000|  0%| F|  |TAMS 0xc6a00000, 0xc6a00000| Untracked 
|  15|0xc6b00000, 0xc6b00000, 0xc6c00000|  0%| F|  |TAMS 0xc6b00000, 0xc6b00000| Untracked 
|  16|0xc6c00000, 0xc6c00000, 0xc6d00000|  0%| F|  |TAMS 0xc6c00000, 0xc6c00000| Untracked 
|  17|0xc6d00000, 0xc6d00000, 0xc6e00000|  0%| F|  |TAMS 0xc6d00000, 0xc6d00000| Untracked 
|  18|0xc6e00000, 0xc6e00000, 0xc6f00000|  0%| F|  |TAMS 0xc6e00000, 0xc6e00000| Untracked 
|  19|0xc6f00000, 0xc6f00000, 0xc7000000|  0%| F|  |TAMS 0xc6f00000, 0xc6f00000| Untracked 
|  20|0xc7000000, 0xc7000000, 0xc7100000|  0%| F|  |TAMS 0xc7000000, 0xc7000000| Untracked 
|  21|0xc7100000, 0xc7100000, 0xc7200000|  0%| F|  |TAMS 0xc7100000, 0xc7100000| Untracked 
|  22|0xc7200000, 0xc7200000, 0xc7300000|  0%| F|  |TAMS 0xc7200000, 0xc7200000| Untracked 
|  23|0xc7300000, 0xc7300000, 0xc7400000|  0%| F|  |TAMS 0xc7300000, 0xc7300000| Untracked 
|  24|0xc7400000, 0xc7400000, 0xc7500000|  0%| F|  |TAMS 0xc7400000, 0xc7400000| Untracked 
|  25|0xc7500000, 0xc7500000, 0xc7600000|  0%| F|  |TAMS 0xc7500000, 0xc7500000| Untracked 
|  26|0xc7600000, 0xc7600000, 0xc7700000|  0%| F|  |TAMS 0xc7600000, 0xc7600000| Untracked 
|  27|0xc7700000, 0xc7700000, 0xc7800000|  0%| F|  |TAMS 0xc7700000, 0xc7700000| Untracked 
|  28|0xc7800000, 0xc7800000, 0xc7900000|  0%| F|  |TAMS 0xc7800000, 0xc7800000| Untracked 
|  29|0xc7900000, 0xc7900000, 0xc7a00000|  0%| F|  |TAMS 0xc7900000, 0xc7900000| Untracked 
|  30|0xc7a00000, 0xc7a00000, 0xc7b00000|  0%| F|  |TAMS 0xc7a00000, 0xc7a00000| Untracked 
|  31|0xc7b00000, 0xc7b00000, 0xc7c00000|  0%| F|  |TAMS 0xc7b00000, 0xc7b00000| Untracked 
|  32|0xc7c00000, 0xc7c00000, 0xc7d00000|  0%| F|  |TAMS 0xc7c00000, 0xc7c00000| Untracked 
|  33|0xc7d00000, 0xc7d00000, 0xc7e00000|  0%| F|  |TAMS 0xc7d00000, 0xc7d00000| Untracked 
|  34|0xc7e00000, 0xc7e00000, 0xc7f00000|  0%| F|  |TAMS 0xc7e00000, 0xc7e00000| Untracked 
|  35|0xc7f00000, 0xc7f00000, 0xc8000000|  0%| F|  |TAMS 0xc7f00000, 0xc7f00000| Untracked 
|  36|0xc8000000, 0xc8000000, 0xc8100000|  0%| F|  |TAMS 0xc8000000, 0xc8000000| Untracked 
|  37|0xc8100000, 0xc8100000, 0xc8200000|  0%| F|  |TAMS 0xc8100000, 0xc8100000| Untracked 
|  38|0xc8200000, 0xc8200000, 0xc8300000|  0%| F|  |TAMS 0xc8200000, 0xc8200000| Untracked 
|  39|0xc8300000, 0xc8300000, 0xc8400000|  0%| F|  |TAMS 0xc8300000, 0xc8300000| Untracked 
|  40|0xc8400000, 0xc8400000, 0xc8500000|  0%| F|  |TAMS 0xc8400000, 0xc8400000| Untracked 
|  41|0xc8500000, 0xc8500000, 0xc8600000|  0%| F|  |TAMS 0xc8500000, 0xc8500000| Untracked 
|  42|0xc8600000, 0xc8600000, 0xc8700000|  0%| F|  |TAMS 0xc8600000, 0xc8600000| Untracked 
|  43|0xc8700000, 0xc8700000, 0xc8800000|  0%| F|  |TAMS 0xc8700000, 0xc8700000| Untracked 
|  44|0xc8800000, 0xc8800000, 0xc8900000|  0%| F|  |TAMS 0xc8800000, 0xc8800000| Untracked 
|  45|0xc8900000, 0xc8900000, 0xc8a00000|  0%| F|  |TAMS 0xc8900000, 0xc8900000| Untracked 
|  46|0xc8a00000, 0xc8a00000, 0xc8b00000|  0%| F|  |TAMS 0xc8a00000, 0xc8a00000| Untracked 
|  47|0xc8b00000, 0xc8b00000, 0xc8c00000|  0%| F|  |TAMS 0xc8b00000, 0xc8b00000| Untracked 
|  48|0xc8c00000, 0xc8c00000, 0xc8d00000|  0%| F|  |TAMS 0xc8c00000, 0xc8c00000| Untracked 
|  49|0xc8d00000, 0xc8d00000, 0xc8e00000|  0%| F|  |TAMS 0xc8d00000, 0xc8d00000| Untracked 
|  50|0xc8e00000, 0xc8e00000, 0xc8f00000|  0%| F|  |TAMS 0xc8e00000, 0xc8e00000| Untracked 
|  51|0xc8f00000, 0xc8f00000, 0xc9000000|  0%| F|  |TAMS 0xc8f00000, 0xc8f00000| Untracked 
|  52|0xc9000000, 0xc9000000, 0xc9100000|  0%| F|  |TAMS 0xc9000000, 0xc9000000| Untracked 
|  53|0xc9100000, 0xc9100000, 0xc9200000|  0%| F|  |TAMS 0xc9100000, 0xc9100000| Untracked 
|  54|0xc9200000, 0xc9200000, 0xc9300000|  0%| F|  |TAMS 0xc9200000, 0xc9200000| Untracked 
|  55|0xc9300000, 0xc9300000, 0xc9400000|  0%| F|  |TAMS 0xc9300000, 0xc9300000| Untracked 
|  56|0xc9400000, 0xc9400000, 0xc9500000|  0%| F|  |TAMS 0xc9400000, 0xc9400000| Untracked 
|  57|0xc9500000, 0xc9500000, 0xc9600000|  0%| F|  |TAMS 0xc9500000, 0xc9500000| Untracked 
|  58|0xc9600000, 0xc9600000, 0xc9700000|  0%| F|  |TAMS 0xc9600000, 0xc9600000| Untracked 
|  59|0xc9700000, 0xc9700000, 0xc9800000|  0%| F|  |TAMS 0xc9700000, 0xc9700000| Untracked 
|  60|0xc9800000, 0xc9800000, 0xc9900000|  0%| F|  |TAMS 0xc9800000, 0xc9800000| Untracked 
|  61|0xc9900000, 0xc9900000, 0xc9a00000|  0%| F|  |TAMS 0xc9900000, 0xc9900000| Untracked 
|  62|0xc9a00000, 0xc9a00000, 0xc9b00000|  0%| F|  |TAMS 0xc9a00000, 0xc9a00000| Untracked 
|  63|0xc9b00000, 0xc9b00000, 0xc9c00000|  0%| F|  |TAMS 0xc9b00000, 0xc9b00000| Untracked 
|  64|0xc9c00000, 0xc9c00000, 0xc9d00000|  0%| F|  |TAMS 0xc9c00000, 0xc9c00000| Untracked 
|  65|0xc9d00000, 0xc9d00000, 0xc9e00000|  0%| F|  |TAMS 0xc9d00000, 0xc9d00000| Untracked 
|  66|0xc9e00000, 0xc9e00000, 0xc9f00000|  0%| F|  |TAMS 0xc9e00000, 0xc9e00000| Untracked 
|  67|0xc9f00000, 0xc9f00000, 0xca000000|  0%| F|  |TAMS 0xc9f00000, 0xc9f00000| Untracked 
|  68|0xca000000, 0xca000000, 0xca100000|  0%| F|  |TAMS 0xca000000, 0xca000000| Untracked 
|  69|0xca100000, 0xca100000, 0xca200000|  0%| F|  |TAMS 0xca100000, 0xca100000| Untracked 
|  70|0xca200000, 0xca200000, 0xca300000|  0%| F|  |TAMS 0xca200000, 0xca200000| Untracked 
|  71|0xca300000, 0xca300000, 0xca400000|  0%| F|  |TAMS 0xca300000, 0xca300000| Untracked 
|  72|0xca400000, 0xca400000, 0xca500000|  0%| F|  |TAMS 0xca400000, 0xca400000| Untracked 
|  73|0xca500000, 0xca500000, 0xca600000|  0%| F|  |TAMS 0xca500000, 0xca500000| Untracked 
|  74|0xca600000, 0xca600000, 0xca700000|  0%| F|  |TAMS 0xca600000, 0xca600000| Untracked 
|  75|0xca700000, 0xca700000, 0xca800000|  0%| F|  |TAMS 0xca700000, 0xca700000| Untracked 
|  76|0xca800000, 0xca800000, 0xca900000|  0%| F|  |TAMS 0xca800000, 0xca800000| Untracked 
|  77|0xca900000, 0xca900000, 0xcaa00000|  0%| F|  |TAMS 0xca900000, 0xca900000| Untracked 
|  78|0xcaa00000, 0xcaa00000, 0xcab00000|  0%| F|  |TAMS 0xcaa00000, 0xcaa00000| Untracked 
|  79|0xcab00000, 0xcab00000, 0xcac00000|  0%| F|  |TAMS 0xcab00000, 0xcab00000| Untracked 
|  80|0xcac00000, 0xcac00000, 0xcad00000|  0%| F|  |TAMS 0xcac00000, 0xcac00000| Untracked 
|  81|0xcad00000, 0xcad00000, 0xcae00000|  0%| F|  |TAMS 0xcad00000, 0xcad00000| Untracked 
|  82|0xcae00000, 0xcae00000, 0xcaf00000|  0%| F|  |TAMS 0xcae00000, 0xcae00000| Untracked 
|  83|0xcaf00000, 0xcaf00000, 0xcb000000|  0%| F|  |TAMS 0xcaf00000, 0xcaf00000| Untracked 
|  84|0xcb000000, 0xcb000000, 0xcb100000|  0%| F|  |TAMS 0xcb000000, 0xcb000000| Untracked 
|  85|0xcb100000, 0xcb100000, 0xcb200000|  0%| F|  |TAMS 0xcb100000, 0xcb100000| Untracked 
|  86|0xcb200000, 0xcb200000, 0xcb300000|  0%| F|  |TAMS 0xcb200000, 0xcb200000| Untracked 
|  87|0xcb300000, 0xcb300000, 0xcb400000|  0%| F|  |TAMS 0xcb300000, 0xcb300000| Untracked 
|  88|0xcb400000, 0xcb400000, 0xcb500000|  0%| F|  |TAMS 0xcb400000, 0xcb400000| Untracked 
|  89|0xcb500000, 0xcb500000, 0xcb600000|  0%| F|  |TAMS 0xcb500000, 0xcb500000| Untracked 
|  90|0xcb600000, 0xcb600000, 0xcb700000|  0%| F|  |TAMS 0xcb600000, 0xcb600000| Untracked 
|  91|0xcb700000, 0xcb700000, 0xcb800000|  0%| F|  |TAMS 0xcb700000, 0xcb700000| Untracked 
|  92|0xcb800000, 0xcb800000, 0xcb900000|  0%| F|  |TAMS 0xcb800000, 0xcb800000| Untracked 
|  93|0xcb900000, 0xcb900000, 0xcba00000|  0%| F|  |TAMS 0xcb900000, 0xcb900000| Untracked 
|  94|0xcba00000, 0xcba00000, 0xcbb00000|  0%| F|  |TAMS 0xcba00000, 0xcba00000| Untracked 
|  95|0xcbb00000, 0xcbbdb300, 0xcbc00000| 85%| S|CS|TAMS 0xcbb00000, 0xcbb00000| Complete 
|  96|0xcbc00000, 0xcbd00000, 0xcbd00000|100%| S|CS|TAMS 0xcbc00000, 0xcbc00000| Complete 
|  97|0xcbd00000, 0xcbe00000, 0xcbe00000|100%| S|CS|TAMS 0xcbd00000, 0xcbd00000| Complete 
|  98|0xcbe00000, 0xcbe00000, 0xcbf00000|  0%| F|  |TAMS 0xcbe00000, 0xcbe00000| Untracked 
|  99|0xcbf00000, 0xcbf00000, 0xcc000000|  0%| F|  |TAMS 0xcbf00000, 0xcbf00000| Untracked 
| 100|0xcc000000, 0xcc000000, 0xcc100000|  0%| F|  |TAMS 0xcc000000, 0xcc000000| Untracked 
| 101|0xcc100000, 0xcc100000, 0xcc200000|  0%| F|  |TAMS 0xcc100000, 0xcc100000| Untracked 
| 102|0xcc200000, 0xcc200000, 0xcc300000|  0%| F|  |TAMS 0xcc200000, 0xcc200000| Untracked 
| 103|0xcc300000, 0xcc300000, 0xcc400000|  0%| F|  |TAMS 0xcc300000, 0xcc300000| Untracked 
| 104|0xcc400000, 0xcc400000, 0xcc500000|  0%| F|  |TAMS 0xcc400000, 0xcc400000| Untracked 
| 105|0xcc500000, 0xcc500000, 0xcc600000|  0%| F|  |TAMS 0xcc500000, 0xcc500000| Untracked 
| 106|0xcc600000, 0xcc600000, 0xcc700000|  0%| F|  |TAMS 0xcc600000, 0xcc600000| Untracked 
| 107|0xcc700000, 0xcc700000, 0xcc800000|  0%| F|  |TAMS 0xcc700000, 0xcc700000| Untracked 
| 108|0xcc800000, 0xcc800000, 0xcc900000|  0%| F|  |TAMS 0xcc800000, 0xcc800000| Untracked 
| 109|0xcc900000, 0xcc900000, 0xcca00000|  0%| F|  |TAMS 0xcc900000, 0xcc900000| Untracked 
| 110|0xcca00000, 0xcca00000, 0xccb00000|  0%| F|  |TAMS 0xcca00000, 0xcca00000| Untracked 
| 111|0xccb00000, 0xccb00000, 0xccc00000|  0%| F|  |TAMS 0xccb00000, 0xccb00000| Untracked 
| 112|0xccc00000, 0xccc00000, 0xccd00000|  0%| F|  |TAMS 0xccc00000, 0xccc00000| Untracked 
| 113|0xccd00000, 0xccd00000, 0xcce00000|  0%| F|  |TAMS 0xccd00000, 0xccd00000| Untracked 
| 114|0xcce00000, 0xcce00000, 0xccf00000|  0%| F|  |TAMS 0xcce00000, 0xcce00000| Untracked 
| 115|0xccf00000, 0xccf00000, 0xcd000000|  0%| F|  |TAMS 0xccf00000, 0xccf00000| Untracked 
| 116|0xcd000000, 0xcd000000, 0xcd100000|  0%| F|  |TAMS 0xcd000000, 0xcd000000| Untracked 
| 117|0xcd100000, 0xcd100800, 0xcd200000|  0%| E|  |TAMS 0xcd100000, 0xcd100000| Complete 
| 118|0xcd200000, 0xcd300000, 0xcd300000|100%| E|CS|TAMS 0xcd200000, 0xcd200000| Complete 
| 119|0xcd300000, 0xcd400000, 0xcd400000|100%| E|CS|TAMS 0xcd300000, 0xcd300000| Complete 
| 120|0xcd400000, 0xcd500000, 0xcd500000|100%| E|CS|TAMS 0xcd400000, 0xcd400000| Complete 
| 121|0xcd500000, 0xcd600000, 0xcd600000|100%| E|CS|TAMS 0xcd500000, 0xcd500000| Complete 
| 122|0xcd600000, 0xcd700000, 0xcd700000|100%| E|CS|TAMS 0xcd600000, 0xcd600000| Complete 
| 123|0xcd700000, 0xcd800000, 0xcd800000|100%| E|CS|TAMS 0xcd700000, 0xcd700000| Complete 
| 124|0xcd800000, 0xcd900000, 0xcd900000|100%| E|CS|TAMS 0xcd800000, 0xcd800000| Complete 
| 125|0xcd900000, 0xcda00000, 0xcda00000|100%| E|CS|TAMS 0xcd900000, 0xcd900000| Complete 
| 126|0xcda00000, 0xcdb00000, 0xcdb00000|100%| E|CS|TAMS 0xcda00000, 0xcda00000| Complete 
| 127|0xcdb00000, 0xcdc00000, 0xcdc00000|100%| E|CS|TAMS 0xcdb00000, 0xcdb00000| Complete 

Card table byte_map: [0xc5a00000,0xc5b00000] _byte_map_base: 0xc53d2000

Marking Bits (Prev, Next): (CMBitMap*) 0xf5e8b528, (CMBitMap*) 0xf5e8b548
 Prev Bits: [0xc5100000, 0xc5900000)
 Next Bits: [0xc4900000, 0xc5100000)

Polling page: 0xf7f48000

Metaspace:

Usage:
    4.98 MB used.

Virtual space:
     16.00 MB reserved,       5.38 MB ( 34%) committed,  1 nodes.

Chunk freelists:
8.13 MB

MaxMetaspaceSize: 96.00 MB
No class space
Initial GC threshold: 16.00 MB
Current GC threshold: 16.00 MB
CDS: on
MetaspaceReclaimPolicy: balanced
 - commit_granule_bytes: 65536.
 - commit_granule_words: 16384.
 - virtual_space_node_default_size: 4194304.
 - enlarge_chunks_in_place: 1.
 - new_chunks_are_fully_committed: 0.
 - uncommit_free_chunks: 1.
 - use_allocation_guard: 0.
 - handle_deallocations: 1.


Internal statistics:

num_allocs_failed_limit: 0.
num_arena_births: 247.
num_arena_deaths: 0.
num_vsnodes_births: 1.
num_vsnodes_deaths: 0.
num_space_committed: 86.
num_space_uncommitted: 0.
num_chunks_returned_to_freelist: 0.
num_chunks_taken_from_freelist: 479.
num_chunk_merges: 0.
num_chunk_splits: 363.
num_chunks_enlarged: 280.
num_inconsistent_stats: 0.

CodeHeap 'non-profiled nmethods': size=120172Kb used=778Kb max_used=778Kb free=119393Kb
 bounds [0xed7f5000, 0xeda35000, 0xf4d50000]
CodeHeap 'profiled nmethods': size=120172Kb used=2591Kb max_used=2591Kb free=117580Kb
 bounds [0xe5d50000, 0xe5fd8000, 0xed2ab000]
CodeHeap 'non-nmethods': size=5416Kb used=738Kb max_used=775Kb free=4677Kb
 bounds [0xed2ab000, 0xed4eb000, 0xed7f5000]
 total_blobs=1819 nmethods=1470 adapters=263
 compilation: enabled
              stopped_count=0, restarted_count=0
 full_count=0

Compilation events (20 events):
Event: 2256.090 Thread 0xc42a0580 1472       3       java.util.ArrayList::set (24 bytes)
Event: 2256.091 Thread 0xc42a0580 nmethod 1472 0xe5fd5308 code [0xe5fd5480, 0xe5fd586c]
Event: 2695.298 Thread 0xc429f450 1473       4       java.util.Arrays::fill (21 bytes)
Event: 2695.302 Thread 0xc429f450 nmethod 1473 0xed8b6c88 code [0xed8b6da0, 0xed8b6ef0]
Event: 2891.211 Thread 0xc429f450 1474       4       java.io.ObjectStreamClass::requireInitialized (19 bytes)
Event: 2891.212 Thread 0xc429f450 nmethod 1474 0xed8b7008 code [0xed8b7120, 0xed8b71b0]
Event: 3000.198 Thread 0xc429f450 1475       4       java.io.ObjectInputStream$BlockDataInputStream::readShort (73 bytes)
Event: 3000.200 Thread 0xc429f450 nmethod 1475 0xed8b7308 code [0xed8b7440, 0xed8b759c]
Event: 3488.178 Thread 0xc42a0580 1476  s    3       java.util.Hashtable::remove (133 bytes)
Event: 3488.180 Thread 0xc42a0580 nmethod 1476 0xe5fd5a88 code [0xe5fd5c20, 0xe5fd6318]
Event: 3947.269 Thread 0xc42a0580 1477   !   3       jdk.internal.reflect.GeneratedSerializationConstructorAccessor6::newInstance (49 bytes)
Event: 3947.270 Thread 0xc42a0580 nmethod 1477 0xe5fd6588 code [0xe5fd6700, 0xe5fd6a84]
Event: 3947.270 Thread 0xc42a0580 1478       3       java.io.ObjectStreamClass::hasReadObjectNoDataMethod (17 bytes)
Event: 3947.271 Thread 0xc42a0580 nmethod 1478 0xe5fd6c88 code [0xe5fd6de0, 0xe5fd704c]
Event: 4116.478 Thread 0xc42a0580 1479       3       java.lang.ref.ReferenceQueue::reallyPoll (65 bytes)
Event: 4116.479 Thread 0xc42a0580 nmethod 1479 0xe5fd7188 code [0xe5fd7300, 0xe5fd7780]
Event: 4144.125 Thread 0xc42a0580 1480       3       java.util.Collections::swap (25 bytes)
Event: 4144.125 Thread 0xc42a0580 nmethod 1480 0xe5fd7888 code [0xe5fd79e0, 0xe5fd7ca4]
Event: 4181.246 Thread 0xc429f450 1481       4       java.io.ObjectStreamClass::getSerialVersionUID (42 bytes)
Event: 4181.249 Thread 0xc429f450 nmethod 1481 0xed8b7708 code [0xed8b7840, 0xed8b7a3c]

GC Heap History (6 events):
Event: 47.236 GC heap before
{Heap before GC invocations=0 (full 0):
 garbage-first heap   total 131072K, used 12288K [0xc5c00000, 0xe5c00000)
  region size 1024K, 13 young (13312K), 0 survivors (0K)
 Metaspace       used 2629K, committed 2816K, reserved 16384K
}
Event: 47.261 GC heap after
{Heap after GC invocations=1 (full 0):
 garbage-first heap   total 131072K, used 2360K [0xc5c00000, 0xe5c00000)
  region size 1024K, 2 young (2048K), 2 survivors (2048K)
 Metaspace       used 2629K, committed 2816K, reserved 16384K
}
Event: 57.265 GC heap before
{Heap before GC invocations=1 (full 0):
 garbage-first heap   total 131072K, used 17720K [0xc5c00000, 0xe5c00000)
  region size 1024K, 18 young (18432K), 2 survivors (2048K)
 Metaspace       used 3895K, committed 4160K, reserved 16384K
}
Event: 57.292 GC heap after
{Heap after GC invocations=2 (full 0):
 garbage-first heap   total 131072K, used 3982K [0xc5c00000, 0xe5c00000)
  region size 1024K, 2 young (2048K), 2 survivors (2048K)
 Metaspace       used 3895K, committed 4160K, reserved 16384K
}
Event: 696.297 GC heap before
{Heap before GC invocations=2 (full 0):
 garbage-first heap   total 131072K, used 32654K [0xc5c00000, 0xe5c00000)
  region size 1024K, 30 young (30720K), 2 survivors (2048K)
 Metaspace       used 5090K, committed 5504K, reserved 16384K
}
Event: 696.316 GC heap after
{Heap after GC invocations=3 (full 0):
 garbage-first heap   total 131072K, used 5274K [0xc5c00000, 0xe5c00000)
  region size 1024K, 3 young (3072K), 3 survivors (3072K)
 Metaspace       used 5090K, committed 5504K, reserved 16384K
}

Dll operation events (4 events):
Event: 0.003 Loaded shared library /usr/lib/jvm/java-17-zulu-openjdk-jdk-x86/lib/libjava.so
Event: 44.563 Loaded shared library /usr/lib/jvm/java-17-zulu-openjdk-jdk-x86/lib/libnio.so
Event: 44.564 Loaded shared library /usr/lib/jvm/java-17-zulu-openjdk-jdk-x86/lib/libjimage.so
Event: 44.607 Loaded shared library /usr/lib/jvm/java-17-zulu-openjdk-jdk-x86/lib/libnet.so

Deoptimization events (20 events):
Event: 444.238 Thread 0x0b96a820 Uncommon trap: trap_request=0xffffffde fr.pc=0xed8a3360 relative=0x00001400
Event: 444.238 Thread 0x0b96a820 Uncommon trap: reason=class_check action=maybe_recompile pc=0xed8a3360 method=java.lang.reflect.Array.newInstance(Ljava/lang/Class;I)Ljava/lang/Object; @ 2 c2
Event: 444.238 Thread 0x0b96a820 DEOPT PACKING pc=0xed8a3360 sp=0xffaf6720
Event: 444.238 Thread 0x0b96a820 DEOPT UNPACKING pc=0xed2f4d33 sp=0xffaf66d8 mode 2
Event: 444.238 Thread 0x0b96a820 Uncommon trap: trap_request=0xffffffd6 fr.pc=0xed8a30ac relative=0x0000114c
Event: 444.238 Thread 0x0b96a820 Uncommon trap: reason=array_check action=maybe_recompile pc=0xed8a30ac method=java.io.ObjectInputStream.readArray(Z)Ljava/lang/Object; @ 392 c2
Event: 444.238 Thread 0x0b96a820 DEOPT PACKING pc=0xed8a30ac sp=0xffaf6720
Event: 444.238 Thread 0x0b96a820 DEOPT UNPACKING pc=0xed2f4d33 sp=0xffaf6708 mode 2
Event: 444.238 Thread 0x0b96a820 Uncommon trap: trap_request=0xffffffd6 fr.pc=0xed8a30ac relative=0x0000114c
Event: 444.238 Thread 0x0b96a820 Uncommon trap: reason=array_check action=maybe_recompile pc=0xed8a30ac method=java.io.ObjectInputStream.readArray(Z)Ljava/lang/Object; @ 392 c2
Event: 444.238 Thread 0x0b96a820 DEOPT PACKING pc=0xed8a30ac sp=0xffaf6720
Event: 444.238 Thread 0x0b96a820 DEOPT UNPACKING pc=0xed2f4d33 sp=0xffaf6708 mode 2
Event: 444.238 Thread 0x0b96a820 Uncommon trap: trap_request=0xffffffd6 fr.pc=0xed8a30ac relative=0x0000114c
Event: 444.238 Thread 0x0b96a820 Uncommon trap: reason=array_check action=maybe_recompile pc=0xed8a30ac method=java.io.ObjectInputStream.readArray(Z)Ljava/lang/Object; @ 392 c2
Event: 444.238 Thread 0x0b96a820 DEOPT PACKING pc=0xed8a30ac sp=0xffaf6720
Event: 444.238 Thread 0x0b96a820 DEOPT UNPACKING pc=0xed2f4d33 sp=0xffaf6708 mode 2
Event: 444.238 Thread 0x0b96a820 Uncommon trap: trap_request=0xffffffd6 fr.pc=0xed8a30ac relative=0x0000114c
Event: 444.238 Thread 0x0b96a820 Uncommon trap: reason=array_check action=maybe_recompile pc=0xed8a30ac method=java.io.ObjectInputStream.readArray(Z)Ljava/lang/Object; @ 392 c2
Event: 444.238 Thread 0x0b96a820 DEOPT PACKING pc=0xed8a30ac sp=0xffaf6720
Event: 444.238 Thread 0x0b96a820 DEOPT UNPACKING pc=0xed2f4d33 sp=0xffaf6708 mode 2

Classes unloaded (0 events):
No events

Classes redefined (0 events):
No events

Internal exceptions (8 events):
Event: 44.613 Thread 0x0b96a820 Exception <a 'java/lang/NoSuchMethodError'{0xcd40b1d0}: 'java.lang.Object java.lang.invoke.DirectMethodHandle$Holder.invokeStaticInit(java.lang.Object)'> (0xcd40b1d0) 
thrown [src/hotspot/share/interpreter/linkResolver.cpp, line 759]
Event: 46.760 Thread 0x0b96a820 Exception <a 'java/lang/NoSuchMethodError'{0xcd166f48}: 'java.lang.Object java.lang.invoke.DirectMethodHandle$Holder.invokeStatic(java.lang.Object, float)'> (0xcd166f48) 
thrown [src/hotspot/share/interpreter/linkResolver.cpp, line 759]
Event: 47.320 Thread 0x0b96a820 Exception <a 'java/lang/NoSuchMethodError'{0xcd9fb028}: 'java.lang.Object java.lang.invoke.DirectMethodHandle$Holder.invokeSpecial(java.lang.Object, java.lang.Object, java.lang.Object, java.lang.Object, int)'> (0xcd9fb028) 
thrown [src/hotspot/share/interpreter/linkResolver.cpp, line 759]
Event: 47.320 Thread 0x0b96a820 Exception <a 'java/lang/NoSuchMethodError'{0xcd9fe568}: 'java.lang.Object java.lang.invoke.Invokers$Holder.linkToTargetMethod(java.lang.Object, java.lang.Object, int, java.lang.Object)'> (0xcd9fe568) 
thrown [src/hotspot/share/interpreter/linkResolver.cpp, line 759]
Event: 57.458 Thread 0x0b96a820 Exception <a 'java/lang/NoSuchMethodError'{0xcd9c1a08}: 'java.lang.Object java.lang.invoke.DirectMethodHandle$Holder.invokeSpecial(java.lang.Object, java.lang.Object, long, java.lang.Object, java.lang.Object, java.lang.Object, java.lang.Object, java.lang.Object, java.lang.Object)'> (0xcd9c1a08) 
thrown [src/hotspot/share/interpreter/linkResolver.cpp, line 759]
Event: 57.458 Thread 0x0b96a820 Exception <a 'java/lang/NoSuchMethodError'{0xcd9c5de0}: 'java.lang.Object java.lang.invoke.DelegatingMethodHandle$Holder.reinvoke_L(java.lang.Object, long, java.lang.Object, java.lang.Object, java.lang.Object, java.lang.Object, java.lang.Object, java.lang.Object)'> (0xcd9c5de0) 
thrown [src/hotspot/share/interpreter/linkResolver.cpp, line 759]
Event: 110.893 Thread 0x0b96a820 Exception <a 'java/lang/NoSuchMethodError'{0xcd04fb68}: 'java.lang.Object java.lang.invoke.DirectMethodHandle$Holder.invokeSpecial(java.lang.Object, java.lang.Object, java.lang.Object, java.lang.Object, java.lang.Object, java.lang.Object, int)'> (0xcd04fb68) 
thrown [src/hotspot/share/interpreter/linkResolver.cpp, line 759]
Event: 171.151 Thread 0x0b96a820 Exception <a 'java/lang/NoSuchMethodError'{0xccf35228}: static [Lscript/obj_id;.<clinit>()V> (0xccf35228) 
thrown [src/hotspot/share/prims/jni.cpp, line 1112]

VM Operations (20 events):
Event: 455.547 Executing VM operation: Cleanup
Event: 455.547 Executing VM operation: Cleanup done
Event: 505.610 Executing VM operation: Cleanup
Event: 505.610 Executing VM operation: Cleanup done
Event: 526.639 Executing VM operation: Cleanup
Event: 526.640 Executing VM operation: Cleanup done
Event: 621.813 Executing VM operation: Cleanup
Event: 621.813 Executing VM operation: Cleanup done
Event: 696.297 Executing VM operation: G1CollectForAllocation
Event: 696.316 Executing VM operation: G1CollectForAllocation done
Event: 768.394 Executing VM operation: Cleanup
Event: 768.395 Executing VM operation: Cleanup done
Event: 769.395 Executing VM operation: Cleanup
Event: 769.395 Executing VM operation: Cleanup done
Event: 770.395 Executing VM operation: Cleanup
Event: 770.395 Executing VM operation: Cleanup done
Event: 930.532 Executing VM operation: Cleanup
Event: 930.532 Executing VM operation: Cleanup done
Event: 3500.981 Executing VM operation: Cleanup
Event: 3500.981 Executing VM operation: Cleanup done

Events (20 events):
Event: 171.191 loading class java/lang/constant/DirectMethodHandleDescImpl
Event: 171.191 loading class java/lang/constant/DirectMethodHandleDesc
Event: 171.191 loading class java/lang/constant/DirectMethodHandleDesc done
Event: 171.191 loading class java/lang/constant/DirectMethodHandleDescImpl done
Event: 171.193 loading class java/lang/constant/DirectMethodHandleDescImpl$1
Event: 171.193 loading class java/lang/constant/DirectMethodHandleDescImpl$1 done
Event: 171.193 loading class java/lang/constant/DirectMethodHandleDesc$1
Event: 171.193 loading class java/lang/constant/DirectMethodHandleDesc$1 done
Event: 171.194 loading class java/lang/constant/PrimitiveClassDescImpl
Event: 171.194 loading class java/lang/constant/DynamicConstantDesc
Event: 171.194 loading class java/lang/constant/DynamicConstantDesc done
Event: 171.194 loading class java/lang/constant/PrimitiveClassDescImpl done
Event: 171.194 loading class java/lang/constant/DynamicConstantDesc$AnonymousDynamicConstantDesc
Event: 171.194 loading class java/lang/constant/DynamicConstantDesc$AnonymousDynamicConstantDesc done
Event: 171.196 Thread 0xc47fab60 Thread added: 0xc47fab60
Event: 171.196 Protecting memory [0xc14ba000,0xc14be000] with protection modes 0
Event: 175.046 Thread 0xc47fab60 Thread exited: 0xc47fab60
Event: 5541.132 Thread 0x0b96a820 Thread exited: 0x0b96a820
Event: 5541.187 Thread 0xf5e242d0 Thread exited: 0xf5e242d0
Event: 5541.187 Thread 0xc429bff0 Thread exited: 0xc429bff0


Dynamic libraries:
08048000-09298000 r-xp 00000000 08:04 494947248                          /home/almalinux/swg-returns-nge/build/bin/SwgGameServer
09298000-0929c000 rw-p 0124f000 08:04 494947248                          /home/almalinux/swg-returns-nge/build/bin/SwgGameServer
0929c000-09b1f000 rw-p 00000000 00:00 0 
0a2a5000-11b86000 rw-p 00000000 00:00 0                                  [heap]
bf800000-bf8f9000 rw-p 00000000 00:00 0 
bf8f9000-bf900000 ---p 00000000 00:00 0 
bfa00000-bfafd000 rw-p 00000000 00:00 0 
bfafd000-bfb00000 ---p 00000000 00:00 0 
bfb00000-bfbf9000 rw-p 00000000 00:00 0 
bfbf9000-bfc00000 ---p 00000000 00:00 0 
bfc00000-bfcfa000 rw-p 00000000 00:00 0 
bfcfa000-bfd00000 ---p 00000000 00:00 0 
bfe00000-bfefe000 rw-p 00000000 00:00 0 
bfefe000-bff00000 ---p 00000000 00:00 0 
bff00000-bfffb000 rw-p 00000000 00:00 0 
bfffb000-c0000000 ---p 00000000 00:00 0 
c0000000-c00ff000 rw-p 00000000 00:00 0 
c00ff000-c0100000 ---p 00000000 00:00 0 
c0200000-c0300000 rw-p 00000000 00:00 0 
c0300000-c03fa000 rw-p 00000000 00:00 0 
c03fa000-c0400000 ---p 00000000 00:00 0 
c0400000-c04fc000 rw-p 00000000 00:00 0 
c04fc000-c0500000 ---p 00000000 00:00 0 
c0500000-c05f9000 rw-p 00000000 00:00 0 
c05f9000-c0600000 ---p 00000000 00:00 0 
c0600000-c06f9000 rw-p 00000000 00:00 0 
c06f9000-c0700000 ---p 00000000 00:00 0 
c0700000-c07f9000 rw-p 00000000 00:00 0 
c07f9000-c0800000 ---p 00000000 00:00 0 
c0800000-c08fd000 rw-p 00000000 00:00 0 
c08fd000-c0900000 ---p 00000000 00:00 0 
c114e000-c114f000 ---p 00000000 00:00 0 
c114f000-c11cf000 rw-p 00000000 00:00 0 
c11cf000-c11d0000 ---p 00000000 00:00 0 
c11d0000-c1250000 rw-p 00000000 00:00 0 
c1439000-c143a000 ---p 00000000 00:00 0 
c143a000-c14ba000 rw-p 00000000 00:00 0 
c14ba000-c14be000 ---p 00000000 00:00 0 
c14be000-c153b000 rw-p 00000000 00:00 0 
c173d000-c1741000 ---p 00000000 00:00 0 
c1741000-c17fe000 rw-p 00000000 00:00 0 
c17fe000-c1802000 ---p 00000000 00:00 0 
c1802000-c18bf000 rw-p 00000000 00:00 0 
c18bf000-c18c0000 ---p 00000000 00:00 0 
c18c0000-c1940000 rw-p 00000000 00:00 0 
c1940000-c1944000 ---p 00000000 00:00 0 
c1944000-c1a01000 rw-p 00000000 00:00 0 
c1a01000-c1a05000 ---p 00000000 00:00 0 
c1a05000-c1ac2000 rw-p 00000000 00:00 0 
c1ac2000-c1ac6000 ---p 00000000 00:00 0 
c1ac6000-c1b43000 rw-p 00000000 00:00 0 
c1b43000-c1b47000 ---p 00000000 00:00 0 
c1b47000-c1c04000 rw-p 00000000 00:00 0 
c1c04000-c1c08000 ---p 00000000 00:00 0 
c1c08000-c1cc5000 rw-p 00000000 00:00 0 
c1cc5000-c1cc9000 ---p 00000000 00:00 0 
c1cc9000-c1d86000 rw-p 00000000 00:00 0 
c1d86000-c2000000 r--p 00078000 08:04 535181                             /usr/lib/locale/locale-archive
c2000000-c2180000 rw-p 00000000 00:00 0 
c2180000-c2400000 ---p 00000000 00:00 0 
c2400000-c27e0000 rw-p 00000000 00:00 0 
c27e0000-c3000000 ---p 00000000 00:00 0 
c307e000-c327e000 r--p 00000000 08:04 535181                             /usr/lib/locale/locale-archive
c327e000-c3282000 ---p 00000000 00:00 0 
c3282000-c333f000 rw-p 00000000 00:00 0 
c333f000-c3343000 ---p 00000000 00:00 0 
c3343000-c3400000 rw-p 00000000 00:00 0 
c3400000-c34f7000 rw-p 00000000 00:00 0 
c34f7000-c3500000 ---p 00000000 00:00 0 
c3531000-c3535000 ---p 00000000 00:00 0 
c3535000-c35b2000 rw-p 00000000 00:00 0 
c35b2000-c35b3000 ---p 00000000 00:00 0 
c35b3000-c3633000 rw-p 00000000 00:00 0 
c3633000-c3f00000 rw-p 00001000 08:04 143240867                          /usr/lib/jvm/java-17-zulu-openjdk-jdk-x86/lib/server/classes.jsa
c3f00000-c3f21000 rw-p 00000000 00:00 0 
c3f21000-c4000000 ---p 00000000 00:00 0 
c407f000-c4080000 ---p 00000000 00:00 0 
c4080000-c4100000 rw-p 00000000 00:00 0 
c4100000-c4121000 rw-p 00000000 00:00 0 
c4121000-c4200000 ---p 00000000 00:00 0 
c4200000-c42d3000 rw-p 00000000 00:00 0 
c42d3000-c4300000 ---p 00000000 00:00 0 
c437f000-c4380000 ---p 00000000 00:00 0 
c4380000-c4400000 rw-p 00000000 00:00 0 
c4400000-c4455000 rw-p 00000000 00:00 0 
c4455000-c4500000 ---p 00000000 00:00 0 
c457f000-c4580000 ---p 00000000 00:00 0 
c4580000-c4600000 rw-p 00000000 00:00 0 
c4600000-c46f6000 rw-p 00000000 00:00 0 
c46f6000-c4700000 ---p 00000000 00:00 0 
c4700000-c47fc000 rw-p 00000000 00:00 0 
c47fc000-c4800000 ---p 00000000 00:00 0 
c487f000-c4880000 ---p 00000000 00:00 0 
c4880000-c4b00000 rw-p 00000000 00:00 0 
c4b00000-c5100000 ---p 00000000 00:00 0 
c5100000-c5300000 rw-p 00000000 00:00 0 
c5300000-c5900000 ---p 00000000 00:00 0 
c5900000-c5940000 rw-p 00000000 00:00 0 
c5940000-c5a00000 ---p 00000000 00:00 0 
c5a00000-c5a40000 rw-p 00000000 00:00 0 
c5a40000-c5b00000 ---p 00000000 00:00 0 
c5b00000-c5b40000 rw-p 00000000 00:00 0 
c5b40000-c5c00000 ---p 00000000 00:00 0 
c5c00000-cdc00000 rw-p 00000000 00:00 0 
cdc00000-e5c00000 ---p 00000000 00:00 0 
e5c65000-e5c6a000 rw-p 00000000 00:00 0 
e5c6a000-e5d50000 ---p 00000000 00:00 0 
e5d50000-e5fd8000 rwxp 00000000 00:00 0 
e5fd8000-ed2ab000 ---p 00000000 00:00 0 
ed2ab000-ed4eb000 rwxp 00000000 00:00 0 
ed4eb000-ed7f5000 ---p 00000000 00:00 0 
ed7f5000-eda35000 rwxp 00000000 00:00 0 
eda35000-f4d50000 ---p 00000000 00:00 0 
f4d50000-f4eb8000 r--s 00000000 08:04 117534333                          /usr/lib/jvm/java-17-zulu-openjdk-jdk-x86/lib/modules
f4eb8000-f5d5a000 r-xp 00000000 08:04 143240869                          /usr/lib/jvm/java-17-zulu-openjdk-jdk-x86/lib/server/libjvm.so
f5d5a000-f5daf000 r--p 00ea1000 08:04 143240869                          /usr/lib/jvm/java-17-zulu-openjdk-jdk-x86/lib/server/libjvm.so
f5daf000-f5dd0000 rw-p 00ef6000 08:04 143240869                          /usr/lib/jvm/java-17-zulu-openjdk-jdk-x86/lib/server/libjvm.so
f5dd0000-f5e00000 rw-p 00000000 00:00 0 
f5e00000-f5f00000 rw-p 00000000 00:00 0 
f5f0d000-f5f0e000 ---p 00000000 00:00 0 
f5f0e000-f5f8e000 rw-p 00000000 00:00 0 
f5f8e000-f5f8f000 ---p 00000000 00:00 0 
f5f8f000-f5f93000 ---p 00000000 00:00 0 
f5f93000-f6b07000 rw-p 00000000 00:00 0 
f6b13000-f6b28000 r-xp 00000000 08:04 117534323                          /usr/lib/jvm/java-17-zulu-openjdk-jdk-x86/lib/libnet.so
f6b28000-f6b29000 r--p 00014000 08:04 117534323                          /usr/lib/jvm/java-17-zulu-openjdk-jdk-x86/lib/libnet.so
f6b29000-f6b2a000 rw-p 00015000 08:04 117534323                          /usr/lib/jvm/java-17-zulu-openjdk-jdk-x86/lib/libnet.so
f6b2a000-f6b30000 rw-p 00000000 00:00 0 
f6b30000-f6c15000 ---p 00000000 00:00 0 
f6e4f000-f6e61000 r-xp 00000000 08:04 117534324                          /usr/lib/jvm/java-17-zulu-openjdk-jdk-x86/lib/libnio.so
f6e61000-f6e62000 r--p 00011000 08:04 117534324                          /usr/lib/jvm/java-17-zulu-openjdk-jdk-x86/lib/libnio.so
f6e62000-f6e63000 rw-p 00012000 08:04 117534324                          /usr/lib/jvm/java-17-zulu-openjdk-jdk-x86/lib/libnio.so
f6e63000-f6e8c000 rw-p 00000000 00:00 0 
f6e8c000-f6eaf000 r-xp 00000000 08:04 117534310                          /usr/lib/jvm/java-17-zulu-openjdk-jdk-x86/lib/libjava.so
f6eaf000-f6eb0000 r--p 00022000 08:04 117534310                          /usr/lib/jvm/java-17-zulu-openjdk-jdk-x86/lib/libjava.so
f6eb0000-f6eb1000 rw-p 00023000 08:04 117534310                          /usr/lib/jvm/java-17-zulu-openjdk-jdk-x86/lib/libjava.so
f6eb1000-f6ebd000 r-xp 00000000 08:04 16831767                           /usr/lib/libnss_files-2.28.so
f6ebd000-f6ebe000 r--p 0000b000 08:04 16831767                           /usr/lib/libnss_files-2.28.so
f6ebe000-f6ebf000 rw-p 0000c000 08:04 16831767                           /usr/lib/libnss_files-2.28.so
f6ebf000-f6ec5000 rw-p 00000000 00:00 0 
f6ecb000-f6ed0000 rw-p 00000000 00:00 0 
f6ed0000-f6ed6000 ---p 00000000 00:00 0 
f6ed6000-f6ef1000 r-xp 00000000 08:04 117534314                          /usr/lib/jvm/java-17-zulu-openjdk-jdk-x86/lib/libjimage.so
f6ef1000-f6ef2000 ---p 0001b000 08:04 117534314                          /usr/lib/jvm/java-17-zulu-openjdk-jdk-x86/lib/libjimage.so
f6ef2000-f6ef3000 r--p 0001b000 08:04 117534314                          /usr/lib/jvm/java-17-zulu-openjdk-jdk-x86/lib/libjimage.so
f6ef3000-f6ef4000 rw-p 0001c000 08:04 117534314                          /usr/lib/jvm/java-17-zulu-openjdk-jdk-x86/lib/libjimage.so
f6ef4000-f6ef8000 rw-p 00000000 00:00 0 
f6ef8000-f6f80000 r-xp 00000000 08:04 17191875                           /usr/lib/libpcre2-8.so.0.7.1
f6f80000-f6f81000 r--p 00087000 08:04 17191875                           /usr/lib/libpcre2-8.so.0.7.1
f6f81000-f6f82000 rw-p 00088000 08:04 17191875                           /usr/lib/libpcre2-8.so.0.7.1
f6f82000-f6fa2000 r-xp 00000000 08:04 17021543                           /usr/lib/libcrypt.so.1.1.0
f6fa2000-f6fa3000 ---p 00020000 08:04 17021543                           /usr/lib/libcrypt.so.1.1.0
f6fa3000-f6fa4000 r--p 00020000 08:04 17021543                           /usr/lib/libcrypt.so.1.1.0
f6fa4000-f6fad000 rw-p 00000000 00:00 0 
f6fad000-f6fd8000 r-xp 00000000 08:04 17191887                           /usr/lib/libselinux.so.1
f6fd8000-f6fd9000 ---p 0002b000 08:04 17191887                           /usr/lib/libselinux.so.1
f6fd9000-f6fda000 r--p 0002b000 08:04 17191887                           /usr/lib/libselinux.so.1
f6fda000-f6fdb000 rw-p 0002c000 08:04 17191887                           /usr/lib/libselinux.so.1
f6fdb000-f6fdc000 rw-p 00000000 00:00 0 
f6fdc000-f6ffb000 r-xp 00000000 08:04 18866589                           /usr/lib/libbrotlicommon.so.1.0.6
f6ffb000-f6ffc000 r--p 0001e000 08:04 18866589                           /usr/lib/libbrotlicommon.so.1.0.6
f6ffc000-f6ffd000 rw-p 0001f000 08:04 18866589                           /usr/lib/libbrotlicommon.so.1.0.6
f6ffd000-f701b000 r-xp 00000000 08:04 17191915                           /usr/lib/libsasl2.so.3.0.0
f701b000-f701c000 ---p 0001e000 08:04 17191915                           /usr/lib/libsasl2.so.3.0.0
f701c000-f701d000 r--p 0001e000 08:04 17191915                           /usr/lib/libsasl2.so.3.0.0
f701d000-f701e000 rw-p 0001f000 08:04 17191915                           /usr/lib/libsasl2.so.3.0.0
f701e000-f7020000 rw-p 00000000 00:00 0 
f7020000-f7034000 r-xp 00000000 08:04 16831772                           /usr/lib/libresolv-2.28.so
f7034000-f7035000 ---p 00014000 08:04 16831772                           /usr/lib/libresolv-2.28.so
f7035000-f7036000 r--p 00014000 08:04 16831772                           /usr/lib/libresolv-2.28.so
f7036000-f7037000 rw-p 00015000 08:04 16831772                           /usr/lib/libresolv-2.28.so
f7037000-f7039000 rw-p 00000000 00:00 0 
f7039000-f703c000 r-xp 00000000 08:04 17191893                           /usr/lib/libkeyutils.so.1.6
f703c000-f703d000 ---p 00003000 08:04 17191893                           /usr/lib/libkeyutils.so.1.6
f703d000-f703e000 r--p 00003000 08:04 17191893                           /usr/lib/libkeyutils.so.1.6
f703e000-f703f000 rw-p 00000000 00:00 0 
f703f000-f704f000 r-xp 00000000 08:04 17021560                           /usr/lib/libkrb5support.so.0.1
f704f000-f7050000 r--p 0000f000 08:04 17021560                           /usr/lib/libkrb5support.so.0.1
f7050000-f7051000 rw-p 00010000 08:04 17021560                           /usr/lib/libkrb5support.so.0.1
f7051000-f7059000 r-xp 00000000 08:04 16831774                           /usr/lib/librt-2.28.so
f7059000-f705a000 r--p 00007000 08:04 16831774                           /usr/lib/librt-2.28.so
f705a000-f705b000 rw-p 00008000 08:04 16831774                           /usr/lib/librt-2.28.so
f705b000-f71da000 r-xp 00000000 08:04 17021545                           /usr/lib/libunistring.so.2.1.0
f71da000-f71db000 ---p 0017f000 08:04 17021545                           /usr/lib/libunistring.so.2.1.0
f71db000-f71dd000 r--p 0017f000 08:04 17021545                           /usr/lib/libunistring.so.2.1.0
f71dd000-f71de000 rw-p 00181000 08:04 17021545                           /usr/lib/libunistring.so.2.1.0
f71de000-f7208000 r-xp 00000000 08:04 18654292                           /usr/lib/liblzma.so.5.2.4
f7208000-f7209000 r--p 00029000 08:04 18654292                           /usr/lib/liblzma.so.5.2.4
f7209000-f720a000 rw-p 00000000 00:00 0 
f720a000-f7216000 r-xp 00000000 08:04 17191936                           /usr/lib/libbrotlidec.so.1.0.6
f7216000-f7217000 r--p 0000b000 08:04 17191936                           /usr/lib/libbrotlidec.so.1.0.6
f7217000-f7218000 rw-p 00000000 00:00 0 
f7218000-f7227000 r-xp 00000000 08:04 17191918                           /usr/lib/liblber-2.4.so.2.10.9
f7227000-f7228000 r--p 0000e000 08:04 17191918                           /usr/lib/liblber-2.4.so.2.10.9
f7228000-f7229000 rw-p 0000f000 08:04 17191918                           /usr/lib/liblber-2.4.so.2.10.9
f7229000-f727e000 r-xp 00000000 08:04 17191920                           /usr/lib/libldap-2.4.so.2.10.9
f727e000-f727f000 ---p 00055000 08:04 17191920                           /usr/lib/libldap-2.4.so.2.10.9
f727f000-f7280000 r--p 00055000 08:04 17191920                           /usr/lib/libldap-2.4.so.2.10.9
f7280000-f7281000 rw-p 00056000 08:04 17191920                           /usr/lib/libldap-2.4.so.2.10.9
f7281000-f7283000 rw-p 00000000 00:00 0 
f7283000-f7286000 r-xp 00000000 08:04 16994899                           /usr/lib/libcom_err.so.2.1
f7286000-f7287000 r--p 00002000 08:04 16994899                           /usr/lib/libcom_err.so.2.1
f7287000-f7288000 rw-p 00003000 08:04 16994899                           /usr/lib/libcom_err.so.2.1
f7288000-f729e000 r-xp 00000000 08:04 17021552                           /usr/lib/libk5crypto.so.3.1
f729e000-f729f000 ---p 00016000 08:04 17021552                           /usr/lib/libk5crypto.so.3.1
f729f000-f72a0000 r--p 00016000 08:04 17021552                           /usr/lib/libk5crypto.so.3.1
f72a0000-f72a1000 rw-p 00017000 08:04 17021552                           /usr/lib/libk5crypto.so.3.1
f72a1000-f7384000 r-xp 00000000 08:04 17021558                           /usr/lib/libkrb5.so.3.3
f7384000-f738b000 r--p 000e2000 08:04 17021558                           /usr/lib/libkrb5.so.3.3
f738b000-f738c000 rw-p 000e9000 08:04 17021558                           /usr/lib/libkrb5.so.3.3
f738c000-f73e7000 r-xp 00000000 08:04 17021548                           /usr/lib/libgssapi_krb5.so.2.2
f73e7000-f73e9000 r--p 0005a000 08:04 17021548                           /usr/lib/libgssapi_krb5.so.2.2
f73e9000-f73ea000 rw-p 0005c000 08:04 17021548                           /usr/lib/libgssapi_krb5.so.2.2
f73ea000-f769b000 r-xp 00000000 08:04 18627877                           /usr/lib/libcrypto.so.1.1.1k
f769b000-f76b4000 r--p 002b0000 08:04 18627877                           /usr/lib/libcrypto.so.1.1.1k
f76b4000-f76b6000 rw-p 002c9000 08:04 18627877                           /usr/lib/libcrypto.so.1.1.1k
f76b6000-f76ba000 rw-p 00000000 00:00 0 
f76ba000-f774c000 r-xp 00000000 08:04 18627879                           /usr/lib/libssl.so.1.1.1k
f774c000-f7752000 r--p 00091000 08:04 18627879                           /usr/lib/libssl.so.1.1.1k
f7752000-f7756000 rw-p 00097000 08:04 18627879                           /usr/lib/libssl.so.1.1.1k
f7756000-f7766000 r-xp 00000000 08:04 18660120                           /usr/lib/libpsl.so.5.3.1
f7766000-f7767000 r--p 0000f000 08:04 18660120                           /usr/lib/libpsl.so.5.3.1
f7767000-f7768000 rw-p 00000000 00:00 0 
f7768000-f77e5000 r-xp 00000000 08:04 16994901                           /usr/lib/libssh.so.4.8.7
f77e5000-f77e6000 ---p 0007d000 08:04 16994901                           /usr/lib/libssh.so.4.8.7
f77e6000-f77e7000 r--p 0007d000 08:04 16994901                           /usr/lib/libssh.so.4.8.7
f77e7000-f77e8000 rw-p 0007e000 08:04 16994901                           /usr/lib/libssh.so.4.8.7
f77e8000-f7805000 r-xp 00000000 08:04 17040588                           /usr/lib/libidn2.so.0.3.6
f7805000-f7806000 r--p 0001c000 08:04 17040588                           /usr/lib/libidn2.so.0.3.6
f7806000-f7807000 rw-p 00000000 00:00 0 
f7807000-f782f000 r-xp 00000000 08:04 17191891                           /usr/lib/libnghttp2.so.14.17.0
f782f000-f7830000 r--p 00027000 08:04 17191891                           /usr/lib/libnghttp2.so.14.17.0
f7830000-f7832000 rw-p 00028000 08:04 17191891                           /usr/lib/libnghttp2.so.14.17.0
f7832000-f79d4000 r-xp 00000000 08:04 16831756                           /usr/lib/libc-2.28.so
f79d4000-f79d5000 ---p 001a2000 08:04 16831756                           /usr/lib/libc-2.28.so
f79d5000-f79d7000 r--p 001a2000 08:04 16831756                           /usr/lib/libc-2.28.so
f79d7000-f79d8000 rw-p 001a4000 08:04 16831756                           /usr/lib/libc-2.28.so
f79d8000-f79dd000 rw-p 00000000 00:00 0 
f79dd000-f79f8000 r-xp 00000000 08:04 16985139                           /usr/lib/libgcc_s-8-20210514.so.1
f79f8000-f79f9000 r--p 0001a000 08:04 16985139                           /usr/lib/libgcc_s-8-20210514.so.1
f79f9000-f79fa000 rw-p 0001b000 08:04 16985139                           /usr/lib/libgcc_s-8-20210514.so.1
f79fa000-f7aca000 r-xp 00000000 08:04 16831760                           /usr/lib/libm-2.28.so
f7aca000-f7acb000 r--p 000cf000 08:04 16831760                           /usr/lib/libm-2.28.so
f7acb000-f7acc000 rw-p 000d0000 08:04 16831760                           /usr/lib/libm-2.28.so
f7acc000-f7c55000 r-xp 00000000 08:04 16985145                           /usr/lib/libstdc++.so.6.0.25
f7c55000-f7c56000 ---p 00189000 08:04 16985145                           /usr/lib/libstdc++.so.6.0.25
f7c56000-f7c5c000 r--p 00189000 08:04 16985145                           /usr/lib/libstdc++.so.6.0.25
f7c5c000-f7c5d000 rw-p 0018f000 08:04 16985145                           /usr/lib/libstdc++.so.6.0.25
f7c5d000-f7c5f000 rw-p 00000000 00:00 0 
f7c5f000-f7c76000 r-xp 00000000 08:04 16963437                           /usr/lib/libz.so.1.2.11
f7c76000-f7c77000 ---p 00017000 08:04 16963437                           /usr/lib/libz.so.1.2.11
f7c77000-f7c78000 r--p 00017000 08:04 16963437                           /usr/lib/libz.so.1.2.11
f7c78000-f7c79000 rw-p 00000000 00:00 0 
f7c79000-f7df6000 r-xp 00000000 08:04 16963397                           /usr/lib/libxml2.so.2.9.7
f7df6000-f7dfb000 r--p 0017c000 08:04 16963397                           /usr/lib/libxml2.so.2.9.7
f7dfb000-f7dfc000 rw-p 00181000 08:04 16963397                           /usr/lib/libxml2.so.2.9.7
f7dfc000-f7dfd000 rw-p 00000000 00:00 0 
f7dfd000-f7e19000 r-xp 00000000 08:04 16831770                           /usr/lib/libpthread-2.28.so
f7e19000-f7e1a000 r--p 0001b000 08:04 16831770                           /usr/lib/libpthread-2.28.so
f7e1a000-f7e1b000 rw-p 0001c000 08:04 16831770                           /usr/lib/libpthread-2.28.so
f7e1b000-f7e1d000 rw-p 00000000 00:00 0 
f7e1d000-f7e91000 r-xp 00000000 08:04 16818911                           /usr/lib/libpcre.so.1.2.10
f7e91000-f7e92000 ---p 00074000 08:04 16818911                           /usr/lib/libpcre.so.1.2.10
f7e92000-f7e93000 r--p 00074000 08:04 16818911                           /usr/lib/libpcre.so.1.2.10
f7e93000-f7e94000 rw-p 00075000 08:04 16818911                           /usr/lib/libpcre.so.1.2.10
f7e94000-f7e97000 r-xp 00000000 08:04 16831758                           /usr/lib/libdl-2.28.so
f7e97000-f7e98000 r--p 00002000 08:04 16831758                           /usr/lib/libdl-2.28.so
f7e98000-f7e99000 rw-p 00003000 08:04 16831758                           /usr/lib/libdl-2.28.so
f7e99000-f7f36000 r-xp 00000000 08:04 16994905                           /usr/lib/libcurl.so.4.5.0
f7f36000-f7f38000 r--p 0009c000 08:04 16994905                           /usr/lib/libcurl.so.4.5.0
f7f38000-f7f39000 rw-p 0009e000 08:04 16994905                           /usr/lib/libcurl.so.4.5.0
f7f39000-f7f40000 r--s 00000000 08:04 176632422                          /usr/lib/gconv/gconv-modules.cache
f7f40000-f7f48000 rw-s 00000000 08:04 151833492                          /tmp/hsperfdata_almalinux/49385 (deleted)
f7f48000-f7f49000 ---p 00000000 00:00 0 
f7f49000-f7f4a000 r--p 00000000 00:00 0 
f7f4a000-f7f4c000 rw-p 00000000 00:00 0 
f7f4c000-f7f50000 r--p 00000000 00:00 0                                  [vvar]
f7f50000-f7f52000 r-xp 00000000 00:00 0                                  [vdso]
f7f52000-f7f81000 r-xp 00000000 08:04 16831749                           /usr/lib/ld-2.28.so
f7f81000-f7f82000 ---p 00000000 00:00 0 
f7f82000-f7f83000 r--p 0002f000 08:04 16831749                           /usr/lib/ld-2.28.so
f7f83000-f7f84000 rw-p 00030000 08:04 16831749                           /usr/lib/ld-2.28.so
ff935000-ff936000 rwxp 00000000 00:00 0 
ffa3e000-ffafa000 rw-p 00000000 00:00 0                                  [stack]


VM Arguments:
jvm_args: -Xms128m -Xmx512m -Xss768k -XX:MaxMetaspaceSize=96m -Xrs -XX:-UsePerfData -XX:-AllowUserSignalHandlers -XX:UseSSE=3 -XX+DoEscapeAnalysis -XX:AutoBoxCacheMax:2000 -XX:+OptimizeStringConcat -XX:+OptimizeFill -XX:+EliminateAutoBox -XX:+UseCompressedStrings -XX:+UseCompressedOops -XX:+EliminateLocks -XX:UseFastAccessorMethods -XX:+UseStringCache -XgcPrio:throughput -XXkeepAreaRatio:1 -XXlazyUnlocking -XXcallProfiling -XXcompactRatio:1 
java_command: <unknown>
java_class_path (initial): ../../data/sku.0/sys.server/compiled/game/
Launcher Type: generic

[Global flags]
     intx CICompilerCount                          = 3                                         {product} {ergonomic}
     uint ConcGCThreads                            = 1                                         {product} {ergonomic}
     uint G1ConcRefinementThreads                  = 4                                         {product} {ergonomic}
   size_t G1HeapRegionSize                         = 1048576                                   {product} {ergonomic}
    uintx GCDrainStackTargetSize                   = 64                                        {product} {ergonomic}
   size_t InitialHeapSize                          = 134217728                                 {product} {command line}
   size_t MarkStackSize                            = 32768                                     {product} {ergonomic}
   size_t MaxHeapSize                              = 536870912                                 {product} {command line}
   size_t MaxMetaspaceSize                         = 100663296                                 {product} {command line}
   size_t MaxNewSize                               = 321912832                                 {product} {ergonomic}
   size_t MinHeapDeltaBytes                        = 1048576                                   {product} {ergonomic}
   size_t MinHeapSize                              = 134217728                                 {product} {command line}
    uintx NonNMethodCodeHeapSize                   = 5544422                                {pd product} {ergonomic}
    uintx NonProfiledCodeHeapSize                  = 123056909                              {pd product} {ergonomic}
    uintx ProfiledCodeHeapSize                     = 123056909                              {pd product} {ergonomic}
    uintx ReservedCodeCacheSize                    = 251658240                              {pd product} {ergonomic}
     bool SegmentedCodeCache                       = true                                      {product} {ergonomic}
   size_t SoftMaxHeapSize                          = 536870912                              {manageable} {ergonomic}
   double SweeperThreshold                         = 0.500000                                  {product} {ergonomic}
     intx ThreadStackSize                          = 768                                    {pd product} {command line}
     bool UseG1GC                                  = true                                      {product} {ergonomic}

Logging:
Log output configuration:
 #0: stdout all=off uptime,level,tags
 #1: stderr all=off uptime,level,tags

Environment Variables:
JAVA_HOME=/usr/lib/jvm/zulu-17-x86
PATH=/usr/java/jdk1.7.0_80/bin:/usr/java/jdk1.7.0_80/bin:/usr/java/jdk1.6.0_45/bin:/usr/java/jdk1.6.0_45/bin:/usr/java/jdk1.6.0_45/bin:/home/almalinux/.local/bin:/home/almalinux/bin:/sbin:/bin:/usr/bin:/usr/local/bin:/usr/local/sbin:/usr/sbin:/usr/lib/oracle/18.3/client/bin:/usr/lib/oracle/18.3/client/bin:/usr/lib/jvm/java-11-openjdk/bin:./
LD_LIBRARY_PATH=/usr/lib/jvm/java-17-zulu-openjdk-jdk-x86/lib/server:/usr/lib/jvm/java-17-zulu-openjdk-jdk-x86/lib:/usr/lib/jvm/java-17-zulu-openjdk-jdk-x86/../lib:/usr/lib/jvm/zulu-17-x86/lib/server:/usr/lib/jvm/java-11-openjdk/lib:/usr/lib/jvm/java-11-openjdk/lib/server:./
SHELL=/bin/bash
DISPLAY=:10.0
LANG=en_US.UTF-8
TERM=xterm-256color

Active Locale:
LC_ALL=en_US.UTF-8
LC_COLLATE=en_US.UTF-8
LC_CTYPE=en_US.UTF-8
LC_MESSAGES=en_US.UTF-8
LC_MONETARY=en_US.UTF-8
LC_NUMERIC=en_US.UTF-8
LC_TIME=en_US.UTF-8

Signal Handlers:
   SIGSEGV: crash_handler in libjvm.so, mask=11100100010111111101111111111110, flags=SA_RESTART|SA_SIGINFO, unblocked
    SIGBUS: crash_handler in libjvm.so, mask=11100100010111111101111111111110, flags=SA_RESTART|SA_SIGINFO, unblocked
    SIGFPE: crash_handler in libjvm.so, mask=11100100010111111101111111111110, flags=SA_RESTART|SA_SIGINFO, unblocked
   SIGPIPE: SIG_IGN, mask=00000000000010000000000000000000, flags=SA_RESTART, blocked
  *** Handler was modified!
  *** Expected: javaSignalHandler in libjvm.so, mask=11100100110111111111111111111110, flags=SA_RESTART|SA_SIGINFO
   SIGXFSZ: javaSignalHandler in libjvm.so, mask=11100100010111111101111111111110, flags=SA_RESTART|SA_SIGINFO, blocked
    SIGILL: crash_handler in libjvm.so, mask=11100100010111111101111111111110, flags=SA_RESTART|SA_SIGINFO, unblocked
   SIGUSR2: SR_handler in libjvm.so, mask=00100000000000000000000000000000, flags=SA_RESTART|SA_SIGINFO, blocked
    SIGHUP: UserHandler in libjvm.so, mask=11100100010111111101111111111110, flags=SA_RESTART|SA_SIGINFO, blocked
    SIGINT: UserHandler in libjvm.so, mask=11100100010111111101111111111110, flags=SA_RESTART|SA_SIGINFO, blocked
   SIGTERM: UserHandler in libjvm.so, mask=11100100010111111101111111111110, flags=SA_RESTART|SA_SIGINFO, blocked
   SIGQUIT: UserHandler in libjvm.so, mask=11100100010111111101111111111110, flags=SA_RESTART|SA_SIGINFO, blocked
   SIGTRAP: crash_handler in libjvm.so, mask=11100100010111111101111111111110, flags=SA_RESTART|SA_SIGINFO, unblocked


Periodic native trim disabled


---------------  S Y S T E M  ---------------

OS:
AlmaLinux release 8.10 (Cerulean Leopard)
uname: Linux 4.18.0-553.81.1.el8_10.x86_64 #1 SMP Mon Oct 27 11:29:19 EDT 2025 x86_64
OS uptime: 1 days 18:36 hours
libc: glibc 2.28 NPTL 2.28 
rlimit (soft/hard): STACK 8192k/infinity , CORE 0k/infinity , NPROC 61995/61995 , NOFILE 262144/262144 , AS infinity/infinity , CPU infinity/infinity , DATA infinity/infinity , FSIZE infinity/infinity , MEMLOCK 64k/64k
load average: 43.43 41.56 40.11

/proc/meminfo:
MemTotal:       16014448 kB
MemFree:          753228 kB
MemAvailable:    1984980 kB
Buffers:              32 kB
Cached:          2857664 kB
SwapCached:        41472 kB
Active:          2368684 kB
Inactive:       12191872 kB
Active(anon):    1498520 kB
Inactive(anon): 11828524 kB
Active(file):     870164 kB
Inactive(file):   363348 kB
Unevictable:        6160 kB
Mlocked:               0 kB
SwapTotal:       8388604 kB
SwapFree:        7329104 kB
Dirty:               876 kB
Writeback:             0 kB
AnonPages:      11671660 kB
Mapped:          1324980 kB
Shmem:           1624184 kB
KReclaimable:     175284 kB
Slab:             306220 kB
SReclaimable:     175284 kB
SUnreclaim:       130936 kB
KernelStack:       26368 kB
PageTables:       171044 kB
NFS_Unstable:          0 kB
Bounce:                0 kB
WritebackTmp:          0 kB
CommitLimit:    16395828 kB
Committed_AS:   26790128 kB
VmallocTotal:   34359738367 kB
VmallocUsed:       72196 kB
VmallocChunk:          0 kB
Percpu:             2720 kB
HardwareCorrupted:     0 kB
AnonHugePages:         0 kB
ShmemHugePages:        0 kB
ShmemPmdMapped:        0 kB
FileHugePages:         0 kB
FilePmdMapped:         0 kB
HugePages_Total:       0
HugePages_Free:        0
HugePages_Rsvd:        0
HugePages_Surp:        0
Hugepagesize:       2048 kB
Hugetlb:               0 kB
DirectMap4k:      790380 kB
DirectMap2M:    15593472 kB

/sys/kernel/mm/transparent_hugepage/enabled: always madvise [never]
/sys/kernel/mm/transparent_hugepage/hpage_pmd_size: 2097152
/sys/kernel/mm/transparent_hugepage/defrag (defrag/compaction efforts parameter): always defer defer+madvise [madvise] never

Process Memory:
Virtual Size: 1056092K (peak: 1068680K)
Resident Set Size: 235580K (peak: 246132K) (anon: 201776K, file: 33804K, shmem: 0K)
Swapped out: 0K
C-Heap outstanding allocations: 20592K, retained: 126267K
glibc malloc tunables: (default)

/proc/sys/kernel/threads-max (system-wide limit on the number of threads): 123991
/proc/sys/vm/max_map_count (maximum number of memory map areas a process may have): 1677720
/proc/sys/kernel/pid_max (system-wide limit on number of process identifiers): 4194304

container (cgroup) information:
container_type: cgroupv1
cpu_cpuset_cpus: 0-3
cpu_memory_nodes: 0
active_processor_count: 4
cpu_quota: no quota
cpu_period: 100000
cpu_shares: no shares
memory_limit_in_bytes: unlimited
memory_and_swap_limit_in_bytes: unlimited
memory_soft_limit_in_bytes: unlimited
memory_usage_in_bytes: 13847616 k
memory_max_usage_in_bytes: 14866960 k
kernel_memory_usage_in_bytes: 221068 k
kernel_memory_max_usage_in_bytes: unlimited
kernel_memory_limit_in_bytes: 752460 k
maximum number of tasks: unlimited
current number of tasks: 775

KVM virtualization detected
Steal ticks since vm start: 794
Steal ticks percentage since vm start:  0.000

CPU: total 4 (initial active 4) (1 cores per cpu, 1 threads per core) family 6 model 60 stepping 1 microcode 0x1, cx8, cmov, fxsr, mmx, sse, sse2, sse3, ssse3, sse4.1, sse4.2, popcnt, lzcnt, tsc, avx, avx2, aes, erms, clmul, bmi1, bmi2, fma, vzeroupper, clflush, hv
CPU Model and flags from /proc/cpuinfo:
model name	: Intel Core Processor (Haswell, no TSX)
flags		: fpu vme de pse tsc msr pae mce cx8 apic sep mtrr pge mca cmov pat pse36 clflush mmx fxsr sse sse2 syscall nx rdtscp lm constant_tsc rep_good nopl xtopology cpuid tsc_known_freq pni pclmulqdq vmx ssse3 fma cx16 pcid sse4_1 sse4_2 x2apic movbe popcnt tsc_deadline_timer aes xsave avx f16c rdrand hypervisor lahf_lm abm cpuid_fault invpcid_single pti tpr_shadow vnmi flexpriority ept vpid ept_ad fsgsbase bmi1 avx2 smep bmi2 erms invpcid xsaveopt arat md_clear

Online cpus: 0-3
Offline cpus: 
BIOS frequency limitation: <Not Available>
Frequency switch latency (ns): <Not Available>
Available cpu frequencies: <Not Available>
Current governor: <Not Available>
Core performance/turbo boost: <Not Available>

Memory: 4k page, physical 16014448k(755328k free), swap 8388604k(7329104k free)
Page Sizes: 4k

vm_info: OpenJDK Server VM (17.0.11+9-LTS) for linux-x86 JRE (17.0.11+9-LTS) (Zulu17.50+19-CA), built on Apr  9 2024 07:14:46 by "zulu_re" with gcc 8.3.0

END.
