#
# A fatal error has been detected by the Java Runtime Environment:
#
#  SIGSEGV (0xb) at pc=0xf78c5618, pid=1412328, tid=1412328
#
# JRE version: OpenJDK Runtime Environment Zulu17.50+19-CA (17.0.11+9) (build 17.0.11+9-LTS)
# Java VM: OpenJDK Server VM Zulu17.50+19-CA (17.0.11+9-LTS, mixed mode, sharing, tiered, g1 gc, linux-x86)
# Problematic frame:
# C  [libc.so.6+0x84618]  cfree+0x28
#
# Core dump will be written. Default location: Core dumps may be processed with "/usr/lib/systemd/systemd-coredump %P %u %g %s %t %c %h %e" (or dumping to /home/almalinux/swg-returns-nge/exe/linux/core.1412328)
#
# If you would like to submit a bug report, please visit:
#   http://www.azul.com/support/
#

---------------  S U M M A R Y ------------

Command Line: -Xms128m -Xmx512m -Xss768k -XX:MaxMetaspaceSize=96m -Xrs -XX:-UsePerfData -XX:-AllowUserSignalHandlers -XX:UseSSE=3 -XX+DoEscapeAnalysis -XX:AutoBoxCacheMax:2000 -XX:+OptimizeStringConcat -XX:+OptimizeFill -XX:+EliminateAutoBox -XX:+UseCompressedStrings -XX:+UseCompressedOops -XX:+EliminateLocks -XX:UseFastAccessorMethods -XX:+UseStringCache -XgcPrio:throughput -XXkeepAreaRatio:1 -XXlazyUnlocking -XXcallProfiling -XXcompactRatio:1 

Host: Intel Core Processor (Haswell, no TSX), 4 cores, 15G, AlmaLinux release 8.10 (Cerulean Leopard)
Time: Sun Jan 25 19:34:14 2026 UTC elapsed time: 1091.498167 seconds (0d 0h 18m 11s)

---------------  T H R E A D  ---------------

Current thread is native thread

Stack: [0xff76a000,0xff82a000],  sp=0xff8281b0,  free space=760k
Native frames: (J=compiled Java code, j=interpreted, Vv=VM code, C=native code)
C  [libc.so.6+0x84618]  cfree+0x28


siginfo: si_signo: 11 (SIGSEGV), si_code: 1 (SEGV_MAPERR), si_addr: 0x00000003

Registers:
EAX=0x00000000, EBX=0x00000007, ECX=0xf6f0384c, EDX=0x0b987d88
ESP=0xff8281b0, EBP=0xff8282e8, ESI=0xf79e6000, EDI=0x00000000
EIP=0xf78c5618, EFLAGS=0x00210202, CR2=0x0000000000000003


Top of Stack: (sp=0xff8281b0)
0xff8281b0:   0b60b010 00000000 ff8282e8 f7b52f1c
0xff8281c0:   0b60b0a0 f7c69a04 0b987d60 f7b52f1c
0xff8281d0:   00000007 f7b52f0a f7c69a04 f7b52f4c
0xff8281e0:   0b60b0a0 f7b52f0a 0b98bb00 085b6163
0xff8281f0:   00000007 0b60b010 0b60ad20 085bb8d1
0xff828200:   0b60b010 0b60ad20 00000000 085bb89b
0xff828210:   0ce29f00 ff828237 ff82825c 085c6969
0xff828220:   087d6c00 ff82825c ff8282e8 084fc53b
0xff828230:   00000014 00010002 00000000 00000000
0xff828240:   01010100 00000001 09aa44c0 00000000
0xff828250:   00000000 00000000 00000000 00000000
0xff828260:   00000000 00000015 ff8283b8 f78766ff
0xff828270:   f79e641c 47677753 53656d61 65767265
0xff828280:   34313a72 32333231 09290038 0b96d120
0xff828290:   08ea0100 08ebc230 08ea5888 f79e641c
0xff8282a0:   00000428 00000420 f7876779 085758fd
0xff8282b0:   08ea2a80 09b1ea78 08ea5888 08574f56
0xff8282c0:   0929a2c4 0929a2c4 ff8283b8 08ea583b
0xff8282d0:   0000000c ff828384 ff828300 f79e6000
0xff8282e0:   00000000 08575910 00000000 f785ef26
0xff8282f0:   00000000 08575910 00000000 f785ef26
0xff828300:   0000000c ff828384 ff8283b8 ff828324
0xff828310:   0929a2d0 00000000 ff8283b8 f79e6000
0xff828320:   f784e75c f79e6000 00000000 08575910
0xff828330:   00000000 eb398af2 e5e242e2 00000000
0xff828340:   00000000 00000000 f7f654d0 f785ee30
0xff828350:   084fc260 0929a2c4 0000000c 08575946
0xff828360:   084fc260 0000000c ff828384 08ea57f0
0xff828370:   08ea5850 f7f654d0 ff82837c f7f92970
0xff828380:   0000000c ff82863a ff82864c ff82864f
0xff828390:   ff828661 ff828664 ff82866f ff828693
0xff8283a0:   ff8286a3 ff8286b0 ff8286cd ff8286d0 

Instructions: (pc=0xf78c5618)
0xf78c5518:   50 8d 96 86 f7 fa ff 8d 86 d0 2f fb ff e8 c6 b7
0xf78c5528:   ff ff 8d b6 00 00 00 00 bb 20 00 00 00 e9 5e fe
0xf78c5538:   ff ff e8 a1 c0 ff ff 89 c5 85 c0 0f 85 68 ff ff
0xf78c5548:   ff 31 d2 8d 44 3b 10 e8 8c c1 ff ff 89 da 89 f9
0xf78c5558:   89 c5 e8 11 f0 ff ff 89 c2 85 c0 75 1b 85 ed 74
0xf78c5568:   17 90 89 fa 89 e8 e8 bd c5 ff ff 89 da 89 f9 89
0xf78c5578:   c5 e8 f2 ef ff ff 89 c2 85 ed 0f 84 57 ff ff ff
0xf78c5588:   e9 39 ff ff ff 8d 86 b8 31 fb ff 83 ec 0c b9 25
0xf78c5598:   0d 00 00 50 8d 96 86 f7 fa ff 8d 86 74 2f fb ff
0xf78c55a8:   e8 43 b7 ff ff 8d 76 00 f3 0f 1e fb e8 0a 9a f9
0xf78c55b8:   ff 05 47 0a 12 00 56 53 83 ec 04 8b 5c 24 10 8b
0xf78c55c8:   74 24 14 8b 80 50 ff ff ff c7 00 00 00 00 00 e8
0xf78c55d8:   54 bb ff ff 8b 4c 24 0c 83 c4 04 89 f2 89 d8 5b
0xf78c55e8:   5e e9 42 fd ff ff 66 90 f3 0f 1e fb 56 e8 9a 9b
0xf78c55f8:   f9 ff 81 c6 06 0a 12 00 53 83 ec 14 8b 5c 24 20
0xf78c5608:   8b 86 5c ff ff ff 8b 00 85 c0 75 6c 85 db 74 75
0xf78c5618:   8b 4b fc 8d 53 f8 f6 c1 02 75 35 8b 86 70 fe ff
0xf78c5628:   ff 65 8b 00 85 c0 0f 84 8c 00 00 00 83 e1 04 8d
0xf78c5638:   86 60 07 00 00 74 09 89 d0 25 00 00 f0 ff 8b 00
0xf78c5648:   83 c4 14 31 c9 5b 5e e9 8c cb ff ff 8d 74 26 00
0xf78c5658:   8b 9e 60 01 00 00 85 db 75 10 3b 8e 48 01 00 00
0xf78c5668:   76 08 81 f9 00 00 08 00 76 26 83 c4 14 89 d0 5b
0xf78c5678:   5e e9 92 b8 ff ff 66 90 83 ec 08 ff 74 24 24 53
0xf78c5688:   ff d0 83 c4 10 83 c4 14 5b 5e c3 8d 74 26 00 90
0xf78c5698:   39 96 80 1d 00 00 77 08 39 96 7c 1d 00 00 77 ca
0xf78c56a8:   83 e1 f8 8d 04 09 89 8e 48 01 00 00 89 86 40 01
0xf78c56b8:   00 00 90 eb b5 8d 76 00 8b 86 74 fe ff ff 65 80
0xf78c56c8:   38 00 0f 85 64 ff ff ff 89 54 24 0c e8 97 ed ff
0xf78c56d8:   ff 8b 4b fc 8b 54 24 0c e9 4f ff ff ff 8d b4 26
0xf78c56e8:   00 00 00 00 8d 74 26 00 f3 0f 1e fb 55 57 56 e8
0xf78c56f8:   98 9a f9 ff 81 c6 04 09 12 00 53 83 ec 0c 8b 86
0xf78c5708:   70 fe ff ff 8b 96 74 fe ff ff 65 8b 28 65 c6 02 



---------------  P R O C E S S  ---------------

VM state: at safepoint (shutting down)

VM Mutex/Monitor currently owned by a thread:  ([mutex/lock_event])
[0xf5e21d30] Threads_lock - owner thread: 0xc4294cf0

GC Precious Log:
<Skipped>

Heap:
 garbage-first heap   total 131072K, used 43060K [0xc5c00000, 0xe5c00000)
  region size 1024K, 39 young (39936K), 7 survivors (7168K)
 Metaspace       used 7774K, committed 8768K, reserved 16384K

Heap Regions: E=young(eden), S=young(survivor), O=old, HS=humongous(starts), HC=humongous(continues), CS=collection set, F=free, OA=open archive, CA=closed archive, TAMS=top-at-mark-start (previous, next)
|   0|0xc5c00000, 0xc5d00000, 0xc5d00000|100%| O|  |TAMS 0xc5c00000, 0xc5c00000| Untracked 
|   1|0xc5d00000, 0xc5e00000, 0xc5e00000|100%| O|  |TAMS 0xc5d00000, 0xc5d00000| Untracked 
|   2|0xc5e00000, 0xc5f00000, 0xc5f00000|100%| O|  |TAMS 0xc5e00000, 0xc5e00000| Untracked 
|   3|0xc5f00000, 0xc5f8c800, 0xc6000000| 54%| O|  |TAMS 0xc5f00000, 0xc5f00000| Untracked 
|   4|0xc6000000, 0xc6000000, 0xc6100000|  0%| F|  |TAMS 0xc6000000, 0xc6000000| Untracked 
|   5|0xc6100000, 0xc6100000, 0xc6200000|  0%| F|  |TAMS 0xc6100000, 0xc6100000| Untracked 
|   6|0xc6200000, 0xc6200000, 0xc6300000|  0%| F|  |TAMS 0xc6200000, 0xc6200000| Untracked 
|   7|0xc6300000, 0xc6300000, 0xc6400000|  0%| F|  |TAMS 0xc6300000, 0xc6300000| Untracked 
|   8|0xc6400000, 0xc6400000, 0xc6500000|  0%| F|  |TAMS 0xc6400000, 0xc6400000| Untracked 
|   9|0xc6500000, 0xc6500000, 0xc6600000|  0%| F|  |TAMS 0xc6500000, 0xc6500000| Untracked 
|  10|0xc6600000, 0xc6600000, 0xc6700000|  0%| F|  |TAMS 0xc6600000, 0xc6600000| Untracked 
|  11|0xc6700000, 0xc6700000, 0xc6800000|  0%| F|  |TAMS 0xc6700000, 0xc6700000| Untracked 
|  12|0xc6800000, 0xc6800000, 0xc6900000|  0%| F|  |TAMS 0xc6800000, 0xc6800000| Untracked 
|  13|0xc6900000, 0xc6900000, 0xc6a00000|  0%| F|  |TAMS 0xc6900000, 0xc6900000| Untracked 
|  14|0xc6a00000, 0xc6a00000, 0xc6b00000|  0%| F|  |TAMS 0xc6a00000, 0xc6a00000| Untracked 
|  15|0xc6b00000, 0xc6b00000, 0xc6c00000|  0%| F|  |TAMS 0xc6b00000, 0xc6b00000| Untracked 
|  16|0xc6c00000, 0xc6c00000, 0xc6d00000|  0%| F|  |TAMS 0xc6c00000, 0xc6c00000| Untracked 
|  17|0xc6d00000, 0xc6d00000, 0xc6e00000|  0%| F|  |TAMS 0xc6d00000, 0xc6d00000| Untracked 
|  18|0xc6e00000, 0xc6e00000, 0xc6f00000|  0%| F|  |TAMS 0xc6e00000, 0xc6e00000| Untracked 
|  19|0xc6f00000, 0xc6f00000, 0xc7000000|  0%| F|  |TAMS 0xc6f00000, 0xc6f00000| Untracked 
|  20|0xc7000000, 0xc7000000, 0xc7100000|  0%| F|  |TAMS 0xc7000000, 0xc7000000| Untracked 
|  21|0xc7100000, 0xc7100000, 0xc7200000|  0%| F|  |TAMS 0xc7100000, 0xc7100000| Untracked 
|  22|0xc7200000, 0xc7200000, 0xc7300000|  0%| F|  |TAMS 0xc7200000, 0xc7200000| Untracked 
|  23|0xc7300000, 0xc7300000, 0xc7400000|  0%| F|  |TAMS 0xc7300000, 0xc7300000| Untracked 
|  24|0xc7400000, 0xc7400000, 0xc7500000|  0%| F|  |TAMS 0xc7400000, 0xc7400000| Untracked 
|  25|0xc7500000, 0xc7500000, 0xc7600000|  0%| F|  |TAMS 0xc7500000, 0xc7500000| Untracked 
|  26|0xc7600000, 0xc7600000, 0xc7700000|  0%| F|  |TAMS 0xc7600000, 0xc7600000| Untracked 
|  27|0xc7700000, 0xc7700000, 0xc7800000|  0%| F|  |TAMS 0xc7700000, 0xc7700000| Untracked 
|  28|0xc7800000, 0xc7800000, 0xc7900000|  0%| F|  |TAMS 0xc7800000, 0xc7800000| Untracked 
|  29|0xc7900000, 0xc7900000, 0xc7a00000|  0%| F|  |TAMS 0xc7900000, 0xc7900000| Untracked 
|  30|0xc7a00000, 0xc7a00000, 0xc7b00000|  0%| F|  |TAMS 0xc7a00000, 0xc7a00000| Untracked 
|  31|0xc7b00000, 0xc7b00000, 0xc7c00000|  0%| F|  |TAMS 0xc7b00000, 0xc7b00000| Untracked 
|  32|0xc7c00000, 0xc7c00000, 0xc7d00000|  0%| F|  |TAMS 0xc7c00000, 0xc7c00000| Untracked 
|  33|0xc7d00000, 0xc7d00000, 0xc7e00000|  0%| F|  |TAMS 0xc7d00000, 0xc7d00000| Untracked 
|  34|0xc7e00000, 0xc7e00000, 0xc7f00000|  0%| F|  |TAMS 0xc7e00000, 0xc7e00000| Untracked 
|  35|0xc7f00000, 0xc7f00000, 0xc8000000|  0%| F|  |TAMS 0xc7f00000, 0xc7f00000| Untracked 
|  36|0xc8000000, 0xc8000000, 0xc8100000|  0%| F|  |TAMS 0xc8000000, 0xc8000000| Untracked 
|  37|0xc8100000, 0xc8100000, 0xc8200000|  0%| F|  |TAMS 0xc8100000, 0xc8100000| Untracked 
|  38|0xc8200000, 0xc8200000, 0xc8300000|  0%| F|  |TAMS 0xc8200000, 0xc8200000| Untracked 
|  39|0xc8300000, 0xc8300000, 0xc8400000|  0%| F|  |TAMS 0xc8300000, 0xc8300000| Untracked 
|  40|0xc8400000, 0xc8400000, 0xc8500000|  0%| F|  |TAMS 0xc8400000, 0xc8400000| Untracked 
|  41|0xc8500000, 0xc8500000, 0xc8600000|  0%| F|  |TAMS 0xc8500000, 0xc8500000| Untracked 
|  42|0xc8600000, 0xc8600000, 0xc8700000|  0%| F|  |TAMS 0xc8600000, 0xc8600000| Untracked 
|  43|0xc8700000, 0xc8700000, 0xc8800000|  0%| F|  |TAMS 0xc8700000, 0xc8700000| Untracked 
|  44|0xc8800000, 0xc8800000, 0xc8900000|  0%| F|  |TAMS 0xc8800000, 0xc8800000| Untracked 
|  45|0xc8900000, 0xc8a00000, 0xc8a00000|100%| S|CS|TAMS 0xc8900000, 0xc8900000| Complete 
|  46|0xc8a00000, 0xc8a00000, 0xc8b00000|  0%| F|  |TAMS 0xc8a00000, 0xc8a00000| Untracked 
|  47|0xc8b00000, 0xc8b00000, 0xc8c00000|  0%| F|  |TAMS 0xc8b00000, 0xc8b00000| Untracked 
|  48|0xc8c00000, 0xc8c00000, 0xc8d00000|  0%| F|  |TAMS 0xc8c00000, 0xc8c00000| Untracked 
|  49|0xc8d00000, 0xc8e00000, 0xc8e00000|100%| S|CS|TAMS 0xc8d00000, 0xc8d00000| Complete 
|  50|0xc8e00000, 0xc8f00000, 0xc8f00000|100%| S|CS|TAMS 0xc8e00000, 0xc8e00000| Complete 
|  51|0xc8f00000, 0xc9000000, 0xc9000000|100%| S|CS|TAMS 0xc8f00000, 0xc8f00000| Complete 
|  52|0xc9000000, 0xc9000000, 0xc9100000|  0%| F|  |TAMS 0xc9000000, 0xc9000000| Untracked 
|  53|0xc9100000, 0xc9100000, 0xc9200000|  0%| F|  |TAMS 0xc9100000, 0xc9100000| Untracked 
|  54|0xc9200000, 0xc9200000, 0xc9300000|  0%| F|  |TAMS 0xc9200000, 0xc9200000| Untracked 
|  55|0xc9300000, 0xc9400000, 0xc9400000|100%| S|CS|TAMS 0xc9300000, 0xc9300000| Complete 
|  56|0xc9400000, 0xc9500000, 0xc9500000|100%| S|CS|TAMS 0xc9400000, 0xc9400000| Complete 
|  57|0xc9500000, 0xc9600000, 0xc9600000|100%| S|CS|TAMS 0xc9500000, 0xc9500000| Complete 
|  58|0xc9600000, 0xc9600000, 0xc9700000|  0%| F|  |TAMS 0xc9600000, 0xc9600000| Untracked 
|  59|0xc9700000, 0xc9700000, 0xc9800000|  0%| F|  |TAMS 0xc9700000, 0xc9700000| Untracked 
|  60|0xc9800000, 0xc9800000, 0xc9900000|  0%| F|  |TAMS 0xc9800000, 0xc9800000| Untracked 
|  61|0xc9900000, 0xc9900000, 0xc9a00000|  0%| F|  |TAMS 0xc9900000, 0xc9900000| Untracked 
|  62|0xc9a00000, 0xc9a00000, 0xc9b00000|  0%| F|  |TAMS 0xc9a00000, 0xc9a00000| Untracked 
|  63|0xc9b00000, 0xc9b00000, 0xc9c00000|  0%| F|  |TAMS 0xc9b00000, 0xc9b00000| Untracked 
|  64|0xc9c00000, 0xc9c00000, 0xc9d00000|  0%| F|  |TAMS 0xc9c00000, 0xc9c00000| Untracked 
|  65|0xc9d00000, 0xc9d00000, 0xc9e00000|  0%| F|  |TAMS 0xc9d00000, 0xc9d00000| Untracked 
|  66|0xc9e00000, 0xc9e00000, 0xc9f00000|  0%| F|  |TAMS 0xc9e00000, 0xc9e00000| Untracked 
|  67|0xc9f00000, 0xc9f00000, 0xca000000|  0%| F|  |TAMS 0xc9f00000, 0xc9f00000| Untracked 
|  68|0xca000000, 0xca000000, 0xca100000|  0%| F|  |TAMS 0xca000000, 0xca000000| Untracked 
|  69|0xca100000, 0xca100000, 0xca200000|  0%| F|  |TAMS 0xca100000, 0xca100000| Untracked 
|  70|0xca200000, 0xca200000, 0xca300000|  0%| F|  |TAMS 0xca200000, 0xca200000| Untracked 
|  71|0xca300000, 0xca300000, 0xca400000|  0%| F|  |TAMS 0xca300000, 0xca300000| Untracked 
|  72|0xca400000, 0xca400000, 0xca500000|  0%| F|  |TAMS 0xca400000, 0xca400000| Untracked 
|  73|0xca500000, 0xca500000, 0xca600000|  0%| F|  |TAMS 0xca500000, 0xca500000| Untracked 
|  74|0xca600000, 0xca600000, 0xca700000|  0%| F|  |TAMS 0xca600000, 0xca600000| Untracked 
|  75|0xca700000, 0xca700000, 0xca800000|  0%| F|  |TAMS 0xca700000, 0xca700000| Untracked 
|  76|0xca800000, 0xca800000, 0xca900000|  0%| F|  |TAMS 0xca800000, 0xca800000| Untracked 
|  77|0xca900000, 0xca900000, 0xcaa00000|  0%| F|  |TAMS 0xca900000, 0xca900000| Untracked 
|  78|0xcaa00000, 0xcaa00000, 0xcab00000|  0%| F|  |TAMS 0xcaa00000, 0xcaa00000| Untracked 
|  79|0xcab00000, 0xcab00000, 0xcac00000|  0%| F|  |TAMS 0xcab00000, 0xcab00000| Untracked 
|  80|0xcac00000, 0xcac00000, 0xcad00000|  0%| F|  |TAMS 0xcac00000, 0xcac00000| Untracked 
|  81|0xcad00000, 0xcad00000, 0xcae00000|  0%| F|  |TAMS 0xcad00000, 0xcad00000| Untracked 
|  82|0xcae00000, 0xcae00000, 0xcaf00000|  0%| F|  |TAMS 0xcae00000, 0xcae00000| Untracked 
|  83|0xcaf00000, 0xcaf00000, 0xcb000000|  0%| F|  |TAMS 0xcaf00000, 0xcaf00000| Untracked 
|  84|0xcb000000, 0xcb000000, 0xcb100000|  0%| F|  |TAMS 0xcb000000, 0xcb000000| Untracked 
|  85|0xcb100000, 0xcb100000, 0xcb200000|  0%| F|  |TAMS 0xcb100000, 0xcb100000| Untracked 
|  86|0xcb200000, 0xcb200000, 0xcb300000|  0%| F|  |TAMS 0xcb200000, 0xcb200000| Untracked 
|  87|0xcb300000, 0xcb300000, 0xcb400000|  0%| F|  |TAMS 0xcb300000, 0xcb300000| Untracked 
|  88|0xcb400000, 0xcb400000, 0xcb500000|  0%| F|  |TAMS 0xcb400000, 0xcb400000| Untracked 
|  89|0xcb500000, 0xcb500000, 0xcb600000|  0%| F|  |TAMS 0xcb500000, 0xcb500000| Untracked 
|  90|0xcb600000, 0xcb600000, 0xcb700000|  0%| F|  |TAMS 0xcb600000, 0xcb600000| Untracked 
|  91|0xcb700000, 0xcb700000, 0xcb800000|  0%| F|  |TAMS 0xcb700000, 0xcb700000| Untracked 
|  92|0xcb800000, 0xcb800000, 0xcb900000|  0%| F|  |TAMS 0xcb800000, 0xcb800000| Untracked 
|  93|0xcb900000, 0xcb900000, 0xcba00000|  0%| F|  |TAMS 0xcb900000, 0xcb900000| Untracked 
|  94|0xcba00000, 0xcba00000, 0xcbb00000|  0%| F|  |TAMS 0xcba00000, 0xcba00000| Untracked 
|  95|0xcbb00000, 0xcbb00000, 0xcbc00000|  0%| F|  |TAMS 0xcbb00000, 0xcbb00000| Untracked 
|  96|0xcbc00000, 0xcbc80800, 0xcbd00000| 50%| E|  |TAMS 0xcbc00000, 0xcbc00000| Complete 
|  97|0xcbd00000, 0xcbe00000, 0xcbe00000|100%| E|CS|TAMS 0xcbd00000, 0xcbd00000| Complete 
|  98|0xcbe00000, 0xcbf00000, 0xcbf00000|100%| E|CS|TAMS 0xcbe00000, 0xcbe00000| Complete 
|  99|0xcbf00000, 0xcc000000, 0xcc000000|100%| E|CS|TAMS 0xcbf00000, 0xcbf00000| Complete 
| 100|0xcc000000, 0xcc100000, 0xcc100000|100%| E|CS|TAMS 0xcc000000, 0xcc000000| Complete 
| 101|0xcc100000, 0xcc200000, 0xcc200000|100%| E|CS|TAMS 0xcc100000, 0xcc100000| Complete 
| 102|0xcc200000, 0xcc300000, 0xcc300000|100%| E|CS|TAMS 0xcc200000, 0xcc200000| Complete 
| 103|0xcc300000, 0xcc400000, 0xcc400000|100%| E|CS|TAMS 0xcc300000, 0xcc300000| Complete 
| 104|0xcc400000, 0xcc500000, 0xcc500000|100%| E|CS|TAMS 0xcc400000, 0xcc400000| Complete 
| 105|0xcc500000, 0xcc600000, 0xcc600000|100%| E|CS|TAMS 0xcc500000, 0xcc500000| Complete 
| 106|0xcc600000, 0xcc700000, 0xcc700000|100%| E|CS|TAMS 0xcc600000, 0xcc600000| Complete 
| 107|0xcc700000, 0xcc800000, 0xcc800000|100%| E|CS|TAMS 0xcc700000, 0xcc700000| Complete 
| 108|0xcc800000, 0xcc900000, 0xcc900000|100%| E|CS|TAMS 0xcc800000, 0xcc800000| Complete 
| 109|0xcc900000, 0xcca00000, 0xcca00000|100%| E|CS|TAMS 0xcc900000, 0xcc900000| Complete 
| 110|0xcca00000, 0xccb00000, 0xccb00000|100%| E|CS|TAMS 0xcca00000, 0xcca00000| Complete 
| 111|0xccb00000, 0xccc00000, 0xccc00000|100%| E|CS|TAMS 0xccb00000, 0xccb00000| Complete 
| 112|0xccc00000, 0xccd00000, 0xccd00000|100%| E|CS|TAMS 0xccc00000, 0xccc00000| Complete 
| 113|0xccd00000, 0xcce00000, 0xcce00000|100%| E|CS|TAMS 0xccd00000, 0xccd00000| Complete 
| 114|0xcce00000, 0xccf00000, 0xccf00000|100%| E|CS|TAMS 0xcce00000, 0xcce00000| Complete 
| 115|0xccf00000, 0xcd000000, 0xcd000000|100%| E|CS|TAMS 0xccf00000, 0xccf00000| Complete 
| 116|0xcd000000, 0xcd100000, 0xcd100000|100%| E|CS|TAMS 0xcd000000, 0xcd000000| Complete 
| 117|0xcd100000, 0xcd200000, 0xcd200000|100%| E|CS|TAMS 0xcd100000, 0xcd100000| Complete 
| 118|0xcd200000, 0xcd300000, 0xcd300000|100%| E|CS|TAMS 0xcd200000, 0xcd200000| Complete 
| 119|0xcd300000, 0xcd400000, 0xcd400000|100%| E|CS|TAMS 0xcd300000, 0xcd300000| Complete 
| 120|0xcd400000, 0xcd500000, 0xcd500000|100%| E|CS|TAMS 0xcd400000, 0xcd400000| Complete 
| 121|0xcd500000, 0xcd600000, 0xcd600000|100%| E|CS|TAMS 0xcd500000, 0xcd500000| Complete 
| 122|0xcd600000, 0xcd700000, 0xcd700000|100%| E|CS|TAMS 0xcd600000, 0xcd600000| Complete 
| 123|0xcd700000, 0xcd800000, 0xcd800000|100%| E|CS|TAMS 0xcd700000, 0xcd700000| Complete 
| 124|0xcd800000, 0xcd900000, 0xcd900000|100%| E|CS|TAMS 0xcd800000, 0xcd800000| Complete 
| 125|0xcd900000, 0xcda00000, 0xcda00000|100%| E|CS|TAMS 0xcd900000, 0xcd900000| Complete 
| 126|0xcda00000, 0xcdb00000, 0xcdb00000|100%| E|CS|TAMS 0xcda00000, 0xcda00000| Complete 
| 127|0xcdb00000, 0xcdc00000, 0xcdc00000|100%| E|CS|TAMS 0xcdb00000, 0xcdb00000| Complete 

Card table byte_map: [0xc5a00000,0xc5b00000] _byte_map_base: 0xc53d2000

Marking Bits (Prev, Next): (CMBitMap*) 0xf5e8b528, (CMBitMap*) 0xf5e8b548
 Prev Bits: [0xc5100000, 0xc5900000)
 Next Bits: [0xc4900000, 0xc5100000)

Polling page: 0xf7f57000

Metaspace:

Usage:
    7.59 MB used.

Virtual space:
     16.00 MB reserved,       8.56 MB ( 54%) committed,  1 nodes.

Chunk freelists:
5.15 MB

MaxMetaspaceSize: 96.00 MB
No class space
Initial GC threshold: 16.00 MB
Current GC threshold: 16.00 MB
CDS: on
MetaspaceReclaimPolicy: balanced
 - commit_granule_bytes: 65536.
 - commit_granule_words: 16384.
 - virtual_space_node_default_size: 4194304.
 - enlarge_chunks_in_place: 1.
 - new_chunks_are_fully_committed: 0.
 - uncommit_free_chunks: 1.
 - use_allocation_guard: 0.
 - handle_deallocations: 1.


Internal statistics:

num_allocs_failed_limit: 0.
num_arena_births: 594.
num_arena_deaths: 0.
num_vsnodes_births: 1.
num_vsnodes_deaths: 0.
num_space_committed: 137.
num_space_uncommitted: 0.
num_chunks_returned_to_freelist: 0.
num_chunks_taken_from_freelist: 1016.
num_chunk_merges: 0.
num_chunk_splits: 733.
num_chunks_enlarged: 519.
num_inconsistent_stats: 0.

CodeHeap 'non-profiled nmethods': size=120172Kb used=1198Kb max_used=1198Kb free=118973Kb
 bounds [0xed7f5000, 0xeda35000, 0xf4d50000]
CodeHeap 'profiled nmethods': size=120172Kb used=4259Kb max_used=4259Kb free=115912Kb
 bounds [0xe5d50000, 0xe6180000, 0xed2ab000]
CodeHeap 'non-nmethods': size=5416Kb used=746Kb max_used=787Kb free=4669Kb
 bounds [0xed2ab000, 0xed4eb000, 0xed7f5000]
 total_blobs=2505 nmethods=2146 adapters=273
 compilation: enabled
              stopped_count=0, restarted_count=0
 full_count=0

Compilation events (20 events):
Event: 784.826 Thread 0xc429f450 2156       4       java.util.HashMap$KeySet::iterator (12 bytes)
Event: 784.831 Thread 0xc429f450 nmethod 2156 0xed91c808 code [0xed91c940, 0xed91cbb0]
Event: 816.508 Thread 0xc429f450 2157       4       java.io.ObjectInputStream::skipCustomData (105 bytes)
Event: 816.550 Thread 0xc429f450 nmethod 2157 0xed91cd88 code [0xed91cf40, 0xed91dc50]
Event: 836.076 Thread 0xc42a0580 2158       3       java.io.ObjectInputStream$BlockDataInputStream::readFloat (73 bytes)
Event: 836.077 Thread 0xc42a0580 nmethod 2158 0xe616da08 code [0xe616db80, 0xe616dea4]
Event: 836.078 Thread 0xc42a0580 2159       3       script.base_class::getPlanetByName (8 bytes)
Event: 836.079 Thread 0xc42a0580 nmethod 2159 0xe616e008 code [0xe616e160, 0xe616e3e4]
Event: 976.291 Thread 0xc42a0580 2161       3       script.library.ai_lib::barkString (198 bytes)
Event: 976.325 Thread 0xc42a0580 nmethod 2161 0xe616e508 code [0xe616ef60, 0xe6173918]
Event: 1011.160 Thread 0xc42a0580 2162       3       script.obj_id::unlockScripts (87 bytes)
Event: 1011.162 Thread 0xc42a0580 nmethod 2162 0xe6175808 code [0xe61759c0, 0xe6175f90]
Event: 1015.445 Thread 0xc429f450 2163       4       java.io.ObjectInputStream$BlockDataInputStream::readShort (73 bytes)
Event: 1015.448 Thread 0xc429f450 nmethod 2163 0xed91e888 code [0xed91e9c0, 0xed91eb7c]
Event: 1017.151 Thread 0xc429f450 2164       4       java.io.ObjectOutputStream$BlockDataOutputStream::writeByte (33 bytes)
Event: 1017.152 Thread 0xc429f450 nmethod 2164 0xed91ed08 code [0xed91ee20, 0xed91eef0]
Event: 1033.359 Thread 0xc429f450 2165       4       script.obj_id::packAllScriptVars (100 bytes)
Event: 1033.425 Thread 0xc429f450 nmethod 2165 0xed91f008 code [0xed91f1e0, 0xed9201d0]
Event: 1062.052 Thread 0xc42a0580 2166   !   3       script.script_entry::callMessageHandlers (426 bytes)
Event: 1062.056 Thread 0xc42a0580 nmethod 2166 0xe6176208 code [0xe6176660, 0xe6177f64]

GC Heap History (10 events):
Event: 79.737 GC heap before
{Heap before GC invocations=0 (full 0):
 garbage-first heap   total 131072K, used 12288K [0xc5c00000, 0xe5c00000)
  region size 1024K, 13 young (13312K), 0 survivors (0K)
 Metaspace       used 3112K, committed 3328K, reserved 16384K
}
Event: 79.768 GC heap after
{Heap after GC invocations=1 (full 0):
 garbage-first heap   total 131072K, used 2486K [0xc5c00000, 0xe5c00000)
  region size 1024K, 2 young (2048K), 2 survivors (2048K)
 Metaspace       used 3112K, committed 3328K, reserved 16384K
}
Event: 122.794 GC heap before
{Heap before GC invocations=1 (full 0):
 garbage-first heap   total 131072K, used 17846K [0xc5c00000, 0xe5c00000)
  region size 1024K, 17 young (17408K), 2 survivors (2048K)
 Metaspace       used 3954K, committed 4288K, reserved 16384K
}
Event: 122.855 GC heap after
{Heap after GC invocations=2 (full 0):
 garbage-first heap   total 131072K, used 3883K [0xc5c00000, 0xe5c00000)
  region size 1024K, 2 young (2048K), 2 survivors (2048K)
 Metaspace       used 3954K, committed 4288K, reserved 16384K
}
Event: 139.033 GC heap before
{Heap before GC invocations=2 (full 0):
 garbage-first heap   total 131072K, used 79659K [0xc5c00000, 0xe5c00000)
  region size 1024K, 76 young (77824K), 2 survivors (2048K)
 Metaspace       used 4841K, committed 5376K, reserved 16384K
}
Event: 139.050 GC heap after
{Heap after GC invocations=3 (full 0):
 garbage-first heap   total 131072K, used 5207K [0xc5c00000, 0xe5c00000)
  region size 1024K, 3 young (3072K), 3 survivors (3072K)
 Metaspace       used 4841K, committed 5376K, reserved 16384K
}
Event: 492.889 GC heap before
{Heap before GC invocations=3 (full 0):
 garbage-first heap   total 131072K, used 79959K [0xc5c00000, 0xe5c00000)
  region size 1024K, 76 young (77824K), 3 survivors (3072K)
 Metaspace       used 6653K, committed 7424K, reserved 16384K
}
Event: 493.062 GC heap after
{Heap after GC invocations=4 (full 0):
 garbage-first heap   total 131072K, used 8577K [0xc5c00000, 0xe5c00000)
  region size 1024K, 6 young (6144K), 6 survivors (6144K)
 Metaspace       used 6653K, committed 7424K, reserved 16384K
}
Event: 610.077 GC heap before
{Heap before GC invocations=4 (full 0):
 garbage-first heap   total 131072K, used 80257K [0xc5c00000, 0xe5c00000)
  region size 1024K, 76 young (77824K), 6 survivors (6144K)
 Metaspace       used 7473K, committed 8448K, reserved 16384K
}
Event: 610.146 GC heap after
{Heap after GC invocations=5 (full 0):
 garbage-first heap   total 131072K, used 10802K [0xc5c00000, 0xe5c00000)
  region size 1024K, 7 young (7168K), 7 survivors (7168K)
 Metaspace       used 7473K, committed 8448K, reserved 16384K
}

Dll operation events (4 events):
Event: 0.004 Loaded shared library /usr/lib/jvm/java-17-zulu-openjdk-jdk-x86/lib/libjava.so
Event: 52.693 Loaded shared library /usr/lib/jvm/java-17-zulu-openjdk-jdk-x86/lib/libnio.so
Event: 52.709 Loaded shared library /usr/lib/jvm/java-17-zulu-openjdk-jdk-x86/lib/libjimage.so
Event: 52.722 Loaded shared library /usr/lib/jvm/java-17-zulu-openjdk-jdk-x86/lib/libnet.so

Deoptimization events (20 events):
Event: 708.961 Thread 0x0cc967e0 Uncommon trap: trap_request=0xffffff45 fr.pc=0xed8e53e8 relative=0x00000ea8
Event: 708.961 Thread 0x0cc967e0 Uncommon trap: reason=unstable_if action=reinterpret pc=0xed8e53e8 method=java.util.HashMap.putVal(ILjava/lang/Object;Ljava/lang/Object;ZZ)Ljava/lang/Object; @ 162 c2
Event: 708.961 Thread 0x0cc967e0 DEOPT PACKING pc=0xed8e53e8 sp=0xff8276c0
Event: 708.961 Thread 0x0cc967e0 DEOPT UNPACKING pc=0xed2f4d33 sp=0xff827684 mode 2
Event: 775.141 Thread 0x0cc967e0 Uncommon trap: trap_request=0xffffff45 fr.pc=0xed8b0f70 relative=0x00000bd0
Event: 775.141 Thread 0x0cc967e0 Uncommon trap: reason=unstable_if action=reinterpret pc=0xed8b0f70 method=script.obj_id.unlockScripts()V @ 54 c2
Event: 775.141 Thread 0x0cc967e0 DEOPT PACKING pc=0xed8b0f70 sp=0xff827b20
Event: 775.141 Thread 0x0cc967e0 DEOPT UNPACKING pc=0xed2f4d33 sp=0xff827ab4 mode 2
Event: 775.141 Thread 0x0cc967e0 Uncommon trap: trap_request=0xffffff45 fr.pc=0xed89b730 relative=0x00000250
Event: 775.141 Thread 0x0cc967e0 Uncommon trap: reason=unstable_if action=reinterpret pc=0xed89b730 method=script.obj_id.unlockScripts()V @ 54 c2
Event: 775.141 Thread 0x0cc967e0 DEOPT PACKING pc=0xed89b730 sp=0xff827ad0
Event: 775.141 Thread 0x0cc967e0 DEOPT UNPACKING pc=0xed2f4d33 sp=0xff827ab0 mode 2
Event: 1079.015 Thread 0xc429bff0 Uncommon trap: trap_request=0xffffffc6 fr.pc=0xed839a5c relative=0x0000057c
Event: 1079.015 Thread 0xc429bff0 Uncommon trap: reason=bimorphic action=maybe_recompile pc=0xed839a5c method=java.util.Hashtable.get(Ljava/lang/Object;)Ljava/lang/Object; @ 6 c2
Event: 1079.015 Thread 0xc429bff0 DEOPT PACKING pc=0xed839a5c sp=0xc1d84e00
Event: 1079.015 Thread 0xc429bff0 DEOPT UNPACKING pc=0xed2f4d33 sp=0xc1d84de4 mode 2
Event: 1079.015 Thread 0xc429bff0 Uncommon trap: trap_request=0xffffffc6 fr.pc=0xed839a5c relative=0x0000057c
Event: 1079.015 Thread 0xc429bff0 Uncommon trap: reason=bimorphic action=maybe_recompile pc=0xed839a5c method=java.util.Hashtable.get(Ljava/lang/Object;)Ljava/lang/Object; @ 6 c2
Event: 1079.015 Thread 0xc429bff0 DEOPT PACKING pc=0xed839a5c sp=0xc1d84e00
Event: 1079.015 Thread 0xc429bff0 DEOPT UNPACKING pc=0xed2f4d33 sp=0xc1d84de4 mode 2

Classes unloaded (0 events):
No events

Classes redefined (0 events):
No events

Internal exceptions (16 events):
Event: 52.770 Thread 0x0cc967e0 Exception <a 'java/lang/NoSuchMethodError'{0xcd40abc8}: 'java.lang.Object java.lang.invoke.DirectMethodHandle$Holder.invokeStaticInit(java.lang.Object)'> (0xcd40abc8) 
thrown [src/hotspot/share/interpreter/linkResolver.cpp, line 759]
Event: 79.292 Thread 0x0cc967e0 Exception <a 'java/lang/NoSuchMethodError'{0xcd358578}: 'java.lang.Object java.lang.invoke.DirectMethodHandle$Holder.invokeStatic(java.lang.Object, float)'> (0xcd358578) 
thrown [src/hotspot/share/interpreter/linkResolver.cpp, line 759]
Event: 79.788 Thread 0x0cc967e0 Exception <a 'java/lang/NoSuchMethodError'{0xcdbdab98}: 'java.lang.Object java.lang.invoke.DirectMethodHandle$Holder.invokeSpecial(java.lang.Object, java.lang.Object, long, java.lang.Object, java.lang.Object, java.lang.Object, java.lang.Object, int, java.lang.Object)'> (0xcdbdab98) 
thrown [src/hotspot/share/interpreter/linkResolver.cpp, line 759]
Event: 79.788 Thread 0x0cc967e0 Exception <a 'java/lang/NoSuchMethodError'{0xcdbdee98}: 'java.lang.Object java.lang.invoke.DelegatingMethodHandle$Holder.reinvoke_L(java.lang.Object, long, java.lang.Object, java.lang.Object, java.lang.Object, java.lang.Object, int, java.lang.Object)'> (0xcdbdee98) 
thrown [src/hotspot/share/interpreter/linkResolver.cpp, line 759]
Event: 79.799 Thread 0x0cc967e0 Exception <a 'java/lang/NoSuchMethodError'{0xcda67dd0}: 'java.lang.Object java.lang.invoke.DirectMethodHandle$Holder.invokeSpecial(java.lang.Object, java.lang.Object, java.lang.Object, java.lang.Object, float)'> (0xcda67dd0) 
thrown [src/hotspot/share/interpreter/linkResolver.cpp, line 759]
Event: 79.808 Thread 0x0cc967e0 Exception <a 'java/lang/NoSuchMethodError'{0xcda94a50}: 'java.lang.Object java.lang.invoke.DirectMethodHandle$Holder.invokeSpecial(java.lang.Object, java.lang.Object, java.lang.Object, java.lang.Object, int)'> (0xcda94a50) 
thrown [src/hotspot/share/interpreter/linkResolver.cpp, line 759]
Event: 79.808 Thread 0x0cc967e0 Exception <a 'java/lang/NoSuchMethodError'{0xcda981b8}: 'java.lang.Object java.lang.invoke.Invokers$Holder.linkToTargetMethod(java.lang.Object, java.lang.Object, int, java.lang.Object)'> (0xcda981b8) 
thrown [src/hotspot/share/interpreter/linkResolver.cpp, line 759]
Event: 79.884 Thread 0x0cc967e0 Exception <a 'java/lang/NoSuchMethodError'{0xcd848968}: 'java.lang.Object java.lang.invoke.DirectMethodHandle$Holder.invokeSpecial(java.lang.Object, java.lang.Object, long, java.lang.Object, java.lang.Object, java.lang.Object, java.lang.Object, java.lang.Object, java.lang.Object)'> (0xcd848968) 
thrown [src/hotspot/share/interpreter/linkResolver.cpp, line 759]
Event: 79.885 Thread 0x0cc967e0 Exception <a 'java/lang/NoSuchMethodError'{0xcd84cfb8}: 'java.lang.Object java.lang.invoke.DelegatingMethodHandle$Holder.reinvoke_L(java.lang.Object, long, java.lang.Object, java.lang.Object, java.lang.Object, java.lang.Object, java.lang.Object, java.lang.Object)'> (0xcd84cfb8) 
thrown [src/hotspot/share/interpreter/linkResolver.cpp, line 759]
Event: 160.127 Thread 0x0cc967e0 Exception <a 'java/lang/NoSuchMethodError'{0xcb2022f8}: 'java.lang.Object java.lang.invoke.DirectMethodHandle$Holder.invokeSpecial(java.lang.Object, java.lang.Object, java.lang.Object, java.lang.Object, java.lang.Object, java.lang.Object, int)'> (0xcb2022f8) 
thrown [src/hotspot/share/interpreter/linkResolver.cpp, line 759]
Event: 220.326 Thread 0x0cc967e0 Exception <a 'java/lang/NoSuchMethodError'{0xcae136f8}: static [Lscript/obj_id;.<clinit>()V> (0xcae136f8) 
thrown [src/hotspot/share/prims/jni.cpp, line 1112]
Event: 246.786 Thread 0x0cc967e0 Exception <a 'java/lang/NoSuchMethodError'{0xcac401c0}: 'java.lang.Object java.lang.invoke.DirectMethodHandle$Holder.invokeSpecial(java.lang.Object, java.lang.Object, int, int, int)'> (0xcac401c0) 
thrown [src/hotspot/share/interpreter/linkResolver.cpp, line 759]
Event: 355.587 Thread 0x0cc967e0 Exception <a 'java/lang/NoSuchMethodError'{0xc9f3c248}: 'java.lang.Object java.lang.invoke.DirectMethodHandle$Holder.invokeSpecial(java.lang.Object, java.lang.Object, java.lang.Object, java.lang.Object, int, java.lang.Object)'> (0xc9f3c248) 
thrown [src/hotspot/share/interpreter/linkResolver.cpp, line 759]
Event: 355.587 Thread 0x0cc967e0 Exception <a 'java/lang/NoSuchMethodError'{0xc9f3f8a8}: 'java.lang.Object java.lang.invoke.Invokers$Holder.linkToTargetMethod(java.lang.Object, java.lang.Object, int, java.lang.Object, java.lang.Object)'> (0xc9f3f8a8) 
thrown [src/hotspot/share/interpreter/linkResolver.cpp, line 759]
Event: 355.593 Thread 0x0cc967e0 Exception <a 'java/lang/NoSuchMethodError'{0xc9f82e78}: 'java.lang.Object java.lang.invoke.DirectMethodHandle$Holder.invokeSpecial(java.lang.Object, java.lang.Object, long, java.lang.Object, java.lang.Object, java.lang.Object, int, java.lang.Object, java.lang.Object)'> (0xc9f82e78) 
thrown [src/hotspot/share/interpreter/linkResolver.cpp, line 759]
Event: 355.598 Thread 0x0cc967e0 Exception <a 'java/lang/NoSuchMethodError'{0xc9f87178}: 'java.lang.Object java.lang.invoke.DelegatingMethodHandle$Holder.reinvoke_L(java.lang.Object, long, java.lang.Object, java.lang.Object, java.lang.Object, int, java.lang.Object, java.lang.Object)'> (0xc9f87178) 
thrown [src/hotspot/share/interpreter/linkResolver.cpp, line 759]

VM Operations (20 events):
Event: 622.179 Executing VM operation: Cleanup
Event: 622.179 Executing VM operation: Cleanup done
Event: 627.190 Executing VM operation: Cleanup
Event: 627.290 Executing VM operation: Cleanup done
Event: 661.439 Executing VM operation: HandshakeAllThreads
Event: 661.439 Executing VM operation: HandshakeAllThreads done
Event: 709.451 Executing VM operation: Cleanup
Event: 709.451 Executing VM operation: Cleanup done
Event: 734.465 Executing VM operation: Cleanup
Event: 734.466 Executing VM operation: Cleanup done
Event: 767.514 Executing VM operation: Cleanup
Event: 767.514 Executing VM operation: Cleanup done
Event: 768.514 Executing VM operation: Cleanup
Event: 768.514 Executing VM operation: Cleanup done
Event: 775.520 Executing VM operation: Cleanup
Event: 775.520 Executing VM operation: Cleanup done
Event: 785.531 Executing VM operation: Cleanup
Event: 785.531 Executing VM operation: Cleanup done
Event: 787.532 Executing VM operation: Cleanup
Event: 787.532 Executing VM operation: Cleanup done

Events (20 events):
Event: 220.359 loading class java/lang/constant/DirectMethodHandleDescImpl$1
Event: 220.359 loading class java/lang/constant/DirectMethodHandleDescImpl$1 done
Event: 220.359 loading class java/lang/constant/DirectMethodHandleDesc$1
Event: 220.359 loading class java/lang/constant/DirectMethodHandleDesc$1 done
Event: 220.360 loading class java/lang/constant/PrimitiveClassDescImpl
Event: 220.360 loading class java/lang/constant/DynamicConstantDesc
Event: 220.360 loading class java/lang/constant/DynamicConstantDesc done
Event: 220.360 loading class java/lang/constant/PrimitiveClassDescImpl done
Event: 220.360 loading class java/lang/constant/DynamicConstantDesc$AnonymousDynamicConstantDesc
Event: 220.360 loading class java/lang/constant/DynamicConstantDesc$AnonymousDynamicConstantDesc done
Event: 355.518 loading class java/lang/AssertionError
Event: 355.518 loading class java/lang/AssertionError done
Event: 355.522 loading class java/util/Vector$Itr
Event: 355.522 loading class java/util/Vector$Itr done
Event: 1079.015 loading class jdk/internal/misc/Signal$1
Event: 1079.015 loading class jdk/internal/misc/Signal$1 done
Event: 1079.188 Thread 0xc3f01650 Thread added: 0xc3f01650
Event: 1079.189 Thread 0x0cc967e0 Thread exited: 0x0cc967e0
Event: 1079.196 Thread 0xf5e242d0 Thread exited: 0xf5e242d0
Event: 1079.207 Protecting memory [0xc0bbe000,0xc0bc2000] with protection modes 0


Dynamic libraries:
08048000-09298000 r-xp 00000000 08:04 494947248                          /home/almalinux/swg-returns-nge/build/bin/SwgGameServer
09298000-0929c000 rw-p 0124f000 08:04 494947248                          /home/almalinux/swg-returns-nge/build/bin/SwgGameServer
0929c000-09b1f000 rw-p 00000000 00:00 0 
0b5d1000-179ff000 rw-p 00000000 00:00 0                                  [heap]
bf000000-bf0f1000 rw-p 00000000 00:00 0 
bf0f1000-bf100000 ---p 00000000 00:00 0 
bf200000-bf2f9000 rw-p 00000000 00:00 0 
bf2f9000-bf300000 ---p 00000000 00:00 0 
bf600000-bf6f9000 rw-p 00000000 00:00 0 
bf6f9000-bf700000 ---p 00000000 00:00 0 
bf700000-bf7bf000 rw-p 00000000 00:00 0 
bf7bf000-bf800000 ---p 00000000 00:00 0 
bf800000-bf8f9000 rw-p 00000000 00:00 0 
bf8f9000-bf900000 ---p 00000000 00:00 0 
bf900000-bf9f9000 rw-p 00000000 00:00 0 
bf9f9000-bfa00000 ---p 00000000 00:00 0 
bfa00000-bfaf9000 rw-p 00000000 00:00 0 
bfaf9000-bfb00000 ---p 00000000 00:00 0 
bfb00000-bfbf9000 rw-p 00000000 00:00 0 
bfbf9000-bfc00000 ---p 00000000 00:00 0 
bfc00000-bfcf9000 rw-p 00000000 00:00 0 
bfcf9000-bfd00000 ---p 00000000 00:00 0 
bfd00000-bfdfa000 rw-p 00000000 00:00 0 
bfdfa000-bfe00000 ---p 00000000 00:00 0 
bfe00000-bfef9000 rw-p 00000000 00:00 0 
bfef9000-bff00000 ---p 00000000 00:00 0 
bff00000-bfff9000 rw-p 00000000 00:00 0 
bfff9000-c0000000 ---p 00000000 00:00 0 
c0000000-c01f9000 rw-p 00000000 00:00 0 
c01f9000-c0200000 ---p 00000000 00:00 0 
c0200000-c02f5000 rw-p 00000000 00:00 0 
c02f5000-c0300000 ---p 00000000 00:00 0 
c0400000-c04f9000 rw-p 00000000 00:00 0 
c04f9000-c0500000 ---p 00000000 00:00 0 
c0bbe000-c0bc2000 ---p 00000000 00:00 0 
c0bc2000-c0c7f000 rw-p 00000000 00:00 0 
c0c7f000-c0c80000 ---p 00000000 00:00 0 
c0c80000-c0d00000 rw-p 00000000 00:00 0 
c0d00000-c0dfe000 rw-p 00000000 00:00 0 
c0dfe000-c0e00000 ---p 00000000 00:00 0 
c0e60000-c0e61000 ---p 00000000 00:00 0 
c0e61000-c0ee1000 rw-p 00000000 00:00 0 
c1300000-c13fd000 rw-p 00000000 00:00 0 
c13fd000-c1400000 ---p 00000000 00:00 0 
c1439000-c143a000 ---p 00000000 00:00 0 
c143a000-c14ba000 rw-p 00000000 00:00 0 
c14ba000-c14be000 ---p 00000000 00:00 0 
c14be000-c153b000 rw-p 00000000 00:00 0 
c173d000-c1741000 ---p 00000000 00:00 0 
c1741000-c17fe000 rw-p 00000000 00:00 0 
c17fe000-c1802000 ---p 00000000 00:00 0 
c1802000-c18bf000 rw-p 00000000 00:00 0 
c18bf000-c18c0000 ---p 00000000 00:00 0 
c18c0000-c1940000 rw-p 00000000 00:00 0 
c1940000-c1944000 ---p 00000000 00:00 0 
c1944000-c1a01000 rw-p 00000000 00:00 0 
c1a01000-c1a05000 ---p 00000000 00:00 0 
c1a05000-c1ac2000 rw-p 00000000 00:00 0 
c1ac2000-c1ac6000 ---p 00000000 00:00 0 
c1ac6000-c1b43000 rw-p 00000000 00:00 0 
c1b43000-c1b47000 ---p 00000000 00:00 0 
c1b47000-c1c04000 rw-p 00000000 00:00 0 
c1c04000-c1c08000 ---p 00000000 00:00 0 
c1c08000-c1cc5000 rw-p 00000000 00:00 0 
c1cc5000-c1cc9000 ---p 00000000 00:00 0 
c1cc9000-c1d86000 rw-p 00000000 00:00 0 
c1d86000-c2000000 r--p 00078000 08:04 535181                             /usr/lib/locale/locale-archive
c2000000-c21b0000 rw-p 00000000 00:00 0 
c21b0000-c2400000 ---p 00000000 00:00 0 
c2400000-c2ae0000 rw-p 00000000 00:00 0 
c2ae0000-c3000000 ---p 00000000 00:00 0 
c307e000-c327e000 r--p 00000000 08:04 535181                             /usr/lib/locale/locale-archive
c327e000-c3282000 ---p 00000000 00:00 0 
c3282000-c333f000 rw-p 00000000 00:00 0 
c333f000-c3343000 ---p 00000000 00:00 0 
c3343000-c3400000 rw-p 00000000 00:00 0 
c3400000-c3421000 rw-p 00000000 00:00 0 
c3421000-c3500000 ---p 00000000 00:00 0 
c3531000-c3535000 ---p 00000000 00:00 0 
c3535000-c35b2000 rw-p 00000000 00:00 0 
c35b2000-c35b3000 ---p 00000000 00:00 0 
c35b3000-c3633000 rw-p 00000000 00:00 0 
c3633000-c3f00000 rw-p 00001000 08:04 143240867                          /usr/lib/jvm/java-17-zulu-openjdk-jdk-x86/lib/server/classes.jsa
c3f00000-c3f21000 rw-p 00000000 00:00 0 
c3f21000-c4000000 ---p 00000000 00:00 0 
c407f000-c4080000 ---p 00000000 00:00 0 
c4080000-c4100000 rw-p 00000000 00:00 0 
c4100000-c4121000 rw-p 00000000 00:00 0 
c4121000-c4200000 ---p 00000000 00:00 0 
c4200000-c42d3000 rw-p 00000000 00:00 0 
c42d3000-c4300000 ---p 00000000 00:00 0 
c437f000-c4380000 ---p 00000000 00:00 0 
c4380000-c4400000 rw-p 00000000 00:00 0 
c4400000-c44d5000 rw-p 00000000 00:00 0 
c44d5000-c4500000 ---p 00000000 00:00 0 
c457f000-c4580000 ---p 00000000 00:00 0 
c4580000-c4600000 rw-p 00000000 00:00 0 
c4600000-c46fe000 rw-p 00000000 00:00 0 
c46fe000-c4700000 ---p 00000000 00:00 0 
c4700000-c47fe000 rw-p 00000000 00:00 0 
c47fe000-c4800000 ---p 00000000 00:00 0 
c487f000-c4880000 ---p 00000000 00:00 0 
c4880000-c4b00000 rw-p 00000000 00:00 0 
c4b00000-c5100000 ---p 00000000 00:00 0 
c5100000-c5300000 rw-p 00000000 00:00 0 
c5300000-c5900000 ---p 00000000 00:00 0 
c5900000-c5940000 rw-p 00000000 00:00 0 
c5940000-c5a00000 ---p 00000000 00:00 0 
c5a00000-c5a40000 rw-p 00000000 00:00 0 
c5a40000-c5b00000 ---p 00000000 00:00 0 
c5b00000-c5b40000 rw-p 00000000 00:00 0 
c5b40000-c5c00000 ---p 00000000 00:00 0 
c5c00000-cdc00000 rw-p 00000000 00:00 0 
cdc00000-e5c00000 ---p 00000000 00:00 0 
e5c65000-e5c6a000 rw-p 00000000 00:00 0 
e5c6a000-e5d50000 ---p 00000000 00:00 0 
e5d50000-e6180000 rwxp 00000000 00:00 0 
e6180000-ed2ab000 ---p 00000000 00:00 0 
ed2ab000-ed4eb000 rwxp 00000000 00:00 0 
ed4eb000-ed7f5000 ---p 00000000 00:00 0 
ed7f5000-eda35000 rwxp 00000000 00:00 0 
eda35000-f4d50000 ---p 00000000 00:00 0 
f4d50000-f4eb8000 r--s 00000000 08:04 117534333                          /usr/lib/jvm/java-17-zulu-openjdk-jdk-x86/lib/modules
f4eb8000-f5d5a000 r-xp 00000000 08:04 143240869                          /usr/lib/jvm/java-17-zulu-openjdk-jdk-x86/lib/server/libjvm.so
f5d5a000-f5daf000 r--p 00ea1000 08:04 143240869                          /usr/lib/jvm/java-17-zulu-openjdk-jdk-x86/lib/server/libjvm.so
f5daf000-f5dd0000 rw-p 00ef6000 08:04 143240869                          /usr/lib/jvm/java-17-zulu-openjdk-jdk-x86/lib/server/libjvm.so
f5dd0000-f5e00000 rw-p 00000000 00:00 0 
f5e00000-f5f00000 rw-p 00000000 00:00 0 
f5f1c000-f5f1d000 ---p 00000000 00:00 0 
f5f1d000-f5f9d000 rw-p 00000000 00:00 0 
f5f9d000-f5f9e000 ---p 00000000 00:00 0 
f5f9e000-f5fa2000 ---p 00000000 00:00 0 
f5fa2000-f6b16000 rw-p 00000000 00:00 0 
f6b22000-f6b37000 r-xp 00000000 08:04 117534323                          /usr/lib/jvm/java-17-zulu-openjdk-jdk-x86/lib/libnet.so
f6b37000-f6b38000 r--p 00014000 08:04 117534323                          /usr/lib/jvm/java-17-zulu-openjdk-jdk-x86/lib/libnet.so
f6b38000-f6b39000 rw-p 00015000 08:04 117534323                          /usr/lib/jvm/java-17-zulu-openjdk-jdk-x86/lib/libnet.so
f6b39000-f6b42000 rw-p 00000000 00:00 0 
f6b42000-f6c24000 ---p 00000000 00:00 0 
f6e5e000-f6e70000 r-xp 00000000 08:04 117534324                          /usr/lib/jvm/java-17-zulu-openjdk-jdk-x86/lib/libnio.so
f6e70000-f6e71000 r--p 00011000 08:04 117534324                          /usr/lib/jvm/java-17-zulu-openjdk-jdk-x86/lib/libnio.so
f6e71000-f6e72000 rw-p 00012000 08:04 117534324                          /usr/lib/jvm/java-17-zulu-openjdk-jdk-x86/lib/libnio.so
f6e72000-f6e9b000 rw-p 00000000 00:00 0 
f6e9b000-f6ebe000 r-xp 00000000 08:04 117534310                          /usr/lib/jvm/java-17-zulu-openjdk-jdk-x86/lib/libjava.so
f6ebe000-f6ebf000 r--p 00022000 08:04 117534310                          /usr/lib/jvm/java-17-zulu-openjdk-jdk-x86/lib/libjava.so
f6ebf000-f6ec0000 rw-p 00023000 08:04 117534310                          /usr/lib/jvm/java-17-zulu-openjdk-jdk-x86/lib/libjava.so
f6ec0000-f6ecc000 r-xp 00000000 08:04 16831767                           /usr/lib/libnss_files-2.28.so
f6ecc000-f6ecd000 r--p 0000b000 08:04 16831767                           /usr/lib/libnss_files-2.28.so
f6ecd000-f6ece000 rw-p 0000c000 08:04 16831767                           /usr/lib/libnss_files-2.28.so
f6ece000-f6ed4000 rw-p 00000000 00:00 0 
f6eda000-f6edf000 rw-p 00000000 00:00 0 
f6edf000-f6ee5000 ---p 00000000 00:00 0 
f6ee5000-f6f00000 r-xp 00000000 08:04 117534314                          /usr/lib/jvm/java-17-zulu-openjdk-jdk-x86/lib/libjimage.so
f6f00000-f6f01000 ---p 0001b000 08:04 117534314                          /usr/lib/jvm/java-17-zulu-openjdk-jdk-x86/lib/libjimage.so
f6f01000-f6f02000 r--p 0001b000 08:04 117534314                          /usr/lib/jvm/java-17-zulu-openjdk-jdk-x86/lib/libjimage.so
f6f02000-f6f03000 rw-p 0001c000 08:04 117534314                          /usr/lib/jvm/java-17-zulu-openjdk-jdk-x86/lib/libjimage.so
f6f03000-f6f07000 rw-p 00000000 00:00 0 
f6f07000-f6f8f000 r-xp 00000000 08:04 17191875                           /usr/lib/libpcre2-8.so.0.7.1
f6f8f000-f6f90000 r--p 00087000 08:04 17191875                           /usr/lib/libpcre2-8.so.0.7.1
f6f90000-f6f91000 rw-p 00088000 08:04 17191875                           /usr/lib/libpcre2-8.so.0.7.1
f6f91000-f6fb1000 r-xp 00000000 08:04 17021543                           /usr/lib/libcrypt.so.1.1.0
f6fb1000-f6fb2000 ---p 00020000 08:04 17021543                           /usr/lib/libcrypt.so.1.1.0
f6fb2000-f6fb3000 r--p 00020000 08:04 17021543                           /usr/lib/libcrypt.so.1.1.0
f6fb3000-f6fbc000 rw-p 00000000 00:00 0 
f6fbc000-f6fe7000 r-xp 00000000 08:04 17191887                           /usr/lib/libselinux.so.1
f6fe7000-f6fe8000 ---p 0002b000 08:04 17191887                           /usr/lib/libselinux.so.1
f6fe8000-f6fe9000 r--p 0002b000 08:04 17191887                           /usr/lib/libselinux.so.1
f6fe9000-f6fea000 rw-p 0002c000 08:04 17191887                           /usr/lib/libselinux.so.1
f6fea000-f6feb000 rw-p 00000000 00:00 0 
f6feb000-f700a000 r-xp 00000000 08:04 18866589                           /usr/lib/libbrotlicommon.so.1.0.6
f700a000-f700b000 r--p 0001e000 08:04 18866589                           /usr/lib/libbrotlicommon.so.1.0.6
f700b000-f700c000 rw-p 0001f000 08:04 18866589                           /usr/lib/libbrotlicommon.so.1.0.6
f700c000-f702a000 r-xp 00000000 08:04 17191915                           /usr/lib/libsasl2.so.3.0.0
f702a000-f702b000 ---p 0001e000 08:04 17191915                           /usr/lib/libsasl2.so.3.0.0
f702b000-f702c000 r--p 0001e000 08:04 17191915                           /usr/lib/libsasl2.so.3.0.0
f702c000-f702d000 rw-p 0001f000 08:04 17191915                           /usr/lib/libsasl2.so.3.0.0
f702d000-f702f000 rw-p 00000000 00:00 0 
f702f000-f7043000 r-xp 00000000 08:04 16831772                           /usr/lib/libresolv-2.28.so
f7043000-f7044000 ---p 00014000 08:04 16831772                           /usr/lib/libresolv-2.28.so
f7044000-f7045000 r--p 00014000 08:04 16831772                           /usr/lib/libresolv-2.28.so
f7045000-f7046000 rw-p 00015000 08:04 16831772                           /usr/lib/libresolv-2.28.so
f7046000-f7048000 rw-p 00000000 00:00 0 
f7048000-f704b000 r-xp 00000000 08:04 17191893                           /usr/lib/libkeyutils.so.1.6
f704b000-f704c000 ---p 00003000 08:04 17191893                           /usr/lib/libkeyutils.so.1.6
f704c000-f704d000 r--p 00003000 08:04 17191893                           /usr/lib/libkeyutils.so.1.6
f704d000-f704e000 rw-p 00000000 00:00 0 
f704e000-f705e000 r-xp 00000000 08:04 17021560                           /usr/lib/libkrb5support.so.0.1
f705e000-f705f000 r--p 0000f000 08:04 17021560                           /usr/lib/libkrb5support.so.0.1
f705f000-f7060000 rw-p 00010000 08:04 17021560                           /usr/lib/libkrb5support.so.0.1
f7060000-f7068000 r-xp 00000000 08:04 16831774                           /usr/lib/librt-2.28.so
f7068000-f7069000 r--p 00007000 08:04 16831774                           /usr/lib/librt-2.28.so
f7069000-f706a000 rw-p 00008000 08:04 16831774                           /usr/lib/librt-2.28.so
f706a000-f71e9000 r-xp 00000000 08:04 17021545                           /usr/lib/libunistring.so.2.1.0
f71e9000-f71ea000 ---p 0017f000 08:04 17021545                           /usr/lib/libunistring.so.2.1.0
f71ea000-f71ec000 r--p 0017f000 08:04 17021545                           /usr/lib/libunistring.so.2.1.0
f71ec000-f71ed000 rw-p 00181000 08:04 17021545                           /usr/lib/libunistring.so.2.1.0
f71ed000-f7217000 r-xp 00000000 08:04 18654292                           /usr/lib/liblzma.so.5.2.4
f7217000-f7218000 r--p 00029000 08:04 18654292                           /usr/lib/liblzma.so.5.2.4
f7218000-f7219000 rw-p 00000000 00:00 0 
f7219000-f7225000 r-xp 00000000 08:04 17191936                           /usr/lib/libbrotlidec.so.1.0.6
f7225000-f7226000 r--p 0000b000 08:04 17191936                           /usr/lib/libbrotlidec.so.1.0.6
f7226000-f7227000 rw-p 00000000 00:00 0 
f7227000-f7236000 r-xp 00000000 08:04 17191918                           /usr/lib/liblber-2.4.so.2.10.9
f7236000-f7237000 r--p 0000e000 08:04 17191918                           /usr/lib/liblber-2.4.so.2.10.9
f7237000-f7238000 rw-p 0000f000 08:04 17191918                           /usr/lib/liblber-2.4.so.2.10.9
f7238000-f728d000 r-xp 00000000 08:04 17191920                           /usr/lib/libldap-2.4.so.2.10.9
f728d000-f728e000 ---p 00055000 08:04 17191920                           /usr/lib/libldap-2.4.so.2.10.9
f728e000-f728f000 r--p 00055000 08:04 17191920                           /usr/lib/libldap-2.4.so.2.10.9
f728f000-f7290000 rw-p 00056000 08:04 17191920                           /usr/lib/libldap-2.4.so.2.10.9
f7290000-f7292000 rw-p 00000000 00:00 0 
f7292000-f7295000 r-xp 00000000 08:04 16994899                           /usr/lib/libcom_err.so.2.1
f7295000-f7296000 r--p 00002000 08:04 16994899                           /usr/lib/libcom_err.so.2.1
f7296000-f7297000 rw-p 00003000 08:04 16994899                           /usr/lib/libcom_err.so.2.1
f7297000-f72ad000 r-xp 00000000 08:04 17021552                           /usr/lib/libk5crypto.so.3.1
f72ad000-f72ae000 ---p 00016000 08:04 17021552                           /usr/lib/libk5crypto.so.3.1
f72ae000-f72af000 r--p 00016000 08:04 17021552                           /usr/lib/libk5crypto.so.3.1
f72af000-f72b0000 rw-p 00017000 08:04 17021552                           /usr/lib/libk5crypto.so.3.1
f72b0000-f7393000 r-xp 00000000 08:04 17021558                           /usr/lib/libkrb5.so.3.3
f7393000-f739a000 r--p 000e2000 08:04 17021558                           /usr/lib/libkrb5.so.3.3
f739a000-f739b000 rw-p 000e9000 08:04 17021558                           /usr/lib/libkrb5.so.3.3
f739b000-f73f6000 r-xp 00000000 08:04 17021548                           /usr/lib/libgssapi_krb5.so.2.2
f73f6000-f73f8000 r--p 0005a000 08:04 17021548                           /usr/lib/libgssapi_krb5.so.2.2
f73f8000-f73f9000 rw-p 0005c000 08:04 17021548                           /usr/lib/libgssapi_krb5.so.2.2
f73f9000-f76aa000 r-xp 00000000 08:04 18627877                           /usr/lib/libcrypto.so.1.1.1k
f76aa000-f76c3000 r--p 002b0000 08:04 18627877                           /usr/lib/libcrypto.so.1.1.1k
f76c3000-f76c5000 rw-p 002c9000 08:04 18627877                           /usr/lib/libcrypto.so.1.1.1k
f76c5000-f76c9000 rw-p 00000000 00:00 0 
f76c9000-f775b000 r-xp 00000000 08:04 18627879                           /usr/lib/libssl.so.1.1.1k
f775b000-f7761000 r--p 00091000 08:04 18627879                           /usr/lib/libssl.so.1.1.1k
f7761000-f7765000 rw-p 00097000 08:04 18627879                           /usr/lib/libssl.so.1.1.1k
f7765000-f7775000 r-xp 00000000 08:04 18660120                           /usr/lib/libpsl.so.5.3.1
f7775000-f7776000 r--p 0000f000 08:04 18660120                           /usr/lib/libpsl.so.5.3.1
f7776000-f7777000 rw-p 00000000 00:00 0 
f7777000-f77f4000 r-xp 00000000 08:04 16994901                           /usr/lib/libssh.so.4.8.7
f77f4000-f77f5000 ---p 0007d000 08:04 16994901                           /usr/lib/libssh.so.4.8.7
f77f5000-f77f6000 r--p 0007d000 08:04 16994901                           /usr/lib/libssh.so.4.8.7
f77f6000-f77f7000 rw-p 0007e000 08:04 16994901                           /usr/lib/libssh.so.4.8.7
f77f7000-f7814000 r-xp 00000000 08:04 17040588                           /usr/lib/libidn2.so.0.3.6
f7814000-f7815000 r--p 0001c000 08:04 17040588                           /usr/lib/libidn2.so.0.3.6
f7815000-f7816000 rw-p 00000000 00:00 0 
f7816000-f783e000 r-xp 00000000 08:04 17191891                           /usr/lib/libnghttp2.so.14.17.0
f783e000-f783f000 r--p 00027000 08:04 17191891                           /usr/lib/libnghttp2.so.14.17.0
f783f000-f7841000 rw-p 00028000 08:04 17191891                           /usr/lib/libnghttp2.so.14.17.0
f7841000-f79e3000 r-xp 00000000 08:04 16831756                           /usr/lib/libc-2.28.so
f79e3000-f79e4000 ---p 001a2000 08:04 16831756                           /usr/lib/libc-2.28.so
f79e4000-f79e6000 r--p 001a2000 08:04 16831756                           /usr/lib/libc-2.28.so
f79e6000-f79e7000 rw-p 001a4000 08:04 16831756                           /usr/lib/libc-2.28.so
f79e7000-f79ec000 rw-p 00000000 00:00 0 
f79ec000-f7a07000 r-xp 00000000 08:04 16985139                           /usr/lib/libgcc_s-8-20210514.so.1
f7a07000-f7a08000 r--p 0001a000 08:04 16985139                           /usr/lib/libgcc_s-8-20210514.so.1
f7a08000-f7a09000 rw-p 0001b000 08:04 16985139                           /usr/lib/libgcc_s-8-20210514.so.1
f7a09000-f7ad9000 r-xp 00000000 08:04 16831760                           /usr/lib/libm-2.28.so
f7ad9000-f7ada000 r--p 000cf000 08:04 16831760                           /usr/lib/libm-2.28.so
f7ada000-f7adb000 rw-p 000d0000 08:04 16831760                           /usr/lib/libm-2.28.so
f7adb000-f7c64000 r-xp 00000000 08:04 16985145                           /usr/lib/libstdc++.so.6.0.25
f7c64000-f7c65000 ---p 00189000 08:04 16985145                           /usr/lib/libstdc++.so.6.0.25
f7c65000-f7c6b000 r--p 00189000 08:04 16985145                           /usr/lib/libstdc++.so.6.0.25
f7c6b000-f7c6c000 rw-p 0018f000 08:04 16985145                           /usr/lib/libstdc++.so.6.0.25
f7c6c000-f7c6e000 rw-p 00000000 00:00 0 
f7c6e000-f7c85000 r-xp 00000000 08:04 16963437                           /usr/lib/libz.so.1.2.11
f7c85000-f7c86000 ---p 00017000 08:04 16963437                           /usr/lib/libz.so.1.2.11
f7c86000-f7c87000 r--p 00017000 08:04 16963437                           /usr/lib/libz.so.1.2.11
f7c87000-f7c88000 rw-p 00000000 00:00 0 
f7c88000-f7e05000 r-xp 00000000 08:04 16963397                           /usr/lib/libxml2.so.2.9.7
f7e05000-f7e0a000 r--p 0017c000 08:04 16963397                           /usr/lib/libxml2.so.2.9.7
f7e0a000-f7e0b000 rw-p 00181000 08:04 16963397                           /usr/lib/libxml2.so.2.9.7
f7e0b000-f7e0c000 rw-p 00000000 00:00 0 
f7e0c000-f7e28000 r-xp 00000000 08:04 16831770                           /usr/lib/libpthread-2.28.so
f7e28000-f7e29000 r--p 0001b000 08:04 16831770                           /usr/lib/libpthread-2.28.so
f7e29000-f7e2a000 rw-p 0001c000 08:04 16831770                           /usr/lib/libpthread-2.28.so
f7e2a000-f7e2c000 rw-p 00000000 00:00 0 
f7e2c000-f7ea0000 r-xp 00000000 08:04 16818911                           /usr/lib/libpcre.so.1.2.10
f7ea0000-f7ea1000 ---p 00074000 08:04 16818911                           /usr/lib/libpcre.so.1.2.10
f7ea1000-f7ea2000 r--p 00074000 08:04 16818911                           /usr/lib/libpcre.so.1.2.10
f7ea2000-f7ea3000 rw-p 00075000 08:04 16818911                           /usr/lib/libpcre.so.1.2.10
f7ea3000-f7ea6000 r-xp 00000000 08:04 16831758                           /usr/lib/libdl-2.28.so
f7ea6000-f7ea7000 r--p 00002000 08:04 16831758                           /usr/lib/libdl-2.28.so
f7ea7000-f7ea8000 rw-p 00003000 08:04 16831758                           /usr/lib/libdl-2.28.so
f7ea8000-f7f45000 r-xp 00000000 08:04 16994905                           /usr/lib/libcurl.so.4.5.0
f7f45000-f7f47000 r--p 0009c000 08:04 16994905                           /usr/lib/libcurl.so.4.5.0
f7f47000-f7f48000 rw-p 0009e000 08:04 16994905                           /usr/lib/libcurl.so.4.5.0
f7f48000-f7f4f000 r--s 00000000 08:04 176632422                          /usr/lib/gconv/gconv-modules.cache
f7f4f000-f7f57000 rw-s 00000000 08:04 151635579                          /tmp/hsperfdata_almalinux/1412328 (deleted)
f7f57000-f7f58000 ---p 00000000 00:00 0 
f7f58000-f7f59000 r--p 00000000 00:00 0 
f7f59000-f7f5b000 rw-p 00000000 00:00 0 
f7f5b000-f7f5f000 r--p 00000000 00:00 0                                  [vvar]
f7f5f000-f7f61000 r-xp 00000000 00:00 0                                  [vdso]
f7f61000-f7f90000 r-xp 00000000 08:04 16831749                           /usr/lib/ld-2.28.so
f7f90000-f7f91000 ---p 00000000 00:00 0 
f7f91000-f7f92000 r--p 0002f000 08:04 16831749                           /usr/lib/ld-2.28.so
f7f92000-f7f93000 rw-p 00030000 08:04 16831749                           /usr/lib/ld-2.28.so
ff665000-ff666000 rwxp 00000000 00:00 0 
ff76e000-ff82a000 rw-p 00000000 00:00 0                                  [stack]


VM Arguments:
jvm_args: -Xms128m -Xmx512m -Xss768k -XX:MaxMetaspaceSize=96m -Xrs -XX:-UsePerfData -XX:-AllowUserSignalHandlers -XX:UseSSE=3 -XX+DoEscapeAnalysis -XX:AutoBoxCacheMax:2000 -XX:+OptimizeStringConcat -XX:+OptimizeFill -XX:+EliminateAutoBox -XX:+UseCompressedStrings -XX:+UseCompressedOops -XX:+EliminateLocks -XX:UseFastAccessorMethods -XX:+UseStringCache -XgcPrio:throughput -XXkeepAreaRatio:1 -XXlazyUnlocking -XXcallProfiling -XXcompactRatio:1 
java_command: <unknown>
java_class_path (initial): ../../data/sku.0/sys.server/compiled/game/
Launcher Type: generic

[Global flags]
     intx CICompilerCount                          = 3                                         {product} {ergonomic}
     uint ConcGCThreads                            = 1                                         {product} {ergonomic}
     uint G1ConcRefinementThreads                  = 4                                         {product} {ergonomic}
   size_t G1HeapRegionSize                         = 1048576                                   {product} {ergonomic}
    uintx GCDrainStackTargetSize                   = 64                                        {product} {ergonomic}
   size_t InitialHeapSize                          = 134217728                                 {product} {command line}
   size_t MarkStackSize                            = 32768                                     {product} {ergonomic}
   size_t MaxHeapSize                              = 536870912                                 {product} {command line}
   size_t MaxMetaspaceSize                         = 100663296                                 {product} {command line}
   size_t MaxNewSize                               = 321912832                                 {product} {ergonomic}
   size_t MinHeapDeltaBytes                        = 1048576                                   {product} {ergonomic}
   size_t MinHeapSize                              = 134217728                                 {product} {command line}
    uintx NonNMethodCodeHeapSize                   = 5544422                                {pd product} {ergonomic}
    uintx NonProfiledCodeHeapSize                  = 123056909                              {pd product} {ergonomic}
    uintx ProfiledCodeHeapSize                     = 123056909                              {pd product} {ergonomic}
    uintx ReservedCodeCacheSize                    = 251658240                              {pd product} {ergonomic}
     bool SegmentedCodeCache                       = true                                      {product} {ergonomic}
   size_t SoftMaxHeapSize                          = 536870912                              {manageable} {ergonomic}
   double SweeperThreshold                         = 0.500000                                  {product} {ergonomic}
     intx ThreadStackSize                          = 768                                    {pd product} {command line}
     bool UseG1GC                                  = true                                      {product} {ergonomic}

Logging:
Log output configuration:
 #0: stdout all=off uptime,level,tags
 #1: stderr all=off uptime,level,tags

Environment Variables:
JAVA_HOME=/usr/lib/jvm/zulu-17-x86
PATH=/usr/java/jdk1.7.0_80/bin:/usr/java/jdk1.7.0_80/bin:/usr/java/jdk1.6.0_45/bin:/usr/java/jdk1.6.0_45/bin:/usr/java/jdk1.6.0_45/bin:/home/almalinux/.local/bin:/home/almalinux/bin:/sbin:/bin:/usr/bin:/usr/local/bin:/usr/local/sbin:/usr/sbin:/usr/lib/oracle/18.3/client/bin:/usr/lib/oracle/18.3/client/bin:/usr/lib/jvm/java-11-openjdk/bin:./
LD_LIBRARY_PATH=/usr/lib/jvm/java-17-zulu-openjdk-jdk-x86/lib/server:/usr/lib/jvm/java-17-zulu-openjdk-jdk-x86/lib:/usr/lib/jvm/java-17-zulu-openjdk-jdk-x86/../lib:/usr/lib/jvm/zulu-17-x86/lib/server:/usr/lib/jvm/java-11-openjdk/lib:/usr/lib/jvm/java-11-openjdk/lib/server:./
SHELL=/bin/bash
DISPLAY=:10.0
LANG=en_US.UTF-8
TERM=xterm-256color

Active Locale:
LC_ALL=en_US.UTF-8
LC_COLLATE=en_US.UTF-8
LC_CTYPE=en_US.UTF-8
LC_MESSAGES=en_US.UTF-8
LC_MONETARY=en_US.UTF-8
LC_NUMERIC=en_US.UTF-8
LC_TIME=en_US.UTF-8

Signal Handlers:
   SIGSEGV: crash_handler in libjvm.so, mask=11100100010111111101111111111110, flags=SA_RESTART|SA_SIGINFO, unblocked
    SIGBUS: crash_handler in libjvm.so, mask=11100100010111111101111111111110, flags=SA_RESTART|SA_SIGINFO, unblocked
    SIGFPE: crash_handler in libjvm.so, mask=11100100010111111101111111111110, flags=SA_RESTART|SA_SIGINFO, unblocked
   SIGPIPE: SIG_IGN, mask=00000000000010000000000000000000, flags=SA_RESTART, blocked
  *** Handler was modified!
  *** Expected: javaSignalHandler in libjvm.so, mask=11100100110111111111111111111110, flags=SA_RESTART|SA_SIGINFO
   SIGXFSZ: javaSignalHandler in libjvm.so, mask=11100100010111111101111111111110, flags=SA_RESTART|SA_SIGINFO, blocked
    SIGILL: crash_handler in libjvm.so, mask=11100100010111111101111111111110, flags=SA_RESTART|SA_SIGINFO, unblocked
   SIGUSR2: SR_handler in libjvm.so, mask=00100000000000000000000000000000, flags=SA_RESTART|SA_SIGINFO, blocked
    SIGHUP: UserHandler in libjvm.so, mask=11100100010111111101111111111110, flags=SA_RESTART|SA_SIGINFO, blocked
    SIGINT: UserHandler in libjvm.so, mask=11100100010111111101111111111110, flags=SA_RESTART|SA_SIGINFO, blocked
   SIGTERM: UserHandler in libjvm.so, mask=11100100010111111101111111111110, flags=SA_RESTART|SA_SIGINFO, blocked
   SIGQUIT: UserHandler in libjvm.so, mask=11100100010111111101111111111110, flags=SA_RESTART|SA_SIGINFO, blocked
   SIGTRAP: crash_handler in libjvm.so, mask=11100100010111111101111111111110, flags=SA_RESTART|SA_SIGINFO, unblocked


Periodic native trim disabled


---------------  S Y S T E M  ---------------

OS:
AlmaLinux release 8.10 (Cerulean Leopard)
uname: Linux 4.18.0-553.81.1.el8_10.x86_64 #1 SMP Mon Oct 27 11:29:19 EDT 2025 x86_64
OS uptime: 33 days 22:46 hours
libc: glibc 2.28 NPTL 2.28 
rlimit (soft/hard): STACK 8192k/infinity , CORE 0k/infinity , NPROC 61995/61995 , NOFILE 262144/262144 , AS infinity/infinity , CPU infinity/infinity , DATA infinity/infinity , FSIZE infinity/infinity , MEMLOCK 64k/64k
load average: 41.24 40.19 29.39

/proc/meminfo:
MemTotal:       16014448 kB
MemFree:         5144604 kB
MemAvailable:    6445352 kB
Buffers:             840 kB
Cached:          3300828 kB
SwapCached:        37036 kB
Active:          2934388 kB
Inactive:        7296072 kB
Active(anon):    2050892 kB
Inactive(anon):  6883360 kB
Active(file):     883496 kB
Inactive(file):   412712 kB
Unevictable:        3104 kB
Mlocked:              16 kB
SwapTotal:       8388604 kB
SwapFree:        6670664 kB
Dirty:               432 kB
Writeback:             0 kB
AnonPages:       6912292 kB
Mapped:          1575832 kB
Shmem:           2005460 kB
KReclaimable:     181584 kB
Slab:             304888 kB
SReclaimable:     181584 kB
SUnreclaim:       123304 kB
KernelStack:       19340 kB
PageTables:       150872 kB
NFS_Unstable:          0 kB
Bounce:                0 kB
WritebackTmp:          0 kB
CommitLimit:    16395828 kB
Committed_AS:   20089236 kB
VmallocTotal:   34359738367 kB
VmallocUsed:       65628 kB
VmallocChunk:          0 kB
Percpu:             2704 kB
HardwareCorrupted:     0 kB
AnonHugePages:         0 kB
ShmemHugePages:        0 kB
ShmemPmdMapped:        0 kB
FileHugePages:         0 kB
FilePmdMapped:         0 kB
HugePages_Total:       0
HugePages_Free:        0
HugePages_Rsvd:        0
HugePages_Surp:        0
Hugepagesize:       2048 kB
Hugetlb:               0 kB
DirectMap4k:     2565996 kB
DirectMap2M:    13817856 kB

/sys/kernel/mm/transparent_hugepage/enabled: always madvise [never]
/sys/kernel/mm/transparent_hugepage/hpage_pmd_size: 2097152
/sys/kernel/mm/transparent_hugepage/defrag (defrag/compaction efforts parameter): always defer defer+madvise [madvise] never

Process Memory:
Virtual Size: 1138068K (peak: 1156928K)
Resident Set Size: 372828K (peak: 389652K) (anon: 339084K, file: 33744K, shmem: 0K)
Swapped out: 0K
C-Heap outstanding allocations: 24317K, retained: 202986K
glibc malloc tunables: (default)

/proc/sys/kernel/threads-max (system-wide limit on the number of threads): 123991
/proc/sys/vm/max_map_count (maximum number of memory map areas a process may have): 1677720
/proc/sys/kernel/pid_max (system-wide limit on number of process identifiers): 4194304

container (cgroup) information:
container_type: cgroupv1
cpu_cpuset_cpus: 0-3
cpu_memory_nodes: 0
active_processor_count: 4
cpu_quota: no quota
cpu_period: 100000
cpu_shares: no shares
memory_limit_in_bytes: unlimited
memory_and_swap_limit_in_bytes: unlimited
memory_soft_limit_in_bytes: unlimited
memory_usage_in_bytes: 9388172 k
memory_max_usage_in_bytes: 14783012 k
kernel_memory_usage_in_bytes: 249072 k
kernel_memory_max_usage_in_bytes: unlimited
kernel_memory_limit_in_bytes: 985464 k
maximum number of tasks: unlimited
current number of tasks: 493

KVM virtualization detected
Steal ticks since vm start: 134
Steal ticks percentage since vm start:  0.000

CPU: total 4 (initial active 4) (1 cores per cpu, 1 threads per core) family 6 model 60 stepping 1 microcode 0x1, cx8, cmov, fxsr, mmx, sse, sse2, sse3, ssse3, sse4.1, sse4.2, popcnt, lzcnt, tsc, avx, avx2, aes, erms, clmul, bmi1, bmi2, fma, vzeroupper, clflush, hv
CPU Model and flags from /proc/cpuinfo:
model name	: Intel Core Processor (Haswell, no TSX)
flags		: fpu vme de pse tsc msr pae mce cx8 apic sep mtrr pge mca cmov pat pse36 clflush mmx fxsr sse sse2 syscall nx rdtscp lm constant_tsc rep_good nopl xtopology cpuid tsc_known_freq pni pclmulqdq vmx ssse3 fma cx16 pcid sse4_1 sse4_2 x2apic movbe popcnt tsc_deadline_timer aes xsave avx f16c rdrand hypervisor lahf_lm abm cpuid_fault invpcid_single pti tpr_shadow vnmi flexpriority ept vpid ept_ad fsgsbase bmi1 avx2 smep bmi2 erms invpcid xsaveopt arat md_clear

Online cpus: 0-3
Offline cpus: 
BIOS frequency limitation: <Not Available>
Frequency switch latency (ns): <Not Available>
Available cpu frequencies: <Not Available>
Current governor: <Not Available>
Core performance/turbo boost: <Not Available>

Memory: 4k page, physical 16014448k(5143840k free), swap 8388604k(6670664k free)
Page Sizes: 4k

vm_info: OpenJDK Server VM (17.0.11+9-LTS) for linux-x86 JRE (17.0.11+9-LTS) (Zulu17.50+19-CA), built on Apr  9 2024 07:14:46 by "zulu_re" with gcc 8.3.0

END.
