#
# A fatal error has been detected by the Java Runtime Environment:
#
#  SIGSEGV (0xb) at pc=0xf78b1618, pid=1431927, tid=1431927
#
# JRE version: OpenJDK Runtime Environment Zulu17.50+19-CA (17.0.11+9) (build 17.0.11+9-LTS)
# Java VM: OpenJDK Server VM Zulu17.50+19-CA (17.0.11+9-LTS, mixed mode, sharing, tiered, g1 gc, linux-x86)
# Problematic frame:
# C  [libc.so.6+0x84618]  cfree+0x28
#
# Core dump will be written. Default location: Core dumps may be processed with "/usr/lib/systemd/systemd-coredump %P %u %g %s %t %c %h %e" (or dumping to /home/almalinux/swg-returns-nge/exe/linux/core.1431927)
#
# If you would like to submit a bug report, please visit:
#   http://www.azul.com/support/
#

---------------  S U M M A R Y ------------

Command Line: -Xms128m -Xmx512m -Xss768k -XX:MaxMetaspaceSize=96m -Xrs -XX:-UsePerfData -XX:-AllowUserSignalHandlers -XX:UseSSE=3 -XX+DoEscapeAnalysis -XX:AutoBoxCacheMax:2000 -XX:+OptimizeStringConcat -XX:+OptimizeFill -XX:+EliminateAutoBox -XX:+UseCompressedStrings -XX:+UseCompressedOops -XX:+EliminateLocks -XX:UseFastAccessorMethods -XX:+UseStringCache -XgcPrio:throughput -XXkeepAreaRatio:1 -XXlazyUnlocking -XXcallProfiling -XXcompactRatio:1 

Host: Intel Core Processor (Haswell, no TSX), 4 cores, 15G, AlmaLinux release 8.10 (Cerulean Leopard)
Time: Sun Jan 25 20:25:51 2026 UTC elapsed time: 51.814868 seconds (0d 0h 0m 51s)

---------------  T H R E A D  ---------------

Current thread is native thread

Stack: [0xffa05000,0xffac5000],  sp=0xffac3080,  free space=760k
Native frames: (J=compiled Java code, j=interpreted, Vv=VM code, C=native code)
C  [libc.so.6+0x84618]  cfree+0x28


siginfo: si_signo: 11 (SIGSEGV), si_code: 1 (SEGV_MAPERR), si_addr: 0x00000003

Registers:
EAX=0x00000000, EBX=0x00000007, ECX=0xf6eef84c, EDX=0x0b820e58
ESP=0xffac3080, EBP=0xffac31b8, ESI=0xf79d2000, EDI=0x00000000
EIP=0xf78b1618, EFLAGS=0x00210202, CR2=0x0000000000000003


Top of Stack: (sp=0xffac3080)
0xffac3080:   0b4a4000 00000000 ffac31b8 f7b3ef1c
0xffac3090:   0b4a4090 f7c55a04 0b820e30 f7b3ef1c
0xffac30a0:   00000007 f7b3ef0a f7c55a04 f7b3ef4c
0xffac30b0:   0b4a4090 f7b3ef0a 0b824bd0 085b6163
0xffac30c0:   00000007 0b4a4000 0b4a3d10 085bb8d1
0xffac30d0:   0b4a4000 0b4a3d10 00000000 085bb89b
0xffac30e0:   0ccc3170 ffac3107 ffac312c 085c6969
0xffac30f0:   087d6c00 ffac312c ffac31b8 084fc53b
0xffac3100:   00000014 00010002 00000000 00000000
0xffac3110:   01010100 00000001 09aa44c0 00000000
0xffac3120:   00000000 00000000 00000000 00000000
0xffac3130:   00000000 00000015 ffac3288 f78626ff
0xffac3140:   f79d241c 47677753 53656d61 65767265
0xffac3150:   34313a72 32393133 09290037 0b8061f0
0xffac3160:   08ea0100 08ebc230 08ea5888 f79d241c
0xffac3170:   00000428 00000420 f7862779 085758fd
0xffac3180:   08ea2a80 09b1ea78 08ea5888 08574f56
0xffac3190:   0929a2c4 0929a2c4 ffac3288 08ea583b
0xffac31a0:   0000000c ffac3254 ffac31d0 f79d2000
0xffac31b0:   00000000 08575910 00000000 f784af26
0xffac31c0:   00000000 08575910 00000000 f784af26
0xffac31d0:   0000000c ffac3254 ffac3288 ffac31f4
0xffac31e0:   0929a2d0 00000000 ffac3288 f79d2000
0xffac31f0:   f783a75c f79d2000 00000000 08575910
0xffac3200:   00000000 2e5f5fb9 7f6137a9 00000000
0xffac3210:   00000000 00000000 f7f514d0 f784ae30
0xffac3220:   084fc260 0929a2c4 0000000c 08575946
0xffac3230:   084fc260 0000000c ffac3254 08ea57f0
0xffac3240:   08ea5850 f7f514d0 ffac324c f7f7e970
0xffac3250:   0000000c ffac3636 ffac3648 ffac364b
0xffac3260:   ffac365d ffac3660 ffac366b ffac368f
0xffac3270:   ffac369f ffac36ae ffac36cd ffac36d0 

Instructions: (pc=0xf78b1618)
0xf78b1518:   50 8d 96 86 f7 fa ff 8d 86 d0 2f fb ff e8 c6 b7
0xf78b1528:   ff ff 8d b6 00 00 00 00 bb 20 00 00 00 e9 5e fe
0xf78b1538:   ff ff e8 a1 c0 ff ff 89 c5 85 c0 0f 85 68 ff ff
0xf78b1548:   ff 31 d2 8d 44 3b 10 e8 8c c1 ff ff 89 da 89 f9
0xf78b1558:   89 c5 e8 11 f0 ff ff 89 c2 85 c0 75 1b 85 ed 74
0xf78b1568:   17 90 89 fa 89 e8 e8 bd c5 ff ff 89 da 89 f9 89
0xf78b1578:   c5 e8 f2 ef ff ff 89 c2 85 ed 0f 84 57 ff ff ff
0xf78b1588:   e9 39 ff ff ff 8d 86 b8 31 fb ff 83 ec 0c b9 25
0xf78b1598:   0d 00 00 50 8d 96 86 f7 fa ff 8d 86 74 2f fb ff
0xf78b15a8:   e8 43 b7 ff ff 8d 76 00 f3 0f 1e fb e8 0a 9a f9
0xf78b15b8:   ff 05 47 0a 12 00 56 53 83 ec 04 8b 5c 24 10 8b
0xf78b15c8:   74 24 14 8b 80 50 ff ff ff c7 00 00 00 00 00 e8
0xf78b15d8:   54 bb ff ff 8b 4c 24 0c 83 c4 04 89 f2 89 d8 5b
0xf78b15e8:   5e e9 42 fd ff ff 66 90 f3 0f 1e fb 56 e8 9a 9b
0xf78b15f8:   f9 ff 81 c6 06 0a 12 00 53 83 ec 14 8b 5c 24 20
0xf78b1608:   8b 86 5c ff ff ff 8b 00 85 c0 75 6c 85 db 74 75
0xf78b1618:   8b 4b fc 8d 53 f8 f6 c1 02 75 35 8b 86 70 fe ff
0xf78b1628:   ff 65 8b 00 85 c0 0f 84 8c 00 00 00 83 e1 04 8d
0xf78b1638:   86 60 07 00 00 74 09 89 d0 25 00 00 f0 ff 8b 00
0xf78b1648:   83 c4 14 31 c9 5b 5e e9 8c cb ff ff 8d 74 26 00
0xf78b1658:   8b 9e 60 01 00 00 85 db 75 10 3b 8e 48 01 00 00
0xf78b1668:   76 08 81 f9 00 00 08 00 76 26 83 c4 14 89 d0 5b
0xf78b1678:   5e e9 92 b8 ff ff 66 90 83 ec 08 ff 74 24 24 53
0xf78b1688:   ff d0 83 c4 10 83 c4 14 5b 5e c3 8d 74 26 00 90
0xf78b1698:   39 96 80 1d 00 00 77 08 39 96 7c 1d 00 00 77 ca
0xf78b16a8:   83 e1 f8 8d 04 09 89 8e 48 01 00 00 89 86 40 01
0xf78b16b8:   00 00 90 eb b5 8d 76 00 8b 86 74 fe ff ff 65 80
0xf78b16c8:   38 00 0f 85 64 ff ff ff 89 54 24 0c e8 97 ed ff
0xf78b16d8:   ff 8b 4b fc 8b 54 24 0c e9 4f ff ff ff 8d b4 26
0xf78b16e8:   00 00 00 00 8d 74 26 00 f3 0f 1e fb 55 57 56 e8
0xf78b16f8:   98 9a f9 ff 81 c6 04 09 12 00 53 83 ec 0c 8b 86
0xf78b1708:   70 fe ff ff 8b 96 74 fe ff ff 65 8b 28 65 c6 02 



---------------  P R O C E S S  ---------------

VM state: at safepoint (shutting down)

VM Mutex/Monitor currently owned by a thread:  ([mutex/lock_event])
[0xf5e21d30] Threads_lock - owner thread: 0xc4294cf0

GC Precious Log:
<Skipped>

Heap:
 garbage-first heap   total 131072K, used 7168K [0xc5c00000, 0xe5c00000)
  region size 1024K, 7 young (7168K), 0 survivors (0K)
 Metaspace       used 1291K, committed 1344K, reserved 16384K

Heap Regions: E=young(eden), S=young(survivor), O=old, HS=humongous(starts), HC=humongous(continues), CS=collection set, F=free, OA=open archive, CA=closed archive, TAMS=top-at-mark-start (previous, next)
|   0|0xc5c00000, 0xc5c00000, 0xc5d00000|  0%| F|  |TAMS 0xc5c00000, 0xc5c00000| Untracked 
|   1|0xc5d00000, 0xc5d00000, 0xc5e00000|  0%| F|  |TAMS 0xc5d00000, 0xc5d00000| Untracked 
|   2|0xc5e00000, 0xc5e00000, 0xc5f00000|  0%| F|  |TAMS 0xc5e00000, 0xc5e00000| Untracked 
|   3|0xc5f00000, 0xc5f00000, 0xc6000000|  0%| F|  |TAMS 0xc5f00000, 0xc5f00000| Untracked 
|   4|0xc6000000, 0xc6000000, 0xc6100000|  0%| F|  |TAMS 0xc6000000, 0xc6000000| Untracked 
|   5|0xc6100000, 0xc6100000, 0xc6200000|  0%| F|  |TAMS 0xc6100000, 0xc6100000| Untracked 
|   6|0xc6200000, 0xc6200000, 0xc6300000|  0%| F|  |TAMS 0xc6200000, 0xc6200000| Untracked 
|   7|0xc6300000, 0xc6300000, 0xc6400000|  0%| F|  |TAMS 0xc6300000, 0xc6300000| Untracked 
|   8|0xc6400000, 0xc6400000, 0xc6500000|  0%| F|  |TAMS 0xc6400000, 0xc6400000| Untracked 
|   9|0xc6500000, 0xc6500000, 0xc6600000|  0%| F|  |TAMS 0xc6500000, 0xc6500000| Untracked 
|  10|0xc6600000, 0xc6600000, 0xc6700000|  0%| F|  |TAMS 0xc6600000, 0xc6600000| Untracked 
|  11|0xc6700000, 0xc6700000, 0xc6800000|  0%| F|  |TAMS 0xc6700000, 0xc6700000| Untracked 
|  12|0xc6800000, 0xc6800000, 0xc6900000|  0%| F|  |TAMS 0xc6800000, 0xc6800000| Untracked 
|  13|0xc6900000, 0xc6900000, 0xc6a00000|  0%| F|  |TAMS 0xc6900000, 0xc6900000| Untracked 
|  14|0xc6a00000, 0xc6a00000, 0xc6b00000|  0%| F|  |TAMS 0xc6a00000, 0xc6a00000| Untracked 
|  15|0xc6b00000, 0xc6b00000, 0xc6c00000|  0%| F|  |TAMS 0xc6b00000, 0xc6b00000| Untracked 
|  16|0xc6c00000, 0xc6c00000, 0xc6d00000|  0%| F|  |TAMS 0xc6c00000, 0xc6c00000| Untracked 
|  17|0xc6d00000, 0xc6d00000, 0xc6e00000|  0%| F|  |TAMS 0xc6d00000, 0xc6d00000| Untracked 
|  18|0xc6e00000, 0xc6e00000, 0xc6f00000|  0%| F|  |TAMS 0xc6e00000, 0xc6e00000| Untracked 
|  19|0xc6f00000, 0xc6f00000, 0xc7000000|  0%| F|  |TAMS 0xc6f00000, 0xc6f00000| Untracked 
|  20|0xc7000000, 0xc7000000, 0xc7100000|  0%| F|  |TAMS 0xc7000000, 0xc7000000| Untracked 
|  21|0xc7100000, 0xc7100000, 0xc7200000|  0%| F|  |TAMS 0xc7100000, 0xc7100000| Untracked 
|  22|0xc7200000, 0xc7200000, 0xc7300000|  0%| F|  |TAMS 0xc7200000, 0xc7200000| Untracked 
|  23|0xc7300000, 0xc7300000, 0xc7400000|  0%| F|  |TAMS 0xc7300000, 0xc7300000| Untracked 
|  24|0xc7400000, 0xc7400000, 0xc7500000|  0%| F|  |TAMS 0xc7400000, 0xc7400000| Untracked 
|  25|0xc7500000, 0xc7500000, 0xc7600000|  0%| F|  |TAMS 0xc7500000, 0xc7500000| Untracked 
|  26|0xc7600000, 0xc7600000, 0xc7700000|  0%| F|  |TAMS 0xc7600000, 0xc7600000| Untracked 
|  27|0xc7700000, 0xc7700000, 0xc7800000|  0%| F|  |TAMS 0xc7700000, 0xc7700000| Untracked 
|  28|0xc7800000, 0xc7800000, 0xc7900000|  0%| F|  |TAMS 0xc7800000, 0xc7800000| Untracked 
|  29|0xc7900000, 0xc7900000, 0xc7a00000|  0%| F|  |TAMS 0xc7900000, 0xc7900000| Untracked 
|  30|0xc7a00000, 0xc7a00000, 0xc7b00000|  0%| F|  |TAMS 0xc7a00000, 0xc7a00000| Untracked 
|  31|0xc7b00000, 0xc7b00000, 0xc7c00000|  0%| F|  |TAMS 0xc7b00000, 0xc7b00000| Untracked 
|  32|0xc7c00000, 0xc7c00000, 0xc7d00000|  0%| F|  |TAMS 0xc7c00000, 0xc7c00000| Untracked 
|  33|0xc7d00000, 0xc7d00000, 0xc7e00000|  0%| F|  |TAMS 0xc7d00000, 0xc7d00000| Untracked 
|  34|0xc7e00000, 0xc7e00000, 0xc7f00000|  0%| F|  |TAMS 0xc7e00000, 0xc7e00000| Untracked 
|  35|0xc7f00000, 0xc7f00000, 0xc8000000|  0%| F|  |TAMS 0xc7f00000, 0xc7f00000| Untracked 
|  36|0xc8000000, 0xc8000000, 0xc8100000|  0%| F|  |TAMS 0xc8000000, 0xc8000000| Untracked 
|  37|0xc8100000, 0xc8100000, 0xc8200000|  0%| F|  |TAMS 0xc8100000, 0xc8100000| Untracked 
|  38|0xc8200000, 0xc8200000, 0xc8300000|  0%| F|  |TAMS 0xc8200000, 0xc8200000| Untracked 
|  39|0xc8300000, 0xc8300000, 0xc8400000|  0%| F|  |TAMS 0xc8300000, 0xc8300000| Untracked 
|  40|0xc8400000, 0xc8400000, 0xc8500000|  0%| F|  |TAMS 0xc8400000, 0xc8400000| Untracked 
|  41|0xc8500000, 0xc8500000, 0xc8600000|  0%| F|  |TAMS 0xc8500000, 0xc8500000| Untracked 
|  42|0xc8600000, 0xc8600000, 0xc8700000|  0%| F|  |TAMS 0xc8600000, 0xc8600000| Untracked 
|  43|0xc8700000, 0xc8700000, 0xc8800000|  0%| F|  |TAMS 0xc8700000, 0xc8700000| Untracked 
|  44|0xc8800000, 0xc8800000, 0xc8900000|  0%| F|  |TAMS 0xc8800000, 0xc8800000| Untracked 
|  45|0xc8900000, 0xc8900000, 0xc8a00000|  0%| F|  |TAMS 0xc8900000, 0xc8900000| Untracked 
|  46|0xc8a00000, 0xc8a00000, 0xc8b00000|  0%| F|  |TAMS 0xc8a00000, 0xc8a00000| Untracked 
|  47|0xc8b00000, 0xc8b00000, 0xc8c00000|  0%| F|  |TAMS 0xc8b00000, 0xc8b00000| Untracked 
|  48|0xc8c00000, 0xc8c00000, 0xc8d00000|  0%| F|  |TAMS 0xc8c00000, 0xc8c00000| Untracked 
|  49|0xc8d00000, 0xc8d00000, 0xc8e00000|  0%| F|  |TAMS 0xc8d00000, 0xc8d00000| Untracked 
|  50|0xc8e00000, 0xc8e00000, 0xc8f00000|  0%| F|  |TAMS 0xc8e00000, 0xc8e00000| Untracked 
|  51|0xc8f00000, 0xc8f00000, 0xc9000000|  0%| F|  |TAMS 0xc8f00000, 0xc8f00000| Untracked 
|  52|0xc9000000, 0xc9000000, 0xc9100000|  0%| F|  |TAMS 0xc9000000, 0xc9000000| Untracked 
|  53|0xc9100000, 0xc9100000, 0xc9200000|  0%| F|  |TAMS 0xc9100000, 0xc9100000| Untracked 
|  54|0xc9200000, 0xc9200000, 0xc9300000|  0%| F|  |TAMS 0xc9200000, 0xc9200000| Untracked 
|  55|0xc9300000, 0xc9300000, 0xc9400000|  0%| F|  |TAMS 0xc9300000, 0xc9300000| Untracked 
|  56|0xc9400000, 0xc9400000, 0xc9500000|  0%| F|  |TAMS 0xc9400000, 0xc9400000| Untracked 
|  57|0xc9500000, 0xc9500000, 0xc9600000|  0%| F|  |TAMS 0xc9500000, 0xc9500000| Untracked 
|  58|0xc9600000, 0xc9600000, 0xc9700000|  0%| F|  |TAMS 0xc9600000, 0xc9600000| Untracked 
|  59|0xc9700000, 0xc9700000, 0xc9800000|  0%| F|  |TAMS 0xc9700000, 0xc9700000| Untracked 
|  60|0xc9800000, 0xc9800000, 0xc9900000|  0%| F|  |TAMS 0xc9800000, 0xc9800000| Untracked 
|  61|0xc9900000, 0xc9900000, 0xc9a00000|  0%| F|  |TAMS 0xc9900000, 0xc9900000| Untracked 
|  62|0xc9a00000, 0xc9a00000, 0xc9b00000|  0%| F|  |TAMS 0xc9a00000, 0xc9a00000| Untracked 
|  63|0xc9b00000, 0xc9b00000, 0xc9c00000|  0%| F|  |TAMS 0xc9b00000, 0xc9b00000| Untracked 
|  64|0xc9c00000, 0xc9c00000, 0xc9d00000|  0%| F|  |TAMS 0xc9c00000, 0xc9c00000| Untracked 
|  65|0xc9d00000, 0xc9d00000, 0xc9e00000|  0%| F|  |TAMS 0xc9d00000, 0xc9d00000| Untracked 
|  66|0xc9e00000, 0xc9e00000, 0xc9f00000|  0%| F|  |TAMS 0xc9e00000, 0xc9e00000| Untracked 
|  67|0xc9f00000, 0xc9f00000, 0xca000000|  0%| F|  |TAMS 0xc9f00000, 0xc9f00000| Untracked 
|  68|0xca000000, 0xca000000, 0xca100000|  0%| F|  |TAMS 0xca000000, 0xca000000| Untracked 
|  69|0xca100000, 0xca100000, 0xca200000|  0%| F|  |TAMS 0xca100000, 0xca100000| Untracked 
|  70|0xca200000, 0xca200000, 0xca300000|  0%| F|  |TAMS 0xca200000, 0xca200000| Untracked 
|  71|0xca300000, 0xca300000, 0xca400000|  0%| F|  |TAMS 0xca300000, 0xca300000| Untracked 
|  72|0xca400000, 0xca400000, 0xca500000|  0%| F|  |TAMS 0xca400000, 0xca400000| Untracked 
|  73|0xca500000, 0xca500000, 0xca600000|  0%| F|  |TAMS 0xca500000, 0xca500000| Untracked 
|  74|0xca600000, 0xca600000, 0xca700000|  0%| F|  |TAMS 0xca600000, 0xca600000| Untracked 
|  75|0xca700000, 0xca700000, 0xca800000|  0%| F|  |TAMS 0xca700000, 0xca700000| Untracked 
|  76|0xca800000, 0xca800000, 0xca900000|  0%| F|  |TAMS 0xca800000, 0xca800000| Untracked 
|  77|0xca900000, 0xca900000, 0xcaa00000|  0%| F|  |TAMS 0xca900000, 0xca900000| Untracked 
|  78|0xcaa00000, 0xcaa00000, 0xcab00000|  0%| F|  |TAMS 0xcaa00000, 0xcaa00000| Untracked 
|  79|0xcab00000, 0xcab00000, 0xcac00000|  0%| F|  |TAMS 0xcab00000, 0xcab00000| Untracked 
|  80|0xcac00000, 0xcac00000, 0xcad00000|  0%| F|  |TAMS 0xcac00000, 0xcac00000| Untracked 
|  81|0xcad00000, 0xcad00000, 0xcae00000|  0%| F|  |TAMS 0xcad00000, 0xcad00000| Untracked 
|  82|0xcae00000, 0xcae00000, 0xcaf00000|  0%| F|  |TAMS 0xcae00000, 0xcae00000| Untracked 
|  83|0xcaf00000, 0xcaf00000, 0xcb000000|  0%| F|  |TAMS 0xcaf00000, 0xcaf00000| Untracked 
|  84|0xcb000000, 0xcb000000, 0xcb100000|  0%| F|  |TAMS 0xcb000000, 0xcb000000| Untracked 
|  85|0xcb100000, 0xcb100000, 0xcb200000|  0%| F|  |TAMS 0xcb100000, 0xcb100000| Untracked 
|  86|0xcb200000, 0xcb200000, 0xcb300000|  0%| F|  |TAMS 0xcb200000, 0xcb200000| Untracked 
|  87|0xcb300000, 0xcb300000, 0xcb400000|  0%| F|  |TAMS 0xcb300000, 0xcb300000| Untracked 
|  88|0xcb400000, 0xcb400000, 0xcb500000|  0%| F|  |TAMS 0xcb400000, 0xcb400000| Untracked 
|  89|0xcb500000, 0xcb500000, 0xcb600000|  0%| F|  |TAMS 0xcb500000, 0xcb500000| Untracked 
|  90|0xcb600000, 0xcb600000, 0xcb700000|  0%| F|  |TAMS 0xcb600000, 0xcb600000| Untracked 
|  91|0xcb700000, 0xcb700000, 0xcb800000|  0%| F|  |TAMS 0xcb700000, 0xcb700000| Untracked 
|  92|0xcb800000, 0xcb800000, 0xcb900000|  0%| F|  |TAMS 0xcb800000, 0xcb800000| Untracked 
|  93|0xcb900000, 0xcb900000, 0xcba00000|  0%| F|  |TAMS 0xcb900000, 0xcb900000| Untracked 
|  94|0xcba00000, 0xcba00000, 0xcbb00000|  0%| F|  |TAMS 0xcba00000, 0xcba00000| Untracked 
|  95|0xcbb00000, 0xcbb00000, 0xcbc00000|  0%| F|  |TAMS 0xcbb00000, 0xcbb00000| Untracked 
|  96|0xcbc00000, 0xcbc00000, 0xcbd00000|  0%| F|  |TAMS 0xcbc00000, 0xcbc00000| Untracked 
|  97|0xcbd00000, 0xcbd00000, 0xcbe00000|  0%| F|  |TAMS 0xcbd00000, 0xcbd00000| Untracked 
|  98|0xcbe00000, 0xcbe00000, 0xcbf00000|  0%| F|  |TAMS 0xcbe00000, 0xcbe00000| Untracked 
|  99|0xcbf00000, 0xcbf00000, 0xcc000000|  0%| F|  |TAMS 0xcbf00000, 0xcbf00000| Untracked 
| 100|0xcc000000, 0xcc000000, 0xcc100000|  0%| F|  |TAMS 0xcc000000, 0xcc000000| Untracked 
| 101|0xcc100000, 0xcc100000, 0xcc200000|  0%| F|  |TAMS 0xcc100000, 0xcc100000| Untracked 
| 102|0xcc200000, 0xcc200000, 0xcc300000|  0%| F|  |TAMS 0xcc200000, 0xcc200000| Untracked 
| 103|0xcc300000, 0xcc300000, 0xcc400000|  0%| F|  |TAMS 0xcc300000, 0xcc300000| Untracked 
| 104|0xcc400000, 0xcc400000, 0xcc500000|  0%| F|  |TAMS 0xcc400000, 0xcc400000| Untracked 
| 105|0xcc500000, 0xcc500000, 0xcc600000|  0%| F|  |TAMS 0xcc500000, 0xcc500000| Untracked 
| 106|0xcc600000, 0xcc600000, 0xcc700000|  0%| F|  |TAMS 0xcc600000, 0xcc600000| Untracked 
| 107|0xcc700000, 0xcc700000, 0xcc800000|  0%| F|  |TAMS 0xcc700000, 0xcc700000| Untracked 
| 108|0xcc800000, 0xcc800000, 0xcc900000|  0%| F|  |TAMS 0xcc800000, 0xcc800000| Untracked 
| 109|0xcc900000, 0xcc900000, 0xcca00000|  0%| F|  |TAMS 0xcc900000, 0xcc900000| Untracked 
| 110|0xcca00000, 0xcca00000, 0xccb00000|  0%| F|  |TAMS 0xcca00000, 0xcca00000| Untracked 
| 111|0xccb00000, 0xccb00000, 0xccc00000|  0%| F|  |TAMS 0xccb00000, 0xccb00000| Untracked 
| 112|0xccc00000, 0xccc00000, 0xccd00000|  0%| F|  |TAMS 0xccc00000, 0xccc00000| Untracked 
| 113|0xccd00000, 0xccd00000, 0xcce00000|  0%| F|  |TAMS 0xccd00000, 0xccd00000| Untracked 
| 114|0xcce00000, 0xcce00000, 0xccf00000|  0%| F|  |TAMS 0xcce00000, 0xcce00000| Untracked 
| 115|0xccf00000, 0xccf00000, 0xcd000000|  0%| F|  |TAMS 0xccf00000, 0xccf00000| Untracked 
| 116|0xcd000000, 0xcd000000, 0xcd100000|  0%| F|  |TAMS 0xcd000000, 0xcd000000| Untracked 
| 117|0xcd100000, 0xcd100000, 0xcd200000|  0%| F|  |TAMS 0xcd100000, 0xcd100000| Untracked 
| 118|0xcd200000, 0xcd200000, 0xcd300000|  0%| F|  |TAMS 0xcd200000, 0xcd200000| Untracked 
| 119|0xcd300000, 0xcd300000, 0xcd400000|  0%| F|  |TAMS 0xcd300000, 0xcd300000| Untracked 
| 120|0xcd400000, 0xcd400000, 0xcd500000|  0%| F|  |TAMS 0xcd400000, 0xcd400000| Untracked 
| 121|0xcd500000, 0xcd600000, 0xcd600000|100%| E|  |TAMS 0xcd500000, 0xcd500000| Complete 
| 122|0xcd600000, 0xcd700000, 0xcd700000|100%| E|CS|TAMS 0xcd600000, 0xcd600000| Complete 
| 123|0xcd700000, 0xcd800000, 0xcd800000|100%| E|CS|TAMS 0xcd700000, 0xcd700000| Complete 
| 124|0xcd800000, 0xcd900000, 0xcd900000|100%| E|CS|TAMS 0xcd800000, 0xcd800000| Complete 
| 125|0xcd900000, 0xcda00000, 0xcda00000|100%| E|CS|TAMS 0xcd900000, 0xcd900000| Complete 
| 126|0xcda00000, 0xcdb00000, 0xcdb00000|100%| E|  |TAMS 0xcda00000, 0xcda00000| Complete 
| 127|0xcdb00000, 0xcdc00000, 0xcdc00000|100%| E|CS|TAMS 0xcdb00000, 0xcdb00000| Complete 

Card table byte_map: [0xc5a00000,0xc5b00000] _byte_map_base: 0xc53d2000

Marking Bits (Prev, Next): (CMBitMap*) 0xf5e8b528, (CMBitMap*) 0xf5e8b548
 Prev Bits: [0xc5100000, 0xc5900000)
 Next Bits: [0xc4900000, 0xc5100000)

Polling page: 0xf7f43000

Metaspace:

Usage:
    1.26 MB used.

Virtual space:
     16.00 MB reserved,       1.31 MB (  8%) committed,  1 nodes.

Chunk freelists:
10.94 MB

MaxMetaspaceSize: 96.00 MB
No class space
Initial GC threshold: 16.00 MB
Current GC threshold: 16.00 MB
CDS: on
MetaspaceReclaimPolicy: balanced
 - commit_granule_bytes: 65536.
 - commit_granule_words: 16384.
 - virtual_space_node_default_size: 4194304.
 - enlarge_chunks_in_place: 1.
 - new_chunks_are_fully_committed: 0.
 - uncommit_free_chunks: 1.
 - use_allocation_guard: 0.
 - handle_deallocations: 1.


Internal statistics:

num_allocs_failed_limit: 0.
num_arena_births: 22.
num_arena_deaths: 0.
num_vsnodes_births: 1.
num_vsnodes_deaths: 0.
num_space_committed: 21.
num_space_uncommitted: 0.
num_chunks_returned_to_freelist: 0.
num_chunks_taken_from_freelist: 60.
num_chunk_merges: 0.
num_chunk_splits: 52.
num_chunks_enlarged: 47.
num_inconsistent_stats: 0.

CodeHeap 'non-profiled nmethods': size=120172Kb used=99Kb max_used=99Kb free=120072Kb
 bounds [0xed7f5000, 0xeda35000, 0xf4d50000]
CodeHeap 'profiled nmethods': size=120172Kb used=197Kb max_used=197Kb free=119974Kb
 bounds [0xe5d50000, 0xe5f90000, 0xed2ab000]
CodeHeap 'non-nmethods': size=5416Kb used=712Kb max_used=729Kb free=4703Kb
 bounds [0xed2ab000, 0xed4eb000, 0xed7f5000]
 total_blobs=559 nmethods=243 adapters=230
 compilation: enabled
              stopped_count=0, restarted_count=0
 full_count=0

Compilation events (20 events):
Event: 22.929 Thread 0xc429f450  239       4       java.util.LinkedHashMap$LinkedHashIterator::hasNext (13 bytes)
Event: 22.930 Thread 0xc429f450 nmethod 239 0xed80ad08 code [0xed80ae20, 0xed80ae90]
Event: 22.930 Thread 0xc429f450  215       4       java.util.LinkedHashMap::get (29 bytes)
Event: 22.933 Thread 0xc429f450 nmethod 215 0xed80b008 code [0xed80b140, 0xed80b370]
Event: 22.933 Thread 0xc429f450  216       4       java.lang.PublicMethods$MethodList::merge (192 bytes)
Event: 22.936 Thread 0xc429f450 nmethod 216 0xed80b588 code [0xed80b6a0, 0xed80b7b0]
Event: 22.936 Thread 0xc429f450  240       4       java.util.LinkedHashMap$LinkedValueIterator::next (8 bytes)
Event: 22.943 Thread 0xc429f450 nmethod 240 0xed80b888 code [0xed80b9a0, 0xed80bbd0]
Event: 22.943 Thread 0xc429f450  241       4       java.util.LinkedHashMap$LinkedHashIterator::nextNode (54 bytes)
Event: 22.945 Thread 0xc429f450 nmethod 241 0xed80bc88 code [0xed80bda0, 0xed80bfd0]
Event: 22.945 Thread 0xc429f450  217       4       java.util.LinkedHashMap::newNode (23 bytes)
Event: 22.949 Thread 0xc429f450 nmethod 217 0xed80c088 code [0xed80c1c0, 0xed80c590]
Event: 22.949 Thread 0xc429f450  218       4       java.util.LinkedHashMap$Entry::<init> (10 bytes)
Event: 22.951 Thread 0xc429f450 nmethod 218 0xed80c608 code [0xed80c720, 0xed80c9d0]
Event: 22.951 Thread 0xc429f450  219       4       java.util.LinkedHashMap::afterNodeInsertion (40 bytes)
Event: 22.952 Thread 0xc429f450 nmethod 219 0xed80ca08 code [0xed80cb20, 0xed80cbd0]
Event: 22.952 Thread 0xc429f450  242       4       jdk.internal.reflect.ReflectionFactory::copyMethod (11 bytes)
Event: 22.955 Thread 0xc429f450 nmethod 242 0xed80cd08 code [0xed80ce40, 0xed80d130]
Event: 23.312 Thread 0xc429f450  243 %     4       java.util.HashMap::resize @ 151 (356 bytes)
Event: 23.330 Thread 0xc429f450 nmethod 243% 0xed80d288 code [0xed80d3e0, 0xed80dcf0]

GC Heap History (0 events):
No events

Dll operation events (1 events):
Event: 0.003 Loaded shared library /usr/lib/jvm/java-17-zulu-openjdk-jdk-x86/lib/libjava.so

Deoptimization events (4 events):
Event: 22.493 Thread 0x0cb2f8b0 Uncommon trap: trap_request=0xffffffde fr.pc=0xed8068ec relative=0x000000cc
Event: 22.493 Thread 0x0cb2f8b0 Uncommon trap: reason=class_check action=maybe_recompile pc=0xed8068ec method=java.util.Arrays.hashCode([Ljava/lang/Object;)I @ 43 c2
Event: 22.493 Thread 0x0cb2f8b0 DEOPT PACKING pc=0xed8068ec sp=0xffac12a0
Event: 22.493 Thread 0x0cb2f8b0 DEOPT UNPACKING pc=0xed2f4d33 sp=0xffac1274 mode 2

Classes unloaded (0 events):
No events

Classes redefined (0 events):
No events

Internal exceptions (0 events):
No events

VM Operations (12 events):
Event: 1.601 Executing VM operation: Cleanup
Event: 1.601 Executing VM operation: Cleanup done
Event: 2.601 Executing VM operation: Cleanup
Event: 2.601 Executing VM operation: Cleanup done
Event: 21.643 Executing VM operation: Cleanup
Event: 21.643 Executing VM operation: Cleanup done
Event: 21.709 Executing VM operation: HandshakeAllThreads
Event: 21.709 Executing VM operation: HandshakeAllThreads done
Event: 22.709 Executing VM operation: Cleanup
Event: 22.709 Executing VM operation: Cleanup done
Event: 23.713 Executing VM operation: Cleanup
Event: 23.713 Executing VM operation: Cleanup done

Events (20 events):
Event: 1.736 loading class java/lang/InterruptedException
Event: 1.736 loading class java/lang/InterruptedException done
Event: 1.765 Protecting memory [0xc17fe000,0xc1802000] with protection modes 0
Event: 1.905 Thread 0x0cb373d0 Thread added: 0x0cb373d0
Event: 1.906 loading class java/io/FileNotFoundException
Event: 1.906 loading class java/io/FileNotFoundException done
Event: 1.906 loading class java/lang/ClassFormatError
Event: 1.906 loading class java/lang/ClassFormatError done
Event: 1.924 Protecting memory [0xc173d000,0xc1741000] with protection modes 0
Event: 1.957 loading class java/lang/CloneNotSupportedException
Event: 1.957 loading class java/lang/CloneNotSupportedException done
Event: 21.704 loading class java/lang/PublicMethods
Event: 21.704 loading class java/lang/PublicMethods done
Event: 22.057 loading class java/util/LinkedHashMap$LinkedValues
Event: 22.058 loading class java/util/LinkedHashMap$LinkedValues done
Event: 22.058 loading class java/util/LinkedHashMap$LinkedValueIterator
Event: 22.058 loading class java/util/LinkedHashMap$LinkedValueIterator done
Event: 40.084 Thread 0x0cb2f8b0 Thread exited: 0x0cb2f8b0
Event: 40.105 Thread 0xf5e242d0 Thread exited: 0xf5e242d0
Event: 40.105 Thread 0xc429bff0 Thread exited: 0xc429bff0


Dynamic libraries:
08048000-09298000 r-xp 00000000 08:04 494947248                          /home/almalinux/swg-returns-nge/build/bin/SwgGameServer
09298000-0929c000 rw-p 0124f000 08:04 494947248                          /home/almalinux/swg-returns-nge/build/bin/SwgGameServer
0929c000-09b1f000 rw-p 00000000 00:00 0 
0b46a000-10434000 rw-p 00000000 00:00 0                                  [heap]
c1400000-c147f000 rw-p 00000000 00:00 0 
c147f000-c1500000 ---p 00000000 00:00 0 
c173d000-c1741000 ---p 00000000 00:00 0 
c1741000-c17fe000 rw-p 00000000 00:00 0 
c17fe000-c1802000 ---p 00000000 00:00 0 
c1802000-c18bf000 rw-p 00000000 00:00 0 
c18bf000-c18c0000 ---p 00000000 00:00 0 
c18c0000-c1940000 rw-p 00000000 00:00 0 
c1940000-c1944000 ---p 00000000 00:00 0 
c1944000-c1a01000 rw-p 00000000 00:00 0 
c1a01000-c1a05000 ---p 00000000 00:00 0 
c1a05000-c1ac2000 rw-p 00000000 00:00 0 
c1ac2000-c1ac6000 ---p 00000000 00:00 0 
c1ac6000-c1b43000 rw-p 00000000 00:00 0 
c1b43000-c1b47000 ---p 00000000 00:00 0 
c1b47000-c1c04000 rw-p 00000000 00:00 0 
c1c04000-c1c08000 ---p 00000000 00:00 0 
c1c08000-c1cc5000 rw-p 00000000 00:00 0 
c1cc5000-c1cc9000 ---p 00000000 00:00 0 
c1cc9000-c1d86000 rw-p 00000000 00:00 0 
c1d86000-c2000000 r--p 00078000 08:04 535181                             /usr/lib/locale/locale-archive
c2000000-c2040000 rw-p 00000000 00:00 0 
c2040000-c2400000 ---p 00000000 00:00 0 
c2400000-c2510000 rw-p 00000000 00:00 0 
c2510000-c3000000 ---p 00000000 00:00 0 
c307e000-c327e000 r--p 00000000 08:04 535181                             /usr/lib/locale/locale-archive
c327e000-c3282000 ---p 00000000 00:00 0 
c3282000-c333f000 rw-p 00000000 00:00 0 
c333f000-c3343000 ---p 00000000 00:00 0 
c3343000-c3400000 rw-p 00000000 00:00 0 
c3400000-c3421000 rw-p 00000000 00:00 0 
c3421000-c3500000 ---p 00000000 00:00 0 
c3531000-c3535000 ---p 00000000 00:00 0 
c3535000-c35b2000 rw-p 00000000 00:00 0 
c35b2000-c35b3000 ---p 00000000 00:00 0 
c35b3000-c3633000 rw-p 00000000 00:00 0 
c3633000-c3f00000 rw-p 00001000 08:04 143240867                          /usr/lib/jvm/java-17-zulu-openjdk-jdk-x86/lib/server/classes.jsa
c3f00000-c3f21000 rw-p 00000000 00:00 0 
c3f21000-c4000000 ---p 00000000 00:00 0 
c407f000-c4080000 ---p 00000000 00:00 0 
c4080000-c4100000 rw-p 00000000 00:00 0 
c4100000-c4121000 rw-p 00000000 00:00 0 
c4121000-c4200000 ---p 00000000 00:00 0 
c4200000-c42d2000 rw-p 00000000 00:00 0 
c42d2000-c4300000 ---p 00000000 00:00 0 
c437f000-c4380000 ---p 00000000 00:00 0 
c4380000-c4400000 rw-p 00000000 00:00 0 
c4400000-c4421000 rw-p 00000000 00:00 0 
c4421000-c4500000 ---p 00000000 00:00 0 
c457f000-c4580000 ---p 00000000 00:00 0 
c4580000-c4600000 rw-p 00000000 00:00 0 
c4600000-c4700000 rw-p 00000000 00:00 0 
c4700000-c4754000 rw-p 00000000 00:00 0 
c4754000-c4800000 ---p 00000000 00:00 0 
c487f000-c4880000 ---p 00000000 00:00 0 
c4880000-c4b00000 rw-p 00000000 00:00 0 
c4b00000-c5100000 ---p 00000000 00:00 0 
c5100000-c5300000 rw-p 00000000 00:00 0 
c5300000-c5900000 ---p 00000000 00:00 0 
c5900000-c5940000 rw-p 00000000 00:00 0 
c5940000-c5a00000 ---p 00000000 00:00 0 
c5a00000-c5a40000 rw-p 00000000 00:00 0 
c5a40000-c5b00000 ---p 00000000 00:00 0 
c5b00000-c5b40000 rw-p 00000000 00:00 0 
c5b40000-c5c00000 ---p 00000000 00:00 0 
c5c00000-cdc00000 rw-p 00000000 00:00 0 
cdc00000-e5c00000 ---p 00000000 00:00 0 
e5c65000-e5c6a000 rw-p 00000000 00:00 0 
e5c6a000-e5d50000 ---p 00000000 00:00 0 
e5d50000-e5f90000 rwxp 00000000 00:00 0 
e5f90000-ed2ab000 ---p 00000000 00:00 0 
ed2ab000-ed4eb000 rwxp 00000000 00:00 0 
ed4eb000-ed7f5000 ---p 00000000 00:00 0 
ed7f5000-eda35000 rwxp 00000000 00:00 0 
eda35000-f4d50000 ---p 00000000 00:00 0 
f4d50000-f4eb8000 r--s 00000000 08:04 117534333                          /usr/lib/jvm/java-17-zulu-openjdk-jdk-x86/lib/modules
f4eb8000-f5d5a000 r-xp 00000000 08:04 143240869                          /usr/lib/jvm/java-17-zulu-openjdk-jdk-x86/lib/server/libjvm.so
f5d5a000-f5daf000 r--p 00ea1000 08:04 143240869                          /usr/lib/jvm/java-17-zulu-openjdk-jdk-x86/lib/server/libjvm.so
f5daf000-f5dd0000 rw-p 00ef6000 08:04 143240869                          /usr/lib/jvm/java-17-zulu-openjdk-jdk-x86/lib/server/libjvm.so
f5dd0000-f5e00000 rw-p 00000000 00:00 0 
f5e00000-f5f00000 rw-p 00000000 00:00 0 
f5f08000-f5f09000 ---p 00000000 00:00 0 
f5f09000-f5f89000 rw-p 00000000 00:00 0 
f5f89000-f5f8a000 ---p 00000000 00:00 0 
f5f8a000-f5f8e000 ---p 00000000 00:00 0 
f5f8e000-f6b02000 rw-p 00000000 00:00 0 
f6b25000-f6b2a000 rw-p 00000000 00:00 0 
f6b2a000-f6c10000 ---p 00000000 00:00 0 
f6e5e000-f6e87000 rw-p 00000000 00:00 0 
f6e87000-f6eaa000 r-xp 00000000 08:04 117534310                          /usr/lib/jvm/java-17-zulu-openjdk-jdk-x86/lib/libjava.so
f6eaa000-f6eab000 r--p 00022000 08:04 117534310                          /usr/lib/jvm/java-17-zulu-openjdk-jdk-x86/lib/libjava.so
f6eab000-f6eac000 rw-p 00023000 08:04 117534310                          /usr/lib/jvm/java-17-zulu-openjdk-jdk-x86/lib/libjava.so
f6eac000-f6eb8000 r-xp 00000000 08:04 16831767                           /usr/lib/libnss_files-2.28.so
f6eb8000-f6eb9000 r--p 0000b000 08:04 16831767                           /usr/lib/libnss_files-2.28.so
f6eb9000-f6eba000 rw-p 0000c000 08:04 16831767                           /usr/lib/libnss_files-2.28.so
f6eba000-f6ec0000 rw-p 00000000 00:00 0 
f6ec6000-f6ecb000 rw-p 00000000 00:00 0 
f6ecb000-f6ed1000 ---p 00000000 00:00 0 
f6ed1000-f6eec000 r-xp 00000000 08:04 117534314                          /usr/lib/jvm/java-17-zulu-openjdk-jdk-x86/lib/libjimage.so
f6eec000-f6eed000 ---p 0001b000 08:04 117534314                          /usr/lib/jvm/java-17-zulu-openjdk-jdk-x86/lib/libjimage.so
f6eed000-f6eee000 r--p 0001b000 08:04 117534314                          /usr/lib/jvm/java-17-zulu-openjdk-jdk-x86/lib/libjimage.so
f6eee000-f6eef000 rw-p 0001c000 08:04 117534314                          /usr/lib/jvm/java-17-zulu-openjdk-jdk-x86/lib/libjimage.so
f6eef000-f6ef3000 rw-p 00000000 00:00 0 
f6ef3000-f6f7b000 r-xp 00000000 08:04 17191875                           /usr/lib/libpcre2-8.so.0.7.1
f6f7b000-f6f7c000 r--p 00087000 08:04 17191875                           /usr/lib/libpcre2-8.so.0.7.1
f6f7c000-f6f7d000 rw-p 00088000 08:04 17191875                           /usr/lib/libpcre2-8.so.0.7.1
f6f7d000-f6f9d000 r-xp 00000000 08:04 17021543                           /usr/lib/libcrypt.so.1.1.0
f6f9d000-f6f9e000 ---p 00020000 08:04 17021543                           /usr/lib/libcrypt.so.1.1.0
f6f9e000-f6f9f000 r--p 00020000 08:04 17021543                           /usr/lib/libcrypt.so.1.1.0
f6f9f000-f6fa8000 rw-p 00000000 00:00 0 
f6fa8000-f6fd3000 r-xp 00000000 08:04 17191887                           /usr/lib/libselinux.so.1
f6fd3000-f6fd4000 ---p 0002b000 08:04 17191887                           /usr/lib/libselinux.so.1
f6fd4000-f6fd5000 r--p 0002b000 08:04 17191887                           /usr/lib/libselinux.so.1
f6fd5000-f6fd6000 rw-p 0002c000 08:04 17191887                           /usr/lib/libselinux.so.1
f6fd6000-f6fd7000 rw-p 00000000 00:00 0 
f6fd7000-f6ff6000 r-xp 00000000 08:04 18866589                           /usr/lib/libbrotlicommon.so.1.0.6
f6ff6000-f6ff7000 r--p 0001e000 08:04 18866589                           /usr/lib/libbrotlicommon.so.1.0.6
f6ff7000-f6ff8000 rw-p 0001f000 08:04 18866589                           /usr/lib/libbrotlicommon.so.1.0.6
f6ff8000-f7016000 r-xp 00000000 08:04 17191915                           /usr/lib/libsasl2.so.3.0.0
f7016000-f7017000 ---p 0001e000 08:04 17191915                           /usr/lib/libsasl2.so.3.0.0
f7017000-f7018000 r--p 0001e000 08:04 17191915                           /usr/lib/libsasl2.so.3.0.0
f7018000-f7019000 rw-p 0001f000 08:04 17191915                           /usr/lib/libsasl2.so.3.0.0
f7019000-f701b000 rw-p 00000000 00:00 0 
f701b000-f702f000 r-xp 00000000 08:04 16831772                           /usr/lib/libresolv-2.28.so
f702f000-f7030000 ---p 00014000 08:04 16831772                           /usr/lib/libresolv-2.28.so
f7030000-f7031000 r--p 00014000 08:04 16831772                           /usr/lib/libresolv-2.28.so
f7031000-f7032000 rw-p 00015000 08:04 16831772                           /usr/lib/libresolv-2.28.so
f7032000-f7034000 rw-p 00000000 00:00 0 
f7034000-f7037000 r-xp 00000000 08:04 17191893                           /usr/lib/libkeyutils.so.1.6
f7037000-f7038000 ---p 00003000 08:04 17191893                           /usr/lib/libkeyutils.so.1.6
f7038000-f7039000 r--p 00003000 08:04 17191893                           /usr/lib/libkeyutils.so.1.6
f7039000-f703a000 rw-p 00000000 00:00 0 
f703a000-f704a000 r-xp 00000000 08:04 17021560                           /usr/lib/libkrb5support.so.0.1
f704a000-f704b000 r--p 0000f000 08:04 17021560                           /usr/lib/libkrb5support.so.0.1
f704b000-f704c000 rw-p 00010000 08:04 17021560                           /usr/lib/libkrb5support.so.0.1
f704c000-f7054000 r-xp 00000000 08:04 16831774                           /usr/lib/librt-2.28.so
f7054000-f7055000 r--p 00007000 08:04 16831774                           /usr/lib/librt-2.28.so
f7055000-f7056000 rw-p 00008000 08:04 16831774                           /usr/lib/librt-2.28.so
f7056000-f71d5000 r-xp 00000000 08:04 17021545                           /usr/lib/libunistring.so.2.1.0
f71d5000-f71d6000 ---p 0017f000 08:04 17021545                           /usr/lib/libunistring.so.2.1.0
f71d6000-f71d8000 r--p 0017f000 08:04 17021545                           /usr/lib/libunistring.so.2.1.0
f71d8000-f71d9000 rw-p 00181000 08:04 17021545                           /usr/lib/libunistring.so.2.1.0
f71d9000-f7203000 r-xp 00000000 08:04 18654292                           /usr/lib/liblzma.so.5.2.4
f7203000-f7204000 r--p 00029000 08:04 18654292                           /usr/lib/liblzma.so.5.2.4
f7204000-f7205000 rw-p 00000000 00:00 0 
f7205000-f7211000 r-xp 00000000 08:04 17191936                           /usr/lib/libbrotlidec.so.1.0.6
f7211000-f7212000 r--p 0000b000 08:04 17191936                           /usr/lib/libbrotlidec.so.1.0.6
f7212000-f7213000 rw-p 00000000 00:00 0 
f7213000-f7222000 r-xp 00000000 08:04 17191918                           /usr/lib/liblber-2.4.so.2.10.9
f7222000-f7223000 r--p 0000e000 08:04 17191918                           /usr/lib/liblber-2.4.so.2.10.9
f7223000-f7224000 rw-p 0000f000 08:04 17191918                           /usr/lib/liblber-2.4.so.2.10.9
f7224000-f7279000 r-xp 00000000 08:04 17191920                           /usr/lib/libldap-2.4.so.2.10.9
f7279000-f727a000 ---p 00055000 08:04 17191920                           /usr/lib/libldap-2.4.so.2.10.9
f727a000-f727b000 r--p 00055000 08:04 17191920                           /usr/lib/libldap-2.4.so.2.10.9
f727b000-f727c000 rw-p 00056000 08:04 17191920                           /usr/lib/libldap-2.4.so.2.10.9
f727c000-f727e000 rw-p 00000000 00:00 0 
f727e000-f7281000 r-xp 00000000 08:04 16994899                           /usr/lib/libcom_err.so.2.1
f7281000-f7282000 r--p 00002000 08:04 16994899                           /usr/lib/libcom_err.so.2.1
f7282000-f7283000 rw-p 00003000 08:04 16994899                           /usr/lib/libcom_err.so.2.1
f7283000-f7299000 r-xp 00000000 08:04 17021552                           /usr/lib/libk5crypto.so.3.1
f7299000-f729a000 ---p 00016000 08:04 17021552                           /usr/lib/libk5crypto.so.3.1
f729a000-f729b000 r--p 00016000 08:04 17021552                           /usr/lib/libk5crypto.so.3.1
f729b000-f729c000 rw-p 00017000 08:04 17021552                           /usr/lib/libk5crypto.so.3.1
f729c000-f737f000 r-xp 00000000 08:04 17021558                           /usr/lib/libkrb5.so.3.3
f737f000-f7386000 r--p 000e2000 08:04 17021558                           /usr/lib/libkrb5.so.3.3
f7386000-f7387000 rw-p 000e9000 08:04 17021558                           /usr/lib/libkrb5.so.3.3
f7387000-f73e2000 r-xp 00000000 08:04 17021548                           /usr/lib/libgssapi_krb5.so.2.2
f73e2000-f73e4000 r--p 0005a000 08:04 17021548                           /usr/lib/libgssapi_krb5.so.2.2
f73e4000-f73e5000 rw-p 0005c000 08:04 17021548                           /usr/lib/libgssapi_krb5.so.2.2
f73e5000-f7696000 r-xp 00000000 08:04 18627877                           /usr/lib/libcrypto.so.1.1.1k
f7696000-f76af000 r--p 002b0000 08:04 18627877                           /usr/lib/libcrypto.so.1.1.1k
f76af000-f76b1000 rw-p 002c9000 08:04 18627877                           /usr/lib/libcrypto.so.1.1.1k
f76b1000-f76b5000 rw-p 00000000 00:00 0 
f76b5000-f7747000 r-xp 00000000 08:04 18627879                           /usr/lib/libssl.so.1.1.1k
f7747000-f774d000 r--p 00091000 08:04 18627879                           /usr/lib/libssl.so.1.1.1k
f774d000-f7751000 rw-p 00097000 08:04 18627879                           /usr/lib/libssl.so.1.1.1k
f7751000-f7761000 r-xp 00000000 08:04 18660120                           /usr/lib/libpsl.so.5.3.1
f7761000-f7762000 r--p 0000f000 08:04 18660120                           /usr/lib/libpsl.so.5.3.1
f7762000-f7763000 rw-p 00000000 00:00 0 
f7763000-f77e0000 r-xp 00000000 08:04 16994901                           /usr/lib/libssh.so.4.8.7
f77e0000-f77e1000 ---p 0007d000 08:04 16994901                           /usr/lib/libssh.so.4.8.7
f77e1000-f77e2000 r--p 0007d000 08:04 16994901                           /usr/lib/libssh.so.4.8.7
f77e2000-f77e3000 rw-p 0007e000 08:04 16994901                           /usr/lib/libssh.so.4.8.7
f77e3000-f7800000 r-xp 00000000 08:04 17040588                           /usr/lib/libidn2.so.0.3.6
f7800000-f7801000 r--p 0001c000 08:04 17040588                           /usr/lib/libidn2.so.0.3.6
f7801000-f7802000 rw-p 00000000 00:00 0 
f7802000-f782a000 r-xp 00000000 08:04 17191891                           /usr/lib/libnghttp2.so.14.17.0
f782a000-f782b000 r--p 00027000 08:04 17191891                           /usr/lib/libnghttp2.so.14.17.0
f782b000-f782d000 rw-p 00028000 08:04 17191891                           /usr/lib/libnghttp2.so.14.17.0
f782d000-f79cf000 r-xp 00000000 08:04 16831756                           /usr/lib/libc-2.28.so
f79cf000-f79d0000 ---p 001a2000 08:04 16831756                           /usr/lib/libc-2.28.so
f79d0000-f79d2000 r--p 001a2000 08:04 16831756                           /usr/lib/libc-2.28.so
f79d2000-f79d3000 rw-p 001a4000 08:04 16831756                           /usr/lib/libc-2.28.so
f79d3000-f79d8000 rw-p 00000000 00:00 0 
f79d8000-f79f3000 r-xp 00000000 08:04 16985139                           /usr/lib/libgcc_s-8-20210514.so.1
f79f3000-f79f4000 r--p 0001a000 08:04 16985139                           /usr/lib/libgcc_s-8-20210514.so.1
f79f4000-f79f5000 rw-p 0001b000 08:04 16985139                           /usr/lib/libgcc_s-8-20210514.so.1
f79f5000-f7ac5000 r-xp 00000000 08:04 16831760                           /usr/lib/libm-2.28.so
f7ac5000-f7ac6000 r--p 000cf000 08:04 16831760                           /usr/lib/libm-2.28.so
f7ac6000-f7ac7000 rw-p 000d0000 08:04 16831760                           /usr/lib/libm-2.28.so
f7ac7000-f7c50000 r-xp 00000000 08:04 16985145                           /usr/lib/libstdc++.so.6.0.25
f7c50000-f7c51000 ---p 00189000 08:04 16985145                           /usr/lib/libstdc++.so.6.0.25
f7c51000-f7c57000 r--p 00189000 08:04 16985145                           /usr/lib/libstdc++.so.6.0.25
f7c57000-f7c58000 rw-p 0018f000 08:04 16985145                           /usr/lib/libstdc++.so.6.0.25
f7c58000-f7c5a000 rw-p 00000000 00:00 0 
f7c5a000-f7c71000 r-xp 00000000 08:04 16963437                           /usr/lib/libz.so.1.2.11
f7c71000-f7c72000 ---p 00017000 08:04 16963437                           /usr/lib/libz.so.1.2.11
f7c72000-f7c73000 r--p 00017000 08:04 16963437                           /usr/lib/libz.so.1.2.11
f7c73000-f7c74000 rw-p 00000000 00:00 0 
f7c74000-f7df1000 r-xp 00000000 08:04 16963397                           /usr/lib/libxml2.so.2.9.7
f7df1000-f7df6000 r--p 0017c000 08:04 16963397                           /usr/lib/libxml2.so.2.9.7
f7df6000-f7df7000 rw-p 00181000 08:04 16963397                           /usr/lib/libxml2.so.2.9.7
f7df7000-f7df8000 rw-p 00000000 00:00 0 
f7df8000-f7e14000 r-xp 00000000 08:04 16831770                           /usr/lib/libpthread-2.28.so
f7e14000-f7e15000 r--p 0001b000 08:04 16831770                           /usr/lib/libpthread-2.28.so
f7e15000-f7e16000 rw-p 0001c000 08:04 16831770                           /usr/lib/libpthread-2.28.so
f7e16000-f7e18000 rw-p 00000000 00:00 0 
f7e18000-f7e8c000 r-xp 00000000 08:04 16818911                           /usr/lib/libpcre.so.1.2.10
f7e8c000-f7e8d000 ---p 00074000 08:04 16818911                           /usr/lib/libpcre.so.1.2.10
f7e8d000-f7e8e000 r--p 00074000 08:04 16818911                           /usr/lib/libpcre.so.1.2.10
f7e8e000-f7e8f000 rw-p 00075000 08:04 16818911                           /usr/lib/libpcre.so.1.2.10
f7e8f000-f7e92000 r-xp 00000000 08:04 16831758                           /usr/lib/libdl-2.28.so
f7e92000-f7e93000 r--p 00002000 08:04 16831758                           /usr/lib/libdl-2.28.so
f7e93000-f7e94000 rw-p 00003000 08:04 16831758                           /usr/lib/libdl-2.28.so
f7e94000-f7f31000 r-xp 00000000 08:04 16994905                           /usr/lib/libcurl.so.4.5.0
f7f31000-f7f33000 r--p 0009c000 08:04 16994905                           /usr/lib/libcurl.so.4.5.0
f7f33000-f7f34000 rw-p 0009e000 08:04 16994905                           /usr/lib/libcurl.so.4.5.0
f7f34000-f7f3b000 r--s 00000000 08:04 176632422                          /usr/lib/gconv/gconv-modules.cache
f7f3b000-f7f43000 rw-s 00000000 08:04 151635551                          /tmp/hsperfdata_almalinux/1431927 (deleted)
f7f43000-f7f44000 ---p 00000000 00:00 0 
f7f44000-f7f45000 r--p 00000000 00:00 0 
f7f45000-f7f47000 rw-p 00000000 00:00 0 
f7f47000-f7f4b000 r--p 00000000 00:00 0                                  [vvar]
f7f4b000-f7f4d000 r-xp 00000000 00:00 0                                  [vdso]
f7f4d000-f7f7c000 r-xp 00000000 08:04 16831749                           /usr/lib/ld-2.28.so
f7f7c000-f7f7d000 ---p 00000000 00:00 0 
f7f7d000-f7f7e000 r--p 0002f000 08:04 16831749                           /usr/lib/ld-2.28.so
f7f7e000-f7f7f000 rw-p 00030000 08:04 16831749                           /usr/lib/ld-2.28.so
ff900000-ff901000 rwxp 00000000 00:00 0 
ffa09000-ffac5000 rw-p 00000000 00:00 0                                  [stack]


VM Arguments:
jvm_args: -Xms128m -Xmx512m -Xss768k -XX:MaxMetaspaceSize=96m -Xrs -XX:-UsePerfData -XX:-AllowUserSignalHandlers -XX:UseSSE=3 -XX+DoEscapeAnalysis -XX:AutoBoxCacheMax:2000 -XX:+OptimizeStringConcat -XX:+OptimizeFill -XX:+EliminateAutoBox -XX:+UseCompressedStrings -XX:+UseCompressedOops -XX:+EliminateLocks -XX:UseFastAccessorMethods -XX:+UseStringCache -XgcPrio:throughput -XXkeepAreaRatio:1 -XXlazyUnlocking -XXcallProfiling -XXcompactRatio:1 
java_command: <unknown>
java_class_path (initial): ../../data/sku.0/sys.server/compiled/game/
Launcher Type: generic

[Global flags]
     intx CICompilerCount                          = 3                                         {product} {ergonomic}
     uint ConcGCThreads                            = 1                                         {product} {ergonomic}
     uint G1ConcRefinementThreads                  = 4                                         {product} {ergonomic}
   size_t G1HeapRegionSize                         = 1048576                                   {product} {ergonomic}
    uintx GCDrainStackTargetSize                   = 64                                        {product} {ergonomic}
   size_t InitialHeapSize                          = 134217728                                 {product} {command line}
   size_t MarkStackSize                            = 32768                                     {product} {ergonomic}
   size_t MaxHeapSize                              = 536870912                                 {product} {command line}
   size_t MaxMetaspaceSize                         = 100663296                                 {product} {command line}
   size_t MaxNewSize                               = 321912832                                 {product} {ergonomic}
   size_t MinHeapDeltaBytes                        = 1048576                                   {product} {ergonomic}
   size_t MinHeapSize                              = 134217728                                 {product} {command line}
    uintx NonNMethodCodeHeapSize                   = 5544422                                {pd product} {ergonomic}
    uintx NonProfiledCodeHeapSize                  = 123056909                              {pd product} {ergonomic}
    uintx ProfiledCodeHeapSize                     = 123056909                              {pd product} {ergonomic}
    uintx ReservedCodeCacheSize                    = 251658240                              {pd product} {ergonomic}
     bool SegmentedCodeCache                       = true                                      {product} {ergonomic}
   size_t SoftMaxHeapSize                          = 536870912                              {manageable} {ergonomic}
   double SweeperThreshold                         = 0.500000                                  {product} {ergonomic}
     intx ThreadStackSize                          = 768                                    {pd product} {command line}
     bool UseG1GC                                  = true                                      {product} {ergonomic}

Logging:
Log output configuration:
 #0: stdout all=off uptime,level,tags
 #1: stderr all=off uptime,level,tags

Environment Variables:
JAVA_HOME=/usr/lib/jvm/zulu-17-x86
PATH=/usr/java/jdk1.7.0_80/bin:/usr/java/jdk1.7.0_80/bin:/usr/java/jdk1.6.0_45/bin:/usr/java/jdk1.6.0_45/bin:/usr/java/jdk1.6.0_45/bin:/home/almalinux/.local/bin:/home/almalinux/bin:/sbin:/bin:/usr/bin:/usr/local/bin:/usr/local/sbin:/usr/sbin:/usr/lib/oracle/18.3/client/bin:/usr/lib/oracle/18.3/client/bin:/usr/lib/jvm/java-11-openjdk/bin:./
LD_LIBRARY_PATH=/usr/lib/jvm/java-17-zulu-openjdk-jdk-x86/lib/server:/usr/lib/jvm/java-17-zulu-openjdk-jdk-x86/lib:/usr/lib/jvm/java-17-zulu-openjdk-jdk-x86/../lib:/usr/lib/jvm/zulu-17-x86/lib/server:/usr/lib/jvm/java-11-openjdk/lib:/usr/lib/jvm/java-11-openjdk/lib/server:./
SHELL=/bin/bash
DISPLAY=:10.0
LANG=en_US.UTF-8
TERM=xterm-256color

Active Locale:
LC_ALL=en_US.UTF-8
LC_COLLATE=en_US.UTF-8
LC_CTYPE=en_US.UTF-8
LC_MESSAGES=en_US.UTF-8
LC_MONETARY=en_US.UTF-8
LC_NUMERIC=en_US.UTF-8
LC_TIME=en_US.UTF-8

Signal Handlers:
   SIGSEGV: crash_handler in libjvm.so, mask=11100100010111111101111111111110, flags=SA_RESTART|SA_SIGINFO, unblocked
    SIGBUS: crash_handler in libjvm.so, mask=11100100010111111101111111111110, flags=SA_RESTART|SA_SIGINFO, unblocked
    SIGFPE: crash_handler in libjvm.so, mask=11100100010111111101111111111110, flags=SA_RESTART|SA_SIGINFO, unblocked
   SIGPIPE: SIG_IGN, mask=00000000000010000000000000000000, flags=SA_RESTART, blocked
  *** Handler was modified!
  *** Expected: javaSignalHandler in libjvm.so, mask=11100100110111111111111111111110, flags=SA_RESTART|SA_SIGINFO
   SIGXFSZ: javaSignalHandler in libjvm.so, mask=11100100010111111101111111111110, flags=SA_RESTART|SA_SIGINFO, blocked
    SIGILL: crash_handler in libjvm.so, mask=11100100010111111101111111111110, flags=SA_RESTART|SA_SIGINFO, unblocked
   SIGUSR2: SR_handler in libjvm.so, mask=00100000000000000000000000000000, flags=SA_RESTART|SA_SIGINFO, blocked
    SIGHUP: UserHandler in libjvm.so, mask=11100100010111111101111111111110, flags=SA_RESTART|SA_SIGINFO, blocked
    SIGINT: UserHandler in libjvm.so, mask=11100100010111111101111111111110, flags=SA_RESTART|SA_SIGINFO, blocked
   SIGTERM: UserHandler in libjvm.so, mask=11100100010111111101111111111110, flags=SA_RESTART|SA_SIGINFO, blocked
   SIGQUIT: UserHandler in libjvm.so, mask=11100100010111111101111111111110, flags=SA_RESTART|SA_SIGINFO, blocked
   SIGTRAP: crash_handler in libjvm.so, mask=11100100010111111101111111111110, flags=SA_RESTART|SA_SIGINFO, unblocked


Periodic native trim disabled


---------------  S Y S T E M  ---------------

OS:
AlmaLinux release 8.10 (Cerulean Leopard)
uname: Linux 4.18.0-553.81.1.el8_10.x86_64 #1 SMP Mon Oct 27 11:29:19 EDT 2025 x86_64
OS uptime: 33 days 23:37 hours
libc: glibc 2.28 NPTL 2.28 
rlimit (soft/hard): STACK 8192k/infinity , CORE 0k/infinity , NPROC 61995/61995 , NOFILE 262144/262144 , AS infinity/infinity , CPU infinity/infinity , DATA infinity/infinity , FSIZE infinity/infinity , MEMLOCK 64k/64k
load average: 47.09 36.06 35.30

/proc/meminfo:
MemTotal:       16014448 kB
MemFree:         1449356 kB
MemAvailable:    7485044 kB
Buffers:            1056 kB
Cached:          8766084 kB
SwapCached:            0 kB
Active:          2620436 kB
Inactive:       11043808 kB
Active(anon):    2069924 kB
Inactive(anon):  5692468 kB
Active(file):     550512 kB
Inactive(file):  5351340 kB
Unevictable:        3104 kB
Mlocked:              16 kB
SwapTotal:       8388604 kB
SwapFree:        8388604 kB
Dirty:              1844 kB
Writeback:             0 kB
AnonPages:       4874164 kB
Mapped:          1571360 kB
Shmem:           2865288 kB
KReclaimable:     310880 kB
Slab:             466760 kB
SReclaimable:     310880 kB
SUnreclaim:       155880 kB
KernelStack:       23876 kB
PageTables:       150600 kB
NFS_Unstable:          0 kB
Bounce:                0 kB
WritebackTmp:          0 kB
CommitLimit:    16395828 kB
Committed_AS:   21836300 kB
VmallocTotal:   34359738367 kB
VmallocUsed:       69960 kB
VmallocChunk:          0 kB
Percpu:             2704 kB
HardwareCorrupted:     0 kB
AnonHugePages:         0 kB
ShmemHugePages:        0 kB
ShmemPmdMapped:        0 kB
FileHugePages:         0 kB
FilePmdMapped:         0 kB
HugePages_Total:       0
HugePages_Free:        0
HugePages_Rsvd:        0
HugePages_Surp:        0
Hugepagesize:       2048 kB
Hugetlb:               0 kB
DirectMap4k:     2942828 kB
DirectMap2M:    13441024 kB

/sys/kernel/mm/transparent_hugepage/enabled: always madvise [never]
/sys/kernel/mm/transparent_hugepage/hpage_pmd_size: 2097152
/sys/kernel/mm/transparent_hugepage/defrag (defrag/compaction efforts parameter): always defer defer+madvise [madvise] never

Process Memory:
Virtual Size: 998468K (peak: 1011732K)
Resident Set Size: 141192K (peak: 147036K) (anon: 108572K, file: 32620K, shmem: 0K)
Swapped out: 0K
C-Heap outstanding allocations: 17256K, retained: 72260K
glibc malloc tunables: (default)

/proc/sys/kernel/threads-max (system-wide limit on the number of threads): 123991
/proc/sys/vm/max_map_count (maximum number of memory map areas a process may have): 1677720
/proc/sys/kernel/pid_max (system-wide limit on number of process identifiers): 4194304

container (cgroup) information:
container_type: cgroupv1
cpu_cpuset_cpus: 0-3
cpu_memory_nodes: 0
active_processor_count: 4
cpu_quota: no quota
cpu_period: 100000
cpu_shares: no shares
memory_limit_in_bytes: unlimited
memory_and_swap_limit_in_bytes: unlimited
memory_soft_limit_in_bytes: unlimited
memory_usage_in_bytes: 12509516 k
memory_max_usage_in_bytes: 14783012 k
kernel_memory_usage_in_bytes: 346880 k
kernel_memory_max_usage_in_bytes: unlimited
kernel_memory_limit_in_bytes: 985464 k
maximum number of tasks: unlimited
current number of tasks: 715

KVM virtualization detected
Steal ticks since vm start: 5
Steal ticks percentage since vm start:  0.000

CPU: total 4 (initial active 4) (1 cores per cpu, 1 threads per core) family 6 model 60 stepping 1 microcode 0x1, cx8, cmov, fxsr, mmx, sse, sse2, sse3, ssse3, sse4.1, sse4.2, popcnt, lzcnt, tsc, avx, avx2, aes, erms, clmul, bmi1, bmi2, fma, vzeroupper, clflush, hv
CPU Model and flags from /proc/cpuinfo:
model name	: Intel Core Processor (Haswell, no TSX)
flags		: fpu vme de pse tsc msr pae mce cx8 apic sep mtrr pge mca cmov pat pse36 clflush mmx fxsr sse sse2 syscall nx rdtscp lm constant_tsc rep_good nopl xtopology cpuid tsc_known_freq pni pclmulqdq vmx ssse3 fma cx16 pcid sse4_1 sse4_2 x2apic movbe popcnt tsc_deadline_timer aes xsave avx f16c rdrand hypervisor lahf_lm abm cpuid_fault invpcid_single pti tpr_shadow vnmi flexpriority ept vpid ept_ad fsgsbase bmi1 avx2 smep bmi2 erms invpcid xsaveopt arat md_clear

Online cpus: 0-3
Offline cpus: 
BIOS frequency limitation: <Not Available>
Frequency switch latency (ns): <Not Available>
Available cpu frequencies: <Not Available>
Current governor: <Not Available>
Core performance/turbo boost: <Not Available>

Memory: 4k page, physical 16014448k(1482872k free), swap 8388604k(8388604k free)
Page Sizes: 4k

vm_info: OpenJDK Server VM (17.0.11+9-LTS) for linux-x86 JRE (17.0.11+9-LTS) (Zulu17.50+19-CA), built on Apr  9 2024 07:14:46 by "zulu_re" with gcc 8.3.0

END.
