#
# A fatal error has been detected by the Java Runtime Environment:
#
#  SIGSEGV (0xb) at pc=0xf78f5618, pid=11496, tid=11496
#
# JRE version: OpenJDK Runtime Environment Zulu17.50+19-CA (17.0.11+9) (build 17.0.11+9-LTS)
# Java VM: OpenJDK Server VM Zulu17.50+19-CA (17.0.11+9-LTS, mixed mode, sharing, tiered, g1 gc, linux-x86)
# Problematic frame:
# C  [libc.so.6+0x84618]  cfree+0x28
#
# Core dump will be written. Default location: Core dumps may be processed with "/usr/lib/systemd/systemd-coredump %P %u %g %s %t %c %h %e" (or dumping to /home/almalinux/swg-returns-nge/exe/linux/core.11496)
#
# If you would like to submit a bug report, please visit:
#   http://www.azul.com/support/
#

---------------  S U M M A R Y ------------

Command Line: -Xms128m -Xmx512m -Xss768k -XX:MaxMetaspaceSize=96m -Xrs -XX:-UsePerfData -XX:-AllowUserSignalHandlers -XX:UseSSE=3 -XX+DoEscapeAnalysis -XX:AutoBoxCacheMax:2000 -XX:+OptimizeStringConcat -XX:+OptimizeFill -XX:+EliminateAutoBox -XX:+UseCompressedStrings -XX:+UseCompressedOops -XX:+EliminateLocks -XX:UseFastAccessorMethods -XX:+UseStringCache -XgcPrio:throughput -XXkeepAreaRatio:1 -XXlazyUnlocking -XXcallProfiling -XXcompactRatio:1 

Host: Intel Core Processor (Haswell, no TSX), 4 cores, 15G, AlmaLinux release 8.10 (Cerulean Leopard)
Time: Sun Jan 25 22:09:54 2026 UTC elapsed time: 23.258171 seconds (0d 0h 0m 23s)

---------------  T H R E A D  ---------------

Current thread is native thread

Stack: [0xff857000,0xff917000],  sp=0xff913fe0,  free space=755k
Native frames: (J=compiled Java code, j=interpreted, Vv=VM code, C=native code)
C  [libc.so.6+0x84618]  cfree+0x28


siginfo: si_signo: 11 (SIGSEGV), si_code: 1 (SEGV_MAPERR), si_addr: 0x00000003

Registers:
EAX=0x00000000, EBX=0x00000007, ECX=0xf6f3384c, EDX=0x0ae3ee58
ESP=0xff913fe0, EBP=0xff914118, ESI=0xf7a16000, EDI=0x00000000
EIP=0xf78f5618, EFLAGS=0x00210202, CR2=0x0000000000000003


Top of Stack: (sp=0xff913fe0)
0xff913fe0:   0aac2000 00000000 ff914118 f7b82f1c
0xff913ff0:   0aac2090 f7c99a04 0ae3ee30 f7b82f1c
0xff914000:   00000007 f7b82f0a f7c99a04 f7b82f4c
0xff914010:   0aac2090 f7b82f0a 0ae42bd0 085b6163
0xff914020:   00000007 0aac2000 0aac1d10 085bb8d1
0xff914030:   0aac2000 0aac1d10 00000000 085bb89b
0xff914040:   0c2d7430 ff914067 ff91408c 085c6969
0xff914050:   087d6c00 ff91408c ff914118 084fc53b
0xff914060:   00000014 00010002 00000000 00000000
0xff914070:   01010100 00000001 09aa44c0 00000000
0xff914080:   00000000 00000000 00000000 00000000
0xff914090:   00000000 00000013 ff9141e8 f78a66ff
0xff9140a0:   f7a1641c 47677753 53656d61 65767265
0xff9140b0:   31313a72 00363934 09290100 0ae241f0
0xff9140c0:   08ea0100 08ebc230 08ea5888 f7a1641c
0xff9140d0:   00000428 00000420 f78a6779 085758fd
0xff9140e0:   08ea2a80 09b1ea78 08ea5888 08574f56
0xff9140f0:   0929a2c4 0929a2c4 ff9141e8 08ea583b
0xff914100:   0000000c ff9141b4 ff914130 f7a16000
0xff914110:   00000000 08575910 00000000 f788ef26
0xff914120:   00000000 08575910 00000000 f788ef26
0xff914130:   0000000c ff9141b4 ff9141e8 ff914154
0xff914140:   0929a2d0 00000000 ff9141e8 f7a16000
0xff914150:   f787e75c f7a16000 00000000 08575910
0xff914160:   00000000 6bb44b59 58ebe349 00000000
0xff914170:   00000000 00000000 f7f954d0 f788ee30
0xff914180:   084fc260 0929a2c4 0000000c 08575946
0xff914190:   084fc260 0000000c ff9141b4 08ea57f0
0xff9141a0:   08ea5850 f7f954d0 ff9141ac f7fc2970
0xff9141b0:   0000000c ff915639 ff91564b ff91564e
0xff9141c0:   ff915660 ff915663 ff91566e ff915692
0xff9141d0:   ff9156a2 ff9156b5 ff9156d8 ff9156db 

Instructions: (pc=0xf78f5618)
0xf78f5518:   50 8d 96 86 f7 fa ff 8d 86 d0 2f fb ff e8 c6 b7
0xf78f5528:   ff ff 8d b6 00 00 00 00 bb 20 00 00 00 e9 5e fe
0xf78f5538:   ff ff e8 a1 c0 ff ff 89 c5 85 c0 0f 85 68 ff ff
0xf78f5548:   ff 31 d2 8d 44 3b 10 e8 8c c1 ff ff 89 da 89 f9
0xf78f5558:   89 c5 e8 11 f0 ff ff 89 c2 85 c0 75 1b 85 ed 74
0xf78f5568:   17 90 89 fa 89 e8 e8 bd c5 ff ff 89 da 89 f9 89
0xf78f5578:   c5 e8 f2 ef ff ff 89 c2 85 ed 0f 84 57 ff ff ff
0xf78f5588:   e9 39 ff ff ff 8d 86 b8 31 fb ff 83 ec 0c b9 25
0xf78f5598:   0d 00 00 50 8d 96 86 f7 fa ff 8d 86 74 2f fb ff
0xf78f55a8:   e8 43 b7 ff ff 8d 76 00 f3 0f 1e fb e8 0a 9a f9
0xf78f55b8:   ff 05 47 0a 12 00 56 53 83 ec 04 8b 5c 24 10 8b
0xf78f55c8:   74 24 14 8b 80 50 ff ff ff c7 00 00 00 00 00 e8
0xf78f55d8:   54 bb ff ff 8b 4c 24 0c 83 c4 04 89 f2 89 d8 5b
0xf78f55e8:   5e e9 42 fd ff ff 66 90 f3 0f 1e fb 56 e8 9a 9b
0xf78f55f8:   f9 ff 81 c6 06 0a 12 00 53 83 ec 14 8b 5c 24 20
0xf78f5608:   8b 86 5c ff ff ff 8b 00 85 c0 75 6c 85 db 74 75
0xf78f5618:   8b 4b fc 8d 53 f8 f6 c1 02 75 35 8b 86 70 fe ff
0xf78f5628:   ff 65 8b 00 85 c0 0f 84 8c 00 00 00 83 e1 04 8d
0xf78f5638:   86 60 07 00 00 74 09 89 d0 25 00 00 f0 ff 8b 00
0xf78f5648:   83 c4 14 31 c9 5b 5e e9 8c cb ff ff 8d 74 26 00
0xf78f5658:   8b 9e 60 01 00 00 85 db 75 10 3b 8e 48 01 00 00
0xf78f5668:   76 08 81 f9 00 00 08 00 76 26 83 c4 14 89 d0 5b
0xf78f5678:   5e e9 92 b8 ff ff 66 90 83 ec 08 ff 74 24 24 53
0xf78f5688:   ff d0 83 c4 10 83 c4 14 5b 5e c3 8d 74 26 00 90
0xf78f5698:   39 96 80 1d 00 00 77 08 39 96 7c 1d 00 00 77 ca
0xf78f56a8:   83 e1 f8 8d 04 09 89 8e 48 01 00 00 89 86 40 01
0xf78f56b8:   00 00 90 eb b5 8d 76 00 8b 86 74 fe ff ff 65 80
0xf78f56c8:   38 00 0f 85 64 ff ff ff 89 54 24 0c e8 97 ed ff
0xf78f56d8:   ff 8b 4b fc 8b 54 24 0c e9 4f ff ff ff 8d b4 26
0xf78f56e8:   00 00 00 00 8d 74 26 00 f3 0f 1e fb 55 57 56 e8
0xf78f56f8:   98 9a f9 ff 81 c6 04 09 12 00 53 83 ec 0c 8b 86
0xf78f5708:   70 fe ff ff 8b 96 74 fe ff ff 65 8b 28 65 c6 02 



---------------  P R O C E S S  ---------------

VM state: at safepoint (shutting down)

VM Mutex/Monitor currently owned by a thread:  ([mutex/lock_event])
[0xf5e21d30] Threads_lock - owner thread: 0xc4294cf0

GC Precious Log:
<Skipped>

Heap:
 garbage-first heap   total 131072K, used 2902K [0xc5c00000, 0xe5c00000)
  region size 1024K, 3 young (3072K), 0 survivors (0K)
 Metaspace       used 1075K, committed 1152K, reserved 16384K

Heap Regions: E=young(eden), S=young(survivor), O=old, HS=humongous(starts), HC=humongous(continues), CS=collection set, F=free, OA=open archive, CA=closed archive, TAMS=top-at-mark-start (previous, next)
|   0|0xc5c00000, 0xc5c00000, 0xc5d00000|  0%| F|  |TAMS 0xc5c00000, 0xc5c00000| Untracked 
|   1|0xc5d00000, 0xc5d00000, 0xc5e00000|  0%| F|  |TAMS 0xc5d00000, 0xc5d00000| Untracked 
|   2|0xc5e00000, 0xc5e00000, 0xc5f00000|  0%| F|  |TAMS 0xc5e00000, 0xc5e00000| Untracked 
|   3|0xc5f00000, 0xc5f00000, 0xc6000000|  0%| F|  |TAMS 0xc5f00000, 0xc5f00000| Untracked 
|   4|0xc6000000, 0xc6000000, 0xc6100000|  0%| F|  |TAMS 0xc6000000, 0xc6000000| Untracked 
|   5|0xc6100000, 0xc6100000, 0xc6200000|  0%| F|  |TAMS 0xc6100000, 0xc6100000| Untracked 
|   6|0xc6200000, 0xc6200000, 0xc6300000|  0%| F|  |TAMS 0xc6200000, 0xc6200000| Untracked 
|   7|0xc6300000, 0xc6300000, 0xc6400000|  0%| F|  |TAMS 0xc6300000, 0xc6300000| Untracked 
|   8|0xc6400000, 0xc6400000, 0xc6500000|  0%| F|  |TAMS 0xc6400000, 0xc6400000| Untracked 
|   9|0xc6500000, 0xc6500000, 0xc6600000|  0%| F|  |TAMS 0xc6500000, 0xc6500000| Untracked 
|  10|0xc6600000, 0xc6600000, 0xc6700000|  0%| F|  |TAMS 0xc6600000, 0xc6600000| Untracked 
|  11|0xc6700000, 0xc6700000, 0xc6800000|  0%| F|  |TAMS 0xc6700000, 0xc6700000| Untracked 
|  12|0xc6800000, 0xc6800000, 0xc6900000|  0%| F|  |TAMS 0xc6800000, 0xc6800000| Untracked 
|  13|0xc6900000, 0xc6900000, 0xc6a00000|  0%| F|  |TAMS 0xc6900000, 0xc6900000| Untracked 
|  14|0xc6a00000, 0xc6a00000, 0xc6b00000|  0%| F|  |TAMS 0xc6a00000, 0xc6a00000| Untracked 
|  15|0xc6b00000, 0xc6b00000, 0xc6c00000|  0%| F|  |TAMS 0xc6b00000, 0xc6b00000| Untracked 
|  16|0xc6c00000, 0xc6c00000, 0xc6d00000|  0%| F|  |TAMS 0xc6c00000, 0xc6c00000| Untracked 
|  17|0xc6d00000, 0xc6d00000, 0xc6e00000|  0%| F|  |TAMS 0xc6d00000, 0xc6d00000| Untracked 
|  18|0xc6e00000, 0xc6e00000, 0xc6f00000|  0%| F|  |TAMS 0xc6e00000, 0xc6e00000| Untracked 
|  19|0xc6f00000, 0xc6f00000, 0xc7000000|  0%| F|  |TAMS 0xc6f00000, 0xc6f00000| Untracked 
|  20|0xc7000000, 0xc7000000, 0xc7100000|  0%| F|  |TAMS 0xc7000000, 0xc7000000| Untracked 
|  21|0xc7100000, 0xc7100000, 0xc7200000|  0%| F|  |TAMS 0xc7100000, 0xc7100000| Untracked 
|  22|0xc7200000, 0xc7200000, 0xc7300000|  0%| F|  |TAMS 0xc7200000, 0xc7200000| Untracked 
|  23|0xc7300000, 0xc7300000, 0xc7400000|  0%| F|  |TAMS 0xc7300000, 0xc7300000| Untracked 
|  24|0xc7400000, 0xc7400000, 0xc7500000|  0%| F|  |TAMS 0xc7400000, 0xc7400000| Untracked 
|  25|0xc7500000, 0xc7500000, 0xc7600000|  0%| F|  |TAMS 0xc7500000, 0xc7500000| Untracked 
|  26|0xc7600000, 0xc7600000, 0xc7700000|  0%| F|  |TAMS 0xc7600000, 0xc7600000| Untracked 
|  27|0xc7700000, 0xc7700000, 0xc7800000|  0%| F|  |TAMS 0xc7700000, 0xc7700000| Untracked 
|  28|0xc7800000, 0xc7800000, 0xc7900000|  0%| F|  |TAMS 0xc7800000, 0xc7800000| Untracked 
|  29|0xc7900000, 0xc7900000, 0xc7a00000|  0%| F|  |TAMS 0xc7900000, 0xc7900000| Untracked 
|  30|0xc7a00000, 0xc7a00000, 0xc7b00000|  0%| F|  |TAMS 0xc7a00000, 0xc7a00000| Untracked 
|  31|0xc7b00000, 0xc7b00000, 0xc7c00000|  0%| F|  |TAMS 0xc7b00000, 0xc7b00000| Untracked 
|  32|0xc7c00000, 0xc7c00000, 0xc7d00000|  0%| F|  |TAMS 0xc7c00000, 0xc7c00000| Untracked 
|  33|0xc7d00000, 0xc7d00000, 0xc7e00000|  0%| F|  |TAMS 0xc7d00000, 0xc7d00000| Untracked 
|  34|0xc7e00000, 0xc7e00000, 0xc7f00000|  0%| F|  |TAMS 0xc7e00000, 0xc7e00000| Untracked 
|  35|0xc7f00000, 0xc7f00000, 0xc8000000|  0%| F|  |TAMS 0xc7f00000, 0xc7f00000| Untracked 
|  36|0xc8000000, 0xc8000000, 0xc8100000|  0%| F|  |TAMS 0xc8000000, 0xc8000000| Untracked 
|  37|0xc8100000, 0xc8100000, 0xc8200000|  0%| F|  |TAMS 0xc8100000, 0xc8100000| Untracked 
|  38|0xc8200000, 0xc8200000, 0xc8300000|  0%| F|  |TAMS 0xc8200000, 0xc8200000| Untracked 
|  39|0xc8300000, 0xc8300000, 0xc8400000|  0%| F|  |TAMS 0xc8300000, 0xc8300000| Untracked 
|  40|0xc8400000, 0xc8400000, 0xc8500000|  0%| F|  |TAMS 0xc8400000, 0xc8400000| Untracked 
|  41|0xc8500000, 0xc8500000, 0xc8600000|  0%| F|  |TAMS 0xc8500000, 0xc8500000| Untracked 
|  42|0xc8600000, 0xc8600000, 0xc8700000|  0%| F|  |TAMS 0xc8600000, 0xc8600000| Untracked 
|  43|0xc8700000, 0xc8700000, 0xc8800000|  0%| F|  |TAMS 0xc8700000, 0xc8700000| Untracked 
|  44|0xc8800000, 0xc8800000, 0xc8900000|  0%| F|  |TAMS 0xc8800000, 0xc8800000| Untracked 
|  45|0xc8900000, 0xc8900000, 0xc8a00000|  0%| F|  |TAMS 0xc8900000, 0xc8900000| Untracked 
|  46|0xc8a00000, 0xc8a00000, 0xc8b00000|  0%| F|  |TAMS 0xc8a00000, 0xc8a00000| Untracked 
|  47|0xc8b00000, 0xc8b00000, 0xc8c00000|  0%| F|  |TAMS 0xc8b00000, 0xc8b00000| Untracked 
|  48|0xc8c00000, 0xc8c00000, 0xc8d00000|  0%| F|  |TAMS 0xc8c00000, 0xc8c00000| Untracked 
|  49|0xc8d00000, 0xc8d00000, 0xc8e00000|  0%| F|  |TAMS 0xc8d00000, 0xc8d00000| Untracked 
|  50|0xc8e00000, 0xc8e00000, 0xc8f00000|  0%| F|  |TAMS 0xc8e00000, 0xc8e00000| Untracked 
|  51|0xc8f00000, 0xc8f00000, 0xc9000000|  0%| F|  |TAMS 0xc8f00000, 0xc8f00000| Untracked 
|  52|0xc9000000, 0xc9000000, 0xc9100000|  0%| F|  |TAMS 0xc9000000, 0xc9000000| Untracked 
|  53|0xc9100000, 0xc9100000, 0xc9200000|  0%| F|  |TAMS 0xc9100000, 0xc9100000| Untracked 
|  54|0xc9200000, 0xc9200000, 0xc9300000|  0%| F|  |TAMS 0xc9200000, 0xc9200000| Untracked 
|  55|0xc9300000, 0xc9300000, 0xc9400000|  0%| F|  |TAMS 0xc9300000, 0xc9300000| Untracked 
|  56|0xc9400000, 0xc9400000, 0xc9500000|  0%| F|  |TAMS 0xc9400000, 0xc9400000| Untracked 
|  57|0xc9500000, 0xc9500000, 0xc9600000|  0%| F|  |TAMS 0xc9500000, 0xc9500000| Untracked 
|  58|0xc9600000, 0xc9600000, 0xc9700000|  0%| F|  |TAMS 0xc9600000, 0xc9600000| Untracked 
|  59|0xc9700000, 0xc9700000, 0xc9800000|  0%| F|  |TAMS 0xc9700000, 0xc9700000| Untracked 
|  60|0xc9800000, 0xc9800000, 0xc9900000|  0%| F|  |TAMS 0xc9800000, 0xc9800000| Untracked 
|  61|0xc9900000, 0xc9900000, 0xc9a00000|  0%| F|  |TAMS 0xc9900000, 0xc9900000| Untracked 
|  62|0xc9a00000, 0xc9a00000, 0xc9b00000|  0%| F|  |TAMS 0xc9a00000, 0xc9a00000| Untracked 
|  63|0xc9b00000, 0xc9b00000, 0xc9c00000|  0%| F|  |TAMS 0xc9b00000, 0xc9b00000| Untracked 
|  64|0xc9c00000, 0xc9c00000, 0xc9d00000|  0%| F|  |TAMS 0xc9c00000, 0xc9c00000| Untracked 
|  65|0xc9d00000, 0xc9d00000, 0xc9e00000|  0%| F|  |TAMS 0xc9d00000, 0xc9d00000| Untracked 
|  66|0xc9e00000, 0xc9e00000, 0xc9f00000|  0%| F|  |TAMS 0xc9e00000, 0xc9e00000| Untracked 
|  67|0xc9f00000, 0xc9f00000, 0xca000000|  0%| F|  |TAMS 0xc9f00000, 0xc9f00000| Untracked 
|  68|0xca000000, 0xca000000, 0xca100000|  0%| F|  |TAMS 0xca000000, 0xca000000| Untracked 
|  69|0xca100000, 0xca100000, 0xca200000|  0%| F|  |TAMS 0xca100000, 0xca100000| Untracked 
|  70|0xca200000, 0xca200000, 0xca300000|  0%| F|  |TAMS 0xca200000, 0xca200000| Untracked 
|  71|0xca300000, 0xca300000, 0xca400000|  0%| F|  |TAMS 0xca300000, 0xca300000| Untracked 
|  72|0xca400000, 0xca400000, 0xca500000|  0%| F|  |TAMS 0xca400000, 0xca400000| Untracked 
|  73|0xca500000, 0xca500000, 0xca600000|  0%| F|  |TAMS 0xca500000, 0xca500000| Untracked 
|  74|0xca600000, 0xca600000, 0xca700000|  0%| F|  |TAMS 0xca600000, 0xca600000| Untracked 
|  75|0xca700000, 0xca700000, 0xca800000|  0%| F|  |TAMS 0xca700000, 0xca700000| Untracked 
|  76|0xca800000, 0xca800000, 0xca900000|  0%| F|  |TAMS 0xca800000, 0xca800000| Untracked 
|  77|0xca900000, 0xca900000, 0xcaa00000|  0%| F|  |TAMS 0xca900000, 0xca900000| Untracked 
|  78|0xcaa00000, 0xcaa00000, 0xcab00000|  0%| F|  |TAMS 0xcaa00000, 0xcaa00000| Untracked 
|  79|0xcab00000, 0xcab00000, 0xcac00000|  0%| F|  |TAMS 0xcab00000, 0xcab00000| Untracked 
|  80|0xcac00000, 0xcac00000, 0xcad00000|  0%| F|  |TAMS 0xcac00000, 0xcac00000| Untracked 
|  81|0xcad00000, 0xcad00000, 0xcae00000|  0%| F|  |TAMS 0xcad00000, 0xcad00000| Untracked 
|  82|0xcae00000, 0xcae00000, 0xcaf00000|  0%| F|  |TAMS 0xcae00000, 0xcae00000| Untracked 
|  83|0xcaf00000, 0xcaf00000, 0xcb000000|  0%| F|  |TAMS 0xcaf00000, 0xcaf00000| Untracked 
|  84|0xcb000000, 0xcb000000, 0xcb100000|  0%| F|  |TAMS 0xcb000000, 0xcb000000| Untracked 
|  85|0xcb100000, 0xcb100000, 0xcb200000|  0%| F|  |TAMS 0xcb100000, 0xcb100000| Untracked 
|  86|0xcb200000, 0xcb200000, 0xcb300000|  0%| F|  |TAMS 0xcb200000, 0xcb200000| Untracked 
|  87|0xcb300000, 0xcb300000, 0xcb400000|  0%| F|  |TAMS 0xcb300000, 0xcb300000| Untracked 
|  88|0xcb400000, 0xcb400000, 0xcb500000|  0%| F|  |TAMS 0xcb400000, 0xcb400000| Untracked 
|  89|0xcb500000, 0xcb500000, 0xcb600000|  0%| F|  |TAMS 0xcb500000, 0xcb500000| Untracked 
|  90|0xcb600000, 0xcb600000, 0xcb700000|  0%| F|  |TAMS 0xcb600000, 0xcb600000| Untracked 
|  91|0xcb700000, 0xcb700000, 0xcb800000|  0%| F|  |TAMS 0xcb700000, 0xcb700000| Untracked 
|  92|0xcb800000, 0xcb800000, 0xcb900000|  0%| F|  |TAMS 0xcb800000, 0xcb800000| Untracked 
|  93|0xcb900000, 0xcb900000, 0xcba00000|  0%| F|  |TAMS 0xcb900000, 0xcb900000| Untracked 
|  94|0xcba00000, 0xcba00000, 0xcbb00000|  0%| F|  |TAMS 0xcba00000, 0xcba00000| Untracked 
|  95|0xcbb00000, 0xcbb00000, 0xcbc00000|  0%| F|  |TAMS 0xcbb00000, 0xcbb00000| Untracked 
|  96|0xcbc00000, 0xcbc00000, 0xcbd00000|  0%| F|  |TAMS 0xcbc00000, 0xcbc00000| Untracked 
|  97|0xcbd00000, 0xcbd00000, 0xcbe00000|  0%| F|  |TAMS 0xcbd00000, 0xcbd00000| Untracked 
|  98|0xcbe00000, 0xcbe00000, 0xcbf00000|  0%| F|  |TAMS 0xcbe00000, 0xcbe00000| Untracked 
|  99|0xcbf00000, 0xcbf00000, 0xcc000000|  0%| F|  |TAMS 0xcbf00000, 0xcbf00000| Untracked 
| 100|0xcc000000, 0xcc000000, 0xcc100000|  0%| F|  |TAMS 0xcc000000, 0xcc000000| Untracked 
| 101|0xcc100000, 0xcc100000, 0xcc200000|  0%| F|  |TAMS 0xcc100000, 0xcc100000| Untracked 
| 102|0xcc200000, 0xcc200000, 0xcc300000|  0%| F|  |TAMS 0xcc200000, 0xcc200000| Untracked 
| 103|0xcc300000, 0xcc300000, 0xcc400000|  0%| F|  |TAMS 0xcc300000, 0xcc300000| Untracked 
| 104|0xcc400000, 0xcc400000, 0xcc500000|  0%| F|  |TAMS 0xcc400000, 0xcc400000| Untracked 
| 105|0xcc500000, 0xcc500000, 0xcc600000|  0%| F|  |TAMS 0xcc500000, 0xcc500000| Untracked 
| 106|0xcc600000, 0xcc600000, 0xcc700000|  0%| F|  |TAMS 0xcc600000, 0xcc600000| Untracked 
| 107|0xcc700000, 0xcc700000, 0xcc800000|  0%| F|  |TAMS 0xcc700000, 0xcc700000| Untracked 
| 108|0xcc800000, 0xcc800000, 0xcc900000|  0%| F|  |TAMS 0xcc800000, 0xcc800000| Untracked 
| 109|0xcc900000, 0xcc900000, 0xcca00000|  0%| F|  |TAMS 0xcc900000, 0xcc900000| Untracked 
| 110|0xcca00000, 0xcca00000, 0xccb00000|  0%| F|  |TAMS 0xcca00000, 0xcca00000| Untracked 
| 111|0xccb00000, 0xccb00000, 0xccc00000|  0%| F|  |TAMS 0xccb00000, 0xccb00000| Untracked 
| 112|0xccc00000, 0xccc00000, 0xccd00000|  0%| F|  |TAMS 0xccc00000, 0xccc00000| Untracked 
| 113|0xccd00000, 0xccd00000, 0xcce00000|  0%| F|  |TAMS 0xccd00000, 0xccd00000| Untracked 
| 114|0xcce00000, 0xcce00000, 0xccf00000|  0%| F|  |TAMS 0xcce00000, 0xcce00000| Untracked 
| 115|0xccf00000, 0xccf00000, 0xcd000000|  0%| F|  |TAMS 0xccf00000, 0xccf00000| Untracked 
| 116|0xcd000000, 0xcd000000, 0xcd100000|  0%| F|  |TAMS 0xcd000000, 0xcd000000| Untracked 
| 117|0xcd100000, 0xcd100000, 0xcd200000|  0%| F|  |TAMS 0xcd100000, 0xcd100000| Untracked 
| 118|0xcd200000, 0xcd200000, 0xcd300000|  0%| F|  |TAMS 0xcd200000, 0xcd200000| Untracked 
| 119|0xcd300000, 0xcd300000, 0xcd400000|  0%| F|  |TAMS 0xcd300000, 0xcd300000| Untracked 
| 120|0xcd400000, 0xcd400000, 0xcd500000|  0%| F|  |TAMS 0xcd400000, 0xcd400000| Untracked 
| 121|0xcd500000, 0xcd500000, 0xcd600000|  0%| F|  |TAMS 0xcd500000, 0xcd500000| Untracked 
| 122|0xcd600000, 0xcd600000, 0xcd700000|  0%| F|  |TAMS 0xcd600000, 0xcd600000| Untracked 
| 123|0xcd700000, 0xcd700000, 0xcd800000|  0%| F|  |TAMS 0xcd700000, 0xcd700000| Untracked 
| 124|0xcd800000, 0xcd800000, 0xcd900000|  0%| F|  |TAMS 0xcd800000, 0xcd800000| Untracked 
| 125|0xcd900000, 0xcd9d5968, 0xcda00000| 83%| E|  |TAMS 0xcd900000, 0xcd900000| Complete 
| 126|0xcda00000, 0xcdb00000, 0xcdb00000|100%| E|  |TAMS 0xcda00000, 0xcda00000| Complete 
| 127|0xcdb00000, 0xcdc00000, 0xcdc00000|100%| E|CS|TAMS 0xcdb00000, 0xcdb00000| Complete 

Card table byte_map: [0xc5a00000,0xc5b00000] _byte_map_base: 0xc53d2000

Marking Bits (Prev, Next): (CMBitMap*) 0xf5e8b528, (CMBitMap*) 0xf5e8b548
 Prev Bits: [0xc5100000, 0xc5900000)
 Next Bits: [0xc4900000, 0xc5100000)

Polling page: 0xf7f87000

Metaspace:

Usage:
    1.05 MB used.

Virtual space:
     16.00 MB reserved,       1.12 MB (  7%) committed,  1 nodes.

Chunk freelists:
11.08 MB

MaxMetaspaceSize: 96.00 MB
No class space
Initial GC threshold: 16.00 MB
Current GC threshold: 16.00 MB
CDS: on
MetaspaceReclaimPolicy: balanced
 - commit_granule_bytes: 65536.
 - commit_granule_words: 16384.
 - virtual_space_node_default_size: 4194304.
 - enlarge_chunks_in_place: 1.
 - new_chunks_are_fully_committed: 0.
 - uncommit_free_chunks: 1.
 - use_allocation_guard: 0.
 - handle_deallocations: 1.


Internal statistics:

num_allocs_failed_limit: 0.
num_arena_births: 2.
num_arena_deaths: 0.
num_vsnodes_births: 1.
num_vsnodes_deaths: 0.
num_space_committed: 18.
num_space_uncommitted: 0.
num_chunks_returned_to_freelist: 0.
num_chunks_taken_from_freelist: 31.
num_chunk_merges: 0.
num_chunk_splits: 30.
num_chunks_enlarged: 29.
num_inconsistent_stats: 0.

CodeHeap 'non-profiled nmethods': size=120172Kb used=21Kb max_used=21Kb free=120150Kb
 bounds [0xed7f5000, 0xeda35000, 0xf4d50000]
CodeHeap 'profiled nmethods': size=120172Kb used=65Kb max_used=65Kb free=120106Kb
 bounds [0xe5d50000, 0xe5f90000, 0xed2ab000]
CodeHeap 'non-nmethods': size=5416Kb used=708Kb max_used=708Kb free=4707Kb
 bounds [0xed2ab000, 0xed4eb000, 0xed7f5000]
 total_blobs=389 nmethods=79 adapters=224
 compilation: enabled
              stopped_count=0, restarted_count=0
 full_count=0

Compilation events (20 events):
Event: 1.334 Thread 0xc42a0580   72       1       jdk.internal.loader.URLClassPath$Loader::getBaseURL (5 bytes)
Event: 1.334 Thread 0xc42a0580 nmethod 72 0xed7f9508 code [0xed7f9620, 0xed7f96e0]
Event: 1.334 Thread 0xc42a0580   73       1       java.net.URL::getAuthority (5 bytes)
Event: 1.334 Thread 0xc42a0580 nmethod 73 0xed7f9808 code [0xed7f9920, 0xed7f99e0]
Event: 1.334 Thread 0xc42a0580   74       1       java.net.URL::getPath (5 bytes)
Event: 1.334 Thread 0xc42a0580 nmethod 74 0xed7f9b08 code [0xed7f9c20, 0xed7f9ce0]
Event: 1.334 Thread 0xc42a0580   75       1       java.net.URL::getQuery (5 bytes)
Event: 1.334 Thread 0xc42a0580 nmethod 75 0xed7f9e08 code [0xed7f9f20, 0xed7f9fe0]
Event: 1.334 Thread 0xc42a0580   76       1       java.net.URL::getRef (5 bytes)
Event: 1.334 Thread 0xc42a0580 nmethod 76 0xed7fa108 code [0xed7fa220, 0xed7fa2e0]
Event: 1.334 Thread 0xc42a0580   65       1       java.security.ProtectionDomain::getCodeSource (5 bytes)
Event: 1.334 Thread 0xc42a0580 nmethod 65 0xed7fa408 code [0xed7fa520, 0xed7fa5e0]
Event: 1.472 Thread 0xc42a0580   80       3       java.lang.String::indexOf (29 bytes)
Event: 1.473 Thread 0xc42a0580 nmethod 80 0xe5d5f508 code [0xe5d5f660, 0xe5d5f8b8]
Event: 1.473 Thread 0xc42a0580   81       3       java.lang.StringLatin1::indexOf (36 bytes)
Event: 1.473 Thread 0xc42a0580 nmethod 81 0xe5d5f988 code [0xe5d5fb00, 0xe5d5fec0]
Event: 1.473 Thread 0xc42a0580   79       3       java.lang.CharacterDataLatin1::toLowerCase (39 bytes)
Event: 1.473 Thread 0xc42a0580 nmethod 79 0xe5d60008 code [0xe5d60140, 0xe5d60340]
Event: 1.473 Thread 0xc42a0580   82       3       java.lang.AbstractStringBuilder::isLatin1 (19 bytes)
Event: 1.474 Thread 0xc42a0580 nmethod 82 0xe5d60408 code [0xe5d60540, 0xe5d606a0]

GC Heap History (0 events):
No events

Dll operation events (1 events):
Event: 0.068 Loaded shared library /usr/lib/jvm/java-17-zulu-openjdk-jdk-x86/lib/libjava.so

Deoptimization events (0 events):
No events

Classes unloaded (0 events):
No events

Classes redefined (0 events):
No events

Internal exceptions (0 events):
No events

VM Operations (2 events):
Event: 1.347 Executing VM operation: Cleanup
Event: 1.413 Executing VM operation: Cleanup done

Events (20 events):
Event: 1.078 Thread 0x0c14ea20 Thread added: 0x0c14ea20
Event: 1.081 loading class java/lang/IndexOutOfBoundsException
Event: 1.081 loading class java/lang/IndexOutOfBoundsException done
Event: 1.082 loading class java/util/Stack
Event: 1.082 loading class java/util/Vector
Event: 1.082 loading class java/util/Vector done
Event: 1.082 loading class java/util/Stack done
Event: 1.083 Protecting memory [0xc17fe000,0xc1802000] with protection modes 0
Event: 1.085 loading class java/lang/InterruptedException
Event: 1.085 loading class java/lang/InterruptedException done
Event: 1.205 Thread 0x0c155440 Thread added: 0x0c155440
Event: 1.206 loading class java/io/FileNotFoundException
Event: 1.206 loading class java/io/FileNotFoundException done
Event: 1.206 loading class java/lang/ClassFormatError
Event: 1.206 Protecting memory [0xc173d000,0xc1741000] with protection modes 0
Event: 1.206 loading class java/lang/ClassFormatError done
Event: 1.222 loading class java/lang/CloneNotSupportedException
Event: 1.320 loading class java/lang/CloneNotSupportedException done
Event: 13.000 Thread 0x0c14d8b0 Thread exited: 0x0c14d8b0
Event: 13.034 Thread 0xf5e242d0 Thread exited: 0xf5e242d0


Dynamic libraries:
08048000-09298000 r-xp 00000000 08:04 494947248                          /home/almalinux/swg-returns-nge/build/bin/SwgGameServer
09298000-0929c000 rw-p 0124f000 08:04 494947248                          /home/almalinux/swg-returns-nge/build/bin/SwgGameServer
0929c000-09b1f000 rw-p 00000000 00:00 0 
0aa88000-0f8b5000 rw-p 00000000 00:00 0                                  [heap]
c173d000-c1741000 ---p 00000000 00:00 0 
c1741000-c17fe000 rw-p 00000000 00:00 0 
c17fe000-c1802000 ---p 00000000 00:00 0 
c1802000-c18bf000 rw-p 00000000 00:00 0 
c18bf000-c18c0000 ---p 00000000 00:00 0 
c18c0000-c1940000 rw-p 00000000 00:00 0 
c1940000-c1944000 ---p 00000000 00:00 0 
c1944000-c1a01000 rw-p 00000000 00:00 0 
c1a01000-c1a05000 ---p 00000000 00:00 0 
c1a05000-c1ac2000 rw-p 00000000 00:00 0 
c1ac2000-c1ac6000 ---p 00000000 00:00 0 
c1ac6000-c1b43000 rw-p 00000000 00:00 0 
c1b43000-c1b47000 ---p 00000000 00:00 0 
c1b47000-c1c04000 rw-p 00000000 00:00 0 
c1c04000-c1c08000 ---p 00000000 00:00 0 
c1c08000-c1cc5000 rw-p 00000000 00:00 0 
c1cc5000-c1cc9000 ---p 00000000 00:00 0 
c1cc9000-c1d86000 rw-p 00000000 00:00 0 
c1d86000-c2000000 r--p 00078000 08:04 535181                             /usr/lib/locale/locale-archive
c2000000-c2030000 rw-p 00000000 00:00 0 
c2030000-c2400000 ---p 00000000 00:00 0 
c2400000-c24f0000 rw-p 00000000 00:00 0 
c24f0000-c3000000 ---p 00000000 00:00 0 
c307e000-c327e000 r--p 00000000 08:04 535181                             /usr/lib/locale/locale-archive
c327e000-c3282000 ---p 00000000 00:00 0 
c3282000-c333f000 rw-p 00000000 00:00 0 
c333f000-c3343000 ---p 00000000 00:00 0 
c3343000-c3400000 rw-p 00000000 00:00 0 
c3400000-c3421000 rw-p 00000000 00:00 0 
c3421000-c3500000 ---p 00000000 00:00 0 
c3531000-c3535000 ---p 00000000 00:00 0 
c3535000-c35b2000 rw-p 00000000 00:00 0 
c35b2000-c35b3000 ---p 00000000 00:00 0 
c35b3000-c3633000 rw-p 00000000 00:00 0 
c3633000-c3f00000 rw-p 00001000 08:04 143240867                          /usr/lib/jvm/java-17-zulu-openjdk-jdk-x86/lib/server/classes.jsa
c3f00000-c3f21000 rw-p 00000000 00:00 0 
c3f21000-c4000000 ---p 00000000 00:00 0 
c407f000-c4080000 ---p 00000000 00:00 0 
c4080000-c4100000 rw-p 00000000 00:00 0 
c4100000-c4121000 rw-p 00000000 00:00 0 
c4121000-c4200000 ---p 00000000 00:00 0 
c4200000-c42d2000 rw-p 00000000 00:00 0 
c42d2000-c4300000 ---p 00000000 00:00 0 
c437f000-c4380000 ---p 00000000 00:00 0 
c4380000-c4400000 rw-p 00000000 00:00 0 
c4400000-c4421000 rw-p 00000000 00:00 0 
c4421000-c4500000 ---p 00000000 00:00 0 
c457f000-c4580000 ---p 00000000 00:00 0 
c4580000-c4600000 rw-p 00000000 00:00 0 
c4600000-c4658000 rw-p 00000000 00:00 0 
c4658000-c4700000 ---p 00000000 00:00 0 
c4700000-c472d000 rw-p 00000000 00:00 0 
c472d000-c4800000 ---p 00000000 00:00 0 
c487f000-c4880000 ---p 00000000 00:00 0 
c4880000-c4b00000 rw-p 00000000 00:00 0 
c4b00000-c5100000 ---p 00000000 00:00 0 
c5100000-c5300000 rw-p 00000000 00:00 0 
c5300000-c5900000 ---p 00000000 00:00 0 
c5900000-c5940000 rw-p 00000000 00:00 0 
c5940000-c5a00000 ---p 00000000 00:00 0 
c5a00000-c5a40000 rw-p 00000000 00:00 0 
c5a40000-c5b00000 ---p 00000000 00:00 0 
c5b00000-c5b40000 rw-p 00000000 00:00 0 
c5b40000-c5c00000 ---p 00000000 00:00 0 
c5c00000-cdc00000 rw-p 00000000 00:00 0 
cdc00000-e5c00000 ---p 00000000 00:00 0 
e5c65000-e5c6a000 rw-p 00000000 00:00 0 
e5c6a000-e5d50000 ---p 00000000 00:00 0 
e5d50000-e5f90000 rwxp 00000000 00:00 0 
e5f90000-ed2ab000 ---p 00000000 00:00 0 
ed2ab000-ed4eb000 rwxp 00000000 00:00 0 
ed4eb000-ed7f5000 ---p 00000000 00:00 0 
ed7f5000-eda35000 rwxp 00000000 00:00 0 
eda35000-f4d50000 ---p 00000000 00:00 0 
f4d50000-f4eb8000 r--s 00000000 08:04 117534333                          /usr/lib/jvm/java-17-zulu-openjdk-jdk-x86/lib/modules
f4eb8000-f5d5a000 r-xp 00000000 08:04 143240869                          /usr/lib/jvm/java-17-zulu-openjdk-jdk-x86/lib/server/libjvm.so
f5d5a000-f5daf000 r--p 00ea1000 08:04 143240869                          /usr/lib/jvm/java-17-zulu-openjdk-jdk-x86/lib/server/libjvm.so
f5daf000-f5dd0000 rw-p 00ef6000 08:04 143240869                          /usr/lib/jvm/java-17-zulu-openjdk-jdk-x86/lib/server/libjvm.so
f5dd0000-f5e00000 rw-p 00000000 00:00 0 
f5e00000-f5f00000 rw-p 00000000 00:00 0 
f5f4c000-f5f4d000 ---p 00000000 00:00 0 
f5f4d000-f5fcd000 rw-p 00000000 00:00 0 
f5fcd000-f5fce000 ---p 00000000 00:00 0 
f5fce000-f5fd2000 ---p 00000000 00:00 0 
f5fd2000-f6b46000 rw-p 00000000 00:00 0 
f6b69000-f6b6e000 rw-p 00000000 00:00 0 
f6b6e000-f6c54000 ---p 00000000 00:00 0 
f6ea2000-f6ecb000 rw-p 00000000 00:00 0 
f6ecb000-f6eee000 r-xp 00000000 08:04 117534310                          /usr/lib/jvm/java-17-zulu-openjdk-jdk-x86/lib/libjava.so
f6eee000-f6eef000 r--p 00022000 08:04 117534310                          /usr/lib/jvm/java-17-zulu-openjdk-jdk-x86/lib/libjava.so
f6eef000-f6ef0000 rw-p 00023000 08:04 117534310                          /usr/lib/jvm/java-17-zulu-openjdk-jdk-x86/lib/libjava.so
f6ef0000-f6efc000 r-xp 00000000 08:04 16831767                           /usr/lib/libnss_files-2.28.so
f6efc000-f6efd000 r--p 0000b000 08:04 16831767                           /usr/lib/libnss_files-2.28.so
f6efd000-f6efe000 rw-p 0000c000 08:04 16831767                           /usr/lib/libnss_files-2.28.so
f6efe000-f6f04000 rw-p 00000000 00:00 0 
f6f0a000-f6f0f000 rw-p 00000000 00:00 0 
f6f0f000-f6f15000 ---p 00000000 00:00 0 
f6f15000-f6f30000 r-xp 00000000 08:04 117534314                          /usr/lib/jvm/java-17-zulu-openjdk-jdk-x86/lib/libjimage.so
f6f30000-f6f31000 ---p 0001b000 08:04 117534314                          /usr/lib/jvm/java-17-zulu-openjdk-jdk-x86/lib/libjimage.so
f6f31000-f6f32000 r--p 0001b000 08:04 117534314                          /usr/lib/jvm/java-17-zulu-openjdk-jdk-x86/lib/libjimage.so
f6f32000-f6f33000 rw-p 0001c000 08:04 117534314                          /usr/lib/jvm/java-17-zulu-openjdk-jdk-x86/lib/libjimage.so
f6f33000-f6f37000 rw-p 00000000 00:00 0 
f6f37000-f6fbf000 r-xp 00000000 08:04 17191875                           /usr/lib/libpcre2-8.so.0.7.1
f6fbf000-f6fc0000 r--p 00087000 08:04 17191875                           /usr/lib/libpcre2-8.so.0.7.1
f6fc0000-f6fc1000 rw-p 00088000 08:04 17191875                           /usr/lib/libpcre2-8.so.0.7.1
f6fc1000-f6fe1000 r-xp 00000000 08:04 17021543                           /usr/lib/libcrypt.so.1.1.0
f6fe1000-f6fe2000 ---p 00020000 08:04 17021543                           /usr/lib/libcrypt.so.1.1.0
f6fe2000-f6fe3000 r--p 00020000 08:04 17021543                           /usr/lib/libcrypt.so.1.1.0
f6fe3000-f6fec000 rw-p 00000000 00:00 0 
f6fec000-f7017000 r-xp 00000000 08:04 17191887                           /usr/lib/libselinux.so.1
f7017000-f7018000 ---p 0002b000 08:04 17191887                           /usr/lib/libselinux.so.1
f7018000-f7019000 r--p 0002b000 08:04 17191887                           /usr/lib/libselinux.so.1
f7019000-f701a000 rw-p 0002c000 08:04 17191887                           /usr/lib/libselinux.so.1
f701a000-f701b000 rw-p 00000000 00:00 0 
f701b000-f703a000 r-xp 00000000 08:04 18866589                           /usr/lib/libbrotlicommon.so.1.0.6
f703a000-f703b000 r--p 0001e000 08:04 18866589                           /usr/lib/libbrotlicommon.so.1.0.6
f703b000-f703c000 rw-p 0001f000 08:04 18866589                           /usr/lib/libbrotlicommon.so.1.0.6
f703c000-f705a000 r-xp 00000000 08:04 17191915                           /usr/lib/libsasl2.so.3.0.0
f705a000-f705b000 ---p 0001e000 08:04 17191915                           /usr/lib/libsasl2.so.3.0.0
f705b000-f705c000 r--p 0001e000 08:04 17191915                           /usr/lib/libsasl2.so.3.0.0
f705c000-f705d000 rw-p 0001f000 08:04 17191915                           /usr/lib/libsasl2.so.3.0.0
f705d000-f705f000 rw-p 00000000 00:00 0 
f705f000-f7073000 r-xp 00000000 08:04 16831772                           /usr/lib/libresolv-2.28.so
f7073000-f7074000 ---p 00014000 08:04 16831772                           /usr/lib/libresolv-2.28.so
f7074000-f7075000 r--p 00014000 08:04 16831772                           /usr/lib/libresolv-2.28.so
f7075000-f7076000 rw-p 00015000 08:04 16831772                           /usr/lib/libresolv-2.28.so
f7076000-f7078000 rw-p 00000000 00:00 0 
f7078000-f707b000 r-xp 00000000 08:04 17191893                           /usr/lib/libkeyutils.so.1.6
f707b000-f707c000 ---p 00003000 08:04 17191893                           /usr/lib/libkeyutils.so.1.6
f707c000-f707d000 r--p 00003000 08:04 17191893                           /usr/lib/libkeyutils.so.1.6
f707d000-f707e000 rw-p 00000000 00:00 0 
f707e000-f708e000 r-xp 00000000 08:04 17021560                           /usr/lib/libkrb5support.so.0.1
f708e000-f708f000 r--p 0000f000 08:04 17021560                           /usr/lib/libkrb5support.so.0.1
f708f000-f7090000 rw-p 00010000 08:04 17021560                           /usr/lib/libkrb5support.so.0.1
f7090000-f7098000 r-xp 00000000 08:04 16831774                           /usr/lib/librt-2.28.so
f7098000-f7099000 r--p 00007000 08:04 16831774                           /usr/lib/librt-2.28.so
f7099000-f709a000 rw-p 00008000 08:04 16831774                           /usr/lib/librt-2.28.so
f709a000-f7219000 r-xp 00000000 08:04 17021545                           /usr/lib/libunistring.so.2.1.0
f7219000-f721a000 ---p 0017f000 08:04 17021545                           /usr/lib/libunistring.so.2.1.0
f721a000-f721c000 r--p 0017f000 08:04 17021545                           /usr/lib/libunistring.so.2.1.0
f721c000-f721d000 rw-p 00181000 08:04 17021545                           /usr/lib/libunistring.so.2.1.0
f721d000-f7247000 r-xp 00000000 08:04 18654292                           /usr/lib/liblzma.so.5.2.4
f7247000-f7248000 r--p 00029000 08:04 18654292                           /usr/lib/liblzma.so.5.2.4
f7248000-f7249000 rw-p 00000000 00:00 0 
f7249000-f7255000 r-xp 00000000 08:04 17191936                           /usr/lib/libbrotlidec.so.1.0.6
f7255000-f7256000 r--p 0000b000 08:04 17191936                           /usr/lib/libbrotlidec.so.1.0.6
f7256000-f7257000 rw-p 00000000 00:00 0 
f7257000-f7266000 r-xp 00000000 08:04 17191918                           /usr/lib/liblber-2.4.so.2.10.9
f7266000-f7267000 r--p 0000e000 08:04 17191918                           /usr/lib/liblber-2.4.so.2.10.9
f7267000-f7268000 rw-p 0000f000 08:04 17191918                           /usr/lib/liblber-2.4.so.2.10.9
f7268000-f72bd000 r-xp 00000000 08:04 17191920                           /usr/lib/libldap-2.4.so.2.10.9
f72bd000-f72be000 ---p 00055000 08:04 17191920                           /usr/lib/libldap-2.4.so.2.10.9
f72be000-f72bf000 r--p 00055000 08:04 17191920                           /usr/lib/libldap-2.4.so.2.10.9
f72bf000-f72c0000 rw-p 00056000 08:04 17191920                           /usr/lib/libldap-2.4.so.2.10.9
f72c0000-f72c2000 rw-p 00000000 00:00 0 
f72c2000-f72c5000 r-xp 00000000 08:04 16994899                           /usr/lib/libcom_err.so.2.1
f72c5000-f72c6000 r--p 00002000 08:04 16994899                           /usr/lib/libcom_err.so.2.1
f72c6000-f72c7000 rw-p 00003000 08:04 16994899                           /usr/lib/libcom_err.so.2.1
f72c7000-f72dd000 r-xp 00000000 08:04 17021552                           /usr/lib/libk5crypto.so.3.1
f72dd000-f72de000 ---p 00016000 08:04 17021552                           /usr/lib/libk5crypto.so.3.1
f72de000-f72df000 r--p 00016000 08:04 17021552                           /usr/lib/libk5crypto.so.3.1
f72df000-f72e0000 rw-p 00017000 08:04 17021552                           /usr/lib/libk5crypto.so.3.1
f72e0000-f73c3000 r-xp 00000000 08:04 17021558                           /usr/lib/libkrb5.so.3.3
f73c3000-f73ca000 r--p 000e2000 08:04 17021558                           /usr/lib/libkrb5.so.3.3
f73ca000-f73cb000 rw-p 000e9000 08:04 17021558                           /usr/lib/libkrb5.so.3.3
f73cb000-f7426000 r-xp 00000000 08:04 17021548                           /usr/lib/libgssapi_krb5.so.2.2
f7426000-f7428000 r--p 0005a000 08:04 17021548                           /usr/lib/libgssapi_krb5.so.2.2
f7428000-f7429000 rw-p 0005c000 08:04 17021548                           /usr/lib/libgssapi_krb5.so.2.2
f7429000-f76da000 r-xp 00000000 08:04 18627877                           /usr/lib/libcrypto.so.1.1.1k
f76da000-f76f3000 r--p 002b0000 08:04 18627877                           /usr/lib/libcrypto.so.1.1.1k
f76f3000-f76f5000 rw-p 002c9000 08:04 18627877                           /usr/lib/libcrypto.so.1.1.1k
f76f5000-f76f9000 rw-p 00000000 00:00 0 
f76f9000-f778b000 r-xp 00000000 08:04 18627879                           /usr/lib/libssl.so.1.1.1k
f778b000-f7791000 r--p 00091000 08:04 18627879                           /usr/lib/libssl.so.1.1.1k
f7791000-f7795000 rw-p 00097000 08:04 18627879                           /usr/lib/libssl.so.1.1.1k
f7795000-f77a5000 r-xp 00000000 08:04 18660120                           /usr/lib/libpsl.so.5.3.1
f77a5000-f77a6000 r--p 0000f000 08:04 18660120                           /usr/lib/libpsl.so.5.3.1
f77a6000-f77a7000 rw-p 00000000 00:00 0 
f77a7000-f7824000 r-xp 00000000 08:04 16994901                           /usr/lib/libssh.so.4.8.7
f7824000-f7825000 ---p 0007d000 08:04 16994901                           /usr/lib/libssh.so.4.8.7
f7825000-f7826000 r--p 0007d000 08:04 16994901                           /usr/lib/libssh.so.4.8.7
f7826000-f7827000 rw-p 0007e000 08:04 16994901                           /usr/lib/libssh.so.4.8.7
f7827000-f7844000 r-xp 00000000 08:04 17040588                           /usr/lib/libidn2.so.0.3.6
f7844000-f7845000 r--p 0001c000 08:04 17040588                           /usr/lib/libidn2.so.0.3.6
f7845000-f7846000 rw-p 00000000 00:00 0 
f7846000-f786e000 r-xp 00000000 08:04 17191891                           /usr/lib/libnghttp2.so.14.17.0
f786e000-f786f000 r--p 00027000 08:04 17191891                           /usr/lib/libnghttp2.so.14.17.0
f786f000-f7871000 rw-p 00028000 08:04 17191891                           /usr/lib/libnghttp2.so.14.17.0
f7871000-f7a13000 r-xp 00000000 08:04 16831756                           /usr/lib/libc-2.28.so
f7a13000-f7a14000 ---p 001a2000 08:04 16831756                           /usr/lib/libc-2.28.so
f7a14000-f7a16000 r--p 001a2000 08:04 16831756                           /usr/lib/libc-2.28.so
f7a16000-f7a17000 rw-p 001a4000 08:04 16831756                           /usr/lib/libc-2.28.so
f7a17000-f7a1c000 rw-p 00000000 00:00 0 
f7a1c000-f7a37000 r-xp 00000000 08:04 16985139                           /usr/lib/libgcc_s-8-20210514.so.1
f7a37000-f7a38000 r--p 0001a000 08:04 16985139                           /usr/lib/libgcc_s-8-20210514.so.1
f7a38000-f7a39000 rw-p 0001b000 08:04 16985139                           /usr/lib/libgcc_s-8-20210514.so.1
f7a39000-f7b09000 r-xp 00000000 08:04 16831760                           /usr/lib/libm-2.28.so
f7b09000-f7b0a000 r--p 000cf000 08:04 16831760                           /usr/lib/libm-2.28.so
f7b0a000-f7b0b000 rw-p 000d0000 08:04 16831760                           /usr/lib/libm-2.28.so
f7b0b000-f7c94000 r-xp 00000000 08:04 16985145                           /usr/lib/libstdc++.so.6.0.25
f7c94000-f7c95000 ---p 00189000 08:04 16985145                           /usr/lib/libstdc++.so.6.0.25
f7c95000-f7c9b000 r--p 00189000 08:04 16985145                           /usr/lib/libstdc++.so.6.0.25
f7c9b000-f7c9c000 rw-p 0018f000 08:04 16985145                           /usr/lib/libstdc++.so.6.0.25
f7c9c000-f7c9e000 rw-p 00000000 00:00 0 
f7c9e000-f7cb5000 r-xp 00000000 08:04 16963437                           /usr/lib/libz.so.1.2.11
f7cb5000-f7cb6000 ---p 00017000 08:04 16963437                           /usr/lib/libz.so.1.2.11
f7cb6000-f7cb7000 r--p 00017000 08:04 16963437                           /usr/lib/libz.so.1.2.11
f7cb7000-f7cb8000 rw-p 00000000 00:00 0 
f7cb8000-f7e35000 r-xp 00000000 08:04 16963397                           /usr/lib/libxml2.so.2.9.7
f7e35000-f7e3a000 r--p 0017c000 08:04 16963397                           /usr/lib/libxml2.so.2.9.7
f7e3a000-f7e3b000 rw-p 00181000 08:04 16963397                           /usr/lib/libxml2.so.2.9.7
f7e3b000-f7e3c000 rw-p 00000000 00:00 0 
f7e3c000-f7e58000 r-xp 00000000 08:04 16831770                           /usr/lib/libpthread-2.28.so
f7e58000-f7e59000 r--p 0001b000 08:04 16831770                           /usr/lib/libpthread-2.28.so
f7e59000-f7e5a000 rw-p 0001c000 08:04 16831770                           /usr/lib/libpthread-2.28.so
f7e5a000-f7e5c000 rw-p 00000000 00:00 0 
f7e5c000-f7ed0000 r-xp 00000000 08:04 16818911                           /usr/lib/libpcre.so.1.2.10
f7ed0000-f7ed1000 ---p 00074000 08:04 16818911                           /usr/lib/libpcre.so.1.2.10
f7ed1000-f7ed2000 r--p 00074000 08:04 16818911                           /usr/lib/libpcre.so.1.2.10
f7ed2000-f7ed3000 rw-p 00075000 08:04 16818911                           /usr/lib/libpcre.so.1.2.10
f7ed3000-f7ed6000 r-xp 00000000 08:04 16831758                           /usr/lib/libdl-2.28.so
f7ed6000-f7ed7000 r--p 00002000 08:04 16831758                           /usr/lib/libdl-2.28.so
f7ed7000-f7ed8000 rw-p 00003000 08:04 16831758                           /usr/lib/libdl-2.28.so
f7ed8000-f7f75000 r-xp 00000000 08:04 16994905                           /usr/lib/libcurl.so.4.5.0
f7f75000-f7f77000 r--p 0009c000 08:04 16994905                           /usr/lib/libcurl.so.4.5.0
f7f77000-f7f78000 rw-p 0009e000 08:04 16994905                           /usr/lib/libcurl.so.4.5.0
f7f78000-f7f7f000 r--s 00000000 08:04 176632422                          /usr/lib/gconv/gconv-modules.cache
f7f7f000-f7f87000 rw-s 00000000 08:04 151846516                          /tmp/hsperfdata_almalinux/11496 (deleted)
f7f87000-f7f88000 ---p 00000000 00:00 0 
f7f88000-f7f89000 r--p 00000000 00:00 0 
f7f89000-f7f8b000 rw-p 00000000 00:00 0 
f7f8b000-f7f8f000 r--p 00000000 00:00 0                                  [vvar]
f7f8f000-f7f91000 r-xp 00000000 00:00 0                                  [vdso]
f7f91000-f7fc0000 r-xp 00000000 08:04 16831749                           /usr/lib/ld-2.28.so
f7fc0000-f7fc1000 ---p 00000000 00:00 0 
f7fc1000-f7fc2000 r--p 0002f000 08:04 16831749                           /usr/lib/ld-2.28.so
f7fc2000-f7fc3000 rw-p 00030000 08:04 16831749                           /usr/lib/ld-2.28.so
ff752000-ff753000 rwxp 00000000 00:00 0 
ff85b000-ff917000 rw-p 00000000 00:00 0                                  [stack]


VM Arguments:
jvm_args: -Xms128m -Xmx512m -Xss768k -XX:MaxMetaspaceSize=96m -Xrs -XX:-UsePerfData -XX:-AllowUserSignalHandlers -XX:UseSSE=3 -XX+DoEscapeAnalysis -XX:AutoBoxCacheMax:2000 -XX:+OptimizeStringConcat -XX:+OptimizeFill -XX:+EliminateAutoBox -XX:+UseCompressedStrings -XX:+UseCompressedOops -XX:+EliminateLocks -XX:UseFastAccessorMethods -XX:+UseStringCache -XgcPrio:throughput -XXkeepAreaRatio:1 -XXlazyUnlocking -XXcallProfiling -XXcompactRatio:1 
java_command: <unknown>
java_class_path (initial): ../../data/sku.0/sys.server/compiled/game/
Launcher Type: generic

[Global flags]
     intx CICompilerCount                          = 3                                         {product} {ergonomic}
     uint ConcGCThreads                            = 1                                         {product} {ergonomic}
     uint G1ConcRefinementThreads                  = 4                                         {product} {ergonomic}
   size_t G1HeapRegionSize                         = 1048576                                   {product} {ergonomic}
    uintx GCDrainStackTargetSize                   = 64                                        {product} {ergonomic}
   size_t InitialHeapSize                          = 134217728                                 {product} {command line}
   size_t MarkStackSize                            = 32768                                     {product} {ergonomic}
   size_t MaxHeapSize                              = 536870912                                 {product} {command line}
   size_t MaxMetaspaceSize                         = 100663296                                 {product} {command line}
   size_t MaxNewSize                               = 321912832                                 {product} {ergonomic}
   size_t MinHeapDeltaBytes                        = 1048576                                   {product} {ergonomic}
   size_t MinHeapSize                              = 134217728                                 {product} {command line}
    uintx NonNMethodCodeHeapSize                   = 5544422                                {pd product} {ergonomic}
    uintx NonProfiledCodeHeapSize                  = 123056909                              {pd product} {ergonomic}
    uintx ProfiledCodeHeapSize                     = 123056909                              {pd product} {ergonomic}
    uintx ReservedCodeCacheSize                    = 251658240                              {pd product} {ergonomic}
     bool SegmentedCodeCache                       = true                                      {product} {ergonomic}
   size_t SoftMaxHeapSize                          = 536870912                              {manageable} {ergonomic}
   double SweeperThreshold                         = 0.500000                                  {product} {ergonomic}
     intx ThreadStackSize                          = 768                                    {pd product} {command line}
     bool UseG1GC                                  = true                                      {product} {ergonomic}

Logging:
Log output configuration:
 #0: stdout all=off uptime,level,tags
 #1: stderr all=off uptime,level,tags

Environment Variables:
JAVA_HOME=/usr/lib/jvm/zulu-17-x86
PATH=/usr/java/jdk1.7.0_80/bin:/usr/java/jdk1.7.0_80/bin:/usr/java/jdk1.6.0_45/bin:/usr/java/jdk1.6.0_45/bin:/usr/java/jdk1.6.0_45/bin:/home/almalinux/.local/bin:/home/almalinux/bin:/sbin:/bin:/usr/bin:/usr/local/bin:/usr/local/sbin:/usr/sbin:/usr/lib/oracle/18.3/client/bin:/usr/lib/oracle/18.3/client/bin:/usr/lib/jvm/java-11-openjdk/bin:./
LD_LIBRARY_PATH=/usr/lib/jvm/java-17-zulu-openjdk-jdk-x86/lib/server:/usr/lib/jvm/java-17-zulu-openjdk-jdk-x86/lib:/usr/lib/jvm/java-17-zulu-openjdk-jdk-x86/../lib:/usr/lib/jvm/zulu-17-x86/lib/server:/usr/lib/jvm/java-11-openjdk/lib:/usr/lib/jvm/java-11-openjdk/lib/server:./
SHELL=/bin/bash
DISPLAY=:10.0
LANG=en_US.UTF-8
TERM=xterm-256color

Active Locale:
LC_ALL=en_US.UTF-8
LC_COLLATE=en_US.UTF-8
LC_CTYPE=en_US.UTF-8
LC_MESSAGES=en_US.UTF-8
LC_MONETARY=en_US.UTF-8
LC_NUMERIC=en_US.UTF-8
LC_TIME=en_US.UTF-8

Signal Handlers:
   SIGSEGV: crash_handler in libjvm.so, mask=11100100010111111101111111111110, flags=SA_RESTART|SA_SIGINFO, unblocked
    SIGBUS: crash_handler in libjvm.so, mask=11100100010111111101111111111110, flags=SA_RESTART|SA_SIGINFO, unblocked
    SIGFPE: crash_handler in libjvm.so, mask=11100100010111111101111111111110, flags=SA_RESTART|SA_SIGINFO, unblocked
   SIGPIPE: SIG_IGN, mask=00000000000010000000000000000000, flags=SA_RESTART, blocked
  *** Handler was modified!
  *** Expected: javaSignalHandler in libjvm.so, mask=11100100110111111111111111111110, flags=SA_RESTART|SA_SIGINFO
   SIGXFSZ: javaSignalHandler in libjvm.so, mask=11100100010111111101111111111110, flags=SA_RESTART|SA_SIGINFO, blocked
    SIGILL: crash_handler in libjvm.so, mask=11100100010111111101111111111110, flags=SA_RESTART|SA_SIGINFO, unblocked
   SIGUSR2: SR_handler in libjvm.so, mask=00100000000000000000000000000000, flags=SA_RESTART|SA_SIGINFO, blocked
    SIGHUP: UserHandler in libjvm.so, mask=11100100010111111101111111111110, flags=SA_RESTART|SA_SIGINFO, blocked
    SIGINT: UserHandler in libjvm.so, mask=11100100010111111101111111111110, flags=SA_RESTART|SA_SIGINFO, blocked
   SIGTERM: UserHandler in libjvm.so, mask=11100100010111111101111111111110, flags=SA_RESTART|SA_SIGINFO, blocked
   SIGQUIT: UserHandler in libjvm.so, mask=11100100010111111101111111111110, flags=SA_RESTART|SA_SIGINFO, blocked
   SIGTRAP: crash_handler in libjvm.so, mask=11100100010111111101111111111110, flags=SA_RESTART|SA_SIGINFO, unblocked


Periodic native trim disabled


---------------  S Y S T E M  ---------------

OS:
AlmaLinux release 8.10 (Cerulean Leopard)
uname: Linux 4.18.0-553.81.1.el8_10.x86_64 #1 SMP Mon Oct 27 11:29:19 EDT 2025 x86_64
OS uptime: 0 days 1:19 hours
libc: glibc 2.28 NPTL 2.28 
rlimit (soft/hard): STACK 8192k/infinity , CORE 0k/infinity , NPROC 61995/61995 , NOFILE 262144/262144 , AS infinity/infinity , CPU infinity/infinity , DATA infinity/infinity , FSIZE infinity/infinity , MEMLOCK 64k/64k
load average: 20.88 31.95 37.56

/proc/meminfo:
MemTotal:       16014448 kB
MemFree:         7822808 kB
MemAvailable:    9269760 kB
Buffers:              72 kB
Cached:          2765004 kB
SwapCached:         2344 kB
Active:          1735100 kB
Inactive:        5235928 kB
Active(anon):    1093280 kB
Inactive(anon):  4796568 kB
Active(file):     641820 kB
Inactive(file):   439360 kB
Unevictable:        3088 kB
Mlocked:               0 kB
SwapTotal:       8388604 kB
SwapFree:        8291224 kB
Dirty:               200 kB
Writeback:             0 kB
AnonPages:       4207404 kB
Mapped:           796992 kB
Shmem:           1683892 kB
KReclaimable:     555104 kB
Slab:             735860 kB
SReclaimable:     555104 kB
SUnreclaim:       180756 kB
KernelStack:       22828 kB
PageTables:       123044 kB
NFS_Unstable:          0 kB
Bounce:                0 kB
WritebackTmp:          0 kB
CommitLimit:    16395828 kB
Committed_AS:   20640308 kB
VmallocTotal:   34359738367 kB
VmallocUsed:       68636 kB
VmallocChunk:          0 kB
Percpu:             2688 kB
HardwareCorrupted:     0 kB
AnonHugePages:         0 kB
ShmemHugePages:        0 kB
ShmemPmdMapped:        0 kB
FileHugePages:         0 kB
FilePmdMapped:         0 kB
HugePages_Total:       0
HugePages_Free:        0
HugePages_Rsvd:        0
HugePages_Surp:        0
Hugepagesize:       2048 kB
Hugetlb:               0 kB
DirectMap4k:      710508 kB
DirectMap2M:    15673344 kB

/sys/kernel/mm/transparent_hugepage/enabled: always madvise [never]
/sys/kernel/mm/transparent_hugepage/hpage_pmd_size: 2097152
/sys/kernel/mm/transparent_hugepage/defrag (defrag/compaction efforts parameter): always defer defer+madvise [madvise] never

Process Memory:
Virtual Size: 995792K (peak: 1009208K)
Resident Set Size: 132348K (peak: 142916K) (anon: 100808K, file: 31540K, shmem: 0K)
Swapped out: 0K
C-Heap outstanding allocations: 16012K, retained: 70515K
glibc malloc tunables: (default)

/proc/sys/kernel/threads-max (system-wide limit on the number of threads): 123991
/proc/sys/vm/max_map_count (maximum number of memory map areas a process may have): 1677720
/proc/sys/kernel/pid_max (system-wide limit on number of process identifiers): 4194304

container (cgroup) information:
container_type: cgroupv1
cpu_cpuset_cpus: 0-3
cpu_memory_nodes: 0
active_processor_count: 4
cpu_quota: no quota
cpu_period: 100000
cpu_shares: no shares
memory_limit_in_bytes: unlimited
memory_and_swap_limit_in_bytes: unlimited
memory_soft_limit_in_bytes: unlimited
memory_usage_in_bytes: 6505888 k
memory_max_usage_in_bytes: 14527228 k
kernel_memory_usage_in_bytes: 527804 k
kernel_memory_max_usage_in_bytes: unlimited
kernel_memory_limit_in_bytes: 615976 k
maximum number of tasks: unlimited
current number of tasks: 703

KVM virtualization detected
Steal ticks since vm start: 3
Steal ticks percentage since vm start:  0.000

CPU: total 4 (initial active 4) (1 cores per cpu, 1 threads per core) family 6 model 60 stepping 1 microcode 0x1, cx8, cmov, fxsr, mmx, sse, sse2, sse3, ssse3, sse4.1, sse4.2, popcnt, lzcnt, tsc, avx, avx2, aes, erms, clmul, bmi1, bmi2, fma, vzeroupper, clflush, hv
CPU Model and flags from /proc/cpuinfo:
model name	: Intel Core Processor (Haswell, no TSX)
flags		: fpu vme de pse tsc msr pae mce cx8 apic sep mtrr pge mca cmov pat pse36 clflush mmx fxsr sse sse2 syscall nx rdtscp lm constant_tsc rep_good nopl xtopology cpuid tsc_known_freq pni pclmulqdq vmx ssse3 fma cx16 pcid sse4_1 sse4_2 x2apic movbe popcnt tsc_deadline_timer aes xsave avx f16c rdrand hypervisor lahf_lm abm cpuid_fault invpcid_single pti tpr_shadow vnmi flexpriority ept vpid ept_ad fsgsbase bmi1 avx2 smep bmi2 erms invpcid xsaveopt arat md_clear

Online cpus: 0-3
Offline cpus: 
BIOS frequency limitation: <Not Available>
Frequency switch latency (ns): <Not Available>
Available cpu frequencies: <Not Available>
Current governor: <Not Available>
Core performance/turbo boost: <Not Available>

Memory: 4k page, physical 16014448k(7822808k free), swap 8388604k(8291224k free)
Page Sizes: 4k

vm_info: OpenJDK Server VM (17.0.11+9-LTS) for linux-x86 JRE (17.0.11+9-LTS) (Zulu17.50+19-CA), built on Apr  9 2024 07:14:46 by "zulu_re" with gcc 8.3.0

END.
