#
# A fatal error has been detected by the Java Runtime Environment:
#
#  SIGSEGV (0xb) at pc=0xf7863618, pid=1415192, tid=1415192
#
# JRE version: OpenJDK Runtime Environment Zulu17.50+19-CA (17.0.11+9) (build 17.0.11+9-LTS)
# Java VM: OpenJDK Server VM Zulu17.50+19-CA (17.0.11+9-LTS, mixed mode, sharing, tiered, g1 gc, linux-x86)
# Problematic frame:
# C  [libc.so.6+0x84618]  cfree+0x28
#
# Core dump will be written. Default location: Core dumps may be processed with "/usr/lib/systemd/systemd-coredump %P %u %g %s %t %c %h %e" (or dumping to /home/almalinux/swg-returns-nge/exe/linux/core.1415192)
#
# If you would like to submit a bug report, please visit:
#   http://www.azul.com/support/
#

---------------  S U M M A R Y ------------

Command Line: -Xms128m -Xmx512m -Xss768k -XX:MaxMetaspaceSize=96m -Xrs -XX:-UsePerfData -XX:-AllowUserSignalHandlers -XX:UseSSE=3 -XX+DoEscapeAnalysis -XX:AutoBoxCacheMax:2000 -XX:+OptimizeStringConcat -XX:+OptimizeFill -XX:+EliminateAutoBox -XX:+UseCompressedStrings -XX:+UseCompressedOops -XX:+EliminateLocks -XX:UseFastAccessorMethods -XX:+UseStringCache -XgcPrio:throughput -XXkeepAreaRatio:1 -XXlazyUnlocking -XXcallProfiling -XXcompactRatio:1 

Host: Intel Core Processor (Haswell, no TSX), 4 cores, 15G, AlmaLinux release 8.10 (Cerulean Leopard)
Time: Sun Jan 25 19:44:02 2026 UTC elapsed time: 419.029054 seconds (0d 0h 6m 59s)

---------------  T H R E A D  ---------------

Current thread is native thread

Stack: [0xff935000,0xff9f5000],  sp=0xff9f2510,  free space=757k
Native frames: (J=compiled Java code, j=interpreted, Vv=VM code, C=native code)
C  [libc.so.6+0x84618]  cfree+0x28


siginfo: si_signo: 11 (SIGSEGV), si_code: 1 (SEGV_MAPERR), si_addr: 0x00000003

Registers:
EAX=0x00000000, EBX=0x00000007, ECX=0xf6ea184c, EDX=0x0b387d88
ESP=0xff9f2510, EBP=0xff9f2648, ESI=0xf7984000, EDI=0x00000000
EIP=0xf7863618, EFLAGS=0x00210202, CR2=0x0000000000000003


Top of Stack: (sp=0xff9f2510)
0xff9f2510:   0b00b010 00000000 ff9f2648 f7af0f1c
0xff9f2520:   0b00b0a0 f7c07a04 0b387d60 f7af0f1c
0xff9f2530:   00000007 f7af0f0a f7c07a04 f7af0f4c
0xff9f2540:   0b00b0a0 f7af0f0a 0b38bb00 085b6163
0xff9f2550:   00000007 0b00b010 0b00ad20 085bb8d1
0xff9f2560:   0b00b010 0b00ad20 00000000 085bb89b
0xff9f2570:   0c8250d0 ff9f2597 ff9f25bc 085c6969
0xff9f2580:   087d6c00 ff9f25bc ff9f2648 084fc53b
0xff9f2590:   00000014 00010002 00000000 00000000
0xff9f25a0:   01010100 00000001 09aa44c0 00000000
0xff9f25b0:   00000000 00000000 00000000 00000000
0xff9f25c0:   00000000 00000015 ff9f2718 f78146ff
0xff9f25d0:   f798441c 47677753 53656d61 65767265
0xff9f25e0:   34313a72 39313531 09290032 0b36d120
0xff9f25f0:   08ea0100 08ebc230 08ea5888 f798441c
0xff9f2600:   00000428 00000420 f7814779 085758fd
0xff9f2610:   08ea2a80 09b1ea78 08ea5888 08574f56
0xff9f2620:   0929a2c4 0929a2c4 ff9f2718 08ea583b
0xff9f2630:   0000000c ff9f26e4 ff9f2660 f7984000
0xff9f2640:   00000000 08575910 00000000 f77fcf26
0xff9f2650:   00000000 08575910 00000000 f77fcf26
0xff9f2660:   0000000c ff9f26e4 ff9f2718 ff9f2684
0xff9f2670:   0929a2d0 00000000 ff9f2718 f7984000
0xff9f2680:   f77ec75c f7984000 00000000 08575910
0xff9f2690:   00000000 c536523b 04e75a2a 00000000
0xff9f26a0:   00000000 00000000 f7f034d0 f77fce30
0xff9f26b0:   084fc260 0929a2c4 0000000c 08575946
0xff9f26c0:   084fc260 0000000c ff9f26e4 08ea57f0
0xff9f26d0:   08ea5850 f7f034d0 ff9f26dc f7f30970
0xff9f26e0:   0000000c ff9f3630 ff9f3642 ff9f3645
0xff9f26f0:   ff9f3657 ff9f365a ff9f3665 ff9f3689
0xff9f2700:   ff9f3699 ff9f36ab ff9f36cd ff9f36d0 

Instructions: (pc=0xf7863618)
0xf7863518:   50 8d 96 86 f7 fa ff 8d 86 d0 2f fb ff e8 c6 b7
0xf7863528:   ff ff 8d b6 00 00 00 00 bb 20 00 00 00 e9 5e fe
0xf7863538:   ff ff e8 a1 c0 ff ff 89 c5 85 c0 0f 85 68 ff ff
0xf7863548:   ff 31 d2 8d 44 3b 10 e8 8c c1 ff ff 89 da 89 f9
0xf7863558:   89 c5 e8 11 f0 ff ff 89 c2 85 c0 75 1b 85 ed 74
0xf7863568:   17 90 89 fa 89 e8 e8 bd c5 ff ff 89 da 89 f9 89
0xf7863578:   c5 e8 f2 ef ff ff 89 c2 85 ed 0f 84 57 ff ff ff
0xf7863588:   e9 39 ff ff ff 8d 86 b8 31 fb ff 83 ec 0c b9 25
0xf7863598:   0d 00 00 50 8d 96 86 f7 fa ff 8d 86 74 2f fb ff
0xf78635a8:   e8 43 b7 ff ff 8d 76 00 f3 0f 1e fb e8 0a 9a f9
0xf78635b8:   ff 05 47 0a 12 00 56 53 83 ec 04 8b 5c 24 10 8b
0xf78635c8:   74 24 14 8b 80 50 ff ff ff c7 00 00 00 00 00 e8
0xf78635d8:   54 bb ff ff 8b 4c 24 0c 83 c4 04 89 f2 89 d8 5b
0xf78635e8:   5e e9 42 fd ff ff 66 90 f3 0f 1e fb 56 e8 9a 9b
0xf78635f8:   f9 ff 81 c6 06 0a 12 00 53 83 ec 14 8b 5c 24 20
0xf7863608:   8b 86 5c ff ff ff 8b 00 85 c0 75 6c 85 db 74 75
0xf7863618:   8b 4b fc 8d 53 f8 f6 c1 02 75 35 8b 86 70 fe ff
0xf7863628:   ff 65 8b 00 85 c0 0f 84 8c 00 00 00 83 e1 04 8d
0xf7863638:   86 60 07 00 00 74 09 89 d0 25 00 00 f0 ff 8b 00
0xf7863648:   83 c4 14 31 c9 5b 5e e9 8c cb ff ff 8d 74 26 00
0xf7863658:   8b 9e 60 01 00 00 85 db 75 10 3b 8e 48 01 00 00
0xf7863668:   76 08 81 f9 00 00 08 00 76 26 83 c4 14 89 d0 5b
0xf7863678:   5e e9 92 b8 ff ff 66 90 83 ec 08 ff 74 24 24 53
0xf7863688:   ff d0 83 c4 10 83 c4 14 5b 5e c3 8d 74 26 00 90
0xf7863698:   39 96 80 1d 00 00 77 08 39 96 7c 1d 00 00 77 ca
0xf78636a8:   83 e1 f8 8d 04 09 89 8e 48 01 00 00 89 86 40 01
0xf78636b8:   00 00 90 eb b5 8d 76 00 8b 86 74 fe ff ff 65 80
0xf78636c8:   38 00 0f 85 64 ff ff ff 89 54 24 0c e8 97 ed ff
0xf78636d8:   ff 8b 4b fc 8b 54 24 0c e9 4f ff ff ff 8d b4 26
0xf78636e8:   00 00 00 00 8d 74 26 00 f3 0f 1e fb 55 57 56 e8
0xf78636f8:   98 9a f9 ff 81 c6 04 09 12 00 53 83 ec 0c 8b 86
0xf7863708:   70 fe ff ff 8b 96 74 fe ff ff 65 8b 28 65 c6 02 



---------------  P R O C E S S  ---------------

VM state: at safepoint (shutting down)

VM Mutex/Monitor currently owned by a thread:  ([mutex/lock_event])
[0xf5e21d30] Threads_lock - owner thread: 0xc4194cf0

GC Precious Log:
<Skipped>

Heap:
 garbage-first heap   total 131072K, used 71804K [0xc5c00000, 0xe5c00000)
  region size 1024K, 69 young (70656K), 3 survivors (3072K)
 Metaspace       used 6218K, committed 6912K, reserved 16384K

Heap Regions: E=young(eden), S=young(survivor), O=old, HS=humongous(starts), HC=humongous(continues), CS=collection set, F=free, OA=open archive, CA=closed archive, TAMS=top-at-mark-start (previous, next)
|   0|0xc5c00000, 0xc5d00000, 0xc5d00000|100%| O|  |TAMS 0xc5c00000, 0xc5c00000| Untracked 
|   1|0xc5d00000, 0xc5e00000, 0xc5e00000|100%| O|  |TAMS 0xc5d00000, 0xc5d00000| Untracked 
|   2|0xc5e00000, 0xc5e43000, 0xc5f00000| 26%| O|  |TAMS 0xc5e00000, 0xc5e00000| Untracked 
|   3|0xc5f00000, 0xc5f00000, 0xc6000000|  0%| F|  |TAMS 0xc5f00000, 0xc5f00000| Untracked 
|   4|0xc6000000, 0xc6000000, 0xc6100000|  0%| F|  |TAMS 0xc6000000, 0xc6000000| Untracked 
|   5|0xc6100000, 0xc6100000, 0xc6200000|  0%| F|  |TAMS 0xc6100000, 0xc6100000| Untracked 
|   6|0xc6200000, 0xc6200000, 0xc6300000|  0%| F|  |TAMS 0xc6200000, 0xc6200000| Untracked 
|   7|0xc6300000, 0xc6300000, 0xc6400000|  0%| F|  |TAMS 0xc6300000, 0xc6300000| Untracked 
|   8|0xc6400000, 0xc6400000, 0xc6500000|  0%| F|  |TAMS 0xc6400000, 0xc6400000| Untracked 
|   9|0xc6500000, 0xc6500000, 0xc6600000|  0%| F|  |TAMS 0xc6500000, 0xc6500000| Untracked 
|  10|0xc6600000, 0xc6600000, 0xc6700000|  0%| F|  |TAMS 0xc6600000, 0xc6600000| Untracked 
|  11|0xc6700000, 0xc6700000, 0xc6800000|  0%| F|  |TAMS 0xc6700000, 0xc6700000| Untracked 
|  12|0xc6800000, 0xc6800000, 0xc6900000|  0%| F|  |TAMS 0xc6800000, 0xc6800000| Untracked 
|  13|0xc6900000, 0xc6900000, 0xc6a00000|  0%| F|  |TAMS 0xc6900000, 0xc6900000| Untracked 
|  14|0xc6a00000, 0xc6a00000, 0xc6b00000|  0%| F|  |TAMS 0xc6a00000, 0xc6a00000| Untracked 
|  15|0xc6b00000, 0xc6b00000, 0xc6c00000|  0%| F|  |TAMS 0xc6b00000, 0xc6b00000| Untracked 
|  16|0xc6c00000, 0xc6c00000, 0xc6d00000|  0%| F|  |TAMS 0xc6c00000, 0xc6c00000| Untracked 
|  17|0xc6d00000, 0xc6d00000, 0xc6e00000|  0%| F|  |TAMS 0xc6d00000, 0xc6d00000| Untracked 
|  18|0xc6e00000, 0xc6e00000, 0xc6f00000|  0%| F|  |TAMS 0xc6e00000, 0xc6e00000| Untracked 
|  19|0xc6f00000, 0xc6f00000, 0xc7000000|  0%| F|  |TAMS 0xc6f00000, 0xc6f00000| Untracked 
|  20|0xc7000000, 0xc7000000, 0xc7100000|  0%| F|  |TAMS 0xc7000000, 0xc7000000| Untracked 
|  21|0xc7100000, 0xc7100000, 0xc7200000|  0%| F|  |TAMS 0xc7100000, 0xc7100000| Untracked 
|  22|0xc7200000, 0xc7200000, 0xc7300000|  0%| F|  |TAMS 0xc7200000, 0xc7200000| Untracked 
|  23|0xc7300000, 0xc7300000, 0xc7400000|  0%| F|  |TAMS 0xc7300000, 0xc7300000| Untracked 
|  24|0xc7400000, 0xc7400000, 0xc7500000|  0%| F|  |TAMS 0xc7400000, 0xc7400000| Untracked 
|  25|0xc7500000, 0xc7500000, 0xc7600000|  0%| F|  |TAMS 0xc7500000, 0xc7500000| Untracked 
|  26|0xc7600000, 0xc7600000, 0xc7700000|  0%| F|  |TAMS 0xc7600000, 0xc7600000| Untracked 
|  27|0xc7700000, 0xc7700000, 0xc7800000|  0%| F|  |TAMS 0xc7700000, 0xc7700000| Untracked 
|  28|0xc7800000, 0xc7800000, 0xc7900000|  0%| F|  |TAMS 0xc7800000, 0xc7800000| Untracked 
|  29|0xc7900000, 0xc7900000, 0xc7a00000|  0%| F|  |TAMS 0xc7900000, 0xc7900000| Untracked 
|  30|0xc7a00000, 0xc7a00000, 0xc7b00000|  0%| F|  |TAMS 0xc7a00000, 0xc7a00000| Untracked 
|  31|0xc7b00000, 0xc7b00000, 0xc7c00000|  0%| F|  |TAMS 0xc7b00000, 0xc7b00000| Untracked 
|  32|0xc7c00000, 0xc7c00000, 0xc7d00000|  0%| F|  |TAMS 0xc7c00000, 0xc7c00000| Untracked 
|  33|0xc7d00000, 0xc7d00000, 0xc7e00000|  0%| F|  |TAMS 0xc7d00000, 0xc7d00000| Untracked 
|  34|0xc7e00000, 0xc7e00000, 0xc7f00000|  0%| F|  |TAMS 0xc7e00000, 0xc7e00000| Untracked 
|  35|0xc7f00000, 0xc7f00000, 0xc8000000|  0%| F|  |TAMS 0xc7f00000, 0xc7f00000| Untracked 
|  36|0xc8000000, 0xc8000000, 0xc8100000|  0%| F|  |TAMS 0xc8000000, 0xc8000000| Untracked 
|  37|0xc8100000, 0xc8100000, 0xc8200000|  0%| F|  |TAMS 0xc8100000, 0xc8100000| Untracked 
|  38|0xc8200000, 0xc8200000, 0xc8300000|  0%| F|  |TAMS 0xc8200000, 0xc8200000| Untracked 
|  39|0xc8300000, 0xc8300000, 0xc8400000|  0%| F|  |TAMS 0xc8300000, 0xc8300000| Untracked 
|  40|0xc8400000, 0xc8400000, 0xc8500000|  0%| F|  |TAMS 0xc8400000, 0xc8400000| Untracked 
|  41|0xc8500000, 0xc8500000, 0xc8600000|  0%| F|  |TAMS 0xc8500000, 0xc8500000| Untracked 
|  42|0xc8600000, 0xc8600000, 0xc8700000|  0%| F|  |TAMS 0xc8600000, 0xc8600000| Untracked 
|  43|0xc8700000, 0xc8700000, 0xc8800000|  0%| F|  |TAMS 0xc8700000, 0xc8700000| Untracked 
|  44|0xc8800000, 0xc8800000, 0xc8900000|  0%| F|  |TAMS 0xc8800000, 0xc8800000| Untracked 
|  45|0xc8900000, 0xc8900000, 0xc8a00000|  0%| F|  |TAMS 0xc8900000, 0xc8900000| Untracked 
|  46|0xc8a00000, 0xc8a00000, 0xc8b00000|  0%| F|  |TAMS 0xc8a00000, 0xc8a00000| Untracked 
|  47|0xc8b00000, 0xc8b00000, 0xc8c00000|  0%| F|  |TAMS 0xc8b00000, 0xc8b00000| Untracked 
|  48|0xc8c00000, 0xc8c00000, 0xc8d00000|  0%| F|  |TAMS 0xc8c00000, 0xc8c00000| Untracked 
|  49|0xc8d00000, 0xc8d00000, 0xc8e00000|  0%| F|  |TAMS 0xc8d00000, 0xc8d00000| Untracked 
|  50|0xc8e00000, 0xc8e00000, 0xc8f00000|  0%| F|  |TAMS 0xc8e00000, 0xc8e00000| Untracked 
|  51|0xc8f00000, 0xc8f00000, 0xc9000000|  0%| F|  |TAMS 0xc8f00000, 0xc8f00000| Untracked 
|  52|0xc9000000, 0xc9000000, 0xc9100000|  0%| F|  |TAMS 0xc9000000, 0xc9000000| Untracked 
|  53|0xc9100000, 0xc9100000, 0xc9200000|  0%| F|  |TAMS 0xc9100000, 0xc9100000| Untracked 
|  54|0xc9200000, 0xc9200000, 0xc9300000|  0%| F|  |TAMS 0xc9200000, 0xc9200000| Untracked 
|  55|0xc9300000, 0xc9300000, 0xc9400000|  0%| F|  |TAMS 0xc9300000, 0xc9300000| Untracked 
|  56|0xc9400000, 0xc9400000, 0xc9500000|  0%| F|  |TAMS 0xc9400000, 0xc9400000| Untracked 
|  57|0xc9500000, 0xc9500000, 0xc9600000|  0%| F|  |TAMS 0xc9500000, 0xc9500000| Untracked 
|  58|0xc9600000, 0xc9600000, 0xc9700000|  0%| F|  |TAMS 0xc9600000, 0xc9600000| Untracked 
|  59|0xc9700000, 0xc9700800, 0xc9800000|  0%| E|  |TAMS 0xc9700000, 0xc9700000| Complete 
|  60|0xc9800000, 0xc9900000, 0xc9900000|100%| E|CS|TAMS 0xc9800000, 0xc9800000| Complete 
|  61|0xc9900000, 0xc9a00000, 0xc9a00000|100%| E|CS|TAMS 0xc9900000, 0xc9900000| Complete 
|  62|0xc9a00000, 0xc9b00000, 0xc9b00000|100%| E|CS|TAMS 0xc9a00000, 0xc9a00000| Complete 
|  63|0xc9b00000, 0xc9c00000, 0xc9c00000|100%| E|CS|TAMS 0xc9b00000, 0xc9b00000| Complete 
|  64|0xc9c00000, 0xc9d00000, 0xc9d00000|100%| E|CS|TAMS 0xc9c00000, 0xc9c00000| Complete 
|  65|0xc9d00000, 0xc9e00000, 0xc9e00000|100%| E|CS|TAMS 0xc9d00000, 0xc9d00000| Complete 
|  66|0xc9e00000, 0xc9f00000, 0xc9f00000|100%| E|CS|TAMS 0xc9e00000, 0xc9e00000| Complete 
|  67|0xc9f00000, 0xca000000, 0xca000000|100%| E|CS|TAMS 0xc9f00000, 0xc9f00000| Complete 
|  68|0xca000000, 0xca100000, 0xca100000|100%| E|CS|TAMS 0xca000000, 0xca000000| Complete 
|  69|0xca100000, 0xca200000, 0xca200000|100%| E|CS|TAMS 0xca100000, 0xca100000| Complete 
|  70|0xca200000, 0xca300000, 0xca300000|100%| E|CS|TAMS 0xca200000, 0xca200000| Complete 
|  71|0xca300000, 0xca400000, 0xca400000|100%| E|CS|TAMS 0xca300000, 0xca300000| Complete 
|  72|0xca400000, 0xca500000, 0xca500000|100%| E|CS|TAMS 0xca400000, 0xca400000| Complete 
|  73|0xca500000, 0xca600000, 0xca600000|100%| E|CS|TAMS 0xca500000, 0xca500000| Complete 
|  74|0xca600000, 0xca700000, 0xca700000|100%| E|CS|TAMS 0xca600000, 0xca600000| Complete 
|  75|0xca700000, 0xca800000, 0xca800000|100%| E|CS|TAMS 0xca700000, 0xca700000| Complete 
|  76|0xca800000, 0xca900000, 0xca900000|100%| E|CS|TAMS 0xca800000, 0xca800000| Complete 
|  77|0xca900000, 0xcaa00000, 0xcaa00000|100%| E|CS|TAMS 0xca900000, 0xca900000| Complete 
|  78|0xcaa00000, 0xcab00000, 0xcab00000|100%| E|CS|TAMS 0xcaa00000, 0xcaa00000| Complete 
|  79|0xcab00000, 0xcac00000, 0xcac00000|100%| E|CS|TAMS 0xcab00000, 0xcab00000| Complete 
|  80|0xcac00000, 0xcad00000, 0xcad00000|100%| E|CS|TAMS 0xcac00000, 0xcac00000| Complete 
|  81|0xcad00000, 0xcae00000, 0xcae00000|100%| E|CS|TAMS 0xcad00000, 0xcad00000| Complete 
|  82|0xcae00000, 0xcaf00000, 0xcaf00000|100%| E|CS|TAMS 0xcae00000, 0xcae00000| Complete 
|  83|0xcaf00000, 0xcb000000, 0xcb000000|100%| E|CS|TAMS 0xcaf00000, 0xcaf00000| Complete 
|  84|0xcb000000, 0xcb100000, 0xcb100000|100%| E|CS|TAMS 0xcb000000, 0xcb000000| Complete 
|  85|0xcb100000, 0xcb200000, 0xcb200000|100%| E|CS|TAMS 0xcb100000, 0xcb100000| Complete 
|  86|0xcb200000, 0xcb300000, 0xcb300000|100%| E|CS|TAMS 0xcb200000, 0xcb200000| Complete 
|  87|0xcb300000, 0xcb3dbbb0, 0xcb400000| 85%| S|CS|TAMS 0xcb300000, 0xcb300000| Complete 
|  88|0xcb400000, 0xcb500000, 0xcb500000|100%| S|CS|TAMS 0xcb400000, 0xcb400000| Complete 
|  89|0xcb500000, 0xcb600000, 0xcb600000|100%| S|CS|TAMS 0xcb500000, 0xcb500000| Complete 
|  90|0xcb600000, 0xcb700000, 0xcb700000|100%| E|CS|TAMS 0xcb600000, 0xcb600000| Complete 
|  91|0xcb700000, 0xcb800000, 0xcb800000|100%| E|CS|TAMS 0xcb700000, 0xcb700000| Complete 
|  92|0xcb800000, 0xcb900000, 0xcb900000|100%| E|CS|TAMS 0xcb800000, 0xcb800000| Complete 
|  93|0xcb900000, 0xcba00000, 0xcba00000|100%| E|CS|TAMS 0xcb900000, 0xcb900000| Complete 
|  94|0xcba00000, 0xcbb00000, 0xcbb00000|100%| E|CS|TAMS 0xcba00000, 0xcba00000| Complete 
|  95|0xcbb00000, 0xcbc00000, 0xcbc00000|100%| E|CS|TAMS 0xcbb00000, 0xcbb00000| Complete 
|  96|0xcbc00000, 0xcbd00000, 0xcbd00000|100%| E|CS|TAMS 0xcbc00000, 0xcbc00000| Complete 
|  97|0xcbd00000, 0xcbe00000, 0xcbe00000|100%| E|CS|TAMS 0xcbd00000, 0xcbd00000| Complete 
|  98|0xcbe00000, 0xcbf00000, 0xcbf00000|100%| E|CS|TAMS 0xcbe00000, 0xcbe00000| Complete 
|  99|0xcbf00000, 0xcc000000, 0xcc000000|100%| E|CS|TAMS 0xcbf00000, 0xcbf00000| Complete 
| 100|0xcc000000, 0xcc100000, 0xcc100000|100%| E|CS|TAMS 0xcc000000, 0xcc000000| Complete 
| 101|0xcc100000, 0xcc200000, 0xcc200000|100%| E|CS|TAMS 0xcc100000, 0xcc100000| Complete 
| 102|0xcc200000, 0xcc300000, 0xcc300000|100%| E|CS|TAMS 0xcc200000, 0xcc200000| Complete 
| 103|0xcc300000, 0xcc400000, 0xcc400000|100%| E|CS|TAMS 0xcc300000, 0xcc300000| Complete 
| 104|0xcc400000, 0xcc500000, 0xcc500000|100%| E|CS|TAMS 0xcc400000, 0xcc400000| Complete 
| 105|0xcc500000, 0xcc600000, 0xcc600000|100%| E|CS|TAMS 0xcc500000, 0xcc500000| Complete 
| 106|0xcc600000, 0xcc700000, 0xcc700000|100%| E|CS|TAMS 0xcc600000, 0xcc600000| Complete 
| 107|0xcc700000, 0xcc800000, 0xcc800000|100%| E|CS|TAMS 0xcc700000, 0xcc700000| Complete 
| 108|0xcc800000, 0xcc900000, 0xcc900000|100%| E|CS|TAMS 0xcc800000, 0xcc800000| Complete 
| 109|0xcc900000, 0xcca00000, 0xcca00000|100%| E|CS|TAMS 0xcc900000, 0xcc900000| Complete 
| 110|0xcca00000, 0xccb00000, 0xccb00000|100%| E|CS|TAMS 0xcca00000, 0xcca00000| Complete 
| 111|0xccb00000, 0xccc00000, 0xccc00000|100%| E|CS|TAMS 0xccb00000, 0xccb00000| Complete 
| 112|0xccc00000, 0xccd00000, 0xccd00000|100%| E|CS|TAMS 0xccc00000, 0xccc00000| Complete 
| 113|0xccd00000, 0xcce00000, 0xcce00000|100%| E|CS|TAMS 0xccd00000, 0xccd00000| Complete 
| 114|0xcce00000, 0xccf00000, 0xccf00000|100%| E|CS|TAMS 0xcce00000, 0xcce00000| Complete 
| 115|0xccf00000, 0xcd000000, 0xcd000000|100%| E|CS|TAMS 0xccf00000, 0xccf00000| Complete 
| 116|0xcd000000, 0xcd100000, 0xcd100000|100%| E|CS|TAMS 0xcd000000, 0xcd000000| Complete 
| 117|0xcd100000, 0xcd200000, 0xcd200000|100%| E|CS|TAMS 0xcd100000, 0xcd100000| Complete 
| 118|0xcd200000, 0xcd300000, 0xcd300000|100%| E|CS|TAMS 0xcd200000, 0xcd200000| Complete 
| 119|0xcd300000, 0xcd400000, 0xcd400000|100%| E|CS|TAMS 0xcd300000, 0xcd300000| Complete 
| 120|0xcd400000, 0xcd500000, 0xcd500000|100%| E|CS|TAMS 0xcd400000, 0xcd400000| Complete 
| 121|0xcd500000, 0xcd600000, 0xcd600000|100%| E|CS|TAMS 0xcd500000, 0xcd500000| Complete 
| 122|0xcd600000, 0xcd700000, 0xcd700000|100%| E|CS|TAMS 0xcd600000, 0xcd600000| Complete 
| 123|0xcd700000, 0xcd800000, 0xcd800000|100%| E|CS|TAMS 0xcd700000, 0xcd700000| Complete 
| 124|0xcd800000, 0xcd900000, 0xcd900000|100%| E|CS|TAMS 0xcd800000, 0xcd800000| Complete 
| 125|0xcd900000, 0xcda00000, 0xcda00000|100%| E|CS|TAMS 0xcd900000, 0xcd900000| Complete 
| 126|0xcda00000, 0xcdb00000, 0xcdb00000|100%| E|CS|TAMS 0xcda00000, 0xcda00000| Complete 
| 127|0xcdb00000, 0xcdc00000, 0xcdc00000|100%| E|CS|TAMS 0xcdb00000, 0xcdb00000| Complete 

Card table byte_map: [0xc5a00000,0xc5b00000] _byte_map_base: 0xc53d2000

Marking Bits (Prev, Next): (CMBitMap*) 0xf5e8b528, (CMBitMap*) 0xf5e8b548
 Prev Bits: [0xc5100000, 0xc5900000)
 Next Bits: [0xc4900000, 0xc5100000)

Polling page: 0xf7ef5000

Metaspace:

Usage:
    6.07 MB used.

Virtual space:
     16.00 MB reserved,       6.75 MB ( 42%) committed,  1 nodes.

Chunk freelists:
6.88 MB

MaxMetaspaceSize: 96.00 MB
No class space
Initial GC threshold: 16.00 MB
Current GC threshold: 16.00 MB
CDS: on
MetaspaceReclaimPolicy: balanced
 - commit_granule_bytes: 65536.
 - commit_granule_words: 16384.
 - virtual_space_node_default_size: 4194304.
 - enlarge_chunks_in_place: 1.
 - new_chunks_are_fully_committed: 0.
 - uncommit_free_chunks: 1.
 - use_allocation_guard: 0.
 - handle_deallocations: 1.


Internal statistics:

num_allocs_failed_limit: 0.
num_arena_births: 423.
num_arena_deaths: 0.
num_vsnodes_births: 1.
num_vsnodes_deaths: 0.
num_space_committed: 108.
num_space_uncommitted: 0.
num_chunks_returned_to_freelist: 0.
num_chunks_taken_from_freelist: 718.
num_chunk_merges: 0.
num_chunk_splits: 527.
num_chunks_enlarged: 372.
num_inconsistent_stats: 0.

CodeHeap 'non-profiled nmethods': size=120172Kb used=845Kb max_used=845Kb free=119326Kb
 bounds [0xed7f5000, 0xeda35000, 0xf4d50000]
CodeHeap 'profiled nmethods': size=120172Kb used=3526Kb max_used=3526Kb free=116645Kb
 bounds [0xe5d50000, 0xe60c8000, 0xed2ab000]
CodeHeap 'non-nmethods': size=5416Kb used=746Kb max_used=792Kb free=4669Kb
 bounds [0xed2ab000, 0xed4eb000, 0xed7f5000]
 total_blobs=2139 nmethods=1780 adapters=273
 compilation: enabled
              stopped_count=0, restarted_count=0
 full_count=0

Compilation events (20 events):
Event: 401.437 Thread 0xc41a0580 1773   !   3       jdk.internal.logger.LazyLoggers$LazyLoggerAccessor::wrapped (41 bytes)
Event: 401.438 Thread 0xc41a0580 nmethod 1773 0xe60bd288 code [0xe60bd3e0, 0xe60bd70c]
Event: 401.439 Thread 0xc41a0580 1774       3       java.lang.System$Logger::log (11 bytes)
Event: 401.440 Thread 0xc41a0580 nmethod 1774 0xe60bd808 code [0xe60bd940, 0xe60bdaec]
Event: 401.440 Thread 0xc41a0580 1775       3       jdk.internal.logger.SimpleConsoleLogger::log (35 bytes)
Event: 401.441 Thread 0xc41a0580 nmethod 1775 0xe60bdb88 code [0xe60bdd60, 0xe60be468]
Event: 401.441 Thread 0xc41a0580 1776       3       jdk.internal.logger.SimpleConsoleLogger::isLoggable (9 bytes)
Event: 401.442 Thread 0xc41a0580 nmethod 1776 0xe60be808 code [0xe60be960, 0xe60bec98]
Event: 401.442 Thread 0xc41a0580 1777       3       jdk.internal.logger.SimpleConsoleLogger::isLoggable (29 bytes)
Event: 401.449 Thread 0xc41a0580 nmethod 1777 0xe60bee08 code [0xe60bef60, 0xe60bf20c]
Event: 401.449 Thread 0xc41a0580 1778       3       jdk.internal.logger.SimpleConsoleLogger::effectiveLevel (17 bytes)
Event: 401.449 Thread 0xc41a0580 nmethod 1778 0xe60bf308 code [0xe60bf440, 0xe60bf64c]
Event: 401.449 Thread 0xc41a0580 1779       3       jdk.internal.logger.SurrogateLogger::defaultPlatformLevel (4 bytes)
Event: 401.450 Thread 0xc41a0580 nmethod 1779 0xe60bf708 code [0xe60bf820, 0xe60bf920]
Event: 401.450 Thread 0xc41a0580 1780       3       java.io.ObjectInputStream::readStreamHeader (61 bytes)
Event: 401.454 Thread 0xc41a0580 nmethod 1780 0xe60bfa08 code [0xe60bfbe0, 0xe60c0240]
Event: 402.756 Thread 0xc419f450 1781       4       script.dictionary::getString (38 bytes)
Event: 402.784 Thread 0xc419f450 nmethod 1781 0xed8c7a08 code [0xed8c7b60, 0xed8c82f0]
Event: 404.611 Thread 0xc41a0580 1782   !   3       java.io.ObjectInputStream::readTypeString (128 bytes)
Event: 404.612 Thread 0xc41a0580 nmethod 1782 0xe60c0508 code [0xe60c0780, 0xe60c11c4]

GC Heap History (6 events):
Event: 69.687 GC heap before
{Heap before GC invocations=0 (full 0):
 garbage-first heap   total 131072K, used 12288K [0xc5c00000, 0xe5c00000)
  region size 1024K, 13 young (13312K), 0 survivors (0K)
 Metaspace       used 2838K, committed 3008K, reserved 16384K
}
Event: 69.720 GC heap after
{Heap after GC invocations=1 (full 0):
 garbage-first heap   total 131072K, used 2448K [0xc5c00000, 0xe5c00000)
  region size 1024K, 2 young (2048K), 2 survivors (2048K)
 Metaspace       used 2838K, committed 3008K, reserved 16384K
}
Event: 84.664 GC heap before
{Heap before GC invocations=1 (full 0):
 garbage-first heap   total 131072K, used 17808K [0xc5c00000, 0xe5c00000)
  region size 1024K, 18 young (18432K), 2 survivors (2048K)
 Metaspace       used 3963K, committed 4352K, reserved 16384K
}
Event: 84.719 GC heap after
{Heap after GC invocations=2 (full 0):
 garbage-first heap   total 131072K, used 3557K [0xc5c00000, 0xe5c00000)
  region size 1024K, 2 young (2048K), 2 survivors (2048K)
 Metaspace       used 3963K, committed 4352K, reserved 16384K
}
Event: 166.391 GC heap before
{Heap before GC invocations=2 (full 0):
 garbage-first heap   total 131072K, used 40421K [0xc5c00000, 0xe5c00000)
  region size 1024K, 38 young (38912K), 2 survivors (2048K)
 Metaspace       used 5151K, committed 5632K, reserved 16384K
}
Event: 166.401 GC heap after
{Heap after GC invocations=3 (full 0):
 garbage-first heap   total 131072K, used 5242K [0xc5c00000, 0xe5c00000)
  region size 1024K, 3 young (3072K), 3 survivors (3072K)
 Metaspace       used 5151K, committed 5632K, reserved 16384K
}

Dll operation events (4 events):
Event: 0.035 Loaded shared library /usr/lib/jvm/java-17-zulu-openjdk-jdk-x86/lib/libjava.so
Event: 62.933 Loaded shared library /usr/lib/jvm/java-17-zulu-openjdk-jdk-x86/lib/libnio.so
Event: 62.952 Loaded shared library /usr/lib/jvm/java-17-zulu-openjdk-jdk-x86/lib/libjimage.so
Event: 62.993 Loaded shared library /usr/lib/jvm/java-17-zulu-openjdk-jdk-x86/lib/libnet.so

Deoptimization events (20 events):
Event: 182.248 Thread 0x0c6967e0 DEOPT PACKING pc=0xed8866cc sp=0xff9f0f70
Event: 182.248 Thread 0x0c6967e0 DEOPT UNPACKING pc=0xed2f4d33 sp=0xff9f0ebc mode 2
Event: 182.248 Thread 0x0c6967e0 Uncommon trap: trap_request=0xffffff66 fr.pc=0xed8866cc relative=0x0000072c
Event: 182.248 Thread 0x0c6967e0 Uncommon trap: reason=speculate_class_check action=maybe_recompile pc=0xed8866cc method=java.util.HashMap.putVal(ILjava/lang/Object;Ljava/lang/Object;ZZ)Ljava/lang/Object; @ 56 c2
Event: 182.248 Thread 0x0c6967e0 DEOPT PACKING pc=0xed8866cc sp=0xff9f0f70
Event: 182.248 Thread 0x0c6967e0 DEOPT UNPACKING pc=0xed2f4d33 sp=0xff9f0ebc mode 2
Event: 182.248 Thread 0x0c6967e0 Uncommon trap: trap_request=0xffffff66 fr.pc=0xed8866cc relative=0x0000072c
Event: 182.248 Thread 0x0c6967e0 Uncommon trap: reason=speculate_class_check action=maybe_recompile pc=0xed8866cc method=java.util.HashMap.putVal(ILjava/lang/Object;Ljava/lang/Object;ZZ)Ljava/lang/Object; @ 56 c2
Event: 182.248 Thread 0x0c6967e0 DEOPT PACKING pc=0xed8866cc sp=0xff9f0f70
Event: 182.248 Thread 0x0c6967e0 DEOPT UNPACKING pc=0xed2f4d33 sp=0xff9f0ebc mode 2
Event: 242.141 Thread 0x0c6967e0 Uncommon trap: trap_request=0xffffff45 fr.pc=0xed87b4fc relative=0x000016dc
Event: 242.141 Thread 0x0c6967e0 Uncommon trap: reason=unstable_if action=reinterpret pc=0xed87b4fc method=script.script_entry.callMessageHandler(Ljava/lang/String;Ljava/lang/String;[Ljava/lang/Object;)I @ 461 c2
Event: 242.141 Thread 0x0c6967e0 DEOPT PACKING pc=0xed87b4fc sp=0xff9f1d90
Event: 242.141 Thread 0x0c6967e0 DEOPT UNPACKING pc=0xed2f4d33 sp=0xff9f1d78 mode 2
Event: 291.953 Thread 0x0c6967e0 DEOPT PACKING pc=0xe604395c sp=0xff9f1600
Event: 291.953 Thread 0x0c6967e0 DEOPT UNPACKING pc=0xed2f4171 sp=0xff9f1498 mode 0
Event: 348.472 Thread 0x0c6967e0 Uncommon trap: trap_request=0xffffff45 fr.pc=0xed865de0 relative=0x00001340
Event: 348.472 Thread 0x0c6967e0 Uncommon trap: reason=unstable_if action=reinterpret pc=0xed865de0 method=script.script_entry.runScript(Ljava/lang/String;Ljava/lang/String;[Ljava/lang/Object;)I @ 432 c2
Event: 348.472 Thread 0x0c6967e0 DEOPT PACKING pc=0xed865de0 sp=0xff9f0560
Event: 348.472 Thread 0x0c6967e0 DEOPT UNPACKING pc=0xed2f4d33 sp=0xff9f0540 mode 2

Classes unloaded (0 events):
No events

Classes redefined (0 events):
No events

Internal exceptions (14 events):
Event: 63.054 Thread 0x0c6967e0 Exception <a 'java/lang/NoSuchMethodError'{0xcd40b230}: 'java.lang.Object java.lang.invoke.DirectMethodHandle$Holder.invokeStaticInit(java.lang.Object)'> (0xcd40b230) 
thrown [src/hotspot/share/interpreter/linkResolver.cpp, line 759]
Event: 69.400 Thread 0x0c6967e0 Exception <a 'java/lang/NoSuchMethodError'{0xcd2c5848}: 'java.lang.Object java.lang.invoke.DirectMethodHandle$Holder.invokeStatic(java.lang.Object, float)'> (0xcd2c5848) 
thrown [src/hotspot/share/interpreter/linkResolver.cpp, line 759]
Event: 69.781 Thread 0x0c6967e0 Exception <a 'java/lang/NoSuchMethodError'{0xcd91d728}: 'java.lang.Object java.lang.invoke.DirectMethodHandle$Holder.invokeSpecial(java.lang.Object, java.lang.Object, long, java.lang.Object, java.lang.Object, java.lang.Object, java.lang.Object, int, java.lang.Object)'> (0xcd91d728) 
thrown [src/hotspot/share/interpreter/linkResolver.cpp, line 759]
Event: 69.782 Thread 0x0c6967e0 Exception <a 'java/lang/NoSuchMethodError'{0xcd921a28}: 'java.lang.Object java.lang.invoke.DelegatingMethodHandle$Holder.reinvoke_L(java.lang.Object, long, java.lang.Object, java.lang.Object, java.lang.Object, java.lang.Object, int, java.lang.Object)'> (0xcd921a28) 
thrown [src/hotspot/share/interpreter/linkResolver.cpp, line 759]
Event: 69.804 Thread 0x0c6967e0 Exception <a 'java/lang/NoSuchMethodError'{0xcd9aa7c8}: 'java.lang.Object java.lang.invoke.DirectMethodHandle$Holder.invokeSpecial(java.lang.Object, java.lang.Object, java.lang.Object, java.lang.Object, float)'> (0xcd9aa7c8) 
thrown [src/hotspot/share/interpreter/linkResolver.cpp, line 759]
Event: 69.811 Thread 0x0c6967e0 Exception <a 'java/lang/NoSuchMethodError'{0xcd9d7200}: 'java.lang.Object java.lang.invoke.DirectMethodHandle$Holder.invokeSpecial(java.lang.Object, java.lang.Object, java.lang.Object, java.lang.Object, int)'> (0xcd9d7200) 
thrown [src/hotspot/share/interpreter/linkResolver.cpp, line 759]
Event: 69.812 Thread 0x0c6967e0 Exception <a 'java/lang/NoSuchMethodError'{0xcd9da968}: 'java.lang.Object java.lang.invoke.Invokers$Holder.linkToTargetMethod(java.lang.Object, java.lang.Object, int, java.lang.Object)'> (0xcd9da968) 
thrown [src/hotspot/share/interpreter/linkResolver.cpp, line 759]
Event: 69.956 Thread 0x0c6967e0 Exception <a 'java/lang/NoSuchMethodError'{0xcd8e5410}: 'java.lang.Object java.lang.invoke.DirectMethodHandle$Holder.invokeSpecial(java.lang.Object, java.lang.Object, long, java.lang.Object, java.lang.Object, java.lang.Object, java.lang.Object, java.lang.Object, java.lang.Object)'> (0xcd8e5410) 
thrown [src/hotspot/share/interpreter/linkResolver.cpp, line 759]
Event: 69.957 Thread 0x0c6967e0 Exception <a 'java/lang/NoSuchMethodError'{0xcd8e97e8}: 'java.lang.Object java.lang.invoke.DelegatingMethodHandle$Holder.reinvoke_L(java.lang.Object, long, java.lang.Object, java.lang.Object, java.lang.Object, java.lang.Object, java.lang.Object, java.lang.Object)'> (0xcd8e97e8) 
thrown [src/hotspot/share/interpreter/linkResolver.cpp, line 759]
Event: 141.142 Thread 0x0c6967e0 Exception <a 'java/lang/NoSuchMethodError'{0xcc2ff7b0}: 'java.lang.Object java.lang.invoke.DirectMethodHandle$Holder.invokeSpecial(java.lang.Object, java.lang.Object, java.lang.Object, java.lang.Object, java.lang.Object, java.lang.Object, int)'> (0xcc2ff7b0) 
thrown [src/hotspot/share/interpreter/linkResolver.cpp, line 759]
Event: 182.216 Thread 0x0c6967e0 Exception <a 'java/lang/NoSuchMethodError'{0xcce58398}: static [Lscript/location;.<clinit>()V> (0xcce58398) 
thrown [src/hotspot/share/prims/jni.cpp, line 1112]
Event: 201.448 Thread 0x0c6967e0 Exception <a 'java/lang/NoSuchMethodError'{0xcca2fae0}: static [Lscript/obj_id;.<clinit>()V> (0xcca2fae0) 
thrown [src/hotspot/share/prims/jni.cpp, line 1112]
Event: 237.737 Thread 0x0c6967e0 Exception <a 'java/lang/NoSuchMethodError'{0xcc89bb08}: 'java.lang.Object java.lang.invoke.DirectMethodHandle$Holder.invokeSpecial(java.lang.Object, java.lang.Object, int, int, int)'> (0xcc89bb08) 
thrown [src/hotspot/share/interpreter/linkResolver.cpp, line 759]
Event: 242.141 Thread 0x0c6967e0 Implicit null exception at 0xed87a458 to 0xed87b4dc

VM Operations (20 events):
Event: 226.360 Executing VM operation: Cleanup
Event: 226.360 Executing VM operation: Cleanup done
Event: 231.366 Executing VM operation: Cleanup
Event: 231.367 Executing VM operation: Cleanup done
Event: 267.414 Executing VM operation: Cleanup
Event: 267.414 Executing VM operation: Cleanup done
Event: 292.455 Executing VM operation: Cleanup
Event: 292.455 Executing VM operation: Cleanup done
Event: 293.455 Executing VM operation: Cleanup
Event: 293.455 Executing VM operation: Cleanup done
Event: 322.511 Executing VM operation: Cleanup
Event: 322.512 Executing VM operation: Cleanup done
Event: 374.591 Executing VM operation: Cleanup
Event: 374.591 Executing VM operation: Cleanup done
Event: 390.627 Executing VM operation: Cleanup
Event: 390.627 Executing VM operation: Cleanup done
Event: 393.628 Executing VM operation: Cleanup
Event: 393.628 Executing VM operation: Cleanup done
Event: 402.650 Executing VM operation: Cleanup
Event: 402.650 Executing VM operation: Cleanup done

Events (20 events):
Event: 182.300 loading class java/lang/constant/MethodHandleDesc done
Event: 182.300 loading class java/lang/constant/MethodHandleDesc$1
Event: 182.300 loading class java/lang/constant/MethodHandleDesc$1 done
Event: 182.300 loading class java/lang/constant/DirectMethodHandleDescImpl
Event: 182.300 loading class java/lang/constant/DirectMethodHandleDesc
Event: 182.300 loading class java/lang/constant/DirectMethodHandleDesc done
Event: 182.300 loading class java/lang/constant/DirectMethodHandleDescImpl done
Event: 182.300 loading class java/lang/constant/DirectMethodHandleDescImpl$1
Event: 182.301 loading class java/lang/constant/DirectMethodHandleDescImpl$1 done
Event: 182.301 loading class java/lang/constant/DirectMethodHandleDesc$1
Event: 182.301 loading class java/lang/constant/DirectMethodHandleDesc$1 done
Event: 182.302 loading class java/lang/constant/PrimitiveClassDescImpl
Event: 182.302 loading class java/lang/constant/DynamicConstantDesc
Event: 182.302 loading class java/lang/constant/DynamicConstantDesc done
Event: 182.303 loading class java/lang/constant/PrimitiveClassDescImpl done
Event: 182.305 loading class java/lang/constant/DynamicConstantDesc$AnonymousDynamicConstantDesc
Event: 182.305 loading class java/lang/constant/DynamicConstantDesc$AnonymousDynamicConstantDesc done
Event: 405.457 Thread 0x0c6967e0 Thread exited: 0x0c6967e0
Event: 405.485 Thread 0xf5e242d0 Thread exited: 0xf5e242d0
Event: 405.485 Thread 0xc419bff0 Thread exited: 0xc419bff0


Dynamic libraries:
08048000-09298000 r-xp 00000000 08:04 494947248                          /home/almalinux/swg-returns-nge/build/bin/SwgGameServer
09298000-0929c000 rw-p 0124f000 08:04 494947248                          /home/almalinux/swg-returns-nge/build/bin/SwgGameServer
0929c000-09b1f000 rw-p 00000000 00:00 0 
0afd1000-141d3000 rw-p 00000000 00:00 0                                  [heap]
be500000-be5ff000 rw-p 00000000 00:00 0 
be5ff000-be600000 ---p 00000000 00:00 0 
be600000-be664000 rw-p 00000000 00:00 0 
be664000-be700000 ---p 00000000 00:00 0 
be700000-be7f9000 rw-p 00000000 00:00 0 
be7f9000-be800000 ---p 00000000 00:00 0 
bea00000-beafe000 rw-p 00000000 00:00 0 
beafe000-beb00000 ---p 00000000 00:00 0 
beb00000-bec00000 rw-p 00000000 00:00 0 
bec00000-becff000 rw-p 00000000 00:00 0 
becff000-bed00000 ---p 00000000 00:00 0 
bed00000-bedf9000 rw-p 00000000 00:00 0 
bedf9000-bee00000 ---p 00000000 00:00 0 
bee00000-beef1000 rw-p 00000000 00:00 0 
beef1000-bef00000 ---p 00000000 00:00 0 
bf000000-bf0f9000 rw-p 00000000 00:00 0 
bf0f9000-bf100000 ---p 00000000 00:00 0 
bf100000-bf1a3000 rw-p 00000000 00:00 0 
bf1a3000-bf200000 ---p 00000000 00:00 0 
bf200000-bf2f9000 rw-p 00000000 00:00 0 
bf2f9000-bf300000 ---p 00000000 00:00 0 
bf300000-bf3f9000 rw-p 00000000 00:00 0 
bf3f9000-bf400000 ---p 00000000 00:00 0 
bf400000-bf4f9000 rw-p 00000000 00:00 0 
bf4f9000-bf500000 ---p 00000000 00:00 0 
bf800000-bf8f9000 rw-p 00000000 00:00 0 
bf8f9000-bf900000 ---p 00000000 00:00 0 
bfa00000-bfaf9000 rw-p 00000000 00:00 0 
bfaf9000-bfb00000 ---p 00000000 00:00 0 
bfb00000-bfbf9000 rw-p 00000000 00:00 0 
bfbf9000-bfc00000 ---p 00000000 00:00 0 
bfc00000-bfcfc000 rw-p 00000000 00:00 0 
bfcfc000-bfd00000 ---p 00000000 00:00 0 
bfe00000-bfef9000 rw-p 00000000 00:00 0 
bfef9000-bff00000 ---p 00000000 00:00 0 
bffac000-bffb0000 ---p 00000000 00:00 0 
bffb0000-c002d000 rw-p 00000000 00:00 0 
c0100000-c01f9000 rw-p 00000000 00:00 0 
c01f9000-c0200000 ---p 00000000 00:00 0 
c0200000-c02fd000 rw-p 00000000 00:00 0 
c02fd000-c0300000 ---p 00000000 00:00 0 
c0300000-c03fb000 rw-p 00000000 00:00 0 
c03fb000-c0400000 ---p 00000000 00:00 0 
c0b00000-c0bfd000 rw-p 00000000 00:00 0 
c0bfd000-c0c00000 ---p 00000000 00:00 0 
c0ce0000-c0ce1000 ---p 00000000 00:00 0 
c0ce1000-c0d61000 rw-p 00000000 00:00 0 
c0d61000-c0d62000 ---p 00000000 00:00 0 
c0d62000-c0de2000 rw-p 00000000 00:00 0 
c119d000-c119e000 ---p 00000000 00:00 0 
c119e000-c121e000 rw-p 00000000 00:00 0 
c1300000-c1400000 rw-p 00000000 00:00 0 
c167f000-c1683000 ---p 00000000 00:00 0 
c1683000-c1740000 rw-p 00000000 00:00 0 
c1740000-c1744000 ---p 00000000 00:00 0 
c1744000-c1801000 rw-p 00000000 00:00 0 
c1801000-c1802000 ---p 00000000 00:00 0 
c1802000-c1882000 rw-p 00000000 00:00 0 
c1882000-c1886000 ---p 00000000 00:00 0 
c1886000-c1943000 rw-p 00000000 00:00 0 
c1943000-c1947000 ---p 00000000 00:00 0 
c1947000-c1a04000 rw-p 00000000 00:00 0 
c1a04000-c1a08000 ---p 00000000 00:00 0 
c1a08000-c1ac5000 rw-p 00000000 00:00 0 
c1ac5000-c1ac9000 ---p 00000000 00:00 0 
c1ac9000-c1b86000 rw-p 00000000 00:00 0 
c1b86000-c1e00000 r--p 00078000 08:04 535181                             /usr/lib/locale/locale-archive
c1e00000-c2000000 r--p 00000000 08:04 535181                             /usr/lib/locale/locale-archive
c2000000-c21a0000 rw-p 00000000 00:00 0 
c21a0000-c2400000 ---p 00000000 00:00 0 
c2400000-c2920000 rw-p 00000000 00:00 0 
c2920000-c3000000 ---p 00000000 00:00 0 
c303c000-c3040000 ---p 00000000 00:00 0 
c3040000-c30bd000 rw-p 00000000 00:00 0 
c30bd000-c30c1000 ---p 00000000 00:00 0 
c30c1000-c317e000 rw-p 00000000 00:00 0 
c317e000-c3182000 ---p 00000000 00:00 0 
c3182000-c323f000 rw-p 00000000 00:00 0 
c323f000-c3243000 ---p 00000000 00:00 0 
c3243000-c3300000 rw-p 00000000 00:00 0 
c3300000-c3321000 rw-p 00000000 00:00 0 
c3321000-c3400000 ---p 00000000 00:00 0 
c3431000-c3435000 ---p 00000000 00:00 0 
c3435000-c34b2000 rw-p 00000000 00:00 0 
c34b2000-c34b3000 ---p 00000000 00:00 0 
c34b3000-c3533000 rw-p 00000000 00:00 0 
c3533000-c3e00000 rw-p 00001000 08:04 143240867                          /usr/lib/jvm/java-17-zulu-openjdk-jdk-x86/lib/server/classes.jsa
c3e00000-c3e21000 rw-p 00000000 00:00 0 
c3e21000-c3f00000 ---p 00000000 00:00 0 
c3f7f000-c3f80000 ---p 00000000 00:00 0 
c3f80000-c4000000 rw-p 00000000 00:00 0 
c4000000-c4021000 rw-p 00000000 00:00 0 
c4021000-c4100000 ---p 00000000 00:00 0 
c4100000-c41fb000 rw-p 00000000 00:00 0 
c41fb000-c4200000 ---p 00000000 00:00 0 
c427f000-c4280000 ---p 00000000 00:00 0 
c4280000-c4300000 rw-p 00000000 00:00 0 
c4300000-c4321000 rw-p 00000000 00:00 0 
c4321000-c4400000 ---p 00000000 00:00 0 
c447f000-c4480000 ---p 00000000 00:00 0 
c4480000-c4500000 rw-p 00000000 00:00 0 
c4500000-c4600000 rw-p 00000000 00:00 0 
c467f000-c4680000 ---p 00000000 00:00 0 
c4680000-c4700000 rw-p 00000000 00:00 0 
c4700000-c4800000 rw-p 00000000 00:00 0 
c487f000-c4880000 ---p 00000000 00:00 0 
c4880000-c4b00000 rw-p 00000000 00:00 0 
c4b00000-c5100000 ---p 00000000 00:00 0 
c5100000-c5300000 rw-p 00000000 00:00 0 
c5300000-c5900000 ---p 00000000 00:00 0 
c5900000-c5940000 rw-p 00000000 00:00 0 
c5940000-c5a00000 ---p 00000000 00:00 0 
c5a00000-c5a40000 rw-p 00000000 00:00 0 
c5a40000-c5b00000 ---p 00000000 00:00 0 
c5b00000-c5b40000 rw-p 00000000 00:00 0 
c5b40000-c5c00000 ---p 00000000 00:00 0 
c5c00000-cdc00000 rw-p 00000000 00:00 0 
cdc00000-e5c00000 ---p 00000000 00:00 0 
e5c65000-e5c6a000 rw-p 00000000 00:00 0 
e5c6a000-e5d50000 ---p 00000000 00:00 0 
e5d50000-e60c8000 rwxp 00000000 00:00 0 
e60c8000-ed2ab000 ---p 00000000 00:00 0 
ed2ab000-ed4eb000 rwxp 00000000 00:00 0 
ed4eb000-ed7f5000 ---p 00000000 00:00 0 
ed7f5000-eda35000 rwxp 00000000 00:00 0 
eda35000-f4d50000 ---p 00000000 00:00 0 
f4d50000-f4eb8000 r--s 00000000 08:04 117534333                          /usr/lib/jvm/java-17-zulu-openjdk-jdk-x86/lib/modules
f4eb8000-f5d5a000 r-xp 00000000 08:04 143240869                          /usr/lib/jvm/java-17-zulu-openjdk-jdk-x86/lib/server/libjvm.so
f5d5a000-f5daf000 r--p 00ea1000 08:04 143240869                          /usr/lib/jvm/java-17-zulu-openjdk-jdk-x86/lib/server/libjvm.so
f5daf000-f5dd0000 rw-p 00ef6000 08:04 143240869                          /usr/lib/jvm/java-17-zulu-openjdk-jdk-x86/lib/server/libjvm.so
f5dd0000-f5e00000 rw-p 00000000 00:00 0 
f5e00000-f5f00000 rw-p 00000000 00:00 0 
f5f3b000-f5f3c000 ---p 00000000 00:00 0 
f5f3c000-f5f40000 ---p 00000000 00:00 0 
f5f40000-f6ab4000 rw-p 00000000 00:00 0 
f6ac0000-f6ad5000 r-xp 00000000 08:04 117534323                          /usr/lib/jvm/java-17-zulu-openjdk-jdk-x86/lib/libnet.so
f6ad5000-f6ad6000 r--p 00014000 08:04 117534323                          /usr/lib/jvm/java-17-zulu-openjdk-jdk-x86/lib/libnet.so
f6ad6000-f6ad7000 rw-p 00015000 08:04 117534323                          /usr/lib/jvm/java-17-zulu-openjdk-jdk-x86/lib/libnet.so
f6ad7000-f6ade000 rw-p 00000000 00:00 0 
f6ade000-f6bc2000 ---p 00000000 00:00 0 
f6dfc000-f6e0e000 r-xp 00000000 08:04 117534324                          /usr/lib/jvm/java-17-zulu-openjdk-jdk-x86/lib/libnio.so
f6e0e000-f6e0f000 r--p 00011000 08:04 117534324                          /usr/lib/jvm/java-17-zulu-openjdk-jdk-x86/lib/libnio.so
f6e0f000-f6e10000 rw-p 00012000 08:04 117534324                          /usr/lib/jvm/java-17-zulu-openjdk-jdk-x86/lib/libnio.so
f6e10000-f6e39000 rw-p 00000000 00:00 0 
f6e39000-f6e5c000 r-xp 00000000 08:04 117534310                          /usr/lib/jvm/java-17-zulu-openjdk-jdk-x86/lib/libjava.so
f6e5c000-f6e5d000 r--p 00022000 08:04 117534310                          /usr/lib/jvm/java-17-zulu-openjdk-jdk-x86/lib/libjava.so
f6e5d000-f6e5e000 rw-p 00023000 08:04 117534310                          /usr/lib/jvm/java-17-zulu-openjdk-jdk-x86/lib/libjava.so
f6e5e000-f6e6a000 r-xp 00000000 08:04 16831767                           /usr/lib/libnss_files-2.28.so
f6e6a000-f6e6b000 r--p 0000b000 08:04 16831767                           /usr/lib/libnss_files-2.28.so
f6e6b000-f6e6c000 rw-p 0000c000 08:04 16831767                           /usr/lib/libnss_files-2.28.so
f6e6c000-f6e72000 rw-p 00000000 00:00 0 
f6e78000-f6e7d000 rw-p 00000000 00:00 0 
f6e7d000-f6e83000 ---p 00000000 00:00 0 
f6e83000-f6e9e000 r-xp 00000000 08:04 117534314                          /usr/lib/jvm/java-17-zulu-openjdk-jdk-x86/lib/libjimage.so
f6e9e000-f6e9f000 ---p 0001b000 08:04 117534314                          /usr/lib/jvm/java-17-zulu-openjdk-jdk-x86/lib/libjimage.so
f6e9f000-f6ea0000 r--p 0001b000 08:04 117534314                          /usr/lib/jvm/java-17-zulu-openjdk-jdk-x86/lib/libjimage.so
f6ea0000-f6ea1000 rw-p 0001c000 08:04 117534314                          /usr/lib/jvm/java-17-zulu-openjdk-jdk-x86/lib/libjimage.so
f6ea1000-f6ea5000 rw-p 00000000 00:00 0 
f6ea5000-f6f2d000 r-xp 00000000 08:04 17191875                           /usr/lib/libpcre2-8.so.0.7.1
f6f2d000-f6f2e000 r--p 00087000 08:04 17191875                           /usr/lib/libpcre2-8.so.0.7.1
f6f2e000-f6f2f000 rw-p 00088000 08:04 17191875                           /usr/lib/libpcre2-8.so.0.7.1
f6f2f000-f6f4f000 r-xp 00000000 08:04 17021543                           /usr/lib/libcrypt.so.1.1.0
f6f4f000-f6f50000 ---p 00020000 08:04 17021543                           /usr/lib/libcrypt.so.1.1.0
f6f50000-f6f51000 r--p 00020000 08:04 17021543                           /usr/lib/libcrypt.so.1.1.0
f6f51000-f6f5a000 rw-p 00000000 00:00 0 
f6f5a000-f6f85000 r-xp 00000000 08:04 17191887                           /usr/lib/libselinux.so.1
f6f85000-f6f86000 ---p 0002b000 08:04 17191887                           /usr/lib/libselinux.so.1
f6f86000-f6f87000 r--p 0002b000 08:04 17191887                           /usr/lib/libselinux.so.1
f6f87000-f6f88000 rw-p 0002c000 08:04 17191887                           /usr/lib/libselinux.so.1
f6f88000-f6f89000 rw-p 00000000 00:00 0 
f6f89000-f6fa8000 r-xp 00000000 08:04 18866589                           /usr/lib/libbrotlicommon.so.1.0.6
f6fa8000-f6fa9000 r--p 0001e000 08:04 18866589                           /usr/lib/libbrotlicommon.so.1.0.6
f6fa9000-f6faa000 rw-p 0001f000 08:04 18866589                           /usr/lib/libbrotlicommon.so.1.0.6
f6faa000-f6fc8000 r-xp 00000000 08:04 17191915                           /usr/lib/libsasl2.so.3.0.0
f6fc8000-f6fc9000 ---p 0001e000 08:04 17191915                           /usr/lib/libsasl2.so.3.0.0
f6fc9000-f6fca000 r--p 0001e000 08:04 17191915                           /usr/lib/libsasl2.so.3.0.0
f6fca000-f6fcb000 rw-p 0001f000 08:04 17191915                           /usr/lib/libsasl2.so.3.0.0
f6fcb000-f6fcd000 rw-p 00000000 00:00 0 
f6fcd000-f6fe1000 r-xp 00000000 08:04 16831772                           /usr/lib/libresolv-2.28.so
f6fe1000-f6fe2000 ---p 00014000 08:04 16831772                           /usr/lib/libresolv-2.28.so
f6fe2000-f6fe3000 r--p 00014000 08:04 16831772                           /usr/lib/libresolv-2.28.so
f6fe3000-f6fe4000 rw-p 00015000 08:04 16831772                           /usr/lib/libresolv-2.28.so
f6fe4000-f6fe6000 rw-p 00000000 00:00 0 
f6fe6000-f6fe9000 r-xp 00000000 08:04 17191893                           /usr/lib/libkeyutils.so.1.6
f6fe9000-f6fea000 ---p 00003000 08:04 17191893                           /usr/lib/libkeyutils.so.1.6
f6fea000-f6feb000 r--p 00003000 08:04 17191893                           /usr/lib/libkeyutils.so.1.6
f6feb000-f6fec000 rw-p 00000000 00:00 0 
f6fec000-f6ffc000 r-xp 00000000 08:04 17021560                           /usr/lib/libkrb5support.so.0.1
f6ffc000-f6ffd000 r--p 0000f000 08:04 17021560                           /usr/lib/libkrb5support.so.0.1
f6ffd000-f6ffe000 rw-p 00010000 08:04 17021560                           /usr/lib/libkrb5support.so.0.1
f6ffe000-f7006000 r-xp 00000000 08:04 16831774                           /usr/lib/librt-2.28.so
f7006000-f7007000 r--p 00007000 08:04 16831774                           /usr/lib/librt-2.28.so
f7007000-f7008000 rw-p 00008000 08:04 16831774                           /usr/lib/librt-2.28.so
f7008000-f7187000 r-xp 00000000 08:04 17021545                           /usr/lib/libunistring.so.2.1.0
f7187000-f7188000 ---p 0017f000 08:04 17021545                           /usr/lib/libunistring.so.2.1.0
f7188000-f718a000 r--p 0017f000 08:04 17021545                           /usr/lib/libunistring.so.2.1.0
f718a000-f718b000 rw-p 00181000 08:04 17021545                           /usr/lib/libunistring.so.2.1.0
f718b000-f71b5000 r-xp 00000000 08:04 18654292                           /usr/lib/liblzma.so.5.2.4
f71b5000-f71b6000 r--p 00029000 08:04 18654292                           /usr/lib/liblzma.so.5.2.4
f71b6000-f71b7000 rw-p 00000000 00:00 0 
f71b7000-f71c3000 r-xp 00000000 08:04 17191936                           /usr/lib/libbrotlidec.so.1.0.6
f71c3000-f71c4000 r--p 0000b000 08:04 17191936                           /usr/lib/libbrotlidec.so.1.0.6
f71c4000-f71c5000 rw-p 00000000 00:00 0 
f71c5000-f71d4000 r-xp 00000000 08:04 17191918                           /usr/lib/liblber-2.4.so.2.10.9
f71d4000-f71d5000 r--p 0000e000 08:04 17191918                           /usr/lib/liblber-2.4.so.2.10.9
f71d5000-f71d6000 rw-p 0000f000 08:04 17191918                           /usr/lib/liblber-2.4.so.2.10.9
f71d6000-f722b000 r-xp 00000000 08:04 17191920                           /usr/lib/libldap-2.4.so.2.10.9
f722b000-f722c000 ---p 00055000 08:04 17191920                           /usr/lib/libldap-2.4.so.2.10.9
f722c000-f722d000 r--p 00055000 08:04 17191920                           /usr/lib/libldap-2.4.so.2.10.9
f722d000-f722e000 rw-p 00056000 08:04 17191920                           /usr/lib/libldap-2.4.so.2.10.9
f722e000-f7230000 rw-p 00000000 00:00 0 
f7230000-f7233000 r-xp 00000000 08:04 16994899                           /usr/lib/libcom_err.so.2.1
f7233000-f7234000 r--p 00002000 08:04 16994899                           /usr/lib/libcom_err.so.2.1
f7234000-f7235000 rw-p 00003000 08:04 16994899                           /usr/lib/libcom_err.so.2.1
f7235000-f724b000 r-xp 00000000 08:04 17021552                           /usr/lib/libk5crypto.so.3.1
f724b000-f724c000 ---p 00016000 08:04 17021552                           /usr/lib/libk5crypto.so.3.1
f724c000-f724d000 r--p 00016000 08:04 17021552                           /usr/lib/libk5crypto.so.3.1
f724d000-f724e000 rw-p 00017000 08:04 17021552                           /usr/lib/libk5crypto.so.3.1
f724e000-f7331000 r-xp 00000000 08:04 17021558                           /usr/lib/libkrb5.so.3.3
f7331000-f7338000 r--p 000e2000 08:04 17021558                           /usr/lib/libkrb5.so.3.3
f7338000-f7339000 rw-p 000e9000 08:04 17021558                           /usr/lib/libkrb5.so.3.3
f7339000-f7394000 r-xp 00000000 08:04 17021548                           /usr/lib/libgssapi_krb5.so.2.2
f7394000-f7396000 r--p 0005a000 08:04 17021548                           /usr/lib/libgssapi_krb5.so.2.2
f7396000-f7397000 rw-p 0005c000 08:04 17021548                           /usr/lib/libgssapi_krb5.so.2.2
f7397000-f7648000 r-xp 00000000 08:04 18627877                           /usr/lib/libcrypto.so.1.1.1k
f7648000-f7661000 r--p 002b0000 08:04 18627877                           /usr/lib/libcrypto.so.1.1.1k
f7661000-f7663000 rw-p 002c9000 08:04 18627877                           /usr/lib/libcrypto.so.1.1.1k
f7663000-f7667000 rw-p 00000000 00:00 0 
f7667000-f76f9000 r-xp 00000000 08:04 18627879                           /usr/lib/libssl.so.1.1.1k
f76f9000-f76ff000 r--p 00091000 08:04 18627879                           /usr/lib/libssl.so.1.1.1k
f76ff000-f7703000 rw-p 00097000 08:04 18627879                           /usr/lib/libssl.so.1.1.1k
f7703000-f7713000 r-xp 00000000 08:04 18660120                           /usr/lib/libpsl.so.5.3.1
f7713000-f7714000 r--p 0000f000 08:04 18660120                           /usr/lib/libpsl.so.5.3.1
f7714000-f7715000 rw-p 00000000 00:00 0 
f7715000-f7792000 r-xp 00000000 08:04 16994901                           /usr/lib/libssh.so.4.8.7
f7792000-f7793000 ---p 0007d000 08:04 16994901                           /usr/lib/libssh.so.4.8.7
f7793000-f7794000 r--p 0007d000 08:04 16994901                           /usr/lib/libssh.so.4.8.7
f7794000-f7795000 rw-p 0007e000 08:04 16994901                           /usr/lib/libssh.so.4.8.7
f7795000-f77b2000 r-xp 00000000 08:04 17040588                           /usr/lib/libidn2.so.0.3.6
f77b2000-f77b3000 r--p 0001c000 08:04 17040588                           /usr/lib/libidn2.so.0.3.6
f77b3000-f77b4000 rw-p 00000000 00:00 0 
f77b4000-f77dc000 r-xp 00000000 08:04 17191891                           /usr/lib/libnghttp2.so.14.17.0
f77dc000-f77dd000 r--p 00027000 08:04 17191891                           /usr/lib/libnghttp2.so.14.17.0
f77dd000-f77df000 rw-p 00028000 08:04 17191891                           /usr/lib/libnghttp2.so.14.17.0
f77df000-f7981000 r-xp 00000000 08:04 16831756                           /usr/lib/libc-2.28.so
f7981000-f7982000 ---p 001a2000 08:04 16831756                           /usr/lib/libc-2.28.so
f7982000-f7984000 r--p 001a2000 08:04 16831756                           /usr/lib/libc-2.28.so
f7984000-f7985000 rw-p 001a4000 08:04 16831756                           /usr/lib/libc-2.28.so
f7985000-f798a000 rw-p 00000000 00:00 0 
f798a000-f79a5000 r-xp 00000000 08:04 16985139                           /usr/lib/libgcc_s-8-20210514.so.1
f79a5000-f79a6000 r--p 0001a000 08:04 16985139                           /usr/lib/libgcc_s-8-20210514.so.1
f79a6000-f79a7000 rw-p 0001b000 08:04 16985139                           /usr/lib/libgcc_s-8-20210514.so.1
f79a7000-f7a77000 r-xp 00000000 08:04 16831760                           /usr/lib/libm-2.28.so
f7a77000-f7a78000 r--p 000cf000 08:04 16831760                           /usr/lib/libm-2.28.so
f7a78000-f7a79000 rw-p 000d0000 08:04 16831760                           /usr/lib/libm-2.28.so
f7a79000-f7c02000 r-xp 00000000 08:04 16985145                           /usr/lib/libstdc++.so.6.0.25
f7c02000-f7c03000 ---p 00189000 08:04 16985145                           /usr/lib/libstdc++.so.6.0.25
f7c03000-f7c09000 r--p 00189000 08:04 16985145                           /usr/lib/libstdc++.so.6.0.25
f7c09000-f7c0a000 rw-p 0018f000 08:04 16985145                           /usr/lib/libstdc++.so.6.0.25
f7c0a000-f7c0c000 rw-p 00000000 00:00 0 
f7c0c000-f7c23000 r-xp 00000000 08:04 16963437                           /usr/lib/libz.so.1.2.11
f7c23000-f7c24000 ---p 00017000 08:04 16963437                           /usr/lib/libz.so.1.2.11
f7c24000-f7c25000 r--p 00017000 08:04 16963437                           /usr/lib/libz.so.1.2.11
f7c25000-f7c26000 rw-p 00000000 00:00 0 
f7c26000-f7da3000 r-xp 00000000 08:04 16963397                           /usr/lib/libxml2.so.2.9.7
f7da3000-f7da8000 r--p 0017c000 08:04 16963397                           /usr/lib/libxml2.so.2.9.7
f7da8000-f7da9000 rw-p 00181000 08:04 16963397                           /usr/lib/libxml2.so.2.9.7
f7da9000-f7daa000 rw-p 00000000 00:00 0 
f7daa000-f7dc6000 r-xp 00000000 08:04 16831770                           /usr/lib/libpthread-2.28.so
f7dc6000-f7dc7000 r--p 0001b000 08:04 16831770                           /usr/lib/libpthread-2.28.so
f7dc7000-f7dc8000 rw-p 0001c000 08:04 16831770                           /usr/lib/libpthread-2.28.so
f7dc8000-f7dca000 rw-p 00000000 00:00 0 
f7dca000-f7e3e000 r-xp 00000000 08:04 16818911                           /usr/lib/libpcre.so.1.2.10
f7e3e000-f7e3f000 ---p 00074000 08:04 16818911                           /usr/lib/libpcre.so.1.2.10
f7e3f000-f7e40000 r--p 00074000 08:04 16818911                           /usr/lib/libpcre.so.1.2.10
f7e40000-f7e41000 rw-p 00075000 08:04 16818911                           /usr/lib/libpcre.so.1.2.10
f7e41000-f7e44000 r-xp 00000000 08:04 16831758                           /usr/lib/libdl-2.28.so
f7e44000-f7e45000 r--p 00002000 08:04 16831758                           /usr/lib/libdl-2.28.so
f7e45000-f7e46000 rw-p 00003000 08:04 16831758                           /usr/lib/libdl-2.28.so
f7e46000-f7ee3000 r-xp 00000000 08:04 16994905                           /usr/lib/libcurl.so.4.5.0
f7ee3000-f7ee5000 r--p 0009c000 08:04 16994905                           /usr/lib/libcurl.so.4.5.0
f7ee5000-f7ee6000 rw-p 0009e000 08:04 16994905                           /usr/lib/libcurl.so.4.5.0
f7ee6000-f7eed000 r--s 00000000 08:04 176632422                          /usr/lib/gconv/gconv-modules.cache
f7eed000-f7ef5000 rw-s 00000000 08:04 151635576                          /tmp/hsperfdata_almalinux/1415192 (deleted)
f7ef5000-f7ef6000 ---p 00000000 00:00 0 
f7ef6000-f7ef7000 r--p 00000000 00:00 0 
f7ef7000-f7ef9000 rw-p 00000000 00:00 0 
f7ef9000-f7efd000 r--p 00000000 00:00 0                                  [vvar]
f7efd000-f7eff000 r-xp 00000000 00:00 0                                  [vdso]
f7eff000-f7f2e000 r-xp 00000000 08:04 16831749                           /usr/lib/ld-2.28.so
f7f2e000-f7f2f000 ---p 00000000 00:00 0 
f7f2f000-f7f30000 r--p 0002f000 08:04 16831749                           /usr/lib/ld-2.28.so
f7f30000-f7f31000 rw-p 00030000 08:04 16831749                           /usr/lib/ld-2.28.so
ff830000-ff831000 rwxp 00000000 00:00 0 
ff939000-ff9f5000 rw-p 00000000 00:00 0                                  [stack]


VM Arguments:
jvm_args: -Xms128m -Xmx512m -Xss768k -XX:MaxMetaspaceSize=96m -Xrs -XX:-UsePerfData -XX:-AllowUserSignalHandlers -XX:UseSSE=3 -XX+DoEscapeAnalysis -XX:AutoBoxCacheMax:2000 -XX:+OptimizeStringConcat -XX:+OptimizeFill -XX:+EliminateAutoBox -XX:+UseCompressedStrings -XX:+UseCompressedOops -XX:+EliminateLocks -XX:UseFastAccessorMethods -XX:+UseStringCache -XgcPrio:throughput -XXkeepAreaRatio:1 -XXlazyUnlocking -XXcallProfiling -XXcompactRatio:1 
java_command: <unknown>
java_class_path (initial): ../../data/sku.0/sys.server/compiled/game/
Launcher Type: generic

[Global flags]
     intx CICompilerCount                          = 3                                         {product} {ergonomic}
     uint ConcGCThreads                            = 1                                         {product} {ergonomic}
     uint G1ConcRefinementThreads                  = 4                                         {product} {ergonomic}
   size_t G1HeapRegionSize                         = 1048576                                   {product} {ergonomic}
    uintx GCDrainStackTargetSize                   = 64                                        {product} {ergonomic}
   size_t InitialHeapSize                          = 134217728                                 {product} {command line}
   size_t MarkStackSize                            = 32768                                     {product} {ergonomic}
   size_t MaxHeapSize                              = 536870912                                 {product} {command line}
   size_t MaxMetaspaceSize                         = 100663296                                 {product} {command line}
   size_t MaxNewSize                               = 321912832                                 {product} {ergonomic}
   size_t MinHeapDeltaBytes                        = 1048576                                   {product} {ergonomic}
   size_t MinHeapSize                              = 134217728                                 {product} {command line}
    uintx NonNMethodCodeHeapSize                   = 5544422                                {pd product} {ergonomic}
    uintx NonProfiledCodeHeapSize                  = 123056909                              {pd product} {ergonomic}
    uintx ProfiledCodeHeapSize                     = 123056909                              {pd product} {ergonomic}
    uintx ReservedCodeCacheSize                    = 251658240                              {pd product} {ergonomic}
     bool SegmentedCodeCache                       = true                                      {product} {ergonomic}
   size_t SoftMaxHeapSize                          = 536870912                              {manageable} {ergonomic}
   double SweeperThreshold                         = 0.500000                                  {product} {ergonomic}
     intx ThreadStackSize                          = 768                                    {pd product} {command line}
     bool UseG1GC                                  = true                                      {product} {ergonomic}

Logging:
Log output configuration:
 #0: stdout all=off uptime,level,tags
 #1: stderr all=off uptime,level,tags

Environment Variables:
JAVA_HOME=/usr/lib/jvm/zulu-17-x86
PATH=/usr/java/jdk1.7.0_80/bin:/usr/java/jdk1.7.0_80/bin:/usr/java/jdk1.6.0_45/bin:/usr/java/jdk1.6.0_45/bin:/usr/java/jdk1.6.0_45/bin:/home/almalinux/.local/bin:/home/almalinux/bin:/sbin:/bin:/usr/bin:/usr/local/bin:/usr/local/sbin:/usr/sbin:/usr/lib/oracle/18.3/client/bin:/usr/lib/oracle/18.3/client/bin:/usr/lib/jvm/java-11-openjdk/bin:./
LD_LIBRARY_PATH=/usr/lib/jvm/java-17-zulu-openjdk-jdk-x86/lib/server:/usr/lib/jvm/java-17-zulu-openjdk-jdk-x86/lib:/usr/lib/jvm/java-17-zulu-openjdk-jdk-x86/../lib:/usr/lib/jvm/zulu-17-x86/lib/server:/usr/lib/jvm/java-11-openjdk/lib:/usr/lib/jvm/java-11-openjdk/lib/server:./
SHELL=/bin/bash
DISPLAY=:10.0
LANG=en_US.UTF-8
TERM=xterm-256color

Active Locale:
LC_ALL=en_US.UTF-8
LC_COLLATE=en_US.UTF-8
LC_CTYPE=en_US.UTF-8
LC_MESSAGES=en_US.UTF-8
LC_MONETARY=en_US.UTF-8
LC_NUMERIC=en_US.UTF-8
LC_TIME=en_US.UTF-8

Signal Handlers:
   SIGSEGV: crash_handler in libjvm.so, mask=11100100010111111101111111111110, flags=SA_RESTART|SA_SIGINFO, unblocked
    SIGBUS: crash_handler in libjvm.so, mask=11100100010111111101111111111110, flags=SA_RESTART|SA_SIGINFO, unblocked
    SIGFPE: crash_handler in libjvm.so, mask=11100100010111111101111111111110, flags=SA_RESTART|SA_SIGINFO, unblocked
   SIGPIPE: SIG_IGN, mask=00000000000010000000000000000000, flags=SA_RESTART, blocked
  *** Handler was modified!
  *** Expected: javaSignalHandler in libjvm.so, mask=11100100110111111111111111111110, flags=SA_RESTART|SA_SIGINFO
   SIGXFSZ: javaSignalHandler in libjvm.so, mask=11100100010111111101111111111110, flags=SA_RESTART|SA_SIGINFO, blocked
    SIGILL: crash_handler in libjvm.so, mask=11100100010111111101111111111110, flags=SA_RESTART|SA_SIGINFO, unblocked
   SIGUSR2: SR_handler in libjvm.so, mask=00100000000000000000000000000000, flags=SA_RESTART|SA_SIGINFO, blocked
    SIGHUP: UserHandler in libjvm.so, mask=11100100010111111101111111111110, flags=SA_RESTART|SA_SIGINFO, blocked
    SIGINT: UserHandler in libjvm.so, mask=11100100010111111101111111111110, flags=SA_RESTART|SA_SIGINFO, blocked
   SIGTERM: UserHandler in libjvm.so, mask=11100100010111111101111111111110, flags=SA_RESTART|SA_SIGINFO, blocked
   SIGQUIT: UserHandler in libjvm.so, mask=11100100010111111101111111111110, flags=SA_RESTART|SA_SIGINFO, blocked
   SIGTRAP: crash_handler in libjvm.so, mask=11100100010111111101111111111110, flags=SA_RESTART|SA_SIGINFO, unblocked


Periodic native trim disabled


---------------  S Y S T E M  ---------------

OS:
AlmaLinux release 8.10 (Cerulean Leopard)
uname: Linux 4.18.0-553.81.1.el8_10.x86_64 #1 SMP Mon Oct 27 11:29:19 EDT 2025 x86_64
OS uptime: 33 days 22:55 hours
libc: glibc 2.28 NPTL 2.28 
rlimit (soft/hard): STACK 8192k/infinity , CORE 0k/infinity , NPROC 61995/61995 , NOFILE 262144/262144 , AS infinity/infinity , CPU infinity/infinity , DATA infinity/infinity , FSIZE infinity/infinity , MEMLOCK 64k/64k
load average: 35.84 34.61 30.09

/proc/meminfo:
MemTotal:       16014448 kB
MemFree:         4269428 kB
MemAvailable:    5678800 kB
Buffers:             840 kB
Cached:          3166420 kB
SwapCached:        37568 kB
Active:          2838604 kB
Inactive:        7619800 kB
Active(anon):    2057040 kB
Inactive(anon):  7241408 kB
Active(file):     781564 kB
Inactive(file):   378392 kB
Unevictable:        3104 kB
Mlocked:              16 kB
SwapTotal:       8388604 kB
SwapFree:        6672712 kB
Dirty:              2136 kB
Writeback:            20 kB
AnonPages:       7272036 kB
Mapped:          1504656 kB
Shmem:           2007304 kB
KReclaimable:     542932 kB
Slab:             730520 kB
SReclaimable:     542932 kB
SUnreclaim:       187588 kB
KernelStack:       22900 kB
PageTables:       157316 kB
NFS_Unstable:          0 kB
Bounce:                0 kB
WritebackTmp:          0 kB
CommitLimit:    16395828 kB
Committed_AS:   23153944 kB
VmallocTotal:   34359738367 kB
VmallocUsed:       69156 kB
VmallocChunk:          0 kB
Percpu:             2704 kB
HardwareCorrupted:     0 kB
AnonHugePages:         0 kB
ShmemHugePages:        0 kB
ShmemPmdMapped:        0 kB
FileHugePages:         0 kB
FilePmdMapped:         0 kB
HugePages_Total:       0
HugePages_Free:        0
HugePages_Rsvd:        0
HugePages_Surp:        0
Hugepagesize:       2048 kB
Hugetlb:               0 kB
DirectMap4k:     2830188 kB
DirectMap2M:    13553664 kB

/sys/kernel/mm/transparent_hugepage/enabled: always madvise [never]
/sys/kernel/mm/transparent_hugepage/hpage_pmd_size: 2097152
/sys/kernel/mm/transparent_hugepage/defrag (defrag/compaction efforts parameter): always defer defer+madvise [madvise] never

Process Memory:
Virtual Size: 1091040K (peak: 1107924K)
Resident Set Size: 306396K (peak: 321244K) (anon: 272612K, file: 33784K, shmem: 0K)
Swapped out: 0K
C-Heap outstanding allocations: 22308K, retained: 157471K
glibc malloc tunables: (default)

/proc/sys/kernel/threads-max (system-wide limit on the number of threads): 123991
/proc/sys/vm/max_map_count (maximum number of memory map areas a process may have): 1677720
/proc/sys/kernel/pid_max (system-wide limit on number of process identifiers): 4194304

container (cgroup) information:
container_type: cgroupv1
cpu_cpuset_cpus: 0-3
cpu_memory_nodes: 0
active_processor_count: 4
cpu_quota: no quota
cpu_period: 100000
cpu_shares: no shares
memory_limit_in_bytes: unlimited
memory_and_swap_limit_in_bytes: unlimited
memory_soft_limit_in_bytes: unlimited
memory_usage_in_bytes: 9815580 k
memory_max_usage_in_bytes: 14783012 k
kernel_memory_usage_in_bytes: 593512 k
kernel_memory_max_usage_in_bytes: unlimited
kernel_memory_limit_in_bytes: 985464 k
maximum number of tasks: unlimited
current number of tasks: 658

KVM virtualization detected
Steal ticks since vm start: 51
Steal ticks percentage since vm start:  0.000

CPU: total 4 (initial active 4) (1 cores per cpu, 1 threads per core) family 6 model 60 stepping 1 microcode 0x1, cx8, cmov, fxsr, mmx, sse, sse2, sse3, ssse3, sse4.1, sse4.2, popcnt, lzcnt, tsc, avx, avx2, aes, erms, clmul, bmi1, bmi2, fma, vzeroupper, clflush, hv
CPU Model and flags from /proc/cpuinfo:
model name	: Intel Core Processor (Haswell, no TSX)
flags		: fpu vme de pse tsc msr pae mce cx8 apic sep mtrr pge mca cmov pat pse36 clflush mmx fxsr sse sse2 syscall nx rdtscp lm constant_tsc rep_good nopl xtopology cpuid tsc_known_freq pni pclmulqdq vmx ssse3 fma cx16 pcid sse4_1 sse4_2 x2apic movbe popcnt tsc_deadline_timer aes xsave avx f16c rdrand hypervisor lahf_lm abm cpuid_fault invpcid_single pti tpr_shadow vnmi flexpriority ept vpid ept_ad fsgsbase bmi1 avx2 smep bmi2 erms invpcid xsaveopt arat md_clear

Online cpus: 0-3
Offline cpus: 
BIOS frequency limitation: <Not Available>
Frequency switch latency (ns): <Not Available>
Available cpu frequencies: <Not Available>
Current governor: <Not Available>
Core performance/turbo boost: <Not Available>

Memory: 4k page, physical 16014448k(4671308k free), swap 8388604k(6672712k free)
Page Sizes: 4k

vm_info: OpenJDK Server VM (17.0.11+9-LTS) for linux-x86 JRE (17.0.11+9-LTS) (Zulu17.50+19-CA), built on Apr  9 2024 07:14:46 by "zulu_re" with gcc 8.3.0

END.
