#
# A fatal error has been detected by the Java Runtime Environment:
#
#  SIGSEGV (0xb) at pc=0xf790f618, pid=1396304, tid=1396304
#
# JRE version: OpenJDK Runtime Environment Zulu17.50+19-CA (17.0.11+9) (build 17.0.11+9-LTS)
# Java VM: OpenJDK Server VM Zulu17.50+19-CA (17.0.11+9-LTS, mixed mode, sharing, tiered, g1 gc, linux-x86)
# Problematic frame:
# C  [libc.so.6+0x84618]  cfree+0x28
#
# Core dump will be written. Default location: Core dumps may be processed with "/usr/lib/systemd/systemd-coredump %P %u %g %s %t %c %h %e" (or dumping to /home/almalinux/swg-returns-nge/exe/linux/core.1396304)
#
# If you would like to submit a bug report, please visit:
#   http://www.azul.com/support/
#

---------------  S U M M A R Y ------------

Command Line: -Xms128m -Xmx512m -Xss768k -XX:MaxMetaspaceSize=96m -Xrs -XX:-UsePerfData -XX:-AllowUserSignalHandlers -XX:UseSSE=3 -XX+DoEscapeAnalysis -XX:AutoBoxCacheMax:2000 -XX:+OptimizeStringConcat -XX:+OptimizeFill -XX:+EliminateAutoBox -XX:+UseCompressedStrings -XX:+UseCompressedOops -XX:+EliminateLocks -XX:UseFastAccessorMethods -XX:+UseStringCache -XgcPrio:throughput -XXkeepAreaRatio:1 -XXlazyUnlocking -XXcallProfiling -XXcompactRatio:1 

Host: Intel Core Processor (Haswell, no TSX), 4 cores, 15G, AlmaLinux release 8.10 (Cerulean Leopard)
Time: Sun Jan 25 14:38:05 2026 UTC elapsed time: 4543.477973 seconds (0d 1h 15m 43s)

---------------  T H R E A D  ---------------

Current thread is native thread

Stack: [0xff933000,0xff9f3000],  sp=0xff9f0da0,  free space=759k
Native frames: (J=compiled Java code, j=interpreted, Vv=VM code, C=native code)
C  [libc.so.6+0x84618]  cfree+0x28


siginfo: si_signo: 11 (SIGSEGV), si_code: 1 (SEGV_MAPERR), si_addr: 0x00000003

Registers:
EAX=0x00000000, EBX=0x00000007, ECX=0xf6f4d84c, EDX=0x0a6a8e78
ESP=0xff9f0da0, EBP=0xff9f0ed8, ESI=0xf7a30000, EDI=0x00000000
EIP=0xf790f618, EFLAGS=0x00210202, CR2=0x0000000000000003


Top of Stack: (sp=0xff9f0da0)
0xff9f0da0:   0a32c020 00000000 ff9f0ed8 f7b9cf1c
0xff9f0db0:   0a32c0b0 f7cb3a04 0a6a8e50 f7b9cf1c
0xff9f0dc0:   00000007 f7b9cf0a f7cb3a04 f7b9cf4c
0xff9f0dd0:   0a32c0b0 f7b9cf0a 0a6acbf0 085b6163
0xff9f0de0:   00000007 0a32c020 0a32bd30 085bb8d1
0xff9f0df0:   0a32c020 0a32bd30 00000000 085bb89b
0xff9f0e00:   0bb3fda0 ff9f0e27 ff9f0e4c 085c6969
0xff9f0e10:   087d6c00 ff9f0e4c ff9f0ed8 084fc53b
0xff9f0e20:   00000014 00010002 00000000 00000000
0xff9f0e30:   01010100 00000001 09aa44c0 00000000
0xff9f0e40:   00000000 00000000 00000000 00000000
0xff9f0e50:   00000000 00000015 ff9f0fa8 f78c06ff
0xff9f0e60:   f7a3041c 47677753 53656d61 65767265
0xff9f0e70:   33313a72 30333639 09290034 0a68e210
0xff9f0e80:   08ea0100 08ebc230 08ea5888 f7a3041c
0xff9f0e90:   00000428 00000420 f78c0779 085758fd
0xff9f0ea0:   08ea2a80 09b1ea78 08ea5888 08574f56
0xff9f0eb0:   0929a2c4 0929a2c4 ff9f0fa8 08ea583b
0xff9f0ec0:   0000000c ff9f0f74 ff9f0ef0 f7a30000
0xff9f0ed0:   00000000 08575910 00000000 f78a8f26
0xff9f0ee0:   00000000 08575910 00000000 f78a8f26
0xff9f0ef0:   0000000c ff9f0f74 ff9f0fa8 ff9f0f14
0xff9f0f00:   0929a2d0 00000000 ff9f0fa8 f7a30000
0xff9f0f10:   f789875c f7a30000 00000000 08575910
0xff9f0f20:   00000000 464fb24f 6d4f9a5f 00000000
0xff9f0f30:   00000000 00000000 f7faf4d0 f78a8e30
0xff9f0f40:   084fc260 0929a2c4 0000000c 08575946
0xff9f0f50:   084fc260 0000000c ff9f0f74 08ea57f0
0xff9f0f60:   08ea5850 f7faf4d0 ff9f0f6c f7fdc970
0xff9f0f70:   0000000c ff9f161e ff9f1630 ff9f1633
0xff9f0f80:   ff9f1645 ff9f1648 ff9f1653 ff9f1677
0xff9f0f90:   ff9f1687 ff9f16a2 ff9f16cd ff9f16d0 

Instructions: (pc=0xf790f618)
0xf790f518:   50 8d 96 86 f7 fa ff 8d 86 d0 2f fb ff e8 c6 b7
0xf790f528:   ff ff 8d b6 00 00 00 00 bb 20 00 00 00 e9 5e fe
0xf790f538:   ff ff e8 a1 c0 ff ff 89 c5 85 c0 0f 85 68 ff ff
0xf790f548:   ff 31 d2 8d 44 3b 10 e8 8c c1 ff ff 89 da 89 f9
0xf790f558:   89 c5 e8 11 f0 ff ff 89 c2 85 c0 75 1b 85 ed 74
0xf790f568:   17 90 89 fa 89 e8 e8 bd c5 ff ff 89 da 89 f9 89
0xf790f578:   c5 e8 f2 ef ff ff 89 c2 85 ed 0f 84 57 ff ff ff
0xf790f588:   e9 39 ff ff ff 8d 86 b8 31 fb ff 83 ec 0c b9 25
0xf790f598:   0d 00 00 50 8d 96 86 f7 fa ff 8d 86 74 2f fb ff
0xf790f5a8:   e8 43 b7 ff ff 8d 76 00 f3 0f 1e fb e8 0a 9a f9
0xf790f5b8:   ff 05 47 0a 12 00 56 53 83 ec 04 8b 5c 24 10 8b
0xf790f5c8:   74 24 14 8b 80 50 ff ff ff c7 00 00 00 00 00 e8
0xf790f5d8:   54 bb ff ff 8b 4c 24 0c 83 c4 04 89 f2 89 d8 5b
0xf790f5e8:   5e e9 42 fd ff ff 66 90 f3 0f 1e fb 56 e8 9a 9b
0xf790f5f8:   f9 ff 81 c6 06 0a 12 00 53 83 ec 14 8b 5c 24 20
0xf790f608:   8b 86 5c ff ff ff 8b 00 85 c0 75 6c 85 db 74 75
0xf790f618:   8b 4b fc 8d 53 f8 f6 c1 02 75 35 8b 86 70 fe ff
0xf790f628:   ff 65 8b 00 85 c0 0f 84 8c 00 00 00 83 e1 04 8d
0xf790f638:   86 60 07 00 00 74 09 89 d0 25 00 00 f0 ff 8b 00
0xf790f648:   83 c4 14 31 c9 5b 5e e9 8c cb ff ff 8d 74 26 00
0xf790f658:   8b 9e 60 01 00 00 85 db 75 10 3b 8e 48 01 00 00
0xf790f668:   76 08 81 f9 00 00 08 00 76 26 83 c4 14 89 d0 5b
0xf790f678:   5e e9 92 b8 ff ff 66 90 83 ec 08 ff 74 24 24 53
0xf790f688:   ff d0 83 c4 10 83 c4 14 5b 5e c3 8d 74 26 00 90
0xf790f698:   39 96 80 1d 00 00 77 08 39 96 7c 1d 00 00 77 ca
0xf790f6a8:   83 e1 f8 8d 04 09 89 8e 48 01 00 00 89 86 40 01
0xf790f6b8:   00 00 90 eb b5 8d 76 00 8b 86 74 fe ff ff 65 80
0xf790f6c8:   38 00 0f 85 64 ff ff ff 89 54 24 0c e8 97 ed ff
0xf790f6d8:   ff 8b 4b fc 8b 54 24 0c e9 4f ff ff ff 8d b4 26
0xf790f6e8:   00 00 00 00 8d 74 26 00 f3 0f 1e fb 55 57 56 e8
0xf790f6f8:   98 9a f9 ff 81 c6 04 09 12 00 53 83 ec 0c 8b 86
0xf790f708:   70 fe ff ff 8b 96 74 fe ff ff 65 8b 28 65 c6 02 



---------------  P R O C E S S  ---------------

VM state: at safepoint (shutting down)

VM Mutex/Monitor currently owned by a thread:  ([mutex/lock_event])
[0xf5e21d30] Threads_lock - owner thread: 0xc4294cf0

GC Precious Log:
<Skipped>

Heap:
 garbage-first heap   total 131072K, used 17917K [0xc5c00000, 0xe5c00000)
  region size 1024K, 17 young (17408K), 2 survivors (2048K)
 Metaspace       used 2743K, committed 2944K, reserved 16384K

Heap Regions: E=young(eden), S=young(survivor), O=old, HS=humongous(starts), HC=humongous(continues), CS=collection set, F=free, OA=open archive, CA=closed archive, TAMS=top-at-mark-start (previous, next)
|   0|0xc5c00000, 0xc5d00000, 0xc5d00000|100%| O|  |TAMS 0xc5c00000, 0xc5c00000| Untracked 
|   1|0xc5d00000, 0xc5dea600, 0xc5e00000| 91%| O|  |TAMS 0xc5d00000, 0xc5d00000| Untracked 
|   2|0xc5e00000, 0xc5e00000, 0xc5f00000|  0%| F|  |TAMS 0xc5e00000, 0xc5e00000| Untracked 
|   3|0xc5f00000, 0xc5f00000, 0xc6000000|  0%| F|  |TAMS 0xc5f00000, 0xc5f00000| Untracked 
|   4|0xc6000000, 0xc6000000, 0xc6100000|  0%| F|  |TAMS 0xc6000000, 0xc6000000| Untracked 
|   5|0xc6100000, 0xc6100000, 0xc6200000|  0%| F|  |TAMS 0xc6100000, 0xc6100000| Untracked 
|   6|0xc6200000, 0xc6200000, 0xc6300000|  0%| F|  |TAMS 0xc6200000, 0xc6200000| Untracked 
|   7|0xc6300000, 0xc6300000, 0xc6400000|  0%| F|  |TAMS 0xc6300000, 0xc6300000| Untracked 
|   8|0xc6400000, 0xc6400000, 0xc6500000|  0%| F|  |TAMS 0xc6400000, 0xc6400000| Untracked 
|   9|0xc6500000, 0xc6500000, 0xc6600000|  0%| F|  |TAMS 0xc6500000, 0xc6500000| Untracked 
|  10|0xc6600000, 0xc6600000, 0xc6700000|  0%| F|  |TAMS 0xc6600000, 0xc6600000| Untracked 
|  11|0xc6700000, 0xc6700000, 0xc6800000|  0%| F|  |TAMS 0xc6700000, 0xc6700000| Untracked 
|  12|0xc6800000, 0xc6800000, 0xc6900000|  0%| F|  |TAMS 0xc6800000, 0xc6800000| Untracked 
|  13|0xc6900000, 0xc6900000, 0xc6a00000|  0%| F|  |TAMS 0xc6900000, 0xc6900000| Untracked 
|  14|0xc6a00000, 0xc6a00000, 0xc6b00000|  0%| F|  |TAMS 0xc6a00000, 0xc6a00000| Untracked 
|  15|0xc6b00000, 0xc6b00000, 0xc6c00000|  0%| F|  |TAMS 0xc6b00000, 0xc6b00000| Untracked 
|  16|0xc6c00000, 0xc6c00000, 0xc6d00000|  0%| F|  |TAMS 0xc6c00000, 0xc6c00000| Untracked 
|  17|0xc6d00000, 0xc6d00000, 0xc6e00000|  0%| F|  |TAMS 0xc6d00000, 0xc6d00000| Untracked 
|  18|0xc6e00000, 0xc6e00000, 0xc6f00000|  0%| F|  |TAMS 0xc6e00000, 0xc6e00000| Untracked 
|  19|0xc6f00000, 0xc6f00000, 0xc7000000|  0%| F|  |TAMS 0xc6f00000, 0xc6f00000| Untracked 
|  20|0xc7000000, 0xc7000000, 0xc7100000|  0%| F|  |TAMS 0xc7000000, 0xc7000000| Untracked 
|  21|0xc7100000, 0xc7100000, 0xc7200000|  0%| F|  |TAMS 0xc7100000, 0xc7100000| Untracked 
|  22|0xc7200000, 0xc7200000, 0xc7300000|  0%| F|  |TAMS 0xc7200000, 0xc7200000| Untracked 
|  23|0xc7300000, 0xc7300000, 0xc7400000|  0%| F|  |TAMS 0xc7300000, 0xc7300000| Untracked 
|  24|0xc7400000, 0xc7400000, 0xc7500000|  0%| F|  |TAMS 0xc7400000, 0xc7400000| Untracked 
|  25|0xc7500000, 0xc7500000, 0xc7600000|  0%| F|  |TAMS 0xc7500000, 0xc7500000| Untracked 
|  26|0xc7600000, 0xc7600000, 0xc7700000|  0%| F|  |TAMS 0xc7600000, 0xc7600000| Untracked 
|  27|0xc7700000, 0xc7700000, 0xc7800000|  0%| F|  |TAMS 0xc7700000, 0xc7700000| Untracked 
|  28|0xc7800000, 0xc7800000, 0xc7900000|  0%| F|  |TAMS 0xc7800000, 0xc7800000| Untracked 
|  29|0xc7900000, 0xc7900000, 0xc7a00000|  0%| F|  |TAMS 0xc7900000, 0xc7900000| Untracked 
|  30|0xc7a00000, 0xc7a00000, 0xc7b00000|  0%| F|  |TAMS 0xc7a00000, 0xc7a00000| Untracked 
|  31|0xc7b00000, 0xc7b00000, 0xc7c00000|  0%| F|  |TAMS 0xc7b00000, 0xc7b00000| Untracked 
|  32|0xc7c00000, 0xc7c00000, 0xc7d00000|  0%| F|  |TAMS 0xc7c00000, 0xc7c00000| Untracked 
|  33|0xc7d00000, 0xc7d00000, 0xc7e00000|  0%| F|  |TAMS 0xc7d00000, 0xc7d00000| Untracked 
|  34|0xc7e00000, 0xc7e00000, 0xc7f00000|  0%| F|  |TAMS 0xc7e00000, 0xc7e00000| Untracked 
|  35|0xc7f00000, 0xc7f00000, 0xc8000000|  0%| F|  |TAMS 0xc7f00000, 0xc7f00000| Untracked 
|  36|0xc8000000, 0xc8000000, 0xc8100000|  0%| F|  |TAMS 0xc8000000, 0xc8000000| Untracked 
|  37|0xc8100000, 0xc8100000, 0xc8200000|  0%| F|  |TAMS 0xc8100000, 0xc8100000| Untracked 
|  38|0xc8200000, 0xc8200000, 0xc8300000|  0%| F|  |TAMS 0xc8200000, 0xc8200000| Untracked 
|  39|0xc8300000, 0xc8300000, 0xc8400000|  0%| F|  |TAMS 0xc8300000, 0xc8300000| Untracked 
|  40|0xc8400000, 0xc8400000, 0xc8500000|  0%| F|  |TAMS 0xc8400000, 0xc8400000| Untracked 
|  41|0xc8500000, 0xc8500000, 0xc8600000|  0%| F|  |TAMS 0xc8500000, 0xc8500000| Untracked 
|  42|0xc8600000, 0xc8600000, 0xc8700000|  0%| F|  |TAMS 0xc8600000, 0xc8600000| Untracked 
|  43|0xc8700000, 0xc8700000, 0xc8800000|  0%| F|  |TAMS 0xc8700000, 0xc8700000| Untracked 
|  44|0xc8800000, 0xc8800000, 0xc8900000|  0%| F|  |TAMS 0xc8800000, 0xc8800000| Untracked 
|  45|0xc8900000, 0xc8900000, 0xc8a00000|  0%| F|  |TAMS 0xc8900000, 0xc8900000| Untracked 
|  46|0xc8a00000, 0xc8a00000, 0xc8b00000|  0%| F|  |TAMS 0xc8a00000, 0xc8a00000| Untracked 
|  47|0xc8b00000, 0xc8b00000, 0xc8c00000|  0%| F|  |TAMS 0xc8b00000, 0xc8b00000| Untracked 
|  48|0xc8c00000, 0xc8c00000, 0xc8d00000|  0%| F|  |TAMS 0xc8c00000, 0xc8c00000| Untracked 
|  49|0xc8d00000, 0xc8d00000, 0xc8e00000|  0%| F|  |TAMS 0xc8d00000, 0xc8d00000| Untracked 
|  50|0xc8e00000, 0xc8e00000, 0xc8f00000|  0%| F|  |TAMS 0xc8e00000, 0xc8e00000| Untracked 
|  51|0xc8f00000, 0xc8f00000, 0xc9000000|  0%| F|  |TAMS 0xc8f00000, 0xc8f00000| Untracked 
|  52|0xc9000000, 0xc9000000, 0xc9100000|  0%| F|  |TAMS 0xc9000000, 0xc9000000| Untracked 
|  53|0xc9100000, 0xc9100000, 0xc9200000|  0%| F|  |TAMS 0xc9100000, 0xc9100000| Untracked 
|  54|0xc9200000, 0xc9200000, 0xc9300000|  0%| F|  |TAMS 0xc9200000, 0xc9200000| Untracked 
|  55|0xc9300000, 0xc9300000, 0xc9400000|  0%| F|  |TAMS 0xc9300000, 0xc9300000| Untracked 
|  56|0xc9400000, 0xc9400000, 0xc9500000|  0%| F|  |TAMS 0xc9400000, 0xc9400000| Untracked 
|  57|0xc9500000, 0xc9500000, 0xc9600000|  0%| F|  |TAMS 0xc9500000, 0xc9500000| Untracked 
|  58|0xc9600000, 0xc9600000, 0xc9700000|  0%| F|  |TAMS 0xc9600000, 0xc9600000| Untracked 
|  59|0xc9700000, 0xc9700000, 0xc9800000|  0%| F|  |TAMS 0xc9700000, 0xc9700000| Untracked 
|  60|0xc9800000, 0xc9800000, 0xc9900000|  0%| F|  |TAMS 0xc9800000, 0xc9800000| Untracked 
|  61|0xc9900000, 0xc9900000, 0xc9a00000|  0%| F|  |TAMS 0xc9900000, 0xc9900000| Untracked 
|  62|0xc9a00000, 0xc9a00000, 0xc9b00000|  0%| F|  |TAMS 0xc9a00000, 0xc9a00000| Untracked 
|  63|0xc9b00000, 0xc9b00000, 0xc9c00000|  0%| F|  |TAMS 0xc9b00000, 0xc9b00000| Untracked 
|  64|0xc9c00000, 0xc9c00000, 0xc9d00000|  0%| F|  |TAMS 0xc9c00000, 0xc9c00000| Untracked 
|  65|0xc9d00000, 0xc9d00000, 0xc9e00000|  0%| F|  |TAMS 0xc9d00000, 0xc9d00000| Untracked 
|  66|0xc9e00000, 0xc9e00000, 0xc9f00000|  0%| F|  |TAMS 0xc9e00000, 0xc9e00000| Untracked 
|  67|0xc9f00000, 0xc9f00000, 0xca000000|  0%| F|  |TAMS 0xc9f00000, 0xc9f00000| Untracked 
|  68|0xca000000, 0xca000000, 0xca100000|  0%| F|  |TAMS 0xca000000, 0xca000000| Untracked 
|  69|0xca100000, 0xca100000, 0xca200000|  0%| F|  |TAMS 0xca100000, 0xca100000| Untracked 
|  70|0xca200000, 0xca200000, 0xca300000|  0%| F|  |TAMS 0xca200000, 0xca200000| Untracked 
|  71|0xca300000, 0xca300000, 0xca400000|  0%| F|  |TAMS 0xca300000, 0xca300000| Untracked 
|  72|0xca400000, 0xca400000, 0xca500000|  0%| F|  |TAMS 0xca400000, 0xca400000| Untracked 
|  73|0xca500000, 0xca500000, 0xca600000|  0%| F|  |TAMS 0xca500000, 0xca500000| Untracked 
|  74|0xca600000, 0xca600000, 0xca700000|  0%| F|  |TAMS 0xca600000, 0xca600000| Untracked 
|  75|0xca700000, 0xca700000, 0xca800000|  0%| F|  |TAMS 0xca700000, 0xca700000| Untracked 
|  76|0xca800000, 0xca800000, 0xca900000|  0%| F|  |TAMS 0xca800000, 0xca800000| Untracked 
|  77|0xca900000, 0xca900000, 0xcaa00000|  0%| F|  |TAMS 0xca900000, 0xca900000| Untracked 
|  78|0xcaa00000, 0xcaa00000, 0xcab00000|  0%| F|  |TAMS 0xcaa00000, 0xcaa00000| Untracked 
|  79|0xcab00000, 0xcab00000, 0xcac00000|  0%| F|  |TAMS 0xcab00000, 0xcab00000| Untracked 
|  80|0xcac00000, 0xcac00000, 0xcad00000|  0%| F|  |TAMS 0xcac00000, 0xcac00000| Untracked 
|  81|0xcad00000, 0xcad00000, 0xcae00000|  0%| F|  |TAMS 0xcad00000, 0xcad00000| Untracked 
|  82|0xcae00000, 0xcae00000, 0xcaf00000|  0%| F|  |TAMS 0xcae00000, 0xcae00000| Untracked 
|  83|0xcaf00000, 0xcaf00000, 0xcb000000|  0%| F|  |TAMS 0xcaf00000, 0xcaf00000| Untracked 
|  84|0xcb000000, 0xcb000000, 0xcb100000|  0%| F|  |TAMS 0xcb000000, 0xcb000000| Untracked 
|  85|0xcb100000, 0xcb100000, 0xcb200000|  0%| F|  |TAMS 0xcb100000, 0xcb100000| Untracked 
|  86|0xcb200000, 0xcb200000, 0xcb300000|  0%| F|  |TAMS 0xcb200000, 0xcb200000| Untracked 
|  87|0xcb300000, 0xcb300000, 0xcb400000|  0%| F|  |TAMS 0xcb300000, 0xcb300000| Untracked 
|  88|0xcb400000, 0xcb400000, 0xcb500000|  0%| F|  |TAMS 0xcb400000, 0xcb400000| Untracked 
|  89|0xcb500000, 0xcb500000, 0xcb600000|  0%| F|  |TAMS 0xcb500000, 0xcb500000| Untracked 
|  90|0xcb600000, 0xcb600000, 0xcb700000|  0%| F|  |TAMS 0xcb600000, 0xcb600000| Untracked 
|  91|0xcb700000, 0xcb700000, 0xcb800000|  0%| F|  |TAMS 0xcb700000, 0xcb700000| Untracked 
|  92|0xcb800000, 0xcb800000, 0xcb900000|  0%| F|  |TAMS 0xcb800000, 0xcb800000| Untracked 
|  93|0xcb900000, 0xcb900000, 0xcba00000|  0%| F|  |TAMS 0xcb900000, 0xcb900000| Untracked 
|  94|0xcba00000, 0xcba00000, 0xcbb00000|  0%| F|  |TAMS 0xcba00000, 0xcba00000| Untracked 
|  95|0xcbb00000, 0xcbb00000, 0xcbc00000|  0%| F|  |TAMS 0xcbb00000, 0xcbb00000| Untracked 
|  96|0xcbc00000, 0xcbc00000, 0xcbd00000|  0%| F|  |TAMS 0xcbc00000, 0xcbc00000| Untracked 
|  97|0xcbd00000, 0xcbd00000, 0xcbe00000|  0%| F|  |TAMS 0xcbd00000, 0xcbd00000| Untracked 
|  98|0xcbe00000, 0xcbe00000, 0xcbf00000|  0%| F|  |TAMS 0xcbe00000, 0xcbe00000| Untracked 
|  99|0xcbf00000, 0xcbf00000, 0xcc000000|  0%| F|  |TAMS 0xcbf00000, 0xcbf00000| Untracked 
| 100|0xcc000000, 0xcc000000, 0xcc100000|  0%| F|  |TAMS 0xcc000000, 0xcc000000| Untracked 
| 101|0xcc100000, 0xcc100000, 0xcc200000|  0%| F|  |TAMS 0xcc100000, 0xcc100000| Untracked 
| 102|0xcc200000, 0xcc200000, 0xcc300000|  0%| F|  |TAMS 0xcc200000, 0xcc200000| Untracked 
| 103|0xcc300000, 0xcc300000, 0xcc400000|  0%| F|  |TAMS 0xcc300000, 0xcc300000| Untracked 
| 104|0xcc400000, 0xcc400000, 0xcc500000|  0%| F|  |TAMS 0xcc400000, 0xcc400000| Untracked 
| 105|0xcc500000, 0xcc500000, 0xcc600000|  0%| F|  |TAMS 0xcc500000, 0xcc500000| Untracked 
| 106|0xcc600000, 0xcc600000, 0xcc700000|  0%| F|  |TAMS 0xcc600000, 0xcc600000| Untracked 
| 107|0xcc700000, 0xcc794840, 0xcc800000| 58%| S|CS|TAMS 0xcc700000, 0xcc700000| Complete 
| 108|0xcc800000, 0xcc900000, 0xcc900000|100%| S|CS|TAMS 0xcc800000, 0xcc800000| Complete 
| 109|0xcc900000, 0xcc900000, 0xcca00000|  0%| F|  |TAMS 0xcc900000, 0xcc900000| Untracked 
| 110|0xcca00000, 0xcca00000, 0xccb00000|  0%| F|  |TAMS 0xcca00000, 0xcca00000| Untracked 
| 111|0xccb00000, 0xccb00000, 0xccc00000|  0%| F|  |TAMS 0xccb00000, 0xccb00000| Untracked 
| 112|0xccc00000, 0xccc00000, 0xccd00000|  0%| F|  |TAMS 0xccc00000, 0xccc00000| Untracked 
| 113|0xccd00000, 0xccd00800, 0xcce00000|  0%| E|  |TAMS 0xccd00000, 0xccd00000| Complete 
| 114|0xcce00000, 0xccf00000, 0xccf00000|100%| E|CS|TAMS 0xcce00000, 0xcce00000| Complete 
| 115|0xccf00000, 0xcd000000, 0xcd000000|100%| E|CS|TAMS 0xccf00000, 0xccf00000| Complete 
| 116|0xcd000000, 0xcd100000, 0xcd100000|100%| E|CS|TAMS 0xcd000000, 0xcd000000| Complete 
| 117|0xcd100000, 0xcd200000, 0xcd200000|100%| E|CS|TAMS 0xcd100000, 0xcd100000| Complete 
| 118|0xcd200000, 0xcd300000, 0xcd300000|100%| E|CS|TAMS 0xcd200000, 0xcd200000| Complete 
| 119|0xcd300000, 0xcd400000, 0xcd400000|100%| E|CS|TAMS 0xcd300000, 0xcd300000| Complete 
| 120|0xcd400000, 0xcd500000, 0xcd500000|100%| E|CS|TAMS 0xcd400000, 0xcd400000| Complete 
| 121|0xcd500000, 0xcd600000, 0xcd600000|100%| E|CS|TAMS 0xcd500000, 0xcd500000| Complete 
| 122|0xcd600000, 0xcd700000, 0xcd700000|100%| E|CS|TAMS 0xcd600000, 0xcd600000| Complete 
| 123|0xcd700000, 0xcd800000, 0xcd800000|100%| E|CS|TAMS 0xcd700000, 0xcd700000| Complete 
| 124|0xcd800000, 0xcd900000, 0xcd900000|100%| E|CS|TAMS 0xcd800000, 0xcd800000| Complete 
| 125|0xcd900000, 0xcda00000, 0xcda00000|100%| E|CS|TAMS 0xcd900000, 0xcd900000| Complete 
| 126|0xcda00000, 0xcdb00000, 0xcdb00000|100%| E|CS|TAMS 0xcda00000, 0xcda00000| Complete 
| 127|0xcdb00000, 0xcdc00000, 0xcdc00000|100%| E|CS|TAMS 0xcdb00000, 0xcdb00000| Complete 

Card table byte_map: [0xc5a00000,0xc5b00000] _byte_map_base: 0xc53d2000

Marking Bits (Prev, Next): (CMBitMap*) 0xf5e8b528, (CMBitMap*) 0xf5e8b548
 Prev Bits: [0xc5100000, 0xc5900000)
 Next Bits: [0xc4900000, 0xc5100000)

Polling page: 0xf7fa1000

Metaspace:

Usage:
    2.68 MB used.

Virtual space:
     16.00 MB reserved,       2.88 MB ( 18%) committed,  1 nodes.

Chunk freelists:
10.09 MB

MaxMetaspaceSize: 96.00 MB
No class space
Initial GC threshold: 16.00 MB
Current GC threshold: 16.00 MB
CDS: on
MetaspaceReclaimPolicy: balanced
 - commit_granule_bytes: 65536.
 - commit_granule_words: 16384.
 - virtual_space_node_default_size: 4194304.
 - enlarge_chunks_in_place: 1.
 - new_chunks_are_fully_committed: 0.
 - uncommit_free_chunks: 1.
 - use_allocation_guard: 0.
 - handle_deallocations: 1.


Internal statistics:

num_allocs_failed_limit: 0.
num_arena_births: 105.
num_arena_deaths: 0.
num_vsnodes_births: 1.
num_vsnodes_deaths: 0.
num_space_committed: 46.
num_space_uncommitted: 0.
num_chunks_returned_to_freelist: 0.
num_chunks_taken_from_freelist: 222.
num_chunk_merges: 0.
num_chunk_splits: 149.
num_chunks_enlarged: 91.
num_inconsistent_stats: 0.

CodeHeap 'non-profiled nmethods': size=120172Kb used=680Kb max_used=680Kb free=119491Kb
 bounds [0xed7f5000, 0xeda35000, 0xf4d50000]
CodeHeap 'profiled nmethods': size=120172Kb used=1676Kb max_used=1676Kb free=118495Kb
 bounds [0xe5d50000, 0xe5f90000, 0xed2ab000]
CodeHeap 'non-nmethods': size=5416Kb used=724Kb max_used=763Kb free=4691Kb
 bounds [0xed2ab000, 0xed4eb000, 0xed7f5000]
 total_blobs=1339 nmethods=1008 adapters=245
 compilation: enabled
              stopped_count=0, restarted_count=0
 full_count=0

Compilation events (20 events):
Event: 2141.732 Thread 0xc429f450 1000       4       java.io.ObjectInputStream$BlockDataInputStream::readShort (73 bytes)
Event: 2141.740 Thread 0xc429f450 nmethod 1000 0xed89d488 code [0xed89d5e0, 0xed89dd10]
Event: 2267.684 Thread 0xc429f450 1002       4       java.util.concurrent.ConcurrentHashMap::get (162 bytes)
Event: 2267.699 Thread 0xc429f450 nmethod 1002 0xed89e608 code [0xed89e740, 0xed89e9bc]
Event: 2485.791 Thread 0xc42a0580 1003       3       java.util.ArrayList::get (15 bytes)
Event: 2485.793 Thread 0xc42a0580 nmethod 1003 0xe5ef0988 code [0xe5ef0ae0, 0xe5ef0d8c]
Event: 2507.831 Thread 0xc42a0580 1004       3       java.util.ArrayList::set (24 bytes)
Event: 2507.831 Thread 0xc42a0580 nmethod 1004 0xe5ef0f08 code [0xe5ef1080, 0xe5ef146c]
Event: 3332.753 Thread 0xc429f450 1005       4       java.io.ObjectStreamClass::requireInitialized (19 bytes)
Event: 3332.754 Thread 0xc429f450 nmethod 1005 0xed89ec08 code [0xed89ed20, 0xed89edb0]
Event: 3367.726 Thread 0xc429f450 1006       4       java.io.ObjectStreamClass::getSerialVersionUID (42 bytes)
Event: 3367.727 Thread 0xc429f450 nmethod 1006 0xed89ef08 code [0xed89f020, 0xed89f0d0]
Event: 4312.770 Thread 0xc42a0580 1007   !   3       jdk.internal.reflect.GeneratedSerializationConstructorAccessor4::newInstance (49 bytes)
Event: 4312.771 Thread 0xc42a0580 nmethod 1007 0xe5ef1688 code [0xe5ef1800, 0xe5ef1b84]
Event: 4312.774 Thread 0xc42a0580 1008       3       java.io.ObjectStreamClass::hasReadObjectNoDataMethod (17 bytes)
Event: 4312.776 Thread 0xc42a0580 nmethod 1008 0xe5ef1d88 code [0xe5ef1ee0, 0xe5ef214c]
Event: 4434.732 Thread 0xc42a0580 1009       3       java.util.Collections::swap (25 bytes)
Event: 4434.733 Thread 0xc42a0580 nmethod 1009 0xe5ef2288 code [0xe5ef23e0, 0xe5ef26a4]
Event: 4525.676 Thread 0xc42a0580 1010  s    3       java.util.Hashtable::remove (133 bytes)
Event: 4525.677 Thread 0xc42a0580 nmethod 1010 0xe5ef2788 code [0xe5ef2920, 0xe5ef3018]

GC Heap History (4 events):
Event: 39.972 GC heap before
{Heap before GC invocations=0 (full 0):
 garbage-first heap   total 131072K, used 12288K [0xc5c00000, 0xe5c00000)
  region size 1024K, 13 young (13312K), 0 survivors (0K)
 Metaspace       used 2107K, committed 2304K, reserved 16384K
}
Event: 39.985 GC heap after
{Heap after GC invocations=1 (full 0):
 garbage-first heap   total 131072K, used 2069K [0xc5c00000, 0xe5c00000)
  region size 1024K, 2 young (2048K), 2 survivors (2048K)
 Metaspace       used 2107K, committed 2304K, reserved 16384K
}
Event: 520.819 GC heap before
{Heap before GC invocations=1 (full 0):
 garbage-first heap   total 131072K, used 19477K [0xc5c00000, 0xe5c00000)
  region size 1024K, 19 young (19456K), 2 survivors (2048K)
 Metaspace       used 2732K, committed 2944K, reserved 16384K
}
Event: 520.890 GC heap after
{Heap after GC invocations=2 (full 0):
 garbage-first heap   total 131072K, used 3579K [0xc5c00000, 0xe5c00000)
  region size 1024K, 2 young (2048K), 2 survivors (2048K)
 Metaspace       used 2732K, committed 2944K, reserved 16384K
}

Dll operation events (4 events):
Event: 0.003 Loaded shared library /usr/lib/jvm/java-17-zulu-openjdk-jdk-x86/lib/libjava.so
Event: 62.067 Loaded shared library /usr/lib/jvm/java-17-zulu-openjdk-jdk-x86/lib/libnio.so
Event: 62.068 Loaded shared library /usr/lib/jvm/java-17-zulu-openjdk-jdk-x86/lib/libjimage.so
Event: 62.069 Loaded shared library /usr/lib/jvm/java-17-zulu-openjdk-jdk-x86/lib/libnet.so

Deoptimization events (20 events):
Event: 520.732 Thread 0x0b9b78f0 Uncommon trap: trap_request=0xffffffd6 fr.pc=0xed88d5e8 relative=0x00002528
Event: 520.732 Thread 0x0b9b78f0 Uncommon trap: reason=array_check action=maybe_recompile pc=0xed88d5e8 method=java.io.ObjectInputStream.readArray(Z)Ljava/lang/Object; @ 392 c2
Event: 520.732 Thread 0x0b9b78f0 DEOPT PACKING pc=0xed88d5e8 sp=0xff9ef750
Event: 520.732 Thread 0x0b9b78f0 DEOPT UNPACKING pc=0xed2f4d33 sp=0xff9ef758 mode 2
Event: 520.732 Thread 0x0b9b78f0 Uncommon trap: trap_request=0xffffffde fr.pc=0xed88d8e0 relative=0x00002820
Event: 520.732 Thread 0x0b9b78f0 Uncommon trap: reason=class_check action=maybe_recompile pc=0xed88d8e0 method=java.lang.reflect.Array.newInstance(Ljava/lang/Class;I)Ljava/lang/Object; @ 2 c2
Event: 520.732 Thread 0x0b9b78f0 DEOPT PACKING pc=0xed88d8e0 sp=0xff9ef750
Event: 520.732 Thread 0x0b9b78f0 DEOPT UNPACKING pc=0xed2f4d33 sp=0xff9ef728 mode 2
Event: 520.732 Thread 0x0b9b78f0 Uncommon trap: trap_request=0xffffffd6 fr.pc=0xed88d5e8 relative=0x00002528
Event: 520.732 Thread 0x0b9b78f0 Uncommon trap: reason=array_check action=maybe_recompile pc=0xed88d5e8 method=java.io.ObjectInputStream.readArray(Z)Ljava/lang/Object; @ 392 c2
Event: 520.732 Thread 0x0b9b78f0 DEOPT PACKING pc=0xed88d5e8 sp=0xff9ef750
Event: 520.732 Thread 0x0b9b78f0 DEOPT UNPACKING pc=0xed2f4d33 sp=0xff9ef758 mode 2
Event: 520.732 Thread 0x0b9b78f0 Uncommon trap: trap_request=0xffffffd6 fr.pc=0xed88d5e8 relative=0x00002528
Event: 520.732 Thread 0x0b9b78f0 Uncommon trap: reason=array_check action=maybe_recompile pc=0xed88d5e8 method=java.io.ObjectInputStream.readArray(Z)Ljava/lang/Object; @ 392 c2
Event: 520.732 Thread 0x0b9b78f0 DEOPT PACKING pc=0xed88d5e8 sp=0xff9ef750
Event: 520.732 Thread 0x0b9b78f0 DEOPT UNPACKING pc=0xed2f4d33 sp=0xff9ef758 mode 2
Event: 520.732 Thread 0x0b9b78f0 Uncommon trap: trap_request=0xffffffd6 fr.pc=0xed88d5e8 relative=0x00002528
Event: 520.732 Thread 0x0b9b78f0 Uncommon trap: reason=array_check action=maybe_recompile pc=0xed88d5e8 method=java.io.ObjectInputStream.readArray(Z)Ljava/lang/Object; @ 392 c2
Event: 520.732 Thread 0x0b9b78f0 DEOPT PACKING pc=0xed88d5e8 sp=0xff9ef750
Event: 520.732 Thread 0x0b9b78f0 DEOPT UNPACKING pc=0xed2f4d33 sp=0xff9ef758 mode 2

Classes unloaded (0 events):
No events

Classes redefined (0 events):
No events

Internal exceptions (2 events):
Event: 40.065 Thread 0x0b9b78f0 Exception <a 'java/lang/NoSuchMethodError'{0xcdbb5000}: 'java.lang.Object java.lang.invoke.DirectMethodHandle$Holder.invokeStatic(java.lang.Object, float)'> (0xcdbb5000) 
thrown [src/hotspot/share/interpreter/linkResolver.cpp, line 759]
Event: 62.237 Thread 0x0b9b78f0 Exception <a 'java/lang/NoSuchMethodError'{0xcd3a6268}: 'java.lang.Object java.lang.invoke.DirectMethodHandle$Holder.invokeStaticInit(java.lang.Object)'> (0xcd3a6268) 
thrown [src/hotspot/share/interpreter/linkResolver.cpp, line 759]

VM Operations (20 events):
Event: 371.210 Executing VM operation: Cleanup
Event: 371.210 Executing VM operation: Cleanup done
Event: 416.227 Executing VM operation: Cleanup
Event: 416.227 Executing VM operation: Cleanup done
Event: 459.240 Executing VM operation: Cleanup
Event: 459.240 Executing VM operation: Cleanup done
Event: 466.246 Executing VM operation: Cleanup
Event: 466.246 Executing VM operation: Cleanup done
Event: 502.378 Executing VM operation: Cleanup
Event: 502.378 Executing VM operation: Cleanup done
Event: 520.819 Executing VM operation: G1CollectForAllocation
Event: 520.890 Executing VM operation: G1CollectForAllocation done
Event: 540.938 Executing VM operation: Cleanup
Event: 540.938 Executing VM operation: Cleanup done
Event: 569.979 Executing VM operation: Cleanup
Event: 569.980 Executing VM operation: Cleanup done
Event: 576.988 Executing VM operation: Cleanup
Event: 576.988 Executing VM operation: Cleanup done
Event: 2271.233 Executing VM operation: Cleanup
Event: 2271.233 Executing VM operation: Cleanup done

Events (20 events):
Event: 62.311 loading class java/io/ObjectStreamClass$ClassDataSlot done
Event: 62.311 loading class java/io/ObjectInputStream$FieldValues
Event: 62.311 loading class java/io/ObjectInputStream$GetField
Event: 62.311 loading class java/io/ObjectInputStream$GetField done
Event: 62.311 loading class java/io/ObjectInputStream$FieldValues done
Event: 62.311 loading class java/io/SerialCallbackContext
Event: 62.311 loading class java/io/SerialCallbackContext done
Event: 62.314 loading class java/io/ObjectOutputStream$BlockDataOutputStream
Event: 62.314 loading class java/io/ObjectOutputStream$BlockDataOutputStream done
Event: 62.314 loading class java/io/DataOutputStream
Event: 62.314 loading class java/io/DataOutputStream done
Event: 62.314 loading class java/io/ObjectOutputStream$HandleTable
Event: 62.314 loading class java/io/ObjectOutputStream$HandleTable done
Event: 62.314 loading class java/io/ObjectOutputStream$ReplaceTable
Event: 62.314 loading class java/io/ObjectOutputStream$ReplaceTable done
Event: 106.766 loading class java/io/ObjectStreamClass$ExceptionInfo
Event: 106.766 loading class java/io/ObjectStreamClass$ExceptionInfo done
Event: 4531.832 Thread 0x0b9b78f0 Thread exited: 0x0b9b78f0
Event: 4531.845 Thread 0xf5e242d0 Thread exited: 0xf5e242d0
Event: 4531.845 Thread 0xc429bff0 Thread exited: 0xc429bff0


Dynamic libraries:
08048000-09298000 r-xp 00000000 08:04 494947248                          /home/almalinux/swg-returns-nge/build/bin/SwgGameServer
09298000-0929c000 rw-p 0124f000 08:04 494947248                          /home/almalinux/swg-returns-nge/build/bin/SwgGameServer
0929c000-09b1f000 rw-p 00000000 00:00 0 
0a2f2000-0d949000 rw-p 00000000 00:00 0                                  [heap]
c0600000-c06f9000 rw-p 00000000 00:00 0 
c06f9000-c0700000 ---p 00000000 00:00 0 
c0700000-c07ff000 rw-p 00000000 00:00 0 
c07ff000-c0800000 ---p 00000000 00:00 0 
c0800000-c08f3000 rw-p 00000000 00:00 0 
c08f3000-c0900000 ---p 00000000 00:00 0 
c0a00000-c0af1000 rw-p 00000000 00:00 0 
c0af1000-c0b00000 ---p 00000000 00:00 0 
c0c00000-c0cf1000 rw-p 00000000 00:00 0 
c0cf1000-c0d00000 ---p 00000000 00:00 0 
c0e00000-c0eed000 rw-p 00000000 00:00 0 
c0eed000-c0f00000 ---p 00000000 00:00 0 
c0f00000-c0fe9000 rw-p 00000000 00:00 0 
c0fe9000-c1000000 ---p 00000000 00:00 0 
c1000000-c10a5000 rw-p 00000000 00:00 0 
c10a5000-c1100000 ---p 00000000 00:00 0 
c11fc000-c1200000 ---p 00000000 00:00 0 
c1200000-c127d000 rw-p 00000000 00:00 0 
c127d000-c127e000 ---p 00000000 00:00 0 
c127e000-c12fe000 rw-p 00000000 00:00 0 
c12fe000-c12ff000 ---p 00000000 00:00 0 
c12ff000-c137f000 rw-p 00000000 00:00 0 
c137f000-c1383000 ---p 00000000 00:00 0 
c1383000-c1400000 rw-p 00000000 00:00 0 
c1400000-c14f9000 rw-p 00000000 00:00 0 
c14f9000-c1500000 ---p 00000000 00:00 0 
c173d000-c1741000 ---p 00000000 00:00 0 
c1741000-c17fe000 rw-p 00000000 00:00 0 
c17fe000-c1802000 ---p 00000000 00:00 0 
c1802000-c18bf000 rw-p 00000000 00:00 0 
c18bf000-c18c0000 ---p 00000000 00:00 0 
c18c0000-c1940000 rw-p 00000000 00:00 0 
c1940000-c1944000 ---p 00000000 00:00 0 
c1944000-c1a01000 rw-p 00000000 00:00 0 
c1a01000-c1a05000 ---p 00000000 00:00 0 
c1a05000-c1ac2000 rw-p 00000000 00:00 0 
c1ac2000-c1ac6000 ---p 00000000 00:00 0 
c1ac6000-c1b43000 rw-p 00000000 00:00 0 
c1b43000-c1b47000 ---p 00000000 00:00 0 
c1b47000-c1c04000 rw-p 00000000 00:00 0 
c1c04000-c1c08000 ---p 00000000 00:00 0 
c1c08000-c1cc5000 rw-p 00000000 00:00 0 
c1cc5000-c1cc9000 ---p 00000000 00:00 0 
c1cc9000-c1d86000 rw-p 00000000 00:00 0 
c1d86000-c2000000 r--p 00078000 08:04 535181                             /usr/lib/locale/locale-archive
c2000000-c20f0000 rw-p 00000000 00:00 0 
c20f0000-c2400000 ---p 00000000 00:00 0 
c2400000-c25f0000 rw-p 00000000 00:00 0 
c25f0000-c3000000 ---p 00000000 00:00 0 
c307e000-c327e000 r--p 00000000 08:04 535181                             /usr/lib/locale/locale-archive
c327e000-c3282000 ---p 00000000 00:00 0 
c3282000-c333f000 rw-p 00000000 00:00 0 
c333f000-c3343000 ---p 00000000 00:00 0 
c3343000-c3400000 rw-p 00000000 00:00 0 
c3400000-c34f8000 rw-p 00000000 00:00 0 
c34f8000-c3500000 ---p 00000000 00:00 0 
c3531000-c3535000 ---p 00000000 00:00 0 
c3535000-c35b2000 rw-p 00000000 00:00 0 
c35b2000-c35b3000 ---p 00000000 00:00 0 
c35b3000-c3633000 rw-p 00000000 00:00 0 
c3633000-c3f00000 rw-p 00001000 08:04 143240867                          /usr/lib/jvm/java-17-zulu-openjdk-jdk-x86/lib/server/classes.jsa
c3f00000-c3f21000 rw-p 00000000 00:00 0 
c3f21000-c4000000 ---p 00000000 00:00 0 
c407f000-c4080000 ---p 00000000 00:00 0 
c4080000-c4100000 rw-p 00000000 00:00 0 
c4100000-c4121000 rw-p 00000000 00:00 0 
c4121000-c4200000 ---p 00000000 00:00 0 
c4200000-c42d3000 rw-p 00000000 00:00 0 
c42d3000-c4300000 ---p 00000000 00:00 0 
c437f000-c4380000 ---p 00000000 00:00 0 
c4380000-c4400000 rw-p 00000000 00:00 0 
c4400000-c4439000 rw-p 00000000 00:00 0 
c4439000-c4500000 ---p 00000000 00:00 0 
c457f000-c4580000 ---p 00000000 00:00 0 
c4580000-c4600000 rw-p 00000000 00:00 0 
c4600000-c4700000 rw-p 00000000 00:00 0 
c4700000-c47fe000 rw-p 00000000 00:00 0 
c47fe000-c4800000 ---p 00000000 00:00 0 
c487f000-c4880000 ---p 00000000 00:00 0 
c4880000-c4b00000 rw-p 00000000 00:00 0 
c4b00000-c5100000 ---p 00000000 00:00 0 
c5100000-c5300000 rw-p 00000000 00:00 0 
c5300000-c5900000 ---p 00000000 00:00 0 
c5900000-c5940000 rw-p 00000000 00:00 0 
c5940000-c5a00000 ---p 00000000 00:00 0 
c5a00000-c5a40000 rw-p 00000000 00:00 0 
c5a40000-c5b00000 ---p 00000000 00:00 0 
c5b00000-c5b40000 rw-p 00000000 00:00 0 
c5b40000-c5c00000 ---p 00000000 00:00 0 
c5c00000-cdc00000 rw-p 00000000 00:00 0 
cdc00000-e5c00000 ---p 00000000 00:00 0 
e5c65000-e5c6a000 rw-p 00000000 00:00 0 
e5c6a000-e5d50000 ---p 00000000 00:00 0 
e5d50000-e5f90000 rwxp 00000000 00:00 0 
e5f90000-ed2ab000 ---p 00000000 00:00 0 
ed2ab000-ed4eb000 rwxp 00000000 00:00 0 
ed4eb000-ed7f5000 ---p 00000000 00:00 0 
ed7f5000-eda35000 rwxp 00000000 00:00 0 
eda35000-f4d50000 ---p 00000000 00:00 0 
f4d50000-f4eb8000 r--s 00000000 08:04 117534333                          /usr/lib/jvm/java-17-zulu-openjdk-jdk-x86/lib/modules
f4eb8000-f5d5a000 r-xp 00000000 08:04 143240869                          /usr/lib/jvm/java-17-zulu-openjdk-jdk-x86/lib/server/libjvm.so
f5d5a000-f5daf000 r--p 00ea1000 08:04 143240869                          /usr/lib/jvm/java-17-zulu-openjdk-jdk-x86/lib/server/libjvm.so
f5daf000-f5dd0000 rw-p 00ef6000 08:04 143240869                          /usr/lib/jvm/java-17-zulu-openjdk-jdk-x86/lib/server/libjvm.so
f5dd0000-f5e00000 rw-p 00000000 00:00 0 
f5e00000-f5f00000 rw-p 00000000 00:00 0 
f5f66000-f5f67000 ---p 00000000 00:00 0 
f5f67000-f5fe7000 rw-p 00000000 00:00 0 
f5fe7000-f5fe8000 ---p 00000000 00:00 0 
f5fe8000-f5fec000 ---p 00000000 00:00 0 
f5fec000-f6b60000 rw-p 00000000 00:00 0 
f6b6c000-f6b81000 r-xp 00000000 08:04 117534323                          /usr/lib/jvm/java-17-zulu-openjdk-jdk-x86/lib/libnet.so
f6b81000-f6b82000 r--p 00014000 08:04 117534323                          /usr/lib/jvm/java-17-zulu-openjdk-jdk-x86/lib/libnet.so
f6b82000-f6b83000 rw-p 00015000 08:04 117534323                          /usr/lib/jvm/java-17-zulu-openjdk-jdk-x86/lib/libnet.so
f6b83000-f6b88000 rw-p 00000000 00:00 0 
f6b88000-f6c6e000 ---p 00000000 00:00 0 
f6ea8000-f6eba000 r-xp 00000000 08:04 117534324                          /usr/lib/jvm/java-17-zulu-openjdk-jdk-x86/lib/libnio.so
f6eba000-f6ebb000 r--p 00011000 08:04 117534324                          /usr/lib/jvm/java-17-zulu-openjdk-jdk-x86/lib/libnio.so
f6ebb000-f6ebc000 rw-p 00012000 08:04 117534324                          /usr/lib/jvm/java-17-zulu-openjdk-jdk-x86/lib/libnio.so
f6ebc000-f6ee5000 rw-p 00000000 00:00 0 
f6ee5000-f6f08000 r-xp 00000000 08:04 117534310                          /usr/lib/jvm/java-17-zulu-openjdk-jdk-x86/lib/libjava.so
f6f08000-f6f09000 r--p 00022000 08:04 117534310                          /usr/lib/jvm/java-17-zulu-openjdk-jdk-x86/lib/libjava.so
f6f09000-f6f0a000 rw-p 00023000 08:04 117534310                          /usr/lib/jvm/java-17-zulu-openjdk-jdk-x86/lib/libjava.so
f6f0a000-f6f16000 r-xp 00000000 08:04 16831767                           /usr/lib/libnss_files-2.28.so
f6f16000-f6f17000 r--p 0000b000 08:04 16831767                           /usr/lib/libnss_files-2.28.so
f6f17000-f6f18000 rw-p 0000c000 08:04 16831767                           /usr/lib/libnss_files-2.28.so
f6f18000-f6f1e000 rw-p 00000000 00:00 0 
f6f24000-f6f29000 rw-p 00000000 00:00 0 
f6f29000-f6f2f000 ---p 00000000 00:00 0 
f6f2f000-f6f4a000 r-xp 00000000 08:04 117534314                          /usr/lib/jvm/java-17-zulu-openjdk-jdk-x86/lib/libjimage.so
f6f4a000-f6f4b000 ---p 0001b000 08:04 117534314                          /usr/lib/jvm/java-17-zulu-openjdk-jdk-x86/lib/libjimage.so
f6f4b000-f6f4c000 r--p 0001b000 08:04 117534314                          /usr/lib/jvm/java-17-zulu-openjdk-jdk-x86/lib/libjimage.so
f6f4c000-f6f4d000 rw-p 0001c000 08:04 117534314                          /usr/lib/jvm/java-17-zulu-openjdk-jdk-x86/lib/libjimage.so
f6f4d000-f6f51000 rw-p 00000000 00:00 0 
f6f51000-f6fd9000 r-xp 00000000 08:04 17191875                           /usr/lib/libpcre2-8.so.0.7.1
f6fd9000-f6fda000 r--p 00087000 08:04 17191875                           /usr/lib/libpcre2-8.so.0.7.1
f6fda000-f6fdb000 rw-p 00088000 08:04 17191875                           /usr/lib/libpcre2-8.so.0.7.1
f6fdb000-f6ffb000 r-xp 00000000 08:04 17021543                           /usr/lib/libcrypt.so.1.1.0
f6ffb000-f6ffc000 ---p 00020000 08:04 17021543                           /usr/lib/libcrypt.so.1.1.0
f6ffc000-f6ffd000 r--p 00020000 08:04 17021543                           /usr/lib/libcrypt.so.1.1.0
f6ffd000-f7006000 rw-p 00000000 00:00 0 
f7006000-f7031000 r-xp 00000000 08:04 17191887                           /usr/lib/libselinux.so.1
f7031000-f7032000 ---p 0002b000 08:04 17191887                           /usr/lib/libselinux.so.1
f7032000-f7033000 r--p 0002b000 08:04 17191887                           /usr/lib/libselinux.so.1
f7033000-f7034000 rw-p 0002c000 08:04 17191887                           /usr/lib/libselinux.so.1
f7034000-f7035000 rw-p 00000000 00:00 0 
f7035000-f7054000 r-xp 00000000 08:04 18866589                           /usr/lib/libbrotlicommon.so.1.0.6
f7054000-f7055000 r--p 0001e000 08:04 18866589                           /usr/lib/libbrotlicommon.so.1.0.6
f7055000-f7056000 rw-p 0001f000 08:04 18866589                           /usr/lib/libbrotlicommon.so.1.0.6
f7056000-f7074000 r-xp 00000000 08:04 17191915                           /usr/lib/libsasl2.so.3.0.0
f7074000-f7075000 ---p 0001e000 08:04 17191915                           /usr/lib/libsasl2.so.3.0.0
f7075000-f7076000 r--p 0001e000 08:04 17191915                           /usr/lib/libsasl2.so.3.0.0
f7076000-f7077000 rw-p 0001f000 08:04 17191915                           /usr/lib/libsasl2.so.3.0.0
f7077000-f7079000 rw-p 00000000 00:00 0 
f7079000-f708d000 r-xp 00000000 08:04 16831772                           /usr/lib/libresolv-2.28.so
f708d000-f708e000 ---p 00014000 08:04 16831772                           /usr/lib/libresolv-2.28.so
f708e000-f708f000 r--p 00014000 08:04 16831772                           /usr/lib/libresolv-2.28.so
f708f000-f7090000 rw-p 00015000 08:04 16831772                           /usr/lib/libresolv-2.28.so
f7090000-f7092000 rw-p 00000000 00:00 0 
f7092000-f7095000 r-xp 00000000 08:04 17191893                           /usr/lib/libkeyutils.so.1.6
f7095000-f7096000 ---p 00003000 08:04 17191893                           /usr/lib/libkeyutils.so.1.6
f7096000-f7097000 r--p 00003000 08:04 17191893                           /usr/lib/libkeyutils.so.1.6
f7097000-f7098000 rw-p 00000000 00:00 0 
f7098000-f70a8000 r-xp 00000000 08:04 17021560                           /usr/lib/libkrb5support.so.0.1
f70a8000-f70a9000 r--p 0000f000 08:04 17021560                           /usr/lib/libkrb5support.so.0.1
f70a9000-f70aa000 rw-p 00010000 08:04 17021560                           /usr/lib/libkrb5support.so.0.1
f70aa000-f70b2000 r-xp 00000000 08:04 16831774                           /usr/lib/librt-2.28.so
f70b2000-f70b3000 r--p 00007000 08:04 16831774                           /usr/lib/librt-2.28.so
f70b3000-f70b4000 rw-p 00008000 08:04 16831774                           /usr/lib/librt-2.28.so
f70b4000-f7233000 r-xp 00000000 08:04 17021545                           /usr/lib/libunistring.so.2.1.0
f7233000-f7234000 ---p 0017f000 08:04 17021545                           /usr/lib/libunistring.so.2.1.0
f7234000-f7236000 r--p 0017f000 08:04 17021545                           /usr/lib/libunistring.so.2.1.0
f7236000-f7237000 rw-p 00181000 08:04 17021545                           /usr/lib/libunistring.so.2.1.0
f7237000-f7261000 r-xp 00000000 08:04 18654292                           /usr/lib/liblzma.so.5.2.4
f7261000-f7262000 r--p 00029000 08:04 18654292                           /usr/lib/liblzma.so.5.2.4
f7262000-f7263000 rw-p 00000000 00:00 0 
f7263000-f726f000 r-xp 00000000 08:04 17191936                           /usr/lib/libbrotlidec.so.1.0.6
f726f000-f7270000 r--p 0000b000 08:04 17191936                           /usr/lib/libbrotlidec.so.1.0.6
f7270000-f7271000 rw-p 00000000 00:00 0 
f7271000-f7280000 r-xp 00000000 08:04 17191918                           /usr/lib/liblber-2.4.so.2.10.9
f7280000-f7281000 r--p 0000e000 08:04 17191918                           /usr/lib/liblber-2.4.so.2.10.9
f7281000-f7282000 rw-p 0000f000 08:04 17191918                           /usr/lib/liblber-2.4.so.2.10.9
f7282000-f72d7000 r-xp 00000000 08:04 17191920                           /usr/lib/libldap-2.4.so.2.10.9
f72d7000-f72d8000 ---p 00055000 08:04 17191920                           /usr/lib/libldap-2.4.so.2.10.9
f72d8000-f72d9000 r--p 00055000 08:04 17191920                           /usr/lib/libldap-2.4.so.2.10.9
f72d9000-f72da000 rw-p 00056000 08:04 17191920                           /usr/lib/libldap-2.4.so.2.10.9
f72da000-f72dc000 rw-p 00000000 00:00 0 
f72dc000-f72df000 r-xp 00000000 08:04 16994899                           /usr/lib/libcom_err.so.2.1
f72df000-f72e0000 r--p 00002000 08:04 16994899                           /usr/lib/libcom_err.so.2.1
f72e0000-f72e1000 rw-p 00003000 08:04 16994899                           /usr/lib/libcom_err.so.2.1
f72e1000-f72f7000 r-xp 00000000 08:04 17021552                           /usr/lib/libk5crypto.so.3.1
f72f7000-f72f8000 ---p 00016000 08:04 17021552                           /usr/lib/libk5crypto.so.3.1
f72f8000-f72f9000 r--p 00016000 08:04 17021552                           /usr/lib/libk5crypto.so.3.1
f72f9000-f72fa000 rw-p 00017000 08:04 17021552                           /usr/lib/libk5crypto.so.3.1
f72fa000-f73dd000 r-xp 00000000 08:04 17021558                           /usr/lib/libkrb5.so.3.3
f73dd000-f73e4000 r--p 000e2000 08:04 17021558                           /usr/lib/libkrb5.so.3.3
f73e4000-f73e5000 rw-p 000e9000 08:04 17021558                           /usr/lib/libkrb5.so.3.3
f73e5000-f7440000 r-xp 00000000 08:04 17021548                           /usr/lib/libgssapi_krb5.so.2.2
f7440000-f7442000 r--p 0005a000 08:04 17021548                           /usr/lib/libgssapi_krb5.so.2.2
f7442000-f7443000 rw-p 0005c000 08:04 17021548                           /usr/lib/libgssapi_krb5.so.2.2
f7443000-f76f4000 r-xp 00000000 08:04 18627877                           /usr/lib/libcrypto.so.1.1.1k
f76f4000-f770d000 r--p 002b0000 08:04 18627877                           /usr/lib/libcrypto.so.1.1.1k
f770d000-f770f000 rw-p 002c9000 08:04 18627877                           /usr/lib/libcrypto.so.1.1.1k
f770f000-f7713000 rw-p 00000000 00:00 0 
f7713000-f77a5000 r-xp 00000000 08:04 18627879                           /usr/lib/libssl.so.1.1.1k
f77a5000-f77ab000 r--p 00091000 08:04 18627879                           /usr/lib/libssl.so.1.1.1k
f77ab000-f77af000 rw-p 00097000 08:04 18627879                           /usr/lib/libssl.so.1.1.1k
f77af000-f77bf000 r-xp 00000000 08:04 18660120                           /usr/lib/libpsl.so.5.3.1
f77bf000-f77c0000 r--p 0000f000 08:04 18660120                           /usr/lib/libpsl.so.5.3.1
f77c0000-f77c1000 rw-p 00000000 00:00 0 
f77c1000-f783e000 r-xp 00000000 08:04 16994901                           /usr/lib/libssh.so.4.8.7
f783e000-f783f000 ---p 0007d000 08:04 16994901                           /usr/lib/libssh.so.4.8.7
f783f000-f7840000 r--p 0007d000 08:04 16994901                           /usr/lib/libssh.so.4.8.7
f7840000-f7841000 rw-p 0007e000 08:04 16994901                           /usr/lib/libssh.so.4.8.7
f7841000-f785e000 r-xp 00000000 08:04 17040588                           /usr/lib/libidn2.so.0.3.6
f785e000-f785f000 r--p 0001c000 08:04 17040588                           /usr/lib/libidn2.so.0.3.6
f785f000-f7860000 rw-p 00000000 00:00 0 
f7860000-f7888000 r-xp 00000000 08:04 17191891                           /usr/lib/libnghttp2.so.14.17.0
f7888000-f7889000 r--p 00027000 08:04 17191891                           /usr/lib/libnghttp2.so.14.17.0
f7889000-f788b000 rw-p 00028000 08:04 17191891                           /usr/lib/libnghttp2.so.14.17.0
f788b000-f7a2d000 r-xp 00000000 08:04 16831756                           /usr/lib/libc-2.28.so
f7a2d000-f7a2e000 ---p 001a2000 08:04 16831756                           /usr/lib/libc-2.28.so
f7a2e000-f7a30000 r--p 001a2000 08:04 16831756                           /usr/lib/libc-2.28.so
f7a30000-f7a31000 rw-p 001a4000 08:04 16831756                           /usr/lib/libc-2.28.so
f7a31000-f7a36000 rw-p 00000000 00:00 0 
f7a36000-f7a51000 r-xp 00000000 08:04 16985139                           /usr/lib/libgcc_s-8-20210514.so.1
f7a51000-f7a52000 r--p 0001a000 08:04 16985139                           /usr/lib/libgcc_s-8-20210514.so.1
f7a52000-f7a53000 rw-p 0001b000 08:04 16985139                           /usr/lib/libgcc_s-8-20210514.so.1
f7a53000-f7b23000 r-xp 00000000 08:04 16831760                           /usr/lib/libm-2.28.so
f7b23000-f7b24000 r--p 000cf000 08:04 16831760                           /usr/lib/libm-2.28.so
f7b24000-f7b25000 rw-p 000d0000 08:04 16831760                           /usr/lib/libm-2.28.so
f7b25000-f7cae000 r-xp 00000000 08:04 16985145                           /usr/lib/libstdc++.so.6.0.25
f7cae000-f7caf000 ---p 00189000 08:04 16985145                           /usr/lib/libstdc++.so.6.0.25
f7caf000-f7cb5000 r--p 00189000 08:04 16985145                           /usr/lib/libstdc++.so.6.0.25
f7cb5000-f7cb6000 rw-p 0018f000 08:04 16985145                           /usr/lib/libstdc++.so.6.0.25
f7cb6000-f7cb8000 rw-p 00000000 00:00 0 
f7cb8000-f7ccf000 r-xp 00000000 08:04 16963437                           /usr/lib/libz.so.1.2.11
f7ccf000-f7cd0000 ---p 00017000 08:04 16963437                           /usr/lib/libz.so.1.2.11
f7cd0000-f7cd1000 r--p 00017000 08:04 16963437                           /usr/lib/libz.so.1.2.11
f7cd1000-f7cd2000 rw-p 00000000 00:00 0 
f7cd2000-f7e4f000 r-xp 00000000 08:04 16963397                           /usr/lib/libxml2.so.2.9.7
f7e4f000-f7e54000 r--p 0017c000 08:04 16963397                           /usr/lib/libxml2.so.2.9.7
f7e54000-f7e55000 rw-p 00181000 08:04 16963397                           /usr/lib/libxml2.so.2.9.7
f7e55000-f7e56000 rw-p 00000000 00:00 0 
f7e56000-f7e72000 r-xp 00000000 08:04 16831770                           /usr/lib/libpthread-2.28.so
f7e72000-f7e73000 r--p 0001b000 08:04 16831770                           /usr/lib/libpthread-2.28.so
f7e73000-f7e74000 rw-p 0001c000 08:04 16831770                           /usr/lib/libpthread-2.28.so
f7e74000-f7e76000 rw-p 00000000 00:00 0 
f7e76000-f7eea000 r-xp 00000000 08:04 16818911                           /usr/lib/libpcre.so.1.2.10
f7eea000-f7eeb000 ---p 00074000 08:04 16818911                           /usr/lib/libpcre.so.1.2.10
f7eeb000-f7eec000 r--p 00074000 08:04 16818911                           /usr/lib/libpcre.so.1.2.10
f7eec000-f7eed000 rw-p 00075000 08:04 16818911                           /usr/lib/libpcre.so.1.2.10
f7eed000-f7ef0000 r-xp 00000000 08:04 16831758                           /usr/lib/libdl-2.28.so
f7ef0000-f7ef1000 r--p 00002000 08:04 16831758                           /usr/lib/libdl-2.28.so
f7ef1000-f7ef2000 rw-p 00003000 08:04 16831758                           /usr/lib/libdl-2.28.so
f7ef2000-f7f8f000 r-xp 00000000 08:04 16994905                           /usr/lib/libcurl.so.4.5.0
f7f8f000-f7f91000 r--p 0009c000 08:04 16994905                           /usr/lib/libcurl.so.4.5.0
f7f91000-f7f92000 rw-p 0009e000 08:04 16994905                           /usr/lib/libcurl.so.4.5.0
f7f92000-f7f99000 r--s 00000000 08:04 176632422                          /usr/lib/gconv/gconv-modules.cache
f7f99000-f7fa1000 rw-s 00000000 08:04 151586760                          /tmp/hsperfdata_almalinux/1396304 (deleted)
f7fa1000-f7fa2000 ---p 00000000 00:00 0 
f7fa2000-f7fa3000 r--p 00000000 00:00 0 
f7fa3000-f7fa5000 rw-p 00000000 00:00 0 
f7fa5000-f7fa9000 r--p 00000000 00:00 0                                  [vvar]
f7fa9000-f7fab000 r-xp 00000000 00:00 0                                  [vdso]
f7fab000-f7fda000 r-xp 00000000 08:04 16831749                           /usr/lib/ld-2.28.so
f7fda000-f7fdb000 ---p 00000000 00:00 0 
f7fdb000-f7fdc000 r--p 0002f000 08:04 16831749                           /usr/lib/ld-2.28.so
f7fdc000-f7fdd000 rw-p 00030000 08:04 16831749                           /usr/lib/ld-2.28.so
ff82e000-ff82f000 rwxp 00000000 00:00 0 
ff937000-ff9f3000 rw-p 00000000 00:00 0                                  [stack]


VM Arguments:
jvm_args: -Xms128m -Xmx512m -Xss768k -XX:MaxMetaspaceSize=96m -Xrs -XX:-UsePerfData -XX:-AllowUserSignalHandlers -XX:UseSSE=3 -XX+DoEscapeAnalysis -XX:AutoBoxCacheMax:2000 -XX:+OptimizeStringConcat -XX:+OptimizeFill -XX:+EliminateAutoBox -XX:+UseCompressedStrings -XX:+UseCompressedOops -XX:+EliminateLocks -XX:UseFastAccessorMethods -XX:+UseStringCache -XgcPrio:throughput -XXkeepAreaRatio:1 -XXlazyUnlocking -XXcallProfiling -XXcompactRatio:1 
java_command: <unknown>
java_class_path (initial): ../../data/sku.0/sys.server/compiled/game/
Launcher Type: generic

[Global flags]
     intx CICompilerCount                          = 3                                         {product} {ergonomic}
     uint ConcGCThreads                            = 1                                         {product} {ergonomic}
     uint G1ConcRefinementThreads                  = 4                                         {product} {ergonomic}
   size_t G1HeapRegionSize                         = 1048576                                   {product} {ergonomic}
    uintx GCDrainStackTargetSize                   = 64                                        {product} {ergonomic}
   size_t InitialHeapSize                          = 134217728                                 {product} {command line}
   size_t MarkStackSize                            = 32768                                     {product} {ergonomic}
   size_t MaxHeapSize                              = 536870912                                 {product} {command line}
   size_t MaxMetaspaceSize                         = 100663296                                 {product} {command line}
   size_t MaxNewSize                               = 321912832                                 {product} {ergonomic}
   size_t MinHeapDeltaBytes                        = 1048576                                   {product} {ergonomic}
   size_t MinHeapSize                              = 134217728                                 {product} {command line}
    uintx NonNMethodCodeHeapSize                   = 5544422                                {pd product} {ergonomic}
    uintx NonProfiledCodeHeapSize                  = 123056909                              {pd product} {ergonomic}
    uintx ProfiledCodeHeapSize                     = 123056909                              {pd product} {ergonomic}
    uintx ReservedCodeCacheSize                    = 251658240                              {pd product} {ergonomic}
     bool SegmentedCodeCache                       = true                                      {product} {ergonomic}
   size_t SoftMaxHeapSize                          = 536870912                              {manageable} {ergonomic}
   double SweeperThreshold                         = 0.500000                                  {product} {ergonomic}
     intx ThreadStackSize                          = 768                                    {pd product} {command line}
     bool UseG1GC                                  = true                                      {product} {ergonomic}

Logging:
Log output configuration:
 #0: stdout all=off uptime,level,tags
 #1: stderr all=off uptime,level,tags

Environment Variables:
JAVA_HOME=/usr/lib/jvm/zulu-17-x86
PATH=/usr/java/jdk1.7.0_80/bin:/usr/java/jdk1.7.0_80/bin:/usr/java/jdk1.6.0_45/bin:/usr/java/jdk1.6.0_45/bin:/usr/java/jdk1.6.0_45/bin:/home/almalinux/.local/bin:/home/almalinux/bin:/sbin:/bin:/usr/bin:/usr/local/bin:/usr/local/sbin:/usr/sbin:/usr/lib/oracle/18.3/client/bin:/usr/lib/oracle/18.3/client/bin:/usr/lib/jvm/java-11-openjdk/bin:./
LD_LIBRARY_PATH=/usr/lib/jvm/java-17-zulu-openjdk-jdk-x86/lib/server:/usr/lib/jvm/java-17-zulu-openjdk-jdk-x86/lib:/usr/lib/jvm/java-17-zulu-openjdk-jdk-x86/../lib:/usr/lib/jvm/zulu-17-x86/lib/server:/usr/lib/jvm/java-11-openjdk/lib:/usr/lib/jvm/java-11-openjdk/lib/server:./
SHELL=/bin/bash
DISPLAY=:10.0
LANG=en_US.UTF-8
TERM=xterm-256color

Active Locale:
LC_ALL=en_US.UTF-8
LC_COLLATE=en_US.UTF-8
LC_CTYPE=en_US.UTF-8
LC_MESSAGES=en_US.UTF-8
LC_MONETARY=en_US.UTF-8
LC_NUMERIC=en_US.UTF-8
LC_TIME=en_US.UTF-8

Signal Handlers:
   SIGSEGV: crash_handler in libjvm.so, mask=11100100010111111101111111111110, flags=SA_RESTART|SA_SIGINFO, unblocked
    SIGBUS: crash_handler in libjvm.so, mask=11100100010111111101111111111110, flags=SA_RESTART|SA_SIGINFO, unblocked
    SIGFPE: crash_handler in libjvm.so, mask=11100100010111111101111111111110, flags=SA_RESTART|SA_SIGINFO, unblocked
   SIGPIPE: SIG_IGN, mask=00000000000010000000000000000000, flags=SA_RESTART, blocked
  *** Handler was modified!
  *** Expected: javaSignalHandler in libjvm.so, mask=11100100110111111111111111111110, flags=SA_RESTART|SA_SIGINFO
   SIGXFSZ: javaSignalHandler in libjvm.so, mask=11100100010111111101111111111110, flags=SA_RESTART|SA_SIGINFO, blocked
    SIGILL: crash_handler in libjvm.so, mask=11100100010111111101111111111110, flags=SA_RESTART|SA_SIGINFO, unblocked
   SIGUSR2: SR_handler in libjvm.so, mask=00100000000000000000000000000000, flags=SA_RESTART|SA_SIGINFO, blocked
    SIGHUP: UserHandler in libjvm.so, mask=11100100010111111101111111111110, flags=SA_RESTART|SA_SIGINFO, blocked
    SIGINT: UserHandler in libjvm.so, mask=11100100010111111101111111111110, flags=SA_RESTART|SA_SIGINFO, blocked
   SIGTERM: UserHandler in libjvm.so, mask=11100100010111111101111111111110, flags=SA_RESTART|SA_SIGINFO, blocked
   SIGQUIT: UserHandler in libjvm.so, mask=11100100010111111101111111111110, flags=SA_RESTART|SA_SIGINFO, blocked
   SIGTRAP: crash_handler in libjvm.so, mask=11100100010111111101111111111110, flags=SA_RESTART|SA_SIGINFO, unblocked


Periodic native trim disabled


---------------  S Y S T E M  ---------------

OS:
AlmaLinux release 8.10 (Cerulean Leopard)
uname: Linux 4.18.0-553.81.1.el8_10.x86_64 #1 SMP Mon Oct 27 11:29:19 EDT 2025 x86_64
OS uptime: 33 days 17:49 hours
libc: glibc 2.28 NPTL 2.28 
rlimit (soft/hard): STACK 8192k/infinity , CORE 0k/infinity , NPROC 61995/61995 , NOFILE 262144/262144 , AS infinity/infinity , CPU infinity/infinity , DATA infinity/infinity , FSIZE infinity/infinity , MEMLOCK 64k/64k
load average: 41.43 42.40 41.97

/proc/meminfo:
MemTotal:       16014448 kB
MemFree:          624108 kB
MemAvailable:    1581488 kB
Buffers:             840 kB
Cached:          2960836 kB
SwapCached:        35780 kB
Active:          2640932 kB
Inactive:       12096364 kB
Active(anon):    2025180 kB
Inactive(anon): 11755084 kB
Active(file):     615752 kB
Inactive(file):   341280 kB
Unevictable:        3104 kB
Mlocked:              16 kB
SwapTotal:       8388604 kB
SwapFree:        6595912 kB
Dirty:               164 kB
Writeback:             0 kB
AnonPages:      11760056 kB
Mapped:          1617084 kB
Shmem:           2004640 kB
KReclaimable:     177392 kB
Slab:             306596 kB
SReclaimable:     177392 kB
SUnreclaim:       129204 kB
KernelStack:       25760 kB
PageTables:       166732 kB
NFS_Unstable:          0 kB
Bounce:                0 kB
WritebackTmp:          0 kB
CommitLimit:    16395828 kB
Committed_AS:   27585600 kB
VmallocTotal:   34359738367 kB
VmallocUsed:       71916 kB
VmallocChunk:          0 kB
Percpu:             2704 kB
HardwareCorrupted:     0 kB
AnonHugePages:         0 kB
ShmemHugePages:        0 kB
ShmemPmdMapped:        0 kB
FileHugePages:         0 kB
FilePmdMapped:         0 kB
HugePages_Total:       0
HugePages_Free:        0
HugePages_Rsvd:        0
HugePages_Surp:        0
Hugepagesize:       2048 kB
Hugetlb:               0 kB
DirectMap4k:     2565996 kB
DirectMap2M:    13817856 kB

/sys/kernel/mm/transparent_hugepage/enabled: always madvise [never]
/sys/kernel/mm/transparent_hugepage/hpage_pmd_size: 2097152
/sys/kernel/mm/transparent_hugepage/defrag (defrag/compaction efforts parameter): always defer defer+madvise [madvise] never

Process Memory:
Virtual Size: 985156K (peak: 990884K)
Resident Set Size: 147460K (peak: 147468K) (anon: 113892K, file: 33568K, shmem: 0K)
Swapped out: 0K
C-Heap outstanding allocations: 19009K, retained: 56350K
glibc malloc tunables: (default)

/proc/sys/kernel/threads-max (system-wide limit on the number of threads): 123991
/proc/sys/vm/max_map_count (maximum number of memory map areas a process may have): 1677720
/proc/sys/kernel/pid_max (system-wide limit on number of process identifiers): 4194304

container (cgroup) information:
container_type: cgroupv1
cpu_cpuset_cpus: 0-3
cpu_memory_nodes: 0
active_processor_count: 4
cpu_quota: no quota
cpu_period: 100000
cpu_shares: no shares
memory_limit_in_bytes: unlimited
memory_and_swap_limit_in_bytes: unlimited
memory_soft_limit_in_bytes: unlimited
memory_usage_in_bytes: 14211396 k
memory_max_usage_in_bytes: 14783012 k
kernel_memory_usage_in_bytes: 270600 k
kernel_memory_max_usage_in_bytes: unlimited
kernel_memory_limit_in_bytes: 985464 k
maximum number of tasks: unlimited
current number of tasks: 838

KVM virtualization detected
Steal ticks since vm start: 543
Steal ticks percentage since vm start:  0.000

CPU: total 4 (initial active 4) (1 cores per cpu, 1 threads per core) family 6 model 60 stepping 1 microcode 0x1, cx8, cmov, fxsr, mmx, sse, sse2, sse3, ssse3, sse4.1, sse4.2, popcnt, lzcnt, tsc, avx, avx2, aes, erms, clmul, bmi1, bmi2, fma, vzeroupper, clflush, hv
CPU Model and flags from /proc/cpuinfo:
model name	: Intel Core Processor (Haswell, no TSX)
flags		: fpu vme de pse tsc msr pae mce cx8 apic sep mtrr pge mca cmov pat pse36 clflush mmx fxsr sse sse2 syscall nx rdtscp lm constant_tsc rep_good nopl xtopology cpuid tsc_known_freq pni pclmulqdq vmx ssse3 fma cx16 pcid sse4_1 sse4_2 x2apic movbe popcnt tsc_deadline_timer aes xsave avx f16c rdrand hypervisor lahf_lm abm cpuid_fault invpcid_single pti tpr_shadow vnmi flexpriority ept vpid ept_ad fsgsbase bmi1 avx2 smep bmi2 erms invpcid xsaveopt arat md_clear

Online cpus: 0-3
Offline cpus: 
BIOS frequency limitation: <Not Available>
Frequency switch latency (ns): <Not Available>
Available cpu frequencies: <Not Available>
Current governor: <Not Available>
Core performance/turbo boost: <Not Available>

Memory: 4k page, physical 16014448k(626568k free), swap 8388604k(6595912k free)
Page Sizes: 4k

vm_info: OpenJDK Server VM (17.0.11+9-LTS) for linux-x86 JRE (17.0.11+9-LTS) (Zulu17.50+19-CA), built on Apr  9 2024 07:14:46 by "zulu_re" with gcc 8.3.0

END.
