#
# A fatal error has been detected by the Java Runtime Environment:
#
#  SIGSEGV (0xb) at pc=0xf78c0618, pid=6410, tid=6410
#
# JRE version: OpenJDK Runtime Environment Zulu17.50+19-CA (17.0.11+9) (build 17.0.11+9-LTS)
# Java VM: OpenJDK Server VM Zulu17.50+19-CA (17.0.11+9-LTS, mixed mode, sharing, tiered, g1 gc, linux-x86)
# Problematic frame:
# C  [libc.so.6+0x84618]  cfree+0x28
#
# Core dump will be written. Default location: Core dumps may be processed with "/usr/lib/systemd/systemd-coredump %P %u %g %s %t %c %h %e" (or dumping to /home/almalinux/swg-returns-nge/exe/linux/core.6410)
#
# If you would like to submit a bug report, please visit:
#   http://www.azul.com/support/
#

---------------  S U M M A R Y ------------

Command Line: -Xms128m -Xmx512m -Xss768k -XX:MaxMetaspaceSize=96m -Xrs -XX:-UsePerfData -XX:-AllowUserSignalHandlers -XX:UseSSE=3 -XX+DoEscapeAnalysis -XX:AutoBoxCacheMax:2000 -XX:+OptimizeStringConcat -XX:+OptimizeFill -XX:+EliminateAutoBox -XX:+UseCompressedStrings -XX:+UseCompressedOops -XX:+EliminateLocks -XX:UseFastAccessorMethods -XX:+UseStringCache -XgcPrio:throughput -XXkeepAreaRatio:1 -XXlazyUnlocking -XXcallProfiling -XXcompactRatio:1 

Host: Intel Core Processor (Haswell, no TSX), 4 cores, 15G, AlmaLinux release 8.10 (Cerulean Leopard)
Time: Sun Jan 25 22:06:45 2026 UTC elapsed time: 4194.064645 seconds (0d 1h 9m 54s)

---------------  T H R E A D  ---------------

Current thread is native thread

Stack: [0xffed9000,0xfff99000],  sp=0xfff96b70,  free space=758k
Native frames: (J=compiled Java code, j=interpreted, Vv=VM code, C=native code)
C  [libc.so.6+0x84618]  cfree+0x28


siginfo: si_signo: 11 (SIGSEGV), si_code: 1 (SEGV_MAPERR), si_addr: 0x00000003

Registers:
EAX=0x00000000, EBX=0x00000007, ECX=0xf6efe84c, EDX=0x0ba31d88
ESP=0xfff96b70, EBP=0xfff96ca8, ESI=0xf79e1000, EDI=0x00000000
EIP=0xf78c0618, EFLAGS=0x00210202, CR2=0x0000000000000003


Top of Stack: (sp=0xfff96b70)
0xfff96b70:   0b6b5010 00000000 fff96ca8 f7b4df1c
0xfff96b80:   0b6b50a0 f7c64a04 0ba31d60 f7b4df1c
0xfff96b90:   00000007 f7b4df0a f7c64a04 f7b4df4c
0xfff96ba0:   0b6b50a0 f7b4df0a 0ba35b00 085b6163
0xfff96bb0:   00000007 0b6b5010 0b6b4d20 085bb8d1
0xfff96bc0:   0b6b5010 0b6b4d20 00000000 085bb89b
0xfff96bd0:   0cecedd0 fff96bf7 fff96c1c 085c6969
0xfff96be0:   087d6c00 fff96c1c fff96ca8 084fc53b
0xfff96bf0:   00000014 00010002 00000000 00000000
0xfff96c00:   01010100 00000001 09aa44c0 00000000
0xfff96c10:   00000000 00000000 00000000 00000000
0xfff96c20:   00000000 00000012 fff96d78 f78716ff
0xfff96c30:   f79e141c 47677753 53656d61 65767265
0xfff96c40:   34363a72 0b003031 09290100 0ba17120
0xfff96c50:   08ea0100 08ebc230 08ea5888 f79e141c
0xfff96c60:   00000428 00000420 f7871779 085758fd
0xfff96c70:   08ea2a80 09b1ea78 08ea5888 08574f56
0xfff96c80:   0929a2c4 0929a2c4 fff96d78 08ea583b
0xfff96c90:   0000000c fff96d44 fff96cc0 f79e1000
0xfff96ca0:   00000000 08575910 00000000 f7859f26
0xfff96cb0:   00000000 08575910 00000000 f7859f26
0xfff96cc0:   0000000c fff96d44 fff96d78 fff96ce4
0xfff96cd0:   0929a2d0 00000000 fff96d78 f79e1000
0xfff96ce0:   f784975c f79e1000 00000000 08575910
0xfff96cf0:   00000000 a64573f5 5fa13be5 00000000
0xfff96d00:   00000000 00000000 f7f604d0 f7859e30
0xfff96d10:   084fc260 0929a2c4 0000000c 08575946
0xfff96d20:   084fc260 0000000c fff96d44 08ea57f0
0xfff96d30:   08ea5850 f7f604d0 fff96d3c f7f8d970
0xfff96d40:   0000000c fff97622 fff97634 fff97637
0xfff96d50:   fff97649 fff9764c fff97657 fff9767b
0xfff96d60:   fff9768b fff9769f fff976c3 fff976c6 

Instructions: (pc=0xf78c0618)
0xf78c0518:   50 8d 96 86 f7 fa ff 8d 86 d0 2f fb ff e8 c6 b7
0xf78c0528:   ff ff 8d b6 00 00 00 00 bb 20 00 00 00 e9 5e fe
0xf78c0538:   ff ff e8 a1 c0 ff ff 89 c5 85 c0 0f 85 68 ff ff
0xf78c0548:   ff 31 d2 8d 44 3b 10 e8 8c c1 ff ff 89 da 89 f9
0xf78c0558:   89 c5 e8 11 f0 ff ff 89 c2 85 c0 75 1b 85 ed 74
0xf78c0568:   17 90 89 fa 89 e8 e8 bd c5 ff ff 89 da 89 f9 89
0xf78c0578:   c5 e8 f2 ef ff ff 89 c2 85 ed 0f 84 57 ff ff ff
0xf78c0588:   e9 39 ff ff ff 8d 86 b8 31 fb ff 83 ec 0c b9 25
0xf78c0598:   0d 00 00 50 8d 96 86 f7 fa ff 8d 86 74 2f fb ff
0xf78c05a8:   e8 43 b7 ff ff 8d 76 00 f3 0f 1e fb e8 0a 9a f9
0xf78c05b8:   ff 05 47 0a 12 00 56 53 83 ec 04 8b 5c 24 10 8b
0xf78c05c8:   74 24 14 8b 80 50 ff ff ff c7 00 00 00 00 00 e8
0xf78c05d8:   54 bb ff ff 8b 4c 24 0c 83 c4 04 89 f2 89 d8 5b
0xf78c05e8:   5e e9 42 fd ff ff 66 90 f3 0f 1e fb 56 e8 9a 9b
0xf78c05f8:   f9 ff 81 c6 06 0a 12 00 53 83 ec 14 8b 5c 24 20
0xf78c0608:   8b 86 5c ff ff ff 8b 00 85 c0 75 6c 85 db 74 75
0xf78c0618:   8b 4b fc 8d 53 f8 f6 c1 02 75 35 8b 86 70 fe ff
0xf78c0628:   ff 65 8b 00 85 c0 0f 84 8c 00 00 00 83 e1 04 8d
0xf78c0638:   86 60 07 00 00 74 09 89 d0 25 00 00 f0 ff 8b 00
0xf78c0648:   83 c4 14 31 c9 5b 5e e9 8c cb ff ff 8d 74 26 00
0xf78c0658:   8b 9e 60 01 00 00 85 db 75 10 3b 8e 48 01 00 00
0xf78c0668:   76 08 81 f9 00 00 08 00 76 26 83 c4 14 89 d0 5b
0xf78c0678:   5e e9 92 b8 ff ff 66 90 83 ec 08 ff 74 24 24 53
0xf78c0688:   ff d0 83 c4 10 83 c4 14 5b 5e c3 8d 74 26 00 90
0xf78c0698:   39 96 80 1d 00 00 77 08 39 96 7c 1d 00 00 77 ca
0xf78c06a8:   83 e1 f8 8d 04 09 89 8e 48 01 00 00 89 86 40 01
0xf78c06b8:   00 00 90 eb b5 8d 76 00 8b 86 74 fe ff ff 65 80
0xf78c06c8:   38 00 0f 85 64 ff ff ff 89 54 24 0c e8 97 ed ff
0xf78c06d8:   ff 8b 4b fc 8b 54 24 0c e9 4f ff ff ff 8d b4 26
0xf78c06e8:   00 00 00 00 8d 74 26 00 f3 0f 1e fb 55 57 56 e8
0xf78c06f8:   98 9a f9 ff 81 c6 04 09 12 00 53 83 ec 0c 8b 86
0xf78c0708:   70 fe ff ff 8b 96 74 fe ff ff 65 8b 28 65 c6 02 



---------------  P R O C E S S  ---------------

VM state: at safepoint (shutting down)

VM Mutex/Monitor currently owned by a thread:  ([mutex/lock_event])
[0xf5e21d30] Threads_lock - owner thread: 0xc4294cf0

GC Precious Log:
<Skipped>

Heap:
 garbage-first heap   total 131072K, used 48059K [0xc5c00000, 0xe5c00000)
  region size 1024K, 46 young (47104K), 1 survivors (1024K)
 Metaspace       used 3295K, committed 3520K, reserved 16384K

Heap Regions: E=young(eden), S=young(survivor), O=old, HS=humongous(starts), HC=humongous(continues), CS=collection set, F=free, OA=open archive, CA=closed archive, TAMS=top-at-mark-start (previous, next)
|   0|0xc5c00000, 0xc5d00000, 0xc5d00000|100%| O|  |TAMS 0xc5c00000, 0xc5c00000| Untracked 
|   1|0xc5d00000, 0xc5df1c00, 0xc5e00000| 94%| O|  |TAMS 0xc5d00000, 0xc5d00000| Untracked 
|   2|0xc5e00000, 0xc5e00000, 0xc5f00000|  0%| F|  |TAMS 0xc5e00000, 0xc5e00000| Untracked 
|   3|0xc5f00000, 0xc5f00000, 0xc6000000|  0%| F|  |TAMS 0xc5f00000, 0xc5f00000| Untracked 
|   4|0xc6000000, 0xc6000000, 0xc6100000|  0%| F|  |TAMS 0xc6000000, 0xc6000000| Untracked 
|   5|0xc6100000, 0xc6100000, 0xc6200000|  0%| F|  |TAMS 0xc6100000, 0xc6100000| Untracked 
|   6|0xc6200000, 0xc6200000, 0xc6300000|  0%| F|  |TAMS 0xc6200000, 0xc6200000| Untracked 
|   7|0xc6300000, 0xc6300000, 0xc6400000|  0%| F|  |TAMS 0xc6300000, 0xc6300000| Untracked 
|   8|0xc6400000, 0xc6400000, 0xc6500000|  0%| F|  |TAMS 0xc6400000, 0xc6400000| Untracked 
|   9|0xc6500000, 0xc6500000, 0xc6600000|  0%| F|  |TAMS 0xc6500000, 0xc6500000| Untracked 
|  10|0xc6600000, 0xc6600000, 0xc6700000|  0%| F|  |TAMS 0xc6600000, 0xc6600000| Untracked 
|  11|0xc6700000, 0xc6700000, 0xc6800000|  0%| F|  |TAMS 0xc6700000, 0xc6700000| Untracked 
|  12|0xc6800000, 0xc6800000, 0xc6900000|  0%| F|  |TAMS 0xc6800000, 0xc6800000| Untracked 
|  13|0xc6900000, 0xc6900000, 0xc6a00000|  0%| F|  |TAMS 0xc6900000, 0xc6900000| Untracked 
|  14|0xc6a00000, 0xc6a00000, 0xc6b00000|  0%| F|  |TAMS 0xc6a00000, 0xc6a00000| Untracked 
|  15|0xc6b00000, 0xc6b00000, 0xc6c00000|  0%| F|  |TAMS 0xc6b00000, 0xc6b00000| Untracked 
|  16|0xc6c00000, 0xc6c00000, 0xc6d00000|  0%| F|  |TAMS 0xc6c00000, 0xc6c00000| Untracked 
|  17|0xc6d00000, 0xc6d00000, 0xc6e00000|  0%| F|  |TAMS 0xc6d00000, 0xc6d00000| Untracked 
|  18|0xc6e00000, 0xc6e00000, 0xc6f00000|  0%| F|  |TAMS 0xc6e00000, 0xc6e00000| Untracked 
|  19|0xc6f00000, 0xc6f00000, 0xc7000000|  0%| F|  |TAMS 0xc6f00000, 0xc6f00000| Untracked 
|  20|0xc7000000, 0xc7000000, 0xc7100000|  0%| F|  |TAMS 0xc7000000, 0xc7000000| Untracked 
|  21|0xc7100000, 0xc7100000, 0xc7200000|  0%| F|  |TAMS 0xc7100000, 0xc7100000| Untracked 
|  22|0xc7200000, 0xc7200000, 0xc7300000|  0%| F|  |TAMS 0xc7200000, 0xc7200000| Untracked 
|  23|0xc7300000, 0xc7300000, 0xc7400000|  0%| F|  |TAMS 0xc7300000, 0xc7300000| Untracked 
|  24|0xc7400000, 0xc7400000, 0xc7500000|  0%| F|  |TAMS 0xc7400000, 0xc7400000| Untracked 
|  25|0xc7500000, 0xc7500000, 0xc7600000|  0%| F|  |TAMS 0xc7500000, 0xc7500000| Untracked 
|  26|0xc7600000, 0xc7600000, 0xc7700000|  0%| F|  |TAMS 0xc7600000, 0xc7600000| Untracked 
|  27|0xc7700000, 0xc7700000, 0xc7800000|  0%| F|  |TAMS 0xc7700000, 0xc7700000| Untracked 
|  28|0xc7800000, 0xc7800000, 0xc7900000|  0%| F|  |TAMS 0xc7800000, 0xc7800000| Untracked 
|  29|0xc7900000, 0xc7900000, 0xc7a00000|  0%| F|  |TAMS 0xc7900000, 0xc7900000| Untracked 
|  30|0xc7a00000, 0xc7a00000, 0xc7b00000|  0%| F|  |TAMS 0xc7a00000, 0xc7a00000| Untracked 
|  31|0xc7b00000, 0xc7b00000, 0xc7c00000|  0%| F|  |TAMS 0xc7b00000, 0xc7b00000| Untracked 
|  32|0xc7c00000, 0xc7c00000, 0xc7d00000|  0%| F|  |TAMS 0xc7c00000, 0xc7c00000| Untracked 
|  33|0xc7d00000, 0xc7d00000, 0xc7e00000|  0%| F|  |TAMS 0xc7d00000, 0xc7d00000| Untracked 
|  34|0xc7e00000, 0xc7e00000, 0xc7f00000|  0%| F|  |TAMS 0xc7e00000, 0xc7e00000| Untracked 
|  35|0xc7f00000, 0xc7f00000, 0xc8000000|  0%| F|  |TAMS 0xc7f00000, 0xc7f00000| Untracked 
|  36|0xc8000000, 0xc8000000, 0xc8100000|  0%| F|  |TAMS 0xc8000000, 0xc8000000| Untracked 
|  37|0xc8100000, 0xc8100000, 0xc8200000|  0%| F|  |TAMS 0xc8100000, 0xc8100000| Untracked 
|  38|0xc8200000, 0xc8200000, 0xc8300000|  0%| F|  |TAMS 0xc8200000, 0xc8200000| Untracked 
|  39|0xc8300000, 0xc8300000, 0xc8400000|  0%| F|  |TAMS 0xc8300000, 0xc8300000| Untracked 
|  40|0xc8400000, 0xc8400000, 0xc8500000|  0%| F|  |TAMS 0xc8400000, 0xc8400000| Untracked 
|  41|0xc8500000, 0xc8500000, 0xc8600000|  0%| F|  |TAMS 0xc8500000, 0xc8500000| Untracked 
|  42|0xc8600000, 0xc8600000, 0xc8700000|  0%| F|  |TAMS 0xc8600000, 0xc8600000| Untracked 
|  43|0xc8700000, 0xc8700000, 0xc8800000|  0%| F|  |TAMS 0xc8700000, 0xc8700000| Untracked 
|  44|0xc8800000, 0xc8800000, 0xc8900000|  0%| F|  |TAMS 0xc8800000, 0xc8800000| Untracked 
|  45|0xc8900000, 0xc8900000, 0xc8a00000|  0%| F|  |TAMS 0xc8900000, 0xc8900000| Untracked 
|  46|0xc8a00000, 0xc8a00000, 0xc8b00000|  0%| F|  |TAMS 0xc8a00000, 0xc8a00000| Untracked 
|  47|0xc8b00000, 0xc8b00000, 0xc8c00000|  0%| F|  |TAMS 0xc8b00000, 0xc8b00000| Untracked 
|  48|0xc8c00000, 0xc8c00000, 0xc8d00000|  0%| F|  |TAMS 0xc8c00000, 0xc8c00000| Untracked 
|  49|0xc8d00000, 0xc8d00000, 0xc8e00000|  0%| F|  |TAMS 0xc8d00000, 0xc8d00000| Untracked 
|  50|0xc8e00000, 0xc8e00000, 0xc8f00000|  0%| F|  |TAMS 0xc8e00000, 0xc8e00000| Untracked 
|  51|0xc8f00000, 0xc8f00000, 0xc9000000|  0%| F|  |TAMS 0xc8f00000, 0xc8f00000| Untracked 
|  52|0xc9000000, 0xc9000000, 0xc9100000|  0%| F|  |TAMS 0xc9000000, 0xc9000000| Untracked 
|  53|0xc9100000, 0xc9100000, 0xc9200000|  0%| F|  |TAMS 0xc9100000, 0xc9100000| Untracked 
|  54|0xc9200000, 0xc9200000, 0xc9300000|  0%| F|  |TAMS 0xc9200000, 0xc9200000| Untracked 
|  55|0xc9300000, 0xc9300000, 0xc9400000|  0%| F|  |TAMS 0xc9300000, 0xc9300000| Untracked 
|  56|0xc9400000, 0xc9400000, 0xc9500000|  0%| F|  |TAMS 0xc9400000, 0xc9400000| Untracked 
|  57|0xc9500000, 0xc9500000, 0xc9600000|  0%| F|  |TAMS 0xc9500000, 0xc9500000| Untracked 
|  58|0xc9600000, 0xc9600000, 0xc9700000|  0%| F|  |TAMS 0xc9600000, 0xc9600000| Untracked 
|  59|0xc9700000, 0xc9700000, 0xc9800000|  0%| F|  |TAMS 0xc9700000, 0xc9700000| Untracked 
|  60|0xc9800000, 0xc9800000, 0xc9900000|  0%| F|  |TAMS 0xc9800000, 0xc9800000| Untracked 
|  61|0xc9900000, 0xc9900000, 0xc9a00000|  0%| F|  |TAMS 0xc9900000, 0xc9900000| Untracked 
|  62|0xc9a00000, 0xc9a00000, 0xc9b00000|  0%| F|  |TAMS 0xc9a00000, 0xc9a00000| Untracked 
|  63|0xc9b00000, 0xc9b00000, 0xc9c00000|  0%| F|  |TAMS 0xc9b00000, 0xc9b00000| Untracked 
|  64|0xc9c00000, 0xc9c00000, 0xc9d00000|  0%| F|  |TAMS 0xc9c00000, 0xc9c00000| Untracked 
|  65|0xc9d00000, 0xc9d00000, 0xc9e00000|  0%| F|  |TAMS 0xc9d00000, 0xc9d00000| Untracked 
|  66|0xc9e00000, 0xc9e00000, 0xc9f00000|  0%| F|  |TAMS 0xc9e00000, 0xc9e00000| Untracked 
|  67|0xc9f00000, 0xc9f00000, 0xca000000|  0%| F|  |TAMS 0xc9f00000, 0xc9f00000| Untracked 
|  68|0xca000000, 0xca000000, 0xca100000|  0%| F|  |TAMS 0xca000000, 0xca000000| Untracked 
|  69|0xca100000, 0xca100000, 0xca200000|  0%| F|  |TAMS 0xca100000, 0xca100000| Untracked 
|  70|0xca200000, 0xca200000, 0xca300000|  0%| F|  |TAMS 0xca200000, 0xca200000| Untracked 
|  71|0xca300000, 0xca300000, 0xca400000|  0%| F|  |TAMS 0xca300000, 0xca300000| Untracked 
|  72|0xca400000, 0xca400000, 0xca500000|  0%| F|  |TAMS 0xca400000, 0xca400000| Untracked 
|  73|0xca500000, 0xca500000, 0xca600000|  0%| F|  |TAMS 0xca500000, 0xca500000| Untracked 
|  74|0xca600000, 0xca600000, 0xca700000|  0%| F|  |TAMS 0xca600000, 0xca600000| Untracked 
|  75|0xca700000, 0xca700000, 0xca800000|  0%| F|  |TAMS 0xca700000, 0xca700000| Untracked 
|  76|0xca800000, 0xca800000, 0xca900000|  0%| F|  |TAMS 0xca800000, 0xca800000| Untracked 
|  77|0xca900000, 0xca900000, 0xcaa00000|  0%| F|  |TAMS 0xca900000, 0xca900000| Untracked 
|  78|0xcaa00000, 0xcaa00000, 0xcab00000|  0%| F|  |TAMS 0xcaa00000, 0xcaa00000| Untracked 
|  79|0xcab00000, 0xcab00000, 0xcac00000|  0%| F|  |TAMS 0xcab00000, 0xcab00000| Untracked 
|  80|0xcac00000, 0xcac00000, 0xcad00000|  0%| F|  |TAMS 0xcac00000, 0xcac00000| Untracked 
|  81|0xcad00000, 0xcad00000, 0xcae00000|  0%| F|  |TAMS 0xcad00000, 0xcad00000| Untracked 
|  82|0xcae00000, 0xcae00800, 0xcaf00000|  0%| E|  |TAMS 0xcae00000, 0xcae00000| Complete 
|  83|0xcaf00000, 0xcb000000, 0xcb000000|100%| E|CS|TAMS 0xcaf00000, 0xcaf00000| Complete 
|  84|0xcb000000, 0xcb100000, 0xcb100000|100%| E|CS|TAMS 0xcb000000, 0xcb000000| Complete 
|  85|0xcb100000, 0xcb200000, 0xcb200000|100%| E|CS|TAMS 0xcb100000, 0xcb100000| Complete 
|  86|0xcb200000, 0xcb300000, 0xcb300000|100%| E|CS|TAMS 0xcb200000, 0xcb200000| Complete 
|  87|0xcb300000, 0xcb400000, 0xcb400000|100%| E|CS|TAMS 0xcb300000, 0xcb300000| Complete 
|  88|0xcb400000, 0xcb500000, 0xcb500000|100%| E|CS|TAMS 0xcb400000, 0xcb400000| Complete 
|  89|0xcb500000, 0xcb600000, 0xcb600000|100%| E|CS|TAMS 0xcb500000, 0xcb500000| Complete 
|  90|0xcb600000, 0xcb700000, 0xcb700000|100%| E|CS|TAMS 0xcb600000, 0xcb600000| Complete 
|  91|0xcb700000, 0xcb800000, 0xcb800000|100%| E|CS|TAMS 0xcb700000, 0xcb700000| Complete 
|  92|0xcb800000, 0xcb900000, 0xcb900000|100%| E|CS|TAMS 0xcb800000, 0xcb800000| Complete 
|  93|0xcb900000, 0xcba00000, 0xcba00000|100%| E|CS|TAMS 0xcb900000, 0xcb900000| Complete 
|  94|0xcba00000, 0xcbb00000, 0xcbb00000|100%| E|CS|TAMS 0xcba00000, 0xcba00000| Complete 
|  95|0xcbb00000, 0xcbc00000, 0xcbc00000|100%| E|CS|TAMS 0xcbb00000, 0xcbb00000| Complete 
|  96|0xcbc00000, 0xcbd00000, 0xcbd00000|100%| E|CS|TAMS 0xcbc00000, 0xcbc00000| Complete 
|  97|0xcbd00000, 0xcbe00000, 0xcbe00000|100%| E|CS|TAMS 0xcbd00000, 0xcbd00000| Complete 
|  98|0xcbe00000, 0xcbf00000, 0xcbf00000|100%| E|CS|TAMS 0xcbe00000, 0xcbe00000| Complete 
|  99|0xcbf00000, 0xcc000000, 0xcc000000|100%| E|CS|TAMS 0xcbf00000, 0xcbf00000| Complete 
| 100|0xcc000000, 0xcc100000, 0xcc100000|100%| E|CS|TAMS 0xcc000000, 0xcc000000| Complete 
| 101|0xcc100000, 0xcc200000, 0xcc200000|100%| E|CS|TAMS 0xcc100000, 0xcc100000| Complete 
| 102|0xcc200000, 0xcc300000, 0xcc300000|100%| E|CS|TAMS 0xcc200000, 0xcc200000| Complete 
| 103|0xcc300000, 0xcc400000, 0xcc400000|100%| E|CS|TAMS 0xcc300000, 0xcc300000| Complete 
| 104|0xcc400000, 0xcc500000, 0xcc500000|100%| E|CS|TAMS 0xcc400000, 0xcc400000| Complete 
| 105|0xcc500000, 0xcc600000, 0xcc600000|100%| E|CS|TAMS 0xcc500000, 0xcc500000| Complete 
| 106|0xcc600000, 0xcc700000, 0xcc700000|100%| E|CS|TAMS 0xcc600000, 0xcc600000| Complete 
| 107|0xcc700000, 0xcc800000, 0xcc800000|100%| E|CS|TAMS 0xcc700000, 0xcc700000| Complete 
| 108|0xcc800000, 0xcc900000, 0xcc900000|100%| E|CS|TAMS 0xcc800000, 0xcc800000| Complete 
| 109|0xcc900000, 0xcca00000, 0xcca00000|100%| E|CS|TAMS 0xcc900000, 0xcc900000| Complete 
| 110|0xcca00000, 0xccafcb10, 0xccb00000| 98%| S|CS|TAMS 0xcca00000, 0xcca00000| Complete 
| 111|0xccb00000, 0xccc00000, 0xccc00000|100%| E|CS|TAMS 0xccb00000, 0xccb00000| Complete 
| 112|0xccc00000, 0xccd00000, 0xccd00000|100%| E|CS|TAMS 0xccc00000, 0xccc00000| Complete 
| 113|0xccd00000, 0xcce00000, 0xcce00000|100%| E|CS|TAMS 0xccd00000, 0xccd00000| Complete 
| 114|0xcce00000, 0xccf00000, 0xccf00000|100%| E|CS|TAMS 0xcce00000, 0xcce00000| Complete 
| 115|0xccf00000, 0xcd000000, 0xcd000000|100%| E|CS|TAMS 0xccf00000, 0xccf00000| Complete 
| 116|0xcd000000, 0xcd100000, 0xcd100000|100%| E|CS|TAMS 0xcd000000, 0xcd000000| Complete 
| 117|0xcd100000, 0xcd200000, 0xcd200000|100%| E|CS|TAMS 0xcd100000, 0xcd100000| Complete 
| 118|0xcd200000, 0xcd300000, 0xcd300000|100%| E|CS|TAMS 0xcd200000, 0xcd200000| Complete 
| 119|0xcd300000, 0xcd400000, 0xcd400000|100%| E|CS|TAMS 0xcd300000, 0xcd300000| Complete 
| 120|0xcd400000, 0xcd500000, 0xcd500000|100%| E|CS|TAMS 0xcd400000, 0xcd400000| Complete 
| 121|0xcd500000, 0xcd600000, 0xcd600000|100%| E|CS|TAMS 0xcd500000, 0xcd500000| Complete 
| 122|0xcd600000, 0xcd700000, 0xcd700000|100%| E|CS|TAMS 0xcd600000, 0xcd600000| Complete 
| 123|0xcd700000, 0xcd800000, 0xcd800000|100%| E|CS|TAMS 0xcd700000, 0xcd700000| Complete 
| 124|0xcd800000, 0xcd900000, 0xcd900000|100%| E|CS|TAMS 0xcd800000, 0xcd800000| Complete 
| 125|0xcd900000, 0xcda00000, 0xcda00000|100%| E|CS|TAMS 0xcd900000, 0xcd900000| Complete 
| 126|0xcda00000, 0xcdb00000, 0xcdb00000|100%| E|CS|TAMS 0xcda00000, 0xcda00000| Complete 
| 127|0xcdb00000, 0xcdc00000, 0xcdc00000|100%| E|CS|TAMS 0xcdb00000, 0xcdb00000| Complete 

Card table byte_map: [0xc5a00000,0xc5b00000] _byte_map_base: 0xc53d2000

Marking Bits (Prev, Next): (CMBitMap*) 0xf5e8b528, (CMBitMap*) 0xf5e8b548
 Prev Bits: [0xc5100000, 0xc5900000)
 Next Bits: [0xc4900000, 0xc5100000)

Polling page: 0xf7f52000

Metaspace:

Usage:
    3.22 MB used.

Virtual space:
     16.00 MB reserved,       3.44 MB ( 21%) committed,  1 nodes.

Chunk freelists:
9.92 MB

MaxMetaspaceSize: 96.00 MB
No class space
Initial GC threshold: 16.00 MB
Current GC threshold: 16.00 MB
CDS: on
MetaspaceReclaimPolicy: balanced
 - commit_granule_bytes: 65536.
 - commit_granule_words: 16384.
 - virtual_space_node_default_size: 4194304.
 - enlarge_chunks_in_place: 1.
 - new_chunks_are_fully_committed: 0.
 - uncommit_free_chunks: 1.
 - use_allocation_guard: 0.
 - handle_deallocations: 1.


Internal statistics:

num_allocs_failed_limit: 0.
num_arena_births: 107.
num_arena_deaths: 0.
num_vsnodes_births: 1.
num_vsnodes_deaths: 0.
num_space_committed: 55.
num_space_uncommitted: 0.
num_chunks_returned_to_freelist: 0.
num_chunks_taken_from_freelist: 243.
num_chunk_merges: 0.
num_chunk_splits: 158.
num_chunks_enlarged: 102.
num_inconsistent_stats: 0.

CodeHeap 'non-profiled nmethods': size=120172Kb used=725Kb max_used=725Kb free=119446Kb
 bounds [0xed7f5000, 0xeda35000, 0xf4d50000]
CodeHeap 'profiled nmethods': size=120172Kb used=2386Kb max_used=2386Kb free=117786Kb
 bounds [0xe5d50000, 0xe5fa8000, 0xed2ab000]
CodeHeap 'non-nmethods': size=5416Kb used=723Kb max_used=768Kb free=4692Kb
 bounds [0xed2ab000, 0xed4eb000, 0xed7f5000]
 total_blobs=1662 nmethods=1332 adapters=244
 compilation: enabled
              stopped_count=0, restarted_count=0
 full_count=0

Compilation events (20 events):
Event: 3354.967 Thread 0xc42a0580 1326       3       script.obj_id::clearObjId (18 bytes)
Event: 3354.967 Thread 0xc42a0580 nmethod 1326 0xe5fa0708 code [0xe5fa0860, 0xe5fa0ac4]
Event: 3354.967 Thread 0xc42a0580 1327       3       script.obj_id::clearObjId (122 bytes)
Event: 3354.969 Thread 0xc42a0580 nmethod 1327 0xe5fa0b88 code [0xe5fa0e00, 0xe5fa1b2c]
Event: 3354.969 Thread 0xc42a0580 1328       3       script.script_entry::removeScriptListenee (9 bytes)
Event: 3354.969 Thread 0xc42a0580 nmethod 1328 0xe5fa2008 code [0xe5fa2140, 0xe5fa22cc]
Event: 3424.059 Thread 0xc429f450 1330       4       script.base_class$ship_chassis_slot_type::getComponentTypeForSlot (42 bytes)
Event: 3424.061 Thread 0xc429f450 nmethod 1330 0xed8a6588 code [0xed8a66a0, 0xed8a6750]
Event: 3502.560 Thread 0xc42a0580 1331       3       script.space.combat.combat_ship::OnDestroy (149 bytes)
Event: 3502.562 Thread 0xc42a0580 nmethod 1331 0xe5fa2388 code [0xe5fa2760, 0xe5fa3dd4]
Event: 3686.408 Thread 0xc429f450 1332       4       script.library.space_combat::checkAndPerformCombatTaunts (440 bytes)
Event: 3686.436 Thread 0xc429f450 nmethod 1332 0xed8a6888 code [0xed8a69c0, 0xed8a6c24]
Event: 3736.135 Thread 0xc429f450 1333       4       java.lang.Boolean::<init> (10 bytes)
Event: 3736.137 Thread 0xc429f450 nmethod 1333 0xed8a6f88 code [0xed8a70a0, 0xed8a7110]
Event: 3764.897 Thread 0xc429f450 1334       4       java.util.Hashtable::<init> (114 bytes)
Event: 3764.901 Thread 0xc429f450 nmethod 1334 0xed8a7288 code [0xed8a73e0, 0xed8a7810]
Event: 4121.078 Thread 0xc429f450 1335       4       script.dictionary::<init> (21 bytes)
Event: 4121.096 Thread 0xc429f450 nmethod 1335 0xed8a7988 code [0xed8a7ac0, 0xed8a7dd0]
Event: 4179.554 Thread 0xc429f450 1336       4       script.space.combat.combat_ship::OnShipComponentPowerSufficient (33 bytes)
Event: 4179.626 Thread 0xc429f450 nmethod 1336 0xed8a7f08 code [0xed8a8180, 0xed8a931c]

GC Heap History (4 events):
Event: 34.852 GC heap before
{Heap before GC invocations=0 (full 0):
 garbage-first heap   total 131072K, used 12288K [0xc5c00000, 0xe5c00000)
  region size 1024K, 13 young (13312K), 0 survivors (0K)
 Metaspace       used 1891K, committed 2048K, reserved 16384K
}
Event: 34.962 GC heap after
{Heap after GC invocations=1 (full 0):
 garbage-first heap   total 131072K, used 2260K [0xc5c00000, 0xe5c00000)
  region size 1024K, 2 young (2048K), 2 survivors (2048K)
 Metaspace       used 1891K, committed 2048K, reserved 16384K
}
Event: 127.079 GC heap before
{Heap before GC invocations=1 (full 0):
 garbage-first heap   total 131072K, used 17620K [0xc5c00000, 0xe5c00000)
  region size 1024K, 17 young (17408K), 2 survivors (2048K)
 Metaspace       used 3018K, committed 3200K, reserved 16384K
}
Event: 127.089 GC heap after
{Heap after GC invocations=2 (full 0):
 garbage-first heap   total 131072K, used 3001K [0xc5c00000, 0xe5c00000)
  region size 1024K, 1 young (1024K), 1 survivors (1024K)
 Metaspace       used 3018K, committed 3200K, reserved 16384K
}

Dll operation events (4 events):
Event: 0.004 Loaded shared library /usr/lib/jvm/java-17-zulu-openjdk-jdk-x86/lib/libjava.so
Event: 41.111 Loaded shared library /usr/lib/jvm/java-17-zulu-openjdk-jdk-x86/lib/libnio.so
Event: 41.111 Loaded shared library /usr/lib/jvm/java-17-zulu-openjdk-jdk-x86/lib/libjimage.so
Event: 41.112 Loaded shared library /usr/lib/jvm/java-17-zulu-openjdk-jdk-x86/lib/libnet.so

Deoptimization events (20 events):
Event: 1438.257 Thread 0x0cd42250 Uncommon trap: trap_request=0xffffff45 fr.pc=0xed88cbe8 relative=0x000001c8
Event: 1438.257 Thread 0x0cd42250 Uncommon trap: reason=unstable_if action=reinterpret pc=0xed88cbe8 method=java.util.LinkedList.indexOf(Ljava/lang/Object;)I @ 55 c2
Event: 1438.257 Thread 0x0cd42250 DEOPT PACKING pc=0xed88cbe8 sp=0xfff959c0
Event: 1438.257 Thread 0x0cd42250 DEOPT UNPACKING pc=0xed2f4d33 sp=0xfff959a4 mode 2
Event: 2388.117 Thread 0x0cd42250 Uncommon trap: trap_request=0xffffff45 fr.pc=0xed89c674 relative=0x00000c34
Event: 2388.117 Thread 0x0cd42250 Uncommon trap: reason=unstable_if action=reinterpret pc=0xed89c674 method=script.library.space_combat.setEfficiencies(ILscript/obj_id;FF)V @ 17 c2
Event: 2388.117 Thread 0x0cd42250 DEOPT PACKING pc=0xed89c674 sp=0xfff96070
Event: 2388.117 Thread 0x0cd42250 DEOPT UNPACKING pc=0xed2f4d33 sp=0xfff96030 mode 2
Event: 2396.844 Thread 0x0cd42250 Uncommon trap: trap_request=0xffffff45 fr.pc=0xed8a2ac4 relative=0x00000164
Event: 2396.844 Thread 0x0cd42250 Uncommon trap: reason=unstable_if action=reinterpret pc=0xed8a2ac4 method=script.library.space_combat.getRawEfficiency(ILscript/obj_id;)F @ 67 c2
Event: 2396.844 Thread 0x0cd42250 DEOPT PACKING pc=0xed8a2ac4 sp=0xfff960d0
Event: 2396.845 Thread 0x0cd42250 DEOPT UNPACKING pc=0xed2f4d33 sp=0xfff96088 mode 2
Event: 2402.803 Thread 0x0cd42250 Uncommon trap: trap_request=0xffffff45 fr.pc=0xed89d67c relative=0x0000011c
Event: 2402.803 Thread 0x0cd42250 Uncommon trap: reason=unstable_if action=reinterpret pc=0xed89d67c method=script.library.space_combat.setEfficiencies(ILscript/obj_id;FF)V @ 17 c2
Event: 2402.803 Thread 0x0cd42250 DEOPT PACKING pc=0xed89d67c sp=0xfff96060
Event: 2402.803 Thread 0x0cd42250 DEOPT UNPACKING pc=0xed2f4d33 sp=0xfff9604c mode 2
Event: 2421.211 Thread 0x0cd42250 Uncommon trap: trap_request=0xffffff45 fr.pc=0xed897290 relative=0x00000150
Event: 2421.211 Thread 0x0cd42250 Uncommon trap: reason=unstable_if action=reinterpret pc=0xed897290 method=script.library.space_combat.getRawEfficiency(ILscript/obj_id;)F @ 67 c2
Event: 2421.211 Thread 0x0cd42250 DEOPT PACKING pc=0xed897290 sp=0xfff960b0
Event: 2421.211 Thread 0x0cd42250 DEOPT UNPACKING pc=0xed2f4d33 sp=0xfff96090 mode 2

Classes unloaded (0 events):
No events

Classes redefined (0 events):
No events

Internal exceptions (2 events):
Event: 39.102 Thread 0x0cd42250 Exception <a 'java/lang/NoSuchMethodError'{0xcd14b098}: static [Ljava/lang/String;.<clinit>()V> (0xcd14b098) 
thrown [src/hotspot/share/prims/jni.cpp, line 1112]
Event: 41.117 Thread 0x0cd42250 Exception <a 'java/lang/NoSuchMethodError'{0xccce9b10}: 'java.lang.Object java.lang.invoke.DirectMethodHandle$Holder.invokeStaticInit(java.lang.Object)'> (0xccce9b10) 
thrown [src/hotspot/share/interpreter/linkResolver.cpp, line 759]

VM Operations (20 events):
Event: 491.371 Executing VM operation: Cleanup
Event: 491.371 Executing VM operation: Cleanup done
Event: 806.612 Executing VM operation: Cleanup
Event: 806.612 Executing VM operation: Cleanup done
Event: 808.612 Executing VM operation: Cleanup
Event: 808.612 Executing VM operation: Cleanup done
Event: 812.614 Executing VM operation: Cleanup
Event: 812.614 Executing VM operation: Cleanup done
Event: 832.644 Executing VM operation: Cleanup
Event: 832.644 Executing VM operation: Cleanup done
Event: 930.678 Executing VM operation: Cleanup
Event: 930.679 Executing VM operation: Cleanup done
Event: 1714.738 Executing VM operation: Cleanup
Event: 1714.738 Executing VM operation: Cleanup done
Event: 2284.842 Executing VM operation: Cleanup
Event: 2284.843 Executing VM operation: Cleanup done
Event: 2323.867 Executing VM operation: Cleanup
Event: 2323.868 Executing VM operation: Cleanup done
Event: 2332.878 Executing VM operation: Cleanup
Event: 2332.878 Executing VM operation: Cleanup done

Events (20 events):
Event: 41.124 loading class jdk/internal/logger/SimpleConsoleLogger
Event: 41.124 loading class sun/util/logging/PlatformLogger$ConfigurableBridge$LoggerConfiguration
Event: 41.124 loading class sun/util/logging/PlatformLogger$ConfigurableBridge$LoggerConfiguration done
Event: 41.124 loading class jdk/internal/logger/SimpleConsoleLogger done
Event: 41.124 loading class jdk/internal/logger/SurrogateLogger done
Event: 41.125 loading class sun/util/logging/PlatformLogger
Event: 41.125 loading class sun/util/logging/PlatformLogger done
Event: 41.125 loading class sun/util/logging/PlatformLogger$Level
Event: 41.125 loading class sun/util/logging/PlatformLogger$Level done
Event: 41.125 loading class jdk/internal/event/DeserializationEvent
Event: 41.125 loading class jdk/internal/event/DeserializationEvent done
Event: 41.125 loading class java/io/ObjectInputStream$FieldValues
Event: 41.126 loading class java/io/ObjectInputStream$GetField
Event: 41.126 loading class java/io/ObjectInputStream$GetField done
Event: 41.126 loading class java/io/ObjectInputStream$FieldValues done
Event: 59.265 loading class java/io/ObjectStreamException
Event: 59.265 loading class java/io/ObjectStreamException done
Event: 4182.299 Thread 0x0cd42250 Thread exited: 0x0cd42250
Event: 4182.315 Thread 0xf5e242d0 Thread exited: 0xf5e242d0
Event: 4182.316 Thread 0xc429bff0 Thread exited: 0xc429bff0


Dynamic libraries:
08048000-09298000 r-xp 00000000 08:04 494947248                          /home/almalinux/swg-returns-nge/build/bin/SwgGameServer
09298000-0929c000 rw-p 0124f000 08:04 494947248                          /home/almalinux/swg-returns-nge/build/bin/SwgGameServer
0929c000-09b1f000 rw-p 00000000 00:00 0 
0b67b000-0f542000 rw-p 00000000 00:00 0                                  [heap]
bff00000-bfff9000 rw-p 00000000 00:00 0 
bfff9000-c0000000 ---p 00000000 00:00 0 
c0000000-c0069000 rw-p 00000000 00:00 0 
c0069000-c0100000 ---p 00000000 00:00 0 
c0100000-c01eb000 rw-p 00000000 00:00 0 
c01eb000-c0200000 ---p 00000000 00:00 0 
c0200000-c02ef000 rw-p 00000000 00:00 0 
c02ef000-c0300000 ---p 00000000 00:00 0 
c0300000-c03f9000 rw-p 00000000 00:00 0 
c03f9000-c0400000 ---p 00000000 00:00 0 
c0400000-c04f9000 rw-p 00000000 00:00 0 
c04f9000-c0500000 ---p 00000000 00:00 0 
c0500000-c05f9000 rw-p 00000000 00:00 0 
c05f9000-c0600000 ---p 00000000 00:00 0 
c0600000-c06fd000 rw-p 00000000 00:00 0 
c06fd000-c0700000 ---p 00000000 00:00 0 
c0800000-c08f9000 rw-p 00000000 00:00 0 
c08f9000-c0900000 ---p 00000000 00:00 0 
c0900000-c09f9000 rw-p 00000000 00:00 0 
c09f9000-c0a00000 ---p 00000000 00:00 0 
c0a00000-c0afe000 rw-p 00000000 00:00 0 
c0afe000-c0b00000 ---p 00000000 00:00 0 
c0b00000-c0bfa000 rw-p 00000000 00:00 0 
c0bfa000-c0c00000 ---p 00000000 00:00 0 
c0c00000-c0cf5000 rw-p 00000000 00:00 0 
c0cf5000-c0d00000 ---p 00000000 00:00 0 
c0e00000-c0f00000 rw-p 00000000 00:00 0 
c0f4b000-c0f4f000 ---p 00000000 00:00 0 
c0f4f000-c0fcc000 rw-p 00000000 00:00 0 
c0fcc000-c0fcd000 ---p 00000000 00:00 0 
c0fcd000-c104d000 rw-p 00000000 00:00 0 
c117f000-c1180000 ---p 00000000 00:00 0 
c1180000-c1200000 rw-p 00000000 00:00 0 
c1200000-c12fa000 rw-p 00000000 00:00 0 
c12fa000-c1300000 ---p 00000000 00:00 0 
c137f000-c1383000 ---p 00000000 00:00 0 
c1383000-c1400000 rw-p 00000000 00:00 0 
c1400000-c14f9000 rw-p 00000000 00:00 0 
c14f9000-c1500000 ---p 00000000 00:00 0 
c173d000-c1741000 ---p 00000000 00:00 0 
c1741000-c17fe000 rw-p 00000000 00:00 0 
c17fe000-c1802000 ---p 00000000 00:00 0 
c1802000-c18bf000 rw-p 00000000 00:00 0 
c18bf000-c18c0000 ---p 00000000 00:00 0 
c18c0000-c1940000 rw-p 00000000 00:00 0 
c1940000-c1944000 ---p 00000000 00:00 0 
c1944000-c1a01000 rw-p 00000000 00:00 0 
c1a01000-c1a05000 ---p 00000000 00:00 0 
c1a05000-c1ac2000 rw-p 00000000 00:00 0 
c1ac2000-c1ac6000 ---p 00000000 00:00 0 
c1ac6000-c1b43000 rw-p 00000000 00:00 0 
c1b43000-c1b47000 ---p 00000000 00:00 0 
c1b47000-c1c04000 rw-p 00000000 00:00 0 
c1c04000-c1c08000 ---p 00000000 00:00 0 
c1c08000-c1cc5000 rw-p 00000000 00:00 0 
c1cc5000-c1cc9000 ---p 00000000 00:00 0 
c1cc9000-c1d86000 rw-p 00000000 00:00 0 
c1d86000-c2000000 r--p 00078000 08:04 535181                             /usr/lib/locale/locale-archive
c2000000-c2150000 rw-p 00000000 00:00 0 
c2150000-c2400000 ---p 00000000 00:00 0 
c2400000-c2620000 rw-p 00000000 00:00 0 
c2620000-c3000000 ---p 00000000 00:00 0 
c307e000-c327e000 r--p 00000000 08:04 535181                             /usr/lib/locale/locale-archive
c327e000-c3282000 ---p 00000000 00:00 0 
c3282000-c333f000 rw-p 00000000 00:00 0 
c333f000-c3343000 ---p 00000000 00:00 0 
c3343000-c3400000 rw-p 00000000 00:00 0 
c3400000-c347c000 rw-p 00000000 00:00 0 
c347c000-c3500000 ---p 00000000 00:00 0 
c3531000-c3535000 ---p 00000000 00:00 0 
c3535000-c35b2000 rw-p 00000000 00:00 0 
c35b2000-c35b3000 ---p 00000000 00:00 0 
c35b3000-c3633000 rw-p 00000000 00:00 0 
c3633000-c3f00000 rw-p 00001000 08:04 143240867                          /usr/lib/jvm/java-17-zulu-openjdk-jdk-x86/lib/server/classes.jsa
c3f00000-c3f21000 rw-p 00000000 00:00 0 
c3f21000-c4000000 ---p 00000000 00:00 0 
c407f000-c4080000 ---p 00000000 00:00 0 
c4080000-c4100000 rw-p 00000000 00:00 0 
c4100000-c4121000 rw-p 00000000 00:00 0 
c4121000-c4200000 ---p 00000000 00:00 0 
c4200000-c42d3000 rw-p 00000000 00:00 0 
c42d3000-c4300000 ---p 00000000 00:00 0 
c437f000-c4380000 ---p 00000000 00:00 0 
c4380000-c4400000 rw-p 00000000 00:00 0 
c4400000-c4421000 rw-p 00000000 00:00 0 
c4421000-c4500000 ---p 00000000 00:00 0 
c457f000-c4580000 ---p 00000000 00:00 0 
c4580000-c4600000 rw-p 00000000 00:00 0 
c4600000-c46ee000 rw-p 00000000 00:00 0 
c46ee000-c4700000 ---p 00000000 00:00 0 
c4700000-c47fc000 rw-p 00000000 00:00 0 
c47fc000-c4800000 ---p 00000000 00:00 0 
c487f000-c4880000 ---p 00000000 00:00 0 
c4880000-c4b00000 rw-p 00000000 00:00 0 
c4b00000-c5100000 ---p 00000000 00:00 0 
c5100000-c5300000 rw-p 00000000 00:00 0 
c5300000-c5900000 ---p 00000000 00:00 0 
c5900000-c5940000 rw-p 00000000 00:00 0 
c5940000-c5a00000 ---p 00000000 00:00 0 
c5a00000-c5a40000 rw-p 00000000 00:00 0 
c5a40000-c5b00000 ---p 00000000 00:00 0 
c5b00000-c5b40000 rw-p 00000000 00:00 0 
c5b40000-c5c00000 ---p 00000000 00:00 0 
c5c00000-cdc00000 rw-p 00000000 00:00 0 
cdc00000-e5c00000 ---p 00000000 00:00 0 
e5c65000-e5c6a000 rw-p 00000000 00:00 0 
e5c6a000-e5d50000 ---p 00000000 00:00 0 
e5d50000-e5fa8000 rwxp 00000000 00:00 0 
e5fa8000-ed2ab000 ---p 00000000 00:00 0 
ed2ab000-ed4eb000 rwxp 00000000 00:00 0 
ed4eb000-ed7f5000 ---p 00000000 00:00 0 
ed7f5000-eda35000 rwxp 00000000 00:00 0 
eda35000-f4d50000 ---p 00000000 00:00 0 
f4d50000-f4eb8000 r--s 00000000 08:04 117534333                          /usr/lib/jvm/java-17-zulu-openjdk-jdk-x86/lib/modules
f4eb8000-f5d5a000 r-xp 00000000 08:04 143240869                          /usr/lib/jvm/java-17-zulu-openjdk-jdk-x86/lib/server/libjvm.so
f5d5a000-f5daf000 r--p 00ea1000 08:04 143240869                          /usr/lib/jvm/java-17-zulu-openjdk-jdk-x86/lib/server/libjvm.so
f5daf000-f5dd0000 rw-p 00ef6000 08:04 143240869                          /usr/lib/jvm/java-17-zulu-openjdk-jdk-x86/lib/server/libjvm.so
f5dd0000-f5e00000 rw-p 00000000 00:00 0 
f5e00000-f5f00000 rw-p 00000000 00:00 0 
f5f17000-f5f18000 ---p 00000000 00:00 0 
f5f18000-f5f98000 rw-p 00000000 00:00 0 
f5f98000-f5f99000 ---p 00000000 00:00 0 
f5f99000-f5f9d000 ---p 00000000 00:00 0 
f5f9d000-f6b11000 rw-p 00000000 00:00 0 
f6b1d000-f6b32000 r-xp 00000000 08:04 117534323                          /usr/lib/jvm/java-17-zulu-openjdk-jdk-x86/lib/libnet.so
f6b32000-f6b33000 r--p 00014000 08:04 117534323                          /usr/lib/jvm/java-17-zulu-openjdk-jdk-x86/lib/libnet.so
f6b33000-f6b34000 rw-p 00015000 08:04 117534323                          /usr/lib/jvm/java-17-zulu-openjdk-jdk-x86/lib/libnet.so
f6b34000-f6b39000 rw-p 00000000 00:00 0 
f6b39000-f6c1f000 ---p 00000000 00:00 0 
f6e59000-f6e6b000 r-xp 00000000 08:04 117534324                          /usr/lib/jvm/java-17-zulu-openjdk-jdk-x86/lib/libnio.so
f6e6b000-f6e6c000 r--p 00011000 08:04 117534324                          /usr/lib/jvm/java-17-zulu-openjdk-jdk-x86/lib/libnio.so
f6e6c000-f6e6d000 rw-p 00012000 08:04 117534324                          /usr/lib/jvm/java-17-zulu-openjdk-jdk-x86/lib/libnio.so
f6e6d000-f6e96000 rw-p 00000000 00:00 0 
f6e96000-f6eb9000 r-xp 00000000 08:04 117534310                          /usr/lib/jvm/java-17-zulu-openjdk-jdk-x86/lib/libjava.so
f6eb9000-f6eba000 r--p 00022000 08:04 117534310                          /usr/lib/jvm/java-17-zulu-openjdk-jdk-x86/lib/libjava.so
f6eba000-f6ebb000 rw-p 00023000 08:04 117534310                          /usr/lib/jvm/java-17-zulu-openjdk-jdk-x86/lib/libjava.so
f6ebb000-f6ec7000 r-xp 00000000 08:04 16831767                           /usr/lib/libnss_files-2.28.so
f6ec7000-f6ec8000 r--p 0000b000 08:04 16831767                           /usr/lib/libnss_files-2.28.so
f6ec8000-f6ec9000 rw-p 0000c000 08:04 16831767                           /usr/lib/libnss_files-2.28.so
f6ec9000-f6ecf000 rw-p 00000000 00:00 0 
f6ed5000-f6eda000 rw-p 00000000 00:00 0 
f6eda000-f6ee0000 ---p 00000000 00:00 0 
f6ee0000-f6efb000 r-xp 00000000 08:04 117534314                          /usr/lib/jvm/java-17-zulu-openjdk-jdk-x86/lib/libjimage.so
f6efb000-f6efc000 ---p 0001b000 08:04 117534314                          /usr/lib/jvm/java-17-zulu-openjdk-jdk-x86/lib/libjimage.so
f6efc000-f6efd000 r--p 0001b000 08:04 117534314                          /usr/lib/jvm/java-17-zulu-openjdk-jdk-x86/lib/libjimage.so
f6efd000-f6efe000 rw-p 0001c000 08:04 117534314                          /usr/lib/jvm/java-17-zulu-openjdk-jdk-x86/lib/libjimage.so
f6efe000-f6f02000 rw-p 00000000 00:00 0 
f6f02000-f6f8a000 r-xp 00000000 08:04 17191875                           /usr/lib/libpcre2-8.so.0.7.1
f6f8a000-f6f8b000 r--p 00087000 08:04 17191875                           /usr/lib/libpcre2-8.so.0.7.1
f6f8b000-f6f8c000 rw-p 00088000 08:04 17191875                           /usr/lib/libpcre2-8.so.0.7.1
f6f8c000-f6fac000 r-xp 00000000 08:04 17021543                           /usr/lib/libcrypt.so.1.1.0
f6fac000-f6fad000 ---p 00020000 08:04 17021543                           /usr/lib/libcrypt.so.1.1.0
f6fad000-f6fae000 r--p 00020000 08:04 17021543                           /usr/lib/libcrypt.so.1.1.0
f6fae000-f6fb7000 rw-p 00000000 00:00 0 
f6fb7000-f6fe2000 r-xp 00000000 08:04 17191887                           /usr/lib/libselinux.so.1
f6fe2000-f6fe3000 ---p 0002b000 08:04 17191887                           /usr/lib/libselinux.so.1
f6fe3000-f6fe4000 r--p 0002b000 08:04 17191887                           /usr/lib/libselinux.so.1
f6fe4000-f6fe5000 rw-p 0002c000 08:04 17191887                           /usr/lib/libselinux.so.1
f6fe5000-f6fe6000 rw-p 00000000 00:00 0 
f6fe6000-f7005000 r-xp 00000000 08:04 18866589                           /usr/lib/libbrotlicommon.so.1.0.6
f7005000-f7006000 r--p 0001e000 08:04 18866589                           /usr/lib/libbrotlicommon.so.1.0.6
f7006000-f7007000 rw-p 0001f000 08:04 18866589                           /usr/lib/libbrotlicommon.so.1.0.6
f7007000-f7025000 r-xp 00000000 08:04 17191915                           /usr/lib/libsasl2.so.3.0.0
f7025000-f7026000 ---p 0001e000 08:04 17191915                           /usr/lib/libsasl2.so.3.0.0
f7026000-f7027000 r--p 0001e000 08:04 17191915                           /usr/lib/libsasl2.so.3.0.0
f7027000-f7028000 rw-p 0001f000 08:04 17191915                           /usr/lib/libsasl2.so.3.0.0
f7028000-f702a000 rw-p 00000000 00:00 0 
f702a000-f703e000 r-xp 00000000 08:04 16831772                           /usr/lib/libresolv-2.28.so
f703e000-f703f000 ---p 00014000 08:04 16831772                           /usr/lib/libresolv-2.28.so
f703f000-f7040000 r--p 00014000 08:04 16831772                           /usr/lib/libresolv-2.28.so
f7040000-f7041000 rw-p 00015000 08:04 16831772                           /usr/lib/libresolv-2.28.so
f7041000-f7043000 rw-p 00000000 00:00 0 
f7043000-f7046000 r-xp 00000000 08:04 17191893                           /usr/lib/libkeyutils.so.1.6
f7046000-f7047000 ---p 00003000 08:04 17191893                           /usr/lib/libkeyutils.so.1.6
f7047000-f7048000 r--p 00003000 08:04 17191893                           /usr/lib/libkeyutils.so.1.6
f7048000-f7049000 rw-p 00000000 00:00 0 
f7049000-f7059000 r-xp 00000000 08:04 17021560                           /usr/lib/libkrb5support.so.0.1
f7059000-f705a000 r--p 0000f000 08:04 17021560                           /usr/lib/libkrb5support.so.0.1
f705a000-f705b000 rw-p 00010000 08:04 17021560                           /usr/lib/libkrb5support.so.0.1
f705b000-f7063000 r-xp 00000000 08:04 16831774                           /usr/lib/librt-2.28.so
f7063000-f7064000 r--p 00007000 08:04 16831774                           /usr/lib/librt-2.28.so
f7064000-f7065000 rw-p 00008000 08:04 16831774                           /usr/lib/librt-2.28.so
f7065000-f71e4000 r-xp 00000000 08:04 17021545                           /usr/lib/libunistring.so.2.1.0
f71e4000-f71e5000 ---p 0017f000 08:04 17021545                           /usr/lib/libunistring.so.2.1.0
f71e5000-f71e7000 r--p 0017f000 08:04 17021545                           /usr/lib/libunistring.so.2.1.0
f71e7000-f71e8000 rw-p 00181000 08:04 17021545                           /usr/lib/libunistring.so.2.1.0
f71e8000-f7212000 r-xp 00000000 08:04 18654292                           /usr/lib/liblzma.so.5.2.4
f7212000-f7213000 r--p 00029000 08:04 18654292                           /usr/lib/liblzma.so.5.2.4
f7213000-f7214000 rw-p 00000000 00:00 0 
f7214000-f7220000 r-xp 00000000 08:04 17191936                           /usr/lib/libbrotlidec.so.1.0.6
f7220000-f7221000 r--p 0000b000 08:04 17191936                           /usr/lib/libbrotlidec.so.1.0.6
f7221000-f7222000 rw-p 00000000 00:00 0 
f7222000-f7231000 r-xp 00000000 08:04 17191918                           /usr/lib/liblber-2.4.so.2.10.9
f7231000-f7232000 r--p 0000e000 08:04 17191918                           /usr/lib/liblber-2.4.so.2.10.9
f7232000-f7233000 rw-p 0000f000 08:04 17191918                           /usr/lib/liblber-2.4.so.2.10.9
f7233000-f7288000 r-xp 00000000 08:04 17191920                           /usr/lib/libldap-2.4.so.2.10.9
f7288000-f7289000 ---p 00055000 08:04 17191920                           /usr/lib/libldap-2.4.so.2.10.9
f7289000-f728a000 r--p 00055000 08:04 17191920                           /usr/lib/libldap-2.4.so.2.10.9
f728a000-f728b000 rw-p 00056000 08:04 17191920                           /usr/lib/libldap-2.4.so.2.10.9
f728b000-f728d000 rw-p 00000000 00:00 0 
f728d000-f7290000 r-xp 00000000 08:04 16994899                           /usr/lib/libcom_err.so.2.1
f7290000-f7291000 r--p 00002000 08:04 16994899                           /usr/lib/libcom_err.so.2.1
f7291000-f7292000 rw-p 00003000 08:04 16994899                           /usr/lib/libcom_err.so.2.1
f7292000-f72a8000 r-xp 00000000 08:04 17021552                           /usr/lib/libk5crypto.so.3.1
f72a8000-f72a9000 ---p 00016000 08:04 17021552                           /usr/lib/libk5crypto.so.3.1
f72a9000-f72aa000 r--p 00016000 08:04 17021552                           /usr/lib/libk5crypto.so.3.1
f72aa000-f72ab000 rw-p 00017000 08:04 17021552                           /usr/lib/libk5crypto.so.3.1
f72ab000-f738e000 r-xp 00000000 08:04 17021558                           /usr/lib/libkrb5.so.3.3
f738e000-f7395000 r--p 000e2000 08:04 17021558                           /usr/lib/libkrb5.so.3.3
f7395000-f7396000 rw-p 000e9000 08:04 17021558                           /usr/lib/libkrb5.so.3.3
f7396000-f73f1000 r-xp 00000000 08:04 17021548                           /usr/lib/libgssapi_krb5.so.2.2
f73f1000-f73f3000 r--p 0005a000 08:04 17021548                           /usr/lib/libgssapi_krb5.so.2.2
f73f3000-f73f4000 rw-p 0005c000 08:04 17021548                           /usr/lib/libgssapi_krb5.so.2.2
f73f4000-f76a5000 r-xp 00000000 08:04 18627877                           /usr/lib/libcrypto.so.1.1.1k
f76a5000-f76be000 r--p 002b0000 08:04 18627877                           /usr/lib/libcrypto.so.1.1.1k
f76be000-f76c0000 rw-p 002c9000 08:04 18627877                           /usr/lib/libcrypto.so.1.1.1k
f76c0000-f76c4000 rw-p 00000000 00:00 0 
f76c4000-f7756000 r-xp 00000000 08:04 18627879                           /usr/lib/libssl.so.1.1.1k
f7756000-f775c000 r--p 00091000 08:04 18627879                           /usr/lib/libssl.so.1.1.1k
f775c000-f7760000 rw-p 00097000 08:04 18627879                           /usr/lib/libssl.so.1.1.1k
f7760000-f7770000 r-xp 00000000 08:04 18660120                           /usr/lib/libpsl.so.5.3.1
f7770000-f7771000 r--p 0000f000 08:04 18660120                           /usr/lib/libpsl.so.5.3.1
f7771000-f7772000 rw-p 00000000 00:00 0 
f7772000-f77ef000 r-xp 00000000 08:04 16994901                           /usr/lib/libssh.so.4.8.7
f77ef000-f77f0000 ---p 0007d000 08:04 16994901                           /usr/lib/libssh.so.4.8.7
f77f0000-f77f1000 r--p 0007d000 08:04 16994901                           /usr/lib/libssh.so.4.8.7
f77f1000-f77f2000 rw-p 0007e000 08:04 16994901                           /usr/lib/libssh.so.4.8.7
f77f2000-f780f000 r-xp 00000000 08:04 17040588                           /usr/lib/libidn2.so.0.3.6
f780f000-f7810000 r--p 0001c000 08:04 17040588                           /usr/lib/libidn2.so.0.3.6
f7810000-f7811000 rw-p 00000000 00:00 0 
f7811000-f7839000 r-xp 00000000 08:04 17191891                           /usr/lib/libnghttp2.so.14.17.0
f7839000-f783a000 r--p 00027000 08:04 17191891                           /usr/lib/libnghttp2.so.14.17.0
f783a000-f783c000 rw-p 00028000 08:04 17191891                           /usr/lib/libnghttp2.so.14.17.0
f783c000-f79de000 r-xp 00000000 08:04 16831756                           /usr/lib/libc-2.28.so
f79de000-f79df000 ---p 001a2000 08:04 16831756                           /usr/lib/libc-2.28.so
f79df000-f79e1000 r--p 001a2000 08:04 16831756                           /usr/lib/libc-2.28.so
f79e1000-f79e2000 rw-p 001a4000 08:04 16831756                           /usr/lib/libc-2.28.so
f79e2000-f79e7000 rw-p 00000000 00:00 0 
f79e7000-f7a02000 r-xp 00000000 08:04 16985139                           /usr/lib/libgcc_s-8-20210514.so.1
f7a02000-f7a03000 r--p 0001a000 08:04 16985139                           /usr/lib/libgcc_s-8-20210514.so.1
f7a03000-f7a04000 rw-p 0001b000 08:04 16985139                           /usr/lib/libgcc_s-8-20210514.so.1
f7a04000-f7ad4000 r-xp 00000000 08:04 16831760                           /usr/lib/libm-2.28.so
f7ad4000-f7ad5000 r--p 000cf000 08:04 16831760                           /usr/lib/libm-2.28.so
f7ad5000-f7ad6000 rw-p 000d0000 08:04 16831760                           /usr/lib/libm-2.28.so
f7ad6000-f7c5f000 r-xp 00000000 08:04 16985145                           /usr/lib/libstdc++.so.6.0.25
f7c5f000-f7c60000 ---p 00189000 08:04 16985145                           /usr/lib/libstdc++.so.6.0.25
f7c60000-f7c66000 r--p 00189000 08:04 16985145                           /usr/lib/libstdc++.so.6.0.25
f7c66000-f7c67000 rw-p 0018f000 08:04 16985145                           /usr/lib/libstdc++.so.6.0.25
f7c67000-f7c69000 rw-p 00000000 00:00 0 
f7c69000-f7c80000 r-xp 00000000 08:04 16963437                           /usr/lib/libz.so.1.2.11
f7c80000-f7c81000 ---p 00017000 08:04 16963437                           /usr/lib/libz.so.1.2.11
f7c81000-f7c82000 r--p 00017000 08:04 16963437                           /usr/lib/libz.so.1.2.11
f7c82000-f7c83000 rw-p 00000000 00:00 0 
f7c83000-f7e00000 r-xp 00000000 08:04 16963397                           /usr/lib/libxml2.so.2.9.7
f7e00000-f7e05000 r--p 0017c000 08:04 16963397                           /usr/lib/libxml2.so.2.9.7
f7e05000-f7e06000 rw-p 00181000 08:04 16963397                           /usr/lib/libxml2.so.2.9.7
f7e06000-f7e07000 rw-p 00000000 00:00 0 
f7e07000-f7e23000 r-xp 00000000 08:04 16831770                           /usr/lib/libpthread-2.28.so
f7e23000-f7e24000 r--p 0001b000 08:04 16831770                           /usr/lib/libpthread-2.28.so
f7e24000-f7e25000 rw-p 0001c000 08:04 16831770                           /usr/lib/libpthread-2.28.so
f7e25000-f7e27000 rw-p 00000000 00:00 0 
f7e27000-f7e9b000 r-xp 00000000 08:04 16818911                           /usr/lib/libpcre.so.1.2.10
f7e9b000-f7e9c000 ---p 00074000 08:04 16818911                           /usr/lib/libpcre.so.1.2.10
f7e9c000-f7e9d000 r--p 00074000 08:04 16818911                           /usr/lib/libpcre.so.1.2.10
f7e9d000-f7e9e000 rw-p 00075000 08:04 16818911                           /usr/lib/libpcre.so.1.2.10
f7e9e000-f7ea1000 r-xp 00000000 08:04 16831758                           /usr/lib/libdl-2.28.so
f7ea1000-f7ea2000 r--p 00002000 08:04 16831758                           /usr/lib/libdl-2.28.so
f7ea2000-f7ea3000 rw-p 00003000 08:04 16831758                           /usr/lib/libdl-2.28.so
f7ea3000-f7f40000 r-xp 00000000 08:04 16994905                           /usr/lib/libcurl.so.4.5.0
f7f40000-f7f42000 r--p 0009c000 08:04 16994905                           /usr/lib/libcurl.so.4.5.0
f7f42000-f7f43000 rw-p 0009e000 08:04 16994905                           /usr/lib/libcurl.so.4.5.0
f7f43000-f7f4a000 r--s 00000000 08:04 176632422                          /usr/lib/gconv/gconv-modules.cache
f7f4a000-f7f52000 rw-s 00000000 08:04 151635555                          /tmp/hsperfdata_almalinux/6410 (deleted)
f7f52000-f7f53000 ---p 00000000 00:00 0 
f7f53000-f7f54000 r--p 00000000 00:00 0 
f7f54000-f7f56000 rw-p 00000000 00:00 0 
f7f56000-f7f5a000 r--p 00000000 00:00 0                                  [vvar]
f7f5a000-f7f5c000 r-xp 00000000 00:00 0                                  [vdso]
f7f5c000-f7f8b000 r-xp 00000000 08:04 16831749                           /usr/lib/ld-2.28.so
f7f8b000-f7f8c000 ---p 00000000 00:00 0 
f7f8c000-f7f8d000 r--p 0002f000 08:04 16831749                           /usr/lib/ld-2.28.so
f7f8d000-f7f8e000 rw-p 00030000 08:04 16831749                           /usr/lib/ld-2.28.so
ffdd4000-ffdd5000 rwxp 00000000 00:00 0 
ffedd000-fff99000 rw-p 00000000 00:00 0                                  [stack]


VM Arguments:
jvm_args: -Xms128m -Xmx512m -Xss768k -XX:MaxMetaspaceSize=96m -Xrs -XX:-UsePerfData -XX:-AllowUserSignalHandlers -XX:UseSSE=3 -XX+DoEscapeAnalysis -XX:AutoBoxCacheMax:2000 -XX:+OptimizeStringConcat -XX:+OptimizeFill -XX:+EliminateAutoBox -XX:+UseCompressedStrings -XX:+UseCompressedOops -XX:+EliminateLocks -XX:UseFastAccessorMethods -XX:+UseStringCache -XgcPrio:throughput -XXkeepAreaRatio:1 -XXlazyUnlocking -XXcallProfiling -XXcompactRatio:1 
java_command: <unknown>
java_class_path (initial): ../../data/sku.0/sys.server/compiled/game/
Launcher Type: generic

[Global flags]
     intx CICompilerCount                          = 3                                         {product} {ergonomic}
     uint ConcGCThreads                            = 1                                         {product} {ergonomic}
     uint G1ConcRefinementThreads                  = 4                                         {product} {ergonomic}
   size_t G1HeapRegionSize                         = 1048576                                   {product} {ergonomic}
    uintx GCDrainStackTargetSize                   = 64                                        {product} {ergonomic}
   size_t InitialHeapSize                          = 134217728                                 {product} {command line}
   size_t MarkStackSize                            = 32768                                     {product} {ergonomic}
   size_t MaxHeapSize                              = 536870912                                 {product} {command line}
   size_t MaxMetaspaceSize                         = 100663296                                 {product} {command line}
   size_t MaxNewSize                               = 321912832                                 {product} {ergonomic}
   size_t MinHeapDeltaBytes                        = 1048576                                   {product} {ergonomic}
   size_t MinHeapSize                              = 134217728                                 {product} {command line}
    uintx NonNMethodCodeHeapSize                   = 5544422                                {pd product} {ergonomic}
    uintx NonProfiledCodeHeapSize                  = 123056909                              {pd product} {ergonomic}
    uintx ProfiledCodeHeapSize                     = 123056909                              {pd product} {ergonomic}
    uintx ReservedCodeCacheSize                    = 251658240                              {pd product} {ergonomic}
     bool SegmentedCodeCache                       = true                                      {product} {ergonomic}
   size_t SoftMaxHeapSize                          = 536870912                              {manageable} {ergonomic}
   double SweeperThreshold                         = 0.500000                                  {product} {ergonomic}
     intx ThreadStackSize                          = 768                                    {pd product} {command line}
     bool UseG1GC                                  = true                                      {product} {ergonomic}

Logging:
Log output configuration:
 #0: stdout all=off uptime,level,tags
 #1: stderr all=off uptime,level,tags

Environment Variables:
JAVA_HOME=/usr/lib/jvm/zulu-17-x86
PATH=/usr/java/jdk1.7.0_80/bin:/usr/java/jdk1.7.0_80/bin:/usr/java/jdk1.6.0_45/bin:/usr/java/jdk1.6.0_45/bin:/usr/java/jdk1.6.0_45/bin:/home/almalinux/.local/bin:/home/almalinux/bin:/sbin:/bin:/usr/bin:/usr/local/bin:/usr/local/sbin:/usr/sbin:/usr/lib/oracle/18.3/client/bin:/usr/lib/oracle/18.3/client/bin:/usr/lib/jvm/java-11-openjdk/bin:./
LD_LIBRARY_PATH=/usr/lib/jvm/java-17-zulu-openjdk-jdk-x86/lib/server:/usr/lib/jvm/java-17-zulu-openjdk-jdk-x86/lib:/usr/lib/jvm/java-17-zulu-openjdk-jdk-x86/../lib:/usr/lib/jvm/zulu-17-x86/lib/server:/usr/lib/jvm/java-11-openjdk/lib:/usr/lib/jvm/java-11-openjdk/lib/server:./
SHELL=/bin/bash
DISPLAY=:10.0
LANG=en_US.UTF-8
TERM=xterm-256color

Active Locale:
LC_ALL=en_US.UTF-8
LC_COLLATE=en_US.UTF-8
LC_CTYPE=en_US.UTF-8
LC_MESSAGES=en_US.UTF-8
LC_MONETARY=en_US.UTF-8
LC_NUMERIC=en_US.UTF-8
LC_TIME=en_US.UTF-8

Signal Handlers:
   SIGSEGV: crash_handler in libjvm.so, mask=11100100010111111101111111111110, flags=SA_RESTART|SA_SIGINFO, unblocked
    SIGBUS: crash_handler in libjvm.so, mask=11100100010111111101111111111110, flags=SA_RESTART|SA_SIGINFO, unblocked
    SIGFPE: crash_handler in libjvm.so, mask=11100100010111111101111111111110, flags=SA_RESTART|SA_SIGINFO, unblocked
   SIGPIPE: SIG_IGN, mask=00000000000010000000000000000000, flags=SA_RESTART, blocked
  *** Handler was modified!
  *** Expected: javaSignalHandler in libjvm.so, mask=11100100110111111111111111111110, flags=SA_RESTART|SA_SIGINFO
   SIGXFSZ: javaSignalHandler in libjvm.so, mask=11100100010111111101111111111110, flags=SA_RESTART|SA_SIGINFO, blocked
    SIGILL: crash_handler in libjvm.so, mask=11100100010111111101111111111110, flags=SA_RESTART|SA_SIGINFO, unblocked
   SIGUSR2: SR_handler in libjvm.so, mask=00100000000000000000000000000000, flags=SA_RESTART|SA_SIGINFO, blocked
    SIGHUP: UserHandler in libjvm.so, mask=11100100010111111101111111111110, flags=SA_RESTART|SA_SIGINFO, blocked
    SIGINT: UserHandler in libjvm.so, mask=11100100010111111101111111111110, flags=SA_RESTART|SA_SIGINFO, blocked
   SIGTERM: UserHandler in libjvm.so, mask=11100100010111111101111111111110, flags=SA_RESTART|SA_SIGINFO, blocked
   SIGQUIT: UserHandler in libjvm.so, mask=11100100010111111101111111111110, flags=SA_RESTART|SA_SIGINFO, blocked
   SIGTRAP: crash_handler in libjvm.so, mask=11100100010111111101111111111110, flags=SA_RESTART|SA_SIGINFO, unblocked


Periodic native trim disabled


---------------  S Y S T E M  ---------------

OS:
AlmaLinux release 8.10 (Cerulean Leopard)
uname: Linux 4.18.0-553.81.1.el8_10.x86_64 #1 SMP Mon Oct 27 11:29:19 EDT 2025 x86_64
OS uptime: 0 days 1:16 hours
libc: glibc 2.28 NPTL 2.28 
rlimit (soft/hard): STACK 8192k/infinity , CORE 0k/infinity , NPROC 61995/61995 , NOFILE 262144/262144 , AS infinity/infinity , CPU infinity/infinity , DATA infinity/infinity , FSIZE infinity/infinity , MEMLOCK 64k/64k
load average: 42.14 46.10 42.45

/proc/meminfo:
MemTotal:       16014448 kB
MemFree:          178160 kB
MemAvailable:    1133028 kB
Buffers:              72 kB
Cached:          1716928 kB
SwapCached:         1388 kB
Active:          1554880 kB
Inactive:       13008700 kB
Active(anon):    1095628 kB
Inactive(anon): 12874660 kB
Active(file):     459252 kB
Inactive(file):   134040 kB
Unevictable:        3088 kB
Mlocked:               0 kB
SwapTotal:       8388604 kB
SwapFree:        8285336 kB
Dirty:               556 kB
Writeback:             0 kB
AnonPages:      12848228 kB
Mapped:           652308 kB
Shmem:           1123656 kB
KReclaimable:     550908 kB
Slab:             733464 kB
SReclaimable:     550908 kB
SUnreclaim:       182556 kB
KernelStack:       24608 kB
PageTables:       141124 kB
NFS_Unstable:          0 kB
Bounce:                0 kB
WritebackTmp:          0 kB
CommitLimit:    16395828 kB
Committed_AS:   26327752 kB
VmallocTotal:   34359738367 kB
VmallocUsed:       70452 kB
VmallocChunk:          0 kB
Percpu:             2688 kB
HardwareCorrupted:     0 kB
AnonHugePages:         0 kB
ShmemHugePages:        0 kB
ShmemPmdMapped:        0 kB
FileHugePages:         0 kB
FilePmdMapped:         0 kB
HugePages_Total:       0
HugePages_Free:        0
HugePages_Rsvd:        0
HugePages_Surp:        0
Hugepagesize:       2048 kB
Hugetlb:               0 kB
DirectMap4k:      522092 kB
DirectMap2M:    15861760 kB

/sys/kernel/mm/transparent_hugepage/enabled: always madvise [never]
/sys/kernel/mm/transparent_hugepage/hpage_pmd_size: 2097152
/sys/kernel/mm/transparent_hugepage/defrag (defrag/compaction efforts parameter): always defer defer+madvise [madvise] never

Process Memory:
Virtual Size: 1000964K (peak: 1004568K)
Resident Set Size: 173528K (peak: 187244K) (anon: 154532K, file: 18996K, shmem: 0K)
Swapped out: 0K
C-Heap outstanding allocations: 19699K, retained: 70496K
glibc malloc tunables: (default)

/proc/sys/kernel/threads-max (system-wide limit on the number of threads): 123991
/proc/sys/vm/max_map_count (maximum number of memory map areas a process may have): 1677720
/proc/sys/kernel/pid_max (system-wide limit on number of process identifiers): 4194304

container (cgroup) information:
container_type: cgroupv1
cpu_cpuset_cpus: 0-3
cpu_memory_nodes: 0
active_processor_count: 4
cpu_quota: no quota
cpu_period: 100000
cpu_shares: no shares
memory_limit_in_bytes: unlimited
memory_and_swap_limit_in_bytes: unlimited
memory_soft_limit_in_bytes: unlimited
memory_usage_in_bytes: 14318924 k
memory_max_usage_in_bytes: 14527228 k
kernel_memory_usage_in_bytes: 612272 k
kernel_memory_max_usage_in_bytes: unlimited
kernel_memory_limit_in_bytes: 613828 k
maximum number of tasks: unlimited
current number of tasks: 815

KVM virtualization detected
Steal ticks since vm start: 558
Steal ticks percentage since vm start:  0.000

CPU: total 4 (initial active 4) (1 cores per cpu, 1 threads per core) family 6 model 60 stepping 1 microcode 0x1, cx8, cmov, fxsr, mmx, sse, sse2, sse3, ssse3, sse4.1, sse4.2, popcnt, lzcnt, tsc, avx, avx2, aes, erms, clmul, bmi1, bmi2, fma, vzeroupper, clflush, hv
CPU Model and flags from /proc/cpuinfo:
model name	: Intel Core Processor (Haswell, no TSX)
flags		: fpu vme de pse tsc msr pae mce cx8 apic sep mtrr pge mca cmov pat pse36 clflush mmx fxsr sse sse2 syscall nx rdtscp lm constant_tsc rep_good nopl xtopology cpuid tsc_known_freq pni pclmulqdq vmx ssse3 fma cx16 pcid sse4_1 sse4_2 x2apic movbe popcnt tsc_deadline_timer aes xsave avx f16c rdrand hypervisor lahf_lm abm cpuid_fault invpcid_single pti tpr_shadow vnmi flexpriority ept vpid ept_ad fsgsbase bmi1 avx2 smep bmi2 erms invpcid xsaveopt arat md_clear

Online cpus: 0-3
Offline cpus: 
BIOS frequency limitation: <Not Available>
Frequency switch latency (ns): <Not Available>
Available cpu frequencies: <Not Available>
Current governor: <Not Available>
Core performance/turbo boost: <Not Available>

Memory: 4k page, physical 16014448k(178160k free), swap 8388604k(8285336k free)
Page Sizes: 4k

vm_info: OpenJDK Server VM (17.0.11+9-LTS) for linux-x86 JRE (17.0.11+9-LTS) (Zulu17.50+19-CA), built on Apr  9 2024 07:14:46 by "zulu_re" with gcc 8.3.0

END.
