#
# A fatal error has been detected by the Java Runtime Environment:
#
#  SIGSEGV (0xb) at pc=0xf78b9618, pid=1381124, tid=1381124
#
# JRE version: OpenJDK Runtime Environment Zulu17.50+19-CA (17.0.11+9) (build 17.0.11+9-LTS)
# Java VM: OpenJDK Server VM Zulu17.50+19-CA (17.0.11+9-LTS, mixed mode, sharing, tiered, g1 gc, linux-x86)
# Problematic frame:
# C  [libc.so.6+0x84618]  cfree+0x28
#
# Core dump will be written. Default location: Core dumps may be processed with "/usr/lib/systemd/systemd-coredump %P %u %g %s %t %c %h %e" (or dumping to /home/almalinux/swg-returns-nge/exe/linux/core.1381124)
#
# If you would like to submit a bug report, please visit:
#   http://www.azul.com/support/
#

---------------  S U M M A R Y ------------

Command Line: -Xms128m -Xmx512m -Xss768k -XX:MaxMetaspaceSize=96m -Xrs -XX:-UsePerfData -XX:-AllowUserSignalHandlers -XX:UseSSE=3 -XX+DoEscapeAnalysis -XX:AutoBoxCacheMax:2000 -XX:+OptimizeStringConcat -XX:+OptimizeFill -XX:+EliminateAutoBox -XX:+UseCompressedStrings -XX:+UseCompressedOops -XX:+EliminateLocks -XX:UseFastAccessorMethods -XX:+UseStringCache -XgcPrio:throughput -XXkeepAreaRatio:1 -XXlazyUnlocking -XXcallProfiling -XXcompactRatio:1 

Host: Intel Core Processor (Haswell, no TSX), 4 cores, 15G, AlmaLinux release 8.10 (Cerulean Leopard)
Time: Sun Jan 25 12:24:58 2026 UTC elapsed time: 780.993498 seconds (0d 0h 13m 0s)

---------------  T H R E A D  ---------------

Current thread is native thread

Stack: [0xffeb4000,0xfff74000],  sp=0xfff721f0,  free space=760k
Native frames: (J=compiled Java code, j=interpreted, Vv=VM code, C=native code)
C  [libc.so.6+0x84618]  cfree+0x28


siginfo: si_signo: 11 (SIGSEGV), si_code: 1 (SEGV_MAPERR), si_addr: 0x00000003

Registers:
EAX=0x00000000, EBX=0x00000007, ECX=0xf6ef784c, EDX=0x0af03e48
ESP=0xfff721f0, EBP=0xfff72328, ESI=0xf79da000, EDI=0x00000000
EIP=0xf78b9618, EFLAGS=0x00210202, CR2=0x0000000000000003


Top of Stack: (sp=0xfff721f0)
0xfff721f0:   0ab87010 00000000 fff72328 f7b46f1c
0xfff72200:   0ab870a0 f7c5da04 0af03e20 f7b46f1c
0xfff72210:   00000007 f7b46f0a f7c5da04 f7b46f4c
0xfff72220:   0ab870a0 f7b46f0a 0af07bc0 085b6163
0xfff72230:   00000007 0ab87010 0ab86d20 085bb8d1
0xfff72240:   0ab87010 0ab86d20 00000000 085bb89b
0xfff72250:   0c39acf0 fff72277 fff7229c 085c6969
0xfff72260:   087d6c00 fff7229c fff72328 084fc53b
0xfff72270:   00000014 00010002 00000000 00000000
0xfff72280:   01010100 00000001 09aa44c0 00000000
0xfff72290:   00000000 00000000 00000000 00000000
0xfff722a0:   00000000 00000015 fff723f8 f786a6ff
0xfff722b0:   f79da41c 47677753 53656d61 65767265
0xfff722c0:   33313a72 32313138 09290034 0aee91e0
0xfff722d0:   08ea0100 08ebc230 08ea5888 f79da41c
0xfff722e0:   00000428 00000420 f786a779 085758fd
0xfff722f0:   08ea2a80 09b1ea78 08ea5888 08574f56
0xfff72300:   0929a2c4 0929a2c4 fff723f8 08ea583b
0xfff72310:   0000000c fff723c4 fff72340 f79da000
0xfff72320:   00000000 08575910 00000000 f7852f26
0xfff72330:   00000000 08575910 00000000 f7852f26
0xfff72340:   0000000c fff723c4 fff723f8 fff72364
0xfff72350:   0929a2d0 00000000 fff723f8 f79da000
0xfff72360:   f784275c f79da000 00000000 08575910
0xfff72370:   00000000 41c702f0 a5dc4ae0 00000000
0xfff72380:   00000000 00000000 f7f594d0 f7852e30
0xfff72390:   084fc260 0929a2c4 0000000c 08575946
0xfff723a0:   084fc260 0000000c fff723c4 08ea57f0
0xfff723b0:   08ea5850 f7f594d0 fff723bc f7f86970
0xfff723c0:   0000000c fff72631 fff72643 fff72646
0xfff723d0:   fff72658 fff7265b fff72666 fff7268a
0xfff723e0:   fff7269a fff726ab fff726cc fff726cf 

Instructions: (pc=0xf78b9618)
0xf78b9518:   50 8d 96 86 f7 fa ff 8d 86 d0 2f fb ff e8 c6 b7
0xf78b9528:   ff ff 8d b6 00 00 00 00 bb 20 00 00 00 e9 5e fe
0xf78b9538:   ff ff e8 a1 c0 ff ff 89 c5 85 c0 0f 85 68 ff ff
0xf78b9548:   ff 31 d2 8d 44 3b 10 e8 8c c1 ff ff 89 da 89 f9
0xf78b9558:   89 c5 e8 11 f0 ff ff 89 c2 85 c0 75 1b 85 ed 74
0xf78b9568:   17 90 89 fa 89 e8 e8 bd c5 ff ff 89 da 89 f9 89
0xf78b9578:   c5 e8 f2 ef ff ff 89 c2 85 ed 0f 84 57 ff ff ff
0xf78b9588:   e9 39 ff ff ff 8d 86 b8 31 fb ff 83 ec 0c b9 25
0xf78b9598:   0d 00 00 50 8d 96 86 f7 fa ff 8d 86 74 2f fb ff
0xf78b95a8:   e8 43 b7 ff ff 8d 76 00 f3 0f 1e fb e8 0a 9a f9
0xf78b95b8:   ff 05 47 0a 12 00 56 53 83 ec 04 8b 5c 24 10 8b
0xf78b95c8:   74 24 14 8b 80 50 ff ff ff c7 00 00 00 00 00 e8
0xf78b95d8:   54 bb ff ff 8b 4c 24 0c 83 c4 04 89 f2 89 d8 5b
0xf78b95e8:   5e e9 42 fd ff ff 66 90 f3 0f 1e fb 56 e8 9a 9b
0xf78b95f8:   f9 ff 81 c6 06 0a 12 00 53 83 ec 14 8b 5c 24 20
0xf78b9608:   8b 86 5c ff ff ff 8b 00 85 c0 75 6c 85 db 74 75
0xf78b9618:   8b 4b fc 8d 53 f8 f6 c1 02 75 35 8b 86 70 fe ff
0xf78b9628:   ff 65 8b 00 85 c0 0f 84 8c 00 00 00 83 e1 04 8d
0xf78b9638:   86 60 07 00 00 74 09 89 d0 25 00 00 f0 ff 8b 00
0xf78b9648:   83 c4 14 31 c9 5b 5e e9 8c cb ff ff 8d 74 26 00
0xf78b9658:   8b 9e 60 01 00 00 85 db 75 10 3b 8e 48 01 00 00
0xf78b9668:   76 08 81 f9 00 00 08 00 76 26 83 c4 14 89 d0 5b
0xf78b9678:   5e e9 92 b8 ff ff 66 90 83 ec 08 ff 74 24 24 53
0xf78b9688:   ff d0 83 c4 10 83 c4 14 5b 5e c3 8d 74 26 00 90
0xf78b9698:   39 96 80 1d 00 00 77 08 39 96 7c 1d 00 00 77 ca
0xf78b96a8:   83 e1 f8 8d 04 09 89 8e 48 01 00 00 89 86 40 01
0xf78b96b8:   00 00 90 eb b5 8d 76 00 8b 86 74 fe ff ff 65 80
0xf78b96c8:   38 00 0f 85 64 ff ff ff 89 54 24 0c e8 97 ed ff
0xf78b96d8:   ff 8b 4b fc 8b 54 24 0c e9 4f ff ff ff 8d b4 26
0xf78b96e8:   00 00 00 00 8d 74 26 00 f3 0f 1e fb 55 57 56 e8
0xf78b96f8:   98 9a f9 ff 81 c6 04 09 12 00 53 83 ec 0c 8b 86
0xf78b9708:   70 fe ff ff 8b 96 74 fe ff ff 65 8b 28 65 c6 02 



---------------  P R O C E S S  ---------------

VM state: at safepoint (shutting down)

VM Mutex/Monitor currently owned by a thread:  ([mutex/lock_event])
[0xf5e21d30] Threads_lock - owner thread: 0xc4294cf0

GC Precious Log:
<Skipped>

Heap:
 garbage-first heap   total 131072K, used 9988K [0xc5c00000, 0xe5c00000)
  region size 1024K, 10 young (10240K), 2 survivors (2048K)
 Metaspace       used 1899K, committed 1984K, reserved 16384K

Heap Regions: E=young(eden), S=young(survivor), O=old, HS=humongous(starts), HC=humongous(continues), CS=collection set, F=free, OA=open archive, CA=closed archive, TAMS=top-at-mark-start (previous, next)
|   0|0xc5c00000, 0xc5c00000, 0xc5d00000|  0%| F|  |TAMS 0xc5c00000, 0xc5c00000| Untracked 
|   1|0xc5d00000, 0xc5d00000, 0xc5e00000|  0%| F|  |TAMS 0xc5d00000, 0xc5d00000| Untracked 
|   2|0xc5e00000, 0xc5e00000, 0xc5f00000|  0%| F|  |TAMS 0xc5e00000, 0xc5e00000| Untracked 
|   3|0xc5f00000, 0xc5f00000, 0xc6000000|  0%| F|  |TAMS 0xc5f00000, 0xc5f00000| Untracked 
|   4|0xc6000000, 0xc6000000, 0xc6100000|  0%| F|  |TAMS 0xc6000000, 0xc6000000| Untracked 
|   5|0xc6100000, 0xc6100000, 0xc6200000|  0%| F|  |TAMS 0xc6100000, 0xc6100000| Untracked 
|   6|0xc6200000, 0xc6200000, 0xc6300000|  0%| F|  |TAMS 0xc6200000, 0xc6200000| Untracked 
|   7|0xc6300000, 0xc6300000, 0xc6400000|  0%| F|  |TAMS 0xc6300000, 0xc6300000| Untracked 
|   8|0xc6400000, 0xc6400000, 0xc6500000|  0%| F|  |TAMS 0xc6400000, 0xc6400000| Untracked 
|   9|0xc6500000, 0xc6500000, 0xc6600000|  0%| F|  |TAMS 0xc6500000, 0xc6500000| Untracked 
|  10|0xc6600000, 0xc6600000, 0xc6700000|  0%| F|  |TAMS 0xc6600000, 0xc6600000| Untracked 
|  11|0xc6700000, 0xc6700000, 0xc6800000|  0%| F|  |TAMS 0xc6700000, 0xc6700000| Untracked 
|  12|0xc6800000, 0xc6800000, 0xc6900000|  0%| F|  |TAMS 0xc6800000, 0xc6800000| Untracked 
|  13|0xc6900000, 0xc6900000, 0xc6a00000|  0%| F|  |TAMS 0xc6900000, 0xc6900000| Untracked 
|  14|0xc6a00000, 0xc6a00000, 0xc6b00000|  0%| F|  |TAMS 0xc6a00000, 0xc6a00000| Untracked 
|  15|0xc6b00000, 0xc6b00000, 0xc6c00000|  0%| F|  |TAMS 0xc6b00000, 0xc6b00000| Untracked 
|  16|0xc6c00000, 0xc6c00000, 0xc6d00000|  0%| F|  |TAMS 0xc6c00000, 0xc6c00000| Untracked 
|  17|0xc6d00000, 0xc6d00000, 0xc6e00000|  0%| F|  |TAMS 0xc6d00000, 0xc6d00000| Untracked 
|  18|0xc6e00000, 0xc6e00000, 0xc6f00000|  0%| F|  |TAMS 0xc6e00000, 0xc6e00000| Untracked 
|  19|0xc6f00000, 0xc6f00000, 0xc7000000|  0%| F|  |TAMS 0xc6f00000, 0xc6f00000| Untracked 
|  20|0xc7000000, 0xc7000000, 0xc7100000|  0%| F|  |TAMS 0xc7000000, 0xc7000000| Untracked 
|  21|0xc7100000, 0xc7100000, 0xc7200000|  0%| F|  |TAMS 0xc7100000, 0xc7100000| Untracked 
|  22|0xc7200000, 0xc7200000, 0xc7300000|  0%| F|  |TAMS 0xc7200000, 0xc7200000| Untracked 
|  23|0xc7300000, 0xc7300000, 0xc7400000|  0%| F|  |TAMS 0xc7300000, 0xc7300000| Untracked 
|  24|0xc7400000, 0xc7400000, 0xc7500000|  0%| F|  |TAMS 0xc7400000, 0xc7400000| Untracked 
|  25|0xc7500000, 0xc7500000, 0xc7600000|  0%| F|  |TAMS 0xc7500000, 0xc7500000| Untracked 
|  26|0xc7600000, 0xc7600000, 0xc7700000|  0%| F|  |TAMS 0xc7600000, 0xc7600000| Untracked 
|  27|0xc7700000, 0xc7700000, 0xc7800000|  0%| F|  |TAMS 0xc7700000, 0xc7700000| Untracked 
|  28|0xc7800000, 0xc7800000, 0xc7900000|  0%| F|  |TAMS 0xc7800000, 0xc7800000| Untracked 
|  29|0xc7900000, 0xc7900000, 0xc7a00000|  0%| F|  |TAMS 0xc7900000, 0xc7900000| Untracked 
|  30|0xc7a00000, 0xc7a00000, 0xc7b00000|  0%| F|  |TAMS 0xc7a00000, 0xc7a00000| Untracked 
|  31|0xc7b00000, 0xc7b00000, 0xc7c00000|  0%| F|  |TAMS 0xc7b00000, 0xc7b00000| Untracked 
|  32|0xc7c00000, 0xc7c00000, 0xc7d00000|  0%| F|  |TAMS 0xc7c00000, 0xc7c00000| Untracked 
|  33|0xc7d00000, 0xc7d00000, 0xc7e00000|  0%| F|  |TAMS 0xc7d00000, 0xc7d00000| Untracked 
|  34|0xc7e00000, 0xc7e00000, 0xc7f00000|  0%| F|  |TAMS 0xc7e00000, 0xc7e00000| Untracked 
|  35|0xc7f00000, 0xc7f00000, 0xc8000000|  0%| F|  |TAMS 0xc7f00000, 0xc7f00000| Untracked 
|  36|0xc8000000, 0xc8000000, 0xc8100000|  0%| F|  |TAMS 0xc8000000, 0xc8000000| Untracked 
|  37|0xc8100000, 0xc8100000, 0xc8200000|  0%| F|  |TAMS 0xc8100000, 0xc8100000| Untracked 
|  38|0xc8200000, 0xc8200000, 0xc8300000|  0%| F|  |TAMS 0xc8200000, 0xc8200000| Untracked 
|  39|0xc8300000, 0xc8300000, 0xc8400000|  0%| F|  |TAMS 0xc8300000, 0xc8300000| Untracked 
|  40|0xc8400000, 0xc8400000, 0xc8500000|  0%| F|  |TAMS 0xc8400000, 0xc8400000| Untracked 
|  41|0xc8500000, 0xc8500000, 0xc8600000|  0%| F|  |TAMS 0xc8500000, 0xc8500000| Untracked 
|  42|0xc8600000, 0xc8600000, 0xc8700000|  0%| F|  |TAMS 0xc8600000, 0xc8600000| Untracked 
|  43|0xc8700000, 0xc8700000, 0xc8800000|  0%| F|  |TAMS 0xc8700000, 0xc8700000| Untracked 
|  44|0xc8800000, 0xc8800000, 0xc8900000|  0%| F|  |TAMS 0xc8800000, 0xc8800000| Untracked 
|  45|0xc8900000, 0xc8900000, 0xc8a00000|  0%| F|  |TAMS 0xc8900000, 0xc8900000| Untracked 
|  46|0xc8a00000, 0xc8a00000, 0xc8b00000|  0%| F|  |TAMS 0xc8a00000, 0xc8a00000| Untracked 
|  47|0xc8b00000, 0xc8b00000, 0xc8c00000|  0%| F|  |TAMS 0xc8b00000, 0xc8b00000| Untracked 
|  48|0xc8c00000, 0xc8c00000, 0xc8d00000|  0%| F|  |TAMS 0xc8c00000, 0xc8c00000| Untracked 
|  49|0xc8d00000, 0xc8d00000, 0xc8e00000|  0%| F|  |TAMS 0xc8d00000, 0xc8d00000| Untracked 
|  50|0xc8e00000, 0xc8e00000, 0xc8f00000|  0%| F|  |TAMS 0xc8e00000, 0xc8e00000| Untracked 
|  51|0xc8f00000, 0xc8f00000, 0xc9000000|  0%| F|  |TAMS 0xc8f00000, 0xc8f00000| Untracked 
|  52|0xc9000000, 0xc9000000, 0xc9100000|  0%| F|  |TAMS 0xc9000000, 0xc9000000| Untracked 
|  53|0xc9100000, 0xc9100000, 0xc9200000|  0%| F|  |TAMS 0xc9100000, 0xc9100000| Untracked 
|  54|0xc9200000, 0xc9200000, 0xc9300000|  0%| F|  |TAMS 0xc9200000, 0xc9200000| Untracked 
|  55|0xc9300000, 0xc9300000, 0xc9400000|  0%| F|  |TAMS 0xc9300000, 0xc9300000| Untracked 
|  56|0xc9400000, 0xc9400000, 0xc9500000|  0%| F|  |TAMS 0xc9400000, 0xc9400000| Untracked 
|  57|0xc9500000, 0xc9500000, 0xc9600000|  0%| F|  |TAMS 0xc9500000, 0xc9500000| Untracked 
|  58|0xc9600000, 0xc9600000, 0xc9700000|  0%| F|  |TAMS 0xc9600000, 0xc9600000| Untracked 
|  59|0xc9700000, 0xc9700000, 0xc9800000|  0%| F|  |TAMS 0xc9700000, 0xc9700000| Untracked 
|  60|0xc9800000, 0xc9800000, 0xc9900000|  0%| F|  |TAMS 0xc9800000, 0xc9800000| Untracked 
|  61|0xc9900000, 0xc9900000, 0xc9a00000|  0%| F|  |TAMS 0xc9900000, 0xc9900000| Untracked 
|  62|0xc9a00000, 0xc9a00000, 0xc9b00000|  0%| F|  |TAMS 0xc9a00000, 0xc9a00000| Untracked 
|  63|0xc9b00000, 0xc9b00000, 0xc9c00000|  0%| F|  |TAMS 0xc9b00000, 0xc9b00000| Untracked 
|  64|0xc9c00000, 0xc9c00000, 0xc9d00000|  0%| F|  |TAMS 0xc9c00000, 0xc9c00000| Untracked 
|  65|0xc9d00000, 0xc9d00000, 0xc9e00000|  0%| F|  |TAMS 0xc9d00000, 0xc9d00000| Untracked 
|  66|0xc9e00000, 0xc9e00000, 0xc9f00000|  0%| F|  |TAMS 0xc9e00000, 0xc9e00000| Untracked 
|  67|0xc9f00000, 0xc9f00000, 0xca000000|  0%| F|  |TAMS 0xc9f00000, 0xc9f00000| Untracked 
|  68|0xca000000, 0xca000000, 0xca100000|  0%| F|  |TAMS 0xca000000, 0xca000000| Untracked 
|  69|0xca100000, 0xca100000, 0xca200000|  0%| F|  |TAMS 0xca100000, 0xca100000| Untracked 
|  70|0xca200000, 0xca200000, 0xca300000|  0%| F|  |TAMS 0xca200000, 0xca200000| Untracked 
|  71|0xca300000, 0xca300000, 0xca400000|  0%| F|  |TAMS 0xca300000, 0xca300000| Untracked 
|  72|0xca400000, 0xca400000, 0xca500000|  0%| F|  |TAMS 0xca400000, 0xca400000| Untracked 
|  73|0xca500000, 0xca500000, 0xca600000|  0%| F|  |TAMS 0xca500000, 0xca500000| Untracked 
|  74|0xca600000, 0xca600000, 0xca700000|  0%| F|  |TAMS 0xca600000, 0xca600000| Untracked 
|  75|0xca700000, 0xca700000, 0xca800000|  0%| F|  |TAMS 0xca700000, 0xca700000| Untracked 
|  76|0xca800000, 0xca800000, 0xca900000|  0%| F|  |TAMS 0xca800000, 0xca800000| Untracked 
|  77|0xca900000, 0xca900000, 0xcaa00000|  0%| F|  |TAMS 0xca900000, 0xca900000| Untracked 
|  78|0xcaa00000, 0xcaa00000, 0xcab00000|  0%| F|  |TAMS 0xcaa00000, 0xcaa00000| Untracked 
|  79|0xcab00000, 0xcab00000, 0xcac00000|  0%| F|  |TAMS 0xcab00000, 0xcab00000| Untracked 
|  80|0xcac00000, 0xcac00000, 0xcad00000|  0%| F|  |TAMS 0xcac00000, 0xcac00000| Untracked 
|  81|0xcad00000, 0xcad00000, 0xcae00000|  0%| F|  |TAMS 0xcad00000, 0xcad00000| Untracked 
|  82|0xcae00000, 0xcae00000, 0xcaf00000|  0%| F|  |TAMS 0xcae00000, 0xcae00000| Untracked 
|  83|0xcaf00000, 0xcaf00000, 0xcb000000|  0%| F|  |TAMS 0xcaf00000, 0xcaf00000| Untracked 
|  84|0xcb000000, 0xcb000000, 0xcb100000|  0%| F|  |TAMS 0xcb000000, 0xcb000000| Untracked 
|  85|0xcb100000, 0xcb100000, 0xcb200000|  0%| F|  |TAMS 0xcb100000, 0xcb100000| Untracked 
|  86|0xcb200000, 0xcb200000, 0xcb300000|  0%| F|  |TAMS 0xcb200000, 0xcb200000| Untracked 
|  87|0xcb300000, 0xcb300000, 0xcb400000|  0%| F|  |TAMS 0xcb300000, 0xcb300000| Untracked 
|  88|0xcb400000, 0xcb400000, 0xcb500000|  0%| F|  |TAMS 0xcb400000, 0xcb400000| Untracked 
|  89|0xcb500000, 0xcb500000, 0xcb600000|  0%| F|  |TAMS 0xcb500000, 0xcb500000| Untracked 
|  90|0xcb600000, 0xcb600000, 0xcb700000|  0%| F|  |TAMS 0xcb600000, 0xcb600000| Untracked 
|  91|0xcb700000, 0xcb700000, 0xcb800000|  0%| F|  |TAMS 0xcb700000, 0xcb700000| Untracked 
|  92|0xcb800000, 0xcb800000, 0xcb900000|  0%| F|  |TAMS 0xcb800000, 0xcb800000| Untracked 
|  93|0xcb900000, 0xcb900000, 0xcba00000|  0%| F|  |TAMS 0xcb900000, 0xcb900000| Untracked 
|  94|0xcba00000, 0xcba00000, 0xcbb00000|  0%| F|  |TAMS 0xcba00000, 0xcba00000| Untracked 
|  95|0xcbb00000, 0xcbb00000, 0xcbc00000|  0%| F|  |TAMS 0xcbb00000, 0xcbb00000| Untracked 
|  96|0xcbc00000, 0xcbc00000, 0xcbd00000|  0%| F|  |TAMS 0xcbc00000, 0xcbc00000| Untracked 
|  97|0xcbd00000, 0xcbd00000, 0xcbe00000|  0%| F|  |TAMS 0xcbd00000, 0xcbd00000| Untracked 
|  98|0xcbe00000, 0xcbe00000, 0xcbf00000|  0%| F|  |TAMS 0xcbe00000, 0xcbe00000| Untracked 
|  99|0xcbf00000, 0xcbf00000, 0xcc000000|  0%| F|  |TAMS 0xcbf00000, 0xcbf00000| Untracked 
| 100|0xcc000000, 0xcc000000, 0xcc100000|  0%| F|  |TAMS 0xcc000000, 0xcc000000| Untracked 
| 101|0xcc100000, 0xcc100000, 0xcc200000|  0%| F|  |TAMS 0xcc100000, 0xcc100000| Untracked 
| 102|0xcc200000, 0xcc200000, 0xcc300000|  0%| F|  |TAMS 0xcc200000, 0xcc200000| Untracked 
| 103|0xcc300000, 0xcc300000, 0xcc400000|  0%| F|  |TAMS 0xcc300000, 0xcc300000| Untracked 
| 104|0xcc400000, 0xcc400000, 0xcc500000|  0%| F|  |TAMS 0xcc400000, 0xcc400000| Untracked 
| 105|0xcc500000, 0xcc500000, 0xcc600000|  0%| F|  |TAMS 0xcc500000, 0xcc500000| Untracked 
| 106|0xcc600000, 0xcc600000, 0xcc700000|  0%| F|  |TAMS 0xcc600000, 0xcc600000| Untracked 
| 107|0xcc700000, 0xcc700000, 0xcc800000|  0%| F|  |TAMS 0xcc700000, 0xcc700000| Untracked 
| 108|0xcc800000, 0xcc800000, 0xcc900000|  0%| F|  |TAMS 0xcc800000, 0xcc800000| Untracked 
| 109|0xcc900000, 0xcc900000, 0xcca00000|  0%| F|  |TAMS 0xcc900000, 0xcc900000| Untracked 
| 110|0xcca00000, 0xcca00000, 0xccb00000|  0%| F|  |TAMS 0xcca00000, 0xcca00000| Untracked 
| 111|0xccb00000, 0xccb00000, 0xccc00000|  0%| F|  |TAMS 0xccb00000, 0xccb00000| Untracked 
| 112|0xccc00000, 0xccc00000, 0xccd00000|  0%| F|  |TAMS 0xccc00000, 0xccc00000| Untracked 
| 113|0xccd00000, 0xccdc13d8, 0xcce00000| 75%| S|CS|TAMS 0xccd00000, 0xccd00000| Complete 
| 114|0xcce00000, 0xccf00000, 0xccf00000|100%| S|CS|TAMS 0xcce00000, 0xcce00000| Complete 
| 115|0xccf00000, 0xccf00000, 0xcd000000|  0%| F|  |TAMS 0xccf00000, 0xccf00000| Untracked 
| 116|0xcd000000, 0xcd000000, 0xcd100000|  0%| F|  |TAMS 0xcd000000, 0xcd000000| Untracked 
| 117|0xcd100000, 0xcd100000, 0xcd200000|  0%| F|  |TAMS 0xcd100000, 0xcd100000| Untracked 
| 118|0xcd200000, 0xcd200000, 0xcd300000|  0%| F|  |TAMS 0xcd200000, 0xcd200000| Untracked 
| 119|0xcd300000, 0xcd300000, 0xcd400000|  0%| F|  |TAMS 0xcd300000, 0xcd300000| Untracked 
| 120|0xcd400000, 0xcd500000, 0xcd500000|100%| E|  |TAMS 0xcd400000, 0xcd400000| Complete 
| 121|0xcd500000, 0xcd600000, 0xcd600000|100%| E|CS|TAMS 0xcd500000, 0xcd500000| Complete 
| 122|0xcd600000, 0xcd700000, 0xcd700000|100%| E|CS|TAMS 0xcd600000, 0xcd600000| Complete 
| 123|0xcd700000, 0xcd800000, 0xcd800000|100%| E|CS|TAMS 0xcd700000, 0xcd700000| Complete 
| 124|0xcd800000, 0xcd900000, 0xcd900000|100%| E|CS|TAMS 0xcd800000, 0xcd800000| Complete 
| 125|0xcd900000, 0xcda00000, 0xcda00000|100%| E|CS|TAMS 0xcd900000, 0xcd900000| Complete 
| 126|0xcda00000, 0xcdb00000, 0xcdb00000|100%| E|CS|TAMS 0xcda00000, 0xcda00000| Complete 
| 127|0xcdb00000, 0xcdc00000, 0xcdc00000|100%| E|CS|TAMS 0xcdb00000, 0xcdb00000| Complete 

Card table byte_map: [0xc5a00000,0xc5b00000] _byte_map_base: 0xc53d2000

Marking Bits (Prev, Next): (CMBitMap*) 0xf5e8b528, (CMBitMap*) 0xf5e8b548
 Prev Bits: [0xc5100000, 0xc5900000)
 Next Bits: [0xc4900000, 0xc5100000)

Polling page: 0xf7f4b000

Metaspace:

Usage:
    1.85 MB used.

Virtual space:
     16.00 MB reserved,       1.94 MB ( 12%) committed,  1 nodes.

Chunk freelists:
10.91 MB

MaxMetaspaceSize: 96.00 MB
No class space
Initial GC threshold: 16.00 MB
Current GC threshold: 16.00 MB
CDS: on
MetaspaceReclaimPolicy: balanced
 - commit_granule_bytes: 65536.
 - commit_granule_words: 16384.
 - virtual_space_node_default_size: 4194304.
 - enlarge_chunks_in_place: 1.
 - new_chunks_are_fully_committed: 0.
 - uncommit_free_chunks: 1.
 - use_allocation_guard: 0.
 - handle_deallocations: 1.


Internal statistics:

num_allocs_failed_limit: 0.
num_arena_births: 31.
num_arena_deaths: 0.
num_vsnodes_births: 1.
num_vsnodes_deaths: 0.
num_space_committed: 31.
num_space_uncommitted: 0.
num_chunks_returned_to_freelist: 0.
num_chunks_taken_from_freelist: 74.
num_chunk_merges: 0.
num_chunk_splits: 60.
num_chunks_enlarged: 50.
num_inconsistent_stats: 0.

CodeHeap 'non-profiled nmethods': size=120172Kb used=391Kb max_used=391Kb free=119780Kb
 bounds [0xed7f5000, 0xeda35000, 0xf4d50000]
CodeHeap 'profiled nmethods': size=120172Kb used=788Kb max_used=788Kb free=119383Kb
 bounds [0xe5d50000, 0xe5f90000, 0xed2ab000]
CodeHeap 'non-nmethods': size=5416Kb used=718Kb max_used=767Kb free=4697Kb
 bounds [0xed2ab000, 0xed4eb000, 0xed7f5000]
 total_blobs=910 nmethods=587 adapters=237
 compilation: enabled
              stopped_count=0, restarted_count=0
 full_count=0

Compilation events (20 events):
Event: 720.668 Thread 0xc42a0580  587       3       java.io.ObjectOutputStream$BlockDataOutputStream::drain (45 bytes)
Event: 720.668 Thread 0xc42a0580 nmethod 587 0xe5e13988 code [0xe5e13ae0, 0xe5e13d78]
Event: 720.668 Thread 0xc42a0580  588  s    3       java.io.ByteArrayOutputStream::write (43 bytes)
Event: 720.669 Thread 0xc42a0580 nmethod 588 0xe5e13e88 code [0xe5e14000, 0xe5e143a4]
Event: 720.669 Thread 0xc42a0580  589       3       java.io.ByteArrayOutputStream::ensureCapacity (32 bytes)
Event: 720.669 Thread 0xc42a0580 nmethod 589 0xe5e14588 code [0xe5e146e0, 0xe5e149f8]
Event: 720.669 Thread 0xc42a0580  590       3       java.io.ObjectOutputStream$BlockDataOutputStream::writeInt (46 bytes)
Event: 720.669 Thread 0xc42a0580 nmethod 590 0xe5e14b88 code [0xe5e14ce0, 0xe5e14eb8]
Event: 720.669 Thread 0xc42a0580  591       3       java.io.Bits::putInt (36 bytes)
Event: 720.670 Thread 0xc42a0580 nmethod 591 0xe5e14f88 code [0xe5e150c0, 0xe5e15240]
Event: 733.329 Thread 0xc429f450  592   !   4       java.io.ObjectInputStream::readObject (160 bytes)
Event: 733.334 Thread 0xc429f450 nmethod 592 0xed855488 code [0xed8555e0, 0xed8559c4]
Event: 748.808 Thread 0xc429f450  593       4       java.util.HashMap$HashIterator::hasNext (13 bytes)
Event: 748.809 Thread 0xc429f450 nmethod 593 0xed855d88 code [0xed855ea0, 0xed855f10]
Event: 766.126 Thread 0xc429f450  594       4       java.util.HashMap$HashIterator::<init> (79 bytes)
Event: 766.132 Thread 0xc429f450 nmethod 594 0xed856088 code [0xed8561c0, 0xed856530]
Event: 766.868 Thread 0xc429f450  595       4       java.util.HashMap::keySet (25 bytes)
Event: 766.871 Thread 0xc429f450 nmethod 595 0xed856688 code [0xed8567a0, 0xed856930]
Event: 768.356 Thread 0xc429f450  596       4       java.lang.ref.SoftReference::get (29 bytes)
Event: 768.357 Thread 0xc429f450 nmethod 596 0xed856a08 code [0xed856b20, 0xed856c10]

GC Heap History (2 events):
Event: 475.298 GC heap before
{Heap before GC invocations=0 (full 0):
 garbage-first heap   total 131072K, used 12288K [0xc5c00000, 0xe5c00000)
  region size 1024K, 13 young (13312K), 0 survivors (0K)
 Metaspace       used 1878K, committed 1984K, reserved 16384K
}
Event: 475.412 GC heap after
{Heap after GC invocations=1 (full 0):
 garbage-first heap   total 131072K, used 1796K [0xc5c00000, 0xe5c00000)
  region size 1024K, 2 young (2048K), 2 survivors (2048K)
 Metaspace       used 1878K, committed 1984K, reserved 16384K
}

Dll operation events (4 events):
Event: 0.003 Loaded shared library /usr/lib/jvm/java-17-zulu-openjdk-jdk-x86/lib/libjava.so
Event: 76.135 Loaded shared library /usr/lib/jvm/java-17-zulu-openjdk-jdk-x86/lib/libnio.so
Event: 76.136 Loaded shared library /usr/lib/jvm/java-17-zulu-openjdk-jdk-x86/lib/libjimage.so
Event: 76.138 Loaded shared library /usr/lib/jvm/java-17-zulu-openjdk-jdk-x86/lib/libnet.so

Deoptimization events (20 events):
Event: 562.628 Thread 0x0c2128a0 Uncommon trap: trap_request=0xffffffd6 fr.pc=0xed84b568 relative=0x00002528
Event: 562.628 Thread 0x0c2128a0 Uncommon trap: reason=array_check action=maybe_recompile pc=0xed84b568 method=java.io.ObjectInputStream.readArray(Z)Ljava/lang/Object; @ 392 c2
Event: 562.628 Thread 0x0c2128a0 DEOPT PACKING pc=0xed84b568 sp=0xfff70ba0
Event: 562.628 Thread 0x0c2128a0 DEOPT UNPACKING pc=0xed2f4d33 sp=0xfff70ba8 mode 2
Event: 564.860 Thread 0x0c2128a0 Uncommon trap: trap_request=0xffffffd6 fr.pc=0xed84b568 relative=0x00002528
Event: 564.860 Thread 0x0c2128a0 Uncommon trap: reason=array_check action=maybe_recompile pc=0xed84b568 method=java.io.ObjectInputStream.readArray(Z)Ljava/lang/Object; @ 392 c2
Event: 564.860 Thread 0x0c2128a0 DEOPT PACKING pc=0xed84b568 sp=0xfff70ba0
Event: 564.860 Thread 0x0c2128a0 DEOPT UNPACKING pc=0xed2f4d33 sp=0xfff70ba8 mode 2
Event: 565.416 Thread 0x0c2128a0 Uncommon trap: trap_request=0xffffffd6 fr.pc=0xed84b568 relative=0x00002528
Event: 565.416 Thread 0x0c2128a0 Uncommon trap: reason=array_check action=maybe_recompile pc=0xed84b568 method=java.io.ObjectInputStream.readArray(Z)Ljava/lang/Object; @ 392 c2
Event: 565.416 Thread 0x0c2128a0 DEOPT PACKING pc=0xed84b568 sp=0xfff70ba0
Event: 565.416 Thread 0x0c2128a0 DEOPT UNPACKING pc=0xed2f4d33 sp=0xfff70ba8 mode 2
Event: 565.416 Thread 0x0c2128a0 Uncommon trap: trap_request=0xffffffde fr.pc=0xed84b860 relative=0x00002820
Event: 565.416 Thread 0x0c2128a0 Uncommon trap: reason=class_check action=maybe_recompile pc=0xed84b860 method=java.lang.reflect.Array.newInstance(Ljava/lang/Class;I)Ljava/lang/Object; @ 2 c2
Event: 565.416 Thread 0x0c2128a0 DEOPT PACKING pc=0xed84b860 sp=0xfff70ba0
Event: 565.416 Thread 0x0c2128a0 DEOPT UNPACKING pc=0xed2f4d33 sp=0xfff70b78 mode 2
Event: 565.416 Thread 0x0c2128a0 Uncommon trap: trap_request=0xffffffd6 fr.pc=0xed84b568 relative=0x00002528
Event: 565.416 Thread 0x0c2128a0 Uncommon trap: reason=array_check action=maybe_recompile pc=0xed84b568 method=java.io.ObjectInputStream.readArray(Z)Ljava/lang/Object; @ 392 c2
Event: 565.416 Thread 0x0c2128a0 DEOPT PACKING pc=0xed84b568 sp=0xfff70ba0
Event: 565.416 Thread 0x0c2128a0 DEOPT UNPACKING pc=0xed2f4d33 sp=0xfff70ba8 mode 2

Classes unloaded (0 events):
No events

Classes redefined (0 events):
No events

Internal exceptions (1 events):
Event: 76.173 Thread 0x0c2128a0 Exception <a 'java/lang/NoSuchMethodError'{0xcd40c278}: 'java.lang.Object java.lang.invoke.DirectMethodHandle$Holder.invokeStaticInit(java.lang.Object)'> (0xcd40c278) 
thrown [src/hotspot/share/interpreter/linkResolver.cpp, line 759]

VM Operations (20 events):
Event: 373.627 Executing VM operation: Cleanup
Event: 373.627 Executing VM operation: Cleanup done
Event: 377.646 Executing VM operation: Cleanup
Event: 377.646 Executing VM operation: Cleanup done
Event: 426.724 Executing VM operation: Cleanup
Event: 426.724 Executing VM operation: Cleanup done
Event: 469.785 Executing VM operation: Cleanup
Event: 469.785 Executing VM operation: Cleanup done
Event: 475.298 Executing VM operation: G1CollectForAllocation
Event: 475.412 Executing VM operation: G1CollectForAllocation done
Event: 482.415 Executing VM operation: Cleanup
Event: 482.415 Executing VM operation: Cleanup done
Event: 601.458 Executing VM operation: Cleanup
Event: 601.459 Executing VM operation: Cleanup done
Event: 749.791 Executing VM operation: Cleanup
Event: 749.791 Executing VM operation: Cleanup done
Event: 767.826 Executing VM operation: Cleanup
Event: 767.826 Executing VM operation: Cleanup done
Event: 768.831 Executing VM operation: Cleanup
Event: 768.831 Executing VM operation: Cleanup done

Events (20 events):
Event: 76.213 loading class java/io/ObjectInputStream$GetField
Event: 76.213 loading class java/io/ObjectInputStream$GetField done
Event: 76.213 loading class java/io/ObjectInputStream$FieldValues done
Event: 76.213 loading class java/io/SerialCallbackContext
Event: 76.213 loading class java/io/SerialCallbackContext done
Event: 76.215 loading class java/io/ObjectOutputStream$BlockDataOutputStream
Event: 76.215 loading class java/io/ObjectOutputStream$BlockDataOutputStream done
Event: 76.215 loading class java/io/DataOutputStream
Event: 76.215 loading class java/io/DataOutputStream done
Event: 76.249 loading class java/io/ObjectOutputStream$HandleTable
Event: 76.250 loading class java/io/ObjectOutputStream$HandleTable done
Event: 76.250 loading class java/io/ObjectOutputStream$ReplaceTable
Event: 76.250 loading class java/io/ObjectOutputStream$ReplaceTable done
Event: 115.611 loading class java/io/ObjectStreamClass$ExceptionInfo
Event: 115.611 loading class java/io/ObjectStreamClass$ExceptionInfo done
Event: 310.756 loading class java/lang/NumberFormatException
Event: 310.756 loading class java/lang/NumberFormatException done
Event: 769.613 Thread 0x0c2128a0 Thread exited: 0x0c2128a0
Event: 769.626 Thread 0xf5e242d0 Thread exited: 0xf5e242d0
Event: 769.626 Thread 0xc429bff0 Thread exited: 0xc429bff0


Dynamic libraries:
08048000-09298000 r-xp 00000000 08:04 494947248                          /home/almalinux/swg-returns-nge/build/bin/SwgGameServer
09298000-0929c000 rw-p 0124f000 08:04 494947248                          /home/almalinux/swg-returns-nge/build/bin/SwgGameServer
0929c000-09b1f000 rw-p 00000000 00:00 0 
0ab4d000-0faad000 rw-p 00000000 00:00 0                                  [heap]
c0500000-c05e2000 rw-p 00000000 00:00 0 
c05e2000-c0600000 ---p 00000000 00:00 0 
c077f000-c0780000 ---p 00000000 00:00 0 
c0780000-c0800000 rw-p 00000000 00:00 0 
c0800000-c08e7000 rw-p 00000000 00:00 0 
c08e7000-c0900000 ---p 00000000 00:00 0 
c0900000-c09ff000 rw-p 00000000 00:00 0 
c09ff000-c0a00000 ---p 00000000 00:00 0 
c0a00000-c0af9000 rw-p 00000000 00:00 0 
c0af9000-c0b00000 ---p 00000000 00:00 0 
c0b00000-c0bff000 rw-p 00000000 00:00 0 
c0bff000-c0c00000 ---p 00000000 00:00 0 
c0c00000-c0c99000 rw-p 00000000 00:00 0 
c0c99000-c0d00000 ---p 00000000 00:00 0 
c0d00000-c0dfa000 rw-p 00000000 00:00 0 
c0dfa000-c0e00000 ---p 00000000 00:00 0 
c0e00000-c0efd000 rw-p 00000000 00:00 0 
c0efd000-c0f00000 ---p 00000000 00:00 0 
c0f00000-c0ffb000 rw-p 00000000 00:00 0 
c0ffb000-c1000000 ---p 00000000 00:00 0 
c1000000-c1100000 rw-p 00000000 00:00 0 
c117f000-c1180000 ---p 00000000 00:00 0 
c1180000-c1200000 rw-p 00000000 00:00 0 
c1200000-c1300000 rw-p 00000000 00:00 0 
c137f000-c1383000 ---p 00000000 00:00 0 
c1383000-c1400000 rw-p 00000000 00:00 0 
c1400000-c14fc000 rw-p 00000000 00:00 0 
c14fc000-c1500000 ---p 00000000 00:00 0 
c173d000-c1741000 ---p 00000000 00:00 0 
c1741000-c17fe000 rw-p 00000000 00:00 0 
c17fe000-c1802000 ---p 00000000 00:00 0 
c1802000-c18bf000 rw-p 00000000 00:00 0 
c18bf000-c18c0000 ---p 00000000 00:00 0 
c18c0000-c1940000 rw-p 00000000 00:00 0 
c1940000-c1944000 ---p 00000000 00:00 0 
c1944000-c1a01000 rw-p 00000000 00:00 0 
c1a01000-c1a05000 ---p 00000000 00:00 0 
c1a05000-c1ac2000 rw-p 00000000 00:00 0 
c1ac2000-c1ac6000 ---p 00000000 00:00 0 
c1ac6000-c1b43000 rw-p 00000000 00:00 0 
c1b43000-c1b47000 ---p 00000000 00:00 0 
c1b47000-c1c04000 rw-p 00000000 00:00 0 
c1c04000-c1c08000 ---p 00000000 00:00 0 
c1c08000-c1cc5000 rw-p 00000000 00:00 0 
c1cc5000-c1cc9000 ---p 00000000 00:00 0 
c1cc9000-c1d86000 rw-p 00000000 00:00 0 
c1d86000-c2000000 r--p 00078000 08:04 535181                             /usr/lib/locale/locale-archive
c2000000-c20d0000 rw-p 00000000 00:00 0 
c20d0000-c2400000 ---p 00000000 00:00 0 
c2400000-c2520000 rw-p 00000000 00:00 0 
c2520000-c3000000 ---p 00000000 00:00 0 
c307e000-c327e000 r--p 00000000 08:04 535181                             /usr/lib/locale/locale-archive
c327e000-c3282000 ---p 00000000 00:00 0 
c3282000-c333f000 rw-p 00000000 00:00 0 
c333f000-c3343000 ---p 00000000 00:00 0 
c3343000-c3400000 rw-p 00000000 00:00 0 
c3400000-c3421000 rw-p 00000000 00:00 0 
c3421000-c3500000 ---p 00000000 00:00 0 
c3531000-c3535000 ---p 00000000 00:00 0 
c3535000-c35b2000 rw-p 00000000 00:00 0 
c35b2000-c35b3000 ---p 00000000 00:00 0 
c35b3000-c3633000 rw-p 00000000 00:00 0 
c3633000-c3f00000 rw-p 00001000 08:04 143240867                          /usr/lib/jvm/java-17-zulu-openjdk-jdk-x86/lib/server/classes.jsa
c3f00000-c3f21000 rw-p 00000000 00:00 0 
c3f21000-c4000000 ---p 00000000 00:00 0 
c407f000-c4080000 ---p 00000000 00:00 0 
c4080000-c4100000 rw-p 00000000 00:00 0 
c4100000-c4121000 rw-p 00000000 00:00 0 
c4121000-c4200000 ---p 00000000 00:00 0 
c4200000-c42d2000 rw-p 00000000 00:00 0 
c42d2000-c4300000 ---p 00000000 00:00 0 
c437f000-c4380000 ---p 00000000 00:00 0 
c4380000-c4400000 rw-p 00000000 00:00 0 
c4400000-c444d000 rw-p 00000000 00:00 0 
c444d000-c4500000 ---p 00000000 00:00 0 
c457f000-c4580000 ---p 00000000 00:00 0 
c4580000-c4600000 rw-p 00000000 00:00 0 
c4600000-c4700000 rw-p 00000000 00:00 0 
c4700000-c47de000 rw-p 00000000 00:00 0 
c47de000-c4800000 ---p 00000000 00:00 0 
c487f000-c4880000 ---p 00000000 00:00 0 
c4880000-c4b00000 rw-p 00000000 00:00 0 
c4b00000-c5100000 ---p 00000000 00:00 0 
c5100000-c5300000 rw-p 00000000 00:00 0 
c5300000-c5900000 ---p 00000000 00:00 0 
c5900000-c5940000 rw-p 00000000 00:00 0 
c5940000-c5a00000 ---p 00000000 00:00 0 
c5a00000-c5a40000 rw-p 00000000 00:00 0 
c5a40000-c5b00000 ---p 00000000 00:00 0 
c5b00000-c5b40000 rw-p 00000000 00:00 0 
c5b40000-c5c00000 ---p 00000000 00:00 0 
c5c00000-cdc00000 rw-p 00000000 00:00 0 
cdc00000-e5c00000 ---p 00000000 00:00 0 
e5c65000-e5c6a000 rw-p 00000000 00:00 0 
e5c6a000-e5d50000 ---p 00000000 00:00 0 
e5d50000-e5f90000 rwxp 00000000 00:00 0 
e5f90000-ed2ab000 ---p 00000000 00:00 0 
ed2ab000-ed4eb000 rwxp 00000000 00:00 0 
ed4eb000-ed7f5000 ---p 00000000 00:00 0 
ed7f5000-eda35000 rwxp 00000000 00:00 0 
eda35000-f4d50000 ---p 00000000 00:00 0 
f4d50000-f4eb8000 r--s 00000000 08:04 117534333                          /usr/lib/jvm/java-17-zulu-openjdk-jdk-x86/lib/modules
f4eb8000-f5d5a000 r-xp 00000000 08:04 143240869                          /usr/lib/jvm/java-17-zulu-openjdk-jdk-x86/lib/server/libjvm.so
f5d5a000-f5daf000 r--p 00ea1000 08:04 143240869                          /usr/lib/jvm/java-17-zulu-openjdk-jdk-x86/lib/server/libjvm.so
f5daf000-f5dd0000 rw-p 00ef6000 08:04 143240869                          /usr/lib/jvm/java-17-zulu-openjdk-jdk-x86/lib/server/libjvm.so
f5dd0000-f5e00000 rw-p 00000000 00:00 0 
f5e00000-f5f00000 rw-p 00000000 00:00 0 
f5f10000-f5f11000 ---p 00000000 00:00 0 
f5f11000-f5f91000 rw-p 00000000 00:00 0 
f5f91000-f5f92000 ---p 00000000 00:00 0 
f5f92000-f5f96000 ---p 00000000 00:00 0 
f5f96000-f6b0a000 rw-p 00000000 00:00 0 
f6b16000-f6b2b000 r-xp 00000000 08:04 117534323                          /usr/lib/jvm/java-17-zulu-openjdk-jdk-x86/lib/libnet.so
f6b2b000-f6b2c000 r--p 00014000 08:04 117534323                          /usr/lib/jvm/java-17-zulu-openjdk-jdk-x86/lib/libnet.so
f6b2c000-f6b2d000 rw-p 00015000 08:04 117534323                          /usr/lib/jvm/java-17-zulu-openjdk-jdk-x86/lib/libnet.so
f6b2d000-f6b32000 rw-p 00000000 00:00 0 
f6b32000-f6c18000 ---p 00000000 00:00 0 
f6e52000-f6e64000 r-xp 00000000 08:04 117534324                          /usr/lib/jvm/java-17-zulu-openjdk-jdk-x86/lib/libnio.so
f6e64000-f6e65000 r--p 00011000 08:04 117534324                          /usr/lib/jvm/java-17-zulu-openjdk-jdk-x86/lib/libnio.so
f6e65000-f6e66000 rw-p 00012000 08:04 117534324                          /usr/lib/jvm/java-17-zulu-openjdk-jdk-x86/lib/libnio.so
f6e66000-f6e8f000 rw-p 00000000 00:00 0 
f6e8f000-f6eb2000 r-xp 00000000 08:04 117534310                          /usr/lib/jvm/java-17-zulu-openjdk-jdk-x86/lib/libjava.so
f6eb2000-f6eb3000 r--p 00022000 08:04 117534310                          /usr/lib/jvm/java-17-zulu-openjdk-jdk-x86/lib/libjava.so
f6eb3000-f6eb4000 rw-p 00023000 08:04 117534310                          /usr/lib/jvm/java-17-zulu-openjdk-jdk-x86/lib/libjava.so
f6eb4000-f6ec0000 r-xp 00000000 08:04 16831767                           /usr/lib/libnss_files-2.28.so
f6ec0000-f6ec1000 r--p 0000b000 08:04 16831767                           /usr/lib/libnss_files-2.28.so
f6ec1000-f6ec2000 rw-p 0000c000 08:04 16831767                           /usr/lib/libnss_files-2.28.so
f6ec2000-f6ec8000 rw-p 00000000 00:00 0 
f6ece000-f6ed3000 rw-p 00000000 00:00 0 
f6ed3000-f6ed9000 ---p 00000000 00:00 0 
f6ed9000-f6ef4000 r-xp 00000000 08:04 117534314                          /usr/lib/jvm/java-17-zulu-openjdk-jdk-x86/lib/libjimage.so
f6ef4000-f6ef5000 ---p 0001b000 08:04 117534314                          /usr/lib/jvm/java-17-zulu-openjdk-jdk-x86/lib/libjimage.so
f6ef5000-f6ef6000 r--p 0001b000 08:04 117534314                          /usr/lib/jvm/java-17-zulu-openjdk-jdk-x86/lib/libjimage.so
f6ef6000-f6ef7000 rw-p 0001c000 08:04 117534314                          /usr/lib/jvm/java-17-zulu-openjdk-jdk-x86/lib/libjimage.so
f6ef7000-f6efb000 rw-p 00000000 00:00 0 
f6efb000-f6f83000 r-xp 00000000 08:04 17191875                           /usr/lib/libpcre2-8.so.0.7.1
f6f83000-f6f84000 r--p 00087000 08:04 17191875                           /usr/lib/libpcre2-8.so.0.7.1
f6f84000-f6f85000 rw-p 00088000 08:04 17191875                           /usr/lib/libpcre2-8.so.0.7.1
f6f85000-f6fa5000 r-xp 00000000 08:04 17021543                           /usr/lib/libcrypt.so.1.1.0
f6fa5000-f6fa6000 ---p 00020000 08:04 17021543                           /usr/lib/libcrypt.so.1.1.0
f6fa6000-f6fa7000 r--p 00020000 08:04 17021543                           /usr/lib/libcrypt.so.1.1.0
f6fa7000-f6fb0000 rw-p 00000000 00:00 0 
f6fb0000-f6fdb000 r-xp 00000000 08:04 17191887                           /usr/lib/libselinux.so.1
f6fdb000-f6fdc000 ---p 0002b000 08:04 17191887                           /usr/lib/libselinux.so.1
f6fdc000-f6fdd000 r--p 0002b000 08:04 17191887                           /usr/lib/libselinux.so.1
f6fdd000-f6fde000 rw-p 0002c000 08:04 17191887                           /usr/lib/libselinux.so.1
f6fde000-f6fdf000 rw-p 00000000 00:00 0 
f6fdf000-f6ffe000 r-xp 00000000 08:04 18866589                           /usr/lib/libbrotlicommon.so.1.0.6
f6ffe000-f6fff000 r--p 0001e000 08:04 18866589                           /usr/lib/libbrotlicommon.so.1.0.6
f6fff000-f7000000 rw-p 0001f000 08:04 18866589                           /usr/lib/libbrotlicommon.so.1.0.6
f7000000-f701e000 r-xp 00000000 08:04 17191915                           /usr/lib/libsasl2.so.3.0.0
f701e000-f701f000 ---p 0001e000 08:04 17191915                           /usr/lib/libsasl2.so.3.0.0
f701f000-f7020000 r--p 0001e000 08:04 17191915                           /usr/lib/libsasl2.so.3.0.0
f7020000-f7021000 rw-p 0001f000 08:04 17191915                           /usr/lib/libsasl2.so.3.0.0
f7021000-f7023000 rw-p 00000000 00:00 0 
f7023000-f7037000 r-xp 00000000 08:04 16831772                           /usr/lib/libresolv-2.28.so
f7037000-f7038000 ---p 00014000 08:04 16831772                           /usr/lib/libresolv-2.28.so
f7038000-f7039000 r--p 00014000 08:04 16831772                           /usr/lib/libresolv-2.28.so
f7039000-f703a000 rw-p 00015000 08:04 16831772                           /usr/lib/libresolv-2.28.so
f703a000-f703c000 rw-p 00000000 00:00 0 
f703c000-f703f000 r-xp 00000000 08:04 17191893                           /usr/lib/libkeyutils.so.1.6
f703f000-f7040000 ---p 00003000 08:04 17191893                           /usr/lib/libkeyutils.so.1.6
f7040000-f7041000 r--p 00003000 08:04 17191893                           /usr/lib/libkeyutils.so.1.6
f7041000-f7042000 rw-p 00000000 00:00 0 
f7042000-f7052000 r-xp 00000000 08:04 17021560                           /usr/lib/libkrb5support.so.0.1
f7052000-f7053000 r--p 0000f000 08:04 17021560                           /usr/lib/libkrb5support.so.0.1
f7053000-f7054000 rw-p 00010000 08:04 17021560                           /usr/lib/libkrb5support.so.0.1
f7054000-f705c000 r-xp 00000000 08:04 16831774                           /usr/lib/librt-2.28.so
f705c000-f705d000 r--p 00007000 08:04 16831774                           /usr/lib/librt-2.28.so
f705d000-f705e000 rw-p 00008000 08:04 16831774                           /usr/lib/librt-2.28.so
f705e000-f71dd000 r-xp 00000000 08:04 17021545                           /usr/lib/libunistring.so.2.1.0
f71dd000-f71de000 ---p 0017f000 08:04 17021545                           /usr/lib/libunistring.so.2.1.0
f71de000-f71e0000 r--p 0017f000 08:04 17021545                           /usr/lib/libunistring.so.2.1.0
f71e0000-f71e1000 rw-p 00181000 08:04 17021545                           /usr/lib/libunistring.so.2.1.0
f71e1000-f720b000 r-xp 00000000 08:04 18654292                           /usr/lib/liblzma.so.5.2.4
f720b000-f720c000 r--p 00029000 08:04 18654292                           /usr/lib/liblzma.so.5.2.4
f720c000-f720d000 rw-p 00000000 00:00 0 
f720d000-f7219000 r-xp 00000000 08:04 17191936                           /usr/lib/libbrotlidec.so.1.0.6
f7219000-f721a000 r--p 0000b000 08:04 17191936                           /usr/lib/libbrotlidec.so.1.0.6
f721a000-f721b000 rw-p 00000000 00:00 0 
f721b000-f722a000 r-xp 00000000 08:04 17191918                           /usr/lib/liblber-2.4.so.2.10.9
f722a000-f722b000 r--p 0000e000 08:04 17191918                           /usr/lib/liblber-2.4.so.2.10.9
f722b000-f722c000 rw-p 0000f000 08:04 17191918                           /usr/lib/liblber-2.4.so.2.10.9
f722c000-f7281000 r-xp 00000000 08:04 17191920                           /usr/lib/libldap-2.4.so.2.10.9
f7281000-f7282000 ---p 00055000 08:04 17191920                           /usr/lib/libldap-2.4.so.2.10.9
f7282000-f7283000 r--p 00055000 08:04 17191920                           /usr/lib/libldap-2.4.so.2.10.9
f7283000-f7284000 rw-p 00056000 08:04 17191920                           /usr/lib/libldap-2.4.so.2.10.9
f7284000-f7286000 rw-p 00000000 00:00 0 
f7286000-f7289000 r-xp 00000000 08:04 16994899                           /usr/lib/libcom_err.so.2.1
f7289000-f728a000 r--p 00002000 08:04 16994899                           /usr/lib/libcom_err.so.2.1
f728a000-f728b000 rw-p 00003000 08:04 16994899                           /usr/lib/libcom_err.so.2.1
f728b000-f72a1000 r-xp 00000000 08:04 17021552                           /usr/lib/libk5crypto.so.3.1
f72a1000-f72a2000 ---p 00016000 08:04 17021552                           /usr/lib/libk5crypto.so.3.1
f72a2000-f72a3000 r--p 00016000 08:04 17021552                           /usr/lib/libk5crypto.so.3.1
f72a3000-f72a4000 rw-p 00017000 08:04 17021552                           /usr/lib/libk5crypto.so.3.1
f72a4000-f7387000 r-xp 00000000 08:04 17021558                           /usr/lib/libkrb5.so.3.3
f7387000-f738e000 r--p 000e2000 08:04 17021558                           /usr/lib/libkrb5.so.3.3
f738e000-f738f000 rw-p 000e9000 08:04 17021558                           /usr/lib/libkrb5.so.3.3
f738f000-f73ea000 r-xp 00000000 08:04 17021548                           /usr/lib/libgssapi_krb5.so.2.2
f73ea000-f73ec000 r--p 0005a000 08:04 17021548                           /usr/lib/libgssapi_krb5.so.2.2
f73ec000-f73ed000 rw-p 0005c000 08:04 17021548                           /usr/lib/libgssapi_krb5.so.2.2
f73ed000-f769e000 r-xp 00000000 08:04 18627877                           /usr/lib/libcrypto.so.1.1.1k
f769e000-f76b7000 r--p 002b0000 08:04 18627877                           /usr/lib/libcrypto.so.1.1.1k
f76b7000-f76b9000 rw-p 002c9000 08:04 18627877                           /usr/lib/libcrypto.so.1.1.1k
f76b9000-f76bd000 rw-p 00000000 00:00 0 
f76bd000-f774f000 r-xp 00000000 08:04 18627879                           /usr/lib/libssl.so.1.1.1k
f774f000-f7755000 r--p 00091000 08:04 18627879                           /usr/lib/libssl.so.1.1.1k
f7755000-f7759000 rw-p 00097000 08:04 18627879                           /usr/lib/libssl.so.1.1.1k
f7759000-f7769000 r-xp 00000000 08:04 18660120                           /usr/lib/libpsl.so.5.3.1
f7769000-f776a000 r--p 0000f000 08:04 18660120                           /usr/lib/libpsl.so.5.3.1
f776a000-f776b000 rw-p 00000000 00:00 0 
f776b000-f77e8000 r-xp 00000000 08:04 16994901                           /usr/lib/libssh.so.4.8.7
f77e8000-f77e9000 ---p 0007d000 08:04 16994901                           /usr/lib/libssh.so.4.8.7
f77e9000-f77ea000 r--p 0007d000 08:04 16994901                           /usr/lib/libssh.so.4.8.7
f77ea000-f77eb000 rw-p 0007e000 08:04 16994901                           /usr/lib/libssh.so.4.8.7
f77eb000-f7808000 r-xp 00000000 08:04 17040588                           /usr/lib/libidn2.so.0.3.6
f7808000-f7809000 r--p 0001c000 08:04 17040588                           /usr/lib/libidn2.so.0.3.6
f7809000-f780a000 rw-p 00000000 00:00 0 
f780a000-f7832000 r-xp 00000000 08:04 17191891                           /usr/lib/libnghttp2.so.14.17.0
f7832000-f7833000 r--p 00027000 08:04 17191891                           /usr/lib/libnghttp2.so.14.17.0
f7833000-f7835000 rw-p 00028000 08:04 17191891                           /usr/lib/libnghttp2.so.14.17.0
f7835000-f79d7000 r-xp 00000000 08:04 16831756                           /usr/lib/libc-2.28.so
f79d7000-f79d8000 ---p 001a2000 08:04 16831756                           /usr/lib/libc-2.28.so
f79d8000-f79da000 r--p 001a2000 08:04 16831756                           /usr/lib/libc-2.28.so
f79da000-f79db000 rw-p 001a4000 08:04 16831756                           /usr/lib/libc-2.28.so
f79db000-f79e0000 rw-p 00000000 00:00 0 
f79e0000-f79fb000 r-xp 00000000 08:04 16985139                           /usr/lib/libgcc_s-8-20210514.so.1
f79fb000-f79fc000 r--p 0001a000 08:04 16985139                           /usr/lib/libgcc_s-8-20210514.so.1
f79fc000-f79fd000 rw-p 0001b000 08:04 16985139                           /usr/lib/libgcc_s-8-20210514.so.1
f79fd000-f7acd000 r-xp 00000000 08:04 16831760                           /usr/lib/libm-2.28.so
f7acd000-f7ace000 r--p 000cf000 08:04 16831760                           /usr/lib/libm-2.28.so
f7ace000-f7acf000 rw-p 000d0000 08:04 16831760                           /usr/lib/libm-2.28.so
f7acf000-f7c58000 r-xp 00000000 08:04 16985145                           /usr/lib/libstdc++.so.6.0.25
f7c58000-f7c59000 ---p 00189000 08:04 16985145                           /usr/lib/libstdc++.so.6.0.25
f7c59000-f7c5f000 r--p 00189000 08:04 16985145                           /usr/lib/libstdc++.so.6.0.25
f7c5f000-f7c60000 rw-p 0018f000 08:04 16985145                           /usr/lib/libstdc++.so.6.0.25
f7c60000-f7c62000 rw-p 00000000 00:00 0 
f7c62000-f7c79000 r-xp 00000000 08:04 16963437                           /usr/lib/libz.so.1.2.11
f7c79000-f7c7a000 ---p 00017000 08:04 16963437                           /usr/lib/libz.so.1.2.11
f7c7a000-f7c7b000 r--p 00017000 08:04 16963437                           /usr/lib/libz.so.1.2.11
f7c7b000-f7c7c000 rw-p 00000000 00:00 0 
f7c7c000-f7df9000 r-xp 00000000 08:04 16963397                           /usr/lib/libxml2.so.2.9.7
f7df9000-f7dfe000 r--p 0017c000 08:04 16963397                           /usr/lib/libxml2.so.2.9.7
f7dfe000-f7dff000 rw-p 00181000 08:04 16963397                           /usr/lib/libxml2.so.2.9.7
f7dff000-f7e00000 rw-p 00000000 00:00 0 
f7e00000-f7e1c000 r-xp 00000000 08:04 16831770                           /usr/lib/libpthread-2.28.so
f7e1c000-f7e1d000 r--p 0001b000 08:04 16831770                           /usr/lib/libpthread-2.28.so
f7e1d000-f7e1e000 rw-p 0001c000 08:04 16831770                           /usr/lib/libpthread-2.28.so
f7e1e000-f7e20000 rw-p 00000000 00:00 0 
f7e20000-f7e94000 r-xp 00000000 08:04 16818911                           /usr/lib/libpcre.so.1.2.10
f7e94000-f7e95000 ---p 00074000 08:04 16818911                           /usr/lib/libpcre.so.1.2.10
f7e95000-f7e96000 r--p 00074000 08:04 16818911                           /usr/lib/libpcre.so.1.2.10
f7e96000-f7e97000 rw-p 00075000 08:04 16818911                           /usr/lib/libpcre.so.1.2.10
f7e97000-f7e9a000 r-xp 00000000 08:04 16831758                           /usr/lib/libdl-2.28.so
f7e9a000-f7e9b000 r--p 00002000 08:04 16831758                           /usr/lib/libdl-2.28.so
f7e9b000-f7e9c000 rw-p 00003000 08:04 16831758                           /usr/lib/libdl-2.28.so
f7e9c000-f7f39000 r-xp 00000000 08:04 16994905                           /usr/lib/libcurl.so.4.5.0
f7f39000-f7f3b000 r--p 0009c000 08:04 16994905                           /usr/lib/libcurl.so.4.5.0
f7f3b000-f7f3c000 rw-p 0009e000 08:04 16994905                           /usr/lib/libcurl.so.4.5.0
f7f3c000-f7f43000 r--s 00000000 08:04 176632422                          /usr/lib/gconv/gconv-modules.cache
f7f43000-f7f4b000 rw-s 00000000 08:04 151833492                          /tmp/hsperfdata_almalinux/1381124 (deleted)
f7f4b000-f7f4c000 ---p 00000000 00:00 0 
f7f4c000-f7f4d000 r--p 00000000 00:00 0 
f7f4d000-f7f4f000 rw-p 00000000 00:00 0 
f7f4f000-f7f53000 r--p 00000000 00:00 0                                  [vvar]
f7f53000-f7f55000 r-xp 00000000 00:00 0                                  [vdso]
f7f55000-f7f84000 r-xp 00000000 08:04 16831749                           /usr/lib/ld-2.28.so
f7f84000-f7f85000 ---p 00000000 00:00 0 
f7f85000-f7f86000 r--p 0002f000 08:04 16831749                           /usr/lib/ld-2.28.so
f7f86000-f7f87000 rw-p 00030000 08:04 16831749                           /usr/lib/ld-2.28.so
ffdaf000-ffdb0000 rwxp 00000000 00:00 0 
ffeb8000-fff74000 rw-p 00000000 00:00 0                                  [stack]


VM Arguments:
jvm_args: -Xms128m -Xmx512m -Xss768k -XX:MaxMetaspaceSize=96m -Xrs -XX:-UsePerfData -XX:-AllowUserSignalHandlers -XX:UseSSE=3 -XX+DoEscapeAnalysis -XX:AutoBoxCacheMax:2000 -XX:+OptimizeStringConcat -XX:+OptimizeFill -XX:+EliminateAutoBox -XX:+UseCompressedStrings -XX:+UseCompressedOops -XX:+EliminateLocks -XX:UseFastAccessorMethods -XX:+UseStringCache -XgcPrio:throughput -XXkeepAreaRatio:1 -XXlazyUnlocking -XXcallProfiling -XXcompactRatio:1 
java_command: <unknown>
java_class_path (initial): ../../data/sku.0/sys.server/compiled/game/
Launcher Type: generic

[Global flags]
     intx CICompilerCount                          = 3                                         {product} {ergonomic}
     uint ConcGCThreads                            = 1                                         {product} {ergonomic}
     uint G1ConcRefinementThreads                  = 4                                         {product} {ergonomic}
   size_t G1HeapRegionSize                         = 1048576                                   {product} {ergonomic}
    uintx GCDrainStackTargetSize                   = 64                                        {product} {ergonomic}
   size_t InitialHeapSize                          = 134217728                                 {product} {command line}
   size_t MarkStackSize                            = 32768                                     {product} {ergonomic}
   size_t MaxHeapSize                              = 536870912                                 {product} {command line}
   size_t MaxMetaspaceSize                         = 100663296                                 {product} {command line}
   size_t MaxNewSize                               = 321912832                                 {product} {ergonomic}
   size_t MinHeapDeltaBytes                        = 1048576                                   {product} {ergonomic}
   size_t MinHeapSize                              = 134217728                                 {product} {command line}
    uintx NonNMethodCodeHeapSize                   = 5544422                                {pd product} {ergonomic}
    uintx NonProfiledCodeHeapSize                  = 123056909                              {pd product} {ergonomic}
    uintx ProfiledCodeHeapSize                     = 123056909                              {pd product} {ergonomic}
    uintx ReservedCodeCacheSize                    = 251658240                              {pd product} {ergonomic}
     bool SegmentedCodeCache                       = true                                      {product} {ergonomic}
   size_t SoftMaxHeapSize                          = 536870912                              {manageable} {ergonomic}
   double SweeperThreshold                         = 0.500000                                  {product} {ergonomic}
     intx ThreadStackSize                          = 768                                    {pd product} {command line}
     bool UseG1GC                                  = true                                      {product} {ergonomic}

Logging:
Log output configuration:
 #0: stdout all=off uptime,level,tags
 #1: stderr all=off uptime,level,tags

Environment Variables:
JAVA_HOME=/usr/lib/jvm/zulu-17-x86
PATH=/usr/java/jdk1.7.0_80/bin:/usr/java/jdk1.7.0_80/bin:/usr/java/jdk1.6.0_45/bin:/usr/java/jdk1.6.0_45/bin:/usr/java/jdk1.6.0_45/bin:/home/almalinux/.local/bin:/home/almalinux/bin:/sbin:/bin:/usr/bin:/usr/local/bin:/usr/local/sbin:/usr/sbin:/usr/lib/oracle/18.3/client/bin:/usr/lib/oracle/18.3/client/bin:/usr/lib/jvm/java-11-openjdk/bin:./
LD_LIBRARY_PATH=/usr/lib/jvm/java-17-zulu-openjdk-jdk-x86/lib/server:/usr/lib/jvm/java-17-zulu-openjdk-jdk-x86/lib:/usr/lib/jvm/java-17-zulu-openjdk-jdk-x86/../lib:/usr/lib/jvm/zulu-17-x86/lib/server/:/usr/lib/jvm/java-11-openjdk/lib:/usr/lib/jvm/java-11-openjdk/lib/server:./
SHELL=/bin/bash
DISPLAY=:10.0
LANG=en_US.UTF-8
TERM=xterm-256color

Active Locale:
LC_ALL=en_US.UTF-8
LC_COLLATE=en_US.UTF-8
LC_CTYPE=en_US.UTF-8
LC_MESSAGES=en_US.UTF-8
LC_MONETARY=en_US.UTF-8
LC_NUMERIC=en_US.UTF-8
LC_TIME=en_US.UTF-8

Signal Handlers:
   SIGSEGV: crash_handler in libjvm.so, mask=11100100010111111101111111111110, flags=SA_RESTART|SA_SIGINFO, unblocked
    SIGBUS: crash_handler in libjvm.so, mask=11100100010111111101111111111110, flags=SA_RESTART|SA_SIGINFO, unblocked
    SIGFPE: crash_handler in libjvm.so, mask=11100100010111111101111111111110, flags=SA_RESTART|SA_SIGINFO, unblocked
   SIGPIPE: SIG_IGN, mask=00000000000010000000000000000000, flags=SA_RESTART, blocked
  *** Handler was modified!
  *** Expected: javaSignalHandler in libjvm.so, mask=11100100110111111111111111111110, flags=SA_RESTART|SA_SIGINFO
   SIGXFSZ: javaSignalHandler in libjvm.so, mask=11100100010111111101111111111110, flags=SA_RESTART|SA_SIGINFO, blocked
    SIGILL: crash_handler in libjvm.so, mask=11100100010111111101111111111110, flags=SA_RESTART|SA_SIGINFO, unblocked
   SIGUSR2: SR_handler in libjvm.so, mask=00100000000000000000000000000000, flags=SA_RESTART|SA_SIGINFO, blocked
    SIGHUP: UserHandler in libjvm.so, mask=11100100010111111101111111111110, flags=SA_RESTART|SA_SIGINFO, blocked
    SIGINT: UserHandler in libjvm.so, mask=11100100010111111101111111111110, flags=SA_RESTART|SA_SIGINFO, blocked
   SIGTERM: UserHandler in libjvm.so, mask=11100100010111111101111111111110, flags=SA_RESTART|SA_SIGINFO, blocked
   SIGQUIT: UserHandler in libjvm.so, mask=11100100010111111101111111111110, flags=SA_RESTART|SA_SIGINFO, blocked
   SIGTRAP: crash_handler in libjvm.so, mask=11100100010111111101111111111110, flags=SA_RESTART|SA_SIGINFO, unblocked


Periodic native trim disabled


---------------  S Y S T E M  ---------------

OS:
AlmaLinux release 8.10 (Cerulean Leopard)
uname: Linux 4.18.0-553.81.1.el8_10.x86_64 #1 SMP Mon Oct 27 11:29:19 EDT 2025 x86_64
OS uptime: 33 days 15:36 hours
libc: glibc 2.28 NPTL 2.28 
rlimit (soft/hard): STACK 8192k/infinity , CORE 0k/infinity , NPROC 61995/61995 , NOFILE 262144/262144 , AS infinity/infinity , CPU infinity/infinity , DATA infinity/infinity , FSIZE infinity/infinity , MEMLOCK 64k/64k
load average: 39.33 41.32 37.89

/proc/meminfo:
MemTotal:       16014448 kB
MemFree:          970148 kB
MemAvailable:    2633776 kB
Buffers:            1064 kB
Cached:          4070420 kB
SwapCached:        38572 kB
Active:          2814612 kB
Inactive:       11616076 kB
Active(anon):    2010464 kB
Inactive(anon): 10709632 kB
Active(file):     804148 kB
Inactive(file):   906444 kB
Unevictable:        3104 kB
Mlocked:              16 kB
SwapTotal:       8388604 kB
SwapFree:        6915676 kB
Dirty:               128 kB
Writeback:             0 kB
AnonPages:      10336540 kB
Mapped:          1552424 kB
Shmem:           2360816 kB
KReclaimable:     146464 kB
Slab:             276060 kB
SReclaimable:     146464 kB
SUnreclaim:       129596 kB
KernelStack:       24720 kB
PageTables:       159096 kB
NFS_Unstable:          0 kB
Bounce:                0 kB
WritebackTmp:          0 kB
CommitLimit:    16395828 kB
Committed_AS:   26272616 kB
VmallocTotal:   34359738367 kB
VmallocUsed:       70892 kB
VmallocChunk:          0 kB
Percpu:             2704 kB
HardwareCorrupted:     0 kB
AnonHugePages:         0 kB
ShmemHugePages:        0 kB
ShmemPmdMapped:        0 kB
FileHugePages:         0 kB
FilePmdMapped:         0 kB
HugePages_Total:       0
HugePages_Free:        0
HugePages_Rsvd:        0
HugePages_Surp:        0
Hugepagesize:       2048 kB
Hugetlb:               0 kB
DirectMap4k:     2512748 kB
DirectMap2M:    13871104 kB

/sys/kernel/mm/transparent_hugepage/enabled: always madvise [never]
/sys/kernel/mm/transparent_hugepage/hpage_pmd_size: 2097152
/sys/kernel/mm/transparent_hugepage/defrag (defrag/compaction efforts parameter): always defer defer+madvise [madvise] never

Process Memory:
Virtual Size: 1011028K (peak: 1018704K)
Resident Set Size: 162104K (peak: 164348K) (anon: 129172K, file: 32932K, shmem: 0K)
Swapped out: 0K
C-Heap outstanding allocations: 17694K, retained: 83165K
glibc malloc tunables: (default)

/proc/sys/kernel/threads-max (system-wide limit on the number of threads): 123991
/proc/sys/vm/max_map_count (maximum number of memory map areas a process may have): 1677720
/proc/sys/kernel/pid_max (system-wide limit on number of process identifiers): 4194304

container (cgroup) information:
container_type: cgroupv1
cpu_cpuset_cpus: 0-3
cpu_memory_nodes: 0
active_processor_count: 4
cpu_quota: no quota
cpu_period: 100000
cpu_shares: no shares
memory_limit_in_bytes: unlimited
memory_and_swap_limit_in_bytes: unlimited
memory_soft_limit_in_bytes: unlimited
memory_usage_in_bytes: 13857104 k
memory_max_usage_in_bytes: 14783012 k
kernel_memory_usage_in_bytes: 250832 k
kernel_memory_max_usage_in_bytes: unlimited
kernel_memory_limit_in_bytes: 985464 k
maximum number of tasks: unlimited
current number of tasks: 836

KVM virtualization detected
Steal ticks since vm start: 105
Steal ticks percentage since vm start:  0.000

CPU: total 4 (initial active 4) (1 cores per cpu, 1 threads per core) family 6 model 60 stepping 1 microcode 0x1, cx8, cmov, fxsr, mmx, sse, sse2, sse3, ssse3, sse4.1, sse4.2, popcnt, lzcnt, tsc, avx, avx2, aes, erms, clmul, bmi1, bmi2, fma, vzeroupper, clflush, hv
CPU Model and flags from /proc/cpuinfo:
model name	: Intel Core Processor (Haswell, no TSX)
flags		: fpu vme de pse tsc msr pae mce cx8 apic sep mtrr pge mca cmov pat pse36 clflush mmx fxsr sse sse2 syscall nx rdtscp lm constant_tsc rep_good nopl xtopology cpuid tsc_known_freq pni pclmulqdq vmx ssse3 fma cx16 pcid sse4_1 sse4_2 x2apic movbe popcnt tsc_deadline_timer aes xsave avx f16c rdrand hypervisor lahf_lm abm cpuid_fault invpcid_single pti tpr_shadow vnmi flexpriority ept vpid ept_ad fsgsbase bmi1 avx2 smep bmi2 erms invpcid xsaveopt arat md_clear

Online cpus: 0-3
Offline cpus: 
BIOS frequency limitation: <Not Available>
Frequency switch latency (ns): <Not Available>
Available cpu frequencies: <Not Available>
Current governor: <Not Available>
Core performance/turbo boost: <Not Available>

Memory: 4k page, physical 16014448k(970148k free), swap 8388604k(6915676k free)
Page Sizes: 4k

vm_info: OpenJDK Server VM (17.0.11+9-LTS) for linux-x86 JRE (17.0.11+9-LTS) (Zulu17.50+19-CA), built on Apr  9 2024 07:14:46 by "zulu_re" with gcc 8.3.0

END.
