#
# A fatal error has been detected by the Java Runtime Environment:
#
#  SIGSEGV (0xb) at pc=0xf78e2618, pid=1415215, tid=1415215
#
# JRE version: OpenJDK Runtime Environment Zulu17.50+19-CA (17.0.11+9) (build 17.0.11+9-LTS)
# Java VM: OpenJDK Server VM Zulu17.50+19-CA (17.0.11+9-LTS, mixed mode, sharing, tiered, g1 gc, linux-x86)
# Problematic frame:
# C  [libc.so.6+0x84618]  cfree+0x28
#
# Core dump will be written. Default location: Core dumps may be processed with "/usr/lib/systemd/systemd-coredump %P %u %g %s %t %c %h %e" (or dumping to /home/almalinux/swg-returns-nge/exe/linux/core.1415215)
#
# If you would like to submit a bug report, please visit:
#   http://www.azul.com/support/
#

---------------  S U M M A R Y ------------

Command Line: -Xms128m -Xmx512m -Xss768k -XX:MaxMetaspaceSize=96m -Xrs -XX:-UsePerfData -XX:-AllowUserSignalHandlers -XX:UseSSE=3 -XX+DoEscapeAnalysis -XX:AutoBoxCacheMax:2000 -XX:+OptimizeStringConcat -XX:+OptimizeFill -XX:+EliminateAutoBox -XX:+UseCompressedStrings -XX:+UseCompressedOops -XX:+EliminateLocks -XX:UseFastAccessorMethods -XX:+UseStringCache -XgcPrio:throughput -XXkeepAreaRatio:1 -XXlazyUnlocking -XXcallProfiling -XXcompactRatio:1 

Host: Intel Core Processor (Haswell, no TSX), 4 cores, 15G, AlmaLinux release 8.10 (Cerulean Leopard)
Time: Sun Jan 25 19:44:00 2026 UTC elapsed time: 416.897625 seconds (0d 0h 6m 56s)

---------------  T H R E A D  ---------------

Current thread is native thread

Stack: [0xffe9f000,0xfff5f000],  sp=0xfff5c2f0,  free space=756k
Native frames: (J=compiled Java code, j=interpreted, Vv=VM code, C=native code)
C  [libc.so.6+0x84618]  cfree+0x28


siginfo: si_signo: 11 (SIGSEGV), si_code: 1 (SEGV_MAPERR), si_addr: 0x00000003

Registers:
EAX=0x00000000, EBX=0x00000007, ECX=0xf6f2084c, EDX=0x0af81d88
ESP=0xfff5c2f0, EBP=0xfff5c428, ESI=0xf7a03000, EDI=0x00000000
EIP=0xf78e2618, EFLAGS=0x00210202, CR2=0x0000000000000003


Top of Stack: (sp=0xfff5c2f0)
0xfff5c2f0:   0ac05010 00000000 fff5c428 f7b6ff1c
0xfff5c300:   0ac050a0 f7c86a04 0af81d60 f7b6ff1c
0xfff5c310:   00000007 f7b6ff0a f7c86a04 f7b6ff4c
0xfff5c320:   0ac050a0 f7b6ff0a 0af85b00 085b6163
0xfff5c330:   00000007 0ac05010 0ac04d20 085bb8d1
0xfff5c340:   0ac05010 0ac04d20 00000000 085bb89b
0xfff5c350:   0c4195e0 fff5c377 fff5c39c 085c6969
0xfff5c360:   087d6c00 fff5c39c fff5c428 084fc53b
0xfff5c370:   00000014 00010002 00000000 00000000
0xfff5c380:   01010100 00000001 09aa44c0 00000000
0xfff5c390:   00000000 00000000 00000000 00000000
0xfff5c3a0:   00000000 00000015 fff5c4f8 f78936ff
0xfff5c3b0:   f7a0341c 47677753 53656d61 65767265
0xfff5c3c0:   34313a72 31323531 09290035 0af67120
0xfff5c3d0:   08ea0100 08ebc230 08ea5888 f7a0341c
0xfff5c3e0:   00000428 00000420 f7893779 085758fd
0xfff5c3f0:   08ea2a80 09b1ea78 08ea5888 08574f56
0xfff5c400:   0929a2c4 0929a2c4 fff5c4f8 08ea583b
0xfff5c410:   0000000c fff5c4c4 fff5c440 f7a03000
0xfff5c420:   00000000 08575910 00000000 f787bf26
0xfff5c430:   00000000 08575910 00000000 f787bf26
0xfff5c440:   0000000c fff5c4c4 fff5c4f8 fff5c464
0xfff5c450:   0929a2d0 00000000 fff5c4f8 f7a03000
0xfff5c460:   f786b75c f7a03000 00000000 08575910
0xfff5c470:   00000000 9a10d446 7ee59c56 00000000
0xfff5c480:   00000000 00000000 f7f824d0 f787be30
0xfff5c490:   084fc260 0929a2c4 0000000c 08575946
0xfff5c4a0:   084fc260 0000000c fff5c4c4 08ea57f0
0xfff5c4b0:   08ea5850 f7f824d0 fff5c4bc f7faf970
0xfff5c4c0:   0000000c fff5d62e fff5d640 fff5d643
0xfff5c4d0:   fff5d655 fff5d658 fff5d663 fff5d687
0xfff5c4e0:   fff5d697 fff5d6aa fff5d6cd fff5d6d0 

Instructions: (pc=0xf78e2618)
0xf78e2518:   50 8d 96 86 f7 fa ff 8d 86 d0 2f fb ff e8 c6 b7
0xf78e2528:   ff ff 8d b6 00 00 00 00 bb 20 00 00 00 e9 5e fe
0xf78e2538:   ff ff e8 a1 c0 ff ff 89 c5 85 c0 0f 85 68 ff ff
0xf78e2548:   ff 31 d2 8d 44 3b 10 e8 8c c1 ff ff 89 da 89 f9
0xf78e2558:   89 c5 e8 11 f0 ff ff 89 c2 85 c0 75 1b 85 ed 74
0xf78e2568:   17 90 89 fa 89 e8 e8 bd c5 ff ff 89 da 89 f9 89
0xf78e2578:   c5 e8 f2 ef ff ff 89 c2 85 ed 0f 84 57 ff ff ff
0xf78e2588:   e9 39 ff ff ff 8d 86 b8 31 fb ff 83 ec 0c b9 25
0xf78e2598:   0d 00 00 50 8d 96 86 f7 fa ff 8d 86 74 2f fb ff
0xf78e25a8:   e8 43 b7 ff ff 8d 76 00 f3 0f 1e fb e8 0a 9a f9
0xf78e25b8:   ff 05 47 0a 12 00 56 53 83 ec 04 8b 5c 24 10 8b
0xf78e25c8:   74 24 14 8b 80 50 ff ff ff c7 00 00 00 00 00 e8
0xf78e25d8:   54 bb ff ff 8b 4c 24 0c 83 c4 04 89 f2 89 d8 5b
0xf78e25e8:   5e e9 42 fd ff ff 66 90 f3 0f 1e fb 56 e8 9a 9b
0xf78e25f8:   f9 ff 81 c6 06 0a 12 00 53 83 ec 14 8b 5c 24 20
0xf78e2608:   8b 86 5c ff ff ff 8b 00 85 c0 75 6c 85 db 74 75
0xf78e2618:   8b 4b fc 8d 53 f8 f6 c1 02 75 35 8b 86 70 fe ff
0xf78e2628:   ff 65 8b 00 85 c0 0f 84 8c 00 00 00 83 e1 04 8d
0xf78e2638:   86 60 07 00 00 74 09 89 d0 25 00 00 f0 ff 8b 00
0xf78e2648:   83 c4 14 31 c9 5b 5e e9 8c cb ff ff 8d 74 26 00
0xf78e2658:   8b 9e 60 01 00 00 85 db 75 10 3b 8e 48 01 00 00
0xf78e2668:   76 08 81 f9 00 00 08 00 76 26 83 c4 14 89 d0 5b
0xf78e2678:   5e e9 92 b8 ff ff 66 90 83 ec 08 ff 74 24 24 53
0xf78e2688:   ff d0 83 c4 10 83 c4 14 5b 5e c3 8d 74 26 00 90
0xf78e2698:   39 96 80 1d 00 00 77 08 39 96 7c 1d 00 00 77 ca
0xf78e26a8:   83 e1 f8 8d 04 09 89 8e 48 01 00 00 89 86 40 01
0xf78e26b8:   00 00 90 eb b5 8d 76 00 8b 86 74 fe ff ff 65 80
0xf78e26c8:   38 00 0f 85 64 ff ff ff 89 54 24 0c e8 97 ed ff
0xf78e26d8:   ff 8b 4b fc 8b 54 24 0c e9 4f ff ff ff 8d b4 26
0xf78e26e8:   00 00 00 00 8d 74 26 00 f3 0f 1e fb 55 57 56 e8
0xf78e26f8:   98 9a f9 ff 81 c6 04 09 12 00 53 83 ec 0c 8b 86
0xf78e2708:   70 fe ff ff 8b 96 74 fe ff ff 65 8b 28 65 c6 02 



---------------  P R O C E S S  ---------------

VM state: at safepoint (shutting down)

VM Mutex/Monitor currently owned by a thread:  ([mutex/lock_event])
[0xf5e21d30] Threads_lock - owner thread: 0xc4294cf0

GC Precious Log:
<Skipped>

Heap:
 garbage-first heap   total 131072K, used 15496K [0xc5c00000, 0xe5c00000)
  region size 1024K, 15 young (15360K), 2 survivors (2048K)
 Metaspace       used 4188K, committed 4480K, reserved 16384K

Heap Regions: E=young(eden), S=young(survivor), O=old, HS=humongous(starts), HC=humongous(continues), CS=collection set, F=free, OA=open archive, CA=closed archive, TAMS=top-at-mark-start (previous, next)
|   0|0xc5c00000, 0xc5c5a600, 0xc5d00000| 35%| O|  |TAMS 0xc5c00000, 0xc5c00000| Untracked 
|   1|0xc5d00000, 0xc5d00000, 0xc5e00000|  0%| F|  |TAMS 0xc5d00000, 0xc5d00000| Untracked 
|   2|0xc5e00000, 0xc5e00000, 0xc5f00000|  0%| F|  |TAMS 0xc5e00000, 0xc5e00000| Untracked 
|   3|0xc5f00000, 0xc5f00000, 0xc6000000|  0%| F|  |TAMS 0xc5f00000, 0xc5f00000| Untracked 
|   4|0xc6000000, 0xc6000000, 0xc6100000|  0%| F|  |TAMS 0xc6000000, 0xc6000000| Untracked 
|   5|0xc6100000, 0xc6100000, 0xc6200000|  0%| F|  |TAMS 0xc6100000, 0xc6100000| Untracked 
|   6|0xc6200000, 0xc6200000, 0xc6300000|  0%| F|  |TAMS 0xc6200000, 0xc6200000| Untracked 
|   7|0xc6300000, 0xc6300000, 0xc6400000|  0%| F|  |TAMS 0xc6300000, 0xc6300000| Untracked 
|   8|0xc6400000, 0xc6400000, 0xc6500000|  0%| F|  |TAMS 0xc6400000, 0xc6400000| Untracked 
|   9|0xc6500000, 0xc6500000, 0xc6600000|  0%| F|  |TAMS 0xc6500000, 0xc6500000| Untracked 
|  10|0xc6600000, 0xc6600000, 0xc6700000|  0%| F|  |TAMS 0xc6600000, 0xc6600000| Untracked 
|  11|0xc6700000, 0xc6700000, 0xc6800000|  0%| F|  |TAMS 0xc6700000, 0xc6700000| Untracked 
|  12|0xc6800000, 0xc6800000, 0xc6900000|  0%| F|  |TAMS 0xc6800000, 0xc6800000| Untracked 
|  13|0xc6900000, 0xc6900000, 0xc6a00000|  0%| F|  |TAMS 0xc6900000, 0xc6900000| Untracked 
|  14|0xc6a00000, 0xc6a00000, 0xc6b00000|  0%| F|  |TAMS 0xc6a00000, 0xc6a00000| Untracked 
|  15|0xc6b00000, 0xc6b00000, 0xc6c00000|  0%| F|  |TAMS 0xc6b00000, 0xc6b00000| Untracked 
|  16|0xc6c00000, 0xc6c00000, 0xc6d00000|  0%| F|  |TAMS 0xc6c00000, 0xc6c00000| Untracked 
|  17|0xc6d00000, 0xc6d00000, 0xc6e00000|  0%| F|  |TAMS 0xc6d00000, 0xc6d00000| Untracked 
|  18|0xc6e00000, 0xc6e00000, 0xc6f00000|  0%| F|  |TAMS 0xc6e00000, 0xc6e00000| Untracked 
|  19|0xc6f00000, 0xc6f00000, 0xc7000000|  0%| F|  |TAMS 0xc6f00000, 0xc6f00000| Untracked 
|  20|0xc7000000, 0xc7000000, 0xc7100000|  0%| F|  |TAMS 0xc7000000, 0xc7000000| Untracked 
|  21|0xc7100000, 0xc7100000, 0xc7200000|  0%| F|  |TAMS 0xc7100000, 0xc7100000| Untracked 
|  22|0xc7200000, 0xc7200000, 0xc7300000|  0%| F|  |TAMS 0xc7200000, 0xc7200000| Untracked 
|  23|0xc7300000, 0xc7300000, 0xc7400000|  0%| F|  |TAMS 0xc7300000, 0xc7300000| Untracked 
|  24|0xc7400000, 0xc7400000, 0xc7500000|  0%| F|  |TAMS 0xc7400000, 0xc7400000| Untracked 
|  25|0xc7500000, 0xc7500000, 0xc7600000|  0%| F|  |TAMS 0xc7500000, 0xc7500000| Untracked 
|  26|0xc7600000, 0xc7600000, 0xc7700000|  0%| F|  |TAMS 0xc7600000, 0xc7600000| Untracked 
|  27|0xc7700000, 0xc7700000, 0xc7800000|  0%| F|  |TAMS 0xc7700000, 0xc7700000| Untracked 
|  28|0xc7800000, 0xc7800000, 0xc7900000|  0%| F|  |TAMS 0xc7800000, 0xc7800000| Untracked 
|  29|0xc7900000, 0xc7900000, 0xc7a00000|  0%| F|  |TAMS 0xc7900000, 0xc7900000| Untracked 
|  30|0xc7a00000, 0xc7a00000, 0xc7b00000|  0%| F|  |TAMS 0xc7a00000, 0xc7a00000| Untracked 
|  31|0xc7b00000, 0xc7b00000, 0xc7c00000|  0%| F|  |TAMS 0xc7b00000, 0xc7b00000| Untracked 
|  32|0xc7c00000, 0xc7c00000, 0xc7d00000|  0%| F|  |TAMS 0xc7c00000, 0xc7c00000| Untracked 
|  33|0xc7d00000, 0xc7d00000, 0xc7e00000|  0%| F|  |TAMS 0xc7d00000, 0xc7d00000| Untracked 
|  34|0xc7e00000, 0xc7e00000, 0xc7f00000|  0%| F|  |TAMS 0xc7e00000, 0xc7e00000| Untracked 
|  35|0xc7f00000, 0xc7f00000, 0xc8000000|  0%| F|  |TAMS 0xc7f00000, 0xc7f00000| Untracked 
|  36|0xc8000000, 0xc8000000, 0xc8100000|  0%| F|  |TAMS 0xc8000000, 0xc8000000| Untracked 
|  37|0xc8100000, 0xc8100000, 0xc8200000|  0%| F|  |TAMS 0xc8100000, 0xc8100000| Untracked 
|  38|0xc8200000, 0xc8200000, 0xc8300000|  0%| F|  |TAMS 0xc8200000, 0xc8200000| Untracked 
|  39|0xc8300000, 0xc8300000, 0xc8400000|  0%| F|  |TAMS 0xc8300000, 0xc8300000| Untracked 
|  40|0xc8400000, 0xc8400000, 0xc8500000|  0%| F|  |TAMS 0xc8400000, 0xc8400000| Untracked 
|  41|0xc8500000, 0xc8500000, 0xc8600000|  0%| F|  |TAMS 0xc8500000, 0xc8500000| Untracked 
|  42|0xc8600000, 0xc8600000, 0xc8700000|  0%| F|  |TAMS 0xc8600000, 0xc8600000| Untracked 
|  43|0xc8700000, 0xc8700000, 0xc8800000|  0%| F|  |TAMS 0xc8700000, 0xc8700000| Untracked 
|  44|0xc8800000, 0xc8800000, 0xc8900000|  0%| F|  |TAMS 0xc8800000, 0xc8800000| Untracked 
|  45|0xc8900000, 0xc8900000, 0xc8a00000|  0%| F|  |TAMS 0xc8900000, 0xc8900000| Untracked 
|  46|0xc8a00000, 0xc8a00000, 0xc8b00000|  0%| F|  |TAMS 0xc8a00000, 0xc8a00000| Untracked 
|  47|0xc8b00000, 0xc8b00000, 0xc8c00000|  0%| F|  |TAMS 0xc8b00000, 0xc8b00000| Untracked 
|  48|0xc8c00000, 0xc8c00000, 0xc8d00000|  0%| F|  |TAMS 0xc8c00000, 0xc8c00000| Untracked 
|  49|0xc8d00000, 0xc8d00000, 0xc8e00000|  0%| F|  |TAMS 0xc8d00000, 0xc8d00000| Untracked 
|  50|0xc8e00000, 0xc8e00000, 0xc8f00000|  0%| F|  |TAMS 0xc8e00000, 0xc8e00000| Untracked 
|  51|0xc8f00000, 0xc8f00000, 0xc9000000|  0%| F|  |TAMS 0xc8f00000, 0xc8f00000| Untracked 
|  52|0xc9000000, 0xc9000000, 0xc9100000|  0%| F|  |TAMS 0xc9000000, 0xc9000000| Untracked 
|  53|0xc9100000, 0xc9100000, 0xc9200000|  0%| F|  |TAMS 0xc9100000, 0xc9100000| Untracked 
|  54|0xc9200000, 0xc9200000, 0xc9300000|  0%| F|  |TAMS 0xc9200000, 0xc9200000| Untracked 
|  55|0xc9300000, 0xc9300000, 0xc9400000|  0%| F|  |TAMS 0xc9300000, 0xc9300000| Untracked 
|  56|0xc9400000, 0xc9400000, 0xc9500000|  0%| F|  |TAMS 0xc9400000, 0xc9400000| Untracked 
|  57|0xc9500000, 0xc9500000, 0xc9600000|  0%| F|  |TAMS 0xc9500000, 0xc9500000| Untracked 
|  58|0xc9600000, 0xc9600000, 0xc9700000|  0%| F|  |TAMS 0xc9600000, 0xc9600000| Untracked 
|  59|0xc9700000, 0xc9700000, 0xc9800000|  0%| F|  |TAMS 0xc9700000, 0xc9700000| Untracked 
|  60|0xc9800000, 0xc9800000, 0xc9900000|  0%| F|  |TAMS 0xc9800000, 0xc9800000| Untracked 
|  61|0xc9900000, 0xc9900000, 0xc9a00000|  0%| F|  |TAMS 0xc9900000, 0xc9900000| Untracked 
|  62|0xc9a00000, 0xc9a00000, 0xc9b00000|  0%| F|  |TAMS 0xc9a00000, 0xc9a00000| Untracked 
|  63|0xc9b00000, 0xc9b00000, 0xc9c00000|  0%| F|  |TAMS 0xc9b00000, 0xc9b00000| Untracked 
|  64|0xc9c00000, 0xc9c00000, 0xc9d00000|  0%| F|  |TAMS 0xc9c00000, 0xc9c00000| Untracked 
|  65|0xc9d00000, 0xc9d00000, 0xc9e00000|  0%| F|  |TAMS 0xc9d00000, 0xc9d00000| Untracked 
|  66|0xc9e00000, 0xc9e00000, 0xc9f00000|  0%| F|  |TAMS 0xc9e00000, 0xc9e00000| Untracked 
|  67|0xc9f00000, 0xc9f00000, 0xca000000|  0%| F|  |TAMS 0xc9f00000, 0xc9f00000| Untracked 
|  68|0xca000000, 0xca000000, 0xca100000|  0%| F|  |TAMS 0xca000000, 0xca000000| Untracked 
|  69|0xca100000, 0xca100000, 0xca200000|  0%| F|  |TAMS 0xca100000, 0xca100000| Untracked 
|  70|0xca200000, 0xca200000, 0xca300000|  0%| F|  |TAMS 0xca200000, 0xca200000| Untracked 
|  71|0xca300000, 0xca300000, 0xca400000|  0%| F|  |TAMS 0xca300000, 0xca300000| Untracked 
|  72|0xca400000, 0xca400000, 0xca500000|  0%| F|  |TAMS 0xca400000, 0xca400000| Untracked 
|  73|0xca500000, 0xca500000, 0xca600000|  0%| F|  |TAMS 0xca500000, 0xca500000| Untracked 
|  74|0xca600000, 0xca600000, 0xca700000|  0%| F|  |TAMS 0xca600000, 0xca600000| Untracked 
|  75|0xca700000, 0xca700000, 0xca800000|  0%| F|  |TAMS 0xca700000, 0xca700000| Untracked 
|  76|0xca800000, 0xca800000, 0xca900000|  0%| F|  |TAMS 0xca800000, 0xca800000| Untracked 
|  77|0xca900000, 0xca900000, 0xcaa00000|  0%| F|  |TAMS 0xca900000, 0xca900000| Untracked 
|  78|0xcaa00000, 0xcaa00000, 0xcab00000|  0%| F|  |TAMS 0xcaa00000, 0xcaa00000| Untracked 
|  79|0xcab00000, 0xcab00000, 0xcac00000|  0%| F|  |TAMS 0xcab00000, 0xcab00000| Untracked 
|  80|0xcac00000, 0xcac00000, 0xcad00000|  0%| F|  |TAMS 0xcac00000, 0xcac00000| Untracked 
|  81|0xcad00000, 0xcad00000, 0xcae00000|  0%| F|  |TAMS 0xcad00000, 0xcad00000| Untracked 
|  82|0xcae00000, 0xcae00000, 0xcaf00000|  0%| F|  |TAMS 0xcae00000, 0xcae00000| Untracked 
|  83|0xcaf00000, 0xcaf00000, 0xcb000000|  0%| F|  |TAMS 0xcaf00000, 0xcaf00000| Untracked 
|  84|0xcb000000, 0xcb000000, 0xcb100000|  0%| F|  |TAMS 0xcb000000, 0xcb000000| Untracked 
|  85|0xcb100000, 0xcb100000, 0xcb200000|  0%| F|  |TAMS 0xcb100000, 0xcb100000| Untracked 
|  86|0xcb200000, 0xcb200000, 0xcb300000|  0%| F|  |TAMS 0xcb200000, 0xcb200000| Untracked 
|  87|0xcb300000, 0xcb300000, 0xcb400000|  0%| F|  |TAMS 0xcb300000, 0xcb300000| Untracked 
|  88|0xcb400000, 0xcb400000, 0xcb500000|  0%| F|  |TAMS 0xcb400000, 0xcb400000| Untracked 
|  89|0xcb500000, 0xcb500000, 0xcb600000|  0%| F|  |TAMS 0xcb500000, 0xcb500000| Untracked 
|  90|0xcb600000, 0xcb600000, 0xcb700000|  0%| F|  |TAMS 0xcb600000, 0xcb600000| Untracked 
|  91|0xcb700000, 0xcb700000, 0xcb800000|  0%| F|  |TAMS 0xcb700000, 0xcb700000| Untracked 
|  92|0xcb800000, 0xcb800000, 0xcb900000|  0%| F|  |TAMS 0xcb800000, 0xcb800000| Untracked 
|  93|0xcb900000, 0xcb900000, 0xcba00000|  0%| F|  |TAMS 0xcb900000, 0xcb900000| Untracked 
|  94|0xcba00000, 0xcba00000, 0xcbb00000|  0%| F|  |TAMS 0xcba00000, 0xcba00000| Untracked 
|  95|0xcbb00000, 0xcbb00000, 0xcbc00000|  0%| F|  |TAMS 0xcbb00000, 0xcbb00000| Untracked 
|  96|0xcbc00000, 0xcbc00000, 0xcbd00000|  0%| F|  |TAMS 0xcbc00000, 0xcbc00000| Untracked 
|  97|0xcbd00000, 0xcbd00000, 0xcbe00000|  0%| F|  |TAMS 0xcbd00000, 0xcbd00000| Untracked 
|  98|0xcbe00000, 0xcbe00000, 0xcbf00000|  0%| F|  |TAMS 0xcbe00000, 0xcbe00000| Untracked 
|  99|0xcbf00000, 0xcbf00000, 0xcc000000|  0%| F|  |TAMS 0xcbf00000, 0xcbf00000| Untracked 
| 100|0xcc000000, 0xcc000000, 0xcc100000|  0%| F|  |TAMS 0xcc000000, 0xcc000000| Untracked 
| 101|0xcc100000, 0xcc100000, 0xcc200000|  0%| F|  |TAMS 0xcc100000, 0xcc100000| Untracked 
| 102|0xcc200000, 0xcc200000, 0xcc300000|  0%| F|  |TAMS 0xcc200000, 0xcc200000| Untracked 
| 103|0xcc300000, 0xcc300000, 0xcc400000|  0%| F|  |TAMS 0xcc300000, 0xcc300000| Untracked 
| 104|0xcc400000, 0xcc400000, 0xcc500000|  0%| F|  |TAMS 0xcc400000, 0xcc400000| Untracked 
| 105|0xcc500000, 0xcc500000, 0xcc600000|  0%| F|  |TAMS 0xcc500000, 0xcc500000| Untracked 
| 106|0xcc600000, 0xcc600000, 0xcc700000|  0%| F|  |TAMS 0xcc600000, 0xcc600000| Untracked 
| 107|0xcc700000, 0xcc700000, 0xcc800000|  0%| F|  |TAMS 0xcc700000, 0xcc700000| Untracked 
| 108|0xcc800000, 0xcc800000, 0xcc900000|  0%| F|  |TAMS 0xcc800000, 0xcc800000| Untracked 
| 109|0xcc900000, 0xcc900000, 0xcca00000|  0%| F|  |TAMS 0xcc900000, 0xcc900000| Untracked 
| 110|0xcca00000, 0xcca00000, 0xccb00000|  0%| F|  |TAMS 0xcca00000, 0xcca00000| Untracked 
| 111|0xccb00000, 0xccb00000, 0xccc00000|  0%| F|  |TAMS 0xccb00000, 0xccb00000| Untracked 
| 112|0xccc00000, 0xccc00000, 0xccd00000|  0%| F|  |TAMS 0xccc00000, 0xccc00000| Untracked 
| 113|0xccd00000, 0xcce00000, 0xcce00000|100%| S|CS|TAMS 0xccd00000, 0xccd00000| Complete 
| 114|0xcce00000, 0xccf00000, 0xccf00000|100%| S|CS|TAMS 0xcce00000, 0xcce00000| Complete 
| 115|0xccf00000, 0xccfc7a40, 0xcd000000| 77%| E|  |TAMS 0xccf00000, 0xccf00000| Complete 
| 116|0xcd000000, 0xcd100000, 0xcd100000|100%| E|CS|TAMS 0xcd000000, 0xcd000000| Complete 
| 117|0xcd100000, 0xcd200000, 0xcd200000|100%| E|CS|TAMS 0xcd100000, 0xcd100000| Complete 
| 118|0xcd200000, 0xcd300000, 0xcd300000|100%| E|CS|TAMS 0xcd200000, 0xcd200000| Complete 
| 119|0xcd300000, 0xcd400000, 0xcd400000|100%| E|CS|TAMS 0xcd300000, 0xcd300000| Complete 
| 120|0xcd400000, 0xcd500000, 0xcd500000|100%| E|CS|TAMS 0xcd400000, 0xcd400000| Complete 
| 121|0xcd500000, 0xcd600000, 0xcd600000|100%| E|CS|TAMS 0xcd500000, 0xcd500000| Complete 
| 122|0xcd600000, 0xcd700000, 0xcd700000|100%| E|CS|TAMS 0xcd600000, 0xcd600000| Complete 
| 123|0xcd700000, 0xcd800000, 0xcd800000|100%| E|CS|TAMS 0xcd700000, 0xcd700000| Complete 
| 124|0xcd800000, 0xcd900000, 0xcd900000|100%| E|CS|TAMS 0xcd800000, 0xcd800000| Complete 
| 125|0xcd900000, 0xcda00000, 0xcda00000|100%| E|CS|TAMS 0xcd900000, 0xcd900000| Complete 
| 126|0xcda00000, 0xcdb00000, 0xcdb00000|100%| E|CS|TAMS 0xcda00000, 0xcda00000| Complete 
| 127|0xcdb00000, 0xcdc00000, 0xcdc00000|100%| E|CS|TAMS 0xcdb00000, 0xcdb00000| Complete 

Card table byte_map: [0xc5a00000,0xc5b00000] _byte_map_base: 0xc53d2000

Marking Bits (Prev, Next): (CMBitMap*) 0xf5e8b528, (CMBitMap*) 0xf5e8b548
 Prev Bits: [0xc5100000, 0xc5900000)
 Next Bits: [0xc4900000, 0xc5100000)

Polling page: 0xf7f74000

Metaspace:

Usage:
    4.09 MB used.

Virtual space:
     16.00 MB reserved,       4.38 MB ( 27%) committed,  1 nodes.

Chunk freelists:
9.08 MB

MaxMetaspaceSize: 96.00 MB
No class space
Initial GC threshold: 16.00 MB
Current GC threshold: 16.00 MB
CDS: on
MetaspaceReclaimPolicy: balanced
 - commit_granule_bytes: 65536.
 - commit_granule_words: 16384.
 - virtual_space_node_default_size: 4194304.
 - enlarge_chunks_in_place: 1.
 - new_chunks_are_fully_committed: 0.
 - uncommit_free_chunks: 1.
 - use_allocation_guard: 0.
 - handle_deallocations: 1.


Internal statistics:

num_allocs_failed_limit: 0.
num_arena_births: 164.
num_arena_deaths: 0.
num_vsnodes_births: 1.
num_vsnodes_deaths: 0.
num_space_committed: 70.
num_space_uncommitted: 0.
num_chunks_returned_to_freelist: 0.
num_chunks_taken_from_freelist: 304.
num_chunk_merges: 0.
num_chunk_splits: 247.
num_chunks_enlarged: 215.
num_inconsistent_stats: 0.

CodeHeap 'non-profiled nmethods': size=120172Kb used=420Kb max_used=420Kb free=119751Kb
 bounds [0xed7f5000, 0xeda35000, 0xf4d50000]
CodeHeap 'profiled nmethods': size=120172Kb used=1411Kb max_used=1411Kb free=118760Kb
 bounds [0xe5d50000, 0xe5f90000, 0xed2ab000]
CodeHeap 'non-nmethods': size=5416Kb used=735Kb max_used=777Kb free=4680Kb
 bounds [0xed2ab000, 0xed4eb000, 0xed7f5000]
 total_blobs=1295 nmethods=950 adapters=259
 compilation: enabled
              stopped_count=0, restarted_count=0
 full_count=0

Compilation events (20 events):
Event: 371.201 Thread 0xc42a0560  943   !   3       java.io.ObjectOutputStream::writeObject0 (620 bytes)
Event: 371.205 Thread 0xc42a0560 nmethod 943 0xe5eab888 code [0xe5eabf00, 0xe5eaec50]
Event: 371.205 Thread 0xc42a0560  944       3       java.io.ObjectOutputStream$ReplaceTable::lookup (24 bytes)
Event: 371.205 Thread 0xc42a0560 nmethod 944 0xe5eb0208 code [0xe5eb0360, 0xe5eb054c]
Event: 371.205 Thread 0xc42a0560  945       3       java.io.ObjectStreamClass::hasWriteReplaceMethod (17 bytes)
Event: 371.205 Thread 0xc42a0560 nmethod 945 0xe5eb0688 code [0xe5eb07e0, 0xe5eb0a4c]
Event: 371.205 Thread 0xc42a0560  946       3       java.lang.reflect.Modifier::isProtected (12 bytes)
Event: 371.205 Thread 0xc42a0560 nmethod 946 0xe5eb0b88 code [0xe5eb0ca0, 0xe5eb0dc0]
Event: 372.703 Thread 0xc429f430  947   !   4       java.io.ObjectInputStream::readSerialData (549 bytes)
Event: 378.879 Thread 0xc429f430 nmethod 947 0xed84e008 code [0xed84e5c0, 0xed85543c]
Event: 378.879 Thread 0xc429f430  948       4       java.util.HashMap::getNode (150 bytes)
Event: 378.961 Thread 0xc429f430 nmethod 948 0xed859e88 code [0xed859fe0, 0xed85a2b0]
Event: 399.445 Thread 0xc429f430  949   !   4       java.io.ObjectInputStream::readOrdinaryObject (379 bytes)
Event: 399.860 Thread 0xc429f430 nmethod 949 0xed85a508 code [0xed85a760, 0xed85bd78]
Event: 399.860 Thread 0xc429f430  950       4       java.lang.reflect.Constructor::newInstanceWithCaller (75 bytes)
Event: 399.865 Thread 0xc429f430 nmethod 950 0xed85ce88 code [0xed85cfc0, 0xed85d104]
Event: 403.557 Thread 0xc429f430  951       4       java.io.Bits::getLong (105 bytes)
Event: 403.560 Thread 0xc429f430 nmethod 951 0xed85d288 code [0xed85d3a0, 0xed85d550]
Event: 403.560 Thread 0xc429f430  952       4       java.io.ObjectInputStream$FieldValues::defaultSetFieldValues (39 bytes)
Event: 403.568 Thread 0xc429f430 nmethod 952 0xed85d608 code [0xed85d760, 0xed85dc3c]

GC Heap History (2 events):
Event: 134.589 GC heap before
{Heap before GC invocations=0 (full 0):
 garbage-first heap   total 131072K, used 12288K [0xc5c00000, 0xe5c00000)
  region size 1024K, 13 young (13312K), 0 survivors (0K)
 Metaspace       used 2552K, committed 2752K, reserved 16384K
}
Event: 134.628 GC heap after
{Heap after GC invocations=1 (full 0):
 garbage-first heap   total 131072K, used 2409K [0xc5c00000, 0xe5c00000)
  region size 1024K, 2 young (2048K), 2 survivors (2048K)
 Metaspace       used 2552K, committed 2752K, reserved 16384K
}

Dll operation events (4 events):
Event: 0.037 Loaded shared library /usr/lib/jvm/java-17-zulu-openjdk-jdk-x86/lib/libjava.so
Event: 62.000 Loaded shared library /usr/lib/jvm/java-17-zulu-openjdk-jdk-x86/lib/libnio.so
Event: 62.047 Loaded shared library /usr/lib/jvm/java-17-zulu-openjdk-jdk-x86/lib/libjimage.so
Event: 62.068 Loaded shared library /usr/lib/jvm/java-17-zulu-openjdk-jdk-x86/lib/libnet.so

Deoptimization events (20 events):
Event: 134.782 Thread 0x0c2907e0 Uncommon trap: trap_request=0xffffff3d fr.pc=0xed814698 relative=0x00000a98
Event: 134.782 Thread 0x0c2907e0 Uncommon trap: reason=unstable_fused_if action=reinterpret pc=0xed814698 method=java.util.HashMap.resize()[Ljava/util/HashMap$Node; @ 31 c2
Event: 134.782 Thread 0x0c2907e0 DEOPT PACKING pc=0xed814698 sp=0xfff5a650
Event: 134.782 Thread 0x0c2907e0 DEOPT UNPACKING pc=0xed2f4d33 sp=0xfff5a620 mode 2
Event: 134.852 Thread 0x0c2907e0 DEOPT PACKING pc=0xe5e0aaae sp=0xfff5abd0
Event: 134.852 Thread 0x0c2907e0 DEOPT UNPACKING pc=0xed2f4171 sp=0xfff5aa74 mode 0
Event: 134.912 Thread 0x0c2907e0 DEOPT PACKING pc=0xe5e0aaae sp=0xfff5abe0
Event: 134.912 Thread 0x0c2907e0 DEOPT UNPACKING pc=0xed2f4171 sp=0xfff5aa84 mode 0
Event: 134.933 Thread 0x0c2907e0 DEOPT PACKING pc=0xe5e0aaae sp=0xfff5ac20
Event: 134.934 Thread 0x0c2907e0 DEOPT UNPACKING pc=0xed2f4171 sp=0xfff5aac4 mode 0
Event: 134.977 Thread 0x0c2907e0 Uncommon trap: trap_request=0xffffff45 fr.pc=0xed828cd0 relative=0x00000db0
Event: 134.977 Thread 0x0c2907e0 Uncommon trap: reason=unstable_if action=reinterpret pc=0xed828cd0 method=java.util.HashMap.putVal(ILjava/lang/Object;Ljava/lang/Object;ZZ)Ljava/lang/Object; @ 181 c2
Event: 134.977 Thread 0x0c2907e0 DEOPT PACKING pc=0xed828cd0 sp=0xfff5b5b0
Event: 134.977 Thread 0x0c2907e0 DEOPT UNPACKING pc=0xed2f4d33 sp=0xfff5b584 mode 2
Event: 141.680 Thread 0x0c2907e0 DEOPT PACKING pc=0xe5e0aaae sp=0xfff5b290
Event: 141.680 Thread 0x0c2907e0 DEOPT UNPACKING pc=0xed2f4171 sp=0xfff5b138 mode 0
Event: 141.682 Thread 0x0c2907e0 DEOPT PACKING pc=0xe5dbd275 sp=0xfff5b390
Event: 141.682 Thread 0x0c2907e0 DEOPT UNPACKING pc=0xed2f4171 sp=0xfff5b228 mode 0
Event: 253.555 Thread 0x0c2907e0 DEOPT PACKING pc=0xe5d9c748 sp=0xfff5bec0
Event: 253.555 Thread 0x0c2907e0 DEOPT UNPACKING pc=0xed2f4171 sp=0xfff5bd44 mode 0

Classes unloaded (0 events):
No events

Classes redefined (0 events):
No events

Internal exceptions (6 events):
Event: 62.103 Thread 0x0c2907e0 Exception <a 'java/lang/NoSuchMethodError'{0xcd443f48}: 'java.lang.Object java.lang.invoke.DirectMethodHandle$Holder.invokeStaticInit(java.lang.Object)'> (0xcd443f48) 
thrown [src/hotspot/share/interpreter/linkResolver.cpp, line 759]
Event: 134.572 Thread 0x0c2907e0 Exception <a 'java/lang/NoSuchMethodError'{0xccfc3b70}: 'java.lang.Object java.lang.invoke.DirectMethodHandle$Holder.invokeStatic(java.lang.Object, float)'> (0xccfc3b70) 
thrown [src/hotspot/share/interpreter/linkResolver.cpp, line 759]
Event: 134.969 Thread 0x0c2907e0 Exception <a 'java/lang/NoSuchMethodError'{0xcd77c780}: 'java.lang.Object java.lang.invoke.DirectMethodHandle$Holder.invokeSpecial(java.lang.Object, java.lang.Object, java.lang.Object, java.lang.Object, int)'> (0xcd77c780) 
thrown [src/hotspot/share/interpreter/linkResolver.cpp, line 759]
Event: 134.969 Thread 0x0c2907e0 Exception <a 'java/lang/NoSuchMethodError'{0xcd77fcc0}: 'java.lang.Object java.lang.invoke.Invokers$Holder.linkToTargetMethod(java.lang.Object, java.lang.Object, int, java.lang.Object)'> (0xcd77fcc0) 
thrown [src/hotspot/share/interpreter/linkResolver.cpp, line 759]
Event: 193.246 Thread 0x0c2907e0 Exception <a 'java/lang/NoSuchMethodError'{0xcd5a1c68}: 'java.lang.Object java.lang.invoke.DirectMethodHandle$Holder.invokeSpecial(java.lang.Object, java.lang.Object, java.lang.Object, java.lang.Object, java.lang.Object, java.lang.Object, int)'> (0xcd5a1c68) 
thrown [src/hotspot/share/interpreter/linkResolver.cpp, line 759]
Event: 253.501 Thread 0x0c2907e0 Exception <a 'java/lang/NoSuchMethodError'{0xcd4f67e8}: static [Lscript/obj_id;.<clinit>()V> (0xcd4f67e8) 
thrown [src/hotspot/share/prims/jni.cpp, line 1112]

VM Operations (20 events):
Event: 253.513 Executing VM operation: Cleanup
Event: 253.513 Executing VM operation: Cleanup done
Event: 253.536 Executing VM operation: HandshakeAllThreads
Event: 253.536 Executing VM operation: HandshakeAllThreads done
Event: 254.536 Executing VM operation: Cleanup
Event: 254.536 Executing VM operation: Cleanup done
Event: 256.536 Executing VM operation: Cleanup
Event: 256.536 Executing VM operation: Cleanup done
Event: 310.556 Executing VM operation: Cleanup
Event: 310.556 Executing VM operation: Cleanup done
Event: 314.557 Executing VM operation: Cleanup
Event: 314.557 Executing VM operation: Cleanup done
Event: 330.562 Executing VM operation: Cleanup
Event: 330.563 Executing VM operation: Cleanup done
Event: 374.629 Executing VM operation: Cleanup
Event: 374.629 Executing VM operation: Cleanup done
Event: 390.660 Executing VM operation: Cleanup
Event: 390.660 Executing VM operation: Cleanup done
Event: 400.662 Executing VM operation: Cleanup
Event: 400.662 Executing VM operation: Cleanup done

Events (20 events):
Event: 253.553 loading class java/lang/constant/MethodHandleDesc done
Event: 253.553 loading class java/lang/constant/MethodHandleDesc$1
Event: 253.553 loading class java/lang/constant/MethodHandleDesc$1 done
Event: 253.553 loading class java/lang/constant/DirectMethodHandleDescImpl
Event: 253.553 loading class java/lang/constant/DirectMethodHandleDesc
Event: 253.553 loading class java/lang/constant/DirectMethodHandleDesc done
Event: 253.553 loading class java/lang/constant/DirectMethodHandleDescImpl done
Event: 253.553 loading class java/lang/constant/DirectMethodHandleDescImpl$1
Event: 253.553 loading class java/lang/constant/DirectMethodHandleDescImpl$1 done
Event: 253.553 loading class java/lang/constant/DirectMethodHandleDesc$1
Event: 253.553 loading class java/lang/constant/DirectMethodHandleDesc$1 done
Event: 253.554 loading class java/lang/constant/PrimitiveClassDescImpl
Event: 253.554 loading class java/lang/constant/DynamicConstantDesc
Event: 253.554 loading class java/lang/constant/DynamicConstantDesc done
Event: 253.554 loading class java/lang/constant/PrimitiveClassDescImpl done
Event: 253.554 loading class java/lang/constant/DynamicConstantDesc$AnonymousDynamicConstantDesc
Event: 253.554 loading class java/lang/constant/DynamicConstantDesc$AnonymousDynamicConstantDesc done
Event: 404.499 Thread 0x0c2907e0 Thread exited: 0x0c2907e0
Event: 404.518 Thread 0xf5e242d0 Thread exited: 0xf5e242d0
Event: 404.518 Thread 0xc429bfd0 Thread exited: 0xc429bfd0


Dynamic libraries:
08048000-09298000 r-xp 00000000 08:04 494947248                          /home/almalinux/swg-returns-nge/build/bin/SwgGameServer
09298000-0929c000 rw-p 0124f000 08:04 494947248                          /home/almalinux/swg-returns-nge/build/bin/SwgGameServer
0929c000-09b1f000 rw-p 00000000 00:00 0 
0abcb000-119b3000 rw-p 00000000 00:00 0                                  [heap]
bfc00000-bfcfc000 rw-p 00000000 00:00 0 
bfcfc000-bfd00000 ---p 00000000 00:00 0 
bff00000-bffd7000 rw-p 00000000 00:00 0 
bffd7000-c0000000 ---p 00000000 00:00 0 
c0000000-c00fc000 rw-p 00000000 00:00 0 
c00fc000-c0100000 ---p 00000000 00:00 0 
c0100000-c0181000 rw-p 00000000 00:00 0 
c0181000-c0200000 ---p 00000000 00:00 0 
c0200000-c02fe000 rw-p 00000000 00:00 0 
c02fe000-c0300000 ---p 00000000 00:00 0 
c0300000-c03ff000 rw-p 00000000 00:00 0 
c03ff000-c0400000 ---p 00000000 00:00 0 
c0400000-c04f1000 rw-p 00000000 00:00 0 
c04f1000-c0500000 ---p 00000000 00:00 0 
c0500000-c05f1000 rw-p 00000000 00:00 0 
c05f1000-c0600000 ---p 00000000 00:00 0 
c0600000-c06fa000 rw-p 00000000 00:00 0 
c06fa000-c0700000 ---p 00000000 00:00 0 
c0700000-c07fc000 rw-p 00000000 00:00 0 
c07fc000-c0800000 ---p 00000000 00:00 0 
c117f000-c1180000 ---p 00000000 00:00 0 
c1180000-c1200000 rw-p 00000000 00:00 0 
c1200000-c12f9000 rw-p 00000000 00:00 0 
c12f9000-c1300000 ---p 00000000 00:00 0 
c1439000-c143a000 ---p 00000000 00:00 0 
c143a000-c14ba000 rw-p 00000000 00:00 0 
c14ba000-c14be000 ---p 00000000 00:00 0 
c14be000-c153b000 rw-p 00000000 00:00 0 
c173d000-c1741000 ---p 00000000 00:00 0 
c1741000-c17fe000 rw-p 00000000 00:00 0 
c17fe000-c1802000 ---p 00000000 00:00 0 
c1802000-c18bf000 rw-p 00000000 00:00 0 
c18bf000-c18c0000 ---p 00000000 00:00 0 
c18c0000-c1940000 rw-p 00000000 00:00 0 
c1940000-c1944000 ---p 00000000 00:00 0 
c1944000-c1a01000 rw-p 00000000 00:00 0 
c1a01000-c1a05000 ---p 00000000 00:00 0 
c1a05000-c1ac2000 rw-p 00000000 00:00 0 
c1ac2000-c1ac6000 ---p 00000000 00:00 0 
c1ac6000-c1b43000 rw-p 00000000 00:00 0 
c1b43000-c1b47000 ---p 00000000 00:00 0 
c1b47000-c1c04000 rw-p 00000000 00:00 0 
c1c04000-c1c08000 ---p 00000000 00:00 0 
c1c08000-c1cc5000 rw-p 00000000 00:00 0 
c1cc5000-c1cc9000 ---p 00000000 00:00 0 
c1cc9000-c1d86000 rw-p 00000000 00:00 0 
c1d86000-c2000000 r--p 00078000 08:04 535181                             /usr/lib/locale/locale-archive
c2000000-c2170000 rw-p 00000000 00:00 0 
c2170000-c2400000 ---p 00000000 00:00 0 
c2400000-c26f0000 rw-p 00000000 00:00 0 
c26f0000-c3000000 ---p 00000000 00:00 0 
c307e000-c327e000 r--p 00000000 08:04 535181                             /usr/lib/locale/locale-archive
c327e000-c3282000 ---p 00000000 00:00 0 
c3282000-c333f000 rw-p 00000000 00:00 0 
c333f000-c3343000 ---p 00000000 00:00 0 
c3343000-c3400000 rw-p 00000000 00:00 0 
c3400000-c3421000 rw-p 00000000 00:00 0 
c3421000-c3500000 ---p 00000000 00:00 0 
c3531000-c3535000 ---p 00000000 00:00 0 
c3535000-c35b2000 rw-p 00000000 00:00 0 
c35b2000-c35b3000 ---p 00000000 00:00 0 
c35b3000-c3633000 rw-p 00000000 00:00 0 
c3633000-c3f00000 rw-p 00001000 08:04 143240867                          /usr/lib/jvm/java-17-zulu-openjdk-jdk-x86/lib/server/classes.jsa
c3f00000-c3f21000 rw-p 00000000 00:00 0 
c3f21000-c4000000 ---p 00000000 00:00 0 
c407f000-c4080000 ---p 00000000 00:00 0 
c4080000-c4100000 rw-p 00000000 00:00 0 
c4100000-c4121000 rw-p 00000000 00:00 0 
c4121000-c4200000 ---p 00000000 00:00 0 
c4200000-c42d2000 rw-p 00000000 00:00 0 
c42d2000-c4300000 ---p 00000000 00:00 0 
c437f000-c4380000 ---p 00000000 00:00 0 
c4380000-c4400000 rw-p 00000000 00:00 0 
c4400000-c444d000 rw-p 00000000 00:00 0 
c444d000-c4500000 ---p 00000000 00:00 0 
c457f000-c4580000 ---p 00000000 00:00 0 
c4580000-c4600000 rw-p 00000000 00:00 0 
c4600000-c46f6000 rw-p 00000000 00:00 0 
c46f6000-c4700000 ---p 00000000 00:00 0 
c4700000-c47fa000 rw-p 00000000 00:00 0 
c47fa000-c4800000 ---p 00000000 00:00 0 
c487f000-c4880000 ---p 00000000 00:00 0 
c4880000-c4b00000 rw-p 00000000 00:00 0 
c4b00000-c5100000 ---p 00000000 00:00 0 
c5100000-c5300000 rw-p 00000000 00:00 0 
c5300000-c5900000 ---p 00000000 00:00 0 
c5900000-c5940000 rw-p 00000000 00:00 0 
c5940000-c5a00000 ---p 00000000 00:00 0 
c5a00000-c5a40000 rw-p 00000000 00:00 0 
c5a40000-c5b00000 ---p 00000000 00:00 0 
c5b00000-c5b40000 rw-p 00000000 00:00 0 
c5b40000-c5c00000 ---p 00000000 00:00 0 
c5c00000-cdc00000 rw-p 00000000 00:00 0 
cdc00000-e5c00000 ---p 00000000 00:00 0 
e5c65000-e5c6a000 rw-p 00000000 00:00 0 
e5c6a000-e5d50000 ---p 00000000 00:00 0 
e5d50000-e5f90000 rwxp 00000000 00:00 0 
e5f90000-ed2ab000 ---p 00000000 00:00 0 
ed2ab000-ed4eb000 rwxp 00000000 00:00 0 
ed4eb000-ed7f5000 ---p 00000000 00:00 0 
ed7f5000-eda35000 rwxp 00000000 00:00 0 
eda35000-f4d50000 ---p 00000000 00:00 0 
f4d50000-f4eb8000 r--s 00000000 08:04 117534333                          /usr/lib/jvm/java-17-zulu-openjdk-jdk-x86/lib/modules
f4eb8000-f5d5a000 r-xp 00000000 08:04 143240869                          /usr/lib/jvm/java-17-zulu-openjdk-jdk-x86/lib/server/libjvm.so
f5d5a000-f5daf000 r--p 00ea1000 08:04 143240869                          /usr/lib/jvm/java-17-zulu-openjdk-jdk-x86/lib/server/libjvm.so
f5daf000-f5dd0000 rw-p 00ef6000 08:04 143240869                          /usr/lib/jvm/java-17-zulu-openjdk-jdk-x86/lib/server/libjvm.so
f5dd0000-f5e00000 rw-p 00000000 00:00 0 
f5e00000-f5f00000 rw-p 00000000 00:00 0 
f5f39000-f5f3a000 ---p 00000000 00:00 0 
f5f3a000-f5fba000 rw-p 00000000 00:00 0 
f5fba000-f5fbb000 ---p 00000000 00:00 0 
f5fbb000-f5fbf000 ---p 00000000 00:00 0 
f5fbf000-f6b33000 rw-p 00000000 00:00 0 
f6b3f000-f6b54000 r-xp 00000000 08:04 117534323                          /usr/lib/jvm/java-17-zulu-openjdk-jdk-x86/lib/libnet.so
f6b54000-f6b55000 r--p 00014000 08:04 117534323                          /usr/lib/jvm/java-17-zulu-openjdk-jdk-x86/lib/libnet.so
f6b55000-f6b56000 rw-p 00015000 08:04 117534323                          /usr/lib/jvm/java-17-zulu-openjdk-jdk-x86/lib/libnet.so
f6b56000-f6b5b000 rw-p 00000000 00:00 0 
f6b5b000-f6c41000 ---p 00000000 00:00 0 
f6e7b000-f6e8d000 r-xp 00000000 08:04 117534324                          /usr/lib/jvm/java-17-zulu-openjdk-jdk-x86/lib/libnio.so
f6e8d000-f6e8e000 r--p 00011000 08:04 117534324                          /usr/lib/jvm/java-17-zulu-openjdk-jdk-x86/lib/libnio.so
f6e8e000-f6e8f000 rw-p 00012000 08:04 117534324                          /usr/lib/jvm/java-17-zulu-openjdk-jdk-x86/lib/libnio.so
f6e8f000-f6eb8000 rw-p 00000000 00:00 0 
f6eb8000-f6edb000 r-xp 00000000 08:04 117534310                          /usr/lib/jvm/java-17-zulu-openjdk-jdk-x86/lib/libjava.so
f6edb000-f6edc000 r--p 00022000 08:04 117534310                          /usr/lib/jvm/java-17-zulu-openjdk-jdk-x86/lib/libjava.so
f6edc000-f6edd000 rw-p 00023000 08:04 117534310                          /usr/lib/jvm/java-17-zulu-openjdk-jdk-x86/lib/libjava.so
f6edd000-f6ee9000 r-xp 00000000 08:04 16831767                           /usr/lib/libnss_files-2.28.so
f6ee9000-f6eea000 r--p 0000b000 08:04 16831767                           /usr/lib/libnss_files-2.28.so
f6eea000-f6eeb000 rw-p 0000c000 08:04 16831767                           /usr/lib/libnss_files-2.28.so
f6eeb000-f6ef1000 rw-p 00000000 00:00 0 
f6ef7000-f6efc000 rw-p 00000000 00:00 0 
f6efc000-f6f02000 ---p 00000000 00:00 0 
f6f02000-f6f1d000 r-xp 00000000 08:04 117534314                          /usr/lib/jvm/java-17-zulu-openjdk-jdk-x86/lib/libjimage.so
f6f1d000-f6f1e000 ---p 0001b000 08:04 117534314                          /usr/lib/jvm/java-17-zulu-openjdk-jdk-x86/lib/libjimage.so
f6f1e000-f6f1f000 r--p 0001b000 08:04 117534314                          /usr/lib/jvm/java-17-zulu-openjdk-jdk-x86/lib/libjimage.so
f6f1f000-f6f20000 rw-p 0001c000 08:04 117534314                          /usr/lib/jvm/java-17-zulu-openjdk-jdk-x86/lib/libjimage.so
f6f20000-f6f24000 rw-p 00000000 00:00 0 
f6f24000-f6fac000 r-xp 00000000 08:04 17191875                           /usr/lib/libpcre2-8.so.0.7.1
f6fac000-f6fad000 r--p 00087000 08:04 17191875                           /usr/lib/libpcre2-8.so.0.7.1
f6fad000-f6fae000 rw-p 00088000 08:04 17191875                           /usr/lib/libpcre2-8.so.0.7.1
f6fae000-f6fce000 r-xp 00000000 08:04 17021543                           /usr/lib/libcrypt.so.1.1.0
f6fce000-f6fcf000 ---p 00020000 08:04 17021543                           /usr/lib/libcrypt.so.1.1.0
f6fcf000-f6fd0000 r--p 00020000 08:04 17021543                           /usr/lib/libcrypt.so.1.1.0
f6fd0000-f6fd9000 rw-p 00000000 00:00 0 
f6fd9000-f7004000 r-xp 00000000 08:04 17191887                           /usr/lib/libselinux.so.1
f7004000-f7005000 ---p 0002b000 08:04 17191887                           /usr/lib/libselinux.so.1
f7005000-f7006000 r--p 0002b000 08:04 17191887                           /usr/lib/libselinux.so.1
f7006000-f7007000 rw-p 0002c000 08:04 17191887                           /usr/lib/libselinux.so.1
f7007000-f7008000 rw-p 00000000 00:00 0 
f7008000-f7027000 r-xp 00000000 08:04 18866589                           /usr/lib/libbrotlicommon.so.1.0.6
f7027000-f7028000 r--p 0001e000 08:04 18866589                           /usr/lib/libbrotlicommon.so.1.0.6
f7028000-f7029000 rw-p 0001f000 08:04 18866589                           /usr/lib/libbrotlicommon.so.1.0.6
f7029000-f7047000 r-xp 00000000 08:04 17191915                           /usr/lib/libsasl2.so.3.0.0
f7047000-f7048000 ---p 0001e000 08:04 17191915                           /usr/lib/libsasl2.so.3.0.0
f7048000-f7049000 r--p 0001e000 08:04 17191915                           /usr/lib/libsasl2.so.3.0.0
f7049000-f704a000 rw-p 0001f000 08:04 17191915                           /usr/lib/libsasl2.so.3.0.0
f704a000-f704c000 rw-p 00000000 00:00 0 
f704c000-f7060000 r-xp 00000000 08:04 16831772                           /usr/lib/libresolv-2.28.so
f7060000-f7061000 ---p 00014000 08:04 16831772                           /usr/lib/libresolv-2.28.so
f7061000-f7062000 r--p 00014000 08:04 16831772                           /usr/lib/libresolv-2.28.so
f7062000-f7063000 rw-p 00015000 08:04 16831772                           /usr/lib/libresolv-2.28.so
f7063000-f7065000 rw-p 00000000 00:00 0 
f7065000-f7068000 r-xp 00000000 08:04 17191893                           /usr/lib/libkeyutils.so.1.6
f7068000-f7069000 ---p 00003000 08:04 17191893                           /usr/lib/libkeyutils.so.1.6
f7069000-f706a000 r--p 00003000 08:04 17191893                           /usr/lib/libkeyutils.so.1.6
f706a000-f706b000 rw-p 00000000 00:00 0 
f706b000-f707b000 r-xp 00000000 08:04 17021560                           /usr/lib/libkrb5support.so.0.1
f707b000-f707c000 r--p 0000f000 08:04 17021560                           /usr/lib/libkrb5support.so.0.1
f707c000-f707d000 rw-p 00010000 08:04 17021560                           /usr/lib/libkrb5support.so.0.1
f707d000-f7085000 r-xp 00000000 08:04 16831774                           /usr/lib/librt-2.28.so
f7085000-f7086000 r--p 00007000 08:04 16831774                           /usr/lib/librt-2.28.so
f7086000-f7087000 rw-p 00008000 08:04 16831774                           /usr/lib/librt-2.28.so
f7087000-f7206000 r-xp 00000000 08:04 17021545                           /usr/lib/libunistring.so.2.1.0
f7206000-f7207000 ---p 0017f000 08:04 17021545                           /usr/lib/libunistring.so.2.1.0
f7207000-f7209000 r--p 0017f000 08:04 17021545                           /usr/lib/libunistring.so.2.1.0
f7209000-f720a000 rw-p 00181000 08:04 17021545                           /usr/lib/libunistring.so.2.1.0
f720a000-f7234000 r-xp 00000000 08:04 18654292                           /usr/lib/liblzma.so.5.2.4
f7234000-f7235000 r--p 00029000 08:04 18654292                           /usr/lib/liblzma.so.5.2.4
f7235000-f7236000 rw-p 00000000 00:00 0 
f7236000-f7242000 r-xp 00000000 08:04 17191936                           /usr/lib/libbrotlidec.so.1.0.6
f7242000-f7243000 r--p 0000b000 08:04 17191936                           /usr/lib/libbrotlidec.so.1.0.6
f7243000-f7244000 rw-p 00000000 00:00 0 
f7244000-f7253000 r-xp 00000000 08:04 17191918                           /usr/lib/liblber-2.4.so.2.10.9
f7253000-f7254000 r--p 0000e000 08:04 17191918                           /usr/lib/liblber-2.4.so.2.10.9
f7254000-f7255000 rw-p 0000f000 08:04 17191918                           /usr/lib/liblber-2.4.so.2.10.9
f7255000-f72aa000 r-xp 00000000 08:04 17191920                           /usr/lib/libldap-2.4.so.2.10.9
f72aa000-f72ab000 ---p 00055000 08:04 17191920                           /usr/lib/libldap-2.4.so.2.10.9
f72ab000-f72ac000 r--p 00055000 08:04 17191920                           /usr/lib/libldap-2.4.so.2.10.9
f72ac000-f72ad000 rw-p 00056000 08:04 17191920                           /usr/lib/libldap-2.4.so.2.10.9
f72ad000-f72af000 rw-p 00000000 00:00 0 
f72af000-f72b2000 r-xp 00000000 08:04 16994899                           /usr/lib/libcom_err.so.2.1
f72b2000-f72b3000 r--p 00002000 08:04 16994899                           /usr/lib/libcom_err.so.2.1
f72b3000-f72b4000 rw-p 00003000 08:04 16994899                           /usr/lib/libcom_err.so.2.1
f72b4000-f72ca000 r-xp 00000000 08:04 17021552                           /usr/lib/libk5crypto.so.3.1
f72ca000-f72cb000 ---p 00016000 08:04 17021552                           /usr/lib/libk5crypto.so.3.1
f72cb000-f72cc000 r--p 00016000 08:04 17021552                           /usr/lib/libk5crypto.so.3.1
f72cc000-f72cd000 rw-p 00017000 08:04 17021552                           /usr/lib/libk5crypto.so.3.1
f72cd000-f73b0000 r-xp 00000000 08:04 17021558                           /usr/lib/libkrb5.so.3.3
f73b0000-f73b7000 r--p 000e2000 08:04 17021558                           /usr/lib/libkrb5.so.3.3
f73b7000-f73b8000 rw-p 000e9000 08:04 17021558                           /usr/lib/libkrb5.so.3.3
f73b8000-f7413000 r-xp 00000000 08:04 17021548                           /usr/lib/libgssapi_krb5.so.2.2
f7413000-f7415000 r--p 0005a000 08:04 17021548                           /usr/lib/libgssapi_krb5.so.2.2
f7415000-f7416000 rw-p 0005c000 08:04 17021548                           /usr/lib/libgssapi_krb5.so.2.2
f7416000-f76c7000 r-xp 00000000 08:04 18627877                           /usr/lib/libcrypto.so.1.1.1k
f76c7000-f76e0000 r--p 002b0000 08:04 18627877                           /usr/lib/libcrypto.so.1.1.1k
f76e0000-f76e2000 rw-p 002c9000 08:04 18627877                           /usr/lib/libcrypto.so.1.1.1k
f76e2000-f76e6000 rw-p 00000000 00:00 0 
f76e6000-f7778000 r-xp 00000000 08:04 18627879                           /usr/lib/libssl.so.1.1.1k
f7778000-f777e000 r--p 00091000 08:04 18627879                           /usr/lib/libssl.so.1.1.1k
f777e000-f7782000 rw-p 00097000 08:04 18627879                           /usr/lib/libssl.so.1.1.1k
f7782000-f7792000 r-xp 00000000 08:04 18660120                           /usr/lib/libpsl.so.5.3.1
f7792000-f7793000 r--p 0000f000 08:04 18660120                           /usr/lib/libpsl.so.5.3.1
f7793000-f7794000 rw-p 00000000 00:00 0 
f7794000-f7811000 r-xp 00000000 08:04 16994901                           /usr/lib/libssh.so.4.8.7
f7811000-f7812000 ---p 0007d000 08:04 16994901                           /usr/lib/libssh.so.4.8.7
f7812000-f7813000 r--p 0007d000 08:04 16994901                           /usr/lib/libssh.so.4.8.7
f7813000-f7814000 rw-p 0007e000 08:04 16994901                           /usr/lib/libssh.so.4.8.7
f7814000-f7831000 r-xp 00000000 08:04 17040588                           /usr/lib/libidn2.so.0.3.6
f7831000-f7832000 r--p 0001c000 08:04 17040588                           /usr/lib/libidn2.so.0.3.6
f7832000-f7833000 rw-p 00000000 00:00 0 
f7833000-f785b000 r-xp 00000000 08:04 17191891                           /usr/lib/libnghttp2.so.14.17.0
f785b000-f785c000 r--p 00027000 08:04 17191891                           /usr/lib/libnghttp2.so.14.17.0
f785c000-f785e000 rw-p 00028000 08:04 17191891                           /usr/lib/libnghttp2.so.14.17.0
f785e000-f7a00000 r-xp 00000000 08:04 16831756                           /usr/lib/libc-2.28.so
f7a00000-f7a01000 ---p 001a2000 08:04 16831756                           /usr/lib/libc-2.28.so
f7a01000-f7a03000 r--p 001a2000 08:04 16831756                           /usr/lib/libc-2.28.so
f7a03000-f7a04000 rw-p 001a4000 08:04 16831756                           /usr/lib/libc-2.28.so
f7a04000-f7a09000 rw-p 00000000 00:00 0 
f7a09000-f7a24000 r-xp 00000000 08:04 16985139                           /usr/lib/libgcc_s-8-20210514.so.1
f7a24000-f7a25000 r--p 0001a000 08:04 16985139                           /usr/lib/libgcc_s-8-20210514.so.1
f7a25000-f7a26000 rw-p 0001b000 08:04 16985139                           /usr/lib/libgcc_s-8-20210514.so.1
f7a26000-f7af6000 r-xp 00000000 08:04 16831760                           /usr/lib/libm-2.28.so
f7af6000-f7af7000 r--p 000cf000 08:04 16831760                           /usr/lib/libm-2.28.so
f7af7000-f7af8000 rw-p 000d0000 08:04 16831760                           /usr/lib/libm-2.28.so
f7af8000-f7c81000 r-xp 00000000 08:04 16985145                           /usr/lib/libstdc++.so.6.0.25
f7c81000-f7c82000 ---p 00189000 08:04 16985145                           /usr/lib/libstdc++.so.6.0.25
f7c82000-f7c88000 r--p 00189000 08:04 16985145                           /usr/lib/libstdc++.so.6.0.25
f7c88000-f7c89000 rw-p 0018f000 08:04 16985145                           /usr/lib/libstdc++.so.6.0.25
f7c89000-f7c8b000 rw-p 00000000 00:00 0 
f7c8b000-f7ca2000 r-xp 00000000 08:04 16963437                           /usr/lib/libz.so.1.2.11
f7ca2000-f7ca3000 ---p 00017000 08:04 16963437                           /usr/lib/libz.so.1.2.11
f7ca3000-f7ca4000 r--p 00017000 08:04 16963437                           /usr/lib/libz.so.1.2.11
f7ca4000-f7ca5000 rw-p 00000000 00:00 0 
f7ca5000-f7e22000 r-xp 00000000 08:04 16963397                           /usr/lib/libxml2.so.2.9.7
f7e22000-f7e27000 r--p 0017c000 08:04 16963397                           /usr/lib/libxml2.so.2.9.7
f7e27000-f7e28000 rw-p 00181000 08:04 16963397                           /usr/lib/libxml2.so.2.9.7
f7e28000-f7e29000 rw-p 00000000 00:00 0 
f7e29000-f7e45000 r-xp 00000000 08:04 16831770                           /usr/lib/libpthread-2.28.so
f7e45000-f7e46000 r--p 0001b000 08:04 16831770                           /usr/lib/libpthread-2.28.so
f7e46000-f7e47000 rw-p 0001c000 08:04 16831770                           /usr/lib/libpthread-2.28.so
f7e47000-f7e49000 rw-p 00000000 00:00 0 
f7e49000-f7ebd000 r-xp 00000000 08:04 16818911                           /usr/lib/libpcre.so.1.2.10
f7ebd000-f7ebe000 ---p 00074000 08:04 16818911                           /usr/lib/libpcre.so.1.2.10
f7ebe000-f7ebf000 r--p 00074000 08:04 16818911                           /usr/lib/libpcre.so.1.2.10
f7ebf000-f7ec0000 rw-p 00075000 08:04 16818911                           /usr/lib/libpcre.so.1.2.10
f7ec0000-f7ec3000 r-xp 00000000 08:04 16831758                           /usr/lib/libdl-2.28.so
f7ec3000-f7ec4000 r--p 00002000 08:04 16831758                           /usr/lib/libdl-2.28.so
f7ec4000-f7ec5000 rw-p 00003000 08:04 16831758                           /usr/lib/libdl-2.28.so
f7ec5000-f7f62000 r-xp 00000000 08:04 16994905                           /usr/lib/libcurl.so.4.5.0
f7f62000-f7f64000 r--p 0009c000 08:04 16994905                           /usr/lib/libcurl.so.4.5.0
f7f64000-f7f65000 rw-p 0009e000 08:04 16994905                           /usr/lib/libcurl.so.4.5.0
f7f65000-f7f6c000 r--s 00000000 08:04 176632422                          /usr/lib/gconv/gconv-modules.cache
f7f6c000-f7f74000 rw-s 00000000 08:04 151586766                          /tmp/hsperfdata_almalinux/1415215 (deleted)
f7f74000-f7f75000 ---p 00000000 00:00 0 
f7f75000-f7f76000 r--p 00000000 00:00 0 
f7f76000-f7f78000 rw-p 00000000 00:00 0 
f7f78000-f7f7c000 r--p 00000000 00:00 0                                  [vvar]
f7f7c000-f7f7e000 r-xp 00000000 00:00 0                                  [vdso]
f7f7e000-f7fad000 r-xp 00000000 08:04 16831749                           /usr/lib/ld-2.28.so
f7fad000-f7fae000 ---p 00000000 00:00 0 
f7fae000-f7faf000 r--p 0002f000 08:04 16831749                           /usr/lib/ld-2.28.so
f7faf000-f7fb0000 rw-p 00030000 08:04 16831749                           /usr/lib/ld-2.28.so
ffd9a000-ffd9b000 rwxp 00000000 00:00 0 
ffea3000-fff5f000 rw-p 00000000 00:00 0                                  [stack]


VM Arguments:
jvm_args: -Xms128m -Xmx512m -Xss768k -XX:MaxMetaspaceSize=96m -Xrs -XX:-UsePerfData -XX:-AllowUserSignalHandlers -XX:UseSSE=3 -XX+DoEscapeAnalysis -XX:AutoBoxCacheMax:2000 -XX:+OptimizeStringConcat -XX:+OptimizeFill -XX:+EliminateAutoBox -XX:+UseCompressedStrings -XX:+UseCompressedOops -XX:+EliminateLocks -XX:UseFastAccessorMethods -XX:+UseStringCache -XgcPrio:throughput -XXkeepAreaRatio:1 -XXlazyUnlocking -XXcallProfiling -XXcompactRatio:1 
java_command: <unknown>
java_class_path (initial): ../../data/sku.0/sys.server/compiled/game/
Launcher Type: generic

[Global flags]
     intx CICompilerCount                          = 3                                         {product} {ergonomic}
     uint ConcGCThreads                            = 1                                         {product} {ergonomic}
     uint G1ConcRefinementThreads                  = 4                                         {product} {ergonomic}
   size_t G1HeapRegionSize                         = 1048576                                   {product} {ergonomic}
    uintx GCDrainStackTargetSize                   = 64                                        {product} {ergonomic}
   size_t InitialHeapSize                          = 134217728                                 {product} {command line}
   size_t MarkStackSize                            = 32768                                     {product} {ergonomic}
   size_t MaxHeapSize                              = 536870912                                 {product} {command line}
   size_t MaxMetaspaceSize                         = 100663296                                 {product} {command line}
   size_t MaxNewSize                               = 321912832                                 {product} {ergonomic}
   size_t MinHeapDeltaBytes                        = 1048576                                   {product} {ergonomic}
   size_t MinHeapSize                              = 134217728                                 {product} {command line}
    uintx NonNMethodCodeHeapSize                   = 5544422                                {pd product} {ergonomic}
    uintx NonProfiledCodeHeapSize                  = 123056909                              {pd product} {ergonomic}
    uintx ProfiledCodeHeapSize                     = 123056909                              {pd product} {ergonomic}
    uintx ReservedCodeCacheSize                    = 251658240                              {pd product} {ergonomic}
     bool SegmentedCodeCache                       = true                                      {product} {ergonomic}
   size_t SoftMaxHeapSize                          = 536870912                              {manageable} {ergonomic}
   double SweeperThreshold                         = 0.500000                                  {product} {ergonomic}
     intx ThreadStackSize                          = 768                                    {pd product} {command line}
     bool UseG1GC                                  = true                                      {product} {ergonomic}

Logging:
Log output configuration:
 #0: stdout all=off uptime,level,tags
 #1: stderr all=off uptime,level,tags

Environment Variables:
JAVA_HOME=/usr/lib/jvm/zulu-17-x86
PATH=/usr/java/jdk1.7.0_80/bin:/usr/java/jdk1.7.0_80/bin:/usr/java/jdk1.6.0_45/bin:/usr/java/jdk1.6.0_45/bin:/usr/java/jdk1.6.0_45/bin:/home/almalinux/.local/bin:/home/almalinux/bin:/sbin:/bin:/usr/bin:/usr/local/bin:/usr/local/sbin:/usr/sbin:/usr/lib/oracle/18.3/client/bin:/usr/lib/oracle/18.3/client/bin:/usr/lib/jvm/java-11-openjdk/bin:./
LD_LIBRARY_PATH=/usr/lib/jvm/java-17-zulu-openjdk-jdk-x86/lib/server:/usr/lib/jvm/java-17-zulu-openjdk-jdk-x86/lib:/usr/lib/jvm/java-17-zulu-openjdk-jdk-x86/../lib:/usr/lib/jvm/zulu-17-x86/lib/server:/usr/lib/jvm/java-11-openjdk/lib:/usr/lib/jvm/java-11-openjdk/lib/server:./
SHELL=/bin/bash
DISPLAY=:10.0
LANG=en_US.UTF-8
TERM=xterm-256color

Active Locale:
LC_ALL=en_US.UTF-8
LC_COLLATE=en_US.UTF-8
LC_CTYPE=en_US.UTF-8
LC_MESSAGES=en_US.UTF-8
LC_MONETARY=en_US.UTF-8
LC_NUMERIC=en_US.UTF-8
LC_TIME=en_US.UTF-8

Signal Handlers:
   SIGSEGV: crash_handler in libjvm.so, mask=11100100010111111101111111111110, flags=SA_RESTART|SA_SIGINFO, unblocked
    SIGBUS: crash_handler in libjvm.so, mask=11100100010111111101111111111110, flags=SA_RESTART|SA_SIGINFO, unblocked
    SIGFPE: crash_handler in libjvm.so, mask=11100100010111111101111111111110, flags=SA_RESTART|SA_SIGINFO, unblocked
   SIGPIPE: SIG_IGN, mask=00000000000010000000000000000000, flags=SA_RESTART, blocked
  *** Handler was modified!
  *** Expected: javaSignalHandler in libjvm.so, mask=11100100110111111111111111111110, flags=SA_RESTART|SA_SIGINFO
   SIGXFSZ: javaSignalHandler in libjvm.so, mask=11100100010111111101111111111110, flags=SA_RESTART|SA_SIGINFO, blocked
    SIGILL: crash_handler in libjvm.so, mask=11100100010111111101111111111110, flags=SA_RESTART|SA_SIGINFO, unblocked
   SIGUSR2: SR_handler in libjvm.so, mask=00100000000000000000000000000000, flags=SA_RESTART|SA_SIGINFO, blocked
    SIGHUP: UserHandler in libjvm.so, mask=11100100010111111101111111111110, flags=SA_RESTART|SA_SIGINFO, blocked
    SIGINT: UserHandler in libjvm.so, mask=11100100010111111101111111111110, flags=SA_RESTART|SA_SIGINFO, blocked
   SIGTERM: UserHandler in libjvm.so, mask=11100100010111111101111111111110, flags=SA_RESTART|SA_SIGINFO, blocked
   SIGQUIT: UserHandler in libjvm.so, mask=11100100010111111101111111111110, flags=SA_RESTART|SA_SIGINFO, blocked
   SIGTRAP: crash_handler in libjvm.so, mask=11100100010111111101111111111110, flags=SA_RESTART|SA_SIGINFO, unblocked


Periodic native trim disabled


---------------  S Y S T E M  ---------------

OS:
AlmaLinux release 8.10 (Cerulean Leopard)
uname: Linux 4.18.0-553.81.1.el8_10.x86_64 #1 SMP Mon Oct 27 11:29:19 EDT 2025 x86_64
OS uptime: 33 days 22:55 hours
libc: glibc 2.28 NPTL 2.28 
rlimit (soft/hard): STACK 8192k/infinity , CORE 0k/infinity , NPROC 61995/61995 , NOFILE 262144/262144 , AS infinity/infinity , CPU infinity/infinity , DATA infinity/infinity , FSIZE infinity/infinity , MEMLOCK 64k/64k
load average: 35.84 34.61 30.09

/proc/meminfo:
MemTotal:       16014448 kB
MemFree:         2504712 kB
MemAvailable:    3912404 kB
Buffers:             840 kB
Cached:          3165236 kB
SwapCached:        37568 kB
Active:          2835452 kB
Inactive:        9384948 kB
Active(anon):    2057048 kB
Inactive(anon):  9004552 kB
Active(file):     778404 kB
Inactive(file):   380396 kB
Unevictable:        3104 kB
Mlocked:              16 kB
SwapTotal:       8388604 kB
SwapFree:        6672712 kB
Dirty:               964 kB
Writeback:             0 kB
AnonPages:       9037228 kB
Mapped:          1504816 kB
Shmem:           2007264 kB
KReclaimable:     542408 kB
Slab:             729700 kB
SReclaimable:     542408 kB
SUnreclaim:       187292 kB
KernelStack:       24740 kB
PageTables:       161124 kB
NFS_Unstable:          0 kB
Bounce:                0 kB
WritebackTmp:          0 kB
CommitLimit:    16395828 kB
Committed_AS:   25526300 kB
VmallocTotal:   34359738367 kB
VmallocUsed:       70868 kB
VmallocChunk:          0 kB
Percpu:             2704 kB
HardwareCorrupted:     0 kB
AnonHugePages:         0 kB
ShmemHugePages:        0 kB
ShmemPmdMapped:        0 kB
FileHugePages:         0 kB
FilePmdMapped:         0 kB
HugePages_Total:       0
HugePages_Free:        0
HugePages_Rsvd:        0
HugePages_Surp:        0
Hugepagesize:       2048 kB
Hugetlb:               0 kB
DirectMap4k:     2826092 kB
DirectMap2M:    13557760 kB

/sys/kernel/mm/transparent_hugepage/enabled: always madvise [never]
/sys/kernel/mm/transparent_hugepage/hpage_pmd_size: 2097152
/sys/kernel/mm/transparent_hugepage/defrag (defrag/compaction efforts parameter): always defer defer+madvise [madvise] never

Process Memory:
Virtual Size: 1041268K (peak: 1057728K)
Resident Set Size: 196372K (peak: 207700K) (anon: 162792K, file: 33580K, shmem: 0K)
Swapped out: 0K
C-Heap outstanding allocations: 21350K, retained: 109657K
glibc malloc tunables: (default)

/proc/sys/kernel/threads-max (system-wide limit on the number of threads): 123991
/proc/sys/vm/max_map_count (maximum number of memory map areas a process may have): 1677720
/proc/sys/kernel/pid_max (system-wide limit on number of process identifiers): 4194304

container (cgroup) information:
container_type: cgroupv1
cpu_cpuset_cpus: 0-3
cpu_memory_nodes: 0
active_processor_count: 4
cpu_quota: no quota
cpu_period: 100000
cpu_shares: no shares
memory_limit_in_bytes: unlimited
memory_and_swap_limit_in_bytes: unlimited
memory_soft_limit_in_bytes: unlimited
memory_usage_in_bytes: 11903444 k
memory_max_usage_in_bytes: 14783012 k
kernel_memory_usage_in_bytes: 605952 k
kernel_memory_max_usage_in_bytes: unlimited
kernel_memory_limit_in_bytes: 985464 k
maximum number of tasks: unlimited
current number of tasks: 832

KVM virtualization detected
Steal ticks since vm start: 51
Steal ticks percentage since vm start:  0.000

CPU: total 4 (initial active 4) (1 cores per cpu, 1 threads per core) family 6 model 60 stepping 1 microcode 0x1, cx8, cmov, fxsr, mmx, sse, sse2, sse3, ssse3, sse4.1, sse4.2, popcnt, lzcnt, tsc, avx, avx2, aes, erms, clmul, bmi1, bmi2, fma, vzeroupper, clflush, hv
CPU Model and flags from /proc/cpuinfo:
model name	: Intel Core Processor (Haswell, no TSX)
flags		: fpu vme de pse tsc msr pae mce cx8 apic sep mtrr pge mca cmov pat pse36 clflush mmx fxsr sse sse2 syscall nx rdtscp lm constant_tsc rep_good nopl xtopology cpuid tsc_known_freq pni pclmulqdq vmx ssse3 fma cx16 pcid sse4_1 sse4_2 x2apic movbe popcnt tsc_deadline_timer aes xsave avx f16c rdrand hypervisor lahf_lm abm cpuid_fault invpcid_single pti tpr_shadow vnmi flexpriority ept vpid ept_ad fsgsbase bmi1 avx2 smep bmi2 erms invpcid xsaveopt arat md_clear

Online cpus: 0-3
Offline cpus: 
BIOS frequency limitation: <Not Available>
Frequency switch latency (ns): <Not Available>
Available cpu frequencies: <Not Available>
Current governor: <Not Available>
Core performance/turbo boost: <Not Available>

Memory: 4k page, physical 16014448k(3559356k free), swap 8388604k(6672712k free)
Page Sizes: 4k

vm_info: OpenJDK Server VM (17.0.11+9-LTS) for linux-x86 JRE (17.0.11+9-LTS) (Zulu17.50+19-CA), built on Apr  9 2024 07:14:46 by "zulu_re" with gcc 8.3.0

END.
