#
# A fatal error has been detected by the Java Runtime Environment:
#
#  SIGSEGV (0xb) at pc=0xf7845618, pid=1439285, tid=1439285
#
# JRE version: OpenJDK Runtime Environment Zulu17.50+19-CA (17.0.11+9) (build 17.0.11+9-LTS)
# Java VM: OpenJDK Server VM Zulu17.50+19-CA (17.0.11+9-LTS, mixed mode, sharing, tiered, g1 gc, linux-x86)
# Problematic frame:
# C  [libc.so.6+0x84618]  cfree+0x28
#
# Core dump will be written. Default location: Core dumps may be processed with "/usr/lib/systemd/systemd-coredump %P %u %g %s %t %c %h %e" (or dumping to /home/almalinux/swg-returns-nge/exe/linux/core.1439285)
#
# If you would like to submit a bug report, please visit:
#   http://www.azul.com/support/
#

---------------  S U M M A R Y ------------

Command Line: -Xms128m -Xmx512m -Xss768k -XX:MaxMetaspaceSize=96m -Xrs -XX:-UsePerfData -XX:-AllowUserSignalHandlers -XX:UseSSE=3 -XX+DoEscapeAnalysis -XX:AutoBoxCacheMax:2000 -XX:+OptimizeStringConcat -XX:+OptimizeFill -XX:+EliminateAutoBox -XX:+UseCompressedStrings -XX:+UseCompressedOops -XX:+EliminateLocks -XX:UseFastAccessorMethods -XX:+UseStringCache -XgcPrio:throughput -XXkeepAreaRatio:1 -XXlazyUnlocking -XXcallProfiling -XXcompactRatio:1 

Host: Intel Core Processor (Haswell, no TSX), 4 cores, 15G, AlmaLinux release 8.10 (Cerulean Leopard)
Time: Sun Jan 25 20:41:26 2026 UTC elapsed time: 76.186433 seconds (0d 0h 1m 16s)

---------------  T H R E A D  ---------------

Current thread is native thread

Stack: [0xff964000,0xffa24000],  sp=0xffa21e50,  free space=759k
Native frames: (J=compiled Java code, j=interpreted, Vv=VM code, C=native code)
C  [libc.so.6+0x84618]  cfree+0x28


siginfo: si_signo: 11 (SIGSEGV), si_code: 1 (SEGV_MAPERR), si_addr: 0x00000003

Registers:
EAX=0x00000000, EBX=0x00000007, ECX=0xf6e8384c, EDX=0x0b1efe78
ESP=0xffa21e50, EBP=0xffa21f88, ESI=0xf7966000, EDI=0x00000000
EIP=0xf7845618, EFLAGS=0x00210202, CR2=0x0000000000000003


Top of Stack: (sp=0xffa21e50)
0xffa21e50:   0ae73020 00000000 ffa21f88 f7ad2f1c
0xffa21e60:   0ae730b0 f7be9a04 0b1efe50 f7ad2f1c
0xffa21e70:   00000007 f7ad2f0a f7be9a04 f7ad2f4c
0xffa21e80:   0ae730b0 f7ad2f0a 0b1f3bf0 085b6163
0xffa21e90:   00000007 0ae73020 0ae72d30 085bb8d1
0xffa21ea0:   0ae73020 0ae72d30 00000000 085bb89b
0xffa21eb0:   0c686d70 ffa21ed7 ffa21efc 085c6969
0xffa21ec0:   087d6c00 ffa21efc ffa21f88 084fc53b
0xffa21ed0:   00000014 00010002 00000000 00000000
0xffa21ee0:   01010100 00000001 09aa44c0 00000000
0xffa21ef0:   00000000 00000000 00000000 00000000
0xffa21f00:   00000000 00000015 ffa22058 f77f66ff
0xffa21f10:   f796641c 47677753 53656d61 65767265
0xffa21f20:   34313a72 38323933 09290035 0b1d5210
0xffa21f30:   08ea0100 08ebc230 08ea5888 f796641c
0xffa21f40:   00000428 00000420 f77f6779 085758fd
0xffa21f50:   08ea2a80 09b1ea78 08ea5888 08574f56
0xffa21f60:   0929a2c4 0929a2c4 ffa22058 08ea583b
0xffa21f70:   0000000c ffa22024 ffa21fa0 f7966000
0xffa21f80:   00000000 08575910 00000000 f77def26
0xffa21f90:   00000000 08575910 00000000 f77def26
0xffa21fa0:   0000000c ffa22024 ffa22058 ffa21fc4
0xffa21fb0:   0929a2d0 00000000 ffa22058 f7966000
0xffa21fc0:   f77ce75c f7966000 00000000 08575910
0xffa21fd0:   00000000 1719696e a8fbe17f 00000000
0xffa21fe0:   00000000 00000000 f7ee54d0 f77dee30
0xffa21ff0:   084fc260 0929a2c4 0000000c 08575946
0xffa22000:   084fc260 0000000c ffa22024 08ea57f0
0xffa22010:   08ea5850 f7ee54d0 ffa2201c f7f12970
0xffa22020:   0000000c ffa2261e ffa22630 ffa22633
0xffa22030:   ffa22645 ffa22648 ffa22653 ffa22677
0xffa22040:   ffa22687 ffa226a2 ffa226cd ffa226d0 

Instructions: (pc=0xf7845618)
0xf7845518:   50 8d 96 86 f7 fa ff 8d 86 d0 2f fb ff e8 c6 b7
0xf7845528:   ff ff 8d b6 00 00 00 00 bb 20 00 00 00 e9 5e fe
0xf7845538:   ff ff e8 a1 c0 ff ff 89 c5 85 c0 0f 85 68 ff ff
0xf7845548:   ff 31 d2 8d 44 3b 10 e8 8c c1 ff ff 89 da 89 f9
0xf7845558:   89 c5 e8 11 f0 ff ff 89 c2 85 c0 75 1b 85 ed 74
0xf7845568:   17 90 89 fa 89 e8 e8 bd c5 ff ff 89 da 89 f9 89
0xf7845578:   c5 e8 f2 ef ff ff 89 c2 85 ed 0f 84 57 ff ff ff
0xf7845588:   e9 39 ff ff ff 8d 86 b8 31 fb ff 83 ec 0c b9 25
0xf7845598:   0d 00 00 50 8d 96 86 f7 fa ff 8d 86 74 2f fb ff
0xf78455a8:   e8 43 b7 ff ff 8d 76 00 f3 0f 1e fb e8 0a 9a f9
0xf78455b8:   ff 05 47 0a 12 00 56 53 83 ec 04 8b 5c 24 10 8b
0xf78455c8:   74 24 14 8b 80 50 ff ff ff c7 00 00 00 00 00 e8
0xf78455d8:   54 bb ff ff 8b 4c 24 0c 83 c4 04 89 f2 89 d8 5b
0xf78455e8:   5e e9 42 fd ff ff 66 90 f3 0f 1e fb 56 e8 9a 9b
0xf78455f8:   f9 ff 81 c6 06 0a 12 00 53 83 ec 14 8b 5c 24 20
0xf7845608:   8b 86 5c ff ff ff 8b 00 85 c0 75 6c 85 db 74 75
0xf7845618:   8b 4b fc 8d 53 f8 f6 c1 02 75 35 8b 86 70 fe ff
0xf7845628:   ff 65 8b 00 85 c0 0f 84 8c 00 00 00 83 e1 04 8d
0xf7845638:   86 60 07 00 00 74 09 89 d0 25 00 00 f0 ff 8b 00
0xf7845648:   83 c4 14 31 c9 5b 5e e9 8c cb ff ff 8d 74 26 00
0xf7845658:   8b 9e 60 01 00 00 85 db 75 10 3b 8e 48 01 00 00
0xf7845668:   76 08 81 f9 00 00 08 00 76 26 83 c4 14 89 d0 5b
0xf7845678:   5e e9 92 b8 ff ff 66 90 83 ec 08 ff 74 24 24 53
0xf7845688:   ff d0 83 c4 10 83 c4 14 5b 5e c3 8d 74 26 00 90
0xf7845698:   39 96 80 1d 00 00 77 08 39 96 7c 1d 00 00 77 ca
0xf78456a8:   83 e1 f8 8d 04 09 89 8e 48 01 00 00 89 86 40 01
0xf78456b8:   00 00 90 eb b5 8d 76 00 8b 86 74 fe ff ff 65 80
0xf78456c8:   38 00 0f 85 64 ff ff ff 89 54 24 0c e8 97 ed ff
0xf78456d8:   ff 8b 4b fc 8b 54 24 0c e9 4f ff ff ff 8d b4 26
0xf78456e8:   00 00 00 00 8d 74 26 00 f3 0f 1e fb 55 57 56 e8
0xf78456f8:   98 9a f9 ff 81 c6 04 09 12 00 53 83 ec 0c 8b 86
0xf7845708:   70 fe ff ff 8b 96 74 fe ff ff 65 8b 28 65 c6 02 



---------------  P R O C E S S  ---------------

VM state: at safepoint (shutting down)

VM Mutex/Monitor currently owned by a thread:  ([mutex/lock_event])
[0xf5e21d30] Threads_lock - owner thread: 0xc4194cf0

GC Precious Log:
<Skipped>

Heap:
 garbage-first heap   total 131072K, used 11102K [0xc5c00000, 0xe5c00000)
  region size 1024K, 11 young (11264K), 2 survivors (2048K)
 Metaspace       used 2209K, committed 2368K, reserved 16384K

Heap Regions: E=young(eden), S=young(survivor), O=old, HS=humongous(starts), HC=humongous(continues), CS=collection set, F=free, OA=open archive, CA=closed archive, TAMS=top-at-mark-start (previous, next)
|   0|0xc5c00000, 0xc5c02000, 0xc5d00000|  0%| O|  |TAMS 0xc5c00000, 0xc5c00000| Untracked 
|   1|0xc5d00000, 0xc5d00000, 0xc5e00000|  0%| F|  |TAMS 0xc5d00000, 0xc5d00000| Untracked 
|   2|0xc5e00000, 0xc5e00000, 0xc5f00000|  0%| F|  |TAMS 0xc5e00000, 0xc5e00000| Untracked 
|   3|0xc5f00000, 0xc5f00000, 0xc6000000|  0%| F|  |TAMS 0xc5f00000, 0xc5f00000| Untracked 
|   4|0xc6000000, 0xc6000000, 0xc6100000|  0%| F|  |TAMS 0xc6000000, 0xc6000000| Untracked 
|   5|0xc6100000, 0xc6100000, 0xc6200000|  0%| F|  |TAMS 0xc6100000, 0xc6100000| Untracked 
|   6|0xc6200000, 0xc6200000, 0xc6300000|  0%| F|  |TAMS 0xc6200000, 0xc6200000| Untracked 
|   7|0xc6300000, 0xc6300000, 0xc6400000|  0%| F|  |TAMS 0xc6300000, 0xc6300000| Untracked 
|   8|0xc6400000, 0xc6400000, 0xc6500000|  0%| F|  |TAMS 0xc6400000, 0xc6400000| Untracked 
|   9|0xc6500000, 0xc6500000, 0xc6600000|  0%| F|  |TAMS 0xc6500000, 0xc6500000| Untracked 
|  10|0xc6600000, 0xc6600000, 0xc6700000|  0%| F|  |TAMS 0xc6600000, 0xc6600000| Untracked 
|  11|0xc6700000, 0xc6700000, 0xc6800000|  0%| F|  |TAMS 0xc6700000, 0xc6700000| Untracked 
|  12|0xc6800000, 0xc6800000, 0xc6900000|  0%| F|  |TAMS 0xc6800000, 0xc6800000| Untracked 
|  13|0xc6900000, 0xc6900000, 0xc6a00000|  0%| F|  |TAMS 0xc6900000, 0xc6900000| Untracked 
|  14|0xc6a00000, 0xc6a00000, 0xc6b00000|  0%| F|  |TAMS 0xc6a00000, 0xc6a00000| Untracked 
|  15|0xc6b00000, 0xc6b00000, 0xc6c00000|  0%| F|  |TAMS 0xc6b00000, 0xc6b00000| Untracked 
|  16|0xc6c00000, 0xc6c00000, 0xc6d00000|  0%| F|  |TAMS 0xc6c00000, 0xc6c00000| Untracked 
|  17|0xc6d00000, 0xc6d00000, 0xc6e00000|  0%| F|  |TAMS 0xc6d00000, 0xc6d00000| Untracked 
|  18|0xc6e00000, 0xc6e00000, 0xc6f00000|  0%| F|  |TAMS 0xc6e00000, 0xc6e00000| Untracked 
|  19|0xc6f00000, 0xc6f00000, 0xc7000000|  0%| F|  |TAMS 0xc6f00000, 0xc6f00000| Untracked 
|  20|0xc7000000, 0xc7000000, 0xc7100000|  0%| F|  |TAMS 0xc7000000, 0xc7000000| Untracked 
|  21|0xc7100000, 0xc7100000, 0xc7200000|  0%| F|  |TAMS 0xc7100000, 0xc7100000| Untracked 
|  22|0xc7200000, 0xc7200000, 0xc7300000|  0%| F|  |TAMS 0xc7200000, 0xc7200000| Untracked 
|  23|0xc7300000, 0xc7300000, 0xc7400000|  0%| F|  |TAMS 0xc7300000, 0xc7300000| Untracked 
|  24|0xc7400000, 0xc7400000, 0xc7500000|  0%| F|  |TAMS 0xc7400000, 0xc7400000| Untracked 
|  25|0xc7500000, 0xc7500000, 0xc7600000|  0%| F|  |TAMS 0xc7500000, 0xc7500000| Untracked 
|  26|0xc7600000, 0xc7600000, 0xc7700000|  0%| F|  |TAMS 0xc7600000, 0xc7600000| Untracked 
|  27|0xc7700000, 0xc7700000, 0xc7800000|  0%| F|  |TAMS 0xc7700000, 0xc7700000| Untracked 
|  28|0xc7800000, 0xc7800000, 0xc7900000|  0%| F|  |TAMS 0xc7800000, 0xc7800000| Untracked 
|  29|0xc7900000, 0xc7900000, 0xc7a00000|  0%| F|  |TAMS 0xc7900000, 0xc7900000| Untracked 
|  30|0xc7a00000, 0xc7a00000, 0xc7b00000|  0%| F|  |TAMS 0xc7a00000, 0xc7a00000| Untracked 
|  31|0xc7b00000, 0xc7b00000, 0xc7c00000|  0%| F|  |TAMS 0xc7b00000, 0xc7b00000| Untracked 
|  32|0xc7c00000, 0xc7c00000, 0xc7d00000|  0%| F|  |TAMS 0xc7c00000, 0xc7c00000| Untracked 
|  33|0xc7d00000, 0xc7d00000, 0xc7e00000|  0%| F|  |TAMS 0xc7d00000, 0xc7d00000| Untracked 
|  34|0xc7e00000, 0xc7e00000, 0xc7f00000|  0%| F|  |TAMS 0xc7e00000, 0xc7e00000| Untracked 
|  35|0xc7f00000, 0xc7f00000, 0xc8000000|  0%| F|  |TAMS 0xc7f00000, 0xc7f00000| Untracked 
|  36|0xc8000000, 0xc8000000, 0xc8100000|  0%| F|  |TAMS 0xc8000000, 0xc8000000| Untracked 
|  37|0xc8100000, 0xc8100000, 0xc8200000|  0%| F|  |TAMS 0xc8100000, 0xc8100000| Untracked 
|  38|0xc8200000, 0xc8200000, 0xc8300000|  0%| F|  |TAMS 0xc8200000, 0xc8200000| Untracked 
|  39|0xc8300000, 0xc8300000, 0xc8400000|  0%| F|  |TAMS 0xc8300000, 0xc8300000| Untracked 
|  40|0xc8400000, 0xc8400000, 0xc8500000|  0%| F|  |TAMS 0xc8400000, 0xc8400000| Untracked 
|  41|0xc8500000, 0xc8500000, 0xc8600000|  0%| F|  |TAMS 0xc8500000, 0xc8500000| Untracked 
|  42|0xc8600000, 0xc8600000, 0xc8700000|  0%| F|  |TAMS 0xc8600000, 0xc8600000| Untracked 
|  43|0xc8700000, 0xc8700000, 0xc8800000|  0%| F|  |TAMS 0xc8700000, 0xc8700000| Untracked 
|  44|0xc8800000, 0xc8800000, 0xc8900000|  0%| F|  |TAMS 0xc8800000, 0xc8800000| Untracked 
|  45|0xc8900000, 0xc8900000, 0xc8a00000|  0%| F|  |TAMS 0xc8900000, 0xc8900000| Untracked 
|  46|0xc8a00000, 0xc8a00000, 0xc8b00000|  0%| F|  |TAMS 0xc8a00000, 0xc8a00000| Untracked 
|  47|0xc8b00000, 0xc8b00000, 0xc8c00000|  0%| F|  |TAMS 0xc8b00000, 0xc8b00000| Untracked 
|  48|0xc8c00000, 0xc8c00000, 0xc8d00000|  0%| F|  |TAMS 0xc8c00000, 0xc8c00000| Untracked 
|  49|0xc8d00000, 0xc8d00000, 0xc8e00000|  0%| F|  |TAMS 0xc8d00000, 0xc8d00000| Untracked 
|  50|0xc8e00000, 0xc8e00000, 0xc8f00000|  0%| F|  |TAMS 0xc8e00000, 0xc8e00000| Untracked 
|  51|0xc8f00000, 0xc8f00000, 0xc9000000|  0%| F|  |TAMS 0xc8f00000, 0xc8f00000| Untracked 
|  52|0xc9000000, 0xc9000000, 0xc9100000|  0%| F|  |TAMS 0xc9000000, 0xc9000000| Untracked 
|  53|0xc9100000, 0xc9100000, 0xc9200000|  0%| F|  |TAMS 0xc9100000, 0xc9100000| Untracked 
|  54|0xc9200000, 0xc9200000, 0xc9300000|  0%| F|  |TAMS 0xc9200000, 0xc9200000| Untracked 
|  55|0xc9300000, 0xc9300000, 0xc9400000|  0%| F|  |TAMS 0xc9300000, 0xc9300000| Untracked 
|  56|0xc9400000, 0xc9400000, 0xc9500000|  0%| F|  |TAMS 0xc9400000, 0xc9400000| Untracked 
|  57|0xc9500000, 0xc9500000, 0xc9600000|  0%| F|  |TAMS 0xc9500000, 0xc9500000| Untracked 
|  58|0xc9600000, 0xc9600000, 0xc9700000|  0%| F|  |TAMS 0xc9600000, 0xc9600000| Untracked 
|  59|0xc9700000, 0xc9700000, 0xc9800000|  0%| F|  |TAMS 0xc9700000, 0xc9700000| Untracked 
|  60|0xc9800000, 0xc9800000, 0xc9900000|  0%| F|  |TAMS 0xc9800000, 0xc9800000| Untracked 
|  61|0xc9900000, 0xc9900000, 0xc9a00000|  0%| F|  |TAMS 0xc9900000, 0xc9900000| Untracked 
|  62|0xc9a00000, 0xc9a00000, 0xc9b00000|  0%| F|  |TAMS 0xc9a00000, 0xc9a00000| Untracked 
|  63|0xc9b00000, 0xc9b00000, 0xc9c00000|  0%| F|  |TAMS 0xc9b00000, 0xc9b00000| Untracked 
|  64|0xc9c00000, 0xc9c00000, 0xc9d00000|  0%| F|  |TAMS 0xc9c00000, 0xc9c00000| Untracked 
|  65|0xc9d00000, 0xc9d00000, 0xc9e00000|  0%| F|  |TAMS 0xc9d00000, 0xc9d00000| Untracked 
|  66|0xc9e00000, 0xc9e00000, 0xc9f00000|  0%| F|  |TAMS 0xc9e00000, 0xc9e00000| Untracked 
|  67|0xc9f00000, 0xc9f00000, 0xca000000|  0%| F|  |TAMS 0xc9f00000, 0xc9f00000| Untracked 
|  68|0xca000000, 0xca000000, 0xca100000|  0%| F|  |TAMS 0xca000000, 0xca000000| Untracked 
|  69|0xca100000, 0xca100000, 0xca200000|  0%| F|  |TAMS 0xca100000, 0xca100000| Untracked 
|  70|0xca200000, 0xca200000, 0xca300000|  0%| F|  |TAMS 0xca200000, 0xca200000| Untracked 
|  71|0xca300000, 0xca300000, 0xca400000|  0%| F|  |TAMS 0xca300000, 0xca300000| Untracked 
|  72|0xca400000, 0xca400000, 0xca500000|  0%| F|  |TAMS 0xca400000, 0xca400000| Untracked 
|  73|0xca500000, 0xca500000, 0xca600000|  0%| F|  |TAMS 0xca500000, 0xca500000| Untracked 
|  74|0xca600000, 0xca600000, 0xca700000|  0%| F|  |TAMS 0xca600000, 0xca600000| Untracked 
|  75|0xca700000, 0xca700000, 0xca800000|  0%| F|  |TAMS 0xca700000, 0xca700000| Untracked 
|  76|0xca800000, 0xca800000, 0xca900000|  0%| F|  |TAMS 0xca800000, 0xca800000| Untracked 
|  77|0xca900000, 0xca900000, 0xcaa00000|  0%| F|  |TAMS 0xca900000, 0xca900000| Untracked 
|  78|0xcaa00000, 0xcaa00000, 0xcab00000|  0%| F|  |TAMS 0xcaa00000, 0xcaa00000| Untracked 
|  79|0xcab00000, 0xcab00000, 0xcac00000|  0%| F|  |TAMS 0xcab00000, 0xcab00000| Untracked 
|  80|0xcac00000, 0xcac00000, 0xcad00000|  0%| F|  |TAMS 0xcac00000, 0xcac00000| Untracked 
|  81|0xcad00000, 0xcad00000, 0xcae00000|  0%| F|  |TAMS 0xcad00000, 0xcad00000| Untracked 
|  82|0xcae00000, 0xcae00000, 0xcaf00000|  0%| F|  |TAMS 0xcae00000, 0xcae00000| Untracked 
|  83|0xcaf00000, 0xcaf00000, 0xcb000000|  0%| F|  |TAMS 0xcaf00000, 0xcaf00000| Untracked 
|  84|0xcb000000, 0xcb000000, 0xcb100000|  0%| F|  |TAMS 0xcb000000, 0xcb000000| Untracked 
|  85|0xcb100000, 0xcb100000, 0xcb200000|  0%| F|  |TAMS 0xcb100000, 0xcb100000| Untracked 
|  86|0xcb200000, 0xcb200000, 0xcb300000|  0%| F|  |TAMS 0xcb200000, 0xcb200000| Untracked 
|  87|0xcb300000, 0xcb300000, 0xcb400000|  0%| F|  |TAMS 0xcb300000, 0xcb300000| Untracked 
|  88|0xcb400000, 0xcb400000, 0xcb500000|  0%| F|  |TAMS 0xcb400000, 0xcb400000| Untracked 
|  89|0xcb500000, 0xcb500000, 0xcb600000|  0%| F|  |TAMS 0xcb500000, 0xcb500000| Untracked 
|  90|0xcb600000, 0xcb600000, 0xcb700000|  0%| F|  |TAMS 0xcb600000, 0xcb600000| Untracked 
|  91|0xcb700000, 0xcb700000, 0xcb800000|  0%| F|  |TAMS 0xcb700000, 0xcb700000| Untracked 
|  92|0xcb800000, 0xcb800000, 0xcb900000|  0%| F|  |TAMS 0xcb800000, 0xcb800000| Untracked 
|  93|0xcb900000, 0xcb900000, 0xcba00000|  0%| F|  |TAMS 0xcb900000, 0xcb900000| Untracked 
|  94|0xcba00000, 0xcba00000, 0xcbb00000|  0%| F|  |TAMS 0xcba00000, 0xcba00000| Untracked 
|  95|0xcbb00000, 0xcbb00000, 0xcbc00000|  0%| F|  |TAMS 0xcbb00000, 0xcbb00000| Untracked 
|  96|0xcbc00000, 0xcbc00000, 0xcbd00000|  0%| F|  |TAMS 0xcbc00000, 0xcbc00000| Untracked 
|  97|0xcbd00000, 0xcbd00000, 0xcbe00000|  0%| F|  |TAMS 0xcbd00000, 0xcbd00000| Untracked 
|  98|0xcbe00000, 0xcbe00000, 0xcbf00000|  0%| F|  |TAMS 0xcbe00000, 0xcbe00000| Untracked 
|  99|0xcbf00000, 0xcbf00000, 0xcc000000|  0%| F|  |TAMS 0xcbf00000, 0xcbf00000| Untracked 
| 100|0xcc000000, 0xcc000000, 0xcc100000|  0%| F|  |TAMS 0xcc000000, 0xcc000000| Untracked 
| 101|0xcc100000, 0xcc100000, 0xcc200000|  0%| F|  |TAMS 0xcc100000, 0xcc100000| Untracked 
| 102|0xcc200000, 0xcc200000, 0xcc300000|  0%| F|  |TAMS 0xcc200000, 0xcc200000| Untracked 
| 103|0xcc300000, 0xcc300000, 0xcc400000|  0%| F|  |TAMS 0xcc300000, 0xcc300000| Untracked 
| 104|0xcc400000, 0xcc400000, 0xcc500000|  0%| F|  |TAMS 0xcc400000, 0xcc400000| Untracked 
| 105|0xcc500000, 0xcc500000, 0xcc600000|  0%| F|  |TAMS 0xcc500000, 0xcc500000| Untracked 
| 106|0xcc600000, 0xcc600000, 0xcc700000|  0%| F|  |TAMS 0xcc600000, 0xcc600000| Untracked 
| 107|0xcc700000, 0xcc700000, 0xcc800000|  0%| F|  |TAMS 0xcc700000, 0xcc700000| Untracked 
| 108|0xcc800000, 0xcc800000, 0xcc900000|  0%| F|  |TAMS 0xcc800000, 0xcc800000| Untracked 
| 109|0xcc900000, 0xcc900000, 0xcca00000|  0%| F|  |TAMS 0xcc900000, 0xcc900000| Untracked 
| 110|0xcca00000, 0xcca00000, 0xccb00000|  0%| F|  |TAMS 0xcca00000, 0xcca00000| Untracked 
| 111|0xccb00000, 0xccb00000, 0xccc00000|  0%| F|  |TAMS 0xccb00000, 0xccb00000| Untracked 
| 112|0xccc00000, 0xccc00000, 0xccd00000|  0%| F|  |TAMS 0xccc00000, 0xccc00000| Untracked 
| 113|0xccd00000, 0xcce00000, 0xcce00000|100%| S|CS|TAMS 0xccd00000, 0xccd00000| Complete 
| 114|0xcce00000, 0xccf00000, 0xccf00000|100%| S|CS|TAMS 0xcce00000, 0xcce00000| Complete 
| 115|0xccf00000, 0xccf00000, 0xcd000000|  0%| F|  |TAMS 0xccf00000, 0xccf00000| Untracked 
| 116|0xcd000000, 0xcd000000, 0xcd100000|  0%| F|  |TAMS 0xcd000000, 0xcd000000| Untracked 
| 117|0xcd100000, 0xcd100000, 0xcd200000|  0%| F|  |TAMS 0xcd100000, 0xcd100000| Untracked 
| 118|0xcd200000, 0xcd200000, 0xcd300000|  0%| F|  |TAMS 0xcd200000, 0xcd200000| Untracked 
| 119|0xcd300000, 0xcd3d5900, 0xcd400000| 83%| E|  |TAMS 0xcd300000, 0xcd300000| Complete 
| 120|0xcd400000, 0xcd500000, 0xcd500000|100%| E|CS|TAMS 0xcd400000, 0xcd400000| Complete 
| 121|0xcd500000, 0xcd600000, 0xcd600000|100%| E|CS|TAMS 0xcd500000, 0xcd500000| Complete 
| 122|0xcd600000, 0xcd700000, 0xcd700000|100%| E|CS|TAMS 0xcd600000, 0xcd600000| Complete 
| 123|0xcd700000, 0xcd800000, 0xcd800000|100%| E|CS|TAMS 0xcd700000, 0xcd700000| Complete 
| 124|0xcd800000, 0xcd900000, 0xcd900000|100%| E|CS|TAMS 0xcd800000, 0xcd800000| Complete 
| 125|0xcd900000, 0xcda00000, 0xcda00000|100%| E|CS|TAMS 0xcd900000, 0xcd900000| Complete 
| 126|0xcda00000, 0xcdb00000, 0xcdb00000|100%| E|CS|TAMS 0xcda00000, 0xcda00000| Complete 
| 127|0xcdb00000, 0xcdc00000, 0xcdc00000|100%| E|CS|TAMS 0xcdb00000, 0xcdb00000| Complete 

Card table byte_map: [0xc5a00000,0xc5b00000] _byte_map_base: 0xc53d2000

Marking Bits (Prev, Next): (CMBitMap*) 0xf5e8b528, (CMBitMap*) 0xf5e8b548
 Prev Bits: [0xc5100000, 0xc5900000)
 Next Bits: [0xc4900000, 0xc5100000)

Polling page: 0xf7ed7000

Metaspace:

Usage:
    2.16 MB used.

Virtual space:
     16.00 MB reserved,       2.31 MB ( 14%) committed,  1 nodes.

Chunk freelists:
10.14 MB

MaxMetaspaceSize: 96.00 MB
No class space
Initial GC threshold: 16.00 MB
Current GC threshold: 16.00 MB
CDS: on
MetaspaceReclaimPolicy: balanced
 - commit_granule_bytes: 65536.
 - commit_granule_words: 16384.
 - virtual_space_node_default_size: 4194304.
 - enlarge_chunks_in_place: 1.
 - new_chunks_are_fully_committed: 0.
 - uncommit_free_chunks: 1.
 - use_allocation_guard: 0.
 - handle_deallocations: 1.


Internal statistics:

num_allocs_failed_limit: 0.
num_arena_births: 83.
num_arena_deaths: 0.
num_vsnodes_births: 1.
num_vsnodes_deaths: 0.
num_space_committed: 37.
num_space_uncommitted: 0.
num_chunks_returned_to_freelist: 0.
num_chunks_taken_from_freelist: 182.
num_chunk_merges: 0.
num_chunk_splits: 127.
num_chunks_enlarged: 86.
num_inconsistent_stats: 0.

CodeHeap 'non-profiled nmethods': size=120172Kb used=327Kb max_used=327Kb free=119844Kb
 bounds [0xed7f5000, 0xeda35000, 0xf4d50000]
CodeHeap 'profiled nmethods': size=120172Kb used=1146Kb max_used=1146Kb free=119025Kb
 bounds [0xe5d50000, 0xe5f90000, 0xed2ab000]
CodeHeap 'non-nmethods': size=5416Kb used=717Kb max_used=749Kb free=4698Kb
 bounds [0xed2ab000, 0xed4eb000, 0xed7f5000]
 total_blobs=1034 nmethods=712 adapters=236
 compilation: enabled
              stopped_count=0, restarted_count=0
 full_count=0

Compilation events (20 events):
Event: 43.511 Thread 0xc47042a0 nmethod 682 0xed843a08 code [0xed843b20, 0xed843d90]
Event: 43.511 Thread 0xc47042a0  689       4       java.lang.StringConcatHelper::simpleConcat (94 bytes)
Event: 43.548 Thread 0xc47042a0 nmethod 689 0xed843e88 code [0xed843fe0, 0xed844590]
Event: 43.548 Thread 0xc47042a0  700       4       java.lang.invoke.LambdaForm$MH/0xc2502280::invoke (25 bytes)
Event: 43.549 Thread 0xc47042a0 nmethod 700 0xed844b08 code [0xed844c40, 0xed844d44]
Event: 43.549 Thread 0xc47042a0  684       4       script.script_entry::stopScriptTimer (97 bytes)
Event: 43.550 Thread 0xc47042a0 nmethod 684 0xed844e88 code [0xed844fa0, 0xed845090]
Event: 43.550 Thread 0xc47042a0  685       4       script.script_entry::startScriptTimer (43 bytes)
Event: 43.550 Thread 0xc47042a0 nmethod 685 0xed845188 code [0xed8452a0, 0xed845390]
Event: 43.550 Thread 0xc47042a0  683       4       script.obj_id::unlockScripts (87 bytes)
Event: 43.552 Thread 0xc47042a0 nmethod 683 0xed845488 code [0xed8455a0, 0xed845690]
Event: 43.566 Thread 0xc419f450 nmethod 688 0xed845788 code [0xed845900, 0xed8464bc]
Event: 43.603 Thread 0xc41a0580  710       3       script.obj_id::packAllScriptVars (100 bytes)
Event: 43.604 Thread 0xc41a0580 nmethod 710 0xe5e6cb08 code [0xe5e6cdc0, 0xe5e6dc70]
Event: 52.294 Thread 0xc41a0580  711       3       java.util.HashMap$KeySet::iterator (12 bytes)
Event: 52.295 Thread 0xc41a0580 nmethod 711 0xe5e6e288 code [0xe5e6e3c0, 0xe5e6e5ec]
Event: 52.295 Thread 0xc41a0580  712       3       java.util.HashMap$KeyIterator::<init> (11 bytes)
Event: 52.295 Thread 0xc41a0580 nmethod 712 0xe5e6e708 code [0xe5e6e840, 0xe5e6e9ac]
Event: 63.552 Thread 0xc419f450  713       4       java.util.HashMap::clear (50 bytes)
Event: 63.559 Thread 0xc419f450 nmethod 713 0xed846b08 code [0xed846c20, 0xed846ed0]

GC Heap History (2 events):
Event: 41.159 GC heap before
{Heap before GC invocations=0 (full 0):
 garbage-first heap   total 131072K, used 12288K [0xc5c00000, 0xe5c00000)
  region size 1024K, 13 young (13312K), 0 survivors (0K)
 Metaspace       used 2124K, committed 2304K, reserved 16384K
}
Event: 41.193 GC heap after
{Heap after GC invocations=1 (full 0):
 garbage-first heap   total 131072K, used 2056K [0xc5c00000, 0xe5c00000)
  region size 1024K, 2 young (2048K), 2 survivors (2048K)
 Metaspace       used 2124K, committed 2304K, reserved 16384K
}

Dll operation events (1 events):
Event: 0.079 Loaded shared library /usr/lib/jvm/java-17-zulu-openjdk-jdk-x86/lib/libjava.so

Deoptimization events (20 events):
Event: 41.307 Thread 0x0c4fe8f0 DEOPT PACKING pc=0xed824a6c sp=0xffa1fd60
Event: 41.307 Thread 0x0c4fe8f0 DEOPT UNPACKING pc=0xed2f4d33 sp=0xffa1fd30 mode 2
Event: 41.424 Thread 0x0c4fe8f0 Uncommon trap: trap_request=0xffffff45 fr.pc=0xed825918 relative=0x000000f8
Event: 41.424 Thread 0x0c4fe8f0 Uncommon trap: reason=unstable_if action=reinterpret pc=0xed825918 method=java.lang.Long.valueOf(J)Ljava/lang/Long; @ 17 c2
Event: 41.424 Thread 0x0c4fe8f0 DEOPT PACKING pc=0xed825918 sp=0xffa20360
Event: 41.424 Thread 0x0c4fe8f0 DEOPT UNPACKING pc=0xed2f4d33 sp=0xffa20328 mode 2
Event: 41.427 Thread 0x0c4fe8f0 Uncommon trap: trap_request=0xffffff45 fr.pc=0xed81ef14 relative=0x00000454
Event: 41.427 Thread 0x0c4fe8f0 Uncommon trap: reason=unstable_if action=reinterpret pc=0xed81ef14 method=script.script_class_loader.getClassLoader(Ljava/lang/String;)Lscript/script_class_loader; @ 9 c2
Event: 41.427 Thread 0x0c4fe8f0 DEOPT PACKING pc=0xed81ef14 sp=0xffa20370
Event: 41.427 Thread 0x0c4fe8f0 DEOPT UNPACKING pc=0xed2f4d33 sp=0xffa20364 mode 2
Event: 41.441 Thread 0x0c4fe8f0 DEOPT PACKING pc=0xe5e19d2e sp=0xffa20090
Event: 41.441 Thread 0x0c4fe8f0 DEOPT UNPACKING pc=0xed2f4171 sp=0xffa1ff34 mode 0
Event: 42.425 Thread 0x0c4fe8f0 Uncommon trap: trap_request=0xfffffff4 fr.pc=0xed820cac relative=0x00000c2c
Event: 42.425 Thread 0x0c4fe8f0 Uncommon trap: reason=null_check action=make_not_entrant pc=0xed820cac method=script.script_entry.callMessageHandler(Ljava/lang/String;Ljava/lang/String;[Ljava/lang/Object;)I @ 342 c2
Event: 42.425 Thread 0x0c4fe8f0 DEOPT PACKING pc=0xed820cac sp=0xffa216e0
Event: 42.425 Thread 0x0c4fe8f0 DEOPT UNPACKING pc=0xed2f4d33 sp=0xffa216c8 mode 2
Event: 42.427 Thread 0x0c4fe8f0 Uncommon trap: trap_request=0xffffff6e fr.pc=0xed82acc0 relative=0x00000520
Event: 42.427 Thread 0x0c4fe8f0 Uncommon trap: reason=loop_limit_check action=maybe_recompile pc=0xed82acc0 method=java.lang.StringLatin1.indexOf([BI[BII)I @ 37 c2
Event: 42.427 Thread 0x0c4fe8f0 DEOPT PACKING pc=0xed82acc0 sp=0xffa210c0
Event: 42.427 Thread 0x0c4fe8f0 DEOPT UNPACKING pc=0xed2f4d33 sp=0xffa2109c mode 2

Classes unloaded (0 events):
No events

Classes redefined (0 events):
No events

Internal exceptions (0 events):
No events

VM Operations (20 events):
Event: 29.184 Executing VM operation: HandshakeAllThreads
Event: 29.185 Executing VM operation: HandshakeAllThreads done
Event: 29.185 Executing VM operation: Cleanup
Event: 29.185 Executing VM operation: Cleanup done
Event: 30.185 Executing VM operation: Cleanup
Event: 30.185 Executing VM operation: Cleanup done
Event: 41.159 Executing VM operation: G1CollectForAllocation
Event: 41.193 Executing VM operation: G1CollectForAllocation done
Event: 42.194 Executing VM operation: Cleanup
Event: 42.194 Executing VM operation: Cleanup done
Event: 43.194 Executing VM operation: Cleanup
Event: 43.194 Executing VM operation: Cleanup done
Event: 44.195 Executing VM operation: Cleanup
Event: 44.195 Executing VM operation: Cleanup done
Event: 53.208 Executing VM operation: Cleanup
Event: 53.208 Executing VM operation: Cleanup done
Event: 60.194 Executing VM operation: HandshakeAllThreads
Event: 60.194 Executing VM operation: HandshakeAllThreads done
Event: 64.195 Executing VM operation: Cleanup
Event: 64.195 Executing VM operation: Cleanup done

Events (20 events):
Event: 40.626 loading class jdk/internal/reflect/Label
Event: 40.626 loading class jdk/internal/reflect/Label done
Event: 40.626 loading class jdk/internal/reflect/Label$PatchInfo
Event: 40.626 loading class jdk/internal/reflect/Label$PatchInfo done
Event: 40.626 loading class jdk/internal/reflect/MethodAccessorGenerator$1
Event: 40.626 loading class jdk/internal/reflect/MethodAccessorGenerator$1 done
Event: 40.626 loading class jdk/internal/reflect/ClassDefiner
Event: 40.627 loading class jdk/internal/reflect/ClassDefiner done
Event: 40.627 loading class jdk/internal/reflect/ClassDefiner$1
Event: 40.627 loading class jdk/internal/reflect/ClassDefiner$1 done
Event: 40.853 Thread 0xc470b520 Thread exited: 0xc470b520
Event: 41.473 Thread 0xc47241c0 Thread added: 0xc47241c0
Event: 41.474 Protecting memory [0xc0f7d000,0xc0f81000] with protection modes 0
Event: 43.315 Thread 0xc47241c0 Thread exited: 0xc47241c0
Event: 43.425 Thread 0xc47042a0 Thread added: 0xc47042a0
Event: 43.428 Protecting memory [0xc0f7d000,0xc0f81000] with protection modes 0
Event: 48.605 Thread 0xc47042a0 Thread exited: 0xc47042a0
Event: 64.594 Thread 0x0c4fe8f0 Thread exited: 0x0c4fe8f0
Event: 64.607 Thread 0xf5e242d0 Thread exited: 0xf5e242d0
Event: 64.607 Thread 0xc419bff0 Thread exited: 0xc419bff0


Dynamic libraries:
08048000-09298000 r-xp 00000000 08:04 494947248                          /home/almalinux/swg-returns-nge/build/bin/SwgGameServer
09298000-0929c000 rw-p 0124f000 08:04 494947248                          /home/almalinux/swg-returns-nge/build/bin/SwgGameServer
0929c000-09b1f000 rw-p 00000000 00:00 0 
0ae39000-0e515000 rw-p 00000000 00:00 0                                  [heap]
c0700000-c0796000 rw-p 00000000 00:00 0 
c0796000-c0800000 ---p 00000000 00:00 0 
c0a00000-c0b00000 rw-p 00000000 00:00 0 
c0c00000-c0df1000 rw-p 00000000 00:00 0 
c0df1000-c0e00000 ---p 00000000 00:00 0 
c0e00000-c0ef9000 rw-p 00000000 00:00 0 
c0ef9000-c0f00000 ---p 00000000 00:00 0 
c0f7d000-c0f81000 ---p 00000000 00:00 0 
c0f81000-c0ffe000 rw-p 00000000 00:00 0 
c0ffe000-c0fff000 ---p 00000000 00:00 0 
c0fff000-c107f000 rw-p 00000000 00:00 0 
c107f000-c1080000 ---p 00000000 00:00 0 
c1080000-c1100000 rw-p 00000000 00:00 0 
c1100000-c11fc000 rw-p 00000000 00:00 0 
c11fc000-c1200000 ---p 00000000 00:00 0 
c127f000-c1283000 ---p 00000000 00:00 0 
c1283000-c1300000 rw-p 00000000 00:00 0 
c1300000-c1329000 rw-p 00000000 00:00 0 
c1329000-c1400000 ---p 00000000 00:00 0 
c167f000-c1683000 ---p 00000000 00:00 0 
c1683000-c1740000 rw-p 00000000 00:00 0 
c1740000-c1744000 ---p 00000000 00:00 0 
c1744000-c1801000 rw-p 00000000 00:00 0 
c1801000-c1802000 ---p 00000000 00:00 0 
c1802000-c1882000 rw-p 00000000 00:00 0 
c1882000-c1886000 ---p 00000000 00:00 0 
c1886000-c1943000 rw-p 00000000 00:00 0 
c1943000-c1947000 ---p 00000000 00:00 0 
c1947000-c1a04000 rw-p 00000000 00:00 0 
c1a04000-c1a08000 ---p 00000000 00:00 0 
c1a08000-c1ac5000 rw-p 00000000 00:00 0 
c1ac5000-c1ac9000 ---p 00000000 00:00 0 
c1ac9000-c1b86000 rw-p 00000000 00:00 0 
c1b86000-c1e00000 r--p 00078000 08:04 535181                             /usr/lib/locale/locale-archive
c1e00000-c2000000 r--p 00000000 08:04 535181                             /usr/lib/locale/locale-archive
c2000000-c2070000 rw-p 00000000 00:00 0 
c2070000-c2400000 ---p 00000000 00:00 0 
c2400000-c25e0000 rw-p 00000000 00:00 0 
c25e0000-c3000000 ---p 00000000 00:00 0 
c303c000-c3040000 ---p 00000000 00:00 0 
c3040000-c30bd000 rw-p 00000000 00:00 0 
c30bd000-c30c1000 ---p 00000000 00:00 0 
c30c1000-c317e000 rw-p 00000000 00:00 0 
c317e000-c3182000 ---p 00000000 00:00 0 
c3182000-c323f000 rw-p 00000000 00:00 0 
c323f000-c3243000 ---p 00000000 00:00 0 
c3243000-c3300000 rw-p 00000000 00:00 0 
c3300000-c33b2000 rw-p 00000000 00:00 0 
c33b2000-c3400000 ---p 00000000 00:00 0 
c3431000-c3435000 ---p 00000000 00:00 0 
c3435000-c34b2000 rw-p 00000000 00:00 0 
c34b2000-c34b3000 ---p 00000000 00:00 0 
c34b3000-c3533000 rw-p 00000000 00:00 0 
c3533000-c3e00000 rw-p 00001000 08:04 143240867                          /usr/lib/jvm/java-17-zulu-openjdk-jdk-x86/lib/server/classes.jsa
c3e00000-c3e21000 rw-p 00000000 00:00 0 
c3e21000-c3f00000 ---p 00000000 00:00 0 
c3f7f000-c3f80000 ---p 00000000 00:00 0 
c3f80000-c4000000 rw-p 00000000 00:00 0 
c4000000-c4021000 rw-p 00000000 00:00 0 
c4021000-c4100000 ---p 00000000 00:00 0 
c4100000-c41d1000 rw-p 00000000 00:00 0 
c41d1000-c4200000 ---p 00000000 00:00 0 
c427f000-c4280000 ---p 00000000 00:00 0 
c4280000-c4300000 rw-p 00000000 00:00 0 
c4300000-c43da000 rw-p 00000000 00:00 0 
c43da000-c4400000 ---p 00000000 00:00 0 
c447f000-c4480000 ---p 00000000 00:00 0 
c4480000-c4500000 rw-p 00000000 00:00 0 
c4500000-c45e4000 rw-p 00000000 00:00 0 
c45e4000-c4600000 ---p 00000000 00:00 0 
c467f000-c4680000 ---p 00000000 00:00 0 
c4680000-c4700000 rw-p 00000000 00:00 0 
c4700000-c47fd000 rw-p 00000000 00:00 0 
c47fd000-c4800000 ---p 00000000 00:00 0 
c487f000-c4880000 ---p 00000000 00:00 0 
c4880000-c4b00000 rw-p 00000000 00:00 0 
c4b00000-c5100000 ---p 00000000 00:00 0 
c5100000-c5300000 rw-p 00000000 00:00 0 
c5300000-c5900000 ---p 00000000 00:00 0 
c5900000-c5940000 rw-p 00000000 00:00 0 
c5940000-c5a00000 ---p 00000000 00:00 0 
c5a00000-c5a40000 rw-p 00000000 00:00 0 
c5a40000-c5b00000 ---p 00000000 00:00 0 
c5b00000-c5b40000 rw-p 00000000 00:00 0 
c5b40000-c5c00000 ---p 00000000 00:00 0 
c5c00000-cdc00000 rw-p 00000000 00:00 0 
cdc00000-e5c00000 ---p 00000000 00:00 0 
e5c65000-e5c6a000 rw-p 00000000 00:00 0 
e5c6a000-e5d50000 ---p 00000000 00:00 0 
e5d50000-e5f90000 rwxp 00000000 00:00 0 
e5f90000-ed2ab000 ---p 00000000 00:00 0 
ed2ab000-ed4eb000 rwxp 00000000 00:00 0 
ed4eb000-ed7f5000 ---p 00000000 00:00 0 
ed7f5000-eda35000 rwxp 00000000 00:00 0 
eda35000-f4d50000 ---p 00000000 00:00 0 
f4d50000-f4eb8000 r--s 00000000 08:04 117534333                          /usr/lib/jvm/java-17-zulu-openjdk-jdk-x86/lib/modules
f4eb8000-f5d5a000 r-xp 00000000 08:04 143240869                          /usr/lib/jvm/java-17-zulu-openjdk-jdk-x86/lib/server/libjvm.so
f5d5a000-f5daf000 r--p 00ea1000 08:04 143240869                          /usr/lib/jvm/java-17-zulu-openjdk-jdk-x86/lib/server/libjvm.so
f5daf000-f5dd0000 rw-p 00ef6000 08:04 143240869                          /usr/lib/jvm/java-17-zulu-openjdk-jdk-x86/lib/server/libjvm.so
f5dd0000-f5e00000 rw-p 00000000 00:00 0 
f5e00000-f5f00000 rw-p 00000000 00:00 0 
f5f1d000-f5f1e000 ---p 00000000 00:00 0 
f5f1e000-f5f22000 ---p 00000000 00:00 0 
f5f22000-f6a96000 rw-p 00000000 00:00 0 
f6ab9000-f6abe000 rw-p 00000000 00:00 0 
f6abe000-f6ba4000 ---p 00000000 00:00 0 
f6df2000-f6e1b000 rw-p 00000000 00:00 0 
f6e1b000-f6e3e000 r-xp 00000000 08:04 117534310                          /usr/lib/jvm/java-17-zulu-openjdk-jdk-x86/lib/libjava.so
f6e3e000-f6e3f000 r--p 00022000 08:04 117534310                          /usr/lib/jvm/java-17-zulu-openjdk-jdk-x86/lib/libjava.so
f6e3f000-f6e40000 rw-p 00023000 08:04 117534310                          /usr/lib/jvm/java-17-zulu-openjdk-jdk-x86/lib/libjava.so
f6e40000-f6e4c000 r-xp 00000000 08:04 16831767                           /usr/lib/libnss_files-2.28.so
f6e4c000-f6e4d000 r--p 0000b000 08:04 16831767                           /usr/lib/libnss_files-2.28.so
f6e4d000-f6e4e000 rw-p 0000c000 08:04 16831767                           /usr/lib/libnss_files-2.28.so
f6e4e000-f6e54000 rw-p 00000000 00:00 0 
f6e5a000-f6e5f000 rw-p 00000000 00:00 0 
f6e5f000-f6e65000 ---p 00000000 00:00 0 
f6e65000-f6e80000 r-xp 00000000 08:04 117534314                          /usr/lib/jvm/java-17-zulu-openjdk-jdk-x86/lib/libjimage.so
f6e80000-f6e81000 ---p 0001b000 08:04 117534314                          /usr/lib/jvm/java-17-zulu-openjdk-jdk-x86/lib/libjimage.so
f6e81000-f6e82000 r--p 0001b000 08:04 117534314                          /usr/lib/jvm/java-17-zulu-openjdk-jdk-x86/lib/libjimage.so
f6e82000-f6e83000 rw-p 0001c000 08:04 117534314                          /usr/lib/jvm/java-17-zulu-openjdk-jdk-x86/lib/libjimage.so
f6e83000-f6e87000 rw-p 00000000 00:00 0 
f6e87000-f6f0f000 r-xp 00000000 08:04 17191875                           /usr/lib/libpcre2-8.so.0.7.1
f6f0f000-f6f10000 r--p 00087000 08:04 17191875                           /usr/lib/libpcre2-8.so.0.7.1
f6f10000-f6f11000 rw-p 00088000 08:04 17191875                           /usr/lib/libpcre2-8.so.0.7.1
f6f11000-f6f31000 r-xp 00000000 08:04 17021543                           /usr/lib/libcrypt.so.1.1.0
f6f31000-f6f32000 ---p 00020000 08:04 17021543                           /usr/lib/libcrypt.so.1.1.0
f6f32000-f6f33000 r--p 00020000 08:04 17021543                           /usr/lib/libcrypt.so.1.1.0
f6f33000-f6f3c000 rw-p 00000000 00:00 0 
f6f3c000-f6f67000 r-xp 00000000 08:04 17191887                           /usr/lib/libselinux.so.1
f6f67000-f6f68000 ---p 0002b000 08:04 17191887                           /usr/lib/libselinux.so.1
f6f68000-f6f69000 r--p 0002b000 08:04 17191887                           /usr/lib/libselinux.so.1
f6f69000-f6f6a000 rw-p 0002c000 08:04 17191887                           /usr/lib/libselinux.so.1
f6f6a000-f6f6b000 rw-p 00000000 00:00 0 
f6f6b000-f6f8a000 r-xp 00000000 08:04 18866589                           /usr/lib/libbrotlicommon.so.1.0.6
f6f8a000-f6f8b000 r--p 0001e000 08:04 18866589                           /usr/lib/libbrotlicommon.so.1.0.6
f6f8b000-f6f8c000 rw-p 0001f000 08:04 18866589                           /usr/lib/libbrotlicommon.so.1.0.6
f6f8c000-f6faa000 r-xp 00000000 08:04 17191915                           /usr/lib/libsasl2.so.3.0.0
f6faa000-f6fab000 ---p 0001e000 08:04 17191915                           /usr/lib/libsasl2.so.3.0.0
f6fab000-f6fac000 r--p 0001e000 08:04 17191915                           /usr/lib/libsasl2.so.3.0.0
f6fac000-f6fad000 rw-p 0001f000 08:04 17191915                           /usr/lib/libsasl2.so.3.0.0
f6fad000-f6faf000 rw-p 00000000 00:00 0 
f6faf000-f6fc3000 r-xp 00000000 08:04 16831772                           /usr/lib/libresolv-2.28.so
f6fc3000-f6fc4000 ---p 00014000 08:04 16831772                           /usr/lib/libresolv-2.28.so
f6fc4000-f6fc5000 r--p 00014000 08:04 16831772                           /usr/lib/libresolv-2.28.so
f6fc5000-f6fc6000 rw-p 00015000 08:04 16831772                           /usr/lib/libresolv-2.28.so
f6fc6000-f6fc8000 rw-p 00000000 00:00 0 
f6fc8000-f6fcb000 r-xp 00000000 08:04 17191893                           /usr/lib/libkeyutils.so.1.6
f6fcb000-f6fcc000 ---p 00003000 08:04 17191893                           /usr/lib/libkeyutils.so.1.6
f6fcc000-f6fcd000 r--p 00003000 08:04 17191893                           /usr/lib/libkeyutils.so.1.6
f6fcd000-f6fce000 rw-p 00000000 00:00 0 
f6fce000-f6fde000 r-xp 00000000 08:04 17021560                           /usr/lib/libkrb5support.so.0.1
f6fde000-f6fdf000 r--p 0000f000 08:04 17021560                           /usr/lib/libkrb5support.so.0.1
f6fdf000-f6fe0000 rw-p 00010000 08:04 17021560                           /usr/lib/libkrb5support.so.0.1
f6fe0000-f6fe8000 r-xp 00000000 08:04 16831774                           /usr/lib/librt-2.28.so
f6fe8000-f6fe9000 r--p 00007000 08:04 16831774                           /usr/lib/librt-2.28.so
f6fe9000-f6fea000 rw-p 00008000 08:04 16831774                           /usr/lib/librt-2.28.so
f6fea000-f7169000 r-xp 00000000 08:04 17021545                           /usr/lib/libunistring.so.2.1.0
f7169000-f716a000 ---p 0017f000 08:04 17021545                           /usr/lib/libunistring.so.2.1.0
f716a000-f716c000 r--p 0017f000 08:04 17021545                           /usr/lib/libunistring.so.2.1.0
f716c000-f716d000 rw-p 00181000 08:04 17021545                           /usr/lib/libunistring.so.2.1.0
f716d000-f7197000 r-xp 00000000 08:04 18654292                           /usr/lib/liblzma.so.5.2.4
f7197000-f7198000 r--p 00029000 08:04 18654292                           /usr/lib/liblzma.so.5.2.4
f7198000-f7199000 rw-p 00000000 00:00 0 
f7199000-f71a5000 r-xp 00000000 08:04 17191936                           /usr/lib/libbrotlidec.so.1.0.6
f71a5000-f71a6000 r--p 0000b000 08:04 17191936                           /usr/lib/libbrotlidec.so.1.0.6
f71a6000-f71a7000 rw-p 00000000 00:00 0 
f71a7000-f71b6000 r-xp 00000000 08:04 17191918                           /usr/lib/liblber-2.4.so.2.10.9
f71b6000-f71b7000 r--p 0000e000 08:04 17191918                           /usr/lib/liblber-2.4.so.2.10.9
f71b7000-f71b8000 rw-p 0000f000 08:04 17191918                           /usr/lib/liblber-2.4.so.2.10.9
f71b8000-f720d000 r-xp 00000000 08:04 17191920                           /usr/lib/libldap-2.4.so.2.10.9
f720d000-f720e000 ---p 00055000 08:04 17191920                           /usr/lib/libldap-2.4.so.2.10.9
f720e000-f720f000 r--p 00055000 08:04 17191920                           /usr/lib/libldap-2.4.so.2.10.9
f720f000-f7210000 rw-p 00056000 08:04 17191920                           /usr/lib/libldap-2.4.so.2.10.9
f7210000-f7212000 rw-p 00000000 00:00 0 
f7212000-f7215000 r-xp 00000000 08:04 16994899                           /usr/lib/libcom_err.so.2.1
f7215000-f7216000 r--p 00002000 08:04 16994899                           /usr/lib/libcom_err.so.2.1
f7216000-f7217000 rw-p 00003000 08:04 16994899                           /usr/lib/libcom_err.so.2.1
f7217000-f722d000 r-xp 00000000 08:04 17021552                           /usr/lib/libk5crypto.so.3.1
f722d000-f722e000 ---p 00016000 08:04 17021552                           /usr/lib/libk5crypto.so.3.1
f722e000-f722f000 r--p 00016000 08:04 17021552                           /usr/lib/libk5crypto.so.3.1
f722f000-f7230000 rw-p 00017000 08:04 17021552                           /usr/lib/libk5crypto.so.3.1
f7230000-f7313000 r-xp 00000000 08:04 17021558                           /usr/lib/libkrb5.so.3.3
f7313000-f731a000 r--p 000e2000 08:04 17021558                           /usr/lib/libkrb5.so.3.3
f731a000-f731b000 rw-p 000e9000 08:04 17021558                           /usr/lib/libkrb5.so.3.3
f731b000-f7376000 r-xp 00000000 08:04 17021548                           /usr/lib/libgssapi_krb5.so.2.2
f7376000-f7378000 r--p 0005a000 08:04 17021548                           /usr/lib/libgssapi_krb5.so.2.2
f7378000-f7379000 rw-p 0005c000 08:04 17021548                           /usr/lib/libgssapi_krb5.so.2.2
f7379000-f762a000 r-xp 00000000 08:04 18627877                           /usr/lib/libcrypto.so.1.1.1k
f762a000-f7643000 r--p 002b0000 08:04 18627877                           /usr/lib/libcrypto.so.1.1.1k
f7643000-f7645000 rw-p 002c9000 08:04 18627877                           /usr/lib/libcrypto.so.1.1.1k
f7645000-f7649000 rw-p 00000000 00:00 0 
f7649000-f76db000 r-xp 00000000 08:04 18627879                           /usr/lib/libssl.so.1.1.1k
f76db000-f76e1000 r--p 00091000 08:04 18627879                           /usr/lib/libssl.so.1.1.1k
f76e1000-f76e5000 rw-p 00097000 08:04 18627879                           /usr/lib/libssl.so.1.1.1k
f76e5000-f76f5000 r-xp 00000000 08:04 18660120                           /usr/lib/libpsl.so.5.3.1
f76f5000-f76f6000 r--p 0000f000 08:04 18660120                           /usr/lib/libpsl.so.5.3.1
f76f6000-f76f7000 rw-p 00000000 00:00 0 
f76f7000-f7774000 r-xp 00000000 08:04 16994901                           /usr/lib/libssh.so.4.8.7
f7774000-f7775000 ---p 0007d000 08:04 16994901                           /usr/lib/libssh.so.4.8.7
f7775000-f7776000 r--p 0007d000 08:04 16994901                           /usr/lib/libssh.so.4.8.7
f7776000-f7777000 rw-p 0007e000 08:04 16994901                           /usr/lib/libssh.so.4.8.7
f7777000-f7794000 r-xp 00000000 08:04 17040588                           /usr/lib/libidn2.so.0.3.6
f7794000-f7795000 r--p 0001c000 08:04 17040588                           /usr/lib/libidn2.so.0.3.6
f7795000-f7796000 rw-p 00000000 00:00 0 
f7796000-f77be000 r-xp 00000000 08:04 17191891                           /usr/lib/libnghttp2.so.14.17.0
f77be000-f77bf000 r--p 00027000 08:04 17191891                           /usr/lib/libnghttp2.so.14.17.0
f77bf000-f77c1000 rw-p 00028000 08:04 17191891                           /usr/lib/libnghttp2.so.14.17.0
f77c1000-f7963000 r-xp 00000000 08:04 16831756                           /usr/lib/libc-2.28.so
f7963000-f7964000 ---p 001a2000 08:04 16831756                           /usr/lib/libc-2.28.so
f7964000-f7966000 r--p 001a2000 08:04 16831756                           /usr/lib/libc-2.28.so
f7966000-f7967000 rw-p 001a4000 08:04 16831756                           /usr/lib/libc-2.28.so
f7967000-f796c000 rw-p 00000000 00:00 0 
f796c000-f7987000 r-xp 00000000 08:04 16985139                           /usr/lib/libgcc_s-8-20210514.so.1
f7987000-f7988000 r--p 0001a000 08:04 16985139                           /usr/lib/libgcc_s-8-20210514.so.1
f7988000-f7989000 rw-p 0001b000 08:04 16985139                           /usr/lib/libgcc_s-8-20210514.so.1
f7989000-f7a59000 r-xp 00000000 08:04 16831760                           /usr/lib/libm-2.28.so
f7a59000-f7a5a000 r--p 000cf000 08:04 16831760                           /usr/lib/libm-2.28.so
f7a5a000-f7a5b000 rw-p 000d0000 08:04 16831760                           /usr/lib/libm-2.28.so
f7a5b000-f7be4000 r-xp 00000000 08:04 16985145                           /usr/lib/libstdc++.so.6.0.25
f7be4000-f7be5000 ---p 00189000 08:04 16985145                           /usr/lib/libstdc++.so.6.0.25
f7be5000-f7beb000 r--p 00189000 08:04 16985145                           /usr/lib/libstdc++.so.6.0.25
f7beb000-f7bec000 rw-p 0018f000 08:04 16985145                           /usr/lib/libstdc++.so.6.0.25
f7bec000-f7bee000 rw-p 00000000 00:00 0 
f7bee000-f7c05000 r-xp 00000000 08:04 16963437                           /usr/lib/libz.so.1.2.11
f7c05000-f7c06000 ---p 00017000 08:04 16963437                           /usr/lib/libz.so.1.2.11
f7c06000-f7c07000 r--p 00017000 08:04 16963437                           /usr/lib/libz.so.1.2.11
f7c07000-f7c08000 rw-p 00000000 00:00 0 
f7c08000-f7d85000 r-xp 00000000 08:04 16963397                           /usr/lib/libxml2.so.2.9.7
f7d85000-f7d8a000 r--p 0017c000 08:04 16963397                           /usr/lib/libxml2.so.2.9.7
f7d8a000-f7d8b000 rw-p 00181000 08:04 16963397                           /usr/lib/libxml2.so.2.9.7
f7d8b000-f7d8c000 rw-p 00000000 00:00 0 
f7d8c000-f7da8000 r-xp 00000000 08:04 16831770                           /usr/lib/libpthread-2.28.so
f7da8000-f7da9000 r--p 0001b000 08:04 16831770                           /usr/lib/libpthread-2.28.so
f7da9000-f7daa000 rw-p 0001c000 08:04 16831770                           /usr/lib/libpthread-2.28.so
f7daa000-f7dac000 rw-p 00000000 00:00 0 
f7dac000-f7e20000 r-xp 00000000 08:04 16818911                           /usr/lib/libpcre.so.1.2.10
f7e20000-f7e21000 ---p 00074000 08:04 16818911                           /usr/lib/libpcre.so.1.2.10
f7e21000-f7e22000 r--p 00074000 08:04 16818911                           /usr/lib/libpcre.so.1.2.10
f7e22000-f7e23000 rw-p 00075000 08:04 16818911                           /usr/lib/libpcre.so.1.2.10
f7e23000-f7e26000 r-xp 00000000 08:04 16831758                           /usr/lib/libdl-2.28.so
f7e26000-f7e27000 r--p 00002000 08:04 16831758                           /usr/lib/libdl-2.28.so
f7e27000-f7e28000 rw-p 00003000 08:04 16831758                           /usr/lib/libdl-2.28.so
f7e28000-f7ec5000 r-xp 00000000 08:04 16994905                           /usr/lib/libcurl.so.4.5.0
f7ec5000-f7ec7000 r--p 0009c000 08:04 16994905                           /usr/lib/libcurl.so.4.5.0
f7ec7000-f7ec8000 rw-p 0009e000 08:04 16994905                           /usr/lib/libcurl.so.4.5.0
f7ec8000-f7ecf000 r--s 00000000 08:04 176632422                          /usr/lib/gconv/gconv-modules.cache
f7ecf000-f7ed7000 rw-s 00000000 08:04 151586769                          /tmp/hsperfdata_almalinux/1439285 (deleted)
f7ed7000-f7ed8000 ---p 00000000 00:00 0 
f7ed8000-f7ed9000 r--p 00000000 00:00 0 
f7ed9000-f7edb000 rw-p 00000000 00:00 0 
f7edb000-f7edf000 r--p 00000000 00:00 0                                  [vvar]
f7edf000-f7ee1000 r-xp 00000000 00:00 0                                  [vdso]
f7ee1000-f7f10000 r-xp 00000000 08:04 16831749                           /usr/lib/ld-2.28.so
f7f10000-f7f11000 ---p 00000000 00:00 0 
f7f11000-f7f12000 r--p 0002f000 08:04 16831749                           /usr/lib/ld-2.28.so
f7f12000-f7f13000 rw-p 00030000 08:04 16831749                           /usr/lib/ld-2.28.so
ff85f000-ff860000 rwxp 00000000 00:00 0 
ff968000-ffa24000 rw-p 00000000 00:00 0                                  [stack]


VM Arguments:
jvm_args: -Xms128m -Xmx512m -Xss768k -XX:MaxMetaspaceSize=96m -Xrs -XX:-UsePerfData -XX:-AllowUserSignalHandlers -XX:UseSSE=3 -XX+DoEscapeAnalysis -XX:AutoBoxCacheMax:2000 -XX:+OptimizeStringConcat -XX:+OptimizeFill -XX:+EliminateAutoBox -XX:+UseCompressedStrings -XX:+UseCompressedOops -XX:+EliminateLocks -XX:UseFastAccessorMethods -XX:+UseStringCache -XgcPrio:throughput -XXkeepAreaRatio:1 -XXlazyUnlocking -XXcallProfiling -XXcompactRatio:1 
java_command: <unknown>
java_class_path (initial): ../../data/sku.0/sys.server/compiled/game/
Launcher Type: generic

[Global flags]
     intx CICompilerCount                          = 3                                         {product} {ergonomic}
     uint ConcGCThreads                            = 1                                         {product} {ergonomic}
     uint G1ConcRefinementThreads                  = 4                                         {product} {ergonomic}
   size_t G1HeapRegionSize                         = 1048576                                   {product} {ergonomic}
    uintx GCDrainStackTargetSize                   = 64                                        {product} {ergonomic}
   size_t InitialHeapSize                          = 134217728                                 {product} {command line}
   size_t MarkStackSize                            = 32768                                     {product} {ergonomic}
   size_t MaxHeapSize                              = 536870912                                 {product} {command line}
   size_t MaxMetaspaceSize                         = 100663296                                 {product} {command line}
   size_t MaxNewSize                               = 321912832                                 {product} {ergonomic}
   size_t MinHeapDeltaBytes                        = 1048576                                   {product} {ergonomic}
   size_t MinHeapSize                              = 134217728                                 {product} {command line}
    uintx NonNMethodCodeHeapSize                   = 5544422                                {pd product} {ergonomic}
    uintx NonProfiledCodeHeapSize                  = 123056909                              {pd product} {ergonomic}
    uintx ProfiledCodeHeapSize                     = 123056909                              {pd product} {ergonomic}
    uintx ReservedCodeCacheSize                    = 251658240                              {pd product} {ergonomic}
     bool SegmentedCodeCache                       = true                                      {product} {ergonomic}
   size_t SoftMaxHeapSize                          = 536870912                              {manageable} {ergonomic}
   double SweeperThreshold                         = 0.500000                                  {product} {ergonomic}
     intx ThreadStackSize                          = 768                                    {pd product} {command line}
     bool UseG1GC                                  = true                                      {product} {ergonomic}

Logging:
Log output configuration:
 #0: stdout all=off uptime,level,tags
 #1: stderr all=off uptime,level,tags

Environment Variables:
JAVA_HOME=/usr/lib/jvm/zulu-17-x86
PATH=/usr/java/jdk1.7.0_80/bin:/usr/java/jdk1.7.0_80/bin:/usr/java/jdk1.6.0_45/bin:/usr/java/jdk1.6.0_45/bin:/usr/java/jdk1.6.0_45/bin:/home/almalinux/.local/bin:/home/almalinux/bin:/sbin:/bin:/usr/bin:/usr/local/bin:/usr/local/sbin:/usr/sbin:/usr/lib/oracle/18.3/client/bin:/usr/lib/oracle/18.3/client/bin:/usr/lib/jvm/java-11-openjdk/bin:./
LD_LIBRARY_PATH=/usr/lib/jvm/java-17-zulu-openjdk-jdk-x86/lib/server:/usr/lib/jvm/java-17-zulu-openjdk-jdk-x86/lib:/usr/lib/jvm/java-17-zulu-openjdk-jdk-x86/../lib:/usr/lib/jvm/zulu-11-x86/lib/server:/usr/lib/jvm/java-11-openjdk/lib:/usr/lib/jvm/java-11-openjdk/lib/server:./
SHELL=/bin/bash
DISPLAY=:10.0
LANG=en_US.UTF-8
TERM=xterm-256color

Active Locale:
LC_ALL=en_US.UTF-8
LC_COLLATE=en_US.UTF-8
LC_CTYPE=en_US.UTF-8
LC_MESSAGES=en_US.UTF-8
LC_MONETARY=en_US.UTF-8
LC_NUMERIC=en_US.UTF-8
LC_TIME=en_US.UTF-8

Signal Handlers:
   SIGSEGV: crash_handler in libjvm.so, mask=11100100010111111101111111111110, flags=SA_RESTART|SA_SIGINFO, unblocked
    SIGBUS: crash_handler in libjvm.so, mask=11100100010111111101111111111110, flags=SA_RESTART|SA_SIGINFO, unblocked
    SIGFPE: crash_handler in libjvm.so, mask=11100100010111111101111111111110, flags=SA_RESTART|SA_SIGINFO, unblocked
   SIGPIPE: SIG_IGN, mask=00000000000010000000000000000000, flags=SA_RESTART, blocked
  *** Handler was modified!
  *** Expected: javaSignalHandler in libjvm.so, mask=11100100110111111111111111111110, flags=SA_RESTART|SA_SIGINFO
   SIGXFSZ: javaSignalHandler in libjvm.so, mask=11100100010111111101111111111110, flags=SA_RESTART|SA_SIGINFO, blocked
    SIGILL: crash_handler in libjvm.so, mask=11100100010111111101111111111110, flags=SA_RESTART|SA_SIGINFO, unblocked
   SIGUSR2: SR_handler in libjvm.so, mask=00100000000000000000000000000000, flags=SA_RESTART|SA_SIGINFO, blocked
    SIGHUP: UserHandler in libjvm.so, mask=11100100010111111101111111111110, flags=SA_RESTART|SA_SIGINFO, blocked
    SIGINT: UserHandler in libjvm.so, mask=11100100010111111101111111111110, flags=SA_RESTART|SA_SIGINFO, blocked
   SIGTERM: UserHandler in libjvm.so, mask=11100100010111111101111111111110, flags=SA_RESTART|SA_SIGINFO, blocked
   SIGQUIT: UserHandler in libjvm.so, mask=11100100010111111101111111111110, flags=SA_RESTART|SA_SIGINFO, blocked
   SIGTRAP: crash_handler in libjvm.so, mask=11100100010111111101111111111110, flags=SA_RESTART|SA_SIGINFO, unblocked


Periodic native trim disabled


---------------  S Y S T E M  ---------------

OS:
AlmaLinux release 8.10 (Cerulean Leopard)
uname: Linux 4.18.0-553.81.1.el8_10.x86_64 #1 SMP Mon Oct 27 11:29:19 EDT 2025 x86_64
OS uptime: 33 days 23:53 hours
libc: glibc 2.28 NPTL 2.28 
rlimit (soft/hard): STACK 8192k/infinity , CORE 0k/infinity , NPROC 61995/61995 , NOFILE 262144/262144 , AS infinity/infinity , CPU infinity/infinity , DATA infinity/infinity , FSIZE infinity/infinity , MEMLOCK 64k/64k
load average: 28.88 17.47 22.14

/proc/meminfo:
MemTotal:       16014448 kB
MemFree:         2201792 kB
MemAvailable:    6052676 kB
Buffers:            1056 kB
Cached:          6344876 kB
SwapCached:         1820 kB
Active:          3488032 kB
Inactive:        9043936 kB
Active(anon):    2065284 kB
Inactive(anon):  6977880 kB
Active(file):    1422748 kB
Inactive(file):  2066056 kB
Unevictable:        3104 kB
Mlocked:              16 kB
SwapTotal:       8388604 kB
SwapFree:        8370064 kB
Dirty:                16 kB
Writeback:             0 kB
AnonPages:       6187412 kB
Mapped:          1582728 kB
Shmem:           2857084 kB
KReclaimable:     539124 kB
Slab:             732228 kB
SReclaimable:     539124 kB
SUnreclaim:       193104 kB
KernelStack:       25848 kB
PageTables:       155240 kB
NFS_Unstable:          0 kB
Bounce:                0 kB
WritebackTmp:          0 kB
CommitLimit:    16395828 kB
Committed_AS:   24075924 kB
VmallocTotal:   34359738367 kB
VmallocUsed:       71752 kB
VmallocChunk:          0 kB
Percpu:             2704 kB
HardwareCorrupted:     0 kB
AnonHugePages:         0 kB
ShmemHugePages:        0 kB
ShmemPmdMapped:        0 kB
FileHugePages:         0 kB
FilePmdMapped:         0 kB
HugePages_Total:       0
HugePages_Free:        0
HugePages_Rsvd:        0
HugePages_Surp:        0
Hugepagesize:       2048 kB
Hugetlb:               0 kB
DirectMap4k:     3069804 kB
DirectMap2M:    13314048 kB

/sys/kernel/mm/transparent_hugepage/enabled: always madvise [never]
/sys/kernel/mm/transparent_hugepage/hpage_pmd_size: 2097152
/sys/kernel/mm/transparent_hugepage/defrag (defrag/compaction efforts parameter): always defer defer+madvise [madvise] never

Process Memory:
Virtual Size: 983468K (peak: 990060K)
Resident Set Size: 135936K (peak: 136768K) (anon: 102572K, file: 33364K, shmem: 0K)
Swapped out: 0K
C-Heap outstanding allocations: 18747K, retained: 54712K
glibc malloc tunables: (default)

/proc/sys/kernel/threads-max (system-wide limit on the number of threads): 123991
/proc/sys/vm/max_map_count (maximum number of memory map areas a process may have): 1677720
/proc/sys/kernel/pid_max (system-wide limit on number of process identifiers): 4194304

container (cgroup) information:
container_type: cgroupv1
cpu_cpuset_cpus: 0-3
cpu_memory_nodes: 0
active_processor_count: 4
cpu_quota: no quota
cpu_period: 100000
cpu_shares: no shares
memory_limit_in_bytes: unlimited
memory_and_swap_limit_in_bytes: unlimited
memory_soft_limit_in_bytes: unlimited
memory_usage_in_bytes: 11673644 k
memory_max_usage_in_bytes: 14783012 k
kernel_memory_usage_in_bytes: 604176 k
kernel_memory_max_usage_in_bytes: unlimited
kernel_memory_limit_in_bytes: 985464 k
maximum number of tasks: unlimited
current number of tasks: 834

KVM virtualization detected
Steal ticks since vm start: 8
Steal ticks percentage since vm start:  0.000

CPU: total 4 (initial active 4) (1 cores per cpu, 1 threads per core) family 6 model 60 stepping 1 microcode 0x1, cx8, cmov, fxsr, mmx, sse, sse2, sse3, ssse3, sse4.1, sse4.2, popcnt, lzcnt, tsc, avx, avx2, aes, erms, clmul, bmi1, bmi2, fma, vzeroupper, clflush, hv
CPU Model and flags from /proc/cpuinfo:
model name	: Intel Core Processor (Haswell, no TSX)
flags		: fpu vme de pse tsc msr pae mce cx8 apic sep mtrr pge mca cmov pat pse36 clflush mmx fxsr sse sse2 syscall nx rdtscp lm constant_tsc rep_good nopl xtopology cpuid tsc_known_freq pni pclmulqdq vmx ssse3 fma cx16 pcid sse4_1 sse4_2 x2apic movbe popcnt tsc_deadline_timer aes xsave avx f16c rdrand hypervisor lahf_lm abm cpuid_fault invpcid_single pti tpr_shadow vnmi flexpriority ept vpid ept_ad fsgsbase bmi1 avx2 smep bmi2 erms invpcid xsaveopt arat md_clear

Online cpus: 0-3
Offline cpus: 
BIOS frequency limitation: <Not Available>
Frequency switch latency (ns): <Not Available>
Available cpu frequencies: <Not Available>
Current governor: <Not Available>
Core performance/turbo boost: <Not Available>

Memory: 4k page, physical 16014448k(2201792k free), swap 8388604k(8370064k free)
Page Sizes: 4k

vm_info: OpenJDK Server VM (17.0.11+9-LTS) for linux-x86 JRE (17.0.11+9-LTS) (Zulu17.50+19-CA), built on Apr  9 2024 07:14:46 by "zulu_re" with gcc 8.3.0

END.
