#
# A fatal error has been detected by the Java Runtime Environment:
#
#  SIGSEGV (0xb) at pc=0xf788d618, pid=4908, tid=4908
#
# JRE version: OpenJDK Runtime Environment Zulu11.86+19-CA (11.0.30+7) (build 11.0.30+7-LTS)
# Java VM: OpenJDK Server VM Zulu11.86+19-CA (11.0.30+7-LTS, mixed mode, tiered, g1 gc, linux-x86)
# Problematic frame:
# C  [libc.so.6+0x84618]  cfree+0x28
#
# Core dump will be written. Default location: Core dumps may be processed with "/usr/lib/systemd/systemd-coredump %P %u %g %s %t %c %h %e" (or dumping to /home/almalinux/swg-returns-nge/exe/linux/core.4908)
#
# If you would like to submit a bug report, please visit:
#   http://www.azul.com/support/
#

---------------  S U M M A R Y ------------

Command Line: -Xms128m -Xmx512m -Xss768k -XX:MaxMetaspaceSize=96m -Xrs -XX:-UsePerfData -XX:-AllowUserSignalHandlers -XX:UseSSE=3 -XX+DoEscapeAnalysis -XX:AutoBoxCacheMax:2000 -XX:+OptimizeStringConcat -XX:+OptimizeFill -XX:+EliminateAutoBox -XX:+UseCompressedStrings -XX:+UseCompressedOops -XX:+EliminateLocks -XX:UseFastAccessorMethods -XX:+UseStringCache -XgcPrio:throughput -XXkeepAreaRatio:1 -XXlazyUnlocking -XXcallProfiling -XXcompactRatio:1 

Host: Intel Core Processor (Haswell, no TSX), 4 cores, 15G, AlmaLinux release 8.10 (Cerulean Leopard)
Time: Sun Jan 25 20:54:29 2026 UTC elapsed time: 21.920477 seconds (0d 0h 0m 21s)

---------------  T H R E A D  ---------------

Current thread is native thread

Stack: [0xff76d000,0xff82d000],  sp=0xff828b60,  free space=750k
Native frames: (J=compiled Java code, A=aot compiled Java code, j=interpreted, Vv=VM code, C=native code)
C  [libc.so.6+0x84618]  cfree+0x28
C  [SwgGameServer+0x574100]  Fatal(char const*, ...)+0x10
C  [SwgGameServer+0x7df7f6]  ServerWorld::onPreloadComplete()+0x26
C  [SwgGameServer+0x53ffc4]  SwgGameServer::receiveMessage(MessageDispatch::Emitter const&, MessageDispatch::MessageBase const&)+0x64
C  [SwgGameServer+0x62c2b1]  MessageDispatch::MessageManager::emitMessage(MessageDispatch::Emitter const&, MessageDispatch::MessageBase const&) const+0x121
C  [SwgGameServer+0x62b348]  MessageDispatch::Emitter::emitMessage(MessageDispatch::MessageBase const&) const+0x58
C  [SwgGameServer+0xd114ca]  ServerConnection::onReceive(Archive::ByteStream const&)+0xca
C  [SwgGameServer+0x82056f]  DatabaseProcessConnection::onReceive(Archive::ByteStream const&)+0x1f
C  [SwgGameServer+0x62e31f]  Connection::receive(Archive::ByteStream const&)+0x6f
C  [SwgGameServer+0x632d17]  NetworkHandler::dispatch()+0x117
C  [SwgGameServer+0x7e515b]  ServerWorld::update(float)+0xb
C  [SwgGameServer+0x4b4520]  main+0x2c0


siginfo: si_signo: 11 (SIGSEGV), si_code: 1 (SEGV_MAPERR), si_addr: 0x00000003

Register to memory mapping:

EAX=0x0 is NULL
EBX=
[error occurred during error reporting (printing register info), id 0xb, SIGSEGV (0xb) at pc=0xf5a35dd0]

Registers:
EAX=0x00000000, EBX=0x00000007, ECX=0xf6ecb84c, EDX=0x0aa08d98
ESP=0xff828b60, EBP=0xff828be8, ESI=0xf79ae000, EDI=0xff828c04
EIP=0xf788d618, EFLAGS=0x00210202, CR2=0x0000000000000003

Top of Stack: (sp=0xff828b60)
0xff828b60:   00000000 00000000 00000000 00000000
0xff828b70:   00000000 f7c31a04 0aa08d70 f7b1af1c 

Instructions: (pc=0xf788d618)
0xf788d518:   50 8d 96 86 f7 fa ff 8d 86 d0 2f fb ff e8 c6 b7
0xf788d528:   ff ff 8d b6 00 00 00 00 bb 20 00 00 00 e9 5e fe
0xf788d538:   ff ff e8 a1 c0 ff ff 89 c5 85 c0 0f 85 68 ff ff
0xf788d548:   ff 31 d2 8d 44 3b 10 e8 8c c1 ff ff 89 da 89 f9
0xf788d558:   89 c5 e8 11 f0 ff ff 89 c2 85 c0 75 1b 85 ed 74
0xf788d568:   17 90 89 fa 89 e8 e8 bd c5 ff ff 89 da 89 f9 89
0xf788d578:   c5 e8 f2 ef ff ff 89 c2 85 ed 0f 84 57 ff ff ff
0xf788d588:   e9 39 ff ff ff 8d 86 b8 31 fb ff 83 ec 0c b9 25
0xf788d598:   0d 00 00 50 8d 96 86 f7 fa ff 8d 86 74 2f fb ff
0xf788d5a8:   e8 43 b7 ff ff 8d 76 00 f3 0f 1e fb e8 0a 9a f9
0xf788d5b8:   ff 05 47 0a 12 00 56 53 83 ec 04 8b 5c 24 10 8b
0xf788d5c8:   74 24 14 8b 80 50 ff ff ff c7 00 00 00 00 00 e8
0xf788d5d8:   54 bb ff ff 8b 4c 24 0c 83 c4 04 89 f2 89 d8 5b
0xf788d5e8:   5e e9 42 fd ff ff 66 90 f3 0f 1e fb 56 e8 9a 9b
0xf788d5f8:   f9 ff 81 c6 06 0a 12 00 53 83 ec 14 8b 5c 24 20
0xf788d608:   8b 86 5c ff ff ff 8b 00 85 c0 75 6c 85 db 74 75
0xf788d618:   8b 4b fc 8d 53 f8 f6 c1 02 75 35 8b 86 70 fe ff
0xf788d628:   ff 65 8b 00 85 c0 0f 84 8c 00 00 00 83 e1 04 8d
0xf788d638:   86 60 07 00 00 74 09 89 d0 25 00 00 f0 ff 8b 00
0xf788d648:   83 c4 14 31 c9 5b 5e e9 8c cb ff ff 8d 74 26 00
0xf788d658:   8b 9e 60 01 00 00 85 db 75 10 3b 8e 48 01 00 00
0xf788d668:   76 08 81 f9 00 00 08 00 76 26 83 c4 14 89 d0 5b
0xf788d678:   5e e9 92 b8 ff ff 66 90 83 ec 08 ff 74 24 24 53
0xf788d688:   ff d0 83 c4 10 83 c4 14 5b 5e c3 8d 74 26 00 90
0xf788d698:   39 96 80 1d 00 00 77 08 39 96 7c 1d 00 00 77 ca
0xf788d6a8:   83 e1 f8 8d 04 09 89 8e 48 01 00 00 89 86 40 01
0xf788d6b8:   00 00 90 eb b5 8d 76 00 8b 86 74 fe ff ff 65 80
0xf788d6c8:   38 00 0f 85 64 ff ff ff 89 54 24 0c e8 97 ed ff
0xf788d6d8:   ff 8b 4b fc 8b 54 24 0c e9 4f ff ff ff 8d b4 26
0xf788d6e8:   00 00 00 00 8d 74 26 00 f3 0f 1e fb 55 57 56 e8
0xf788d6f8:   98 9a f9 ff 81 c6 04 09 12 00 53 83 ec 0c 8b 86
0xf788d708:   70 fe ff ff 8b 96 74 fe ff ff 65 8b 28 65 c6 02 


Stack slot to memory mapping:
stack at sp + 0 slots: 0x0 is NULL
stack at sp + 1 slots: 0x0 is NULL
stack at sp + 2 slots: 0x0 is NULL
stack at sp + 3 slots: 0x0 is NULL
stack at sp + 4 slots: 0x0 is NULL
stack at sp + 5 slots: 
[error occurred during error reporting (inspecting top of stack), id 0xb, SIGSEGV (0xb) at pc=0xf5a35dd0]


---------------  P R O C E S S  ---------------

VM state:at safepoint (shutting down)

VM Mutex/Monitor currently owned by a thread:  ([mutex/lock_event])
[0xf5e18d50] Threads_lock - owner thread: 0xc42aac00

Heap:
 garbage-first heap   total 131072K, used 0K [0xc5a00000, 0xe5a00000)
  region size 1024K, 1 young (1024K), 0 survivors (0K)
 Metaspace       used 2328K, capacity 2336K, committed 2456K, reserved 4400K
Heap Regions: E=young(eden), S=young(survivor), O=old, HS=humongous(starts), HC=humongous(continues), CS=collection set, F=free, A=archive, TAMS=top-at-mark-start (previous, next)
|   0|0xc5a00000, 0xc5a00000, 0xc5b00000|  0%| F|  |TAMS 0xc5a00000, 0xc5a00000| Untracked 
|   1|0xc5b00000, 0xc5b00000, 0xc5c00000|  0%| F|  |TAMS 0xc5b00000, 0xc5b00000| Untracked 
|   2|0xc5c00000, 0xc5c00000, 0xc5d00000|  0%| F|  |TAMS 0xc5c00000, 0xc5c00000| Untracked 
|   3|0xc5d00000, 0xc5d00000, 0xc5e00000|  0%| F|  |TAMS 0xc5d00000, 0xc5d00000| Untracked 
|   4|0xc5e00000, 0xc5e00000, 0xc5f00000|  0%| F|  |TAMS 0xc5e00000, 0xc5e00000| Untracked 
|   5|0xc5f00000, 0xc5f00000, 0xc6000000|  0%| F|  |TAMS 0xc5f00000, 0xc5f00000| Untracked 
|   6|0xc6000000, 0xc6000000, 0xc6100000|  0%| F|  |TAMS 0xc6000000, 0xc6000000| Untracked 
|   7|0xc6100000, 0xc6100000, 0xc6200000|  0%| F|  |TAMS 0xc6100000, 0xc6100000| Untracked 
|   8|0xc6200000, 0xc6200000, 0xc6300000|  0%| F|  |TAMS 0xc6200000, 0xc6200000| Untracked 
|   9|0xc6300000, 0xc6300000, 0xc6400000|  0%| F|  |TAMS 0xc6300000, 0xc6300000| Untracked 
|  10|0xc6400000, 0xc6400000, 0xc6500000|  0%| F|  |TAMS 0xc6400000, 0xc6400000| Untracked 
|  11|0xc6500000, 0xc6500000, 0xc6600000|  0%| F|  |TAMS 0xc6500000, 0xc6500000| Untracked 
|  12|0xc6600000, 0xc6600000, 0xc6700000|  0%| F|  |TAMS 0xc6600000, 0xc6600000| Untracked 
|  13|0xc6700000, 0xc6700000, 0xc6800000|  0%| F|  |TAMS 0xc6700000, 0xc6700000| Untracked 
|  14|0xc6800000, 0xc6800000, 0xc6900000|  0%| F|  |TAMS 0xc6800000, 0xc6800000| Untracked 
|  15|0xc6900000, 0xc6900000, 0xc6a00000|  0%| F|  |TAMS 0xc6900000, 0xc6900000| Untracked 
|  16|0xc6a00000, 0xc6a00000, 0xc6b00000|  0%| F|  |TAMS 0xc6a00000, 0xc6a00000| Untracked 
|  17|0xc6b00000, 0xc6b00000, 0xc6c00000|  0%| F|  |TAMS 0xc6b00000, 0xc6b00000| Untracked 
|  18|0xc6c00000, 0xc6c00000, 0xc6d00000|  0%| F|  |TAMS 0xc6c00000, 0xc6c00000| Untracked 
|  19|0xc6d00000, 0xc6d00000, 0xc6e00000|  0%| F|  |TAMS 0xc6d00000, 0xc6d00000| Untracked 
|  20|0xc6e00000, 0xc6e00000, 0xc6f00000|  0%| F|  |TAMS 0xc6e00000, 0xc6e00000| Untracked 
|  21|0xc6f00000, 0xc6f00000, 0xc7000000|  0%| F|  |TAMS 0xc6f00000, 0xc6f00000| Untracked 
|  22|0xc7000000, 0xc7000000, 0xc7100000|  0%| F|  |TAMS 0xc7000000, 0xc7000000| Untracked 
|  23|0xc7100000, 0xc7100000, 0xc7200000|  0%| F|  |TAMS 0xc7100000, 0xc7100000| Untracked 
|  24|0xc7200000, 0xc7200000, 0xc7300000|  0%| F|  |TAMS 0xc7200000, 0xc7200000| Untracked 
|  25|0xc7300000, 0xc7300000, 0xc7400000|  0%| F|  |TAMS 0xc7300000, 0xc7300000| Untracked 
|  26|0xc7400000, 0xc7400000, 0xc7500000|  0%| F|  |TAMS 0xc7400000, 0xc7400000| Untracked 
|  27|0xc7500000, 0xc7500000, 0xc7600000|  0%| F|  |TAMS 0xc7500000, 0xc7500000| Untracked 
|  28|0xc7600000, 0xc7600000, 0xc7700000|  0%| F|  |TAMS 0xc7600000, 0xc7600000| Untracked 
|  29|0xc7700000, 0xc7700000, 0xc7800000|  0%| F|  |TAMS 0xc7700000, 0xc7700000| Untracked 
|  30|0xc7800000, 0xc7800000, 0xc7900000|  0%| F|  |TAMS 0xc7800000, 0xc7800000| Untracked 
|  31|0xc7900000, 0xc7900000, 0xc7a00000|  0%| F|  |TAMS 0xc7900000, 0xc7900000| Untracked 
|  32|0xc7a00000, 0xc7a00000, 0xc7b00000|  0%| F|  |TAMS 0xc7a00000, 0xc7a00000| Untracked 
|  33|0xc7b00000, 0xc7b00000, 0xc7c00000|  0%| F|  |TAMS 0xc7b00000, 0xc7b00000| Untracked 
|  34|0xc7c00000, 0xc7c00000, 0xc7d00000|  0%| F|  |TAMS 0xc7c00000, 0xc7c00000| Untracked 
|  35|0xc7d00000, 0xc7d00000, 0xc7e00000|  0%| F|  |TAMS 0xc7d00000, 0xc7d00000| Untracked 
|  36|0xc7e00000, 0xc7e00000, 0xc7f00000|  0%| F|  |TAMS 0xc7e00000, 0xc7e00000| Untracked 
|  37|0xc7f00000, 0xc7f00000, 0xc8000000|  0%| F|  |TAMS 0xc7f00000, 0xc7f00000| Untracked 
|  38|0xc8000000, 0xc8000000, 0xc8100000|  0%| F|  |TAMS 0xc8000000, 0xc8000000| Untracked 
|  39|0xc8100000, 0xc8100000, 0xc8200000|  0%| F|  |TAMS 0xc8100000, 0xc8100000| Untracked 
|  40|0xc8200000, 0xc8200000, 0xc8300000|  0%| F|  |TAMS 0xc8200000, 0xc8200000| Untracked 
|  41|0xc8300000, 0xc8300000, 0xc8400000|  0%| F|  |TAMS 0xc8300000, 0xc8300000| Untracked 
|  42|0xc8400000, 0xc8400000, 0xc8500000|  0%| F|  |TAMS 0xc8400000, 0xc8400000| Untracked 
|  43|0xc8500000, 0xc8500000, 0xc8600000|  0%| F|  |TAMS 0xc8500000, 0xc8500000| Untracked 
|  44|0xc8600000, 0xc8600000, 0xc8700000|  0%| F|  |TAMS 0xc8600000, 0xc8600000| Untracked 
|  45|0xc8700000, 0xc8700000, 0xc8800000|  0%| F|  |TAMS 0xc8700000, 0xc8700000| Untracked 
|  46|0xc8800000, 0xc8800000, 0xc8900000|  0%| F|  |TAMS 0xc8800000, 0xc8800000| Untracked 
|  47|0xc8900000, 0xc8900000, 0xc8a00000|  0%| F|  |TAMS 0xc8900000, 0xc8900000| Untracked 
|  48|0xc8a00000, 0xc8a00000, 0xc8b00000|  0%| F|  |TAMS 0xc8a00000, 0xc8a00000| Untracked 
|  49|0xc8b00000, 0xc8b00000, 0xc8c00000|  0%| F|  |TAMS 0xc8b00000, 0xc8b00000| Untracked 
|  50|0xc8c00000, 0xc8c00000, 0xc8d00000|  0%| F|  |TAMS 0xc8c00000, 0xc8c00000| Untracked 
|  51|0xc8d00000, 0xc8d00000, 0xc8e00000|  0%| F|  |TAMS 0xc8d00000, 0xc8d00000| Untracked 
|  52|0xc8e00000, 0xc8e00000, 0xc8f00000|  0%| F|  |TAMS 0xc8e00000, 0xc8e00000| Untracked 
|  53|0xc8f00000, 0xc8f00000, 0xc9000000|  0%| F|  |TAMS 0xc8f00000, 0xc8f00000| Untracked 
|  54|0xc9000000, 0xc9000000, 0xc9100000|  0%| F|  |TAMS 0xc9000000, 0xc9000000| Untracked 
|  55|0xc9100000, 0xc9100000, 0xc9200000|  0%| F|  |TAMS 0xc9100000, 0xc9100000| Untracked 
|  56|0xc9200000, 0xc9200000, 0xc9300000|  0%| F|  |TAMS 0xc9200000, 0xc9200000| Untracked 
|  57|0xc9300000, 0xc9300000, 0xc9400000|  0%| F|  |TAMS 0xc9300000, 0xc9300000| Untracked 
|  58|0xc9400000, 0xc9400000, 0xc9500000|  0%| F|  |TAMS 0xc9400000, 0xc9400000| Untracked 
|  59|0xc9500000, 0xc9500000, 0xc9600000|  0%| F|  |TAMS 0xc9500000, 0xc9500000| Untracked 
|  60|0xc9600000, 0xc9600000, 0xc9700000|  0%| F|  |TAMS 0xc9600000, 0xc9600000| Untracked 
|  61|0xc9700000, 0xc9700000, 0xc9800000|  0%| F|  |TAMS 0xc9700000, 0xc9700000| Untracked 
|  62|0xc9800000, 0xc9800000, 0xc9900000|  0%| F|  |TAMS 0xc9800000, 0xc9800000| Untracked 
|  63|0xc9900000, 0xc9900000, 0xc9a00000|  0%| F|  |TAMS 0xc9900000, 0xc9900000| Untracked 
|  64|0xc9a00000, 0xc9a00000, 0xc9b00000|  0%| F|  |TAMS 0xc9a00000, 0xc9a00000| Untracked 
|  65|0xc9b00000, 0xc9b00000, 0xc9c00000|  0%| F|  |TAMS 0xc9b00000, 0xc9b00000| Untracked 
|  66|0xc9c00000, 0xc9c00000, 0xc9d00000|  0%| F|  |TAMS 0xc9c00000, 0xc9c00000| Untracked 
|  67|0xc9d00000, 0xc9d00000, 0xc9e00000|  0%| F|  |TAMS 0xc9d00000, 0xc9d00000| Untracked 
|  68|0xc9e00000, 0xc9e00000, 0xc9f00000|  0%| F|  |TAMS 0xc9e00000, 0xc9e00000| Untracked 
|  69|0xc9f00000, 0xc9f00000, 0xca000000|  0%| F|  |TAMS 0xc9f00000, 0xc9f00000| Untracked 
|  70|0xca000000, 0xca000000, 0xca100000|  0%| F|  |TAMS 0xca000000, 0xca000000| Untracked 
|  71|0xca100000, 0xca100000, 0xca200000|  0%| F|  |TAMS 0xca100000, 0xca100000| Untracked 
|  72|0xca200000, 0xca200000, 0xca300000|  0%| F|  |TAMS 0xca200000, 0xca200000| Untracked 
|  73|0xca300000, 0xca300000, 0xca400000|  0%| F|  |TAMS 0xca300000, 0xca300000| Untracked 
|  74|0xca400000, 0xca400000, 0xca500000|  0%| F|  |TAMS 0xca400000, 0xca400000| Untracked 
|  75|0xca500000, 0xca500000, 0xca600000|  0%| F|  |TAMS 0xca500000, 0xca500000| Untracked 
|  76|0xca600000, 0xca600000, 0xca700000|  0%| F|  |TAMS 0xca600000, 0xca600000| Untracked 
|  77|0xca700000, 0xca700000, 0xca800000|  0%| F|  |TAMS 0xca700000, 0xca700000| Untracked 
|  78|0xca800000, 0xca800000, 0xca900000|  0%| F|  |TAMS 0xca800000, 0xca800000| Untracked 
|  79|0xca900000, 0xca900000, 0xcaa00000|  0%| F|  |TAMS 0xca900000, 0xca900000| Untracked 
|  80|0xcaa00000, 0xcaa00000, 0xcab00000|  0%| F|  |TAMS 0xcaa00000, 0xcaa00000| Untracked 
|  81|0xcab00000, 0xcab00000, 0xcac00000|  0%| F|  |TAMS 0xcab00000, 0xcab00000| Untracked 
|  82|0xcac00000, 0xcac00000, 0xcad00000|  0%| F|  |TAMS 0xcac00000, 0xcac00000| Untracked 
|  83|0xcad00000, 0xcad00000, 0xcae00000|  0%| F|  |TAMS 0xcad00000, 0xcad00000| Untracked 
|  84|0xcae00000, 0xcae00000, 0xcaf00000|  0%| F|  |TAMS 0xcae00000, 0xcae00000| Untracked 
|  85|0xcaf00000, 0xcaf00000, 0xcb000000|  0%| F|  |TAMS 0xcaf00000, 0xcaf00000| Untracked 
|  86|0xcb000000, 0xcb000000, 0xcb100000|  0%| F|  |TAMS 0xcb000000, 0xcb000000| Untracked 
|  87|0xcb100000, 0xcb100000, 0xcb200000|  0%| F|  |TAMS 0xcb100000, 0xcb100000| Untracked 
|  88|0xcb200000, 0xcb200000, 0xcb300000|  0%| F|  |TAMS 0xcb200000, 0xcb200000| Untracked 
|  89|0xcb300000, 0xcb300000, 0xcb400000|  0%| F|  |TAMS 0xcb300000, 0xcb300000| Untracked 
|  90|0xcb400000, 0xcb400000, 0xcb500000|  0%| F|  |TAMS 0xcb400000, 0xcb400000| Untracked 
|  91|0xcb500000, 0xcb500000, 0xcb600000|  0%| F|  |TAMS 0xcb500000, 0xcb500000| Untracked 
|  92|0xcb600000, 0xcb600000, 0xcb700000|  0%| F|  |TAMS 0xcb600000, 0xcb600000| Untracked 
|  93|0xcb700000, 0xcb700000, 0xcb800000|  0%| F|  |TAMS 0xcb700000, 0xcb700000| Untracked 
|  94|0xcb800000, 0xcb800000, 0xcb900000|  0%| F|  |TAMS 0xcb800000, 0xcb800000| Untracked 
|  95|0xcb900000, 0xcb900000, 0xcba00000|  0%| F|  |TAMS 0xcb900000, 0xcb900000| Untracked 
|  96|0xcba00000, 0xcba00000, 0xcbb00000|  0%| F|  |TAMS 0xcba00000, 0xcba00000| Untracked 
|  97|0xcbb00000, 0xcbb00000, 0xcbc00000|  0%| F|  |TAMS 0xcbb00000, 0xcbb00000| Untracked 
|  98|0xcbc00000, 0xcbc00000, 0xcbd00000|  0%| F|  |TAMS 0xcbc00000, 0xcbc00000| Untracked 
|  99|0xcbd00000, 0xcbd00000, 0xcbe00000|  0%| F|  |TAMS 0xcbd00000, 0xcbd00000| Untracked 
| 100|0xcbe00000, 0xcbe00000, 0xcbf00000|  0%| F|  |TAMS 0xcbe00000, 0xcbe00000| Untracked 
| 101|0xcbf00000, 0xcbf00000, 0xcc000000|  0%| F|  |TAMS 0xcbf00000, 0xcbf00000| Untracked 
| 102|0xcc000000, 0xcc000000, 0xcc100000|  0%| F|  |TAMS 0xcc000000, 0xcc000000| Untracked 
| 103|0xcc100000, 0xcc100000, 0xcc200000|  0%| F|  |TAMS 0xcc100000, 0xcc100000| Untracked 
| 104|0xcc200000, 0xcc200000, 0xcc300000|  0%| F|  |TAMS 0xcc200000, 0xcc200000| Untracked 
| 105|0xcc300000, 0xcc300000, 0xcc400000|  0%| F|  |TAMS 0xcc300000, 0xcc300000| Untracked 
| 106|0xcc400000, 0xcc400000, 0xcc500000|  0%| F|  |TAMS 0xcc400000, 0xcc400000| Untracked 
| 107|0xcc500000, 0xcc500000, 0xcc600000|  0%| F|  |TAMS 0xcc500000, 0xcc500000| Untracked 
| 108|0xcc600000, 0xcc600000, 0xcc700000|  0%| F|  |TAMS 0xcc600000, 0xcc600000| Untracked 
| 109|0xcc700000, 0xcc700000, 0xcc800000|  0%| F|  |TAMS 0xcc700000, 0xcc700000| Untracked 
| 110|0xcc800000, 0xcc800000, 0xcc900000|  0%| F|  |TAMS 0xcc800000, 0xcc800000| Untracked 
| 111|0xcc900000, 0xcc900000, 0xcca00000|  0%| F|  |TAMS 0xcc900000, 0xcc900000| Untracked 
| 112|0xcca00000, 0xcca00000, 0xccb00000|  0%| F|  |TAMS 0xcca00000, 0xcca00000| Untracked 
| 113|0xccb00000, 0xccb00000, 0xccc00000|  0%| F|  |TAMS 0xccb00000, 0xccb00000| Untracked 
| 114|0xccc00000, 0xccc00000, 0xccd00000|  0%| F|  |TAMS 0xccc00000, 0xccc00000| Untracked 
| 115|0xccd00000, 0xccd00000, 0xcce00000|  0%| F|  |TAMS 0xccd00000, 0xccd00000| Untracked 
| 116|0xcce00000, 0xcce00000, 0xccf00000|  0%| F|  |TAMS 0xcce00000, 0xcce00000| Untracked 
| 117|0xccf00000, 0xccf00000, 0xcd000000|  0%| F|  |TAMS 0xccf00000, 0xccf00000| Untracked 
| 118|0xcd000000, 0xcd000000, 0xcd100000|  0%| F|  |TAMS 0xcd000000, 0xcd000000| Untracked 
| 119|0xcd100000, 0xcd100000, 0xcd200000|  0%| F|  |TAMS 0xcd100000, 0xcd100000| Untracked 
| 120|0xcd200000, 0xcd200000, 0xcd300000|  0%| F|  |TAMS 0xcd200000, 0xcd200000| Untracked 
| 121|0xcd300000, 0xcd300000, 0xcd400000|  0%| F|  |TAMS 0xcd300000, 0xcd300000| Untracked 
| 122|0xcd400000, 0xcd400000, 0xcd500000|  0%| F|  |TAMS 0xcd400000, 0xcd400000| Untracked 
| 123|0xcd500000, 0xcd500000, 0xcd600000|  0%| F|  |TAMS 0xcd500000, 0xcd500000| Untracked 
| 124|0xcd600000, 0xcd600000, 0xcd700000|  0%| F|  |TAMS 0xcd600000, 0xcd600000| Untracked 
| 125|0xcd700000, 0xcd700000, 0xcd800000|  0%| F|  |TAMS 0xcd700000, 0xcd700000| Untracked 
| 126|0xcd800000, 0xcd800000, 0xcd900000|  0%| F|  |TAMS 0xcd800000, 0xcd800000| Untracked 
| 127|0xcd900000, 0xcda00000, 0xcda00000|100%| E|  |TAMS 0xcd900000, 0xcd900000| Complete 

Card table byte_map: [0xc5900000,0xc5a00000] _byte_map_base: 0xc52d3000

Marking Bits (Prev, Next): (CMBitMap*) 0xf5e7a0dc, (CMBitMap*) 0xf5e7a0f8
 Prev Bits: [0xc5000000, 0xc5800000)
 Next Bits: [0xc4800000, 0xc5000000)

Polling page: 0xf7f58000

Metaspace:

Usage:
    2.28 MB capacity,     2.27 MB (>99%) used,     6.84 KB ( <1%) free+waste,   360 bytes ( <1%) overhead. 

Virtual space:
      4.30 MB reserved,       2.40 MB ( 56%) committed 

Chunk freelists:
16.00 KB

MaxMetaspaceSize: 96.00 MB
No class space
Initial GC threshold: 16.00 MB
Current GC threshold: 16.00 MB
CDS: off

CodeHeap 'non-profiled nmethods': size=120172Kb used=14Kb max_used=14Kb free=120157Kb
 bounds [0xed828000, 0xeda68000, 0xf4d83000]
CodeHeap 'profiled nmethods': size=120172Kb used=64Kb max_used=64Kb free=120107Kb
 bounds [0xe62cd000, 0xe650d000, 0xed828000]
CodeHeap 'non-nmethods': size=5416Kb used=608Kb max_used=620Kb free=4807Kb
 bounds [0xe5d83000, 0xe5fc3000, 0xe62cd000]
 total_blobs=222 nmethods=66 adapters=70
 compilation: enabled
              stopped_count=0, restarted_count=0
 full_count=0

Compilation events (20 events):
Event: 0.562 Thread 0xc42c4800   57       3       jdk.internal.module.ModuleBootstrap$2::hasNext (30 bytes)
Event: 0.562 Thread 0xc42c4800 nmethod 57 0xe62da908 code [0xe62daa40, 0xe62dacb8]
Event: 0.562 Thread 0xc42c4800   56       1       java.lang.Module::getDescriptor (5 bytes)
Event: 0.562 Thread 0xc42c4800 nmethod 56 0xed82b408 code [0xed82b520, 0xed82b5c0]
Event: 0.595 Thread 0xc42c4800   60       3       java.lang.String::hashCode (49 bytes)
Event: 0.596 Thread 0xc42c4800 nmethod 60 0xe62dad88 code [0xe62daee0, 0xe62db118]
Event: 0.596 Thread 0xc42c4800   58       3       java.lang.String::charAt (25 bytes)
Event: 0.596 Thread 0xc42c4800 nmethod 58 0xe62db208 code [0xe62db360, 0xe62db638]
Event: 0.596 Thread 0xc42c4800   59       3       java.lang.StringLatin1::charAt (28 bytes)
Event: 0.596 Thread 0xc42c4800 nmethod 59 0xe62db788 code [0xe62db8c0, 0xe62dba2c]
Event: 0.596 Thread 0xc42c4800   61       3       java.lang.StringLatin1::canEncode (13 bytes)
Event: 0.596 Thread 0xc42c4800 nmethod 61 0xe62dbb08 code [0xe62dbc20, 0xe62dbd20]
Event: 0.621 Thread 0xc42c4800   62       3       java.lang.StringLatin1::indexOf (61 bytes)
Event: 0.621 Thread 0xc42c4800 nmethod 62 0xe62dbe08 code [0xe62dbf40, 0xe62dc220]
Event: 0.621 Thread 0xc42c4800   65       3       java.lang.Math::min (11 bytes)
Event: 0.621 Thread 0xc42c4800 nmethod 65 0xe62dc388 code [0xe62dc4a0, 0xe62dc580]
Event: 0.621 Thread 0xc42c4800   64       3       java.util.Collections$UnmodifiableCollection$1::hasNext (10 bytes)
Event: 0.622 Thread 0xc42c4800 nmethod 64 0xe62dc688 code [0xe62dc7c0, 0xe62dc92c]
Event: 0.622 Thread 0xc42c4800   66       3       java.lang.AbstractStringBuilder::ensureCapacityInternal (39 bytes)
Event: 0.622 Thread 0xc42c4800 nmethod 66 0xe62dca08 code [0xe62dcb60, 0xe62dcef8]

GC Heap History (0 events):
No events

Deoptimization events (4 events):
Event: 0.591 Thread 0x0bd17800 Uncommon trap: trap_request=0xffffff4d fr.pc=0xed82af60 relative=0x00000140
Event: 0.591 Thread 0x0bd17800 Uncommon trap: reason=unstable_if action=reinterpret pc=0xed82af60 method=java.lang.String.hashCode()I @ 14 c2
Event: 0.591 Thread 0x0bd17800 DEOPT PACKING pc=0xed82af60 sp=0xff828740
Event: 0.591 Thread 0x0bd17800 DEOPT UNPACKING pc=0xe5dbf0b3 sp=0xff828718 mode 2

Classes redefined (0 events):
No events

Internal exceptions (1 events):
Event: 0.617 Thread 0x0bd17800 Exception <a 'java/lang/UnsupportedClassVersionError'{0xcd9ea468}: script/script_entry has been compiled by a more recent version of the Java Runtime (class file version 61.0), this version of the Java Runtime only recognizes class file versions up to 55.0> (0xcd9ea468) thrown at [src/hotspot/share/classfile/classFileParser.cpp, line 4914]

Events (20 events):
Event: 0.618 loading class java/util/IdentityHashMap$KeySet
Event: 0.618 loading class java/util/IdentityHashMap$KeySet done
Event: 0.618 loading class java/nio/CharBuffer
Event: 0.618 loading class java/lang/Readable
Event: 0.618 loading class java/lang/Readable done
Event: 0.618 loading class java/nio/CharBuffer done
Event: 0.618 loading class java/nio/HeapCharBuffer
Event: 0.618 loading class java/nio/HeapCharBuffer done
Event: 0.618 loading class java/nio/charset/CoderResult
Event: 0.619 loading class java/nio/charset/CoderResult done
Event: 0.619 loading class java/lang/StackTraceElement$HashedModules
Event: 0.619 loading class java/lang/StackTraceElement$HashedModules done
Event: 0.620 Thread 0x0bd17800 Thread exited: 0x0bd17800
Event: 0.621 loading class java/lang/Shutdown
Event: 0.621 loading class java/lang/Shutdown done
Event: 0.621 loading class java/lang/Shutdown$Lock
Event: 0.621 loading class java/lang/Shutdown$Lock done
Event: 0.622 Thread 0xf5e1a800 Thread exited: 0xf5e1a800
Event: 0.622 Protecting memory [0xf7f58000,0xf7f59000] with protection modes 0
Event: 0.636 Protecting memory [0xc2e7d000,0xc2e81000] with protection modes 0


Dynamic libraries:
08048000-09298000 r-xp 00000000 08:04 494947248                          /home/almalinux/swg-returns-nge/build/bin/SwgGameServer
09298000-0929c000 rw-p 0124f000 08:04 494947248                          /home/almalinux/swg-returns-nge/build/bin/SwgGameServer
0929c000-09b1f000 rw-p 00000000 00:00 0 
0a652000-0c91c000 rw-p 00000000 00:00 0                                  [heap]
c2afe000-c2d00000 rw-p 00000000 00:00 0 
c2d00000-c2d22000 rw-p 00000000 00:00 0 
c2d22000-c2e00000 ---p 00000000 00:00 0 
c2e7d000-c2e81000 ---p 00000000 00:00 0 
c2e81000-c2f3e000 rw-p 00000000 00:00 0 
c2f3e000-c2f3f000 ---p 00000000 00:00 0 
c2f3f000-c2fbf000 rw-p 00000000 00:00 0 
c2fbf000-c2fc3000 ---p 00000000 00:00 0 
c2fc3000-c3080000 rw-p 00000000 00:00 0 
c3080000-c3084000 ---p 00000000 00:00 0 
c3084000-c3101000 rw-p 00000000 00:00 0 
c3101000-c3105000 ---p 00000000 00:00 0 
c3105000-c3182000 rw-p 00000000 00:00 0 
c3182000-c3186000 ---p 00000000 00:00 0 
c3186000-c3243000 rw-p 00000000 00:00 0 
c3243000-c3247000 ---p 00000000 00:00 0 
c3247000-c3304000 rw-p 00000000 00:00 0 
c3304000-c357e000 r--p 00078000 08:04 535181                             /usr/lib/locale/locale-archive
c357e000-c377e000 r--p 00000000 08:04 535181                             /usr/lib/locale/locale-archive
c377e000-c3782000 ---p 00000000 00:00 0 
c3782000-c383f000 rw-p 00000000 00:00 0 
c383f000-c3843000 ---p 00000000 00:00 0 
c3843000-c3900000 rw-p 00000000 00:00 0 
c3900000-c3921000 rw-p 00000000 00:00 0 
c3921000-c3a00000 ---p 00000000 00:00 0 
c3a33000-c3a34000 ---p 00000000 00:00 0 
c3a34000-c3d1a000 rw-p 00000000 00:00 0 
c3d1a000-c3f00000 ---p 00000000 00:00 0 
c3f00000-c3f21000 rw-p 00000000 00:00 0 
c3f21000-c4000000 ---p 00000000 00:00 0 
c407f000-c4080000 ---p 00000000 00:00 0 
c4080000-c4100000 rw-p 00000000 00:00 0 
c4100000-c4121000 rw-p 00000000 00:00 0 
c4121000-c4200000 ---p 00000000 00:00 0 
c4200000-c4300000 rw-p 00000000 00:00 0 
c437f000-c4380000 ---p 00000000 00:00 0 
c4380000-c4400000 rw-p 00000000 00:00 0 
c4400000-c4457000 rw-p 00000000 00:00 0 
c4457000-c4500000 ---p 00000000 00:00 0 
c457f000-c4580000 ---p 00000000 00:00 0 
c4580000-c4600000 rw-p 00000000 00:00 0 
c4600000-c4654000 rw-p 00000000 00:00 0 
c4654000-c4700000 ---p 00000000 00:00 0 
c477f000-c4780000 ---p 00000000 00:00 0 
c4780000-c4a00000 rw-p 00000000 00:00 0 
c4a00000-c5000000 ---p 00000000 00:00 0 
c5000000-c5200000 rw-p 00000000 00:00 0 
c5200000-c5800000 ---p 00000000 00:00 0 
c5800000-c5840000 rw-p 00000000 00:00 0 
c5840000-c5900000 ---p 00000000 00:00 0 
c5900000-c5940000 rw-p 00000000 00:00 0 
c5940000-c5a00000 ---p 00000000 00:00 0 
c5a00000-cda00000 rw-p 00000000 00:00 0 
cda00000-e5a00000 ---p 00000000 00:00 0 
e5a00000-e5a40000 rw-p 00000000 00:00 0 
e5a40000-e5b00000 ---p 00000000 00:00 0 
e5b00000-e5b21000 rw-p 00000000 00:00 0 
e5b21000-e5c00000 ---p 00000000 00:00 0 
e5c17000-e5c18000 ---p 00000000 00:00 0 
e5c18000-e5c9d000 rw-p 00000000 00:00 0 
e5c9d000-e5d83000 ---p 00000000 00:00 0 
e5d83000-e5fc3000 rwxp 00000000 00:00 0 
e5fc3000-e62cd000 ---p 00000000 00:00 0 
e62cd000-e650d000 rwxp 00000000 00:00 0 
e650d000-ed828000 ---p 00000000 00:00 0 
ed828000-eda68000 rwxp 00000000 00:00 0 
eda68000-f4d83000 ---p 00000000 00:00 0 
f4d83000-f4ef3000 r--s 00000000 08:04 109886237                          /usr/lib/jvm/java-11-zulu-openjdk-jdk-x86/lib/modules
f4ef3000-f5d52000 r-xp 00000000 08:04 144012098                          /usr/lib/jvm/java-11-zulu-openjdk-jdk-x86/lib/server/libjvm.so
f5d52000-f5d53000 ---p 00e5f000 08:04 144012098                          /usr/lib/jvm/java-11-zulu-openjdk-jdk-x86/lib/server/libjvm.so
f5d53000-f5dac000 r--p 00e5f000 08:04 144012098                          /usr/lib/jvm/java-11-zulu-openjdk-jdk-x86/lib/server/libjvm.so
f5dac000-f5dcf000 rw-p 00eb8000 08:04 144012098                          /usr/lib/jvm/java-11-zulu-openjdk-jdk-x86/lib/server/libjvm.so
f5dcf000-f5e00000 rw-p 00000000 00:00 0 
f5e00000-f5f00000 rw-p 00000000 00:00 0 
f5f65000-f5f66000 ---p 00000000 00:00 0 
f5f66000-f5f6a000 ---p 00000000 00:00 0 
f5f6a000-f6ade000 rw-p 00000000 00:00 0 
f6b01000-f6b06000 rw-p 00000000 00:00 0 
f6b06000-f6bec000 ---p 00000000 00:00 0 
f6bec000-f6e1b000 rw-p 00000000 00:00 0 
f6e24000-f6e2b000 r--s 00000000 08:04 176632422                          /usr/lib/gconv/gconv-modules.cache
f6e2b000-f6e50000 rw-p 00000000 00:00 0 
f6e50000-f6e56000 ---p 00000000 00:00 0 
f6e56000-f6e5e000 r-xp 00000000 08:04 109886235                          /usr/lib/jvm/java-11-zulu-openjdk-jdk-x86/lib/libzip.so
f6e5e000-f6e5f000 r--p 00007000 08:04 109886235                          /usr/lib/jvm/java-11-zulu-openjdk-jdk-x86/lib/libzip.so
f6e5f000-f6e60000 rw-p 00008000 08:04 109886235                          /usr/lib/jvm/java-11-zulu-openjdk-jdk-x86/lib/libzip.so
f6e60000-f6e6c000 r-xp 00000000 08:04 16831767                           /usr/lib/libnss_files-2.28.so
f6e6c000-f6e6d000 r--p 0000b000 08:04 16831767                           /usr/lib/libnss_files-2.28.so
f6e6d000-f6e6e000 rw-p 0000c000 08:04 16831767                           /usr/lib/libnss_files-2.28.so
f6e6e000-f6e7d000 rw-p 00000000 00:00 0 
f6e7d000-f6e85000 rw-s 00000000 08:04 151846524                          /tmp/hsperfdata_almalinux/4908 (deleted)
f6e85000-f6ea0000 r-xp 00000000 08:04 109886199                          /usr/lib/jvm/java-11-zulu-openjdk-jdk-x86/lib/libjimage.so
f6ea0000-f6ea1000 ---p 0001b000 08:04 109886199                          /usr/lib/jvm/java-11-zulu-openjdk-jdk-x86/lib/libjimage.so
f6ea1000-f6ea2000 r--p 0001b000 08:04 109886199                          /usr/lib/jvm/java-11-zulu-openjdk-jdk-x86/lib/libjimage.so
f6ea2000-f6ea3000 rw-p 0001c000 08:04 109886199                          /usr/lib/jvm/java-11-zulu-openjdk-jdk-x86/lib/libjimage.so
f6ea3000-f6ec8000 r-xp 00000000 08:04 109886191                          /usr/lib/jvm/java-11-zulu-openjdk-jdk-x86/lib/libjava.so
f6ec8000-f6ec9000 ---p 00025000 08:04 109886191                          /usr/lib/jvm/java-11-zulu-openjdk-jdk-x86/lib/libjava.so
f6ec9000-f6eca000 r--p 00025000 08:04 109886191                          /usr/lib/jvm/java-11-zulu-openjdk-jdk-x86/lib/libjava.so
f6eca000-f6ecb000 rw-p 00026000 08:04 109886191                          /usr/lib/jvm/java-11-zulu-openjdk-jdk-x86/lib/libjava.so
f6ecb000-f6ecf000 rw-p 00000000 00:00 0 
f6ecf000-f6f57000 r-xp 00000000 08:04 17191875                           /usr/lib/libpcre2-8.so.0.7.1
f6f57000-f6f58000 r--p 00087000 08:04 17191875                           /usr/lib/libpcre2-8.so.0.7.1
f6f58000-f6f59000 rw-p 00088000 08:04 17191875                           /usr/lib/libpcre2-8.so.0.7.1
f6f59000-f6f79000 r-xp 00000000 08:04 17021543                           /usr/lib/libcrypt.so.1.1.0
f6f79000-f6f7a000 ---p 00020000 08:04 17021543                           /usr/lib/libcrypt.so.1.1.0
f6f7a000-f6f7b000 r--p 00020000 08:04 17021543                           /usr/lib/libcrypt.so.1.1.0
f6f7b000-f6f84000 rw-p 00000000 00:00 0 
f6f84000-f6faf000 r-xp 00000000 08:04 17191887                           /usr/lib/libselinux.so.1
f6faf000-f6fb0000 ---p 0002b000 08:04 17191887                           /usr/lib/libselinux.so.1
f6fb0000-f6fb1000 r--p 0002b000 08:04 17191887                           /usr/lib/libselinux.so.1
f6fb1000-f6fb2000 rw-p 0002c000 08:04 17191887                           /usr/lib/libselinux.so.1
f6fb2000-f6fb3000 rw-p 00000000 00:00 0 
f6fb3000-f6fd2000 r-xp 00000000 08:04 18866589                           /usr/lib/libbrotlicommon.so.1.0.6
f6fd2000-f6fd3000 r--p 0001e000 08:04 18866589                           /usr/lib/libbrotlicommon.so.1.0.6
f6fd3000-f6fd4000 rw-p 0001f000 08:04 18866589                           /usr/lib/libbrotlicommon.so.1.0.6
f6fd4000-f6ff2000 r-xp 00000000 08:04 17191915                           /usr/lib/libsasl2.so.3.0.0
f6ff2000-f6ff3000 ---p 0001e000 08:04 17191915                           /usr/lib/libsasl2.so.3.0.0
f6ff3000-f6ff4000 r--p 0001e000 08:04 17191915                           /usr/lib/libsasl2.so.3.0.0
f6ff4000-f6ff5000 rw-p 0001f000 08:04 17191915                           /usr/lib/libsasl2.so.3.0.0
f6ff5000-f6ff7000 rw-p 00000000 00:00 0 
f6ff7000-f700b000 r-xp 00000000 08:04 16831772                           /usr/lib/libresolv-2.28.so
f700b000-f700c000 ---p 00014000 08:04 16831772                           /usr/lib/libresolv-2.28.so
f700c000-f700d000 r--p 00014000 08:04 16831772                           /usr/lib/libresolv-2.28.so
f700d000-f700e000 rw-p 00015000 08:04 16831772                           /usr/lib/libresolv-2.28.so
f700e000-f7010000 rw-p 00000000 00:00 0 
f7010000-f7013000 r-xp 00000000 08:04 17191893                           /usr/lib/libkeyutils.so.1.6
f7013000-f7014000 ---p 00003000 08:04 17191893                           /usr/lib/libkeyutils.so.1.6
f7014000-f7015000 r--p 00003000 08:04 17191893                           /usr/lib/libkeyutils.so.1.6
f7015000-f7016000 rw-p 00000000 00:00 0 
f7016000-f7026000 r-xp 00000000 08:04 17021560                           /usr/lib/libkrb5support.so.0.1
f7026000-f7027000 r--p 0000f000 08:04 17021560                           /usr/lib/libkrb5support.so.0.1
f7027000-f7028000 rw-p 00010000 08:04 17021560                           /usr/lib/libkrb5support.so.0.1
f7028000-f7030000 r-xp 00000000 08:04 16831774                           /usr/lib/librt-2.28.so
f7030000-f7031000 r--p 00007000 08:04 16831774                           /usr/lib/librt-2.28.so
f7031000-f7032000 rw-p 00008000 08:04 16831774                           /usr/lib/librt-2.28.so
f7032000-f71b1000 r-xp 00000000 08:04 17021545                           /usr/lib/libunistring.so.2.1.0
f71b1000-f71b2000 ---p 0017f000 08:04 17021545                           /usr/lib/libunistring.so.2.1.0
f71b2000-f71b4000 r--p 0017f000 08:04 17021545                           /usr/lib/libunistring.so.2.1.0
f71b4000-f71b5000 rw-p 00181000 08:04 17021545                           /usr/lib/libunistring.so.2.1.0
f71b5000-f71df000 r-xp 00000000 08:04 18654292                           /usr/lib/liblzma.so.5.2.4
f71df000-f71e0000 r--p 00029000 08:04 18654292                           /usr/lib/liblzma.so.5.2.4
f71e0000-f71e1000 rw-p 00000000 00:00 0 
f71e1000-f71ed000 r-xp 00000000 08:04 17191936                           /usr/lib/libbrotlidec.so.1.0.6
f71ed000-f71ee000 r--p 0000b000 08:04 17191936                           /usr/lib/libbrotlidec.so.1.0.6
f71ee000-f71ef000 rw-p 00000000 00:00 0 
f71ef000-f71fe000 r-xp 00000000 08:04 17191918                           /usr/lib/liblber-2.4.so.2.10.9
f71fe000-f71ff000 r--p 0000e000 08:04 17191918                           /usr/lib/liblber-2.4.so.2.10.9
f71ff000-f7200000 rw-p 0000f000 08:04 17191918                           /usr/lib/liblber-2.4.so.2.10.9
f7200000-f7255000 r-xp 00000000 08:04 17191920                           /usr/lib/libldap-2.4.so.2.10.9
f7255000-f7256000 ---p 00055000 08:04 17191920                           /usr/lib/libldap-2.4.so.2.10.9
f7256000-f7257000 r--p 00055000 08:04 17191920                           /usr/lib/libldap-2.4.so.2.10.9
f7257000-f7258000 rw-p 00056000 08:04 17191920                           /usr/lib/libldap-2.4.so.2.10.9
f7258000-f725a000 rw-p 00000000 00:00 0 
f725a000-f725d000 r-xp 00000000 08:04 16994899                           /usr/lib/libcom_err.so.2.1
f725d000-f725e000 r--p 00002000 08:04 16994899                           /usr/lib/libcom_err.so.2.1
f725e000-f725f000 rw-p 00003000 08:04 16994899                           /usr/lib/libcom_err.so.2.1
f725f000-f7275000 r-xp 00000000 08:04 17021552                           /usr/lib/libk5crypto.so.3.1
f7275000-f7276000 ---p 00016000 08:04 17021552                           /usr/lib/libk5crypto.so.3.1
f7276000-f7277000 r--p 00016000 08:04 17021552                           /usr/lib/libk5crypto.so.3.1
f7277000-f7278000 rw-p 00017000 08:04 17021552                           /usr/lib/libk5crypto.so.3.1
f7278000-f735b000 r-xp 00000000 08:04 17021558                           /usr/lib/libkrb5.so.3.3
f735b000-f7362000 r--p 000e2000 08:04 17021558                           /usr/lib/libkrb5.so.3.3
f7362000-f7363000 rw-p 000e9000 08:04 17021558                           /usr/lib/libkrb5.so.3.3
f7363000-f73be000 r-xp 00000000 08:04 17021548                           /usr/lib/libgssapi_krb5.so.2.2
f73be000-f73c0000 r--p 0005a000 08:04 17021548                           /usr/lib/libgssapi_krb5.so.2.2
f73c0000-f73c1000 rw-p 0005c000 08:04 17021548                           /usr/lib/libgssapi_krb5.so.2.2
f73c1000-f7672000 r-xp 00000000 08:04 18627877                           /usr/lib/libcrypto.so.1.1.1k
f7672000-f768b000 r--p 002b0000 08:04 18627877                           /usr/lib/libcrypto.so.1.1.1k
f768b000-f768d000 rw-p 002c9000 08:04 18627877                           /usr/lib/libcrypto.so.1.1.1k
f768d000-f7691000 rw-p 00000000 00:00 0 
f7691000-f7723000 r-xp 00000000 08:04 18627879                           /usr/lib/libssl.so.1.1.1k
f7723000-f7729000 r--p 00091000 08:04 18627879                           /usr/lib/libssl.so.1.1.1k
f7729000-f772d000 rw-p 00097000 08:04 18627879                           /usr/lib/libssl.so.1.1.1k
f772d000-f773d000 r-xp 00000000 08:04 18660120                           /usr/lib/libpsl.so.5.3.1
f773d000-f773e000 r--p 0000f000 08:04 18660120                           /usr/lib/libpsl.so.5.3.1
f773e000-f773f000 rw-p 00000000 00:00 0 
f773f000-f77bc000 r-xp 00000000 08:04 16994901                           /usr/lib/libssh.so.4.8.7
f77bc000-f77bd000 ---p 0007d000 08:04 16994901                           /usr/lib/libssh.so.4.8.7
f77bd000-f77be000 r--p 0007d000 08:04 16994901                           /usr/lib/libssh.so.4.8.7
f77be000-f77bf000 rw-p 0007e000 08:04 16994901                           /usr/lib/libssh.so.4.8.7
f77bf000-f77dc000 r-xp 00000000 08:04 17040588                           /usr/lib/libidn2.so.0.3.6
f77dc000-f77dd000 r--p 0001c000 08:04 17040588                           /usr/lib/libidn2.so.0.3.6
f77dd000-f77de000 rw-p 00000000 00:00 0 
f77de000-f7806000 r-xp 00000000 08:04 17191891                           /usr/lib/libnghttp2.so.14.17.0
f7806000-f7807000 r--p 00027000 08:04 17191891                           /usr/lib/libnghttp2.so.14.17.0
f7807000-f7809000 rw-p 00028000 08:04 17191891                           /usr/lib/libnghttp2.so.14.17.0
f7809000-f79ab000 r-xp 00000000 08:04 16831756                           /usr/lib/libc-2.28.so
f79ab000-f79ac000 ---p 001a2000 08:04 16831756                           /usr/lib/libc-2.28.so
f79ac000-f79ae000 r--p 001a2000 08:04 16831756                           /usr/lib/libc-2.28.so
f79ae000-f79af000 rw-p 001a4000 08:04 16831756                           /usr/lib/libc-2.28.so
f79af000-f79b4000 rw-p 00000000 00:00 0 
f79b4000-f79cf000 r-xp 00000000 08:04 16985139                           /usr/lib/libgcc_s-8-20210514.so.1
f79cf000-f79d0000 r--p 0001a000 08:04 16985139                           /usr/lib/libgcc_s-8-20210514.so.1
f79d0000-f79d1000 rw-p 0001b000 08:04 16985139                           /usr/lib/libgcc_s-8-20210514.so.1
f79d1000-f7aa1000 r-xp 00000000 08:04 16831760                           /usr/lib/libm-2.28.so
f7aa1000-f7aa2000 r--p 000cf000 08:04 16831760                           /usr/lib/libm-2.28.so
f7aa2000-f7aa3000 rw-p 000d0000 08:04 16831760                           /usr/lib/libm-2.28.so
f7aa3000-f7c2c000 r-xp 00000000 08:04 16985145                           /usr/lib/libstdc++.so.6.0.25
f7c2c000-f7c2d000 ---p 00189000 08:04 16985145                           /usr/lib/libstdc++.so.6.0.25
f7c2d000-f7c33000 r--p 00189000 08:04 16985145                           /usr/lib/libstdc++.so.6.0.25
f7c33000-f7c34000 rw-p 0018f000 08:04 16985145                           /usr/lib/libstdc++.so.6.0.25
f7c34000-f7c36000 rw-p 00000000 00:00 0 
f7c36000-f7c4d000 r-xp 00000000 08:04 16963437                           /usr/lib/libz.so.1.2.11
f7c4d000-f7c4e000 ---p 00017000 08:04 16963437                           /usr/lib/libz.so.1.2.11
f7c4e000-f7c4f000 r--p 00017000 08:04 16963437                           /usr/lib/libz.so.1.2.11
f7c4f000-f7c50000 rw-p 00000000 00:00 0 
f7c50000-f7dcd000 r-xp 00000000 08:04 16963397                           /usr/lib/libxml2.so.2.9.7
f7dcd000-f7dd2000 r--p 0017c000 08:04 16963397                           /usr/lib/libxml2.so.2.9.7
f7dd2000-f7dd3000 rw-p 00181000 08:04 16963397                           /usr/lib/libxml2.so.2.9.7
f7dd3000-f7dd4000 rw-p 00000000 00:00 0 
f7dd4000-f7df0000 r-xp 00000000 08:04 16831770                           /usr/lib/libpthread-2.28.so
f7df0000-f7df1000 r--p 0001b000 08:04 16831770                           /usr/lib/libpthread-2.28.so
f7df1000-f7df2000 rw-p 0001c000 08:04 16831770                           /usr/lib/libpthread-2.28.so
f7df2000-f7df4000 rw-p 00000000 00:00 0 
f7df4000-f7e68000 r-xp 00000000 08:04 16818911                           /usr/lib/libpcre.so.1.2.10
f7e68000-f7e69000 ---p 00074000 08:04 16818911                           /usr/lib/libpcre.so.1.2.10
f7e69000-f7e6a000 r--p 00074000 08:04 16818911                           /usr/lib/libpcre.so.1.2.10
f7e6a000-f7e6b000 rw-p 00075000 08:04 16818911                           /usr/lib/libpcre.so.1.2.10
f7e6b000-f7e6e000 r-xp 00000000 08:04 16831758                           /usr/lib/libdl-2.28.so
f7e6e000-f7e6f000 r--p 00002000 08:04 16831758                           /usr/lib/libdl-2.28.so
f7e6f000-f7e70000 rw-p 00003000 08:04 16831758                           /usr/lib/libdl-2.28.so
f7e70000-f7f0d000 r-xp 00000000 08:04 16994905                           /usr/lib/libcurl.so.4.5.0
f7f0d000-f7f0f000 r--p 0009c000 08:04 16994905                           /usr/lib/libcurl.so.4.5.0
f7f0f000-f7f10000 rw-p 0009e000 08:04 16994905                           /usr/lib/libcurl.so.4.5.0
f7f13000-f7f1e000 r-xp 00000000 08:04 109886233                          /usr/lib/jvm/java-11-zulu-openjdk-jdk-x86/lib/libverify.so
f7f1e000-f7f1f000 ---p 0000b000 08:04 109886233                          /usr/lib/jvm/java-11-zulu-openjdk-jdk-x86/lib/libverify.so
f7f1f000-f7f20000 r--p 0000b000 08:04 109886233                          /usr/lib/jvm/java-11-zulu-openjdk-jdk-x86/lib/libverify.so
f7f20000-f7f21000 rw-p 0000c000 08:04 109886233                          /usr/lib/jvm/java-11-zulu-openjdk-jdk-x86/lib/libverify.so
f7f21000-f7f23000 rw-p 00000000 00:00 0 
f7f23000-f7f27000 r--p 00000000 00:00 0                                  [vvar]
f7f27000-f7f29000 r-xp 00000000 00:00 0                                  [vdso]
f7f29000-f7f58000 r-xp 00000000 08:04 16831749                           /usr/lib/ld-2.28.so
f7f58000-f7f59000 ---p 00000000 00:00 0 
f7f59000-f7f5a000 r--p 0002f000 08:04 16831749                           /usr/lib/ld-2.28.so
f7f5a000-f7f5b000 rw-p 00030000 08:04 16831749                           /usr/lib/ld-2.28.so
ff668000-ff669000 rwxp 00000000 00:00 0 
ff771000-ff82d000 rw-p 00000000 00:00 0                                  [stack]


VM Arguments:
jvm_args: -Xms128m -Xmx512m -Xss768k -XX:MaxMetaspaceSize=96m -Xrs -XX:-UsePerfData -XX:-AllowUserSignalHandlers -XX:UseSSE=3 -XX+DoEscapeAnalysis -XX:AutoBoxCacheMax:2000 -XX:+OptimizeStringConcat -XX:+OptimizeFill -XX:+EliminateAutoBox -XX:+UseCompressedStrings -XX:+UseCompressedOops -XX:+EliminateLocks -XX:UseFastAccessorMethods -XX:+UseStringCache -XgcPrio:throughput -XXkeepAreaRatio:1 -XXlazyUnlocking -XXcallProfiling -XXcompactRatio:1 
java_command: <unknown>
java_class_path (initial): ../../data/sku.0/sys.server/compiled/game/
Launcher Type: generic

[Global flags]
     intx CICompilerCount                          = 3                                         {product} {ergonomic}
     uint ConcGCThreads                            = 1                                         {product} {ergonomic}
     uint G1ConcRefinementThreads                  = 4                                         {product} {ergonomic}
   size_t G1HeapRegionSize                         = 1048576                                   {product} {ergonomic}
    uintx GCDrainStackTargetSize                   = 64                                        {product} {ergonomic}
   size_t InitialHeapSize                          = 134217728                                 {product} {command line}
   size_t MarkStackSize                            = 32768                                     {product} {ergonomic}
   size_t MaxHeapSize                              = 536870912                                 {product} {command line}
   size_t MaxMetaspaceSize                         = 100663296                                 {product} {command line}
   size_t MaxNewSize                               = 321912832                                 {product} {ergonomic}
   size_t MinHeapDeltaBytes                        = 1048576                                   {product} {ergonomic}
    uintx NonNMethodCodeHeapSize                   = 5542374                                {pd product} {ergonomic}
    uintx NonProfiledCodeHeapSize                  = 123057933                              {pd product} {ergonomic}
    uintx ProfiledCodeHeapSize                     = 123057933                              {pd product} {ergonomic}
    uintx ReservedCodeCacheSize                    = 251658240                              {pd product} {ergonomic}
     bool SegmentedCodeCache                       = true                                      {product} {ergonomic}
     intx ThreadStackSize                          = 768                                    {pd product} {command line}
     bool UseG1GC                                  = true                                      {product} {ergonomic}

Logging:
Log output configuration:
 #0: 
[error occurred during error reporting (printing log configuration), id 0xb, SIGSEGV (0xb) at pc=0xf570b08d]

Environment Variables:
JAVA_HOME=/usr/lib/jvm/zulu-11-x86
PATH=/usr/java/jdk1.7.0_80/bin:/usr/java/jdk1.7.0_80/bin:/usr/java/jdk1.6.0_45/bin:/usr/java/jdk1.6.0_45/bin:/usr/java/jdk1.6.0_45/bin:/home/almalinux/.local/bin:/home/almalinux/bin:/sbin:/bin:/usr/bin:/usr/local/bin:/usr/local/sbin:/usr/sbin:/usr/lib/oracle/18.3/client/bin:/usr/lib/oracle/18.3/client/bin:/usr/lib/jvm/java-11-openjdk/bin:./
LD_LIBRARY_PATH=/usr/lib/jvm/java-11-zulu-openjdk-jdk-x86/lib/server:/usr/lib/jvm/java-11-zulu-openjdk-jdk-x86/lib:/usr/lib/jvm/java-11-zulu-openjdk-jdk-x86/../lib:/usr/lib/jvm/zulu-17-x86/lib/server:/usr/lib/jvm/java-11-openjdk/lib:/usr/lib/jvm/java-11-openjdk/lib/server:./
SHELL=/bin/bash
DISPLAY=:10.0
LANG=en_US.UTF-8
TERM=xterm-256color

Signal Handlers:
SIGSEGV: [libjvm.so+0xb9dd30], sa_mask[0]=11111111011111111101111111111110, sa_flags=SA_RESTART|SA_SIGINFO
SIGBUS: [libjvm.so+0xb9dd30], sa_mask[0]=11111111011111111101111111111110, sa_flags=SA_RESTART|SA_SIGINFO
SIGFPE: [libjvm.so+0xb9dd30], sa_mask[0]=11111111011111111101111111111110, sa_flags=SA_RESTART|SA_SIGINFO
SIGPIPE: SIG_IGN, sa_mask[0]=00000000000010000000000000000000, sa_flags=SA_RESTART
SIGXFSZ: [libjvm.so+0x95b3e0], sa_mask[0]=11111111011111111101111111111110, sa_flags=SA_RESTART|SA_SIGINFO
SIGILL: [libjvm.so+0xb9dd30], sa_mask[0]=11111111011111111101111111111110, sa_flags=SA_RESTART|SA_SIGINFO
SIGUSR2: [libjvm.so+0x95b230], sa_mask[0]=00100000000000000000000000000000, sa_flags=SA_RESTART|SA_SIGINFO
SIGHUP: [libjvm.so+0x95b9d0], sa_mask[0]=11111111011111111101111111111110, sa_flags=SA_RESTART|SA_SIGINFO
SIGINT: [libjvm.so+0x95b9d0], sa_mask[0]=11111111011111111101111111111110, sa_flags=SA_RESTART|SA_SIGINFO
SIGTERM: [libjvm.so+0x95b9d0], sa_mask[0]=11111111011111111101111111111110, sa_flags=SA_RESTART|SA_SIGINFO
SIGQUIT: [libjvm.so+0x95b9d0], sa_mask[0]=11111111011111111101111111111110, sa_flags=SA_RESTART|SA_SIGINFO


---------------  S Y S T E M  ---------------

OS:AlmaLinux release 8.10 (Cerulean Leopard)
uname:Linux 4.18.0-553.81.1.el8_10.x86_64 #1 SMP Mon Oct 27 11:29:19 EDT 2025 x86_64
OS uptime: 0 days 0:04 hours
libc:glibc 2.28 NPTL 2.28 
rlimit (soft/hard): STACK 8192k/infinity , CORE 0k/infinity , NPROC 61995/61995 , NOFILE 262144/262144 , AS infinity/infinity , CPU infinity/infinity , DATA infinity/infinity , FSIZE infinity/infinity , MEMLOCK 64k/64k
load average:19.85 6.96 2.59

/proc/meminfo:
MemTotal:       16014448 kB
MemFree:         6752040 kB
MemAvailable:    9012988 kB
Buffers:            4184 kB
Cached:          5542688 kB
SwapCached:            0 kB
Active:          1430548 kB
Inactive:        7375928 kB
Active(anon):     791648 kB
Inactive(anon):  5648764 kB
Active(file):     638900 kB
Inactive(file):  1727164 kB
Unevictable:          16 kB
Mlocked:               0 kB
SwapTotal:       8388604 kB
SwapFree:        8388604 kB
Dirty:              1400 kB
Writeback:             0 kB
AnonPages:       3259700 kB
Mapped:           916632 kB
Shmem:           3180808 kB
KReclaimable:      71928 kB
Slab:             171000 kB
SReclaimable:      71928 kB
SUnreclaim:        99072 kB
KernelStack:       21792 kB
PageTables:       135852 kB
NFS_Unstable:          0 kB
Bounce:                0 kB
WritebackTmp:          0 kB
CommitLimit:    16395828 kB
Committed_AS:   20174632 kB
VmallocTotal:   34359738367 kB
VmallocUsed:       67644 kB
VmallocChunk:          0 kB
Percpu:             2688 kB
HardwareCorrupted:     0 kB
AnonHugePages:         0 kB
ShmemHugePages:        0 kB
ShmemPmdMapped:        0 kB
FileHugePages:         0 kB
FilePmdMapped:         0 kB
HugePages_Total:       0
HugePages_Free:        0
HugePages_Rsvd:        0
HugePages_Surp:        0
Hugepagesize:       2048 kB
Hugetlb:               0 kB
DirectMap4k:      288620 kB
DirectMap2M:    16095232 kB

/sys/kernel/mm/transparent_hugepage/enabled:
always madvise [never]
/sys/kernel/mm/transparent_hugepage/defrag (defrag/compaction efforts parameter):
always defer defer+madvise [madvise] never

Process Memory:
Virtual Size: 933264K (peak: 952008K)
Resident Set Size: 82056K (peak: 87056K) (anon: 52048K, file: 30008K, shmem: 0K)
Swapped out: 0K
C-Heap outstanding allocations: 44622K, retained: 2241K
glibc malloc tunables: (default)

/proc/sys/kernel/threads-max (system-wide limit on the number of threads):
123991
/proc/sys/vm/max_map_count (maximum number of memory map areas a process may have):
1677720
/proc/sys/kernel/pid_max (system-wide limit on number of process identifiers):
4194304

container (cgroup) information:
container_type: cgroupv1
cpu_cpuset_cpus: 0-3
cpu_memory_nodes: 0
active_processor_count: 4
cpu_quota: no quota
cpu_period: 100000
cpu_shares: no shares
memory_limit_in_bytes: unlimited
memory_and_swap_limit_in_bytes: unlimited
memory_soft_limit_in_bytes: unlimited
memory_usage_in_bytes: 7536136 k
memory_max_usage_in_bytes: 7537584 k
rss_usage_in_bytes: not supported
cache_usage_in_bytes: not supported
kernel_memory_limit_in_bytes: unlimited
kernel_memory_usage_in_bytes: 147964 k
kernel_memory_max_usage_in_bytes: 148188 k
maximum number of tasks: unlimited
current number of tasks: 637

KVM virtualization detected
Steal ticks since vm start: 3
Steal ticks percentage since vm start:  0.000

CPU:total 4 (initial active 4) (1 cores per cpu, 1 threads per core) family 6 model 60 stepping 1 microcode 0x1, cmov, cx8, fxsr, mmx, sse, sse2, sse3, ssse3, sse4.1, sse4.2, popcnt, avx, avx2, aes, clmul, erms, lzcnt, tsc, bmi1, bmi2, fma
CPU Model and flags from /proc/cpuinfo:
model name	: Intel Core Processor (Haswell, no TSX)
flags		: fpu vme de pse tsc msr pae mce cx8 apic sep mtrr pge mca cmov pat pse36 clflush mmx fxsr sse sse2 syscall nx rdtscp lm constant_tsc rep_good nopl xtopology cpuid tsc_known_freq pni pclmulqdq vmx ssse3 fma cx16 pcid sse4_1 sse4_2 x2apic movbe popcnt tsc_deadline_timer aes xsave avx f16c rdrand hypervisor lahf_lm abm cpuid_fault invpcid_single pti tpr_shadow vnmi flexpriority ept vpid ept_ad fsgsbase bmi1 avx2 smep bmi2 erms invpcid xsaveopt arat md_clear
Online cpus:
0-3
Offline cpus:

BIOS frequency limitation:
<Not Available>
Frequency switch latency (ns):
<Not Available>
Available cpu frequencies:
<Not Available>
Current governor:
<Not Available>
Core performance/turbo boost:
<Not Available>

Memory: 4k page, physical 16014448k(6752040k free), swap 8388604k(8388604k free)

vm_info: OpenJDK Server VM (11.0.30+7-LTS) for linux-x86 JRE (Zulu11.86+19-CA) (11.0.30+7-LTS), built on Jan 15 2026 07:23:22 by "zulu_re" with gcc 8.3.0

END.
