#
# A fatal error has been detected by the Java Runtime Environment:
#
#  SIGSEGV (0xb) at pc=0xf78b8618, pid=1389106, tid=1389106
#
# JRE version: OpenJDK Runtime Environment Zulu17.50+19-CA (17.0.11+9) (build 17.0.11+9-LTS)
# Java VM: OpenJDK Server VM Zulu17.50+19-CA (17.0.11+9-LTS, mixed mode, sharing, tiered, g1 gc, linux-x86)
# Problematic frame:
# C  [libc.so.6+0x84618]  cfree+0x28
#
# Core dump will be written. Default location: Core dumps may be processed with "/usr/lib/systemd/systemd-coredump %P %u %g %s %t %c %h %e" (or dumping to /home/almalinux/swg-returns-nge/exe/linux/core.1389106)
#
# If you would like to submit a bug report, please visit:
#   http://www.azul.com/support/
#

---------------  S U M M A R Y ------------

Command Line: -Xms128m -Xmx512m -Xss768k -XX:MaxMetaspaceSize=96m -Xrs -XX:-UsePerfData -XX:-AllowUserSignalHandlers -XX:UseSSE=3 -XX+DoEscapeAnalysis -XX:AutoBoxCacheMax:2000 -XX:+OptimizeStringConcat -XX:+OptimizeFill -XX:+EliminateAutoBox -XX:+UseCompressedStrings -XX:+UseCompressedOops -XX:+EliminateLocks -XX:UseFastAccessorMethods -XX:+UseStringCache -XgcPrio:throughput -XXkeepAreaRatio:1 -XXlazyUnlocking -XXcallProfiling -XXcompactRatio:1 

Host: Intel Core Processor (Haswell, no TSX), 4 cores, 15G, AlmaLinux release 8.10 (Cerulean Leopard)
Time: Sun Jan 25 13:16:41 2026 UTC elapsed time: 1243.796093 seconds (0d 0h 20m 43s)

---------------  T H R E A D  ---------------

Current thread is native thread

Stack: [0xffe35000,0xffef5000],  sp=0xffef2af0,  free space=758k
Native frames: (J=compiled Java code, j=interpreted, Vv=VM code, C=native code)
C  [libc.so.6+0x84618]  cfree+0x28


siginfo: si_signo: 11 (SIGSEGV), si_code: 1 (SEGV_MAPERR), si_addr: 0x00000003

Registers:
EAX=0x00000000, EBX=0x00000007, ECX=0xf6ef684c, EDX=0x0a740f18
ESP=0xffef2af0, EBP=0xffef2c28, ESI=0xf79d9000, EDI=0x00000000
EIP=0xf78b8618, EFLAGS=0x00210202, CR2=0x0000000000000003


Top of Stack: (sp=0xffef2af0)
0xffef2af0:   0a3c4030 00000000 ffef2c28 f7b45f1c
0xffef2b00:   0a3c40c0 f7c5ca04 0a740ef0 f7b45f1c
0xffef2b10:   00000007 f7b45f0a f7c5ca04 f7b45f4c
0xffef2b20:   0a3c40c0 f7b45f0a 0a744c90 085b6163
0xffef2b30:   00000007 0a3c4030 0a3c3d40 085bb8d1
0xffef2b40:   0a3c4030 0a3c3d40 00000000 085bb89b
0xffef2b50:   0bbd8fc0 ffef2b77 ffef2b9c 085c6969
0xffef2b60:   087d6c00 ffef2b9c ffef2c28 084fc53b
0xffef2b70:   00000014 00010002 00000000 00000000
0xffef2b80:   01010100 00000001 09aa44c0 00000000
0xffef2b90:   00000000 00000000 00000000 00000000
0xffef2ba0:   00000000 00000015 ffef2cf8 f78696ff
0xffef2bb0:   f79d941c 47677753 53656d61 65767265
0xffef2bc0:   33313a72 30313938 09290036 0a7262b0
0xffef2bd0:   08ea0100 08ebc230 08ea5888 f79d941c
0xffef2be0:   00000428 00000420 f7869779 085758fd
0xffef2bf0:   08ea2a80 09b1ea78 08ea5888 08574f56
0xffef2c00:   0929a2c4 0929a2c4 ffef2cf8 08ea583b
0xffef2c10:   0000000c ffef2cc4 ffef2c40 f79d9000
0xffef2c20:   00000000 08575910 00000000 f7851f26
0xffef2c30:   00000000 08575910 00000000 f7851f26
0xffef2c40:   0000000c ffef2cc4 ffef2cf8 ffef2c64
0xffef2c50:   0929a2d0 00000000 ffef2cf8 f79d9000
0xffef2c60:   f784175c f79d9000 00000000 08575910
0xffef2c70:   00000000 be44aaf6 6a21e2e6 00000000
0xffef2c80:   00000000 00000000 f7f584d0 f7851e30
0xffef2c90:   084fc260 0929a2c4 0000000c 08575946
0xffef2ca0:   084fc260 0000000c ffef2cc4 08ea57f0
0xffef2cb0:   08ea5850 f7f584d0 ffef2cbc f7f85970
0xffef2cc0:   0000000c ffef35d4 ffef35e6 ffef35e9
0xffef2cd0:   ffef35fb ffef35fe ffef3609 ffef362d
0xffef2ce0:   ffef363d ffef365d ffef368d ffef3690 

Instructions: (pc=0xf78b8618)
0xf78b8518:   50 8d 96 86 f7 fa ff 8d 86 d0 2f fb ff e8 c6 b7
0xf78b8528:   ff ff 8d b6 00 00 00 00 bb 20 00 00 00 e9 5e fe
0xf78b8538:   ff ff e8 a1 c0 ff ff 89 c5 85 c0 0f 85 68 ff ff
0xf78b8548:   ff 31 d2 8d 44 3b 10 e8 8c c1 ff ff 89 da 89 f9
0xf78b8558:   89 c5 e8 11 f0 ff ff 89 c2 85 c0 75 1b 85 ed 74
0xf78b8568:   17 90 89 fa 89 e8 e8 bd c5 ff ff 89 da 89 f9 89
0xf78b8578:   c5 e8 f2 ef ff ff 89 c2 85 ed 0f 84 57 ff ff ff
0xf78b8588:   e9 39 ff ff ff 8d 86 b8 31 fb ff 83 ec 0c b9 25
0xf78b8598:   0d 00 00 50 8d 96 86 f7 fa ff 8d 86 74 2f fb ff
0xf78b85a8:   e8 43 b7 ff ff 8d 76 00 f3 0f 1e fb e8 0a 9a f9
0xf78b85b8:   ff 05 47 0a 12 00 56 53 83 ec 04 8b 5c 24 10 8b
0xf78b85c8:   74 24 14 8b 80 50 ff ff ff c7 00 00 00 00 00 e8
0xf78b85d8:   54 bb ff ff 8b 4c 24 0c 83 c4 04 89 f2 89 d8 5b
0xf78b85e8:   5e e9 42 fd ff ff 66 90 f3 0f 1e fb 56 e8 9a 9b
0xf78b85f8:   f9 ff 81 c6 06 0a 12 00 53 83 ec 14 8b 5c 24 20
0xf78b8608:   8b 86 5c ff ff ff 8b 00 85 c0 75 6c 85 db 74 75
0xf78b8618:   8b 4b fc 8d 53 f8 f6 c1 02 75 35 8b 86 70 fe ff
0xf78b8628:   ff 65 8b 00 85 c0 0f 84 8c 00 00 00 83 e1 04 8d
0xf78b8638:   86 60 07 00 00 74 09 89 d0 25 00 00 f0 ff 8b 00
0xf78b8648:   83 c4 14 31 c9 5b 5e e9 8c cb ff ff 8d 74 26 00
0xf78b8658:   8b 9e 60 01 00 00 85 db 75 10 3b 8e 48 01 00 00
0xf78b8668:   76 08 81 f9 00 00 08 00 76 26 83 c4 14 89 d0 5b
0xf78b8678:   5e e9 92 b8 ff ff 66 90 83 ec 08 ff 74 24 24 53
0xf78b8688:   ff d0 83 c4 10 83 c4 14 5b 5e c3 8d 74 26 00 90
0xf78b8698:   39 96 80 1d 00 00 77 08 39 96 7c 1d 00 00 77 ca
0xf78b86a8:   83 e1 f8 8d 04 09 89 8e 48 01 00 00 89 86 40 01
0xf78b86b8:   00 00 90 eb b5 8d 76 00 8b 86 74 fe ff ff 65 80
0xf78b86c8:   38 00 0f 85 64 ff ff ff 89 54 24 0c e8 97 ed ff
0xf78b86d8:   ff 8b 4b fc 8b 54 24 0c e9 4f ff ff ff 8d b4 26
0xf78b86e8:   00 00 00 00 8d 74 26 00 f3 0f 1e fb 55 57 56 e8
0xf78b86f8:   98 9a f9 ff 81 c6 04 09 12 00 53 83 ec 0c 8b 86
0xf78b8708:   70 fe ff ff 8b 96 74 fe ff ff 65 8b 28 65 c6 02 



---------------  P R O C E S S  ---------------

VM state: at safepoint (shutting down)

VM Mutex/Monitor currently owned by a thread:  ([mutex/lock_event])
[0xf5e21ef0] Threads_lock - owner thread: 0xc4295230

GC Precious Log:
<Skipped>

Heap:
 garbage-first heap   total 131072K, used 50321K [0xc5c00000, 0xe5c00000)
  region size 1024K, 49 young (50176K), 10 survivors (10240K)
 Metaspace       used 4793K, committed 5184K, reserved 16384K

Heap Regions: E=young(eden), S=young(survivor), O=old, HS=humongous(starts), HC=humongous(continues), CS=collection set, F=free, OA=open archive, CA=closed archive, TAMS=top-at-mark-start (previous, next)
|   0|0xc5c00000, 0xc5d00000, 0xc5d00000|100%| O|  |TAMS 0xc5c00000, 0xc5c00000| Untracked 
|   1|0xc5d00000, 0xc5dfb400, 0xc5e00000| 98%| O|  |TAMS 0xc5d00000, 0xc5d00000| Untracked 
|   2|0xc5e00000, 0xc5e00000, 0xc5f00000|  0%| F|  |TAMS 0xc5e00000, 0xc5e00000| Untracked 
|   3|0xc5f00000, 0xc5f00000, 0xc6000000|  0%| F|  |TAMS 0xc5f00000, 0xc5f00000| Untracked 
|   4|0xc6000000, 0xc6000000, 0xc6100000|  0%| F|  |TAMS 0xc6000000, 0xc6000000| Untracked 
|   5|0xc6100000, 0xc6100000, 0xc6200000|  0%| F|  |TAMS 0xc6100000, 0xc6100000| Untracked 
|   6|0xc6200000, 0xc6200000, 0xc6300000|  0%| F|  |TAMS 0xc6200000, 0xc6200000| Untracked 
|   7|0xc6300000, 0xc6300000, 0xc6400000|  0%| F|  |TAMS 0xc6300000, 0xc6300000| Untracked 
|   8|0xc6400000, 0xc6400000, 0xc6500000|  0%| F|  |TAMS 0xc6400000, 0xc6400000| Untracked 
|   9|0xc6500000, 0xc6500000, 0xc6600000|  0%| F|  |TAMS 0xc6500000, 0xc6500000| Untracked 
|  10|0xc6600000, 0xc6600000, 0xc6700000|  0%| F|  |TAMS 0xc6600000, 0xc6600000| Untracked 
|  11|0xc6700000, 0xc6700000, 0xc6800000|  0%| F|  |TAMS 0xc6700000, 0xc6700000| Untracked 
|  12|0xc6800000, 0xc6800000, 0xc6900000|  0%| F|  |TAMS 0xc6800000, 0xc6800000| Untracked 
|  13|0xc6900000, 0xc6900000, 0xc6a00000|  0%| F|  |TAMS 0xc6900000, 0xc6900000| Untracked 
|  14|0xc6a00000, 0xc6a00000, 0xc6b00000|  0%| F|  |TAMS 0xc6a00000, 0xc6a00000| Untracked 
|  15|0xc6b00000, 0xc6b00000, 0xc6c00000|  0%| F|  |TAMS 0xc6b00000, 0xc6b00000| Untracked 
|  16|0xc6c00000, 0xc6c00000, 0xc6d00000|  0%| F|  |TAMS 0xc6c00000, 0xc6c00000| Untracked 
|  17|0xc6d00000, 0xc6d00000, 0xc6e00000|  0%| F|  |TAMS 0xc6d00000, 0xc6d00000| Untracked 
|  18|0xc6e00000, 0xc6e00000, 0xc6f00000|  0%| F|  |TAMS 0xc6e00000, 0xc6e00000| Untracked 
|  19|0xc6f00000, 0xc6f00000, 0xc7000000|  0%| F|  |TAMS 0xc6f00000, 0xc6f00000| Untracked 
|  20|0xc7000000, 0xc7000000, 0xc7100000|  0%| F|  |TAMS 0xc7000000, 0xc7000000| Untracked 
|  21|0xc7100000, 0xc7100000, 0xc7200000|  0%| F|  |TAMS 0xc7100000, 0xc7100000| Untracked 
|  22|0xc7200000, 0xc7200000, 0xc7300000|  0%| F|  |TAMS 0xc7200000, 0xc7200000| Untracked 
|  23|0xc7300000, 0xc7300000, 0xc7400000|  0%| F|  |TAMS 0xc7300000, 0xc7300000| Untracked 
|  24|0xc7400000, 0xc7400000, 0xc7500000|  0%| F|  |TAMS 0xc7400000, 0xc7400000| Untracked 
|  25|0xc7500000, 0xc7500000, 0xc7600000|  0%| F|  |TAMS 0xc7500000, 0xc7500000| Untracked 
|  26|0xc7600000, 0xc7600000, 0xc7700000|  0%| F|  |TAMS 0xc7600000, 0xc7600000| Untracked 
|  27|0xc7700000, 0xc7700000, 0xc7800000|  0%| F|  |TAMS 0xc7700000, 0xc7700000| Untracked 
|  28|0xc7800000, 0xc7800000, 0xc7900000|  0%| F|  |TAMS 0xc7800000, 0xc7800000| Untracked 
|  29|0xc7900000, 0xc7900000, 0xc7a00000|  0%| F|  |TAMS 0xc7900000, 0xc7900000| Untracked 
|  30|0xc7a00000, 0xc7a00000, 0xc7b00000|  0%| F|  |TAMS 0xc7a00000, 0xc7a00000| Untracked 
|  31|0xc7b00000, 0xc7b00000, 0xc7c00000|  0%| F|  |TAMS 0xc7b00000, 0xc7b00000| Untracked 
|  32|0xc7c00000, 0xc7c00000, 0xc7d00000|  0%| F|  |TAMS 0xc7c00000, 0xc7c00000| Untracked 
|  33|0xc7d00000, 0xc7d00000, 0xc7e00000|  0%| F|  |TAMS 0xc7d00000, 0xc7d00000| Untracked 
|  34|0xc7e00000, 0xc7e00000, 0xc7f00000|  0%| F|  |TAMS 0xc7e00000, 0xc7e00000| Untracked 
|  35|0xc7f00000, 0xc7f00000, 0xc8000000|  0%| F|  |TAMS 0xc7f00000, 0xc7f00000| Untracked 
|  36|0xc8000000, 0xc8000000, 0xc8100000|  0%| F|  |TAMS 0xc8000000, 0xc8000000| Untracked 
|  37|0xc8100000, 0xc8100000, 0xc8200000|  0%| F|  |TAMS 0xc8100000, 0xc8100000| Untracked 
|  38|0xc8200000, 0xc8200000, 0xc8300000|  0%| F|  |TAMS 0xc8200000, 0xc8200000| Untracked 
|  39|0xc8300000, 0xc8300000, 0xc8400000|  0%| F|  |TAMS 0xc8300000, 0xc8300000| Untracked 
|  40|0xc8400000, 0xc8400000, 0xc8500000|  0%| F|  |TAMS 0xc8400000, 0xc8400000| Untracked 
|  41|0xc8500000, 0xc8500000, 0xc8600000|  0%| F|  |TAMS 0xc8500000, 0xc8500000| Untracked 
|  42|0xc8600000, 0xc8628938, 0xc8700000| 15%| S|CS|TAMS 0xc8600000, 0xc8600000| Complete 
|  43|0xc8700000, 0xc8800000, 0xc8800000|100%| S|CS|TAMS 0xc8700000, 0xc8700000| Complete 
|  44|0xc8800000, 0xc8900000, 0xc8900000|100%| S|CS|TAMS 0xc8800000, 0xc8800000| Complete 
|  45|0xc8900000, 0xc8a00000, 0xc8a00000|100%| S|CS|TAMS 0xc8900000, 0xc8900000| Complete 
|  46|0xc8a00000, 0xc8b00000, 0xc8b00000|100%| S|CS|TAMS 0xc8a00000, 0xc8a00000| Complete 
|  47|0xc8b00000, 0xc8c00000, 0xc8c00000|100%| S|CS|TAMS 0xc8b00000, 0xc8b00000| Complete 
|  48|0xc8c00000, 0xc8d00000, 0xc8d00000|100%| S|CS|TAMS 0xc8c00000, 0xc8c00000| Complete 
|  49|0xc8d00000, 0xc8e00000, 0xc8e00000|100%| S|CS|TAMS 0xc8d00000, 0xc8d00000| Complete 
|  50|0xc8e00000, 0xc8f00000, 0xc8f00000|100%| S|CS|TAMS 0xc8e00000, 0xc8e00000| Complete 
|  51|0xc8f00000, 0xc9000000, 0xc9000000|100%| S|CS|TAMS 0xc8f00000, 0xc8f00000| Complete 
|  52|0xc9000000, 0xc9000000, 0xc9100000|  0%| F|  |TAMS 0xc9000000, 0xc9000000| Untracked 
|  53|0xc9100000, 0xc9100000, 0xc9200000|  0%| F|  |TAMS 0xc9100000, 0xc9100000| Untracked 
|  54|0xc9200000, 0xc9200000, 0xc9300000|  0%| F|  |TAMS 0xc9200000, 0xc9200000| Untracked 
|  55|0xc9300000, 0xc9300000, 0xc9400000|  0%| F|  |TAMS 0xc9300000, 0xc9300000| Untracked 
|  56|0xc9400000, 0xc9400000, 0xc9500000|  0%| F|  |TAMS 0xc9400000, 0xc9400000| Untracked 
|  57|0xc9500000, 0xc9500000, 0xc9600000|  0%| F|  |TAMS 0xc9500000, 0xc9500000| Untracked 
|  58|0xc9600000, 0xc9600000, 0xc9700000|  0%| F|  |TAMS 0xc9600000, 0xc9600000| Untracked 
|  59|0xc9700000, 0xc9700000, 0xc9800000|  0%| F|  |TAMS 0xc9700000, 0xc9700000| Untracked 
|  60|0xc9800000, 0xc9800000, 0xc9900000|  0%| F|  |TAMS 0xc9800000, 0xc9800000| Untracked 
|  61|0xc9900000, 0xc9900000, 0xc9a00000|  0%| F|  |TAMS 0xc9900000, 0xc9900000| Untracked 
|  62|0xc9a00000, 0xc9a00000, 0xc9b00000|  0%| F|  |TAMS 0xc9a00000, 0xc9a00000| Untracked 
|  63|0xc9b00000, 0xc9b00000, 0xc9c00000|  0%| F|  |TAMS 0xc9b00000, 0xc9b00000| Untracked 
|  64|0xc9c00000, 0xc9c00000, 0xc9d00000|  0%| F|  |TAMS 0xc9c00000, 0xc9c00000| Untracked 
|  65|0xc9d00000, 0xc9d00000, 0xc9e00000|  0%| F|  |TAMS 0xc9d00000, 0xc9d00000| Untracked 
|  66|0xc9e00000, 0xc9e00000, 0xc9f00000|  0%| F|  |TAMS 0xc9e00000, 0xc9e00000| Untracked 
|  67|0xc9f00000, 0xc9f00000, 0xca000000|  0%| F|  |TAMS 0xc9f00000, 0xc9f00000| Untracked 
|  68|0xca000000, 0xca000000, 0xca100000|  0%| F|  |TAMS 0xca000000, 0xca000000| Untracked 
|  69|0xca100000, 0xca100000, 0xca200000|  0%| F|  |TAMS 0xca100000, 0xca100000| Untracked 
|  70|0xca200000, 0xca200000, 0xca300000|  0%| F|  |TAMS 0xca200000, 0xca200000| Untracked 
|  71|0xca300000, 0xca300000, 0xca400000|  0%| F|  |TAMS 0xca300000, 0xca300000| Untracked 
|  72|0xca400000, 0xca400000, 0xca500000|  0%| F|  |TAMS 0xca400000, 0xca400000| Untracked 
|  73|0xca500000, 0xca500000, 0xca600000|  0%| F|  |TAMS 0xca500000, 0xca500000| Untracked 
|  74|0xca600000, 0xca600000, 0xca700000|  0%| F|  |TAMS 0xca600000, 0xca600000| Untracked 
|  75|0xca700000, 0xca700000, 0xca800000|  0%| F|  |TAMS 0xca700000, 0xca700000| Untracked 
|  76|0xca800000, 0xca800000, 0xca900000|  0%| F|  |TAMS 0xca800000, 0xca800000| Untracked 
|  77|0xca900000, 0xca900000, 0xcaa00000|  0%| F|  |TAMS 0xca900000, 0xca900000| Untracked 
|  78|0xcaa00000, 0xcaa00000, 0xcab00000|  0%| F|  |TAMS 0xcaa00000, 0xcaa00000| Untracked 
|  79|0xcab00000, 0xcab00000, 0xcac00000|  0%| F|  |TAMS 0xcab00000, 0xcab00000| Untracked 
|  80|0xcac00000, 0xcac00000, 0xcad00000|  0%| F|  |TAMS 0xcac00000, 0xcac00000| Untracked 
|  81|0xcad00000, 0xcad00000, 0xcae00000|  0%| F|  |TAMS 0xcad00000, 0xcad00000| Untracked 
|  82|0xcae00000, 0xcae00000, 0xcaf00000|  0%| F|  |TAMS 0xcae00000, 0xcae00000| Untracked 
|  83|0xcaf00000, 0xcaf00000, 0xcb000000|  0%| F|  |TAMS 0xcaf00000, 0xcaf00000| Untracked 
|  84|0xcb000000, 0xcb000000, 0xcb100000|  0%| F|  |TAMS 0xcb000000, 0xcb000000| Untracked 
|  85|0xcb100000, 0xcb100000, 0xcb200000|  0%| F|  |TAMS 0xcb100000, 0xcb100000| Untracked 
|  86|0xcb200000, 0xcb200000, 0xcb300000|  0%| F|  |TAMS 0xcb200000, 0xcb200000| Untracked 
|  87|0xcb300000, 0xcb300000, 0xcb400000|  0%| F|  |TAMS 0xcb300000, 0xcb300000| Untracked 
|  88|0xcb400000, 0xcb400000, 0xcb500000|  0%| F|  |TAMS 0xcb400000, 0xcb400000| Untracked 
|  89|0xcb500000, 0xcb500800, 0xcb600000|  0%| E|  |TAMS 0xcb500000, 0xcb500000| Complete 
|  90|0xcb600000, 0xcb700000, 0xcb700000|100%| E|CS|TAMS 0xcb600000, 0xcb600000| Complete 
|  91|0xcb700000, 0xcb800000, 0xcb800000|100%| E|CS|TAMS 0xcb700000, 0xcb700000| Complete 
|  92|0xcb800000, 0xcb900000, 0xcb900000|100%| E|CS|TAMS 0xcb800000, 0xcb800000| Complete 
|  93|0xcb900000, 0xcba00000, 0xcba00000|100%| E|CS|TAMS 0xcb900000, 0xcb900000| Complete 
|  94|0xcba00000, 0xcbb00000, 0xcbb00000|100%| E|CS|TAMS 0xcba00000, 0xcba00000| Complete 
|  95|0xcbb00000, 0xcbc00000, 0xcbc00000|100%| E|CS|TAMS 0xcbb00000, 0xcbb00000| Complete 
|  96|0xcbc00000, 0xcbd00000, 0xcbd00000|100%| E|CS|TAMS 0xcbc00000, 0xcbc00000| Complete 
|  97|0xcbd00000, 0xcbe00000, 0xcbe00000|100%| E|CS|TAMS 0xcbd00000, 0xcbd00000| Complete 
|  98|0xcbe00000, 0xcbf00000, 0xcbf00000|100%| E|CS|TAMS 0xcbe00000, 0xcbe00000| Complete 
|  99|0xcbf00000, 0xcc000000, 0xcc000000|100%| E|CS|TAMS 0xcbf00000, 0xcbf00000| Complete 
| 100|0xcc000000, 0xcc100000, 0xcc100000|100%| E|CS|TAMS 0xcc000000, 0xcc000000| Complete 
| 101|0xcc100000, 0xcc200000, 0xcc200000|100%| E|CS|TAMS 0xcc100000, 0xcc100000| Complete 
| 102|0xcc200000, 0xcc300000, 0xcc300000|100%| E|CS|TAMS 0xcc200000, 0xcc200000| Complete 
| 103|0xcc300000, 0xcc400000, 0xcc400000|100%| E|CS|TAMS 0xcc300000, 0xcc300000| Complete 
| 104|0xcc400000, 0xcc500000, 0xcc500000|100%| E|CS|TAMS 0xcc400000, 0xcc400000| Complete 
| 105|0xcc500000, 0xcc600000, 0xcc600000|100%| E|CS|TAMS 0xcc500000, 0xcc500000| Complete 
| 106|0xcc600000, 0xcc700000, 0xcc700000|100%| E|CS|TAMS 0xcc600000, 0xcc600000| Complete 
| 107|0xcc700000, 0xcc800000, 0xcc800000|100%| E|CS|TAMS 0xcc700000, 0xcc700000| Complete 
| 108|0xcc800000, 0xcc900000, 0xcc900000|100%| E|CS|TAMS 0xcc800000, 0xcc800000| Complete 
| 109|0xcc900000, 0xcca00000, 0xcca00000|100%| E|CS|TAMS 0xcc900000, 0xcc900000| Complete 
| 110|0xcca00000, 0xccb00000, 0xccb00000|100%| E|CS|TAMS 0xcca00000, 0xcca00000| Complete 
| 111|0xccb00000, 0xccc00000, 0xccc00000|100%| E|CS|TAMS 0xccb00000, 0xccb00000| Complete 
| 112|0xccc00000, 0xccd00000, 0xccd00000|100%| E|CS|TAMS 0xccc00000, 0xccc00000| Complete 
| 113|0xccd00000, 0xcce00000, 0xcce00000|100%| E|CS|TAMS 0xccd00000, 0xccd00000| Complete 
| 114|0xcce00000, 0xccf00000, 0xccf00000|100%| E|CS|TAMS 0xcce00000, 0xcce00000| Complete 
| 115|0xccf00000, 0xcd000000, 0xcd000000|100%| E|CS|TAMS 0xccf00000, 0xccf00000| Complete 
| 116|0xcd000000, 0xcd100000, 0xcd100000|100%| E|CS|TAMS 0xcd000000, 0xcd000000| Complete 
| 117|0xcd100000, 0xcd200000, 0xcd200000|100%| E|CS|TAMS 0xcd100000, 0xcd100000| Complete 
| 118|0xcd200000, 0xcd300000, 0xcd300000|100%| E|CS|TAMS 0xcd200000, 0xcd200000| Complete 
| 119|0xcd300000, 0xcd400000, 0xcd400000|100%| E|CS|TAMS 0xcd300000, 0xcd300000| Complete 
| 120|0xcd400000, 0xcd500000, 0xcd500000|100%| E|CS|TAMS 0xcd400000, 0xcd400000| Complete 
| 121|0xcd500000, 0xcd600000, 0xcd600000|100%| E|CS|TAMS 0xcd500000, 0xcd500000| Complete 
| 122|0xcd600000, 0xcd700000, 0xcd700000|100%| E|CS|TAMS 0xcd600000, 0xcd600000| Complete 
| 123|0xcd700000, 0xcd800000, 0xcd800000|100%| E|CS|TAMS 0xcd700000, 0xcd700000| Complete 
| 124|0xcd800000, 0xcd900000, 0xcd900000|100%| E|CS|TAMS 0xcd800000, 0xcd800000| Complete 
| 125|0xcd900000, 0xcda00000, 0xcda00000|100%| E|CS|TAMS 0xcd900000, 0xcd900000| Complete 
| 126|0xcda00000, 0xcdb00000, 0xcdb00000|100%| E|CS|TAMS 0xcda00000, 0xcda00000| Complete 
| 127|0xcdb00000, 0xcdc00000, 0xcdc00000|100%| E|CS|TAMS 0xcdb00000, 0xcdb00000| Complete 

Card table byte_map: [0xc5a00000,0xc5b00000] _byte_map_base: 0xc53d2000

Marking Bits (Prev, Next): (CMBitMap*) 0xf5e8b6e8, (CMBitMap*) 0xf5e8b708
 Prev Bits: [0xc5100000, 0xc5900000)
 Next Bits: [0xc4900000, 0xc5100000)

Polling page: 0xf7f4a000

Metaspace:

Usage:
    4.68 MB used.

Virtual space:
     16.00 MB reserved,       5.06 MB ( 32%) committed,  1 nodes.

Chunk freelists:
8.44 MB

MaxMetaspaceSize: 96.00 MB
No class space
Initial GC threshold: 16.00 MB
Current GC threshold: 16.00 MB
CDS: on
MetaspaceReclaimPolicy: balanced
 - commit_granule_bytes: 65536.
 - commit_granule_words: 16384.
 - virtual_space_node_default_size: 4194304.
 - enlarge_chunks_in_place: 1.
 - new_chunks_are_fully_committed: 0.
 - uncommit_free_chunks: 1.
 - use_allocation_guard: 0.
 - handle_deallocations: 1.


Internal statistics:

num_allocs_failed_limit: 0.
num_arena_births: 236.
num_arena_deaths: 0.
num_vsnodes_births: 1.
num_vsnodes_deaths: 0.
num_space_committed: 81.
num_space_uncommitted: 0.
num_chunks_returned_to_freelist: 0.
num_chunks_taken_from_freelist: 453.
num_chunk_merges: 0.
num_chunk_splits: 325.
num_chunks_enlarged: 248.
num_inconsistent_stats: 0.

CodeHeap 'non-profiled nmethods': size=120172Kb used=1032Kb max_used=1032Kb free=119139Kb
 bounds [0xed7f5000, 0xeda35000, 0xf4d50000]
CodeHeap 'profiled nmethods': size=120172Kb used=3522Kb max_used=3522Kb free=116649Kb
 bounds [0xe5d50000, 0xe60c8000, 0xed2ab000]
CodeHeap 'non-nmethods': size=5416Kb used=738Kb max_used=784Kb free=4677Kb
 bounds [0xed2ab000, 0xed4eb000, 0xed7f5000]
 total_blobs=2116 nmethods=1767 adapters=263
 compilation: enabled
              stopped_count=0, restarted_count=0
 full_count=0

Compilation events (20 events):
Event: 1012.959 Thread 0xc42a0ac0 1763       3       script.palcolor_custom_var::<init> (13 bytes)
Event: 1012.960 Thread 0xc42a0ac0 nmethod 1763 0xe60bdb08 code [0xe60bdc40, 0xe60bdd8c]
Event: 1012.960 Thread 0xc42a0ac0 1764       3       script.ranged_int_custom_var::<init> (23 bytes)
Event: 1012.960 Thread 0xc42a0ac0 nmethod 1764 0xe60bde88 code [0xe60bdfc0, 0xe60be10c]
Event: 1041.070 Thread 0xc429f990 1765       4       script.obj_id::packAllScriptVars (100 bytes)
Event: 1041.159 Thread 0xc429f990 nmethod 1765 0xed8f2c88 code [0xed8f2e60, 0xed8f3ed0]
Event: 1049.930 Thread 0xc429f990 1766       4       script.library.utils::getContainingPlayerOrCreature (35 bytes)
Event: 1049.935 Thread 0xc429f990 nmethod 1766 0xed8f4688 code [0xed8f4820, 0xed8f4b4c]
Event: 1051.851 Thread 0xc42a0ac0 1767       3       script.base_class::getAllCustomVars (8 bytes)
Event: 1051.851 Thread 0xc42a0ac0 nmethod 1767 0xe60be208 code [0xe60be360, 0xe60be56c]
Event: 1086.122 Thread 0xc429f990 1770       4       script.library.movement::getAllModifiers (74 bytes)
Event: 1086.269 Thread 0xc429f990 nmethod 1770 0xed8f5588 code [0xed8f5720, 0xed8f65dc]
Event: 1119.241 Thread 0xc42a0ac0 1771       3       java.lang.Class::getInterfaces (49 bytes)
Event: 1119.242 Thread 0xc42a0ac0 nmethod 1771 0xe60be688 code [0xe60be820, 0xe60bec70]
Event: 1119.253 Thread 0xc42a0ac0 1774       3       java.lang.invoke.LambdaFormEditor::getInCache (165 bytes)
Event: 1119.255 Thread 0xc42a0ac0 nmethod 1774 0xe60bed88 code [0xe60befa0, 0xe60bfb50]
Event: 1119.255 Thread 0xc42a0ac0 1773       3       java.lang.ref.ReferenceQueue::reallyPoll (65 bytes)
Event: 1119.255 Thread 0xc42a0ac0 nmethod 1773 0xe60bff08 code [0xe60c0080, 0xe60c0500]
Event: 1119.255 Thread 0xc42a0ac0 1772       3       java.util.stream.AbstractPipeline::isParallel (8 bytes)
Event: 1119.255 Thread 0xc42a0ac0 nmethod 1772 0xe60c0608 code [0xe60c0720, 0xe60c0840]

GC Heap History (8 events):
Event: 196.906 GC heap before
{Heap before GC invocations=0 (full 0):
 garbage-first heap   total 131072K, used 12288K [0xc5c00000, 0xe5c00000)
  region size 1024K, 13 young (13312K), 0 survivors (0K)
 Metaspace       used 2426K, committed 2624K, reserved 16384K
}
Event: 196.933 GC heap after
{Heap after GC invocations=1 (full 0):
 garbage-first heap   total 131072K, used 2048K [0xc5c00000, 0xe5c00000)
  region size 1024K, 2 young (2048K), 2 survivors (2048K)
 Metaspace       used 2426K, committed 2624K, reserved 16384K
}
Event: 217.079 GC heap before
{Heap before GC invocations=1 (full 0):
 garbage-first heap   total 131072K, used 18432K [0xc5c00000, 0xe5c00000)
  region size 1024K, 19 young (19456K), 2 survivors (2048K)
 Metaspace       used 3984K, committed 4288K, reserved 16384K
}
Event: 217.093 GC heap after
{Heap after GC invocations=2 (full 0):
 garbage-first heap   total 131072K, used 3567K [0xc5c00000, 0xe5c00000)
  region size 1024K, 2 young (2048K), 2 survivors (2048K)
 Metaspace       used 3984K, committed 4288K, reserved 16384K
}
Event: 313.922 GC heap before
{Heap before GC invocations=2 (full 0):
 garbage-first heap   total 131072K, used 36335K [0xc5c00000, 0xe5c00000)
  region size 1024K, 34 young (34816K), 2 survivors (2048K)
 Metaspace       used 4656K, committed 5056K, reserved 16384K
}
Event: 314.052 GC heap after
{Heap after GC invocations=3 (full 0):
 garbage-first heap   total 131072K, used 6027K [0xc5c00000, 0xe5c00000)
  region size 1024K, 4 young (4096K), 4 survivors (4096K)
 Metaspace       used 4656K, committed 5056K, reserved 16384K
}
Event: 759.877 GC heap before
{Heap before GC invocations=3 (full 0):
 garbage-first heap   total 131072K, used 79755K [0xc5c00000, 0xe5c00000)
  region size 1024K, 76 young (77824K), 4 survivors (4096K)
 Metaspace       used 4775K, committed 5184K, reserved 16384K
}
Event: 759.947 GC heap after
{Heap after GC invocations=4 (full 0):
 garbage-first heap   total 131072K, used 11407K [0xc5c00000, 0xe5c00000)
  region size 1024K, 10 young (10240K), 10 survivors (10240K)
 Metaspace       used 4775K, committed 5184K, reserved 16384K
}

Dll operation events (4 events):
Event: 0.003 Loaded shared library /usr/lib/jvm/java-17-zulu-openjdk-jdk-x86/lib/libjava.so
Event: 65.880 Loaded shared library /usr/lib/jvm/java-17-zulu-openjdk-jdk-x86/lib/libnio.so
Event: 65.892 Loaded shared library /usr/lib/jvm/java-17-zulu-openjdk-jdk-x86/lib/libjimage.so
Event: 65.928 Loaded shared library /usr/lib/jvm/java-17-zulu-openjdk-jdk-x86/lib/libnet.so

Deoptimization events (20 events):
Event: 550.019 Thread 0x0ba4fa00 Uncommon trap: trap_request=0xffffffde fr.pc=0xed8e1b1c relative=0x000017dc
Event: 550.019 Thread 0x0ba4fa00 Uncommon trap: reason=class_check action=maybe_recompile pc=0xed8e1b1c method=java.lang.reflect.Array.newInstance(Ljava/lang/Class;I)Ljava/lang/Object; @ 2 c2
Event: 550.019 Thread 0x0ba4fa00 DEOPT PACKING pc=0xed8e1b1c sp=0xffef14e0
Event: 550.019 Thread 0x0ba4fa00 DEOPT UNPACKING pc=0xed2f4d33 sp=0xffef1498 mode 2
Event: 550.019 Thread 0x0ba4fa00 Uncommon trap: trap_request=0xffffffd6 fr.pc=0xed8e183c relative=0x000014fc
Event: 550.019 Thread 0x0ba4fa00 Uncommon trap: reason=array_check action=maybe_recompile pc=0xed8e183c method=java.io.ObjectInputStream.readArray(Z)Ljava/lang/Object; @ 392 c2
Event: 550.019 Thread 0x0ba4fa00 DEOPT PACKING pc=0xed8e183c sp=0xffef14e0
Event: 550.019 Thread 0x0ba4fa00 DEOPT UNPACKING pc=0xed2f4d33 sp=0xffef14c8 mode 2
Event: 550.019 Thread 0x0ba4fa00 Uncommon trap: trap_request=0xffffffd6 fr.pc=0xed8e183c relative=0x000014fc
Event: 550.019 Thread 0x0ba4fa00 Uncommon trap: reason=array_check action=maybe_recompile pc=0xed8e183c method=java.io.ObjectInputStream.readArray(Z)Ljava/lang/Object; @ 392 c2
Event: 550.019 Thread 0x0ba4fa00 DEOPT PACKING pc=0xed8e183c sp=0xffef14e0
Event: 550.019 Thread 0x0ba4fa00 DEOPT UNPACKING pc=0xed2f4d33 sp=0xffef14c8 mode 2
Event: 550.019 Thread 0x0ba4fa00 Uncommon trap: trap_request=0xffffffd6 fr.pc=0xed8e183c relative=0x000014fc
Event: 550.019 Thread 0x0ba4fa00 Uncommon trap: reason=array_check action=maybe_recompile pc=0xed8e183c method=java.io.ObjectInputStream.readArray(Z)Ljava/lang/Object; @ 392 c2
Event: 550.019 Thread 0x0ba4fa00 DEOPT PACKING pc=0xed8e183c sp=0xffef14e0
Event: 550.019 Thread 0x0ba4fa00 DEOPT UNPACKING pc=0xed2f4d33 sp=0xffef14c8 mode 2
Event: 550.019 Thread 0x0ba4fa00 Uncommon trap: trap_request=0xffffffd6 fr.pc=0xed8e183c relative=0x000014fc
Event: 550.019 Thread 0x0ba4fa00 Uncommon trap: reason=array_check action=maybe_recompile pc=0xed8e183c method=java.io.ObjectInputStream.readArray(Z)Ljava/lang/Object; @ 392 c2
Event: 550.019 Thread 0x0ba4fa00 DEOPT PACKING pc=0xed8e183c sp=0xffef14e0
Event: 550.019 Thread 0x0ba4fa00 DEOPT UNPACKING pc=0xed2f4d33 sp=0xffef14c8 mode 2

Classes unloaded (0 events):
No events

Classes redefined (0 events):
No events

Internal exceptions (9 events):
Event: 66.033 Thread 0x0ba4fa00 Exception <a 'java/lang/NoSuchMethodError'{0xcd40b9c8}: 'java.lang.Object java.lang.invoke.DirectMethodHandle$Holder.invokeStaticInit(java.lang.Object)'> (0xcd40b9c8) 
thrown [src/hotspot/share/interpreter/linkResolver.cpp, line 759]
Event: 187.865 Thread 0x0ba4fa00 Exception <a 'java/lang/NoSuchMethodError'{0xcd1b9630}: 'java.lang.Object java.lang.invoke.DirectMethodHandle$Holder.invokeStatic(java.lang.Object, float)'> (0xcd1b9630) 
thrown [src/hotspot/share/interpreter/linkResolver.cpp, line 759]
Event: 201.998 Thread 0x0ba4fa00 Implicit null exception at 0xed82622b to 0xed826280
Event: 202.340 Thread 0x0ba4fa00 Exception <a 'java/lang/NoSuchMethodError'{0xcd4423f8}: 'java.lang.Object java.lang.invoke.DirectMethodHandle$Holder.invokeSpecial(java.lang.Object, java.lang.Object, java.lang.Object, java.lang.Object, int)'> (0xcd4423f8) 
thrown [src/hotspot/share/interpreter/linkResolver.cpp, line 759]
Event: 202.340 Thread 0x0ba4fa00 Exception <a 'java/lang/NoSuchMethodError'{0xcd445938}: 'java.lang.Object java.lang.invoke.Invokers$Holder.linkToTargetMethod(java.lang.Object, java.lang.Object, int, java.lang.Object)'> (0xcd445938) 
thrown [src/hotspot/share/interpreter/linkResolver.cpp, line 759]
Event: 212.148 Thread 0x0ba4fa00 Exception <a 'java/lang/NoSuchMethodError'{0xccbbb770}: 'java.lang.Object java.lang.invoke.DirectMethodHandle$Holder.invokeSpecial(java.lang.Object, java.lang.Object, long, java.lang.Object, java.lang.Object, java.lang.Object, java.lang.Object, java.lang.Object, java.lang.Object)'> (0xccbbb770) 
thrown [src/hotspot/share/interpreter/linkResolver.cpp, line 759]
Event: 212.149 Thread 0x0ba4fa00 Exception <a 'java/lang/NoSuchMethodError'{0xccbbfb48}: 'java.lang.Object java.lang.invoke.DelegatingMethodHandle$Holder.reinvoke_L(java.lang.Object, long, java.lang.Object, java.lang.Object, java.lang.Object, java.lang.Object, java.lang.Object, java.lang.Object)'> (0xccbbfb48) 
thrown [src/hotspot/share/interpreter/linkResolver.cpp, line 759]
Event: 242.857 Thread 0x0ba4fa00 Exception <a 'java/lang/NoSuchMethodError'{0xcd39a760}: 'java.lang.Object java.lang.invoke.DirectMethodHandle$Holder.invokeSpecial(java.lang.Object, java.lang.Object, java.lang.Object, java.lang.Object, java.lang.Object, java.lang.Object, int)'> (0xcd39a760) 
thrown [src/hotspot/share/interpreter/linkResolver.cpp, line 759]
Event: 303.064 Thread 0x0ba4fa00 Exception <a 'java/lang/NoSuchMethodError'{0xcc0b3140}: static [Lscript/obj_id;.<clinit>()V> (0xcc0b3140) 
thrown [src/hotspot/share/prims/jni.cpp, line 1112]

VM Operations (20 events):
Event: 478.300 Executing VM operation: Cleanup
Event: 478.300 Executing VM operation: Cleanup done
Event: 506.309 Executing VM operation: Cleanup
Event: 506.310 Executing VM operation: Cleanup done
Event: 508.310 Executing VM operation: Cleanup
Event: 508.310 Executing VM operation: Cleanup done
Event: 574.395 Executing VM operation: Cleanup
Event: 574.395 Executing VM operation: Cleanup done
Event: 759.877 Executing VM operation: G1CollectForAllocation
Event: 759.947 Executing VM operation: G1CollectForAllocation done
Event: 773.954 Executing VM operation: Cleanup
Event: 773.954 Executing VM operation: Cleanup done
Event: 774.955 Executing VM operation: Cleanup
Event: 774.955 Executing VM operation: Cleanup done
Event: 795.961 Executing VM operation: Cleanup
Event: 795.961 Executing VM operation: Cleanup done
Event: 796.961 Executing VM operation: Cleanup
Event: 796.961 Executing VM operation: Cleanup done
Event: 1119.517 Executing VM operation: Cleanup
Event: 1119.517 Executing VM operation: Cleanup done

Events (20 events):
Event: 303.118 loading class java/lang/constant/MethodHandleDesc done
Event: 303.118 loading class java/lang/constant/MethodHandleDesc$1
Event: 303.118 loading class java/lang/constant/MethodHandleDesc$1 done
Event: 303.118 loading class java/lang/constant/DirectMethodHandleDescImpl
Event: 303.118 loading class java/lang/constant/DirectMethodHandleDesc
Event: 303.118 loading class java/lang/constant/DirectMethodHandleDesc done
Event: 303.119 loading class java/lang/constant/DirectMethodHandleDescImpl done
Event: 303.119 loading class java/lang/constant/DirectMethodHandleDescImpl$1
Event: 303.119 loading class java/lang/constant/DirectMethodHandleDescImpl$1 done
Event: 303.119 loading class java/lang/constant/DirectMethodHandleDesc$1
Event: 303.119 loading class java/lang/constant/DirectMethodHandleDesc$1 done
Event: 303.119 loading class java/lang/constant/PrimitiveClassDescImpl
Event: 303.119 loading class java/lang/constant/DynamicConstantDesc
Event: 303.119 loading class java/lang/constant/DynamicConstantDesc done
Event: 303.119 loading class java/lang/constant/PrimitiveClassDescImpl done
Event: 303.120 loading class java/lang/constant/DynamicConstantDesc$AnonymousDynamicConstantDesc
Event: 303.120 loading class java/lang/constant/DynamicConstantDesc$AnonymousDynamicConstantDesc done
Event: 1226.725 Thread 0x0ba4fa00 Thread exited: 0x0ba4fa00
Event: 1226.728 Thread 0xf5e24490 Thread exited: 0xf5e24490
Event: 1226.728 Thread 0xc429c530 Thread exited: 0xc429c530


Dynamic libraries:
08048000-09298000 r-xp 00000000 08:04 494947248                          /home/almalinux/swg-returns-nge/build/bin/SwgGameServer
09298000-0929c000 rw-p 0124f000 08:04 494947248                          /home/almalinux/swg-returns-nge/build/bin/SwgGameServer
0929c000-09b1f000 rw-p 00000000 00:00 0 
0a38a000-1ca48000 rw-p 00000000 00:00 0                                  [heap]
beb00000-beba3000 rw-p 00000000 00:00 0 
beba3000-bec00000 ---p 00000000 00:00 0 
bed00000-bedf9000 rw-p 00000000 00:00 0 
bedf9000-bee00000 ---p 00000000 00:00 0 
bee00000-beef8000 rw-p 00000000 00:00 0 
beef8000-bef00000 ---p 00000000 00:00 0 
bef00000-beffb000 rw-p 00000000 00:00 0 
beffb000-bf000000 ---p 00000000 00:00 0 
bf200000-bf2fd000 rw-p 00000000 00:00 0 
bf2fd000-bf300000 ---p 00000000 00:00 0 
bf300000-bf3f7000 rw-p 00000000 00:00 0 
bf3f7000-bf400000 ---p 00000000 00:00 0 
bf400000-bf4f9000 rw-p 00000000 00:00 0 
bf4f9000-bf500000 ---p 00000000 00:00 0 
bf600000-bf6f9000 rw-p 00000000 00:00 0 
bf6f9000-bf700000 ---p 00000000 00:00 0 
bf700000-bf7b3000 rw-p 00000000 00:00 0 
bf7b3000-bf800000 ---p 00000000 00:00 0 
bf800000-bf8f9000 rw-p 00000000 00:00 0 
bf8f9000-bf900000 ---p 00000000 00:00 0 
bf900000-bf9f9000 rw-p 00000000 00:00 0 
bf9f9000-bfa00000 ---p 00000000 00:00 0 
bfa00000-bfaf9000 rw-p 00000000 00:00 0 
bfaf9000-bfb00000 ---p 00000000 00:00 0 
bfb00000-bfbf9000 rw-p 00000000 00:00 0 
bfbf9000-bfc00000 ---p 00000000 00:00 0 
bfc00000-bfcf9000 rw-p 00000000 00:00 0 
bfcf9000-bfd00000 ---p 00000000 00:00 0 
bfd00000-bfdfb000 rw-p 00000000 00:00 0 
bfdfb000-bfe00000 ---p 00000000 00:00 0 
bfe00000-bfeff000 rw-p 00000000 00:00 0 
bfeff000-bff00000 ---p 00000000 00:00 0 
bff00000-bfffd000 rw-p 00000000 00:00 0 
bfffd000-c0000000 ---p 00000000 00:00 0 
c0000000-c00fa000 rw-p 00000000 00:00 0 
c00fa000-c0100000 ---p 00000000 00:00 0 
c0200000-c02f9000 rw-p 00000000 00:00 0 
c02f9000-c0300000 ---p 00000000 00:00 0 
c0400000-c04ed000 rw-p 00000000 00:00 0 
c04ed000-c0500000 ---p 00000000 00:00 0 
c0d00000-c0df2000 rw-p 00000000 00:00 0 
c0df2000-c0e00000 ---p 00000000 00:00 0 
c0f00000-c0ff9000 rw-p 00000000 00:00 0 
c0ff9000-c1000000 ---p 00000000 00:00 0 
c1000000-c10f9000 rw-p 00000000 00:00 0 
c10f9000-c1100000 ---p 00000000 00:00 0 
c1100000-c11fa000 rw-p 00000000 00:00 0 
c11fa000-c1200000 ---p 00000000 00:00 0 
c127f000-c1283000 ---p 00000000 00:00 0 
c1283000-c1300000 rw-p 00000000 00:00 0 
c1338000-c1339000 ---p 00000000 00:00 0 
c1339000-c13b9000 rw-p 00000000 00:00 0 
c13b9000-c13ba000 ---p 00000000 00:00 0 
c13ba000-c143a000 rw-p 00000000 00:00 0 
c173d000-c1741000 ---p 00000000 00:00 0 
c1741000-c17fe000 rw-p 00000000 00:00 0 
c17fe000-c1802000 ---p 00000000 00:00 0 
c1802000-c18bf000 rw-p 00000000 00:00 0 
c18bf000-c18c0000 ---p 00000000 00:00 0 
c18c0000-c1940000 rw-p 00000000 00:00 0 
c1940000-c1944000 ---p 00000000 00:00 0 
c1944000-c1a01000 rw-p 00000000 00:00 0 
c1a01000-c1a05000 ---p 00000000 00:00 0 
c1a05000-c1ac2000 rw-p 00000000 00:00 0 
c1ac2000-c1ac6000 ---p 00000000 00:00 0 
c1ac6000-c1b43000 rw-p 00000000 00:00 0 
c1b43000-c1b47000 ---p 00000000 00:00 0 
c1b47000-c1c04000 rw-p 00000000 00:00 0 
c1c04000-c1c08000 ---p 00000000 00:00 0 
c1c08000-c1cc5000 rw-p 00000000 00:00 0 
c1cc5000-c1cc9000 ---p 00000000 00:00 0 
c1cc9000-c1d86000 rw-p 00000000 00:00 0 
c1d86000-c2000000 r--p 00078000 08:04 535181                             /usr/lib/locale/locale-archive
c2000000-c2180000 rw-p 00000000 00:00 0 
c2180000-c2400000 ---p 00000000 00:00 0 
c2400000-c2790000 rw-p 00000000 00:00 0 
c2790000-c3000000 ---p 00000000 00:00 0 
c307e000-c327e000 r--p 00000000 08:04 535181                             /usr/lib/locale/locale-archive
c327e000-c3282000 ---p 00000000 00:00 0 
c3282000-c333f000 rw-p 00000000 00:00 0 
c333f000-c3343000 ---p 00000000 00:00 0 
c3343000-c3400000 rw-p 00000000 00:00 0 
c3400000-c3421000 rw-p 00000000 00:00 0 
c3421000-c3500000 ---p 00000000 00:00 0 
c3531000-c3535000 ---p 00000000 00:00 0 
c3535000-c35b2000 rw-p 00000000 00:00 0 
c35b2000-c35b3000 ---p 00000000 00:00 0 
c35b3000-c3633000 rw-p 00000000 00:00 0 
c3633000-c3f00000 rw-p 00001000 08:04 143240867                          /usr/lib/jvm/java-17-zulu-openjdk-jdk-x86/lib/server/classes.jsa
c3f00000-c3f21000 rw-p 00000000 00:00 0 
c3f21000-c4000000 ---p 00000000 00:00 0 
c407f000-c4080000 ---p 00000000 00:00 0 
c4080000-c4100000 rw-p 00000000 00:00 0 
c4100000-c4121000 rw-p 00000000 00:00 0 
c4121000-c4200000 ---p 00000000 00:00 0 
c4200000-c42d4000 rw-p 00000000 00:00 0 
c42d4000-c4300000 ---p 00000000 00:00 0 
c437f000-c4380000 ---p 00000000 00:00 0 
c4380000-c4400000 rw-p 00000000 00:00 0 
c4400000-c4432000 rw-p 00000000 00:00 0 
c4432000-c4500000 ---p 00000000 00:00 0 
c457f000-c4580000 ---p 00000000 00:00 0 
c4580000-c4600000 rw-p 00000000 00:00 0 
c4600000-c46fc000 rw-p 00000000 00:00 0 
c46fc000-c4700000 ---p 00000000 00:00 0 
c4700000-c4800000 rw-p 00000000 00:00 0 
c487f000-c4880000 ---p 00000000 00:00 0 
c4880000-c4b00000 rw-p 00000000 00:00 0 
c4b00000-c5100000 ---p 00000000 00:00 0 
c5100000-c5300000 rw-p 00000000 00:00 0 
c5300000-c5900000 ---p 00000000 00:00 0 
c5900000-c5940000 rw-p 00000000 00:00 0 
c5940000-c5a00000 ---p 00000000 00:00 0 
c5a00000-c5a40000 rw-p 00000000 00:00 0 
c5a40000-c5b00000 ---p 00000000 00:00 0 
c5b00000-c5b40000 rw-p 00000000 00:00 0 
c5b40000-c5c00000 ---p 00000000 00:00 0 
c5c00000-cdc00000 rw-p 00000000 00:00 0 
cdc00000-e5c00000 ---p 00000000 00:00 0 
e5c65000-e5c6a000 rw-p 00000000 00:00 0 
e5c6a000-e5d50000 ---p 00000000 00:00 0 
e5d50000-e60c8000 rwxp 00000000 00:00 0 
e60c8000-ed2ab000 ---p 00000000 00:00 0 
ed2ab000-ed4eb000 rwxp 00000000 00:00 0 
ed4eb000-ed7f5000 ---p 00000000 00:00 0 
ed7f5000-eda35000 rwxp 00000000 00:00 0 
eda35000-f4d50000 ---p 00000000 00:00 0 
f4d50000-f4eb8000 r--s 00000000 08:04 117534333                          /usr/lib/jvm/java-17-zulu-openjdk-jdk-x86/lib/modules
f4eb8000-f5d5a000 r-xp 00000000 08:04 143240869                          /usr/lib/jvm/java-17-zulu-openjdk-jdk-x86/lib/server/libjvm.so
f5d5a000-f5daf000 r--p 00ea1000 08:04 143240869                          /usr/lib/jvm/java-17-zulu-openjdk-jdk-x86/lib/server/libjvm.so
f5daf000-f5dd0000 rw-p 00ef6000 08:04 143240869                          /usr/lib/jvm/java-17-zulu-openjdk-jdk-x86/lib/server/libjvm.so
f5dd0000-f5e00000 rw-p 00000000 00:00 0 
f5e00000-f5f00000 rw-p 00000000 00:00 0 
f5f0f000-f5f10000 ---p 00000000 00:00 0 
f5f10000-f5f90000 rw-p 00000000 00:00 0 
f5f90000-f5f91000 ---p 00000000 00:00 0 
f5f91000-f5f95000 ---p 00000000 00:00 0 
f5f95000-f6b09000 rw-p 00000000 00:00 0 
f6b15000-f6b2a000 r-xp 00000000 08:04 117534323                          /usr/lib/jvm/java-17-zulu-openjdk-jdk-x86/lib/libnet.so
f6b2a000-f6b2b000 r--p 00014000 08:04 117534323                          /usr/lib/jvm/java-17-zulu-openjdk-jdk-x86/lib/libnet.so
f6b2b000-f6b2c000 rw-p 00015000 08:04 117534323                          /usr/lib/jvm/java-17-zulu-openjdk-jdk-x86/lib/libnet.so
f6b2c000-f6b33000 rw-p 00000000 00:00 0 
f6b33000-f6c17000 ---p 00000000 00:00 0 
f6e51000-f6e63000 r-xp 00000000 08:04 117534324                          /usr/lib/jvm/java-17-zulu-openjdk-jdk-x86/lib/libnio.so
f6e63000-f6e64000 r--p 00011000 08:04 117534324                          /usr/lib/jvm/java-17-zulu-openjdk-jdk-x86/lib/libnio.so
f6e64000-f6e65000 rw-p 00012000 08:04 117534324                          /usr/lib/jvm/java-17-zulu-openjdk-jdk-x86/lib/libnio.so
f6e65000-f6e8e000 rw-p 00000000 00:00 0 
f6e8e000-f6eb1000 r-xp 00000000 08:04 117534310                          /usr/lib/jvm/java-17-zulu-openjdk-jdk-x86/lib/libjava.so
f6eb1000-f6eb2000 r--p 00022000 08:04 117534310                          /usr/lib/jvm/java-17-zulu-openjdk-jdk-x86/lib/libjava.so
f6eb2000-f6eb3000 rw-p 00023000 08:04 117534310                          /usr/lib/jvm/java-17-zulu-openjdk-jdk-x86/lib/libjava.so
f6eb3000-f6ebf000 r-xp 00000000 08:04 16831767                           /usr/lib/libnss_files-2.28.so
f6ebf000-f6ec0000 r--p 0000b000 08:04 16831767                           /usr/lib/libnss_files-2.28.so
f6ec0000-f6ec1000 rw-p 0000c000 08:04 16831767                           /usr/lib/libnss_files-2.28.so
f6ec1000-f6ec7000 rw-p 00000000 00:00 0 
f6ecd000-f6ed2000 rw-p 00000000 00:00 0 
f6ed2000-f6ed8000 ---p 00000000 00:00 0 
f6ed8000-f6ef3000 r-xp 00000000 08:04 117534314                          /usr/lib/jvm/java-17-zulu-openjdk-jdk-x86/lib/libjimage.so
f6ef3000-f6ef4000 ---p 0001b000 08:04 117534314                          /usr/lib/jvm/java-17-zulu-openjdk-jdk-x86/lib/libjimage.so
f6ef4000-f6ef5000 r--p 0001b000 08:04 117534314                          /usr/lib/jvm/java-17-zulu-openjdk-jdk-x86/lib/libjimage.so
f6ef5000-f6ef6000 rw-p 0001c000 08:04 117534314                          /usr/lib/jvm/java-17-zulu-openjdk-jdk-x86/lib/libjimage.so
f6ef6000-f6efa000 rw-p 00000000 00:00 0 
f6efa000-f6f82000 r-xp 00000000 08:04 17191875                           /usr/lib/libpcre2-8.so.0.7.1
f6f82000-f6f83000 r--p 00087000 08:04 17191875                           /usr/lib/libpcre2-8.so.0.7.1
f6f83000-f6f84000 rw-p 00088000 08:04 17191875                           /usr/lib/libpcre2-8.so.0.7.1
f6f84000-f6fa4000 r-xp 00000000 08:04 17021543                           /usr/lib/libcrypt.so.1.1.0
f6fa4000-f6fa5000 ---p 00020000 08:04 17021543                           /usr/lib/libcrypt.so.1.1.0
f6fa5000-f6fa6000 r--p 00020000 08:04 17021543                           /usr/lib/libcrypt.so.1.1.0
f6fa6000-f6faf000 rw-p 00000000 00:00 0 
f6faf000-f6fda000 r-xp 00000000 08:04 17191887                           /usr/lib/libselinux.so.1
f6fda000-f6fdb000 ---p 0002b000 08:04 17191887                           /usr/lib/libselinux.so.1
f6fdb000-f6fdc000 r--p 0002b000 08:04 17191887                           /usr/lib/libselinux.so.1
f6fdc000-f6fdd000 rw-p 0002c000 08:04 17191887                           /usr/lib/libselinux.so.1
f6fdd000-f6fde000 rw-p 00000000 00:00 0 
f6fde000-f6ffd000 r-xp 00000000 08:04 18866589                           /usr/lib/libbrotlicommon.so.1.0.6
f6ffd000-f6ffe000 r--p 0001e000 08:04 18866589                           /usr/lib/libbrotlicommon.so.1.0.6
f6ffe000-f6fff000 rw-p 0001f000 08:04 18866589                           /usr/lib/libbrotlicommon.so.1.0.6
f6fff000-f701d000 r-xp 00000000 08:04 17191915                           /usr/lib/libsasl2.so.3.0.0
f701d000-f701e000 ---p 0001e000 08:04 17191915                           /usr/lib/libsasl2.so.3.0.0
f701e000-f701f000 r--p 0001e000 08:04 17191915                           /usr/lib/libsasl2.so.3.0.0
f701f000-f7020000 rw-p 0001f000 08:04 17191915                           /usr/lib/libsasl2.so.3.0.0
f7020000-f7022000 rw-p 00000000 00:00 0 
f7022000-f7036000 r-xp 00000000 08:04 16831772                           /usr/lib/libresolv-2.28.so
f7036000-f7037000 ---p 00014000 08:04 16831772                           /usr/lib/libresolv-2.28.so
f7037000-f7038000 r--p 00014000 08:04 16831772                           /usr/lib/libresolv-2.28.so
f7038000-f7039000 rw-p 00015000 08:04 16831772                           /usr/lib/libresolv-2.28.so
f7039000-f703b000 rw-p 00000000 00:00 0 
f703b000-f703e000 r-xp 00000000 08:04 17191893                           /usr/lib/libkeyutils.so.1.6
f703e000-f703f000 ---p 00003000 08:04 17191893                           /usr/lib/libkeyutils.so.1.6
f703f000-f7040000 r--p 00003000 08:04 17191893                           /usr/lib/libkeyutils.so.1.6
f7040000-f7041000 rw-p 00000000 00:00 0 
f7041000-f7051000 r-xp 00000000 08:04 17021560                           /usr/lib/libkrb5support.so.0.1
f7051000-f7052000 r--p 0000f000 08:04 17021560                           /usr/lib/libkrb5support.so.0.1
f7052000-f7053000 rw-p 00010000 08:04 17021560                           /usr/lib/libkrb5support.so.0.1
f7053000-f705b000 r-xp 00000000 08:04 16831774                           /usr/lib/librt-2.28.so
f705b000-f705c000 r--p 00007000 08:04 16831774                           /usr/lib/librt-2.28.so
f705c000-f705d000 rw-p 00008000 08:04 16831774                           /usr/lib/librt-2.28.so
f705d000-f71dc000 r-xp 00000000 08:04 17021545                           /usr/lib/libunistring.so.2.1.0
f71dc000-f71dd000 ---p 0017f000 08:04 17021545                           /usr/lib/libunistring.so.2.1.0
f71dd000-f71df000 r--p 0017f000 08:04 17021545                           /usr/lib/libunistring.so.2.1.0
f71df000-f71e0000 rw-p 00181000 08:04 17021545                           /usr/lib/libunistring.so.2.1.0
f71e0000-f720a000 r-xp 00000000 08:04 18654292                           /usr/lib/liblzma.so.5.2.4
f720a000-f720b000 r--p 00029000 08:04 18654292                           /usr/lib/liblzma.so.5.2.4
f720b000-f720c000 rw-p 00000000 00:00 0 
f720c000-f7218000 r-xp 00000000 08:04 17191936                           /usr/lib/libbrotlidec.so.1.0.6
f7218000-f7219000 r--p 0000b000 08:04 17191936                           /usr/lib/libbrotlidec.so.1.0.6
f7219000-f721a000 rw-p 00000000 00:00 0 
f721a000-f7229000 r-xp 00000000 08:04 17191918                           /usr/lib/liblber-2.4.so.2.10.9
f7229000-f722a000 r--p 0000e000 08:04 17191918                           /usr/lib/liblber-2.4.so.2.10.9
f722a000-f722b000 rw-p 0000f000 08:04 17191918                           /usr/lib/liblber-2.4.so.2.10.9
f722b000-f7280000 r-xp 00000000 08:04 17191920                           /usr/lib/libldap-2.4.so.2.10.9
f7280000-f7281000 ---p 00055000 08:04 17191920                           /usr/lib/libldap-2.4.so.2.10.9
f7281000-f7282000 r--p 00055000 08:04 17191920                           /usr/lib/libldap-2.4.so.2.10.9
f7282000-f7283000 rw-p 00056000 08:04 17191920                           /usr/lib/libldap-2.4.so.2.10.9
f7283000-f7285000 rw-p 00000000 00:00 0 
f7285000-f7288000 r-xp 00000000 08:04 16994899                           /usr/lib/libcom_err.so.2.1
f7288000-f7289000 r--p 00002000 08:04 16994899                           /usr/lib/libcom_err.so.2.1
f7289000-f728a000 rw-p 00003000 08:04 16994899                           /usr/lib/libcom_err.so.2.1
f728a000-f72a0000 r-xp 00000000 08:04 17021552                           /usr/lib/libk5crypto.so.3.1
f72a0000-f72a1000 ---p 00016000 08:04 17021552                           /usr/lib/libk5crypto.so.3.1
f72a1000-f72a2000 r--p 00016000 08:04 17021552                           /usr/lib/libk5crypto.so.3.1
f72a2000-f72a3000 rw-p 00017000 08:04 17021552                           /usr/lib/libk5crypto.so.3.1
f72a3000-f7386000 r-xp 00000000 08:04 17021558                           /usr/lib/libkrb5.so.3.3
f7386000-f738d000 r--p 000e2000 08:04 17021558                           /usr/lib/libkrb5.so.3.3
f738d000-f738e000 rw-p 000e9000 08:04 17021558                           /usr/lib/libkrb5.so.3.3
f738e000-f73e9000 r-xp 00000000 08:04 17021548                           /usr/lib/libgssapi_krb5.so.2.2
f73e9000-f73eb000 r--p 0005a000 08:04 17021548                           /usr/lib/libgssapi_krb5.so.2.2
f73eb000-f73ec000 rw-p 0005c000 08:04 17021548                           /usr/lib/libgssapi_krb5.so.2.2
f73ec000-f769d000 r-xp 00000000 08:04 18627877                           /usr/lib/libcrypto.so.1.1.1k
f769d000-f76b6000 r--p 002b0000 08:04 18627877                           /usr/lib/libcrypto.so.1.1.1k
f76b6000-f76b8000 rw-p 002c9000 08:04 18627877                           /usr/lib/libcrypto.so.1.1.1k
f76b8000-f76bc000 rw-p 00000000 00:00 0 
f76bc000-f774e000 r-xp 00000000 08:04 18627879                           /usr/lib/libssl.so.1.1.1k
f774e000-f7754000 r--p 00091000 08:04 18627879                           /usr/lib/libssl.so.1.1.1k
f7754000-f7758000 rw-p 00097000 08:04 18627879                           /usr/lib/libssl.so.1.1.1k
f7758000-f7768000 r-xp 00000000 08:04 18660120                           /usr/lib/libpsl.so.5.3.1
f7768000-f7769000 r--p 0000f000 08:04 18660120                           /usr/lib/libpsl.so.5.3.1
f7769000-f776a000 rw-p 00000000 00:00 0 
f776a000-f77e7000 r-xp 00000000 08:04 16994901                           /usr/lib/libssh.so.4.8.7
f77e7000-f77e8000 ---p 0007d000 08:04 16994901                           /usr/lib/libssh.so.4.8.7
f77e8000-f77e9000 r--p 0007d000 08:04 16994901                           /usr/lib/libssh.so.4.8.7
f77e9000-f77ea000 rw-p 0007e000 08:04 16994901                           /usr/lib/libssh.so.4.8.7
f77ea000-f7807000 r-xp 00000000 08:04 17040588                           /usr/lib/libidn2.so.0.3.6
f7807000-f7808000 r--p 0001c000 08:04 17040588                           /usr/lib/libidn2.so.0.3.6
f7808000-f7809000 rw-p 00000000 00:00 0 
f7809000-f7831000 r-xp 00000000 08:04 17191891                           /usr/lib/libnghttp2.so.14.17.0
f7831000-f7832000 r--p 00027000 08:04 17191891                           /usr/lib/libnghttp2.so.14.17.0
f7832000-f7834000 rw-p 00028000 08:04 17191891                           /usr/lib/libnghttp2.so.14.17.0
f7834000-f79d6000 r-xp 00000000 08:04 16831756                           /usr/lib/libc-2.28.so
f79d6000-f79d7000 ---p 001a2000 08:04 16831756                           /usr/lib/libc-2.28.so
f79d7000-f79d9000 r--p 001a2000 08:04 16831756                           /usr/lib/libc-2.28.so
f79d9000-f79da000 rw-p 001a4000 08:04 16831756                           /usr/lib/libc-2.28.so
f79da000-f79df000 rw-p 00000000 00:00 0 
f79df000-f79fa000 r-xp 00000000 08:04 16985139                           /usr/lib/libgcc_s-8-20210514.so.1
f79fa000-f79fb000 r--p 0001a000 08:04 16985139                           /usr/lib/libgcc_s-8-20210514.so.1
f79fb000-f79fc000 rw-p 0001b000 08:04 16985139                           /usr/lib/libgcc_s-8-20210514.so.1
f79fc000-f7acc000 r-xp 00000000 08:04 16831760                           /usr/lib/libm-2.28.so
f7acc000-f7acd000 r--p 000cf000 08:04 16831760                           /usr/lib/libm-2.28.so
f7acd000-f7ace000 rw-p 000d0000 08:04 16831760                           /usr/lib/libm-2.28.so
f7ace000-f7c57000 r-xp 00000000 08:04 16985145                           /usr/lib/libstdc++.so.6.0.25
f7c57000-f7c58000 ---p 00189000 08:04 16985145                           /usr/lib/libstdc++.so.6.0.25
f7c58000-f7c5e000 r--p 00189000 08:04 16985145                           /usr/lib/libstdc++.so.6.0.25
f7c5e000-f7c5f000 rw-p 0018f000 08:04 16985145                           /usr/lib/libstdc++.so.6.0.25
f7c5f000-f7c61000 rw-p 00000000 00:00 0 
f7c61000-f7c78000 r-xp 00000000 08:04 16963437                           /usr/lib/libz.so.1.2.11
f7c78000-f7c79000 ---p 00017000 08:04 16963437                           /usr/lib/libz.so.1.2.11
f7c79000-f7c7a000 r--p 00017000 08:04 16963437                           /usr/lib/libz.so.1.2.11
f7c7a000-f7c7b000 rw-p 00000000 00:00 0 
f7c7b000-f7df8000 r-xp 00000000 08:04 16963397                           /usr/lib/libxml2.so.2.9.7
f7df8000-f7dfd000 r--p 0017c000 08:04 16963397                           /usr/lib/libxml2.so.2.9.7
f7dfd000-f7dfe000 rw-p 00181000 08:04 16963397                           /usr/lib/libxml2.so.2.9.7
f7dfe000-f7dff000 rw-p 00000000 00:00 0 
f7dff000-f7e1b000 r-xp 00000000 08:04 16831770                           /usr/lib/libpthread-2.28.so
f7e1b000-f7e1c000 r--p 0001b000 08:04 16831770                           /usr/lib/libpthread-2.28.so
f7e1c000-f7e1d000 rw-p 0001c000 08:04 16831770                           /usr/lib/libpthread-2.28.so
f7e1d000-f7e1f000 rw-p 00000000 00:00 0 
f7e1f000-f7e93000 r-xp 00000000 08:04 16818911                           /usr/lib/libpcre.so.1.2.10
f7e93000-f7e94000 ---p 00074000 08:04 16818911                           /usr/lib/libpcre.so.1.2.10
f7e94000-f7e95000 r--p 00074000 08:04 16818911                           /usr/lib/libpcre.so.1.2.10
f7e95000-f7e96000 rw-p 00075000 08:04 16818911                           /usr/lib/libpcre.so.1.2.10
f7e96000-f7e99000 r-xp 00000000 08:04 16831758                           /usr/lib/libdl-2.28.so
f7e99000-f7e9a000 r--p 00002000 08:04 16831758                           /usr/lib/libdl-2.28.so
f7e9a000-f7e9b000 rw-p 00003000 08:04 16831758                           /usr/lib/libdl-2.28.so
f7e9b000-f7f38000 r-xp 00000000 08:04 16994905                           /usr/lib/libcurl.so.4.5.0
f7f38000-f7f3a000 r--p 0009c000 08:04 16994905                           /usr/lib/libcurl.so.4.5.0
f7f3a000-f7f3b000 rw-p 0009e000 08:04 16994905                           /usr/lib/libcurl.so.4.5.0
f7f3b000-f7f42000 r--s 00000000 08:04 176632422                          /usr/lib/gconv/gconv-modules.cache
f7f42000-f7f4a000 rw-s 00000000 08:04 151833500                          /tmp/hsperfdata_almalinux/1389106 (deleted)
f7f4a000-f7f4b000 ---p 00000000 00:00 0 
f7f4b000-f7f4c000 r--p 00000000 00:00 0 
f7f4c000-f7f4e000 rw-p 00000000 00:00 0 
f7f4e000-f7f52000 r--p 00000000 00:00 0                                  [vvar]
f7f52000-f7f54000 r-xp 00000000 00:00 0                                  [vdso]
f7f54000-f7f83000 r-xp 00000000 08:04 16831749                           /usr/lib/ld-2.28.so
f7f83000-f7f84000 ---p 00000000 00:00 0 
f7f84000-f7f85000 r--p 0002f000 08:04 16831749                           /usr/lib/ld-2.28.so
f7f85000-f7f86000 rw-p 00030000 08:04 16831749                           /usr/lib/ld-2.28.so
ffd30000-ffd31000 rwxp 00000000 00:00 0 
ffe39000-ffef5000 rw-p 00000000 00:00 0                                  [stack]


VM Arguments:
jvm_args: -Xms128m -Xmx512m -Xss768k -XX:MaxMetaspaceSize=96m -Xrs -XX:-UsePerfData -XX:-AllowUserSignalHandlers -XX:UseSSE=3 -XX+DoEscapeAnalysis -XX:AutoBoxCacheMax:2000 -XX:+OptimizeStringConcat -XX:+OptimizeFill -XX:+EliminateAutoBox -XX:+UseCompressedStrings -XX:+UseCompressedOops -XX:+EliminateLocks -XX:UseFastAccessorMethods -XX:+UseStringCache -XgcPrio:throughput -XXkeepAreaRatio:1 -XXlazyUnlocking -XXcallProfiling -XXcompactRatio:1 
java_command: <unknown>
java_class_path (initial): ../../data/sku.0/sys.server/compiled/game/
Launcher Type: generic

[Global flags]
     intx CICompilerCount                          = 3                                         {product} {ergonomic}
     uint ConcGCThreads                            = 1                                         {product} {ergonomic}
     uint G1ConcRefinementThreads                  = 4                                         {product} {ergonomic}
   size_t G1HeapRegionSize                         = 1048576                                   {product} {ergonomic}
    uintx GCDrainStackTargetSize                   = 64                                        {product} {ergonomic}
   size_t InitialHeapSize                          = 134217728                                 {product} {command line}
   size_t MarkStackSize                            = 32768                                     {product} {ergonomic}
   size_t MaxHeapSize                              = 536870912                                 {product} {command line}
   size_t MaxMetaspaceSize                         = 100663296                                 {product} {command line}
   size_t MaxNewSize                               = 321912832                                 {product} {ergonomic}
   size_t MinHeapDeltaBytes                        = 1048576                                   {product} {ergonomic}
   size_t MinHeapSize                              = 134217728                                 {product} {command line}
    uintx NonNMethodCodeHeapSize                   = 5544422                                {pd product} {ergonomic}
    uintx NonProfiledCodeHeapSize                  = 123056909                              {pd product} {ergonomic}
    uintx ProfiledCodeHeapSize                     = 123056909                              {pd product} {ergonomic}
    uintx ReservedCodeCacheSize                    = 251658240                              {pd product} {ergonomic}
     bool SegmentedCodeCache                       = true                                      {product} {ergonomic}
   size_t SoftMaxHeapSize                          = 536870912                              {manageable} {ergonomic}
   double SweeperThreshold                         = 0.500000                                  {product} {ergonomic}
     intx ThreadStackSize                          = 768                                    {pd product} {command line}
     bool UseG1GC                                  = true                                      {product} {ergonomic}

Logging:
Log output configuration:
 #0: stdout all=off uptime,level,tags
 #1: stderr all=off uptime,level,tags

Environment Variables:
JAVA_HOME=/usr/lib/jvm/zulu-17-x86
PATH=/usr/java/jdk1.7.0_80/bin:/usr/java/jdk1.7.0_80/bin:/usr/java/jdk1.6.0_45/bin:/usr/java/jdk1.6.0_45/bin:/usr/java/jdk1.6.0_45/bin:/home/almalinux/.local/bin:/home/almalinux/bin:/sbin:/bin:/usr/bin:/usr/local/bin:/usr/local/sbin:/usr/sbin:/usr/lib/oracle/18.3/client/bin:/usr/lib/oracle/18.3/client/bin:/usr/lib/jvm/java-11-openjdk/bin:./
LD_LIBRARY_PATH=/usr/lib/jvm/java-17-zulu-openjdk-jdk-x86/lib/server:/usr/lib/jvm/java-17-zulu-openjdk-jdk-x86/lib:/usr/lib/jvm/java-17-zulu-openjdk-jdk-x86/../lib:/usr/lib/jvm/zulu-17-x86/lib/server:/usr/lib/oracle/18.3/client/lib:/usr/include/oracle/18.3/client:/usr/lib/jvm/java-11-openjdk/lib:/usr/lib/jvm/java-11-openjdk/lib/server:./
SHELL=/bin/bash
DISPLAY=:10.0
LANG=en_US.UTF-8
TERM=xterm-256color

Active Locale:
LC_ALL=en_US.UTF-8
LC_COLLATE=en_US.UTF-8
LC_CTYPE=en_US.UTF-8
LC_MESSAGES=en_US.UTF-8
LC_MONETARY=en_US.UTF-8
LC_NUMERIC=en_US.UTF-8
LC_TIME=en_US.UTF-8

Signal Handlers:
   SIGSEGV: crash_handler in libjvm.so, mask=11100100010111111101111111111110, flags=SA_RESTART|SA_SIGINFO, unblocked
    SIGBUS: crash_handler in libjvm.so, mask=11100100010111111101111111111110, flags=SA_RESTART|SA_SIGINFO, unblocked
    SIGFPE: crash_handler in libjvm.so, mask=11100100010111111101111111111110, flags=SA_RESTART|SA_SIGINFO, unblocked
   SIGPIPE: SIG_IGN, mask=00000000000010000000000000000000, flags=SA_RESTART, blocked
  *** Handler was modified!
  *** Expected: javaSignalHandler in libjvm.so, mask=11100100110111111111111111111110, flags=SA_RESTART|SA_SIGINFO
   SIGXFSZ: javaSignalHandler in libjvm.so, mask=11100100010111111101111111111110, flags=SA_RESTART|SA_SIGINFO, blocked
    SIGILL: crash_handler in libjvm.so, mask=11100100010111111101111111111110, flags=SA_RESTART|SA_SIGINFO, unblocked
   SIGUSR2: SR_handler in libjvm.so, mask=00100000000000000000000000000000, flags=SA_RESTART|SA_SIGINFO, blocked
    SIGHUP: UserHandler in libjvm.so, mask=11100100010111111101111111111110, flags=SA_RESTART|SA_SIGINFO, blocked
    SIGINT: UserHandler in libjvm.so, mask=11100100010111111101111111111110, flags=SA_RESTART|SA_SIGINFO, blocked
   SIGTERM: UserHandler in libjvm.so, mask=11100100010111111101111111111110, flags=SA_RESTART|SA_SIGINFO, blocked
   SIGQUIT: UserHandler in libjvm.so, mask=11100100010111111101111111111110, flags=SA_RESTART|SA_SIGINFO, blocked
   SIGTRAP: crash_handler in libjvm.so, mask=11100100010111111101111111111110, flags=SA_RESTART|SA_SIGINFO, unblocked


Periodic native trim disabled


---------------  S Y S T E M  ---------------

OS:
AlmaLinux release 8.10 (Cerulean Leopard)
uname: Linux 4.18.0-553.81.1.el8_10.x86_64 #1 SMP Mon Oct 27 11:29:19 EDT 2025 x86_64
OS uptime: 33 days 16:28 hours
libc: glibc 2.28 NPTL 2.28 
rlimit (soft/hard): STACK 8192k/infinity , CORE 0k/infinity , NPROC 61995/61995 , NOFILE 262144/262144 , AS infinity/infinity , CPU infinity/infinity , DATA infinity/infinity , FSIZE infinity/infinity , MEMLOCK 64k/64k
load average: 62.05 47.35 36.40

/proc/meminfo:
MemTotal:       16014448 kB
MemFree:         7503872 kB
MemAvailable:    8829752 kB
Buffers:             968 kB
Cached:          3527548 kB
SwapCached:        52180 kB
Active:          2611784 kB
Inactive:        5374148 kB
Active(anon):    2060132 kB
Inactive(anon):  4567788 kB
Active(file):     551652 kB
Inactive(file):   806360 kB
Unevictable:        3104 kB
Mlocked:              16 kB
SwapTotal:       8388604 kB
SwapFree:        6772792 kB
Dirty:              2260 kB
Writeback:             0 kB
AnonPages:       4425272 kB
Mapped:          1609992 kB
Shmem:           2170500 kB
KReclaimable:     144912 kB
Slab:             267816 kB
SReclaimable:     144912 kB
SUnreclaim:       122904 kB
KernelStack:       17700 kB
PageTables:       144192 kB
NFS_Unstable:          0 kB
Bounce:                0 kB
WritebackTmp:          0 kB
CommitLimit:    16395828 kB
Committed_AS:   17139580 kB
VmallocTotal:   34359738367 kB
VmallocUsed:       64740 kB
VmallocChunk:          0 kB
Percpu:             2704 kB
HardwareCorrupted:     0 kB
AnonHugePages:         0 kB
ShmemHugePages:        0 kB
ShmemPmdMapped:        0 kB
FileHugePages:         0 kB
FilePmdMapped:         0 kB
HugePages_Total:       0
HugePages_Free:        0
HugePages_Rsvd:        0
HugePages_Surp:        0
Hugepagesize:       2048 kB
Hugetlb:               0 kB
DirectMap4k:     2565996 kB
DirectMap2M:    13817856 kB

/sys/kernel/mm/transparent_hugepage/enabled: always madvise [never]
/sys/kernel/mm/transparent_hugepage/hpage_pmd_size: 2097152
/sys/kernel/mm/transparent_hugepage/defrag (defrag/compaction efforts parameter): always defer defer+madvise [madvise] never

Process Memory:
Virtual Size: 1243852K (peak: 1256436K)
Resident Set Size: 475124K (peak: 485672K) (anon: 441712K, file: 33412K, shmem: 0K)
Swapped out: 0K
C-Heap outstanding allocations: 25072K, retained: 308067K
glibc malloc tunables: (default)

/proc/sys/kernel/threads-max (system-wide limit on the number of threads): 123991
/proc/sys/vm/max_map_count (maximum number of memory map areas a process may have): 1677720
/proc/sys/kernel/pid_max (system-wide limit on number of process identifiers): 4194304

container (cgroup) information:
container_type: cgroupv1
cpu_cpuset_cpus: 0-3
cpu_memory_nodes: 0
active_processor_count: 4
cpu_quota: no quota
cpu_period: 100000
cpu_shares: no shares
memory_limit_in_bytes: unlimited
memory_and_swap_limit_in_bytes: unlimited
memory_soft_limit_in_bytes: unlimited
memory_usage_in_bytes: 7151540 k
memory_max_usage_in_bytes: 14783012 k
kernel_memory_usage_in_bytes: 186332 k
kernel_memory_max_usage_in_bytes: unlimited
kernel_memory_limit_in_bytes: 985464 k
maximum number of tasks: unlimited
current number of tasks: 310

KVM virtualization detected
Steal ticks since vm start: 153
Steal ticks percentage since vm start:  0.000

CPU: total 4 (initial active 4) (1 cores per cpu, 1 threads per core) family 6 model 60 stepping 1 microcode 0x1, cx8, cmov, fxsr, mmx, sse, sse2, sse3, ssse3, sse4.1, sse4.2, popcnt, lzcnt, tsc, avx, avx2, aes, erms, clmul, bmi1, bmi2, fma, vzeroupper, clflush, hv
CPU Model and flags from /proc/cpuinfo:
model name	: Intel Core Processor (Haswell, no TSX)
flags		: fpu vme de pse tsc msr pae mce cx8 apic sep mtrr pge mca cmov pat pse36 clflush mmx fxsr sse sse2 syscall nx rdtscp lm constant_tsc rep_good nopl xtopology cpuid tsc_known_freq pni pclmulqdq vmx ssse3 fma cx16 pcid sse4_1 sse4_2 x2apic movbe popcnt tsc_deadline_timer aes xsave avx f16c rdrand hypervisor lahf_lm abm cpuid_fault invpcid_single pti tpr_shadow vnmi flexpriority ept vpid ept_ad fsgsbase bmi1 avx2 smep bmi2 erms invpcid xsaveopt arat md_clear

Online cpus: 0-3
Offline cpus: 
BIOS frequency limitation: <Not Available>
Frequency switch latency (ns): <Not Available>
Available cpu frequencies: <Not Available>
Current governor: <Not Available>
Core performance/turbo boost: <Not Available>

Memory: 4k page, physical 16014448k(7726956k free), swap 8388604k(6772792k free)
Page Sizes: 4k

vm_info: OpenJDK Server VM (17.0.11+9-LTS) for linux-x86 JRE (17.0.11+9-LTS) (Zulu17.50+19-CA), built on Apr  9 2024 07:14:46 by "zulu_re" with gcc 8.3.0

END.
