#
# A fatal error has been detected by the Java Runtime Environment:
#
#  SIGSEGV (0xb) at pc=0xf78b9618, pid=6401, tid=6401
#
# JRE version: OpenJDK Runtime Environment Zulu17.50+19-CA (17.0.11+9) (build 17.0.11+9-LTS)
# Java VM: OpenJDK Server VM Zulu17.50+19-CA (17.0.11+9-LTS, mixed mode, sharing, tiered, g1 gc, linux-x86)
# Problematic frame:
# C  [libc.so.6+0x84618]  cfree+0x28
#
# Core dump will be written. Default location: Core dumps may be processed with "/usr/lib/systemd/systemd-coredump %P %u %g %s %t %c %h %e" (or dumping to /home/almalinux/swg-returns-nge/exe/linux/core.6401)
#
# If you would like to submit a bug report, please visit:
#   http://www.azul.com/support/
#

---------------  S U M M A R Y ------------

Command Line: -Xms128m -Xmx512m -Xss768k -XX:MaxMetaspaceSize=96m -Xrs -XX:-UsePerfData -XX:-AllowUserSignalHandlers -XX:UseSSE=3 -XX+DoEscapeAnalysis -XX:AutoBoxCacheMax:2000 -XX:+OptimizeStringConcat -XX:+OptimizeFill -XX:+EliminateAutoBox -XX:+UseCompressedStrings -XX:+UseCompressedOops -XX:+EliminateLocks -XX:UseFastAccessorMethods -XX:+UseStringCache -XgcPrio:throughput -XXkeepAreaRatio:1 -XXlazyUnlocking -XXcallProfiling -XXcompactRatio:1 

Host: Intel Core Processor (Haswell, no TSX), 4 cores, 15G, AlmaLinux release 8.10 (Cerulean Leopard)
Time: Sun Jan 25 22:06:49 2026 UTC elapsed time: 4203.586545 seconds (0d 1h 10m 3s)

---------------  T H R E A D  ---------------

Current thread is native thread

Stack: [0xffd53000,0xffe13000],  sp=0xffe11180,  free space=760k
Native frames: (J=compiled Java code, j=interpreted, Vv=VM code, C=native code)
C  [libc.so.6+0x84618]  cfree+0x28


siginfo: si_signo: 11 (SIGSEGV), si_code: 1 (SEGV_MAPERR), si_addr: 0x00000003

Registers:
EAX=0x00000000, EBX=0x00000007, ECX=0xf6ef784c, EDX=0x0a4edd88
ESP=0xffe11180, EBP=0xffe112b8, ESI=0xf79da000, EDI=0x00000000
EIP=0xf78b9618, EFLAGS=0x00210202, CR2=0x0000000000000003


Top of Stack: (sp=0xffe11180)
0xffe11180:   0a171010 00000000 ffe112b8 f7b46f1c
0xffe11190:   0a1710a0 f7c5da04 0a4edd60 f7b46f1c
0xffe111a0:   00000007 f7b46f0a f7c5da04 f7b46f4c
0xffe111b0:   0a1710a0 f7b46f0a 0a4f1b00 085b6163
0xffe111c0:   00000007 0a171010 0a170d20 085bb8d1
0xffe111d0:   0a171010 0a170d20 00000000 085bb89b
0xffe111e0:   0b990070 ffe11207 ffe1122c 085c6969
0xffe111f0:   087d6c00 ffe1122c ffe112b8 084fc53b
0xffe11200:   00000014 00010002 00000000 00000000
0xffe11210:   01010100 00000001 09aa44c0 00000000
0xffe11220:   00000000 00000000 00000000 00000000
0xffe11230:   00000000 00000012 ffe11388 f786a6ff
0xffe11240:   f79da41c 47677753 53656d61 65767265
0xffe11250:   34363a72 0a003130 09290100 0a4d3120
0xffe11260:   08ea0100 08ebc230 08ea5888 f79da41c
0xffe11270:   00000428 00000420 f786a779 085758fd
0xffe11280:   08ea2a80 09b1ea78 08ea5888 08574f56
0xffe11290:   0929a2c4 0929a2c4 ffe11388 08ea583b
0xffe112a0:   0000000c ffe11354 ffe112d0 f79da000
0xffe112b0:   00000000 08575910 00000000 f7852f26
0xffe112c0:   00000000 08575910 00000000 f7852f26
0xffe112d0:   0000000c ffe11354 ffe11388 ffe112f4
0xffe112e0:   0929a2d0 00000000 ffe11388 f79da000
0xffe112f0:   f784275c f79da000 00000000 08575910
0xffe11300:   00000000 09b5d387 c1cdbb97 00000000
0xffe11310:   00000000 00000000 f7f594d0 f7852e30
0xffe11320:   084fc260 0929a2c4 0000000c 08575946
0xffe11330:   084fc260 0000000c ffe11354 08ea57f0
0xffe11340:   08ea5850 f7f594d0 ffe1134c f7f86970
0xffe11350:   0000000c ffe1162e ffe11640 ffe11643
0xffe11360:   ffe11655 ffe11658 ffe11663 ffe11687
0xffe11370:   ffe11697 ffe116a5 ffe116c3 ffe116c6 

Instructions: (pc=0xf78b9618)
0xf78b9518:   50 8d 96 86 f7 fa ff 8d 86 d0 2f fb ff e8 c6 b7
0xf78b9528:   ff ff 8d b6 00 00 00 00 bb 20 00 00 00 e9 5e fe
0xf78b9538:   ff ff e8 a1 c0 ff ff 89 c5 85 c0 0f 85 68 ff ff
0xf78b9548:   ff 31 d2 8d 44 3b 10 e8 8c c1 ff ff 89 da 89 f9
0xf78b9558:   89 c5 e8 11 f0 ff ff 89 c2 85 c0 75 1b 85 ed 74
0xf78b9568:   17 90 89 fa 89 e8 e8 bd c5 ff ff 89 da 89 f9 89
0xf78b9578:   c5 e8 f2 ef ff ff 89 c2 85 ed 0f 84 57 ff ff ff
0xf78b9588:   e9 39 ff ff ff 8d 86 b8 31 fb ff 83 ec 0c b9 25
0xf78b9598:   0d 00 00 50 8d 96 86 f7 fa ff 8d 86 74 2f fb ff
0xf78b95a8:   e8 43 b7 ff ff 8d 76 00 f3 0f 1e fb e8 0a 9a f9
0xf78b95b8:   ff 05 47 0a 12 00 56 53 83 ec 04 8b 5c 24 10 8b
0xf78b95c8:   74 24 14 8b 80 50 ff ff ff c7 00 00 00 00 00 e8
0xf78b95d8:   54 bb ff ff 8b 4c 24 0c 83 c4 04 89 f2 89 d8 5b
0xf78b95e8:   5e e9 42 fd ff ff 66 90 f3 0f 1e fb 56 e8 9a 9b
0xf78b95f8:   f9 ff 81 c6 06 0a 12 00 53 83 ec 14 8b 5c 24 20
0xf78b9608:   8b 86 5c ff ff ff 8b 00 85 c0 75 6c 85 db 74 75
0xf78b9618:   8b 4b fc 8d 53 f8 f6 c1 02 75 35 8b 86 70 fe ff
0xf78b9628:   ff 65 8b 00 85 c0 0f 84 8c 00 00 00 83 e1 04 8d
0xf78b9638:   86 60 07 00 00 74 09 89 d0 25 00 00 f0 ff 8b 00
0xf78b9648:   83 c4 14 31 c9 5b 5e e9 8c cb ff ff 8d 74 26 00
0xf78b9658:   8b 9e 60 01 00 00 85 db 75 10 3b 8e 48 01 00 00
0xf78b9668:   76 08 81 f9 00 00 08 00 76 26 83 c4 14 89 d0 5b
0xf78b9678:   5e e9 92 b8 ff ff 66 90 83 ec 08 ff 74 24 24 53
0xf78b9688:   ff d0 83 c4 10 83 c4 14 5b 5e c3 8d 74 26 00 90
0xf78b9698:   39 96 80 1d 00 00 77 08 39 96 7c 1d 00 00 77 ca
0xf78b96a8:   83 e1 f8 8d 04 09 89 8e 48 01 00 00 89 86 40 01
0xf78b96b8:   00 00 90 eb b5 8d 76 00 8b 86 74 fe ff ff 65 80
0xf78b96c8:   38 00 0f 85 64 ff ff ff 89 54 24 0c e8 97 ed ff
0xf78b96d8:   ff 8b 4b fc 8b 54 24 0c e9 4f ff ff ff 8d b4 26
0xf78b96e8:   00 00 00 00 8d 74 26 00 f3 0f 1e fb 55 57 56 e8
0xf78b96f8:   98 9a f9 ff 81 c6 04 09 12 00 53 83 ec 0c 8b 86
0xf78b9708:   70 fe ff ff 8b 96 74 fe ff ff 65 8b 28 65 c6 02 



---------------  P R O C E S S  ---------------

VM state: at safepoint (shutting down)

VM Mutex/Monitor currently owned by a thread:  ([mutex/lock_event])
[0xf5e21d30] Threads_lock - owner thread: 0xc4294cf0

GC Precious Log:
<Skipped>

Heap:
 garbage-first heap   total 131072K, used 29612K [0xc5c00000, 0xe5c00000)
  region size 1024K, 11 young (11264K), 7 survivors (7168K)
 Metaspace       used 10557K, committed 12032K, reserved 16384K

Heap Regions: E=young(eden), S=young(survivor), O=old, HS=humongous(starts), HC=humongous(continues), CS=collection set, F=free, OA=open archive, CA=closed archive, TAMS=top-at-mark-start (previous, next)
|   0|0xc5c00000, 0xc5d00000, 0xc5d00000|100%| O|  |TAMS 0xc5c00000, 0xc5c00000| Untracked 
|   1|0xc5d00000, 0xc5e00000, 0xc5e00000|100%| O|  |TAMS 0xc5d00000, 0xc5d00000| Untracked 
|   2|0xc5e00000, 0xc5f00000, 0xc5f00000|100%| O|  |TAMS 0xc5e00000, 0xc5e00000| Untracked 
|   3|0xc5f00000, 0xc6000000, 0xc6000000|100%| O|  |TAMS 0xc5f00000, 0xc5f00000| Untracked 
|   4|0xc6000000, 0xc6100000, 0xc6100000|100%| O|  |TAMS 0xc6000000, 0xc6000000| Untracked 
|   5|0xc6100000, 0xc6200000, 0xc6200000|100%| O|  |TAMS 0xc6100000, 0xc6100000| Untracked 
|   6|0xc6200000, 0xc6300000, 0xc6300000|100%| O|  |TAMS 0xc6200000, 0xc6200000| Untracked 
|   7|0xc6300000, 0xc6400000, 0xc6400000|100%| O|  |TAMS 0xc6300000, 0xc6300000| Untracked 
|   8|0xc6400000, 0xc6500000, 0xc6500000|100%| O|  |TAMS 0xc6400000, 0xc6400000| Untracked 
|   9|0xc6500000, 0xc6600000, 0xc6600000|100%| O|  |TAMS 0xc6500000, 0xc6500000| Untracked 
|  10|0xc6600000, 0xc6700000, 0xc6700000|100%| O|  |TAMS 0xc6600000, 0xc6600000| Untracked 
|  11|0xc6700000, 0xc6800000, 0xc6800000|100%| O|  |TAMS 0xc6700000, 0xc6700000| Untracked 
|  12|0xc6800000, 0xc6900000, 0xc6900000|100%| O|  |TAMS 0xc6800000, 0xc6800000| Untracked 
|  13|0xc6900000, 0xc6a00000, 0xc6a00000|100%| O|  |TAMS 0xc6900000, 0xc6900000| Untracked 
|  14|0xc6a00000, 0xc6b00000, 0xc6b00000|100%| O|  |TAMS 0xc6a00000, 0xc6a00000| Untracked 
|  15|0xc6b00000, 0xc6c00000, 0xc6c00000|100%| O|  |TAMS 0xc6b00000, 0xc6b00000| Untracked 
|  16|0xc6c00000, 0xc6d00000, 0xc6d00000|100%| O|  |TAMS 0xc6c00000, 0xc6c00000| Untracked 
|  17|0xc6d00000, 0xc6e00000, 0xc6e00000|100%| O|  |TAMS 0xc6d00000, 0xc6d00000| Untracked 
|  18|0xc6e00000, 0xc6eeae00, 0xc6f00000| 91%| O|  |TAMS 0xc6e00000, 0xc6e00000| Untracked 
|  19|0xc6f00000, 0xc6f00000, 0xc7000000|  0%| F|  |TAMS 0xc6f00000, 0xc6f00000| Untracked 
|  20|0xc7000000, 0xc7000000, 0xc7100000|  0%| F|  |TAMS 0xc7000000, 0xc7000000| Untracked 
|  21|0xc7100000, 0xc7100000, 0xc7200000|  0%| F|  |TAMS 0xc7100000, 0xc7100000| Untracked 
|  22|0xc7200000, 0xc7200000, 0xc7300000|  0%| F|  |TAMS 0xc7200000, 0xc7200000| Untracked 
|  23|0xc7300000, 0xc7300000, 0xc7400000|  0%| F|  |TAMS 0xc7300000, 0xc7300000| Untracked 
|  24|0xc7400000, 0xc7400000, 0xc7500000|  0%| F|  |TAMS 0xc7400000, 0xc7400000| Untracked 
|  25|0xc7500000, 0xc7500000, 0xc7600000|  0%| F|  |TAMS 0xc7500000, 0xc7500000| Untracked 
|  26|0xc7600000, 0xc7600000, 0xc7700000|  0%| F|  |TAMS 0xc7600000, 0xc7600000| Untracked 
|  27|0xc7700000, 0xc7700000, 0xc7800000|  0%| F|  |TAMS 0xc7700000, 0xc7700000| Untracked 
|  28|0xc7800000, 0xc7800000, 0xc7900000|  0%| F|  |TAMS 0xc7800000, 0xc7800000| Untracked 
|  29|0xc7900000, 0xc7900000, 0xc7a00000|  0%| F|  |TAMS 0xc7900000, 0xc7900000| Untracked 
|  30|0xc7a00000, 0xc7a00000, 0xc7b00000|  0%| F|  |TAMS 0xc7a00000, 0xc7a00000| Untracked 
|  31|0xc7b00000, 0xc7b00000, 0xc7c00000|  0%| F|  |TAMS 0xc7b00000, 0xc7b00000| Untracked 
|  32|0xc7c00000, 0xc7c00000, 0xc7d00000|  0%| F|  |TAMS 0xc7c00000, 0xc7c00000| Untracked 
|  33|0xc7d00000, 0xc7d00000, 0xc7e00000|  0%| F|  |TAMS 0xc7d00000, 0xc7d00000| Untracked 
|  34|0xc7e00000, 0xc7e00000, 0xc7f00000|  0%| F|  |TAMS 0xc7e00000, 0xc7e00000| Untracked 
|  35|0xc7f00000, 0xc7f00000, 0xc8000000|  0%| F|  |TAMS 0xc7f00000, 0xc7f00000| Untracked 
|  36|0xc8000000, 0xc8000000, 0xc8100000|  0%| F|  |TAMS 0xc8000000, 0xc8000000| Untracked 
|  37|0xc8100000, 0xc8100000, 0xc8200000|  0%| F|  |TAMS 0xc8100000, 0xc8100000| Untracked 
|  38|0xc8200000, 0xc8200000, 0xc8300000|  0%| F|  |TAMS 0xc8200000, 0xc8200000| Untracked 
|  39|0xc8300000, 0xc8300000, 0xc8400000|  0%| F|  |TAMS 0xc8300000, 0xc8300000| Untracked 
|  40|0xc8400000, 0xc8400000, 0xc8500000|  0%| F|  |TAMS 0xc8400000, 0xc8400000| Untracked 
|  41|0xc8500000, 0xc8500000, 0xc8600000|  0%| F|  |TAMS 0xc8500000, 0xc8500000| Untracked 
|  42|0xc8600000, 0xc8600000, 0xc8700000|  0%| F|  |TAMS 0xc8600000, 0xc8600000| Untracked 
|  43|0xc8700000, 0xc8700000, 0xc8800000|  0%| F|  |TAMS 0xc8700000, 0xc8700000| Untracked 
|  44|0xc8800000, 0xc8800000, 0xc8900000|  0%| F|  |TAMS 0xc8800000, 0xc8800000| Untracked 
|  45|0xc8900000, 0xc8900000, 0xc8a00000|  0%| F|  |TAMS 0xc8900000, 0xc8900000| Untracked 
|  46|0xc8a00000, 0xc8a00000, 0xc8b00000|  0%| F|  |TAMS 0xc8a00000, 0xc8a00000| Untracked 
|  47|0xc8b00000, 0xc8bffc78, 0xc8c00000| 99%| S|CS|TAMS 0xc8b00000, 0xc8b00000| Complete 
|  48|0xc8c00000, 0xc8d00000, 0xc8d00000|100%| S|CS|TAMS 0xc8c00000, 0xc8c00000| Complete 
|  49|0xc8d00000, 0xc8e00000, 0xc8e00000|100%| S|CS|TAMS 0xc8d00000, 0xc8d00000| Complete 
|  50|0xc8e00000, 0xc8f00000, 0xc8f00000|100%| S|CS|TAMS 0xc8e00000, 0xc8e00000| Complete 
|  51|0xc8f00000, 0xc9000000, 0xc9000000|100%| S|CS|TAMS 0xc8f00000, 0xc8f00000| Complete 
|  52|0xc9000000, 0xc9000000, 0xc9100000|  0%| F|  |TAMS 0xc9000000, 0xc9000000| Untracked 
|  53|0xc9100000, 0xc9100000, 0xc9200000|  0%| F|  |TAMS 0xc9100000, 0xc9100000| Untracked 
|  54|0xc9200000, 0xc9200000, 0xc9300000|  0%| F|  |TAMS 0xc9200000, 0xc9200000| Untracked 
|  55|0xc9300000, 0xc9300000, 0xc9400000|  0%| F|  |TAMS 0xc9300000, 0xc9300000| Untracked 
|  56|0xc9400000, 0xc9400000, 0xc9500000|  0%| F|  |TAMS 0xc9400000, 0xc9400000| Untracked 
|  57|0xc9500000, 0xc9500000, 0xc9600000|  0%| F|  |TAMS 0xc9500000, 0xc9500000| Untracked 
|  58|0xc9600000, 0xc9700000, 0xc9700000|100%| S|CS|TAMS 0xc9600000, 0xc9600000| Complete 
|  59|0xc9700000, 0xc9800000, 0xc9800000|100%| S|CS|TAMS 0xc9700000, 0xc9700000| Complete 
|  60|0xc9800000, 0xc9800000, 0xc9900000|  0%| F|  |TAMS 0xc9800000, 0xc9800000| Untracked 
|  61|0xc9900000, 0xc9900000, 0xc9a00000|  0%| F|  |TAMS 0xc9900000, 0xc9900000| Untracked 
|  62|0xc9a00000, 0xc9a00000, 0xc9b00000|  0%| F|  |TAMS 0xc9a00000, 0xc9a00000| Untracked 
|  63|0xc9b00000, 0xc9b00000, 0xc9c00000|  0%| F|  |TAMS 0xc9b00000, 0xc9b00000| Untracked 
|  64|0xc9c00000, 0xc9c00000, 0xc9d00000|  0%| F|  |TAMS 0xc9c00000, 0xc9c00000| Untracked 
|  65|0xc9d00000, 0xc9d00000, 0xc9e00000|  0%| F|  |TAMS 0xc9d00000, 0xc9d00000| Untracked 
|  66|0xc9e00000, 0xc9e00000, 0xc9f00000|  0%| F|  |TAMS 0xc9e00000, 0xc9e00000| Untracked 
|  67|0xc9f00000, 0xc9f00000, 0xca000000|  0%| F|  |TAMS 0xc9f00000, 0xc9f00000| Untracked 
|  68|0xca000000, 0xca000000, 0xca100000|  0%| F|  |TAMS 0xca000000, 0xca000000| Untracked 
|  69|0xca100000, 0xca100000, 0xca200000|  0%| F|  |TAMS 0xca100000, 0xca100000| Untracked 
|  70|0xca200000, 0xca200000, 0xca300000|  0%| F|  |TAMS 0xca200000, 0xca200000| Untracked 
|  71|0xca300000, 0xca300000, 0xca400000|  0%| F|  |TAMS 0xca300000, 0xca300000| Untracked 
|  72|0xca400000, 0xca400000, 0xca500000|  0%| F|  |TAMS 0xca400000, 0xca400000| Untracked 
|  73|0xca500000, 0xca500000, 0xca600000|  0%| F|  |TAMS 0xca500000, 0xca500000| Untracked 
|  74|0xca600000, 0xca600000, 0xca700000|  0%| F|  |TAMS 0xca600000, 0xca600000| Untracked 
|  75|0xca700000, 0xca700000, 0xca800000|  0%| F|  |TAMS 0xca700000, 0xca700000| Untracked 
|  76|0xca800000, 0xca800000, 0xca900000|  0%| F|  |TAMS 0xca800000, 0xca800000| Untracked 
|  77|0xca900000, 0xca900000, 0xcaa00000|  0%| F|  |TAMS 0xca900000, 0xca900000| Untracked 
|  78|0xcaa00000, 0xcaa00000, 0xcab00000|  0%| F|  |TAMS 0xcaa00000, 0xcaa00000| Untracked 
|  79|0xcab00000, 0xcab00000, 0xcac00000|  0%| F|  |TAMS 0xcab00000, 0xcab00000| Untracked 
|  80|0xcac00000, 0xcac00000, 0xcad00000|  0%| F|  |TAMS 0xcac00000, 0xcac00000| Untracked 
|  81|0xcad00000, 0xcad00000, 0xcae00000|  0%| F|  |TAMS 0xcad00000, 0xcad00000| Untracked 
|  82|0xcae00000, 0xcae00000, 0xcaf00000|  0%| F|  |TAMS 0xcae00000, 0xcae00000| Untracked 
|  83|0xcaf00000, 0xcaf00000, 0xcb000000|  0%| F|  |TAMS 0xcaf00000, 0xcaf00000| Untracked 
|  84|0xcb000000, 0xcb000000, 0xcb100000|  0%| F|  |TAMS 0xcb000000, 0xcb000000| Untracked 
|  85|0xcb100000, 0xcb100000, 0xcb200000|  0%| F|  |TAMS 0xcb100000, 0xcb100000| Untracked 
|  86|0xcb200000, 0xcb200000, 0xcb300000|  0%| F|  |TAMS 0xcb200000, 0xcb200000| Untracked 
|  87|0xcb300000, 0xcb300000, 0xcb400000|  0%| F|  |TAMS 0xcb300000, 0xcb300000| Untracked 
|  88|0xcb400000, 0xcb400000, 0xcb500000|  0%| F|  |TAMS 0xcb400000, 0xcb400000| Untracked 
|  89|0xcb500000, 0xcb500000, 0xcb600000|  0%| F|  |TAMS 0xcb500000, 0xcb500000| Untracked 
|  90|0xcb600000, 0xcb600000, 0xcb700000|  0%| F|  |TAMS 0xcb600000, 0xcb600000| Untracked 
|  91|0xcb700000, 0xcb700000, 0xcb800000|  0%| F|  |TAMS 0xcb700000, 0xcb700000| Untracked 
|  92|0xcb800000, 0xcb800000, 0xcb900000|  0%| F|  |TAMS 0xcb800000, 0xcb800000| Untracked 
|  93|0xcb900000, 0xcb900000, 0xcba00000|  0%| F|  |TAMS 0xcb900000, 0xcb900000| Untracked 
|  94|0xcba00000, 0xcba00000, 0xcbb00000|  0%| F|  |TAMS 0xcba00000, 0xcba00000| Untracked 
|  95|0xcbb00000, 0xcbb00000, 0xcbc00000|  0%| F|  |TAMS 0xcbb00000, 0xcbb00000| Untracked 
|  96|0xcbc00000, 0xcbc00000, 0xcbd00000|  0%| F|  |TAMS 0xcbc00000, 0xcbc00000| Untracked 
|  97|0xcbd00000, 0xcbd00000, 0xcbe00000|  0%| F|  |TAMS 0xcbd00000, 0xcbd00000| Untracked 
|  98|0xcbe00000, 0xcbe00000, 0xcbf00000|  0%| F|  |TAMS 0xcbe00000, 0xcbe00000| Untracked 
|  99|0xcbf00000, 0xcbf00000, 0xcc000000|  0%| F|  |TAMS 0xcbf00000, 0xcbf00000| Untracked 
| 100|0xcc000000, 0xcc000000, 0xcc100000|  0%| F|  |TAMS 0xcc000000, 0xcc000000| Untracked 
| 101|0xcc100000, 0xcc100000, 0xcc200000|  0%| F|  |TAMS 0xcc100000, 0xcc100000| Untracked 
| 102|0xcc200000, 0xcc200000, 0xcc300000|  0%| F|  |TAMS 0xcc200000, 0xcc200000| Untracked 
| 103|0xcc300000, 0xcc300000, 0xcc400000|  0%| F|  |TAMS 0xcc300000, 0xcc300000| Untracked 
| 104|0xcc400000, 0xcc400000, 0xcc500000|  0%| F|  |TAMS 0xcc400000, 0xcc400000| Untracked 
| 105|0xcc500000, 0xcc500000, 0xcc600000|  0%| F|  |TAMS 0xcc500000, 0xcc500000| Untracked 
| 106|0xcc600000, 0xcc600000, 0xcc700000|  0%| F|  |TAMS 0xcc600000, 0xcc600000| Untracked 
| 107|0xcc700000, 0xcc700000, 0xcc800000|  0%| F|  |TAMS 0xcc700000, 0xcc700000| Untracked 
| 108|0xcc800000, 0xcc800000, 0xcc900000|  0%| F|  |TAMS 0xcc800000, 0xcc800000| Untracked 
| 109|0xcc900000, 0xcc900000, 0xcca00000|  0%| F|  |TAMS 0xcc900000, 0xcc900000| Untracked 
| 110|0xcca00000, 0xcca00000, 0xccb00000|  0%| F|  |TAMS 0xcca00000, 0xcca00000| Untracked 
| 111|0xccb00000, 0xccb00000, 0xccc00000|  0%| F|  |TAMS 0xccb00000, 0xccb00000| Untracked 
| 112|0xccc00000, 0xccc00000, 0xccd00000|  0%| F|  |TAMS 0xccc00000, 0xccc00000| Untracked 
| 113|0xccd00000, 0xccd00000, 0xcce00000|  0%| F|  |TAMS 0xccd00000, 0xccd00000| Untracked 
| 114|0xcce00000, 0xcce00000, 0xccf00000|  0%| F|  |TAMS 0xcce00000, 0xcce00000| Untracked 
| 115|0xccf00000, 0xccf00000, 0xcd000000|  0%| F|  |TAMS 0xccf00000, 0xccf00000| Untracked 
| 116|0xcd000000, 0xcd000000, 0xcd100000|  0%| F|  |TAMS 0xcd000000, 0xcd000000| Untracked 
| 117|0xcd100000, 0xcd100000, 0xcd200000|  0%| F|  |TAMS 0xcd100000, 0xcd100000| Untracked 
| 118|0xcd200000, 0xcd200000, 0xcd300000|  0%| F|  |TAMS 0xcd200000, 0xcd200000| Untracked 
| 119|0xcd300000, 0xcd300000, 0xcd400000|  0%| F|  |TAMS 0xcd300000, 0xcd300000| Untracked 
| 120|0xcd400000, 0xcd400000, 0xcd500000|  0%| F|  |TAMS 0xcd400000, 0xcd400000| Untracked 
| 121|0xcd500000, 0xcd500000, 0xcd600000|  0%| F|  |TAMS 0xcd500000, 0xcd500000| Untracked 
| 122|0xcd600000, 0xcd600000, 0xcd700000|  0%| F|  |TAMS 0xcd600000, 0xcd600000| Untracked 
| 123|0xcd700000, 0xcd700000, 0xcd800000|  0%| F|  |TAMS 0xcd700000, 0xcd700000| Untracked 
| 124|0xcd800000, 0xcd800800, 0xcd900000|  0%| E|  |TAMS 0xcd800000, 0xcd800000| Complete 
| 125|0xcd900000, 0xcda00000, 0xcda00000|100%| E|CS|TAMS 0xcd900000, 0xcd900000| Complete 
| 126|0xcda00000, 0xcdb00000, 0xcdb00000|100%| E|CS|TAMS 0xcda00000, 0xcda00000| Complete 
| 127|0xcdb00000, 0xcdc00000, 0xcdc00000|100%| E|CS|TAMS 0xcdb00000, 0xcdb00000| Complete 

Card table byte_map: [0xc5a00000,0xc5b00000] _byte_map_base: 0xc53d2000

Marking Bits (Prev, Next): (CMBitMap*) 0xf5e8b528, (CMBitMap*) 0xf5e8b548
 Prev Bits: [0xc5100000, 0xc5900000)
 Next Bits: [0xc4900000, 0xc5100000)

Polling page: 0xf7f4b000

Metaspace:

Usage:
   10.31 MB used.

Virtual space:
     16.00 MB reserved,      11.75 MB ( 73%) committed,  1 nodes.

Chunk freelists:
2.03 MB

MaxMetaspaceSize: 96.00 MB
No class space
Initial GC threshold: 16.00 MB
Current GC threshold: 16.00 MB
CDS: on
MetaspaceReclaimPolicy: balanced
 - commit_granule_bytes: 65536.
 - commit_granule_words: 16384.
 - virtual_space_node_default_size: 4194304.
 - enlarge_chunks_in_place: 1.
 - new_chunks_are_fully_committed: 0.
 - uncommit_free_chunks: 1.
 - use_allocation_guard: 0.
 - handle_deallocations: 1.


Internal statistics:

num_allocs_failed_limit: 0.
num_arena_births: 882.
num_arena_deaths: 0.
num_vsnodes_births: 1.
num_vsnodes_deaths: 0.
num_space_committed: 188.
num_space_uncommitted: 0.
num_chunks_returned_to_freelist: 0.
num_chunks_taken_from_freelist: 1547.
num_chunk_merges: 0.
num_chunk_splits: 1110.
num_chunks_enlarged: 765.
num_inconsistent_stats: 0.

CodeHeap 'non-profiled nmethods': size=120172Kb used=1865Kb max_used=1865Kb free=118306Kb
 bounds [0xed7f5000, 0xeda35000, 0xf4d50000]
CodeHeap 'profiled nmethods': size=120172Kb used=5447Kb max_used=5447Kb free=114725Kb
 bounds [0xe5d50000, 0xe62a8000, 0xed2ab000]
CodeHeap 'non-nmethods': size=5416Kb used=751Kb max_used=803Kb free=4664Kb
 bounds [0xed2ab000, 0xed4eb000, 0xed7f5000]
 total_blobs=3038 nmethods=2672 adapters=280
 compilation: enabled
              stopped_count=0, restarted_count=0
 full_count=0

Compilation events (20 events):
Event: 3541.598 Thread 0xc429f450 2666       4       java.io.ObjectStreamClass::getVariantFor (51 bytes)
Event: 3541.599 Thread 0xc429f450 nmethod 2666 0xed9c4188 code [0xed9c42a0, 0xed9c4330]
Event: 3546.827 Thread 0xc429f450 2667       4       java.util.HashMap$KeySet::iterator (12 bytes)
Event: 3546.831 Thread 0xc429f450 nmethod 2667 0xed9c4488 code [0xed9c45c0, 0xed9c4830]
Event: 3661.757 Thread 0xc42a0580 2669       2       java.util.ArrayList::toArray (57 bytes)
Event: 3661.757 Thread 0xc42a0580 nmethod 2669 0xe6296b08 code [0xe6296c60, 0xe6296f58]
Event: 3661.758 Thread 0xc429f450 2668       4       java.util.Collections::reverse (125 bytes)
Event: 3661.760 Thread 0xc429f450 nmethod 2668 0xed9c4988 code [0xed9c4aa0, 0xed9c4bdc]
Event: 3734.889 Thread 0xc42a0580 2670       3       java.util.ArrayList::set (24 bytes)
Event: 3734.890 Thread 0xc42a0580 nmethod 2670 0xe6297088 code [0xe6297200, 0xe62975ec]
Event: 3821.678 Thread 0xc42a0580 2672       3       script.base_class::pathTo (9 bytes)
Event: 3821.679 Thread 0xc42a0580 nmethod 2672 0xe6297808 code [0xe6297960, 0xe6297b6c]
Event: 3821.679 Thread 0xc42a0580 2671       3       script.npc.bartender.base::bartenderMove (538 bytes)
Event: 3821.687 Thread 0xc42a0580 nmethod 2671 0xe6297c88 code [0xe62986a0, 0xe629cf8c]
Event: 3870.626 Thread 0xc42a0580 2673       3       script.base_class::_addLocationTarget (13 bytes)
Event: 3870.627 Thread 0xc42a0580 nmethod 2673 0xe629f488 code [0xe629f5e0, 0xe629f7ec]
Event: 3941.645 Thread 0xc429f450 2675       4       java.io.ObjectInputStream::<init> (98 bytes)
Event: 3941.742 Thread 0xc429f450 nmethod 2675 0xed9c5008 code [0xed9c5220, 0xed9c6c24]
Event: 3999.756 Thread 0xc42a0580 2676       3       script.library.travel::setShuttleAvailability (99 bytes)
Event: 3999.759 Thread 0xc42a0580 nmethod 2676 0xe629f908 code [0xe629fcc0, 0xe62a12a4]

GC Heap History (20 events):
Event: 117.679 GC heap before
{Heap before GC invocations=3 (full 0):
 garbage-first heap   total 131072K, used 80246K [0xc5c00000, 0xe5c00000)
  region size 1024K, 76 young (77824K), 4 survivors (4096K)
 Metaspace       used 5659K, committed 6336K, reserved 16384K
}
Event: 117.778 GC heap after
{Heap after GC invocations=4 (full 0):
 garbage-first heap   total 131072K, used 7562K [0xc5c00000, 0xe5c00000)
  region size 1024K, 5 young (5120K), 5 survivors (5120K)
 Metaspace       used 5659K, committed 6336K, reserved 16384K
}
Event: 133.733 GC heap before
{Heap before GC invocations=4 (full 0):
 garbage-first heap   total 131072K, used 80266K [0xc5c00000, 0xe5c00000)
  region size 1024K, 76 young (77824K), 5 survivors (5120K)
 Metaspace       used 6378K, committed 7232K, reserved 16384K
}
Event: 133.770 GC heap after
{Heap after GC invocations=5 (full 0):
 garbage-first heap   total 131072K, used 9281K [0xc5c00000, 0xe5c00000)
  region size 1024K, 7 young (7168K), 7 survivors (7168K)
 Metaspace       used 6378K, committed 7232K, reserved 16384K
}
Event: 200.850 GC heap before
{Heap before GC invocations=5 (full 0):
 garbage-first heap   total 131072K, used 79937K [0xc5c00000, 0xe5c00000)
  region size 1024K, 76 young (77824K), 7 survivors (7168K)
 Metaspace       used 8205K, committed 9280K, reserved 16384K
}
Event: 200.881 GC heap after
{Heap after GC invocations=6 (full 0):
 garbage-first heap   total 131072K, used 13150K [0xc5c00000, 0xe5c00000)
  region size 1024K, 9 young (9216K), 9 survivors (9216K)
 Metaspace       used 8205K, committed 9280K, reserved 16384K
}
Event: 306.677 GC heap before
{Heap before GC invocations=6 (full 0):
 garbage-first heap   total 131072K, used 81758K [0xc5c00000, 0xe5c00000)
  region size 1024K, 76 young (77824K), 9 survivors (9216K)
 Metaspace       used 8383K, committed 9472K, reserved 16384K
}
Event: 306.795 GC heap after
{Heap after GC invocations=7 (full 0):
 garbage-first heap   total 131072K, used 15954K [0xc5c00000, 0xe5c00000)
  region size 1024K, 7 young (7168K), 7 survivors (7168K)
 Metaspace       used 8383K, committed 9472K, reserved 16384K
}
Event: 339.674 GC heap before
{Heap before GC invocations=7 (full 0):
 garbage-first heap   total 131072K, used 86610K [0xc5c00000, 0xe5c00000)
  region size 1024K, 76 young (77824K), 7 survivors (7168K)
 Metaspace       used 9081K, committed 10368K, reserved 16384K
}
Event: 339.711 GC heap after
{Heap after GC invocations=8 (full 0):
 garbage-first heap   total 131072K, used 17111K [0xc5c00000, 0xe5c00000)
  region size 1024K, 4 young (4096K), 4 survivors (4096K)
 Metaspace       used 9081K, committed 10368K, reserved 16384K
}
Event: 416.452 GC heap before
{Heap before GC invocations=8 (full 0):
 garbage-first heap   total 131072K, used 90839K [0xc5c00000, 0xe5c00000)
  region size 1024K, 76 young (77824K), 4 survivors (4096K)
 Metaspace       used 9424K, committed 10752K, reserved 16384K
}
Event: 416.484 GC heap after
{Heap after GC invocations=9 (full 0):
 garbage-first heap   total 131072K, used 19159K [0xc5c00000, 0xe5c00000)
  region size 1024K, 6 young (6144K), 6 survivors (6144K)
 Metaspace       used 9424K, committed 10752K, reserved 16384K
}
Event: 428.555 GC heap before
{Heap before GC invocations=9 (full 0):
 garbage-first heap   total 131072K, used 90839K [0xc5c00000, 0xe5c00000)
  region size 1024K, 76 young (77824K), 6 survivors (6144K)
 Metaspace       used 9563K, committed 10944K, reserved 16384K
}
Event: 428.618 GC heap after
{Heap after GC invocations=10 (full 0):
 garbage-first heap   total 131072K, used 19536K [0xc5c00000, 0xe5c00000)
  region size 1024K, 5 young (5120K), 5 survivors (5120K)
 Metaspace       used 9563K, committed 10944K, reserved 16384K
}
Event: 441.737 GC heap before
{Heap before GC invocations=10 (full 0):
 garbage-first heap   total 131072K, used 92240K [0xc5c00000, 0xe5c00000)
  region size 1024K, 76 young (77824K), 5 survivors (5120K)
 Metaspace       used 10027K, committed 11456K, reserved 16384K
}
Event: 441.749 GC heap after
{Heap after GC invocations=11 (full 0):
 garbage-first heap   total 131072K, used 20735K [0xc5c00000, 0xe5c00000)
  region size 1024K, 6 young (6144K), 6 survivors (6144K)
 Metaspace       used 10027K, committed 11456K, reserved 16384K
}
Event: 535.268 GC heap before
{Heap before GC invocations=11 (full 0):
 garbage-first heap   total 131072K, used 92415K [0xc5c00000, 0xe5c00000)
  region size 1024K, 76 young (77824K), 6 survivors (6144K)
 Metaspace       used 10352K, committed 11776K, reserved 16384K
}
Event: 535.304 GC heap after
{Heap after GC invocations=12 (full 0):
 garbage-first heap   total 131072K, used 24828K [0xc5c00000, 0xe5c00000)
  region size 1024K, 8 young (8192K), 8 survivors (8192K)
 Metaspace       used 10352K, committed 11776K, reserved 16384K
}
Event: 3914.697 GC heap before
{Heap before GC invocations=12 (full 0):
 garbage-first heap   total 131072K, used 94460K [0xc5c00000, 0xe5c00000)
  region size 1024K, 76 young (77824K), 8 survivors (8192K)
 Metaspace       used 10555K, committed 12032K, reserved 16384K
}
Event: 3914.735 GC heap after
{Heap after GC invocations=13 (full 0):
 garbage-first heap   total 131072K, used 26538K [0xc5c00000, 0xe5c00000)
  region size 1024K, 7 young (7168K), 7 survivors (7168K)
 Metaspace       used 10555K, committed 12032K, reserved 16384K
}

Dll operation events (4 events):
Event: 0.003 Loaded shared library /usr/lib/jvm/java-17-zulu-openjdk-jdk-x86/lib/libjava.so
Event: 48.585 Loaded shared library /usr/lib/jvm/java-17-zulu-openjdk-jdk-x86/lib/libnio.so
Event: 48.587 Loaded shared library /usr/lib/jvm/java-17-zulu-openjdk-jdk-x86/lib/libjimage.so
Event: 48.589 Loaded shared library /usr/lib/jvm/java-17-zulu-openjdk-jdk-x86/lib/libnet.so

Deoptimization events (20 events):
Event: 528.925 Thread 0x0b7fc7e0 Uncommon trap: trap_request=0xffffffbe fr.pc=0xed95a174 relative=0x000018b4
Event: 528.925 Thread 0x0b7fc7e0 Uncommon trap: reason=profile_predicate action=maybe_recompile pc=0xed95a174 method=script.base_class.split(Ljava/lang/String;C)[Ljava/lang/String; @ 34 c2
Event: 528.925 Thread 0x0b7fc7e0 DEOPT PACKING pc=0xed95a174 sp=0xffe0f730
Event: 528.925 Thread 0x0b7fc7e0 DEOPT UNPACKING pc=0xed2f4d33 sp=0xffe0f744 mode 2
Event: 529.338 Thread 0x0b7fc7e0 Uncommon trap: trap_request=0xffffffbe fr.pc=0xed95a174 relative=0x000018b4
Event: 529.338 Thread 0x0b7fc7e0 Uncommon trap: reason=profile_predicate action=maybe_recompile pc=0xed95a174 method=script.base_class.split(Ljava/lang/String;C)[Ljava/lang/String; @ 34 c2
Event: 529.338 Thread 0x0b7fc7e0 DEOPT PACKING pc=0xed95a174 sp=0xffe10670
Event: 529.338 Thread 0x0b7fc7e0 DEOPT UNPACKING pc=0xed2f4d33 sp=0xffe1067c mode 2
Event: 626.732 Thread 0x0b7fc7e0 Uncommon trap: trap_request=0xffffff45 fr.pc=0xed9699e4 relative=0x000011a4
Event: 626.732 Thread 0x0b7fc7e0 Uncommon trap: reason=unstable_if action=reinterpret pc=0xed9699e4 method=script.library.movement.getAllModifiers(Lscript/obj_id;)[Ljava/lang/String; @ 41 c2
Event: 626.732 Thread 0x0b7fc7e0 DEOPT PACKING pc=0xed9699e4 sp=0xffe0f410
Event: 626.732 Thread 0x0b7fc7e0 DEOPT UNPACKING pc=0xed2f4d33 sp=0xffe0f40c mode 2
Event: 796.625 Thread 0x0b7fc7e0 Uncommon trap: trap_request=0xffffff45 fr.pc=0xed887c08 relative=0x00000068
Event: 796.625 Thread 0x0b7fc7e0 Uncommon trap: reason=unstable_if action=reinterpret pc=0xed887c08 method=java.io.ObjectOutputStream$BlockDataOutputStream.setBlockDataMode(Z)Z @ 5 c2
Event: 796.625 Thread 0x0b7fc7e0 DEOPT PACKING pc=0xed887c08 sp=0xffe10060
Event: 796.625 Thread 0x0b7fc7e0 DEOPT UNPACKING pc=0xed2f4d33 sp=0xffe10030 mode 2
Event: 3534.703 Thread 0x0b7fc7e0 Uncommon trap: trap_request=0xffffffcc fr.pc=0xed9c3cc0 relative=0x00000100
Event: 3534.705 Thread 0x0b7fc7e0 Uncommon trap: reason=intrinsic action=make_not_entrant pc=0xed9c3cc0 method=java.util.ArrayList.toArray([Ljava/lang/Object;)[Ljava/lang/Object; @ 36 c2
Event: 3534.705 Thread 0x0b7fc7e0 DEOPT PACKING pc=0xed9c3cc0 sp=0xffe109e0
Event: 3534.705 Thread 0x0b7fc7e0 DEOPT UNPACKING pc=0xed2f4d33 sp=0xffe109b4 mode 2

Classes unloaded (0 events):
No events

Classes redefined (0 events):
No events

Internal exceptions (20 events):
Event: 48.873 Thread 0x0b7fc7e0 Exception <a 'java/lang/NoSuchMethodError'{0xcdb65948}: 'java.lang.Object java.lang.invoke.DirectMethodHandle$Holder.invokeSpecial(java.lang.Object, java.lang.Object, long, java.lang.Object, java.lang.Object, java.lang.Object, java.lang.Object, int, java.lang.Object)'> (0xcdb65948) 
thrown [src/hotspot/share/interpreter/linkResolver.cpp, line 759]
Event: 48.874 Thread 0x0b7fc7e0 Exception <a 'java/lang/NoSuchMethodError'{0xcdb69c48}: 'java.lang.Object java.lang.invoke.DelegatingMethodHandle$Holder.reinvoke_L(java.lang.Object, long, java.lang.Object, java.lang.Object, java.lang.Object, java.lang.Object, int, java.lang.Object)'> (0xcdb69c48) 
thrown [src/hotspot/share/interpreter/linkResolver.cpp, line 759]
Event: 48.890 Thread 0x0b7fc7e0 Exception <a 'java/lang/NoSuchMethodError'{0xcdbf2a98}: 'java.lang.Object java.lang.invoke.DirectMethodHandle$Holder.invokeSpecial(java.lang.Object, java.lang.Object, java.lang.Object, java.lang.Object, float)'> (0xcdbf2a98) 
thrown [src/hotspot/share/interpreter/linkResolver.cpp, line 759]
Event: 48.904 Thread 0x0b7fc7e0 Exception <a 'java/lang/NoSuchMethodError'{0xcda1fb68}: 'java.lang.Object java.lang.invoke.DirectMethodHandle$Holder.invokeSpecial(java.lang.Object, java.lang.Object, java.lang.Object, java.lang.Object, int)'> (0xcda1fb68) 
thrown [src/hotspot/share/interpreter/linkResolver.cpp, line 759]
Event: 48.905 Thread 0x0b7fc7e0 Exception <a 'java/lang/NoSuchMethodError'{0xcda232d0}: 'java.lang.Object java.lang.invoke.Invokers$Holder.linkToTargetMethod(java.lang.Object, java.lang.Object, int, java.lang.Object)'> (0xcda232d0) 
thrown [src/hotspot/share/interpreter/linkResolver.cpp, line 759]
Event: 49.047 Thread 0x0b7fc7e0 Exception <a 'java/lang/NoSuchMethodError'{0xcd8176b0}: 'java.lang.Object java.lang.invoke.DirectMethodHandle$Holder.invokeSpecial(java.lang.Object, java.lang.Object, long, java.lang.Object, java.lang.Object, java.lang.Object, java.lang.Object, java.lang.Object, java.lang.Object)'> (0xcd8176b0) 
thrown [src/hotspot/share/interpreter/linkResolver.cpp, line 759]
Event: 49.048 Thread 0x0b7fc7e0 Exception <a 'java/lang/NoSuchMethodError'{0xcd81bbb8}: 'java.lang.Object java.lang.invoke.DelegatingMethodHandle$Holder.reinvoke_L(java.lang.Object, long, java.lang.Object, java.lang.Object, java.lang.Object, java.lang.Object, java.lang.Object, java.lang.Object)'> (0xcd81bbb8) 
thrown [src/hotspot/share/interpreter/linkResolver.cpp, line 759]
Event: 61.640 Thread 0x0b7fc7e0 Exception <a 'java/lang/NoSuchMethodError'{0xccb01250}: 'java.lang.Object java.lang.invoke.DirectMethodHandle$Holder.invokeStaticInit(java.lang.Object)'> (0xccb01250) 
thrown [src/hotspot/share/interpreter/linkResolver.cpp, line 759]
Event: 64.786 Thread 0x0b7fc7e0 Implicit null exception at 0xed86773f to 0xed867975
Event: 131.820 Thread 0x0b7fc7e0 Exception <a 'java/lang/NoSuchMethodError'{0xc9d5b0d8}: 'java.lang.Object java.lang.invoke.DirectMethodHandle$Holder.invokeSpecial(java.lang.Object, java.lang.Object, java.lang.Object, int, java.lang.Object)'> (0xc9d5b0d8) 
thrown [src/hotspot/share/interpreter/linkResolver.cpp, line 759]
Event: 133.772 Thread 0x0b7fc7e0 Exception <a 'java/lang/NoSuchMethodError'{0xcdb022f8}: 'java.lang.Object java.lang.invoke.DirectMethodHandle$Holder.invokeSpecial(java.lang.Object, java.lang.Object, java.lang.Object, java.lang.Object, java.lang.Object, java.lang.Object, int)'> (0xcdb022f8) 
thrown [src/hotspot/share/interpreter/linkResolver.cpp, line 759]
Event: 177.686 Thread 0x0b7fc7e0 Exception <a 'java/lang/NoSuchMethodError'{0xc9c28148}: 'java.lang.Object java.lang.invoke.DirectMethodHandle$Holder.invokeSpecial(java.lang.Object, java.lang.Object, int, int, int)'> (0xc9c28148) 
thrown [src/hotspot/share/interpreter/linkResolver.cpp, line 759]
Event: 177.694 Thread 0x0b7fc7e0 Exception <a 'java/lang/NoSuchMethodError'{0xc9c60b78}: 'java.lang.Object java.lang.invoke.DirectMethodHandle$Holder.invokeSpecial(java.lang.Object, java.lang.Object, java.lang.Object, java.lang.Object, int, java.lang.Object)'> (0xc9c60b78) 
thrown [src/hotspot/share/interpreter/linkResolver.cpp, line 759]
Event: 177.694 Thread 0x0b7fc7e0 Exception <a 'java/lang/NoSuchMethodError'{0xc9c641d8}: 'java.lang.Object java.lang.invoke.Invokers$Holder.linkToTargetMethod(java.lang.Object, java.lang.Object, int, java.lang.Object, java.lang.Object)'> (0xc9c641d8) 
thrown [src/hotspot/share/interpreter/linkResolver.cpp, line 759]
Event: 177.720 Thread 0x0b7fc7e0 Exception <a 'java/lang/NoSuchMethodError'{0xc9ca75a8}: 'java.lang.Object java.lang.invoke.DirectMethodHandle$Holder.invokeSpecial(java.lang.Object, java.lang.Object, long, java.lang.Object, java.lang.Object, java.lang.Object, int, java.lang.Object, java.lang.Object)'> (0xc9ca75a8) 
thrown [src/hotspot/share/interpreter/linkResolver.cpp, line 759]
Event: 177.721 Thread 0x0b7fc7e0 Exception <a 'java/lang/NoSuchMethodError'{0xc9cab8a8}: 'java.lang.Object java.lang.invoke.DelegatingMethodHandle$Holder.reinvoke_L(java.lang.Object, long, java.lang.Object, java.lang.Object, java.lang.Object, int, java.lang.Object, java.lang.Object)'> (0xc9cab8a8) 
thrown [src/hotspot/share/interpreter/linkResolver.cpp, line 759]
Event: 193.766 Thread 0x0b7fc7e0 Exception <a 'java/lang/NoSuchMethodError'{0xc9919928}: static [Lscript/obj_id;.<clinit>()V> (0xc9919928) 
thrown [src/hotspot/share/prims/jni.cpp, line 1112]
Event: 417.894 Thread 0x0b7fc7e0 Exception <a 'java/lang/NoSuchMethodError'{0xcd1b3f88}: static [I.<clinit>()V> (0xcd1b3f88) 
thrown [src/hotspot/share/prims/jni.cpp, line 1112]
Event: 530.826 Thread 0x0b7fc7e0 Exception <a 'java/lang/NoSuchMethodError'{0xc9c70230}: 'java.lang.Object java.lang.invoke.DirectMethodHandle$Holder.invokeSpecial(java.lang.Object, java.lang.Object, java.lang.Object, java.lang.Object, java.lang.Object, int)'> (0xc9c70230) 
thrown [src/hotspot/share/interpreter/linkResolver.cpp, line 759]
Event: 530.826 Thread 0x0b7fc7e0 Exception <a 'java/lang/NoSuchMethodError'{0xc9c73668}: 'java.lang.Object java.lang.invoke.Invokers$Holder.linkToTargetMethod(java.lang.Object, java.lang.Object, java.lang.Object, int, java.lang.Object)'> (0xc9c73668) 
thrown [src/hotspot/share/interpreter/linkResolver.cpp, line 759]

VM Operations (20 events):
Event: 528.851 Executing VM operation: Cleanup
Event: 528.851 Executing VM operation: Cleanup done
Event: 529.852 Executing VM operation: Cleanup
Event: 529.852 Executing VM operation: Cleanup done
Event: 530.852 Executing VM operation: Cleanup
Event: 530.852 Executing VM operation: Cleanup done
Event: 535.268 Executing VM operation: G1CollectForAllocation
Event: 535.304 Executing VM operation: G1CollectForAllocation done
Event: 577.314 Executing VM operation: Cleanup
Event: 577.314 Executing VM operation: Cleanup done
Event: 1197.889 Executing VM operation: Cleanup
Event: 1197.889 Executing VM operation: Cleanup done
Event: 2925.135 Executing VM operation: Cleanup
Event: 2925.135 Executing VM operation: Cleanup done
Event: 3547.091 Executing VM operation: Cleanup
Event: 3547.091 Executing VM operation: Cleanup done
Event: 3552.092 Executing VM operation: Cleanup
Event: 3552.093 Executing VM operation: Cleanup done
Event: 3914.697 Executing VM operation: G1CollectForAllocation
Event: 3914.736 Executing VM operation: G1CollectForAllocation done

Events (20 events):
Event: 193.851 loading class java/lang/constant/MethodHandleDesc done
Event: 193.851 loading class java/lang/constant/MethodHandleDesc$1
Event: 193.851 loading class java/lang/constant/MethodHandleDesc$1 done
Event: 193.851 loading class java/lang/constant/DirectMethodHandleDescImpl
Event: 193.852 loading class java/lang/constant/DirectMethodHandleDesc
Event: 193.852 loading class java/lang/constant/DirectMethodHandleDesc done
Event: 193.852 loading class java/lang/constant/DirectMethodHandleDescImpl done
Event: 193.852 loading class java/lang/constant/DirectMethodHandleDescImpl$1
Event: 193.852 loading class java/lang/constant/DirectMethodHandleDescImpl$1 done
Event: 193.852 loading class java/lang/constant/DirectMethodHandleDesc$1
Event: 193.852 loading class java/lang/constant/DirectMethodHandleDesc$1 done
Event: 193.852 loading class java/lang/constant/PrimitiveClassDescImpl
Event: 193.852 loading class java/lang/constant/DynamicConstantDesc
Event: 193.852 loading class java/lang/constant/DynamicConstantDesc done
Event: 193.852 loading class java/lang/constant/PrimitiveClassDescImpl done
Event: 193.852 loading class java/lang/constant/DynamicConstantDesc$AnonymousDynamicConstantDesc
Event: 193.852 loading class java/lang/constant/DynamicConstantDesc$AnonymousDynamicConstantDesc done
Event: 4187.696 Thread 0x0b7fc7e0 Thread exited: 0x0b7fc7e0
Event: 4187.704 Thread 0xf5e242d0 Thread exited: 0xf5e242d0
Event: 4187.704 Thread 0xc429bff0 Thread exited: 0xc429bff0


Dynamic libraries:
08048000-09298000 r-xp 00000000 08:04 494947248                          /home/almalinux/swg-returns-nge/build/bin/SwgGameServer
09298000-0929c000 rw-p 0124f000 08:04 494947248                          /home/almalinux/swg-returns-nge/build/bin/SwgGameServer
0929c000-09b1f000 rw-p 00000000 00:00 0 
0a137000-231f0000 rw-p 00000000 00:00 0                                  [heap]
be500000-be5f9000 rw-p 00000000 00:00 0 
be5f9000-be600000 ---p 00000000 00:00 0 
be700000-be7f9000 rw-p 00000000 00:00 0 
be7f9000-be800000 ---p 00000000 00:00 0 
be800000-be8f9000 rw-p 00000000 00:00 0 
be8f9000-be900000 ---p 00000000 00:00 0 
be900000-be9f9000 rw-p 00000000 00:00 0 
be9f9000-bea00000 ---p 00000000 00:00 0 
bea00000-beaf9000 rw-p 00000000 00:00 0 
beaf9000-beb00000 ---p 00000000 00:00 0 
beb00000-bec00000 rw-p 00000000 00:00 0 
bed00000-bedf6000 rw-p 00000000 00:00 0 
bedf6000-bee00000 ---p 00000000 00:00 0 
bee00000-beeff000 rw-p 00000000 00:00 0 
beeff000-bef00000 ---p 00000000 00:00 0 
bef00000-beff9000 rw-p 00000000 00:00 0 
beff9000-bf000000 ---p 00000000 00:00 0 
bf000000-bf0f9000 rw-p 00000000 00:00 0 
bf0f9000-bf100000 ---p 00000000 00:00 0 
bf100000-bf1e1000 rw-p 00000000 00:00 0 
bf1e1000-bf200000 ---p 00000000 00:00 0 
bf500000-bf5fc000 rw-p 00000000 00:00 0 
bf5fc000-bf600000 ---p 00000000 00:00 0 
bf700000-bf7cc000 rw-p 00000000 00:00 0 
bf7cc000-bf800000 ---p 00000000 00:00 0 
bf800000-bf8f4000 rw-p 00000000 00:00 0 
bf8f4000-bf900000 ---p 00000000 00:00 0 
bf900000-bf9f9000 rw-p 00000000 00:00 0 
bf9f9000-bfa00000 ---p 00000000 00:00 0 
bfb00000-bfbf9000 rw-p 00000000 00:00 0 
bfbf9000-bfc00000 ---p 00000000 00:00 0 
bfc00000-bfcf9000 rw-p 00000000 00:00 0 
bfcf9000-bfd00000 ---p 00000000 00:00 0 
bfd00000-bfdf9000 rw-p 00000000 00:00 0 
bfdf9000-bfe00000 ---p 00000000 00:00 0 
bfe00000-bfef9000 rw-p 00000000 00:00 0 
bfef9000-bff00000 ---p 00000000 00:00 0 
c0100000-c01fc000 rw-p 00000000 00:00 0 
c01fc000-c0200000 ---p 00000000 00:00 0 
c0200000-c02fd000 rw-p 00000000 00:00 0 
c02fd000-c0300000 ---p 00000000 00:00 0 
c0300000-c03fd000 rw-p 00000000 00:00 0 
c03fd000-c0400000 ---p 00000000 00:00 0 
c0c00000-c0d00000 rw-p 00000000 00:00 0 
c0d3a000-c0d3e000 ---p 00000000 00:00 0 
c0d3e000-c0dbb000 rw-p 00000000 00:00 0 
c119d000-c119e000 ---p 00000000 00:00 0 
c119e000-c121e000 rw-p 00000000 00:00 0 
c1300000-c1400000 rw-p 00000000 00:00 0 
c1439000-c143a000 ---p 00000000 00:00 0 
c143a000-c14ba000 rw-p 00000000 00:00 0 
c14ba000-c14be000 ---p 00000000 00:00 0 
c14be000-c153b000 rw-p 00000000 00:00 0 
c173d000-c1741000 ---p 00000000 00:00 0 
c1741000-c17fe000 rw-p 00000000 00:00 0 
c17fe000-c1802000 ---p 00000000 00:00 0 
c1802000-c18bf000 rw-p 00000000 00:00 0 
c18bf000-c18c0000 ---p 00000000 00:00 0 
c18c0000-c1940000 rw-p 00000000 00:00 0 
c1940000-c1944000 ---p 00000000 00:00 0 
c1944000-c1a01000 rw-p 00000000 00:00 0 
c1a01000-c1a05000 ---p 00000000 00:00 0 
c1a05000-c1ac2000 rw-p 00000000 00:00 0 
c1ac2000-c1ac6000 ---p 00000000 00:00 0 
c1ac6000-c1b43000 rw-p 00000000 00:00 0 
c1b43000-c1b47000 ---p 00000000 00:00 0 
c1b47000-c1c04000 rw-p 00000000 00:00 0 
c1c04000-c1c08000 ---p 00000000 00:00 0 
c1c08000-c1cc5000 rw-p 00000000 00:00 0 
c1cc5000-c1cc9000 ---p 00000000 00:00 0 
c1cc9000-c1d86000 rw-p 00000000 00:00 0 
c1d86000-c2000000 r--p 00078000 08:04 535181                             /usr/lib/locale/locale-archive
c2000000-c21c0000 rw-p 00000000 00:00 0 
c21c0000-c2400000 ---p 00000000 00:00 0 
c2400000-c2e00000 rw-p 00000000 00:00 0 
c2e00000-c3000000 ---p 00000000 00:00 0 
c307e000-c327e000 r--p 00000000 08:04 535181                             /usr/lib/locale/locale-archive
c327e000-c3282000 ---p 00000000 00:00 0 
c3282000-c333f000 rw-p 00000000 00:00 0 
c333f000-c3343000 ---p 00000000 00:00 0 
c3343000-c3400000 rw-p 00000000 00:00 0 
c3400000-c34fc000 rw-p 00000000 00:00 0 
c34fc000-c3500000 ---p 00000000 00:00 0 
c3531000-c3535000 ---p 00000000 00:00 0 
c3535000-c35b2000 rw-p 00000000 00:00 0 
c35b2000-c35b3000 ---p 00000000 00:00 0 
c35b3000-c3633000 rw-p 00000000 00:00 0 
c3633000-c3f00000 rw-p 00001000 08:04 143240867                          /usr/lib/jvm/java-17-zulu-openjdk-jdk-x86/lib/server/classes.jsa
c3f00000-c3f3b000 rw-p 00000000 00:00 0 
c3f3b000-c4000000 ---p 00000000 00:00 0 
c407f000-c4080000 ---p 00000000 00:00 0 
c4080000-c4100000 rw-p 00000000 00:00 0 
c4100000-c4121000 rw-p 00000000 00:00 0 
c4121000-c4200000 ---p 00000000 00:00 0 
c4200000-c42d8000 rw-p 00000000 00:00 0 
c42d8000-c4300000 ---p 00000000 00:00 0 
c437f000-c4380000 ---p 00000000 00:00 0 
c4380000-c4400000 rw-p 00000000 00:00 0 
c4400000-c444b000 rw-p 00000000 00:00 0 
c444b000-c4500000 ---p 00000000 00:00 0 
c457f000-c4580000 ---p 00000000 00:00 0 
c4580000-c4600000 rw-p 00000000 00:00 0 
c4600000-c46fa000 rw-p 00000000 00:00 0 
c46fa000-c4700000 ---p 00000000 00:00 0 
c4700000-c47fb000 rw-p 00000000 00:00 0 
c47fb000-c4800000 ---p 00000000 00:00 0 
c487f000-c4880000 ---p 00000000 00:00 0 
c4880000-c4b00000 rw-p 00000000 00:00 0 
c4b00000-c5100000 ---p 00000000 00:00 0 
c5100000-c5300000 rw-p 00000000 00:00 0 
c5300000-c5900000 ---p 00000000 00:00 0 
c5900000-c5940000 rw-p 00000000 00:00 0 
c5940000-c5a00000 ---p 00000000 00:00 0 
c5a00000-c5a40000 rw-p 00000000 00:00 0 
c5a40000-c5b00000 ---p 00000000 00:00 0 
c5b00000-c5b40000 rw-p 00000000 00:00 0 
c5b40000-c5c00000 ---p 00000000 00:00 0 
c5c00000-cdc00000 rw-p 00000000 00:00 0 
cdc00000-e5c00000 ---p 00000000 00:00 0 
e5c65000-e5c6a000 rw-p 00000000 00:00 0 
e5c6a000-e5d50000 ---p 00000000 00:00 0 
e5d50000-e62a8000 rwxp 00000000 00:00 0 
e62a8000-ed2ab000 ---p 00000000 00:00 0 
ed2ab000-ed4eb000 rwxp 00000000 00:00 0 
ed4eb000-ed7f5000 ---p 00000000 00:00 0 
ed7f5000-eda35000 rwxp 00000000 00:00 0 
eda35000-f4d50000 ---p 00000000 00:00 0 
f4d50000-f4eb8000 r--s 00000000 08:04 117534333                          /usr/lib/jvm/java-17-zulu-openjdk-jdk-x86/lib/modules
f4eb8000-f5d5a000 r-xp 00000000 08:04 143240869                          /usr/lib/jvm/java-17-zulu-openjdk-jdk-x86/lib/server/libjvm.so
f5d5a000-f5daf000 r--p 00ea1000 08:04 143240869                          /usr/lib/jvm/java-17-zulu-openjdk-jdk-x86/lib/server/libjvm.so
f5daf000-f5dd0000 rw-p 00ef6000 08:04 143240869                          /usr/lib/jvm/java-17-zulu-openjdk-jdk-x86/lib/server/libjvm.so
f5dd0000-f5e00000 rw-p 00000000 00:00 0 
f5e00000-f5f00000 rw-p 00000000 00:00 0 
f5f10000-f5f11000 ---p 00000000 00:00 0 
f5f11000-f5f91000 rw-p 00000000 00:00 0 
f5f91000-f5f92000 ---p 00000000 00:00 0 
f5f92000-f5f96000 ---p 00000000 00:00 0 
f5f96000-f6b0a000 rw-p 00000000 00:00 0 
f6b16000-f6b2b000 r-xp 00000000 08:04 117534323                          /usr/lib/jvm/java-17-zulu-openjdk-jdk-x86/lib/libnet.so
f6b2b000-f6b2c000 r--p 00014000 08:04 117534323                          /usr/lib/jvm/java-17-zulu-openjdk-jdk-x86/lib/libnet.so
f6b2c000-f6b2d000 rw-p 00015000 08:04 117534323                          /usr/lib/jvm/java-17-zulu-openjdk-jdk-x86/lib/libnet.so
f6b2d000-f6b38000 rw-p 00000000 00:00 0 
f6b38000-f6c18000 ---p 00000000 00:00 0 
f6e52000-f6e64000 r-xp 00000000 08:04 117534324                          /usr/lib/jvm/java-17-zulu-openjdk-jdk-x86/lib/libnio.so
f6e64000-f6e65000 r--p 00011000 08:04 117534324                          /usr/lib/jvm/java-17-zulu-openjdk-jdk-x86/lib/libnio.so
f6e65000-f6e66000 rw-p 00012000 08:04 117534324                          /usr/lib/jvm/java-17-zulu-openjdk-jdk-x86/lib/libnio.so
f6e66000-f6e8f000 rw-p 00000000 00:00 0 
f6e8f000-f6eb2000 r-xp 00000000 08:04 117534310                          /usr/lib/jvm/java-17-zulu-openjdk-jdk-x86/lib/libjava.so
f6eb2000-f6eb3000 r--p 00022000 08:04 117534310                          /usr/lib/jvm/java-17-zulu-openjdk-jdk-x86/lib/libjava.so
f6eb3000-f6eb4000 rw-p 00023000 08:04 117534310                          /usr/lib/jvm/java-17-zulu-openjdk-jdk-x86/lib/libjava.so
f6eb4000-f6ec0000 r-xp 00000000 08:04 16831767                           /usr/lib/libnss_files-2.28.so
f6ec0000-f6ec1000 r--p 0000b000 08:04 16831767                           /usr/lib/libnss_files-2.28.so
f6ec1000-f6ec2000 rw-p 0000c000 08:04 16831767                           /usr/lib/libnss_files-2.28.so
f6ec2000-f6ec8000 rw-p 00000000 00:00 0 
f6ece000-f6ed3000 rw-p 00000000 00:00 0 
f6ed3000-f6ed9000 ---p 00000000 00:00 0 
f6ed9000-f6ef4000 r-xp 00000000 08:04 117534314                          /usr/lib/jvm/java-17-zulu-openjdk-jdk-x86/lib/libjimage.so
f6ef4000-f6ef5000 ---p 0001b000 08:04 117534314                          /usr/lib/jvm/java-17-zulu-openjdk-jdk-x86/lib/libjimage.so
f6ef5000-f6ef6000 r--p 0001b000 08:04 117534314                          /usr/lib/jvm/java-17-zulu-openjdk-jdk-x86/lib/libjimage.so
f6ef6000-f6ef7000 rw-p 0001c000 08:04 117534314                          /usr/lib/jvm/java-17-zulu-openjdk-jdk-x86/lib/libjimage.so
f6ef7000-f6efb000 rw-p 00000000 00:00 0 
f6efb000-f6f83000 r-xp 00000000 08:04 17191875                           /usr/lib/libpcre2-8.so.0.7.1
f6f83000-f6f84000 r--p 00087000 08:04 17191875                           /usr/lib/libpcre2-8.so.0.7.1
f6f84000-f6f85000 rw-p 00088000 08:04 17191875                           /usr/lib/libpcre2-8.so.0.7.1
f6f85000-f6fa5000 r-xp 00000000 08:04 17021543                           /usr/lib/libcrypt.so.1.1.0
f6fa5000-f6fa6000 ---p 00020000 08:04 17021543                           /usr/lib/libcrypt.so.1.1.0
f6fa6000-f6fa7000 r--p 00020000 08:04 17021543                           /usr/lib/libcrypt.so.1.1.0
f6fa7000-f6fb0000 rw-p 00000000 00:00 0 
f6fb0000-f6fdb000 r-xp 00000000 08:04 17191887                           /usr/lib/libselinux.so.1
f6fdb000-f6fdc000 ---p 0002b000 08:04 17191887                           /usr/lib/libselinux.so.1
f6fdc000-f6fdd000 r--p 0002b000 08:04 17191887                           /usr/lib/libselinux.so.1
f6fdd000-f6fde000 rw-p 0002c000 08:04 17191887                           /usr/lib/libselinux.so.1
f6fde000-f6fdf000 rw-p 00000000 00:00 0 
f6fdf000-f6ffe000 r-xp 00000000 08:04 18866589                           /usr/lib/libbrotlicommon.so.1.0.6
f6ffe000-f6fff000 r--p 0001e000 08:04 18866589                           /usr/lib/libbrotlicommon.so.1.0.6
f6fff000-f7000000 rw-p 0001f000 08:04 18866589                           /usr/lib/libbrotlicommon.so.1.0.6
f7000000-f701e000 r-xp 00000000 08:04 17191915                           /usr/lib/libsasl2.so.3.0.0
f701e000-f701f000 ---p 0001e000 08:04 17191915                           /usr/lib/libsasl2.so.3.0.0
f701f000-f7020000 r--p 0001e000 08:04 17191915                           /usr/lib/libsasl2.so.3.0.0
f7020000-f7021000 rw-p 0001f000 08:04 17191915                           /usr/lib/libsasl2.so.3.0.0
f7021000-f7023000 rw-p 00000000 00:00 0 
f7023000-f7037000 r-xp 00000000 08:04 16831772                           /usr/lib/libresolv-2.28.so
f7037000-f7038000 ---p 00014000 08:04 16831772                           /usr/lib/libresolv-2.28.so
f7038000-f7039000 r--p 00014000 08:04 16831772                           /usr/lib/libresolv-2.28.so
f7039000-f703a000 rw-p 00015000 08:04 16831772                           /usr/lib/libresolv-2.28.so
f703a000-f703c000 rw-p 00000000 00:00 0 
f703c000-f703f000 r-xp 00000000 08:04 17191893                           /usr/lib/libkeyutils.so.1.6
f703f000-f7040000 ---p 00003000 08:04 17191893                           /usr/lib/libkeyutils.so.1.6
f7040000-f7041000 r--p 00003000 08:04 17191893                           /usr/lib/libkeyutils.so.1.6
f7041000-f7042000 rw-p 00000000 00:00 0 
f7042000-f7052000 r-xp 00000000 08:04 17021560                           /usr/lib/libkrb5support.so.0.1
f7052000-f7053000 r--p 0000f000 08:04 17021560                           /usr/lib/libkrb5support.so.0.1
f7053000-f7054000 rw-p 00010000 08:04 17021560                           /usr/lib/libkrb5support.so.0.1
f7054000-f705c000 r-xp 00000000 08:04 16831774                           /usr/lib/librt-2.28.so
f705c000-f705d000 r--p 00007000 08:04 16831774                           /usr/lib/librt-2.28.so
f705d000-f705e000 rw-p 00008000 08:04 16831774                           /usr/lib/librt-2.28.so
f705e000-f71dd000 r-xp 00000000 08:04 17021545                           /usr/lib/libunistring.so.2.1.0
f71dd000-f71de000 ---p 0017f000 08:04 17021545                           /usr/lib/libunistring.so.2.1.0
f71de000-f71e0000 r--p 0017f000 08:04 17021545                           /usr/lib/libunistring.so.2.1.0
f71e0000-f71e1000 rw-p 00181000 08:04 17021545                           /usr/lib/libunistring.so.2.1.0
f71e1000-f720b000 r-xp 00000000 08:04 18654292                           /usr/lib/liblzma.so.5.2.4
f720b000-f720c000 r--p 00029000 08:04 18654292                           /usr/lib/liblzma.so.5.2.4
f720c000-f720d000 rw-p 00000000 00:00 0 
f720d000-f7219000 r-xp 00000000 08:04 17191936                           /usr/lib/libbrotlidec.so.1.0.6
f7219000-f721a000 r--p 0000b000 08:04 17191936                           /usr/lib/libbrotlidec.so.1.0.6
f721a000-f721b000 rw-p 00000000 00:00 0 
f721b000-f722a000 r-xp 00000000 08:04 17191918                           /usr/lib/liblber-2.4.so.2.10.9
f722a000-f722b000 r--p 0000e000 08:04 17191918                           /usr/lib/liblber-2.4.so.2.10.9
f722b000-f722c000 rw-p 0000f000 08:04 17191918                           /usr/lib/liblber-2.4.so.2.10.9
f722c000-f7281000 r-xp 00000000 08:04 17191920                           /usr/lib/libldap-2.4.so.2.10.9
f7281000-f7282000 ---p 00055000 08:04 17191920                           /usr/lib/libldap-2.4.so.2.10.9
f7282000-f7283000 r--p 00055000 08:04 17191920                           /usr/lib/libldap-2.4.so.2.10.9
f7283000-f7284000 rw-p 00056000 08:04 17191920                           /usr/lib/libldap-2.4.so.2.10.9
f7284000-f7286000 rw-p 00000000 00:00 0 
f7286000-f7289000 r-xp 00000000 08:04 16994899                           /usr/lib/libcom_err.so.2.1
f7289000-f728a000 r--p 00002000 08:04 16994899                           /usr/lib/libcom_err.so.2.1
f728a000-f728b000 rw-p 00003000 08:04 16994899                           /usr/lib/libcom_err.so.2.1
f728b000-f72a1000 r-xp 00000000 08:04 17021552                           /usr/lib/libk5crypto.so.3.1
f72a1000-f72a2000 ---p 00016000 08:04 17021552                           /usr/lib/libk5crypto.so.3.1
f72a2000-f72a3000 r--p 00016000 08:04 17021552                           /usr/lib/libk5crypto.so.3.1
f72a3000-f72a4000 rw-p 00017000 08:04 17021552                           /usr/lib/libk5crypto.so.3.1
f72a4000-f7387000 r-xp 00000000 08:04 17021558                           /usr/lib/libkrb5.so.3.3
f7387000-f738e000 r--p 000e2000 08:04 17021558                           /usr/lib/libkrb5.so.3.3
f738e000-f738f000 rw-p 000e9000 08:04 17021558                           /usr/lib/libkrb5.so.3.3
f738f000-f73ea000 r-xp 00000000 08:04 17021548                           /usr/lib/libgssapi_krb5.so.2.2
f73ea000-f73ec000 r--p 0005a000 08:04 17021548                           /usr/lib/libgssapi_krb5.so.2.2
f73ec000-f73ed000 rw-p 0005c000 08:04 17021548                           /usr/lib/libgssapi_krb5.so.2.2
f73ed000-f769e000 r-xp 00000000 08:04 18627877                           /usr/lib/libcrypto.so.1.1.1k
f769e000-f76b7000 r--p 002b0000 08:04 18627877                           /usr/lib/libcrypto.so.1.1.1k
f76b7000-f76b9000 rw-p 002c9000 08:04 18627877                           /usr/lib/libcrypto.so.1.1.1k
f76b9000-f76bd000 rw-p 00000000 00:00 0 
f76bd000-f774f000 r-xp 00000000 08:04 18627879                           /usr/lib/libssl.so.1.1.1k
f774f000-f7755000 r--p 00091000 08:04 18627879                           /usr/lib/libssl.so.1.1.1k
f7755000-f7759000 rw-p 00097000 08:04 18627879                           /usr/lib/libssl.so.1.1.1k
f7759000-f7769000 r-xp 00000000 08:04 18660120                           /usr/lib/libpsl.so.5.3.1
f7769000-f776a000 r--p 0000f000 08:04 18660120                           /usr/lib/libpsl.so.5.3.1
f776a000-f776b000 rw-p 00000000 00:00 0 
f776b000-f77e8000 r-xp 00000000 08:04 16994901                           /usr/lib/libssh.so.4.8.7
f77e8000-f77e9000 ---p 0007d000 08:04 16994901                           /usr/lib/libssh.so.4.8.7
f77e9000-f77ea000 r--p 0007d000 08:04 16994901                           /usr/lib/libssh.so.4.8.7
f77ea000-f77eb000 rw-p 0007e000 08:04 16994901                           /usr/lib/libssh.so.4.8.7
f77eb000-f7808000 r-xp 00000000 08:04 17040588                           /usr/lib/libidn2.so.0.3.6
f7808000-f7809000 r--p 0001c000 08:04 17040588                           /usr/lib/libidn2.so.0.3.6
f7809000-f780a000 rw-p 00000000 00:00 0 
f780a000-f7832000 r-xp 00000000 08:04 17191891                           /usr/lib/libnghttp2.so.14.17.0
f7832000-f7833000 r--p 00027000 08:04 17191891                           /usr/lib/libnghttp2.so.14.17.0
f7833000-f7835000 rw-p 00028000 08:04 17191891                           /usr/lib/libnghttp2.so.14.17.0
f7835000-f79d7000 r-xp 00000000 08:04 16831756                           /usr/lib/libc-2.28.so
f79d7000-f79d8000 ---p 001a2000 08:04 16831756                           /usr/lib/libc-2.28.so
f79d8000-f79da000 r--p 001a2000 08:04 16831756                           /usr/lib/libc-2.28.so
f79da000-f79db000 rw-p 001a4000 08:04 16831756                           /usr/lib/libc-2.28.so
f79db000-f79e0000 rw-p 00000000 00:00 0 
f79e0000-f79fb000 r-xp 00000000 08:04 16985139                           /usr/lib/libgcc_s-8-20210514.so.1
f79fb000-f79fc000 r--p 0001a000 08:04 16985139                           /usr/lib/libgcc_s-8-20210514.so.1
f79fc000-f79fd000 rw-p 0001b000 08:04 16985139                           /usr/lib/libgcc_s-8-20210514.so.1
f79fd000-f7acd000 r-xp 00000000 08:04 16831760                           /usr/lib/libm-2.28.so
f7acd000-f7ace000 r--p 000cf000 08:04 16831760                           /usr/lib/libm-2.28.so
f7ace000-f7acf000 rw-p 000d0000 08:04 16831760                           /usr/lib/libm-2.28.so
f7acf000-f7c58000 r-xp 00000000 08:04 16985145                           /usr/lib/libstdc++.so.6.0.25
f7c58000-f7c59000 ---p 00189000 08:04 16985145                           /usr/lib/libstdc++.so.6.0.25
f7c59000-f7c5f000 r--p 00189000 08:04 16985145                           /usr/lib/libstdc++.so.6.0.25
f7c5f000-f7c60000 rw-p 0018f000 08:04 16985145                           /usr/lib/libstdc++.so.6.0.25
f7c60000-f7c62000 rw-p 00000000 00:00 0 
f7c62000-f7c79000 r-xp 00000000 08:04 16963437                           /usr/lib/libz.so.1.2.11
f7c79000-f7c7a000 ---p 00017000 08:04 16963437                           /usr/lib/libz.so.1.2.11
f7c7a000-f7c7b000 r--p 00017000 08:04 16963437                           /usr/lib/libz.so.1.2.11
f7c7b000-f7c7c000 rw-p 00000000 00:00 0 
f7c7c000-f7df9000 r-xp 00000000 08:04 16963397                           /usr/lib/libxml2.so.2.9.7
f7df9000-f7dfe000 r--p 0017c000 08:04 16963397                           /usr/lib/libxml2.so.2.9.7
f7dfe000-f7dff000 rw-p 00181000 08:04 16963397                           /usr/lib/libxml2.so.2.9.7
f7dff000-f7e00000 rw-p 00000000 00:00 0 
f7e00000-f7e1c000 r-xp 00000000 08:04 16831770                           /usr/lib/libpthread-2.28.so
f7e1c000-f7e1d000 r--p 0001b000 08:04 16831770                           /usr/lib/libpthread-2.28.so
f7e1d000-f7e1e000 rw-p 0001c000 08:04 16831770                           /usr/lib/libpthread-2.28.so
f7e1e000-f7e20000 rw-p 00000000 00:00 0 
f7e20000-f7e94000 r-xp 00000000 08:04 16818911                           /usr/lib/libpcre.so.1.2.10
f7e94000-f7e95000 ---p 00074000 08:04 16818911                           /usr/lib/libpcre.so.1.2.10
f7e95000-f7e96000 r--p 00074000 08:04 16818911                           /usr/lib/libpcre.so.1.2.10
f7e96000-f7e97000 rw-p 00075000 08:04 16818911                           /usr/lib/libpcre.so.1.2.10
f7e97000-f7e9a000 r-xp 00000000 08:04 16831758                           /usr/lib/libdl-2.28.so
f7e9a000-f7e9b000 r--p 00002000 08:04 16831758                           /usr/lib/libdl-2.28.so
f7e9b000-f7e9c000 rw-p 00003000 08:04 16831758                           /usr/lib/libdl-2.28.so
f7e9c000-f7f39000 r-xp 00000000 08:04 16994905                           /usr/lib/libcurl.so.4.5.0
f7f39000-f7f3b000 r--p 0009c000 08:04 16994905                           /usr/lib/libcurl.so.4.5.0
f7f3b000-f7f3c000 rw-p 0009e000 08:04 16994905                           /usr/lib/libcurl.so.4.5.0
f7f3c000-f7f43000 r--s 00000000 08:04 176632422                          /usr/lib/gconv/gconv-modules.cache
f7f43000-f7f4b000 rw-s 00000000 08:04 151833492                          /tmp/hsperfdata_almalinux/6401 (deleted)
f7f4b000-f7f4c000 ---p 00000000 00:00 0 
f7f4c000-f7f4d000 r--p 00000000 00:00 0 
f7f4d000-f7f4f000 rw-p 00000000 00:00 0 
f7f4f000-f7f53000 r--p 00000000 00:00 0                                  [vvar]
f7f53000-f7f55000 r-xp 00000000 00:00 0                                  [vdso]
f7f55000-f7f84000 r-xp 00000000 08:04 16831749                           /usr/lib/ld-2.28.so
f7f84000-f7f85000 ---p 00000000 00:00 0 
f7f85000-f7f86000 r--p 0002f000 08:04 16831749                           /usr/lib/ld-2.28.so
f7f86000-f7f87000 rw-p 00030000 08:04 16831749                           /usr/lib/ld-2.28.so
ffc4e000-ffc4f000 rwxp 00000000 00:00 0 
ffd57000-ffe13000 rw-p 00000000 00:00 0                                  [stack]


VM Arguments:
jvm_args: -Xms128m -Xmx512m -Xss768k -XX:MaxMetaspaceSize=96m -Xrs -XX:-UsePerfData -XX:-AllowUserSignalHandlers -XX:UseSSE=3 -XX+DoEscapeAnalysis -XX:AutoBoxCacheMax:2000 -XX:+OptimizeStringConcat -XX:+OptimizeFill -XX:+EliminateAutoBox -XX:+UseCompressedStrings -XX:+UseCompressedOops -XX:+EliminateLocks -XX:UseFastAccessorMethods -XX:+UseStringCache -XgcPrio:throughput -XXkeepAreaRatio:1 -XXlazyUnlocking -XXcallProfiling -XXcompactRatio:1 
java_command: <unknown>
java_class_path (initial): ../../data/sku.0/sys.server/compiled/game/
Launcher Type: generic

[Global flags]
     intx CICompilerCount                          = 3                                         {product} {ergonomic}
     uint ConcGCThreads                            = 1                                         {product} {ergonomic}
     uint G1ConcRefinementThreads                  = 4                                         {product} {ergonomic}
   size_t G1HeapRegionSize                         = 1048576                                   {product} {ergonomic}
    uintx GCDrainStackTargetSize                   = 64                                        {product} {ergonomic}
   size_t InitialHeapSize                          = 134217728                                 {product} {command line}
   size_t MarkStackSize                            = 32768                                     {product} {ergonomic}
   size_t MaxHeapSize                              = 536870912                                 {product} {command line}
   size_t MaxMetaspaceSize                         = 100663296                                 {product} {command line}
   size_t MaxNewSize                               = 321912832                                 {product} {ergonomic}
   size_t MinHeapDeltaBytes                        = 1048576                                   {product} {ergonomic}
   size_t MinHeapSize                              = 134217728                                 {product} {command line}
    uintx NonNMethodCodeHeapSize                   = 5544422                                {pd product} {ergonomic}
    uintx NonProfiledCodeHeapSize                  = 123056909                              {pd product} {ergonomic}
    uintx ProfiledCodeHeapSize                     = 123056909                              {pd product} {ergonomic}
    uintx ReservedCodeCacheSize                    = 251658240                              {pd product} {ergonomic}
     bool SegmentedCodeCache                       = true                                      {product} {ergonomic}
   size_t SoftMaxHeapSize                          = 536870912                              {manageable} {ergonomic}
   double SweeperThreshold                         = 0.500000                                  {product} {ergonomic}
     intx ThreadStackSize                          = 768                                    {pd product} {command line}
     bool UseG1GC                                  = true                                      {product} {ergonomic}

Logging:
Log output configuration:
 #0: stdout all=off uptime,level,tags
 #1: stderr all=off uptime,level,tags

Environment Variables:
JAVA_HOME=/usr/lib/jvm/zulu-17-x86
PATH=/usr/java/jdk1.7.0_80/bin:/usr/java/jdk1.7.0_80/bin:/usr/java/jdk1.6.0_45/bin:/usr/java/jdk1.6.0_45/bin:/usr/java/jdk1.6.0_45/bin:/home/almalinux/.local/bin:/home/almalinux/bin:/sbin:/bin:/usr/bin:/usr/local/bin:/usr/local/sbin:/usr/sbin:/usr/lib/oracle/18.3/client/bin:/usr/lib/oracle/18.3/client/bin:/usr/lib/jvm/java-11-openjdk/bin:./
LD_LIBRARY_PATH=/usr/lib/jvm/java-17-zulu-openjdk-jdk-x86/lib/server:/usr/lib/jvm/java-17-zulu-openjdk-jdk-x86/lib:/usr/lib/jvm/java-17-zulu-openjdk-jdk-x86/../lib:/usr/lib/jvm/zulu-17-x86/lib/server:/usr/lib/jvm/java-11-openjdk/lib:/usr/lib/jvm/java-11-openjdk/lib/server:./
SHELL=/bin/bash
DISPLAY=:10.0
LANG=en_US.UTF-8
TERM=xterm-256color

Active Locale:
LC_ALL=en_US.UTF-8
LC_COLLATE=en_US.UTF-8
LC_CTYPE=en_US.UTF-8
LC_MESSAGES=en_US.UTF-8
LC_MONETARY=en_US.UTF-8
LC_NUMERIC=en_US.UTF-8
LC_TIME=en_US.UTF-8

Signal Handlers:
   SIGSEGV: crash_handler in libjvm.so, mask=11100100010111111101111111111110, flags=SA_RESTART|SA_SIGINFO, unblocked
    SIGBUS: crash_handler in libjvm.so, mask=11100100010111111101111111111110, flags=SA_RESTART|SA_SIGINFO, unblocked
    SIGFPE: crash_handler in libjvm.so, mask=11100100010111111101111111111110, flags=SA_RESTART|SA_SIGINFO, unblocked
   SIGPIPE: SIG_IGN, mask=00000000000010000000000000000000, flags=SA_RESTART, blocked
  *** Handler was modified!
  *** Expected: javaSignalHandler in libjvm.so, mask=11100100110111111111111111111110, flags=SA_RESTART|SA_SIGINFO
   SIGXFSZ: javaSignalHandler in libjvm.so, mask=11100100010111111101111111111110, flags=SA_RESTART|SA_SIGINFO, blocked
    SIGILL: crash_handler in libjvm.so, mask=11100100010111111101111111111110, flags=SA_RESTART|SA_SIGINFO, unblocked
   SIGUSR2: SR_handler in libjvm.so, mask=00100000000000000000000000000000, flags=SA_RESTART|SA_SIGINFO, blocked
    SIGHUP: UserHandler in libjvm.so, mask=11100100010111111101111111111110, flags=SA_RESTART|SA_SIGINFO, blocked
    SIGINT: UserHandler in libjvm.so, mask=11100100010111111101111111111110, flags=SA_RESTART|SA_SIGINFO, blocked
   SIGTERM: UserHandler in libjvm.so, mask=11100100010111111101111111111110, flags=SA_RESTART|SA_SIGINFO, blocked
   SIGQUIT: UserHandler in libjvm.so, mask=11100100010111111101111111111110, flags=SA_RESTART|SA_SIGINFO, blocked
   SIGTRAP: crash_handler in libjvm.so, mask=11100100010111111101111111111110, flags=SA_RESTART|SA_SIGINFO, unblocked


Periodic native trim disabled


---------------  S Y S T E M  ---------------

OS:
AlmaLinux release 8.10 (Cerulean Leopard)
uname: Linux 4.18.0-553.81.1.el8_10.x86_64 #1 SMP Mon Oct 27 11:29:19 EDT 2025 x86_64
OS uptime: 0 days 1:16 hours
libc: glibc 2.28 NPTL 2.28 
rlimit (soft/hard): STACK 8192k/infinity , CORE 0k/infinity , NPROC 61995/61995 , NOFILE 262144/262144 , AS infinity/infinity , CPU infinity/infinity , DATA infinity/infinity , FSIZE infinity/infinity , MEMLOCK 64k/64k
load average: 61.51 50.05 43.75

/proc/meminfo:
MemTotal:       16014448 kB
MemFree:         6229348 kB
MemAvailable:    7194800 kB
Buffers:              72 kB
Cached:          1718440 kB
SwapCached:         1396 kB
Active:          1558124 kB
Inactive:        6961496 kB
Active(anon):    1095328 kB
Inactive(anon):  6829464 kB
Active(file):     462796 kB
Inactive(file):   132032 kB
Unevictable:        3088 kB
Mlocked:               0 kB
SwapTotal:       8388604 kB
SwapFree:        8285336 kB
Dirty:              2308 kB
Writeback:             0 kB
AnonPages:       6802864 kB
Mapped:           652804 kB
Shmem:           1123684 kB
KReclaimable:     559956 kB
Slab:             741368 kB
SReclaimable:     559956 kB
SUnreclaim:       181412 kB
KernelStack:       18512 kB
PageTables:       125012 kB
NFS_Unstable:          0 kB
Bounce:                0 kB
WritebackTmp:          0 kB
CommitLimit:    16395828 kB
Committed_AS:   18024664 kB
VmallocTotal:   34359738367 kB
VmallocUsed:       64804 kB
VmallocChunk:          0 kB
Percpu:             2688 kB
HardwareCorrupted:     0 kB
AnonHugePages:         0 kB
ShmemHugePages:        0 kB
ShmemPmdMapped:        0 kB
FileHugePages:         0 kB
FilePmdMapped:         0 kB
HugePages_Total:       0
HugePages_Free:        0
HugePages_Rsvd:        0
HugePages_Surp:        0
Hugepagesize:       2048 kB
Hugetlb:               0 kB
DirectMap4k:      569196 kB
DirectMap2M:    15814656 kB

/sys/kernel/mm/transparent_hugepage/enabled: always madvise [never]
/sys/kernel/mm/transparent_hugepage/hpage_pmd_size: 2097152
/sys/kernel/mm/transparent_hugepage/defrag (defrag/compaction efforts parameter): always defer defer+madvise [madvise] never

Process Memory:
Virtual Size: 1352892K (peak: 1372264K)
Resident Set Size: 594448K (peak: 628460K) (anon: 578792K, file: 15656K, shmem: 0K)
Swapped out: 0K
C-Heap outstanding allocations: 31841K, retained: 411378K
glibc malloc tunables: (default)

/proc/sys/kernel/threads-max (system-wide limit on the number of threads): 123991
/proc/sys/vm/max_map_count (maximum number of memory map areas a process may have): 1677720
/proc/sys/kernel/pid_max (system-wide limit on number of process identifiers): 4194304

container (cgroup) information:
container_type: cgroupv1
cpu_cpuset_cpus: 0-3
cpu_memory_nodes: 0
active_processor_count: 4
cpu_quota: no quota
cpu_period: 100000
cpu_shares: no shares
memory_limit_in_bytes: unlimited
memory_and_swap_limit_in_bytes: unlimited
memory_soft_limit_in_bytes: unlimited
memory_usage_in_bytes: 8239872 k
memory_max_usage_in_bytes: 14527228 k
kernel_memory_usage_in_bytes: 588896 k
kernel_memory_max_usage_in_bytes: unlimited
kernel_memory_limit_in_bytes: 615976 k
maximum number of tasks: unlimited
current number of tasks: 426

KVM virtualization detected
Steal ticks since vm start: 560
Steal ticks percentage since vm start:  0.000

CPU: total 4 (initial active 4) (1 cores per cpu, 1 threads per core) family 6 model 60 stepping 1 microcode 0x1, cx8, cmov, fxsr, mmx, sse, sse2, sse3, ssse3, sse4.1, sse4.2, popcnt, lzcnt, tsc, avx, avx2, aes, erms, clmul, bmi1, bmi2, fma, vzeroupper, clflush, hv
CPU Model and flags from /proc/cpuinfo:
model name	: Intel Core Processor (Haswell, no TSX)
flags		: fpu vme de pse tsc msr pae mce cx8 apic sep mtrr pge mca cmov pat pse36 clflush mmx fxsr sse sse2 syscall nx rdtscp lm constant_tsc rep_good nopl xtopology cpuid tsc_known_freq pni pclmulqdq vmx ssse3 fma cx16 pcid sse4_1 sse4_2 x2apic movbe popcnt tsc_deadline_timer aes xsave avx f16c rdrand hypervisor lahf_lm abm cpuid_fault invpcid_single pti tpr_shadow vnmi flexpriority ept vpid ept_ad fsgsbase bmi1 avx2 smep bmi2 erms invpcid xsaveopt arat md_clear

Online cpus: 0-3
Offline cpus: 
BIOS frequency limitation: <Not Available>
Frequency switch latency (ns): <Not Available>
Available cpu frequencies: <Not Available>
Current governor: <Not Available>
Core performance/turbo boost: <Not Available>

Memory: 4k page, physical 16014448k(6229348k free), swap 8388604k(8285336k free)
Page Sizes: 4k

vm_info: OpenJDK Server VM (17.0.11+9-LTS) for linux-x86 JRE (17.0.11+9-LTS) (Zulu17.50+19-CA), built on Apr  9 2024 07:14:46 by "zulu_re" with gcc 8.3.0

END.
