#
# A fatal error has been detected by the Java Runtime Environment:
#
#  SIGSEGV (0xb) at pc=0xf78be618, pid=1430748, tid=1430748
#
# JRE version: OpenJDK Runtime Environment Zulu17.50+19-CA (17.0.11+9) (build 17.0.11+9-LTS)
# Java VM: OpenJDK Server VM Zulu17.50+19-CA (17.0.11+9-LTS, mixed mode, sharing, tiered, g1 gc, linux-x86)
# Problematic frame:
# C  [libc.so.6+0x84618]  cfree+0x28
#
# Core dump will be written. Default location: Core dumps may be processed with "/usr/lib/systemd/systemd-coredump %P %u %g %s %t %c %h %e" (or dumping to /home/almalinux/swg-returns-nge/exe/linux/core.1430748)
#
# If you would like to submit a bug report, please visit:
#   http://www.azul.com/support/
#

---------------  S U M M A R Y ------------

Command Line: -Xms128m -Xmx512m -Xss768k -XX:MaxMetaspaceSize=96m -Xrs -XX:-UsePerfData -XX:-AllowUserSignalHandlers -XX:UseSSE=3 -XX+DoEscapeAnalysis -XX:AutoBoxCacheMax:2000 -XX:+OptimizeStringConcat -XX:+OptimizeFill -XX:+EliminateAutoBox -XX:+UseCompressedStrings -XX:+UseCompressedOops -XX:+EliminateLocks -XX:UseFastAccessorMethods -XX:+UseStringCache -XgcPrio:throughput -XXkeepAreaRatio:1 -XXlazyUnlocking -XXcallProfiling -XXcompactRatio:1 

Host: Intel Core Processor (Haswell, no TSX), 4 cores, 15G, AlmaLinux release 8.10 (Cerulean Leopard)
Time: Sun Jan 25 20:24:31 2026 UTC elapsed time: 10.490793 seconds (0d 0h 0m 10s)

---------------  T H R E A D  ---------------

Current thread (0x0b81eeb0):  JavaThread "Thread-0" [_thread_in_vm, id=1430748, stack(0xff7a9000,0xff869000)]

Stack: [0xff7a9000,0xff869000],  sp=0xff866850,  free space=758k
Native frames: (J=compiled Java code, j=interpreted, Vv=VM code, C=native code)
C  [libc.so.6+0x84618]  cfree+0x28
C  [SwgGameServer+0x6ae8e4]  SkillObject::load(DataTable&, std::__cxx11::basic_string<char, std::char_traits<char>, std::allocator<char> > const&)+0x184
C  [SwgGameServer+0x6b06d2]  SkillManager::loadSkill(std::__cxx11::basic_string<char, std::char_traits<char>, std::allocator<char> > const&)+0xe2
C  [SwgGameServer+0x6ac6cd]  SkillObject::connectLinks(DataTable&, std::__cxx11::basic_string<char, std::char_traits<char>, std::allocator<char> > const&)+0x15d
C  [SwgGameServer+0x6ae8c3]  SkillObject::load(DataTable&, std::__cxx11::basic_string<char, std::char_traits<char>, std::allocator<char> > const&)+0x163
C  [SwgGameServer+0x6b06d2]  SkillManager::loadSkill(std::__cxx11::basic_string<char, std::char_traits<char>, std::allocator<char> > const&)+0xe2
C  [SwgGameServer+0x6ac6cd]  SkillObject::connectLinks(DataTable&, std::__cxx11::basic_string<char, std::char_traits<char>, std::allocator<char> > const&)+0x15d
C  [SwgGameServer+0x6ae8c3]  SkillObject::load(DataTable&, std::__cxx11::basic_string<char, std::char_traits<char>, std::allocator<char> > const&)+0x163
C  [SwgGameServer+0x6b06d2]  SkillManager::loadSkill(std::__cxx11::basic_string<char, std::char_traits<char>, std::allocator<char> > const&)+0xe2
C  [SwgGameServer+0x6ac6cd]  SkillObject::connectLinks(DataTable&, std::__cxx11::basic_string<char, std::char_traits<char>, std::allocator<char> > const&)+0x15d
C  [SwgGameServer+0x6ae9db]  SkillObject::load(DataTable&, std::__cxx11::basic_string<char, std::char_traits<char>, std::allocator<char> > const&)+0x27b
C  [SwgGameServer+0x6b06d2]  SkillManager::loadSkill(std::__cxx11::basic_string<char, std::char_traits<char>, std::allocator<char> > const&)+0xe2
C  [SwgGameServer+0x6b0887]  SkillManager::getRoot()+0x37
C  [SwgGameServer+0x6b0c5d]  SkillManager::install()+0x3d
C  [SwgGameServer+0x6b0cc8]  SkillManager::getInstance()+0x18
C  [SwgGameServer+0xd509ae]  ExpertiseManager::install()+0x6e
C  [SwgGameServer+0x4b44f4]  main+0x294


siginfo: si_signo: 11 (SIGSEGV), si_code: 1 (SEGV_MAPERR), si_addr: 0x0000a19f

Registers:
EAX=0x00000000, EBX=0x0000a1a3, ECX=0x0a1a3ca0, EDX=0x0a1a3ca8
ESP=0xff866850, EBP=0xff866948, ESI=0xf79df000, EDI=0x0bba6510
EIP=0xf78be618, EFLAGS=0x00210206, CR2=0x000000000000a19f


Register to memory mapping:

EAX=0x0 is NULL
EBX=0x0000a1a3 is an unknown value
ECX=0x0a1a3ca0 points into unknown readable memory: 0x0000a1a3 | a3 a1 00 00
EDX=0x0a1a3ca8 points into unknown readable memory: 0x00000018 | 18 00 00 00
ESP=0xff866850 is pointing into the stack for thread: 0x0b81eeb0
EBP=0xff866948 is pointing into the stack for thread: 0x0b81eeb0
ESI=0xf79df000: <offset 0x001a5000> in /lib/libc.so.6 at 0xf783a000
EDI=0x0bba6510 points into unknown readable memory: 0x08ec0644 | 44 06 ec 08


Top of Stack: (sp=0xff866850)
0xff866850:   00000014 0b940270 00000853 0873fb8c
0xff866860:   f7b4e4e0 f7c62a04 0a1a3cb8 f7b4bf1c
0xff866870:   0000a1a3 0ba023b0 00000013 0ba48c10
0xff866880:   ff8668c8 f7b4bf0a ff8668c8 086f4839
0xff866890:   0000a1a3 0ba023b0 0ba023c3 00000000
0xff8668a0:   ff8668bc 0b96ca30 09ab1870 0bba6510
0xff8668b0:   ff866918 ff866900 0a1a3ca0 0a1a3ca0
0xff8668c0:   ff866918 0bba6578 0bba50b0 00000013
0xff8668d0:   00000013 00000000 08f6daa2 00000000
0xff8668e0:   00000020 f79df760 0baba580 0bba6578
0xff8668f0:   0000001f 00000021 f78be02d 00000000
0xff866900:   ff866908 00000000 00000000 00650073
0xff866910:   00650065 006b7261 ff866920 00000000
0xff866920:   f7b4e400 0000001f 0ba02380 08578965
0xff866930:   0bba6630 0ba02380 0000001f 0bba6510
0xff866940:   0b940270 00000853 ff866a08 086f68e4
0xff866950:   0bba6510 0b940270 00000853 00000000
0xff866960:   00000024 0ba02380 ff866978 ff866970
0xff866970:   0bba6630 0000001f 0000001f 00000000
0xff866980:   00000000 00000000 00000000 00000000
0xff866990:   00000000 00000000 00000000 00000000
0xff8669a0:   0bba6440 00000013 00000013 0000084d
0xff8669b0:   00000001 0000001f 00000000 00000000
0xff8669c0:   00000000 00000000 00000000 00000000
0xff8669d0:   00000000 00000000 00000000 00000000
0xff8669e0:   00000000 00000000 00000000 00000000
0xff8669f0:   00000084 0000001f c70f6907 0bba6510
0xff866a00:   0b96c9d0 ff866ad8 ff866a78 086f86d2
0xff866a10:   0bba6510 0b940270 ff866ad8 ff866a44
0xff866a20:   0b96c9f0 00000c7b ff866ad8 0b96c9f0
0xff866a30:   0bba65d0 00000001 c70f6907 00000000
0xff866a40:   ff866ad8 ff866a4c 00000000 00000000 

Instructions: (pc=0xf78be618)
0xf78be518:   50 8d 96 86 f7 fa ff 8d 86 d0 2f fb ff e8 c6 b7
0xf78be528:   ff ff 8d b6 00 00 00 00 bb 20 00 00 00 e9 5e fe
0xf78be538:   ff ff e8 a1 c0 ff ff 89 c5 85 c0 0f 85 68 ff ff
0xf78be548:   ff 31 d2 8d 44 3b 10 e8 8c c1 ff ff 89 da 89 f9
0xf78be558:   89 c5 e8 11 f0 ff ff 89 c2 85 c0 75 1b 85 ed 74
0xf78be568:   17 90 89 fa 89 e8 e8 bd c5 ff ff 89 da 89 f9 89
0xf78be578:   c5 e8 f2 ef ff ff 89 c2 85 ed 0f 84 57 ff ff ff
0xf78be588:   e9 39 ff ff ff 8d 86 b8 31 fb ff 83 ec 0c b9 25
0xf78be598:   0d 00 00 50 8d 96 86 f7 fa ff 8d 86 74 2f fb ff
0xf78be5a8:   e8 43 b7 ff ff 8d 76 00 f3 0f 1e fb e8 0a 9a f9
0xf78be5b8:   ff 05 47 0a 12 00 56 53 83 ec 04 8b 5c 24 10 8b
0xf78be5c8:   74 24 14 8b 80 50 ff ff ff c7 00 00 00 00 00 e8
0xf78be5d8:   54 bb ff ff 8b 4c 24 0c 83 c4 04 89 f2 89 d8 5b
0xf78be5e8:   5e e9 42 fd ff ff 66 90 f3 0f 1e fb 56 e8 9a 9b
0xf78be5f8:   f9 ff 81 c6 06 0a 12 00 53 83 ec 14 8b 5c 24 20
0xf78be608:   8b 86 5c ff ff ff 8b 00 85 c0 75 6c 85 db 74 75
0xf78be618:   8b 4b fc 8d 53 f8 f6 c1 02 75 35 8b 86 70 fe ff
0xf78be628:   ff 65 8b 00 85 c0 0f 84 8c 00 00 00 83 e1 04 8d
0xf78be638:   86 60 07 00 00 74 09 89 d0 25 00 00 f0 ff 8b 00
0xf78be648:   83 c4 14 31 c9 5b 5e e9 8c cb ff ff 8d 74 26 00
0xf78be658:   8b 9e 60 01 00 00 85 db 75 10 3b 8e 48 01 00 00
0xf78be668:   76 08 81 f9 00 00 08 00 76 26 83 c4 14 89 d0 5b
0xf78be678:   5e e9 92 b8 ff ff 66 90 83 ec 08 ff 74 24 24 53
0xf78be688:   ff d0 83 c4 10 83 c4 14 5b 5e c3 8d 74 26 00 90
0xf78be698:   39 96 80 1d 00 00 77 08 39 96 7c 1d 00 00 77 ca
0xf78be6a8:   83 e1 f8 8d 04 09 89 8e 48 01 00 00 89 86 40 01
0xf78be6b8:   00 00 90 eb b5 8d 76 00 8b 86 74 fe ff ff 65 80
0xf78be6c8:   38 00 0f 85 64 ff ff ff 89 54 24 0c e8 97 ed ff
0xf78be6d8:   ff 8b 4b fc 8b 54 24 0c e9 4f ff ff ff 8d b4 26
0xf78be6e8:   00 00 00 00 8d 74 26 00 f3 0f 1e fb 55 57 56 e8
0xf78be6f8:   98 9a f9 ff 81 c6 04 09 12 00 53 83 ec 0c 8b 86
0xf78be708:   70 fe ff ff 8b 96 74 fe ff ff 65 8b 28 65 c6 02 


Stack slot to memory mapping:
stack at sp + 0 slots: 0x00000014 is an unknown value
stack at sp + 1 slots: 0x0b940270 points into unknown readable memory: 0x08ec2f00 | 00 2f ec 08
stack at sp + 2 slots: 0x00000853 is an unknown value
stack at sp + 3 slots: 0x0873fb8c: _ZNK9DataTable14getStringValueERKNSt7__cxx1112basic_stringIcSt11char_traitsIcESaIcEEEi+0x0000001c in bin/SwgGameServer at 0x08048000
stack at sp + 4 slots: 0xf7b4e4e0: _Znwj+0x00000010 in /lib/libstdc++.so.6 at 0xf7ad4000
stack at sp + 5 slots: 0xf7c62a04: <offset 0x0018ea04> in /lib/libstdc++.so.6 at 0xf7ad4000
stack at sp + 6 slots: 0x0a1a3cb8 points into unknown readable memory: 0x0bba5740 | 40 57 ba 0b
stack at sp + 7 slots: 0xf7b4bf1c: _ZdlPv+0x0000001c in /lib/libstdc++.so.6 at 0xf7ad4000


---------------  P R O C E S S  ---------------

Threads class SMR info:
_java_thread_list=0x0b82b720, length=13, elements={
0xf5e242d0, 0xc42970c0, 0xc4298180, 0xc429d060,
0xc429e090, 0xc429f450, 0xc42a0580, 0xc42a11e0,
0xc42cdb10, 0x0b81eeb0, 0x0b81fe90, 0x0b82ac10,
0xc3f00e80
}

Java Threads: ( => current thread )
  0xf5e242d0 JavaThread "main" [_thread_in_native, id=1431177, stack(0xf5f97000,0xf6797000)]
  0xc42970c0 JavaThread "Reference Handler" daemon [_thread_blocked, id=1431301, stack(0xc333f000,0xc3400000)]
  0xc4298180 JavaThread "Finalizer" daemon [_thread_blocked, id=1431307, stack(0xc327e000,0xc333f000)]
  0xc429d060 JavaThread "Service Thread" daemon [_thread_blocked, id=1431323, stack(0xc1c04000,0xc1cc5000)]
  0xc429e090 JavaThread "Monitor Deflation Thread" daemon [_thread_blocked, id=1431324, stack(0xc1b43000,0xc1c04000)]
  0xc429f450 JavaThread "C2 CompilerThread0" daemon [_thread_blocked, id=1431330, stack(0xc3531000,0xc35b2000)]
  0xc42a0580 JavaThread "C1 CompilerThread0" daemon [_thread_blocked, id=1431341, stack(0xc1ac2000,0xc1b43000)]
  0xc42a11e0 JavaThread "Sweeper thread" daemon [_thread_blocked, id=1431358, stack(0xc1a01000,0xc1ac2000)]
  0xc42cdb10 JavaThread "Notification Thread" daemon [_thread_blocked, id=1431374, stack(0xc1940000,0xc1a01000)]
=>0x0b81eeb0 JavaThread "Thread-0" [_thread_in_vm, id=1430748, stack(0xff7a9000,0xff869000)]
  0x0b81fe90 JavaThread "Common-Cleaner" daemon [_thread_blocked, id=1431392, stack(0xc17fe000,0xc18bf000)]
  0x0b82ac10 JavaThread "obj_id_cleanup_Thread" daemon [_thread_blocked, id=1431409, stack(0xc173d000,0xc17fe000)]
  0xc3f00e80 JavaThread "SIGINT handler" daemon [_thread_blocked, id=1431601, stack(0xc1513000,0xc15d4000)]

Other Threads:
  0xc4294cf0 VMThread "VM Thread" [stack: 0xc35b3000,0xc3633000] [id=1431294]
  0xf5e8ad10 GCTaskThread "GC Thread#0" [stack: 0xf5f16000,0xf5f96000] [id=1431228]
  0xf5e8dd20 ConcurrentGCThread "G1 Main Marker" terminated
  0xf5e8e9e0 ConcurrentGCThread "G1 Conc#0" [stack: 0xc4580000,0xc4600000] [id=1431250]
  0xc4205a80 ConcurrentGCThread "G1 Refine#0" terminated
  0xc42066a0 ConcurrentGCThread "G1 Service" terminated

Threads with active compile tasks:

VM state: at safepoint (shutting down)

VM Mutex/Monitor currently owned by a thread:  ([mutex/lock_event])
[0xf5e21d30] Threads_lock - owner thread: 0xc4294cf0
[0xf5e22290] Heap_lock - owner thread: 0xc3f00e80

GC Precious Log:
 CPUs: 4 total, 4 available
 Memory: 15639M
 Large Page Support: Disabled
 NUMA Support: Disabled
 Compressed Oops: Disabled
 Heap Region Size: 1M
 Heap Min Capacity: 128M
 Heap Initial Capacity: 128M
 Heap Max Capacity: 512M
 Pre-touch: Disabled
 Parallel Workers: 4
 Concurrent Workers: 1
 Concurrent Refinement Workers: 4
 Periodic GC: Disabled

Heap:
 garbage-first heap   total 131072K, used 1024K [0xc5c00000, 0xe5c00000)
  region size 1024K, 3 young (3072K), 0 survivors (0K)
 Metaspace       used 1083K, committed 1152K, reserved 16384K

Heap Regions: E=young(eden), S=young(survivor), O=old, HS=humongous(starts), HC=humongous(continues), CS=collection set, F=free, OA=open archive, CA=closed archive, TAMS=top-at-mark-start (previous, next)
|   0|0xc5c00000, 0xc5c00000, 0xc5d00000|  0%| F|  |TAMS 0xc5c00000, 0xc5c00000| Untracked 
|   1|0xc5d00000, 0xc5d00000, 0xc5e00000|  0%| F|  |TAMS 0xc5d00000, 0xc5d00000| Untracked 
|   2|0xc5e00000, 0xc5e00000, 0xc5f00000|  0%| F|  |TAMS 0xc5e00000, 0xc5e00000| Untracked 
|   3|0xc5f00000, 0xc5f00000, 0xc6000000|  0%| F|  |TAMS 0xc5f00000, 0xc5f00000| Untracked 
|   4|0xc6000000, 0xc6000000, 0xc6100000|  0%| F|  |TAMS 0xc6000000, 0xc6000000| Untracked 
|   5|0xc6100000, 0xc6100000, 0xc6200000|  0%| F|  |TAMS 0xc6100000, 0xc6100000| Untracked 
|   6|0xc6200000, 0xc6200000, 0xc6300000|  0%| F|  |TAMS 0xc6200000, 0xc6200000| Untracked 
|   7|0xc6300000, 0xc6300000, 0xc6400000|  0%| F|  |TAMS 0xc6300000, 0xc6300000| Untracked 
|   8|0xc6400000, 0xc6400000, 0xc6500000|  0%| F|  |TAMS 0xc6400000, 0xc6400000| Untracked 
|   9|0xc6500000, 0xc6500000, 0xc6600000|  0%| F|  |TAMS 0xc6500000, 0xc6500000| Untracked 
|  10|0xc6600000, 0xc6600000, 0xc6700000|  0%| F|  |TAMS 0xc6600000, 0xc6600000| Untracked 
|  11|0xc6700000, 0xc6700000, 0xc6800000|  0%| F|  |TAMS 0xc6700000, 0xc6700000| Untracked 
|  12|0xc6800000, 0xc6800000, 0xc6900000|  0%| F|  |TAMS 0xc6800000, 0xc6800000| Untracked 
|  13|0xc6900000, 0xc6900000, 0xc6a00000|  0%| F|  |TAMS 0xc6900000, 0xc6900000| Untracked 
|  14|0xc6a00000, 0xc6a00000, 0xc6b00000|  0%| F|  |TAMS 0xc6a00000, 0xc6a00000| Untracked 
|  15|0xc6b00000, 0xc6b00000, 0xc6c00000|  0%| F|  |TAMS 0xc6b00000, 0xc6b00000| Untracked 
|  16|0xc6c00000, 0xc6c00000, 0xc6d00000|  0%| F|  |TAMS 0xc6c00000, 0xc6c00000| Untracked 
|  17|0xc6d00000, 0xc6d00000, 0xc6e00000|  0%| F|  |TAMS 0xc6d00000, 0xc6d00000| Untracked 
|  18|0xc6e00000, 0xc6e00000, 0xc6f00000|  0%| F|  |TAMS 0xc6e00000, 0xc6e00000| Untracked 
|  19|0xc6f00000, 0xc6f00000, 0xc7000000|  0%| F|  |TAMS 0xc6f00000, 0xc6f00000| Untracked 
|  20|0xc7000000, 0xc7000000, 0xc7100000|  0%| F|  |TAMS 0xc7000000, 0xc7000000| Untracked 
|  21|0xc7100000, 0xc7100000, 0xc7200000|  0%| F|  |TAMS 0xc7100000, 0xc7100000| Untracked 
|  22|0xc7200000, 0xc7200000, 0xc7300000|  0%| F|  |TAMS 0xc7200000, 0xc7200000| Untracked 
|  23|0xc7300000, 0xc7300000, 0xc7400000|  0%| F|  |TAMS 0xc7300000, 0xc7300000| Untracked 
|  24|0xc7400000, 0xc7400000, 0xc7500000|  0%| F|  |TAMS 0xc7400000, 0xc7400000| Untracked 
|  25|0xc7500000, 0xc7500000, 0xc7600000|  0%| F|  |TAMS 0xc7500000, 0xc7500000| Untracked 
|  26|0xc7600000, 0xc7600000, 0xc7700000|  0%| F|  |TAMS 0xc7600000, 0xc7600000| Untracked 
|  27|0xc7700000, 0xc7700000, 0xc7800000|  0%| F|  |TAMS 0xc7700000, 0xc7700000| Untracked 
|  28|0xc7800000, 0xc7800000, 0xc7900000|  0%| F|  |TAMS 0xc7800000, 0xc7800000| Untracked 
|  29|0xc7900000, 0xc7900000, 0xc7a00000|  0%| F|  |TAMS 0xc7900000, 0xc7900000| Untracked 
|  30|0xc7a00000, 0xc7a00000, 0xc7b00000|  0%| F|  |TAMS 0xc7a00000, 0xc7a00000| Untracked 
|  31|0xc7b00000, 0xc7b00000, 0xc7c00000|  0%| F|  |TAMS 0xc7b00000, 0xc7b00000| Untracked 
|  32|0xc7c00000, 0xc7c00000, 0xc7d00000|  0%| F|  |TAMS 0xc7c00000, 0xc7c00000| Untracked 
|  33|0xc7d00000, 0xc7d00000, 0xc7e00000|  0%| F|  |TAMS 0xc7d00000, 0xc7d00000| Untracked 
|  34|0xc7e00000, 0xc7e00000, 0xc7f00000|  0%| F|  |TAMS 0xc7e00000, 0xc7e00000| Untracked 
|  35|0xc7f00000, 0xc7f00000, 0xc8000000|  0%| F|  |TAMS 0xc7f00000, 0xc7f00000| Untracked 
|  36|0xc8000000, 0xc8000000, 0xc8100000|  0%| F|  |TAMS 0xc8000000, 0xc8000000| Untracked 
|  37|0xc8100000, 0xc8100000, 0xc8200000|  0%| F|  |TAMS 0xc8100000, 0xc8100000| Untracked 
|  38|0xc8200000, 0xc8200000, 0xc8300000|  0%| F|  |TAMS 0xc8200000, 0xc8200000| Untracked 
|  39|0xc8300000, 0xc8300000, 0xc8400000|  0%| F|  |TAMS 0xc8300000, 0xc8300000| Untracked 
|  40|0xc8400000, 0xc8400000, 0xc8500000|  0%| F|  |TAMS 0xc8400000, 0xc8400000| Untracked 
|  41|0xc8500000, 0xc8500000, 0xc8600000|  0%| F|  |TAMS 0xc8500000, 0xc8500000| Untracked 
|  42|0xc8600000, 0xc8600000, 0xc8700000|  0%| F|  |TAMS 0xc8600000, 0xc8600000| Untracked 
|  43|0xc8700000, 0xc8700000, 0xc8800000|  0%| F|  |TAMS 0xc8700000, 0xc8700000| Untracked 
|  44|0xc8800000, 0xc8800000, 0xc8900000|  0%| F|  |TAMS 0xc8800000, 0xc8800000| Untracked 
|  45|0xc8900000, 0xc8900000, 0xc8a00000|  0%| F|  |TAMS 0xc8900000, 0xc8900000| Untracked 
|  46|0xc8a00000, 0xc8a00000, 0xc8b00000|  0%| F|  |TAMS 0xc8a00000, 0xc8a00000| Untracked 
|  47|0xc8b00000, 0xc8b00000, 0xc8c00000|  0%| F|  |TAMS 0xc8b00000, 0xc8b00000| Untracked 
|  48|0xc8c00000, 0xc8c00000, 0xc8d00000|  0%| F|  |TAMS 0xc8c00000, 0xc8c00000| Untracked 
|  49|0xc8d00000, 0xc8d00000, 0xc8e00000|  0%| F|  |TAMS 0xc8d00000, 0xc8d00000| Untracked 
|  50|0xc8e00000, 0xc8e00000, 0xc8f00000|  0%| F|  |TAMS 0xc8e00000, 0xc8e00000| Untracked 
|  51|0xc8f00000, 0xc8f00000, 0xc9000000|  0%| F|  |TAMS 0xc8f00000, 0xc8f00000| Untracked 
|  52|0xc9000000, 0xc9000000, 0xc9100000|  0%| F|  |TAMS 0xc9000000, 0xc9000000| Untracked 
|  53|0xc9100000, 0xc9100000, 0xc9200000|  0%| F|  |TAMS 0xc9100000, 0xc9100000| Untracked 
|  54|0xc9200000, 0xc9200000, 0xc9300000|  0%| F|  |TAMS 0xc9200000, 0xc9200000| Untracked 
|  55|0xc9300000, 0xc9300000, 0xc9400000|  0%| F|  |TAMS 0xc9300000, 0xc9300000| Untracked 
|  56|0xc9400000, 0xc9400000, 0xc9500000|  0%| F|  |TAMS 0xc9400000, 0xc9400000| Untracked 
|  57|0xc9500000, 0xc9500000, 0xc9600000|  0%| F|  |TAMS 0xc9500000, 0xc9500000| Untracked 
|  58|0xc9600000, 0xc9600000, 0xc9700000|  0%| F|  |TAMS 0xc9600000, 0xc9600000| Untracked 
|  59|0xc9700000, 0xc9700000, 0xc9800000|  0%| F|  |TAMS 0xc9700000, 0xc9700000| Untracked 
|  60|0xc9800000, 0xc9800000, 0xc9900000|  0%| F|  |TAMS 0xc9800000, 0xc9800000| Untracked 
|  61|0xc9900000, 0xc9900000, 0xc9a00000|  0%| F|  |TAMS 0xc9900000, 0xc9900000| Untracked 
|  62|0xc9a00000, 0xc9a00000, 0xc9b00000|  0%| F|  |TAMS 0xc9a00000, 0xc9a00000| Untracked 
|  63|0xc9b00000, 0xc9b00000, 0xc9c00000|  0%| F|  |TAMS 0xc9b00000, 0xc9b00000| Untracked 
|  64|0xc9c00000, 0xc9c00000, 0xc9d00000|  0%| F|  |TAMS 0xc9c00000, 0xc9c00000| Untracked 
|  65|0xc9d00000, 0xc9d00000, 0xc9e00000|  0%| F|  |TAMS 0xc9d00000, 0xc9d00000| Untracked 
|  66|0xc9e00000, 0xc9e00000, 0xc9f00000|  0%| F|  |TAMS 0xc9e00000, 0xc9e00000| Untracked 
|  67|0xc9f00000, 0xc9f00000, 0xca000000|  0%| F|  |TAMS 0xc9f00000, 0xc9f00000| Untracked 
|  68|0xca000000, 0xca000000, 0xca100000|  0%| F|  |TAMS 0xca000000, 0xca000000| Untracked 
|  69|0xca100000, 0xca100000, 0xca200000|  0%| F|  |TAMS 0xca100000, 0xca100000| Untracked 
|  70|0xca200000, 0xca200000, 0xca300000|  0%| F|  |TAMS 0xca200000, 0xca200000| Untracked 
|  71|0xca300000, 0xca300000, 0xca400000|  0%| F|  |TAMS 0xca300000, 0xca300000| Untracked 
|  72|0xca400000, 0xca400000, 0xca500000|  0%| F|  |TAMS 0xca400000, 0xca400000| Untracked 
|  73|0xca500000, 0xca500000, 0xca600000|  0%| F|  |TAMS 0xca500000, 0xca500000| Untracked 
|  74|0xca600000, 0xca600000, 0xca700000|  0%| F|  |TAMS 0xca600000, 0xca600000| Untracked 
|  75|0xca700000, 0xca700000, 0xca800000|  0%| F|  |TAMS 0xca700000, 0xca700000| Untracked 
|  76|0xca800000, 0xca800000, 0xca900000|  0%| F|  |TAMS 0xca800000, 0xca800000| Untracked 
|  77|0xca900000, 0xca900000, 0xcaa00000|  0%| F|  |TAMS 0xca900000, 0xca900000| Untracked 
|  78|0xcaa00000, 0xcaa00000, 0xcab00000|  0%| F|  |TAMS 0xcaa00000, 0xcaa00000| Untracked 
|  79|0xcab00000, 0xcab00000, 0xcac00000|  0%| F|  |TAMS 0xcab00000, 0xcab00000| Untracked 
|  80|0xcac00000, 0xcac00000, 0xcad00000|  0%| F|  |TAMS 0xcac00000, 0xcac00000| Untracked 
|  81|0xcad00000, 0xcad00000, 0xcae00000|  0%| F|  |TAMS 0xcad00000, 0xcad00000| Untracked 
|  82|0xcae00000, 0xcae00000, 0xcaf00000|  0%| F|  |TAMS 0xcae00000, 0xcae00000| Untracked 
|  83|0xcaf00000, 0xcaf00000, 0xcb000000|  0%| F|  |TAMS 0xcaf00000, 0xcaf00000| Untracked 
|  84|0xcb000000, 0xcb000000, 0xcb100000|  0%| F|  |TAMS 0xcb000000, 0xcb000000| Untracked 
|  85|0xcb100000, 0xcb100000, 0xcb200000|  0%| F|  |TAMS 0xcb100000, 0xcb100000| Untracked 
|  86|0xcb200000, 0xcb200000, 0xcb300000|  0%| F|  |TAMS 0xcb200000, 0xcb200000| Untracked 
|  87|0xcb300000, 0xcb300000, 0xcb400000|  0%| F|  |TAMS 0xcb300000, 0xcb300000| Untracked 
|  88|0xcb400000, 0xcb400000, 0xcb500000|  0%| F|  |TAMS 0xcb400000, 0xcb400000| Untracked 
|  89|0xcb500000, 0xcb500000, 0xcb600000|  0%| F|  |TAMS 0xcb500000, 0xcb500000| Untracked 
|  90|0xcb600000, 0xcb600000, 0xcb700000|  0%| F|  |TAMS 0xcb600000, 0xcb600000| Untracked 
|  91|0xcb700000, 0xcb700000, 0xcb800000|  0%| F|  |TAMS 0xcb700000, 0xcb700000| Untracked 
|  92|0xcb800000, 0xcb800000, 0xcb900000|  0%| F|  |TAMS 0xcb800000, 0xcb800000| Untracked 
|  93|0xcb900000, 0xcb900000, 0xcba00000|  0%| F|  |TAMS 0xcb900000, 0xcb900000| Untracked 
|  94|0xcba00000, 0xcba00000, 0xcbb00000|  0%| F|  |TAMS 0xcba00000, 0xcba00000| Untracked 
|  95|0xcbb00000, 0xcbb00000, 0xcbc00000|  0%| F|  |TAMS 0xcbb00000, 0xcbb00000| Untracked 
|  96|0xcbc00000, 0xcbc00000, 0xcbd00000|  0%| F|  |TAMS 0xcbc00000, 0xcbc00000| Untracked 
|  97|0xcbd00000, 0xcbd00000, 0xcbe00000|  0%| F|  |TAMS 0xcbd00000, 0xcbd00000| Untracked 
|  98|0xcbe00000, 0xcbe00000, 0xcbf00000|  0%| F|  |TAMS 0xcbe00000, 0xcbe00000| Untracked 
|  99|0xcbf00000, 0xcbf00000, 0xcc000000|  0%| F|  |TAMS 0xcbf00000, 0xcbf00000| Untracked 
| 100|0xcc000000, 0xcc000000, 0xcc100000|  0%| F|  |TAMS 0xcc000000, 0xcc000000| Untracked 
| 101|0xcc100000, 0xcc100000, 0xcc200000|  0%| F|  |TAMS 0xcc100000, 0xcc100000| Untracked 
| 102|0xcc200000, 0xcc200000, 0xcc300000|  0%| F|  |TAMS 0xcc200000, 0xcc200000| Untracked 
| 103|0xcc300000, 0xcc300000, 0xcc400000|  0%| F|  |TAMS 0xcc300000, 0xcc300000| Untracked 
| 104|0xcc400000, 0xcc400000, 0xcc500000|  0%| F|  |TAMS 0xcc400000, 0xcc400000| Untracked 
| 105|0xcc500000, 0xcc500000, 0xcc600000|  0%| F|  |TAMS 0xcc500000, 0xcc500000| Untracked 
| 106|0xcc600000, 0xcc600000, 0xcc700000|  0%| F|  |TAMS 0xcc600000, 0xcc600000| Untracked 
| 107|0xcc700000, 0xcc700000, 0xcc800000|  0%| F|  |TAMS 0xcc700000, 0xcc700000| Untracked 
| 108|0xcc800000, 0xcc800000, 0xcc900000|  0%| F|  |TAMS 0xcc800000, 0xcc800000| Untracked 
| 109|0xcc900000, 0xcc900000, 0xcca00000|  0%| F|  |TAMS 0xcc900000, 0xcc900000| Untracked 
| 110|0xcca00000, 0xcca00000, 0xccb00000|  0%| F|  |TAMS 0xcca00000, 0xcca00000| Untracked 
| 111|0xccb00000, 0xccb00000, 0xccc00000|  0%| F|  |TAMS 0xccb00000, 0xccb00000| Untracked 
| 112|0xccc00000, 0xccc00000, 0xccd00000|  0%| F|  |TAMS 0xccc00000, 0xccc00000| Untracked 
| 113|0xccd00000, 0xccd00000, 0xcce00000|  0%| F|  |TAMS 0xccd00000, 0xccd00000| Untracked 
| 114|0xcce00000, 0xcce00000, 0xccf00000|  0%| F|  |TAMS 0xcce00000, 0xcce00000| Untracked 
| 115|0xccf00000, 0xccf00000, 0xcd000000|  0%| F|  |TAMS 0xccf00000, 0xccf00000| Untracked 
| 116|0xcd000000, 0xcd000000, 0xcd100000|  0%| F|  |TAMS 0xcd000000, 0xcd000000| Untracked 
| 117|0xcd100000, 0xcd100000, 0xcd200000|  0%| F|  |TAMS 0xcd100000, 0xcd100000| Untracked 
| 118|0xcd200000, 0xcd200000, 0xcd300000|  0%| F|  |TAMS 0xcd200000, 0xcd200000| Untracked 
| 119|0xcd300000, 0xcd300000, 0xcd400000|  0%| F|  |TAMS 0xcd300000, 0xcd300000| Untracked 
| 120|0xcd400000, 0xcd400000, 0xcd500000|  0%| F|  |TAMS 0xcd400000, 0xcd400000| Untracked 
| 121|0xcd500000, 0xcd500000, 0xcd600000|  0%| F|  |TAMS 0xcd500000, 0xcd500000| Untracked 
| 122|0xcd600000, 0xcd600000, 0xcd700000|  0%| F|  |TAMS 0xcd600000, 0xcd600000| Untracked 
| 123|0xcd700000, 0xcd700000, 0xcd800000|  0%| F|  |TAMS 0xcd700000, 0xcd700000| Untracked 
| 124|0xcd800000, 0xcd800000, 0xcd900000|  0%| F|  |TAMS 0xcd800000, 0xcd800000| Untracked 
| 125|0xcd900000, 0xcda00000, 0xcda00000|100%| E|  |TAMS 0xcd900000, 0xcd900000| Complete 
| 126|0xcda00000, 0xcdb00000, 0xcdb00000|100%| E|  |TAMS 0xcda00000, 0xcda00000| Complete 
| 127|0xcdb00000, 0xcdc00000, 0xcdc00000|100%| E|CS|TAMS 0xcdb00000, 0xcdb00000| Complete 

Card table byte_map: [0xc5a00000,0xc5b00000] _byte_map_base: 0xc53d2000

Marking Bits (Prev, Next): (CMBitMap*) 0xf5e8b528, (CMBitMap*) 0xf5e8b548
 Prev Bits: [0xc5100000, 0xc5900000)
 Next Bits: [0xc4900000, 0xc5100000)

Polling page: 0xf7f50000

Metaspace:

Usage:
    1.06 MB used.

Virtual space:
     16.00 MB reserved,       1.12 MB (  7%) committed,  1 nodes.

Chunk freelists:
11.08 MB

MaxMetaspaceSize: 96.00 MB
No class space
Initial GC threshold: 16.00 MB
Current GC threshold: 16.00 MB
CDS: on
MetaspaceReclaimPolicy: balanced
 - commit_granule_bytes: 65536.
 - commit_granule_words: 16384.
 - virtual_space_node_default_size: 4194304.
 - enlarge_chunks_in_place: 1.
 - new_chunks_are_fully_committed: 0.
 - uncommit_free_chunks: 1.
 - use_allocation_guard: 0.
 - handle_deallocations: 1.


Internal statistics:

num_allocs_failed_limit: 0.
num_arena_births: 2.
num_arena_deaths: 0.
num_vsnodes_births: 1.
num_vsnodes_deaths: 0.
num_space_committed: 18.
num_space_uncommitted: 0.
num_chunks_returned_to_freelist: 0.
num_chunks_taken_from_freelist: 31.
num_chunk_merges: 0.
num_chunk_splits: 30.
num_chunks_enlarged: 29.
num_inconsistent_stats: 0.

CodeHeap 'non-profiled nmethods': size=120172Kb used=23Kb max_used=23Kb free=120148Kb
 bounds [0xed7f5000, 0xeda35000, 0xf4d50000]
CodeHeap 'profiled nmethods': size=120172Kb used=106Kb max_used=106Kb free=120066Kb
 bounds [0xe5d50000, 0xe5f90000, 0xed2ab000]
CodeHeap 'non-nmethods': size=5416Kb used=708Kb max_used=708Kb free=4707Kb
 bounds [0xed2ab000, 0xed4eb000, 0xed7f5000]
 total_blobs=415 nmethods=105 adapters=224
 compilation: enabled
              stopped_count=0, restarted_count=0
 full_count=0

Compilation events (20 events):
Event: 1.950 Thread 0xc42a0580   95       1       java.net.URL::getRef (5 bytes)
Event: 1.950 Thread 0xc42a0580 nmethod 95 0xed7fa408 code [0xed7fa520, 0xed7fa5e0]
Event: 1.950 Thread 0xc42a0580   96       1       java.security.CodeSource::getLocationNoFragString (5 bytes)
Event: 1.950 Thread 0xc42a0580 nmethod 96 0xed7fa708 code [0xed7fa820, 0xed7fa8e0]
Event: 2.037 Thread 0xc42a0580   97       3       jdk.internal.misc.Unsafe::putReferenceRelease (9 bytes)
Event: 2.037 Thread 0xc42a0580 nmethod 97 0xe5d66f88 code [0xe5d670c0, 0xe5d67220]
Event: 2.037 Thread 0xc42a0580   99       3       java.util.concurrent.ConcurrentHashMap::setTabAt (20 bytes)
Event: 2.037 Thread 0xc42a0580 nmethod 99 0xe5d67288 code [0xe5d673c0, 0xe5d6754c]
Event: 2.037 Thread 0xc42a0580  102       3       java.util.concurrent.ConcurrentHashMap::get (162 bytes)
Event: 2.038 Thread 0xc42a0580 nmethod 102 0xe5d67608 code [0xe5d67800, 0xe5d6811c]
Event: 2.038 Thread 0xc42a0580  100       3       java.lang.String::substring (58 bytes)
Event: 2.038 Thread 0xc42a0580 nmethod 100 0xe5d68408 code [0xe5d685a0, 0xe5d689a4]
Event: 2.038 Thread 0xc42a0580  101       3       java.lang.String::checkBoundsBeginEnd (63 bytes)
Event: 2.039 Thread 0xc42a0580 nmethod 101 0xe5d68b08 code [0xe5d68d20, 0xe5d693f8]
Event: 2.039 Thread 0xc42a0580  103       3       java.lang.AbstractStringBuilder::newCapacity (59 bytes)
Event: 2.039 Thread 0xc42a0580 nmethod 103 0xe5d69788 code [0xe5d69900, 0xe5d69c38]
Event: 2.095 Thread 0xc42a0580  104       3       java.lang.CharacterDataLatin1::toLowerCase (39 bytes)
Event: 2.095 Thread 0xc42a0580 nmethod 104 0xe5d69d88 code [0xe5d69ec0, 0xe5d6a0c0]
Event: 2.098 Thread 0xc42a0580  105       3       java.lang.StringLatin1::indexOf (36 bytes)
Event: 2.098 Thread 0xc42a0580 nmethod 105 0xe5d6a188 code [0xe5d6a300, 0xe5d6a6c0]

GC Heap History (0 events):
No events

Dll operation events (1 events):
Event: 0.003 Loaded shared library /usr/lib/jvm/java-17-zulu-openjdk-jdk-x86/lib/libjava.so

Deoptimization events (0 events):
No events

Classes unloaded (0 events):
No events

Classes redefined (0 events):
No events

Internal exceptions (0 events):
No events

VM Operations (3 events):
Event: 1.831 Executing VM operation: Cleanup
Event: 1.896 Executing VM operation: Cleanup done
Event: 10.036 Executing VM operation: Exit

Events (20 events):
Event: 1.644 loading class java/util/Stack
Event: 1.644 loading class java/util/Vector
Event: 1.645 loading class java/util/Vector done
Event: 1.645 loading class java/util/Stack done
Event: 1.647 loading class java/lang/InterruptedException
Event: 1.647 loading class java/lang/InterruptedException done
Event: 1.648 Protecting memory [0xc17fe000,0xc1802000] with protection modes 0
Event: 1.767 Thread 0x0b82ac10 Thread added: 0x0b82ac10
Event: 1.768 loading class java/io/FileNotFoundException
Event: 1.768 loading class java/io/FileNotFoundException done
Event: 1.768 loading class java/lang/ClassFormatError
Event: 1.768 loading class java/lang/ClassFormatError done
Event: 1.814 Protecting memory [0xc173d000,0xc1741000] with protection modes 0
Event: 1.938 loading class java/lang/CloneNotSupportedException
Event: 1.938 loading class java/lang/CloneNotSupportedException done
Event: 9.800 loading class jdk/internal/misc/Signal$1
Event: 9.800 loading class jdk/internal/misc/Signal$1 done
Event: 9.948 Thread 0xc3f00e80 Thread added: 0xc3f00e80
Event: 9.948 Protecting memory [0xc1513000,0xc1517000] with protection modes 0
Event: 10.036 Thread 0xc429bff0 Thread exited: 0xc429bff0


Dynamic libraries:
08048000-09298000 r-xp 00000000 08:04 494947248                          /home/almalinux/swg-returns-nge/build/bin/SwgGameServer
09298000-0929c000 rw-p 0124f000 08:04 494947248                          /home/almalinux/swg-returns-nge/build/bin/SwgGameServer
0929c000-09b1f000 rw-p 00000000 00:00 0 
0a159000-0bbb5000 rw-p 00000000 00:00 0                                  [heap]
c1513000-c1517000 ---p 00000000 00:00 0 
c1517000-c16af000 rw-p 00000000 00:00 0 
c173d000-c1741000 ---p 00000000 00:00 0 
c1741000-c17fe000 rw-p 00000000 00:00 0 
c17fe000-c1802000 ---p 00000000 00:00 0 
c1802000-c18bf000 rw-p 00000000 00:00 0 
c18bf000-c18c0000 ---p 00000000 00:00 0 
c18c0000-c1940000 rw-p 00000000 00:00 0 
c1940000-c1944000 ---p 00000000 00:00 0 
c1944000-c1a01000 rw-p 00000000 00:00 0 
c1a01000-c1a05000 ---p 00000000 00:00 0 
c1a05000-c1ac2000 rw-p 00000000 00:00 0 
c1ac2000-c1ac6000 ---p 00000000 00:00 0 
c1ac6000-c1b43000 rw-p 00000000 00:00 0 
c1b43000-c1b47000 ---p 00000000 00:00 0 
c1b47000-c1c04000 rw-p 00000000 00:00 0 
c1c04000-c1c08000 ---p 00000000 00:00 0 
c1c08000-c1cc5000 rw-p 00000000 00:00 0 
c1cc5000-c1cc9000 ---p 00000000 00:00 0 
c1cc9000-c1d86000 rw-p 00000000 00:00 0 
c1d86000-c2000000 r--p 00078000 08:04 535181                             /usr/lib/locale/locale-archive
c2000000-c2030000 rw-p 00000000 00:00 0 
c2030000-c2400000 ---p 00000000 00:00 0 
c2400000-c24f0000 rw-p 00000000 00:00 0 
c24f0000-c3000000 ---p 00000000 00:00 0 
c307e000-c327e000 r--p 00000000 08:04 535181                             /usr/lib/locale/locale-archive
c327e000-c3282000 ---p 00000000 00:00 0 
c3282000-c333f000 rw-p 00000000 00:00 0 
c333f000-c3343000 ---p 00000000 00:00 0 
c3343000-c3400000 rw-p 00000000 00:00 0 
c3400000-c3421000 rw-p 00000000 00:00 0 
c3421000-c3500000 ---p 00000000 00:00 0 
c3531000-c3535000 ---p 00000000 00:00 0 
c3535000-c35b2000 rw-p 00000000 00:00 0 
c35b2000-c35b3000 ---p 00000000 00:00 0 
c35b3000-c3633000 rw-p 00000000 00:00 0 
c3633000-c3f00000 rw-p 00001000 08:04 143240867                          /usr/lib/jvm/java-17-zulu-openjdk-jdk-x86/lib/server/classes.jsa
c3f00000-c3f21000 rw-p 00000000 00:00 0 
c3f21000-c4000000 ---p 00000000 00:00 0 
c407f000-c4080000 ---p 00000000 00:00 0 
c4080000-c4100000 rw-p 00000000 00:00 0 
c4100000-c4121000 rw-p 00000000 00:00 0 
c4121000-c4200000 ---p 00000000 00:00 0 
c4200000-c42d0000 rw-p 00000000 00:00 0 
c42d0000-c4300000 ---p 00000000 00:00 0 
c437f000-c4380000 ---p 00000000 00:00 0 
c4380000-c4400000 rw-p 00000000 00:00 0 
c4400000-c4421000 rw-p 00000000 00:00 0 
c4421000-c4500000 ---p 00000000 00:00 0 
c457f000-c4580000 ---p 00000000 00:00 0 
c4580000-c4600000 rw-p 00000000 00:00 0 
c4600000-c4658000 rw-p 00000000 00:00 0 
c4658000-c4700000 ---p 00000000 00:00 0 
c4700000-c472e000 rw-p 00000000 00:00 0 
c472e000-c4800000 ---p 00000000 00:00 0 
c487f000-c4880000 ---p 00000000 00:00 0 
c4880000-c4b00000 rw-p 00000000 00:00 0 
c4b00000-c5100000 ---p 00000000 00:00 0 
c5100000-c5300000 rw-p 00000000 00:00 0 
c5300000-c5900000 ---p 00000000 00:00 0 
c5900000-c5940000 rw-p 00000000 00:00 0 
c5940000-c5a00000 ---p 00000000 00:00 0 
c5a00000-c5a40000 rw-p 00000000 00:00 0 
c5a40000-c5b00000 ---p 00000000 00:00 0 
c5b00000-c5b40000 rw-p 00000000 00:00 0 
c5b40000-c5c00000 ---p 00000000 00:00 0 
c5c00000-cdc00000 rw-p 00000000 00:00 0 
cdc00000-e5c00000 ---p 00000000 00:00 0 
e5c65000-e5c6a000 rw-p 00000000 00:00 0 
e5c6a000-e5d50000 ---p 00000000 00:00 0 
e5d50000-e5f90000 rwxp 00000000 00:00 0 
e5f90000-ed2ab000 ---p 00000000 00:00 0 
ed2ab000-ed4eb000 rwxp 00000000 00:00 0 
ed4eb000-ed7f5000 ---p 00000000 00:00 0 
ed7f5000-eda35000 rwxp 00000000 00:00 0 
eda35000-f4d50000 ---p 00000000 00:00 0 
f4d50000-f4eb8000 r--s 00000000 08:04 117534333                          /usr/lib/jvm/java-17-zulu-openjdk-jdk-x86/lib/modules
f4eb8000-f5d5a000 r-xp 00000000 08:04 143240869                          /usr/lib/jvm/java-17-zulu-openjdk-jdk-x86/lib/server/libjvm.so
f5d5a000-f5daf000 r--p 00ea1000 08:04 143240869                          /usr/lib/jvm/java-17-zulu-openjdk-jdk-x86/lib/server/libjvm.so
f5daf000-f5dd0000 rw-p 00ef6000 08:04 143240869                          /usr/lib/jvm/java-17-zulu-openjdk-jdk-x86/lib/server/libjvm.so
f5dd0000-f5e00000 rw-p 00000000 00:00 0 
f5e00000-f5f00000 rw-p 00000000 00:00 0 
f5f15000-f5f16000 ---p 00000000 00:00 0 
f5f16000-f5f96000 rw-p 00000000 00:00 0 
f5f96000-f5f97000 ---p 00000000 00:00 0 
f5f97000-f5f9b000 ---p 00000000 00:00 0 
f5f9b000-f6b0f000 rw-p 00000000 00:00 0 
f6b32000-f6b37000 rw-p 00000000 00:00 0 
f6b37000-f6c1d000 ---p 00000000 00:00 0 
f6c1d000-f6e4c000 rw-p 00000000 00:00 0 
f6e6b000-f6e94000 rw-p 00000000 00:00 0 
f6e94000-f6eb7000 r-xp 00000000 08:04 117534310                          /usr/lib/jvm/java-17-zulu-openjdk-jdk-x86/lib/libjava.so
f6eb7000-f6eb8000 r--p 00022000 08:04 117534310                          /usr/lib/jvm/java-17-zulu-openjdk-jdk-x86/lib/libjava.so
f6eb8000-f6eb9000 rw-p 00023000 08:04 117534310                          /usr/lib/jvm/java-17-zulu-openjdk-jdk-x86/lib/libjava.so
f6eb9000-f6ec5000 r-xp 00000000 08:04 16831767                           /usr/lib/libnss_files-2.28.so
f6ec5000-f6ec6000 r--p 0000b000 08:04 16831767                           /usr/lib/libnss_files-2.28.so
f6ec6000-f6ec7000 rw-p 0000c000 08:04 16831767                           /usr/lib/libnss_files-2.28.so
f6ec7000-f6ecd000 rw-p 00000000 00:00 0 
f6ed3000-f6ed8000 rw-p 00000000 00:00 0 
f6ed8000-f6ede000 ---p 00000000 00:00 0 
f6ede000-f6ef9000 r-xp 00000000 08:04 117534314                          /usr/lib/jvm/java-17-zulu-openjdk-jdk-x86/lib/libjimage.so
f6ef9000-f6efa000 ---p 0001b000 08:04 117534314                          /usr/lib/jvm/java-17-zulu-openjdk-jdk-x86/lib/libjimage.so
f6efa000-f6efb000 r--p 0001b000 08:04 117534314                          /usr/lib/jvm/java-17-zulu-openjdk-jdk-x86/lib/libjimage.so
f6efb000-f6efc000 rw-p 0001c000 08:04 117534314                          /usr/lib/jvm/java-17-zulu-openjdk-jdk-x86/lib/libjimage.so
f6efc000-f6f00000 rw-p 00000000 00:00 0 
f6f00000-f6f88000 r-xp 00000000 08:04 17191875                           /usr/lib/libpcre2-8.so.0.7.1
f6f88000-f6f89000 r--p 00087000 08:04 17191875                           /usr/lib/libpcre2-8.so.0.7.1
f6f89000-f6f8a000 rw-p 00088000 08:04 17191875                           /usr/lib/libpcre2-8.so.0.7.1
f6f8a000-f6faa000 r-xp 00000000 08:04 17021543                           /usr/lib/libcrypt.so.1.1.0
f6faa000-f6fab000 ---p 00020000 08:04 17021543                           /usr/lib/libcrypt.so.1.1.0
f6fab000-f6fac000 r--p 00020000 08:04 17021543                           /usr/lib/libcrypt.so.1.1.0
f6fac000-f6fb5000 rw-p 00000000 00:00 0 
f6fb5000-f6fe0000 r-xp 00000000 08:04 17191887                           /usr/lib/libselinux.so.1
f6fe0000-f6fe1000 ---p 0002b000 08:04 17191887                           /usr/lib/libselinux.so.1
f6fe1000-f6fe2000 r--p 0002b000 08:04 17191887                           /usr/lib/libselinux.so.1
f6fe2000-f6fe3000 rw-p 0002c000 08:04 17191887                           /usr/lib/libselinux.so.1
f6fe3000-f6fe4000 rw-p 00000000 00:00 0 
f6fe4000-f7003000 r-xp 00000000 08:04 18866589                           /usr/lib/libbrotlicommon.so.1.0.6
f7003000-f7004000 r--p 0001e000 08:04 18866589                           /usr/lib/libbrotlicommon.so.1.0.6
f7004000-f7005000 rw-p 0001f000 08:04 18866589                           /usr/lib/libbrotlicommon.so.1.0.6
f7005000-f7023000 r-xp 00000000 08:04 17191915                           /usr/lib/libsasl2.so.3.0.0
f7023000-f7024000 ---p 0001e000 08:04 17191915                           /usr/lib/libsasl2.so.3.0.0
f7024000-f7025000 r--p 0001e000 08:04 17191915                           /usr/lib/libsasl2.so.3.0.0
f7025000-f7026000 rw-p 0001f000 08:04 17191915                           /usr/lib/libsasl2.so.3.0.0
f7026000-f7028000 rw-p 00000000 00:00 0 
f7028000-f703c000 r-xp 00000000 08:04 16831772                           /usr/lib/libresolv-2.28.so
f703c000-f703d000 ---p 00014000 08:04 16831772                           /usr/lib/libresolv-2.28.so
f703d000-f703e000 r--p 00014000 08:04 16831772                           /usr/lib/libresolv-2.28.so
f703e000-f703f000 rw-p 00015000 08:04 16831772                           /usr/lib/libresolv-2.28.so
f703f000-f7041000 rw-p 00000000 00:00 0 
f7041000-f7044000 r-xp 00000000 08:04 17191893                           /usr/lib/libkeyutils.so.1.6
f7044000-f7045000 ---p 00003000 08:04 17191893                           /usr/lib/libkeyutils.so.1.6
f7045000-f7046000 r--p 00003000 08:04 17191893                           /usr/lib/libkeyutils.so.1.6
f7046000-f7047000 rw-p 00000000 00:00 0 
f7047000-f7057000 r-xp 00000000 08:04 17021560                           /usr/lib/libkrb5support.so.0.1
f7057000-f7058000 r--p 0000f000 08:04 17021560                           /usr/lib/libkrb5support.so.0.1
f7058000-f7059000 rw-p 00010000 08:04 17021560                           /usr/lib/libkrb5support.so.0.1
f7059000-f7061000 r-xp 00000000 08:04 16831774                           /usr/lib/librt-2.28.so
f7061000-f7062000 r--p 00007000 08:04 16831774                           /usr/lib/librt-2.28.so
f7062000-f7063000 rw-p 00008000 08:04 16831774                           /usr/lib/librt-2.28.so
f7063000-f71e2000 r-xp 00000000 08:04 17021545                           /usr/lib/libunistring.so.2.1.0
f71e2000-f71e3000 ---p 0017f000 08:04 17021545                           /usr/lib/libunistring.so.2.1.0
f71e3000-f71e5000 r--p 0017f000 08:04 17021545                           /usr/lib/libunistring.so.2.1.0
f71e5000-f71e6000 rw-p 00181000 08:04 17021545                           /usr/lib/libunistring.so.2.1.0
f71e6000-f7210000 r-xp 00000000 08:04 18654292                           /usr/lib/liblzma.so.5.2.4
f7210000-f7211000 r--p 00029000 08:04 18654292                           /usr/lib/liblzma.so.5.2.4
f7211000-f7212000 rw-p 00000000 00:00 0 
f7212000-f721e000 r-xp 00000000 08:04 17191936                           /usr/lib/libbrotlidec.so.1.0.6
f721e000-f721f000 r--p 0000b000 08:04 17191936                           /usr/lib/libbrotlidec.so.1.0.6
f721f000-f7220000 rw-p 00000000 00:00 0 
f7220000-f722f000 r-xp 00000000 08:04 17191918                           /usr/lib/liblber-2.4.so.2.10.9
f722f000-f7230000 r--p 0000e000 08:04 17191918                           /usr/lib/liblber-2.4.so.2.10.9
f7230000-f7231000 rw-p 0000f000 08:04 17191918                           /usr/lib/liblber-2.4.so.2.10.9
f7231000-f7286000 r-xp 00000000 08:04 17191920                           /usr/lib/libldap-2.4.so.2.10.9
f7286000-f7287000 ---p 00055000 08:04 17191920                           /usr/lib/libldap-2.4.so.2.10.9
f7287000-f7288000 r--p 00055000 08:04 17191920                           /usr/lib/libldap-2.4.so.2.10.9
f7288000-f7289000 rw-p 00056000 08:04 17191920                           /usr/lib/libldap-2.4.so.2.10.9
f7289000-f728b000 rw-p 00000000 00:00 0 
f728b000-f728e000 r-xp 00000000 08:04 16994899                           /usr/lib/libcom_err.so.2.1
f728e000-f728f000 r--p 00002000 08:04 16994899                           /usr/lib/libcom_err.so.2.1
f728f000-f7290000 rw-p 00003000 08:04 16994899                           /usr/lib/libcom_err.so.2.1
f7290000-f72a6000 r-xp 00000000 08:04 17021552                           /usr/lib/libk5crypto.so.3.1
f72a6000-f72a7000 ---p 00016000 08:04 17021552                           /usr/lib/libk5crypto.so.3.1
f72a7000-f72a8000 r--p 00016000 08:04 17021552                           /usr/lib/libk5crypto.so.3.1
f72a8000-f72a9000 rw-p 00017000 08:04 17021552                           /usr/lib/libk5crypto.so.3.1
f72a9000-f738c000 r-xp 00000000 08:04 17021558                           /usr/lib/libkrb5.so.3.3
f738c000-f7393000 r--p 000e2000 08:04 17021558                           /usr/lib/libkrb5.so.3.3
f7393000-f7394000 rw-p 000e9000 08:04 17021558                           /usr/lib/libkrb5.so.3.3
f7394000-f73ef000 r-xp 00000000 08:04 17021548                           /usr/lib/libgssapi_krb5.so.2.2
f73ef000-f73f1000 r--p 0005a000 08:04 17021548                           /usr/lib/libgssapi_krb5.so.2.2
f73f1000-f73f2000 rw-p 0005c000 08:04 17021548                           /usr/lib/libgssapi_krb5.so.2.2
f73f2000-f76a3000 r-xp 00000000 08:04 18627877                           /usr/lib/libcrypto.so.1.1.1k
f76a3000-f76bc000 r--p 002b0000 08:04 18627877                           /usr/lib/libcrypto.so.1.1.1k
f76bc000-f76be000 rw-p 002c9000 08:04 18627877                           /usr/lib/libcrypto.so.1.1.1k
f76be000-f76c2000 rw-p 00000000 00:00 0 
f76c2000-f7754000 r-xp 00000000 08:04 18627879                           /usr/lib/libssl.so.1.1.1k
f7754000-f775a000 r--p 00091000 08:04 18627879                           /usr/lib/libssl.so.1.1.1k
f775a000-f775e000 rw-p 00097000 08:04 18627879                           /usr/lib/libssl.so.1.1.1k
f775e000-f776e000 r-xp 00000000 08:04 18660120                           /usr/lib/libpsl.so.5.3.1
f776e000-f776f000 r--p 0000f000 08:04 18660120                           /usr/lib/libpsl.so.5.3.1
f776f000-f7770000 rw-p 00000000 00:00 0 
f7770000-f77ed000 r-xp 00000000 08:04 16994901                           /usr/lib/libssh.so.4.8.7
f77ed000-f77ee000 ---p 0007d000 08:04 16994901                           /usr/lib/libssh.so.4.8.7
f77ee000-f77ef000 r--p 0007d000 08:04 16994901                           /usr/lib/libssh.so.4.8.7
f77ef000-f77f0000 rw-p 0007e000 08:04 16994901                           /usr/lib/libssh.so.4.8.7
f77f0000-f780d000 r-xp 00000000 08:04 17040588                           /usr/lib/libidn2.so.0.3.6
f780d000-f780e000 r--p 0001c000 08:04 17040588                           /usr/lib/libidn2.so.0.3.6
f780e000-f780f000 rw-p 00000000 00:00 0 
f780f000-f7837000 r-xp 00000000 08:04 17191891                           /usr/lib/libnghttp2.so.14.17.0
f7837000-f7838000 r--p 00027000 08:04 17191891                           /usr/lib/libnghttp2.so.14.17.0
f7838000-f783a000 rw-p 00028000 08:04 17191891                           /usr/lib/libnghttp2.so.14.17.0
f783a000-f79dc000 r-xp 00000000 08:04 16831756                           /usr/lib/libc-2.28.so
f79dc000-f79dd000 ---p 001a2000 08:04 16831756                           /usr/lib/libc-2.28.so
f79dd000-f79df000 r--p 001a2000 08:04 16831756                           /usr/lib/libc-2.28.so
f79df000-f79e0000 rw-p 001a4000 08:04 16831756                           /usr/lib/libc-2.28.so
f79e0000-f79e5000 rw-p 00000000 00:00 0 
f79e5000-f7a00000 r-xp 00000000 08:04 16985139                           /usr/lib/libgcc_s-8-20210514.so.1
f7a00000-f7a01000 r--p 0001a000 08:04 16985139                           /usr/lib/libgcc_s-8-20210514.so.1
f7a01000-f7a02000 rw-p 0001b000 08:04 16985139                           /usr/lib/libgcc_s-8-20210514.so.1
f7a02000-f7ad2000 r-xp 00000000 08:04 16831760                           /usr/lib/libm-2.28.so
f7ad2000-f7ad3000 r--p 000cf000 08:04 16831760                           /usr/lib/libm-2.28.so
f7ad3000-f7ad4000 rw-p 000d0000 08:04 16831760                           /usr/lib/libm-2.28.so
f7ad4000-f7c5d000 r-xp 00000000 08:04 16985145                           /usr/lib/libstdc++.so.6.0.25
f7c5d000-f7c5e000 ---p 00189000 08:04 16985145                           /usr/lib/libstdc++.so.6.0.25
f7c5e000-f7c64000 r--p 00189000 08:04 16985145                           /usr/lib/libstdc++.so.6.0.25
f7c64000-f7c65000 rw-p 0018f000 08:04 16985145                           /usr/lib/libstdc++.so.6.0.25
f7c65000-f7c67000 rw-p 00000000 00:00 0 
f7c67000-f7c7e000 r-xp 00000000 08:04 16963437                           /usr/lib/libz.so.1.2.11
f7c7e000-f7c7f000 ---p 00017000 08:04 16963437                           /usr/lib/libz.so.1.2.11
f7c7f000-f7c80000 r--p 00017000 08:04 16963437                           /usr/lib/libz.so.1.2.11
f7c80000-f7c81000 rw-p 00000000 00:00 0 
f7c81000-f7dfe000 r-xp 00000000 08:04 16963397                           /usr/lib/libxml2.so.2.9.7
f7dfe000-f7e03000 r--p 0017c000 08:04 16963397                           /usr/lib/libxml2.so.2.9.7
f7e03000-f7e04000 rw-p 00181000 08:04 16963397                           /usr/lib/libxml2.so.2.9.7
f7e04000-f7e05000 rw-p 00000000 00:00 0 
f7e05000-f7e21000 r-xp 00000000 08:04 16831770                           /usr/lib/libpthread-2.28.so
f7e21000-f7e22000 r--p 0001b000 08:04 16831770                           /usr/lib/libpthread-2.28.so
f7e22000-f7e23000 rw-p 0001c000 08:04 16831770                           /usr/lib/libpthread-2.28.so
f7e23000-f7e25000 rw-p 00000000 00:00 0 
f7e25000-f7e99000 r-xp 00000000 08:04 16818911                           /usr/lib/libpcre.so.1.2.10
f7e99000-f7e9a000 ---p 00074000 08:04 16818911                           /usr/lib/libpcre.so.1.2.10
f7e9a000-f7e9b000 r--p 00074000 08:04 16818911                           /usr/lib/libpcre.so.1.2.10
f7e9b000-f7e9c000 rw-p 00075000 08:04 16818911                           /usr/lib/libpcre.so.1.2.10
f7e9c000-f7e9f000 r-xp 00000000 08:04 16831758                           /usr/lib/libdl-2.28.so
f7e9f000-f7ea0000 r--p 00002000 08:04 16831758                           /usr/lib/libdl-2.28.so
f7ea0000-f7ea1000 rw-p 00003000 08:04 16831758                           /usr/lib/libdl-2.28.so
f7ea1000-f7f3e000 r-xp 00000000 08:04 16994905                           /usr/lib/libcurl.so.4.5.0
f7f3e000-f7f40000 r--p 0009c000 08:04 16994905                           /usr/lib/libcurl.so.4.5.0
f7f40000-f7f41000 rw-p 0009e000 08:04 16994905                           /usr/lib/libcurl.so.4.5.0
f7f41000-f7f48000 r--s 00000000 08:04 176632422                          /usr/lib/gconv/gconv-modules.cache
f7f48000-f7f50000 rw-s 00000000 08:04 151635555                          /tmp/hsperfdata_almalinux/1430748 (deleted)
f7f50000-f7f51000 ---p 00000000 00:00 0 
f7f51000-f7f52000 r--p 00000000 00:00 0 
f7f52000-f7f54000 rw-p 00000000 00:00 0 
f7f54000-f7f58000 r--p 00000000 00:00 0                                  [vvar]
f7f58000-f7f5a000 r-xp 00000000 00:00 0                                  [vdso]
f7f5a000-f7f89000 r-xp 00000000 08:04 16831749                           /usr/lib/ld-2.28.so
f7f89000-f7f8a000 ---p 00000000 00:00 0 
f7f8a000-f7f8b000 r--p 0002f000 08:04 16831749                           /usr/lib/ld-2.28.so
f7f8b000-f7f8c000 rw-p 00030000 08:04 16831749                           /usr/lib/ld-2.28.so
ff6a4000-ff6a5000 rwxp 00000000 00:00 0 
ff7a9000-ff7ad000 ---p 00000000 00:00 0 
ff7ad000-ff869000 rw-p 00000000 00:00 0                                  [stack]


VM Arguments:
jvm_args: -Xms128m -Xmx512m -Xss768k -XX:MaxMetaspaceSize=96m -Xrs -XX:-UsePerfData -XX:-AllowUserSignalHandlers -XX:UseSSE=3 -XX+DoEscapeAnalysis -XX:AutoBoxCacheMax:2000 -XX:+OptimizeStringConcat -XX:+OptimizeFill -XX:+EliminateAutoBox -XX:+UseCompressedStrings -XX:+UseCompressedOops -XX:+EliminateLocks -XX:UseFastAccessorMethods -XX:+UseStringCache -XgcPrio:throughput -XXkeepAreaRatio:1 -XXlazyUnlocking -XXcallProfiling -XXcompactRatio:1 
java_command: <unknown>
java_class_path (initial): ../../data/sku.0/sys.server/compiled/game/
Launcher Type: generic

[Global flags]
     intx CICompilerCount                          = 3                                         {product} {ergonomic}
     uint ConcGCThreads                            = 1                                         {product} {ergonomic}
     uint G1ConcRefinementThreads                  = 4                                         {product} {ergonomic}
   size_t G1HeapRegionSize                         = 1048576                                   {product} {ergonomic}
    uintx GCDrainStackTargetSize                   = 64                                        {product} {ergonomic}
   size_t InitialHeapSize                          = 134217728                                 {product} {command line}
   size_t MarkStackSize                            = 32768                                     {product} {ergonomic}
   size_t MaxHeapSize                              = 536870912                                 {product} {command line}
   size_t MaxMetaspaceSize                         = 100663296                                 {product} {command line}
   size_t MaxNewSize                               = 321912832                                 {product} {ergonomic}
   size_t MinHeapDeltaBytes                        = 1048576                                   {product} {ergonomic}
   size_t MinHeapSize                              = 134217728                                 {product} {command line}
    uintx NonNMethodCodeHeapSize                   = 5544422                                {pd product} {ergonomic}
    uintx NonProfiledCodeHeapSize                  = 123056909                              {pd product} {ergonomic}
    uintx ProfiledCodeHeapSize                     = 123056909                              {pd product} {ergonomic}
    uintx ReservedCodeCacheSize                    = 251658240                              {pd product} {ergonomic}
     bool SegmentedCodeCache                       = true                                      {product} {ergonomic}
   size_t SoftMaxHeapSize                          = 536870912                              {manageable} {ergonomic}
   double SweeperThreshold                         = 0.500000                                  {product} {ergonomic}
     intx ThreadStackSize                          = 768                                    {pd product} {command line}
     bool UseG1GC                                  = true                                      {product} {ergonomic}

Logging:
Log output configuration:
 #0: stdout all=off uptime,level,tags
 #1: stderr all=off uptime,level,tags

Environment Variables:
JAVA_HOME=/usr/lib/jvm/zulu-17-x86
PATH=/usr/java/jdk1.7.0_80/bin:/usr/java/jdk1.7.0_80/bin:/usr/java/jdk1.6.0_45/bin:/usr/java/jdk1.6.0_45/bin:/usr/java/jdk1.6.0_45/bin:/home/almalinux/.local/bin:/home/almalinux/bin:/sbin:/bin:/usr/bin:/usr/local/bin:/usr/local/sbin:/usr/sbin:/usr/lib/oracle/18.3/client/bin:/usr/lib/oracle/18.3/client/bin:/usr/lib/jvm/java-11-openjdk/bin:./
LD_LIBRARY_PATH=/usr/lib/jvm/java-17-zulu-openjdk-jdk-x86/lib/server:/usr/lib/jvm/java-17-zulu-openjdk-jdk-x86/lib:/usr/lib/jvm/java-17-zulu-openjdk-jdk-x86/../lib:/usr/lib/jvm/zulu-17-x86/lib/server:/usr/lib/jvm/java-11-openjdk/lib:/usr/lib/jvm/java-11-openjdk/lib/server:./
SHELL=/bin/bash
DISPLAY=:10.0
LANG=en_US.UTF-8
TERM=xterm-256color

Active Locale:
LC_ALL=en_US.UTF-8
LC_COLLATE=en_US.UTF-8
LC_CTYPE=en_US.UTF-8
LC_MESSAGES=en_US.UTF-8
LC_MONETARY=en_US.UTF-8
LC_NUMERIC=en_US.UTF-8
LC_TIME=en_US.UTF-8

Signal Handlers:
   SIGSEGV: crash_handler in libjvm.so, mask=11100100010111111101111111111110, flags=SA_RESTART|SA_SIGINFO, unblocked
    SIGBUS: crash_handler in libjvm.so, mask=11100100010111111101111111111110, flags=SA_RESTART|SA_SIGINFO, unblocked
    SIGFPE: crash_handler in libjvm.so, mask=11100100010111111101111111111110, flags=SA_RESTART|SA_SIGINFO, unblocked
   SIGPIPE: javaSignalHandler in libjvm.so, mask=11100100010111111101111111111110, flags=SA_RESTART|SA_SIGINFO, blocked
  *** Handler was modified!
  *** Expected: 0xf5ee58c5, mask=11100100100110000110001000111100, flags=SA_RESTART|SA_SIGINFO
   SIGXFSZ: javaSignalHandler in libjvm.so, mask=11100100010111111101111111111110, flags=SA_RESTART|SA_SIGINFO, blocked
  *** Handler was modified!
  *** Expected: 0xf5ee0625, mask=11100100100110000110001000111100, flags=SA_RESTART|SA_SIGINFO
    SIGILL: crash_handler in libjvm.so, mask=11100100010111111101111111111110, flags=SA_RESTART|SA_SIGINFO, unblocked
   SIGUSR2: SR_handler in libjvm.so, mask=00100000000000000000000000000000, flags=SA_RESTART|SA_SIGINFO, blocked
  *** Handler was modified!
  *** Expected: 0xf5ee5990, mask=11100100100110000110001000111100, flags=SA_RESTART|SA_SIGINFO
    SIGHUP: UserHandler in libjvm.so, mask=11100100010111111101111111111110, flags=SA_RESTART|SA_SIGINFO, blocked
    SIGINT: UserHandler in libjvm.so, mask=11100100010111111101111111111110, flags=SA_RESTART|SA_SIGINFO, blocked
   SIGTERM: UserHandler in libjvm.so, mask=11100100010111111101111111111110, flags=SA_RESTART|SA_SIGINFO, blocked
   SIGQUIT: UserHandler in libjvm.so, mask=11100100010111111101111111111110, flags=SA_RESTART|SA_SIGINFO, blocked
   SIGTRAP: crash_handler in libjvm.so, mask=11100100010111111101111111111110, flags=SA_RESTART|SA_SIGINFO, unblocked


Periodic native trim disabled


---------------  S Y S T E M  ---------------

OS:
AlmaLinux release 8.10 (Cerulean Leopard)
uname: Linux 4.18.0-553.81.1.el8_10.x86_64 #1 SMP Mon Oct 27 11:29:19 EDT 2025 x86_64
OS uptime: 33 days 23:36 hours
libc: glibc 2.28 NPTL 2.28 
rlimit (soft/hard): STACK 8192k/infinity , CORE 0k/infinity , NPROC 61995/61995 , NOFILE 262144/262144 , AS infinity/infinity , CPU infinity/infinity , DATA infinity/infinity , FSIZE infinity/infinity , MEMLOCK 64k/64k
load average: 35.25 31.13 33.79

/proc/meminfo:
MemTotal:       16014448 kB
MemFree:         1334696 kB
MemAvailable:    9503048 kB
Buffers:            1056 kB
Cached:         10848396 kB
SwapCached:        18528 kB
Active:          2631612 kB
Inactive:       10974032 kB
Active(anon):    2069964 kB
Inactive(anon):  3551540 kB
Active(file):     561648 kB
Inactive(file):  7422492 kB
Unevictable:        3104 kB
Mlocked:              16 kB
SwapTotal:        294504 kB
SwapFree:              0 kB
Dirty:              1256 kB
Writeback:             0 kB
AnonPages:       2755780 kB
Mapped:          1571064 kB
Shmem:           2865312 kB
KReclaimable:     412192 kB
Slab:             582012 kB
SReclaimable:     412192 kB
SUnreclaim:       169820 kB
KernelStack:       22292 kB
PageTables:       147816 kB
NFS_Unstable:          0 kB
Bounce:                0 kB
WritebackTmp:          0 kB
CommitLimit:     8007224 kB
Committed_AS:   19042260 kB
VmallocTotal:   34359738367 kB
VmallocUsed:       69508 kB
VmallocChunk:          0 kB
Percpu:             2704 kB
HardwareCorrupted:     0 kB
AnonHugePages:         0 kB
ShmemHugePages:        0 kB
ShmemPmdMapped:        0 kB
FileHugePages:         0 kB
FilePmdMapped:         0 kB
HugePages_Total:       0
HugePages_Free:        0
HugePages_Rsvd:        0
HugePages_Surp:        0
Hugepagesize:       2048 kB
Hugetlb:               0 kB
DirectMap4k:     2942828 kB
DirectMap2M:    13441024 kB

/sys/kernel/mm/transparent_hugepage/enabled: always madvise [never]
/sys/kernel/mm/transparent_hugepage/hpage_pmd_size: 2097152
/sys/kernel/mm/transparent_hugepage/defrag (defrag/compaction efforts parameter): always defer defer+madvise [madvise] never

Process Memory:
Virtual Size: 949888K (peak: 949888K)
Resident Set Size: 84536K (peak: 84536K) (anon: 53816K, file: 30720K, shmem: 0K)
Swapped out: 0K
C-Heap outstanding allocations: 38930K, retained: 901K
glibc malloc tunables: (default)

/proc/sys/kernel/threads-max (system-wide limit on the number of threads): 123991
/proc/sys/vm/max_map_count (maximum number of memory map areas a process may have): 1677720
/proc/sys/kernel/pid_max (system-wide limit on number of process identifiers): 4194304

container (cgroup) information:
container_type: cgroupv1
cpu_cpuset_cpus: 0-3
cpu_memory_nodes: 0
active_processor_count: 4
cpu_quota: no quota
cpu_period: 100000
cpu_shares: no shares
memory_limit_in_bytes: unlimited
memory_and_swap_limit_in_bytes: unlimited
memory_soft_limit_in_bytes: unlimited
memory_usage_in_bytes: 12580832 k
memory_max_usage_in_bytes: 14783012 k
kernel_memory_usage_in_bytes: 447000 k
kernel_memory_max_usage_in_bytes: unlimited
kernel_memory_limit_in_bytes: 985464 k
maximum number of tasks: unlimited
current number of tasks: 581

KVM virtualization detected
Steal ticks since vm start: 1
Steal ticks percentage since vm start:  0.000

CPU: total 4 (initial active 4) (1 cores per cpu, 1 threads per core) family 6 model 60 stepping 1 microcode 0x1, cx8, cmov, fxsr, mmx, sse, sse2, sse3, ssse3, sse4.1, sse4.2, popcnt, lzcnt, tsc, avx, avx2, aes, erms, clmul, bmi1, bmi2, fma, vzeroupper, clflush, hv
CPU Model and flags from /proc/cpuinfo:
model name	: Intel Core Processor (Haswell, no TSX)
flags		: fpu vme de pse tsc msr pae mce cx8 apic sep mtrr pge mca cmov pat pse36 clflush mmx fxsr sse sse2 syscall nx rdtscp lm constant_tsc rep_good nopl xtopology cpuid tsc_known_freq pni pclmulqdq vmx ssse3 fma cx16 pcid sse4_1 sse4_2 x2apic movbe popcnt tsc_deadline_timer aes xsave avx f16c rdrand hypervisor lahf_lm abm cpuid_fault invpcid_single pti tpr_shadow vnmi flexpriority ept vpid ept_ad fsgsbase bmi1 avx2 smep bmi2 erms invpcid xsaveopt arat md_clear

Online cpus: 0-3
Offline cpus: 
BIOS frequency limitation: <Not Available>
Frequency switch latency (ns): <Not Available>
Available cpu frequencies: <Not Available>
Current governor: <Not Available>
Core performance/turbo boost: <Not Available>

Memory: 4k page, physical 16014448k(1334272k free), swap 294504k(0k free)
Page Sizes: 4k

vm_info: OpenJDK Server VM (17.0.11+9-LTS) for linux-x86 JRE (17.0.11+9-LTS) (Zulu17.50+19-CA), built on Apr  9 2024 07:14:46 by "zulu_re" with gcc 8.3.0

END.
