#
# A fatal error has been detected by the Java Runtime Environment:
#
#  SIGSEGV (0xb) at pc=0xf7872618, pid=159060, tid=159060
#
# JRE version: OpenJDK Runtime Environment Zulu17.50+19-CA (17.0.11+9) (build 17.0.11+9-LTS)
# Java VM: OpenJDK Server VM Zulu17.50+19-CA (17.0.11+9-LTS, mixed mode, sharing, tiered, g1 gc, linux-x86)
# Problematic frame:
# C  [libc.so.6+0x84618]  cfree+0x28
#
# Core dump will be written. Default location: Core dumps may be processed with "/usr/lib/systemd/systemd-coredump %P %u %g %s %t %c %h %e" (or dumping to /home/almalinux/swg-returns-nge/exe/linux/core.159060)
#
# If you would like to submit a bug report, please visit:
#   http://www.azul.com/support/
#

---------------  S U M M A R Y ------------

Command Line: -Xms128m -Xmx512m -Xss768k -XX:MaxMetaspaceSize=96m -Xrs -XX:-UsePerfData -XX:-AllowUserSignalHandlers -XX:UseSSE=3 -XX+DoEscapeAnalysis -XX:AutoBoxCacheMax:2000 -XX:+OptimizeStringConcat -XX:+OptimizeFill -XX:+EliminateAutoBox -XX:+UseCompressedStrings -XX:+UseCompressedOops -XX:+EliminateLocks -XX:UseFastAccessorMethods -XX:+UseStringCache -XgcPrio:throughput -XXkeepAreaRatio:1 -XXlazyUnlocking -XXcallProfiling -XXcompactRatio:1 

Host: Intel Core Processor (Haswell, no TSX), 4 cores, 15G, AlmaLinux release 8.10 (Cerulean Leopard)
Time: Sat Jan 31 19:03:08 2026 UTC elapsed time: 3174.512143 seconds (0d 0h 52m 54s)

---------------  T H R E A D  ---------------

Current thread is native thread

Stack: [0xff788000,0xff848000],  sp=0xff845450,  free space=757k
Native frames: (J=compiled Java code, j=interpreted, Vv=VM code, C=native code)
C  [libc.so.6+0x84618]  cfree+0x28


siginfo: si_signo: 11 (SIGSEGV), si_code: 1 (SEGV_MAPERR), si_addr: 0x00000003

Registers:
EAX=0x00000000, EBX=0x00000007, ECX=0xf6eb084c, EDX=0x0b1ecd98
ESP=0xff845450, EBP=0xff845588, ESI=0xf7993000, EDI=0x00000000
EIP=0xf7872618, EFLAGS=0x00210202, CR2=0x0000000000000003


Top of Stack: (sp=0xff845450)
0xff845450:   0ae70020 00000000 ff845588 f7afff1c
0xff845460:   0ae700b0 f7c16a04 0b1ecd70 f7afff1c
0xff845470:   00000007 f7afff0a f7c16a04 f7afff4c
0xff845480:   0ae700b0 f7afff0a 0b1f0b10 085b6163
0xff845490:   00000007 0ae70020 0ae6fd30 085bb8d1
0xff8454a0:   0ae70020 0ae6fd30 00000000 085bb89b
0xff8454b0:   0c689ae0 ff8454d7 ff8454fc 085c6969
0xff8454c0:   087d6c00 ff8454fc ff845588 084fc53b
0xff8454d0:   00000014 00010002 00000000 00000000
0xff8454e0:   01010100 00000001 09aa44c0 00000000
0xff8454f0:   00000000 00000000 00000000 00000000
0xff845500:   00000000 00000014 ff845658 f78236ff
0xff845510:   f799341c 47677753 53656d61 65767265
0xff845520:   35313a72 30363039 09290100 0b1d2130
0xff845530:   08ea0100 08ebc230 08ea5888 f799341c
0xff845540:   00000428 00000420 f7823779 085758fd
0xff845550:   08ea2a80 09b1ea78 08ea5888 08574f56
0xff845560:   0929a2c4 0929a2c4 ff845658 08ea583b
0xff845570:   0000000c ff845624 ff8455a0 f7993000
0xff845580:   00000000 08575910 00000000 f780bf26
0xff845590:   00000000 08575910 00000000 f780bf26
0xff8455a0:   0000000c ff845624 ff845658 ff8455c4
0xff8455b0:   0929a2d0 00000000 ff845658 f7993000
0xff8455c0:   f77fb75c f7993000 00000000 08575910
0xff8455d0:   00000000 c0076906 c9d1e116 00000000
0xff8455e0:   00000000 00000000 f7f124d0 f780be30
0xff8455f0:   084fc260 0929a2c4 0000000c 08575946
0xff845600:   084fc260 0000000c ff845624 08ea57f0
0xff845610:   08ea5850 f7f124d0 ff84561c f7f3f970
0xff845620:   0000000c ff846631 ff846643 ff846646
0xff845630:   ff846658 ff84665b ff846666 ff84668a
0xff845640:   ff84669a ff8466b1 ff8466d8 ff8466db 

Instructions: (pc=0xf7872618)
0xf7872518:   50 8d 96 86 f7 fa ff 8d 86 d0 2f fb ff e8 c6 b7
0xf7872528:   ff ff 8d b6 00 00 00 00 bb 20 00 00 00 e9 5e fe
0xf7872538:   ff ff e8 a1 c0 ff ff 89 c5 85 c0 0f 85 68 ff ff
0xf7872548:   ff 31 d2 8d 44 3b 10 e8 8c c1 ff ff 89 da 89 f9
0xf7872558:   89 c5 e8 11 f0 ff ff 89 c2 85 c0 75 1b 85 ed 74
0xf7872568:   17 90 89 fa 89 e8 e8 bd c5 ff ff 89 da 89 f9 89
0xf7872578:   c5 e8 f2 ef ff ff 89 c2 85 ed 0f 84 57 ff ff ff
0xf7872588:   e9 39 ff ff ff 8d 86 b8 31 fb ff 83 ec 0c b9 25
0xf7872598:   0d 00 00 50 8d 96 86 f7 fa ff 8d 86 74 2f fb ff
0xf78725a8:   e8 43 b7 ff ff 8d 76 00 f3 0f 1e fb e8 0a 9a f9
0xf78725b8:   ff 05 47 0a 12 00 56 53 83 ec 04 8b 5c 24 10 8b
0xf78725c8:   74 24 14 8b 80 50 ff ff ff c7 00 00 00 00 00 e8
0xf78725d8:   54 bb ff ff 8b 4c 24 0c 83 c4 04 89 f2 89 d8 5b
0xf78725e8:   5e e9 42 fd ff ff 66 90 f3 0f 1e fb 56 e8 9a 9b
0xf78725f8:   f9 ff 81 c6 06 0a 12 00 53 83 ec 14 8b 5c 24 20
0xf7872608:   8b 86 5c ff ff ff 8b 00 85 c0 75 6c 85 db 74 75
0xf7872618:   8b 4b fc 8d 53 f8 f6 c1 02 75 35 8b 86 70 fe ff
0xf7872628:   ff 65 8b 00 85 c0 0f 84 8c 00 00 00 83 e1 04 8d
0xf7872638:   86 60 07 00 00 74 09 89 d0 25 00 00 f0 ff 8b 00
0xf7872648:   83 c4 14 31 c9 5b 5e e9 8c cb ff ff 8d 74 26 00
0xf7872658:   8b 9e 60 01 00 00 85 db 75 10 3b 8e 48 01 00 00
0xf7872668:   76 08 81 f9 00 00 08 00 76 26 83 c4 14 89 d0 5b
0xf7872678:   5e e9 92 b8 ff ff 66 90 83 ec 08 ff 74 24 24 53
0xf7872688:   ff d0 83 c4 10 83 c4 14 5b 5e c3 8d 74 26 00 90
0xf7872698:   39 96 80 1d 00 00 77 08 39 96 7c 1d 00 00 77 ca
0xf78726a8:   83 e1 f8 8d 04 09 89 8e 48 01 00 00 89 86 40 01
0xf78726b8:   00 00 90 eb b5 8d 76 00 8b 86 74 fe ff ff 65 80
0xf78726c8:   38 00 0f 85 64 ff ff ff 89 54 24 0c e8 97 ed ff
0xf78726d8:   ff 8b 4b fc 8b 54 24 0c e9 4f ff ff ff 8d b4 26
0xf78726e8:   00 00 00 00 8d 74 26 00 f3 0f 1e fb 55 57 56 e8
0xf78726f8:   98 9a f9 ff 81 c6 04 09 12 00 53 83 ec 0c 8b 86
0xf7872708:   70 fe ff ff 8b 96 74 fe ff ff 65 8b 28 65 c6 02 



---------------  P R O C E S S  ---------------

VM state: at safepoint (shutting down)

VM Mutex/Monitor currently owned by a thread:  ([mutex/lock_event])
[0xf5e21d30] Threads_lock - owner thread: 0xc4194cf0

GC Precious Log:
<Skipped>

Heap:
 garbage-first heap   total 131072K, used 58071K [0xc5c00000, 0xe5c00000)
  region size 1024K, 56 young (57344K), 2 survivors (2048K)
 Metaspace       used 3499K, committed 3776K, reserved 16384K

Heap Regions: E=young(eden), S=young(survivor), O=old, HS=humongous(starts), HC=humongous(continues), CS=collection set, F=free, OA=open archive, CA=closed archive, TAMS=top-at-mark-start (previous, next)
|   0|0xc5c00000, 0xc5d00000, 0xc5d00000|100%| O|  |TAMS 0xc5c00000, 0xc5c00000| Untracked 
|   1|0xc5d00000, 0xc5dd9800, 0xc5e00000| 84%| O|  |TAMS 0xc5d00000, 0xc5d00000| Untracked 
|   2|0xc5e00000, 0xc5e00000, 0xc5f00000|  0%| F|  |TAMS 0xc5e00000, 0xc5e00000| Untracked 
|   3|0xc5f00000, 0xc5f00000, 0xc6000000|  0%| F|  |TAMS 0xc5f00000, 0xc5f00000| Untracked 
|   4|0xc6000000, 0xc6000000, 0xc6100000|  0%| F|  |TAMS 0xc6000000, 0xc6000000| Untracked 
|   5|0xc6100000, 0xc6100000, 0xc6200000|  0%| F|  |TAMS 0xc6100000, 0xc6100000| Untracked 
|   6|0xc6200000, 0xc6200000, 0xc6300000|  0%| F|  |TAMS 0xc6200000, 0xc6200000| Untracked 
|   7|0xc6300000, 0xc6300000, 0xc6400000|  0%| F|  |TAMS 0xc6300000, 0xc6300000| Untracked 
|   8|0xc6400000, 0xc6400000, 0xc6500000|  0%| F|  |TAMS 0xc6400000, 0xc6400000| Untracked 
|   9|0xc6500000, 0xc6500000, 0xc6600000|  0%| F|  |TAMS 0xc6500000, 0xc6500000| Untracked 
|  10|0xc6600000, 0xc6600000, 0xc6700000|  0%| F|  |TAMS 0xc6600000, 0xc6600000| Untracked 
|  11|0xc6700000, 0xc6700000, 0xc6800000|  0%| F|  |TAMS 0xc6700000, 0xc6700000| Untracked 
|  12|0xc6800000, 0xc6800000, 0xc6900000|  0%| F|  |TAMS 0xc6800000, 0xc6800000| Untracked 
|  13|0xc6900000, 0xc6900000, 0xc6a00000|  0%| F|  |TAMS 0xc6900000, 0xc6900000| Untracked 
|  14|0xc6a00000, 0xc6a00000, 0xc6b00000|  0%| F|  |TAMS 0xc6a00000, 0xc6a00000| Untracked 
|  15|0xc6b00000, 0xc6b00000, 0xc6c00000|  0%| F|  |TAMS 0xc6b00000, 0xc6b00000| Untracked 
|  16|0xc6c00000, 0xc6c00000, 0xc6d00000|  0%| F|  |TAMS 0xc6c00000, 0xc6c00000| Untracked 
|  17|0xc6d00000, 0xc6d00000, 0xc6e00000|  0%| F|  |TAMS 0xc6d00000, 0xc6d00000| Untracked 
|  18|0xc6e00000, 0xc6e00000, 0xc6f00000|  0%| F|  |TAMS 0xc6e00000, 0xc6e00000| Untracked 
|  19|0xc6f00000, 0xc6f00000, 0xc7000000|  0%| F|  |TAMS 0xc6f00000, 0xc6f00000| Untracked 
|  20|0xc7000000, 0xc7000000, 0xc7100000|  0%| F|  |TAMS 0xc7000000, 0xc7000000| Untracked 
|  21|0xc7100000, 0xc7100000, 0xc7200000|  0%| F|  |TAMS 0xc7100000, 0xc7100000| Untracked 
|  22|0xc7200000, 0xc7200000, 0xc7300000|  0%| F|  |TAMS 0xc7200000, 0xc7200000| Untracked 
|  23|0xc7300000, 0xc7300000, 0xc7400000|  0%| F|  |TAMS 0xc7300000, 0xc7300000| Untracked 
|  24|0xc7400000, 0xc7400000, 0xc7500000|  0%| F|  |TAMS 0xc7400000, 0xc7400000| Untracked 
|  25|0xc7500000, 0xc7500000, 0xc7600000|  0%| F|  |TAMS 0xc7500000, 0xc7500000| Untracked 
|  26|0xc7600000, 0xc7600000, 0xc7700000|  0%| F|  |TAMS 0xc7600000, 0xc7600000| Untracked 
|  27|0xc7700000, 0xc7700000, 0xc7800000|  0%| F|  |TAMS 0xc7700000, 0xc7700000| Untracked 
|  28|0xc7800000, 0xc7800000, 0xc7900000|  0%| F|  |TAMS 0xc7800000, 0xc7800000| Untracked 
|  29|0xc7900000, 0xc7900000, 0xc7a00000|  0%| F|  |TAMS 0xc7900000, 0xc7900000| Untracked 
|  30|0xc7a00000, 0xc7a00000, 0xc7b00000|  0%| F|  |TAMS 0xc7a00000, 0xc7a00000| Untracked 
|  31|0xc7b00000, 0xc7b00000, 0xc7c00000|  0%| F|  |TAMS 0xc7b00000, 0xc7b00000| Untracked 
|  32|0xc7c00000, 0xc7c00000, 0xc7d00000|  0%| F|  |TAMS 0xc7c00000, 0xc7c00000| Untracked 
|  33|0xc7d00000, 0xc7d00000, 0xc7e00000|  0%| F|  |TAMS 0xc7d00000, 0xc7d00000| Untracked 
|  34|0xc7e00000, 0xc7e00000, 0xc7f00000|  0%| F|  |TAMS 0xc7e00000, 0xc7e00000| Untracked 
|  35|0xc7f00000, 0xc7f00000, 0xc8000000|  0%| F|  |TAMS 0xc7f00000, 0xc7f00000| Untracked 
|  36|0xc8000000, 0xc8000000, 0xc8100000|  0%| F|  |TAMS 0xc8000000, 0xc8000000| Untracked 
|  37|0xc8100000, 0xc8100000, 0xc8200000|  0%| F|  |TAMS 0xc8100000, 0xc8100000| Untracked 
|  38|0xc8200000, 0xc8200000, 0xc8300000|  0%| F|  |TAMS 0xc8200000, 0xc8200000| Untracked 
|  39|0xc8300000, 0xc8300000, 0xc8400000|  0%| F|  |TAMS 0xc8300000, 0xc8300000| Untracked 
|  40|0xc8400000, 0xc8400000, 0xc8500000|  0%| F|  |TAMS 0xc8400000, 0xc8400000| Untracked 
|  41|0xc8500000, 0xc8500000, 0xc8600000|  0%| F|  |TAMS 0xc8500000, 0xc8500000| Untracked 
|  42|0xc8600000, 0xc8600000, 0xc8700000|  0%| F|  |TAMS 0xc8600000, 0xc8600000| Untracked 
|  43|0xc8700000, 0xc8700000, 0xc8800000|  0%| F|  |TAMS 0xc8700000, 0xc8700000| Untracked 
|  44|0xc8800000, 0xc8800000, 0xc8900000|  0%| F|  |TAMS 0xc8800000, 0xc8800000| Untracked 
|  45|0xc8900000, 0xc8900000, 0xc8a00000|  0%| F|  |TAMS 0xc8900000, 0xc8900000| Untracked 
|  46|0xc8a00000, 0xc8a00000, 0xc8b00000|  0%| F|  |TAMS 0xc8a00000, 0xc8a00000| Untracked 
|  47|0xc8b00000, 0xc8b00000, 0xc8c00000|  0%| F|  |TAMS 0xc8b00000, 0xc8b00000| Untracked 
|  48|0xc8c00000, 0xc8c00000, 0xc8d00000|  0%| F|  |TAMS 0xc8c00000, 0xc8c00000| Untracked 
|  49|0xc8d00000, 0xc8d00000, 0xc8e00000|  0%| F|  |TAMS 0xc8d00000, 0xc8d00000| Untracked 
|  50|0xc8e00000, 0xc8edbd30, 0xc8f00000| 85%| S|CS|TAMS 0xc8e00000, 0xc8e00000| Complete 
|  51|0xc8f00000, 0xc9000000, 0xc9000000|100%| S|CS|TAMS 0xc8f00000, 0xc8f00000| Complete 
|  52|0xc9000000, 0xc9000000, 0xc9100000|  0%| F|  |TAMS 0xc9000000, 0xc9000000| Untracked 
|  53|0xc9100000, 0xc9100000, 0xc9200000|  0%| F|  |TAMS 0xc9100000, 0xc9100000| Untracked 
|  54|0xc9200000, 0xc9200000, 0xc9300000|  0%| F|  |TAMS 0xc9200000, 0xc9200000| Untracked 
|  55|0xc9300000, 0xc9300000, 0xc9400000|  0%| F|  |TAMS 0xc9300000, 0xc9300000| Untracked 
|  56|0xc9400000, 0xc9400000, 0xc9500000|  0%| F|  |TAMS 0xc9400000, 0xc9400000| Untracked 
|  57|0xc9500000, 0xc9500000, 0xc9600000|  0%| F|  |TAMS 0xc9500000, 0xc9500000| Untracked 
|  58|0xc9600000, 0xc9600000, 0xc9700000|  0%| F|  |TAMS 0xc9600000, 0xc9600000| Untracked 
|  59|0xc9700000, 0xc9700000, 0xc9800000|  0%| F|  |TAMS 0xc9700000, 0xc9700000| Untracked 
|  60|0xc9800000, 0xc9800000, 0xc9900000|  0%| F|  |TAMS 0xc9800000, 0xc9800000| Untracked 
|  61|0xc9900000, 0xc9900000, 0xc9a00000|  0%| F|  |TAMS 0xc9900000, 0xc9900000| Untracked 
|  62|0xc9a00000, 0xc9a00000, 0xc9b00000|  0%| F|  |TAMS 0xc9a00000, 0xc9a00000| Untracked 
|  63|0xc9b00000, 0xc9b00000, 0xc9c00000|  0%| F|  |TAMS 0xc9b00000, 0xc9b00000| Untracked 
|  64|0xc9c00000, 0xc9c00000, 0xc9d00000|  0%| F|  |TAMS 0xc9c00000, 0xc9c00000| Untracked 
|  65|0xc9d00000, 0xc9d00000, 0xc9e00000|  0%| F|  |TAMS 0xc9d00000, 0xc9d00000| Untracked 
|  66|0xc9e00000, 0xc9e00000, 0xc9f00000|  0%| F|  |TAMS 0xc9e00000, 0xc9e00000| Untracked 
|  67|0xc9f00000, 0xc9f00000, 0xca000000|  0%| F|  |TAMS 0xc9f00000, 0xc9f00000| Untracked 
|  68|0xca000000, 0xca000000, 0xca100000|  0%| F|  |TAMS 0xca000000, 0xca000000| Untracked 
|  69|0xca100000, 0xca100000, 0xca200000|  0%| F|  |TAMS 0xca100000, 0xca100000| Untracked 
|  70|0xca200000, 0xca200000, 0xca300000|  0%| F|  |TAMS 0xca200000, 0xca200000| Untracked 
|  71|0xca300000, 0xca300000, 0xca400000|  0%| F|  |TAMS 0xca300000, 0xca300000| Untracked 
|  72|0xca400000, 0xca400000, 0xca500000|  0%| F|  |TAMS 0xca400000, 0xca400000| Untracked 
|  73|0xca500000, 0xca500000, 0xca600000|  0%| F|  |TAMS 0xca500000, 0xca500000| Untracked 
|  74|0xca600000, 0xca600800, 0xca700000|  0%| E|  |TAMS 0xca600000, 0xca600000| Complete 
|  75|0xca700000, 0xca800000, 0xca800000|100%| E|CS|TAMS 0xca700000, 0xca700000| Complete 
|  76|0xca800000, 0xca900000, 0xca900000|100%| E|CS|TAMS 0xca800000, 0xca800000| Complete 
|  77|0xca900000, 0xcaa00000, 0xcaa00000|100%| E|CS|TAMS 0xca900000, 0xca900000| Complete 
|  78|0xcaa00000, 0xcab00000, 0xcab00000|100%| E|CS|TAMS 0xcaa00000, 0xcaa00000| Complete 
|  79|0xcab00000, 0xcac00000, 0xcac00000|100%| E|CS|TAMS 0xcab00000, 0xcab00000| Complete 
|  80|0xcac00000, 0xcad00000, 0xcad00000|100%| E|CS|TAMS 0xcac00000, 0xcac00000| Complete 
|  81|0xcad00000, 0xcae00000, 0xcae00000|100%| E|CS|TAMS 0xcad00000, 0xcad00000| Complete 
|  82|0xcae00000, 0xcaf00000, 0xcaf00000|100%| E|CS|TAMS 0xcae00000, 0xcae00000| Complete 
|  83|0xcaf00000, 0xcb000000, 0xcb000000|100%| E|CS|TAMS 0xcaf00000, 0xcaf00000| Complete 
|  84|0xcb000000, 0xcb100000, 0xcb100000|100%| E|CS|TAMS 0xcb000000, 0xcb000000| Complete 
|  85|0xcb100000, 0xcb200000, 0xcb200000|100%| E|CS|TAMS 0xcb100000, 0xcb100000| Complete 
|  86|0xcb200000, 0xcb300000, 0xcb300000|100%| E|CS|TAMS 0xcb200000, 0xcb200000| Complete 
|  87|0xcb300000, 0xcb400000, 0xcb400000|100%| E|CS|TAMS 0xcb300000, 0xcb300000| Complete 
|  88|0xcb400000, 0xcb500000, 0xcb500000|100%| E|CS|TAMS 0xcb400000, 0xcb400000| Complete 
|  89|0xcb500000, 0xcb600000, 0xcb600000|100%| E|CS|TAMS 0xcb500000, 0xcb500000| Complete 
|  90|0xcb600000, 0xcb700000, 0xcb700000|100%| E|CS|TAMS 0xcb600000, 0xcb600000| Complete 
|  91|0xcb700000, 0xcb800000, 0xcb800000|100%| E|CS|TAMS 0xcb700000, 0xcb700000| Complete 
|  92|0xcb800000, 0xcb900000, 0xcb900000|100%| E|CS|TAMS 0xcb800000, 0xcb800000| Complete 
|  93|0xcb900000, 0xcba00000, 0xcba00000|100%| E|CS|TAMS 0xcb900000, 0xcb900000| Complete 
|  94|0xcba00000, 0xcbb00000, 0xcbb00000|100%| E|CS|TAMS 0xcba00000, 0xcba00000| Complete 
|  95|0xcbb00000, 0xcbc00000, 0xcbc00000|100%| E|CS|TAMS 0xcbb00000, 0xcbb00000| Complete 
|  96|0xcbc00000, 0xcbd00000, 0xcbd00000|100%| E|CS|TAMS 0xcbc00000, 0xcbc00000| Complete 
|  97|0xcbd00000, 0xcbe00000, 0xcbe00000|100%| E|CS|TAMS 0xcbd00000, 0xcbd00000| Complete 
|  98|0xcbe00000, 0xcbf00000, 0xcbf00000|100%| E|CS|TAMS 0xcbe00000, 0xcbe00000| Complete 
|  99|0xcbf00000, 0xcc000000, 0xcc000000|100%| E|CS|TAMS 0xcbf00000, 0xcbf00000| Complete 
| 100|0xcc000000, 0xcc100000, 0xcc100000|100%| E|CS|TAMS 0xcc000000, 0xcc000000| Complete 
| 101|0xcc100000, 0xcc200000, 0xcc200000|100%| E|CS|TAMS 0xcc100000, 0xcc100000| Complete 
| 102|0xcc200000, 0xcc300000, 0xcc300000|100%| E|CS|TAMS 0xcc200000, 0xcc200000| Complete 
| 103|0xcc300000, 0xcc400000, 0xcc400000|100%| E|CS|TAMS 0xcc300000, 0xcc300000| Complete 
| 104|0xcc400000, 0xcc500000, 0xcc500000|100%| E|CS|TAMS 0xcc400000, 0xcc400000| Complete 
| 105|0xcc500000, 0xcc600000, 0xcc600000|100%| E|CS|TAMS 0xcc500000, 0xcc500000| Complete 
| 106|0xcc600000, 0xcc700000, 0xcc700000|100%| E|CS|TAMS 0xcc600000, 0xcc600000| Complete 
| 107|0xcc700000, 0xcc800000, 0xcc800000|100%| E|CS|TAMS 0xcc700000, 0xcc700000| Complete 
| 108|0xcc800000, 0xcc900000, 0xcc900000|100%| E|CS|TAMS 0xcc800000, 0xcc800000| Complete 
| 109|0xcc900000, 0xcca00000, 0xcca00000|100%| E|CS|TAMS 0xcc900000, 0xcc900000| Complete 
| 110|0xcca00000, 0xccb00000, 0xccb00000|100%| E|CS|TAMS 0xcca00000, 0xcca00000| Complete 
| 111|0xccb00000, 0xccc00000, 0xccc00000|100%| E|CS|TAMS 0xccb00000, 0xccb00000| Complete 
| 112|0xccc00000, 0xccd00000, 0xccd00000|100%| E|CS|TAMS 0xccc00000, 0xccc00000| Complete 
| 113|0xccd00000, 0xcce00000, 0xcce00000|100%| E|CS|TAMS 0xccd00000, 0xccd00000| Complete 
| 114|0xcce00000, 0xccf00000, 0xccf00000|100%| E|CS|TAMS 0xcce00000, 0xcce00000| Complete 
| 115|0xccf00000, 0xcd000000, 0xcd000000|100%| E|CS|TAMS 0xccf00000, 0xccf00000| Complete 
| 116|0xcd000000, 0xcd100000, 0xcd100000|100%| E|CS|TAMS 0xcd000000, 0xcd000000| Complete 
| 117|0xcd100000, 0xcd200000, 0xcd200000|100%| E|CS|TAMS 0xcd100000, 0xcd100000| Complete 
| 118|0xcd200000, 0xcd300000, 0xcd300000|100%| E|CS|TAMS 0xcd200000, 0xcd200000| Complete 
| 119|0xcd300000, 0xcd400000, 0xcd400000|100%| E|CS|TAMS 0xcd300000, 0xcd300000| Complete 
| 120|0xcd400000, 0xcd500000, 0xcd500000|100%| E|CS|TAMS 0xcd400000, 0xcd400000| Complete 
| 121|0xcd500000, 0xcd600000, 0xcd600000|100%| E|CS|TAMS 0xcd500000, 0xcd500000| Complete 
| 122|0xcd600000, 0xcd700000, 0xcd700000|100%| E|CS|TAMS 0xcd600000, 0xcd600000| Complete 
| 123|0xcd700000, 0xcd800000, 0xcd800000|100%| E|CS|TAMS 0xcd700000, 0xcd700000| Complete 
| 124|0xcd800000, 0xcd900000, 0xcd900000|100%| E|CS|TAMS 0xcd800000, 0xcd800000| Complete 
| 125|0xcd900000, 0xcda00000, 0xcda00000|100%| E|CS|TAMS 0xcd900000, 0xcd900000| Complete 
| 126|0xcda00000, 0xcdb00000, 0xcdb00000|100%| E|CS|TAMS 0xcda00000, 0xcda00000| Complete 
| 127|0xcdb00000, 0xcdc00000, 0xcdc00000|100%| E|CS|TAMS 0xcdb00000, 0xcdb00000| Complete 

Card table byte_map: [0xc5a00000,0xc5b00000] _byte_map_base: 0xc53d2000

Marking Bits (Prev, Next): (CMBitMap*) 0xf5e8b528, (CMBitMap*) 0xf5e8b548
 Prev Bits: [0xc5100000, 0xc5900000)
 Next Bits: [0xc4900000, 0xc5100000)

Polling page: 0xf7f04000

Metaspace:

Usage:
    3.42 MB used.

Virtual space:
     16.00 MB reserved,       3.69 MB ( 23%) committed,  1 nodes.

Chunk freelists:
9.75 MB

MaxMetaspaceSize: 96.00 MB
No class space
Initial GC threshold: 16.00 MB
Current GC threshold: 16.00 MB
CDS: on
MetaspaceReclaimPolicy: balanced
 - commit_granule_bytes: 65536.
 - commit_granule_words: 16384.
 - virtual_space_node_default_size: 4194304.
 - enlarge_chunks_in_place: 1.
 - new_chunks_are_fully_committed: 0.
 - uncommit_free_chunks: 1.
 - use_allocation_guard: 0.
 - handle_deallocations: 1.


Internal statistics:

num_allocs_failed_limit: 0.
num_arena_births: 135.
num_arena_deaths: 0.
num_vsnodes_births: 1.
num_vsnodes_deaths: 0.
num_space_committed: 59.
num_space_uncommitted: 0.
num_chunks_returned_to_freelist: 0.
num_chunks_taken_from_freelist: 285.
num_chunk_merges: 0.
num_chunk_splits: 190.
num_chunks_enlarged: 124.
num_inconsistent_stats: 0.

CodeHeap 'non-profiled nmethods': size=120172Kb used=1033Kb max_used=1033Kb free=119138Kb
 bounds [0xed7f5000, 0xeda35000, 0xf4d50000]
CodeHeap 'profiled nmethods': size=120172Kb used=2765Kb max_used=2765Kb free=117406Kb
 bounds [0xe5d50000, 0xe6008000, 0xed2ab000]
CodeHeap 'non-nmethods': size=5416Kb used=724Kb max_used=769Kb free=4691Kb
 bounds [0xed2ab000, 0xed4eb000, 0xed7f5000]
 total_blobs=1843 nmethods=1512 adapters=245
 compilation: enabled
              stopped_count=0, restarted_count=0
 full_count=0

Compilation events (20 events):
Event: 2748.924 Thread 0xc41a0580 1505       3       script.space.ai.space_ai::OnArrivedAtLocation (225 bytes)
Event: 2748.928 Thread 0xc41a0580 nmethod 1505 0xe5ff9e08 code [0xe5ffa380, 0xe5ffc498]
Event: 2773.760 Thread 0xc41a0580 1506       3       java.io.ClassCache::get (56 bytes)
Event: 2773.761 Thread 0xc41a0580 nmethod 1506 0xe5ffd608 code [0xe5ffd840, 0xe5ffe374]
Event: 2797.747 Thread 0xc419f450 1507   !   4       jdk.internal.reflect.GeneratedMethodAccessor18::invoke (240 bytes)
Event: 2797.755 Thread 0xc419f450 nmethod 1507 0xed8f6908 code [0xed8f6aa0, 0xed8f6f78]
Event: 2871.249 Thread 0xc41a0580 1508       3       script.library.utils::getLocationFromTransform (39 bytes)
Event: 2871.249 Thread 0xc41a0580 nmethod 1508 0xe5ffe888 code [0xe5ffe9e0, 0xe5ffecb8]
Event: 2871.266 Thread 0xc41a0580 1509       3       script.base_class::addLocationTarget3d (9 bytes)
Event: 2871.266 Thread 0xc41a0580 nmethod 1509 0xe5ffee08 code [0xe5ffef40, 0xe5fff04c]
Event: 2881.567 Thread 0xc41a0580 1510   !   3       jdk.internal.reflect.GeneratedMethodAccessor25::invoke (76 bytes)
Event: 2881.568 Thread 0xc41a0580 nmethod 1510 0xe5fff108 code [0xe5fff320, 0xe5fffb28]
Event: 2882.294 Thread 0xc41a0580 1511       3       script.space.content_tools.spawner::respawnShip (127 bytes)
Event: 2882.296 Thread 0xc41a0580 nmethod 1511 0xe5ffff88 code [0xe6000260, 0xe6000ea4]
Event: 2899.748 Thread 0xc41a0580 1512       3       java.lang.ref.SoftReference::get (29 bytes)
Event: 2899.748 Thread 0xc41a0580 nmethod 1512 0xe6001508 code [0xe6001640, 0xe6001840]
Event: 2945.412 Thread 0xc41a0580 1513   !   3       jdk.internal.reflect.GeneratedMethodAccessor24::invoke (76 bytes)
Event: 2945.413 Thread 0xc41a0580 nmethod 1513 0xe6001908 code [0xe6001b20, 0xe6002328]
Event: 3107.197 Thread 0xc41a0580 1514   !   3       jdk.internal.reflect.GeneratedMethodAccessor26::invoke (76 bytes)
Event: 3107.198 Thread 0xc41a0580 nmethod 1514 0xe6002788 code [0xe60029a0, 0xe60031a8]

GC Heap History (8 events):
Event: 27.588 GC heap before
{Heap before GC invocations=0 (full 0):
 garbage-first heap   total 131072K, used 12288K [0xc5c00000, 0xe5c00000)
  region size 1024K, 13 young (13312K), 0 survivors (0K)
 Metaspace       used 1887K, committed 2048K, reserved 16384K
}
Event: 27.725 GC heap after
{Heap after GC invocations=1 (full 0):
 garbage-first heap   total 131072K, used 2126K [0xc5c00000, 0xe5c00000)
  region size 1024K, 2 young (2048K), 2 survivors (2048K)
 Metaspace       used 1887K, committed 2048K, reserved 16384K
}
Event: 142.203 GC heap before
{Heap before GC invocations=1 (full 0):
 garbage-first heap   total 131072K, used 19534K [0xc5c00000, 0xe5c00000)
  region size 1024K, 19 young (19456K), 2 survivors (2048K)
 Metaspace       used 3170K, committed 3456K, reserved 16384K
}
Event: 142.224 GC heap after
{Heap after GC invocations=2 (full 0):
 garbage-first heap   total 131072K, used 3421K [0xc5c00000, 0xe5c00000)
  region size 1024K, 2 young (2048K), 2 survivors (2048K)
 Metaspace       used 3170K, committed 3456K, reserved 16384K
}
Event: 1143.195 GC heap before
{Heap before GC invocations=2 (full 0):
 garbage-first heap   total 131072K, used 48477K [0xc5c00000, 0xe5c00000)
  region size 1024K, 46 young (47104K), 2 survivors (2048K)
 Metaspace       used 3468K, committed 3712K, reserved 16384K
}
Event: 1143.252 GC heap after
{Heap after GC invocations=3 (full 0):
 garbage-first heap   total 131072K, used 3935K [0xc5c00000, 0xe5c00000)
  region size 1024K, 2 young (2048K), 2 survivors (2048K)
 Metaspace       used 3468K, committed 3712K, reserved 16384K
}
Event: 2152.960 GC heap before
{Heap before GC invocations=3 (full 0):
 garbage-first heap   total 131072K, used 79711K [0xc5c00000, 0xe5c00000)
  region size 1024K, 76 young (77824K), 2 survivors (2048K)
 Metaspace       used 3482K, committed 3712K, reserved 16384K
}
Event: 2152.981 GC heap after
{Heap after GC invocations=4 (full 0):
 garbage-first heap   total 131072K, used 3797K [0xc5c00000, 0xe5c00000)
  region size 1024K, 2 young (2048K), 2 survivors (2048K)
 Metaspace       used 3482K, committed 3712K, reserved 16384K
}

Dll operation events (4 events):
Event: 0.004 Loaded shared library /usr/lib/jvm/java-17-zulu-openjdk-jdk-x86/lib/libjava.so
Event: 33.270 Loaded shared library /usr/lib/jvm/java-17-zulu-openjdk-jdk-x86/lib/libnio.so
Event: 33.271 Loaded shared library /usr/lib/jvm/java-17-zulu-openjdk-jdk-x86/lib/libjimage.so
Event: 33.272 Loaded shared library /usr/lib/jvm/java-17-zulu-openjdk-jdk-x86/lib/libnet.so

Deoptimization events (20 events):
Event: 996.518 Thread 0x0c4fd360 Uncommon trap: trap_request=0xffffffcc fr.pc=0xed853150 relative=0x00000190
Event: 996.519 Thread 0x0c4fd360 Uncommon trap: reason=intrinsic action=make_not_entrant pc=0xed853150 method=java.util.Arrays.copyOf([Ljava/lang/Object;ILjava/lang/Class;)[Ljava/lang/Object; @ 35 c2
Event: 996.519 Thread 0x0c4fd360 DEOPT PACKING pc=0xed853150 sp=0xff843b30
Event: 996.519 Thread 0x0c4fd360 DEOPT UNPACKING pc=0xed2f4d33 sp=0xff843b08 mode 2
Event: 1536.303 Thread 0x0c4fd360 Uncommon trap: trap_request=0xffffff45 fr.pc=0xed8df12c relative=0x000019cc
Event: 1536.303 Thread 0x0c4fd360 Uncommon trap: reason=unstable_if action=reinterpret pc=0xed8df12c method=script.library.utils.setScriptVar(Lscript/obj_id;Ljava/lang/String;I)Z @ 4 c2
Event: 1536.303 Thread 0x0c4fd360 DEOPT PACKING pc=0xed8df12c sp=0xff844c40
Event: 1536.304 Thread 0x0c4fd360 DEOPT UNPACKING pc=0xed2f4d33 sp=0xff844bcc mode 2
Event: 2164.646 Thread 0x0c4fd360 Uncommon trap: trap_request=0xffffff45 fr.pc=0xed8a0cc8 relative=0x000003e8
Event: 2164.646 Thread 0x0c4fd360 Uncommon trap: reason=unstable_if action=reinterpret pc=0xed8a0cc8 method=java.io.ClassCache.processQueue()V @ 9 c2
Event: 2164.646 Thread 0x0c4fd360 DEOPT PACKING pc=0xed8a0cc8 sp=0xff843d20
Event: 2164.647 Thread 0x0c4fd360 DEOPT UNPACKING pc=0xed2f4d33 sp=0xff843cd0 mode 2
Event: 2303.605 Thread 0x0c4fd360 Uncommon trap: trap_request=0xffffff45 fr.pc=0xed8924d8 relative=0x000000b8
Event: 2303.605 Thread 0x0c4fd360 Uncommon trap: reason=unstable_if action=reinterpret pc=0xed8924d8 method=java.lang.ref.SoftReference.get()Ljava/lang/Object; @ 6 c2
Event: 2303.605 Thread 0x0c4fd360 DEOPT PACKING pc=0xed8924d8 sp=0xff844680
Event: 2303.605 Thread 0x0c4fd360 DEOPT UNPACKING pc=0xed2f4d33 sp=0xff844654 mode 2
Event: 2422.164 Thread 0x0c4fd360 Uncommon trap: trap_request=0xffffff45 fr.pc=0xed8e0f94 relative=0x000001f4
Event: 2422.164 Thread 0x0c4fd360 Uncommon trap: reason=unstable_if action=reinterpret pc=0xed8e0f94 method=script.space.ai.space_ai.OnShipIsHitting(Lscript/obj_id;Lscript/obj_id;II)I @ 29 c2
Event: 2422.164 Thread 0x0c4fd360 DEOPT PACKING pc=0xed8e0f94 sp=0xff844cb0
Event: 2422.165 Thread 0x0c4fd360 DEOPT UNPACKING pc=0xed2f4d33 sp=0xff844c34 mode 2

Classes unloaded (0 events):
No events

Classes redefined (0 events):
No events

Internal exceptions (4 events):
Event: 31.266 Thread 0x0c4fd360 Implicit null exception at 0xed8206ab to 0xed820700
Event: 31.358 Thread 0x0c4fd360 Exception <a 'java/lang/NoSuchMethodError'{0xcd447ce0}: static [Ljava/lang/String;.<clinit>()V> (0xcd447ce0) 
thrown [src/hotspot/share/prims/jni.cpp, line 1112]
Event: 33.285 Thread 0x0c4fd360 Exception <a 'java/lang/NoSuchMethodError'{0xccc3c1a8}: 'java.lang.Object java.lang.invoke.DirectMethodHandle$Holder.invokeStaticInit(java.lang.Object)'> (0xccc3c1a8) 
thrown [src/hotspot/share/interpreter/linkResolver.cpp, line 759]
Event: 74.759 Thread 0x0c4fd360 Exception <a 'java/lang/NoSuchMethodError'{0xccbd1ee8}: 'java.lang.Object java.lang.invoke.DirectMethodHandle$Holder.invokeStatic(java.lang.Object, float)'> (0xccbd1ee8) 
thrown [src/hotspot/share/interpreter/linkResolver.cpp, line 759]

VM Operations (20 events):
Event: 1011.315 Executing VM operation: Cleanup
Event: 1011.315 Executing VM operation: Cleanup done
Event: 1143.188 Executing VM operation: G1CollectForAllocation
Event: 1143.252 Executing VM operation: G1CollectForAllocation done
Event: 1190.365 Executing VM operation: Cleanup
Event: 1190.365 Executing VM operation: Cleanup done
Event: 1284.461 Executing VM operation: Cleanup
Event: 1284.461 Executing VM operation: Cleanup done
Event: 1816.114 Executing VM operation: Cleanup
Event: 1816.114 Executing VM operation: Cleanup done
Event: 1837.182 Executing VM operation: Cleanup
Event: 1837.182 Executing VM operation: Cleanup done
Event: 1906.206 Executing VM operation: Cleanup
Event: 1906.206 Executing VM operation: Cleanup done
Event: 1909.208 Executing VM operation: Cleanup
Event: 1909.208 Executing VM operation: Cleanup done
Event: 2152.960 Executing VM operation: G1CollectForAllocation
Event: 2152.981 Executing VM operation: G1CollectForAllocation done
Event: 2153.983 Executing VM operation: Cleanup
Event: 2153.983 Executing VM operation: Cleanup done

Events (20 events):
Event: 33.288 loading class sun/util/logging/PlatformLogger$ConfigurableBridge$LoggerConfiguration done
Event: 33.288 loading class jdk/internal/logger/SimpleConsoleLogger done
Event: 33.288 loading class jdk/internal/logger/SurrogateLogger done
Event: 33.288 loading class sun/util/logging/PlatformLogger
Event: 33.288 loading class sun/util/logging/PlatformLogger done
Event: 33.288 loading class sun/util/logging/PlatformLogger$Level
Event: 33.289 loading class sun/util/logging/PlatformLogger$Level done
Event: 33.289 loading class jdk/internal/event/DeserializationEvent
Event: 33.289 loading class jdk/internal/event/DeserializationEvent done
Event: 33.289 loading class java/io/ObjectInputStream$FieldValues
Event: 33.289 loading class java/io/ObjectInputStream$GetField
Event: 33.289 loading class java/io/ObjectInputStream$GetField done
Event: 33.289 loading class java/io/ObjectInputStream$FieldValues done
Event: 57.196 loading class java/io/ObjectStreamException
Event: 57.196 loading class java/io/ObjectStreamException done
Event: 74.782 loading class jdk/internal/math/FDBigInteger
Event: 74.784 loading class jdk/internal/math/FDBigInteger done
Event: 3160.103 Thread 0x0c4fd360 Thread exited: 0x0c4fd360
Event: 3160.135 Thread 0xc419bff0 Thread exited: 0xc419bff0
Event: 3160.135 Thread 0xf5e242d0 Thread exited: 0xf5e242d0


Dynamic libraries:
08048000-09298000 r-xp 00000000 08:04 494947248                          /home/almalinux/swg-returns-nge/build/bin/SwgGameServer
09298000-0929c000 rw-p 0124f000 08:04 494947248                          /home/almalinux/swg-returns-nge/build/bin/SwgGameServer
0929c000-09b1f000 rw-p 00000000 00:00 0 
0ae36000-0f50b000 rw-p 00000000 00:00 0                                  [heap]
bfe00000-bfee1000 rw-p 00000000 00:00 0 
bfee1000-bff00000 ---p 00000000 00:00 0 
bff00000-bfff8000 rw-p 00000000 00:00 0 
bfff8000-c0000000 ---p 00000000 00:00 0 
c0100000-c01f9000 rw-p 00000000 00:00 0 
c01f9000-c0200000 ---p 00000000 00:00 0 
c0200000-c02f9000 rw-p 00000000 00:00 0 
c02f9000-c0300000 ---p 00000000 00:00 0 
c0300000-c03c9000 rw-p 00000000 00:00 0 
c03c9000-c0400000 ---p 00000000 00:00 0 
c0500000-c05f9000 rw-p 00000000 00:00 0 
c05f9000-c0600000 ---p 00000000 00:00 0 
c0700000-c07fa000 rw-p 00000000 00:00 0 
c07fa000-c0800000 ---p 00000000 00:00 0 
c0800000-c08ff000 rw-p 00000000 00:00 0 
c08ff000-c0900000 ---p 00000000 00:00 0 
c0900000-c09d1000 rw-p 00000000 00:00 0 
c09d1000-c0a00000 ---p 00000000 00:00 0 
c0a00000-c0b00000 rw-p 00000000 00:00 0 
c0b00000-c0bd6000 rw-p 00000000 00:00 0 
c0bd6000-c0c00000 ---p 00000000 00:00 0 
c0d00000-c0dfc000 rw-p 00000000 00:00 0 
c0dfc000-c0e00000 ---p 00000000 00:00 0 
c0eed000-c0eee000 ---p 00000000 00:00 0 
c0eee000-c0f6e000 rw-p 00000000 00:00 0 
c0f6e000-c0f6f000 ---p 00000000 00:00 0 
c0f6f000-c0fef000 rw-p 00000000 00:00 0 
c1100000-c11f9000 rw-p 00000000 00:00 0 
c11f9000-c1200000 ---p 00000000 00:00 0 
c127f000-c1280000 ---p 00000000 00:00 0 
c1280000-c1300000 rw-p 00000000 00:00 0 
c1300000-c13fa000 rw-p 00000000 00:00 0 
c13fa000-c1400000 ---p 00000000 00:00 0 
c167f000-c1683000 ---p 00000000 00:00 0 
c1683000-c1740000 rw-p 00000000 00:00 0 
c1740000-c1744000 ---p 00000000 00:00 0 
c1744000-c1801000 rw-p 00000000 00:00 0 
c1801000-c1802000 ---p 00000000 00:00 0 
c1802000-c1882000 rw-p 00000000 00:00 0 
c1882000-c1886000 ---p 00000000 00:00 0 
c1886000-c1943000 rw-p 00000000 00:00 0 
c1943000-c1947000 ---p 00000000 00:00 0 
c1947000-c1a04000 rw-p 00000000 00:00 0 
c1a04000-c1a08000 ---p 00000000 00:00 0 
c1a08000-c1ac5000 rw-p 00000000 00:00 0 
c1ac5000-c1ac9000 ---p 00000000 00:00 0 
c1ac9000-c1b86000 rw-p 00000000 00:00 0 
c1b86000-c1e00000 r--p 00078000 08:04 535181                             /usr/lib/locale/locale-archive
c1e00000-c2000000 r--p 00000000 08:04 535181                             /usr/lib/locale/locale-archive
c2000000-c2160000 rw-p 00000000 00:00 0 
c2160000-c2400000 ---p 00000000 00:00 0 
c2400000-c2650000 rw-p 00000000 00:00 0 
c2650000-c3000000 ---p 00000000 00:00 0 
c303c000-c3040000 ---p 00000000 00:00 0 
c3040000-c30bd000 rw-p 00000000 00:00 0 
c30bd000-c30c1000 ---p 00000000 00:00 0 
c30c1000-c317e000 rw-p 00000000 00:00 0 
c317e000-c3182000 ---p 00000000 00:00 0 
c3182000-c323f000 rw-p 00000000 00:00 0 
c323f000-c3243000 ---p 00000000 00:00 0 
c3243000-c3300000 rw-p 00000000 00:00 0 
c3300000-c3321000 rw-p 00000000 00:00 0 
c3321000-c3400000 ---p 00000000 00:00 0 
c3431000-c3435000 ---p 00000000 00:00 0 
c3435000-c34b2000 rw-p 00000000 00:00 0 
c34b2000-c34b3000 ---p 00000000 00:00 0 
c34b3000-c3533000 rw-p 00000000 00:00 0 
c3533000-c3e00000 rw-p 00001000 08:04 143240867                          /usr/lib/jvm/java-17-zulu-openjdk-jdk-x86/lib/server/classes.jsa
c3e00000-c3e21000 rw-p 00000000 00:00 0 
c3e21000-c3f00000 ---p 00000000 00:00 0 
c3f7f000-c3f80000 ---p 00000000 00:00 0 
c3f80000-c4000000 rw-p 00000000 00:00 0 
c4000000-c4021000 rw-p 00000000 00:00 0 
c4021000-c4100000 ---p 00000000 00:00 0 
c4100000-c41d2000 rw-p 00000000 00:00 0 
c41d2000-c4200000 ---p 00000000 00:00 0 
c427f000-c4280000 ---p 00000000 00:00 0 
c4280000-c4300000 rw-p 00000000 00:00 0 
c4300000-c4321000 rw-p 00000000 00:00 0 
c4321000-c4400000 ---p 00000000 00:00 0 
c447f000-c4480000 ---p 00000000 00:00 0 
c4480000-c4500000 rw-p 00000000 00:00 0 
c4500000-c45f4000 rw-p 00000000 00:00 0 
c45f4000-c4600000 ---p 00000000 00:00 0 
c467f000-c4680000 ---p 00000000 00:00 0 
c4680000-c4700000 rw-p 00000000 00:00 0 
c4700000-c47fc000 rw-p 00000000 00:00 0 
c47fc000-c4800000 ---p 00000000 00:00 0 
c487f000-c4880000 ---p 00000000 00:00 0 
c4880000-c4b00000 rw-p 00000000 00:00 0 
c4b00000-c5100000 ---p 00000000 00:00 0 
c5100000-c5300000 rw-p 00000000 00:00 0 
c5300000-c5900000 ---p 00000000 00:00 0 
c5900000-c5940000 rw-p 00000000 00:00 0 
c5940000-c5a00000 ---p 00000000 00:00 0 
c5a00000-c5a40000 rw-p 00000000 00:00 0 
c5a40000-c5b00000 ---p 00000000 00:00 0 
c5b00000-c5b40000 rw-p 00000000 00:00 0 
c5b40000-c5c00000 ---p 00000000 00:00 0 
c5c00000-cdc00000 rw-p 00000000 00:00 0 
cdc00000-e5c00000 ---p 00000000 00:00 0 
e5c65000-e5c6a000 rw-p 00000000 00:00 0 
e5c6a000-e5d50000 ---p 00000000 00:00 0 
e5d50000-e6008000 rwxp 00000000 00:00 0 
e6008000-ed2ab000 ---p 00000000 00:00 0 
ed2ab000-ed4eb000 rwxp 00000000 00:00 0 
ed4eb000-ed7f5000 ---p 00000000 00:00 0 
ed7f5000-eda35000 rwxp 00000000 00:00 0 
eda35000-f4d50000 ---p 00000000 00:00 0 
f4d50000-f4eb8000 r--s 00000000 08:04 117534333                          /usr/lib/jvm/java-17-zulu-openjdk-jdk-x86/lib/modules
f4eb8000-f5d5a000 r-xp 00000000 08:04 143240869                          /usr/lib/jvm/java-17-zulu-openjdk-jdk-x86/lib/server/libjvm.so
f5d5a000-f5daf000 r--p 00ea1000 08:04 143240869                          /usr/lib/jvm/java-17-zulu-openjdk-jdk-x86/lib/server/libjvm.so
f5daf000-f5dd0000 rw-p 00ef6000 08:04 143240869                          /usr/lib/jvm/java-17-zulu-openjdk-jdk-x86/lib/server/libjvm.so
f5dd0000-f5e00000 rw-p 00000000 00:00 0 
f5e00000-f5f00000 rw-p 00000000 00:00 0 
f5f4a000-f5f4b000 ---p 00000000 00:00 0 
f5f4b000-f5f4f000 ---p 00000000 00:00 0 
f5f4f000-f6ac3000 rw-p 00000000 00:00 0 
f6acf000-f6ae4000 r-xp 00000000 08:04 117534323                          /usr/lib/jvm/java-17-zulu-openjdk-jdk-x86/lib/libnet.so
f6ae4000-f6ae5000 r--p 00014000 08:04 117534323                          /usr/lib/jvm/java-17-zulu-openjdk-jdk-x86/lib/libnet.so
f6ae5000-f6ae6000 rw-p 00015000 08:04 117534323                          /usr/lib/jvm/java-17-zulu-openjdk-jdk-x86/lib/libnet.so
f6ae6000-f6aec000 rw-p 00000000 00:00 0 
f6aec000-f6bd1000 ---p 00000000 00:00 0 
f6e0b000-f6e1d000 r-xp 00000000 08:04 117534324                          /usr/lib/jvm/java-17-zulu-openjdk-jdk-x86/lib/libnio.so
f6e1d000-f6e1e000 r--p 00011000 08:04 117534324                          /usr/lib/jvm/java-17-zulu-openjdk-jdk-x86/lib/libnio.so
f6e1e000-f6e1f000 rw-p 00012000 08:04 117534324                          /usr/lib/jvm/java-17-zulu-openjdk-jdk-x86/lib/libnio.so
f6e1f000-f6e48000 rw-p 00000000 00:00 0 
f6e48000-f6e6b000 r-xp 00000000 08:04 117534310                          /usr/lib/jvm/java-17-zulu-openjdk-jdk-x86/lib/libjava.so
f6e6b000-f6e6c000 r--p 00022000 08:04 117534310                          /usr/lib/jvm/java-17-zulu-openjdk-jdk-x86/lib/libjava.so
f6e6c000-f6e6d000 rw-p 00023000 08:04 117534310                          /usr/lib/jvm/java-17-zulu-openjdk-jdk-x86/lib/libjava.so
f6e6d000-f6e79000 r-xp 00000000 08:04 16831767                           /usr/lib/libnss_files-2.28.so
f6e79000-f6e7a000 r--p 0000b000 08:04 16831767                           /usr/lib/libnss_files-2.28.so
f6e7a000-f6e7b000 rw-p 0000c000 08:04 16831767                           /usr/lib/libnss_files-2.28.so
f6e7b000-f6e81000 rw-p 00000000 00:00 0 
f6e87000-f6e8c000 rw-p 00000000 00:00 0 
f6e8c000-f6e92000 ---p 00000000 00:00 0 
f6e92000-f6ead000 r-xp 00000000 08:04 117534314                          /usr/lib/jvm/java-17-zulu-openjdk-jdk-x86/lib/libjimage.so
f6ead000-f6eae000 ---p 0001b000 08:04 117534314                          /usr/lib/jvm/java-17-zulu-openjdk-jdk-x86/lib/libjimage.so
f6eae000-f6eaf000 r--p 0001b000 08:04 117534314                          /usr/lib/jvm/java-17-zulu-openjdk-jdk-x86/lib/libjimage.so
f6eaf000-f6eb0000 rw-p 0001c000 08:04 117534314                          /usr/lib/jvm/java-17-zulu-openjdk-jdk-x86/lib/libjimage.so
f6eb0000-f6eb4000 rw-p 00000000 00:00 0 
f6eb4000-f6f3c000 r-xp 00000000 08:04 17191875                           /usr/lib/libpcre2-8.so.0.7.1
f6f3c000-f6f3d000 r--p 00087000 08:04 17191875                           /usr/lib/libpcre2-8.so.0.7.1
f6f3d000-f6f3e000 rw-p 00088000 08:04 17191875                           /usr/lib/libpcre2-8.so.0.7.1
f6f3e000-f6f5e000 r-xp 00000000 08:04 17021543                           /usr/lib/libcrypt.so.1.1.0
f6f5e000-f6f5f000 ---p 00020000 08:04 17021543                           /usr/lib/libcrypt.so.1.1.0
f6f5f000-f6f60000 r--p 00020000 08:04 17021543                           /usr/lib/libcrypt.so.1.1.0
f6f60000-f6f69000 rw-p 00000000 00:00 0 
f6f69000-f6f94000 r-xp 00000000 08:04 17191887                           /usr/lib/libselinux.so.1
f6f94000-f6f95000 ---p 0002b000 08:04 17191887                           /usr/lib/libselinux.so.1
f6f95000-f6f96000 r--p 0002b000 08:04 17191887                           /usr/lib/libselinux.so.1
f6f96000-f6f97000 rw-p 0002c000 08:04 17191887                           /usr/lib/libselinux.so.1
f6f97000-f6f98000 rw-p 00000000 00:00 0 
f6f98000-f6fb7000 r-xp 00000000 08:04 18866589                           /usr/lib/libbrotlicommon.so.1.0.6
f6fb7000-f6fb8000 r--p 0001e000 08:04 18866589                           /usr/lib/libbrotlicommon.so.1.0.6
f6fb8000-f6fb9000 rw-p 0001f000 08:04 18866589                           /usr/lib/libbrotlicommon.so.1.0.6
f6fb9000-f6fd7000 r-xp 00000000 08:04 17191915                           /usr/lib/libsasl2.so.3.0.0
f6fd7000-f6fd8000 ---p 0001e000 08:04 17191915                           /usr/lib/libsasl2.so.3.0.0
f6fd8000-f6fd9000 r--p 0001e000 08:04 17191915                           /usr/lib/libsasl2.so.3.0.0
f6fd9000-f6fda000 rw-p 0001f000 08:04 17191915                           /usr/lib/libsasl2.so.3.0.0
f6fda000-f6fdc000 rw-p 00000000 00:00 0 
f6fdc000-f6ff0000 r-xp 00000000 08:04 16831772                           /usr/lib/libresolv-2.28.so
f6ff0000-f6ff1000 ---p 00014000 08:04 16831772                           /usr/lib/libresolv-2.28.so
f6ff1000-f6ff2000 r--p 00014000 08:04 16831772                           /usr/lib/libresolv-2.28.so
f6ff2000-f6ff3000 rw-p 00015000 08:04 16831772                           /usr/lib/libresolv-2.28.so
f6ff3000-f6ff5000 rw-p 00000000 00:00 0 
f6ff5000-f6ff8000 r-xp 00000000 08:04 17191893                           /usr/lib/libkeyutils.so.1.6
f6ff8000-f6ff9000 ---p 00003000 08:04 17191893                           /usr/lib/libkeyutils.so.1.6
f6ff9000-f6ffa000 r--p 00003000 08:04 17191893                           /usr/lib/libkeyutils.so.1.6
f6ffa000-f6ffb000 rw-p 00000000 00:00 0 
f6ffb000-f700b000 r-xp 00000000 08:04 17021560                           /usr/lib/libkrb5support.so.0.1
f700b000-f700c000 r--p 0000f000 08:04 17021560                           /usr/lib/libkrb5support.so.0.1
f700c000-f700d000 rw-p 00010000 08:04 17021560                           /usr/lib/libkrb5support.so.0.1
f700d000-f7015000 r-xp 00000000 08:04 16831774                           /usr/lib/librt-2.28.so
f7015000-f7016000 r--p 00007000 08:04 16831774                           /usr/lib/librt-2.28.so
f7016000-f7017000 rw-p 00008000 08:04 16831774                           /usr/lib/librt-2.28.so
f7017000-f7196000 r-xp 00000000 08:04 17021545                           /usr/lib/libunistring.so.2.1.0
f7196000-f7197000 ---p 0017f000 08:04 17021545                           /usr/lib/libunistring.so.2.1.0
f7197000-f7199000 r--p 0017f000 08:04 17021545                           /usr/lib/libunistring.so.2.1.0
f7199000-f719a000 rw-p 00181000 08:04 17021545                           /usr/lib/libunistring.so.2.1.0
f719a000-f71c4000 r-xp 00000000 08:04 18654292                           /usr/lib/liblzma.so.5.2.4
f71c4000-f71c5000 r--p 00029000 08:04 18654292                           /usr/lib/liblzma.so.5.2.4
f71c5000-f71c6000 rw-p 00000000 00:00 0 
f71c6000-f71d2000 r-xp 00000000 08:04 17191936                           /usr/lib/libbrotlidec.so.1.0.6
f71d2000-f71d3000 r--p 0000b000 08:04 17191936                           /usr/lib/libbrotlidec.so.1.0.6
f71d3000-f71d4000 rw-p 00000000 00:00 0 
f71d4000-f71e3000 r-xp 00000000 08:04 17191918                           /usr/lib/liblber-2.4.so.2.10.9
f71e3000-f71e4000 r--p 0000e000 08:04 17191918                           /usr/lib/liblber-2.4.so.2.10.9
f71e4000-f71e5000 rw-p 0000f000 08:04 17191918                           /usr/lib/liblber-2.4.so.2.10.9
f71e5000-f723a000 r-xp 00000000 08:04 17191920                           /usr/lib/libldap-2.4.so.2.10.9
f723a000-f723b000 ---p 00055000 08:04 17191920                           /usr/lib/libldap-2.4.so.2.10.9
f723b000-f723c000 r--p 00055000 08:04 17191920                           /usr/lib/libldap-2.4.so.2.10.9
f723c000-f723d000 rw-p 00056000 08:04 17191920                           /usr/lib/libldap-2.4.so.2.10.9
f723d000-f723f000 rw-p 00000000 00:00 0 
f723f000-f7242000 r-xp 00000000 08:04 16994899                           /usr/lib/libcom_err.so.2.1
f7242000-f7243000 r--p 00002000 08:04 16994899                           /usr/lib/libcom_err.so.2.1
f7243000-f7244000 rw-p 00003000 08:04 16994899                           /usr/lib/libcom_err.so.2.1
f7244000-f725a000 r-xp 00000000 08:04 17021552                           /usr/lib/libk5crypto.so.3.1
f725a000-f725b000 ---p 00016000 08:04 17021552                           /usr/lib/libk5crypto.so.3.1
f725b000-f725c000 r--p 00016000 08:04 17021552                           /usr/lib/libk5crypto.so.3.1
f725c000-f725d000 rw-p 00017000 08:04 17021552                           /usr/lib/libk5crypto.so.3.1
f725d000-f7340000 r-xp 00000000 08:04 17021558                           /usr/lib/libkrb5.so.3.3
f7340000-f7347000 r--p 000e2000 08:04 17021558                           /usr/lib/libkrb5.so.3.3
f7347000-f7348000 rw-p 000e9000 08:04 17021558                           /usr/lib/libkrb5.so.3.3
f7348000-f73a3000 r-xp 00000000 08:04 17021548                           /usr/lib/libgssapi_krb5.so.2.2
f73a3000-f73a5000 r--p 0005a000 08:04 17021548                           /usr/lib/libgssapi_krb5.so.2.2
f73a5000-f73a6000 rw-p 0005c000 08:04 17021548                           /usr/lib/libgssapi_krb5.so.2.2
f73a6000-f7657000 r-xp 00000000 08:04 18627877                           /usr/lib/libcrypto.so.1.1.1k
f7657000-f7670000 r--p 002b0000 08:04 18627877                           /usr/lib/libcrypto.so.1.1.1k
f7670000-f7672000 rw-p 002c9000 08:04 18627877                           /usr/lib/libcrypto.so.1.1.1k
f7672000-f7676000 rw-p 00000000 00:00 0 
f7676000-f7708000 r-xp 00000000 08:04 18627879                           /usr/lib/libssl.so.1.1.1k
f7708000-f770e000 r--p 00091000 08:04 18627879                           /usr/lib/libssl.so.1.1.1k
f770e000-f7712000 rw-p 00097000 08:04 18627879                           /usr/lib/libssl.so.1.1.1k
f7712000-f7722000 r-xp 00000000 08:04 18660120                           /usr/lib/libpsl.so.5.3.1
f7722000-f7723000 r--p 0000f000 08:04 18660120                           /usr/lib/libpsl.so.5.3.1
f7723000-f7724000 rw-p 00000000 00:00 0 
f7724000-f77a1000 r-xp 00000000 08:04 16994901                           /usr/lib/libssh.so.4.8.7
f77a1000-f77a2000 ---p 0007d000 08:04 16994901                           /usr/lib/libssh.so.4.8.7
f77a2000-f77a3000 r--p 0007d000 08:04 16994901                           /usr/lib/libssh.so.4.8.7
f77a3000-f77a4000 rw-p 0007e000 08:04 16994901                           /usr/lib/libssh.so.4.8.7
f77a4000-f77c1000 r-xp 00000000 08:04 17040588                           /usr/lib/libidn2.so.0.3.6
f77c1000-f77c2000 r--p 0001c000 08:04 17040588                           /usr/lib/libidn2.so.0.3.6
f77c2000-f77c3000 rw-p 00000000 00:00 0 
f77c3000-f77eb000 r-xp 00000000 08:04 17191891                           /usr/lib/libnghttp2.so.14.17.0
f77eb000-f77ec000 r--p 00027000 08:04 17191891                           /usr/lib/libnghttp2.so.14.17.0
f77ec000-f77ee000 rw-p 00028000 08:04 17191891                           /usr/lib/libnghttp2.so.14.17.0
f77ee000-f7990000 r-xp 00000000 08:04 16831756                           /usr/lib/libc-2.28.so
f7990000-f7991000 ---p 001a2000 08:04 16831756                           /usr/lib/libc-2.28.so
f7991000-f7993000 r--p 001a2000 08:04 16831756                           /usr/lib/libc-2.28.so
f7993000-f7994000 rw-p 001a4000 08:04 16831756                           /usr/lib/libc-2.28.so
f7994000-f7999000 rw-p 00000000 00:00 0 
f7999000-f79b4000 r-xp 00000000 08:04 16985139                           /usr/lib/libgcc_s-8-20210514.so.1
f79b4000-f79b5000 r--p 0001a000 08:04 16985139                           /usr/lib/libgcc_s-8-20210514.so.1
f79b5000-f79b6000 rw-p 0001b000 08:04 16985139                           /usr/lib/libgcc_s-8-20210514.so.1
f79b6000-f7a86000 r-xp 00000000 08:04 16831760                           /usr/lib/libm-2.28.so
f7a86000-f7a87000 r--p 000cf000 08:04 16831760                           /usr/lib/libm-2.28.so
f7a87000-f7a88000 rw-p 000d0000 08:04 16831760                           /usr/lib/libm-2.28.so
f7a88000-f7c11000 r-xp 00000000 08:04 16985145                           /usr/lib/libstdc++.so.6.0.25
f7c11000-f7c12000 ---p 00189000 08:04 16985145                           /usr/lib/libstdc++.so.6.0.25
f7c12000-f7c18000 r--p 00189000 08:04 16985145                           /usr/lib/libstdc++.so.6.0.25
f7c18000-f7c19000 rw-p 0018f000 08:04 16985145                           /usr/lib/libstdc++.so.6.0.25
f7c19000-f7c1b000 rw-p 00000000 00:00 0 
f7c1b000-f7c32000 r-xp 00000000 08:04 16963437                           /usr/lib/libz.so.1.2.11
f7c32000-f7c33000 ---p 00017000 08:04 16963437                           /usr/lib/libz.so.1.2.11
f7c33000-f7c34000 r--p 00017000 08:04 16963437                           /usr/lib/libz.so.1.2.11
f7c34000-f7c35000 rw-p 00000000 00:00 0 
f7c35000-f7db2000 r-xp 00000000 08:04 16963397                           /usr/lib/libxml2.so.2.9.7
f7db2000-f7db7000 r--p 0017c000 08:04 16963397                           /usr/lib/libxml2.so.2.9.7
f7db7000-f7db8000 rw-p 00181000 08:04 16963397                           /usr/lib/libxml2.so.2.9.7
f7db8000-f7db9000 rw-p 00000000 00:00 0 
f7db9000-f7dd5000 r-xp 00000000 08:04 16831770                           /usr/lib/libpthread-2.28.so
f7dd5000-f7dd6000 r--p 0001b000 08:04 16831770                           /usr/lib/libpthread-2.28.so
f7dd6000-f7dd7000 rw-p 0001c000 08:04 16831770                           /usr/lib/libpthread-2.28.so
f7dd7000-f7dd9000 rw-p 00000000 00:00 0 
f7dd9000-f7e4d000 r-xp 00000000 08:04 16818911                           /usr/lib/libpcre.so.1.2.10
f7e4d000-f7e4e000 ---p 00074000 08:04 16818911                           /usr/lib/libpcre.so.1.2.10
f7e4e000-f7e4f000 r--p 00074000 08:04 16818911                           /usr/lib/libpcre.so.1.2.10
f7e4f000-f7e50000 rw-p 00075000 08:04 16818911                           /usr/lib/libpcre.so.1.2.10
f7e50000-f7e53000 r-xp 00000000 08:04 16831758                           /usr/lib/libdl-2.28.so
f7e53000-f7e54000 r--p 00002000 08:04 16831758                           /usr/lib/libdl-2.28.so
f7e54000-f7e55000 rw-p 00003000 08:04 16831758                           /usr/lib/libdl-2.28.so
f7e55000-f7ef2000 r-xp 00000000 08:04 16994905                           /usr/lib/libcurl.so.4.5.0
f7ef2000-f7ef4000 r--p 0009c000 08:04 16994905                           /usr/lib/libcurl.so.4.5.0
f7ef4000-f7ef5000 rw-p 0009e000 08:04 16994905                           /usr/lib/libcurl.so.4.5.0
f7ef5000-f7efc000 r--s 00000000 08:04 176632422                          /usr/lib/gconv/gconv-modules.cache
f7efc000-f7f04000 rw-s 00000000 08:04 151742440                          /tmp/hsperfdata_almalinux/159060 (deleted)
f7f04000-f7f05000 ---p 00000000 00:00 0 
f7f05000-f7f06000 r--p 00000000 00:00 0 
f7f06000-f7f08000 rw-p 00000000 00:00 0 
f7f08000-f7f0c000 r--p 00000000 00:00 0                                  [vvar]
f7f0c000-f7f0e000 r-xp 00000000 00:00 0                                  [vdso]
f7f0e000-f7f3d000 r-xp 00000000 08:04 16831749                           /usr/lib/ld-2.28.so
f7f3d000-f7f3e000 ---p 00000000 00:00 0 
f7f3e000-f7f3f000 r--p 0002f000 08:04 16831749                           /usr/lib/ld-2.28.so
f7f3f000-f7f40000 rw-p 00030000 08:04 16831749                           /usr/lib/ld-2.28.so
ff683000-ff684000 rwxp 00000000 00:00 0 
ff78c000-ff848000 rw-p 00000000 00:00 0                                  [stack]


VM Arguments:
jvm_args: -Xms128m -Xmx512m -Xss768k -XX:MaxMetaspaceSize=96m -Xrs -XX:-UsePerfData -XX:-AllowUserSignalHandlers -XX:UseSSE=3 -XX+DoEscapeAnalysis -XX:AutoBoxCacheMax:2000 -XX:+OptimizeStringConcat -XX:+OptimizeFill -XX:+EliminateAutoBox -XX:+UseCompressedStrings -XX:+UseCompressedOops -XX:+EliminateLocks -XX:UseFastAccessorMethods -XX:+UseStringCache -XgcPrio:throughput -XXkeepAreaRatio:1 -XXlazyUnlocking -XXcallProfiling -XXcompactRatio:1 
java_command: <unknown>
java_class_path (initial): ../../data/sku.0/sys.server/compiled/game/
Launcher Type: generic

[Global flags]
     intx CICompilerCount                          = 3                                         {product} {ergonomic}
     uint ConcGCThreads                            = 1                                         {product} {ergonomic}
     uint G1ConcRefinementThreads                  = 4                                         {product} {ergonomic}
   size_t G1HeapRegionSize                         = 1048576                                   {product} {ergonomic}
    uintx GCDrainStackTargetSize                   = 64                                        {product} {ergonomic}
   size_t InitialHeapSize                          = 134217728                                 {product} {command line}
   size_t MarkStackSize                            = 32768                                     {product} {ergonomic}
   size_t MaxHeapSize                              = 536870912                                 {product} {command line}
   size_t MaxMetaspaceSize                         = 100663296                                 {product} {command line}
   size_t MaxNewSize                               = 321912832                                 {product} {ergonomic}
   size_t MinHeapDeltaBytes                        = 1048576                                   {product} {ergonomic}
   size_t MinHeapSize                              = 134217728                                 {product} {command line}
    uintx NonNMethodCodeHeapSize                   = 5544422                                {pd product} {ergonomic}
    uintx NonProfiledCodeHeapSize                  = 123056909                              {pd product} {ergonomic}
    uintx ProfiledCodeHeapSize                     = 123056909                              {pd product} {ergonomic}
    uintx ReservedCodeCacheSize                    = 251658240                              {pd product} {ergonomic}
     bool SegmentedCodeCache                       = true                                      {product} {ergonomic}
   size_t SoftMaxHeapSize                          = 536870912                              {manageable} {ergonomic}
   double SweeperThreshold                         = 0.500000                                  {product} {ergonomic}
     intx ThreadStackSize                          = 768                                    {pd product} {command line}
     bool UseG1GC                                  = true                                      {product} {ergonomic}

Logging:
Log output configuration:
 #0: stdout all=off uptime,level,tags
 #1: stderr all=off uptime,level,tags

Environment Variables:
JAVA_HOME=/usr/lib/jvm/zulu-17-x86
PATH=/usr/java/jdk1.7.0_80/bin:/usr/java/jdk1.7.0_80/bin:/usr/java/jdk1.6.0_45/bin:/usr/java/jdk1.6.0_45/bin:/usr/java/jdk1.6.0_45/bin:/home/almalinux/.local/bin:/home/almalinux/bin:/sbin:/bin:/usr/bin:/usr/local/bin:/usr/local/sbin:/usr/sbin:/usr/lib/oracle/18.3/client/bin:/usr/lib/oracle/18.3/client/bin:/usr/lib/jvm/java-11-openjdk/bin:./
LD_LIBRARY_PATH=/usr/lib/jvm/java-17-zulu-openjdk-jdk-x86/lib/server:/usr/lib/jvm/java-17-zulu-openjdk-jdk-x86/lib:/usr/lib/jvm/java-17-zulu-openjdk-jdk-x86/../lib:/usr/lib/jvm/zulu-17-x86/lib/server:/usr/lib/jvm/java-11-openjdk/lib:/usr/lib/jvm/java-11-openjdk/lib/server:./
SHELL=/bin/bash
DISPLAY=:10.0
LANG=en_US.UTF-8
TERM=xterm-256color

Active Locale:
LC_ALL=en_US.UTF-8
LC_COLLATE=en_US.UTF-8
LC_CTYPE=en_US.UTF-8
LC_MESSAGES=en_US.UTF-8
LC_MONETARY=en_US.UTF-8
LC_NUMERIC=en_US.UTF-8
LC_TIME=en_US.UTF-8

Signal Handlers:
   SIGSEGV: crash_handler in libjvm.so, mask=11100100010111111101111111111110, flags=SA_RESTART|SA_SIGINFO, unblocked
    SIGBUS: crash_handler in libjvm.so, mask=11100100010111111101111111111110, flags=SA_RESTART|SA_SIGINFO, unblocked
    SIGFPE: crash_handler in libjvm.so, mask=11100100010111111101111111111110, flags=SA_RESTART|SA_SIGINFO, unblocked
   SIGPIPE: SIG_IGN, mask=00000000000010000000000000000000, flags=SA_RESTART, blocked
  *** Handler was modified!
  *** Expected: javaSignalHandler in libjvm.so, mask=11100100110111111111111111111110, flags=SA_RESTART|SA_SIGINFO
   SIGXFSZ: javaSignalHandler in libjvm.so, mask=11100100010111111101111111111110, flags=SA_RESTART|SA_SIGINFO, blocked
    SIGILL: crash_handler in libjvm.so, mask=11100100010111111101111111111110, flags=SA_RESTART|SA_SIGINFO, unblocked
   SIGUSR2: SR_handler in libjvm.so, mask=00100000000000000000000000000000, flags=SA_RESTART|SA_SIGINFO, blocked
    SIGHUP: UserHandler in libjvm.so, mask=11100100010111111101111111111110, flags=SA_RESTART|SA_SIGINFO, blocked
    SIGINT: UserHandler in libjvm.so, mask=11100100010111111101111111111110, flags=SA_RESTART|SA_SIGINFO, blocked
   SIGTERM: UserHandler in libjvm.so, mask=11100100010111111101111111111110, flags=SA_RESTART|SA_SIGINFO, blocked
   SIGQUIT: UserHandler in libjvm.so, mask=11100100010111111101111111111110, flags=SA_RESTART|SA_SIGINFO, blocked
   SIGTRAP: crash_handler in libjvm.so, mask=11100100010111111101111111111110, flags=SA_RESTART|SA_SIGINFO, unblocked


Periodic native trim disabled


---------------  S Y S T E M  ---------------

OS:
AlmaLinux release 8.10 (Cerulean Leopard)
uname: Linux 4.18.0-553.81.1.el8_10.x86_64 #1 SMP Mon Oct 27 11:29:19 EDT 2025 x86_64
OS uptime: 4 days 15:31 hours
libc: glibc 2.28 NPTL 2.28 
rlimit (soft/hard): STACK 8192k/infinity , CORE 0k/infinity , NPROC 61995/61995 , NOFILE 262144/262144 , AS infinity/infinity , CPU infinity/infinity , DATA infinity/infinity , FSIZE infinity/infinity , MEMLOCK 64k/64k
load average: 41.13 43.79 42.91

/proc/meminfo:
MemTotal:       16014448 kB
MemFree:          156528 kB
MemAvailable:    3835080 kB
Buffers:              20 kB
Cached:          5466928 kB
SwapCached:       269472 kB
Active:          5740104 kB
Inactive:        9472088 kB
Active(anon):    2843484 kB
Inactive(anon):  8577560 kB
Active(file):    2896620 kB
Inactive(file):   894528 kB
Unevictable:        6160 kB
Mlocked:               0 kB
SwapTotal:       8388604 kB
SwapFree:        4731592 kB
Dirty:              1156 kB
Writeback:             0 kB
AnonPages:       9545568 kB
Mapped:          1278872 kB
Shmem:           1675252 kB
KReclaimable:     180920 kB
Slab:             313204 kB
SReclaimable:     180920 kB
SUnreclaim:       132284 kB
KernelStack:       27200 kB
PageTables:       185864 kB
NFS_Unstable:          0 kB
Bounce:                0 kB
WritebackTmp:          0 kB
CommitLimit:    16395828 kB
Committed_AS:   27677220 kB
VmallocTotal:   34359738367 kB
VmallocUsed:       73332 kB
VmallocChunk:          0 kB
Percpu:             2720 kB
HardwareCorrupted:     0 kB
AnonHugePages:         0 kB
ShmemHugePages:        0 kB
ShmemPmdMapped:        0 kB
FileHugePages:         0 kB
FilePmdMapped:         0 kB
HugePages_Total:       0
HugePages_Free:        0
HugePages_Rsvd:        0
HugePages_Surp:        0
Hugepagesize:       2048 kB
Hugetlb:               0 kB
DirectMap4k:     1113964 kB
DirectMap2M:    15269888 kB

/sys/kernel/mm/transparent_hugepage/enabled: always madvise [never]
/sys/kernel/mm/transparent_hugepage/hpage_pmd_size: 2097152
/sys/kernel/mm/transparent_hugepage/defrag (defrag/compaction efforts parameter): always defer defer+madvise [madvise] never

Process Memory:
Virtual Size: 1006648K (peak: 1010620K)
Resident Set Size: 200944K (peak: 200944K) (anon: 181972K, file: 18972K, shmem: 0K)
Swapped out: 14176K
C-Heap outstanding allocations: 20314K, retained: 75889K
glibc malloc tunables: (default)

/proc/sys/kernel/threads-max (system-wide limit on the number of threads): 123991
/proc/sys/vm/max_map_count (maximum number of memory map areas a process may have): 1677720
/proc/sys/kernel/pid_max (system-wide limit on number of process identifiers): 4194304

container (cgroup) information:
container_type: cgroupv1
cpu_cpuset_cpus: 0-3
cpu_memory_nodes: 0
active_processor_count: 4
cpu_quota: no quota
cpu_period: 100000
cpu_shares: no shares
memory_limit_in_bytes: unlimited
memory_and_swap_limit_in_bytes: unlimited
memory_soft_limit_in_bytes: unlimited
memory_usage_in_bytes: 13922460 k
memory_max_usage_in_bytes: 14866960 k
kernel_memory_usage_in_bytes: 228776 k
kernel_memory_max_usage_in_bytes: unlimited
kernel_memory_limit_in_bytes: 752460 k
maximum number of tasks: unlimited
current number of tasks: 835

KVM virtualization detected
Steal ticks since vm start: 313
Steal ticks percentage since vm start:  0.000

CPU: total 4 (initial active 4) (1 cores per cpu, 1 threads per core) family 6 model 60 stepping 1 microcode 0x1, cx8, cmov, fxsr, mmx, sse, sse2, sse3, ssse3, sse4.1, sse4.2, popcnt, lzcnt, tsc, avx, avx2, aes, erms, clmul, bmi1, bmi2, fma, vzeroupper, clflush, hv
CPU Model and flags from /proc/cpuinfo:
model name	: Intel Core Processor (Haswell, no TSX)
flags		: fpu vme de pse tsc msr pae mce cx8 apic sep mtrr pge mca cmov pat pse36 clflush mmx fxsr sse sse2 syscall nx rdtscp lm constant_tsc rep_good nopl xtopology cpuid tsc_known_freq pni pclmulqdq vmx ssse3 fma cx16 pcid sse4_1 sse4_2 x2apic movbe popcnt tsc_deadline_timer aes xsave avx f16c rdrand hypervisor lahf_lm abm cpuid_fault invpcid_single pti tpr_shadow vnmi flexpriority ept vpid ept_ad fsgsbase bmi1 avx2 smep bmi2 erms invpcid xsaveopt arat md_clear

Online cpus: 0-3
Offline cpus: 
BIOS frequency limitation: <Not Available>
Frequency switch latency (ns): <Not Available>
Available cpu frequencies: <Not Available>
Current governor: <Not Available>
Core performance/turbo boost: <Not Available>

Memory: 4k page, physical 16014448k(154512k free), swap 8388604k(4760520k free)
Page Sizes: 4k

vm_info: OpenJDK Server VM (17.0.11+9-LTS) for linux-x86 JRE (17.0.11+9-LTS) (Zulu17.50+19-CA), built on Apr  9 2024 07:14:46 by "zulu_re" with gcc 8.3.0

END.
