#
# A fatal error has been detected by the Java Runtime Environment:
#
#  SIGSEGV (0xb) at pc=0xf788d618, pid=30325, tid=30325
#
# JRE version: OpenJDK Runtime Environment Zulu17.50+19-CA (17.0.11+9) (build 17.0.11+9-LTS)
# Java VM: OpenJDK Server VM Zulu17.50+19-CA (17.0.11+9-LTS, mixed mode, sharing, tiered, g1 gc, linux-x86)
# Problematic frame:
# C  [libc.so.6+0x84618]  cfree+0x28
#
# Core dump will be written. Default location: Core dumps may be processed with "/usr/lib/systemd/systemd-coredump %P %u %g %s %t %c %h %e" (or dumping to /home/almalinux/swg-returns-nge/exe/linux/core.30325)
#
# If you would like to submit a bug report, please visit:
#   http://www.azul.com/support/
#

---------------  S U M M A R Y ------------

Command Line: -Xms128m -Xmx512m -Xss768k -XX:MaxMetaspaceSize=96m -Xrs -XX:-UsePerfData -XX:-AllowUserSignalHandlers -XX:UseSSE=3 -XX+DoEscapeAnalysis -XX:AutoBoxCacheMax:2000 -XX:+OptimizeStringConcat -XX:+OptimizeFill -XX:+EliminateAutoBox -XX:+UseCompressedStrings -XX:+UseCompressedOops -XX:+EliminateLocks -XX:UseFastAccessorMethods -XX:+UseStringCache -XgcPrio:throughput -XXkeepAreaRatio:1 -XXlazyUnlocking -XXcallProfiling -XXcompactRatio:1 

Host: Intel Core Processor (Haswell, no TSX), 4 cores, 15G, AlmaLinux release 8.10 (Cerulean Leopard)
Time: Wed Jan 28 04:24:20 2026 UTC elapsed time: 19818.481169 seconds (0d 5h 30m 18s)

---------------  T H R E A D  ---------------

Current thread is native thread

Stack: [0xffc2e000,0xffcee000],  sp=0xffceb1b0,  free space=756k
Native frames: (J=compiled Java code, j=interpreted, Vv=VM code, C=native code)
C  [libc.so.6+0x84618]  cfree+0x28


siginfo: si_signo: 11 (SIGSEGV), si_code: 1 (SEGV_MAPERR), si_addr: 0x00000003

Registers:
EAX=0x00000000, EBX=0x00000007, ECX=0xf6ecb84c, EDX=0x0bb4fd88
ESP=0xffceb1b0, EBP=0xffceb2e8, ESI=0xf79ae000, EDI=0x00000000
EIP=0xf788d618, EFLAGS=0x00210202, CR2=0x0000000000000003


Top of Stack: (sp=0xffceb1b0)
0xffceb1b0:   0b7d3010 00000000 ffceb2e8 f7b1af1c
0xffceb1c0:   0b7d30a0 f7c31a04 0bb4fd60 f7b1af1c
0xffceb1d0:   00000007 f7b1af0a f7c31a04 f7b1af4c
0xffceb1e0:   0b7d30a0 f7b1af0a 0bb53b00 085b6163
0xffceb1f0:   00000007 0b7d3010 0b7d2d20 085bb8d1
0xffceb200:   0b7d3010 0b7d2d20 00000000 085bb89b
0xffceb210:   0cff2160 ffceb237 ffceb25c 085c6969
0xffceb220:   087d6c00 ffceb25c ffceb2e8 084fc53b
0xffceb230:   00000014 00010002 00000000 00000000
0xffceb240:   01010100 00000001 09aa44c0 00000000
0xffceb250:   00000000 00000000 00000000 00000000
0xffceb260:   00000000 00000013 ffceb3b8 f783e6ff
0xffceb270:   f79ae41c 47677753 53656d61 65767265
0xffceb280:   30333a72 00353233 09290100 0bb35120
0xffceb290:   08ea0100 08ebc230 08ea5888 f79ae41c
0xffceb2a0:   00000428 00000420 f783e779 085758fd
0xffceb2b0:   08ea2a80 09b1ea78 08ea5888 08574f56
0xffceb2c0:   0929a2c4 0929a2c4 ffceb3b8 08ea583b
0xffceb2d0:   0000000c ffceb384 ffceb300 f79ae000
0xffceb2e0:   00000000 08575910 00000000 f7826f26
0xffceb2f0:   00000000 08575910 00000000 f7826f26
0xffceb300:   0000000c ffceb384 ffceb3b8 ffceb324
0xffceb310:   0929a2d0 00000000 ffceb3b8 f79ae000
0xffceb320:   f781675c f79ae000 00000000 08575910
0xffceb330:   00000000 6efb1d00 f740d510 00000000
0xffceb340:   00000000 00000000 f7f2d4d0 f7826e30
0xffceb350:   084fc260 0929a2c4 0000000c 08575946
0xffceb360:   084fc260 0000000c ffceb384 08ea57f0
0xffceb370:   08ea5850 f7f2d4d0 ffceb37c f7f5a970
0xffceb380:   0000000c ffcec63d ffcec64f ffcec652
0xffceb390:   ffcec664 ffcec667 ffcec672 ffcec696
0xffceb3a0:   ffcec6a6 ffcec6b7 ffcec6d8 ffcec6db 

Instructions: (pc=0xf788d618)
0xf788d518:   50 8d 96 86 f7 fa ff 8d 86 d0 2f fb ff e8 c6 b7
0xf788d528:   ff ff 8d b6 00 00 00 00 bb 20 00 00 00 e9 5e fe
0xf788d538:   ff ff e8 a1 c0 ff ff 89 c5 85 c0 0f 85 68 ff ff
0xf788d548:   ff 31 d2 8d 44 3b 10 e8 8c c1 ff ff 89 da 89 f9
0xf788d558:   89 c5 e8 11 f0 ff ff 89 c2 85 c0 75 1b 85 ed 74
0xf788d568:   17 90 89 fa 89 e8 e8 bd c5 ff ff 89 da 89 f9 89
0xf788d578:   c5 e8 f2 ef ff ff 89 c2 85 ed 0f 84 57 ff ff ff
0xf788d588:   e9 39 ff ff ff 8d 86 b8 31 fb ff 83 ec 0c b9 25
0xf788d598:   0d 00 00 50 8d 96 86 f7 fa ff 8d 86 74 2f fb ff
0xf788d5a8:   e8 43 b7 ff ff 8d 76 00 f3 0f 1e fb e8 0a 9a f9
0xf788d5b8:   ff 05 47 0a 12 00 56 53 83 ec 04 8b 5c 24 10 8b
0xf788d5c8:   74 24 14 8b 80 50 ff ff ff c7 00 00 00 00 00 e8
0xf788d5d8:   54 bb ff ff 8b 4c 24 0c 83 c4 04 89 f2 89 d8 5b
0xf788d5e8:   5e e9 42 fd ff ff 66 90 f3 0f 1e fb 56 e8 9a 9b
0xf788d5f8:   f9 ff 81 c6 06 0a 12 00 53 83 ec 14 8b 5c 24 20
0xf788d608:   8b 86 5c ff ff ff 8b 00 85 c0 75 6c 85 db 74 75
0xf788d618:   8b 4b fc 8d 53 f8 f6 c1 02 75 35 8b 86 70 fe ff
0xf788d628:   ff 65 8b 00 85 c0 0f 84 8c 00 00 00 83 e1 04 8d
0xf788d638:   86 60 07 00 00 74 09 89 d0 25 00 00 f0 ff 8b 00
0xf788d648:   83 c4 14 31 c9 5b 5e e9 8c cb ff ff 8d 74 26 00
0xf788d658:   8b 9e 60 01 00 00 85 db 75 10 3b 8e 48 01 00 00
0xf788d668:   76 08 81 f9 00 00 08 00 76 26 83 c4 14 89 d0 5b
0xf788d678:   5e e9 92 b8 ff ff 66 90 83 ec 08 ff 74 24 24 53
0xf788d688:   ff d0 83 c4 10 83 c4 14 5b 5e c3 8d 74 26 00 90
0xf788d698:   39 96 80 1d 00 00 77 08 39 96 7c 1d 00 00 77 ca
0xf788d6a8:   83 e1 f8 8d 04 09 89 8e 48 01 00 00 89 86 40 01
0xf788d6b8:   00 00 90 eb b5 8d 76 00 8b 86 74 fe ff ff 65 80
0xf788d6c8:   38 00 0f 85 64 ff ff ff 89 54 24 0c e8 97 ed ff
0xf788d6d8:   ff 8b 4b fc 8b 54 24 0c e9 4f ff ff ff 8d b4 26
0xf788d6e8:   00 00 00 00 8d 74 26 00 f3 0f 1e fb 55 57 56 e8
0xf788d6f8:   98 9a f9 ff 81 c6 04 09 12 00 53 83 ec 0c 8b 86
0xf788d708:   70 fe ff ff 8b 96 74 fe ff ff 65 8b 28 65 c6 02 



---------------  P R O C E S S  ---------------

VM state: at safepoint (shutting down)

VM Mutex/Monitor currently owned by a thread:  ([mutex/lock_event])
[0xf5e21d30] Threads_lock - owner thread: 0xc4194cf0

GC Precious Log:
<Skipped>

Heap:
 garbage-first heap   total 131072K, used 49572K [0xc5c00000, 0xe5c00000)
  region size 1024K, 29 young (29696K), 5 survivors (5120K)
 Metaspace       used 10662K, committed 12352K, reserved 16384K

Heap Regions: E=young(eden), S=young(survivor), O=old, HS=humongous(starts), HC=humongous(continues), CS=collection set, F=free, OA=open archive, CA=closed archive, TAMS=top-at-mark-start (previous, next)
|   0|0xc5c00000, 0xc5d00000, 0xc5d00000|100%| O|  |TAMS 0xc5c00000, 0xc5c00000| Untracked 
|   1|0xc5d00000, 0xc5e00000, 0xc5e00000|100%| O|  |TAMS 0xc5d00000, 0xc5d00000| Untracked 
|   2|0xc5e00000, 0xc5f00000, 0xc5f00000|100%| O|  |TAMS 0xc5e00000, 0xc5e00000| Untracked 
|   3|0xc5f00000, 0xc6000000, 0xc6000000|100%| O|  |TAMS 0xc5f00000, 0xc5f00000| Untracked 
|   4|0xc6000000, 0xc6100000, 0xc6100000|100%| O|  |TAMS 0xc6000000, 0xc6000000| Untracked 
|   5|0xc6100000, 0xc6200000, 0xc6200000|100%| O|  |TAMS 0xc6100000, 0xc6100000| Untracked 
|   6|0xc6200000, 0xc6300000, 0xc6300000|100%| O|  |TAMS 0xc6200000, 0xc6200000| Untracked 
|   7|0xc6300000, 0xc6400000, 0xc6400000|100%| O|  |TAMS 0xc6300000, 0xc6300000| Untracked 
|   8|0xc6400000, 0xc6500000, 0xc6500000|100%| O|  |TAMS 0xc6400000, 0xc6400000| Untracked 
|   9|0xc6500000, 0xc6600000, 0xc6600000|100%| O|  |TAMS 0xc6500000, 0xc6500000| Untracked 
|  10|0xc6600000, 0xc6700000, 0xc6700000|100%| O|  |TAMS 0xc6600000, 0xc6600000| Untracked 
|  11|0xc6700000, 0xc6800000, 0xc6800000|100%| O|  |TAMS 0xc6700000, 0xc6700000| Untracked 
|  12|0xc6800000, 0xc6900000, 0xc6900000|100%| O|  |TAMS 0xc6800000, 0xc6800000| Untracked 
|  13|0xc6900000, 0xc6a00000, 0xc6a00000|100%| O|  |TAMS 0xc6900000, 0xc6900000| Untracked 
|  14|0xc6a00000, 0xc6b00000, 0xc6b00000|100%| O|  |TAMS 0xc6a00000, 0xc6a00000| Untracked 
|  15|0xc6b00000, 0xc6c00000, 0xc6c00000|100%| O|  |TAMS 0xc6b00000, 0xc6b00000| Untracked 
|  16|0xc6c00000, 0xc6d00000, 0xc6d00000|100%| O|  |TAMS 0xc6c00000, 0xc6c00000| Untracked 
|  17|0xc6d00000, 0xc6e00000, 0xc6e00000|100%| O|  |TAMS 0xc6d00000, 0xc6d00000| Untracked 
|  18|0xc6e00000, 0xc6f00000, 0xc6f00000|100%| O|  |TAMS 0xc6e00000, 0xc6e00000| Untracked 
|  19|0xc6f00000, 0xc7000000, 0xc7000000|100%| O|  |TAMS 0xc6f00000, 0xc6f00000| Untracked 
|  20|0xc7000000, 0xc70b9c00, 0xc7100000| 72%| O|  |TAMS 0xc7000000, 0xc7000000| Untracked 
|  21|0xc7100000, 0xc7100000, 0xc7200000|  0%| F|  |TAMS 0xc7100000, 0xc7100000| Untracked 
|  22|0xc7200000, 0xc7200000, 0xc7300000|  0%| F|  |TAMS 0xc7200000, 0xc7200000| Untracked 
|  23|0xc7300000, 0xc7300000, 0xc7400000|  0%| F|  |TAMS 0xc7300000, 0xc7300000| Untracked 
|  24|0xc7400000, 0xc7400000, 0xc7500000|  0%| F|  |TAMS 0xc7400000, 0xc7400000| Untracked 
|  25|0xc7500000, 0xc7500000, 0xc7600000|  0%| F|  |TAMS 0xc7500000, 0xc7500000| Untracked 
|  26|0xc7600000, 0xc7600000, 0xc7700000|  0%| F|  |TAMS 0xc7600000, 0xc7600000| Untracked 
|  27|0xc7700000, 0xc7700000, 0xc7800000|  0%| F|  |TAMS 0xc7700000, 0xc7700000| Untracked 
|  28|0xc7800000, 0xc7800000, 0xc7900000|  0%| F|  |TAMS 0xc7800000, 0xc7800000| Untracked 
|  29|0xc7900000, 0xc7900000, 0xc7a00000|  0%| F|  |TAMS 0xc7900000, 0xc7900000| Untracked 
|  30|0xc7a00000, 0xc7a00000, 0xc7b00000|  0%| F|  |TAMS 0xc7a00000, 0xc7a00000| Untracked 
|  31|0xc7b00000, 0xc7b00000, 0xc7c00000|  0%| F|  |TAMS 0xc7b00000, 0xc7b00000| Untracked 
|  32|0xc7c00000, 0xc7c00000, 0xc7d00000|  0%| F|  |TAMS 0xc7c00000, 0xc7c00000| Untracked 
|  33|0xc7d00000, 0xc7d00000, 0xc7e00000|  0%| F|  |TAMS 0xc7d00000, 0xc7d00000| Untracked 
|  34|0xc7e00000, 0xc7e00000, 0xc7f00000|  0%| F|  |TAMS 0xc7e00000, 0xc7e00000| Untracked 
|  35|0xc7f00000, 0xc7f00000, 0xc8000000|  0%| F|  |TAMS 0xc7f00000, 0xc7f00000| Untracked 
|  36|0xc8000000, 0xc8000000, 0xc8100000|  0%| F|  |TAMS 0xc8000000, 0xc8000000| Untracked 
|  37|0xc8100000, 0xc8100000, 0xc8200000|  0%| F|  |TAMS 0xc8100000, 0xc8100000| Untracked 
|  38|0xc8200000, 0xc8200000, 0xc8300000|  0%| F|  |TAMS 0xc8200000, 0xc8200000| Untracked 
|  39|0xc8300000, 0xc8300000, 0xc8400000|  0%| F|  |TAMS 0xc8300000, 0xc8300000| Untracked 
|  40|0xc8400000, 0xc8400000, 0xc8500000|  0%| F|  |TAMS 0xc8400000, 0xc8400000| Untracked 
|  41|0xc8500000, 0xc8500000, 0xc8600000|  0%| F|  |TAMS 0xc8500000, 0xc8500000| Untracked 
|  42|0xc8600000, 0xc8600000, 0xc8700000|  0%| F|  |TAMS 0xc8600000, 0xc8600000| Untracked 
|  43|0xc8700000, 0xc8700000, 0xc8800000|  0%| F|  |TAMS 0xc8700000, 0xc8700000| Untracked 
|  44|0xc8800000, 0xc8800000, 0xc8900000|  0%| F|  |TAMS 0xc8800000, 0xc8800000| Untracked 
|  45|0xc8900000, 0xc8900000, 0xc8a00000|  0%| F|  |TAMS 0xc8900000, 0xc8900000| Untracked 
|  46|0xc8a00000, 0xc8a00000, 0xc8b00000|  0%| F|  |TAMS 0xc8a00000, 0xc8a00000| Untracked 
|  47|0xc8b00000, 0xc8b00000, 0xc8c00000|  0%| F|  |TAMS 0xc8b00000, 0xc8b00000| Untracked 
|  48|0xc8c00000, 0xc8c00000, 0xc8d00000|  0%| F|  |TAMS 0xc8c00000, 0xc8c00000| Untracked 
|  49|0xc8d00000, 0xc8d00000, 0xc8e00000|  0%| F|  |TAMS 0xc8d00000, 0xc8d00000| Untracked 
|  50|0xc8e00000, 0xc8e00000, 0xc8f00000|  0%| F|  |TAMS 0xc8e00000, 0xc8e00000| Untracked 
|  51|0xc8f00000, 0xc8f00000, 0xc9000000|  0%| F|  |TAMS 0xc8f00000, 0xc8f00000| Untracked 
|  52|0xc9000000, 0xc9000000, 0xc9100000|  0%| F|  |TAMS 0xc9000000, 0xc9000000| Untracked 
|  53|0xc9100000, 0xc9100000, 0xc9200000|  0%| F|  |TAMS 0xc9100000, 0xc9100000| Untracked 
|  54|0xc9200000, 0xc9200000, 0xc9300000|  0%| F|  |TAMS 0xc9200000, 0xc9200000| Untracked 
|  55|0xc9300000, 0xc93aed50, 0xc9400000| 68%| S|CS|TAMS 0xc9300000, 0xc9300000| Complete 
|  56|0xc9400000, 0xc9500000, 0xc9500000|100%| S|CS|TAMS 0xc9400000, 0xc9400000| Complete 
|  57|0xc9500000, 0xc9600000, 0xc9600000|100%| S|CS|TAMS 0xc9500000, 0xc9500000| Complete 
|  58|0xc9600000, 0xc9700000, 0xc9700000|100%| S|CS|TAMS 0xc9600000, 0xc9600000| Complete 
|  59|0xc9700000, 0xc9800000, 0xc9800000|100%| S|CS|TAMS 0xc9700000, 0xc9700000| Complete 
|  60|0xc9800000, 0xc9800000, 0xc9900000|  0%| F|  |TAMS 0xc9800000, 0xc9800000| Untracked 
|  61|0xc9900000, 0xc9900000, 0xc9a00000|  0%| F|  |TAMS 0xc9900000, 0xc9900000| Untracked 
|  62|0xc9a00000, 0xc9a00000, 0xc9b00000|  0%| F|  |TAMS 0xc9a00000, 0xc9a00000| Untracked 
|  63|0xc9b00000, 0xc9b00000, 0xc9c00000|  0%| F|  |TAMS 0xc9b00000, 0xc9b00000| Untracked 
|  64|0xc9c00000, 0xc9c00000, 0xc9d00000|  0%| F|  |TAMS 0xc9c00000, 0xc9c00000| Untracked 
|  65|0xc9d00000, 0xc9d00000, 0xc9e00000|  0%| F|  |TAMS 0xc9d00000, 0xc9d00000| Untracked 
|  66|0xc9e00000, 0xc9e00000, 0xc9f00000|  0%| F|  |TAMS 0xc9e00000, 0xc9e00000| Untracked 
|  67|0xc9f00000, 0xc9f00000, 0xca000000|  0%| F|  |TAMS 0xc9f00000, 0xc9f00000| Untracked 
|  68|0xca000000, 0xca000000, 0xca100000|  0%| F|  |TAMS 0xca000000, 0xca000000| Untracked 
|  69|0xca100000, 0xca100000, 0xca200000|  0%| F|  |TAMS 0xca100000, 0xca100000| Untracked 
|  70|0xca200000, 0xca200000, 0xca300000|  0%| F|  |TAMS 0xca200000, 0xca200000| Untracked 
|  71|0xca300000, 0xca300000, 0xca400000|  0%| F|  |TAMS 0xca300000, 0xca300000| Untracked 
|  72|0xca400000, 0xca400000, 0xca500000|  0%| F|  |TAMS 0xca400000, 0xca400000| Untracked 
|  73|0xca500000, 0xca500000, 0xca600000|  0%| F|  |TAMS 0xca500000, 0xca500000| Untracked 
|  74|0xca600000, 0xca600000, 0xca700000|  0%| F|  |TAMS 0xca600000, 0xca600000| Untracked 
|  75|0xca700000, 0xca700000, 0xca800000|  0%| F|  |TAMS 0xca700000, 0xca700000| Untracked 
|  76|0xca800000, 0xca800000, 0xca900000|  0%| F|  |TAMS 0xca800000, 0xca800000| Untracked 
|  77|0xca900000, 0xca900000, 0xcaa00000|  0%| F|  |TAMS 0xca900000, 0xca900000| Untracked 
|  78|0xcaa00000, 0xcaa00000, 0xcab00000|  0%| F|  |TAMS 0xcaa00000, 0xcaa00000| Untracked 
|  79|0xcab00000, 0xcab00000, 0xcac00000|  0%| F|  |TAMS 0xcab00000, 0xcab00000| Untracked 
|  80|0xcac00000, 0xcac00000, 0xcad00000|  0%| F|  |TAMS 0xcac00000, 0xcac00000| Untracked 
|  81|0xcad00000, 0xcad00000, 0xcae00000|  0%| F|  |TAMS 0xcad00000, 0xcad00000| Untracked 
|  82|0xcae00000, 0xcae00000, 0xcaf00000|  0%| F|  |TAMS 0xcae00000, 0xcae00000| Untracked 
|  83|0xcaf00000, 0xcaf00000, 0xcb000000|  0%| F|  |TAMS 0xcaf00000, 0xcaf00000| Untracked 
|  84|0xcb000000, 0xcb000000, 0xcb100000|  0%| F|  |TAMS 0xcb000000, 0xcb000000| Untracked 
|  85|0xcb100000, 0xcb100000, 0xcb200000|  0%| F|  |TAMS 0xcb100000, 0xcb100000| Untracked 
|  86|0xcb200000, 0xcb200000, 0xcb300000|  0%| F|  |TAMS 0xcb200000, 0xcb200000| Untracked 
|  87|0xcb300000, 0xcb300000, 0xcb400000|  0%| F|  |TAMS 0xcb300000, 0xcb300000| Untracked 
|  88|0xcb400000, 0xcb400000, 0xcb500000|  0%| F|  |TAMS 0xcb400000, 0xcb400000| Untracked 
|  89|0xcb500000, 0xcb500000, 0xcb600000|  0%| F|  |TAMS 0xcb500000, 0xcb500000| Untracked 
|  90|0xcb600000, 0xcb600000, 0xcb700000|  0%| F|  |TAMS 0xcb600000, 0xcb600000| Untracked 
|  91|0xcb700000, 0xcb700000, 0xcb800000|  0%| F|  |TAMS 0xcb700000, 0xcb700000| Untracked 
|  92|0xcb800000, 0xcb800000, 0xcb900000|  0%| F|  |TAMS 0xcb800000, 0xcb800000| Untracked 
|  93|0xcb900000, 0xcb900000, 0xcba00000|  0%| F|  |TAMS 0xcb900000, 0xcb900000| Untracked 
|  94|0xcba00000, 0xcba00000, 0xcbb00000|  0%| F|  |TAMS 0xcba00000, 0xcba00000| Untracked 
|  95|0xcbb00000, 0xcbb00000, 0xcbc00000|  0%| F|  |TAMS 0xcbb00000, 0xcbb00000| Untracked 
|  96|0xcbc00000, 0xcbc00000, 0xcbd00000|  0%| F|  |TAMS 0xcbc00000, 0xcbc00000| Untracked 
|  97|0xcbd00000, 0xcbd00000, 0xcbe00000|  0%| F|  |TAMS 0xcbd00000, 0xcbd00000| Untracked 
|  98|0xcbe00000, 0xcbe00000, 0xcbf00000|  0%| F|  |TAMS 0xcbe00000, 0xcbe00000| Untracked 
|  99|0xcbf00000, 0xcbf00000, 0xcc000000|  0%| F|  |TAMS 0xcbf00000, 0xcbf00000| Untracked 
| 100|0xcc000000, 0xcc000000, 0xcc100000|  0%| F|  |TAMS 0xcc000000, 0xcc000000| Untracked 
| 101|0xcc100000, 0xcc100000, 0xcc200000|  0%| F|  |TAMS 0xcc100000, 0xcc100000| Untracked 
| 102|0xcc200000, 0xcc200000, 0xcc300000|  0%| F|  |TAMS 0xcc200000, 0xcc200000| Untracked 
| 103|0xcc300000, 0xcc300000, 0xcc400000|  0%| F|  |TAMS 0xcc300000, 0xcc300000| Untracked 
| 104|0xcc400000, 0xcc400800, 0xcc500000|  0%| E|  |TAMS 0xcc400000, 0xcc400000| Complete 
| 105|0xcc500000, 0xcc600000, 0xcc600000|100%| E|CS|TAMS 0xcc500000, 0xcc500000| Complete 
| 106|0xcc600000, 0xcc700000, 0xcc700000|100%| E|CS|TAMS 0xcc600000, 0xcc600000| Complete 
| 107|0xcc700000, 0xcc800000, 0xcc800000|100%| E|CS|TAMS 0xcc700000, 0xcc700000| Complete 
| 108|0xcc800000, 0xcc900000, 0xcc900000|100%| E|CS|TAMS 0xcc800000, 0xcc800000| Complete 
| 109|0xcc900000, 0xcca00000, 0xcca00000|100%| E|CS|TAMS 0xcc900000, 0xcc900000| Complete 
| 110|0xcca00000, 0xccb00000, 0xccb00000|100%| E|CS|TAMS 0xcca00000, 0xcca00000| Complete 
| 111|0xccb00000, 0xccc00000, 0xccc00000|100%| E|CS|TAMS 0xccb00000, 0xccb00000| Complete 
| 112|0xccc00000, 0xccd00000, 0xccd00000|100%| E|CS|TAMS 0xccc00000, 0xccc00000| Complete 
| 113|0xccd00000, 0xcce00000, 0xcce00000|100%| E|CS|TAMS 0xccd00000, 0xccd00000| Complete 
| 114|0xcce00000, 0xccf00000, 0xccf00000|100%| E|CS|TAMS 0xcce00000, 0xcce00000| Complete 
| 115|0xccf00000, 0xcd000000, 0xcd000000|100%| E|CS|TAMS 0xccf00000, 0xccf00000| Complete 
| 116|0xcd000000, 0xcd100000, 0xcd100000|100%| E|CS|TAMS 0xcd000000, 0xcd000000| Complete 
| 117|0xcd100000, 0xcd200000, 0xcd200000|100%| E|CS|TAMS 0xcd100000, 0xcd100000| Complete 
| 118|0xcd200000, 0xcd300000, 0xcd300000|100%| E|CS|TAMS 0xcd200000, 0xcd200000| Complete 
| 119|0xcd300000, 0xcd400000, 0xcd400000|100%| E|CS|TAMS 0xcd300000, 0xcd300000| Complete 
| 120|0xcd400000, 0xcd500000, 0xcd500000|100%| E|CS|TAMS 0xcd400000, 0xcd400000| Complete 
| 121|0xcd500000, 0xcd600000, 0xcd600000|100%| E|CS|TAMS 0xcd500000, 0xcd500000| Complete 
| 122|0xcd600000, 0xcd700000, 0xcd700000|100%| E|CS|TAMS 0xcd600000, 0xcd600000| Complete 
| 123|0xcd700000, 0xcd800000, 0xcd800000|100%| E|CS|TAMS 0xcd700000, 0xcd700000| Complete 
| 124|0xcd800000, 0xcd900000, 0xcd900000|100%| E|CS|TAMS 0xcd800000, 0xcd800000| Complete 
| 125|0xcd900000, 0xcda00000, 0xcda00000|100%| E|CS|TAMS 0xcd900000, 0xcd900000| Complete 
| 126|0xcda00000, 0xcdb00000, 0xcdb00000|100%| E|CS|TAMS 0xcda00000, 0xcda00000| Complete 
| 127|0xcdb00000, 0xcdc00000, 0xcdc00000|100%| E|CS|TAMS 0xcdb00000, 0xcdb00000| Complete 

Card table byte_map: [0xc5a00000,0xc5b00000] _byte_map_base: 0xc53d2000

Marking Bits (Prev, Next): (CMBitMap*) 0xf5e8b528, (CMBitMap*) 0xf5e8b548
 Prev Bits: [0xc5100000, 0xc5900000)
 Next Bits: [0xc4900000, 0xc5100000)

Polling page: 0xf7f1f000

Metaspace:

Usage:
   10.41 MB used.

Virtual space:
     16.00 MB reserved,      12.06 MB ( 75%) committed,  1 nodes.

Chunk freelists:
1.71 MB

MaxMetaspaceSize: 96.00 MB
No class space
Initial GC threshold: 16.00 MB
Current GC threshold: 16.00 MB
CDS: on
MetaspaceReclaimPolicy: balanced
 - commit_granule_bytes: 65536.
 - commit_granule_words: 16384.
 - virtual_space_node_default_size: 4194304.
 - enlarge_chunks_in_place: 1.
 - new_chunks_are_fully_committed: 0.
 - uncommit_free_chunks: 1.
 - use_allocation_guard: 0.
 - handle_deallocations: 1.


Internal statistics:

num_allocs_failed_limit: 0.
num_arena_births: 917.
num_arena_deaths: 0.
num_vsnodes_births: 1.
num_vsnodes_deaths: 0.
num_space_committed: 193.
num_space_uncommitted: 0.
num_chunks_returned_to_freelist: 0.
num_chunks_taken_from_freelist: 1592.
num_chunk_merges: 0.
num_chunk_splits: 1125.
num_chunks_enlarged: 758.
num_inconsistent_stats: 0.

CodeHeap 'non-profiled nmethods': size=120172Kb used=1856Kb max_used=1856Kb free=118315Kb
 bounds [0xed7f5000, 0xeda35000, 0xf4d50000]
CodeHeap 'profiled nmethods': size=120172Kb used=5504Kb max_used=5504Kb free=114667Kb
 bounds [0xe5d50000, 0xe62b8000, 0xed2ab000]
CodeHeap 'non-nmethods': size=5416Kb used=755Kb max_used=807Kb free=4661Kb
 bounds [0xed2ab000, 0xed4eb000, 0xed7f5000]
 total_blobs=2918 nmethods=2547 adapters=285
 compilation: enabled
              stopped_count=0, restarted_count=0
 full_count=0

Compilation events (20 events):
Event: 13499.326 Thread 0xc419f450 2540   !   4       jdk.internal.reflect.GeneratedMethodAccessor14::invoke (66 bytes)
Event: 13499.334 Thread 0xc419f450 nmethod 2540 0xed9b2308 code [0xed9b2440, 0xed9b259c]
Event: 13634.284 Thread 0xc419f450 2541   !   4       jdk.internal.reflect.GeneratedSerializationConstructorAccessor1::newInstance (49 bytes)
Event: 13634.286 Thread 0xc419f450 nmethod 2541 0xed9b2788 code [0xed9b28c0, 0xed9b2a1c]
Event: 13777.265 Thread 0xc419f450 2542   !   4       script.dictionary::unpack (98 bytes)
Event: 13777.274 Thread 0xc419f450 nmethod 2542 0xed9b2b88 code [0xed9b2d20, 0xed9b3358]
Event: 14140.279 Thread 0xc419f450 2543   !   4       jdk.internal.reflect.GeneratedMethodAccessor17::invoke (66 bytes)
Event: 14140.282 Thread 0xc419f450 nmethod 2543 0xed9b3908 code [0xed9b3a40, 0xed9b3b9c]
Event: 14216.310 Thread 0xc419f450 2545   !   4       script.dictionary::pack (71 bytes)
Event: 14216.340 Thread 0xc419f450 nmethod 2545 0xed9b4088 code [0xed9b4220, 0xed9b4af0]
Event: 16038.142 Thread 0xc419f450 2546   !   4       script.script_entry::runScripts (382 bytes)
Event: 16038.170 Thread 0xc419f450 nmethod 2546 0xed9b4f08 code [0xed9b5120, 0xed9b5a68]
Event: 17120.195 Thread 0xc419f450 2547       4       script.dictionary::readObject (448 bytes)
Event: 17120.343 Thread 0xc419f450 nmethod 2547 0xed9b6508 code [0xed9b67c0, 0xed9b7f1c]
Event: 18605.208 Thread 0xc419f450 2548       4       script.ai.ai_aggro::requestAggroCheck (246 bytes)
Event: 18605.596 Thread 0xc419f450 nmethod 2548 0xed9b9408 code [0xed9b99e0, 0xed9bef30]
Event: 18877.208 Thread 0xc41a0580 2549       3       script.deltadictionary::put (22 bytes)
Event: 18877.211 Thread 0xc41a0580 nmethod 2549 0xe62afb88 code [0xe62afce0, 0xe62b0058]
Event: 19624.266 Thread 0xc419f450 2550       4       script.base_class::isInTriggerVolume (13 bytes)
Event: 19624.268 Thread 0xc419f450 nmethod 2550 0xed9c5008 code [0xed9c5120, 0xed9c51fc]

GC Heap History (20 events):
Event: 131.250 GC heap before
{Heap before GC invocations=4 (full 0):
 garbage-first heap   total 131072K, used 79854K [0xc5c00000, 0xe5c00000)
  region size 1024K, 76 young (77824K), 5 survivors (5120K)
 Metaspace       used 5939K, committed 6720K, reserved 16384K
}
Event: 131.264 GC heap after
{Heap after GC invocations=5 (full 0):
 garbage-first heap   total 131072K, used 8350K [0xc5c00000, 0xe5c00000)
  region size 1024K, 6 young (6144K), 6 survivors (6144K)
 Metaspace       used 5939K, committed 6720K, reserved 16384K
}
Event: 182.045 GC heap before
{Heap before GC invocations=5 (full 0):
 garbage-first heap   total 131072K, used 80030K [0xc5c00000, 0xe5c00000)
  region size 1024K, 76 young (77824K), 6 survivors (6144K)
 Metaspace       used 6999K, committed 7936K, reserved 16384K
}
Event: 182.084 GC heap after
{Heap after GC invocations=6 (full 0):
 garbage-first heap   total 131072K, used 10318K [0xc5c00000, 0xe5c00000)
  region size 1024K, 7 young (7168K), 7 survivors (7168K)
 Metaspace       used 6999K, committed 7936K, reserved 16384K
}
Event: 282.117 GC heap before
{Heap before GC invocations=6 (full 0):
 garbage-first heap   total 131072K, used 80974K [0xc5c00000, 0xe5c00000)
  region size 1024K, 76 young (77824K), 7 survivors (7168K)
 Metaspace       used 7381K, committed 8320K, reserved 16384K
}
Event: 282.183 GC heap after
{Heap after GC invocations=7 (full 0):
 garbage-first heap   total 131072K, used 12583K [0xc5c00000, 0xe5c00000)
  region size 1024K, 8 young (8192K), 8 survivors (8192K)
 Metaspace       used 7381K, committed 8320K, reserved 16384K
}
Event: 291.804 GC heap before
{Heap before GC invocations=7 (full 0):
 garbage-first heap   total 131072K, used 82215K [0xc5c00000, 0xe5c00000)
  region size 1024K, 76 young (77824K), 8 survivors (8192K)
 Metaspace       used 7734K, committed 8768K, reserved 16384K
}
Event: 291.828 GC heap after
{Heap after GC invocations=8 (full 0):
 garbage-first heap   total 131072K, used 13092K [0xc5c00000, 0xe5c00000)
  region size 1024K, 6 young (6144K), 6 survivors (6144K)
 Metaspace       used 7734K, committed 8768K, reserved 16384K
}
Event: 311.304 GC heap before
{Heap before GC invocations=8 (full 0):
 garbage-first heap   total 131072K, used 84772K [0xc5c00000, 0xe5c00000)
  region size 1024K, 76 young (77824K), 6 survivors (6144K)
 Metaspace       used 8277K, committed 9472K, reserved 16384K
}
Event: 311.333 GC heap after
{Heap after GC invocations=9 (full 0):
 garbage-first heap   total 131072K, used 15951K [0xc5c00000, 0xe5c00000)
  region size 1024K, 8 young (8192K), 8 survivors (8192K)
 Metaspace       used 8277K, committed 9472K, reserved 16384K
}
Event: 432.336 GC heap before
{Heap before GC invocations=9 (full 0):
 garbage-first heap   total 131072K, used 85583K [0xc5c00000, 0xe5c00000)
  region size 1024K, 76 young (77824K), 8 survivors (8192K)
 Metaspace       used 8926K, committed 10240K, reserved 16384K
}
Event: 432.407 GC heap after
{Heap after GC invocations=10 (full 0):
 garbage-first heap   total 131072K, used 18004K [0xc5c00000, 0xe5c00000)
  region size 1024K, 6 young (6144K), 6 survivors (6144K)
 Metaspace       used 8926K, committed 10240K, reserved 16384K
}
Event: 574.820 GC heap before
{Heap before GC invocations=10 (full 0):
 garbage-first heap   total 131072K, used 89684K [0xc5c00000, 0xe5c00000)
  region size 1024K, 76 young (77824K), 6 survivors (6144K)
 Metaspace       used 9229K, committed 10560K, reserved 16384K
}
Event: 574.838 GC heap after
{Heap after GC invocations=11 (full 0):
 garbage-first heap   total 131072K, used 21392K [0xc5c00000, 0xe5c00000)
  region size 1024K, 8 young (8192K), 8 survivors (8192K)
 Metaspace       used 9229K, committed 10560K, reserved 16384K
}
Event: 617.593 GC heap before
{Heap before GC invocations=11 (full 0):
 garbage-first heap   total 131072K, used 91024K [0xc5c00000, 0xe5c00000)
  region size 1024K, 76 young (77824K), 8 survivors (8192K)
 Metaspace       used 9598K, committed 11008K, reserved 16384K
}
Event: 617.667 GC heap after
{Heap after GC invocations=12 (full 0):
 garbage-first heap   total 131072K, used 22709K [0xc5c00000, 0xe5c00000)
  region size 1024K, 7 young (7168K), 7 survivors (7168K)
 Metaspace       used 9598K, committed 11008K, reserved 16384K
}
Event: 1190.248 GC heap before
{Heap before GC invocations=12 (full 0):
 garbage-first heap   total 131072K, used 93365K [0xc5c00000, 0xe5c00000)
  region size 1024K, 76 young (77824K), 7 survivors (7168K)
 Metaspace       used 10528K, committed 12224K, reserved 16384K
}
Event: 1190.336 GC heap after
{Heap after GC invocations=13 (full 0):
 garbage-first heap   total 131072K, used 26057K [0xc5c00000, 0xe5c00000)
  region size 1024K, 8 young (8192K), 8 survivors (8192K)
 Metaspace       used 10528K, committed 12224K, reserved 16384K
}
Event: 15070.269 GC heap before
{Heap before GC invocations=13 (full 0):
 garbage-first heap   total 131072K, used 95689K [0xc5c00000, 0xe5c00000)
  region size 1024K, 76 young (77824K), 8 survivors (8192K)
 Metaspace       used 10659K, committed 12352K, reserved 16384K
}
Event: 15070.329 GC heap after
{Heap after GC invocations=14 (full 0):
 garbage-first heap   total 131072K, used 26018K [0xc5c00000, 0xe5c00000)
  region size 1024K, 5 young (5120K), 5 survivors (5120K)
 Metaspace       used 10659K, committed 12352K, reserved 16384K
}

Dll operation events (4 events):
Event: 0.004 Loaded shared library /usr/lib/jvm/java-17-zulu-openjdk-jdk-x86/lib/libjava.so
Event: 46.855 Loaded shared library /usr/lib/jvm/java-17-zulu-openjdk-jdk-x86/lib/libnio.so
Event: 46.856 Loaded shared library /usr/lib/jvm/java-17-zulu-openjdk-jdk-x86/lib/libjimage.so
Event: 46.857 Loaded shared library /usr/lib/jvm/java-17-zulu-openjdk-jdk-x86/lib/libnet.so

Deoptimization events (20 events):
Event: 658.296 Thread 0x0ce5e7e0 Uncommon trap: trap_request=0xffffff45 fr.pc=0xed933398 relative=0x00001158
Event: 658.296 Thread 0x0ce5e7e0 Uncommon trap: reason=unstable_if action=reinterpret pc=0xed933398 method=script.library.movement.getAllModifiers(Lscript/obj_id;)[Ljava/lang/String; @ 41 c2
Event: 658.296 Thread 0x0ce5e7e0 DEOPT PACKING pc=0xed933398 sp=0xffce9440
Event: 658.296 Thread 0x0ce5e7e0 DEOPT UNPACKING pc=0xed2f4d33 sp=0xffce943c mode 2
Event: 786.515 Thread 0x0ce5e7e0 Uncommon trap: trap_request=0xffffff45 fr.pc=0xed8c0214 relative=0x000004b4
Event: 786.515 Thread 0x0ce5e7e0 Uncommon trap: reason=unstable_if action=reinterpret pc=0xed8c0214 method=script.script_entry.runScripts(Ljava/lang/String;[Ljava/lang/Object;)I @ 303 c2
Event: 786.515 Thread 0x0ce5e7e0 DEOPT PACKING pc=0xed8c0214 sp=0xffceaad0
Event: 786.515 Thread 0x0ce5e7e0 DEOPT UNPACKING pc=0xed2f4d33 sp=0xffceaaa0 mode 2
Event: 1088.119 Thread 0x0ce5e7e0 Uncommon trap: trap_request=0xffffffde fr.pc=0xed90a4a8 relative=0x000007a8
Event: 1088.119 Thread 0x0ce5e7e0 Uncommon trap: reason=class_check action=maybe_recompile pc=0xed90a4a8 method=script.deltadictionary.getInt(Ljava/lang/Object;)I @ 23 c2
Event: 1088.119 Thread 0x0ce5e7e0 DEOPT PACKING pc=0xed90a4a8 sp=0xffceaa30
Event: 1088.120 Thread 0x0ce5e7e0 DEOPT UNPACKING pc=0xed2f4d33 sp=0xffceaa28 mode 2
Event: 2474.243 Thread 0x0ce5e7e0 Uncommon trap: trap_request=0xffffff45 fr.pc=0xed92b658 relative=0x000013d8
Event: 2474.243 Thread 0x0ce5e7e0 Uncommon trap: reason=unstable_if action=reinterpret pc=0xed92b658 method=script.library.ai_lib.isInCombat(Lscript/obj_id;)Z @ 6 c2
Event: 2474.243 Thread 0x0ce5e7e0 DEOPT PACKING pc=0xed92b658 sp=0xffceaa10
Event: 2474.243 Thread 0x0ce5e7e0 DEOPT UNPACKING pc=0xed2f4d33 sp=0xffcea9d8 mode 2
Event: 7323.280 Thread 0x0ce5e7e0 Uncommon trap: trap_request=0xffffffcc fr.pc=0xed999d40 relative=0x00000100
Event: 7323.280 Thread 0x0ce5e7e0 Uncommon trap: reason=intrinsic action=make_not_entrant pc=0xed999d40 method=java.util.ArrayList.toArray([Ljava/lang/Object;)[Ljava/lang/Object; @ 36 c2
Event: 7323.280 Thread 0x0ce5e7e0 DEOPT PACKING pc=0xed999d40 sp=0xffceaa00
Event: 7323.280 Thread 0x0ce5e7e0 DEOPT UNPACKING pc=0xed2f4d33 sp=0xffcea9d4 mode 2

Classes unloaded (0 events):
No events

Classes redefined (0 events):
No events

Internal exceptions (20 events):
Event: 46.933 Thread 0x0ce5e7e0 Exception <a 'java/lang/NoSuchMethodError'{0xccfd5818}: 'java.lang.Object java.lang.invoke.DelegatingMethodHandle$Holder.reinvoke_L(java.lang.Object, long, java.lang.Object, java.lang.Object, java.lang.Object, java.lang.Object, int, java.lang.Object)'> (0xccfd5818) 
thrown [src/hotspot/share/interpreter/linkResolver.cpp, line 759]
Event: 46.961 Thread 0x0ce5e7e0 Exception <a 'java/lang/NoSuchMethodError'{0xcdb5e9b8}: 'java.lang.Object java.lang.invoke.DirectMethodHandle$Holder.invokeSpecial(java.lang.Object, java.lang.Object, java.lang.Object, java.lang.Object, float)'> (0xcdb5e9b8) 
thrown [src/hotspot/share/interpreter/linkResolver.cpp, line 759]
Event: 46.971 Thread 0x0ce5e7e0 Exception <a 'java/lang/NoSuchMethodError'{0xcdb8b420}: 'java.lang.Object java.lang.invoke.DirectMethodHandle$Holder.invokeSpecial(java.lang.Object, java.lang.Object, java.lang.Object, java.lang.Object, int)'> (0xcdb8b420) 
thrown [src/hotspot/share/interpreter/linkResolver.cpp, line 759]
Event: 46.971 Thread 0x0ce5e7e0 Exception <a 'java/lang/NoSuchMethodError'{0xcdb8eb88}: 'java.lang.Object java.lang.invoke.Invokers$Holder.linkToTargetMethod(java.lang.Object, java.lang.Object, int, java.lang.Object)'> (0xcdb8eb88) 
thrown [src/hotspot/share/interpreter/linkResolver.cpp, line 759]
Event: 55.892 Thread 0x0ce5e7e0 Exception <a 'java/lang/NoSuchMethodError'{0xcd7a0ce8}: 'java.lang.Object java.lang.invoke.DirectMethodHandle$Holder.invokeStaticInit(java.lang.Object)'> (0xcd7a0ce8) 
thrown [src/hotspot/share/interpreter/linkResolver.cpp, line 759]
Event: 71.552 Thread 0x0ce5e7e0 Exception <a 'java/lang/NoSuchMethodError'{0xcd4262b8}: 'java.lang.Object java.lang.invoke.DirectMethodHandle$Holder.invokeSpecial(java.lang.Object, java.lang.Object, long, java.lang.Object, java.lang.Object, java.lang.Object, java.lang.Object, java.lang.Object, java.lang.Object)'> (0xcd4262b8) 
thrown [src/hotspot/share/interpreter/linkResolver.cpp, line 759]
Event: 71.552 Thread 0x0ce5e7e0 Exception <a 'java/lang/NoSuchMethodError'{0xcd42a690}: 'java.lang.Object java.lang.invoke.DelegatingMethodHandle$Holder.reinvoke_L(java.lang.Object, long, java.lang.Object, java.lang.Object, java.lang.Object, java.lang.Object, java.lang.Object, java.lang.Object)'> (0xcd42a690) 
thrown [src/hotspot/share/interpreter/linkResolver.cpp, line 759]
Event: 115.294 Thread 0x0ce5e7e0 Exception <a 'java/lang/NoSuchMethodError'{0xca03c8d8}: 'java.lang.Object java.lang.invoke.DirectMethodHandle$Holder.invokeSpecial(java.lang.Object, java.lang.Object, java.lang.Object, java.lang.Object, java.lang.Object, java.lang.Object, int)'> (0xca03c8d8) 
thrown [src/hotspot/share/interpreter/linkResolver.cpp, line 759]
Event: 174.195 Thread 0x0ce5e7e0 Implicit null exception at 0xed89f904 to 0xed89fc9c
Event: 175.457 Thread 0x0ce5e7e0 Exception <a 'java/lang/NoSuchMethodError'{0xcab93b58}: static [Lscript/obj_id;.<clinit>()V> (0xcab93b58) 
thrown [src/hotspot/share/prims/jni.cpp, line 1112]
Event: 225.272 Thread 0x0ce5e7e0 Exception <a 'java/lang/NoSuchMethodError'{0xcaae5618}: 'java.lang.Object java.lang.invoke.DirectMethodHandle$Holder.invokeSpecial(java.lang.Object, java.lang.Object, int, int, int)'> (0xcaae5618) 
thrown [src/hotspot/share/interpreter/linkResolver.cpp, line 759]
Event: 617.552 Thread 0x0ce5e7e0 Exception <a 'script/internal_script_exception'{0xc98005a0}: attachScript attempt to attach empty script name to [5680038827]> (0xc98005a0) 
thrown [src/hotspot/share/prims/jni.cpp, line 535]
Event: 617.552 Thread 0x0ce5e7e0 Exception <a 'java/lang/reflect/InvocationTargetException'{0xc9800a28}> (0xc9800a28) 
thrown [src/hotspot/share/runtime/reflection.cpp, line 1121]
Event: 636.324 Thread 0x0ce5e7e0 Exception <a 'java/lang/NoSuchMethodError'{0xcbebbaf0}: 'java.lang.Object java.lang.invoke.DirectMethodHandle$Holder.invokeSpecial(java.lang.Object, java.lang.Object, java.lang.Object, java.lang.Object, int, java.lang.Object)'> (0xcbebbaf0) 
thrown [src/hotspot/share/interpreter/linkResolver.cpp, line 759]
Event: 636.325 Thread 0x0ce5e7e0 Exception <a 'java/lang/NoSuchMethodError'{0xcbebf150}: 'java.lang.Object java.lang.invoke.Invokers$Holder.linkToTargetMethod(java.lang.Object, java.lang.Object, int, java.lang.Object, java.lang.Object)'> (0xcbebf150) 
thrown [src/hotspot/share/interpreter/linkResolver.cpp, line 759]
Event: 636.358 Thread 0x0ce5e7e0 Exception <a 'java/lang/NoSuchMethodError'{0xcbd02f08}: 'java.lang.Object java.lang.invoke.DirectMethodHandle$Holder.invokeSpecial(java.lang.Object, java.lang.Object, long, java.lang.Object, java.lang.Object, java.lang.Object, int, java.lang.Object, java.lang.Object)'> (0xcbd02f08) 
thrown [src/hotspot/share/interpreter/linkResolver.cpp, line 759]
Event: 636.359 Thread 0x0ce5e7e0 Exception <a 'java/lang/NoSuchMethodError'{0xcbd07208}: 'java.lang.Object java.lang.invoke.DelegatingMethodHandle$Holder.reinvoke_L(java.lang.Object, long, java.lang.Object, java.lang.Object, java.lang.Object, int, java.lang.Object, java.lang.Object)'> (0xcbd07208) 
thrown [src/hotspot/share/interpreter/linkResolver.cpp, line 759]
Event: 659.559 Thread 0x0ce5e7e0 Exception <a 'java/lang/NoSuchMethodError'{0xcb0d9bc8}: static [I.<clinit>()V> (0xcb0d9bc8) 
thrown [src/hotspot/share/prims/jni.cpp, line 1112]
Event: 8920.268 Thread 0x0ce5e7e0 Exception <a 'java/lang/NoSuchMethodError'{0xcb3d7cc8}: 'java.lang.Object java.lang.invoke.DirectMethodHandle$Holder.invokeSpecial(java.lang.Object, java.lang.Object, java.lang.Object, java.lang.Object, java.lang.Object, int)'> (0xcb3d7cc8) 
thrown [src/hotspot/share/interpreter/linkResolver.cpp, line 759]
Event: 8920.268 Thread 0x0ce5e7e0 Exception <a 'java/lang/NoSuchMethodError'{0xcb3db100}: 'java.lang.Object java.lang.invoke.Invokers$Holder.linkToTargetMethod(java.lang.Object, java.lang.Object, java.lang.Object, int, java.lang.Object)'> (0xcb3db100) 
thrown [src/hotspot/share/interpreter/linkResolver.cpp, line 759]

VM Operations (20 events):
Event: 2447.814 Executing VM operation: Cleanup
Event: 2447.814 Executing VM operation: Cleanup done
Event: 2698.131 Executing VM operation: Cleanup
Event: 2698.132 Executing VM operation: Cleanup done
Event: 2758.433 Executing VM operation: Cleanup
Event: 2758.433 Executing VM operation: Cleanup done
Event: 7769.783 Executing VM operation: Cleanup
Event: 7769.783 Executing VM operation: Cleanup done
Event: 12818.699 Executing VM operation: Cleanup
Event: 12818.700 Executing VM operation: Cleanup done
Event: 12820.700 Executing VM operation: Cleanup
Event: 12820.700 Executing VM operation: Cleanup done
Event: 13504.542 Executing VM operation: Cleanup
Event: 13504.542 Executing VM operation: Cleanup done
Event: 15070.269 Executing VM operation: G1CollectForAllocation
Event: 15070.329 Executing VM operation: G1CollectForAllocation done
Event: 15665.039 Executing VM operation: Cleanup
Event: 15665.039 Executing VM operation: Cleanup done
Event: 15667.040 Executing VM operation: Cleanup
Event: 15667.040 Executing VM operation: Cleanup done

Events (20 events):
Event: 175.530 loading class java/lang/constant/DirectMethodHandleDesc$1
Event: 175.530 loading class java/lang/constant/DirectMethodHandleDesc$1 done
Event: 175.531 loading class java/lang/constant/PrimitiveClassDescImpl
Event: 175.531 loading class java/lang/constant/DynamicConstantDesc
Event: 175.531 loading class java/lang/constant/DynamicConstantDesc done
Event: 175.531 loading class java/lang/constant/PrimitiveClassDescImpl done
Event: 175.531 loading class java/lang/constant/DynamicConstantDesc$AnonymousDynamicConstantDesc
Event: 175.531 loading class java/lang/constant/DynamicConstantDesc$AnonymousDynamicConstantDesc done
Event: 617.553 loading class java/lang/Throwable$WrappedPrintStream
Event: 617.553 loading class java/lang/Throwable$PrintStreamOrWriter
Event: 617.554 loading class java/lang/Throwable$PrintStreamOrWriter done
Event: 617.554 loading class java/lang/Throwable$WrappedPrintStream done
Event: 617.554 loading class java/lang/StackTraceElement$HashedModules
Event: 617.554 loading class java/lang/StackTraceElement$HashedModules done
Event: 633.352 loading class java/lang/AssertionError
Event: 633.352 loading class java/lang/AssertionError done
Event: 636.284 loading class java/util/Vector$Itr
Event: 636.284 loading class java/util/Vector$Itr done
Event: 19802.853 Thread 0x0ce5e7e0 Thread exited: 0x0ce5e7e0
Event: 19803.000 Thread 0xf5e242d0 Thread exited: 0xf5e242d0


Dynamic libraries:
08048000-09298000 r-xp 00000000 08:04 494947248                          /home/almalinux/swg-returns-nge/build/bin/SwgGameServer
09298000-0929c000 rw-p 0124f000 08:04 494947248                          /home/almalinux/swg-returns-nge/build/bin/SwgGameServer
0929c000-09b1f000 rw-p 00000000 00:00 0 
0b799000-232eb000 rw-p 00000000 00:00 0                                  [heap]
be800000-be8fa000 rw-p 00000000 00:00 0 
be8fa000-be900000 ---p 00000000 00:00 0 
beb00000-bebe5000 rw-p 00000000 00:00 0 
bebe5000-bec00000 ---p 00000000 00:00 0 
bec00000-becfd000 rw-p 00000000 00:00 0 
becfd000-bed00000 ---p 00000000 00:00 0 
bed00000-bedf1000 rw-p 00000000 00:00 0 
bedf1000-bee00000 ---p 00000000 00:00 0 
bf000000-bf063000 rw-p 00000000 00:00 0 
bf063000-bf100000 ---p 00000000 00:00 0 
bf100000-bf1fa000 rw-p 00000000 00:00 0 
bf1fa000-bf200000 ---p 00000000 00:00 0 
bf200000-bf2f9000 rw-p 00000000 00:00 0 
bf2f9000-bf300000 ---p 00000000 00:00 0 
bf300000-bf3f9000 rw-p 00000000 00:00 0 
bf3f9000-bf400000 ---p 00000000 00:00 0 
bf400000-bf4f9000 rw-p 00000000 00:00 0 
bf4f9000-bf500000 ---p 00000000 00:00 0 
bf500000-bf5f9000 rw-p 00000000 00:00 0 
bf5f9000-bf600000 ---p 00000000 00:00 0 
bf600000-bf6f9000 rw-p 00000000 00:00 0 
bf6f9000-bf700000 ---p 00000000 00:00 0 
bf700000-bf7f9000 rw-p 00000000 00:00 0 
bf7f9000-bf800000 ---p 00000000 00:00 0 
bf800000-bf8fd000 rw-p 00000000 00:00 0 
bf8fd000-bf900000 ---p 00000000 00:00 0 
bf900000-bf9f9000 rw-p 00000000 00:00 0 
bf9f9000-bfa00000 ---p 00000000 00:00 0 
bfa00000-bfaf9000 rw-p 00000000 00:00 0 
bfaf9000-bfb00000 ---p 00000000 00:00 0 
bfc00000-bfd00000 rw-p 00000000 00:00 0 
bfd00000-bfdf9000 rw-p 00000000 00:00 0 
bfdf9000-bfe00000 ---p 00000000 00:00 0 
bfe00000-bfef9000 rw-p 00000000 00:00 0 
bfef9000-bff00000 ---p 00000000 00:00 0 
bff00000-bffef000 rw-p 00000000 00:00 0 
bffef000-c0000000 ---p 00000000 00:00 0 
c0000000-c00f9000 rw-p 00000000 00:00 0 
c00f9000-c0100000 ---p 00000000 00:00 0 
c0200000-c02fc000 rw-p 00000000 00:00 0 
c02fc000-c0300000 ---p 00000000 00:00 0 
c0b7f000-c0b80000 ---p 00000000 00:00 0 
c0b80000-c0c00000 rw-p 00000000 00:00 0 
c0c00000-c0cfd000 rw-p 00000000 00:00 0 
c0cfd000-c0d00000 ---p 00000000 00:00 0 
c10fe000-c10ff000 ---p 00000000 00:00 0 
c10ff000-c117f000 rw-p 00000000 00:00 0 
c117f000-c1180000 ---p 00000000 00:00 0 
c1180000-c1200000 rw-p 00000000 00:00 0 
c1200000-c125b000 rw-p 00000000 00:00 0 
c125b000-c1300000 ---p 00000000 00:00 0 
c13fc000-c1400000 ---p 00000000 00:00 0 
c1400000-c147d000 rw-p 00000000 00:00 0 
c167f000-c1683000 ---p 00000000 00:00 0 
c1683000-c1740000 rw-p 00000000 00:00 0 
c1740000-c1744000 ---p 00000000 00:00 0 
c1744000-c1801000 rw-p 00000000 00:00 0 
c1801000-c1802000 ---p 00000000 00:00 0 
c1802000-c1882000 rw-p 00000000 00:00 0 
c1882000-c1886000 ---p 00000000 00:00 0 
c1886000-c1943000 rw-p 00000000 00:00 0 
c1943000-c1947000 ---p 00000000 00:00 0 
c1947000-c1a04000 rw-p 00000000 00:00 0 
c1a04000-c1a08000 ---p 00000000 00:00 0 
c1a08000-c1ac5000 rw-p 00000000 00:00 0 
c1ac5000-c1ac9000 ---p 00000000 00:00 0 
c1ac9000-c1b86000 rw-p 00000000 00:00 0 
c1b86000-c1e00000 r--p 00078000 08:04 535181                             /usr/lib/locale/locale-archive
c1e00000-c2000000 r--p 00000000 08:04 535181                             /usr/lib/locale/locale-archive
c2000000-c21c0000 rw-p 00000000 00:00 0 
c21c0000-c2400000 ---p 00000000 00:00 0 
c2400000-c2e50000 rw-p 00000000 00:00 0 
c2e50000-c3000000 ---p 00000000 00:00 0 
c303c000-c3040000 ---p 00000000 00:00 0 
c3040000-c30bd000 rw-p 00000000 00:00 0 
c30bd000-c30c1000 ---p 00000000 00:00 0 
c30c1000-c317e000 rw-p 00000000 00:00 0 
c317e000-c3182000 ---p 00000000 00:00 0 
c3182000-c323f000 rw-p 00000000 00:00 0 
c323f000-c3243000 ---p 00000000 00:00 0 
c3243000-c3300000 rw-p 00000000 00:00 0 
c3300000-c3321000 rw-p 00000000 00:00 0 
c3321000-c3400000 ---p 00000000 00:00 0 
c3431000-c3435000 ---p 00000000 00:00 0 
c3435000-c34b2000 rw-p 00000000 00:00 0 
c34b2000-c34b3000 ---p 00000000 00:00 0 
c34b3000-c3533000 rw-p 00000000 00:00 0 
c3533000-c3e00000 rw-p 00001000 08:04 143240867                          /usr/lib/jvm/java-17-zulu-openjdk-jdk-x86/lib/server/classes.jsa
c3e00000-c3e21000 rw-p 00000000 00:00 0 
c3e21000-c3f00000 ---p 00000000 00:00 0 
c3f7f000-c3f80000 ---p 00000000 00:00 0 
c3f80000-c4000000 rw-p 00000000 00:00 0 
c4000000-c4021000 rw-p 00000000 00:00 0 
c4021000-c4100000 ---p 00000000 00:00 0 
c4100000-c41d7000 rw-p 00000000 00:00 0 
c41d7000-c4200000 ---p 00000000 00:00 0 
c427f000-c4280000 ---p 00000000 00:00 0 
c4280000-c4300000 rw-p 00000000 00:00 0 
c4300000-c43f7000 rw-p 00000000 00:00 0 
c43f7000-c4400000 ---p 00000000 00:00 0 
c447f000-c4480000 ---p 00000000 00:00 0 
c4480000-c4500000 rw-p 00000000 00:00 0 
c4500000-c45fc000 rw-p 00000000 00:00 0 
c45fc000-c4600000 ---p 00000000 00:00 0 
c467f000-c4680000 ---p 00000000 00:00 0 
c4680000-c4700000 rw-p 00000000 00:00 0 
c4700000-c47fc000 rw-p 00000000 00:00 0 
c47fc000-c4800000 ---p 00000000 00:00 0 
c487f000-c4880000 ---p 00000000 00:00 0 
c4880000-c4b00000 rw-p 00000000 00:00 0 
c4b00000-c5100000 ---p 00000000 00:00 0 
c5100000-c5300000 rw-p 00000000 00:00 0 
c5300000-c5900000 ---p 00000000 00:00 0 
c5900000-c5940000 rw-p 00000000 00:00 0 
c5940000-c5a00000 ---p 00000000 00:00 0 
c5a00000-c5a40000 rw-p 00000000 00:00 0 
c5a40000-c5b00000 ---p 00000000 00:00 0 
c5b00000-c5b40000 rw-p 00000000 00:00 0 
c5b40000-c5c00000 ---p 00000000 00:00 0 
c5c00000-cdc00000 rw-p 00000000 00:00 0 
cdc00000-e5c00000 ---p 00000000 00:00 0 
e5c65000-e5c6a000 rw-p 00000000 00:00 0 
e5c6a000-e5d50000 ---p 00000000 00:00 0 
e5d50000-e62b8000 rwxp 00000000 00:00 0 
e62b8000-ed2ab000 ---p 00000000 00:00 0 
ed2ab000-ed4eb000 rwxp 00000000 00:00 0 
ed4eb000-ed7f5000 ---p 00000000 00:00 0 
ed7f5000-eda35000 rwxp 00000000 00:00 0 
eda35000-f4d50000 ---p 00000000 00:00 0 
f4d50000-f4eb8000 r--s 00000000 08:04 117534333                          /usr/lib/jvm/java-17-zulu-openjdk-jdk-x86/lib/modules
f4eb8000-f5d5a000 r-xp 00000000 08:04 143240869                          /usr/lib/jvm/java-17-zulu-openjdk-jdk-x86/lib/server/libjvm.so
f5d5a000-f5daf000 r--p 00ea1000 08:04 143240869                          /usr/lib/jvm/java-17-zulu-openjdk-jdk-x86/lib/server/libjvm.so
f5daf000-f5dd0000 rw-p 00ef6000 08:04 143240869                          /usr/lib/jvm/java-17-zulu-openjdk-jdk-x86/lib/server/libjvm.so
f5dd0000-f5e00000 rw-p 00000000 00:00 0 
f5e00000-f5f00000 rw-p 00000000 00:00 0 
f5f65000-f5f66000 ---p 00000000 00:00 0 
f5f66000-f5f6a000 ---p 00000000 00:00 0 
f5f6a000-f6ade000 rw-p 00000000 00:00 0 
f6aea000-f6aff000 r-xp 00000000 08:04 117534323                          /usr/lib/jvm/java-17-zulu-openjdk-jdk-x86/lib/libnet.so
f6aff000-f6b00000 r--p 00014000 08:04 117534323                          /usr/lib/jvm/java-17-zulu-openjdk-jdk-x86/lib/libnet.so
f6b00000-f6b01000 rw-p 00015000 08:04 117534323                          /usr/lib/jvm/java-17-zulu-openjdk-jdk-x86/lib/libnet.so
f6b01000-f6b0c000 rw-p 00000000 00:00 0 
f6b0c000-f6bec000 ---p 00000000 00:00 0 
f6e26000-f6e38000 r-xp 00000000 08:04 117534324                          /usr/lib/jvm/java-17-zulu-openjdk-jdk-x86/lib/libnio.so
f6e38000-f6e39000 r--p 00011000 08:04 117534324                          /usr/lib/jvm/java-17-zulu-openjdk-jdk-x86/lib/libnio.so
f6e39000-f6e3a000 rw-p 00012000 08:04 117534324                          /usr/lib/jvm/java-17-zulu-openjdk-jdk-x86/lib/libnio.so
f6e3a000-f6e63000 rw-p 00000000 00:00 0 
f6e63000-f6e86000 r-xp 00000000 08:04 117534310                          /usr/lib/jvm/java-17-zulu-openjdk-jdk-x86/lib/libjava.so
f6e86000-f6e87000 r--p 00022000 08:04 117534310                          /usr/lib/jvm/java-17-zulu-openjdk-jdk-x86/lib/libjava.so
f6e87000-f6e88000 rw-p 00023000 08:04 117534310                          /usr/lib/jvm/java-17-zulu-openjdk-jdk-x86/lib/libjava.so
f6e88000-f6e94000 r-xp 00000000 08:04 16831767                           /usr/lib/libnss_files-2.28.so
f6e94000-f6e95000 r--p 0000b000 08:04 16831767                           /usr/lib/libnss_files-2.28.so
f6e95000-f6e96000 rw-p 0000c000 08:04 16831767                           /usr/lib/libnss_files-2.28.so
f6e96000-f6e9c000 rw-p 00000000 00:00 0 
f6ea2000-f6ea7000 rw-p 00000000 00:00 0 
f6ea7000-f6ead000 ---p 00000000 00:00 0 
f6ead000-f6ec8000 r-xp 00000000 08:04 117534314                          /usr/lib/jvm/java-17-zulu-openjdk-jdk-x86/lib/libjimage.so
f6ec8000-f6ec9000 ---p 0001b000 08:04 117534314                          /usr/lib/jvm/java-17-zulu-openjdk-jdk-x86/lib/libjimage.so
f6ec9000-f6eca000 r--p 0001b000 08:04 117534314                          /usr/lib/jvm/java-17-zulu-openjdk-jdk-x86/lib/libjimage.so
f6eca000-f6ecb000 rw-p 0001c000 08:04 117534314                          /usr/lib/jvm/java-17-zulu-openjdk-jdk-x86/lib/libjimage.so
f6ecb000-f6ecf000 rw-p 00000000 00:00 0 
f6ecf000-f6f57000 r-xp 00000000 08:04 17191875                           /usr/lib/libpcre2-8.so.0.7.1
f6f57000-f6f58000 r--p 00087000 08:04 17191875                           /usr/lib/libpcre2-8.so.0.7.1
f6f58000-f6f59000 rw-p 00088000 08:04 17191875                           /usr/lib/libpcre2-8.so.0.7.1
f6f59000-f6f79000 r-xp 00000000 08:04 17021543                           /usr/lib/libcrypt.so.1.1.0
f6f79000-f6f7a000 ---p 00020000 08:04 17021543                           /usr/lib/libcrypt.so.1.1.0
f6f7a000-f6f7b000 r--p 00020000 08:04 17021543                           /usr/lib/libcrypt.so.1.1.0
f6f7b000-f6f84000 rw-p 00000000 00:00 0 
f6f84000-f6faf000 r-xp 00000000 08:04 17191887                           /usr/lib/libselinux.so.1
f6faf000-f6fb0000 ---p 0002b000 08:04 17191887                           /usr/lib/libselinux.so.1
f6fb0000-f6fb1000 r--p 0002b000 08:04 17191887                           /usr/lib/libselinux.so.1
f6fb1000-f6fb2000 rw-p 0002c000 08:04 17191887                           /usr/lib/libselinux.so.1
f6fb2000-f6fb3000 rw-p 00000000 00:00 0 
f6fb3000-f6fd2000 r-xp 00000000 08:04 18866589                           /usr/lib/libbrotlicommon.so.1.0.6
f6fd2000-f6fd3000 r--p 0001e000 08:04 18866589                           /usr/lib/libbrotlicommon.so.1.0.6
f6fd3000-f6fd4000 rw-p 0001f000 08:04 18866589                           /usr/lib/libbrotlicommon.so.1.0.6
f6fd4000-f6ff2000 r-xp 00000000 08:04 17191915                           /usr/lib/libsasl2.so.3.0.0
f6ff2000-f6ff3000 ---p 0001e000 08:04 17191915                           /usr/lib/libsasl2.so.3.0.0
f6ff3000-f6ff4000 r--p 0001e000 08:04 17191915                           /usr/lib/libsasl2.so.3.0.0
f6ff4000-f6ff5000 rw-p 0001f000 08:04 17191915                           /usr/lib/libsasl2.so.3.0.0
f6ff5000-f6ff7000 rw-p 00000000 00:00 0 
f6ff7000-f700b000 r-xp 00000000 08:04 16831772                           /usr/lib/libresolv-2.28.so
f700b000-f700c000 ---p 00014000 08:04 16831772                           /usr/lib/libresolv-2.28.so
f700c000-f700d000 r--p 00014000 08:04 16831772                           /usr/lib/libresolv-2.28.so
f700d000-f700e000 rw-p 00015000 08:04 16831772                           /usr/lib/libresolv-2.28.so
f700e000-f7010000 rw-p 00000000 00:00 0 
f7010000-f7013000 r-xp 00000000 08:04 17191893                           /usr/lib/libkeyutils.so.1.6
f7013000-f7014000 ---p 00003000 08:04 17191893                           /usr/lib/libkeyutils.so.1.6
f7014000-f7015000 r--p 00003000 08:04 17191893                           /usr/lib/libkeyutils.so.1.6
f7015000-f7016000 rw-p 00000000 00:00 0 
f7016000-f7026000 r-xp 00000000 08:04 17021560                           /usr/lib/libkrb5support.so.0.1
f7026000-f7027000 r--p 0000f000 08:04 17021560                           /usr/lib/libkrb5support.so.0.1
f7027000-f7028000 rw-p 00010000 08:04 17021560                           /usr/lib/libkrb5support.so.0.1
f7028000-f7030000 r-xp 00000000 08:04 16831774                           /usr/lib/librt-2.28.so
f7030000-f7031000 r--p 00007000 08:04 16831774                           /usr/lib/librt-2.28.so
f7031000-f7032000 rw-p 00008000 08:04 16831774                           /usr/lib/librt-2.28.so
f7032000-f71b1000 r-xp 00000000 08:04 17021545                           /usr/lib/libunistring.so.2.1.0
f71b1000-f71b2000 ---p 0017f000 08:04 17021545                           /usr/lib/libunistring.so.2.1.0
f71b2000-f71b4000 r--p 0017f000 08:04 17021545                           /usr/lib/libunistring.so.2.1.0
f71b4000-f71b5000 rw-p 00181000 08:04 17021545                           /usr/lib/libunistring.so.2.1.0
f71b5000-f71df000 r-xp 00000000 08:04 18654292                           /usr/lib/liblzma.so.5.2.4
f71df000-f71e0000 r--p 00029000 08:04 18654292                           /usr/lib/liblzma.so.5.2.4
f71e0000-f71e1000 rw-p 00000000 00:00 0 
f71e1000-f71ed000 r-xp 00000000 08:04 17191936                           /usr/lib/libbrotlidec.so.1.0.6
f71ed000-f71ee000 r--p 0000b000 08:04 17191936                           /usr/lib/libbrotlidec.so.1.0.6
f71ee000-f71ef000 rw-p 00000000 00:00 0 
f71ef000-f71fe000 r-xp 00000000 08:04 17191918                           /usr/lib/liblber-2.4.so.2.10.9
f71fe000-f71ff000 r--p 0000e000 08:04 17191918                           /usr/lib/liblber-2.4.so.2.10.9
f71ff000-f7200000 rw-p 0000f000 08:04 17191918                           /usr/lib/liblber-2.4.so.2.10.9
f7200000-f7255000 r-xp 00000000 08:04 17191920                           /usr/lib/libldap-2.4.so.2.10.9
f7255000-f7256000 ---p 00055000 08:04 17191920                           /usr/lib/libldap-2.4.so.2.10.9
f7256000-f7257000 r--p 00055000 08:04 17191920                           /usr/lib/libldap-2.4.so.2.10.9
f7257000-f7258000 rw-p 00056000 08:04 17191920                           /usr/lib/libldap-2.4.so.2.10.9
f7258000-f725a000 rw-p 00000000 00:00 0 
f725a000-f725d000 r-xp 00000000 08:04 16994899                           /usr/lib/libcom_err.so.2.1
f725d000-f725e000 r--p 00002000 08:04 16994899                           /usr/lib/libcom_err.so.2.1
f725e000-f725f000 rw-p 00003000 08:04 16994899                           /usr/lib/libcom_err.so.2.1
f725f000-f7275000 r-xp 00000000 08:04 17021552                           /usr/lib/libk5crypto.so.3.1
f7275000-f7276000 ---p 00016000 08:04 17021552                           /usr/lib/libk5crypto.so.3.1
f7276000-f7277000 r--p 00016000 08:04 17021552                           /usr/lib/libk5crypto.so.3.1
f7277000-f7278000 rw-p 00017000 08:04 17021552                           /usr/lib/libk5crypto.so.3.1
f7278000-f735b000 r-xp 00000000 08:04 17021558                           /usr/lib/libkrb5.so.3.3
f735b000-f7362000 r--p 000e2000 08:04 17021558                           /usr/lib/libkrb5.so.3.3
f7362000-f7363000 rw-p 000e9000 08:04 17021558                           /usr/lib/libkrb5.so.3.3
f7363000-f73be000 r-xp 00000000 08:04 17021548                           /usr/lib/libgssapi_krb5.so.2.2
f73be000-f73c0000 r--p 0005a000 08:04 17021548                           /usr/lib/libgssapi_krb5.so.2.2
f73c0000-f73c1000 rw-p 0005c000 08:04 17021548                           /usr/lib/libgssapi_krb5.so.2.2
f73c1000-f7672000 r-xp 00000000 08:04 18627877                           /usr/lib/libcrypto.so.1.1.1k
f7672000-f768b000 r--p 002b0000 08:04 18627877                           /usr/lib/libcrypto.so.1.1.1k
f768b000-f768d000 rw-p 002c9000 08:04 18627877                           /usr/lib/libcrypto.so.1.1.1k
f768d000-f7691000 rw-p 00000000 00:00 0 
f7691000-f7723000 r-xp 00000000 08:04 18627879                           /usr/lib/libssl.so.1.1.1k
f7723000-f7729000 r--p 00091000 08:04 18627879                           /usr/lib/libssl.so.1.1.1k
f7729000-f772d000 rw-p 00097000 08:04 18627879                           /usr/lib/libssl.so.1.1.1k
f772d000-f773d000 r-xp 00000000 08:04 18660120                           /usr/lib/libpsl.so.5.3.1
f773d000-f773e000 r--p 0000f000 08:04 18660120                           /usr/lib/libpsl.so.5.3.1
f773e000-f773f000 rw-p 00000000 00:00 0 
f773f000-f77bc000 r-xp 00000000 08:04 16994901                           /usr/lib/libssh.so.4.8.7
f77bc000-f77bd000 ---p 0007d000 08:04 16994901                           /usr/lib/libssh.so.4.8.7
f77bd000-f77be000 r--p 0007d000 08:04 16994901                           /usr/lib/libssh.so.4.8.7
f77be000-f77bf000 rw-p 0007e000 08:04 16994901                           /usr/lib/libssh.so.4.8.7
f77bf000-f77dc000 r-xp 00000000 08:04 17040588                           /usr/lib/libidn2.so.0.3.6
f77dc000-f77dd000 r--p 0001c000 08:04 17040588                           /usr/lib/libidn2.so.0.3.6
f77dd000-f77de000 rw-p 00000000 00:00 0 
f77de000-f7806000 r-xp 00000000 08:04 17191891                           /usr/lib/libnghttp2.so.14.17.0
f7806000-f7807000 r--p 00027000 08:04 17191891                           /usr/lib/libnghttp2.so.14.17.0
f7807000-f7809000 rw-p 00028000 08:04 17191891                           /usr/lib/libnghttp2.so.14.17.0
f7809000-f79ab000 r-xp 00000000 08:04 16831756                           /usr/lib/libc-2.28.so
f79ab000-f79ac000 ---p 001a2000 08:04 16831756                           /usr/lib/libc-2.28.so
f79ac000-f79ae000 r--p 001a2000 08:04 16831756                           /usr/lib/libc-2.28.so
f79ae000-f79af000 rw-p 001a4000 08:04 16831756                           /usr/lib/libc-2.28.so
f79af000-f79b4000 rw-p 00000000 00:00 0 
f79b4000-f79cf000 r-xp 00000000 08:04 16985139                           /usr/lib/libgcc_s-8-20210514.so.1
f79cf000-f79d0000 r--p 0001a000 08:04 16985139                           /usr/lib/libgcc_s-8-20210514.so.1
f79d0000-f79d1000 rw-p 0001b000 08:04 16985139                           /usr/lib/libgcc_s-8-20210514.so.1
f79d1000-f7aa1000 r-xp 00000000 08:04 16831760                           /usr/lib/libm-2.28.so
f7aa1000-f7aa2000 r--p 000cf000 08:04 16831760                           /usr/lib/libm-2.28.so
f7aa2000-f7aa3000 rw-p 000d0000 08:04 16831760                           /usr/lib/libm-2.28.so
f7aa3000-f7c2c000 r-xp 00000000 08:04 16985145                           /usr/lib/libstdc++.so.6.0.25
f7c2c000-f7c2d000 ---p 00189000 08:04 16985145                           /usr/lib/libstdc++.so.6.0.25
f7c2d000-f7c33000 r--p 00189000 08:04 16985145                           /usr/lib/libstdc++.so.6.0.25
f7c33000-f7c34000 rw-p 0018f000 08:04 16985145                           /usr/lib/libstdc++.so.6.0.25
f7c34000-f7c36000 rw-p 00000000 00:00 0 
f7c36000-f7c4d000 r-xp 00000000 08:04 16963437                           /usr/lib/libz.so.1.2.11
f7c4d000-f7c4e000 ---p 00017000 08:04 16963437                           /usr/lib/libz.so.1.2.11
f7c4e000-f7c4f000 r--p 00017000 08:04 16963437                           /usr/lib/libz.so.1.2.11
f7c4f000-f7c50000 rw-p 00000000 00:00 0 
f7c50000-f7dcd000 r-xp 00000000 08:04 16963397                           /usr/lib/libxml2.so.2.9.7
f7dcd000-f7dd2000 r--p 0017c000 08:04 16963397                           /usr/lib/libxml2.so.2.9.7
f7dd2000-f7dd3000 rw-p 00181000 08:04 16963397                           /usr/lib/libxml2.so.2.9.7
f7dd3000-f7dd4000 rw-p 00000000 00:00 0 
f7dd4000-f7df0000 r-xp 00000000 08:04 16831770                           /usr/lib/libpthread-2.28.so
f7df0000-f7df1000 r--p 0001b000 08:04 16831770                           /usr/lib/libpthread-2.28.so
f7df1000-f7df2000 rw-p 0001c000 08:04 16831770                           /usr/lib/libpthread-2.28.so
f7df2000-f7df4000 rw-p 00000000 00:00 0 
f7df4000-f7e68000 r-xp 00000000 08:04 16818911                           /usr/lib/libpcre.so.1.2.10
f7e68000-f7e69000 ---p 00074000 08:04 16818911                           /usr/lib/libpcre.so.1.2.10
f7e69000-f7e6a000 r--p 00074000 08:04 16818911                           /usr/lib/libpcre.so.1.2.10
f7e6a000-f7e6b000 rw-p 00075000 08:04 16818911                           /usr/lib/libpcre.so.1.2.10
f7e6b000-f7e6e000 r-xp 00000000 08:04 16831758                           /usr/lib/libdl-2.28.so
f7e6e000-f7e6f000 r--p 00002000 08:04 16831758                           /usr/lib/libdl-2.28.so
f7e6f000-f7e70000 rw-p 00003000 08:04 16831758                           /usr/lib/libdl-2.28.so
f7e70000-f7f0d000 r-xp 00000000 08:04 16994905                           /usr/lib/libcurl.so.4.5.0
f7f0d000-f7f0f000 r--p 0009c000 08:04 16994905                           /usr/lib/libcurl.so.4.5.0
f7f0f000-f7f10000 rw-p 0009e000 08:04 16994905                           /usr/lib/libcurl.so.4.5.0
f7f10000-f7f17000 r--s 00000000 08:04 176632422                          /usr/lib/gconv/gconv-modules.cache
f7f17000-f7f1f000 rw-s 00000000 08:04 151742440                          /tmp/hsperfdata_almalinux/30325 (deleted)
f7f1f000-f7f20000 ---p 00000000 00:00 0 
f7f20000-f7f21000 r--p 00000000 00:00 0 
f7f21000-f7f23000 rw-p 00000000 00:00 0 
f7f23000-f7f27000 r--p 00000000 00:00 0                                  [vvar]
f7f27000-f7f29000 r-xp 00000000 00:00 0                                  [vdso]
f7f29000-f7f58000 r-xp 00000000 08:04 16831749                           /usr/lib/ld-2.28.so
f7f58000-f7f59000 ---p 00000000 00:00 0 
f7f59000-f7f5a000 r--p 0002f000 08:04 16831749                           /usr/lib/ld-2.28.so
f7f5a000-f7f5b000 rw-p 00030000 08:04 16831749                           /usr/lib/ld-2.28.so
ffb29000-ffb2a000 rwxp 00000000 00:00 0 
ffc32000-ffcee000 rw-p 00000000 00:00 0                                  [stack]


VM Arguments:
jvm_args: -Xms128m -Xmx512m -Xss768k -XX:MaxMetaspaceSize=96m -Xrs -XX:-UsePerfData -XX:-AllowUserSignalHandlers -XX:UseSSE=3 -XX+DoEscapeAnalysis -XX:AutoBoxCacheMax:2000 -XX:+OptimizeStringConcat -XX:+OptimizeFill -XX:+EliminateAutoBox -XX:+UseCompressedStrings -XX:+UseCompressedOops -XX:+EliminateLocks -XX:UseFastAccessorMethods -XX:+UseStringCache -XgcPrio:throughput -XXkeepAreaRatio:1 -XXlazyUnlocking -XXcallProfiling -XXcompactRatio:1 
java_command: <unknown>
java_class_path (initial): ../../data/sku.0/sys.server/compiled/game/
Launcher Type: generic

[Global flags]
     intx CICompilerCount                          = 3                                         {product} {ergonomic}
     uint ConcGCThreads                            = 1                                         {product} {ergonomic}
     uint G1ConcRefinementThreads                  = 4                                         {product} {ergonomic}
   size_t G1HeapRegionSize                         = 1048576                                   {product} {ergonomic}
    uintx GCDrainStackTargetSize                   = 64                                        {product} {ergonomic}
   size_t InitialHeapSize                          = 134217728                                 {product} {command line}
   size_t MarkStackSize                            = 32768                                     {product} {ergonomic}
   size_t MaxHeapSize                              = 536870912                                 {product} {command line}
   size_t MaxMetaspaceSize                         = 100663296                                 {product} {command line}
   size_t MaxNewSize                               = 321912832                                 {product} {ergonomic}
   size_t MinHeapDeltaBytes                        = 1048576                                   {product} {ergonomic}
   size_t MinHeapSize                              = 134217728                                 {product} {command line}
    uintx NonNMethodCodeHeapSize                   = 5544422                                {pd product} {ergonomic}
    uintx NonProfiledCodeHeapSize                  = 123056909                              {pd product} {ergonomic}
    uintx ProfiledCodeHeapSize                     = 123056909                              {pd product} {ergonomic}
    uintx ReservedCodeCacheSize                    = 251658240                              {pd product} {ergonomic}
     bool SegmentedCodeCache                       = true                                      {product} {ergonomic}
   size_t SoftMaxHeapSize                          = 536870912                              {manageable} {ergonomic}
   double SweeperThreshold                         = 0.500000                                  {product} {ergonomic}
     intx ThreadStackSize                          = 768                                    {pd product} {command line}
     bool UseG1GC                                  = true                                      {product} {ergonomic}

Logging:
Log output configuration:
 #0: stdout all=off uptime,level,tags
 #1: stderr all=off uptime,level,tags

Environment Variables:
JAVA_HOME=/usr/lib/jvm/zulu-17-x86
PATH=/usr/java/jdk1.7.0_80/bin:/usr/java/jdk1.7.0_80/bin:/usr/java/jdk1.6.0_45/bin:/usr/java/jdk1.6.0_45/bin:/usr/java/jdk1.6.0_45/bin:/home/almalinux/.local/bin:/home/almalinux/bin:/sbin:/bin:/usr/bin:/usr/local/bin:/usr/local/sbin:/usr/sbin:/usr/lib/oracle/18.3/client/bin:/usr/lib/oracle/18.3/client/bin:/usr/lib/jvm/java-11-openjdk/bin:./
LD_LIBRARY_PATH=/usr/lib/jvm/java-17-zulu-openjdk-jdk-x86/lib/server:/usr/lib/jvm/java-17-zulu-openjdk-jdk-x86/lib:/usr/lib/jvm/java-17-zulu-openjdk-jdk-x86/../lib:/usr/lib/jvm/zulu-17-x86/lib/server:/usr/lib/jvm/java-11-openjdk/lib:/usr/lib/jvm/java-11-openjdk/lib/server:./
SHELL=/bin/bash
DISPLAY=:10.0
LANG=en_US.UTF-8
TERM=xterm-256color

Active Locale:
LC_ALL=en_US.UTF-8
LC_COLLATE=en_US.UTF-8
LC_CTYPE=en_US.UTF-8
LC_MESSAGES=en_US.UTF-8
LC_MONETARY=en_US.UTF-8
LC_NUMERIC=en_US.UTF-8
LC_TIME=en_US.UTF-8

Signal Handlers:
   SIGSEGV: crash_handler in libjvm.so, mask=11100100010111111101111111111110, flags=SA_RESTART|SA_SIGINFO, unblocked
    SIGBUS: crash_handler in libjvm.so, mask=11100100010111111101111111111110, flags=SA_RESTART|SA_SIGINFO, unblocked
    SIGFPE: crash_handler in libjvm.so, mask=11100100010111111101111111111110, flags=SA_RESTART|SA_SIGINFO, unblocked
   SIGPIPE: SIG_IGN, mask=00000000000010000000000000000000, flags=SA_RESTART, blocked
  *** Handler was modified!
  *** Expected: javaSignalHandler in libjvm.so, mask=11100100110111111111111111111110, flags=SA_RESTART|SA_SIGINFO
   SIGXFSZ: javaSignalHandler in libjvm.so, mask=11100100010111111101111111111110, flags=SA_RESTART|SA_SIGINFO, blocked
    SIGILL: crash_handler in libjvm.so, mask=11100100010111111101111111111110, flags=SA_RESTART|SA_SIGINFO, unblocked
   SIGUSR2: SR_handler in libjvm.so, mask=00100000000000000000000000000000, flags=SA_RESTART|SA_SIGINFO, blocked
    SIGHUP: UserHandler in libjvm.so, mask=11100100010111111101111111111110, flags=SA_RESTART|SA_SIGINFO, blocked
    SIGINT: UserHandler in libjvm.so, mask=11100100010111111101111111111110, flags=SA_RESTART|SA_SIGINFO, blocked
   SIGTERM: UserHandler in libjvm.so, mask=11100100010111111101111111111110, flags=SA_RESTART|SA_SIGINFO, blocked
   SIGQUIT: UserHandler in libjvm.so, mask=11100100010111111101111111111110, flags=SA_RESTART|SA_SIGINFO, blocked
   SIGTRAP: crash_handler in libjvm.so, mask=11100100010111111101111111111110, flags=SA_RESTART|SA_SIGINFO, unblocked


Periodic native trim disabled


---------------  S Y S T E M  ---------------

OS:
AlmaLinux release 8.10 (Cerulean Leopard)
uname: Linux 4.18.0-553.81.1.el8_10.x86_64 #1 SMP Mon Oct 27 11:29:19 EDT 2025 x86_64
OS uptime: 1 days 0:53 hours
libc: glibc 2.28 NPTL 2.28 
rlimit (soft/hard): STACK 8192k/infinity , CORE 0k/infinity , NPROC 61995/61995 , NOFILE 262144/262144 , AS infinity/infinity , CPU infinity/infinity , DATA infinity/infinity , FSIZE infinity/infinity , MEMLOCK 64k/64k
load average: 40.53 44.44 43.44

/proc/meminfo:
MemTotal:       16014448 kB
MemFree:         4855084 kB
MemAvailable:    5618124 kB
Buffers:              32 kB
Cached:          2138932 kB
SwapCached:        23952 kB
Active:          1788168 kB
Inactive:        8386032 kB
Active(anon):    1396156 kB
Inactive(anon):  8133564 kB
Active(file):     392012 kB
Inactive(file):   252468 kB
Unevictable:        6160 kB
Mlocked:               0 kB
SwapTotal:       8388604 kB
SwapFree:        7307004 kB
Dirty:              2040 kB
Writeback:             0 kB
AnonPages:       8021968 kB
Mapped:          1170152 kB
Shmem:           1494476 kB
KReclaimable:     295604 kB
Slab:             445208 kB
SReclaimable:     295604 kB
SUnreclaim:       149604 kB
KernelStack:       21524 kB
PageTables:       154052 kB
NFS_Unstable:          0 kB
Bounce:                0 kB
WritebackTmp:          0 kB
CommitLimit:    16395828 kB
Committed_AS:   20863732 kB
VmallocTotal:   34359738367 kB
VmallocUsed:       67524 kB
VmallocChunk:          0 kB
Percpu:             2720 kB
HardwareCorrupted:     0 kB
AnonHugePages:         0 kB
ShmemHugePages:        0 kB
ShmemPmdMapped:        0 kB
FileHugePages:         0 kB
FilePmdMapped:         0 kB
HugePages_Total:       0
HugePages_Free:        0
HugePages_Rsvd:        0
HugePages_Surp:        0
Hugepagesize:       2048 kB
Hugetlb:               0 kB
DirectMap4k:      757612 kB
DirectMap2M:    15626240 kB

/sys/kernel/mm/transparent_hugepage/enabled: always madvise [never]
/sys/kernel/mm/transparent_hugepage/hpage_pmd_size: 2097152
/sys/kernel/mm/transparent_hugepage/defrag (defrag/compaction efforts parameter): always defer defer+madvise [madvise] never

Process Memory:
Virtual Size: 1333208K (peak: 1351424K)
Resident Set Size: 580528K (peak: 601796K) (anon: 557300K, file: 23228K, shmem: 0K)
Swapped out: 0K
C-Heap outstanding allocations: 32495K, retained: 389640K
glibc malloc tunables: (default)

/proc/sys/kernel/threads-max (system-wide limit on the number of threads): 123991
/proc/sys/vm/max_map_count (maximum number of memory map areas a process may have): 1677720
/proc/sys/kernel/pid_max (system-wide limit on number of process identifiers): 4194304

container (cgroup) information:
container_type: cgroupv1
cpu_cpuset_cpus: 0-3
cpu_memory_nodes: 0
active_processor_count: 4
cpu_quota: no quota
cpu_period: 100000
cpu_shares: no shares
memory_limit_in_bytes: unlimited
memory_and_swap_limit_in_bytes: unlimited
memory_soft_limit_in_bytes: unlimited
memory_usage_in_bytes: 9548324 k
memory_max_usage_in_bytes: 14866960 k
kernel_memory_usage_in_bytes: 195088 k
kernel_memory_max_usage_in_bytes: unlimited
kernel_memory_limit_in_bytes: 752460 k
maximum number of tasks: unlimited
current number of tasks: 529

KVM virtualization detected
Steal ticks since vm start: 2712
Steal ticks percentage since vm start:  0.000

CPU: total 4 (initial active 4) (1 cores per cpu, 1 threads per core) family 6 model 60 stepping 1 microcode 0x1, cx8, cmov, fxsr, mmx, sse, sse2, sse3, ssse3, sse4.1, sse4.2, popcnt, lzcnt, tsc, avx, avx2, aes, erms, clmul, bmi1, bmi2, fma, vzeroupper, clflush, hv
CPU Model and flags from /proc/cpuinfo:
model name	: Intel Core Processor (Haswell, no TSX)
flags		: fpu vme de pse tsc msr pae mce cx8 apic sep mtrr pge mca cmov pat pse36 clflush mmx fxsr sse sse2 syscall nx rdtscp lm constant_tsc rep_good nopl xtopology cpuid tsc_known_freq pni pclmulqdq vmx ssse3 fma cx16 pcid sse4_1 sse4_2 x2apic movbe popcnt tsc_deadline_timer aes xsave avx f16c rdrand hypervisor lahf_lm abm cpuid_fault invpcid_single pti tpr_shadow vnmi flexpriority ept vpid ept_ad fsgsbase bmi1 avx2 smep bmi2 erms invpcid xsaveopt arat md_clear

Online cpus: 0-3
Offline cpus: 
BIOS frequency limitation: <Not Available>
Frequency switch latency (ns): <Not Available>
Available cpu frequencies: <Not Available>
Current governor: <Not Available>
Core performance/turbo boost: <Not Available>

Memory: 4k page, physical 16014448k(4855084k free), swap 8388604k(7307004k free)
Page Sizes: 4k

vm_info: OpenJDK Server VM (17.0.11+9-LTS) for linux-x86 JRE (17.0.11+9-LTS) (Zulu17.50+19-CA), built on Apr  9 2024 07:14:46 by "zulu_re" with gcc 8.3.0

END.
