#
# A fatal error has been detected by the Java Runtime Environment:
#
#  SIGSEGV (0xb) at pc=0xf7884618, pid=1381112, tid=1381112
#
# JRE version: OpenJDK Runtime Environment Zulu17.50+19-CA (17.0.11+9) (build 17.0.11+9-LTS)
# Java VM: OpenJDK Server VM Zulu17.50+19-CA (17.0.11+9-LTS, mixed mode, sharing, tiered, g1 gc, linux-x86)
# Problematic frame:
# C  [libc.so.6+0x84618]  cfree+0x28
#
# Core dump will be written. Default location: Core dumps may be processed with "/usr/lib/systemd/systemd-coredump %P %u %g %s %t %c %h %e" (or dumping to /home/almalinux/swg-returns-nge/exe/linux/core.1381112)
#
# If you would like to submit a bug report, please visit:
#   http://www.azul.com/support/
#

---------------  S U M M A R Y ------------

Command Line: -Xms128m -Xmx512m -Xss768k -XX:MaxMetaspaceSize=96m -Xrs -XX:-UsePerfData -XX:-AllowUserSignalHandlers -XX:UseSSE=3 -XX+DoEscapeAnalysis -XX:AutoBoxCacheMax:2000 -XX:+OptimizeStringConcat -XX:+OptimizeFill -XX:+EliminateAutoBox -XX:+UseCompressedStrings -XX:+UseCompressedOops -XX:+EliminateLocks -XX:UseFastAccessorMethods -XX:+UseStringCache -XgcPrio:throughput -XXkeepAreaRatio:1 -XXlazyUnlocking -XXcallProfiling -XXcompactRatio:1 

Host: Intel Core Processor (Haswell, no TSX), 4 cores, 15G, AlmaLinux release 8.10 (Cerulean Leopard)
Time: Sun Jan 25 12:25:01 2026 UTC elapsed time: 784.180724 seconds (0d 0h 13m 4s)

---------------  T H R E A D  ---------------

Current thread is native thread

Stack: [0xffaef000,0xffbaf000],  sp=0xffbace90,  free space=759k
Native frames: (J=compiled Java code, j=interpreted, Vv=VM code, C=native code)
C  [libc.so.6+0x84618]  cfree+0x28


siginfo: si_signo: 11 (SIGSEGV), si_code: 1 (SEGV_MAPERR), si_addr: 0x00000003

Registers:
EAX=0x00000000, EBX=0x00000007, ECX=0xf6ec284c, EDX=0x0bec5e48
ESP=0xffbace90, EBP=0xffbacfc8, ESI=0xf79a5000, EDI=0x00000000
EIP=0xf7884618, EFLAGS=0x00210202, CR2=0x0000000000000003


Top of Stack: (sp=0xffbace90)
0xffbace90:   0bb49010 00000000 ffbacfc8 f7b11f1c
0xffbacea0:   0bb490a0 f7c28a04 0bec5e20 f7b11f1c
0xffbaceb0:   00000007 f7b11f0a f7c28a04 f7b11f4c
0xffbacec0:   0bb490a0 f7b11f0a 0bec9bc0 085b6163
0xffbaced0:   00000007 0bb49010 0bb48d20 085bb8d1
0xffbacee0:   0bb49010 0bb48d20 00000000 085bb89b
0xffbacef0:   0d367e90 ffbacf17 ffbacf3c 085c6969
0xffbacf00:   087d6c00 ffbacf3c ffbacfc8 084fc53b
0xffbacf10:   00000014 00010002 00000000 00000000
0xffbacf20:   01010100 00000001 09aa44c0 00000000
0xffbacf30:   00000000 00000000 00000000 00000000
0xffbacf40:   00000000 00000015 ffbad098 f78356ff
0xffbacf50:   f79a541c 47677753 53656d61 65767265
0xffbacf60:   33313a72 31313138 09290032 0beab1e0
0xffbacf70:   08ea0100 08ebc230 08ea5888 f79a541c
0xffbacf80:   00000428 00000420 f7835779 085758fd
0xffbacf90:   08ea2a80 09b1ea78 08ea5888 08574f56
0xffbacfa0:   0929a2c4 0929a2c4 ffbad098 08ea583b
0xffbacfb0:   0000000c ffbad064 ffbacfe0 f79a5000
0xffbacfc0:   00000000 08575910 00000000 f781df26
0xffbacfd0:   00000000 08575910 00000000 f781df26
0xffbacfe0:   0000000c ffbad064 ffbad098 ffbad004
0xffbacff0:   0929a2d0 00000000 ffbad098 f79a5000
0xffbad000:   f780d75c f79a5000 00000000 08575910
0xffbad010:   00000000 c3c3c28c b5e1ca9c 00000000
0xffbad020:   00000000 00000000 f7f244d0 f781de30
0xffbad030:   084fc260 0929a2c4 0000000c 08575946
0xffbad040:   084fc260 0000000c ffbad064 08ea57f0
0xffbad050:   08ea5850 f7f244d0 ffbad05c f7f51970
0xffbad060:   0000000c ffbad637 ffbad649 ffbad64c
0xffbad070:   ffbad65e ffbad661 ffbad66c ffbad690
0xffbad080:   ffbad6a0 ffbad6ae ffbad6cc ffbad6cf 

Instructions: (pc=0xf7884618)
0xf7884518:   50 8d 96 86 f7 fa ff 8d 86 d0 2f fb ff e8 c6 b7
0xf7884528:   ff ff 8d b6 00 00 00 00 bb 20 00 00 00 e9 5e fe
0xf7884538:   ff ff e8 a1 c0 ff ff 89 c5 85 c0 0f 85 68 ff ff
0xf7884548:   ff 31 d2 8d 44 3b 10 e8 8c c1 ff ff 89 da 89 f9
0xf7884558:   89 c5 e8 11 f0 ff ff 89 c2 85 c0 75 1b 85 ed 74
0xf7884568:   17 90 89 fa 89 e8 e8 bd c5 ff ff 89 da 89 f9 89
0xf7884578:   c5 e8 f2 ef ff ff 89 c2 85 ed 0f 84 57 ff ff ff
0xf7884588:   e9 39 ff ff ff 8d 86 b8 31 fb ff 83 ec 0c b9 25
0xf7884598:   0d 00 00 50 8d 96 86 f7 fa ff 8d 86 74 2f fb ff
0xf78845a8:   e8 43 b7 ff ff 8d 76 00 f3 0f 1e fb e8 0a 9a f9
0xf78845b8:   ff 05 47 0a 12 00 56 53 83 ec 04 8b 5c 24 10 8b
0xf78845c8:   74 24 14 8b 80 50 ff ff ff c7 00 00 00 00 00 e8
0xf78845d8:   54 bb ff ff 8b 4c 24 0c 83 c4 04 89 f2 89 d8 5b
0xf78845e8:   5e e9 42 fd ff ff 66 90 f3 0f 1e fb 56 e8 9a 9b
0xf78845f8:   f9 ff 81 c6 06 0a 12 00 53 83 ec 14 8b 5c 24 20
0xf7884608:   8b 86 5c ff ff ff 8b 00 85 c0 75 6c 85 db 74 75
0xf7884618:   8b 4b fc 8d 53 f8 f6 c1 02 75 35 8b 86 70 fe ff
0xf7884628:   ff 65 8b 00 85 c0 0f 84 8c 00 00 00 83 e1 04 8d
0xf7884638:   86 60 07 00 00 74 09 89 d0 25 00 00 f0 ff 8b 00
0xf7884648:   83 c4 14 31 c9 5b 5e e9 8c cb ff ff 8d 74 26 00
0xf7884658:   8b 9e 60 01 00 00 85 db 75 10 3b 8e 48 01 00 00
0xf7884668:   76 08 81 f9 00 00 08 00 76 26 83 c4 14 89 d0 5b
0xf7884678:   5e e9 92 b8 ff ff 66 90 83 ec 08 ff 74 24 24 53
0xf7884688:   ff d0 83 c4 10 83 c4 14 5b 5e c3 8d 74 26 00 90
0xf7884698:   39 96 80 1d 00 00 77 08 39 96 7c 1d 00 00 77 ca
0xf78846a8:   83 e1 f8 8d 04 09 89 8e 48 01 00 00 89 86 40 01
0xf78846b8:   00 00 90 eb b5 8d 76 00 8b 86 74 fe ff ff 65 80
0xf78846c8:   38 00 0f 85 64 ff ff ff 89 54 24 0c e8 97 ed ff
0xf78846d8:   ff 8b 4b fc 8b 54 24 0c e9 4f ff ff ff 8d b4 26
0xf78846e8:   00 00 00 00 8d 74 26 00 f3 0f 1e fb 55 57 56 e8
0xf78846f8:   98 9a f9 ff 81 c6 04 09 12 00 53 83 ec 0c 8b 86
0xf7884708:   70 fe ff ff 8b 96 74 fe ff ff 65 8b 28 65 c6 02 



---------------  P R O C E S S  ---------------

VM state: at safepoint (shutting down)

VM Mutex/Monitor currently owned by a thread:  ([mutex/lock_event])
[0xf5e21d30] Threads_lock - owner thread: 0xc4194cf0

GC Precious Log:
<Skipped>

Heap:
 garbage-first heap   total 131072K, used 16670K [0xc5c00000, 0xe5c00000)
  region size 1024K, 15 young (15360K), 8 survivors (8192K)
 Metaspace       used 6393K, committed 7104K, reserved 16384K

Heap Regions: E=young(eden), S=young(survivor), O=old, HS=humongous(starts), HC=humongous(continues), CS=collection set, F=free, OA=open archive, CA=closed archive, TAMS=top-at-mark-start (previous, next)
|   0|0xc5c00000, 0xc5d00000, 0xc5d00000|100%| O|  |TAMS 0xc5c00000, 0xc5c00000| Untracked 
|   1|0xc5d00000, 0xc5e00000, 0xc5e00000|100%| O|  |TAMS 0xc5d00000, 0xc5d00000| Untracked 
|   2|0xc5e00000, 0xc5ea7200, 0xc5f00000| 65%| O|  |TAMS 0xc5e00000, 0xc5e00000| Untracked 
|   3|0xc5f00000, 0xc5f00000, 0xc6000000|  0%| F|  |TAMS 0xc5f00000, 0xc5f00000| Untracked 
|   4|0xc6000000, 0xc6000000, 0xc6100000|  0%| F|  |TAMS 0xc6000000, 0xc6000000| Untracked 
|   5|0xc6100000, 0xc6100000, 0xc6200000|  0%| F|  |TAMS 0xc6100000, 0xc6100000| Untracked 
|   6|0xc6200000, 0xc6200000, 0xc6300000|  0%| F|  |TAMS 0xc6200000, 0xc6200000| Untracked 
|   7|0xc6300000, 0xc6300000, 0xc6400000|  0%| F|  |TAMS 0xc6300000, 0xc6300000| Untracked 
|   8|0xc6400000, 0xc6400000, 0xc6500000|  0%| F|  |TAMS 0xc6400000, 0xc6400000| Untracked 
|   9|0xc6500000, 0xc6500000, 0xc6600000|  0%| F|  |TAMS 0xc6500000, 0xc6500000| Untracked 
|  10|0xc6600000, 0xc6600000, 0xc6700000|  0%| F|  |TAMS 0xc6600000, 0xc6600000| Untracked 
|  11|0xc6700000, 0xc6700000, 0xc6800000|  0%| F|  |TAMS 0xc6700000, 0xc6700000| Untracked 
|  12|0xc6800000, 0xc6800000, 0xc6900000|  0%| F|  |TAMS 0xc6800000, 0xc6800000| Untracked 
|  13|0xc6900000, 0xc6900000, 0xc6a00000|  0%| F|  |TAMS 0xc6900000, 0xc6900000| Untracked 
|  14|0xc6a00000, 0xc6a00000, 0xc6b00000|  0%| F|  |TAMS 0xc6a00000, 0xc6a00000| Untracked 
|  15|0xc6b00000, 0xc6b00000, 0xc6c00000|  0%| F|  |TAMS 0xc6b00000, 0xc6b00000| Untracked 
|  16|0xc6c00000, 0xc6c00000, 0xc6d00000|  0%| F|  |TAMS 0xc6c00000, 0xc6c00000| Untracked 
|  17|0xc6d00000, 0xc6d00000, 0xc6e00000|  0%| F|  |TAMS 0xc6d00000, 0xc6d00000| Untracked 
|  18|0xc6e00000, 0xc6e00000, 0xc6f00000|  0%| F|  |TAMS 0xc6e00000, 0xc6e00000| Untracked 
|  19|0xc6f00000, 0xc6f00000, 0xc7000000|  0%| F|  |TAMS 0xc6f00000, 0xc6f00000| Untracked 
|  20|0xc7000000, 0xc7000000, 0xc7100000|  0%| F|  |TAMS 0xc7000000, 0xc7000000| Untracked 
|  21|0xc7100000, 0xc7100000, 0xc7200000|  0%| F|  |TAMS 0xc7100000, 0xc7100000| Untracked 
|  22|0xc7200000, 0xc7200000, 0xc7300000|  0%| F|  |TAMS 0xc7200000, 0xc7200000| Untracked 
|  23|0xc7300000, 0xc7300000, 0xc7400000|  0%| F|  |TAMS 0xc7300000, 0xc7300000| Untracked 
|  24|0xc7400000, 0xc7400000, 0xc7500000|  0%| F|  |TAMS 0xc7400000, 0xc7400000| Untracked 
|  25|0xc7500000, 0xc7500000, 0xc7600000|  0%| F|  |TAMS 0xc7500000, 0xc7500000| Untracked 
|  26|0xc7600000, 0xc7600000, 0xc7700000|  0%| F|  |TAMS 0xc7600000, 0xc7600000| Untracked 
|  27|0xc7700000, 0xc7700000, 0xc7800000|  0%| F|  |TAMS 0xc7700000, 0xc7700000| Untracked 
|  28|0xc7800000, 0xc7800000, 0xc7900000|  0%| F|  |TAMS 0xc7800000, 0xc7800000| Untracked 
|  29|0xc7900000, 0xc7900000, 0xc7a00000|  0%| F|  |TAMS 0xc7900000, 0xc7900000| Untracked 
|  30|0xc7a00000, 0xc7a00000, 0xc7b00000|  0%| F|  |TAMS 0xc7a00000, 0xc7a00000| Untracked 
|  31|0xc7b00000, 0xc7b00000, 0xc7c00000|  0%| F|  |TAMS 0xc7b00000, 0xc7b00000| Untracked 
|  32|0xc7c00000, 0xc7c00000, 0xc7d00000|  0%| F|  |TAMS 0xc7c00000, 0xc7c00000| Untracked 
|  33|0xc7d00000, 0xc7d00000, 0xc7e00000|  0%| F|  |TAMS 0xc7d00000, 0xc7d00000| Untracked 
|  34|0xc7e00000, 0xc7e00000, 0xc7f00000|  0%| F|  |TAMS 0xc7e00000, 0xc7e00000| Untracked 
|  35|0xc7f00000, 0xc7f00000, 0xc8000000|  0%| F|  |TAMS 0xc7f00000, 0xc7f00000| Untracked 
|  36|0xc8000000, 0xc8000000, 0xc8100000|  0%| F|  |TAMS 0xc8000000, 0xc8000000| Untracked 
|  37|0xc8100000, 0xc8100000, 0xc8200000|  0%| F|  |TAMS 0xc8100000, 0xc8100000| Untracked 
|  38|0xc8200000, 0xc8200000, 0xc8300000|  0%| F|  |TAMS 0xc8200000, 0xc8200000| Untracked 
|  39|0xc8300000, 0xc8300000, 0xc8400000|  0%| F|  |TAMS 0xc8300000, 0xc8300000| Untracked 
|  40|0xc8400000, 0xc8400000, 0xc8500000|  0%| F|  |TAMS 0xc8400000, 0xc8400000| Untracked 
|  41|0xc8500000, 0xc8500000, 0xc8600000|  0%| F|  |TAMS 0xc8500000, 0xc8500000| Untracked 
|  42|0xc8600000, 0xc8600000, 0xc8700000|  0%| F|  |TAMS 0xc8600000, 0xc8600000| Untracked 
|  43|0xc8700000, 0xc8700000, 0xc8800000|  0%| F|  |TAMS 0xc8700000, 0xc8700000| Untracked 
|  44|0xc8800000, 0xc88a01c0, 0xc8900000| 62%| S|CS|TAMS 0xc8800000, 0xc8800000| Complete 
|  45|0xc8900000, 0xc8a00000, 0xc8a00000|100%| S|CS|TAMS 0xc8900000, 0xc8900000| Complete 
|  46|0xc8a00000, 0xc8b00000, 0xc8b00000|100%| S|CS|TAMS 0xc8a00000, 0xc8a00000| Complete 
|  47|0xc8b00000, 0xc8b00000, 0xc8c00000|  0%| F|  |TAMS 0xc8b00000, 0xc8b00000| Untracked 
|  48|0xc8c00000, 0xc8c00000, 0xc8d00000|  0%| F|  |TAMS 0xc8c00000, 0xc8c00000| Untracked 
|  49|0xc8d00000, 0xc8d00000, 0xc8e00000|  0%| F|  |TAMS 0xc8d00000, 0xc8d00000| Untracked 
|  50|0xc8e00000, 0xc8e00000, 0xc8f00000|  0%| F|  |TAMS 0xc8e00000, 0xc8e00000| Untracked 
|  51|0xc8f00000, 0xc8f00000, 0xc9000000|  0%| F|  |TAMS 0xc8f00000, 0xc8f00000| Untracked 
|  52|0xc9000000, 0xc9100000, 0xc9100000|100%| S|CS|TAMS 0xc9000000, 0xc9000000| Complete 
|  53|0xc9100000, 0xc9200000, 0xc9200000|100%| S|CS|TAMS 0xc9100000, 0xc9100000| Complete 
|  54|0xc9200000, 0xc9300000, 0xc9300000|100%| S|CS|TAMS 0xc9200000, 0xc9200000| Complete 
|  55|0xc9300000, 0xc9400000, 0xc9400000|100%| S|CS|TAMS 0xc9300000, 0xc9300000| Complete 
|  56|0xc9400000, 0xc9500000, 0xc9500000|100%| S|CS|TAMS 0xc9400000, 0xc9400000| Complete 
|  57|0xc9500000, 0xc9500000, 0xc9600000|  0%| F|  |TAMS 0xc9500000, 0xc9500000| Untracked 
|  58|0xc9600000, 0xc9600000, 0xc9700000|  0%| F|  |TAMS 0xc9600000, 0xc9600000| Untracked 
|  59|0xc9700000, 0xc9700000, 0xc9800000|  0%| F|  |TAMS 0xc9700000, 0xc9700000| Untracked 
|  60|0xc9800000, 0xc9800000, 0xc9900000|  0%| F|  |TAMS 0xc9800000, 0xc9800000| Untracked 
|  61|0xc9900000, 0xc9900000, 0xc9a00000|  0%| F|  |TAMS 0xc9900000, 0xc9900000| Untracked 
|  62|0xc9a00000, 0xc9a00000, 0xc9b00000|  0%| F|  |TAMS 0xc9a00000, 0xc9a00000| Untracked 
|  63|0xc9b00000, 0xc9b00000, 0xc9c00000|  0%| F|  |TAMS 0xc9b00000, 0xc9b00000| Untracked 
|  64|0xc9c00000, 0xc9c00000, 0xc9d00000|  0%| F|  |TAMS 0xc9c00000, 0xc9c00000| Untracked 
|  65|0xc9d00000, 0xc9d00000, 0xc9e00000|  0%| F|  |TAMS 0xc9d00000, 0xc9d00000| Untracked 
|  66|0xc9e00000, 0xc9e00000, 0xc9f00000|  0%| F|  |TAMS 0xc9e00000, 0xc9e00000| Untracked 
|  67|0xc9f00000, 0xc9f00000, 0xca000000|  0%| F|  |TAMS 0xc9f00000, 0xc9f00000| Untracked 
|  68|0xca000000, 0xca000000, 0xca100000|  0%| F|  |TAMS 0xca000000, 0xca000000| Untracked 
|  69|0xca100000, 0xca100000, 0xca200000|  0%| F|  |TAMS 0xca100000, 0xca100000| Untracked 
|  70|0xca200000, 0xca200000, 0xca300000|  0%| F|  |TAMS 0xca200000, 0xca200000| Untracked 
|  71|0xca300000, 0xca300000, 0xca400000|  0%| F|  |TAMS 0xca300000, 0xca300000| Untracked 
|  72|0xca400000, 0xca400000, 0xca500000|  0%| F|  |TAMS 0xca400000, 0xca400000| Untracked 
|  73|0xca500000, 0xca500000, 0xca600000|  0%| F|  |TAMS 0xca500000, 0xca500000| Untracked 
|  74|0xca600000, 0xca600000, 0xca700000|  0%| F|  |TAMS 0xca600000, 0xca600000| Untracked 
|  75|0xca700000, 0xca700000, 0xca800000|  0%| F|  |TAMS 0xca700000, 0xca700000| Untracked 
|  76|0xca800000, 0xca800000, 0xca900000|  0%| F|  |TAMS 0xca800000, 0xca800000| Untracked 
|  77|0xca900000, 0xca900000, 0xcaa00000|  0%| F|  |TAMS 0xca900000, 0xca900000| Untracked 
|  78|0xcaa00000, 0xcaa00000, 0xcab00000|  0%| F|  |TAMS 0xcaa00000, 0xcaa00000| Untracked 
|  79|0xcab00000, 0xcab00000, 0xcac00000|  0%| F|  |TAMS 0xcab00000, 0xcab00000| Untracked 
|  80|0xcac00000, 0xcac00000, 0xcad00000|  0%| F|  |TAMS 0xcac00000, 0xcac00000| Untracked 
|  81|0xcad00000, 0xcad00000, 0xcae00000|  0%| F|  |TAMS 0xcad00000, 0xcad00000| Untracked 
|  82|0xcae00000, 0xcae00000, 0xcaf00000|  0%| F|  |TAMS 0xcae00000, 0xcae00000| Untracked 
|  83|0xcaf00000, 0xcaf00000, 0xcb000000|  0%| F|  |TAMS 0xcaf00000, 0xcaf00000| Untracked 
|  84|0xcb000000, 0xcb000000, 0xcb100000|  0%| F|  |TAMS 0xcb000000, 0xcb000000| Untracked 
|  85|0xcb100000, 0xcb100000, 0xcb200000|  0%| F|  |TAMS 0xcb100000, 0xcb100000| Untracked 
|  86|0xcb200000, 0xcb200000, 0xcb300000|  0%| F|  |TAMS 0xcb200000, 0xcb200000| Untracked 
|  87|0xcb300000, 0xcb300000, 0xcb400000|  0%| F|  |TAMS 0xcb300000, 0xcb300000| Untracked 
|  88|0xcb400000, 0xcb400000, 0xcb500000|  0%| F|  |TAMS 0xcb400000, 0xcb400000| Untracked 
|  89|0xcb500000, 0xcb500000, 0xcb600000|  0%| F|  |TAMS 0xcb500000, 0xcb500000| Untracked 
|  90|0xcb600000, 0xcb600000, 0xcb700000|  0%| F|  |TAMS 0xcb600000, 0xcb600000| Untracked 
|  91|0xcb700000, 0xcb700000, 0xcb800000|  0%| F|  |TAMS 0xcb700000, 0xcb700000| Untracked 
|  92|0xcb800000, 0xcb800000, 0xcb900000|  0%| F|  |TAMS 0xcb800000, 0xcb800000| Untracked 
|  93|0xcb900000, 0xcb900000, 0xcba00000|  0%| F|  |TAMS 0xcb900000, 0xcb900000| Untracked 
|  94|0xcba00000, 0xcba00000, 0xcbb00000|  0%| F|  |TAMS 0xcba00000, 0xcba00000| Untracked 
|  95|0xcbb00000, 0xcbb00000, 0xcbc00000|  0%| F|  |TAMS 0xcbb00000, 0xcbb00000| Untracked 
|  96|0xcbc00000, 0xcbc00000, 0xcbd00000|  0%| F|  |TAMS 0xcbc00000, 0xcbc00000| Untracked 
|  97|0xcbd00000, 0xcbd00000, 0xcbe00000|  0%| F|  |TAMS 0xcbd00000, 0xcbd00000| Untracked 
|  98|0xcbe00000, 0xcbe00000, 0xcbf00000|  0%| F|  |TAMS 0xcbe00000, 0xcbe00000| Untracked 
|  99|0xcbf00000, 0xcbf00000, 0xcc000000|  0%| F|  |TAMS 0xcbf00000, 0xcbf00000| Untracked 
| 100|0xcc000000, 0xcc000000, 0xcc100000|  0%| F|  |TAMS 0xcc000000, 0xcc000000| Untracked 
| 101|0xcc100000, 0xcc100000, 0xcc200000|  0%| F|  |TAMS 0xcc100000, 0xcc100000| Untracked 
| 102|0xcc200000, 0xcc200000, 0xcc300000|  0%| F|  |TAMS 0xcc200000, 0xcc200000| Untracked 
| 103|0xcc300000, 0xcc300000, 0xcc400000|  0%| F|  |TAMS 0xcc300000, 0xcc300000| Untracked 
| 104|0xcc400000, 0xcc400000, 0xcc500000|  0%| F|  |TAMS 0xcc400000, 0xcc400000| Untracked 
| 105|0xcc500000, 0xcc500000, 0xcc600000|  0%| F|  |TAMS 0xcc500000, 0xcc500000| Untracked 
| 106|0xcc600000, 0xcc600000, 0xcc700000|  0%| F|  |TAMS 0xcc600000, 0xcc600000| Untracked 
| 107|0xcc700000, 0xcc700000, 0xcc800000|  0%| F|  |TAMS 0xcc700000, 0xcc700000| Untracked 
| 108|0xcc800000, 0xcc800000, 0xcc900000|  0%| F|  |TAMS 0xcc800000, 0xcc800000| Untracked 
| 109|0xcc900000, 0xcc900000, 0xcca00000|  0%| F|  |TAMS 0xcc900000, 0xcc900000| Untracked 
| 110|0xcca00000, 0xcca00000, 0xccb00000|  0%| F|  |TAMS 0xcca00000, 0xcca00000| Untracked 
| 111|0xccb00000, 0xccb00000, 0xccc00000|  0%| F|  |TAMS 0xccb00000, 0xccb00000| Untracked 
| 112|0xccc00000, 0xccc00000, 0xccd00000|  0%| F|  |TAMS 0xccc00000, 0xccc00000| Untracked 
| 113|0xccd00000, 0xccd00000, 0xcce00000|  0%| F|  |TAMS 0xccd00000, 0xccd00000| Untracked 
| 114|0xcce00000, 0xcce00000, 0xccf00000|  0%| F|  |TAMS 0xcce00000, 0xcce00000| Untracked 
| 115|0xccf00000, 0xccf00000, 0xcd000000|  0%| F|  |TAMS 0xccf00000, 0xccf00000| Untracked 
| 116|0xcd000000, 0xcd000000, 0xcd100000|  0%| F|  |TAMS 0xcd000000, 0xcd000000| Untracked 
| 117|0xcd100000, 0xcd100000, 0xcd200000|  0%| F|  |TAMS 0xcd100000, 0xcd100000| Untracked 
| 118|0xcd200000, 0xcd200000, 0xcd300000|  0%| F|  |TAMS 0xcd200000, 0xcd200000| Untracked 
| 119|0xcd300000, 0xcd300000, 0xcd400000|  0%| F|  |TAMS 0xcd300000, 0xcd300000| Untracked 
| 120|0xcd400000, 0xcd400000, 0xcd500000|  0%| F|  |TAMS 0xcd400000, 0xcd400000| Untracked 
| 121|0xcd500000, 0xcd500800, 0xcd600000|  0%| E|  |TAMS 0xcd500000, 0xcd500000| Complete 
| 122|0xcd600000, 0xcd700000, 0xcd700000|100%| E|CS|TAMS 0xcd600000, 0xcd600000| Complete 
| 123|0xcd700000, 0xcd800000, 0xcd800000|100%| E|CS|TAMS 0xcd700000, 0xcd700000| Complete 
| 124|0xcd800000, 0xcd900000, 0xcd900000|100%| E|CS|TAMS 0xcd800000, 0xcd800000| Complete 
| 125|0xcd900000, 0xcda00000, 0xcda00000|100%| E|CS|TAMS 0xcd900000, 0xcd900000| Complete 
| 126|0xcda00000, 0xcdb00000, 0xcdb00000|100%| E|CS|TAMS 0xcda00000, 0xcda00000| Complete 
| 127|0xcdb00000, 0xcdc00000, 0xcdc00000|100%| E|CS|TAMS 0xcdb00000, 0xcdb00000| Complete 

Card table byte_map: [0xc5a00000,0xc5b00000] _byte_map_base: 0xc53d2000

Marking Bits (Prev, Next): (CMBitMap*) 0xf5e8b528, (CMBitMap*) 0xf5e8b548
 Prev Bits: [0xc5100000, 0xc5900000)
 Next Bits: [0xc4900000, 0xc5100000)

Polling page: 0xf7f16000

Metaspace:

Usage:
    6.24 MB used.

Virtual space:
     16.00 MB reserved,       6.94 MB ( 43%) committed,  1 nodes.

Chunk freelists:
6.70 MB

MaxMetaspaceSize: 96.00 MB
No class space
Initial GC threshold: 16.00 MB
Current GC threshold: 16.00 MB
CDS: on
MetaspaceReclaimPolicy: balanced
 - commit_granule_bytes: 65536.
 - commit_granule_words: 16384.
 - virtual_space_node_default_size: 4194304.
 - enlarge_chunks_in_place: 1.
 - new_chunks_are_fully_committed: 0.
 - uncommit_free_chunks: 1.
 - use_allocation_guard: 0.
 - handle_deallocations: 1.


Internal statistics:

num_allocs_failed_limit: 0.
num_arena_births: 492.
num_arena_deaths: 0.
num_vsnodes_births: 1.
num_vsnodes_deaths: 0.
num_space_committed: 111.
num_space_uncommitted: 0.
num_chunks_returned_to_freelist: 0.
num_chunks_taken_from_freelist: 812.
num_chunk_merges: 0.
num_chunk_splits: 588.
num_chunks_enlarged: 424.
num_inconsistent_stats: 0.

CodeHeap 'non-profiled nmethods': size=120172Kb used=1202Kb max_used=1202Kb free=118969Kb
 bounds [0xed7f5000, 0xeda35000, 0xf4d50000]
CodeHeap 'profiled nmethods': size=120172Kb used=3747Kb max_used=3747Kb free=116424Kb
 bounds [0xe5d50000, 0xe6100000, 0xed2ab000]
CodeHeap 'non-nmethods': size=5416Kb used=744Kb max_used=791Kb free=4671Kb
 bounds [0xed2ab000, 0xed4eb000, 0xed7f5000]
 total_blobs=2326 nmethods=1969 adapters=271
 compilation: enabled
              stopped_count=0, restarted_count=0
 full_count=0

Compilation events (20 events):
Event: 663.267 Thread 0xc41a0580 1968   !   3       java.util.concurrent.ConcurrentHashMap::replaceNode (437 bytes)
Event: 663.270 Thread 0xc41a0580 nmethod 1968 0xe60f6508 code [0xe60f6800, 0xe60f7ae8]
Event: 663.270 Thread 0xc41a0580 1969       3       java.lang.invoke.LambdaFormEditor$TransformKey::packedBytes (32 bytes)
Event: 663.270 Thread 0xc41a0580 nmethod 1969 0xe60f8808 code [0xe60f8920, 0xe60f8a20]
Event: 672.161 Thread 0xc419f450 1970       4       java.util.Arrays::fill (21 bytes)
Event: 672.165 Thread 0xc419f450 nmethod 1970 0xed91e408 code [0xed91e520, 0xed91e670]
Event: 677.996 Thread 0xc419f450 1971       4       script.library.utils::setScriptVar (36 bytes)
Event: 678.089 Thread 0xc419f450 nmethod 1971 0xed91e788 code [0xed91e940, 0xed91f630]
Event: 689.153 Thread 0xc419f450 1972       4       java.lang.AbstractStringBuilder::append (77 bytes)
Event: 689.159 Thread 0xc419f450 nmethod 1972 0xed91fd08 code [0xed91fe40, 0xed920310]
Event: 697.182 Thread 0xc419f450 1973       4       script.base_class::isIncapacitated (8 bytes)
Event: 697.183 Thread 0xc419f450 nmethod 1973 0xed920588 code [0xed9206a0, 0xed92075c]
Event: 698.128 Thread 0xc419f450 1974       4       java.lang.invoke.LambdaForm$MH/0xc2517338::invoke (94 bytes)
Event: 698.130 Thread 0xc419f450 nmethod 1974 0xed920888 code [0xed920a00, 0xed920cac]
Event: 741.193 Thread 0xc41a0580 1975       3       script.library.create::object (7 bytes)
Event: 741.193 Thread 0xc41a0580 nmethod 1975 0xe60f8b08 code [0xe60f8c60, 0xe60f8e78]
Event: 765.412 Thread 0xc419f450 1976       4       java.util.HashMap::keySet (25 bytes)
Event: 765.421 Thread 0xc419f450 nmethod 1976 0xed921088 code [0xed9211a0, 0xed921330]
Event: 765.596 Thread 0xc419f450 1977       4       java.util.HashMap$KeySet::iterator (12 bytes)
Event: 765.606 Thread 0xc419f450 nmethod 1977 0xed921408 code [0xed921540, 0xed9217b0]

GC Heap History (8 events):
Event: 56.167 GC heap before
{Heap before GC invocations=0 (full 0):
 garbage-first heap   total 131072K, used 12288K [0xc5c00000, 0xe5c00000)
  region size 1024K, 13 young (13312K), 0 survivors (0K)
 Metaspace       used 2761K, committed 3008K, reserved 16384K
}
Event: 56.203 GC heap after
{Heap after GC invocations=1 (full 0):
 garbage-first heap   total 131072K, used 2536K [0xc5c00000, 0xe5c00000)
  region size 1024K, 2 young (2048K), 2 survivors (2048K)
 Metaspace       used 2761K, committed 3008K, reserved 16384K
}
Event: 166.047 GC heap before
{Heap before GC invocations=1 (full 0):
 garbage-first heap   total 131072K, used 17896K [0xc5c00000, 0xe5c00000)
  region size 1024K, 17 young (17408K), 2 survivors (2048K)
 Metaspace       used 4219K, committed 4608K, reserved 16384K
}
Event: 166.080 GC heap after
{Heap after GC invocations=2 (full 0):
 garbage-first heap   total 131072K, used 3906K [0xc5c00000, 0xe5c00000)
  region size 1024K, 2 young (2048K), 2 survivors (2048K)
 Metaspace       used 4219K, committed 4608K, reserved 16384K
}
Event: 309.700 GC heap before
{Heap before GC invocations=2 (full 0):
 garbage-first heap   total 131072K, used 79682K [0xc5c00000, 0xe5c00000)
  region size 1024K, 76 young (77824K), 2 survivors (2048K)
 Metaspace       used 5932K, committed 6592K, reserved 16384K
}
Event: 309.810 GC heap after
{Heap after GC invocations=3 (full 0):
 garbage-first heap   total 131072K, used 7036K [0xc5c00000, 0xe5c00000)
  region size 1024K, 5 young (5120K), 5 survivors (5120K)
 Metaspace       used 5932K, committed 6592K, reserved 16384K
}
Event: 663.176 GC heap before
{Heap before GC invocations=3 (full 0):
 garbage-first heap   total 131072K, used 79740K [0xc5c00000, 0xe5c00000)
  region size 1024K, 76 young (77824K), 5 survivors (5120K)
 Metaspace       used 6323K, committed 7040K, reserved 16384K
}
Event: 663.262 GC heap after
{Heap after GC invocations=4 (full 0):
 garbage-first heap   total 131072K, used 10524K [0xc5c00000, 0xe5c00000)
  region size 1024K, 8 young (8192K), 8 survivors (8192K)
 Metaspace       used 6323K, committed 7040K, reserved 16384K
}

Dll operation events (4 events):
Event: 0.052 Loaded shared library /usr/lib/jvm/java-17-zulu-openjdk-jdk-x86/lib/libjava.so
Event: 55.749 Loaded shared library /usr/lib/jvm/java-17-zulu-openjdk-jdk-x86/lib/libnio.so
Event: 55.751 Loaded shared library /usr/lib/jvm/java-17-zulu-openjdk-jdk-x86/lib/libjimage.so
Event: 55.753 Loaded shared library /usr/lib/jvm/java-17-zulu-openjdk-jdk-x86/lib/libnet.so

Deoptimization events (20 events):
Event: 565.587 Thread 0x0d1d48a0 Uncommon trap: trap_request=0xffffffd6 fr.pc=0xed90da20 relative=0x000014e0
Event: 565.587 Thread 0x0d1d48a0 Uncommon trap: reason=array_check action=maybe_recompile pc=0xed90da20 method=java.io.ObjectInputStream.readArray(Z)Ljava/lang/Object; @ 392 c2
Event: 565.587 Thread 0x0d1d48a0 DEOPT PACKING pc=0xed90da20 sp=0xffbab880
Event: 565.587 Thread 0x0d1d48a0 DEOPT UNPACKING pc=0xed2f4d33 sp=0xffbab868 mode 2
Event: 566.155 Thread 0x0d1d48a0 Uncommon trap: trap_request=0xffffffd6 fr.pc=0xed90da20 relative=0x000014e0
Event: 566.155 Thread 0x0d1d48a0 Uncommon trap: reason=array_check action=maybe_recompile pc=0xed90da20 method=java.io.ObjectInputStream.readArray(Z)Ljava/lang/Object; @ 392 c2
Event: 566.155 Thread 0x0d1d48a0 DEOPT PACKING pc=0xed90da20 sp=0xffbab880
Event: 566.155 Thread 0x0d1d48a0 DEOPT UNPACKING pc=0xed2f4d33 sp=0xffbab868 mode 2
Event: 566.155 Thread 0x0d1d48a0 Uncommon trap: trap_request=0xffffffde fr.pc=0xed90dd28 relative=0x000017e8
Event: 566.155 Thread 0x0d1d48a0 Uncommon trap: reason=class_check action=maybe_recompile pc=0xed90dd28 method=java.lang.reflect.Array.newInstance(Ljava/lang/Class;I)Ljava/lang/Object; @ 2 c2
Event: 566.155 Thread 0x0d1d48a0 DEOPT PACKING pc=0xed90dd28 sp=0xffbab880
Event: 566.155 Thread 0x0d1d48a0 DEOPT UNPACKING pc=0xed2f4d33 sp=0xffbab838 mode 2
Event: 566.155 Thread 0x0d1d48a0 Uncommon trap: trap_request=0xffffffd6 fr.pc=0xed90da20 relative=0x000014e0
Event: 566.155 Thread 0x0d1d48a0 Uncommon trap: reason=array_check action=maybe_recompile pc=0xed90da20 method=java.io.ObjectInputStream.readArray(Z)Ljava/lang/Object; @ 392 c2
Event: 566.155 Thread 0x0d1d48a0 DEOPT PACKING pc=0xed90da20 sp=0xffbab880
Event: 566.155 Thread 0x0d1d48a0 DEOPT UNPACKING pc=0xed2f4d33 sp=0xffbab868 mode 2
Event: 578.105 Thread 0x0d1d48a0 Uncommon trap: trap_request=0xffffff45 fr.pc=0xed8b86ac relative=0x0000124c
Event: 578.105 Thread 0x0d1d48a0 Uncommon trap: reason=unstable_if action=reinterpret pc=0xed8b86ac method=java.util.LinkedList.indexOf(Ljava/lang/Object;)I @ 55 c2
Event: 578.105 Thread 0x0d1d48a0 DEOPT PACKING pc=0xed8b86ac sp=0xffbac2d0
Event: 578.105 Thread 0x0d1d48a0 DEOPT UNPACKING pc=0xed2f4d33 sp=0xffbac27c mode 2

Classes unloaded (0 events):
No events

Classes redefined (0 events):
No events

Internal exceptions (15 events):
Event: 55.454 Thread 0x0d1d48a0 Exception <a 'java/lang/NoSuchMethodError'{0xcd3a6178}: 'java.lang.Object java.lang.invoke.DirectMethodHandle$Holder.invokeStatic(java.lang.Object, float)'> (0xcd3a6178) 
thrown [src/hotspot/share/interpreter/linkResolver.cpp, line 759]
Event: 56.231 Thread 0x0d1d48a0 Exception <a 'java/lang/NoSuchMethodError'{0xcdbaccf8}: 'java.lang.Object java.lang.invoke.DirectMethodHandle$Holder.invokeSpecial(java.lang.Object, java.lang.Object, long, java.lang.Object, java.lang.Object, java.lang.Object, java.lang.Object, int, java.lang.Object)'> (0xcdbaccf8) 
thrown [src/hotspot/share/interpreter/linkResolver.cpp, line 759]
Event: 56.232 Thread 0x0d1d48a0 Exception <a 'java/lang/NoSuchMethodError'{0xcdbb0ff8}: 'java.lang.Object java.lang.invoke.DelegatingMethodHandle$Holder.reinvoke_L(java.lang.Object, long, java.lang.Object, java.lang.Object, java.lang.Object, java.lang.Object, int, java.lang.Object)'> (0xcdbb0ff8) 
thrown [src/hotspot/share/interpreter/linkResolver.cpp, line 759]
Event: 56.290 Thread 0x0d1d48a0 Exception <a 'java/lang/NoSuchMethodError'{0xcda39f18}: 'java.lang.Object java.lang.invoke.DirectMethodHandle$Holder.invokeSpecial(java.lang.Object, java.lang.Object, java.lang.Object, java.lang.Object, float)'> (0xcda39f18) 
thrown [src/hotspot/share/interpreter/linkResolver.cpp, line 759]
Event: 56.316 Thread 0x0d1d48a0 Exception <a 'java/lang/NoSuchMethodError'{0xcda66ba8}: 'java.lang.Object java.lang.invoke.DirectMethodHandle$Holder.invokeSpecial(java.lang.Object, java.lang.Object, java.lang.Object, java.lang.Object, int)'> (0xcda66ba8) 
thrown [src/hotspot/share/interpreter/linkResolver.cpp, line 759]
Event: 56.317 Thread 0x0d1d48a0 Exception <a 'java/lang/NoSuchMethodError'{0xcda6a310}: 'java.lang.Object java.lang.invoke.Invokers$Holder.linkToTargetMethod(java.lang.Object, java.lang.Object, int, java.lang.Object)'> (0xcda6a310) 
thrown [src/hotspot/share/interpreter/linkResolver.cpp, line 759]
Event: 82.257 Thread 0x0d1d48a0 Exception <a 'java/lang/NoSuchMethodError'{0xcd83fa38}: 'java.lang.Object java.lang.invoke.DirectMethodHandle$Holder.invokeStaticInit(java.lang.Object)'> (0xcd83fa38) 
thrown [src/hotspot/share/interpreter/linkResolver.cpp, line 759]
Event: 82.466 Thread 0x0d1d48a0 Exception <a 'java/lang/NoSuchMethodError'{0xcd876e68}: 'java.lang.Object java.lang.invoke.DirectMethodHandle$Holder.invokeSpecial(java.lang.Object, java.lang.Object, int, java.lang.Object, java.lang.Object)'> (0xcd876e68) 
thrown [src/hotspot/share/interpreter/linkResolver.cpp, line 759]
Event: 91.179 Thread 0x0d1d48a0 Exception <a 'java/lang/NoSuchMethodError'{0xcd314178}: 'java.lang.Object java.lang.invoke.DirectMethodHandle$Holder.invokeSpecial(java.lang.Object, java.lang.Object, long, java.lang.Object, java.lang.Object, java.lang.Object, java.lang.Object, java.lang.Object, java.lang.Object)'> (0xcd314178) 
thrown [src/hotspot/share/interpreter/linkResolver.cpp, line 759]
Event: 91.179 Thread 0x0d1d48a0 Exception <a 'java/lang/NoSuchMethodError'{0xcd318550}: 'java.lang.Object java.lang.invoke.DelegatingMethodHandle$Holder.reinvoke_L(java.lang.Object, long, java.lang.Object, java.lang.Object, java.lang.Object, java.lang.Object, java.lang.Object, java.lang.Object)'> (0xcd318550) 
thrown [src/hotspot/share/interpreter/linkResolver.cpp, line 759]
Event: 167.992 Thread 0x0d1d48a0 Exception <a 'java/lang/NoSuchMethodError'{0xcd1c5498}: 'java.lang.Object java.lang.invoke.Invokers$Holder.linkToTargetMethod(java.lang.Object, java.lang.Object, int, java.lang.Object, java.lang.Object)'> (0xcd1c5498) 
thrown [src/hotspot/share/interpreter/linkResolver.cpp, line 759]
Event: 192.116 Thread 0x0d1d48a0 Exception <a 'java/lang/NoSuchMethodError'{0xcb5c4310}: 'java.lang.Object java.lang.invoke.DirectMethodHandle$Holder.invokeSpecial(java.lang.Object, java.lang.Object, java.lang.Object, java.lang.Object, java.lang.Object, java.lang.Object, int)'> (0xcb5c4310) 
thrown [src/hotspot/share/interpreter/linkResolver.cpp, line 759]
Event: 192.120 Thread 0x0d1d48a0 Exception <a 'java/lang/NoSuchMethodError'{0xcb5c7a58}: 'java.lang.Object java.lang.invoke.Invokers$Holder.linkToTargetMethod(java.lang.Object, java.lang.Object, java.lang.Object, java.lang.Object, int, java.lang.Object)'> (0xcb5c7a58) 
thrown [src/hotspot/share/interpreter/linkResolver.cpp, line 759]
Event: 252.238 Thread 0x0d1d48a0 Exception <a 'java/lang/NoSuchMethodError'{0xcb38a280}: static [Lscript/obj_id;.<clinit>()V> (0xcb38a280) 
thrown [src/hotspot/share/prims/jni.cpp, line 1112]
Event: 261.615 Thread 0x0d1d48a0 Exception <a 'java/lang/NoSuchMethodError'{0xcb287920}: 'java.lang.Object java.lang.invoke.DirectMethodHandle$Holder.invokeSpecial(java.lang.Object, java.lang.Object, int, int, int)'> (0xcb287920) 
thrown [src/hotspot/share/interpreter/linkResolver.cpp, line 759]

VM Operations (20 events):
Event: 422.853 Executing VM operation: Cleanup
Event: 422.854 Executing VM operation: Cleanup done
Event: 424.854 Executing VM operation: Cleanup
Event: 424.854 Executing VM operation: Cleanup done
Event: 429.855 Executing VM operation: Cleanup
Event: 429.855 Executing VM operation: Cleanup done
Event: 466.886 Executing VM operation: Cleanup
Event: 466.886 Executing VM operation: Cleanup done
Event: 553.068 Executing VM operation: Cleanup
Event: 553.068 Executing VM operation: Cleanup done
Event: 572.073 Executing VM operation: Cleanup
Event: 572.073 Executing VM operation: Cleanup done
Event: 588.080 Executing VM operation: Cleanup
Event: 588.080 Executing VM operation: Cleanup done
Event: 600.084 Executing VM operation: Cleanup
Event: 600.084 Executing VM operation: Cleanup done
Event: 663.175 Executing VM operation: G1CollectForAllocation
Event: 663.262 Executing VM operation: G1CollectForAllocation done
Event: 766.307 Executing VM operation: Cleanup
Event: 766.307 Executing VM operation: Cleanup done

Events (20 events):
Event: 252.314 loading class java/lang/constant/MethodHandleDesc done
Event: 252.314 loading class java/lang/constant/MethodHandleDesc$1
Event: 252.314 loading class java/lang/constant/MethodHandleDesc$1 done
Event: 252.314 loading class java/lang/constant/DirectMethodHandleDescImpl
Event: 252.314 loading class java/lang/constant/DirectMethodHandleDesc
Event: 252.314 loading class java/lang/constant/DirectMethodHandleDesc done
Event: 252.314 loading class java/lang/constant/DirectMethodHandleDescImpl done
Event: 252.314 loading class java/lang/constant/DirectMethodHandleDescImpl$1
Event: 252.314 loading class java/lang/constant/DirectMethodHandleDescImpl$1 done
Event: 252.314 loading class java/lang/constant/DirectMethodHandleDesc$1
Event: 252.314 loading class java/lang/constant/DirectMethodHandleDesc$1 done
Event: 252.314 loading class java/lang/constant/PrimitiveClassDescImpl
Event: 252.314 loading class java/lang/constant/DynamicConstantDesc
Event: 252.315 loading class java/lang/constant/DynamicConstantDesc done
Event: 252.315 loading class java/lang/constant/PrimitiveClassDescImpl done
Event: 252.315 loading class java/lang/constant/DynamicConstantDesc$AnonymousDynamicConstantDesc
Event: 252.315 loading class java/lang/constant/DynamicConstantDesc$AnonymousDynamicConstantDesc done
Event: 770.310 Thread 0x0d1d48a0 Thread exited: 0x0d1d48a0
Event: 770.355 Thread 0xf5e242d0 Thread exited: 0xf5e242d0
Event: 770.355 Thread 0xc419bff0 Thread exited: 0xc419bff0


Dynamic libraries:
08048000-09298000 r-xp 00000000 08:04 494947248                          /home/almalinux/swg-returns-nge/build/bin/SwgGameServer
09298000-0929c000 rw-p 0124f000 08:04 494947248                          /home/almalinux/swg-returns-nge/build/bin/SwgGameServer
0929c000-09b1f000 rw-p 00000000 00:00 0 
0bb0f000-173a6000 rw-p 00000000 00:00 0                                  [heap]
bef00000-befde000 rw-p 00000000 00:00 0 
befde000-bf000000 ---p 00000000 00:00 0 
bf100000-bf1fc000 rw-p 00000000 00:00 0 
bf1fc000-bf200000 ---p 00000000 00:00 0 
bf500000-bf5fb000 rw-p 00000000 00:00 0 
bf5fb000-bf600000 ---p 00000000 00:00 0 
bf700000-bf7fd000 rw-p 00000000 00:00 0 
bf7fd000-bf800000 ---p 00000000 00:00 0 
bf800000-bf8d0000 rw-p 00000000 00:00 0 
bf8d0000-bf900000 ---p 00000000 00:00 0 
bf900000-bf9f9000 rw-p 00000000 00:00 0 
bf9f9000-bfa00000 ---p 00000000 00:00 0 
bfa00000-bfaf9000 rw-p 00000000 00:00 0 
bfaf9000-bfb00000 ---p 00000000 00:00 0 
bfb00000-bfbf9000 rw-p 00000000 00:00 0 
bfbf9000-bfc00000 ---p 00000000 00:00 0 
bfc00000-bfcfc000 rw-p 00000000 00:00 0 
bfcfc000-bfd00000 ---p 00000000 00:00 0 
bfd00000-bfdf9000 rw-p 00000000 00:00 0 
bfdf9000-bfe00000 ---p 00000000 00:00 0 
bfe00000-bfefb000 rw-p 00000000 00:00 0 
bfefb000-bff00000 ---p 00000000 00:00 0 
bff00000-c00fc000 rw-p 00000000 00:00 0 
c00fc000-c0100000 ---p 00000000 00:00 0 
c0100000-c01f5000 rw-p 00000000 00:00 0 
c01f5000-c0200000 ---p 00000000 00:00 0 
c0a00000-c0afb000 rw-p 00000000 00:00 0 
c0afb000-c0b00000 ---p 00000000 00:00 0 
c0b7f000-c0b83000 ---p 00000000 00:00 0 
c0b83000-c0c00000 rw-p 00000000 00:00 0 
c0c00000-c0cee000 rw-p 00000000 00:00 0 
c0cee000-c0d00000 ---p 00000000 00:00 0 
c0d54000-c0d55000 ---p 00000000 00:00 0 
c0d55000-c0dd5000 rw-p 00000000 00:00 0 
c111c000-c111d000 ---p 00000000 00:00 0 
c111d000-c119d000 rw-p 00000000 00:00 0 
c127f000-c1283000 ---p 00000000 00:00 0 
c1283000-c1300000 rw-p 00000000 00:00 0 
c1300000-c13fb000 rw-p 00000000 00:00 0 
c13fb000-c1400000 ---p 00000000 00:00 0 
c167f000-c1683000 ---p 00000000 00:00 0 
c1683000-c1740000 rw-p 00000000 00:00 0 
c1740000-c1744000 ---p 00000000 00:00 0 
c1744000-c1801000 rw-p 00000000 00:00 0 
c1801000-c1802000 ---p 00000000 00:00 0 
c1802000-c1882000 rw-p 00000000 00:00 0 
c1882000-c1886000 ---p 00000000 00:00 0 
c1886000-c1943000 rw-p 00000000 00:00 0 
c1943000-c1947000 ---p 00000000 00:00 0 
c1947000-c1a04000 rw-p 00000000 00:00 0 
c1a04000-c1a08000 ---p 00000000 00:00 0 
c1a08000-c1ac5000 rw-p 00000000 00:00 0 
c1ac5000-c1ac9000 ---p 00000000 00:00 0 
c1ac9000-c1b86000 rw-p 00000000 00:00 0 
c1b86000-c1e00000 r--p 00078000 08:04 535181                             /usr/lib/locale/locale-archive
c1e00000-c2000000 r--p 00000000 08:04 535181                             /usr/lib/locale/locale-archive
c2000000-c21a0000 rw-p 00000000 00:00 0 
c21a0000-c2400000 ---p 00000000 00:00 0 
c2400000-c2950000 rw-p 00000000 00:00 0 
c2950000-c3000000 ---p 00000000 00:00 0 
c303c000-c3040000 ---p 00000000 00:00 0 
c3040000-c30bd000 rw-p 00000000 00:00 0 
c30bd000-c30c1000 ---p 00000000 00:00 0 
c30c1000-c317e000 rw-p 00000000 00:00 0 
c317e000-c3182000 ---p 00000000 00:00 0 
c3182000-c323f000 rw-p 00000000 00:00 0 
c323f000-c3243000 ---p 00000000 00:00 0 
c3243000-c3300000 rw-p 00000000 00:00 0 
c3300000-c3321000 rw-p 00000000 00:00 0 
c3321000-c3400000 ---p 00000000 00:00 0 
c3431000-c3435000 ---p 00000000 00:00 0 
c3435000-c34b2000 rw-p 00000000 00:00 0 
c34b2000-c34b3000 ---p 00000000 00:00 0 
c34b3000-c3533000 rw-p 00000000 00:00 0 
c3533000-c3e00000 rw-p 00001000 08:04 143240867                          /usr/lib/jvm/java-17-zulu-openjdk-jdk-x86/lib/server/classes.jsa
c3e00000-c3ef8000 rw-p 00000000 00:00 0 
c3ef8000-c3f00000 ---p 00000000 00:00 0 
c3f7f000-c3f80000 ---p 00000000 00:00 0 
c3f80000-c4000000 rw-p 00000000 00:00 0 
c4000000-c4021000 rw-p 00000000 00:00 0 
c4021000-c4100000 ---p 00000000 00:00 0 
c4100000-c41d2000 rw-p 00000000 00:00 0 
c41d2000-c4200000 ---p 00000000 00:00 0 
c427f000-c4280000 ---p 00000000 00:00 0 
c4280000-c4300000 rw-p 00000000 00:00 0 
c4300000-c434a000 rw-p 00000000 00:00 0 
c434a000-c4400000 ---p 00000000 00:00 0 
c447f000-c4480000 ---p 00000000 00:00 0 
c4480000-c4500000 rw-p 00000000 00:00 0 
c4500000-c45f0000 rw-p 00000000 00:00 0 
c45f0000-c4600000 ---p 00000000 00:00 0 
c467f000-c4680000 ---p 00000000 00:00 0 
c4680000-c4700000 rw-p 00000000 00:00 0 
c4700000-c47fe000 rw-p 00000000 00:00 0 
c47fe000-c4800000 ---p 00000000 00:00 0 
c487f000-c4880000 ---p 00000000 00:00 0 
c4880000-c4b00000 rw-p 00000000 00:00 0 
c4b00000-c5100000 ---p 00000000 00:00 0 
c5100000-c5300000 rw-p 00000000 00:00 0 
c5300000-c5900000 ---p 00000000 00:00 0 
c5900000-c5940000 rw-p 00000000 00:00 0 
c5940000-c5a00000 ---p 00000000 00:00 0 
c5a00000-c5a40000 rw-p 00000000 00:00 0 
c5a40000-c5b00000 ---p 00000000 00:00 0 
c5b00000-c5b40000 rw-p 00000000 00:00 0 
c5b40000-c5c00000 ---p 00000000 00:00 0 
c5c00000-cdc00000 rw-p 00000000 00:00 0 
cdc00000-e5c00000 ---p 00000000 00:00 0 
e5c65000-e5c6a000 rw-p 00000000 00:00 0 
e5c6a000-e5d50000 ---p 00000000 00:00 0 
e5d50000-e6100000 rwxp 00000000 00:00 0 
e6100000-ed2ab000 ---p 00000000 00:00 0 
ed2ab000-ed4eb000 rwxp 00000000 00:00 0 
ed4eb000-ed7f5000 ---p 00000000 00:00 0 
ed7f5000-eda35000 rwxp 00000000 00:00 0 
eda35000-f4d50000 ---p 00000000 00:00 0 
f4d50000-f4eb8000 r--s 00000000 08:04 117534333                          /usr/lib/jvm/java-17-zulu-openjdk-jdk-x86/lib/modules
f4eb8000-f5d5a000 r-xp 00000000 08:04 143240869                          /usr/lib/jvm/java-17-zulu-openjdk-jdk-x86/lib/server/libjvm.so
f5d5a000-f5daf000 r--p 00ea1000 08:04 143240869                          /usr/lib/jvm/java-17-zulu-openjdk-jdk-x86/lib/server/libjvm.so
f5daf000-f5dd0000 rw-p 00ef6000 08:04 143240869                          /usr/lib/jvm/java-17-zulu-openjdk-jdk-x86/lib/server/libjvm.so
f5dd0000-f5e00000 rw-p 00000000 00:00 0 
f5e00000-f5f00000 rw-p 00000000 00:00 0 
f5f5c000-f5f5d000 ---p 00000000 00:00 0 
f5f5d000-f5f61000 ---p 00000000 00:00 0 
f5f61000-f6ad5000 rw-p 00000000 00:00 0 
f6ae1000-f6af6000 r-xp 00000000 08:04 117534323                          /usr/lib/jvm/java-17-zulu-openjdk-jdk-x86/lib/libnet.so
f6af6000-f6af7000 r--p 00014000 08:04 117534323                          /usr/lib/jvm/java-17-zulu-openjdk-jdk-x86/lib/libnet.so
f6af7000-f6af8000 rw-p 00015000 08:04 117534323                          /usr/lib/jvm/java-17-zulu-openjdk-jdk-x86/lib/libnet.so
f6af8000-f6b00000 rw-p 00000000 00:00 0 
f6b00000-f6be3000 ---p 00000000 00:00 0 
f6e1d000-f6e2f000 r-xp 00000000 08:04 117534324                          /usr/lib/jvm/java-17-zulu-openjdk-jdk-x86/lib/libnio.so
f6e2f000-f6e30000 r--p 00011000 08:04 117534324                          /usr/lib/jvm/java-17-zulu-openjdk-jdk-x86/lib/libnio.so
f6e30000-f6e31000 rw-p 00012000 08:04 117534324                          /usr/lib/jvm/java-17-zulu-openjdk-jdk-x86/lib/libnio.so
f6e31000-f6e5a000 rw-p 00000000 00:00 0 
f6e5a000-f6e7d000 r-xp 00000000 08:04 117534310                          /usr/lib/jvm/java-17-zulu-openjdk-jdk-x86/lib/libjava.so
f6e7d000-f6e7e000 r--p 00022000 08:04 117534310                          /usr/lib/jvm/java-17-zulu-openjdk-jdk-x86/lib/libjava.so
f6e7e000-f6e7f000 rw-p 00023000 08:04 117534310                          /usr/lib/jvm/java-17-zulu-openjdk-jdk-x86/lib/libjava.so
f6e7f000-f6e8b000 r-xp 00000000 08:04 16831767                           /usr/lib/libnss_files-2.28.so
f6e8b000-f6e8c000 r--p 0000b000 08:04 16831767                           /usr/lib/libnss_files-2.28.so
f6e8c000-f6e8d000 rw-p 0000c000 08:04 16831767                           /usr/lib/libnss_files-2.28.so
f6e8d000-f6e93000 rw-p 00000000 00:00 0 
f6e99000-f6e9e000 rw-p 00000000 00:00 0 
f6e9e000-f6ea4000 ---p 00000000 00:00 0 
f6ea4000-f6ebf000 r-xp 00000000 08:04 117534314                          /usr/lib/jvm/java-17-zulu-openjdk-jdk-x86/lib/libjimage.so
f6ebf000-f6ec0000 ---p 0001b000 08:04 117534314                          /usr/lib/jvm/java-17-zulu-openjdk-jdk-x86/lib/libjimage.so
f6ec0000-f6ec1000 r--p 0001b000 08:04 117534314                          /usr/lib/jvm/java-17-zulu-openjdk-jdk-x86/lib/libjimage.so
f6ec1000-f6ec2000 rw-p 0001c000 08:04 117534314                          /usr/lib/jvm/java-17-zulu-openjdk-jdk-x86/lib/libjimage.so
f6ec2000-f6ec6000 rw-p 00000000 00:00 0 
f6ec6000-f6f4e000 r-xp 00000000 08:04 17191875                           /usr/lib/libpcre2-8.so.0.7.1
f6f4e000-f6f4f000 r--p 00087000 08:04 17191875                           /usr/lib/libpcre2-8.so.0.7.1
f6f4f000-f6f50000 rw-p 00088000 08:04 17191875                           /usr/lib/libpcre2-8.so.0.7.1
f6f50000-f6f70000 r-xp 00000000 08:04 17021543                           /usr/lib/libcrypt.so.1.1.0
f6f70000-f6f71000 ---p 00020000 08:04 17021543                           /usr/lib/libcrypt.so.1.1.0
f6f71000-f6f72000 r--p 00020000 08:04 17021543                           /usr/lib/libcrypt.so.1.1.0
f6f72000-f6f7b000 rw-p 00000000 00:00 0 
f6f7b000-f6fa6000 r-xp 00000000 08:04 17191887                           /usr/lib/libselinux.so.1
f6fa6000-f6fa7000 ---p 0002b000 08:04 17191887                           /usr/lib/libselinux.so.1
f6fa7000-f6fa8000 r--p 0002b000 08:04 17191887                           /usr/lib/libselinux.so.1
f6fa8000-f6fa9000 rw-p 0002c000 08:04 17191887                           /usr/lib/libselinux.so.1
f6fa9000-f6faa000 rw-p 00000000 00:00 0 
f6faa000-f6fc9000 r-xp 00000000 08:04 18866589                           /usr/lib/libbrotlicommon.so.1.0.6
f6fc9000-f6fca000 r--p 0001e000 08:04 18866589                           /usr/lib/libbrotlicommon.so.1.0.6
f6fca000-f6fcb000 rw-p 0001f000 08:04 18866589                           /usr/lib/libbrotlicommon.so.1.0.6
f6fcb000-f6fe9000 r-xp 00000000 08:04 17191915                           /usr/lib/libsasl2.so.3.0.0
f6fe9000-f6fea000 ---p 0001e000 08:04 17191915                           /usr/lib/libsasl2.so.3.0.0
f6fea000-f6feb000 r--p 0001e000 08:04 17191915                           /usr/lib/libsasl2.so.3.0.0
f6feb000-f6fec000 rw-p 0001f000 08:04 17191915                           /usr/lib/libsasl2.so.3.0.0
f6fec000-f6fee000 rw-p 00000000 00:00 0 
f6fee000-f7002000 r-xp 00000000 08:04 16831772                           /usr/lib/libresolv-2.28.so
f7002000-f7003000 ---p 00014000 08:04 16831772                           /usr/lib/libresolv-2.28.so
f7003000-f7004000 r--p 00014000 08:04 16831772                           /usr/lib/libresolv-2.28.so
f7004000-f7005000 rw-p 00015000 08:04 16831772                           /usr/lib/libresolv-2.28.so
f7005000-f7007000 rw-p 00000000 00:00 0 
f7007000-f700a000 r-xp 00000000 08:04 17191893                           /usr/lib/libkeyutils.so.1.6
f700a000-f700b000 ---p 00003000 08:04 17191893                           /usr/lib/libkeyutils.so.1.6
f700b000-f700c000 r--p 00003000 08:04 17191893                           /usr/lib/libkeyutils.so.1.6
f700c000-f700d000 rw-p 00000000 00:00 0 
f700d000-f701d000 r-xp 00000000 08:04 17021560                           /usr/lib/libkrb5support.so.0.1
f701d000-f701e000 r--p 0000f000 08:04 17021560                           /usr/lib/libkrb5support.so.0.1
f701e000-f701f000 rw-p 00010000 08:04 17021560                           /usr/lib/libkrb5support.so.0.1
f701f000-f7027000 r-xp 00000000 08:04 16831774                           /usr/lib/librt-2.28.so
f7027000-f7028000 r--p 00007000 08:04 16831774                           /usr/lib/librt-2.28.so
f7028000-f7029000 rw-p 00008000 08:04 16831774                           /usr/lib/librt-2.28.so
f7029000-f71a8000 r-xp 00000000 08:04 17021545                           /usr/lib/libunistring.so.2.1.0
f71a8000-f71a9000 ---p 0017f000 08:04 17021545                           /usr/lib/libunistring.so.2.1.0
f71a9000-f71ab000 r--p 0017f000 08:04 17021545                           /usr/lib/libunistring.so.2.1.0
f71ab000-f71ac000 rw-p 00181000 08:04 17021545                           /usr/lib/libunistring.so.2.1.0
f71ac000-f71d6000 r-xp 00000000 08:04 18654292                           /usr/lib/liblzma.so.5.2.4
f71d6000-f71d7000 r--p 00029000 08:04 18654292                           /usr/lib/liblzma.so.5.2.4
f71d7000-f71d8000 rw-p 00000000 00:00 0 
f71d8000-f71e4000 r-xp 00000000 08:04 17191936                           /usr/lib/libbrotlidec.so.1.0.6
f71e4000-f71e5000 r--p 0000b000 08:04 17191936                           /usr/lib/libbrotlidec.so.1.0.6
f71e5000-f71e6000 rw-p 00000000 00:00 0 
f71e6000-f71f5000 r-xp 00000000 08:04 17191918                           /usr/lib/liblber-2.4.so.2.10.9
f71f5000-f71f6000 r--p 0000e000 08:04 17191918                           /usr/lib/liblber-2.4.so.2.10.9
f71f6000-f71f7000 rw-p 0000f000 08:04 17191918                           /usr/lib/liblber-2.4.so.2.10.9
f71f7000-f724c000 r-xp 00000000 08:04 17191920                           /usr/lib/libldap-2.4.so.2.10.9
f724c000-f724d000 ---p 00055000 08:04 17191920                           /usr/lib/libldap-2.4.so.2.10.9
f724d000-f724e000 r--p 00055000 08:04 17191920                           /usr/lib/libldap-2.4.so.2.10.9
f724e000-f724f000 rw-p 00056000 08:04 17191920                           /usr/lib/libldap-2.4.so.2.10.9
f724f000-f7251000 rw-p 00000000 00:00 0 
f7251000-f7254000 r-xp 00000000 08:04 16994899                           /usr/lib/libcom_err.so.2.1
f7254000-f7255000 r--p 00002000 08:04 16994899                           /usr/lib/libcom_err.so.2.1
f7255000-f7256000 rw-p 00003000 08:04 16994899                           /usr/lib/libcom_err.so.2.1
f7256000-f726c000 r-xp 00000000 08:04 17021552                           /usr/lib/libk5crypto.so.3.1
f726c000-f726d000 ---p 00016000 08:04 17021552                           /usr/lib/libk5crypto.so.3.1
f726d000-f726e000 r--p 00016000 08:04 17021552                           /usr/lib/libk5crypto.so.3.1
f726e000-f726f000 rw-p 00017000 08:04 17021552                           /usr/lib/libk5crypto.so.3.1
f726f000-f7352000 r-xp 00000000 08:04 17021558                           /usr/lib/libkrb5.so.3.3
f7352000-f7359000 r--p 000e2000 08:04 17021558                           /usr/lib/libkrb5.so.3.3
f7359000-f735a000 rw-p 000e9000 08:04 17021558                           /usr/lib/libkrb5.so.3.3
f735a000-f73b5000 r-xp 00000000 08:04 17021548                           /usr/lib/libgssapi_krb5.so.2.2
f73b5000-f73b7000 r--p 0005a000 08:04 17021548                           /usr/lib/libgssapi_krb5.so.2.2
f73b7000-f73b8000 rw-p 0005c000 08:04 17021548                           /usr/lib/libgssapi_krb5.so.2.2
f73b8000-f7669000 r-xp 00000000 08:04 18627877                           /usr/lib/libcrypto.so.1.1.1k
f7669000-f7682000 r--p 002b0000 08:04 18627877                           /usr/lib/libcrypto.so.1.1.1k
f7682000-f7684000 rw-p 002c9000 08:04 18627877                           /usr/lib/libcrypto.so.1.1.1k
f7684000-f7688000 rw-p 00000000 00:00 0 
f7688000-f771a000 r-xp 00000000 08:04 18627879                           /usr/lib/libssl.so.1.1.1k
f771a000-f7720000 r--p 00091000 08:04 18627879                           /usr/lib/libssl.so.1.1.1k
f7720000-f7724000 rw-p 00097000 08:04 18627879                           /usr/lib/libssl.so.1.1.1k
f7724000-f7734000 r-xp 00000000 08:04 18660120                           /usr/lib/libpsl.so.5.3.1
f7734000-f7735000 r--p 0000f000 08:04 18660120                           /usr/lib/libpsl.so.5.3.1
f7735000-f7736000 rw-p 00000000 00:00 0 
f7736000-f77b3000 r-xp 00000000 08:04 16994901                           /usr/lib/libssh.so.4.8.7
f77b3000-f77b4000 ---p 0007d000 08:04 16994901                           /usr/lib/libssh.so.4.8.7
f77b4000-f77b5000 r--p 0007d000 08:04 16994901                           /usr/lib/libssh.so.4.8.7
f77b5000-f77b6000 rw-p 0007e000 08:04 16994901                           /usr/lib/libssh.so.4.8.7
f77b6000-f77d3000 r-xp 00000000 08:04 17040588                           /usr/lib/libidn2.so.0.3.6
f77d3000-f77d4000 r--p 0001c000 08:04 17040588                           /usr/lib/libidn2.so.0.3.6
f77d4000-f77d5000 rw-p 00000000 00:00 0 
f77d5000-f77fd000 r-xp 00000000 08:04 17191891                           /usr/lib/libnghttp2.so.14.17.0
f77fd000-f77fe000 r--p 00027000 08:04 17191891                           /usr/lib/libnghttp2.so.14.17.0
f77fe000-f7800000 rw-p 00028000 08:04 17191891                           /usr/lib/libnghttp2.so.14.17.0
f7800000-f79a2000 r-xp 00000000 08:04 16831756                           /usr/lib/libc-2.28.so
f79a2000-f79a3000 ---p 001a2000 08:04 16831756                           /usr/lib/libc-2.28.so
f79a3000-f79a5000 r--p 001a2000 08:04 16831756                           /usr/lib/libc-2.28.so
f79a5000-f79a6000 rw-p 001a4000 08:04 16831756                           /usr/lib/libc-2.28.so
f79a6000-f79ab000 rw-p 00000000 00:00 0 
f79ab000-f79c6000 r-xp 00000000 08:04 16985139                           /usr/lib/libgcc_s-8-20210514.so.1
f79c6000-f79c7000 r--p 0001a000 08:04 16985139                           /usr/lib/libgcc_s-8-20210514.so.1
f79c7000-f79c8000 rw-p 0001b000 08:04 16985139                           /usr/lib/libgcc_s-8-20210514.so.1
f79c8000-f7a98000 r-xp 00000000 08:04 16831760                           /usr/lib/libm-2.28.so
f7a98000-f7a99000 r--p 000cf000 08:04 16831760                           /usr/lib/libm-2.28.so
f7a99000-f7a9a000 rw-p 000d0000 08:04 16831760                           /usr/lib/libm-2.28.so
f7a9a000-f7c23000 r-xp 00000000 08:04 16985145                           /usr/lib/libstdc++.so.6.0.25
f7c23000-f7c24000 ---p 00189000 08:04 16985145                           /usr/lib/libstdc++.so.6.0.25
f7c24000-f7c2a000 r--p 00189000 08:04 16985145                           /usr/lib/libstdc++.so.6.0.25
f7c2a000-f7c2b000 rw-p 0018f000 08:04 16985145                           /usr/lib/libstdc++.so.6.0.25
f7c2b000-f7c2d000 rw-p 00000000 00:00 0 
f7c2d000-f7c44000 r-xp 00000000 08:04 16963437                           /usr/lib/libz.so.1.2.11
f7c44000-f7c45000 ---p 00017000 08:04 16963437                           /usr/lib/libz.so.1.2.11
f7c45000-f7c46000 r--p 00017000 08:04 16963437                           /usr/lib/libz.so.1.2.11
f7c46000-f7c47000 rw-p 00000000 00:00 0 
f7c47000-f7dc4000 r-xp 00000000 08:04 16963397                           /usr/lib/libxml2.so.2.9.7
f7dc4000-f7dc9000 r--p 0017c000 08:04 16963397                           /usr/lib/libxml2.so.2.9.7
f7dc9000-f7dca000 rw-p 00181000 08:04 16963397                           /usr/lib/libxml2.so.2.9.7
f7dca000-f7dcb000 rw-p 00000000 00:00 0 
f7dcb000-f7de7000 r-xp 00000000 08:04 16831770                           /usr/lib/libpthread-2.28.so
f7de7000-f7de8000 r--p 0001b000 08:04 16831770                           /usr/lib/libpthread-2.28.so
f7de8000-f7de9000 rw-p 0001c000 08:04 16831770                           /usr/lib/libpthread-2.28.so
f7de9000-f7deb000 rw-p 00000000 00:00 0 
f7deb000-f7e5f000 r-xp 00000000 08:04 16818911                           /usr/lib/libpcre.so.1.2.10
f7e5f000-f7e60000 ---p 00074000 08:04 16818911                           /usr/lib/libpcre.so.1.2.10
f7e60000-f7e61000 r--p 00074000 08:04 16818911                           /usr/lib/libpcre.so.1.2.10
f7e61000-f7e62000 rw-p 00075000 08:04 16818911                           /usr/lib/libpcre.so.1.2.10
f7e62000-f7e65000 r-xp 00000000 08:04 16831758                           /usr/lib/libdl-2.28.so
f7e65000-f7e66000 r--p 00002000 08:04 16831758                           /usr/lib/libdl-2.28.so
f7e66000-f7e67000 rw-p 00003000 08:04 16831758                           /usr/lib/libdl-2.28.so
f7e67000-f7f04000 r-xp 00000000 08:04 16994905                           /usr/lib/libcurl.so.4.5.0
f7f04000-f7f06000 r--p 0009c000 08:04 16994905                           /usr/lib/libcurl.so.4.5.0
f7f06000-f7f07000 rw-p 0009e000 08:04 16994905                           /usr/lib/libcurl.so.4.5.0
f7f07000-f7f0e000 r--s 00000000 08:04 176632422                          /usr/lib/gconv/gconv-modules.cache
f7f0e000-f7f16000 rw-s 00000000 08:04 151833488                          /tmp/hsperfdata_almalinux/1381112 (deleted)
f7f16000-f7f17000 ---p 00000000 00:00 0 
f7f17000-f7f18000 r--p 00000000 00:00 0 
f7f18000-f7f1a000 rw-p 00000000 00:00 0 
f7f1a000-f7f1e000 r--p 00000000 00:00 0                                  [vvar]
f7f1e000-f7f20000 r-xp 00000000 00:00 0                                  [vdso]
f7f20000-f7f4f000 r-xp 00000000 08:04 16831749                           /usr/lib/ld-2.28.so
f7f4f000-f7f50000 ---p 00000000 00:00 0 
f7f50000-f7f51000 r--p 0002f000 08:04 16831749                           /usr/lib/ld-2.28.so
f7f51000-f7f52000 rw-p 00030000 08:04 16831749                           /usr/lib/ld-2.28.so
ff9ea000-ff9eb000 rwxp 00000000 00:00 0 
ffaf3000-ffbaf000 rw-p 00000000 00:00 0                                  [stack]


VM Arguments:
jvm_args: -Xms128m -Xmx512m -Xss768k -XX:MaxMetaspaceSize=96m -Xrs -XX:-UsePerfData -XX:-AllowUserSignalHandlers -XX:UseSSE=3 -XX+DoEscapeAnalysis -XX:AutoBoxCacheMax:2000 -XX:+OptimizeStringConcat -XX:+OptimizeFill -XX:+EliminateAutoBox -XX:+UseCompressedStrings -XX:+UseCompressedOops -XX:+EliminateLocks -XX:UseFastAccessorMethods -XX:+UseStringCache -XgcPrio:throughput -XXkeepAreaRatio:1 -XXlazyUnlocking -XXcallProfiling -XXcompactRatio:1 
java_command: <unknown>
java_class_path (initial): ../../data/sku.0/sys.server/compiled/game/
Launcher Type: generic

[Global flags]
     intx CICompilerCount                          = 3                                         {product} {ergonomic}
     uint ConcGCThreads                            = 1                                         {product} {ergonomic}
     uint G1ConcRefinementThreads                  = 4                                         {product} {ergonomic}
   size_t G1HeapRegionSize                         = 1048576                                   {product} {ergonomic}
    uintx GCDrainStackTargetSize                   = 64                                        {product} {ergonomic}
   size_t InitialHeapSize                          = 134217728                                 {product} {command line}
   size_t MarkStackSize                            = 32768                                     {product} {ergonomic}
   size_t MaxHeapSize                              = 536870912                                 {product} {command line}
   size_t MaxMetaspaceSize                         = 100663296                                 {product} {command line}
   size_t MaxNewSize                               = 321912832                                 {product} {ergonomic}
   size_t MinHeapDeltaBytes                        = 1048576                                   {product} {ergonomic}
   size_t MinHeapSize                              = 134217728                                 {product} {command line}
    uintx NonNMethodCodeHeapSize                   = 5544422                                {pd product} {ergonomic}
    uintx NonProfiledCodeHeapSize                  = 123056909                              {pd product} {ergonomic}
    uintx ProfiledCodeHeapSize                     = 123056909                              {pd product} {ergonomic}
    uintx ReservedCodeCacheSize                    = 251658240                              {pd product} {ergonomic}
     bool SegmentedCodeCache                       = true                                      {product} {ergonomic}
   size_t SoftMaxHeapSize                          = 536870912                              {manageable} {ergonomic}
   double SweeperThreshold                         = 0.500000                                  {product} {ergonomic}
     intx ThreadStackSize                          = 768                                    {pd product} {command line}
     bool UseG1GC                                  = true                                      {product} {ergonomic}

Logging:
Log output configuration:
 #0: stdout all=off uptime,level,tags
 #1: stderr all=off uptime,level,tags

Environment Variables:
JAVA_HOME=/usr/lib/jvm/zulu-17-x86
PATH=/usr/java/jdk1.7.0_80/bin:/usr/java/jdk1.7.0_80/bin:/usr/java/jdk1.6.0_45/bin:/usr/java/jdk1.6.0_45/bin:/usr/java/jdk1.6.0_45/bin:/home/almalinux/.local/bin:/home/almalinux/bin:/sbin:/bin:/usr/bin:/usr/local/bin:/usr/local/sbin:/usr/sbin:/usr/lib/oracle/18.3/client/bin:/usr/lib/oracle/18.3/client/bin:/usr/lib/jvm/java-11-openjdk/bin:./
LD_LIBRARY_PATH=/usr/lib/jvm/java-17-zulu-openjdk-jdk-x86/lib/server:/usr/lib/jvm/java-17-zulu-openjdk-jdk-x86/lib:/usr/lib/jvm/java-17-zulu-openjdk-jdk-x86/../lib:/usr/lib/jvm/zulu-17-x86/lib/server/:/usr/lib/jvm/java-11-openjdk/lib:/usr/lib/jvm/java-11-openjdk/lib/server:./
SHELL=/bin/bash
DISPLAY=:10.0
LANG=en_US.UTF-8
TERM=xterm-256color

Active Locale:
LC_ALL=en_US.UTF-8
LC_COLLATE=en_US.UTF-8
LC_CTYPE=en_US.UTF-8
LC_MESSAGES=en_US.UTF-8
LC_MONETARY=en_US.UTF-8
LC_NUMERIC=en_US.UTF-8
LC_TIME=en_US.UTF-8

Signal Handlers:
   SIGSEGV: crash_handler in libjvm.so, mask=11100100010111111101111111111110, flags=SA_RESTART|SA_SIGINFO, unblocked
    SIGBUS: crash_handler in libjvm.so, mask=11100100010111111101111111111110, flags=SA_RESTART|SA_SIGINFO, unblocked
    SIGFPE: crash_handler in libjvm.so, mask=11100100010111111101111111111110, flags=SA_RESTART|SA_SIGINFO, unblocked
   SIGPIPE: SIG_IGN, mask=00000000000010000000000000000000, flags=SA_RESTART, blocked
  *** Handler was modified!
  *** Expected: javaSignalHandler in libjvm.so, mask=11100100110111111111111111111110, flags=SA_RESTART|SA_SIGINFO
   SIGXFSZ: javaSignalHandler in libjvm.so, mask=11100100010111111101111111111110, flags=SA_RESTART|SA_SIGINFO, blocked
    SIGILL: crash_handler in libjvm.so, mask=11100100010111111101111111111110, flags=SA_RESTART|SA_SIGINFO, unblocked
   SIGUSR2: SR_handler in libjvm.so, mask=00100000000000000000000000000000, flags=SA_RESTART|SA_SIGINFO, blocked
    SIGHUP: UserHandler in libjvm.so, mask=11100100010111111101111111111110, flags=SA_RESTART|SA_SIGINFO, blocked
    SIGINT: UserHandler in libjvm.so, mask=11100100010111111101111111111110, flags=SA_RESTART|SA_SIGINFO, blocked
   SIGTERM: UserHandler in libjvm.so, mask=11100100010111111101111111111110, flags=SA_RESTART|SA_SIGINFO, blocked
   SIGQUIT: UserHandler in libjvm.so, mask=11100100010111111101111111111110, flags=SA_RESTART|SA_SIGINFO, blocked
   SIGTRAP: crash_handler in libjvm.so, mask=11100100010111111101111111111110, flags=SA_RESTART|SA_SIGINFO, unblocked


Periodic native trim disabled


---------------  S Y S T E M  ---------------

OS:
AlmaLinux release 8.10 (Cerulean Leopard)
uname: Linux 4.18.0-553.81.1.el8_10.x86_64 #1 SMP Mon Oct 27 11:29:19 EDT 2025 x86_64
OS uptime: 33 days 15:36 hours
libc: glibc 2.28 NPTL 2.28 
rlimit (soft/hard): STACK 8192k/infinity , CORE 0k/infinity , NPROC 61995/61995 , NOFILE 262144/262144 , AS infinity/infinity , CPU infinity/infinity , DATA infinity/infinity , FSIZE infinity/infinity , MEMLOCK 64k/64k
load average: 39.33 41.32 37.89

/proc/meminfo:
MemTotal:       16014448 kB
MemFree:         2794408 kB
MemAvailable:    4461508 kB
Buffers:            1064 kB
Cached:          4071572 kB
SwapCached:        38572 kB
Active:          2814728 kB
Inactive:        9788424 kB
Active(anon):    2010432 kB
Inactive(anon):  8880960 kB
Active(file):     804296 kB
Inactive(file):   907464 kB
Unevictable:        3104 kB
Mlocked:              16 kB
SwapTotal:       8388604 kB
SwapFree:        6915676 kB
Dirty:              1464 kB
Writeback:             0 kB
AnonPages:       8507632 kB
Mapped:          1552928 kB
Shmem:           2360876 kB
KReclaimable:     148768 kB
Slab:             280536 kB
SReclaimable:     148768 kB
SUnreclaim:       131768 kB
KernelStack:       22980 kB
PageTables:       157488 kB
NFS_Unstable:          0 kB
Bounce:                0 kB
WritebackTmp:          0 kB
CommitLimit:    16395828 kB
Committed_AS:   24164388 kB
VmallocTotal:   34359738367 kB
VmallocUsed:       69300 kB
VmallocChunk:          0 kB
Percpu:             2704 kB
HardwareCorrupted:     0 kB
AnonHugePages:         0 kB
ShmemHugePages:        0 kB
ShmemPmdMapped:        0 kB
FileHugePages:         0 kB
FilePmdMapped:         0 kB
HugePages_Total:       0
HugePages_Free:        0
HugePages_Rsvd:        0
HugePages_Surp:        0
Hugepagesize:       2048 kB
Hugetlb:               0 kB
DirectMap4k:     2514796 kB
DirectMap2M:    13869056 kB

/sys/kernel/mm/transparent_hugepage/enabled: always madvise [never]
/sys/kernel/mm/transparent_hugepage/hpage_pmd_size: 2097152
/sys/kernel/mm/transparent_hugepage/defrag (defrag/compaction efforts parameter): always defer defer+madvise [madvise] never

Process Memory:
Virtual Size: 1124404K (peak: 1141288K)
Resident Set Size: 358340K (peak: 373180K) (anon: 324360K, file: 33980K, shmem: 0K)
Swapped out: 0K
C-Heap outstanding allocations: 23778K, retained: 190897K
glibc malloc tunables: (default)

/proc/sys/kernel/threads-max (system-wide limit on the number of threads): 123991
/proc/sys/vm/max_map_count (maximum number of memory map areas a process may have): 1677720
/proc/sys/kernel/pid_max (system-wide limit on number of process identifiers): 4194304

container (cgroup) information:
container_type: cgroupv1
cpu_cpuset_cpus: 0-3
cpu_memory_nodes: 0
active_processor_count: 4
cpu_quota: no quota
cpu_period: 100000
cpu_shares: no shares
memory_limit_in_bytes: unlimited
memory_and_swap_limit_in_bytes: unlimited
memory_soft_limit_in_bytes: unlimited
memory_usage_in_bytes: 11983500 k
memory_max_usage_in_bytes: 14783012 k
kernel_memory_usage_in_bytes: 242088 k
kernel_memory_max_usage_in_bytes: unlimited
kernel_memory_limit_in_bytes: 985464 k
maximum number of tasks: unlimited
current number of tasks: 708

KVM virtualization detected
Steal ticks since vm start: 105
Steal ticks percentage since vm start:  0.000

CPU: total 4 (initial active 4) (1 cores per cpu, 1 threads per core) family 6 model 60 stepping 1 microcode 0x1, cx8, cmov, fxsr, mmx, sse, sse2, sse3, ssse3, sse4.1, sse4.2, popcnt, lzcnt, tsc, avx, avx2, aes, erms, clmul, bmi1, bmi2, fma, vzeroupper, clflush, hv
CPU Model and flags from /proc/cpuinfo:
model name	: Intel Core Processor (Haswell, no TSX)
flags		: fpu vme de pse tsc msr pae mce cx8 apic sep mtrr pge mca cmov pat pse36 clflush mmx fxsr sse sse2 syscall nx rdtscp lm constant_tsc rep_good nopl xtopology cpuid tsc_known_freq pni pclmulqdq vmx ssse3 fma cx16 pcid sse4_1 sse4_2 x2apic movbe popcnt tsc_deadline_timer aes xsave avx f16c rdrand hypervisor lahf_lm abm cpuid_fault invpcid_single pti tpr_shadow vnmi flexpriority ept vpid ept_ad fsgsbase bmi1 avx2 smep bmi2 erms invpcid xsaveopt arat md_clear

Online cpus: 0-3
Offline cpus: 
BIOS frequency limitation: <Not Available>
Frequency switch latency (ns): <Not Available>
Available cpu frequencies: <Not Available>
Current governor: <Not Available>
Core performance/turbo boost: <Not Available>

Memory: 4k page, physical 16014448k(2796760k free), swap 8388604k(6915676k free)
Page Sizes: 4k

vm_info: OpenJDK Server VM (17.0.11+9-LTS) for linux-x86 JRE (17.0.11+9-LTS) (Zulu17.50+19-CA), built on Apr  9 2024 07:14:46 by "zulu_re" with gcc 8.3.0

END.
