#
# A fatal error has been detected by the Java Runtime Environment:
#
#  SIGSEGV (0xb) at pc=0xf78a5618, pid=1396284, tid=1396284
#
# JRE version: OpenJDK Runtime Environment Zulu17.50+19-CA (17.0.11+9) (build 17.0.11+9-LTS)
# Java VM: OpenJDK Server VM Zulu17.50+19-CA (17.0.11+9-LTS, mixed mode, sharing, tiered, g1 gc, linux-x86)
# Problematic frame:
# C  [libc.so.6+0x84618]  cfree+0x28
#
# Core dump will be written. Default location: Core dumps may be processed with "/usr/lib/systemd/systemd-coredump %P %u %g %s %t %c %h %e" (or dumping to /home/almalinux/swg-returns-nge/exe/linux/core.1396284)
#
# If you would like to submit a bug report, please visit:
#   http://www.azul.com/support/
#

---------------  S U M M A R Y ------------

Command Line: -Xms128m -Xmx512m -Xss768k -XX:MaxMetaspaceSize=96m -Xrs -XX:-UsePerfData -XX:-AllowUserSignalHandlers -XX:UseSSE=3 -XX+DoEscapeAnalysis -XX:AutoBoxCacheMax:2000 -XX:+OptimizeStringConcat -XX:+OptimizeFill -XX:+EliminateAutoBox -XX:+UseCompressedStrings -XX:+UseCompressedOops -XX:+EliminateLocks -XX:UseFastAccessorMethods -XX:+UseStringCache -XgcPrio:throughput -XXkeepAreaRatio:1 -XXlazyUnlocking -XXcallProfiling -XXcompactRatio:1 

Host: Intel Core Processor (Haswell, no TSX), 4 cores, 15G, AlmaLinux release 8.10 (Cerulean Leopard)
Time: Sun Jan 25 14:38:08 2026 UTC elapsed time: 4549.547280 seconds (0d 1h 15m 49s)

---------------  T H R E A D  ---------------

Current thread is native thread

Stack: [0xffe94000,0xfff54000],  sp=0xfff514b0,  free space=757k
Native frames: (J=compiled Java code, j=interpreted, Vv=VM code, C=native code)
C  [libc.so.6+0x84618]  cfree+0x28


siginfo: si_signo: 11 (SIGSEGV), si_code: 1 (SEGV_MAPERR), si_addr: 0x00000003

Registers:
EAX=0x00000000, EBX=0x00000007, ECX=0xf6ee384c, EDX=0x0a709e58
ESP=0xfff514b0, EBP=0xfff515e8, ESI=0xf79c6000, EDI=0x00000000
EIP=0xf78a5618, EFLAGS=0x00210202, CR2=0x0000000000000003


Top of Stack: (sp=0xfff514b0)
0xfff514b0:   0a38d000 00000000 fff515e8 f7b32f1c
0xfff514c0:   0a38d090 f7c49a04 0a709e30 f7b32f1c
0xfff514d0:   00000007 f7b32f0a f7c49a04 f7b32f4c
0xfff514e0:   0a38d090 f7b32f0a 0a70dbd0 085b6163
0xfff514f0:   00000007 0a38d000 0a38cd10 085bb8d1
0xfff51500:   0a38d000 0a38cd10 00000000 085bb89b
0xfff51510:   0bbac0d0 fff51537 fff5155c 085c6969
0xfff51520:   087d6c00 fff5155c fff515e8 084fc53b
0xfff51530:   00000014 00010002 00000000 00000000
0xfff51540:   01010100 00000001 09aa44c0 00000000
0xfff51550:   00000000 00000000 00000000 00000000
0xfff51560:   00000000 00000015 fff516b8 f78566ff
0xfff51570:   f79c641c 47677753 53656d61 65767265
0xfff51580:   33313a72 38323639 09290034 0a6ef1f0
0xfff51590:   08ea0100 08ebc230 08ea5888 f79c641c
0xfff515a0:   00000428 00000420 f7856779 085758fd
0xfff515b0:   08ea2a80 09b1ea78 08ea5888 08574f56
0xfff515c0:   0929a2c4 0929a2c4 fff516b8 08ea583b
0xfff515d0:   0000000c fff51684 fff51600 f79c6000
0xfff515e0:   00000000 08575910 00000000 f783ef26
0xfff515f0:   00000000 08575910 00000000 f783ef26
0xfff51600:   0000000c fff51684 fff516b8 fff51624
0xfff51610:   0929a2d0 00000000 fff516b8 f79c6000
0xfff51620:   f782e75c f79c6000 00000000 08575910
0xfff51630:   00000000 d3ec1b57 3e1dd347 00000000
0xfff51640:   00000000 00000000 f7f454d0 f783ee30
0xfff51650:   084fc260 0929a2c4 0000000c 08575946
0xfff51660:   084fc260 0000000c fff51684 08ea57f0
0xfff51670:   08ea5850 f7f454d0 fff5167c f7f72970
0xfff51680:   0000000c fff5263a fff5264c fff5264f
0xfff51690:   fff52661 fff52664 fff5266f fff52693
0xfff516a0:   fff526a3 fff526b0 fff526cd fff526d0 

Instructions: (pc=0xf78a5618)
0xf78a5518:   50 8d 96 86 f7 fa ff 8d 86 d0 2f fb ff e8 c6 b7
0xf78a5528:   ff ff 8d b6 00 00 00 00 bb 20 00 00 00 e9 5e fe
0xf78a5538:   ff ff e8 a1 c0 ff ff 89 c5 85 c0 0f 85 68 ff ff
0xf78a5548:   ff 31 d2 8d 44 3b 10 e8 8c c1 ff ff 89 da 89 f9
0xf78a5558:   89 c5 e8 11 f0 ff ff 89 c2 85 c0 75 1b 85 ed 74
0xf78a5568:   17 90 89 fa 89 e8 e8 bd c5 ff ff 89 da 89 f9 89
0xf78a5578:   c5 e8 f2 ef ff ff 89 c2 85 ed 0f 84 57 ff ff ff
0xf78a5588:   e9 39 ff ff ff 8d 86 b8 31 fb ff 83 ec 0c b9 25
0xf78a5598:   0d 00 00 50 8d 96 86 f7 fa ff 8d 86 74 2f fb ff
0xf78a55a8:   e8 43 b7 ff ff 8d 76 00 f3 0f 1e fb e8 0a 9a f9
0xf78a55b8:   ff 05 47 0a 12 00 56 53 83 ec 04 8b 5c 24 10 8b
0xf78a55c8:   74 24 14 8b 80 50 ff ff ff c7 00 00 00 00 00 e8
0xf78a55d8:   54 bb ff ff 8b 4c 24 0c 83 c4 04 89 f2 89 d8 5b
0xf78a55e8:   5e e9 42 fd ff ff 66 90 f3 0f 1e fb 56 e8 9a 9b
0xf78a55f8:   f9 ff 81 c6 06 0a 12 00 53 83 ec 14 8b 5c 24 20
0xf78a5608:   8b 86 5c ff ff ff 8b 00 85 c0 75 6c 85 db 74 75
0xf78a5618:   8b 4b fc 8d 53 f8 f6 c1 02 75 35 8b 86 70 fe ff
0xf78a5628:   ff 65 8b 00 85 c0 0f 84 8c 00 00 00 83 e1 04 8d
0xf78a5638:   86 60 07 00 00 74 09 89 d0 25 00 00 f0 ff 8b 00
0xf78a5648:   83 c4 14 31 c9 5b 5e e9 8c cb ff ff 8d 74 26 00
0xf78a5658:   8b 9e 60 01 00 00 85 db 75 10 3b 8e 48 01 00 00
0xf78a5668:   76 08 81 f9 00 00 08 00 76 26 83 c4 14 89 d0 5b
0xf78a5678:   5e e9 92 b8 ff ff 66 90 83 ec 08 ff 74 24 24 53
0xf78a5688:   ff d0 83 c4 10 83 c4 14 5b 5e c3 8d 74 26 00 90
0xf78a5698:   39 96 80 1d 00 00 77 08 39 96 7c 1d 00 00 77 ca
0xf78a56a8:   83 e1 f8 8d 04 09 89 8e 48 01 00 00 89 86 40 01
0xf78a56b8:   00 00 90 eb b5 8d 76 00 8b 86 74 fe ff ff 65 80
0xf78a56c8:   38 00 0f 85 64 ff ff ff 89 54 24 0c e8 97 ed ff
0xf78a56d8:   ff 8b 4b fc 8b 54 24 0c e9 4f ff ff ff 8d b4 26
0xf78a56e8:   00 00 00 00 8d 74 26 00 f3 0f 1e fb 55 57 56 e8
0xf78a56f8:   98 9a f9 ff 81 c6 04 09 12 00 53 83 ec 0c 8b 86
0xf78a5708:   70 fe ff ff 8b 96 74 fe ff ff 65 8b 28 65 c6 02 



---------------  P R O C E S S  ---------------

VM state: at safepoint (shutting down)

VM Mutex/Monitor currently owned by a thread:  ([mutex/lock_event])
[0xf5e21d30] Threads_lock - owner thread: 0xc4194cf0

GC Precious Log:
<Skipped>

Heap:
 garbage-first heap   total 131072K, used 54660K [0xc5c00000, 0xe5c00000)
  region size 1024K, 50 young (51200K), 7 survivors (7168K)
 Metaspace       used 7794K, committed 8768K, reserved 16384K

Heap Regions: E=young(eden), S=young(survivor), O=old, HS=humongous(starts), HC=humongous(continues), CS=collection set, F=free, OA=open archive, CA=closed archive, TAMS=top-at-mark-start (previous, next)
|   0|0xc5c00000, 0xc5d00000, 0xc5d00000|100%| O|  |TAMS 0xc5c00000, 0xc5c00000| Untracked 
|   1|0xc5d00000, 0xc5e00000, 0xc5e00000|100%| O|  |TAMS 0xc5d00000, 0xc5d00000| Untracked 
|   2|0xc5e00000, 0xc5f00000, 0xc5f00000|100%| O|  |TAMS 0xc5e00000, 0xc5e00000| Untracked 
|   3|0xc5f00000, 0xc5f77000, 0xc6000000| 46%| O|  |TAMS 0xc5f00000, 0xc5f00000| Untracked 
|   4|0xc6000000, 0xc6000000, 0xc6100000|  0%| F|  |TAMS 0xc6000000, 0xc6000000| Untracked 
|   5|0xc6100000, 0xc6100000, 0xc6200000|  0%| F|  |TAMS 0xc6100000, 0xc6100000| Untracked 
|   6|0xc6200000, 0xc6200000, 0xc6300000|  0%| F|  |TAMS 0xc6200000, 0xc6200000| Untracked 
|   7|0xc6300000, 0xc6300000, 0xc6400000|  0%| F|  |TAMS 0xc6300000, 0xc6300000| Untracked 
|   8|0xc6400000, 0xc6400000, 0xc6500000|  0%| F|  |TAMS 0xc6400000, 0xc6400000| Untracked 
|   9|0xc6500000, 0xc6500000, 0xc6600000|  0%| F|  |TAMS 0xc6500000, 0xc6500000| Untracked 
|  10|0xc6600000, 0xc6600000, 0xc6700000|  0%| F|  |TAMS 0xc6600000, 0xc6600000| Untracked 
|  11|0xc6700000, 0xc6700000, 0xc6800000|  0%| F|  |TAMS 0xc6700000, 0xc6700000| Untracked 
|  12|0xc6800000, 0xc6800000, 0xc6900000|  0%| F|  |TAMS 0xc6800000, 0xc6800000| Untracked 
|  13|0xc6900000, 0xc6900000, 0xc6a00000|  0%| F|  |TAMS 0xc6900000, 0xc6900000| Untracked 
|  14|0xc6a00000, 0xc6a00000, 0xc6b00000|  0%| F|  |TAMS 0xc6a00000, 0xc6a00000| Untracked 
|  15|0xc6b00000, 0xc6b00000, 0xc6c00000|  0%| F|  |TAMS 0xc6b00000, 0xc6b00000| Untracked 
|  16|0xc6c00000, 0xc6c00000, 0xc6d00000|  0%| F|  |TAMS 0xc6c00000, 0xc6c00000| Untracked 
|  17|0xc6d00000, 0xc6d00000, 0xc6e00000|  0%| F|  |TAMS 0xc6d00000, 0xc6d00000| Untracked 
|  18|0xc6e00000, 0xc6e00000, 0xc6f00000|  0%| F|  |TAMS 0xc6e00000, 0xc6e00000| Untracked 
|  19|0xc6f00000, 0xc6f00000, 0xc7000000|  0%| F|  |TAMS 0xc6f00000, 0xc6f00000| Untracked 
|  20|0xc7000000, 0xc7000000, 0xc7100000|  0%| F|  |TAMS 0xc7000000, 0xc7000000| Untracked 
|  21|0xc7100000, 0xc7100000, 0xc7200000|  0%| F|  |TAMS 0xc7100000, 0xc7100000| Untracked 
|  22|0xc7200000, 0xc7200000, 0xc7300000|  0%| F|  |TAMS 0xc7200000, 0xc7200000| Untracked 
|  23|0xc7300000, 0xc7300000, 0xc7400000|  0%| F|  |TAMS 0xc7300000, 0xc7300000| Untracked 
|  24|0xc7400000, 0xc7400000, 0xc7500000|  0%| F|  |TAMS 0xc7400000, 0xc7400000| Untracked 
|  25|0xc7500000, 0xc7500000, 0xc7600000|  0%| F|  |TAMS 0xc7500000, 0xc7500000| Untracked 
|  26|0xc7600000, 0xc7600000, 0xc7700000|  0%| F|  |TAMS 0xc7600000, 0xc7600000| Untracked 
|  27|0xc7700000, 0xc7700000, 0xc7800000|  0%| F|  |TAMS 0xc7700000, 0xc7700000| Untracked 
|  28|0xc7800000, 0xc7800000, 0xc7900000|  0%| F|  |TAMS 0xc7800000, 0xc7800000| Untracked 
|  29|0xc7900000, 0xc7900000, 0xc7a00000|  0%| F|  |TAMS 0xc7900000, 0xc7900000| Untracked 
|  30|0xc7a00000, 0xc7a00000, 0xc7b00000|  0%| F|  |TAMS 0xc7a00000, 0xc7a00000| Untracked 
|  31|0xc7b00000, 0xc7b00000, 0xc7c00000|  0%| F|  |TAMS 0xc7b00000, 0xc7b00000| Untracked 
|  32|0xc7c00000, 0xc7c00000, 0xc7d00000|  0%| F|  |TAMS 0xc7c00000, 0xc7c00000| Untracked 
|  33|0xc7d00000, 0xc7d00000, 0xc7e00000|  0%| F|  |TAMS 0xc7d00000, 0xc7d00000| Untracked 
|  34|0xc7e00000, 0xc7e00000, 0xc7f00000|  0%| F|  |TAMS 0xc7e00000, 0xc7e00000| Untracked 
|  35|0xc7f00000, 0xc7f00000, 0xc8000000|  0%| F|  |TAMS 0xc7f00000, 0xc7f00000| Untracked 
|  36|0xc8000000, 0xc8000000, 0xc8100000|  0%| F|  |TAMS 0xc8000000, 0xc8000000| Untracked 
|  37|0xc8100000, 0xc8100000, 0xc8200000|  0%| F|  |TAMS 0xc8100000, 0xc8100000| Untracked 
|  38|0xc8200000, 0xc8200000, 0xc8300000|  0%| F|  |TAMS 0xc8200000, 0xc8200000| Untracked 
|  39|0xc8300000, 0xc8300000, 0xc8400000|  0%| F|  |TAMS 0xc8300000, 0xc8300000| Untracked 
|  40|0xc8400000, 0xc8400000, 0xc8500000|  0%| F|  |TAMS 0xc8400000, 0xc8400000| Untracked 
|  41|0xc8500000, 0xc8500000, 0xc8600000|  0%| F|  |TAMS 0xc8500000, 0xc8500000| Untracked 
|  42|0xc8600000, 0xc8600000, 0xc8700000|  0%| F|  |TAMS 0xc8600000, 0xc8600000| Untracked 
|  43|0xc8700000, 0xc8700000, 0xc8800000|  0%| F|  |TAMS 0xc8700000, 0xc8700000| Untracked 
|  44|0xc8800000, 0xc8800000, 0xc8900000|  0%| F|  |TAMS 0xc8800000, 0xc8800000| Untracked 
|  45|0xc8900000, 0xc89ea2e0, 0xc8a00000| 91%| S|CS|TAMS 0xc8900000, 0xc8900000| Complete 
|  46|0xc8a00000, 0xc8a00000, 0xc8b00000|  0%| F|  |TAMS 0xc8a00000, 0xc8a00000| Untracked 
|  47|0xc8b00000, 0xc8b00000, 0xc8c00000|  0%| F|  |TAMS 0xc8b00000, 0xc8b00000| Untracked 
|  48|0xc8c00000, 0xc8c00000, 0xc8d00000|  0%| F|  |TAMS 0xc8c00000, 0xc8c00000| Untracked 
|  49|0xc8d00000, 0xc8e00000, 0xc8e00000|100%| S|CS|TAMS 0xc8d00000, 0xc8d00000| Complete 
|  50|0xc8e00000, 0xc8f00000, 0xc8f00000|100%| S|CS|TAMS 0xc8e00000, 0xc8e00000| Complete 
|  51|0xc8f00000, 0xc9000000, 0xc9000000|100%| S|CS|TAMS 0xc8f00000, 0xc8f00000| Complete 
|  52|0xc9000000, 0xc9000000, 0xc9100000|  0%| F|  |TAMS 0xc9000000, 0xc9000000| Untracked 
|  53|0xc9100000, 0xc9100000, 0xc9200000|  0%| F|  |TAMS 0xc9100000, 0xc9100000| Untracked 
|  54|0xc9200000, 0xc9200000, 0xc9300000|  0%| F|  |TAMS 0xc9200000, 0xc9200000| Untracked 
|  55|0xc9300000, 0xc9400000, 0xc9400000|100%| S|CS|TAMS 0xc9300000, 0xc9300000| Complete 
|  56|0xc9400000, 0xc9500000, 0xc9500000|100%| S|CS|TAMS 0xc9400000, 0xc9400000| Complete 
|  57|0xc9500000, 0xc9600000, 0xc9600000|100%| S|CS|TAMS 0xc9500000, 0xc9500000| Complete 
|  58|0xc9600000, 0xc9600000, 0xc9700000|  0%| F|  |TAMS 0xc9600000, 0xc9600000| Untracked 
|  59|0xc9700000, 0xc9700000, 0xc9800000|  0%| F|  |TAMS 0xc9700000, 0xc9700000| Untracked 
|  60|0xc9800000, 0xc9800000, 0xc9900000|  0%| F|  |TAMS 0xc9800000, 0xc9800000| Untracked 
|  61|0xc9900000, 0xc9900000, 0xc9a00000|  0%| F|  |TAMS 0xc9900000, 0xc9900000| Untracked 
|  62|0xc9a00000, 0xc9a00000, 0xc9b00000|  0%| F|  |TAMS 0xc9a00000, 0xc9a00000| Untracked 
|  63|0xc9b00000, 0xc9b00000, 0xc9c00000|  0%| F|  |TAMS 0xc9b00000, 0xc9b00000| Untracked 
|  64|0xc9c00000, 0xc9c00000, 0xc9d00000|  0%| F|  |TAMS 0xc9c00000, 0xc9c00000| Untracked 
|  65|0xc9d00000, 0xc9d00000, 0xc9e00000|  0%| F|  |TAMS 0xc9d00000, 0xc9d00000| Untracked 
|  66|0xc9e00000, 0xc9e00000, 0xc9f00000|  0%| F|  |TAMS 0xc9e00000, 0xc9e00000| Untracked 
|  67|0xc9f00000, 0xc9f00000, 0xca000000|  0%| F|  |TAMS 0xc9f00000, 0xc9f00000| Untracked 
|  68|0xca000000, 0xca000000, 0xca100000|  0%| F|  |TAMS 0xca000000, 0xca000000| Untracked 
|  69|0xca100000, 0xca100000, 0xca200000|  0%| F|  |TAMS 0xca100000, 0xca100000| Untracked 
|  70|0xca200000, 0xca200000, 0xca300000|  0%| F|  |TAMS 0xca200000, 0xca200000| Untracked 
|  71|0xca300000, 0xca300000, 0xca400000|  0%| F|  |TAMS 0xca300000, 0xca300000| Untracked 
|  72|0xca400000, 0xca400000, 0xca500000|  0%| F|  |TAMS 0xca400000, 0xca400000| Untracked 
|  73|0xca500000, 0xca500000, 0xca600000|  0%| F|  |TAMS 0xca500000, 0xca500000| Untracked 
|  74|0xca600000, 0xca600000, 0xca700000|  0%| F|  |TAMS 0xca600000, 0xca600000| Untracked 
|  75|0xca700000, 0xca700000, 0xca800000|  0%| F|  |TAMS 0xca700000, 0xca700000| Untracked 
|  76|0xca800000, 0xca800000, 0xca900000|  0%| F|  |TAMS 0xca800000, 0xca800000| Untracked 
|  77|0xca900000, 0xca900000, 0xcaa00000|  0%| F|  |TAMS 0xca900000, 0xca900000| Untracked 
|  78|0xcaa00000, 0xcaa00000, 0xcab00000|  0%| F|  |TAMS 0xcaa00000, 0xcaa00000| Untracked 
|  79|0xcab00000, 0xcab00000, 0xcac00000|  0%| F|  |TAMS 0xcab00000, 0xcab00000| Untracked 
|  80|0xcac00000, 0xcac00000, 0xcad00000|  0%| F|  |TAMS 0xcac00000, 0xcac00000| Untracked 
|  81|0xcad00000, 0xcad00000, 0xcae00000|  0%| F|  |TAMS 0xcad00000, 0xcad00000| Untracked 
|  82|0xcae00000, 0xcae00000, 0xcaf00000|  0%| F|  |TAMS 0xcae00000, 0xcae00000| Untracked 
|  83|0xcaf00000, 0xcaf00000, 0xcb000000|  0%| F|  |TAMS 0xcaf00000, 0xcaf00000| Untracked 
|  84|0xcb000000, 0xcb000000, 0xcb100000|  0%| F|  |TAMS 0xcb000000, 0xcb000000| Untracked 
|  85|0xcb100000, 0xcb200000, 0xcb200000|100%| E|  |TAMS 0xcb100000, 0xcb100000| Complete 
|  86|0xcb200000, 0xcb300000, 0xcb300000|100%| E|CS|TAMS 0xcb200000, 0xcb200000| Complete 
|  87|0xcb300000, 0xcb400000, 0xcb400000|100%| E|CS|TAMS 0xcb300000, 0xcb300000| Complete 
|  88|0xcb400000, 0xcb500000, 0xcb500000|100%| E|CS|TAMS 0xcb400000, 0xcb400000| Complete 
|  89|0xcb500000, 0xcb600000, 0xcb600000|100%| E|CS|TAMS 0xcb500000, 0xcb500000| Complete 
|  90|0xcb600000, 0xcb700000, 0xcb700000|100%| E|CS|TAMS 0xcb600000, 0xcb600000| Complete 
|  91|0xcb700000, 0xcb800000, 0xcb800000|100%| E|CS|TAMS 0xcb700000, 0xcb700000| Complete 
|  92|0xcb800000, 0xcb900000, 0xcb900000|100%| E|CS|TAMS 0xcb800000, 0xcb800000| Complete 
|  93|0xcb900000, 0xcba00000, 0xcba00000|100%| E|CS|TAMS 0xcb900000, 0xcb900000| Complete 
|  94|0xcba00000, 0xcbb00000, 0xcbb00000|100%| E|CS|TAMS 0xcba00000, 0xcba00000| Complete 
|  95|0xcbb00000, 0xcbc00000, 0xcbc00000|100%| E|CS|TAMS 0xcbb00000, 0xcbb00000| Complete 
|  96|0xcbc00000, 0xcbd00000, 0xcbd00000|100%| E|CS|TAMS 0xcbc00000, 0xcbc00000| Complete 
|  97|0xcbd00000, 0xcbe00000, 0xcbe00000|100%| E|CS|TAMS 0xcbd00000, 0xcbd00000| Complete 
|  98|0xcbe00000, 0xcbf00000, 0xcbf00000|100%| E|CS|TAMS 0xcbe00000, 0xcbe00000| Complete 
|  99|0xcbf00000, 0xcc000000, 0xcc000000|100%| E|CS|TAMS 0xcbf00000, 0xcbf00000| Complete 
| 100|0xcc000000, 0xcc100000, 0xcc100000|100%| E|CS|TAMS 0xcc000000, 0xcc000000| Complete 
| 101|0xcc100000, 0xcc200000, 0xcc200000|100%| E|CS|TAMS 0xcc100000, 0xcc100000| Complete 
| 102|0xcc200000, 0xcc300000, 0xcc300000|100%| E|CS|TAMS 0xcc200000, 0xcc200000| Complete 
| 103|0xcc300000, 0xcc400000, 0xcc400000|100%| E|CS|TAMS 0xcc300000, 0xcc300000| Complete 
| 104|0xcc400000, 0xcc500000, 0xcc500000|100%| E|CS|TAMS 0xcc400000, 0xcc400000| Complete 
| 105|0xcc500000, 0xcc600000, 0xcc600000|100%| E|CS|TAMS 0xcc500000, 0xcc500000| Complete 
| 106|0xcc600000, 0xcc700000, 0xcc700000|100%| E|CS|TAMS 0xcc600000, 0xcc600000| Complete 
| 107|0xcc700000, 0xcc800000, 0xcc800000|100%| E|CS|TAMS 0xcc700000, 0xcc700000| Complete 
| 108|0xcc800000, 0xcc900000, 0xcc900000|100%| E|CS|TAMS 0xcc800000, 0xcc800000| Complete 
| 109|0xcc900000, 0xcca00000, 0xcca00000|100%| E|CS|TAMS 0xcc900000, 0xcc900000| Complete 
| 110|0xcca00000, 0xccb00000, 0xccb00000|100%| E|CS|TAMS 0xcca00000, 0xcca00000| Complete 
| 111|0xccb00000, 0xccc00000, 0xccc00000|100%| E|CS|TAMS 0xccb00000, 0xccb00000| Complete 
| 112|0xccc00000, 0xccd00000, 0xccd00000|100%| E|CS|TAMS 0xccc00000, 0xccc00000| Complete 
| 113|0xccd00000, 0xcce00000, 0xcce00000|100%| E|CS|TAMS 0xccd00000, 0xccd00000| Complete 
| 114|0xcce00000, 0xccf00000, 0xccf00000|100%| E|CS|TAMS 0xcce00000, 0xcce00000| Complete 
| 115|0xccf00000, 0xcd000000, 0xcd000000|100%| E|CS|TAMS 0xccf00000, 0xccf00000| Complete 
| 116|0xcd000000, 0xcd100000, 0xcd100000|100%| E|CS|TAMS 0xcd000000, 0xcd000000| Complete 
| 117|0xcd100000, 0xcd200000, 0xcd200000|100%| E|CS|TAMS 0xcd100000, 0xcd100000| Complete 
| 118|0xcd200000, 0xcd300000, 0xcd300000|100%| E|CS|TAMS 0xcd200000, 0xcd200000| Complete 
| 119|0xcd300000, 0xcd400000, 0xcd400000|100%| E|CS|TAMS 0xcd300000, 0xcd300000| Complete 
| 120|0xcd400000, 0xcd500000, 0xcd500000|100%| E|CS|TAMS 0xcd400000, 0xcd400000| Complete 
| 121|0xcd500000, 0xcd600000, 0xcd600000|100%| E|CS|TAMS 0xcd500000, 0xcd500000| Complete 
| 122|0xcd600000, 0xcd700000, 0xcd700000|100%| E|CS|TAMS 0xcd600000, 0xcd600000| Complete 
| 123|0xcd700000, 0xcd800000, 0xcd800000|100%| E|CS|TAMS 0xcd700000, 0xcd700000| Complete 
| 124|0xcd800000, 0xcd900000, 0xcd900000|100%| E|CS|TAMS 0xcd800000, 0xcd800000| Complete 
| 125|0xcd900000, 0xcda00000, 0xcda00000|100%| E|CS|TAMS 0xcd900000, 0xcd900000| Complete 
| 126|0xcda00000, 0xcdb00000, 0xcdb00000|100%| E|CS|TAMS 0xcda00000, 0xcda00000| Complete 
| 127|0xcdb00000, 0xcdc00000, 0xcdc00000|100%| E|CS|TAMS 0xcdb00000, 0xcdb00000| Complete 

Card table byte_map: [0xc5a00000,0xc5b00000] _byte_map_base: 0xc53d2000

Marking Bits (Prev, Next): (CMBitMap*) 0xf5e8b528, (CMBitMap*) 0xf5e8b548
 Prev Bits: [0xc5100000, 0xc5900000)
 Next Bits: [0xc4900000, 0xc5100000)

Polling page: 0xf7f37000

Metaspace:

Usage:
    7.61 MB used.

Virtual space:
     16.00 MB reserved,       8.56 MB ( 54%) committed,  1 nodes.

Chunk freelists:
5.16 MB

MaxMetaspaceSize: 96.00 MB
No class space
Initial GC threshold: 16.00 MB
Current GC threshold: 16.00 MB
CDS: on
MetaspaceReclaimPolicy: balanced
 - commit_granule_bytes: 65536.
 - commit_granule_words: 16384.
 - virtual_space_node_default_size: 4194304.
 - enlarge_chunks_in_place: 1.
 - new_chunks_are_fully_committed: 0.
 - uncommit_free_chunks: 1.
 - use_allocation_guard: 0.
 - handle_deallocations: 1.


Internal statistics:

num_allocs_failed_limit: 0.
num_arena_births: 604.
num_arena_deaths: 0.
num_vsnodes_births: 1.
num_vsnodes_deaths: 0.
num_space_committed: 137.
num_space_uncommitted: 0.
num_chunks_returned_to_freelist: 0.
num_chunks_taken_from_freelist: 1055.
num_chunk_merges: 0.
num_chunk_splits: 745.
num_chunks_enlarged: 509.
num_inconsistent_stats: 0.

CodeHeap 'non-profiled nmethods': size=120172Kb used=1253Kb max_used=1253Kb free=118918Kb
 bounds [0xed7f5000, 0xeda35000, 0xf4d50000]
CodeHeap 'profiled nmethods': size=120172Kb used=4585Kb max_used=4585Kb free=115586Kb
 bounds [0xe5d50000, 0xe61d0000, 0xed2ab000]
CodeHeap 'non-nmethods': size=5416Kb used=745Kb max_used=790Kb free=4670Kb
 bounds [0xed2ab000, 0xed4eb000, 0xed7f5000]
 total_blobs=2572 nmethods=2213 adapters=273
 compilation: enabled
              stopped_count=0, restarted_count=0
 full_count=0

Compilation events (20 events):
Event: 3194.482 Thread 0xc41a0580 2213   !   3       jdk.internal.reflect.GeneratedMethodAccessor74::invoke (68 bytes)
Event: 3194.494 Thread 0xc41a0580 nmethod 2213 0xe61c5588 code [0xe61c59a0, 0xe61c71dc]
Event: 3270.556 Thread 0xc41a0580 2214       3       script.library.gcw::getImperialPercentileByRegion (41 bytes)
Event: 3270.558 Thread 0xc41a0580 nmethod 2214 0xe61c8088 code [0xe61c8240, 0xe61c8844]
Event: 3280.651 Thread 0xc41a0580 2215       3       script.deltadictionary::removeAll (42 bytes)
Event: 3280.652 Thread 0xc41a0580 nmethod 2215 0xe61c8a88 code [0xe61c8c40, 0xe61c929c]
Event: 3911.733 Thread 0xc419f450 2216 %     4       script.dictionary_byte_array_input_stream::<init> @ 196 (333 bytes)
Event: 3911.747 Thread 0xc419f450 nmethod 2216% 0xed92d688 code [0xed92d7c0, 0xed92db90]
Event: 3911.747 Thread 0xc419f450 2217       4       jdk.internal.logger.SurrogateLogger::defaultPlatformLevel (4 bytes)
Event: 3911.748 Thread 0xc419f450 nmethod 2217 0xed92dd08 code [0xed92de20, 0xed92de90]
Event: 4318.878 Thread 0xc41a0580 2218   !   3       jdk.internal.reflect.GeneratedSerializationConstructorAccessor6::newInstance (49 bytes)
Event: 4318.879 Thread 0xc41a0580 nmethod 2218 0xe61c9508 code [0xe61c9680, 0xe61c9a04]
Event: 4318.879 Thread 0xc41a0580 2219       3       java.io.ObjectStreamClass::hasReadObjectNoDataMethod (17 bytes)
Event: 4318.880 Thread 0xc41a0580 nmethod 2219 0xe61c9c08 code [0xe61c9d60, 0xe61c9fcc]
Event: 4345.823 Thread 0xc419f450 2220       4       java.util.Arrays::rangeCheck (74 bytes)
Event: 4345.824 Thread 0xc419f450 nmethod 2220 0xed92e008 code [0xed92e120, 0xed92e1d0]
Event: 4362.547 Thread 0xc419f450 2221       4       java.lang.Math::round (56 bytes)
Event: 4362.549 Thread 0xc419f450 nmethod 2221 0xed92e308 code [0xed92e420, 0xed92e4f0]
Event: 4406.897 Thread 0xc41a0580 2222       3       java.util.Collections::swap (25 bytes)
Event: 4406.898 Thread 0xc41a0580 nmethod 2222 0xe61ca108 code [0xe61ca260, 0xe61ca524]

GC Heap History (10 events):
Event: 55.095 GC heap before
{Heap before GC invocations=0 (full 0):
 garbage-first heap   total 131072K, used 12288K [0xc5c00000, 0xe5c00000)
  region size 1024K, 13 young (13312K), 0 survivors (0K)
 Metaspace       used 2817K, committed 3072K, reserved 16384K
}
Event: 55.117 GC heap after
{Heap after GC invocations=1 (full 0):
 garbage-first heap   total 131072K, used 2578K [0xc5c00000, 0xe5c00000)
  region size 1024K, 2 young (2048K), 2 survivors (2048K)
 Metaspace       used 2817K, committed 3072K, reserved 16384K
}
Event: 104.759 GC heap before
{Heap before GC invocations=1 (full 0):
 garbage-first heap   total 131072K, used 17938K [0xc5c00000, 0xe5c00000)
  region size 1024K, 17 young (17408K), 2 survivors (2048K)
 Metaspace       used 3953K, committed 4288K, reserved 16384K
}
Event: 104.772 GC heap after
{Heap after GC invocations=2 (full 0):
 garbage-first heap   total 131072K, used 3822K [0xc5c00000, 0xe5c00000)
  region size 1024K, 2 young (2048K), 2 survivors (2048K)
 Metaspace       used 3953K, committed 4288K, reserved 16384K
}
Event: 120.826 GC heap before
{Heap before GC invocations=2 (full 0):
 garbage-first heap   total 131072K, used 79598K [0xc5c00000, 0xe5c00000)
  region size 1024K, 76 young (77824K), 2 survivors (2048K)
 Metaspace       used 4832K, committed 5376K, reserved 16384K
}
Event: 120.881 GC heap after
{Heap after GC invocations=3 (full 0):
 garbage-first heap   total 131072K, used 5090K [0xc5c00000, 0xe5c00000)
  region size 1024K, 3 young (3072K), 3 survivors (3072K)
 Metaspace       used 4832K, committed 5376K, reserved 16384K
}
Event: 478.337 GC heap before
{Heap before GC invocations=3 (full 0):
 garbage-first heap   total 131072K, used 79842K [0xc5c00000, 0xe5c00000)
  region size 1024K, 76 young (77824K), 3 survivors (3072K)
 Metaspace       used 6662K, committed 7488K, reserved 16384K
}
Event: 478.373 GC heap after
{Heap after GC invocations=4 (full 0):
 garbage-first heap   total 131072K, used 8531K [0xc5c00000, 0xe5c00000)
  region size 1024K, 6 young (6144K), 6 survivors (6144K)
 Metaspace       used 6662K, committed 7488K, reserved 16384K
}
Event: 591.541 GC heap before
{Heap before GC invocations=4 (full 0):
 garbage-first heap   total 131072K, used 80211K [0xc5c00000, 0xe5c00000)
  region size 1024K, 76 young (77824K), 6 survivors (6144K)
 Metaspace       used 7472K, committed 8384K, reserved 16384K
}
Event: 591.679 GC heap after
{Heap after GC invocations=5 (full 0):
 garbage-first heap   total 131072K, used 10628K [0xc5c00000, 0xe5c00000)
  region size 1024K, 7 young (7168K), 7 survivors (7168K)
 Metaspace       used 7472K, committed 8384K, reserved 16384K
}

Dll operation events (4 events):
Event: 0.003 Loaded shared library /usr/lib/jvm/java-17-zulu-openjdk-jdk-x86/lib/libjava.so
Event: 54.875 Loaded shared library /usr/lib/jvm/java-17-zulu-openjdk-jdk-x86/lib/libnio.so
Event: 54.876 Loaded shared library /usr/lib/jvm/java-17-zulu-openjdk-jdk-x86/lib/libjimage.so
Event: 54.877 Loaded shared library /usr/lib/jvm/java-17-zulu-openjdk-jdk-x86/lib/libnet.so

Deoptimization events (20 events):
Event: 556.220 Thread 0x0ba188b0 DEOPT PACKING pc=0xed8f0e24 sp=0xfff506e0
Event: 556.220 Thread 0x0ba188b0 DEOPT UNPACKING pc=0xed2f4d33 sp=0xfff50670 mode 2
Event: 562.504 Thread 0x0ba188b0 Uncommon trap: trap_request=0xfffffff4 fr.pc=0xed869ed4 relative=0x000004f4
Event: 562.505 Thread 0x0ba188b0 Uncommon trap: reason=null_check action=make_not_entrant pc=0xed869ed4 method=script.dictionary.getInt(Ljava/lang/Object;)I @ 25 c2
Event: 562.505 Thread 0x0ba188b0 DEOPT PACKING pc=0xed869ed4 sp=0xfff503a0
Event: 562.505 Thread 0x0ba188b0 DEOPT UNPACKING pc=0xed2f4d33 sp=0xfff50398 mode 2
Event: 612.724 Thread 0x0ba188b0 DEOPT PACKING pc=0xe60b722b sp=0xfff50880
Event: 612.724 Thread 0x0ba188b0 DEOPT UNPACKING pc=0xed2f4171 sp=0xfff5070c mode 0
Event: 717.178 Thread 0x0ba188b0 Uncommon trap: trap_request=0xffffff45 fr.pc=0xed8e38e4 relative=0x000002a4
Event: 717.178 Thread 0x0ba188b0 Uncommon trap: reason=unstable_if action=reinterpret pc=0xed8e38e4 method=java.util.HashMap.putVal(ILjava/lang/Object;Ljava/lang/Object;ZZ)Ljava/lang/Object; @ 162 c2
Event: 717.178 Thread 0x0ba188b0 DEOPT PACKING pc=0xed8e38e4 sp=0xfff50970
Event: 717.178 Thread 0x0ba188b0 DEOPT UNPACKING pc=0xed2f4d33 sp=0xfff50934 mode 2
Event: 756.556 Thread 0x0ba188b0 Uncommon trap: trap_request=0xffffff45 fr.pc=0xed8bf070 relative=0x00000bd0
Event: 756.556 Thread 0x0ba188b0 Uncommon trap: reason=unstable_if action=reinterpret pc=0xed8bf070 method=script.obj_id.unlockScripts()V @ 54 c2
Event: 756.556 Thread 0x0ba188b0 DEOPT PACKING pc=0xed8bf070 sp=0xfff50e20
Event: 756.556 Thread 0x0ba188b0 DEOPT UNPACKING pc=0xed2f4d33 sp=0xfff50db4 mode 2
Event: 756.556 Thread 0x0ba188b0 Uncommon trap: trap_request=0xffffff45 fr.pc=0xed89d7b0 relative=0x00000250
Event: 756.556 Thread 0x0ba188b0 Uncommon trap: reason=unstable_if action=reinterpret pc=0xed89d7b0 method=script.obj_id.unlockScripts()V @ 54 c2
Event: 756.556 Thread 0x0ba188b0 DEOPT PACKING pc=0xed89d7b0 sp=0xfff50dd0
Event: 756.556 Thread 0x0ba188b0 DEOPT UNPACKING pc=0xed2f4d33 sp=0xfff50db0 mode 2

Classes unloaded (0 events):
No events

Classes redefined (0 events):
No events

Internal exceptions (16 events):
Event: 54.754 Thread 0x0ba188b0 Exception <a 'java/lang/NoSuchMethodError'{0xcd318b08}: 'java.lang.Object java.lang.invoke.DirectMethodHandle$Holder.invokeStatic(java.lang.Object, float)'> (0xcd318b08) 
thrown [src/hotspot/share/interpreter/linkResolver.cpp, line 759]
Event: 55.131 Thread 0x0ba188b0 Exception <a 'java/lang/NoSuchMethodError'{0xcdb78490}: 'java.lang.Object java.lang.invoke.DirectMethodHandle$Holder.invokeSpecial(java.lang.Object, java.lang.Object, long, java.lang.Object, java.lang.Object, java.lang.Object, java.lang.Object, int, java.lang.Object)'> (0xcdb78490) 
thrown [src/hotspot/share/interpreter/linkResolver.cpp, line 759]
Event: 55.132 Thread 0x0ba188b0 Exception <a 'java/lang/NoSuchMethodError'{0xcdb7c790}: 'java.lang.Object java.lang.invoke.DelegatingMethodHandle$Holder.reinvoke_L(java.lang.Object, long, java.lang.Object, java.lang.Object, java.lang.Object, java.lang.Object, int, java.lang.Object)'> (0xcdb7c790) 
thrown [src/hotspot/share/interpreter/linkResolver.cpp, line 759]
Event: 55.144 Thread 0x0ba188b0 Exception <a 'java/lang/NoSuchMethodError'{0xcda2c0e8}: 'java.lang.Object java.lang.invoke.DirectMethodHandle$Holder.invokeSpecial(java.lang.Object, java.lang.Object, java.lang.Object, java.lang.Object, float)'> (0xcda2c0e8) 
thrown [src/hotspot/share/interpreter/linkResolver.cpp, line 759]
Event: 55.150 Thread 0x0ba188b0 Exception <a 'java/lang/NoSuchMethodError'{0xcda58d60}: 'java.lang.Object java.lang.invoke.DirectMethodHandle$Holder.invokeSpecial(java.lang.Object, java.lang.Object, java.lang.Object, java.lang.Object, int)'> (0xcda58d60) 
thrown [src/hotspot/share/interpreter/linkResolver.cpp, line 759]
Event: 55.151 Thread 0x0ba188b0 Exception <a 'java/lang/NoSuchMethodError'{0xcda5c4c8}: 'java.lang.Object java.lang.invoke.Invokers$Holder.linkToTargetMethod(java.lang.Object, java.lang.Object, int, java.lang.Object)'> (0xcda5c4c8) 
thrown [src/hotspot/share/interpreter/linkResolver.cpp, line 759]
Event: 55.273 Thread 0x0ba188b0 Exception <a 'java/lang/NoSuchMethodError'{0xcd80f440}: 'java.lang.Object java.lang.invoke.DirectMethodHandle$Holder.invokeSpecial(java.lang.Object, java.lang.Object, long, java.lang.Object, java.lang.Object, java.lang.Object, java.lang.Object, java.lang.Object, java.lang.Object)'> (0xcd80f440) 
thrown [src/hotspot/share/interpreter/linkResolver.cpp, line 759]
Event: 55.274 Thread 0x0ba188b0 Exception <a 'java/lang/NoSuchMethodError'{0xcd813818}: 'java.lang.Object java.lang.invoke.DelegatingMethodHandle$Holder.reinvoke_L(java.lang.Object, long, java.lang.Object, java.lang.Object, java.lang.Object, java.lang.Object, java.lang.Object, java.lang.Object)'> (0xcd813818) 
thrown [src/hotspot/share/interpreter/linkResolver.cpp, line 759]
Event: 65.101 Thread 0x0ba188b0 Exception <a 'java/lang/NoSuchMethodError'{0xcd8a3168}: 'java.lang.Object java.lang.invoke.DirectMethodHandle$Holder.invokeStaticInit(java.lang.Object)'> (0xcd8a3168) 
thrown [src/hotspot/share/interpreter/linkResolver.cpp, line 759]
Event: 141.511 Thread 0x0ba188b0 Exception <a 'java/lang/NoSuchMethodError'{0xcb362680}: 'java.lang.Object java.lang.invoke.DirectMethodHandle$Holder.invokeSpecial(java.lang.Object, java.lang.Object, java.lang.Object, java.lang.Object, java.lang.Object, java.lang.Object, int)'> (0xcb362680) 
thrown [src/hotspot/share/interpreter/linkResolver.cpp, line 759]
Event: 201.671 Thread 0x0ba188b0 Exception <a 'java/lang/NoSuchMethodError'{0xcaf977e8}: static [Lscript/obj_id;.<clinit>()V> (0xcaf977e8) 
thrown [src/hotspot/share/prims/jni.cpp, line 1112]
Event: 223.324 Thread 0x0ba188b0 Exception <a 'java/lang/NoSuchMethodError'{0xcad739a0}: 'java.lang.Object java.lang.invoke.DirectMethodHandle$Holder.invokeSpecial(java.lang.Object, java.lang.Object, int, int, int)'> (0xcad739a0) 
thrown [src/hotspot/share/interpreter/linkResolver.cpp, line 759]
Event: 340.352 Thread 0x0ba188b0 Exception <a 'java/lang/NoSuchMethodError'{0xc9f3ee40}: 'java.lang.Object java.lang.invoke.DirectMethodHandle$Holder.invokeSpecial(java.lang.Object, java.lang.Object, java.lang.Object, java.lang.Object, int, java.lang.Object)'> (0xc9f3ee40) 
thrown [src/hotspot/share/interpreter/linkResolver.cpp, line 759]
Event: 340.352 Thread 0x0ba188b0 Exception <a 'java/lang/NoSuchMethodError'{0xc9f424a0}: 'java.lang.Object java.lang.invoke.Invokers$Holder.linkToTargetMethod(java.lang.Object, java.lang.Object, int, java.lang.Object, java.lang.Object)'> (0xc9f424a0) 
thrown [src/hotspot/share/interpreter/linkResolver.cpp, line 759]
Event: 340.359 Thread 0x0ba188b0 Exception <a 'java/lang/NoSuchMethodError'{0xc9f85ad0}: 'java.lang.Object java.lang.invoke.DirectMethodHandle$Holder.invokeSpecial(java.lang.Object, java.lang.Object, long, java.lang.Object, java.lang.Object, java.lang.Object, int, java.lang.Object, java.lang.Object)'> (0xc9f85ad0) 
thrown [src/hotspot/share/interpreter/linkResolver.cpp, line 759]
Event: 340.360 Thread 0x0ba188b0 Exception <a 'java/lang/NoSuchMethodError'{0xc9f89dd0}: 'java.lang.Object java.lang.invoke.DelegatingMethodHandle$Holder.reinvoke_L(java.lang.Object, long, java.lang.Object, java.lang.Object, java.lang.Object, int, java.lang.Object, java.lang.Object)'> (0xc9f89dd0) 
thrown [src/hotspot/share/interpreter/linkResolver.cpp, line 759]

VM Operations (20 events):
Event: 592.679 Executing VM operation: Cleanup
Event: 592.679 Executing VM operation: Cleanup done
Event: 612.688 Executing VM operation: Cleanup
Event: 612.688 Executing VM operation: Cleanup done
Event: 689.831 Executing VM operation: Cleanup
Event: 689.831 Executing VM operation: Cleanup done
Event: 700.840 Executing VM operation: Cleanup
Event: 700.840 Executing VM operation: Cleanup done
Event: 718.874 Executing VM operation: Cleanup
Event: 718.874 Executing VM operation: Cleanup done
Event: 719.874 Executing VM operation: Cleanup
Event: 719.874 Executing VM operation: Cleanup done
Event: 755.957 Executing VM operation: Cleanup
Event: 755.957 Executing VM operation: Cleanup done
Event: 756.957 Executing VM operation: Cleanup
Event: 756.957 Executing VM operation: Cleanup done
Event: 1207.656 Executing VM operation: Cleanup
Event: 1207.656 Executing VM operation: Cleanup done
Event: 3913.669 Executing VM operation: Cleanup
Event: 3913.669 Executing VM operation: Cleanup done

Events (20 events):
Event: 201.734 loading class java/lang/constant/DirectMethodHandleDescImpl
Event: 201.734 loading class java/lang/constant/DirectMethodHandleDesc
Event: 201.734 loading class java/lang/constant/DirectMethodHandleDesc done
Event: 201.734 loading class java/lang/constant/DirectMethodHandleDescImpl done
Event: 201.734 loading class java/lang/constant/DirectMethodHandleDescImpl$1
Event: 201.734 loading class java/lang/constant/DirectMethodHandleDescImpl$1 done
Event: 201.734 loading class java/lang/constant/DirectMethodHandleDesc$1
Event: 201.734 loading class java/lang/constant/DirectMethodHandleDesc$1 done
Event: 201.735 loading class java/lang/constant/PrimitiveClassDescImpl
Event: 201.735 loading class java/lang/constant/DynamicConstantDesc
Event: 201.735 loading class java/lang/constant/DynamicConstantDesc done
Event: 201.735 loading class java/lang/constant/PrimitiveClassDescImpl done
Event: 201.736 loading class java/lang/constant/DynamicConstantDesc$AnonymousDynamicConstantDesc
Event: 201.736 loading class java/lang/constant/DynamicConstantDesc$AnonymousDynamicConstantDesc done
Event: 340.309 loading class java/lang/AssertionError
Event: 340.309 loading class java/lang/AssertionError done
Event: 340.423 loading class java/util/Vector$Itr
Event: 340.423 loading class java/util/Vector$Itr done
Event: 4534.813 Thread 0x0ba188b0 Thread exited: 0x0ba188b0
Event: 4534.913 Thread 0xf5e242d0 Thread exited: 0xf5e242d0


Dynamic libraries:
08048000-09298000 r-xp 00000000 08:04 494947248                          /home/almalinux/swg-returns-nge/build/bin/SwgGameServer
09298000-0929c000 rw-p 0124f000 08:04 494947248                          /home/almalinux/swg-returns-nge/build/bin/SwgGameServer
0929c000-09b1f000 rw-p 00000000 00:00 0 
0a353000-16834000 rw-p 00000000 00:00 0                                  [heap]
be700000-be7f9000 rw-p 00000000 00:00 0 
be7f9000-be800000 ---p 00000000 00:00 0 
be800000-be8e1000 rw-p 00000000 00:00 0 
be8e1000-be900000 ---p 00000000 00:00 0 
be900000-bea00000 rw-p 00000000 00:00 0 
bed00000-bedff000 rw-p 00000000 00:00 0 
bedff000-bee00000 ---p 00000000 00:00 0 
bee00000-beeef000 rw-p 00000000 00:00 0 
beeef000-bef00000 ---p 00000000 00:00 0 
bef00000-beff9000 rw-p 00000000 00:00 0 
beff9000-bf000000 ---p 00000000 00:00 0 
bf000000-bf0fe000 rw-p 00000000 00:00 0 
bf0fe000-bf100000 ---p 00000000 00:00 0 
bf100000-bf1f9000 rw-p 00000000 00:00 0 
bf1f9000-bf200000 ---p 00000000 00:00 0 
bf500000-bf5f9000 rw-p 00000000 00:00 0 
bf5f9000-bf600000 ---p 00000000 00:00 0 
bf600000-bf6f3000 rw-p 00000000 00:00 0 
bf6f3000-bf700000 ---p 00000000 00:00 0 
bf700000-bf7f9000 rw-p 00000000 00:00 0 
bf7f9000-bf800000 ---p 00000000 00:00 0 
bf800000-bf8f9000 rw-p 00000000 00:00 0 
bf8f9000-bf900000 ---p 00000000 00:00 0 
bf900000-bf9f9000 rw-p 00000000 00:00 0 
bf9f9000-bfa00000 ---p 00000000 00:00 0 
bfa00000-bfaf9000 rw-p 00000000 00:00 0 
bfaf9000-bfb00000 ---p 00000000 00:00 0 
bfb00000-bfbf9000 rw-p 00000000 00:00 0 
bfbf9000-bfc00000 ---p 00000000 00:00 0 
bfc00000-bfcf9000 rw-p 00000000 00:00 0 
bfcf9000-bfd00000 ---p 00000000 00:00 0 
bfd00000-bfdf9000 rw-p 00000000 00:00 0 
bfdf9000-bfe00000 ---p 00000000 00:00 0 
bfe00000-bfef9000 rw-p 00000000 00:00 0 
bfef9000-bff00000 ---p 00000000 00:00 0 
bff00000-bfffb000 rw-p 00000000 00:00 0 
bfffb000-c0000000 ---p 00000000 00:00 0 
c0000000-c00ff000 rw-p 00000000 00:00 0 
c00ff000-c0100000 ---p 00000000 00:00 0 
c0200000-c02fa000 rw-p 00000000 00:00 0 
c02fa000-c0300000 ---p 00000000 00:00 0 
c03ab000-c03ac000 ---p 00000000 00:00 0 
c03ac000-c042c000 rw-p 00000000 00:00 0 
c042c000-c042d000 ---p 00000000 00:00 0 
c042d000-c04ad000 rw-p 00000000 00:00 0 
c0b00000-c0bf1000 rw-p 00000000 00:00 0 
c0bf1000-c0c00000 ---p 00000000 00:00 0 
c0c7f000-c0c80000 ---p 00000000 00:00 0 
c0c80000-c0d00000 rw-p 00000000 00:00 0 
c0d00000-c0dff000 rw-p 00000000 00:00 0 
c0dff000-c0e00000 ---p 00000000 00:00 0 
c127f000-c1283000 ---p 00000000 00:00 0 
c1283000-c1300000 rw-p 00000000 00:00 0 
c1300000-c13fd000 rw-p 00000000 00:00 0 
c13fd000-c1400000 ---p 00000000 00:00 0 
c167f000-c1683000 ---p 00000000 00:00 0 
c1683000-c1740000 rw-p 00000000 00:00 0 
c1740000-c1744000 ---p 00000000 00:00 0 
c1744000-c1801000 rw-p 00000000 00:00 0 
c1801000-c1802000 ---p 00000000 00:00 0 
c1802000-c1882000 rw-p 00000000 00:00 0 
c1882000-c1886000 ---p 00000000 00:00 0 
c1886000-c1943000 rw-p 00000000 00:00 0 
c1943000-c1947000 ---p 00000000 00:00 0 
c1947000-c1a04000 rw-p 00000000 00:00 0 
c1a04000-c1a08000 ---p 00000000 00:00 0 
c1a08000-c1ac5000 rw-p 00000000 00:00 0 
c1ac5000-c1ac9000 ---p 00000000 00:00 0 
c1ac9000-c1b86000 rw-p 00000000 00:00 0 
c1b86000-c1e00000 r--p 00078000 08:04 535181                             /usr/lib/locale/locale-archive
c1e00000-c2000000 r--p 00000000 08:04 535181                             /usr/lib/locale/locale-archive
c2000000-c21b0000 rw-p 00000000 00:00 0 
c21b0000-c2400000 ---p 00000000 00:00 0 
c2400000-c2ae0000 rw-p 00000000 00:00 0 
c2ae0000-c3000000 ---p 00000000 00:00 0 
c303c000-c3040000 ---p 00000000 00:00 0 
c3040000-c30bd000 rw-p 00000000 00:00 0 
c30bd000-c30c1000 ---p 00000000 00:00 0 
c30c1000-c317e000 rw-p 00000000 00:00 0 
c317e000-c3182000 ---p 00000000 00:00 0 
c3182000-c323f000 rw-p 00000000 00:00 0 
c323f000-c3243000 ---p 00000000 00:00 0 
c3243000-c3300000 rw-p 00000000 00:00 0 
c3300000-c3321000 rw-p 00000000 00:00 0 
c3321000-c3400000 ---p 00000000 00:00 0 
c3431000-c3435000 ---p 00000000 00:00 0 
c3435000-c34b2000 rw-p 00000000 00:00 0 
c34b2000-c34b3000 ---p 00000000 00:00 0 
c34b3000-c3533000 rw-p 00000000 00:00 0 
c3533000-c3e00000 rw-p 00001000 08:04 143240867                          /usr/lib/jvm/java-17-zulu-openjdk-jdk-x86/lib/server/classes.jsa
c3e00000-c3e21000 rw-p 00000000 00:00 0 
c3e21000-c3f00000 ---p 00000000 00:00 0 
c3f7f000-c3f80000 ---p 00000000 00:00 0 
c3f80000-c4000000 rw-p 00000000 00:00 0 
c4000000-c4021000 rw-p 00000000 00:00 0 
c4021000-c4100000 ---p 00000000 00:00 0 
c4100000-c41d6000 rw-p 00000000 00:00 0 
c41d6000-c4200000 ---p 00000000 00:00 0 
c427f000-c4280000 ---p 00000000 00:00 0 
c4280000-c4300000 rw-p 00000000 00:00 0 
c4300000-c434b000 rw-p 00000000 00:00 0 
c434b000-c4400000 ---p 00000000 00:00 0 
c447f000-c4480000 ---p 00000000 00:00 0 
c4480000-c4500000 rw-p 00000000 00:00 0 
c4500000-c45fd000 rw-p 00000000 00:00 0 
c45fd000-c4600000 ---p 00000000 00:00 0 
c467f000-c4680000 ---p 00000000 00:00 0 
c4680000-c4700000 rw-p 00000000 00:00 0 
c4700000-c47fd000 rw-p 00000000 00:00 0 
c47fd000-c4800000 ---p 00000000 00:00 0 
c487f000-c4880000 ---p 00000000 00:00 0 
c4880000-c4b00000 rw-p 00000000 00:00 0 
c4b00000-c5100000 ---p 00000000 00:00 0 
c5100000-c5300000 rw-p 00000000 00:00 0 
c5300000-c5900000 ---p 00000000 00:00 0 
c5900000-c5940000 rw-p 00000000 00:00 0 
c5940000-c5a00000 ---p 00000000 00:00 0 
c5a00000-c5a40000 rw-p 00000000 00:00 0 
c5a40000-c5b00000 ---p 00000000 00:00 0 
c5b00000-c5b40000 rw-p 00000000 00:00 0 
c5b40000-c5c00000 ---p 00000000 00:00 0 
c5c00000-cdc00000 rw-p 00000000 00:00 0 
cdc00000-e5c00000 ---p 00000000 00:00 0 
e5c65000-e5c6a000 rw-p 00000000 00:00 0 
e5c6a000-e5d50000 ---p 00000000 00:00 0 
e5d50000-e61d0000 rwxp 00000000 00:00 0 
e61d0000-ed2ab000 ---p 00000000 00:00 0 
ed2ab000-ed4eb000 rwxp 00000000 00:00 0 
ed4eb000-ed7f5000 ---p 00000000 00:00 0 
ed7f5000-eda35000 rwxp 00000000 00:00 0 
eda35000-f4d50000 ---p 00000000 00:00 0 
f4d50000-f4eb8000 r--s 00000000 08:04 117534333                          /usr/lib/jvm/java-17-zulu-openjdk-jdk-x86/lib/modules
f4eb8000-f5d5a000 r-xp 00000000 08:04 143240869                          /usr/lib/jvm/java-17-zulu-openjdk-jdk-x86/lib/server/libjvm.so
f5d5a000-f5daf000 r--p 00ea1000 08:04 143240869                          /usr/lib/jvm/java-17-zulu-openjdk-jdk-x86/lib/server/libjvm.so
f5daf000-f5dd0000 rw-p 00ef6000 08:04 143240869                          /usr/lib/jvm/java-17-zulu-openjdk-jdk-x86/lib/server/libjvm.so
f5dd0000-f5e00000 rw-p 00000000 00:00 0 
f5e00000-f5f00000 rw-p 00000000 00:00 0 
f5f7d000-f5f7e000 ---p 00000000 00:00 0 
f5f7e000-f5f82000 ---p 00000000 00:00 0 
f5f82000-f6af6000 rw-p 00000000 00:00 0 
f6b02000-f6b17000 r-xp 00000000 08:04 117534323                          /usr/lib/jvm/java-17-zulu-openjdk-jdk-x86/lib/libnet.so
f6b17000-f6b18000 r--p 00014000 08:04 117534323                          /usr/lib/jvm/java-17-zulu-openjdk-jdk-x86/lib/libnet.so
f6b18000-f6b19000 rw-p 00015000 08:04 117534323                          /usr/lib/jvm/java-17-zulu-openjdk-jdk-x86/lib/libnet.so
f6b19000-f6b22000 rw-p 00000000 00:00 0 
f6b22000-f6c04000 ---p 00000000 00:00 0 
f6e3e000-f6e50000 r-xp 00000000 08:04 117534324                          /usr/lib/jvm/java-17-zulu-openjdk-jdk-x86/lib/libnio.so
f6e50000-f6e51000 r--p 00011000 08:04 117534324                          /usr/lib/jvm/java-17-zulu-openjdk-jdk-x86/lib/libnio.so
f6e51000-f6e52000 rw-p 00012000 08:04 117534324                          /usr/lib/jvm/java-17-zulu-openjdk-jdk-x86/lib/libnio.so
f6e52000-f6e7b000 rw-p 00000000 00:00 0 
f6e7b000-f6e9e000 r-xp 00000000 08:04 117534310                          /usr/lib/jvm/java-17-zulu-openjdk-jdk-x86/lib/libjava.so
f6e9e000-f6e9f000 r--p 00022000 08:04 117534310                          /usr/lib/jvm/java-17-zulu-openjdk-jdk-x86/lib/libjava.so
f6e9f000-f6ea0000 rw-p 00023000 08:04 117534310                          /usr/lib/jvm/java-17-zulu-openjdk-jdk-x86/lib/libjava.so
f6ea0000-f6eac000 r-xp 00000000 08:04 16831767                           /usr/lib/libnss_files-2.28.so
f6eac000-f6ead000 r--p 0000b000 08:04 16831767                           /usr/lib/libnss_files-2.28.so
f6ead000-f6eae000 rw-p 0000c000 08:04 16831767                           /usr/lib/libnss_files-2.28.so
f6eae000-f6eb4000 rw-p 00000000 00:00 0 
f6eba000-f6ebf000 rw-p 00000000 00:00 0 
f6ebf000-f6ec5000 ---p 00000000 00:00 0 
f6ec5000-f6ee0000 r-xp 00000000 08:04 117534314                          /usr/lib/jvm/java-17-zulu-openjdk-jdk-x86/lib/libjimage.so
f6ee0000-f6ee1000 ---p 0001b000 08:04 117534314                          /usr/lib/jvm/java-17-zulu-openjdk-jdk-x86/lib/libjimage.so
f6ee1000-f6ee2000 r--p 0001b000 08:04 117534314                          /usr/lib/jvm/java-17-zulu-openjdk-jdk-x86/lib/libjimage.so
f6ee2000-f6ee3000 rw-p 0001c000 08:04 117534314                          /usr/lib/jvm/java-17-zulu-openjdk-jdk-x86/lib/libjimage.so
f6ee3000-f6ee7000 rw-p 00000000 00:00 0 
f6ee7000-f6f6f000 r-xp 00000000 08:04 17191875                           /usr/lib/libpcre2-8.so.0.7.1
f6f6f000-f6f70000 r--p 00087000 08:04 17191875                           /usr/lib/libpcre2-8.so.0.7.1
f6f70000-f6f71000 rw-p 00088000 08:04 17191875                           /usr/lib/libpcre2-8.so.0.7.1
f6f71000-f6f91000 r-xp 00000000 08:04 17021543                           /usr/lib/libcrypt.so.1.1.0
f6f91000-f6f92000 ---p 00020000 08:04 17021543                           /usr/lib/libcrypt.so.1.1.0
f6f92000-f6f93000 r--p 00020000 08:04 17021543                           /usr/lib/libcrypt.so.1.1.0
f6f93000-f6f9c000 rw-p 00000000 00:00 0 
f6f9c000-f6fc7000 r-xp 00000000 08:04 17191887                           /usr/lib/libselinux.so.1
f6fc7000-f6fc8000 ---p 0002b000 08:04 17191887                           /usr/lib/libselinux.so.1
f6fc8000-f6fc9000 r--p 0002b000 08:04 17191887                           /usr/lib/libselinux.so.1
f6fc9000-f6fca000 rw-p 0002c000 08:04 17191887                           /usr/lib/libselinux.so.1
f6fca000-f6fcb000 rw-p 00000000 00:00 0 
f6fcb000-f6fea000 r-xp 00000000 08:04 18866589                           /usr/lib/libbrotlicommon.so.1.0.6
f6fea000-f6feb000 r--p 0001e000 08:04 18866589                           /usr/lib/libbrotlicommon.so.1.0.6
f6feb000-f6fec000 rw-p 0001f000 08:04 18866589                           /usr/lib/libbrotlicommon.so.1.0.6
f6fec000-f700a000 r-xp 00000000 08:04 17191915                           /usr/lib/libsasl2.so.3.0.0
f700a000-f700b000 ---p 0001e000 08:04 17191915                           /usr/lib/libsasl2.so.3.0.0
f700b000-f700c000 r--p 0001e000 08:04 17191915                           /usr/lib/libsasl2.so.3.0.0
f700c000-f700d000 rw-p 0001f000 08:04 17191915                           /usr/lib/libsasl2.so.3.0.0
f700d000-f700f000 rw-p 00000000 00:00 0 
f700f000-f7023000 r-xp 00000000 08:04 16831772                           /usr/lib/libresolv-2.28.so
f7023000-f7024000 ---p 00014000 08:04 16831772                           /usr/lib/libresolv-2.28.so
f7024000-f7025000 r--p 00014000 08:04 16831772                           /usr/lib/libresolv-2.28.so
f7025000-f7026000 rw-p 00015000 08:04 16831772                           /usr/lib/libresolv-2.28.so
f7026000-f7028000 rw-p 00000000 00:00 0 
f7028000-f702b000 r-xp 00000000 08:04 17191893                           /usr/lib/libkeyutils.so.1.6
f702b000-f702c000 ---p 00003000 08:04 17191893                           /usr/lib/libkeyutils.so.1.6
f702c000-f702d000 r--p 00003000 08:04 17191893                           /usr/lib/libkeyutils.so.1.6
f702d000-f702e000 rw-p 00000000 00:00 0 
f702e000-f703e000 r-xp 00000000 08:04 17021560                           /usr/lib/libkrb5support.so.0.1
f703e000-f703f000 r--p 0000f000 08:04 17021560                           /usr/lib/libkrb5support.so.0.1
f703f000-f7040000 rw-p 00010000 08:04 17021560                           /usr/lib/libkrb5support.so.0.1
f7040000-f7048000 r-xp 00000000 08:04 16831774                           /usr/lib/librt-2.28.so
f7048000-f7049000 r--p 00007000 08:04 16831774                           /usr/lib/librt-2.28.so
f7049000-f704a000 rw-p 00008000 08:04 16831774                           /usr/lib/librt-2.28.so
f704a000-f71c9000 r-xp 00000000 08:04 17021545                           /usr/lib/libunistring.so.2.1.0
f71c9000-f71ca000 ---p 0017f000 08:04 17021545                           /usr/lib/libunistring.so.2.1.0
f71ca000-f71cc000 r--p 0017f000 08:04 17021545                           /usr/lib/libunistring.so.2.1.0
f71cc000-f71cd000 rw-p 00181000 08:04 17021545                           /usr/lib/libunistring.so.2.1.0
f71cd000-f71f7000 r-xp 00000000 08:04 18654292                           /usr/lib/liblzma.so.5.2.4
f71f7000-f71f8000 r--p 00029000 08:04 18654292                           /usr/lib/liblzma.so.5.2.4
f71f8000-f71f9000 rw-p 00000000 00:00 0 
f71f9000-f7205000 r-xp 00000000 08:04 17191936                           /usr/lib/libbrotlidec.so.1.0.6
f7205000-f7206000 r--p 0000b000 08:04 17191936                           /usr/lib/libbrotlidec.so.1.0.6
f7206000-f7207000 rw-p 00000000 00:00 0 
f7207000-f7216000 r-xp 00000000 08:04 17191918                           /usr/lib/liblber-2.4.so.2.10.9
f7216000-f7217000 r--p 0000e000 08:04 17191918                           /usr/lib/liblber-2.4.so.2.10.9
f7217000-f7218000 rw-p 0000f000 08:04 17191918                           /usr/lib/liblber-2.4.so.2.10.9
f7218000-f726d000 r-xp 00000000 08:04 17191920                           /usr/lib/libldap-2.4.so.2.10.9
f726d000-f726e000 ---p 00055000 08:04 17191920                           /usr/lib/libldap-2.4.so.2.10.9
f726e000-f726f000 r--p 00055000 08:04 17191920                           /usr/lib/libldap-2.4.so.2.10.9
f726f000-f7270000 rw-p 00056000 08:04 17191920                           /usr/lib/libldap-2.4.so.2.10.9
f7270000-f7272000 rw-p 00000000 00:00 0 
f7272000-f7275000 r-xp 00000000 08:04 16994899                           /usr/lib/libcom_err.so.2.1
f7275000-f7276000 r--p 00002000 08:04 16994899                           /usr/lib/libcom_err.so.2.1
f7276000-f7277000 rw-p 00003000 08:04 16994899                           /usr/lib/libcom_err.so.2.1
f7277000-f728d000 r-xp 00000000 08:04 17021552                           /usr/lib/libk5crypto.so.3.1
f728d000-f728e000 ---p 00016000 08:04 17021552                           /usr/lib/libk5crypto.so.3.1
f728e000-f728f000 r--p 00016000 08:04 17021552                           /usr/lib/libk5crypto.so.3.1
f728f000-f7290000 rw-p 00017000 08:04 17021552                           /usr/lib/libk5crypto.so.3.1
f7290000-f7373000 r-xp 00000000 08:04 17021558                           /usr/lib/libkrb5.so.3.3
f7373000-f737a000 r--p 000e2000 08:04 17021558                           /usr/lib/libkrb5.so.3.3
f737a000-f737b000 rw-p 000e9000 08:04 17021558                           /usr/lib/libkrb5.so.3.3
f737b000-f73d6000 r-xp 00000000 08:04 17021548                           /usr/lib/libgssapi_krb5.so.2.2
f73d6000-f73d8000 r--p 0005a000 08:04 17021548                           /usr/lib/libgssapi_krb5.so.2.2
f73d8000-f73d9000 rw-p 0005c000 08:04 17021548                           /usr/lib/libgssapi_krb5.so.2.2
f73d9000-f768a000 r-xp 00000000 08:04 18627877                           /usr/lib/libcrypto.so.1.1.1k
f768a000-f76a3000 r--p 002b0000 08:04 18627877                           /usr/lib/libcrypto.so.1.1.1k
f76a3000-f76a5000 rw-p 002c9000 08:04 18627877                           /usr/lib/libcrypto.so.1.1.1k
f76a5000-f76a9000 rw-p 00000000 00:00 0 
f76a9000-f773b000 r-xp 00000000 08:04 18627879                           /usr/lib/libssl.so.1.1.1k
f773b000-f7741000 r--p 00091000 08:04 18627879                           /usr/lib/libssl.so.1.1.1k
f7741000-f7745000 rw-p 00097000 08:04 18627879                           /usr/lib/libssl.so.1.1.1k
f7745000-f7755000 r-xp 00000000 08:04 18660120                           /usr/lib/libpsl.so.5.3.1
f7755000-f7756000 r--p 0000f000 08:04 18660120                           /usr/lib/libpsl.so.5.3.1
f7756000-f7757000 rw-p 00000000 00:00 0 
f7757000-f77d4000 r-xp 00000000 08:04 16994901                           /usr/lib/libssh.so.4.8.7
f77d4000-f77d5000 ---p 0007d000 08:04 16994901                           /usr/lib/libssh.so.4.8.7
f77d5000-f77d6000 r--p 0007d000 08:04 16994901                           /usr/lib/libssh.so.4.8.7
f77d6000-f77d7000 rw-p 0007e000 08:04 16994901                           /usr/lib/libssh.so.4.8.7
f77d7000-f77f4000 r-xp 00000000 08:04 17040588                           /usr/lib/libidn2.so.0.3.6
f77f4000-f77f5000 r--p 0001c000 08:04 17040588                           /usr/lib/libidn2.so.0.3.6
f77f5000-f77f6000 rw-p 00000000 00:00 0 
f77f6000-f781e000 r-xp 00000000 08:04 17191891                           /usr/lib/libnghttp2.so.14.17.0
f781e000-f781f000 r--p 00027000 08:04 17191891                           /usr/lib/libnghttp2.so.14.17.0
f781f000-f7821000 rw-p 00028000 08:04 17191891                           /usr/lib/libnghttp2.so.14.17.0
f7821000-f79c3000 r-xp 00000000 08:04 16831756                           /usr/lib/libc-2.28.so
f79c3000-f79c4000 ---p 001a2000 08:04 16831756                           /usr/lib/libc-2.28.so
f79c4000-f79c6000 r--p 001a2000 08:04 16831756                           /usr/lib/libc-2.28.so
f79c6000-f79c7000 rw-p 001a4000 08:04 16831756                           /usr/lib/libc-2.28.so
f79c7000-f79cc000 rw-p 00000000 00:00 0 
f79cc000-f79e7000 r-xp 00000000 08:04 16985139                           /usr/lib/libgcc_s-8-20210514.so.1
f79e7000-f79e8000 r--p 0001a000 08:04 16985139                           /usr/lib/libgcc_s-8-20210514.so.1
f79e8000-f79e9000 rw-p 0001b000 08:04 16985139                           /usr/lib/libgcc_s-8-20210514.so.1
f79e9000-f7ab9000 r-xp 00000000 08:04 16831760                           /usr/lib/libm-2.28.so
f7ab9000-f7aba000 r--p 000cf000 08:04 16831760                           /usr/lib/libm-2.28.so
f7aba000-f7abb000 rw-p 000d0000 08:04 16831760                           /usr/lib/libm-2.28.so
f7abb000-f7c44000 r-xp 00000000 08:04 16985145                           /usr/lib/libstdc++.so.6.0.25
f7c44000-f7c45000 ---p 00189000 08:04 16985145                           /usr/lib/libstdc++.so.6.0.25
f7c45000-f7c4b000 r--p 00189000 08:04 16985145                           /usr/lib/libstdc++.so.6.0.25
f7c4b000-f7c4c000 rw-p 0018f000 08:04 16985145                           /usr/lib/libstdc++.so.6.0.25
f7c4c000-f7c4e000 rw-p 00000000 00:00 0 
f7c4e000-f7c65000 r-xp 00000000 08:04 16963437                           /usr/lib/libz.so.1.2.11
f7c65000-f7c66000 ---p 00017000 08:04 16963437                           /usr/lib/libz.so.1.2.11
f7c66000-f7c67000 r--p 00017000 08:04 16963437                           /usr/lib/libz.so.1.2.11
f7c67000-f7c68000 rw-p 00000000 00:00 0 
f7c68000-f7de5000 r-xp 00000000 08:04 16963397                           /usr/lib/libxml2.so.2.9.7
f7de5000-f7dea000 r--p 0017c000 08:04 16963397                           /usr/lib/libxml2.so.2.9.7
f7dea000-f7deb000 rw-p 00181000 08:04 16963397                           /usr/lib/libxml2.so.2.9.7
f7deb000-f7dec000 rw-p 00000000 00:00 0 
f7dec000-f7e08000 r-xp 00000000 08:04 16831770                           /usr/lib/libpthread-2.28.so
f7e08000-f7e09000 r--p 0001b000 08:04 16831770                           /usr/lib/libpthread-2.28.so
f7e09000-f7e0a000 rw-p 0001c000 08:04 16831770                           /usr/lib/libpthread-2.28.so
f7e0a000-f7e0c000 rw-p 00000000 00:00 0 
f7e0c000-f7e80000 r-xp 00000000 08:04 16818911                           /usr/lib/libpcre.so.1.2.10
f7e80000-f7e81000 ---p 00074000 08:04 16818911                           /usr/lib/libpcre.so.1.2.10
f7e81000-f7e82000 r--p 00074000 08:04 16818911                           /usr/lib/libpcre.so.1.2.10
f7e82000-f7e83000 rw-p 00075000 08:04 16818911                           /usr/lib/libpcre.so.1.2.10
f7e83000-f7e86000 r-xp 00000000 08:04 16831758                           /usr/lib/libdl-2.28.so
f7e86000-f7e87000 r--p 00002000 08:04 16831758                           /usr/lib/libdl-2.28.so
f7e87000-f7e88000 rw-p 00003000 08:04 16831758                           /usr/lib/libdl-2.28.so
f7e88000-f7f25000 r-xp 00000000 08:04 16994905                           /usr/lib/libcurl.so.4.5.0
f7f25000-f7f27000 r--p 0009c000 08:04 16994905                           /usr/lib/libcurl.so.4.5.0
f7f27000-f7f28000 rw-p 0009e000 08:04 16994905                           /usr/lib/libcurl.so.4.5.0
f7f28000-f7f2f000 r--s 00000000 08:04 176632422                          /usr/lib/gconv/gconv-modules.cache
f7f2f000-f7f37000 rw-s 00000000 08:04 151636387                          /tmp/hsperfdata_almalinux/1396284 (deleted)
f7f37000-f7f38000 ---p 00000000 00:00 0 
f7f38000-f7f39000 r--p 00000000 00:00 0 
f7f39000-f7f3b000 rw-p 00000000 00:00 0 
f7f3b000-f7f3f000 r--p 00000000 00:00 0                                  [vvar]
f7f3f000-f7f41000 r-xp 00000000 00:00 0                                  [vdso]
f7f41000-f7f70000 r-xp 00000000 08:04 16831749                           /usr/lib/ld-2.28.so
f7f70000-f7f71000 ---p 00000000 00:00 0 
f7f71000-f7f72000 r--p 0002f000 08:04 16831749                           /usr/lib/ld-2.28.so
f7f72000-f7f73000 rw-p 00030000 08:04 16831749                           /usr/lib/ld-2.28.so
ffd8f000-ffd90000 rwxp 00000000 00:00 0 
ffe98000-fff54000 rw-p 00000000 00:00 0                                  [stack]


VM Arguments:
jvm_args: -Xms128m -Xmx512m -Xss768k -XX:MaxMetaspaceSize=96m -Xrs -XX:-UsePerfData -XX:-AllowUserSignalHandlers -XX:UseSSE=3 -XX+DoEscapeAnalysis -XX:AutoBoxCacheMax:2000 -XX:+OptimizeStringConcat -XX:+OptimizeFill -XX:+EliminateAutoBox -XX:+UseCompressedStrings -XX:+UseCompressedOops -XX:+EliminateLocks -XX:UseFastAccessorMethods -XX:+UseStringCache -XgcPrio:throughput -XXkeepAreaRatio:1 -XXlazyUnlocking -XXcallProfiling -XXcompactRatio:1 
java_command: <unknown>
java_class_path (initial): ../../data/sku.0/sys.server/compiled/game/
Launcher Type: generic

[Global flags]
     intx CICompilerCount                          = 3                                         {product} {ergonomic}
     uint ConcGCThreads                            = 1                                         {product} {ergonomic}
     uint G1ConcRefinementThreads                  = 4                                         {product} {ergonomic}
   size_t G1HeapRegionSize                         = 1048576                                   {product} {ergonomic}
    uintx GCDrainStackTargetSize                   = 64                                        {product} {ergonomic}
   size_t InitialHeapSize                          = 134217728                                 {product} {command line}
   size_t MarkStackSize                            = 32768                                     {product} {ergonomic}
   size_t MaxHeapSize                              = 536870912                                 {product} {command line}
   size_t MaxMetaspaceSize                         = 100663296                                 {product} {command line}
   size_t MaxNewSize                               = 321912832                                 {product} {ergonomic}
   size_t MinHeapDeltaBytes                        = 1048576                                   {product} {ergonomic}
   size_t MinHeapSize                              = 134217728                                 {product} {command line}
    uintx NonNMethodCodeHeapSize                   = 5544422                                {pd product} {ergonomic}
    uintx NonProfiledCodeHeapSize                  = 123056909                              {pd product} {ergonomic}
    uintx ProfiledCodeHeapSize                     = 123056909                              {pd product} {ergonomic}
    uintx ReservedCodeCacheSize                    = 251658240                              {pd product} {ergonomic}
     bool SegmentedCodeCache                       = true                                      {product} {ergonomic}
   size_t SoftMaxHeapSize                          = 536870912                              {manageable} {ergonomic}
   double SweeperThreshold                         = 0.500000                                  {product} {ergonomic}
     intx ThreadStackSize                          = 768                                    {pd product} {command line}
     bool UseG1GC                                  = true                                      {product} {ergonomic}

Logging:
Log output configuration:
 #0: stdout all=off uptime,level,tags
 #1: stderr all=off uptime,level,tags

Environment Variables:
JAVA_HOME=/usr/lib/jvm/zulu-17-x86
PATH=/usr/java/jdk1.7.0_80/bin:/usr/java/jdk1.7.0_80/bin:/usr/java/jdk1.6.0_45/bin:/usr/java/jdk1.6.0_45/bin:/usr/java/jdk1.6.0_45/bin:/home/almalinux/.local/bin:/home/almalinux/bin:/sbin:/bin:/usr/bin:/usr/local/bin:/usr/local/sbin:/usr/sbin:/usr/lib/oracle/18.3/client/bin:/usr/lib/oracle/18.3/client/bin:/usr/lib/jvm/java-11-openjdk/bin:./
LD_LIBRARY_PATH=/usr/lib/jvm/java-17-zulu-openjdk-jdk-x86/lib/server:/usr/lib/jvm/java-17-zulu-openjdk-jdk-x86/lib:/usr/lib/jvm/java-17-zulu-openjdk-jdk-x86/../lib:/usr/lib/jvm/zulu-17-x86/lib/server:/usr/lib/jvm/java-11-openjdk/lib:/usr/lib/jvm/java-11-openjdk/lib/server:./
SHELL=/bin/bash
DISPLAY=:10.0
LANG=en_US.UTF-8
TERM=xterm-256color

Active Locale:
LC_ALL=en_US.UTF-8
LC_COLLATE=en_US.UTF-8
LC_CTYPE=en_US.UTF-8
LC_MESSAGES=en_US.UTF-8
LC_MONETARY=en_US.UTF-8
LC_NUMERIC=en_US.UTF-8
LC_TIME=en_US.UTF-8

Signal Handlers:
   SIGSEGV: crash_handler in libjvm.so, mask=11100100010111111101111111111110, flags=SA_RESTART|SA_SIGINFO, unblocked
    SIGBUS: crash_handler in libjvm.so, mask=11100100010111111101111111111110, flags=SA_RESTART|SA_SIGINFO, unblocked
    SIGFPE: crash_handler in libjvm.so, mask=11100100010111111101111111111110, flags=SA_RESTART|SA_SIGINFO, unblocked
   SIGPIPE: SIG_IGN, mask=00000000000010000000000000000000, flags=SA_RESTART, blocked
  *** Handler was modified!
  *** Expected: javaSignalHandler in libjvm.so, mask=11100100110111111111111111111110, flags=SA_RESTART|SA_SIGINFO
   SIGXFSZ: javaSignalHandler in libjvm.so, mask=11100100010111111101111111111110, flags=SA_RESTART|SA_SIGINFO, blocked
    SIGILL: crash_handler in libjvm.so, mask=11100100010111111101111111111110, flags=SA_RESTART|SA_SIGINFO, unblocked
   SIGUSR2: SR_handler in libjvm.so, mask=00100000000000000000000000000000, flags=SA_RESTART|SA_SIGINFO, blocked
    SIGHUP: UserHandler in libjvm.so, mask=11100100010111111101111111111110, flags=SA_RESTART|SA_SIGINFO, blocked
    SIGINT: UserHandler in libjvm.so, mask=11100100010111111101111111111110, flags=SA_RESTART|SA_SIGINFO, blocked
   SIGTERM: UserHandler in libjvm.so, mask=11100100010111111101111111111110, flags=SA_RESTART|SA_SIGINFO, blocked
   SIGQUIT: UserHandler in libjvm.so, mask=11100100010111111101111111111110, flags=SA_RESTART|SA_SIGINFO, blocked
   SIGTRAP: crash_handler in libjvm.so, mask=11100100010111111101111111111110, flags=SA_RESTART|SA_SIGINFO, unblocked


Periodic native trim disabled


---------------  S Y S T E M  ---------------

OS:
AlmaLinux release 8.10 (Cerulean Leopard)
uname: Linux 4.18.0-553.81.1.el8_10.x86_64 #1 SMP Mon Oct 27 11:29:19 EDT 2025 x86_64
OS uptime: 33 days 17:49 hours
libc: glibc 2.28 NPTL 2.28 
rlimit (soft/hard): STACK 8192k/infinity , CORE 0k/infinity , NPROC 61995/61995 , NOFILE 262144/262144 , AS infinity/infinity , CPU infinity/infinity , DATA infinity/infinity , FSIZE infinity/infinity , MEMLOCK 64k/64k
load average: 41.43 42.40 41.97

/proc/meminfo:
MemTotal:       16014448 kB
MemFree:         3648232 kB
MemAvailable:    4600612 kB
Buffers:             840 kB
Cached:          2962208 kB
SwapCached:        35812 kB
Active:          2641240 kB
Inactive:        9072476 kB
Active(anon):    2025140 kB
Inactive(anon):  8730228 kB
Active(file):     616100 kB
Inactive(file):   342248 kB
Unevictable:        3104 kB
Mlocked:              16 kB
SwapTotal:       8388604 kB
SwapFree:        6595912 kB
Dirty:              1684 kB
Writeback:             0 kB
AnonPages:       8735072 kB
Mapped:          1616084 kB
Shmem:           2004700 kB
KReclaimable:     179268 kB
Slab:             310176 kB
SReclaimable:     179268 kB
SUnreclaim:       130908 kB
KernelStack:       23276 kB
PageTables:       161848 kB
NFS_Unstable:          0 kB
Bounce:                0 kB
WritebackTmp:          0 kB
CommitLimit:    16395828 kB
Committed_AS:   24174260 kB
VmallocTotal:   34359738367 kB
VmallocUsed:       69556 kB
VmallocChunk:          0 kB
Percpu:             2704 kB
HardwareCorrupted:     0 kB
AnonHugePages:         0 kB
ShmemHugePages:        0 kB
ShmemPmdMapped:        0 kB
FileHugePages:         0 kB
FilePmdMapped:         0 kB
HugePages_Total:       0
HugePages_Free:        0
HugePages_Rsvd:        0
HugePages_Surp:        0
Hugepagesize:       2048 kB
Hugetlb:               0 kB
DirectMap4k:     2565996 kB
DirectMap2M:    13817856 kB

/sys/kernel/mm/transparent_hugepage/enabled: always madvise [never]
/sys/kernel/mm/transparent_hugepage/hpage_pmd_size: 2097152
/sys/kernel/mm/transparent_hugepage/defrag (defrag/compaction efforts parameter): always defer defer+madvise [madvise] never

Process Memory:
Virtual Size: 1144156K (peak: 1163016K)
Resident Set Size: 379516K (peak: 396340K) (anon: 345596K, file: 33920K, shmem: 0K)
Swapped out: 0K
C-Heap outstanding allocations: 24511K, retained: 209104K
glibc malloc tunables: (default)

/proc/sys/kernel/threads-max (system-wide limit on the number of threads): 123991
/proc/sys/vm/max_map_count (maximum number of memory map areas a process may have): 1677720
/proc/sys/kernel/pid_max (system-wide limit on number of process identifiers): 4194304

container (cgroup) information:
container_type: cgroupv1
cpu_cpuset_cpus: 0-3
cpu_memory_nodes: 0
active_processor_count: 4
cpu_quota: no quota
cpu_period: 100000
cpu_shares: no shares
memory_limit_in_bytes: unlimited
memory_and_swap_limit_in_bytes: unlimited
memory_soft_limit_in_bytes: unlimited
memory_usage_in_bytes: 11142520 k
memory_max_usage_in_bytes: 14783012 k
kernel_memory_usage_in_bytes: 256964 k
kernel_memory_max_usage_in_bytes: unlimited
kernel_memory_limit_in_bytes: 985464 k
maximum number of tasks: unlimited
current number of tasks: 659

KVM virtualization detected
Steal ticks since vm start: 543
Steal ticks percentage since vm start:  0.000

CPU: total 4 (initial active 4) (1 cores per cpu, 1 threads per core) family 6 model 60 stepping 1 microcode 0x1, cx8, cmov, fxsr, mmx, sse, sse2, sse3, ssse3, sse4.1, sse4.2, popcnt, lzcnt, tsc, avx, avx2, aes, erms, clmul, bmi1, bmi2, fma, vzeroupper, clflush, hv
CPU Model and flags from /proc/cpuinfo:
model name	: Intel Core Processor (Haswell, no TSX)
flags		: fpu vme de pse tsc msr pae mce cx8 apic sep mtrr pge mca cmov pat pse36 clflush mmx fxsr sse sse2 syscall nx rdtscp lm constant_tsc rep_good nopl xtopology cpuid tsc_known_freq pni pclmulqdq vmx ssse3 fma cx16 pcid sse4_1 sse4_2 x2apic movbe popcnt tsc_deadline_timer aes xsave avx f16c rdrand hypervisor lahf_lm abm cpuid_fault invpcid_single pti tpr_shadow vnmi flexpriority ept vpid ept_ad fsgsbase bmi1 avx2 smep bmi2 erms invpcid xsaveopt arat md_clear

Online cpus: 0-3
Offline cpus: 
BIOS frequency limitation: <Not Available>
Frequency switch latency (ns): <Not Available>
Available cpu frequencies: <Not Available>
Current governor: <Not Available>
Core performance/turbo boost: <Not Available>

Memory: 4k page, physical 16014448k(3648232k free), swap 8388604k(6595912k free)
Page Sizes: 4k

vm_info: OpenJDK Server VM (17.0.11+9-LTS) for linux-x86 JRE (17.0.11+9-LTS) (Zulu17.50+19-CA), built on Apr  9 2024 07:14:46 by "zulu_re" with gcc 8.3.0

END.
