#
# A fatal error has been detected by the Java Runtime Environment:
#
#  SIGSEGV (0xb) at pc=0xf78bf618, pid=37347, tid=37347
#
# JRE version: OpenJDK Runtime Environment Zulu17.50+19-CA (17.0.11+9) (build 17.0.11+9-LTS)
# Java VM: OpenJDK Server VM Zulu17.50+19-CA (17.0.11+9-LTS, mixed mode, sharing, tiered, g1 gc, linux-x86)
# Problematic frame:
# C  [libc.so.6+0x84618]  cfree+0x28
#
# Core dump will be written. Default location: Core dumps may be processed with "/usr/lib/systemd/systemd-coredump %P %u %g %s %t %c %h %e" (or dumping to /home/almalinux/swg-returns-nge/exe/linux/core.37347)
#
# If you would like to submit a bug report, please visit:
#   http://www.azul.com/support/
#

---------------  S U M M A R Y ------------

Command Line: -Xms128m -Xmx512m -Xss768k -XX:MaxMetaspaceSize=96m -Xrs -XX:-UsePerfData -XX:-AllowUserSignalHandlers -XX:UseSSE=3 -XX+DoEscapeAnalysis -XX:AutoBoxCacheMax:2000 -XX:+OptimizeStringConcat -XX:+OptimizeFill -XX:+EliminateAutoBox -XX:+UseCompressedStrings -XX:+UseCompressedOops -XX:+EliminateLocks -XX:UseFastAccessorMethods -XX:+UseStringCache -XgcPrio:throughput -XXkeepAreaRatio:1 -XXlazyUnlocking -XXcallProfiling -XXcompactRatio:1 

Host: Intel Core Processor (Haswell, no TSX), 4 cores, 15G, AlmaLinux release 8.10 (Cerulean Leopard)
Time: Wed Jan 28 11:00:36 2026 UTC elapsed time: 21035.515626 seconds (0d 5h 50m 35s)

---------------  T H R E A D  ---------------

Current thread is native thread

Stack: [0xffc19000,0xffcd9000],  sp=0xffcd5b60,  free space=754k
Native frames: (J=compiled Java code, j=interpreted, Vv=VM code, C=native code)
C  [libc.so.6+0x84618]  cfree+0x28


siginfo: si_signo: 11 (SIGSEGV), si_code: 1 (SEGV_MAPERR), si_addr: 0x00000003

Registers:
EAX=0x00000000, EBX=0x00000007, ECX=0xf6efd84c, EDX=0x0b007da8
ESP=0xffcd5b60, EBP=0xffcd5c98, ESI=0xf79e0000, EDI=0x00000000
EIP=0xf78bf618, EFLAGS=0x00210202, CR2=0x0000000000000003


Top of Stack: (sp=0xffcd5b60)
0xffcd5b60:   0ac8b030 00000000 ffcd5c98 f7b4cf1c
0xffcd5b70:   0ac8b0c0 f7c63a04 0b007d80 f7b4cf1c
0xffcd5b80:   00000007 f7b4cf0a f7c63a04 f7b4cf4c
0xffcd5b90:   0ac8b0c0 f7b4cf0a 0b00bb20 085b6163
0xffcd5ba0:   00000007 0ac8b030 0ac8ad40 085bb8d1
0xffcd5bb0:   0ac8b030 0ac8ad40 00000000 085bb89b
0xffcd5bc0:   0c4a0580 ffcd5be7 ffcd5c0c 085c6969
0xffcd5bd0:   087d6c00 ffcd5c0c ffcd5c98 084fc53b
0xffcd5be0:   00000014 00010002 00000000 00000000
0xffcd5bf0:   01010100 00000001 09aa44c0 00000000
0xffcd5c00:   00000000 00000000 00000000 00000000
0xffcd5c10:   00000000 00000013 ffcd5d68 f78706ff
0xffcd5c20:   f79e041c 47677753 53656d61 65767265
0xffcd5c30:   37333a72 00373433 09290100 0afed140
0xffcd5c40:   08ea0100 08ebc230 08ea5888 f79e041c
0xffcd5c50:   00000428 00000420 f7870779 085758fd
0xffcd5c60:   08ea2a80 09b1ea78 08ea5888 08574f56
0xffcd5c70:   0929a2c4 0929a2c4 ffcd5d68 08ea583b
0xffcd5c80:   0000000c ffcd5d34 ffcd5cb0 f79e0000
0xffcd5c90:   00000000 08575910 00000000 f7858f26
0xffcd5ca0:   00000000 08575910 00000000 f7858f26
0xffcd5cb0:   0000000c ffcd5d34 ffcd5d68 ffcd5cd4
0xffcd5cc0:   0929a2d0 00000000 ffcd5d68 f79e0000
0xffcd5cd0:   f784875c f79e0000 00000000 08575910
0xffcd5ce0:   00000000 2dc92060 bc6d8870 00000000
0xffcd5cf0:   00000000 00000000 f7f5f4d0 f7858e30
0xffcd5d00:   084fc260 0929a2c4 0000000c 08575946
0xffcd5d10:   084fc260 0000000c ffcd5d34 08ea57f0
0xffcd5d20:   08ea5850 f7f5f4d0 ffcd5d2c f7f8c970
0xffcd5d30:   0000000c ffcd761f ffcd7631 ffcd7634
0xffcd5d40:   ffcd7646 ffcd7649 ffcd7654 ffcd7678
0xffcd5d50:   ffcd7688 ffcd76a8 ffcd76d8 ffcd76db 

Instructions: (pc=0xf78bf618)
0xf78bf518:   50 8d 96 86 f7 fa ff 8d 86 d0 2f fb ff e8 c6 b7
0xf78bf528:   ff ff 8d b6 00 00 00 00 bb 20 00 00 00 e9 5e fe
0xf78bf538:   ff ff e8 a1 c0 ff ff 89 c5 85 c0 0f 85 68 ff ff
0xf78bf548:   ff 31 d2 8d 44 3b 10 e8 8c c1 ff ff 89 da 89 f9
0xf78bf558:   89 c5 e8 11 f0 ff ff 89 c2 85 c0 75 1b 85 ed 74
0xf78bf568:   17 90 89 fa 89 e8 e8 bd c5 ff ff 89 da 89 f9 89
0xf78bf578:   c5 e8 f2 ef ff ff 89 c2 85 ed 0f 84 57 ff ff ff
0xf78bf588:   e9 39 ff ff ff 8d 86 b8 31 fb ff 83 ec 0c b9 25
0xf78bf598:   0d 00 00 50 8d 96 86 f7 fa ff 8d 86 74 2f fb ff
0xf78bf5a8:   e8 43 b7 ff ff 8d 76 00 f3 0f 1e fb e8 0a 9a f9
0xf78bf5b8:   ff 05 47 0a 12 00 56 53 83 ec 04 8b 5c 24 10 8b
0xf78bf5c8:   74 24 14 8b 80 50 ff ff ff c7 00 00 00 00 00 e8
0xf78bf5d8:   54 bb ff ff 8b 4c 24 0c 83 c4 04 89 f2 89 d8 5b
0xf78bf5e8:   5e e9 42 fd ff ff 66 90 f3 0f 1e fb 56 e8 9a 9b
0xf78bf5f8:   f9 ff 81 c6 06 0a 12 00 53 83 ec 14 8b 5c 24 20
0xf78bf608:   8b 86 5c ff ff ff 8b 00 85 c0 75 6c 85 db 74 75
0xf78bf618:   8b 4b fc 8d 53 f8 f6 c1 02 75 35 8b 86 70 fe ff
0xf78bf628:   ff 65 8b 00 85 c0 0f 84 8c 00 00 00 83 e1 04 8d
0xf78bf638:   86 60 07 00 00 74 09 89 d0 25 00 00 f0 ff 8b 00
0xf78bf648:   83 c4 14 31 c9 5b 5e e9 8c cb ff ff 8d 74 26 00
0xf78bf658:   8b 9e 60 01 00 00 85 db 75 10 3b 8e 48 01 00 00
0xf78bf668:   76 08 81 f9 00 00 08 00 76 26 83 c4 14 89 d0 5b
0xf78bf678:   5e e9 92 b8 ff ff 66 90 83 ec 08 ff 74 24 24 53
0xf78bf688:   ff d0 83 c4 10 83 c4 14 5b 5e c3 8d 74 26 00 90
0xf78bf698:   39 96 80 1d 00 00 77 08 39 96 7c 1d 00 00 77 ca
0xf78bf6a8:   83 e1 f8 8d 04 09 89 8e 48 01 00 00 89 86 40 01
0xf78bf6b8:   00 00 90 eb b5 8d 76 00 8b 86 74 fe ff ff 65 80
0xf78bf6c8:   38 00 0f 85 64 ff ff ff 89 54 24 0c e8 97 ed ff
0xf78bf6d8:   ff 8b 4b fc 8b 54 24 0c e9 4f ff ff ff 8d b4 26
0xf78bf6e8:   00 00 00 00 8d 74 26 00 f3 0f 1e fb 55 57 56 e8
0xf78bf6f8:   98 9a f9 ff 81 c6 04 09 12 00 53 83 ec 0c 8b 86
0xf78bf708:   70 fe ff ff 8b 96 74 fe ff ff 65 8b 28 65 c6 02 



---------------  P R O C E S S  ---------------

VM state: at safepoint (shutting down)

VM Mutex/Monitor currently owned by a thread:  ([mutex/lock_event])
[0xf5e21d30] Threads_lock - owner thread: 0xc4294cf0

GC Precious Log:
<Skipped>

Heap:
 garbage-first heap   total 131072K, used 21266K [0xc5c00000, 0xe5c00000)
  region size 1024K, 20 young (20480K), 7 survivors (7168K)
 Metaspace       used 4622K, committed 5056K, reserved 16384K

Heap Regions: E=young(eden), S=young(survivor), O=old, HS=humongous(starts), HC=humongous(continues), CS=collection set, F=free, OA=open archive, CA=closed archive, TAMS=top-at-mark-start (previous, next)
|   0|0xc5c00000, 0xc5d00000, 0xc5d00000|100%| O|  |TAMS 0xc5c00000, 0xc5c00000| Untracked 
|   1|0xc5d00000, 0xc5e00000, 0xc5e00000|100%| O|  |TAMS 0xc5d00000, 0xc5d00000| Untracked 
|   2|0xc5e00000, 0xc5e01000, 0xc5f00000|  0%| O|  |TAMS 0xc5e00000, 0xc5e00000| Untracked 
|   3|0xc5f00000, 0xc5f00000, 0xc6000000|  0%| F|  |TAMS 0xc5f00000, 0xc5f00000| Untracked 
|   4|0xc6000000, 0xc6000000, 0xc6100000|  0%| F|  |TAMS 0xc6000000, 0xc6000000| Untracked 
|   5|0xc6100000, 0xc6100000, 0xc6200000|  0%| F|  |TAMS 0xc6100000, 0xc6100000| Untracked 
|   6|0xc6200000, 0xc6200000, 0xc6300000|  0%| F|  |TAMS 0xc6200000, 0xc6200000| Untracked 
|   7|0xc6300000, 0xc6300000, 0xc6400000|  0%| F|  |TAMS 0xc6300000, 0xc6300000| Untracked 
|   8|0xc6400000, 0xc6400000, 0xc6500000|  0%| F|  |TAMS 0xc6400000, 0xc6400000| Untracked 
|   9|0xc6500000, 0xc6500000, 0xc6600000|  0%| F|  |TAMS 0xc6500000, 0xc6500000| Untracked 
|  10|0xc6600000, 0xc6600000, 0xc6700000|  0%| F|  |TAMS 0xc6600000, 0xc6600000| Untracked 
|  11|0xc6700000, 0xc6700000, 0xc6800000|  0%| F|  |TAMS 0xc6700000, 0xc6700000| Untracked 
|  12|0xc6800000, 0xc6800000, 0xc6900000|  0%| F|  |TAMS 0xc6800000, 0xc6800000| Untracked 
|  13|0xc6900000, 0xc6900000, 0xc6a00000|  0%| F|  |TAMS 0xc6900000, 0xc6900000| Untracked 
|  14|0xc6a00000, 0xc6a00000, 0xc6b00000|  0%| F|  |TAMS 0xc6a00000, 0xc6a00000| Untracked 
|  15|0xc6b00000, 0xc6b00000, 0xc6c00000|  0%| F|  |TAMS 0xc6b00000, 0xc6b00000| Untracked 
|  16|0xc6c00000, 0xc6c00000, 0xc6d00000|  0%| F|  |TAMS 0xc6c00000, 0xc6c00000| Untracked 
|  17|0xc6d00000, 0xc6d00000, 0xc6e00000|  0%| F|  |TAMS 0xc6d00000, 0xc6d00000| Untracked 
|  18|0xc6e00000, 0xc6e00000, 0xc6f00000|  0%| F|  |TAMS 0xc6e00000, 0xc6e00000| Untracked 
|  19|0xc6f00000, 0xc6f00000, 0xc7000000|  0%| F|  |TAMS 0xc6f00000, 0xc6f00000| Untracked 
|  20|0xc7000000, 0xc7000000, 0xc7100000|  0%| F|  |TAMS 0xc7000000, 0xc7000000| Untracked 
|  21|0xc7100000, 0xc7100000, 0xc7200000|  0%| F|  |TAMS 0xc7100000, 0xc7100000| Untracked 
|  22|0xc7200000, 0xc7200000, 0xc7300000|  0%| F|  |TAMS 0xc7200000, 0xc7200000| Untracked 
|  23|0xc7300000, 0xc7300000, 0xc7400000|  0%| F|  |TAMS 0xc7300000, 0xc7300000| Untracked 
|  24|0xc7400000, 0xc7400000, 0xc7500000|  0%| F|  |TAMS 0xc7400000, 0xc7400000| Untracked 
|  25|0xc7500000, 0xc7500000, 0xc7600000|  0%| F|  |TAMS 0xc7500000, 0xc7500000| Untracked 
|  26|0xc7600000, 0xc7600000, 0xc7700000|  0%| F|  |TAMS 0xc7600000, 0xc7600000| Untracked 
|  27|0xc7700000, 0xc7700000, 0xc7800000|  0%| F|  |TAMS 0xc7700000, 0xc7700000| Untracked 
|  28|0xc7800000, 0xc7800000, 0xc7900000|  0%| F|  |TAMS 0xc7800000, 0xc7800000| Untracked 
|  29|0xc7900000, 0xc7900000, 0xc7a00000|  0%| F|  |TAMS 0xc7900000, 0xc7900000| Untracked 
|  30|0xc7a00000, 0xc7a00000, 0xc7b00000|  0%| F|  |TAMS 0xc7a00000, 0xc7a00000| Untracked 
|  31|0xc7b00000, 0xc7b00000, 0xc7c00000|  0%| F|  |TAMS 0xc7b00000, 0xc7b00000| Untracked 
|  32|0xc7c00000, 0xc7c00000, 0xc7d00000|  0%| F|  |TAMS 0xc7c00000, 0xc7c00000| Untracked 
|  33|0xc7d00000, 0xc7d00000, 0xc7e00000|  0%| F|  |TAMS 0xc7d00000, 0xc7d00000| Untracked 
|  34|0xc7e00000, 0xc7e00000, 0xc7f00000|  0%| F|  |TAMS 0xc7e00000, 0xc7e00000| Untracked 
|  35|0xc7f00000, 0xc7f00000, 0xc8000000|  0%| F|  |TAMS 0xc7f00000, 0xc7f00000| Untracked 
|  36|0xc8000000, 0xc8000000, 0xc8100000|  0%| F|  |TAMS 0xc8000000, 0xc8000000| Untracked 
|  37|0xc8100000, 0xc8100000, 0xc8200000|  0%| F|  |TAMS 0xc8100000, 0xc8100000| Untracked 
|  38|0xc8200000, 0xc8200000, 0xc8300000|  0%| F|  |TAMS 0xc8200000, 0xc8200000| Untracked 
|  39|0xc8300000, 0xc8300000, 0xc8400000|  0%| F|  |TAMS 0xc8300000, 0xc8300000| Untracked 
|  40|0xc8400000, 0xc8400000, 0xc8500000|  0%| F|  |TAMS 0xc8400000, 0xc8400000| Untracked 
|  41|0xc8500000, 0xc8500000, 0xc8600000|  0%| F|  |TAMS 0xc8500000, 0xc8500000| Untracked 
|  42|0xc8600000, 0xc8600000, 0xc8700000|  0%| F|  |TAMS 0xc8600000, 0xc8600000| Untracked 
|  43|0xc8700000, 0xc8700000, 0xc8800000|  0%| F|  |TAMS 0xc8700000, 0xc8700000| Untracked 
|  44|0xc8800000, 0xc8800000, 0xc8900000|  0%| F|  |TAMS 0xc8800000, 0xc8800000| Untracked 
|  45|0xc8900000, 0xc89c3390, 0xc8a00000| 76%| S|CS|TAMS 0xc8900000, 0xc8900000| Complete 
|  46|0xc8a00000, 0xc8b00000, 0xc8b00000|100%| S|CS|TAMS 0xc8a00000, 0xc8a00000| Complete 
|  47|0xc8b00000, 0xc8c00000, 0xc8c00000|100%| S|CS|TAMS 0xc8b00000, 0xc8b00000| Complete 
|  48|0xc8c00000, 0xc8d00000, 0xc8d00000|100%| S|CS|TAMS 0xc8c00000, 0xc8c00000| Complete 
|  49|0xc8d00000, 0xc8e00000, 0xc8e00000|100%| S|CS|TAMS 0xc8d00000, 0xc8d00000| Complete 
|  50|0xc8e00000, 0xc8f00000, 0xc8f00000|100%| S|CS|TAMS 0xc8e00000, 0xc8e00000| Complete 
|  51|0xc8f00000, 0xc9000000, 0xc9000000|100%| S|CS|TAMS 0xc8f00000, 0xc8f00000| Complete 
|  52|0xc9000000, 0xc9000000, 0xc9100000|  0%| F|  |TAMS 0xc9000000, 0xc9000000| Untracked 
|  53|0xc9100000, 0xc9100000, 0xc9200000|  0%| F|  |TAMS 0xc9100000, 0xc9100000| Untracked 
|  54|0xc9200000, 0xc9200000, 0xc9300000|  0%| F|  |TAMS 0xc9200000, 0xc9200000| Untracked 
|  55|0xc9300000, 0xc9300000, 0xc9400000|  0%| F|  |TAMS 0xc9300000, 0xc9300000| Untracked 
|  56|0xc9400000, 0xc9400000, 0xc9500000|  0%| F|  |TAMS 0xc9400000, 0xc9400000| Untracked 
|  57|0xc9500000, 0xc9500000, 0xc9600000|  0%| F|  |TAMS 0xc9500000, 0xc9500000| Untracked 
|  58|0xc9600000, 0xc9600000, 0xc9700000|  0%| F|  |TAMS 0xc9600000, 0xc9600000| Untracked 
|  59|0xc9700000, 0xc9700000, 0xc9800000|  0%| F|  |TAMS 0xc9700000, 0xc9700000| Untracked 
|  60|0xc9800000, 0xc9800000, 0xc9900000|  0%| F|  |TAMS 0xc9800000, 0xc9800000| Untracked 
|  61|0xc9900000, 0xc9900000, 0xc9a00000|  0%| F|  |TAMS 0xc9900000, 0xc9900000| Untracked 
|  62|0xc9a00000, 0xc9a00000, 0xc9b00000|  0%| F|  |TAMS 0xc9a00000, 0xc9a00000| Untracked 
|  63|0xc9b00000, 0xc9b00000, 0xc9c00000|  0%| F|  |TAMS 0xc9b00000, 0xc9b00000| Untracked 
|  64|0xc9c00000, 0xc9c00000, 0xc9d00000|  0%| F|  |TAMS 0xc9c00000, 0xc9c00000| Untracked 
|  65|0xc9d00000, 0xc9d00000, 0xc9e00000|  0%| F|  |TAMS 0xc9d00000, 0xc9d00000| Untracked 
|  66|0xc9e00000, 0xc9e00000, 0xc9f00000|  0%| F|  |TAMS 0xc9e00000, 0xc9e00000| Untracked 
|  67|0xc9f00000, 0xc9f00000, 0xca000000|  0%| F|  |TAMS 0xc9f00000, 0xc9f00000| Untracked 
|  68|0xca000000, 0xca000000, 0xca100000|  0%| F|  |TAMS 0xca000000, 0xca000000| Untracked 
|  69|0xca100000, 0xca100000, 0xca200000|  0%| F|  |TAMS 0xca100000, 0xca100000| Untracked 
|  70|0xca200000, 0xca200000, 0xca300000|  0%| F|  |TAMS 0xca200000, 0xca200000| Untracked 
|  71|0xca300000, 0xca300000, 0xca400000|  0%| F|  |TAMS 0xca300000, 0xca300000| Untracked 
|  72|0xca400000, 0xca400000, 0xca500000|  0%| F|  |TAMS 0xca400000, 0xca400000| Untracked 
|  73|0xca500000, 0xca500000, 0xca600000|  0%| F|  |TAMS 0xca500000, 0xca500000| Untracked 
|  74|0xca600000, 0xca600000, 0xca700000|  0%| F|  |TAMS 0xca600000, 0xca600000| Untracked 
|  75|0xca700000, 0xca700000, 0xca800000|  0%| F|  |TAMS 0xca700000, 0xca700000| Untracked 
|  76|0xca800000, 0xca800000, 0xca900000|  0%| F|  |TAMS 0xca800000, 0xca800000| Untracked 
|  77|0xca900000, 0xca900000, 0xcaa00000|  0%| F|  |TAMS 0xca900000, 0xca900000| Untracked 
|  78|0xcaa00000, 0xcaa00000, 0xcab00000|  0%| F|  |TAMS 0xcaa00000, 0xcaa00000| Untracked 
|  79|0xcab00000, 0xcab00000, 0xcac00000|  0%| F|  |TAMS 0xcab00000, 0xcab00000| Untracked 
|  80|0xcac00000, 0xcac00000, 0xcad00000|  0%| F|  |TAMS 0xcac00000, 0xcac00000| Untracked 
|  81|0xcad00000, 0xcad00000, 0xcae00000|  0%| F|  |TAMS 0xcad00000, 0xcad00000| Untracked 
|  82|0xcae00000, 0xcae00000, 0xcaf00000|  0%| F|  |TAMS 0xcae00000, 0xcae00000| Untracked 
|  83|0xcaf00000, 0xcaf00000, 0xcb000000|  0%| F|  |TAMS 0xcaf00000, 0xcaf00000| Untracked 
|  84|0xcb000000, 0xcb000000, 0xcb100000|  0%| F|  |TAMS 0xcb000000, 0xcb000000| Untracked 
|  85|0xcb100000, 0xcb100000, 0xcb200000|  0%| F|  |TAMS 0xcb100000, 0xcb100000| Untracked 
|  86|0xcb200000, 0xcb200000, 0xcb300000|  0%| F|  |TAMS 0xcb200000, 0xcb200000| Untracked 
|  87|0xcb300000, 0xcb300000, 0xcb400000|  0%| F|  |TAMS 0xcb300000, 0xcb300000| Untracked 
|  88|0xcb400000, 0xcb400000, 0xcb500000|  0%| F|  |TAMS 0xcb400000, 0xcb400000| Untracked 
|  89|0xcb500000, 0xcb500000, 0xcb600000|  0%| F|  |TAMS 0xcb500000, 0xcb500000| Untracked 
|  90|0xcb600000, 0xcb600000, 0xcb700000|  0%| F|  |TAMS 0xcb600000, 0xcb600000| Untracked 
|  91|0xcb700000, 0xcb700000, 0xcb800000|  0%| F|  |TAMS 0xcb700000, 0xcb700000| Untracked 
|  92|0xcb800000, 0xcb800000, 0xcb900000|  0%| F|  |TAMS 0xcb800000, 0xcb800000| Untracked 
|  93|0xcb900000, 0xcb900000, 0xcba00000|  0%| F|  |TAMS 0xcb900000, 0xcb900000| Untracked 
|  94|0xcba00000, 0xcba00000, 0xcbb00000|  0%| F|  |TAMS 0xcba00000, 0xcba00000| Untracked 
|  95|0xcbb00000, 0xcbb00000, 0xcbc00000|  0%| F|  |TAMS 0xcbb00000, 0xcbb00000| Untracked 
|  96|0xcbc00000, 0xcbc00000, 0xcbd00000|  0%| F|  |TAMS 0xcbc00000, 0xcbc00000| Untracked 
|  97|0xcbd00000, 0xcbd00000, 0xcbe00000|  0%| F|  |TAMS 0xcbd00000, 0xcbd00000| Untracked 
|  98|0xcbe00000, 0xcbe00000, 0xcbf00000|  0%| F|  |TAMS 0xcbe00000, 0xcbe00000| Untracked 
|  99|0xcbf00000, 0xcbf00000, 0xcc000000|  0%| F|  |TAMS 0xcbf00000, 0xcbf00000| Untracked 
| 100|0xcc000000, 0xcc000000, 0xcc100000|  0%| F|  |TAMS 0xcc000000, 0xcc000000| Untracked 
| 101|0xcc100000, 0xcc100000, 0xcc200000|  0%| F|  |TAMS 0xcc100000, 0xcc100000| Untracked 
| 102|0xcc200000, 0xcc200000, 0xcc300000|  0%| F|  |TAMS 0xcc200000, 0xcc200000| Untracked 
| 103|0xcc300000, 0xcc300000, 0xcc400000|  0%| F|  |TAMS 0xcc300000, 0xcc300000| Untracked 
| 104|0xcc400000, 0xcc400000, 0xcc500000|  0%| F|  |TAMS 0xcc400000, 0xcc400000| Untracked 
| 105|0xcc500000, 0xcc500000, 0xcc600000|  0%| F|  |TAMS 0xcc500000, 0xcc500000| Untracked 
| 106|0xcc600000, 0xcc600000, 0xcc700000|  0%| F|  |TAMS 0xcc600000, 0xcc600000| Untracked 
| 107|0xcc700000, 0xcc700000, 0xcc800000|  0%| F|  |TAMS 0xcc700000, 0xcc700000| Untracked 
| 108|0xcc800000, 0xcc800000, 0xcc900000|  0%| F|  |TAMS 0xcc800000, 0xcc800000| Untracked 
| 109|0xcc900000, 0xcc900000, 0xcca00000|  0%| F|  |TAMS 0xcc900000, 0xcc900000| Untracked 
| 110|0xcca00000, 0xcca00000, 0xccb00000|  0%| F|  |TAMS 0xcca00000, 0xcca00000| Untracked 
| 111|0xccb00000, 0xccb00000, 0xccc00000|  0%| F|  |TAMS 0xccb00000, 0xccb00000| Untracked 
| 112|0xccc00000, 0xccc00000, 0xccd00000|  0%| F|  |TAMS 0xccc00000, 0xccc00000| Untracked 
| 113|0xccd00000, 0xccd00000, 0xcce00000|  0%| F|  |TAMS 0xccd00000, 0xccd00000| Untracked 
| 114|0xcce00000, 0xcce00000, 0xccf00000|  0%| F|  |TAMS 0xcce00000, 0xcce00000| Untracked 
| 115|0xccf00000, 0xccf00800, 0xcd000000|  0%| E|  |TAMS 0xccf00000, 0xccf00000| Complete 
| 116|0xcd000000, 0xcd100000, 0xcd100000|100%| E|CS|TAMS 0xcd000000, 0xcd000000| Complete 
| 117|0xcd100000, 0xcd200000, 0xcd200000|100%| E|CS|TAMS 0xcd100000, 0xcd100000| Complete 
| 118|0xcd200000, 0xcd300000, 0xcd300000|100%| E|CS|TAMS 0xcd200000, 0xcd200000| Complete 
| 119|0xcd300000, 0xcd400000, 0xcd400000|100%| E|CS|TAMS 0xcd300000, 0xcd300000| Complete 
| 120|0xcd400000, 0xcd500000, 0xcd500000|100%| E|CS|TAMS 0xcd400000, 0xcd400000| Complete 
| 121|0xcd500000, 0xcd600000, 0xcd600000|100%| E|CS|TAMS 0xcd500000, 0xcd500000| Complete 
| 122|0xcd600000, 0xcd700000, 0xcd700000|100%| E|CS|TAMS 0xcd600000, 0xcd600000| Complete 
| 123|0xcd700000, 0xcd800000, 0xcd800000|100%| E|CS|TAMS 0xcd700000, 0xcd700000| Complete 
| 124|0xcd800000, 0xcd900000, 0xcd900000|100%| E|CS|TAMS 0xcd800000, 0xcd800000| Complete 
| 125|0xcd900000, 0xcda00000, 0xcda00000|100%| E|CS|TAMS 0xcd900000, 0xcd900000| Complete 
| 126|0xcda00000, 0xcdb00000, 0xcdb00000|100%| E|CS|TAMS 0xcda00000, 0xcda00000| Complete 
| 127|0xcdb00000, 0xcdc00000, 0xcdc00000|100%| E|CS|TAMS 0xcdb00000, 0xcdb00000| Complete 

Card table byte_map: [0xc5a00000,0xc5b00000] _byte_map_base: 0xc53d2000

Marking Bits (Prev, Next): (CMBitMap*) 0xf5e8b528, (CMBitMap*) 0xf5e8b548
 Prev Bits: [0xc5100000, 0xc5900000)
 Next Bits: [0xc4900000, 0xc5100000)

Polling page: 0xf7f51000

Metaspace:

Usage:
    4.51 MB used.

Virtual space:
     16.00 MB reserved,       4.94 MB ( 31%) committed,  1 nodes.

Chunk freelists:
8.61 MB

MaxMetaspaceSize: 96.00 MB
No class space
Initial GC threshold: 16.00 MB
Current GC threshold: 16.00 MB
CDS: on
MetaspaceReclaimPolicy: balanced
 - commit_granule_bytes: 65536.
 - commit_granule_words: 16384.
 - virtual_space_node_default_size: 4194304.
 - enlarge_chunks_in_place: 1.
 - new_chunks_are_fully_committed: 0.
 - uncommit_free_chunks: 1.
 - use_allocation_guard: 0.
 - handle_deallocations: 1.


Internal statistics:

num_allocs_failed_limit: 0.
num_arena_births: 197.
num_arena_deaths: 0.
num_vsnodes_births: 1.
num_vsnodes_deaths: 0.
num_space_committed: 79.
num_space_uncommitted: 0.
num_chunks_returned_to_freelist: 0.
num_chunks_taken_from_freelist: 385.
num_chunk_merges: 0.
num_chunk_splits: 284.
num_chunks_enlarged: 219.
num_inconsistent_stats: 0.

CodeHeap 'non-profiled nmethods': size=120172Kb used=984Kb max_used=984Kb free=119187Kb
 bounds [0xed7f5000, 0xeda35000, 0xf4d50000]
CodeHeap 'profiled nmethods': size=120172Kb used=2775Kb max_used=2775Kb free=117396Kb
 bounds [0xe5d50000, 0xe6008000, 0xed2ab000]
CodeHeap 'non-nmethods': size=5416Kb used=735Kb max_used=781Kb free=4681Kb
 bounds [0xed2ab000, 0xed4eb000, 0xed7f5000]
 total_blobs=1931 nmethods=1586 adapters=259
 compilation: enabled
              stopped_count=0, restarted_count=0
 full_count=0

Compilation events (20 events):
Event: 11815.596 Thread 0xc429f450 1581   !   4       java.io.ObjectStreamClass::readNonProxy (401 bytes)
Event: 11815.774 Thread 0xc429f450 nmethod 1581 0xed8df508 code [0xed8df840, 0xed8e257c]
Event: 12178.494 Thread 0xc429f450 1582       4       java.io.ObjectStreamClass::classNamesEqual (59 bytes)
Event: 12178.532 Thread 0xc429f450 nmethod 1582 0xed8e4008 code [0xed8e4140, 0xed8e4810]
Event: 14066.590 Thread 0xc429f450 1583       4       java.util.Arrays::rangeCheck (74 bytes)
Event: 14066.592 Thread 0xc429f450 nmethod 1583 0xed8e4c88 code [0xed8e4da0, 0xed8e4e50]
Event: 14368.422 Thread 0xc429f450 1585       4       java.lang.Class::forName (47 bytes)
Event: 14368.423 Thread 0xc429f450 nmethod 1585 0xed8e4f88 code [0xed8e50a0, 0xed8e515c]
Event: 14368.423 Thread 0xc429f450 1584   !   4       java.io.ObjectInputStream::resolveClass (39 bytes)
Event: 14368.426 Thread 0xc429f450 nmethod 1584 0xed8e5288 code [0xed8e53e0, 0xed8e5550]
Event: 15332.354 Thread 0xc429f450 1587       4       java.io.ObjectOutputStream$HandleTable::<init> (45 bytes)
Event: 15332.370 Thread 0xc429f450 nmethod 1587 0xed8e5a88 code [0xed8e5bc0, 0xed8e6430]
Event: 16174.516 Thread 0xc429f450 1588       4       java.io.ObjectStreamClass::getVariantFor (51 bytes)
Event: 16174.517 Thread 0xc429f450 nmethod 1588 0xed8e6688 code [0xed8e67a0, 0xed8e6830]
Event: 16594.537 Thread 0xc429f450 1589       4       java.util.HashMap::getNode (150 bytes)
Event: 16594.543 Thread 0xc429f450 nmethod 1589 0xed8e6988 code [0xed8e6ae0, 0xed8e6db0]
Event: 16628.537 Thread 0xc429f450 1590       4       java.io.ObjectStreamClass::initNonProxy (628 bytes)
Event: 16628.899 Thread 0xc429f450 nmethod 1590 0xed8e7008 code [0xed8e7280, 0xed8e9b44]
Event: 18864.432 Thread 0xc429f450 1591       4       java.util.ArrayList::set (24 bytes)
Event: 18864.435 Thread 0xc429f450 nmethod 1591 0xed8eac88 code [0xed8eada0, 0xed8eaf70]

GC Heap History (6 events):
Event: 172.148 GC heap before
{Heap before GC invocations=0 (full 0):
 garbage-first heap   total 131072K, used 12288K [0xc5c00000, 0xe5c00000)
  region size 1024K, 13 young (13312K), 0 survivors (0K)
 Metaspace       used 2444K, committed 2624K, reserved 16384K
}
Event: 172.157 GC heap after
{Heap after GC invocations=1 (full 0):
 garbage-first heap   total 131072K, used 2084K [0xc5c00000, 0xe5c00000)
  region size 1024K, 2 young (2048K), 2 survivors (2048K)
 Metaspace       used 2444K, committed 2624K, reserved 16384K
}
Event: 221.189 GC heap before
{Heap before GC invocations=1 (full 0):
 garbage-first heap   total 131072K, used 18468K [0xc5c00000, 0xe5c00000)
  region size 1024K, 19 young (19456K), 2 survivors (2048K)
 Metaspace       used 4111K, committed 4480K, reserved 16384K
}
Event: 221.247 GC heap after
{Heap after GC invocations=2 (full 0):
 garbage-first heap   total 131072K, used 4100K [0xc5c00000, 0xe5c00000)
  region size 1024K, 2 young (2048K), 2 survivors (2048K)
 Metaspace       used 4111K, committed 4480K, reserved 16384K
}
Event: 14290.435 GC heap before
{Heap before GC invocations=2 (full 0):
 garbage-first heap   total 131072K, used 79876K [0xc5c00000, 0xe5c00000)
  region size 1024K, 76 young (77824K), 2 survivors (2048K)
 Metaspace       used 4621K, committed 5056K, reserved 16384K
}
Event: 14290.474 GC heap after
{Heap after GC invocations=3 (full 0):
 garbage-first heap   total 131072K, used 8976K [0xc5c00000, 0xe5c00000)
  region size 1024K, 7 young (7168K), 7 survivors (7168K)
 Metaspace       used 4621K, committed 5056K, reserved 16384K
}

Dll operation events (4 events):
Event: 0.051 Loaded shared library /usr/lib/jvm/java-17-zulu-openjdk-jdk-x86/lib/libjava.so
Event: 61.818 Loaded shared library /usr/lib/jvm/java-17-zulu-openjdk-jdk-x86/lib/libnio.so
Event: 61.819 Loaded shared library /usr/lib/jvm/java-17-zulu-openjdk-jdk-x86/lib/libjimage.so
Event: 61.871 Loaded shared library /usr/lib/jvm/java-17-zulu-openjdk-jdk-x86/lib/libnet.so

Deoptimization events (20 events):
Event: 462.156 Thread 0x0c316890 DEOPT PACKING pc=0xed8af978 sp=0xffcd4560
Event: 462.156 Thread 0x0c316890 DEOPT UNPACKING pc=0xed2f4d33 sp=0xffcd4518 mode 2
Event: 462.156 Thread 0x0c316890 Uncommon trap: trap_request=0xffffffd6 fr.pc=0xed8af650 relative=0x00001170
Event: 462.156 Thread 0x0c316890 Uncommon trap: reason=array_check action=maybe_recompile pc=0xed8af650 method=java.io.ObjectInputStream.readArray(Z)Ljava/lang/Object; @ 392 c2
Event: 462.156 Thread 0x0c316890 DEOPT PACKING pc=0xed8af650 sp=0xffcd4560
Event: 462.156 Thread 0x0c316890 DEOPT UNPACKING pc=0xed2f4d33 sp=0xffcd4548 mode 2
Event: 462.156 Thread 0x0c316890 Uncommon trap: trap_request=0xffffffd6 fr.pc=0xed8af650 relative=0x00001170
Event: 462.156 Thread 0x0c316890 Uncommon trap: reason=array_check action=maybe_recompile pc=0xed8af650 method=java.io.ObjectInputStream.readArray(Z)Ljava/lang/Object; @ 392 c2
Event: 462.156 Thread 0x0c316890 DEOPT PACKING pc=0xed8af650 sp=0xffcd4560
Event: 462.156 Thread 0x0c316890 DEOPT UNPACKING pc=0xed2f4d33 sp=0xffcd4548 mode 2
Event: 462.156 Thread 0x0c316890 Uncommon trap: trap_request=0xffffffd6 fr.pc=0xed8af650 relative=0x00001170
Event: 462.156 Thread 0x0c316890 Uncommon trap: reason=array_check action=maybe_recompile pc=0xed8af650 method=java.io.ObjectInputStream.readArray(Z)Ljava/lang/Object; @ 392 c2
Event: 462.156 Thread 0x0c316890 DEOPT PACKING pc=0xed8af650 sp=0xffcd4560
Event: 462.156 Thread 0x0c316890 DEOPT UNPACKING pc=0xed2f4d33 sp=0xffcd4548 mode 2
Event: 462.156 Thread 0x0c316890 Uncommon trap: trap_request=0xffffffd6 fr.pc=0xed8af650 relative=0x00001170
Event: 462.156 Thread 0x0c316890 Uncommon trap: reason=array_check action=maybe_recompile pc=0xed8af650 method=java.io.ObjectInputStream.readArray(Z)Ljava/lang/Object; @ 392 c2
Event: 462.156 Thread 0x0c316890 DEOPT PACKING pc=0xed8af650 sp=0xffcd4560
Event: 462.156 Thread 0x0c316890 DEOPT UNPACKING pc=0xed2f4d33 sp=0xffcd4548 mode 2
Event: 511.254 Thread 0x0c316890 DEOPT PACKING pc=0xe5eb98b9 sp=0xffcd4c10
Event: 511.254 Thread 0x0c316890 DEOPT UNPACKING pc=0xed2f4171 sp=0xffcd4aa0 mode 0

Classes unloaded (0 events):
No events

Classes redefined (0 events):
No events

Internal exceptions (6 events):
Event: 61.946 Thread 0x0c316890 Exception <a 'java/lang/NoSuchMethodError'{0xcd40b4f8}: 'java.lang.Object java.lang.invoke.DirectMethodHandle$Holder.invokeStaticInit(java.lang.Object)'> (0xcd40b4f8) 
thrown [src/hotspot/share/interpreter/linkResolver.cpp, line 759]
Event: 152.256 Thread 0x0c316890 Exception <a 'java/lang/NoSuchMethodError'{0xcd0c7fe0}: 'java.lang.Object java.lang.invoke.DirectMethodHandle$Holder.invokeStatic(java.lang.Object, float)'> (0xcd0c7fe0) 
thrown [src/hotspot/share/interpreter/linkResolver.cpp, line 759]
Event: 172.659 Thread 0x0c316890 Exception <a 'java/lang/NoSuchMethodError'{0xcd446ba0}: 'java.lang.Object java.lang.invoke.DirectMethodHandle$Holder.invokeSpecial(java.lang.Object, java.lang.Object, java.lang.Object, java.lang.Object, int)'> (0xcd446ba0) 
thrown [src/hotspot/share/interpreter/linkResolver.cpp, line 759]
Event: 172.659 Thread 0x0c316890 Exception <a 'java/lang/NoSuchMethodError'{0xcd44a0e0}: 'java.lang.Object java.lang.invoke.Invokers$Holder.linkToTargetMethod(java.lang.Object, java.lang.Object, int, java.lang.Object)'> (0xcd44a0e0) 
thrown [src/hotspot/share/interpreter/linkResolver.cpp, line 759]
Event: 207.260 Thread 0x0c316890 Exception <a 'java/lang/NoSuchMethodError'{0xccc6f600}: 'java.lang.Object java.lang.invoke.DirectMethodHandle$Holder.invokeSpecial(java.lang.Object, java.lang.Object, java.lang.Object, java.lang.Object, java.lang.Object, java.lang.Object, int)'> (0xccc6f600) 
thrown [src/hotspot/share/interpreter/linkResolver.cpp, line 759]
Event: 267.448 Thread 0x0c316890 Exception <a 'java/lang/NoSuchMethodError'{0xcd5eb4d0}: static [Lscript/obj_id;.<clinit>()V> (0xcd5eb4d0) 
thrown [src/hotspot/share/prims/jni.cpp, line 1112]

VM Operations (20 events):
Event: 794.945 Executing VM operation: Cleanup
Event: 794.945 Executing VM operation: Cleanup done
Event: 796.946 Executing VM operation: Cleanup
Event: 796.946 Executing VM operation: Cleanup done
Event: 814.975 Executing VM operation: Cleanup
Event: 814.975 Executing VM operation: Cleanup done
Event: 930.069 Executing VM operation: Cleanup
Event: 930.069 Executing VM operation: Cleanup done
Event: 990.172 Executing VM operation: Cleanup
Event: 990.172 Executing VM operation: Cleanup done
Event: 4794.429 Executing VM operation: Cleanup
Event: 4794.429 Executing VM operation: Cleanup done
Event: 8902.469 Executing VM operation: Cleanup
Event: 8902.469 Executing VM operation: Cleanup done
Event: 14290.435 Executing VM operation: G1CollectForAllocation
Event: 14290.474 Executing VM operation: G1CollectForAllocation done
Event: 14291.474 Executing VM operation: Cleanup
Event: 14291.474 Executing VM operation: Cleanup done
Event: 18866.463 Executing VM operation: Cleanup
Event: 18866.463 Executing VM operation: Cleanup done

Events (20 events):
Event: 267.601 loading class java/lang/constant/MethodHandleDesc
Event: 267.601 loading class java/lang/constant/MethodHandleDesc done
Event: 267.630 loading class java/lang/constant/MethodHandleDesc$1
Event: 267.630 loading class java/lang/constant/MethodHandleDesc$1 done
Event: 267.630 loading class java/lang/constant/DirectMethodHandleDescImpl
Event: 267.631 loading class java/lang/constant/DirectMethodHandleDesc
Event: 267.631 loading class java/lang/constant/DirectMethodHandleDesc done
Event: 267.631 loading class java/lang/constant/DirectMethodHandleDescImpl done
Event: 267.631 loading class java/lang/constant/DirectMethodHandleDescImpl$1
Event: 267.631 loading class java/lang/constant/DirectMethodHandleDescImpl$1 done
Event: 267.631 loading class java/lang/constant/DirectMethodHandleDesc$1
Event: 267.631 loading class java/lang/constant/DirectMethodHandleDesc$1 done
Event: 267.631 loading class java/lang/constant/PrimitiveClassDescImpl
Event: 267.631 loading class java/lang/constant/DynamicConstantDesc
Event: 267.631 loading class java/lang/constant/DynamicConstantDesc done
Event: 267.631 loading class java/lang/constant/PrimitiveClassDescImpl done
Event: 267.631 loading class java/lang/constant/DynamicConstantDesc$AnonymousDynamicConstantDesc
Event: 267.632 loading class java/lang/constant/DynamicConstantDesc$AnonymousDynamicConstantDesc done
Event: 21019.500 Thread 0x0c316890 Thread exited: 0x0c316890
Event: 21019.577 Thread 0xf5e242d0 Thread exited: 0xf5e242d0


Dynamic libraries:
08048000-09298000 r-xp 00000000 08:04 494947248                          /home/almalinux/swg-returns-nge/build/bin/SwgGameServer
09298000-0929c000 rw-p 0124f000 08:04 494947248                          /home/almalinux/swg-returns-nge/build/bin/SwgGameServer
0929c000-09b1f000 rw-p 00000000 00:00 0 
0ac51000-19753000 rw-p 00000000 00:00 0                                  [heap]
bf400000-bf4f1000 rw-p 00000000 00:00 0 
bf4f1000-bf500000 ---p 00000000 00:00 0 
bf600000-bf6f1000 rw-p 00000000 00:00 0 
bf6f1000-bf700000 ---p 00000000 00:00 0 
bf700000-bf7fd000 rw-p 00000000 00:00 0 
bf7fd000-bf800000 ---p 00000000 00:00 0 
bf800000-bf8fe000 rw-p 00000000 00:00 0 
bf8fe000-bf900000 ---p 00000000 00:00 0 
bf900000-bf9f9000 rw-p 00000000 00:00 0 
bf9f9000-bfa00000 ---p 00000000 00:00 0 
bfa00000-bfbfe000 rw-p 00000000 00:00 0 
bfbfe000-bfc00000 ---p 00000000 00:00 0 
bfc00000-bfcf9000 rw-p 00000000 00:00 0 
bfcf9000-bfd00000 ---p 00000000 00:00 0 
bfe00000-bfef9000 rw-p 00000000 00:00 0 
bfef9000-bff00000 ---p 00000000 00:00 0 
bff00000-bfffb000 rw-p 00000000 00:00 0 
bfffb000-c0000000 ---p 00000000 00:00 0 
c0000000-c00f9000 rw-p 00000000 00:00 0 
c00f9000-c0100000 ---p 00000000 00:00 0 
c0200000-c02f9000 rw-p 00000000 00:00 0 
c02f9000-c0300000 ---p 00000000 00:00 0 
c0b9d000-c0ba1000 ---p 00000000 00:00 0 
c0ba1000-c0c1e000 rw-p 00000000 00:00 0 
c0d00000-c0dfa000 rw-p 00000000 00:00 0 
c0dfa000-c0e00000 ---p 00000000 00:00 0 
c0e00000-c0efe000 rw-p 00000000 00:00 0 
c0efe000-c0f00000 ---p 00000000 00:00 0 
c0f00000-c0ff9000 rw-p 00000000 00:00 0 
c0ff9000-c1000000 ---p 00000000 00:00 0 
c13b8000-c13b9000 ---p 00000000 00:00 0 
c13b9000-c1439000 rw-p 00000000 00:00 0 
c1439000-c143a000 ---p 00000000 00:00 0 
c143a000-c14ba000 rw-p 00000000 00:00 0 
c14ba000-c14be000 ---p 00000000 00:00 0 
c14be000-c153b000 rw-p 00000000 00:00 0 
c173d000-c1741000 ---p 00000000 00:00 0 
c1741000-c17fe000 rw-p 00000000 00:00 0 
c17fe000-c1802000 ---p 00000000 00:00 0 
c1802000-c18bf000 rw-p 00000000 00:00 0 
c18bf000-c18c0000 ---p 00000000 00:00 0 
c18c0000-c1940000 rw-p 00000000 00:00 0 
c1940000-c1944000 ---p 00000000 00:00 0 
c1944000-c1a01000 rw-p 00000000 00:00 0 
c1a01000-c1a05000 ---p 00000000 00:00 0 
c1a05000-c1ac2000 rw-p 00000000 00:00 0 
c1ac2000-c1ac6000 ---p 00000000 00:00 0 
c1ac6000-c1b43000 rw-p 00000000 00:00 0 
c1b43000-c1b47000 ---p 00000000 00:00 0 
c1b47000-c1c04000 rw-p 00000000 00:00 0 
c1c04000-c1c08000 ---p 00000000 00:00 0 
c1c08000-c1cc5000 rw-p 00000000 00:00 0 
c1cc5000-c1cc9000 ---p 00000000 00:00 0 
c1cc9000-c1d86000 rw-p 00000000 00:00 0 
c1d86000-c2000000 r--p 00078000 08:04 535181                             /usr/lib/locale/locale-archive
c2000000-c2180000 rw-p 00000000 00:00 0 
c2180000-c2400000 ---p 00000000 00:00 0 
c2400000-c2770000 rw-p 00000000 00:00 0 
c2770000-c3000000 ---p 00000000 00:00 0 
c307e000-c327e000 r--p 00000000 08:04 535181                             /usr/lib/locale/locale-archive
c327e000-c3282000 ---p 00000000 00:00 0 
c3282000-c333f000 rw-p 00000000 00:00 0 
c333f000-c3343000 ---p 00000000 00:00 0 
c3343000-c3400000 rw-p 00000000 00:00 0 
c3400000-c3421000 rw-p 00000000 00:00 0 
c3421000-c3500000 ---p 00000000 00:00 0 
c3531000-c3535000 ---p 00000000 00:00 0 
c3535000-c35b2000 rw-p 00000000 00:00 0 
c35b2000-c35b3000 ---p 00000000 00:00 0 
c35b3000-c3633000 rw-p 00000000 00:00 0 
c3633000-c3f00000 rw-p 00001000 08:04 143240867                          /usr/lib/jvm/java-17-zulu-openjdk-jdk-x86/lib/server/classes.jsa
c3f00000-c3f21000 rw-p 00000000 00:00 0 
c3f21000-c4000000 ---p 00000000 00:00 0 
c407f000-c4080000 ---p 00000000 00:00 0 
c4080000-c4100000 rw-p 00000000 00:00 0 
c4100000-c4121000 rw-p 00000000 00:00 0 
c4121000-c4200000 ---p 00000000 00:00 0 
c4200000-c42d5000 rw-p 00000000 00:00 0 
c42d5000-c4300000 ---p 00000000 00:00 0 
c437f000-c4380000 ---p 00000000 00:00 0 
c4380000-c4400000 rw-p 00000000 00:00 0 
c4400000-c4435000 rw-p 00000000 00:00 0 
c4435000-c4500000 ---p 00000000 00:00 0 
c457f000-c4580000 ---p 00000000 00:00 0 
c4580000-c4600000 rw-p 00000000 00:00 0 
c4600000-c46ec000 rw-p 00000000 00:00 0 
c46ec000-c4700000 ---p 00000000 00:00 0 
c4700000-c47fd000 rw-p 00000000 00:00 0 
c47fd000-c4800000 ---p 00000000 00:00 0 
c487f000-c4880000 ---p 00000000 00:00 0 
c4880000-c4b00000 rw-p 00000000 00:00 0 
c4b00000-c5100000 ---p 00000000 00:00 0 
c5100000-c5300000 rw-p 00000000 00:00 0 
c5300000-c5900000 ---p 00000000 00:00 0 
c5900000-c5940000 rw-p 00000000 00:00 0 
c5940000-c5a00000 ---p 00000000 00:00 0 
c5a00000-c5a40000 rw-p 00000000 00:00 0 
c5a40000-c5b00000 ---p 00000000 00:00 0 
c5b00000-c5b40000 rw-p 00000000 00:00 0 
c5b40000-c5c00000 ---p 00000000 00:00 0 
c5c00000-cdc00000 rw-p 00000000 00:00 0 
cdc00000-e5c00000 ---p 00000000 00:00 0 
e5c65000-e5c6a000 rw-p 00000000 00:00 0 
e5c6a000-e5d50000 ---p 00000000 00:00 0 
e5d50000-e6008000 rwxp 00000000 00:00 0 
e6008000-ed2ab000 ---p 00000000 00:00 0 
ed2ab000-ed4eb000 rwxp 00000000 00:00 0 
ed4eb000-ed7f5000 ---p 00000000 00:00 0 
ed7f5000-eda35000 rwxp 00000000 00:00 0 
eda35000-f4d50000 ---p 00000000 00:00 0 
f4d50000-f4eb8000 r--s 00000000 08:04 117534333                          /usr/lib/jvm/java-17-zulu-openjdk-jdk-x86/lib/modules
f4eb8000-f5d5a000 r-xp 00000000 08:04 143240869                          /usr/lib/jvm/java-17-zulu-openjdk-jdk-x86/lib/server/libjvm.so
f5d5a000-f5daf000 r--p 00ea1000 08:04 143240869                          /usr/lib/jvm/java-17-zulu-openjdk-jdk-x86/lib/server/libjvm.so
f5daf000-f5dd0000 rw-p 00ef6000 08:04 143240869                          /usr/lib/jvm/java-17-zulu-openjdk-jdk-x86/lib/server/libjvm.so
f5dd0000-f5e00000 rw-p 00000000 00:00 0 
f5e00000-f5f00000 rw-p 00000000 00:00 0 
f5f16000-f5f17000 ---p 00000000 00:00 0 
f5f17000-f5f97000 rw-p 00000000 00:00 0 
f5f97000-f5f98000 ---p 00000000 00:00 0 
f5f98000-f5f9c000 ---p 00000000 00:00 0 
f5f9c000-f6b10000 rw-p 00000000 00:00 0 
f6b1c000-f6b31000 r-xp 00000000 08:04 117534323                          /usr/lib/jvm/java-17-zulu-openjdk-jdk-x86/lib/libnet.so
f6b31000-f6b32000 r--p 00014000 08:04 117534323                          /usr/lib/jvm/java-17-zulu-openjdk-jdk-x86/lib/libnet.so
f6b32000-f6b33000 rw-p 00015000 08:04 117534323                          /usr/lib/jvm/java-17-zulu-openjdk-jdk-x86/lib/libnet.so
f6b33000-f6b39000 rw-p 00000000 00:00 0 
f6b39000-f6c1e000 ---p 00000000 00:00 0 
f6e58000-f6e6a000 r-xp 00000000 08:04 117534324                          /usr/lib/jvm/java-17-zulu-openjdk-jdk-x86/lib/libnio.so
f6e6a000-f6e6b000 r--p 00011000 08:04 117534324                          /usr/lib/jvm/java-17-zulu-openjdk-jdk-x86/lib/libnio.so
f6e6b000-f6e6c000 rw-p 00012000 08:04 117534324                          /usr/lib/jvm/java-17-zulu-openjdk-jdk-x86/lib/libnio.so
f6e6c000-f6e95000 rw-p 00000000 00:00 0 
f6e95000-f6eb8000 r-xp 00000000 08:04 117534310                          /usr/lib/jvm/java-17-zulu-openjdk-jdk-x86/lib/libjava.so
f6eb8000-f6eb9000 r--p 00022000 08:04 117534310                          /usr/lib/jvm/java-17-zulu-openjdk-jdk-x86/lib/libjava.so
f6eb9000-f6eba000 rw-p 00023000 08:04 117534310                          /usr/lib/jvm/java-17-zulu-openjdk-jdk-x86/lib/libjava.so
f6eba000-f6ec6000 r-xp 00000000 08:04 16831767                           /usr/lib/libnss_files-2.28.so
f6ec6000-f6ec7000 r--p 0000b000 08:04 16831767                           /usr/lib/libnss_files-2.28.so
f6ec7000-f6ec8000 rw-p 0000c000 08:04 16831767                           /usr/lib/libnss_files-2.28.so
f6ec8000-f6ece000 rw-p 00000000 00:00 0 
f6ed4000-f6ed9000 rw-p 00000000 00:00 0 
f6ed9000-f6edf000 ---p 00000000 00:00 0 
f6edf000-f6efa000 r-xp 00000000 08:04 117534314                          /usr/lib/jvm/java-17-zulu-openjdk-jdk-x86/lib/libjimage.so
f6efa000-f6efb000 ---p 0001b000 08:04 117534314                          /usr/lib/jvm/java-17-zulu-openjdk-jdk-x86/lib/libjimage.so
f6efb000-f6efc000 r--p 0001b000 08:04 117534314                          /usr/lib/jvm/java-17-zulu-openjdk-jdk-x86/lib/libjimage.so
f6efc000-f6efd000 rw-p 0001c000 08:04 117534314                          /usr/lib/jvm/java-17-zulu-openjdk-jdk-x86/lib/libjimage.so
f6efd000-f6f01000 rw-p 00000000 00:00 0 
f6f01000-f6f89000 r-xp 00000000 08:04 17191875                           /usr/lib/libpcre2-8.so.0.7.1
f6f89000-f6f8a000 r--p 00087000 08:04 17191875                           /usr/lib/libpcre2-8.so.0.7.1
f6f8a000-f6f8b000 rw-p 00088000 08:04 17191875                           /usr/lib/libpcre2-8.so.0.7.1
f6f8b000-f6fab000 r-xp 00000000 08:04 17021543                           /usr/lib/libcrypt.so.1.1.0
f6fab000-f6fac000 ---p 00020000 08:04 17021543                           /usr/lib/libcrypt.so.1.1.0
f6fac000-f6fad000 r--p 00020000 08:04 17021543                           /usr/lib/libcrypt.so.1.1.0
f6fad000-f6fb6000 rw-p 00000000 00:00 0 
f6fb6000-f6fe1000 r-xp 00000000 08:04 17191887                           /usr/lib/libselinux.so.1
f6fe1000-f6fe2000 ---p 0002b000 08:04 17191887                           /usr/lib/libselinux.so.1
f6fe2000-f6fe3000 r--p 0002b000 08:04 17191887                           /usr/lib/libselinux.so.1
f6fe3000-f6fe4000 rw-p 0002c000 08:04 17191887                           /usr/lib/libselinux.so.1
f6fe4000-f6fe5000 rw-p 00000000 00:00 0 
f6fe5000-f7004000 r-xp 00000000 08:04 18866589                           /usr/lib/libbrotlicommon.so.1.0.6
f7004000-f7005000 r--p 0001e000 08:04 18866589                           /usr/lib/libbrotlicommon.so.1.0.6
f7005000-f7006000 rw-p 0001f000 08:04 18866589                           /usr/lib/libbrotlicommon.so.1.0.6
f7006000-f7024000 r-xp 00000000 08:04 17191915                           /usr/lib/libsasl2.so.3.0.0
f7024000-f7025000 ---p 0001e000 08:04 17191915                           /usr/lib/libsasl2.so.3.0.0
f7025000-f7026000 r--p 0001e000 08:04 17191915                           /usr/lib/libsasl2.so.3.0.0
f7026000-f7027000 rw-p 0001f000 08:04 17191915                           /usr/lib/libsasl2.so.3.0.0
f7027000-f7029000 rw-p 00000000 00:00 0 
f7029000-f703d000 r-xp 00000000 08:04 16831772                           /usr/lib/libresolv-2.28.so
f703d000-f703e000 ---p 00014000 08:04 16831772                           /usr/lib/libresolv-2.28.so
f703e000-f703f000 r--p 00014000 08:04 16831772                           /usr/lib/libresolv-2.28.so
f703f000-f7040000 rw-p 00015000 08:04 16831772                           /usr/lib/libresolv-2.28.so
f7040000-f7042000 rw-p 00000000 00:00 0 
f7042000-f7045000 r-xp 00000000 08:04 17191893                           /usr/lib/libkeyutils.so.1.6
f7045000-f7046000 ---p 00003000 08:04 17191893                           /usr/lib/libkeyutils.so.1.6
f7046000-f7047000 r--p 00003000 08:04 17191893                           /usr/lib/libkeyutils.so.1.6
f7047000-f7048000 rw-p 00000000 00:00 0 
f7048000-f7058000 r-xp 00000000 08:04 17021560                           /usr/lib/libkrb5support.so.0.1
f7058000-f7059000 r--p 0000f000 08:04 17021560                           /usr/lib/libkrb5support.so.0.1
f7059000-f705a000 rw-p 00010000 08:04 17021560                           /usr/lib/libkrb5support.so.0.1
f705a000-f7062000 r-xp 00000000 08:04 16831774                           /usr/lib/librt-2.28.so
f7062000-f7063000 r--p 00007000 08:04 16831774                           /usr/lib/librt-2.28.so
f7063000-f7064000 rw-p 00008000 08:04 16831774                           /usr/lib/librt-2.28.so
f7064000-f71e3000 r-xp 00000000 08:04 17021545                           /usr/lib/libunistring.so.2.1.0
f71e3000-f71e4000 ---p 0017f000 08:04 17021545                           /usr/lib/libunistring.so.2.1.0
f71e4000-f71e6000 r--p 0017f000 08:04 17021545                           /usr/lib/libunistring.so.2.1.0
f71e6000-f71e7000 rw-p 00181000 08:04 17021545                           /usr/lib/libunistring.so.2.1.0
f71e7000-f7211000 r-xp 00000000 08:04 18654292                           /usr/lib/liblzma.so.5.2.4
f7211000-f7212000 r--p 00029000 08:04 18654292                           /usr/lib/liblzma.so.5.2.4
f7212000-f7213000 rw-p 00000000 00:00 0 
f7213000-f721f000 r-xp 00000000 08:04 17191936                           /usr/lib/libbrotlidec.so.1.0.6
f721f000-f7220000 r--p 0000b000 08:04 17191936                           /usr/lib/libbrotlidec.so.1.0.6
f7220000-f7221000 rw-p 00000000 00:00 0 
f7221000-f7230000 r-xp 00000000 08:04 17191918                           /usr/lib/liblber-2.4.so.2.10.9
f7230000-f7231000 r--p 0000e000 08:04 17191918                           /usr/lib/liblber-2.4.so.2.10.9
f7231000-f7232000 rw-p 0000f000 08:04 17191918                           /usr/lib/liblber-2.4.so.2.10.9
f7232000-f7287000 r-xp 00000000 08:04 17191920                           /usr/lib/libldap-2.4.so.2.10.9
f7287000-f7288000 ---p 00055000 08:04 17191920                           /usr/lib/libldap-2.4.so.2.10.9
f7288000-f7289000 r--p 00055000 08:04 17191920                           /usr/lib/libldap-2.4.so.2.10.9
f7289000-f728a000 rw-p 00056000 08:04 17191920                           /usr/lib/libldap-2.4.so.2.10.9
f728a000-f728c000 rw-p 00000000 00:00 0 
f728c000-f728f000 r-xp 00000000 08:04 16994899                           /usr/lib/libcom_err.so.2.1
f728f000-f7290000 r--p 00002000 08:04 16994899                           /usr/lib/libcom_err.so.2.1
f7290000-f7291000 rw-p 00003000 08:04 16994899                           /usr/lib/libcom_err.so.2.1
f7291000-f72a7000 r-xp 00000000 08:04 17021552                           /usr/lib/libk5crypto.so.3.1
f72a7000-f72a8000 ---p 00016000 08:04 17021552                           /usr/lib/libk5crypto.so.3.1
f72a8000-f72a9000 r--p 00016000 08:04 17021552                           /usr/lib/libk5crypto.so.3.1
f72a9000-f72aa000 rw-p 00017000 08:04 17021552                           /usr/lib/libk5crypto.so.3.1
f72aa000-f738d000 r-xp 00000000 08:04 17021558                           /usr/lib/libkrb5.so.3.3
f738d000-f7394000 r--p 000e2000 08:04 17021558                           /usr/lib/libkrb5.so.3.3
f7394000-f7395000 rw-p 000e9000 08:04 17021558                           /usr/lib/libkrb5.so.3.3
f7395000-f73f0000 r-xp 00000000 08:04 17021548                           /usr/lib/libgssapi_krb5.so.2.2
f73f0000-f73f2000 r--p 0005a000 08:04 17021548                           /usr/lib/libgssapi_krb5.so.2.2
f73f2000-f73f3000 rw-p 0005c000 08:04 17021548                           /usr/lib/libgssapi_krb5.so.2.2
f73f3000-f76a4000 r-xp 00000000 08:04 18627877                           /usr/lib/libcrypto.so.1.1.1k
f76a4000-f76bd000 r--p 002b0000 08:04 18627877                           /usr/lib/libcrypto.so.1.1.1k
f76bd000-f76bf000 rw-p 002c9000 08:04 18627877                           /usr/lib/libcrypto.so.1.1.1k
f76bf000-f76c3000 rw-p 00000000 00:00 0 
f76c3000-f7755000 r-xp 00000000 08:04 18627879                           /usr/lib/libssl.so.1.1.1k
f7755000-f775b000 r--p 00091000 08:04 18627879                           /usr/lib/libssl.so.1.1.1k
f775b000-f775f000 rw-p 00097000 08:04 18627879                           /usr/lib/libssl.so.1.1.1k
f775f000-f776f000 r-xp 00000000 08:04 18660120                           /usr/lib/libpsl.so.5.3.1
f776f000-f7770000 r--p 0000f000 08:04 18660120                           /usr/lib/libpsl.so.5.3.1
f7770000-f7771000 rw-p 00000000 00:00 0 
f7771000-f77ee000 r-xp 00000000 08:04 16994901                           /usr/lib/libssh.so.4.8.7
f77ee000-f77ef000 ---p 0007d000 08:04 16994901                           /usr/lib/libssh.so.4.8.7
f77ef000-f77f0000 r--p 0007d000 08:04 16994901                           /usr/lib/libssh.so.4.8.7
f77f0000-f77f1000 rw-p 0007e000 08:04 16994901                           /usr/lib/libssh.so.4.8.7
f77f1000-f780e000 r-xp 00000000 08:04 17040588                           /usr/lib/libidn2.so.0.3.6
f780e000-f780f000 r--p 0001c000 08:04 17040588                           /usr/lib/libidn2.so.0.3.6
f780f000-f7810000 rw-p 00000000 00:00 0 
f7810000-f7838000 r-xp 00000000 08:04 17191891                           /usr/lib/libnghttp2.so.14.17.0
f7838000-f7839000 r--p 00027000 08:04 17191891                           /usr/lib/libnghttp2.so.14.17.0
f7839000-f783b000 rw-p 00028000 08:04 17191891                           /usr/lib/libnghttp2.so.14.17.0
f783b000-f79dd000 r-xp 00000000 08:04 16831756                           /usr/lib/libc-2.28.so
f79dd000-f79de000 ---p 001a2000 08:04 16831756                           /usr/lib/libc-2.28.so
f79de000-f79e0000 r--p 001a2000 08:04 16831756                           /usr/lib/libc-2.28.so
f79e0000-f79e1000 rw-p 001a4000 08:04 16831756                           /usr/lib/libc-2.28.so
f79e1000-f79e6000 rw-p 00000000 00:00 0 
f79e6000-f7a01000 r-xp 00000000 08:04 16985139                           /usr/lib/libgcc_s-8-20210514.so.1
f7a01000-f7a02000 r--p 0001a000 08:04 16985139                           /usr/lib/libgcc_s-8-20210514.so.1
f7a02000-f7a03000 rw-p 0001b000 08:04 16985139                           /usr/lib/libgcc_s-8-20210514.so.1
f7a03000-f7ad3000 r-xp 00000000 08:04 16831760                           /usr/lib/libm-2.28.so
f7ad3000-f7ad4000 r--p 000cf000 08:04 16831760                           /usr/lib/libm-2.28.so
f7ad4000-f7ad5000 rw-p 000d0000 08:04 16831760                           /usr/lib/libm-2.28.so
f7ad5000-f7c5e000 r-xp 00000000 08:04 16985145                           /usr/lib/libstdc++.so.6.0.25
f7c5e000-f7c5f000 ---p 00189000 08:04 16985145                           /usr/lib/libstdc++.so.6.0.25
f7c5f000-f7c65000 r--p 00189000 08:04 16985145                           /usr/lib/libstdc++.so.6.0.25
f7c65000-f7c66000 rw-p 0018f000 08:04 16985145                           /usr/lib/libstdc++.so.6.0.25
f7c66000-f7c68000 rw-p 00000000 00:00 0 
f7c68000-f7c7f000 r-xp 00000000 08:04 16963437                           /usr/lib/libz.so.1.2.11
f7c7f000-f7c80000 ---p 00017000 08:04 16963437                           /usr/lib/libz.so.1.2.11
f7c80000-f7c81000 r--p 00017000 08:04 16963437                           /usr/lib/libz.so.1.2.11
f7c81000-f7c82000 rw-p 00000000 00:00 0 
f7c82000-f7dff000 r-xp 00000000 08:04 16963397                           /usr/lib/libxml2.so.2.9.7
f7dff000-f7e04000 r--p 0017c000 08:04 16963397                           /usr/lib/libxml2.so.2.9.7
f7e04000-f7e05000 rw-p 00181000 08:04 16963397                           /usr/lib/libxml2.so.2.9.7
f7e05000-f7e06000 rw-p 00000000 00:00 0 
f7e06000-f7e22000 r-xp 00000000 08:04 16831770                           /usr/lib/libpthread-2.28.so
f7e22000-f7e23000 r--p 0001b000 08:04 16831770                           /usr/lib/libpthread-2.28.so
f7e23000-f7e24000 rw-p 0001c000 08:04 16831770                           /usr/lib/libpthread-2.28.so
f7e24000-f7e26000 rw-p 00000000 00:00 0 
f7e26000-f7e9a000 r-xp 00000000 08:04 16818911                           /usr/lib/libpcre.so.1.2.10
f7e9a000-f7e9b000 ---p 00074000 08:04 16818911                           /usr/lib/libpcre.so.1.2.10
f7e9b000-f7e9c000 r--p 00074000 08:04 16818911                           /usr/lib/libpcre.so.1.2.10
f7e9c000-f7e9d000 rw-p 00075000 08:04 16818911                           /usr/lib/libpcre.so.1.2.10
f7e9d000-f7ea0000 r-xp 00000000 08:04 16831758                           /usr/lib/libdl-2.28.so
f7ea0000-f7ea1000 r--p 00002000 08:04 16831758                           /usr/lib/libdl-2.28.so
f7ea1000-f7ea2000 rw-p 00003000 08:04 16831758                           /usr/lib/libdl-2.28.so
f7ea2000-f7f3f000 r-xp 00000000 08:04 16994905                           /usr/lib/libcurl.so.4.5.0
f7f3f000-f7f41000 r--p 0009c000 08:04 16994905                           /usr/lib/libcurl.so.4.5.0
f7f41000-f7f42000 rw-p 0009e000 08:04 16994905                           /usr/lib/libcurl.so.4.5.0
f7f42000-f7f49000 r--s 00000000 08:04 176632422                          /usr/lib/gconv/gconv-modules.cache
f7f49000-f7f51000 rw-s 00000000 08:04 151742433                          /tmp/hsperfdata_almalinux/37347 (deleted)
f7f51000-f7f52000 ---p 00000000 00:00 0 
f7f52000-f7f53000 r--p 00000000 00:00 0 
f7f53000-f7f55000 rw-p 00000000 00:00 0 
f7f55000-f7f59000 r--p 00000000 00:00 0                                  [vvar]
f7f59000-f7f5b000 r-xp 00000000 00:00 0                                  [vdso]
f7f5b000-f7f8a000 r-xp 00000000 08:04 16831749                           /usr/lib/ld-2.28.so
f7f8a000-f7f8b000 ---p 00000000 00:00 0 
f7f8b000-f7f8c000 r--p 0002f000 08:04 16831749                           /usr/lib/ld-2.28.so
f7f8c000-f7f8d000 rw-p 00030000 08:04 16831749                           /usr/lib/ld-2.28.so
ffb14000-ffb15000 rwxp 00000000 00:00 0 
ffc1d000-ffcd9000 rw-p 00000000 00:00 0                                  [stack]


VM Arguments:
jvm_args: -Xms128m -Xmx512m -Xss768k -XX:MaxMetaspaceSize=96m -Xrs -XX:-UsePerfData -XX:-AllowUserSignalHandlers -XX:UseSSE=3 -XX+DoEscapeAnalysis -XX:AutoBoxCacheMax:2000 -XX:+OptimizeStringConcat -XX:+OptimizeFill -XX:+EliminateAutoBox -XX:+UseCompressedStrings -XX:+UseCompressedOops -XX:+EliminateLocks -XX:UseFastAccessorMethods -XX:+UseStringCache -XgcPrio:throughput -XXkeepAreaRatio:1 -XXlazyUnlocking -XXcallProfiling -XXcompactRatio:1 
java_command: <unknown>
java_class_path (initial): ../../data/sku.0/sys.server/compiled/game/
Launcher Type: generic

[Global flags]
     intx CICompilerCount                          = 3                                         {product} {ergonomic}
     uint ConcGCThreads                            = 1                                         {product} {ergonomic}
     uint G1ConcRefinementThreads                  = 4                                         {product} {ergonomic}
   size_t G1HeapRegionSize                         = 1048576                                   {product} {ergonomic}
    uintx GCDrainStackTargetSize                   = 64                                        {product} {ergonomic}
   size_t InitialHeapSize                          = 134217728                                 {product} {command line}
   size_t MarkStackSize                            = 32768                                     {product} {ergonomic}
   size_t MaxHeapSize                              = 536870912                                 {product} {command line}
   size_t MaxMetaspaceSize                         = 100663296                                 {product} {command line}
   size_t MaxNewSize                               = 321912832                                 {product} {ergonomic}
   size_t MinHeapDeltaBytes                        = 1048576                                   {product} {ergonomic}
   size_t MinHeapSize                              = 134217728                                 {product} {command line}
    uintx NonNMethodCodeHeapSize                   = 5544422                                {pd product} {ergonomic}
    uintx NonProfiledCodeHeapSize                  = 123056909                              {pd product} {ergonomic}
    uintx ProfiledCodeHeapSize                     = 123056909                              {pd product} {ergonomic}
    uintx ReservedCodeCacheSize                    = 251658240                              {pd product} {ergonomic}
     bool SegmentedCodeCache                       = true                                      {product} {ergonomic}
   size_t SoftMaxHeapSize                          = 536870912                              {manageable} {ergonomic}
   double SweeperThreshold                         = 0.500000                                  {product} {ergonomic}
     intx ThreadStackSize                          = 768                                    {pd product} {command line}
     bool UseG1GC                                  = true                                      {product} {ergonomic}

Logging:
Log output configuration:
 #0: stdout all=off uptime,level,tags
 #1: stderr all=off uptime,level,tags

Environment Variables:
JAVA_HOME=/usr/lib/jvm/zulu-17-x86
PATH=/usr/java/jdk1.7.0_80/bin:/usr/java/jdk1.7.0_80/bin:/usr/java/jdk1.6.0_45/bin:/usr/java/jdk1.6.0_45/bin:/usr/java/jdk1.6.0_45/bin:/home/almalinux/.local/bin:/home/almalinux/bin:/sbin:/bin:/usr/bin:/usr/local/bin:/usr/local/sbin:/usr/sbin:/usr/lib/oracle/18.3/client/bin:/usr/lib/oracle/18.3/client/bin:/usr/lib/jvm/java-11-openjdk/bin:./
LD_LIBRARY_PATH=/usr/lib/jvm/java-17-zulu-openjdk-jdk-x86/lib/server:/usr/lib/jvm/java-17-zulu-openjdk-jdk-x86/lib:/usr/lib/jvm/java-17-zulu-openjdk-jdk-x86/../lib:/usr/lib/jvm/zulu-17-x86/lib/server:/usr/lib/jvm/java-11-openjdk/lib:/usr/lib/jvm/java-11-openjdk/lib/server:./
SHELL=/bin/bash
DISPLAY=:10.0
LANG=en_US.UTF-8
TERM=xterm-256color

Active Locale:
LC_ALL=en_US.UTF-8
LC_COLLATE=en_US.UTF-8
LC_CTYPE=en_US.UTF-8
LC_MESSAGES=en_US.UTF-8
LC_MONETARY=en_US.UTF-8
LC_NUMERIC=en_US.UTF-8
LC_TIME=en_US.UTF-8

Signal Handlers:
   SIGSEGV: crash_handler in libjvm.so, mask=11100100010111111101111111111110, flags=SA_RESTART|SA_SIGINFO, unblocked
    SIGBUS: crash_handler in libjvm.so, mask=11100100010111111101111111111110, flags=SA_RESTART|SA_SIGINFO, unblocked
    SIGFPE: crash_handler in libjvm.so, mask=11100100010111111101111111111110, flags=SA_RESTART|SA_SIGINFO, unblocked
   SIGPIPE: SIG_IGN, mask=00000000000010000000000000000000, flags=SA_RESTART, blocked
  *** Handler was modified!
  *** Expected: javaSignalHandler in libjvm.so, mask=11100100110111111111111111111110, flags=SA_RESTART|SA_SIGINFO
   SIGXFSZ: javaSignalHandler in libjvm.so, mask=11100100010111111101111111111110, flags=SA_RESTART|SA_SIGINFO, blocked
    SIGILL: crash_handler in libjvm.so, mask=11100100010111111101111111111110, flags=SA_RESTART|SA_SIGINFO, unblocked
   SIGUSR2: SR_handler in libjvm.so, mask=00100000000000000000000000000000, flags=SA_RESTART|SA_SIGINFO, blocked
    SIGHUP: UserHandler in libjvm.so, mask=11100100010111111101111111111110, flags=SA_RESTART|SA_SIGINFO, blocked
    SIGINT: UserHandler in libjvm.so, mask=11100100010111111101111111111110, flags=SA_RESTART|SA_SIGINFO, blocked
   SIGTERM: UserHandler in libjvm.so, mask=11100100010111111101111111111110, flags=SA_RESTART|SA_SIGINFO, blocked
   SIGQUIT: UserHandler in libjvm.so, mask=11100100010111111101111111111110, flags=SA_RESTART|SA_SIGINFO, blocked
   SIGTRAP: crash_handler in libjvm.so, mask=11100100010111111101111111111110, flags=SA_RESTART|SA_SIGINFO, unblocked


Periodic native trim disabled


---------------  S Y S T E M  ---------------

OS:
AlmaLinux release 8.10 (Cerulean Leopard)
uname: Linux 4.18.0-553.81.1.el8_10.x86_64 #1 SMP Mon Oct 27 11:29:19 EDT 2025 x86_64
OS uptime: 1 days 7:29 hours
libc: glibc 2.28 NPTL 2.28 
rlimit (soft/hard): STACK 8192k/infinity , CORE 0k/infinity , NPROC 61995/61995 , NOFILE 262144/262144 , AS infinity/infinity , CPU infinity/infinity , DATA infinity/infinity , FSIZE infinity/infinity , MEMLOCK 64k/64k
load average: 58.70 46.25 43.29

/proc/meminfo:
MemTotal:       16014448 kB
MemFree:         5143172 kB
MemAvailable:    6058804 kB
Buffers:              32 kB
Cached:          2292368 kB
SwapCached:        22404 kB
Active:          1932448 kB
Inactive:        8217744 kB
Active(anon):    1392528 kB
Inactive(anon):  7846348 kB
Active(file):     539920 kB
Inactive(file):   371396 kB
Unevictable:        6160 kB
Mlocked:               0 kB
SwapTotal:       8388604 kB
SwapFree:        7158260 kB
Dirty:              2336 kB
Writeback:             0 kB
AnonPages:       7846068 kB
Mapped:          1202104 kB
Shmem:           1381080 kB
KReclaimable:     181360 kB
Slab:             312280 kB
SReclaimable:     181360 kB
SUnreclaim:       130920 kB
KernelStack:       20896 kB
PageTables:       153332 kB
NFS_Unstable:          0 kB
Bounce:                0 kB
WritebackTmp:          0 kB
CommitLimit:    16395828 kB
Committed_AS:   20453980 kB
VmallocTotal:   34359738367 kB
VmallocUsed:       66908 kB
VmallocChunk:          0 kB
Percpu:             2720 kB
HardwareCorrupted:     0 kB
AnonHugePages:         0 kB
ShmemHugePages:        0 kB
ShmemPmdMapped:        0 kB
FileHugePages:         0 kB
FilePmdMapped:         0 kB
HugePages_Total:       0
HugePages_Free:        0
HugePages_Rsvd:        0
HugePages_Surp:        0
Hugepagesize:       2048 kB
Hugetlb:               0 kB
DirectMap4k:      786284 kB
DirectMap2M:    15597568 kB

/sys/kernel/mm/transparent_hugepage/enabled: always madvise [never]
/sys/kernel/mm/transparent_hugepage/hpage_pmd_size: 2097152
/sys/kernel/mm/transparent_hugepage/defrag (defrag/compaction efforts parameter): always defer defer+madvise [madvise] never

Process Memory:
Virtual Size: 1173984K (peak: 1188880K)
Resident Set Size: 402692K (peak: 415552K) (anon: 369104K, file: 33588K, shmem: 0K)
Swapped out: 0K
C-Heap outstanding allocations: 22136K, retained: 241495K
glibc malloc tunables: (default)

/proc/sys/kernel/threads-max (system-wide limit on the number of threads): 123991
/proc/sys/vm/max_map_count (maximum number of memory map areas a process may have): 1677720
/proc/sys/kernel/pid_max (system-wide limit on number of process identifiers): 4194304

container (cgroup) information:
container_type: cgroupv1
cpu_cpuset_cpus: 0-3
cpu_memory_nodes: 0
active_processor_count: 4
cpu_quota: no quota
cpu_period: 100000
cpu_shares: no shares
memory_limit_in_bytes: unlimited
memory_and_swap_limit_in_bytes: unlimited
memory_soft_limit_in_bytes: unlimited
memory_usage_in_bytes: 9466252 k
memory_max_usage_in_bytes: 14866960 k
kernel_memory_usage_in_bytes: 188240 k
kernel_memory_max_usage_in_bytes: unlimited
kernel_memory_limit_in_bytes: 752460 k
maximum number of tasks: unlimited
current number of tasks: 498

KVM virtualization detected
Steal ticks since vm start: 2794
Steal ticks percentage since vm start:  0.000

CPU: total 4 (initial active 4) (1 cores per cpu, 1 threads per core) family 6 model 60 stepping 1 microcode 0x1, cx8, cmov, fxsr, mmx, sse, sse2, sse3, ssse3, sse4.1, sse4.2, popcnt, lzcnt, tsc, avx, avx2, aes, erms, clmul, bmi1, bmi2, fma, vzeroupper, clflush, hv
CPU Model and flags from /proc/cpuinfo:
model name	: Intel Core Processor (Haswell, no TSX)
flags		: fpu vme de pse tsc msr pae mce cx8 apic sep mtrr pge mca cmov pat pse36 clflush mmx fxsr sse sse2 syscall nx rdtscp lm constant_tsc rep_good nopl xtopology cpuid tsc_known_freq pni pclmulqdq vmx ssse3 fma cx16 pcid sse4_1 sse4_2 x2apic movbe popcnt tsc_deadline_timer aes xsave avx f16c rdrand hypervisor lahf_lm abm cpuid_fault invpcid_single pti tpr_shadow vnmi flexpriority ept vpid ept_ad fsgsbase bmi1 avx2 smep bmi2 erms invpcid xsaveopt arat md_clear

Online cpus: 0-3
Offline cpus: 
BIOS frequency limitation: <Not Available>
Frequency switch latency (ns): <Not Available>
Available cpu frequencies: <Not Available>
Current governor: <Not Available>
Core performance/turbo boost: <Not Available>

Memory: 4k page, physical 16014448k(5142920k free), swap 8388604k(7158260k free)
Page Sizes: 4k

vm_info: OpenJDK Server VM (17.0.11+9-LTS) for linux-x86 JRE (17.0.11+9-LTS) (Zulu17.50+19-CA), built on Apr  9 2024 07:14:46 by "zulu_re" with gcc 8.3.0

END.
