#
# A fatal error has been detected by the Java Runtime Environment:
#
#  SIGSEGV (0xb) at pc=0xf7923618, pid=1426920, tid=1426920
#
# JRE version: OpenJDK Runtime Environment Zulu17.50+19-CA (17.0.11+9) (build 17.0.11+9-LTS)
# Java VM: OpenJDK Server VM Zulu17.50+19-CA (17.0.11+9-LTS, mixed mode, sharing, tiered, g1 gc, linux-x86)
# Problematic frame:
# C  [libc.so.6+0x84618]  cfree+0x28
#
# Core dump will be written. Default location: Core dumps may be processed with "/usr/lib/systemd/systemd-coredump %P %u %g %s %t %c %h %e" (or dumping to /home/almalinux/swg-returns-nge/exe/linux/core.1426920)
#
# If you would like to submit a bug report, please visit:
#   http://www.azul.com/support/
#

---------------  S U M M A R Y ------------

Command Line: -Xms128m -Xmx512m -Xss768k -XX:MaxMetaspaceSize=96m -Xrs -XX:-UsePerfData -XX:-AllowUserSignalHandlers -XX:UseSSE=3 -XX+DoEscapeAnalysis -XX:AutoBoxCacheMax:2000 -XX:+OptimizeStringConcat -XX:+OptimizeFill -XX:+EliminateAutoBox -XX:+UseCompressedStrings -XX:+UseCompressedOops -XX:+EliminateLocks -XX:UseFastAccessorMethods -XX:+UseStringCache -XgcPrio:throughput -XXkeepAreaRatio:1 -XXlazyUnlocking -XXcallProfiling -XXcompactRatio:1 

Host: Intel Core Processor (Haswell, no TSX), 4 cores, 15G, AlmaLinux release 8.10 (Cerulean Leopard)
Time: Sun Jan 25 20:21:38 2026 UTC elapsed time: 35.409105 seconds (0d 0h 0m 35s)

---------------  T H R E A D  ---------------

Current thread is native thread

Stack: [0xffc39000,0xffcf9000],  sp=0xffcf6620,  free space=757k
Native frames: (J=compiled Java code, j=interpreted, Vv=VM code, C=native code)
C  [libc.so.6+0x84618]  cfree+0x28


siginfo: si_signo: 11 (SIGSEGV), si_code: 1 (SEGV_MAPERR), si_addr: 0x00000003

Registers:
EAX=0x00000000, EBX=0x00000007, ECX=0xf6f6184c, EDX=0x0a131e58
ESP=0xffcf6620, EBP=0xffcf6758, ESI=0xf7a44000, EDI=0x00000000
EIP=0xf7923618, EFLAGS=0x00210202, CR2=0x0000000000000003


Top of Stack: (sp=0xffcf6620)
0xffcf6620:   09db5000 00000000 ffcf6758 f7bb0f1c
0xffcf6630:   09db5090 f7cc7a04 0a131e30 f7bb0f1c
0xffcf6640:   00000007 f7bb0f0a f7cc7a04 f7bb0f4c
0xffcf6650:   09db5090 f7bb0f0a 0a135bd0 085b6163
0xffcf6660:   00000007 09db5000 09db4d10 085bb8d1
0xffcf6670:   09db5000 09db4d10 00000000 085bb89b
0xffcf6680:   0b5e9050 ffcf66a7 ffcf66cc 085c6969
0xffcf6690:   087d6c00 ffcf66cc ffcf6758 084fc53b
0xffcf66a0:   00000014 00010002 00000000 00000000
0xffcf66b0:   01010100 00000001 09aa44c0 00000000
0xffcf66c0:   00000000 00000000 00000000 00000000
0xffcf66d0:   00000000 00000015 ffcf6828 f78d46ff
0xffcf66e0:   f7a4441c 47677753 53656d61 65767265
0xffcf66f0:   34313a72 32393632 09290030 0a1171f0
0xffcf6700:   08ea0100 08ebc230 08ea5888 f7a4441c
0xffcf6710:   00000428 00000420 f78d4779 085758fd
0xffcf6720:   08ea2a80 09b1ea78 08ea5888 08574f56
0xffcf6730:   0929a2c4 0929a2c4 ffcf6828 08ea583b
0xffcf6740:   0000000c ffcf67f4 ffcf6770 f7a44000
0xffcf6750:   00000000 08575910 00000000 f78bcf26
0xffcf6760:   00000000 08575910 00000000 f78bcf26
0xffcf6770:   0000000c ffcf67f4 ffcf6828 ffcf6794
0xffcf6780:   0929a2d0 00000000 ffcf6828 f7a44000
0xffcf6790:   f78ac75c f7a44000 00000000 08575910
0xffcf67a0:   00000000 ff8eb09b 76dd988b 00000000
0xffcf67b0:   00000000 00000000 f7fc34d0 f78bce30
0xffcf67c0:   084fc260 0929a2c4 0000000c 08575946
0xffcf67d0:   084fc260 0000000c ffcf67f4 08ea57f0
0xffcf67e0:   08ea5850 f7fc34d0 ffcf67ec f7ff0970
0xffcf67f0:   0000000c ffcf7632 ffcf7644 ffcf7647
0xffcf6800:   ffcf7659 ffcf765c ffcf7667 ffcf768b
0xffcf6810:   ffcf769b ffcf76ac ffcf76cd ffcf76d0 

Instructions: (pc=0xf7923618)
0xf7923518:   50 8d 96 86 f7 fa ff 8d 86 d0 2f fb ff e8 c6 b7
0xf7923528:   ff ff 8d b6 00 00 00 00 bb 20 00 00 00 e9 5e fe
0xf7923538:   ff ff e8 a1 c0 ff ff 89 c5 85 c0 0f 85 68 ff ff
0xf7923548:   ff 31 d2 8d 44 3b 10 e8 8c c1 ff ff 89 da 89 f9
0xf7923558:   89 c5 e8 11 f0 ff ff 89 c2 85 c0 75 1b 85 ed 74
0xf7923568:   17 90 89 fa 89 e8 e8 bd c5 ff ff 89 da 89 f9 89
0xf7923578:   c5 e8 f2 ef ff ff 89 c2 85 ed 0f 84 57 ff ff ff
0xf7923588:   e9 39 ff ff ff 8d 86 b8 31 fb ff 83 ec 0c b9 25
0xf7923598:   0d 00 00 50 8d 96 86 f7 fa ff 8d 86 74 2f fb ff
0xf79235a8:   e8 43 b7 ff ff 8d 76 00 f3 0f 1e fb e8 0a 9a f9
0xf79235b8:   ff 05 47 0a 12 00 56 53 83 ec 04 8b 5c 24 10 8b
0xf79235c8:   74 24 14 8b 80 50 ff ff ff c7 00 00 00 00 00 e8
0xf79235d8:   54 bb ff ff 8b 4c 24 0c 83 c4 04 89 f2 89 d8 5b
0xf79235e8:   5e e9 42 fd ff ff 66 90 f3 0f 1e fb 56 e8 9a 9b
0xf79235f8:   f9 ff 81 c6 06 0a 12 00 53 83 ec 14 8b 5c 24 20
0xf7923608:   8b 86 5c ff ff ff 8b 00 85 c0 75 6c 85 db 74 75
0xf7923618:   8b 4b fc 8d 53 f8 f6 c1 02 75 35 8b 86 70 fe ff
0xf7923628:   ff 65 8b 00 85 c0 0f 84 8c 00 00 00 83 e1 04 8d
0xf7923638:   86 60 07 00 00 74 09 89 d0 25 00 00 f0 ff 8b 00
0xf7923648:   83 c4 14 31 c9 5b 5e e9 8c cb ff ff 8d 74 26 00
0xf7923658:   8b 9e 60 01 00 00 85 db 75 10 3b 8e 48 01 00 00
0xf7923668:   76 08 81 f9 00 00 08 00 76 26 83 c4 14 89 d0 5b
0xf7923678:   5e e9 92 b8 ff ff 66 90 83 ec 08 ff 74 24 24 53
0xf7923688:   ff d0 83 c4 10 83 c4 14 5b 5e c3 8d 74 26 00 90
0xf7923698:   39 96 80 1d 00 00 77 08 39 96 7c 1d 00 00 77 ca
0xf79236a8:   83 e1 f8 8d 04 09 89 8e 48 01 00 00 89 86 40 01
0xf79236b8:   00 00 90 eb b5 8d 76 00 8b 86 74 fe ff ff 65 80
0xf79236c8:   38 00 0f 85 64 ff ff ff 89 54 24 0c e8 97 ed ff
0xf79236d8:   ff 8b 4b fc 8b 54 24 0c e9 4f ff ff ff 8d b4 26
0xf79236e8:   00 00 00 00 8d 74 26 00 f3 0f 1e fb 55 57 56 e8
0xf79236f8:   98 9a f9 ff 81 c6 04 09 12 00 53 83 ec 0c 8b 86
0xf7923708:   70 fe ff ff 8b 96 74 fe ff ff 65 8b 28 65 c6 02 



---------------  P R O C E S S  ---------------

VM state: at safepoint (shutting down)

VM Mutex/Monitor currently owned by a thread:  ([mutex/lock_event])
[0xf5e21d30] Threads_lock - owner thread: 0xc4294cf0

GC Precious Log:
<Skipped>

Heap:
 garbage-first heap   total 131072K, used 3340K [0xc5c00000, 0xe5c00000)
  region size 1024K, 4 young (4096K), 0 survivors (0K)
 Metaspace       used 1111K, committed 1216K, reserved 16384K

Heap Regions: E=young(eden), S=young(survivor), O=old, HS=humongous(starts), HC=humongous(continues), CS=collection set, F=free, OA=open archive, CA=closed archive, TAMS=top-at-mark-start (previous, next)
|   0|0xc5c00000, 0xc5c00000, 0xc5d00000|  0%| F|  |TAMS 0xc5c00000, 0xc5c00000| Untracked 
|   1|0xc5d00000, 0xc5d00000, 0xc5e00000|  0%| F|  |TAMS 0xc5d00000, 0xc5d00000| Untracked 
|   2|0xc5e00000, 0xc5e00000, 0xc5f00000|  0%| F|  |TAMS 0xc5e00000, 0xc5e00000| Untracked 
|   3|0xc5f00000, 0xc5f00000, 0xc6000000|  0%| F|  |TAMS 0xc5f00000, 0xc5f00000| Untracked 
|   4|0xc6000000, 0xc6000000, 0xc6100000|  0%| F|  |TAMS 0xc6000000, 0xc6000000| Untracked 
|   5|0xc6100000, 0xc6100000, 0xc6200000|  0%| F|  |TAMS 0xc6100000, 0xc6100000| Untracked 
|   6|0xc6200000, 0xc6200000, 0xc6300000|  0%| F|  |TAMS 0xc6200000, 0xc6200000| Untracked 
|   7|0xc6300000, 0xc6300000, 0xc6400000|  0%| F|  |TAMS 0xc6300000, 0xc6300000| Untracked 
|   8|0xc6400000, 0xc6400000, 0xc6500000|  0%| F|  |TAMS 0xc6400000, 0xc6400000| Untracked 
|   9|0xc6500000, 0xc6500000, 0xc6600000|  0%| F|  |TAMS 0xc6500000, 0xc6500000| Untracked 
|  10|0xc6600000, 0xc6600000, 0xc6700000|  0%| F|  |TAMS 0xc6600000, 0xc6600000| Untracked 
|  11|0xc6700000, 0xc6700000, 0xc6800000|  0%| F|  |TAMS 0xc6700000, 0xc6700000| Untracked 
|  12|0xc6800000, 0xc6800000, 0xc6900000|  0%| F|  |TAMS 0xc6800000, 0xc6800000| Untracked 
|  13|0xc6900000, 0xc6900000, 0xc6a00000|  0%| F|  |TAMS 0xc6900000, 0xc6900000| Untracked 
|  14|0xc6a00000, 0xc6a00000, 0xc6b00000|  0%| F|  |TAMS 0xc6a00000, 0xc6a00000| Untracked 
|  15|0xc6b00000, 0xc6b00000, 0xc6c00000|  0%| F|  |TAMS 0xc6b00000, 0xc6b00000| Untracked 
|  16|0xc6c00000, 0xc6c00000, 0xc6d00000|  0%| F|  |TAMS 0xc6c00000, 0xc6c00000| Untracked 
|  17|0xc6d00000, 0xc6d00000, 0xc6e00000|  0%| F|  |TAMS 0xc6d00000, 0xc6d00000| Untracked 
|  18|0xc6e00000, 0xc6e00000, 0xc6f00000|  0%| F|  |TAMS 0xc6e00000, 0xc6e00000| Untracked 
|  19|0xc6f00000, 0xc6f00000, 0xc7000000|  0%| F|  |TAMS 0xc6f00000, 0xc6f00000| Untracked 
|  20|0xc7000000, 0xc7000000, 0xc7100000|  0%| F|  |TAMS 0xc7000000, 0xc7000000| Untracked 
|  21|0xc7100000, 0xc7100000, 0xc7200000|  0%| F|  |TAMS 0xc7100000, 0xc7100000| Untracked 
|  22|0xc7200000, 0xc7200000, 0xc7300000|  0%| F|  |TAMS 0xc7200000, 0xc7200000| Untracked 
|  23|0xc7300000, 0xc7300000, 0xc7400000|  0%| F|  |TAMS 0xc7300000, 0xc7300000| Untracked 
|  24|0xc7400000, 0xc7400000, 0xc7500000|  0%| F|  |TAMS 0xc7400000, 0xc7400000| Untracked 
|  25|0xc7500000, 0xc7500000, 0xc7600000|  0%| F|  |TAMS 0xc7500000, 0xc7500000| Untracked 
|  26|0xc7600000, 0xc7600000, 0xc7700000|  0%| F|  |TAMS 0xc7600000, 0xc7600000| Untracked 
|  27|0xc7700000, 0xc7700000, 0xc7800000|  0%| F|  |TAMS 0xc7700000, 0xc7700000| Untracked 
|  28|0xc7800000, 0xc7800000, 0xc7900000|  0%| F|  |TAMS 0xc7800000, 0xc7800000| Untracked 
|  29|0xc7900000, 0xc7900000, 0xc7a00000|  0%| F|  |TAMS 0xc7900000, 0xc7900000| Untracked 
|  30|0xc7a00000, 0xc7a00000, 0xc7b00000|  0%| F|  |TAMS 0xc7a00000, 0xc7a00000| Untracked 
|  31|0xc7b00000, 0xc7b00000, 0xc7c00000|  0%| F|  |TAMS 0xc7b00000, 0xc7b00000| Untracked 
|  32|0xc7c00000, 0xc7c00000, 0xc7d00000|  0%| F|  |TAMS 0xc7c00000, 0xc7c00000| Untracked 
|  33|0xc7d00000, 0xc7d00000, 0xc7e00000|  0%| F|  |TAMS 0xc7d00000, 0xc7d00000| Untracked 
|  34|0xc7e00000, 0xc7e00000, 0xc7f00000|  0%| F|  |TAMS 0xc7e00000, 0xc7e00000| Untracked 
|  35|0xc7f00000, 0xc7f00000, 0xc8000000|  0%| F|  |TAMS 0xc7f00000, 0xc7f00000| Untracked 
|  36|0xc8000000, 0xc8000000, 0xc8100000|  0%| F|  |TAMS 0xc8000000, 0xc8000000| Untracked 
|  37|0xc8100000, 0xc8100000, 0xc8200000|  0%| F|  |TAMS 0xc8100000, 0xc8100000| Untracked 
|  38|0xc8200000, 0xc8200000, 0xc8300000|  0%| F|  |TAMS 0xc8200000, 0xc8200000| Untracked 
|  39|0xc8300000, 0xc8300000, 0xc8400000|  0%| F|  |TAMS 0xc8300000, 0xc8300000| Untracked 
|  40|0xc8400000, 0xc8400000, 0xc8500000|  0%| F|  |TAMS 0xc8400000, 0xc8400000| Untracked 
|  41|0xc8500000, 0xc8500000, 0xc8600000|  0%| F|  |TAMS 0xc8500000, 0xc8500000| Untracked 
|  42|0xc8600000, 0xc8600000, 0xc8700000|  0%| F|  |TAMS 0xc8600000, 0xc8600000| Untracked 
|  43|0xc8700000, 0xc8700000, 0xc8800000|  0%| F|  |TAMS 0xc8700000, 0xc8700000| Untracked 
|  44|0xc8800000, 0xc8800000, 0xc8900000|  0%| F|  |TAMS 0xc8800000, 0xc8800000| Untracked 
|  45|0xc8900000, 0xc8900000, 0xc8a00000|  0%| F|  |TAMS 0xc8900000, 0xc8900000| Untracked 
|  46|0xc8a00000, 0xc8a00000, 0xc8b00000|  0%| F|  |TAMS 0xc8a00000, 0xc8a00000| Untracked 
|  47|0xc8b00000, 0xc8b00000, 0xc8c00000|  0%| F|  |TAMS 0xc8b00000, 0xc8b00000| Untracked 
|  48|0xc8c00000, 0xc8c00000, 0xc8d00000|  0%| F|  |TAMS 0xc8c00000, 0xc8c00000| Untracked 
|  49|0xc8d00000, 0xc8d00000, 0xc8e00000|  0%| F|  |TAMS 0xc8d00000, 0xc8d00000| Untracked 
|  50|0xc8e00000, 0xc8e00000, 0xc8f00000|  0%| F|  |TAMS 0xc8e00000, 0xc8e00000| Untracked 
|  51|0xc8f00000, 0xc8f00000, 0xc9000000|  0%| F|  |TAMS 0xc8f00000, 0xc8f00000| Untracked 
|  52|0xc9000000, 0xc9000000, 0xc9100000|  0%| F|  |TAMS 0xc9000000, 0xc9000000| Untracked 
|  53|0xc9100000, 0xc9100000, 0xc9200000|  0%| F|  |TAMS 0xc9100000, 0xc9100000| Untracked 
|  54|0xc9200000, 0xc9200000, 0xc9300000|  0%| F|  |TAMS 0xc9200000, 0xc9200000| Untracked 
|  55|0xc9300000, 0xc9300000, 0xc9400000|  0%| F|  |TAMS 0xc9300000, 0xc9300000| Untracked 
|  56|0xc9400000, 0xc9400000, 0xc9500000|  0%| F|  |TAMS 0xc9400000, 0xc9400000| Untracked 
|  57|0xc9500000, 0xc9500000, 0xc9600000|  0%| F|  |TAMS 0xc9500000, 0xc9500000| Untracked 
|  58|0xc9600000, 0xc9600000, 0xc9700000|  0%| F|  |TAMS 0xc9600000, 0xc9600000| Untracked 
|  59|0xc9700000, 0xc9700000, 0xc9800000|  0%| F|  |TAMS 0xc9700000, 0xc9700000| Untracked 
|  60|0xc9800000, 0xc9800000, 0xc9900000|  0%| F|  |TAMS 0xc9800000, 0xc9800000| Untracked 
|  61|0xc9900000, 0xc9900000, 0xc9a00000|  0%| F|  |TAMS 0xc9900000, 0xc9900000| Untracked 
|  62|0xc9a00000, 0xc9a00000, 0xc9b00000|  0%| F|  |TAMS 0xc9a00000, 0xc9a00000| Untracked 
|  63|0xc9b00000, 0xc9b00000, 0xc9c00000|  0%| F|  |TAMS 0xc9b00000, 0xc9b00000| Untracked 
|  64|0xc9c00000, 0xc9c00000, 0xc9d00000|  0%| F|  |TAMS 0xc9c00000, 0xc9c00000| Untracked 
|  65|0xc9d00000, 0xc9d00000, 0xc9e00000|  0%| F|  |TAMS 0xc9d00000, 0xc9d00000| Untracked 
|  66|0xc9e00000, 0xc9e00000, 0xc9f00000|  0%| F|  |TAMS 0xc9e00000, 0xc9e00000| Untracked 
|  67|0xc9f00000, 0xc9f00000, 0xca000000|  0%| F|  |TAMS 0xc9f00000, 0xc9f00000| Untracked 
|  68|0xca000000, 0xca000000, 0xca100000|  0%| F|  |TAMS 0xca000000, 0xca000000| Untracked 
|  69|0xca100000, 0xca100000, 0xca200000|  0%| F|  |TAMS 0xca100000, 0xca100000| Untracked 
|  70|0xca200000, 0xca200000, 0xca300000|  0%| F|  |TAMS 0xca200000, 0xca200000| Untracked 
|  71|0xca300000, 0xca300000, 0xca400000|  0%| F|  |TAMS 0xca300000, 0xca300000| Untracked 
|  72|0xca400000, 0xca400000, 0xca500000|  0%| F|  |TAMS 0xca400000, 0xca400000| Untracked 
|  73|0xca500000, 0xca500000, 0xca600000|  0%| F|  |TAMS 0xca500000, 0xca500000| Untracked 
|  74|0xca600000, 0xca600000, 0xca700000|  0%| F|  |TAMS 0xca600000, 0xca600000| Untracked 
|  75|0xca700000, 0xca700000, 0xca800000|  0%| F|  |TAMS 0xca700000, 0xca700000| Untracked 
|  76|0xca800000, 0xca800000, 0xca900000|  0%| F|  |TAMS 0xca800000, 0xca800000| Untracked 
|  77|0xca900000, 0xca900000, 0xcaa00000|  0%| F|  |TAMS 0xca900000, 0xca900000| Untracked 
|  78|0xcaa00000, 0xcaa00000, 0xcab00000|  0%| F|  |TAMS 0xcaa00000, 0xcaa00000| Untracked 
|  79|0xcab00000, 0xcab00000, 0xcac00000|  0%| F|  |TAMS 0xcab00000, 0xcab00000| Untracked 
|  80|0xcac00000, 0xcac00000, 0xcad00000|  0%| F|  |TAMS 0xcac00000, 0xcac00000| Untracked 
|  81|0xcad00000, 0xcad00000, 0xcae00000|  0%| F|  |TAMS 0xcad00000, 0xcad00000| Untracked 
|  82|0xcae00000, 0xcae00000, 0xcaf00000|  0%| F|  |TAMS 0xcae00000, 0xcae00000| Untracked 
|  83|0xcaf00000, 0xcaf00000, 0xcb000000|  0%| F|  |TAMS 0xcaf00000, 0xcaf00000| Untracked 
|  84|0xcb000000, 0xcb000000, 0xcb100000|  0%| F|  |TAMS 0xcb000000, 0xcb000000| Untracked 
|  85|0xcb100000, 0xcb100000, 0xcb200000|  0%| F|  |TAMS 0xcb100000, 0xcb100000| Untracked 
|  86|0xcb200000, 0xcb200000, 0xcb300000|  0%| F|  |TAMS 0xcb200000, 0xcb200000| Untracked 
|  87|0xcb300000, 0xcb300000, 0xcb400000|  0%| F|  |TAMS 0xcb300000, 0xcb300000| Untracked 
|  88|0xcb400000, 0xcb400000, 0xcb500000|  0%| F|  |TAMS 0xcb400000, 0xcb400000| Untracked 
|  89|0xcb500000, 0xcb500000, 0xcb600000|  0%| F|  |TAMS 0xcb500000, 0xcb500000| Untracked 
|  90|0xcb600000, 0xcb600000, 0xcb700000|  0%| F|  |TAMS 0xcb600000, 0xcb600000| Untracked 
|  91|0xcb700000, 0xcb700000, 0xcb800000|  0%| F|  |TAMS 0xcb700000, 0xcb700000| Untracked 
|  92|0xcb800000, 0xcb800000, 0xcb900000|  0%| F|  |TAMS 0xcb800000, 0xcb800000| Untracked 
|  93|0xcb900000, 0xcb900000, 0xcba00000|  0%| F|  |TAMS 0xcb900000, 0xcb900000| Untracked 
|  94|0xcba00000, 0xcba00000, 0xcbb00000|  0%| F|  |TAMS 0xcba00000, 0xcba00000| Untracked 
|  95|0xcbb00000, 0xcbb00000, 0xcbc00000|  0%| F|  |TAMS 0xcbb00000, 0xcbb00000| Untracked 
|  96|0xcbc00000, 0xcbc00000, 0xcbd00000|  0%| F|  |TAMS 0xcbc00000, 0xcbc00000| Untracked 
|  97|0xcbd00000, 0xcbd00000, 0xcbe00000|  0%| F|  |TAMS 0xcbd00000, 0xcbd00000| Untracked 
|  98|0xcbe00000, 0xcbe00000, 0xcbf00000|  0%| F|  |TAMS 0xcbe00000, 0xcbe00000| Untracked 
|  99|0xcbf00000, 0xcbf00000, 0xcc000000|  0%| F|  |TAMS 0xcbf00000, 0xcbf00000| Untracked 
| 100|0xcc000000, 0xcc000000, 0xcc100000|  0%| F|  |TAMS 0xcc000000, 0xcc000000| Untracked 
| 101|0xcc100000, 0xcc100000, 0xcc200000|  0%| F|  |TAMS 0xcc100000, 0xcc100000| Untracked 
| 102|0xcc200000, 0xcc200000, 0xcc300000|  0%| F|  |TAMS 0xcc200000, 0xcc200000| Untracked 
| 103|0xcc300000, 0xcc300000, 0xcc400000|  0%| F|  |TAMS 0xcc300000, 0xcc300000| Untracked 
| 104|0xcc400000, 0xcc400000, 0xcc500000|  0%| F|  |TAMS 0xcc400000, 0xcc400000| Untracked 
| 105|0xcc500000, 0xcc500000, 0xcc600000|  0%| F|  |TAMS 0xcc500000, 0xcc500000| Untracked 
| 106|0xcc600000, 0xcc600000, 0xcc700000|  0%| F|  |TAMS 0xcc600000, 0xcc600000| Untracked 
| 107|0xcc700000, 0xcc700000, 0xcc800000|  0%| F|  |TAMS 0xcc700000, 0xcc700000| Untracked 
| 108|0xcc800000, 0xcc800000, 0xcc900000|  0%| F|  |TAMS 0xcc800000, 0xcc800000| Untracked 
| 109|0xcc900000, 0xcc900000, 0xcca00000|  0%| F|  |TAMS 0xcc900000, 0xcc900000| Untracked 
| 110|0xcca00000, 0xcca00000, 0xccb00000|  0%| F|  |TAMS 0xcca00000, 0xcca00000| Untracked 
| 111|0xccb00000, 0xccb00000, 0xccc00000|  0%| F|  |TAMS 0xccb00000, 0xccb00000| Untracked 
| 112|0xccc00000, 0xccc00000, 0xccd00000|  0%| F|  |TAMS 0xccc00000, 0xccc00000| Untracked 
| 113|0xccd00000, 0xccd00000, 0xcce00000|  0%| F|  |TAMS 0xccd00000, 0xccd00000| Untracked 
| 114|0xcce00000, 0xcce00000, 0xccf00000|  0%| F|  |TAMS 0xcce00000, 0xcce00000| Untracked 
| 115|0xccf00000, 0xccf00000, 0xcd000000|  0%| F|  |TAMS 0xccf00000, 0xccf00000| Untracked 
| 116|0xcd000000, 0xcd000000, 0xcd100000|  0%| F|  |TAMS 0xcd000000, 0xcd000000| Untracked 
| 117|0xcd100000, 0xcd100000, 0xcd200000|  0%| F|  |TAMS 0xcd100000, 0xcd100000| Untracked 
| 118|0xcd200000, 0xcd200000, 0xcd300000|  0%| F|  |TAMS 0xcd200000, 0xcd200000| Untracked 
| 119|0xcd300000, 0xcd300000, 0xcd400000|  0%| F|  |TAMS 0xcd300000, 0xcd300000| Untracked 
| 120|0xcd400000, 0xcd400000, 0xcd500000|  0%| F|  |TAMS 0xcd400000, 0xcd400000| Untracked 
| 121|0xcd500000, 0xcd500000, 0xcd600000|  0%| F|  |TAMS 0xcd500000, 0xcd500000| Untracked 
| 122|0xcd600000, 0xcd600000, 0xcd700000|  0%| F|  |TAMS 0xcd600000, 0xcd600000| Untracked 
| 123|0xcd700000, 0xcd700000, 0xcd800000|  0%| F|  |TAMS 0xcd700000, 0xcd700000| Untracked 
| 124|0xcd800000, 0xcd843110, 0xcd900000| 26%| E|  |TAMS 0xcd800000, 0xcd800000| Complete 
| 125|0xcd900000, 0xcda00000, 0xcda00000|100%| E|CS|TAMS 0xcd900000, 0xcd900000| Complete 
| 126|0xcda00000, 0xcdb00000, 0xcdb00000|100%| E|  |TAMS 0xcda00000, 0xcda00000| Complete 
| 127|0xcdb00000, 0xcdc00000, 0xcdc00000|100%| E|CS|TAMS 0xcdb00000, 0xcdb00000| Complete 

Card table byte_map: [0xc5b00000,0xc5c00000] _byte_map_base: 0xc54d2000

Marking Bits (Prev, Next): (CMBitMap*) 0xf5e8b528, (CMBitMap*) 0xf5e8b548
 Prev Bits: [0xc5200000, 0xc5a00000)
 Next Bits: [0xc4a00000, 0xc5200000)

Polling page: 0xf7fb5000

Metaspace:

Usage:
    1.09 MB used.

Virtual space:
     16.00 MB reserved,       1.19 MB (  7%) committed,  1 nodes.

Chunk freelists:
11.05 MB

MaxMetaspaceSize: 96.00 MB
No class space
Initial GC threshold: 16.00 MB
Current GC threshold: 16.00 MB
CDS: on
MetaspaceReclaimPolicy: balanced
 - commit_granule_bytes: 65536.
 - commit_granule_words: 16384.
 - virtual_space_node_default_size: 4194304.
 - enlarge_chunks_in_place: 1.
 - new_chunks_are_fully_committed: 0.
 - uncommit_free_chunks: 1.
 - use_allocation_guard: 0.
 - handle_deallocations: 1.


Internal statistics:

num_allocs_failed_limit: 0.
num_arena_births: 2.
num_arena_deaths: 0.
num_vsnodes_births: 1.
num_vsnodes_deaths: 0.
num_space_committed: 19.
num_space_uncommitted: 0.
num_chunks_returned_to_freelist: 0.
num_chunks_taken_from_freelist: 32.
num_chunk_merges: 0.
num_chunk_splits: 31.
num_chunks_enlarged: 30.
num_inconsistent_stats: 0.

CodeHeap 'non-profiled nmethods': size=120172Kb used=24Kb max_used=24Kb free=120147Kb
 bounds [0xed7f5000, 0xeda35000, 0xf4d50000]
CodeHeap 'profiled nmethods': size=120172Kb used=98Kb max_used=98Kb free=120073Kb
 bounds [0xe5d50000, 0xe5f90000, 0xed2ab000]
CodeHeap 'non-nmethods': size=5416Kb used=709Kb max_used=709Kb free=4706Kb
 bounds [0xed2ab000, 0xed4eb000, 0xed7f5000]
 total_blobs=415 nmethods=105 adapters=224
 compilation: enabled
              stopped_count=0, restarted_count=0
 full_count=0

Compilation events (20 events):
Event: 2.271 Thread 0xc42a0580   94       1       java.net.URL::getPath (5 bytes)
Event: 2.271 Thread 0xc42a0580 nmethod 94 0xed7fa208 code [0xed7fa320, 0xed7fa3e0]
Event: 2.271 Thread 0xc42a0580   95       1       java.net.URL::getQuery (5 bytes)
Event: 2.271 Thread 0xc42a0580 nmethod 95 0xed7fa508 code [0xed7fa620, 0xed7fa6e0]
Event: 2.272 Thread 0xc42a0580   96       1       java.net.URL::getRef (5 bytes)
Event: 2.272 Thread 0xc42a0580 nmethod 96 0xed7fa808 code [0xed7fa920, 0xed7fa9e0]
Event: 2.274 Thread 0xc429f450   99       4       java.util.concurrent.ConcurrentHashMap::spread (10 bytes)
Event: 2.275 Thread 0xc429f450 nmethod 99 0xed7fab08 code [0xed7fac20, 0xed7fac90]
Event: 2.606 Thread 0xc42a0580  101       3       java.lang.CharacterDataLatin1::toLowerCase (39 bytes)
Event: 2.606 Thread 0xc42a0580 nmethod 101 0xe5d67288 code [0xe5d673c0, 0xe5d675c0]
Event: 19.732 Thread 0xc42a0580  102       3       java.util.Arrays::copyOf (19 bytes)
Event: 19.733 Thread 0xc42a0580 nmethod 102 0xe5d67688 code [0xe5d677c0, 0xe5d67a4c]
Event: 19.733 Thread 0xc42a0580  103       3       java.lang.StringLatin1::lastIndexOf (40 bytes)
Event: 19.733 Thread 0xc42a0580 nmethod 103 0xe5d67b88 code [0xe5d67d00, 0xe5d680a0]
Event: 19.733 Thread 0xc42a0580  104       3       java.lang.String::startsWith (7 bytes)
Event: 19.733 Thread 0xc42a0580 nmethod 104 0xe5d68208 code [0xe5d68340, 0xe5d6846c]
Event: 19.741 Thread 0xc42a0580  105       1       java.lang.reflect.Method::getName (5 bytes)
Event: 19.741 Thread 0xc42a0580 nmethod 105 0xed7fae08 code [0xed7faf20, 0xed7fafe0]
Event: 19.741 Thread 0xc42a0580  106       3       java.lang.PublicMethods$Key::matches (31 bytes)
Event: 19.742 Thread 0xc42a0580 nmethod 106 0xe5d68508 code [0xe5d68680, 0xe5d68918]

GC Heap History (0 events):
No events

Dll operation events (1 events):
Event: 0.042 Loaded shared library /usr/lib/jvm/java-17-zulu-openjdk-jdk-x86/lib/libjava.so

Deoptimization events (0 events):
No events

Classes unloaded (0 events):
No events

Classes redefined (0 events):
No events

Internal exceptions (0 events):
No events

VM Operations (4 events):
Event: 1.906 Executing VM operation: Cleanup
Event: 1.946 Executing VM operation: Cleanup done
Event: 2.947 Executing VM operation: Cleanup
Event: 2.947 Executing VM operation: Cleanup done

Events (20 events):
Event: 2.064 Protecting memory [0xc17fe000,0xc1802000] with protection modes 0
Event: 2.067 loading class java/lang/IndexOutOfBoundsException
Event: 2.067 loading class java/lang/IndexOutOfBoundsException done
Event: 2.068 loading class java/util/Stack
Event: 2.068 loading class java/util/Vector
Event: 2.069 loading class java/util/Vector done
Event: 2.069 loading class java/util/Stack done
Event: 2.072 loading class java/lang/InterruptedException
Event: 2.072 loading class java/lang/InterruptedException done
Event: 2.163 Thread 0x0b448420 Thread added: 0x0b448420
Event: 2.163 Protecting memory [0xc173d000,0xc1741000] with protection modes 0
Event: 2.164 loading class java/io/FileNotFoundException
Event: 2.164 loading class java/io/FileNotFoundException done
Event: 2.165 loading class java/lang/ClassFormatError
Event: 2.165 loading class java/lang/ClassFormatError done
Event: 2.261 loading class java/lang/CloneNotSupportedException
Event: 2.261 loading class java/lang/CloneNotSupportedException done
Event: 24.223 Thread 0x0b4408b0 Thread exited: 0x0b4408b0
Event: 24.237 Thread 0xf5e242d0 Thread exited: 0xf5e242d0
Event: 24.238 Thread 0xc429bff0 Thread exited: 0xc429bff0


Dynamic libraries:
08048000-09298000 r-xp 00000000 08:04 494947248                          /home/almalinux/swg-returns-nge/build/bin/SwgGameServer
09298000-0929c000 rw-p 0124f000 08:04 494947248                          /home/almalinux/swg-returns-nge/build/bin/SwgGameServer
0929c000-09b1f000 rw-p 00000000 00:00 0 
09d7b000-0eb44000 rw-p 00000000 00:00 0                                  [heap]
c173d000-c1741000 ---p 00000000 00:00 0 
c1741000-c17fe000 rw-p 00000000 00:00 0 
c17fe000-c1802000 ---p 00000000 00:00 0 
c1802000-c18bf000 rw-p 00000000 00:00 0 
c18bf000-c18c0000 ---p 00000000 00:00 0 
c18c0000-c1940000 rw-p 00000000 00:00 0 
c1940000-c1944000 ---p 00000000 00:00 0 
c1944000-c1a01000 rw-p 00000000 00:00 0 
c1a01000-c1a05000 ---p 00000000 00:00 0 
c1a05000-c1ac2000 rw-p 00000000 00:00 0 
c1ac2000-c1ac6000 ---p 00000000 00:00 0 
c1ac6000-c1b43000 rw-p 00000000 00:00 0 
c1b43000-c1b47000 ---p 00000000 00:00 0 
c1b47000-c1c04000 rw-p 00000000 00:00 0 
c1c04000-c1c08000 ---p 00000000 00:00 0 
c1c08000-c1cc5000 rw-p 00000000 00:00 0 
c1cc5000-c1cc9000 ---p 00000000 00:00 0 
c1cc9000-c1d86000 rw-p 00000000 00:00 0 
c1d86000-c2000000 r--p 00078000 08:04 535181                             /usr/lib/locale/locale-archive
c2000000-c2030000 rw-p 00000000 00:00 0 
c2030000-c2400000 ---p 00000000 00:00 0 
c2400000-c2500000 rw-p 00000000 00:00 0 
c2500000-c3000000 ---p 00000000 00:00 0 
c307e000-c327e000 r--p 00000000 08:04 535181                             /usr/lib/locale/locale-archive
c327e000-c3282000 ---p 00000000 00:00 0 
c3282000-c333f000 rw-p 00000000 00:00 0 
c333f000-c3343000 ---p 00000000 00:00 0 
c3343000-c3400000 rw-p 00000000 00:00 0 
c3400000-c3421000 rw-p 00000000 00:00 0 
c3421000-c3500000 ---p 00000000 00:00 0 
c3531000-c3535000 ---p 00000000 00:00 0 
c3535000-c35b2000 rw-p 00000000 00:00 0 
c35b2000-c35b3000 ---p 00000000 00:00 0 
c35b3000-c3633000 rw-p 00000000 00:00 0 
c3633000-c3f00000 rw-p 00001000 08:04 143240867                          /usr/lib/jvm/java-17-zulu-openjdk-jdk-x86/lib/server/classes.jsa
c3f00000-c3f21000 rw-p 00000000 00:00 0 
c3f21000-c4000000 ---p 00000000 00:00 0 
c407f000-c4080000 ---p 00000000 00:00 0 
c4080000-c4100000 rw-p 00000000 00:00 0 
c4100000-c4121000 rw-p 00000000 00:00 0 
c4121000-c4200000 ---p 00000000 00:00 0 
c4200000-c42d2000 rw-p 00000000 00:00 0 
c42d2000-c4300000 ---p 00000000 00:00 0 
c437f000-c4380000 ---p 00000000 00:00 0 
c4380000-c4400000 rw-p 00000000 00:00 0 
c4400000-c4421000 rw-p 00000000 00:00 0 
c4421000-c4500000 ---p 00000000 00:00 0 
c457f000-c4580000 ---p 00000000 00:00 0 
c4580000-c4600000 rw-p 00000000 00:00 0 
c4600000-c4660000 rw-p 00000000 00:00 0 
c4660000-c4700000 ---p 00000000 00:00 0 
c477f000-c4780000 ---p 00000000 00:00 0 
c4780000-c4800000 rw-p 00000000 00:00 0 
c4800000-c4836000 rw-p 00000000 00:00 0 
c4836000-c4900000 ---p 00000000 00:00 0 
c497f000-c4980000 ---p 00000000 00:00 0 
c4980000-c4c00000 rw-p 00000000 00:00 0 
c4c00000-c5200000 ---p 00000000 00:00 0 
c5200000-c5400000 rw-p 00000000 00:00 0 
c5400000-c5a00000 ---p 00000000 00:00 0 
c5a00000-c5a40000 rw-p 00000000 00:00 0 
c5a40000-c5b00000 ---p 00000000 00:00 0 
c5b00000-c5b40000 rw-p 00000000 00:00 0 
c5b40000-c5c00000 ---p 00000000 00:00 0 
c5c00000-cdc00000 rw-p 00000000 00:00 0 
cdc00000-e5c00000 ---p 00000000 00:00 0 
e5c50000-e5c90000 rw-p 00000000 00:00 0 
e5c90000-e5d50000 ---p 00000000 00:00 0 
e5d50000-e5f90000 rwxp 00000000 00:00 0 
e5f90000-ed2ab000 ---p 00000000 00:00 0 
ed2ab000-ed4eb000 rwxp 00000000 00:00 0 
ed4eb000-ed7f5000 ---p 00000000 00:00 0 
ed7f5000-eda35000 rwxp 00000000 00:00 0 
eda35000-f4d50000 ---p 00000000 00:00 0 
f4d50000-f4eb8000 r--s 00000000 08:04 117534333                          /usr/lib/jvm/java-17-zulu-openjdk-jdk-x86/lib/modules
f4eb8000-f5d5a000 r-xp 00000000 08:04 143240869                          /usr/lib/jvm/java-17-zulu-openjdk-jdk-x86/lib/server/libjvm.so
f5d5a000-f5daf000 r--p 00ea1000 08:04 143240869                          /usr/lib/jvm/java-17-zulu-openjdk-jdk-x86/lib/server/libjvm.so
f5daf000-f5dd0000 rw-p 00ef6000 08:04 143240869                          /usr/lib/jvm/java-17-zulu-openjdk-jdk-x86/lib/server/libjvm.so
f5dd0000-f5e00000 rw-p 00000000 00:00 0 
f5e00000-f5f00000 rw-p 00000000 00:00 0 
f5f10000-f5f15000 rw-p 00000000 00:00 0 
f5f15000-f5ffb000 ---p 00000000 00:00 0 
f5ffb000-f5ffc000 ---p 00000000 00:00 0 
f5ffc000-f6000000 ---p 00000000 00:00 0 
f6000000-f6b74000 rw-p 00000000 00:00 0 
f6b97000-f6b9c000 rw-p 00000000 00:00 0 
f6b9c000-f6c82000 ---p 00000000 00:00 0 
f6ed0000-f6ef9000 rw-p 00000000 00:00 0 
f6ef9000-f6f1c000 r-xp 00000000 08:04 117534310                          /usr/lib/jvm/java-17-zulu-openjdk-jdk-x86/lib/libjava.so
f6f1c000-f6f1d000 r--p 00022000 08:04 117534310                          /usr/lib/jvm/java-17-zulu-openjdk-jdk-x86/lib/libjava.so
f6f1d000-f6f1e000 rw-p 00023000 08:04 117534310                          /usr/lib/jvm/java-17-zulu-openjdk-jdk-x86/lib/libjava.so
f6f1e000-f6f2a000 r-xp 00000000 08:04 16831767                           /usr/lib/libnss_files-2.28.so
f6f2a000-f6f2b000 r--p 0000b000 08:04 16831767                           /usr/lib/libnss_files-2.28.so
f6f2b000-f6f2c000 rw-p 0000c000 08:04 16831767                           /usr/lib/libnss_files-2.28.so
f6f2c000-f6f32000 rw-p 00000000 00:00 0 
f6f38000-f6f3d000 rw-p 00000000 00:00 0 
f6f3d000-f6f43000 ---p 00000000 00:00 0 
f6f43000-f6f5e000 r-xp 00000000 08:04 117534314                          /usr/lib/jvm/java-17-zulu-openjdk-jdk-x86/lib/libjimage.so
f6f5e000-f6f5f000 ---p 0001b000 08:04 117534314                          /usr/lib/jvm/java-17-zulu-openjdk-jdk-x86/lib/libjimage.so
f6f5f000-f6f60000 r--p 0001b000 08:04 117534314                          /usr/lib/jvm/java-17-zulu-openjdk-jdk-x86/lib/libjimage.so
f6f60000-f6f61000 rw-p 0001c000 08:04 117534314                          /usr/lib/jvm/java-17-zulu-openjdk-jdk-x86/lib/libjimage.so
f6f61000-f6f65000 rw-p 00000000 00:00 0 
f6f65000-f6fed000 r-xp 00000000 08:04 17191875                           /usr/lib/libpcre2-8.so.0.7.1
f6fed000-f6fee000 r--p 00087000 08:04 17191875                           /usr/lib/libpcre2-8.so.0.7.1
f6fee000-f6fef000 rw-p 00088000 08:04 17191875                           /usr/lib/libpcre2-8.so.0.7.1
f6fef000-f700f000 r-xp 00000000 08:04 17021543                           /usr/lib/libcrypt.so.1.1.0
f700f000-f7010000 ---p 00020000 08:04 17021543                           /usr/lib/libcrypt.so.1.1.0
f7010000-f7011000 r--p 00020000 08:04 17021543                           /usr/lib/libcrypt.so.1.1.0
f7011000-f701a000 rw-p 00000000 00:00 0 
f701a000-f7045000 r-xp 00000000 08:04 17191887                           /usr/lib/libselinux.so.1
f7045000-f7046000 ---p 0002b000 08:04 17191887                           /usr/lib/libselinux.so.1
f7046000-f7047000 r--p 0002b000 08:04 17191887                           /usr/lib/libselinux.so.1
f7047000-f7048000 rw-p 0002c000 08:04 17191887                           /usr/lib/libselinux.so.1
f7048000-f7049000 rw-p 00000000 00:00 0 
f7049000-f7068000 r-xp 00000000 08:04 18866589                           /usr/lib/libbrotlicommon.so.1.0.6
f7068000-f7069000 r--p 0001e000 08:04 18866589                           /usr/lib/libbrotlicommon.so.1.0.6
f7069000-f706a000 rw-p 0001f000 08:04 18866589                           /usr/lib/libbrotlicommon.so.1.0.6
f706a000-f7088000 r-xp 00000000 08:04 17191915                           /usr/lib/libsasl2.so.3.0.0
f7088000-f7089000 ---p 0001e000 08:04 17191915                           /usr/lib/libsasl2.so.3.0.0
f7089000-f708a000 r--p 0001e000 08:04 17191915                           /usr/lib/libsasl2.so.3.0.0
f708a000-f708b000 rw-p 0001f000 08:04 17191915                           /usr/lib/libsasl2.so.3.0.0
f708b000-f708d000 rw-p 00000000 00:00 0 
f708d000-f70a1000 r-xp 00000000 08:04 16831772                           /usr/lib/libresolv-2.28.so
f70a1000-f70a2000 ---p 00014000 08:04 16831772                           /usr/lib/libresolv-2.28.so
f70a2000-f70a3000 r--p 00014000 08:04 16831772                           /usr/lib/libresolv-2.28.so
f70a3000-f70a4000 rw-p 00015000 08:04 16831772                           /usr/lib/libresolv-2.28.so
f70a4000-f70a6000 rw-p 00000000 00:00 0 
f70a6000-f70a9000 r-xp 00000000 08:04 17191893                           /usr/lib/libkeyutils.so.1.6
f70a9000-f70aa000 ---p 00003000 08:04 17191893                           /usr/lib/libkeyutils.so.1.6
f70aa000-f70ab000 r--p 00003000 08:04 17191893                           /usr/lib/libkeyutils.so.1.6
f70ab000-f70ac000 rw-p 00000000 00:00 0 
f70ac000-f70bc000 r-xp 00000000 08:04 17021560                           /usr/lib/libkrb5support.so.0.1
f70bc000-f70bd000 r--p 0000f000 08:04 17021560                           /usr/lib/libkrb5support.so.0.1
f70bd000-f70be000 rw-p 00010000 08:04 17021560                           /usr/lib/libkrb5support.so.0.1
f70be000-f70c6000 r-xp 00000000 08:04 16831774                           /usr/lib/librt-2.28.so
f70c6000-f70c7000 r--p 00007000 08:04 16831774                           /usr/lib/librt-2.28.so
f70c7000-f70c8000 rw-p 00008000 08:04 16831774                           /usr/lib/librt-2.28.so
f70c8000-f7247000 r-xp 00000000 08:04 17021545                           /usr/lib/libunistring.so.2.1.0
f7247000-f7248000 ---p 0017f000 08:04 17021545                           /usr/lib/libunistring.so.2.1.0
f7248000-f724a000 r--p 0017f000 08:04 17021545                           /usr/lib/libunistring.so.2.1.0
f724a000-f724b000 rw-p 00181000 08:04 17021545                           /usr/lib/libunistring.so.2.1.0
f724b000-f7275000 r-xp 00000000 08:04 18654292                           /usr/lib/liblzma.so.5.2.4
f7275000-f7276000 r--p 00029000 08:04 18654292                           /usr/lib/liblzma.so.5.2.4
f7276000-f7277000 rw-p 00000000 00:00 0 
f7277000-f7283000 r-xp 00000000 08:04 17191936                           /usr/lib/libbrotlidec.so.1.0.6
f7283000-f7284000 r--p 0000b000 08:04 17191936                           /usr/lib/libbrotlidec.so.1.0.6
f7284000-f7285000 rw-p 00000000 00:00 0 
f7285000-f7294000 r-xp 00000000 08:04 17191918                           /usr/lib/liblber-2.4.so.2.10.9
f7294000-f7295000 r--p 0000e000 08:04 17191918                           /usr/lib/liblber-2.4.so.2.10.9
f7295000-f7296000 rw-p 0000f000 08:04 17191918                           /usr/lib/liblber-2.4.so.2.10.9
f7296000-f72eb000 r-xp 00000000 08:04 17191920                           /usr/lib/libldap-2.4.so.2.10.9
f72eb000-f72ec000 ---p 00055000 08:04 17191920                           /usr/lib/libldap-2.4.so.2.10.9
f72ec000-f72ed000 r--p 00055000 08:04 17191920                           /usr/lib/libldap-2.4.so.2.10.9
f72ed000-f72ee000 rw-p 00056000 08:04 17191920                           /usr/lib/libldap-2.4.so.2.10.9
f72ee000-f72f0000 rw-p 00000000 00:00 0 
f72f0000-f72f3000 r-xp 00000000 08:04 16994899                           /usr/lib/libcom_err.so.2.1
f72f3000-f72f4000 r--p 00002000 08:04 16994899                           /usr/lib/libcom_err.so.2.1
f72f4000-f72f5000 rw-p 00003000 08:04 16994899                           /usr/lib/libcom_err.so.2.1
f72f5000-f730b000 r-xp 00000000 08:04 17021552                           /usr/lib/libk5crypto.so.3.1
f730b000-f730c000 ---p 00016000 08:04 17021552                           /usr/lib/libk5crypto.so.3.1
f730c000-f730d000 r--p 00016000 08:04 17021552                           /usr/lib/libk5crypto.so.3.1
f730d000-f730e000 rw-p 00017000 08:04 17021552                           /usr/lib/libk5crypto.so.3.1
f730e000-f73f1000 r-xp 00000000 08:04 17021558                           /usr/lib/libkrb5.so.3.3
f73f1000-f73f8000 r--p 000e2000 08:04 17021558                           /usr/lib/libkrb5.so.3.3
f73f8000-f73f9000 rw-p 000e9000 08:04 17021558                           /usr/lib/libkrb5.so.3.3
f73f9000-f7454000 r-xp 00000000 08:04 17021548                           /usr/lib/libgssapi_krb5.so.2.2
f7454000-f7456000 r--p 0005a000 08:04 17021548                           /usr/lib/libgssapi_krb5.so.2.2
f7456000-f7457000 rw-p 0005c000 08:04 17021548                           /usr/lib/libgssapi_krb5.so.2.2
f7457000-f7708000 r-xp 00000000 08:04 18627877                           /usr/lib/libcrypto.so.1.1.1k
f7708000-f7721000 r--p 002b0000 08:04 18627877                           /usr/lib/libcrypto.so.1.1.1k
f7721000-f7723000 rw-p 002c9000 08:04 18627877                           /usr/lib/libcrypto.so.1.1.1k
f7723000-f7727000 rw-p 00000000 00:00 0 
f7727000-f77b9000 r-xp 00000000 08:04 18627879                           /usr/lib/libssl.so.1.1.1k
f77b9000-f77bf000 r--p 00091000 08:04 18627879                           /usr/lib/libssl.so.1.1.1k
f77bf000-f77c3000 rw-p 00097000 08:04 18627879                           /usr/lib/libssl.so.1.1.1k
f77c3000-f77d3000 r-xp 00000000 08:04 18660120                           /usr/lib/libpsl.so.5.3.1
f77d3000-f77d4000 r--p 0000f000 08:04 18660120                           /usr/lib/libpsl.so.5.3.1
f77d4000-f77d5000 rw-p 00000000 00:00 0 
f77d5000-f7852000 r-xp 00000000 08:04 16994901                           /usr/lib/libssh.so.4.8.7
f7852000-f7853000 ---p 0007d000 08:04 16994901                           /usr/lib/libssh.so.4.8.7
f7853000-f7854000 r--p 0007d000 08:04 16994901                           /usr/lib/libssh.so.4.8.7
f7854000-f7855000 rw-p 0007e000 08:04 16994901                           /usr/lib/libssh.so.4.8.7
f7855000-f7872000 r-xp 00000000 08:04 17040588                           /usr/lib/libidn2.so.0.3.6
f7872000-f7873000 r--p 0001c000 08:04 17040588                           /usr/lib/libidn2.so.0.3.6
f7873000-f7874000 rw-p 00000000 00:00 0 
f7874000-f789c000 r-xp 00000000 08:04 17191891                           /usr/lib/libnghttp2.so.14.17.0
f789c000-f789d000 r--p 00027000 08:04 17191891                           /usr/lib/libnghttp2.so.14.17.0
f789d000-f789f000 rw-p 00028000 08:04 17191891                           /usr/lib/libnghttp2.so.14.17.0
f789f000-f7a41000 r-xp 00000000 08:04 16831756                           /usr/lib/libc-2.28.so
f7a41000-f7a42000 ---p 001a2000 08:04 16831756                           /usr/lib/libc-2.28.so
f7a42000-f7a44000 r--p 001a2000 08:04 16831756                           /usr/lib/libc-2.28.so
f7a44000-f7a45000 rw-p 001a4000 08:04 16831756                           /usr/lib/libc-2.28.so
f7a45000-f7a4a000 rw-p 00000000 00:00 0 
f7a4a000-f7a65000 r-xp 00000000 08:04 16985139                           /usr/lib/libgcc_s-8-20210514.so.1
f7a65000-f7a66000 r--p 0001a000 08:04 16985139                           /usr/lib/libgcc_s-8-20210514.so.1
f7a66000-f7a67000 rw-p 0001b000 08:04 16985139                           /usr/lib/libgcc_s-8-20210514.so.1
f7a67000-f7b37000 r-xp 00000000 08:04 16831760                           /usr/lib/libm-2.28.so
f7b37000-f7b38000 r--p 000cf000 08:04 16831760                           /usr/lib/libm-2.28.so
f7b38000-f7b39000 rw-p 000d0000 08:04 16831760                           /usr/lib/libm-2.28.so
f7b39000-f7cc2000 r-xp 00000000 08:04 16985145                           /usr/lib/libstdc++.so.6.0.25
f7cc2000-f7cc3000 ---p 00189000 08:04 16985145                           /usr/lib/libstdc++.so.6.0.25
f7cc3000-f7cc9000 r--p 00189000 08:04 16985145                           /usr/lib/libstdc++.so.6.0.25
f7cc9000-f7cca000 rw-p 0018f000 08:04 16985145                           /usr/lib/libstdc++.so.6.0.25
f7cca000-f7ccc000 rw-p 00000000 00:00 0 
f7ccc000-f7ce3000 r-xp 00000000 08:04 16963437                           /usr/lib/libz.so.1.2.11
f7ce3000-f7ce4000 ---p 00017000 08:04 16963437                           /usr/lib/libz.so.1.2.11
f7ce4000-f7ce5000 r--p 00017000 08:04 16963437                           /usr/lib/libz.so.1.2.11
f7ce5000-f7ce6000 rw-p 00000000 00:00 0 
f7ce6000-f7e63000 r-xp 00000000 08:04 16963397                           /usr/lib/libxml2.so.2.9.7
f7e63000-f7e68000 r--p 0017c000 08:04 16963397                           /usr/lib/libxml2.so.2.9.7
f7e68000-f7e69000 rw-p 00181000 08:04 16963397                           /usr/lib/libxml2.so.2.9.7
f7e69000-f7e6a000 rw-p 00000000 00:00 0 
f7e6a000-f7e86000 r-xp 00000000 08:04 16831770                           /usr/lib/libpthread-2.28.so
f7e86000-f7e87000 r--p 0001b000 08:04 16831770                           /usr/lib/libpthread-2.28.so
f7e87000-f7e88000 rw-p 0001c000 08:04 16831770                           /usr/lib/libpthread-2.28.so
f7e88000-f7e8a000 rw-p 00000000 00:00 0 
f7e8a000-f7efe000 r-xp 00000000 08:04 16818911                           /usr/lib/libpcre.so.1.2.10
f7efe000-f7eff000 ---p 00074000 08:04 16818911                           /usr/lib/libpcre.so.1.2.10
f7eff000-f7f00000 r--p 00074000 08:04 16818911                           /usr/lib/libpcre.so.1.2.10
f7f00000-f7f01000 rw-p 00075000 08:04 16818911                           /usr/lib/libpcre.so.1.2.10
f7f01000-f7f04000 r-xp 00000000 08:04 16831758                           /usr/lib/libdl-2.28.so
f7f04000-f7f05000 r--p 00002000 08:04 16831758                           /usr/lib/libdl-2.28.so
f7f05000-f7f06000 rw-p 00003000 08:04 16831758                           /usr/lib/libdl-2.28.so
f7f06000-f7fa3000 r-xp 00000000 08:04 16994905                           /usr/lib/libcurl.so.4.5.0
f7fa3000-f7fa5000 r--p 0009c000 08:04 16994905                           /usr/lib/libcurl.so.4.5.0
f7fa5000-f7fa6000 rw-p 0009e000 08:04 16994905                           /usr/lib/libcurl.so.4.5.0
f7fa6000-f7fad000 r--s 00000000 08:04 176632422                          /usr/lib/gconv/gconv-modules.cache
f7fad000-f7fb5000 rw-s 00000000 08:04 151586766                          /tmp/hsperfdata_almalinux/1426920 (deleted)
f7fb5000-f7fb6000 ---p 00000000 00:00 0 
f7fb6000-f7fb7000 r--p 00000000 00:00 0 
f7fb7000-f7fb9000 rw-p 00000000 00:00 0 
f7fb9000-f7fbd000 r--p 00000000 00:00 0                                  [vvar]
f7fbd000-f7fbf000 r-xp 00000000 00:00 0                                  [vdso]
f7fbf000-f7fee000 r-xp 00000000 08:04 16831749                           /usr/lib/ld-2.28.so
f7fee000-f7fef000 ---p 00000000 00:00 0 
f7fef000-f7ff0000 r--p 0002f000 08:04 16831749                           /usr/lib/ld-2.28.so
f7ff0000-f7ff1000 rw-p 00030000 08:04 16831749                           /usr/lib/ld-2.28.so
ffb34000-ffb35000 rwxp 00000000 00:00 0 
ffc3d000-ffcf9000 rw-p 00000000 00:00 0                                  [stack]


VM Arguments:
jvm_args: -Xms128m -Xmx512m -Xss768k -XX:MaxMetaspaceSize=96m -Xrs -XX:-UsePerfData -XX:-AllowUserSignalHandlers -XX:UseSSE=3 -XX+DoEscapeAnalysis -XX:AutoBoxCacheMax:2000 -XX:+OptimizeStringConcat -XX:+OptimizeFill -XX:+EliminateAutoBox -XX:+UseCompressedStrings -XX:+UseCompressedOops -XX:+EliminateLocks -XX:UseFastAccessorMethods -XX:+UseStringCache -XgcPrio:throughput -XXkeepAreaRatio:1 -XXlazyUnlocking -XXcallProfiling -XXcompactRatio:1 
java_command: <unknown>
java_class_path (initial): ../../data/sku.0/sys.server/compiled/game/
Launcher Type: generic

[Global flags]
     intx CICompilerCount                          = 3                                         {product} {ergonomic}
     uint ConcGCThreads                            = 1                                         {product} {ergonomic}
     uint G1ConcRefinementThreads                  = 4                                         {product} {ergonomic}
   size_t G1HeapRegionSize                         = 1048576                                   {product} {ergonomic}
    uintx GCDrainStackTargetSize                   = 64                                        {product} {ergonomic}
   size_t InitialHeapSize                          = 134217728                                 {product} {command line}
   size_t MarkStackSize                            = 32768                                     {product} {ergonomic}
   size_t MaxHeapSize                              = 536870912                                 {product} {command line}
   size_t MaxMetaspaceSize                         = 100663296                                 {product} {command line}
   size_t MaxNewSize                               = 321912832                                 {product} {ergonomic}
   size_t MinHeapDeltaBytes                        = 1048576                                   {product} {ergonomic}
   size_t MinHeapSize                              = 134217728                                 {product} {command line}
    uintx NonNMethodCodeHeapSize                   = 5544422                                {pd product} {ergonomic}
    uintx NonProfiledCodeHeapSize                  = 123056909                              {pd product} {ergonomic}
    uintx ProfiledCodeHeapSize                     = 123056909                              {pd product} {ergonomic}
    uintx ReservedCodeCacheSize                    = 251658240                              {pd product} {ergonomic}
     bool SegmentedCodeCache                       = true                                      {product} {ergonomic}
   size_t SoftMaxHeapSize                          = 536870912                              {manageable} {ergonomic}
   double SweeperThreshold                         = 0.500000                                  {product} {ergonomic}
     intx ThreadStackSize                          = 768                                    {pd product} {command line}
     bool UseG1GC                                  = true                                      {product} {ergonomic}

Logging:
Log output configuration:
 #0: stdout all=off uptime,level,tags
 #1: stderr all=off uptime,level,tags

Environment Variables:
JAVA_HOME=/usr/lib/jvm/zulu-17-x86
PATH=/usr/java/jdk1.7.0_80/bin:/usr/java/jdk1.7.0_80/bin:/usr/java/jdk1.6.0_45/bin:/usr/java/jdk1.6.0_45/bin:/usr/java/jdk1.6.0_45/bin:/home/almalinux/.local/bin:/home/almalinux/bin:/sbin:/bin:/usr/bin:/usr/local/bin:/usr/local/sbin:/usr/sbin:/usr/lib/oracle/18.3/client/bin:/usr/lib/oracle/18.3/client/bin:/usr/lib/jvm/java-11-openjdk/bin:./
LD_LIBRARY_PATH=/usr/lib/jvm/java-17-zulu-openjdk-jdk-x86/lib/server:/usr/lib/jvm/java-17-zulu-openjdk-jdk-x86/lib:/usr/lib/jvm/java-17-zulu-openjdk-jdk-x86/../lib:/usr/lib/jvm/zulu-17-x86/lib/server:/usr/lib/jvm/java-11-openjdk/lib:/usr/lib/jvm/java-11-openjdk/lib/server:./
SHELL=/bin/bash
DISPLAY=:10.0
LANG=en_US.UTF-8
TERM=xterm-256color

Active Locale:
LC_ALL=en_US.UTF-8
LC_COLLATE=en_US.UTF-8
LC_CTYPE=en_US.UTF-8
LC_MESSAGES=en_US.UTF-8
LC_MONETARY=en_US.UTF-8
LC_NUMERIC=en_US.UTF-8
LC_TIME=en_US.UTF-8

Signal Handlers:
   SIGSEGV: crash_handler in libjvm.so, mask=11100100010111111101111111111110, flags=SA_RESTART|SA_SIGINFO, unblocked
    SIGBUS: crash_handler in libjvm.so, mask=11100100010111111101111111111110, flags=SA_RESTART|SA_SIGINFO, unblocked
    SIGFPE: crash_handler in libjvm.so, mask=11100100010111111101111111111110, flags=SA_RESTART|SA_SIGINFO, unblocked
   SIGPIPE: SIG_IGN, mask=00000000000010000000000000000000, flags=SA_RESTART, blocked
  *** Handler was modified!
  *** Expected: javaSignalHandler in libjvm.so, mask=11100100110111111111111111111110, flags=SA_RESTART|SA_SIGINFO
   SIGXFSZ: javaSignalHandler in libjvm.so, mask=11100100010111111101111111111110, flags=SA_RESTART|SA_SIGINFO, blocked
    SIGILL: crash_handler in libjvm.so, mask=11100100010111111101111111111110, flags=SA_RESTART|SA_SIGINFO, unblocked
   SIGUSR2: SR_handler in libjvm.so, mask=00100000000000000000000000000000, flags=SA_RESTART|SA_SIGINFO, blocked
    SIGHUP: UserHandler in libjvm.so, mask=11100100010111111101111111111110, flags=SA_RESTART|SA_SIGINFO, blocked
    SIGINT: UserHandler in libjvm.so, mask=11100100010111111101111111111110, flags=SA_RESTART|SA_SIGINFO, blocked
   SIGTERM: UserHandler in libjvm.so, mask=11100100010111111101111111111110, flags=SA_RESTART|SA_SIGINFO, blocked
   SIGQUIT: UserHandler in libjvm.so, mask=11100100010111111101111111111110, flags=SA_RESTART|SA_SIGINFO, blocked
   SIGTRAP: crash_handler in libjvm.so, mask=11100100010111111101111111111110, flags=SA_RESTART|SA_SIGINFO, unblocked


Periodic native trim disabled


---------------  S Y S T E M  ---------------

OS:
AlmaLinux release 8.10 (Cerulean Leopard)
uname: Linux 4.18.0-553.81.1.el8_10.x86_64 #1 SMP Mon Oct 27 11:29:19 EDT 2025 x86_64
OS uptime: 33 days 23:33 hours
libc: glibc 2.28 NPTL 2.28 
rlimit (soft/hard): STACK 8192k/infinity , CORE 0k/infinity , NPROC 61995/61995 , NOFILE 262144/262144 , AS infinity/infinity , CPU infinity/infinity , DATA infinity/infinity , FSIZE infinity/infinity , MEMLOCK 64k/64k
load average: 38.02 31.46 34.48

/proc/meminfo:
MemTotal:       16014448 kB
MemFree:          722644 kB
MemAvailable:    8815116 kB
Buffers:            1056 kB
Cached:          9908604 kB
SwapCached:        34392 kB
Active:          2617368 kB
Inactive:       11592904 kB
Active(anon):    2070488 kB
Inactive(anon):  4231348 kB
Active(file):     546880 kB
Inactive(file):  7361556 kB
Unevictable:        3104 kB
Mlocked:              16 kB
SwapTotal:       8388604 kB
SwapFree:        6597904 kB
Dirty:               920 kB
Writeback:             0 kB
AnonPages:       4283364 kB
Mapped:          1569344 kB
Shmem:           2001220 kB
KReclaimable:     412016 kB
Slab:             582340 kB
SReclaimable:     412016 kB
SUnreclaim:       170324 kB
KernelStack:       24856 kB
PageTables:       152440 kB
NFS_Unstable:          0 kB
Bounce:                0 kB
WritebackTmp:          0 kB
CommitLimit:    16395828 kB
Committed_AS:   23388840 kB
VmallocTotal:   34359738367 kB
VmallocUsed:       70704 kB
VmallocChunk:          0 kB
Percpu:             2704 kB
HardwareCorrupted:     0 kB
AnonHugePages:         0 kB
ShmemHugePages:        0 kB
ShmemPmdMapped:        0 kB
FileHugePages:         0 kB
FilePmdMapped:         0 kB
HugePages_Total:       0
HugePages_Free:        0
HugePages_Rsvd:        0
HugePages_Surp:        0
Hugepagesize:       2048 kB
Hugetlb:               0 kB
DirectMap4k:     2942828 kB
DirectMap2M:    13441024 kB

/sys/kernel/mm/transparent_hugepage/enabled: always madvise [never]
/sys/kernel/mm/transparent_hugepage/hpage_pmd_size: 2097152
/sys/kernel/mm/transparent_hugepage/defrag (defrag/compaction efforts parameter): always defer defer+madvise [madvise] never

Process Memory:
Virtual Size: 995392K (peak: 1007776K)
Resident Set Size: 133152K (peak: 142328K) (anon: 101240K, file: 31912K, shmem: 0K)
Swapped out: 0K
C-Heap outstanding allocations: 16079K, retained: 70116K
glibc malloc tunables: (default)

/proc/sys/kernel/threads-max (system-wide limit on the number of threads): 123991
/proc/sys/vm/max_map_count (maximum number of memory map areas a process may have): 1677720
/proc/sys/kernel/pid_max (system-wide limit on number of process identifiers): 4194304

container (cgroup) information:
container_type: cgroupv1
cpu_cpuset_cpus: 0-3
cpu_memory_nodes: 0
active_processor_count: 4
cpu_quota: no quota
cpu_period: 100000
cpu_shares: no shares
memory_limit_in_bytes: unlimited
memory_and_swap_limit_in_bytes: unlimited
memory_soft_limit_in_bytes: unlimited
memory_usage_in_bytes: 13850136 k
memory_max_usage_in_bytes: 14783012 k
kernel_memory_usage_in_bytes: 459608 k
kernel_memory_max_usage_in_bytes: unlimited
kernel_memory_limit_in_bytes: 985464 k
maximum number of tasks: unlimited
current number of tasks: 763

KVM virtualization detected
Steal ticks since vm start: 3
Steal ticks percentage since vm start:  0.000

CPU: total 4 (initial active 4) (1 cores per cpu, 1 threads per core) family 6 model 60 stepping 1 microcode 0x1, cx8, cmov, fxsr, mmx, sse, sse2, sse3, ssse3, sse4.1, sse4.2, popcnt, lzcnt, tsc, avx, avx2, aes, erms, clmul, bmi1, bmi2, fma, vzeroupper, clflush, hv
CPU Model and flags from /proc/cpuinfo:
model name	: Intel Core Processor (Haswell, no TSX)
flags		: fpu vme de pse tsc msr pae mce cx8 apic sep mtrr pge mca cmov pat pse36 clflush mmx fxsr sse sse2 syscall nx rdtscp lm constant_tsc rep_good nopl xtopology cpuid tsc_known_freq pni pclmulqdq vmx ssse3 fma cx16 pcid sse4_1 sse4_2 x2apic movbe popcnt tsc_deadline_timer aes xsave avx f16c rdrand hypervisor lahf_lm abm cpuid_fault invpcid_single pti tpr_shadow vnmi flexpriority ept vpid ept_ad fsgsbase bmi1 avx2 smep bmi2 erms invpcid xsaveopt arat md_clear

Online cpus: 0-3
Offline cpus: 
BIOS frequency limitation: <Not Available>
Frequency switch latency (ns): <Not Available>
Available cpu frequencies: <Not Available>
Current governor: <Not Available>
Core performance/turbo boost: <Not Available>

Memory: 4k page, physical 16014448k(723812k free), swap 8388604k(6597904k free)
Page Sizes: 4k

vm_info: OpenJDK Server VM (17.0.11+9-LTS) for linux-x86 JRE (17.0.11+9-LTS) (Zulu17.50+19-CA), built on Apr  9 2024 07:14:46 by "zulu_re" with gcc 8.3.0

END.
