#
# A fatal error has been detected by the Java Runtime Environment:
#
#  SIGSEGV (0xb) at pc=0xf78d1618, pid=364049, tid=364049
#
# JRE version: OpenJDK Runtime Environment Zulu17.50+19-CA (17.0.11+9) (build 17.0.11+9-LTS)
# Java VM: OpenJDK Server VM Zulu17.50+19-CA (17.0.11+9-LTS, mixed mode, sharing, tiered, g1 gc, linux-x86)
# Problematic frame:
# C  [libc.so.6+0x84618]  cfree+0x28
#
# Core dump will be written. Default location: Core dumps may be processed with "/usr/lib/systemd/systemd-coredump %P %u %g %s %t %c %h %e" (or dumping to /home/almalinux/swg-returns-nge/exe/linux/core.364049)
#
# If you would like to submit a bug report, please visit:
#   http://www.azul.com/support/
#

---------------  S U M M A R Y ------------

Command Line: -Xms128m -Xmx512m -Xss768k -XX:MaxMetaspaceSize=96m -Xrs -XX:-UsePerfData -XX:-AllowUserSignalHandlers -XX:UseSSE=3 -XX+DoEscapeAnalysis -XX:AutoBoxCacheMax:2000 -XX:+OptimizeStringConcat -XX:+OptimizeFill -XX:+EliminateAutoBox -XX:+UseCompressedStrings -XX:+UseCompressedOops -XX:+EliminateLocks -XX:UseFastAccessorMethods -XX:+UseStringCache -XgcPrio:throughput -XXkeepAreaRatio:1 -XXlazyUnlocking -XXcallProfiling -XXcompactRatio:1 

Host: Intel Core Processor (Haswell, no TSX), 4 cores, 15G, AlmaLinux release 8.10 (Cerulean Leopard)
Time: Mon Jan 26 20:49:16 2026 UTC elapsed time: 1007.093801 seconds (0d 0h 16m 47s)

---------------  T H R E A D  ---------------

Current thread is native thread

Stack: [0xffe3d000,0xffefd000],  sp=0xffef9490,  free space=753k
Native frames: (J=compiled Java code, j=interpreted, Vv=VM code, C=native code)
C  [libc.so.6+0x84618]  cfree+0x28


siginfo: si_signo: 11 (SIGSEGV), si_code: 1 (SEGV_MAPERR), si_addr: 0x00000003

Registers:
EAX=0x00000000, EBX=0x00000007, ECX=0xf6f0f84c, EDX=0x0a16ad88
ESP=0xffef9490, EBP=0xffef95c8, ESI=0xf79f2000, EDI=0x00000000
EIP=0xf78d1618, EFLAGS=0x00210202, CR2=0x0000000000000003


Top of Stack: (sp=0xffef9490)
0xffef9490:   09dee010 00000000 ffef95c8 f7b5ef1c
0xffef94a0:   09dee0a0 f7c75a04 0a16ad60 f7b5ef1c
0xffef94b0:   00000007 f7b5ef0a f7c75a04 f7b5ef4c
0xffef94c0:   09dee0a0 f7b5ef0a 0a16eb00 085b6163
0xffef94d0:   00000007 09dee010 09dedd20 085bb8d1
0xffef94e0:   09dee010 09dedd20 00000000 085bb89b
0xffef94f0:   0b60d580 ffef9517 ffef953c 085c6969
0xffef9500:   087d6c00 ffef953c ffef95c8 084fc53b
0xffef9510:   00000014 00010002 00000000 00000000
0xffef9520:   01010100 00000001 09aa44c0 00000000
0xffef9530:   00000000 00000000 00000000 00000000
0xffef9540:   00000000 00000014 ffef9698 f78826ff
0xffef9550:   f79f241c 47677753 53656d61 65767265
0xffef9560:   36333a72 39343034 09290100 0a150120
0xffef9570:   08ea0100 08ebc230 08ea5888 f79f241c
0xffef9580:   00000428 00000420 f7882779 085758fd
0xffef9590:   08ea2a80 09b1ea78 08ea5888 08574f56
0xffef95a0:   0929a2c4 0929a2c4 ffef9698 08ea583b
0xffef95b0:   0000000c ffef9664 ffef95e0 f79f2000
0xffef95c0:   00000000 08575910 00000000 f786af26
0xffef95d0:   00000000 08575910 00000000 f786af26
0xffef95e0:   0000000c ffef9664 ffef9698 ffef9604
0xffef95f0:   0929a2d0 00000000 ffef9698 f79f2000
0xffef9600:   f785a75c f79f2000 00000000 08575910
0xffef9610:   00000000 a3ba3550 71cc3d40 00000000
0xffef9620:   00000000 00000000 f7f714d0 f786ae30
0xffef9630:   084fc260 0929a2c4 0000000c 08575946
0xffef9640:   084fc260 0000000c ffef9664 08ea57f0
0xffef9650:   08ea5850 f7f714d0 ffef965c f7f9e970
0xffef9660:   0000000c ffefb647 ffefb659 ffefb65c
0xffef9670:   ffefb66e ffefb671 ffefb67c ffefb6a0
0xffef9680:   ffefb6b0 ffefb6bc ffefb6d8 ffefb6db 

Instructions: (pc=0xf78d1618)
0xf78d1518:   50 8d 96 86 f7 fa ff 8d 86 d0 2f fb ff e8 c6 b7
0xf78d1528:   ff ff 8d b6 00 00 00 00 bb 20 00 00 00 e9 5e fe
0xf78d1538:   ff ff e8 a1 c0 ff ff 89 c5 85 c0 0f 85 68 ff ff
0xf78d1548:   ff 31 d2 8d 44 3b 10 e8 8c c1 ff ff 89 da 89 f9
0xf78d1558:   89 c5 e8 11 f0 ff ff 89 c2 85 c0 75 1b 85 ed 74
0xf78d1568:   17 90 89 fa 89 e8 e8 bd c5 ff ff 89 da 89 f9 89
0xf78d1578:   c5 e8 f2 ef ff ff 89 c2 85 ed 0f 84 57 ff ff ff
0xf78d1588:   e9 39 ff ff ff 8d 86 b8 31 fb ff 83 ec 0c b9 25
0xf78d1598:   0d 00 00 50 8d 96 86 f7 fa ff 8d 86 74 2f fb ff
0xf78d15a8:   e8 43 b7 ff ff 8d 76 00 f3 0f 1e fb e8 0a 9a f9
0xf78d15b8:   ff 05 47 0a 12 00 56 53 83 ec 04 8b 5c 24 10 8b
0xf78d15c8:   74 24 14 8b 80 50 ff ff ff c7 00 00 00 00 00 e8
0xf78d15d8:   54 bb ff ff 8b 4c 24 0c 83 c4 04 89 f2 89 d8 5b
0xf78d15e8:   5e e9 42 fd ff ff 66 90 f3 0f 1e fb 56 e8 9a 9b
0xf78d15f8:   f9 ff 81 c6 06 0a 12 00 53 83 ec 14 8b 5c 24 20
0xf78d1608:   8b 86 5c ff ff ff 8b 00 85 c0 75 6c 85 db 74 75
0xf78d1618:   8b 4b fc 8d 53 f8 f6 c1 02 75 35 8b 86 70 fe ff
0xf78d1628:   ff 65 8b 00 85 c0 0f 84 8c 00 00 00 83 e1 04 8d
0xf78d1638:   86 60 07 00 00 74 09 89 d0 25 00 00 f0 ff 8b 00
0xf78d1648:   83 c4 14 31 c9 5b 5e e9 8c cb ff ff 8d 74 26 00
0xf78d1658:   8b 9e 60 01 00 00 85 db 75 10 3b 8e 48 01 00 00
0xf78d1668:   76 08 81 f9 00 00 08 00 76 26 83 c4 14 89 d0 5b
0xf78d1678:   5e e9 92 b8 ff ff 66 90 83 ec 08 ff 74 24 24 53
0xf78d1688:   ff d0 83 c4 10 83 c4 14 5b 5e c3 8d 74 26 00 90
0xf78d1698:   39 96 80 1d 00 00 77 08 39 96 7c 1d 00 00 77 ca
0xf78d16a8:   83 e1 f8 8d 04 09 89 8e 48 01 00 00 89 86 40 01
0xf78d16b8:   00 00 90 eb b5 8d 76 00 8b 86 74 fe ff ff 65 80
0xf78d16c8:   38 00 0f 85 64 ff ff ff 89 54 24 0c e8 97 ed ff
0xf78d16d8:   ff 8b 4b fc 8b 54 24 0c e9 4f ff ff ff 8d b4 26
0xf78d16e8:   00 00 00 00 8d 74 26 00 f3 0f 1e fb 55 57 56 e8
0xf78d16f8:   98 9a f9 ff 81 c6 04 09 12 00 53 83 ec 0c 8b 86
0xf78d1708:   70 fe ff ff 8b 96 74 fe ff ff 65 8b 28 65 c6 02 



---------------  P R O C E S S  ---------------

VM state: at safepoint (shutting down)

VM Mutex/Monitor currently owned by a thread:  ([mutex/lock_event])
[0xf5e21d30] Threads_lock - owner thread: 0xc4294cf0

GC Precious Log:
<Skipped>

Heap:
 garbage-first heap   total 131072K, used 26460K [0xc5c00000, 0xe5c00000)
  region size 1024K, 24 young (24576K), 9 survivors (9216K)
 Metaspace       used 7868K, committed 8896K, reserved 16384K

Heap Regions: E=young(eden), S=young(survivor), O=old, HS=humongous(starts), HC=humongous(continues), CS=collection set, F=free, OA=open archive, CA=closed archive, TAMS=top-at-mark-start (previous, next)
|   0|0xc5c00000, 0xc5d00000, 0xc5d00000|100%| O|  |TAMS 0xc5c00000, 0xc5c00000| Untracked 
|   1|0xc5d00000, 0xc5e00000, 0xc5e00000|100%| O|  |TAMS 0xc5d00000, 0xc5d00000| Untracked 
|   2|0xc5e00000, 0xc5e36e00, 0xc5f00000| 21%| O|  |TAMS 0xc5e00000, 0xc5e00000| Untracked 
|   3|0xc5f00000, 0xc5f00000, 0xc6000000|  0%| F|  |TAMS 0xc5f00000, 0xc5f00000| Untracked 
|   4|0xc6000000, 0xc6000000, 0xc6100000|  0%| F|  |TAMS 0xc6000000, 0xc6000000| Untracked 
|   5|0xc6100000, 0xc6100000, 0xc6200000|  0%| F|  |TAMS 0xc6100000, 0xc6100000| Untracked 
|   6|0xc6200000, 0xc6200000, 0xc6300000|  0%| F|  |TAMS 0xc6200000, 0xc6200000| Untracked 
|   7|0xc6300000, 0xc6300000, 0xc6400000|  0%| F|  |TAMS 0xc6300000, 0xc6300000| Untracked 
|   8|0xc6400000, 0xc6400000, 0xc6500000|  0%| F|  |TAMS 0xc6400000, 0xc6400000| Untracked 
|   9|0xc6500000, 0xc6500000, 0xc6600000|  0%| F|  |TAMS 0xc6500000, 0xc6500000| Untracked 
|  10|0xc6600000, 0xc6600000, 0xc6700000|  0%| F|  |TAMS 0xc6600000, 0xc6600000| Untracked 
|  11|0xc6700000, 0xc6700000, 0xc6800000|  0%| F|  |TAMS 0xc6700000, 0xc6700000| Untracked 
|  12|0xc6800000, 0xc6800000, 0xc6900000|  0%| F|  |TAMS 0xc6800000, 0xc6800000| Untracked 
|  13|0xc6900000, 0xc6900000, 0xc6a00000|  0%| F|  |TAMS 0xc6900000, 0xc6900000| Untracked 
|  14|0xc6a00000, 0xc6a00000, 0xc6b00000|  0%| F|  |TAMS 0xc6a00000, 0xc6a00000| Untracked 
|  15|0xc6b00000, 0xc6b00000, 0xc6c00000|  0%| F|  |TAMS 0xc6b00000, 0xc6b00000| Untracked 
|  16|0xc6c00000, 0xc6c00000, 0xc6d00000|  0%| F|  |TAMS 0xc6c00000, 0xc6c00000| Untracked 
|  17|0xc6d00000, 0xc6d00000, 0xc6e00000|  0%| F|  |TAMS 0xc6d00000, 0xc6d00000| Untracked 
|  18|0xc6e00000, 0xc6e00000, 0xc6f00000|  0%| F|  |TAMS 0xc6e00000, 0xc6e00000| Untracked 
|  19|0xc6f00000, 0xc6f00000, 0xc7000000|  0%| F|  |TAMS 0xc6f00000, 0xc6f00000| Untracked 
|  20|0xc7000000, 0xc7000000, 0xc7100000|  0%| F|  |TAMS 0xc7000000, 0xc7000000| Untracked 
|  21|0xc7100000, 0xc7100000, 0xc7200000|  0%| F|  |TAMS 0xc7100000, 0xc7100000| Untracked 
|  22|0xc7200000, 0xc7200000, 0xc7300000|  0%| F|  |TAMS 0xc7200000, 0xc7200000| Untracked 
|  23|0xc7300000, 0xc7300000, 0xc7400000|  0%| F|  |TAMS 0xc7300000, 0xc7300000| Untracked 
|  24|0xc7400000, 0xc7400000, 0xc7500000|  0%| F|  |TAMS 0xc7400000, 0xc7400000| Untracked 
|  25|0xc7500000, 0xc7500000, 0xc7600000|  0%| F|  |TAMS 0xc7500000, 0xc7500000| Untracked 
|  26|0xc7600000, 0xc7600000, 0xc7700000|  0%| F|  |TAMS 0xc7600000, 0xc7600000| Untracked 
|  27|0xc7700000, 0xc7700000, 0xc7800000|  0%| F|  |TAMS 0xc7700000, 0xc7700000| Untracked 
|  28|0xc7800000, 0xc7800000, 0xc7900000|  0%| F|  |TAMS 0xc7800000, 0xc7800000| Untracked 
|  29|0xc7900000, 0xc7900000, 0xc7a00000|  0%| F|  |TAMS 0xc7900000, 0xc7900000| Untracked 
|  30|0xc7a00000, 0xc7a00000, 0xc7b00000|  0%| F|  |TAMS 0xc7a00000, 0xc7a00000| Untracked 
|  31|0xc7b00000, 0xc7b00000, 0xc7c00000|  0%| F|  |TAMS 0xc7b00000, 0xc7b00000| Untracked 
|  32|0xc7c00000, 0xc7c00000, 0xc7d00000|  0%| F|  |TAMS 0xc7c00000, 0xc7c00000| Untracked 
|  33|0xc7d00000, 0xc7d00000, 0xc7e00000|  0%| F|  |TAMS 0xc7d00000, 0xc7d00000| Untracked 
|  34|0xc7e00000, 0xc7e00000, 0xc7f00000|  0%| F|  |TAMS 0xc7e00000, 0xc7e00000| Untracked 
|  35|0xc7f00000, 0xc7f00000, 0xc8000000|  0%| F|  |TAMS 0xc7f00000, 0xc7f00000| Untracked 
|  36|0xc8000000, 0xc8000000, 0xc8100000|  0%| F|  |TAMS 0xc8000000, 0xc8000000| Untracked 
|  37|0xc8100000, 0xc8100000, 0xc8200000|  0%| F|  |TAMS 0xc8100000, 0xc8100000| Untracked 
|  38|0xc8200000, 0xc8200000, 0xc8300000|  0%| F|  |TAMS 0xc8200000, 0xc8200000| Untracked 
|  39|0xc8300000, 0xc8300000, 0xc8400000|  0%| F|  |TAMS 0xc8300000, 0xc8300000| Untracked 
|  40|0xc8400000, 0xc8400000, 0xc8500000|  0%| F|  |TAMS 0xc8400000, 0xc8400000| Untracked 
|  41|0xc8500000, 0xc8500000, 0xc8600000|  0%| F|  |TAMS 0xc8500000, 0xc8500000| Untracked 
|  42|0xc8600000, 0xc8600000, 0xc8700000|  0%| F|  |TAMS 0xc8600000, 0xc8600000| Untracked 
|  43|0xc8700000, 0xc87a03f8, 0xc8800000| 62%| S|CS|TAMS 0xc8700000, 0xc8700000| Complete 
|  44|0xc8800000, 0xc8900000, 0xc8900000|100%| S|CS|TAMS 0xc8800000, 0xc8800000| Complete 
|  45|0xc8900000, 0xc8a00000, 0xc8a00000|100%| S|CS|TAMS 0xc8900000, 0xc8900000| Complete 
|  46|0xc8a00000, 0xc8b00000, 0xc8b00000|100%| S|CS|TAMS 0xc8a00000, 0xc8a00000| Complete 
|  47|0xc8b00000, 0xc8b00000, 0xc8c00000|  0%| F|  |TAMS 0xc8b00000, 0xc8b00000| Untracked 
|  48|0xc8c00000, 0xc8c00000, 0xc8d00000|  0%| F|  |TAMS 0xc8c00000, 0xc8c00000| Untracked 
|  49|0xc8d00000, 0xc8d00000, 0xc8e00000|  0%| F|  |TAMS 0xc8d00000, 0xc8d00000| Untracked 
|  50|0xc8e00000, 0xc8e00000, 0xc8f00000|  0%| F|  |TAMS 0xc8e00000, 0xc8e00000| Untracked 
|  51|0xc8f00000, 0xc8f00000, 0xc9000000|  0%| F|  |TAMS 0xc8f00000, 0xc8f00000| Untracked 
|  52|0xc9000000, 0xc9100000, 0xc9100000|100%| S|CS|TAMS 0xc9000000, 0xc9000000| Complete 
|  53|0xc9100000, 0xc9200000, 0xc9200000|100%| S|CS|TAMS 0xc9100000, 0xc9100000| Complete 
|  54|0xc9200000, 0xc9300000, 0xc9300000|100%| S|CS|TAMS 0xc9200000, 0xc9200000| Complete 
|  55|0xc9300000, 0xc9400000, 0xc9400000|100%| S|CS|TAMS 0xc9300000, 0xc9300000| Complete 
|  56|0xc9400000, 0xc9500000, 0xc9500000|100%| S|CS|TAMS 0xc9400000, 0xc9400000| Complete 
|  57|0xc9500000, 0xc9500000, 0xc9600000|  0%| F|  |TAMS 0xc9500000, 0xc9500000| Untracked 
|  58|0xc9600000, 0xc9600000, 0xc9700000|  0%| F|  |TAMS 0xc9600000, 0xc9600000| Untracked 
|  59|0xc9700000, 0xc9700000, 0xc9800000|  0%| F|  |TAMS 0xc9700000, 0xc9700000| Untracked 
|  60|0xc9800000, 0xc9800000, 0xc9900000|  0%| F|  |TAMS 0xc9800000, 0xc9800000| Untracked 
|  61|0xc9900000, 0xc9900000, 0xc9a00000|  0%| F|  |TAMS 0xc9900000, 0xc9900000| Untracked 
|  62|0xc9a00000, 0xc9a00000, 0xc9b00000|  0%| F|  |TAMS 0xc9a00000, 0xc9a00000| Untracked 
|  63|0xc9b00000, 0xc9b00000, 0xc9c00000|  0%| F|  |TAMS 0xc9b00000, 0xc9b00000| Untracked 
|  64|0xc9c00000, 0xc9c00000, 0xc9d00000|  0%| F|  |TAMS 0xc9c00000, 0xc9c00000| Untracked 
|  65|0xc9d00000, 0xc9d00000, 0xc9e00000|  0%| F|  |TAMS 0xc9d00000, 0xc9d00000| Untracked 
|  66|0xc9e00000, 0xc9e00000, 0xc9f00000|  0%| F|  |TAMS 0xc9e00000, 0xc9e00000| Untracked 
|  67|0xc9f00000, 0xc9f00000, 0xca000000|  0%| F|  |TAMS 0xc9f00000, 0xc9f00000| Untracked 
|  68|0xca000000, 0xca000000, 0xca100000|  0%| F|  |TAMS 0xca000000, 0xca000000| Untracked 
|  69|0xca100000, 0xca100000, 0xca200000|  0%| F|  |TAMS 0xca100000, 0xca100000| Untracked 
|  70|0xca200000, 0xca200000, 0xca300000|  0%| F|  |TAMS 0xca200000, 0xca200000| Untracked 
|  71|0xca300000, 0xca300000, 0xca400000|  0%| F|  |TAMS 0xca300000, 0xca300000| Untracked 
|  72|0xca400000, 0xca400000, 0xca500000|  0%| F|  |TAMS 0xca400000, 0xca400000| Untracked 
|  73|0xca500000, 0xca500000, 0xca600000|  0%| F|  |TAMS 0xca500000, 0xca500000| Untracked 
|  74|0xca600000, 0xca600000, 0xca700000|  0%| F|  |TAMS 0xca600000, 0xca600000| Untracked 
|  75|0xca700000, 0xca700000, 0xca800000|  0%| F|  |TAMS 0xca700000, 0xca700000| Untracked 
|  76|0xca800000, 0xca800000, 0xca900000|  0%| F|  |TAMS 0xca800000, 0xca800000| Untracked 
|  77|0xca900000, 0xca900000, 0xcaa00000|  0%| F|  |TAMS 0xca900000, 0xca900000| Untracked 
|  78|0xcaa00000, 0xcaa00000, 0xcab00000|  0%| F|  |TAMS 0xcaa00000, 0xcaa00000| Untracked 
|  79|0xcab00000, 0xcab00000, 0xcac00000|  0%| F|  |TAMS 0xcab00000, 0xcab00000| Untracked 
|  80|0xcac00000, 0xcac00000, 0xcad00000|  0%| F|  |TAMS 0xcac00000, 0xcac00000| Untracked 
|  81|0xcad00000, 0xcad00000, 0xcae00000|  0%| F|  |TAMS 0xcad00000, 0xcad00000| Untracked 
|  82|0xcae00000, 0xcae00000, 0xcaf00000|  0%| F|  |TAMS 0xcae00000, 0xcae00000| Untracked 
|  83|0xcaf00000, 0xcaf00000, 0xcb000000|  0%| F|  |TAMS 0xcaf00000, 0xcaf00000| Untracked 
|  84|0xcb000000, 0xcb000000, 0xcb100000|  0%| F|  |TAMS 0xcb000000, 0xcb000000| Untracked 
|  85|0xcb100000, 0xcb100000, 0xcb200000|  0%| F|  |TAMS 0xcb100000, 0xcb100000| Untracked 
|  86|0xcb200000, 0xcb200000, 0xcb300000|  0%| F|  |TAMS 0xcb200000, 0xcb200000| Untracked 
|  87|0xcb300000, 0xcb300000, 0xcb400000|  0%| F|  |TAMS 0xcb300000, 0xcb300000| Untracked 
|  88|0xcb400000, 0xcb400000, 0xcb500000|  0%| F|  |TAMS 0xcb400000, 0xcb400000| Untracked 
|  89|0xcb500000, 0xcb500000, 0xcb600000|  0%| F|  |TAMS 0xcb500000, 0xcb500000| Untracked 
|  90|0xcb600000, 0xcb600000, 0xcb700000|  0%| F|  |TAMS 0xcb600000, 0xcb600000| Untracked 
|  91|0xcb700000, 0xcb700000, 0xcb800000|  0%| F|  |TAMS 0xcb700000, 0xcb700000| Untracked 
|  92|0xcb800000, 0xcb800000, 0xcb900000|  0%| F|  |TAMS 0xcb800000, 0xcb800000| Untracked 
|  93|0xcb900000, 0xcb900000, 0xcba00000|  0%| F|  |TAMS 0xcb900000, 0xcb900000| Untracked 
|  94|0xcba00000, 0xcba00000, 0xcbb00000|  0%| F|  |TAMS 0xcba00000, 0xcba00000| Untracked 
|  95|0xcbb00000, 0xcbb00000, 0xcbc00000|  0%| F|  |TAMS 0xcbb00000, 0xcbb00000| Untracked 
|  96|0xcbc00000, 0xcbc00000, 0xcbd00000|  0%| F|  |TAMS 0xcbc00000, 0xcbc00000| Untracked 
|  97|0xcbd00000, 0xcbd00000, 0xcbe00000|  0%| F|  |TAMS 0xcbd00000, 0xcbd00000| Untracked 
|  98|0xcbe00000, 0xcbe00000, 0xcbf00000|  0%| F|  |TAMS 0xcbe00000, 0xcbe00000| Untracked 
|  99|0xcbf00000, 0xcbf00000, 0xcc000000|  0%| F|  |TAMS 0xcbf00000, 0xcbf00000| Untracked 
| 100|0xcc000000, 0xcc000000, 0xcc100000|  0%| F|  |TAMS 0xcc000000, 0xcc000000| Untracked 
| 101|0xcc100000, 0xcc100000, 0xcc200000|  0%| F|  |TAMS 0xcc100000, 0xcc100000| Untracked 
| 102|0xcc200000, 0xcc200000, 0xcc300000|  0%| F|  |TAMS 0xcc200000, 0xcc200000| Untracked 
| 103|0xcc300000, 0xcc300000, 0xcc400000|  0%| F|  |TAMS 0xcc300000, 0xcc300000| Untracked 
| 104|0xcc400000, 0xcc400000, 0xcc500000|  0%| F|  |TAMS 0xcc400000, 0xcc400000| Untracked 
| 105|0xcc500000, 0xcc500000, 0xcc600000|  0%| F|  |TAMS 0xcc500000, 0xcc500000| Untracked 
| 106|0xcc600000, 0xcc600000, 0xcc700000|  0%| F|  |TAMS 0xcc600000, 0xcc600000| Untracked 
| 107|0xcc700000, 0xcc700000, 0xcc800000|  0%| F|  |TAMS 0xcc700000, 0xcc700000| Untracked 
| 108|0xcc800000, 0xcc800000, 0xcc900000|  0%| F|  |TAMS 0xcc800000, 0xcc800000| Untracked 
| 109|0xcc900000, 0xcc900000, 0xcca00000|  0%| F|  |TAMS 0xcc900000, 0xcc900000| Untracked 
| 110|0xcca00000, 0xcca00000, 0xccb00000|  0%| F|  |TAMS 0xcca00000, 0xcca00000| Untracked 
| 111|0xccb00000, 0xccb00000, 0xccc00000|  0%| F|  |TAMS 0xccb00000, 0xccb00000| Untracked 
| 112|0xccc00000, 0xccc00000, 0xccd00000|  0%| F|  |TAMS 0xccc00000, 0xccc00000| Untracked 
| 113|0xccd00000, 0xcce00000, 0xcce00000|100%| E|  |TAMS 0xccd00000, 0xccd00000| Complete 
| 114|0xcce00000, 0xccf00000, 0xccf00000|100%| E|CS|TAMS 0xcce00000, 0xcce00000| Complete 
| 115|0xccf00000, 0xcd000000, 0xcd000000|100%| E|CS|TAMS 0xccf00000, 0xccf00000| Complete 
| 116|0xcd000000, 0xcd100000, 0xcd100000|100%| E|CS|TAMS 0xcd000000, 0xcd000000| Complete 
| 117|0xcd100000, 0xcd200000, 0xcd200000|100%| E|CS|TAMS 0xcd100000, 0xcd100000| Complete 
| 118|0xcd200000, 0xcd300000, 0xcd300000|100%| E|CS|TAMS 0xcd200000, 0xcd200000| Complete 
| 119|0xcd300000, 0xcd400000, 0xcd400000|100%| E|CS|TAMS 0xcd300000, 0xcd300000| Complete 
| 120|0xcd400000, 0xcd500000, 0xcd500000|100%| E|CS|TAMS 0xcd400000, 0xcd400000| Complete 
| 121|0xcd500000, 0xcd600000, 0xcd600000|100%| E|CS|TAMS 0xcd500000, 0xcd500000| Complete 
| 122|0xcd600000, 0xcd700000, 0xcd700000|100%| E|CS|TAMS 0xcd600000, 0xcd600000| Complete 
| 123|0xcd700000, 0xcd800000, 0xcd800000|100%| E|CS|TAMS 0xcd700000, 0xcd700000| Complete 
| 124|0xcd800000, 0xcd900000, 0xcd900000|100%| E|CS|TAMS 0xcd800000, 0xcd800000| Complete 
| 125|0xcd900000, 0xcda00000, 0xcda00000|100%| E|CS|TAMS 0xcd900000, 0xcd900000| Complete 
| 126|0xcda00000, 0xcdb00000, 0xcdb00000|100%| E|CS|TAMS 0xcda00000, 0xcda00000| Complete 
| 127|0xcdb00000, 0xcdc00000, 0xcdc00000|100%| E|CS|TAMS 0xcdb00000, 0xcdb00000| Complete 

Card table byte_map: [0xc5a00000,0xc5b00000] _byte_map_base: 0xc53d2000

Marking Bits (Prev, Next): (CMBitMap*) 0xf5e8b528, (CMBitMap*) 0xf5e8b548
 Prev Bits: [0xc5100000, 0xc5900000)
 Next Bits: [0xc4900000, 0xc5100000)

Polling page: 0xf7f63000

Metaspace:

Usage:
    7.68 MB used.

Virtual space:
     16.00 MB reserved,       8.69 MB ( 54%) committed,  1 nodes.

Chunk freelists:
5.10 MB

MaxMetaspaceSize: 96.00 MB
No class space
Initial GC threshold: 16.00 MB
Current GC threshold: 16.00 MB
CDS: on
MetaspaceReclaimPolicy: balanced
 - commit_granule_bytes: 65536.
 - commit_granule_words: 16384.
 - virtual_space_node_default_size: 4194304.
 - enlarge_chunks_in_place: 1.
 - new_chunks_are_fully_committed: 0.
 - uncommit_free_chunks: 1.
 - use_allocation_guard: 0.
 - handle_deallocations: 1.


Internal statistics:

num_allocs_failed_limit: 0.
num_arena_births: 615.
num_arena_deaths: 0.
num_vsnodes_births: 1.
num_vsnodes_deaths: 0.
num_space_committed: 139.
num_space_uncommitted: 0.
num_chunks_returned_to_freelist: 0.
num_chunks_taken_from_freelist: 1057.
num_chunk_merges: 0.
num_chunk_splits: 781.
num_chunks_enlarged: 564.
num_inconsistent_stats: 0.

CodeHeap 'non-profiled nmethods': size=120172Kb used=1296Kb max_used=1296Kb free=118875Kb
 bounds [0xed7f5000, 0xeda35000, 0xf4d50000]
CodeHeap 'profiled nmethods': size=120172Kb used=4358Kb max_used=4358Kb free=115813Kb
 bounds [0xe5d50000, 0xe6198000, 0xed2ab000]
CodeHeap 'non-nmethods': size=5416Kb used=747Kb max_used=790Kb free=4668Kb
 bounds [0xed2ab000, 0xed4eb000, 0xed7f5000]
 total_blobs=2543 nmethods=2182 adapters=275
 compilation: enabled
              stopped_count=0, restarted_count=0
 full_count=0

Compilation events (20 events):
Event: 738.951 Thread 0xc42a0580 2176       3       script.systems.spawning.spawner_random_proxy::doSpawnEvent (533 bytes)
Event: 738.975 Thread 0xc42a0580 nmethod 2176 0xe6180208 code [0xe6181520, 0xe618a6e8]
Event: 750.471 Thread 0xc429f450 2177       4       java.util.HashMap::keySet (25 bytes)
Event: 750.475 Thread 0xc429f450 nmethod 2177 0xed937688 code [0xed9377a0, 0xed937930]
Event: 751.027 Thread 0xc429f450 2178       4       java.util.HashMap$KeySet::iterator (12 bytes)
Event: 751.075 Thread 0xc429f450 nmethod 2178 0xed937a08 code [0xed937b40, 0xed937db0]
Event: 786.204 Thread 0xc429f450 2179       4       java.io.ObjectInputStream::defaultReadObject (109 bytes)
Event: 786.212 Thread 0xc429f450 nmethod 2179 0xed937f88 code [0xed938100, 0xed9385b8]
Event: 802.963 Thread 0xc42a0580 2180   !   3       jdk.internal.reflect.GeneratedMethodAccessor53::invoke (76 bytes)
Event: 802.965 Thread 0xc42a0580 nmethod 2180 0xe618e988 code [0xe618eba0, 0xe618f3a8]
Event: 824.915 Thread 0xc42a0580 2181       3       script.library.utils::getElementPositionInArray (39 bytes)
Event: 824.916 Thread 0xc42a0580 nmethod 2181 0xe618f808 code [0xe618f960, 0xe618fc2c]
Event: 846.886 Thread 0xc42a0580 2183       3       script.obj_id::getScripts (81 bytes)
Event: 846.887 Thread 0xc42a0580 nmethod 2183 0xe618fd88 code [0xe618ff20, 0xe6190404]
Event: 866.975 Thread 0xc42a0580 2184       3       script.dictionary::remove (9 bytes)
Event: 866.976 Thread 0xc42a0580 nmethod 2184 0xe6190588 code [0xe61906c0, 0xe619086c]
Event: 898.304 Thread 0xc42a0580 2185       3       script.deltadictionary::unpackDelta (127 bytes)
Event: 898.306 Thread 0xc42a0580 nmethod 2185 0xe6190908 code [0xe6190b20, 0xe6191380]
Event: 924.922 Thread 0xc429f450 2186       4       java.lang.invoke.Invokers$Holder::linkToTargetMethod (9 bytes)
Event: 924.923 Thread 0xc429f450 nmethod 2186 0xed938e08 code [0xed938f40, 0xed939004]

GC Heap History (10 events):
Event: 46.844 GC heap before
{Heap before GC invocations=0 (full 0):
 garbage-first heap   total 131072K, used 12288K [0xc5c00000, 0xe5c00000)
  region size 1024K, 13 young (13312K), 0 survivors (0K)
 Metaspace       used 2752K, committed 2944K, reserved 16384K
}
Event: 46.869 GC heap after
{Heap after GC invocations=1 (full 0):
 garbage-first heap   total 131072K, used 2260K [0xc5c00000, 0xe5c00000)
  region size 1024K, 2 young (2048K), 2 survivors (2048K)
 Metaspace       used 2752K, committed 2944K, reserved 16384K
}
Event: 122.282 GC heap before
{Heap before GC invocations=1 (full 0):
 garbage-first heap   total 131072K, used 18644K [0xc5c00000, 0xe5c00000)
  region size 1024K, 18 young (18432K), 2 survivors (2048K)
 Metaspace       used 4442K, committed 4800K, reserved 16384K
}
Event: 122.304 GC heap after
{Heap after GC invocations=2 (full 0):
 garbage-first heap   total 131072K, used 4003K [0xc5c00000, 0xe5c00000)
  region size 1024K, 2 young (2048K), 2 survivors (2048K)
 Metaspace       used 4442K, committed 4800K, reserved 16384K
}
Event: 193.269 GC heap before
{Heap before GC invocations=2 (full 0):
 garbage-first heap   total 131072K, used 35747K [0xc5c00000, 0xe5c00000)
  region size 1024K, 33 young (33792K), 2 survivors (2048K)
 Metaspace       used 5308K, committed 5888K, reserved 16384K
}
Event: 193.281 GC heap after
{Heap after GC invocations=3 (full 0):
 garbage-first heap   total 131072K, used 5197K [0xc5c00000, 0xe5c00000)
  region size 1024K, 3 young (3072K), 3 survivors (3072K)
 Metaspace       used 5308K, committed 5888K, reserved 16384K
}
Event: 278.979 GC heap before
{Heap before GC invocations=3 (full 0):
 garbage-first heap   total 131072K, used 79949K [0xc5c00000, 0xe5c00000)
  region size 1024K, 76 young (77824K), 3 survivors (3072K)
 Metaspace       used 6551K, committed 7296K, reserved 16384K
}
Event: 278.997 GC heap after
{Heap after GC invocations=4 (full 0):
 garbage-first heap   total 131072K, used 7387K [0xc5c00000, 0xe5c00000)
  region size 1024K, 5 young (5120K), 5 survivors (5120K)
 Metaspace       used 6551K, committed 7296K, reserved 16384K
}
Event: 514.417 GC heap before
{Heap before GC invocations=4 (full 0):
 garbage-first heap   total 131072K, used 80091K [0xc5c00000, 0xe5c00000)
  region size 1024K, 76 young (77824K), 5 survivors (5120K)
 Metaspace       used 7835K, committed 8768K, reserved 16384K
}
Event: 514.468 GC heap after
{Heap after GC invocations=5 (full 0):
 garbage-first heap   total 131072K, used 11100K [0xc5c00000, 0xe5c00000)
  region size 1024K, 9 young (9216K), 9 survivors (9216K)
 Metaspace       used 7835K, committed 8768K, reserved 16384K
}

Dll operation events (4 events):
Event: 0.003 Loaded shared library /usr/lib/jvm/java-17-zulu-openjdk-jdk-x86/lib/libjava.so
Event: 46.648 Loaded shared library /usr/lib/jvm/java-17-zulu-openjdk-jdk-x86/lib/libnio.so
Event: 46.649 Loaded shared library /usr/lib/jvm/java-17-zulu-openjdk-jdk-x86/lib/libjimage.so
Event: 46.660 Loaded shared library /usr/lib/jvm/java-17-zulu-openjdk-jdk-x86/lib/libnet.so

Deoptimization events (20 events):
Event: 455.938 Thread 0x0b4797e0 Uncommon trap: trap_request=0xffffff45 fr.pc=0xed8db89c relative=0x0000207c
Event: 455.938 Thread 0x0b4797e0 Uncommon trap: reason=unstable_if action=reinterpret pc=0xed8db89c method=script.script_entry.runScript(Ljava/lang/String;Ljava/lang/String;[Ljava/lang/Object;)I @ 453 c2
Event: 455.938 Thread 0x0b4797e0 DEOPT PACKING pc=0xed8db89c sp=0xffef7460
Event: 455.938 Thread 0x0b4797e0 DEOPT UNPACKING pc=0xed2f4d33 sp=0xffef7450 mode 2
Event: 455.946 Thread 0x0b4797e0 Uncommon trap: trap_request=0xffffffcc fr.pc=0xed88f350 relative=0x00000190
Event: 455.946 Thread 0x0b4797e0 Uncommon trap: reason=intrinsic action=make_not_entrant pc=0xed88f350 method=java.util.Arrays.copyOf([Ljava/lang/Object;ILjava/lang/Class;)[Ljava/lang/Object; @ 35 c2
Event: 455.946 Thread 0x0b4797e0 DEOPT PACKING pc=0xed88f350 sp=0xffef6540
Event: 455.946 Thread 0x0b4797e0 DEOPT UNPACKING pc=0xed2f4d33 sp=0xffef650c mode 2
Event: 455.984 Thread 0x0b4797e0 Uncommon trap: trap_request=0xffffff45 fr.pc=0xed896a24 relative=0x00000084
Event: 455.984 Thread 0x0b4797e0 Uncommon trap: reason=unstable_if action=reinterpret pc=0xed896a24 method=java.lang.Integer.stringSize(I)I @ 19 c2
Event: 455.984 Thread 0x0b4797e0 DEOPT PACKING pc=0xed896a24 sp=0xffef5fe0
Event: 455.984 Thread 0x0b4797e0 DEOPT UNPACKING pc=0xed2f4d33 sp=0xffef5fac mode 2
Event: 456.013 Thread 0x0b4797e0 Uncommon trap: trap_request=0xffffff45 fr.pc=0xed8cc5ec relative=0x0000060c
Event: 456.013 Thread 0x0b4797e0 Uncommon trap: reason=unstable_if action=reinterpret pc=0xed8cc5ec method=script.script_entry.runScripts(Ljava/lang/String;[Ljava/lang/Object;)I @ 243 c2
Event: 456.013 Thread 0x0b4797e0 DEOPT PACKING pc=0xed8cc5ec sp=0xffef5ad0
Event: 456.013 Thread 0x0b4797e0 DEOPT UNPACKING pc=0xed2f4d33 sp=0xffef5aa8 mode 2
Event: 496.105 Thread 0x0b4797e0 Uncommon trap: trap_request=0xffffffcc fr.pc=0xed921238 relative=0x000035f8
Event: 496.105 Thread 0x0b4797e0 Uncommon trap: reason=intrinsic action=make_not_entrant pc=0xed921238 method=java.util.ArrayList.toArray([Ljava/lang/Object;)[Ljava/lang/Object; @ 36 c2
Event: 496.105 Thread 0x0b4797e0 DEOPT PACKING pc=0xed921238 sp=0xffef8ce0
Event: 496.105 Thread 0x0b4797e0 DEOPT UNPACKING pc=0xed2f4d33 sp=0xffef8c1c mode 2

Classes unloaded (0 events):
No events

Classes redefined (0 events):
No events

Internal exceptions (19 events):
Event: 17.250 Thread 0x0b4797e0 Exception <a 'java/lang/NoSuchMethodError'{0xcd5f4a70}: 'java.lang.Object java.lang.invoke.DirectMethodHandle$Holder.invokeStatic(java.lang.Object, float)'> (0xcd5f4a70) 
thrown [src/hotspot/share/interpreter/linkResolver.cpp, line 759]
Event: 46.941 Thread 0x0b4797e0 Exception <a 'java/lang/NoSuchMethodError'{0xcdab7600}: 'java.lang.Object java.lang.invoke.DirectMethodHandle$Holder.invokeSpecial(java.lang.Object, java.lang.Object, java.lang.Object, java.lang.Object, int)'> (0xcdab7600) 
thrown [src/hotspot/share/interpreter/linkResolver.cpp, line 759]
Event: 46.941 Thread 0x0b4797e0 Exception <a 'java/lang/NoSuchMethodError'{0xcdabab40}: 'java.lang.Object java.lang.invoke.Invokers$Holder.linkToTargetMethod(java.lang.Object, java.lang.Object, int, java.lang.Object)'> (0xcdabab40) 
thrown [src/hotspot/share/interpreter/linkResolver.cpp, line 759]
Event: 53.130 Thread 0x0b4797e0 Exception <a 'java/lang/NoSuchMethodError'{0xcd831810}: 'java.lang.Object java.lang.invoke.DirectMethodHandle$Holder.invokeSpecial(java.lang.Object, java.lang.Object, long, java.lang.Object, java.lang.Object, java.lang.Object, java.lang.Object, java.lang.Object, java.lang.Object)'> (0xcd831810) 
thrown [src/hotspot/share/interpreter/linkResolver.cpp, line 759]
Event: 53.130 Thread 0x0b4797e0 Exception <a 'java/lang/NoSuchMethodError'{0xcd835be8}: 'java.lang.Object java.lang.invoke.DelegatingMethodHandle$Holder.reinvoke_L(java.lang.Object, long, java.lang.Object, java.lang.Object, java.lang.Object, java.lang.Object, java.lang.Object, java.lang.Object)'> (0xcd835be8) 
thrown [src/hotspot/share/interpreter/linkResolver.cpp, line 759]
Event: 60.508 Thread 0x0b4797e0 Exception <a 'java/lang/NoSuchMethodError'{0xcd7da058}: 'java.lang.Object java.lang.invoke.DirectMethodHandle$Holder.invokeSpecial(java.lang.Object, java.lang.Object, long, java.lang.Object, java.lang.Object, java.lang.Object, java.lang.Object, int, java.lang.Object)'> (0xcd7da058) 
thrown [src/hotspot/share/interpreter/linkResolver.cpp, line 759]
Event: 60.508 Thread 0x0b4797e0 Exception <a 'java/lang/NoSuchMethodError'{0xcd7de358}: 'java.lang.Object java.lang.invoke.DelegatingMethodHandle$Holder.reinvoke_L(java.lang.Object, long, java.lang.Object, java.lang.Object, java.lang.Object, java.lang.Object, int, java.lang.Object)'> (0xcd7de358) 
thrown [src/hotspot/share/interpreter/linkResolver.cpp, line 759]
Event: 60.536 Thread 0x0b4797e0 Exception <a 'java/lang/NoSuchMethodError'{0xcd6674b8}: 'java.lang.Object java.lang.invoke.DirectMethodHandle$Holder.invokeSpecial(java.lang.Object, java.lang.Object, java.lang.Object, java.lang.Object, float)'> (0xcd6674b8) 
thrown [src/hotspot/share/interpreter/linkResolver.cpp, line 759]
Event: 65.012 Thread 0x0b4797e0 Exception <a 'java/lang/NoSuchMethodError'{0xcd687520}: 'java.lang.Object java.lang.invoke.DirectMethodHandle$Holder.invokeStaticInit(java.lang.Object)'> (0xcd687520) 
thrown [src/hotspot/share/interpreter/linkResolver.cpp, line 759]
Event: 111.072 Thread 0x0b4797e0 Exception <a 'java/lang/NoSuchMethodError'{0xccc965d0}: static [Lscript/obj_id;.<clinit>()V> (0xccc965d0) 
thrown [src/hotspot/share/prims/jni.cpp, line 1112]
Event: 111.140 Thread 0x0b4797e0 Exception <a 'java/lang/NoSuchMethodError'{0xcccdc550}: static [I.<clinit>()V> (0xcccdc550) 
thrown [src/hotspot/share/prims/jni.cpp, line 1112]
Event: 111.140 Thread 0x0b4797e0 Exception <a 'java/lang/NoSuchMethodError'{0xcccdcec8}: static [Ljava/lang/String;.<clinit>()V> (0xcccdcec8) 
thrown [src/hotspot/share/prims/jni.cpp, line 1112]
Event: 111.141 Thread 0x0b4797e0 Exception <a 'java/lang/NoSuchMethodError'{0xcccddb08}: static [Lscript/location;.<clinit>()V> (0xcccddb08) 
thrown [src/hotspot/share/prims/jni.cpp, line 1112]
Event: 151.891 Thread 0x0b4797e0 Exception <a 'java/lang/NoSuchMethodError'{0xccbcd800}: 'java.lang.Object java.lang.invoke.DirectMethodHandle$Holder.invokeSpecial(java.lang.Object, java.lang.Object, java.lang.Object, java.lang.Object, java.lang.Object, java.lang.Object, int)'> (0xccbcd800) 
thrown [src/hotspot/share/interpreter/linkResolver.cpp, line 759]
Event: 193.286 Thread 0x0b4797e0 Exception <a 'java/lang/NoSuchMethodError'{0xcdb75590}: 'java.lang.Object java.lang.invoke.DirectMethodHandle$Holder.invokeSpecial(java.lang.Object, java.lang.Object, int, int, int)'> (0xcdb75590) 
thrown [src/hotspot/share/interpreter/linkResolver.cpp, line 759]
Event: 455.938 Thread 0x0b4797e0 Exception <a 'java/lang/NoSuchMethodError'{0xc9e83850}: 'java.lang.Object java.lang.invoke.DirectMethodHandle$Holder.invokeSpecial(java.lang.Object, java.lang.Object, java.lang.Object, java.lang.Object, int, java.lang.Object)'> (0xc9e83850) 
thrown [src/hotspot/share/interpreter/linkResolver.cpp, line 759]
Event: 455.938 Thread 0x0b4797e0 Exception <a 'java/lang/NoSuchMethodError'{0xc9e86eb0}: 'java.lang.Object java.lang.invoke.Invokers$Holder.linkToTargetMethod(java.lang.Object, java.lang.Object, int, java.lang.Object, java.lang.Object)'> (0xc9e86eb0) 
thrown [src/hotspot/share/interpreter/linkResolver.cpp, line 759]
Event: 455.945 Thread 0x0b4797e0 Exception <a 'java/lang/NoSuchMethodError'{0xc9eca6f0}: 'java.lang.Object java.lang.invoke.DirectMethodHandle$Holder.invokeSpecial(java.lang.Object, java.lang.Object, long, java.lang.Object, java.lang.Object, java.lang.Object, int, java.lang.Object, java.lang.Object)'> (0xc9eca6f0) 
thrown [src/hotspot/share/interpreter/linkResolver.cpp, line 759]
Event: 455.945 Thread 0x0b4797e0 Exception <a 'java/lang/NoSuchMethodError'{0xc9ece9f0}: 'java.lang.Object java.lang.invoke.DelegatingMethodHandle$Holder.reinvoke_L(java.lang.Object, long, java.lang.Object, java.lang.Object, java.lang.Object, int, java.lang.Object, java.lang.Object)'> (0xc9ece9f0) 
thrown [src/hotspot/share/interpreter/linkResolver.cpp, line 759]

VM Operations (20 events):
Event: 500.165 Executing VM operation: Cleanup
Event: 500.165 Executing VM operation: Cleanup done
Event: 514.417 Executing VM operation: G1CollectForAllocation
Event: 514.468 Executing VM operation: G1CollectForAllocation done
Event: 517.469 Executing VM operation: Cleanup
Event: 517.469 Executing VM operation: Cleanup done
Event: 543.476 Executing VM operation: Cleanup
Event: 543.476 Executing VM operation: Cleanup done
Event: 572.498 Executing VM operation: Cleanup
Event: 572.498 Executing VM operation: Cleanup done
Event: 750.836 Executing VM operation: Cleanup
Event: 750.836 Executing VM operation: Cleanup done
Event: 751.837 Executing VM operation: Cleanup
Event: 751.837 Executing VM operation: Cleanup done
Event: 764.847 Executing VM operation: Cleanup
Event: 764.847 Executing VM operation: Cleanup done
Event: 891.083 Executing VM operation: Cleanup
Event: 891.083 Executing VM operation: Cleanup done
Event: 920.124 Executing VM operation: Cleanup
Event: 920.124 Executing VM operation: Cleanup done

Events (20 events):
Event: 111.137 loading class java/lang/constant/DirectMethodHandleDescImpl done
Event: 111.137 loading class java/lang/constant/DirectMethodHandleDescImpl$1
Event: 111.137 loading class java/lang/constant/DirectMethodHandleDescImpl$1 done
Event: 111.137 loading class java/lang/constant/DirectMethodHandleDesc$1
Event: 111.137 loading class java/lang/constant/DirectMethodHandleDesc$1 done
Event: 111.138 loading class java/lang/constant/PrimitiveClassDescImpl
Event: 111.138 loading class java/lang/constant/DynamicConstantDesc
Event: 111.138 loading class java/lang/constant/DynamicConstantDesc done
Event: 111.138 loading class java/lang/constant/PrimitiveClassDescImpl done
Event: 111.138 loading class java/lang/constant/DynamicConstantDesc$AnonymousDynamicConstantDesc
Event: 111.138 loading class java/lang/constant/DynamicConstantDesc$AnonymousDynamicConstantDesc done
Event: 142.716 loading class java/lang/StrictMath
Event: 142.716 loading class java/lang/StrictMath done
Event: 283.972 loading class java/lang/AssertionError
Event: 283.972 loading class java/lang/AssertionError done
Event: 455.905 loading class java/util/Vector$Itr
Event: 455.905 loading class java/util/Vector$Itr done
Event: 993.543 Thread 0x0b4797e0 Thread exited: 0x0b4797e0
Event: 993.583 Thread 0xf5e242d0 Thread exited: 0xf5e242d0
Event: 993.584 Thread 0xc429bff0 Thread exited: 0xc429bff0


Dynamic libraries:
08048000-09298000 r-xp 00000000 08:04 494947248                          /home/almalinux/swg-returns-nge/build/bin/SwgGameServer
09298000-0929c000 rw-p 0124f000 08:04 494947248                          /home/almalinux/swg-returns-nge/build/bin/SwgGameServer
0929c000-09b1f000 rw-p 00000000 00:00 0 
09db4000-15477000 rw-p 00000000 00:00 0                                  [heap]
beb00000-bebf9000 rw-p 00000000 00:00 0 
bebf9000-bec00000 ---p 00000000 00:00 0 
bed00000-bee5d000 rw-p 00000000 00:00 0 
bee5d000-bef00000 ---p 00000000 00:00 0 
bef00000-beff9000 rw-p 00000000 00:00 0 
beff9000-bf000000 ---p 00000000 00:00 0 
bf000000-bf0f9000 rw-p 00000000 00:00 0 
bf0f9000-bf100000 ---p 00000000 00:00 0 
bf100000-bf1fc000 rw-p 00000000 00:00 0 
bf1fc000-bf200000 ---p 00000000 00:00 0 
bf500000-bf5f9000 rw-p 00000000 00:00 0 
bf5f9000-bf600000 ---p 00000000 00:00 0 
bf700000-bf7f4000 rw-p 00000000 00:00 0 
bf7f4000-bf800000 ---p 00000000 00:00 0 
bf900000-bf9f9000 rw-p 00000000 00:00 0 
bf9f9000-bfa00000 ---p 00000000 00:00 0 
bfa00000-bfafa000 rw-p 00000000 00:00 0 
bfafa000-bfb00000 ---p 00000000 00:00 0 
bfb00000-bfc00000 rw-p 00000000 00:00 0 
bfd00000-bfde9000 rw-p 00000000 00:00 0 
bfde9000-bfe00000 ---p 00000000 00:00 0 
c0100000-c01f1000 rw-p 00000000 00:00 0 
c01f1000-c0200000 ---p 00000000 00:00 0 
c0300000-c03ff000 rw-p 00000000 00:00 0 
c03ff000-c0400000 ---p 00000000 00:00 0 
c0b00000-c0bf9000 rw-p 00000000 00:00 0 
c0bf9000-c0c00000 ---p 00000000 00:00 0 
c0cfe000-c0cff000 ---p 00000000 00:00 0 
c0cff000-c0d7f000 rw-p 00000000 00:00 0 
c0d7f000-c0d80000 ---p 00000000 00:00 0 
c0d80000-c0e00000 rw-p 00000000 00:00 0 
c0e00000-c0f00000 rw-p 00000000 00:00 0 
c0f00000-c0f01000 ---p 00000000 00:00 0 
c0f01000-c0f81000 rw-p 00000000 00:00 0 
c137f000-c1383000 ---p 00000000 00:00 0 
c1383000-c1400000 rw-p 00000000 00:00 0 
c1400000-c14fd000 rw-p 00000000 00:00 0 
c14fd000-c1500000 ---p 00000000 00:00 0 
c173d000-c1741000 ---p 00000000 00:00 0 
c1741000-c17fe000 rw-p 00000000 00:00 0 
c17fe000-c1802000 ---p 00000000 00:00 0 
c1802000-c18bf000 rw-p 00000000 00:00 0 
c18bf000-c18c0000 ---p 00000000 00:00 0 
c18c0000-c1940000 rw-p 00000000 00:00 0 
c1940000-c1944000 ---p 00000000 00:00 0 
c1944000-c1a01000 rw-p 00000000 00:00 0 
c1a01000-c1a05000 ---p 00000000 00:00 0 
c1a05000-c1ac2000 rw-p 00000000 00:00 0 
c1ac2000-c1ac6000 ---p 00000000 00:00 0 
c1ac6000-c1b43000 rw-p 00000000 00:00 0 
c1b43000-c1b47000 ---p 00000000 00:00 0 
c1b47000-c1c04000 rw-p 00000000 00:00 0 
c1c04000-c1c08000 ---p 00000000 00:00 0 
c1c08000-c1cc5000 rw-p 00000000 00:00 0 
c1cc5000-c1cc9000 ---p 00000000 00:00 0 
c1cc9000-c1d86000 rw-p 00000000 00:00 0 
c1d86000-c2000000 r--p 00078000 08:04 535181                             /usr/lib/locale/locale-archive
c2000000-c21c0000 rw-p 00000000 00:00 0 
c21c0000-c2400000 ---p 00000000 00:00 0 
c2400000-c2af0000 rw-p 00000000 00:00 0 
c2af0000-c3000000 ---p 00000000 00:00 0 
c307e000-c327e000 r--p 00000000 08:04 535181                             /usr/lib/locale/locale-archive
c327e000-c3282000 ---p 00000000 00:00 0 
c3282000-c333f000 rw-p 00000000 00:00 0 
c333f000-c3343000 ---p 00000000 00:00 0 
c3343000-c3400000 rw-p 00000000 00:00 0 
c3400000-c3421000 rw-p 00000000 00:00 0 
c3421000-c3500000 ---p 00000000 00:00 0 
c3531000-c3535000 ---p 00000000 00:00 0 
c3535000-c35b2000 rw-p 00000000 00:00 0 
c35b2000-c35b3000 ---p 00000000 00:00 0 
c35b3000-c3633000 rw-p 00000000 00:00 0 
c3633000-c3f00000 rw-p 00001000 08:04 143240867                          /usr/lib/jvm/java-17-zulu-openjdk-jdk-x86/lib/server/classes.jsa
c3f00000-c3f21000 rw-p 00000000 00:00 0 
c3f21000-c4000000 ---p 00000000 00:00 0 
c407f000-c4080000 ---p 00000000 00:00 0 
c4080000-c4100000 rw-p 00000000 00:00 0 
c4100000-c4121000 rw-p 00000000 00:00 0 
c4121000-c4200000 ---p 00000000 00:00 0 
c4200000-c42d4000 rw-p 00000000 00:00 0 
c42d4000-c4300000 ---p 00000000 00:00 0 
c437f000-c4380000 ---p 00000000 00:00 0 
c4380000-c4400000 rw-p 00000000 00:00 0 
c4400000-c4432000 rw-p 00000000 00:00 0 
c4432000-c4500000 ---p 00000000 00:00 0 
c457f000-c4580000 ---p 00000000 00:00 0 
c4580000-c4600000 rw-p 00000000 00:00 0 
c4600000-c46e7000 rw-p 00000000 00:00 0 
c46e7000-c4700000 ---p 00000000 00:00 0 
c4700000-c47fd000 rw-p 00000000 00:00 0 
c47fd000-c4800000 ---p 00000000 00:00 0 
c487f000-c4880000 ---p 00000000 00:00 0 
c4880000-c4b00000 rw-p 00000000 00:00 0 
c4b00000-c5100000 ---p 00000000 00:00 0 
c5100000-c5300000 rw-p 00000000 00:00 0 
c5300000-c5900000 ---p 00000000 00:00 0 
c5900000-c5940000 rw-p 00000000 00:00 0 
c5940000-c5a00000 ---p 00000000 00:00 0 
c5a00000-c5a40000 rw-p 00000000 00:00 0 
c5a40000-c5b00000 ---p 00000000 00:00 0 
c5b00000-c5b40000 rw-p 00000000 00:00 0 
c5b40000-c5c00000 ---p 00000000 00:00 0 
c5c00000-cdc00000 rw-p 00000000 00:00 0 
cdc00000-e5c00000 ---p 00000000 00:00 0 
e5c65000-e5c6a000 rw-p 00000000 00:00 0 
e5c6a000-e5d50000 ---p 00000000 00:00 0 
e5d50000-e6198000 rwxp 00000000 00:00 0 
e6198000-ed2ab000 ---p 00000000 00:00 0 
ed2ab000-ed4eb000 rwxp 00000000 00:00 0 
ed4eb000-ed7f5000 ---p 00000000 00:00 0 
ed7f5000-eda35000 rwxp 00000000 00:00 0 
eda35000-f4d50000 ---p 00000000 00:00 0 
f4d50000-f4eb8000 r--s 00000000 08:04 117534333                          /usr/lib/jvm/java-17-zulu-openjdk-jdk-x86/lib/modules
f4eb8000-f5d5a000 r-xp 00000000 08:04 143240869                          /usr/lib/jvm/java-17-zulu-openjdk-jdk-x86/lib/server/libjvm.so
f5d5a000-f5daf000 r--p 00ea1000 08:04 143240869                          /usr/lib/jvm/java-17-zulu-openjdk-jdk-x86/lib/server/libjvm.so
f5daf000-f5dd0000 rw-p 00ef6000 08:04 143240869                          /usr/lib/jvm/java-17-zulu-openjdk-jdk-x86/lib/server/libjvm.so
f5dd0000-f5e00000 rw-p 00000000 00:00 0 
f5e00000-f5f00000 rw-p 00000000 00:00 0 
f5f28000-f5f29000 ---p 00000000 00:00 0 
f5f29000-f5fa9000 rw-p 00000000 00:00 0 
f5fa9000-f5faa000 ---p 00000000 00:00 0 
f5faa000-f5fae000 ---p 00000000 00:00 0 
f5fae000-f6b22000 rw-p 00000000 00:00 0 
f6b2e000-f6b43000 r-xp 00000000 08:04 117534323                          /usr/lib/jvm/java-17-zulu-openjdk-jdk-x86/lib/libnet.so
f6b43000-f6b44000 r--p 00014000 08:04 117534323                          /usr/lib/jvm/java-17-zulu-openjdk-jdk-x86/lib/libnet.so
f6b44000-f6b45000 rw-p 00015000 08:04 117534323                          /usr/lib/jvm/java-17-zulu-openjdk-jdk-x86/lib/libnet.so
f6b45000-f6b4e000 rw-p 00000000 00:00 0 
f6b4e000-f6c30000 ---p 00000000 00:00 0 
f6e6a000-f6e7c000 r-xp 00000000 08:04 117534324                          /usr/lib/jvm/java-17-zulu-openjdk-jdk-x86/lib/libnio.so
f6e7c000-f6e7d000 r--p 00011000 08:04 117534324                          /usr/lib/jvm/java-17-zulu-openjdk-jdk-x86/lib/libnio.so
f6e7d000-f6e7e000 rw-p 00012000 08:04 117534324                          /usr/lib/jvm/java-17-zulu-openjdk-jdk-x86/lib/libnio.so
f6e7e000-f6ea7000 rw-p 00000000 00:00 0 
f6ea7000-f6eca000 r-xp 00000000 08:04 117534310                          /usr/lib/jvm/java-17-zulu-openjdk-jdk-x86/lib/libjava.so
f6eca000-f6ecb000 r--p 00022000 08:04 117534310                          /usr/lib/jvm/java-17-zulu-openjdk-jdk-x86/lib/libjava.so
f6ecb000-f6ecc000 rw-p 00023000 08:04 117534310                          /usr/lib/jvm/java-17-zulu-openjdk-jdk-x86/lib/libjava.so
f6ecc000-f6ed8000 r-xp 00000000 08:04 16831767                           /usr/lib/libnss_files-2.28.so
f6ed8000-f6ed9000 r--p 0000b000 08:04 16831767                           /usr/lib/libnss_files-2.28.so
f6ed9000-f6eda000 rw-p 0000c000 08:04 16831767                           /usr/lib/libnss_files-2.28.so
f6eda000-f6ee0000 rw-p 00000000 00:00 0 
f6ee6000-f6eeb000 rw-p 00000000 00:00 0 
f6eeb000-f6ef1000 ---p 00000000 00:00 0 
f6ef1000-f6f0c000 r-xp 00000000 08:04 117534314                          /usr/lib/jvm/java-17-zulu-openjdk-jdk-x86/lib/libjimage.so
f6f0c000-f6f0d000 ---p 0001b000 08:04 117534314                          /usr/lib/jvm/java-17-zulu-openjdk-jdk-x86/lib/libjimage.so
f6f0d000-f6f0e000 r--p 0001b000 08:04 117534314                          /usr/lib/jvm/java-17-zulu-openjdk-jdk-x86/lib/libjimage.so
f6f0e000-f6f0f000 rw-p 0001c000 08:04 117534314                          /usr/lib/jvm/java-17-zulu-openjdk-jdk-x86/lib/libjimage.so
f6f0f000-f6f13000 rw-p 00000000 00:00 0 
f6f13000-f6f9b000 r-xp 00000000 08:04 17191875                           /usr/lib/libpcre2-8.so.0.7.1
f6f9b000-f6f9c000 r--p 00087000 08:04 17191875                           /usr/lib/libpcre2-8.so.0.7.1
f6f9c000-f6f9d000 rw-p 00088000 08:04 17191875                           /usr/lib/libpcre2-8.so.0.7.1
f6f9d000-f6fbd000 r-xp 00000000 08:04 17021543                           /usr/lib/libcrypt.so.1.1.0
f6fbd000-f6fbe000 ---p 00020000 08:04 17021543                           /usr/lib/libcrypt.so.1.1.0
f6fbe000-f6fbf000 r--p 00020000 08:04 17021543                           /usr/lib/libcrypt.so.1.1.0
f6fbf000-f6fc8000 rw-p 00000000 00:00 0 
f6fc8000-f6ff3000 r-xp 00000000 08:04 17191887                           /usr/lib/libselinux.so.1
f6ff3000-f6ff4000 ---p 0002b000 08:04 17191887                           /usr/lib/libselinux.so.1
f6ff4000-f6ff5000 r--p 0002b000 08:04 17191887                           /usr/lib/libselinux.so.1
f6ff5000-f6ff6000 rw-p 0002c000 08:04 17191887                           /usr/lib/libselinux.so.1
f6ff6000-f6ff7000 rw-p 00000000 00:00 0 
f6ff7000-f7016000 r-xp 00000000 08:04 18866589                           /usr/lib/libbrotlicommon.so.1.0.6
f7016000-f7017000 r--p 0001e000 08:04 18866589                           /usr/lib/libbrotlicommon.so.1.0.6
f7017000-f7018000 rw-p 0001f000 08:04 18866589                           /usr/lib/libbrotlicommon.so.1.0.6
f7018000-f7036000 r-xp 00000000 08:04 17191915                           /usr/lib/libsasl2.so.3.0.0
f7036000-f7037000 ---p 0001e000 08:04 17191915                           /usr/lib/libsasl2.so.3.0.0
f7037000-f7038000 r--p 0001e000 08:04 17191915                           /usr/lib/libsasl2.so.3.0.0
f7038000-f7039000 rw-p 0001f000 08:04 17191915                           /usr/lib/libsasl2.so.3.0.0
f7039000-f703b000 rw-p 00000000 00:00 0 
f703b000-f704f000 r-xp 00000000 08:04 16831772                           /usr/lib/libresolv-2.28.so
f704f000-f7050000 ---p 00014000 08:04 16831772                           /usr/lib/libresolv-2.28.so
f7050000-f7051000 r--p 00014000 08:04 16831772                           /usr/lib/libresolv-2.28.so
f7051000-f7052000 rw-p 00015000 08:04 16831772                           /usr/lib/libresolv-2.28.so
f7052000-f7054000 rw-p 00000000 00:00 0 
f7054000-f7057000 r-xp 00000000 08:04 17191893                           /usr/lib/libkeyutils.so.1.6
f7057000-f7058000 ---p 00003000 08:04 17191893                           /usr/lib/libkeyutils.so.1.6
f7058000-f7059000 r--p 00003000 08:04 17191893                           /usr/lib/libkeyutils.so.1.6
f7059000-f705a000 rw-p 00000000 00:00 0 
f705a000-f706a000 r-xp 00000000 08:04 17021560                           /usr/lib/libkrb5support.so.0.1
f706a000-f706b000 r--p 0000f000 08:04 17021560                           /usr/lib/libkrb5support.so.0.1
f706b000-f706c000 rw-p 00010000 08:04 17021560                           /usr/lib/libkrb5support.so.0.1
f706c000-f7074000 r-xp 00000000 08:04 16831774                           /usr/lib/librt-2.28.so
f7074000-f7075000 r--p 00007000 08:04 16831774                           /usr/lib/librt-2.28.so
f7075000-f7076000 rw-p 00008000 08:04 16831774                           /usr/lib/librt-2.28.so
f7076000-f71f5000 r-xp 00000000 08:04 17021545                           /usr/lib/libunistring.so.2.1.0
f71f5000-f71f6000 ---p 0017f000 08:04 17021545                           /usr/lib/libunistring.so.2.1.0
f71f6000-f71f8000 r--p 0017f000 08:04 17021545                           /usr/lib/libunistring.so.2.1.0
f71f8000-f71f9000 rw-p 00181000 08:04 17021545                           /usr/lib/libunistring.so.2.1.0
f71f9000-f7223000 r-xp 00000000 08:04 18654292                           /usr/lib/liblzma.so.5.2.4
f7223000-f7224000 r--p 00029000 08:04 18654292                           /usr/lib/liblzma.so.5.2.4
f7224000-f7225000 rw-p 00000000 00:00 0 
f7225000-f7231000 r-xp 00000000 08:04 17191936                           /usr/lib/libbrotlidec.so.1.0.6
f7231000-f7232000 r--p 0000b000 08:04 17191936                           /usr/lib/libbrotlidec.so.1.0.6
f7232000-f7233000 rw-p 00000000 00:00 0 
f7233000-f7242000 r-xp 00000000 08:04 17191918                           /usr/lib/liblber-2.4.so.2.10.9
f7242000-f7243000 r--p 0000e000 08:04 17191918                           /usr/lib/liblber-2.4.so.2.10.9
f7243000-f7244000 rw-p 0000f000 08:04 17191918                           /usr/lib/liblber-2.4.so.2.10.9
f7244000-f7299000 r-xp 00000000 08:04 17191920                           /usr/lib/libldap-2.4.so.2.10.9
f7299000-f729a000 ---p 00055000 08:04 17191920                           /usr/lib/libldap-2.4.so.2.10.9
f729a000-f729b000 r--p 00055000 08:04 17191920                           /usr/lib/libldap-2.4.so.2.10.9
f729b000-f729c000 rw-p 00056000 08:04 17191920                           /usr/lib/libldap-2.4.so.2.10.9
f729c000-f729e000 rw-p 00000000 00:00 0 
f729e000-f72a1000 r-xp 00000000 08:04 16994899                           /usr/lib/libcom_err.so.2.1
f72a1000-f72a2000 r--p 00002000 08:04 16994899                           /usr/lib/libcom_err.so.2.1
f72a2000-f72a3000 rw-p 00003000 08:04 16994899                           /usr/lib/libcom_err.so.2.1
f72a3000-f72b9000 r-xp 00000000 08:04 17021552                           /usr/lib/libk5crypto.so.3.1
f72b9000-f72ba000 ---p 00016000 08:04 17021552                           /usr/lib/libk5crypto.so.3.1
f72ba000-f72bb000 r--p 00016000 08:04 17021552                           /usr/lib/libk5crypto.so.3.1
f72bb000-f72bc000 rw-p 00017000 08:04 17021552                           /usr/lib/libk5crypto.so.3.1
f72bc000-f739f000 r-xp 00000000 08:04 17021558                           /usr/lib/libkrb5.so.3.3
f739f000-f73a6000 r--p 000e2000 08:04 17021558                           /usr/lib/libkrb5.so.3.3
f73a6000-f73a7000 rw-p 000e9000 08:04 17021558                           /usr/lib/libkrb5.so.3.3
f73a7000-f7402000 r-xp 00000000 08:04 17021548                           /usr/lib/libgssapi_krb5.so.2.2
f7402000-f7404000 r--p 0005a000 08:04 17021548                           /usr/lib/libgssapi_krb5.so.2.2
f7404000-f7405000 rw-p 0005c000 08:04 17021548                           /usr/lib/libgssapi_krb5.so.2.2
f7405000-f76b6000 r-xp 00000000 08:04 18627877                           /usr/lib/libcrypto.so.1.1.1k
f76b6000-f76cf000 r--p 002b0000 08:04 18627877                           /usr/lib/libcrypto.so.1.1.1k
f76cf000-f76d1000 rw-p 002c9000 08:04 18627877                           /usr/lib/libcrypto.so.1.1.1k
f76d1000-f76d5000 rw-p 00000000 00:00 0 
f76d5000-f7767000 r-xp 00000000 08:04 18627879                           /usr/lib/libssl.so.1.1.1k
f7767000-f776d000 r--p 00091000 08:04 18627879                           /usr/lib/libssl.so.1.1.1k
f776d000-f7771000 rw-p 00097000 08:04 18627879                           /usr/lib/libssl.so.1.1.1k
f7771000-f7781000 r-xp 00000000 08:04 18660120                           /usr/lib/libpsl.so.5.3.1
f7781000-f7782000 r--p 0000f000 08:04 18660120                           /usr/lib/libpsl.so.5.3.1
f7782000-f7783000 rw-p 00000000 00:00 0 
f7783000-f7800000 r-xp 00000000 08:04 16994901                           /usr/lib/libssh.so.4.8.7
f7800000-f7801000 ---p 0007d000 08:04 16994901                           /usr/lib/libssh.so.4.8.7
f7801000-f7802000 r--p 0007d000 08:04 16994901                           /usr/lib/libssh.so.4.8.7
f7802000-f7803000 rw-p 0007e000 08:04 16994901                           /usr/lib/libssh.so.4.8.7
f7803000-f7820000 r-xp 00000000 08:04 17040588                           /usr/lib/libidn2.so.0.3.6
f7820000-f7821000 r--p 0001c000 08:04 17040588                           /usr/lib/libidn2.so.0.3.6
f7821000-f7822000 rw-p 00000000 00:00 0 
f7822000-f784a000 r-xp 00000000 08:04 17191891                           /usr/lib/libnghttp2.so.14.17.0
f784a000-f784b000 r--p 00027000 08:04 17191891                           /usr/lib/libnghttp2.so.14.17.0
f784b000-f784d000 rw-p 00028000 08:04 17191891                           /usr/lib/libnghttp2.so.14.17.0
f784d000-f79ef000 r-xp 00000000 08:04 16831756                           /usr/lib/libc-2.28.so
f79ef000-f79f0000 ---p 001a2000 08:04 16831756                           /usr/lib/libc-2.28.so
f79f0000-f79f2000 r--p 001a2000 08:04 16831756                           /usr/lib/libc-2.28.so
f79f2000-f79f3000 rw-p 001a4000 08:04 16831756                           /usr/lib/libc-2.28.so
f79f3000-f79f8000 rw-p 00000000 00:00 0 
f79f8000-f7a13000 r-xp 00000000 08:04 16985139                           /usr/lib/libgcc_s-8-20210514.so.1
f7a13000-f7a14000 r--p 0001a000 08:04 16985139                           /usr/lib/libgcc_s-8-20210514.so.1
f7a14000-f7a15000 rw-p 0001b000 08:04 16985139                           /usr/lib/libgcc_s-8-20210514.so.1
f7a15000-f7ae5000 r-xp 00000000 08:04 16831760                           /usr/lib/libm-2.28.so
f7ae5000-f7ae6000 r--p 000cf000 08:04 16831760                           /usr/lib/libm-2.28.so
f7ae6000-f7ae7000 rw-p 000d0000 08:04 16831760                           /usr/lib/libm-2.28.so
f7ae7000-f7c70000 r-xp 00000000 08:04 16985145                           /usr/lib/libstdc++.so.6.0.25
f7c70000-f7c71000 ---p 00189000 08:04 16985145                           /usr/lib/libstdc++.so.6.0.25
f7c71000-f7c77000 r--p 00189000 08:04 16985145                           /usr/lib/libstdc++.so.6.0.25
f7c77000-f7c78000 rw-p 0018f000 08:04 16985145                           /usr/lib/libstdc++.so.6.0.25
f7c78000-f7c7a000 rw-p 00000000 00:00 0 
f7c7a000-f7c91000 r-xp 00000000 08:04 16963437                           /usr/lib/libz.so.1.2.11
f7c91000-f7c92000 ---p 00017000 08:04 16963437                           /usr/lib/libz.so.1.2.11
f7c92000-f7c93000 r--p 00017000 08:04 16963437                           /usr/lib/libz.so.1.2.11
f7c93000-f7c94000 rw-p 00000000 00:00 0 
f7c94000-f7e11000 r-xp 00000000 08:04 16963397                           /usr/lib/libxml2.so.2.9.7
f7e11000-f7e16000 r--p 0017c000 08:04 16963397                           /usr/lib/libxml2.so.2.9.7
f7e16000-f7e17000 rw-p 00181000 08:04 16963397                           /usr/lib/libxml2.so.2.9.7
f7e17000-f7e18000 rw-p 00000000 00:00 0 
f7e18000-f7e34000 r-xp 00000000 08:04 16831770                           /usr/lib/libpthread-2.28.so
f7e34000-f7e35000 r--p 0001b000 08:04 16831770                           /usr/lib/libpthread-2.28.so
f7e35000-f7e36000 rw-p 0001c000 08:04 16831770                           /usr/lib/libpthread-2.28.so
f7e36000-f7e38000 rw-p 00000000 00:00 0 
f7e38000-f7eac000 r-xp 00000000 08:04 16818911                           /usr/lib/libpcre.so.1.2.10
f7eac000-f7ead000 ---p 00074000 08:04 16818911                           /usr/lib/libpcre.so.1.2.10
f7ead000-f7eae000 r--p 00074000 08:04 16818911                           /usr/lib/libpcre.so.1.2.10
f7eae000-f7eaf000 rw-p 00075000 08:04 16818911                           /usr/lib/libpcre.so.1.2.10
f7eaf000-f7eb2000 r-xp 00000000 08:04 16831758                           /usr/lib/libdl-2.28.so
f7eb2000-f7eb3000 r--p 00002000 08:04 16831758                           /usr/lib/libdl-2.28.so
f7eb3000-f7eb4000 rw-p 00003000 08:04 16831758                           /usr/lib/libdl-2.28.so
f7eb4000-f7f51000 r-xp 00000000 08:04 16994905                           /usr/lib/libcurl.so.4.5.0
f7f51000-f7f53000 r--p 0009c000 08:04 16994905                           /usr/lib/libcurl.so.4.5.0
f7f53000-f7f54000 rw-p 0009e000 08:04 16994905                           /usr/lib/libcurl.so.4.5.0
f7f54000-f7f5b000 r--s 00000000 08:04 176632422                          /usr/lib/gconv/gconv-modules.cache
f7f5b000-f7f63000 rw-s 00000000 08:04 151833492                          /tmp/hsperfdata_almalinux/364049 (deleted)
f7f63000-f7f64000 ---p 00000000 00:00 0 
f7f64000-f7f65000 r--p 00000000 00:00 0 
f7f65000-f7f67000 rw-p 00000000 00:00 0 
f7f67000-f7f6b000 r--p 00000000 00:00 0                                  [vvar]
f7f6b000-f7f6d000 r-xp 00000000 00:00 0                                  [vdso]
f7f6d000-f7f9c000 r-xp 00000000 08:04 16831749                           /usr/lib/ld-2.28.so
f7f9c000-f7f9d000 ---p 00000000 00:00 0 
f7f9d000-f7f9e000 r--p 0002f000 08:04 16831749                           /usr/lib/ld-2.28.so
f7f9e000-f7f9f000 rw-p 00030000 08:04 16831749                           /usr/lib/ld-2.28.so
ffd38000-ffd39000 rwxp 00000000 00:00 0 
ffe41000-ffefd000 rw-p 00000000 00:00 0                                  [stack]


VM Arguments:
jvm_args: -Xms128m -Xmx512m -Xss768k -XX:MaxMetaspaceSize=96m -Xrs -XX:-UsePerfData -XX:-AllowUserSignalHandlers -XX:UseSSE=3 -XX+DoEscapeAnalysis -XX:AutoBoxCacheMax:2000 -XX:+OptimizeStringConcat -XX:+OptimizeFill -XX:+EliminateAutoBox -XX:+UseCompressedStrings -XX:+UseCompressedOops -XX:+EliminateLocks -XX:UseFastAccessorMethods -XX:+UseStringCache -XgcPrio:throughput -XXkeepAreaRatio:1 -XXlazyUnlocking -XXcallProfiling -XXcompactRatio:1 
java_command: <unknown>
java_class_path (initial): ../../data/sku.0/sys.server/compiled/game/
Launcher Type: generic

[Global flags]
     intx CICompilerCount                          = 3                                         {product} {ergonomic}
     uint ConcGCThreads                            = 1                                         {product} {ergonomic}
     uint G1ConcRefinementThreads                  = 4                                         {product} {ergonomic}
   size_t G1HeapRegionSize                         = 1048576                                   {product} {ergonomic}
    uintx GCDrainStackTargetSize                   = 64                                        {product} {ergonomic}
   size_t InitialHeapSize                          = 134217728                                 {product} {command line}
   size_t MarkStackSize                            = 32768                                     {product} {ergonomic}
   size_t MaxHeapSize                              = 536870912                                 {product} {command line}
   size_t MaxMetaspaceSize                         = 100663296                                 {product} {command line}
   size_t MaxNewSize                               = 321912832                                 {product} {ergonomic}
   size_t MinHeapDeltaBytes                        = 1048576                                   {product} {ergonomic}
   size_t MinHeapSize                              = 134217728                                 {product} {command line}
    uintx NonNMethodCodeHeapSize                   = 5544422                                {pd product} {ergonomic}
    uintx NonProfiledCodeHeapSize                  = 123056909                              {pd product} {ergonomic}
    uintx ProfiledCodeHeapSize                     = 123056909                              {pd product} {ergonomic}
    uintx ReservedCodeCacheSize                    = 251658240                              {pd product} {ergonomic}
     bool SegmentedCodeCache                       = true                                      {product} {ergonomic}
   size_t SoftMaxHeapSize                          = 536870912                              {manageable} {ergonomic}
   double SweeperThreshold                         = 0.500000                                  {product} {ergonomic}
     intx ThreadStackSize                          = 768                                    {pd product} {command line}
     bool UseG1GC                                  = true                                      {product} {ergonomic}

Logging:
Log output configuration:
 #0: stdout all=off uptime,level,tags
 #1: stderr all=off uptime,level,tags

Environment Variables:
JAVA_HOME=/usr/lib/jvm/zulu-17-x86
PATH=/usr/java/jdk1.7.0_80/bin:/usr/java/jdk1.7.0_80/bin:/usr/java/jdk1.6.0_45/bin:/usr/java/jdk1.6.0_45/bin:/usr/java/jdk1.6.0_45/bin:/home/almalinux/.local/bin:/home/almalinux/bin:/sbin:/bin:/usr/bin:/usr/local/bin:/usr/local/sbin:/usr/sbin:/usr/lib/oracle/18.3/client/bin:/usr/lib/oracle/18.3/client/bin:/usr/lib/jvm/java-11-openjdk/bin:./
LD_LIBRARY_PATH=/usr/lib/jvm/java-17-zulu-openjdk-jdk-x86/lib/server:/usr/lib/jvm/java-17-zulu-openjdk-jdk-x86/lib:/usr/lib/jvm/java-17-zulu-openjdk-jdk-x86/../lib:/usr/lib/jvm/zulu-17-x86/lib/server:/usr/lib/jvm/java-11-openjdk/lib:/usr/lib/jvm/java-11-openjdk/lib/server:./
SHELL=/bin/bash
DISPLAY=:10.0
LANG=en_US.UTF-8
TERM=xterm-256color

Active Locale:
LC_ALL=en_US.UTF-8
LC_COLLATE=en_US.UTF-8
LC_CTYPE=en_US.UTF-8
LC_MESSAGES=en_US.UTF-8
LC_MONETARY=en_US.UTF-8
LC_NUMERIC=en_US.UTF-8
LC_TIME=en_US.UTF-8

Signal Handlers:
   SIGSEGV: crash_handler in libjvm.so, mask=11100100010111111101111111111110, flags=SA_RESTART|SA_SIGINFO, unblocked
    SIGBUS: crash_handler in libjvm.so, mask=11100100010111111101111111111110, flags=SA_RESTART|SA_SIGINFO, unblocked
    SIGFPE: crash_handler in libjvm.so, mask=11100100010111111101111111111110, flags=SA_RESTART|SA_SIGINFO, unblocked
   SIGPIPE: SIG_IGN, mask=00000000000010000000000000000000, flags=SA_RESTART, blocked
  *** Handler was modified!
  *** Expected: javaSignalHandler in libjvm.so, mask=11100100110111111111111111111110, flags=SA_RESTART|SA_SIGINFO
   SIGXFSZ: javaSignalHandler in libjvm.so, mask=11100100010111111101111111111110, flags=SA_RESTART|SA_SIGINFO, blocked
    SIGILL: crash_handler in libjvm.so, mask=11100100010111111101111111111110, flags=SA_RESTART|SA_SIGINFO, unblocked
   SIGUSR2: SR_handler in libjvm.so, mask=00100000000000000000000000000000, flags=SA_RESTART|SA_SIGINFO, blocked
    SIGHUP: UserHandler in libjvm.so, mask=11100100010111111101111111111110, flags=SA_RESTART|SA_SIGINFO, blocked
    SIGINT: UserHandler in libjvm.so, mask=11100100010111111101111111111110, flags=SA_RESTART|SA_SIGINFO, blocked
   SIGTERM: UserHandler in libjvm.so, mask=11100100010111111101111111111110, flags=SA_RESTART|SA_SIGINFO, blocked
   SIGQUIT: UserHandler in libjvm.so, mask=11100100010111111101111111111110, flags=SA_RESTART|SA_SIGINFO, blocked
   SIGTRAP: crash_handler in libjvm.so, mask=11100100010111111101111111111110, flags=SA_RESTART|SA_SIGINFO, unblocked


Periodic native trim disabled


---------------  S Y S T E M  ---------------

OS:
AlmaLinux release 8.10 (Cerulean Leopard)
uname: Linux 4.18.0-553.81.1.el8_10.x86_64 #1 SMP Mon Oct 27 11:29:19 EDT 2025 x86_64
OS uptime: 0 days 19:50 hours
libc: glibc 2.28 NPTL 2.28 
rlimit (soft/hard): STACK 8192k/infinity , CORE 0k/infinity , NPROC 61996/61996 , NOFILE 262144/262144 , AS infinity/infinity , CPU infinity/infinity , DATA infinity/infinity , FSIZE infinity/infinity , MEMLOCK 64k/64k
load average: 27.28 31.54 22.83

/proc/meminfo:
MemTotal:       16014464 kB
MemFree:         2074124 kB
MemAvailable:    3877356 kB
Buffers:              20 kB
Cached:          3333004 kB
SwapCached:        16504 kB
Active:          2646920 kB
Inactive:       10167248 kB
Active(anon):    1691516 kB
Inactive(anon):  9545588 kB
Active(file):     955404 kB
Inactive(file):   621660 kB
Unevictable:        6160 kB
Mlocked:               0 kB
SwapTotal:       8388604 kB
SwapFree:        7678428 kB
Dirty:              2052 kB
Writeback:             0 kB
AnonPages:       9477128 kB
Mapped:          1170368 kB
Shmem:           1755764 kB
KReclaimable:     403212 kB
Slab:             576528 kB
SReclaimable:     403212 kB
SUnreclaim:       173316 kB
KernelStack:       24108 kB
PageTables:       153032 kB
NFS_Unstable:          0 kB
Bounce:                0 kB
WritebackTmp:          0 kB
CommitLimit:    16395836 kB
Committed_AS:   24489152 kB
VmallocTotal:   34359738367 kB
VmallocUsed:       70120 kB
VmallocChunk:          0 kB
Percpu:             2672 kB
HardwareCorrupted:     0 kB
AnonHugePages:         0 kB
ShmemHugePages:        0 kB
ShmemPmdMapped:        0 kB
FileHugePages:         0 kB
FilePmdMapped:         0 kB
HugePages_Total:       0
HugePages_Free:        0
HugePages_Rsvd:        0
HugePages_Surp:        0
Hugepagesize:       2048 kB
Hugetlb:               0 kB
DirectMap4k:     1040236 kB
DirectMap2M:    15343616 kB

/sys/kernel/mm/transparent_hugepage/enabled: always madvise [never]
/sys/kernel/mm/transparent_hugepage/hpage_pmd_size: 2097152
/sys/kernel/mm/transparent_hugepage/defrag (defrag/compaction efforts parameter): always defer defer+madvise [madvise] never

Process Memory:
Virtual Size: 1122532K (peak: 1140880K)
Resident Set Size: 358104K (peak: 374416K) (anon: 324392K, file: 33712K, shmem: 0K)
Swapped out: 0K
C-Heap outstanding allocations: 24423K, retained: 187012K
glibc malloc tunables: (default)

/proc/sys/kernel/threads-max (system-wide limit on the number of threads): 123992
/proc/sys/vm/max_map_count (maximum number of memory map areas a process may have): 1677720
/proc/sys/kernel/pid_max (system-wide limit on number of process identifiers): 4194304

container (cgroup) information:
container_type: cgroupv1
cpu_cpuset_cpus: 0-3
cpu_memory_nodes: 0
active_processor_count: 4
cpu_quota: no quota
cpu_period: 100000
cpu_shares: no shares
memory_limit_in_bytes: unlimited
memory_and_swap_limit_in_bytes: unlimited
memory_soft_limit_in_bytes: unlimited
memory_usage_in_bytes: 12306800 k
memory_max_usage_in_bytes: 14910936 k
kernel_memory_usage_in_bytes: 382212 k
kernel_memory_max_usage_in_bytes: unlimited
kernel_memory_limit_in_bytes: 795756 k
maximum number of tasks: unlimited
current number of tasks: 699

KVM virtualization detected
Steal ticks since vm start: 130
Steal ticks percentage since vm start:  0.000

CPU: total 4 (initial active 4) (1 cores per cpu, 1 threads per core) family 6 model 60 stepping 1 microcode 0x1, cx8, cmov, fxsr, mmx, sse, sse2, sse3, ssse3, sse4.1, sse4.2, popcnt, lzcnt, tsc, avx, avx2, aes, erms, clmul, bmi1, bmi2, fma, vzeroupper, clflush, hv
CPU Model and flags from /proc/cpuinfo:
model name	: Intel Core Processor (Haswell, no TSX)
flags		: fpu vme de pse tsc msr pae mce cx8 apic sep mtrr pge mca cmov pat pse36 clflush mmx fxsr sse sse2 syscall nx rdtscp lm constant_tsc rep_good nopl xtopology cpuid tsc_known_freq pni pclmulqdq vmx ssse3 fma cx16 pcid sse4_1 sse4_2 x2apic movbe popcnt tsc_deadline_timer aes xsave avx f16c rdrand hypervisor lahf_lm abm cpuid_fault invpcid_single pti tpr_shadow vnmi flexpriority ept vpid ept_ad fsgsbase bmi1 avx2 smep bmi2 erms invpcid xsaveopt arat md_clear

Online cpus: 0-3
Offline cpus: 
BIOS frequency limitation: <Not Available>
Frequency switch latency (ns): <Not Available>
Available cpu frequencies: <Not Available>
Current governor: <Not Available>
Core performance/turbo boost: <Not Available>

Memory: 4k page, physical 16014464k(2616548k free), swap 8388604k(7678428k free)
Page Sizes: 4k

vm_info: OpenJDK Server VM (17.0.11+9-LTS) for linux-x86 JRE (17.0.11+9-LTS) (Zulu17.50+19-CA), built on Apr  9 2024 07:14:46 by "zulu_re" with gcc 8.3.0

END.
