#
# A fatal error has been detected by the Java Runtime Environment:
#
#  SIGSEGV (0xb) at pc=0xf792e618, pid=1415194, tid=1415194
#
# JRE version: OpenJDK Runtime Environment Zulu17.50+19-CA (17.0.11+9) (build 17.0.11+9-LTS)
# Java VM: OpenJDK Server VM Zulu17.50+19-CA (17.0.11+9-LTS, mixed mode, sharing, tiered, g1 gc, linux-x86)
# Problematic frame:
# C  [libc.so.6+0x84618]  cfree+0x28
#
# Core dump will be written. Default location: Core dumps may be processed with "/usr/lib/systemd/systemd-coredump %P %u %g %s %t %c %h %e" (or dumping to /home/almalinux/swg-returns-nge/exe/linux/core.1415194)
#
# If you would like to submit a bug report, please visit:
#   http://www.azul.com/support/
#

---------------  S U M M A R Y ------------

Command Line: -Xms128m -Xmx512m -Xss768k -XX:MaxMetaspaceSize=96m -Xrs -XX:-UsePerfData -XX:-AllowUserSignalHandlers -XX:UseSSE=3 -XX+DoEscapeAnalysis -XX:AutoBoxCacheMax:2000 -XX:+OptimizeStringConcat -XX:+OptimizeFill -XX:+EliminateAutoBox -XX:+UseCompressedStrings -XX:+UseCompressedOops -XX:+EliminateLocks -XX:UseFastAccessorMethods -XX:+UseStringCache -XgcPrio:throughput -XXkeepAreaRatio:1 -XXlazyUnlocking -XXcallProfiling -XXcompactRatio:1 

Host: Intel Core Processor (Haswell, no TSX), 4 cores, 15G, AlmaLinux release 8.10 (Cerulean Leopard)
Time: Sun Jan 25 19:44:03 2026 UTC elapsed time: 424.809840 seconds (0d 0h 7m 4s)

---------------  T H R E A D  ---------------

Current thread is native thread

Stack: [0xffb38000,0xffbf8000],  sp=0xffbf5910,  free space=758k
Native frames: (J=compiled Java code, j=interpreted, Vv=VM code, C=native code)
C  [libc.so.6+0x84618]  cfree+0x28


siginfo: si_signo: 11 (SIGSEGV), si_code: 1 (SEGV_MAPERR), si_addr: 0x00000003

Registers:
EAX=0x00000000, EBX=0x00000007, ECX=0xf6f6c84c, EDX=0x0a697d88
ESP=0xffbf5910, EBP=0xffbf5a48, ESI=0xf7a4f000, EDI=0x00000000
EIP=0xf792e618, EFLAGS=0x00210202, CR2=0x0000000000000003


Top of Stack: (sp=0xffbf5910)
0xffbf5910:   0a31b010 00000000 ffbf5a48 f7bbbf1c
0xffbf5920:   0a31b0a0 f7cd2a04 0a697d60 f7bbbf1c
0xffbf5930:   00000007 f7bbbf0a f7cd2a04 f7bbbf4c
0xffbf5940:   0a31b0a0 f7bbbf0a 0a69bb00 085b6163
0xffbf5950:   00000007 0a31b010 0a31ad20 085bb8d1
0xffbf5960:   0a31b010 0a31ad20 00000000 085bb89b
0xffbf5970:   0bb34810 ffbf5997 ffbf59bc 085c6969
0xffbf5980:   087d6c00 ffbf59bc ffbf5a48 084fc53b
0xffbf5990:   00000014 00010002 00000000 00000000
0xffbf59a0:   01010100 00000001 09aa44c0 00000000
0xffbf59b0:   00000000 00000000 00000000 00000000
0xffbf59c0:   00000000 00000015 ffbf5b18 f78df6ff
0xffbf59d0:   f7a4f41c 47677753 53656d61 65767265
0xffbf59e0:   34313a72 39313531 09290034 0a67d120
0xffbf59f0:   08ea0100 08ebc230 08ea5888 f7a4f41c
0xffbf5a00:   00000428 00000420 f78df779 085758fd
0xffbf5a10:   08ea2a80 09b1ea78 08ea5888 08574f56
0xffbf5a20:   0929a2c4 0929a2c4 ffbf5b18 08ea583b
0xffbf5a30:   0000000c ffbf5ae4 ffbf5a60 f7a4f000
0xffbf5a40:   00000000 08575910 00000000 f78c7f26
0xffbf5a50:   00000000 08575910 00000000 f78c7f26
0xffbf5a60:   0000000c ffbf5ae4 ffbf5b18 ffbf5a84
0xffbf5a70:   0929a2d0 00000000 ffbf5b18 f7a4f000
0xffbf5a80:   f78b775c f7a4f000 00000000 08575910
0xffbf5a90:   00000000 77c8ac09 1181a419 00000000
0xffbf5aa0:   00000000 00000000 f7fce4d0 f78c7e30
0xffbf5ab0:   084fc260 0929a2c4 0000000c 08575946
0xffbf5ac0:   084fc260 0000000c ffbf5ae4 08ea57f0
0xffbf5ad0:   08ea5850 f7fce4d0 ffbf5adc f7ffb970
0xffbf5ae0:   0000000c ffbf6632 ffbf6644 ffbf6647
0xffbf5af0:   ffbf6659 ffbf665c ffbf6667 ffbf668b
0xffbf5b00:   ffbf669b ffbf66ac ffbf66cd ffbf66d0 

Instructions: (pc=0xf792e618)
0xf792e518:   50 8d 96 86 f7 fa ff 8d 86 d0 2f fb ff e8 c6 b7
0xf792e528:   ff ff 8d b6 00 00 00 00 bb 20 00 00 00 e9 5e fe
0xf792e538:   ff ff e8 a1 c0 ff ff 89 c5 85 c0 0f 85 68 ff ff
0xf792e548:   ff 31 d2 8d 44 3b 10 e8 8c c1 ff ff 89 da 89 f9
0xf792e558:   89 c5 e8 11 f0 ff ff 89 c2 85 c0 75 1b 85 ed 74
0xf792e568:   17 90 89 fa 89 e8 e8 bd c5 ff ff 89 da 89 f9 89
0xf792e578:   c5 e8 f2 ef ff ff 89 c2 85 ed 0f 84 57 ff ff ff
0xf792e588:   e9 39 ff ff ff 8d 86 b8 31 fb ff 83 ec 0c b9 25
0xf792e598:   0d 00 00 50 8d 96 86 f7 fa ff 8d 86 74 2f fb ff
0xf792e5a8:   e8 43 b7 ff ff 8d 76 00 f3 0f 1e fb e8 0a 9a f9
0xf792e5b8:   ff 05 47 0a 12 00 56 53 83 ec 04 8b 5c 24 10 8b
0xf792e5c8:   74 24 14 8b 80 50 ff ff ff c7 00 00 00 00 00 e8
0xf792e5d8:   54 bb ff ff 8b 4c 24 0c 83 c4 04 89 f2 89 d8 5b
0xf792e5e8:   5e e9 42 fd ff ff 66 90 f3 0f 1e fb 56 e8 9a 9b
0xf792e5f8:   f9 ff 81 c6 06 0a 12 00 53 83 ec 14 8b 5c 24 20
0xf792e608:   8b 86 5c ff ff ff 8b 00 85 c0 75 6c 85 db 74 75
0xf792e618:   8b 4b fc 8d 53 f8 f6 c1 02 75 35 8b 86 70 fe ff
0xf792e628:   ff 65 8b 00 85 c0 0f 84 8c 00 00 00 83 e1 04 8d
0xf792e638:   86 60 07 00 00 74 09 89 d0 25 00 00 f0 ff 8b 00
0xf792e648:   83 c4 14 31 c9 5b 5e e9 8c cb ff ff 8d 74 26 00
0xf792e658:   8b 9e 60 01 00 00 85 db 75 10 3b 8e 48 01 00 00
0xf792e668:   76 08 81 f9 00 00 08 00 76 26 83 c4 14 89 d0 5b
0xf792e678:   5e e9 92 b8 ff ff 66 90 83 ec 08 ff 74 24 24 53
0xf792e688:   ff d0 83 c4 10 83 c4 14 5b 5e c3 8d 74 26 00 90
0xf792e698:   39 96 80 1d 00 00 77 08 39 96 7c 1d 00 00 77 ca
0xf792e6a8:   83 e1 f8 8d 04 09 89 8e 48 01 00 00 89 86 40 01
0xf792e6b8:   00 00 90 eb b5 8d 76 00 8b 86 74 fe ff ff 65 80
0xf792e6c8:   38 00 0f 85 64 ff ff ff 89 54 24 0c e8 97 ed ff
0xf792e6d8:   ff 8b 4b fc 8b 54 24 0c e9 4f ff ff ff 8d b4 26
0xf792e6e8:   00 00 00 00 8d 74 26 00 f3 0f 1e fb 55 57 56 e8
0xf792e6f8:   98 9a f9 ff 81 c6 04 09 12 00 53 83 ec 0c 8b 86
0xf792e708:   70 fe ff ff 8b 96 74 fe ff ff 65 8b 28 65 c6 02 



---------------  P R O C E S S  ---------------

VM state: at safepoint (shutting down)

VM Mutex/Monitor currently owned by a thread:  ([mutex/lock_event])
[0xf5f21d30] Threads_lock - owner thread: 0xc4294cf0

GC Precious Log:
<Skipped>

Heap:
 garbage-first heap   total 131072K, used 47498K [0xc5c00000, 0xe5c00000)
  region size 1024K, 34 young (34816K), 7 survivors (7168K)
 Metaspace       used 9489K, committed 11008K, reserved 16384K

Heap Regions: E=young(eden), S=young(survivor), O=old, HS=humongous(starts), HC=humongous(continues), CS=collection set, F=free, OA=open archive, CA=closed archive, TAMS=top-at-mark-start (previous, next)
|   0|0xc5c00000, 0xc5d00000, 0xc5d00000|100%| O|  |TAMS 0xc5c00000, 0xc5c00000| Untracked 
|   1|0xc5d00000, 0xc5e00000, 0xc5e00000|100%| O|  |TAMS 0xc5d00000, 0xc5d00000| Untracked 
|   2|0xc5e00000, 0xc5f00000, 0xc5f00000|100%| O|  |TAMS 0xc5e00000, 0xc5e00000| Untracked 
|   3|0xc5f00000, 0xc6000000, 0xc6000000|100%| O|  |TAMS 0xc5f00000, 0xc5f00000| Untracked 
|   4|0xc6000000, 0xc6100000, 0xc6100000|100%| O|  |TAMS 0xc6000000, 0xc6000000| Untracked 
|   5|0xc6100000, 0xc6200000, 0xc6200000|100%| O|  |TAMS 0xc6100000, 0xc6100000| Untracked 
|   6|0xc6200000, 0xc6300000, 0xc6300000|100%| O|  |TAMS 0xc6200000, 0xc6200000| Untracked 
|   7|0xc6300000, 0xc6400000, 0xc6400000|100%| O|  |TAMS 0xc6300000, 0xc6300000| Untracked 
|   8|0xc6400000, 0xc6500000, 0xc6500000|100%| O|  |TAMS 0xc6400000, 0xc6400000| Untracked 
|   9|0xc6500000, 0xc6600000, 0xc6600000|100%| O|  |TAMS 0xc6500000, 0xc6500000| Untracked 
|  10|0xc6600000, 0xc6700000, 0xc6700000|100%| O|  |TAMS 0xc6600000, 0xc6600000| Untracked 
|  11|0xc6700000, 0xc6800000, 0xc6800000|100%| O|  |TAMS 0xc6700000, 0xc6700000| Untracked 
|  12|0xc6800000, 0xc6900000, 0xc6900000|100%| O|  |TAMS 0xc6800000, 0xc6800000| Untracked 
|  13|0xc6900000, 0xc6a00000, 0xc6a00000|100%| O|  |TAMS 0xc6900000, 0xc6900000| Untracked 
|  14|0xc6a00000, 0xc6a15a00, 0xc6b00000|  8%| O|  |TAMS 0xc6a00000, 0xc6a00000| Untracked 
|  15|0xc6b00000, 0xc6b00000, 0xc6c00000|  0%| F|  |TAMS 0xc6b00000, 0xc6b00000| Untracked 
|  16|0xc6c00000, 0xc6c00000, 0xc6d00000|  0%| F|  |TAMS 0xc6c00000, 0xc6c00000| Untracked 
|  17|0xc6d00000, 0xc6d00000, 0xc6e00000|  0%| F|  |TAMS 0xc6d00000, 0xc6d00000| Untracked 
|  18|0xc6e00000, 0xc6e00000, 0xc6f00000|  0%| F|  |TAMS 0xc6e00000, 0xc6e00000| Untracked 
|  19|0xc6f00000, 0xc6f00000, 0xc7000000|  0%| F|  |TAMS 0xc6f00000, 0xc6f00000| Untracked 
|  20|0xc7000000, 0xc7000000, 0xc7100000|  0%| F|  |TAMS 0xc7000000, 0xc7000000| Untracked 
|  21|0xc7100000, 0xc7100000, 0xc7200000|  0%| F|  |TAMS 0xc7100000, 0xc7100000| Untracked 
|  22|0xc7200000, 0xc7200000, 0xc7300000|  0%| F|  |TAMS 0xc7200000, 0xc7200000| Untracked 
|  23|0xc7300000, 0xc7300000, 0xc7400000|  0%| F|  |TAMS 0xc7300000, 0xc7300000| Untracked 
|  24|0xc7400000, 0xc7400000, 0xc7500000|  0%| F|  |TAMS 0xc7400000, 0xc7400000| Untracked 
|  25|0xc7500000, 0xc7500000, 0xc7600000|  0%| F|  |TAMS 0xc7500000, 0xc7500000| Untracked 
|  26|0xc7600000, 0xc7600000, 0xc7700000|  0%| F|  |TAMS 0xc7600000, 0xc7600000| Untracked 
|  27|0xc7700000, 0xc7700000, 0xc7800000|  0%| F|  |TAMS 0xc7700000, 0xc7700000| Untracked 
|  28|0xc7800000, 0xc7800000, 0xc7900000|  0%| F|  |TAMS 0xc7800000, 0xc7800000| Untracked 
|  29|0xc7900000, 0xc7900000, 0xc7a00000|  0%| F|  |TAMS 0xc7900000, 0xc7900000| Untracked 
|  30|0xc7a00000, 0xc7a00000, 0xc7b00000|  0%| F|  |TAMS 0xc7a00000, 0xc7a00000| Untracked 
|  31|0xc7b00000, 0xc7b00000, 0xc7c00000|  0%| F|  |TAMS 0xc7b00000, 0xc7b00000| Untracked 
|  32|0xc7c00000, 0xc7c00000, 0xc7d00000|  0%| F|  |TAMS 0xc7c00000, 0xc7c00000| Untracked 
|  33|0xc7d00000, 0xc7d00000, 0xc7e00000|  0%| F|  |TAMS 0xc7d00000, 0xc7d00000| Untracked 
|  34|0xc7e00000, 0xc7e00000, 0xc7f00000|  0%| F|  |TAMS 0xc7e00000, 0xc7e00000| Untracked 
|  35|0xc7f00000, 0xc7f00000, 0xc8000000|  0%| F|  |TAMS 0xc7f00000, 0xc7f00000| Untracked 
|  36|0xc8000000, 0xc8000000, 0xc8100000|  0%| F|  |TAMS 0xc8000000, 0xc8000000| Untracked 
|  37|0xc8100000, 0xc8100000, 0xc8200000|  0%| F|  |TAMS 0xc8100000, 0xc8100000| Untracked 
|  38|0xc8200000, 0xc8200000, 0xc8300000|  0%| F|  |TAMS 0xc8200000, 0xc8200000| Untracked 
|  39|0xc8300000, 0xc8300000, 0xc8400000|  0%| F|  |TAMS 0xc8300000, 0xc8300000| Untracked 
|  40|0xc8400000, 0xc8400000, 0xc8500000|  0%| F|  |TAMS 0xc8400000, 0xc8400000| Untracked 
|  41|0xc8500000, 0xc8500000, 0xc8600000|  0%| F|  |TAMS 0xc8500000, 0xc8500000| Untracked 
|  42|0xc8600000, 0xc8600000, 0xc8700000|  0%| F|  |TAMS 0xc8600000, 0xc8600000| Untracked 
|  43|0xc8700000, 0xc8700000, 0xc8800000|  0%| F|  |TAMS 0xc8700000, 0xc8700000| Untracked 
|  44|0xc8800000, 0xc8800000, 0xc8900000|  0%| F|  |TAMS 0xc8800000, 0xc8800000| Untracked 
|  45|0xc8900000, 0xc8900000, 0xc8a00000|  0%| F|  |TAMS 0xc8900000, 0xc8900000| Untracked 
|  46|0xc8a00000, 0xc8a00000, 0xc8b00000|  0%| F|  |TAMS 0xc8a00000, 0xc8a00000| Untracked 
|  47|0xc8b00000, 0xc8b4c940, 0xc8c00000| 29%| S|CS|TAMS 0xc8b00000, 0xc8b00000| Complete 
|  48|0xc8c00000, 0xc8d00000, 0xc8d00000|100%| S|CS|TAMS 0xc8c00000, 0xc8c00000| Complete 
|  49|0xc8d00000, 0xc8e00000, 0xc8e00000|100%| S|CS|TAMS 0xc8d00000, 0xc8d00000| Complete 
|  50|0xc8e00000, 0xc8f00000, 0xc8f00000|100%| S|CS|TAMS 0xc8e00000, 0xc8e00000| Complete 
|  51|0xc8f00000, 0xc9000000, 0xc9000000|100%| S|CS|TAMS 0xc8f00000, 0xc8f00000| Complete 
|  52|0xc9000000, 0xc9000000, 0xc9100000|  0%| F|  |TAMS 0xc9000000, 0xc9000000| Untracked 
|  53|0xc9100000, 0xc9100000, 0xc9200000|  0%| F|  |TAMS 0xc9100000, 0xc9100000| Untracked 
|  54|0xc9200000, 0xc9200000, 0xc9300000|  0%| F|  |TAMS 0xc9200000, 0xc9200000| Untracked 
|  55|0xc9300000, 0xc9300000, 0xc9400000|  0%| F|  |TAMS 0xc9300000, 0xc9300000| Untracked 
|  56|0xc9400000, 0xc9400000, 0xc9500000|  0%| F|  |TAMS 0xc9400000, 0xc9400000| Untracked 
|  57|0xc9500000, 0xc9600000, 0xc9600000|100%| S|CS|TAMS 0xc9500000, 0xc9500000| Complete 
|  58|0xc9600000, 0xc9700000, 0xc9700000|100%| S|CS|TAMS 0xc9600000, 0xc9600000| Complete 
|  59|0xc9700000, 0xc9700000, 0xc9800000|  0%| F|  |TAMS 0xc9700000, 0xc9700000| Untracked 
|  60|0xc9800000, 0xc9800000, 0xc9900000|  0%| F|  |TAMS 0xc9800000, 0xc9800000| Untracked 
|  61|0xc9900000, 0xc9900000, 0xc9a00000|  0%| F|  |TAMS 0xc9900000, 0xc9900000| Untracked 
|  62|0xc9a00000, 0xc9a00000, 0xc9b00000|  0%| F|  |TAMS 0xc9a00000, 0xc9a00000| Untracked 
|  63|0xc9b00000, 0xc9b00000, 0xc9c00000|  0%| F|  |TAMS 0xc9b00000, 0xc9b00000| Untracked 
|  64|0xc9c00000, 0xc9c00000, 0xc9d00000|  0%| F|  |TAMS 0xc9c00000, 0xc9c00000| Untracked 
|  65|0xc9d00000, 0xc9d00000, 0xc9e00000|  0%| F|  |TAMS 0xc9d00000, 0xc9d00000| Untracked 
|  66|0xc9e00000, 0xc9e00000, 0xc9f00000|  0%| F|  |TAMS 0xc9e00000, 0xc9e00000| Untracked 
|  67|0xc9f00000, 0xc9f00000, 0xca000000|  0%| F|  |TAMS 0xc9f00000, 0xc9f00000| Untracked 
|  68|0xca000000, 0xca000000, 0xca100000|  0%| F|  |TAMS 0xca000000, 0xca000000| Untracked 
|  69|0xca100000, 0xca100000, 0xca200000|  0%| F|  |TAMS 0xca100000, 0xca100000| Untracked 
|  70|0xca200000, 0xca200000, 0xca300000|  0%| F|  |TAMS 0xca200000, 0xca200000| Untracked 
|  71|0xca300000, 0xca300000, 0xca400000|  0%| F|  |TAMS 0xca300000, 0xca300000| Untracked 
|  72|0xca400000, 0xca400000, 0xca500000|  0%| F|  |TAMS 0xca400000, 0xca400000| Untracked 
|  73|0xca500000, 0xca500000, 0xca600000|  0%| F|  |TAMS 0xca500000, 0xca500000| Untracked 
|  74|0xca600000, 0xca600000, 0xca700000|  0%| F|  |TAMS 0xca600000, 0xca600000| Untracked 
|  75|0xca700000, 0xca700000, 0xca800000|  0%| F|  |TAMS 0xca700000, 0xca700000| Untracked 
|  76|0xca800000, 0xca800000, 0xca900000|  0%| F|  |TAMS 0xca800000, 0xca800000| Untracked 
|  77|0xca900000, 0xca900000, 0xcaa00000|  0%| F|  |TAMS 0xca900000, 0xca900000| Untracked 
|  78|0xcaa00000, 0xcaa00000, 0xcab00000|  0%| F|  |TAMS 0xcaa00000, 0xcaa00000| Untracked 
|  79|0xcab00000, 0xcab00000, 0xcac00000|  0%| F|  |TAMS 0xcab00000, 0xcab00000| Untracked 
|  80|0xcac00000, 0xcac00000, 0xcad00000|  0%| F|  |TAMS 0xcac00000, 0xcac00000| Untracked 
|  81|0xcad00000, 0xcad00000, 0xcae00000|  0%| F|  |TAMS 0xcad00000, 0xcad00000| Untracked 
|  82|0xcae00000, 0xcae00000, 0xcaf00000|  0%| F|  |TAMS 0xcae00000, 0xcae00000| Untracked 
|  83|0xcaf00000, 0xcaf00000, 0xcb000000|  0%| F|  |TAMS 0xcaf00000, 0xcaf00000| Untracked 
|  84|0xcb000000, 0xcb000000, 0xcb100000|  0%| F|  |TAMS 0xcb000000, 0xcb000000| Untracked 
|  85|0xcb100000, 0xcb100000, 0xcb200000|  0%| F|  |TAMS 0xcb100000, 0xcb100000| Untracked 
|  86|0xcb200000, 0xcb200000, 0xcb300000|  0%| F|  |TAMS 0xcb200000, 0xcb200000| Untracked 
|  87|0xcb300000, 0xcb300000, 0xcb400000|  0%| F|  |TAMS 0xcb300000, 0xcb300000| Untracked 
|  88|0xcb400000, 0xcb400000, 0xcb500000|  0%| F|  |TAMS 0xcb400000, 0xcb400000| Untracked 
|  89|0xcb500000, 0xcb500000, 0xcb600000|  0%| F|  |TAMS 0xcb500000, 0xcb500000| Untracked 
|  90|0xcb600000, 0xcb600000, 0xcb700000|  0%| F|  |TAMS 0xcb600000, 0xcb600000| Untracked 
|  91|0xcb700000, 0xcb700000, 0xcb800000|  0%| F|  |TAMS 0xcb700000, 0xcb700000| Untracked 
|  92|0xcb800000, 0xcb800000, 0xcb900000|  0%| F|  |TAMS 0xcb800000, 0xcb800000| Untracked 
|  93|0xcb900000, 0xcb900000, 0xcba00000|  0%| F|  |TAMS 0xcb900000, 0xcb900000| Untracked 
|  94|0xcba00000, 0xcba00000, 0xcbb00000|  0%| F|  |TAMS 0xcba00000, 0xcba00000| Untracked 
|  95|0xcbb00000, 0xcbb00000, 0xcbc00000|  0%| F|  |TAMS 0xcbb00000, 0xcbb00000| Untracked 
|  96|0xcbc00000, 0xcbc00000, 0xcbd00000|  0%| F|  |TAMS 0xcbc00000, 0xcbc00000| Untracked 
|  97|0xcbd00000, 0xcbd00000, 0xcbe00000|  0%| F|  |TAMS 0xcbd00000, 0xcbd00000| Untracked 
|  98|0xcbe00000, 0xcbe00000, 0xcbf00000|  0%| F|  |TAMS 0xcbe00000, 0xcbe00000| Untracked 
|  99|0xcbf00000, 0xcbf00000, 0xcc000000|  0%| F|  |TAMS 0xcbf00000, 0xcbf00000| Untracked 
| 100|0xcc000000, 0xcc000000, 0xcc100000|  0%| F|  |TAMS 0xcc000000, 0xcc000000| Untracked 
| 101|0xcc100000, 0xcc100800, 0xcc200000|  0%| E|  |TAMS 0xcc100000, 0xcc100000| Complete 
| 102|0xcc200000, 0xcc300000, 0xcc300000|100%| E|CS|TAMS 0xcc200000, 0xcc200000| Complete 
| 103|0xcc300000, 0xcc400000, 0xcc400000|100%| E|CS|TAMS 0xcc300000, 0xcc300000| Complete 
| 104|0xcc400000, 0xcc500000, 0xcc500000|100%| E|CS|TAMS 0xcc400000, 0xcc400000| Complete 
| 105|0xcc500000, 0xcc600000, 0xcc600000|100%| E|CS|TAMS 0xcc500000, 0xcc500000| Complete 
| 106|0xcc600000, 0xcc700000, 0xcc700000|100%| E|CS|TAMS 0xcc600000, 0xcc600000| Complete 
| 107|0xcc700000, 0xcc800000, 0xcc800000|100%| E|CS|TAMS 0xcc700000, 0xcc700000| Complete 
| 108|0xcc800000, 0xcc900000, 0xcc900000|100%| E|CS|TAMS 0xcc800000, 0xcc800000| Complete 
| 109|0xcc900000, 0xcca00000, 0xcca00000|100%| E|CS|TAMS 0xcc900000, 0xcc900000| Complete 
| 110|0xcca00000, 0xccb00000, 0xccb00000|100%| E|CS|TAMS 0xcca00000, 0xcca00000| Complete 
| 111|0xccb00000, 0xccc00000, 0xccc00000|100%| E|CS|TAMS 0xccb00000, 0xccb00000| Complete 
| 112|0xccc00000, 0xccd00000, 0xccd00000|100%| E|CS|TAMS 0xccc00000, 0xccc00000| Complete 
| 113|0xccd00000, 0xcce00000, 0xcce00000|100%| E|CS|TAMS 0xccd00000, 0xccd00000| Complete 
| 114|0xcce00000, 0xccf00000, 0xccf00000|100%| E|CS|TAMS 0xcce00000, 0xcce00000| Complete 
| 115|0xccf00000, 0xcd000000, 0xcd000000|100%| E|CS|TAMS 0xccf00000, 0xccf00000| Complete 
| 116|0xcd000000, 0xcd100000, 0xcd100000|100%| E|CS|TAMS 0xcd000000, 0xcd000000| Complete 
| 117|0xcd100000, 0xcd200000, 0xcd200000|100%| E|CS|TAMS 0xcd100000, 0xcd100000| Complete 
| 118|0xcd200000, 0xcd300000, 0xcd300000|100%| E|CS|TAMS 0xcd200000, 0xcd200000| Complete 
| 119|0xcd300000, 0xcd400000, 0xcd400000|100%| E|CS|TAMS 0xcd300000, 0xcd300000| Complete 
| 120|0xcd400000, 0xcd500000, 0xcd500000|100%| E|CS|TAMS 0xcd400000, 0xcd400000| Complete 
| 121|0xcd500000, 0xcd600000, 0xcd600000|100%| E|CS|TAMS 0xcd500000, 0xcd500000| Complete 
| 122|0xcd600000, 0xcd700000, 0xcd700000|100%| E|CS|TAMS 0xcd600000, 0xcd600000| Complete 
| 123|0xcd700000, 0xcd800000, 0xcd800000|100%| E|CS|TAMS 0xcd700000, 0xcd700000| Complete 
| 124|0xcd800000, 0xcd900000, 0xcd900000|100%| E|CS|TAMS 0xcd800000, 0xcd800000| Complete 
| 125|0xcd900000, 0xcda00000, 0xcda00000|100%| E|CS|TAMS 0xcd900000, 0xcd900000| Complete 
| 126|0xcda00000, 0xcdb00000, 0xcdb00000|100%| E|CS|TAMS 0xcda00000, 0xcda00000| Complete 
| 127|0xcdb00000, 0xcdc00000, 0xcdc00000|100%| E|CS|TAMS 0xcdb00000, 0xcdb00000| Complete 

Card table byte_map: [0xc5b00000,0xc5c00000] _byte_map_base: 0xc54d2000

Marking Bits (Prev, Next): (CMBitMap*) 0xf5f8b528, (CMBitMap*) 0xf5f8b548
 Prev Bits: [0xc5200000, 0xc5a00000)
 Next Bits: [0xc4a00000, 0xc5200000)

Polling page: 0xf7fc0000

Metaspace:

Usage:
    9.27 MB used.

Virtual space:
     16.00 MB reserved,      10.75 MB ( 67%) committed,  1 nodes.

Chunk freelists:
2.95 MB

MaxMetaspaceSize: 96.00 MB
No class space
Initial GC threshold: 16.00 MB
Current GC threshold: 16.00 MB
CDS: on
MetaspaceReclaimPolicy: balanced
 - commit_granule_bytes: 65536.
 - commit_granule_words: 16384.
 - virtual_space_node_default_size: 4194304.
 - enlarge_chunks_in_place: 1.
 - new_chunks_are_fully_committed: 0.
 - uncommit_free_chunks: 1.
 - use_allocation_guard: 0.
 - handle_deallocations: 1.


Internal statistics:

num_allocs_failed_limit: 0.
num_arena_births: 865.
num_arena_deaths: 0.
num_vsnodes_births: 1.
num_vsnodes_deaths: 0.
num_space_committed: 172.
num_space_uncommitted: 0.
num_chunks_returned_to_freelist: 0.
num_chunks_taken_from_freelist: 1486.
num_chunk_merges: 0.
num_chunk_splits: 1007.
num_chunks_enlarged: 586.
num_inconsistent_stats: 0.

CodeHeap 'non-profiled nmethods': size=120172Kb used=1183Kb max_used=1183Kb free=118989Kb
 bounds [0xed8f5000, 0xedb35000, 0xf4e50000]
CodeHeap 'profiled nmethods': size=120172Kb used=4682Kb max_used=4682Kb free=115489Kb
 bounds [0xe5e50000, 0xe62e8000, 0xed3ab000]
CodeHeap 'non-nmethods': size=5416Kb used=746Kb max_used=790Kb free=4669Kb
 bounds [0xed3ab000, 0xed5eb000, 0xed8f5000]
 total_blobs=2648 nmethods=2289 adapters=273
 compilation: enabled
              stopped_count=0, restarted_count=0
 full_count=0

Compilation events (20 events):
Event: 396.026 Thread 0xc429f450 2281       4       script.base_class::getGameObjectType (8 bytes)
Event: 396.028 Thread 0xc429f450 nmethod 2281 0xeda19c88 code [0xeda19da0, 0xeda19e5c]
Event: 396.078 Thread 0xc429f450 2282  s    4       java.util.Vector::add (25 bytes)
Event: 396.082 Thread 0xc429f450 nmethod 2282 0xeda19f88 code [0xeda1a0c0, 0xeda1a41c]
Event: 401.315 Thread 0xc42a0580 2283       1       script.custom_var::getObjId (5 bytes)
Event: 401.315 Thread 0xc42a0580 nmethod 2283 0xeda1a588 code [0xeda1a6a0, 0xeda1a760]
Event: 401.315 Thread 0xc42a0580 2284       1       script.custom_var::getVarName (5 bytes)
Event: 401.316 Thread 0xc42a0580 nmethod 2284 0xeda1a888 code [0xeda1a9a0, 0xeda1aa60]
Event: 401.340 Thread 0xc42a0580 2285       1       script.map_location::getX (5 bytes)
Event: 401.340 Thread 0xc42a0580 nmethod 2285 0xeda1ab88 code [0xeda1aca0, 0xeda1ad80]
Event: 401.340 Thread 0xc42a0580 2286       1       script.map_location::getY (5 bytes)
Event: 401.340 Thread 0xc42a0580 nmethod 2286 0xeda1ae88 code [0xeda1afa0, 0xeda1b080]
Event: 401.832 Thread 0xc429f450 2287 %     4       script.base_class::getObjectsInRange @ 24 (50 bytes)
Event: 401.885 Thread 0xc429f450 nmethod 2287% 0xeda1b188 code [0xeda1b2c0, 0xeda1b67c]
Event: 401.885 Thread 0xc429f450 2288       4       java.util.Hashtable$Enumerator::<init> (51 bytes)
Event: 401.898 Thread 0xc429f450 nmethod 2288 0xeda1b888 code [0xeda1b9a0, 0xeda1bc10]
Event: 403.092 Thread 0xc429f450 2289       4       java.io.ObjectInputStream$FieldValues::defaultSetFieldValues (39 bytes)
Event: 403.145 Thread 0xc429f450 nmethod 2289 0xeda1bd08 code [0xeda1be60, 0xeda1c33c]
Event: 403.914 Thread 0xc429f450 2290  s    4       java.util.Hashtable::keys (6 bytes)
Event: 403.918 Thread 0xc429f450 nmethod 2290 0xeda1c788 code [0xeda1c8c0, 0xeda1cb30]

GC Heap History (20 events):
Event: 65.994 GC heap before
{Heap before GC invocations=0 (full 0):
 garbage-first heap   total 131072K, used 12288K [0xc5c00000, 0xe5c00000)
  region size 1024K, 13 young (13312K), 0 survivors (0K)
 Metaspace       used 2459K, committed 2688K, reserved 16384K
}
Event: 66.061 GC heap after
{Heap after GC invocations=1 (full 0):
 garbage-first heap   total 131072K, used 2220K [0xc5c00000, 0xe5c00000)
  region size 1024K, 2 young (2048K), 2 survivors (2048K)
 Metaspace       used 2459K, committed 2688K, reserved 16384K
}
Event: 109.799 GC heap before
{Heap before GC invocations=1 (full 0):
 garbage-first heap   total 131072K, used 18604K [0xc5c00000, 0xe5c00000)
  region size 1024K, 18 young (18432K), 2 survivors (2048K)
 Metaspace       used 3971K, committed 4352K, reserved 16384K
}
Event: 109.854 GC heap after
{Heap after GC invocations=2 (full 0):
 garbage-first heap   total 131072K, used 3602K [0xc5c00000, 0xe5c00000)
  region size 1024K, 2 young (2048K), 2 survivors (2048K)
 Metaspace       used 3971K, committed 4352K, reserved 16384K
}
Event: 130.478 GC heap before
{Heap before GC invocations=2 (full 0):
 garbage-first heap   total 131072K, used 38418K [0xc5c00000, 0xe5c00000)
  region size 1024K, 36 young (36864K), 2 survivors (2048K)
 Metaspace       used 4882K, committed 5440K, reserved 16384K
}
Event: 130.531 GC heap after
{Heap after GC invocations=3 (full 0):
 garbage-first heap   total 131072K, used 5059K [0xc5c00000, 0xe5c00000)
  region size 1024K, 3 young (3072K), 3 survivors (3072K)
 Metaspace       used 4882K, committed 5440K, reserved 16384K
}
Event: 170.057 GC heap before
{Heap before GC invocations=3 (full 0):
 garbage-first heap   total 131072K, used 79811K [0xc5c00000, 0xe5c00000)
  region size 1024K, 76 young (77824K), 3 survivors (3072K)
 Metaspace       used 5792K, committed 6592K, reserved 16384K
}
Event: 170.152 GC heap after
{Heap after GC invocations=4 (full 0):
 garbage-first heap   total 131072K, used 7896K [0xc5c00000, 0xe5c00000)
  region size 1024K, 6 young (6144K), 6 survivors (6144K)
 Metaspace       used 5792K, committed 6592K, reserved 16384K
}
Event: 206.245 GC heap before
{Heap before GC invocations=4 (full 0):
 garbage-first heap   total 131072K, used 79576K [0xc5c00000, 0xe5c00000)
  region size 1024K, 76 young (77824K), 6 survivors (6144K)
 Metaspace       used 6637K, committed 7680K, reserved 16384K
}
Event: 206.273 GC heap after
{Heap after GC invocations=5 (full 0):
 garbage-first heap   total 131072K, used 10116K [0xc5c00000, 0xe5c00000)
  region size 1024K, 7 young (7168K), 7 survivors (7168K)
 Metaspace       used 6637K, committed 7680K, reserved 16384K
}
Event: 217.570 GC heap before
{Heap before GC invocations=5 (full 0):
 garbage-first heap   total 131072K, used 80772K [0xc5c00000, 0xe5c00000)
  region size 1024K, 76 young (77824K), 7 survivors (7168K)
 Metaspace       used 7331K, committed 8448K, reserved 16384K
}
Event: 217.593 GC heap after
{Heap after GC invocations=6 (full 0):
 garbage-first heap   total 131072K, used 12089K [0xc5c00000, 0xe5c00000)
  region size 1024K, 7 young (7168K), 7 survivors (7168K)
 Metaspace       used 7331K, committed 8448K, reserved 16384K
}
Event: 268.987 GC heap before
{Heap before GC invocations=6 (full 0):
 garbage-first heap   total 131072K, used 82745K [0xc5c00000, 0xe5c00000)
  region size 1024K, 76 young (77824K), 7 survivors (7168K)
 Metaspace       used 7882K, committed 9088K, reserved 16384K
}
Event: 269.027 GC heap after
{Heap after GC invocations=7 (full 0):
 garbage-first heap   total 131072K, used 14709K [0xc5c00000, 0xe5c00000)
  region size 1024K, 7 young (7168K), 7 survivors (7168K)
 Metaspace       used 7882K, committed 9088K, reserved 16384K
}
Event: 278.894 GC heap before
{Heap before GC invocations=7 (full 0):
 garbage-first heap   total 131072K, used 85365K [0xc5c00000, 0xe5c00000)
  region size 1024K, 76 young (77824K), 7 survivors (7168K)
 Metaspace       used 8620K, committed 9984K, reserved 16384K
}
Event: 278.938 GC heap after
{Heap after GC invocations=8 (full 0):
 garbage-first heap   total 131072K, used 16210K [0xc5c00000, 0xe5c00000)
  region size 1024K, 6 young (6144K), 6 survivors (6144K)
 Metaspace       used 8620K, committed 9984K, reserved 16384K
}
Event: 326.754 GC heap before
{Heap before GC invocations=8 (full 0):
 garbage-first heap   total 131072K, used 87890K [0xc5c00000, 0xe5c00000)
  region size 1024K, 76 young (77824K), 6 survivors (6144K)
 Metaspace       used 8925K, committed 10368K, reserved 16384K
}
Event: 326.822 GC heap after
{Heap after GC invocations=9 (full 0):
 garbage-first heap   total 131072K, used 18630K [0xc5c00000, 0xe5c00000)
  region size 1024K, 7 young (7168K), 7 survivors (7168K)
 Metaspace       used 8925K, committed 10368K, reserved 16384K
}
Event: 392.084 GC heap before
{Heap before GC invocations=9 (full 0):
 garbage-first heap   total 131072K, used 89286K [0xc5c00000, 0xe5c00000)
  region size 1024K, 76 young (77824K), 7 survivors (7168K)
 Metaspace       used 9429K, committed 10944K, reserved 16384K
}
Event: 392.139 GC heap after
{Heap after GC invocations=10 (full 0):
 garbage-first heap   total 131072K, used 20872K [0xc5c00000, 0xe5c00000)
  region size 1024K, 7 young (7168K), 7 survivors (7168K)
 Metaspace       used 9429K, committed 10944K, reserved 16384K
}

Dll operation events (4 events):
Event: 0.003 Loaded shared library /usr/lib/jvm/java-17-zulu-openjdk-jdk-x86/lib/libjava.so
Event: 65.769 Loaded shared library /usr/lib/jvm/java-17-zulu-openjdk-jdk-x86/lib/libnio.so
Event: 65.773 Loaded shared library /usr/lib/jvm/java-17-zulu-openjdk-jdk-x86/lib/libjimage.so
Event: 65.775 Loaded shared library /usr/lib/jvm/java-17-zulu-openjdk-jdk-x86/lib/libnet.so

Deoptimization events (20 events):
Event: 281.723 Thread 0x0b9a67e0 DEOPT PACKING pc=0xed985100 sp=0xffbf4d00
Event: 281.723 Thread 0x0b9a67e0 DEOPT UNPACKING pc=0xed3f4d33 sp=0xffbf4cdc mode 2
Event: 322.158 Thread 0x0b9a67e0 Uncommon trap: trap_request=0xffffff45 fr.pc=0xed944664 relative=0x00000944
Event: 322.158 Thread 0x0b9a67e0 Uncommon trap: reason=unstable_if action=reinterpret pc=0xed944664 method=java.lang.Long.equals(Ljava/lang/Object;)Z @ 19 c2
Event: 322.159 Thread 0x0b9a67e0 DEOPT PACKING pc=0xed944664 sp=0xffbf4ab0
Event: 322.159 Thread 0x0b9a67e0 DEOPT UNPACKING pc=0xed3f4d33 sp=0xffbf49e4 mode 2
Event: 322.159 Thread 0x0b9a67e0 Uncommon trap: trap_request=0xffffff45 fr.pc=0xed93bc08 relative=0x00000f48
Event: 322.159 Thread 0x0b9a67e0 Uncommon trap: reason=unstable_if action=reinterpret pc=0xed93bc08 method=java.lang.Long.equals(Ljava/lang/Object;)Z @ 19 c2
Event: 322.159 Thread 0x0b9a67e0 DEOPT PACKING pc=0xed93bc08 sp=0xffbf4a10
Event: 322.159 Thread 0x0b9a67e0 DEOPT UNPACKING pc=0xed3f4d33 sp=0xffbf49cc mode 2
Event: 326.839 Thread 0x0b9a67e0 Uncommon trap: trap_request=0xffffff45 fr.pc=0xed9bbe14 relative=0x000004b4
Event: 326.839 Thread 0x0b9a67e0 Uncommon trap: reason=unstable_if action=reinterpret pc=0xed9bbe14 method=script.script_entry.runScripts(Ljava/lang/String;[Ljava/lang/Object;)I @ 303 c2
Event: 326.839 Thread 0x0b9a67e0 DEOPT PACKING pc=0xed9bbe14 sp=0xffbf4910
Event: 326.839 Thread 0x0b9a67e0 DEOPT UNPACKING pc=0xed3f4d33 sp=0xffbf48e8 mode 2
Event: 338.785 Thread 0x0b9a67e0 DEOPT PACKING pc=0xe62797ab sp=0xffbf4c20
Event: 338.785 Thread 0x0b9a67e0 DEOPT UNPACKING pc=0xed3f4171 sp=0xffbf4aac mode 0
Event: 370.877 Thread 0x0b9a67e0 Uncommon trap: trap_request=0xffffff45 fr.pc=0xed9bd744 relative=0x00000a24
Event: 370.877 Thread 0x0b9a67e0 Uncommon trap: reason=unstable_if action=reinterpret pc=0xed9bd744 method=script.script_entry.callMessageHandlers(Ljava/lang/String;Lscript/obj_id;Lscript/dictionary;)I @ 347 c2
Event: 370.877 Thread 0x0b9a67e0 DEOPT PACKING pc=0xed9bd744 sp=0xffbf5280
Event: 370.877 Thread 0x0b9a67e0 DEOPT UNPACKING pc=0xed3f4d33 sp=0xffbf524c mode 2

Classes unloaded (0 events):
No events

Classes redefined (0 events):
No events

Internal exceptions (13 events):
Event: 65.634 Thread 0x0b9a67e0 Exception <a 'java/lang/NoSuchMethodError'{0xcd249010}: 'java.lang.Object java.lang.invoke.DirectMethodHandle$Holder.invokeStatic(java.lang.Object, float)'> (0xcd249010) 
thrown [src/hotspot/share/interpreter/linkResolver.cpp, line 759]
Event: 66.120 Thread 0x0b9a67e0 Exception <a 'java/lang/NoSuchMethodError'{0xcdaf82c8}: 'java.lang.Object java.lang.invoke.DirectMethodHandle$Holder.invokeSpecial(java.lang.Object, java.lang.Object, long, java.lang.Object, java.lang.Object, java.lang.Object, java.lang.Object, int, java.lang.Object)'> (0xcdaf82c8) 
thrown [src/hotspot/share/interpreter/linkResolver.cpp, line 759]
Event: 66.121 Thread 0x0b9a67e0 Exception <a 'java/lang/NoSuchMethodError'{0xcdafc5c8}: 'java.lang.Object java.lang.invoke.DelegatingMethodHandle$Holder.reinvoke_L(java.lang.Object, long, java.lang.Object, java.lang.Object, java.lang.Object, java.lang.Object, int, java.lang.Object)'> (0xcdafc5c8) 
thrown [src/hotspot/share/interpreter/linkResolver.cpp, line 759]
Event: 66.155 Thread 0x0b9a67e0 Exception <a 'java/lang/NoSuchMethodError'{0xcd9855c8}: 'java.lang.Object java.lang.invoke.DirectMethodHandle$Holder.invokeSpecial(java.lang.Object, java.lang.Object, java.lang.Object, java.lang.Object, float)'> (0xcd9855c8) 
thrown [src/hotspot/share/interpreter/linkResolver.cpp, line 759]
Event: 66.160 Thread 0x0b9a67e0 Exception <a 'java/lang/NoSuchMethodError'{0xcd9b2260}: 'java.lang.Object java.lang.invoke.DirectMethodHandle$Holder.invokeSpecial(java.lang.Object, java.lang.Object, java.lang.Object, java.lang.Object, int)'> (0xcd9b2260) 
thrown [src/hotspot/share/interpreter/linkResolver.cpp, line 759]
Event: 66.171 Thread 0x0b9a67e0 Exception <a 'java/lang/NoSuchMethodError'{0xcd9b59c8}: 'java.lang.Object java.lang.invoke.Invokers$Holder.linkToTargetMethod(java.lang.Object, java.lang.Object, int, java.lang.Object)'> (0xcd9b59c8) 
thrown [src/hotspot/share/interpreter/linkResolver.cpp, line 759]
Event: 66.209 Thread 0x0b9a67e0 Exception <a 'java/lang/NoSuchMethodError'{0xcd81c430}: 'java.lang.Object java.lang.invoke.DirectMethodHandle$Holder.invokeSpecial(java.lang.Object, java.lang.Object, long, java.lang.Object, java.lang.Object, java.lang.Object, java.lang.Object, java.lang.Object, java.lang.Object)'> (0xcd81c430) 
thrown [src/hotspot/share/interpreter/linkResolver.cpp, line 759]
Event: 66.210 Thread 0x0b9a67e0 Exception <a 'java/lang/NoSuchMethodError'{0xcd820808}: 'java.lang.Object java.lang.invoke.DelegatingMethodHandle$Holder.reinvoke_L(java.lang.Object, long, java.lang.Object, java.lang.Object, java.lang.Object, java.lang.Object, java.lang.Object, java.lang.Object)'> (0xcd820808) 
thrown [src/hotspot/share/interpreter/linkResolver.cpp, line 759]
Event: 67.179 Thread 0x0b9a67e0 Exception <a 'java/lang/NoSuchMethodError'{0xcd74a420}: 'java.lang.Object java.lang.invoke.DirectMethodHandle$Holder.invokeStaticInit(java.lang.Object)'> (0xcd74a420) 
thrown [src/hotspot/share/interpreter/linkResolver.cpp, line 759]
Event: 151.853 Thread 0x0b9a67e0 Exception <a 'java/lang/NoSuchMethodError'{0xc9d43168}: 'java.lang.Object java.lang.invoke.DirectMethodHandle$Holder.invokeSpecial(java.lang.Object, java.lang.Object, java.lang.Object, java.lang.Object, java.lang.Object, java.lang.Object, int)'> (0xc9d43168) 
thrown [src/hotspot/share/interpreter/linkResolver.cpp, line 759]
Event: 172.902 Thread 0x0b9a67e0 Implicit null exception at 0xed98368e to 0xed983a40
Event: 212.158 Thread 0x0b9a67e0 Exception <a 'java/lang/NoSuchMethodError'{0xcadb5890}: static [Lscript/obj_id;.<clinit>()V> (0xcadb5890) 
thrown [src/hotspot/share/prims/jni.cpp, line 1112]
Event: 238.689 Thread 0x0b9a67e0 Exception <a 'java/lang/NoSuchMethodError'{0xcbef13e8}: 'java.lang.Object java.lang.invoke.DirectMethodHandle$Holder.invokeSpecial(java.lang.Object, java.lang.Object, int, int, int)'> (0xcbef13e8) 
thrown [src/hotspot/share/interpreter/linkResolver.cpp, line 759]

VM Operations (20 events):
Event: 339.851 Executing VM operation: Cleanup
Event: 339.851 Executing VM operation: Cleanup done
Event: 344.856 Executing VM operation: Cleanup
Event: 344.856 Executing VM operation: Cleanup done
Event: 360.758 Executing VM operation: HandshakeAllThreads
Event: 360.758 Executing VM operation: HandshakeAllThreads done
Event: 371.761 Executing VM operation: Cleanup
Event: 371.762 Executing VM operation: Cleanup done
Event: 377.764 Executing VM operation: Cleanup
Event: 377.764 Executing VM operation: Cleanup done
Event: 380.765 Executing VM operation: Cleanup
Event: 380.765 Executing VM operation: Cleanup done
Event: 383.767 Executing VM operation: Cleanup
Event: 383.773 Executing VM operation: Cleanup done
Event: 388.774 Executing VM operation: Cleanup
Event: 388.774 Executing VM operation: Cleanup done
Event: 392.084 Executing VM operation: G1CollectForAllocation
Event: 392.139 Executing VM operation: G1CollectForAllocation done
Event: 405.146 Executing VM operation: Cleanup
Event: 405.147 Executing VM operation: Cleanup done

Events (20 events):
Event: 212.191 loading class java/lang/constant/MethodHandleDesc$1
Event: 212.191 loading class java/lang/constant/MethodHandleDesc$1 done
Event: 212.191 loading class java/lang/constant/DirectMethodHandleDescImpl
Event: 212.191 loading class java/lang/constant/DirectMethodHandleDesc
Event: 212.191 loading class java/lang/constant/DirectMethodHandleDesc done
Event: 212.191 loading class java/lang/constant/DirectMethodHandleDescImpl done
Event: 212.191 loading class java/lang/constant/DirectMethodHandleDescImpl$1
Event: 212.191 loading class java/lang/constant/DirectMethodHandleDescImpl$1 done
Event: 212.191 loading class java/lang/constant/DirectMethodHandleDesc$1
Event: 212.191 loading class java/lang/constant/DirectMethodHandleDesc$1 done
Event: 212.191 loading class java/lang/constant/PrimitiveClassDescImpl
Event: 212.191 loading class java/lang/constant/DynamicConstantDesc
Event: 212.191 loading class java/lang/constant/DynamicConstantDesc done
Event: 212.191 loading class java/lang/constant/PrimitiveClassDescImpl done
Event: 212.191 loading class java/lang/constant/DynamicConstantDesc$AnonymousDynamicConstantDesc
Event: 212.191 loading class java/lang/constant/DynamicConstantDesc$AnonymousDynamicConstantDesc done
Event: 270.718 loading class java/util/Hashtable$ValueCollection
Event: 270.718 loading class java/util/Hashtable$ValueCollection done
Event: 410.196 Thread 0x0b9a67e0 Thread exited: 0x0b9a67e0
Event: 410.200 Thread 0xf5f242d0 Thread exited: 0xf5f242d0


Dynamic libraries:
08048000-09298000 r-xp 00000000 08:04 494947248                          /home/almalinux/swg-returns-nge/build/bin/SwgGameServer
09298000-0929c000 rw-p 0124f000 08:04 494947248                          /home/almalinux/swg-returns-nge/build/bin/SwgGameServer
0929c000-09b1f000 rw-p 00000000 00:00 0 
0a2e1000-1dd71000 rw-p 00000000 00:00 0                                  [heap]
bee00000-beed1000 rw-p 00000000 00:00 0 
beed1000-bef00000 ---p 00000000 00:00 0 
bf000000-bf0f9000 rw-p 00000000 00:00 0 
bf0f9000-bf100000 ---p 00000000 00:00 0 
bf100000-bf1fe000 rw-p 00000000 00:00 0 
bf1fe000-bf200000 ---p 00000000 00:00 0 
bf200000-bf2f9000 rw-p 00000000 00:00 0 
bf2f9000-bf300000 ---p 00000000 00:00 0 
bf300000-bf3c7000 rw-p 00000000 00:00 0 
bf3c7000-bf400000 ---p 00000000 00:00 0 
bf400000-bf4f9000 rw-p 00000000 00:00 0 
bf4f9000-bf500000 ---p 00000000 00:00 0 
bf500000-bf5f9000 rw-p 00000000 00:00 0 
bf5f9000-bf600000 ---p 00000000 00:00 0 
bf600000-bf6fb000 rw-p 00000000 00:00 0 
bf6fb000-bf700000 ---p 00000000 00:00 0 
bf700000-bf7f9000 rw-p 00000000 00:00 0 
bf7f9000-bf800000 ---p 00000000 00:00 0 
bf800000-bf8f9000 rw-p 00000000 00:00 0 
bf8f9000-bf900000 ---p 00000000 00:00 0 
bfb00000-bfbf9000 rw-p 00000000 00:00 0 
bfbf9000-bfc00000 ---p 00000000 00:00 0 
bfc00000-bfcf9000 rw-p 00000000 00:00 0 
bfcf9000-bfd00000 ---p 00000000 00:00 0 
bfd00000-bfe00000 rw-p 00000000 00:00 0 
bff00000-bfffa000 rw-p 00000000 00:00 0 
bfffa000-c0000000 ---p 00000000 00:00 0 
c0000000-c00ff000 rw-p 00000000 00:00 0 
c00ff000-c0100000 ---p 00000000 00:00 0 
c0100000-c0200000 rw-p 00000000 00:00 0 
c0300000-c03ee000 rw-p 00000000 00:00 0 
c03ee000-c0400000 ---p 00000000 00:00 0 
c045b000-c045f000 ---p 00000000 00:00 0 
c045f000-c04dc000 rw-p 00000000 00:00 0 
c0c7f000-c0c80000 ---p 00000000 00:00 0 
c0c80000-c0d00000 rw-p 00000000 00:00 0 
c0d00000-c0dfa000 rw-p 00000000 00:00 0 
c0dfa000-c0e00000 ---p 00000000 00:00 0 
c1300000-c1400000 rw-p 00000000 00:00 0 
c1439000-c143a000 ---p 00000000 00:00 0 
c143a000-c14ba000 rw-p 00000000 00:00 0 
c14ba000-c14be000 ---p 00000000 00:00 0 
c14be000-c153b000 rw-p 00000000 00:00 0 
c173d000-c1741000 ---p 00000000 00:00 0 
c1741000-c17fe000 rw-p 00000000 00:00 0 
c17fe000-c1802000 ---p 00000000 00:00 0 
c1802000-c18bf000 rw-p 00000000 00:00 0 
c18bf000-c18c0000 ---p 00000000 00:00 0 
c18c0000-c1940000 rw-p 00000000 00:00 0 
c1940000-c1944000 ---p 00000000 00:00 0 
c1944000-c1a01000 rw-p 00000000 00:00 0 
c1a01000-c1a05000 ---p 00000000 00:00 0 
c1a05000-c1ac2000 rw-p 00000000 00:00 0 
c1ac2000-c1ac6000 ---p 00000000 00:00 0 
c1ac6000-c1b43000 rw-p 00000000 00:00 0 
c1b43000-c1b47000 ---p 00000000 00:00 0 
c1b47000-c1c04000 rw-p 00000000 00:00 0 
c1c04000-c1c08000 ---p 00000000 00:00 0 
c1c08000-c1cc5000 rw-p 00000000 00:00 0 
c1cc5000-c1cc9000 ---p 00000000 00:00 0 
c1cc9000-c1d86000 rw-p 00000000 00:00 0 
c1d86000-c2000000 r--p 00078000 08:04 535181                             /usr/lib/locale/locale-archive
c2000000-c21b0000 rw-p 00000000 00:00 0 
c21b0000-c2400000 ---p 00000000 00:00 0 
c2400000-c2d10000 rw-p 00000000 00:00 0 
c2d10000-c3000000 ---p 00000000 00:00 0 
c307e000-c327e000 r--p 00000000 08:04 535181                             /usr/lib/locale/locale-archive
c327e000-c3282000 ---p 00000000 00:00 0 
c3282000-c333f000 rw-p 00000000 00:00 0 
c333f000-c3343000 ---p 00000000 00:00 0 
c3343000-c3400000 rw-p 00000000 00:00 0 
c3400000-c3421000 rw-p 00000000 00:00 0 
c3421000-c3500000 ---p 00000000 00:00 0 
c3531000-c3535000 ---p 00000000 00:00 0 
c3535000-c35b2000 rw-p 00000000 00:00 0 
c35b2000-c35b3000 ---p 00000000 00:00 0 
c35b3000-c3633000 rw-p 00000000 00:00 0 
c3633000-c3f00000 rw-p 00001000 08:04 143240867                          /usr/lib/jvm/java-17-zulu-openjdk-jdk-x86/lib/server/classes.jsa
c3f00000-c3f21000 rw-p 00000000 00:00 0 
c3f21000-c4000000 ---p 00000000 00:00 0 
c407f000-c4080000 ---p 00000000 00:00 0 
c4080000-c4100000 rw-p 00000000 00:00 0 
c4100000-c4121000 rw-p 00000000 00:00 0 
c4121000-c4200000 ---p 00000000 00:00 0 
c4200000-c42d5000 rw-p 00000000 00:00 0 
c42d5000-c4300000 ---p 00000000 00:00 0 
c437f000-c4380000 ---p 00000000 00:00 0 
c4380000-c4400000 rw-p 00000000 00:00 0 
c4400000-c4425000 rw-p 00000000 00:00 0 
c4425000-c4500000 ---p 00000000 00:00 0 
c457f000-c4580000 ---p 00000000 00:00 0 
c4580000-c4600000 rw-p 00000000 00:00 0 
c4600000-c46f8000 rw-p 00000000 00:00 0 
c46f8000-c4700000 ---p 00000000 00:00 0 
c477f000-c4780000 ---p 00000000 00:00 0 
c4780000-c4800000 rw-p 00000000 00:00 0 
c4800000-c48f9000 rw-p 00000000 00:00 0 
c48f9000-c4900000 ---p 00000000 00:00 0 
c497f000-c4980000 ---p 00000000 00:00 0 
c4980000-c4c00000 rw-p 00000000 00:00 0 
c4c00000-c5200000 ---p 00000000 00:00 0 
c5200000-c5400000 rw-p 00000000 00:00 0 
c5400000-c5a00000 ---p 00000000 00:00 0 
c5a00000-c5a40000 rw-p 00000000 00:00 0 
c5a40000-c5b00000 ---p 00000000 00:00 0 
c5b00000-c5b40000 rw-p 00000000 00:00 0 
c5b40000-c5c00000 ---p 00000000 00:00 0 
c5c00000-cdc00000 rw-p 00000000 00:00 0 
cdc00000-e5c00000 ---p 00000000 00:00 0 
e5c65000-e5ca5000 rw-p 00000000 00:00 0 
e5ca5000-e5d65000 ---p 00000000 00:00 0 
e5d65000-e5d6a000 rw-p 00000000 00:00 0 
e5d6a000-e5e50000 ---p 00000000 00:00 0 
e5e50000-e62e8000 rwxp 00000000 00:00 0 
e62e8000-ed3ab000 ---p 00000000 00:00 0 
ed3ab000-ed5eb000 rwxp 00000000 00:00 0 
ed5eb000-ed8f5000 ---p 00000000 00:00 0 
ed8f5000-edb35000 rwxp 00000000 00:00 0 
edb35000-f4e50000 ---p 00000000 00:00 0 
f4e50000-f4fb8000 r--s 00000000 08:04 117534333                          /usr/lib/jvm/java-17-zulu-openjdk-jdk-x86/lib/modules
f4fb8000-f5e5a000 r-xp 00000000 08:04 143240869                          /usr/lib/jvm/java-17-zulu-openjdk-jdk-x86/lib/server/libjvm.so
f5e5a000-f5eaf000 r--p 00ea1000 08:04 143240869                          /usr/lib/jvm/java-17-zulu-openjdk-jdk-x86/lib/server/libjvm.so
f5eaf000-f5ed0000 rw-p 00ef6000 08:04 143240869                          /usr/lib/jvm/java-17-zulu-openjdk-jdk-x86/lib/server/libjvm.so
f5ed0000-f5f00000 rw-p 00000000 00:00 0 
f5f00000-f6000000 rw-p 00000000 00:00 0 
f6006000-f6007000 ---p 00000000 00:00 0 
f6007000-f600b000 ---p 00000000 00:00 0 
f600b000-f6b7f000 rw-p 00000000 00:00 0 
f6b8b000-f6ba0000 r-xp 00000000 08:04 117534323                          /usr/lib/jvm/java-17-zulu-openjdk-jdk-x86/lib/libnet.so
f6ba0000-f6ba1000 r--p 00014000 08:04 117534323                          /usr/lib/jvm/java-17-zulu-openjdk-jdk-x86/lib/libnet.so
f6ba1000-f6ba2000 rw-p 00015000 08:04 117534323                          /usr/lib/jvm/java-17-zulu-openjdk-jdk-x86/lib/libnet.so
f6ba2000-f6bac000 rw-p 00000000 00:00 0 
f6bac000-f6c8d000 ---p 00000000 00:00 0 
f6ec7000-f6ed9000 r-xp 00000000 08:04 117534324                          /usr/lib/jvm/java-17-zulu-openjdk-jdk-x86/lib/libnio.so
f6ed9000-f6eda000 r--p 00011000 08:04 117534324                          /usr/lib/jvm/java-17-zulu-openjdk-jdk-x86/lib/libnio.so
f6eda000-f6edb000 rw-p 00012000 08:04 117534324                          /usr/lib/jvm/java-17-zulu-openjdk-jdk-x86/lib/libnio.so
f6edb000-f6f04000 rw-p 00000000 00:00 0 
f6f04000-f6f27000 r-xp 00000000 08:04 117534310                          /usr/lib/jvm/java-17-zulu-openjdk-jdk-x86/lib/libjava.so
f6f27000-f6f28000 r--p 00022000 08:04 117534310                          /usr/lib/jvm/java-17-zulu-openjdk-jdk-x86/lib/libjava.so
f6f28000-f6f29000 rw-p 00023000 08:04 117534310                          /usr/lib/jvm/java-17-zulu-openjdk-jdk-x86/lib/libjava.so
f6f29000-f6f35000 r-xp 00000000 08:04 16831767                           /usr/lib/libnss_files-2.28.so
f6f35000-f6f36000 r--p 0000b000 08:04 16831767                           /usr/lib/libnss_files-2.28.so
f6f36000-f6f37000 rw-p 0000c000 08:04 16831767                           /usr/lib/libnss_files-2.28.so
f6f37000-f6f3d000 rw-p 00000000 00:00 0 
f6f43000-f6f48000 rw-p 00000000 00:00 0 
f6f48000-f6f4e000 ---p 00000000 00:00 0 
f6f4e000-f6f69000 r-xp 00000000 08:04 117534314                          /usr/lib/jvm/java-17-zulu-openjdk-jdk-x86/lib/libjimage.so
f6f69000-f6f6a000 ---p 0001b000 08:04 117534314                          /usr/lib/jvm/java-17-zulu-openjdk-jdk-x86/lib/libjimage.so
f6f6a000-f6f6b000 r--p 0001b000 08:04 117534314                          /usr/lib/jvm/java-17-zulu-openjdk-jdk-x86/lib/libjimage.so
f6f6b000-f6f6c000 rw-p 0001c000 08:04 117534314                          /usr/lib/jvm/java-17-zulu-openjdk-jdk-x86/lib/libjimage.so
f6f6c000-f6f70000 rw-p 00000000 00:00 0 
f6f70000-f6ff8000 r-xp 00000000 08:04 17191875                           /usr/lib/libpcre2-8.so.0.7.1
f6ff8000-f6ff9000 r--p 00087000 08:04 17191875                           /usr/lib/libpcre2-8.so.0.7.1
f6ff9000-f6ffa000 rw-p 00088000 08:04 17191875                           /usr/lib/libpcre2-8.so.0.7.1
f6ffa000-f701a000 r-xp 00000000 08:04 17021543                           /usr/lib/libcrypt.so.1.1.0
f701a000-f701b000 ---p 00020000 08:04 17021543                           /usr/lib/libcrypt.so.1.1.0
f701b000-f701c000 r--p 00020000 08:04 17021543                           /usr/lib/libcrypt.so.1.1.0
f701c000-f7025000 rw-p 00000000 00:00 0 
f7025000-f7050000 r-xp 00000000 08:04 17191887                           /usr/lib/libselinux.so.1
f7050000-f7051000 ---p 0002b000 08:04 17191887                           /usr/lib/libselinux.so.1
f7051000-f7052000 r--p 0002b000 08:04 17191887                           /usr/lib/libselinux.so.1
f7052000-f7053000 rw-p 0002c000 08:04 17191887                           /usr/lib/libselinux.so.1
f7053000-f7054000 rw-p 00000000 00:00 0 
f7054000-f7073000 r-xp 00000000 08:04 18866589                           /usr/lib/libbrotlicommon.so.1.0.6
f7073000-f7074000 r--p 0001e000 08:04 18866589                           /usr/lib/libbrotlicommon.so.1.0.6
f7074000-f7075000 rw-p 0001f000 08:04 18866589                           /usr/lib/libbrotlicommon.so.1.0.6
f7075000-f7093000 r-xp 00000000 08:04 17191915                           /usr/lib/libsasl2.so.3.0.0
f7093000-f7094000 ---p 0001e000 08:04 17191915                           /usr/lib/libsasl2.so.3.0.0
f7094000-f7095000 r--p 0001e000 08:04 17191915                           /usr/lib/libsasl2.so.3.0.0
f7095000-f7096000 rw-p 0001f000 08:04 17191915                           /usr/lib/libsasl2.so.3.0.0
f7096000-f7098000 rw-p 00000000 00:00 0 
f7098000-f70ac000 r-xp 00000000 08:04 16831772                           /usr/lib/libresolv-2.28.so
f70ac000-f70ad000 ---p 00014000 08:04 16831772                           /usr/lib/libresolv-2.28.so
f70ad000-f70ae000 r--p 00014000 08:04 16831772                           /usr/lib/libresolv-2.28.so
f70ae000-f70af000 rw-p 00015000 08:04 16831772                           /usr/lib/libresolv-2.28.so
f70af000-f70b1000 rw-p 00000000 00:00 0 
f70b1000-f70b4000 r-xp 00000000 08:04 17191893                           /usr/lib/libkeyutils.so.1.6
f70b4000-f70b5000 ---p 00003000 08:04 17191893                           /usr/lib/libkeyutils.so.1.6
f70b5000-f70b6000 r--p 00003000 08:04 17191893                           /usr/lib/libkeyutils.so.1.6
f70b6000-f70b7000 rw-p 00000000 00:00 0 
f70b7000-f70c7000 r-xp 00000000 08:04 17021560                           /usr/lib/libkrb5support.so.0.1
f70c7000-f70c8000 r--p 0000f000 08:04 17021560                           /usr/lib/libkrb5support.so.0.1
f70c8000-f70c9000 rw-p 00010000 08:04 17021560                           /usr/lib/libkrb5support.so.0.1
f70c9000-f70d1000 r-xp 00000000 08:04 16831774                           /usr/lib/librt-2.28.so
f70d1000-f70d2000 r--p 00007000 08:04 16831774                           /usr/lib/librt-2.28.so
f70d2000-f70d3000 rw-p 00008000 08:04 16831774                           /usr/lib/librt-2.28.so
f70d3000-f7252000 r-xp 00000000 08:04 17021545                           /usr/lib/libunistring.so.2.1.0
f7252000-f7253000 ---p 0017f000 08:04 17021545                           /usr/lib/libunistring.so.2.1.0
f7253000-f7255000 r--p 0017f000 08:04 17021545                           /usr/lib/libunistring.so.2.1.0
f7255000-f7256000 rw-p 00181000 08:04 17021545                           /usr/lib/libunistring.so.2.1.0
f7256000-f7280000 r-xp 00000000 08:04 18654292                           /usr/lib/liblzma.so.5.2.4
f7280000-f7281000 r--p 00029000 08:04 18654292                           /usr/lib/liblzma.so.5.2.4
f7281000-f7282000 rw-p 00000000 00:00 0 
f7282000-f728e000 r-xp 00000000 08:04 17191936                           /usr/lib/libbrotlidec.so.1.0.6
f728e000-f728f000 r--p 0000b000 08:04 17191936                           /usr/lib/libbrotlidec.so.1.0.6
f728f000-f7290000 rw-p 00000000 00:00 0 
f7290000-f729f000 r-xp 00000000 08:04 17191918                           /usr/lib/liblber-2.4.so.2.10.9
f729f000-f72a0000 r--p 0000e000 08:04 17191918                           /usr/lib/liblber-2.4.so.2.10.9
f72a0000-f72a1000 rw-p 0000f000 08:04 17191918                           /usr/lib/liblber-2.4.so.2.10.9
f72a1000-f72f6000 r-xp 00000000 08:04 17191920                           /usr/lib/libldap-2.4.so.2.10.9
f72f6000-f72f7000 ---p 00055000 08:04 17191920                           /usr/lib/libldap-2.4.so.2.10.9
f72f7000-f72f8000 r--p 00055000 08:04 17191920                           /usr/lib/libldap-2.4.so.2.10.9
f72f8000-f72f9000 rw-p 00056000 08:04 17191920                           /usr/lib/libldap-2.4.so.2.10.9
f72f9000-f72fb000 rw-p 00000000 00:00 0 
f72fb000-f72fe000 r-xp 00000000 08:04 16994899                           /usr/lib/libcom_err.so.2.1
f72fe000-f72ff000 r--p 00002000 08:04 16994899                           /usr/lib/libcom_err.so.2.1
f72ff000-f7300000 rw-p 00003000 08:04 16994899                           /usr/lib/libcom_err.so.2.1
f7300000-f7316000 r-xp 00000000 08:04 17021552                           /usr/lib/libk5crypto.so.3.1
f7316000-f7317000 ---p 00016000 08:04 17021552                           /usr/lib/libk5crypto.so.3.1
f7317000-f7318000 r--p 00016000 08:04 17021552                           /usr/lib/libk5crypto.so.3.1
f7318000-f7319000 rw-p 00017000 08:04 17021552                           /usr/lib/libk5crypto.so.3.1
f7319000-f73fc000 r-xp 00000000 08:04 17021558                           /usr/lib/libkrb5.so.3.3
f73fc000-f7403000 r--p 000e2000 08:04 17021558                           /usr/lib/libkrb5.so.3.3
f7403000-f7404000 rw-p 000e9000 08:04 17021558                           /usr/lib/libkrb5.so.3.3
f7404000-f745f000 r-xp 00000000 08:04 17021548                           /usr/lib/libgssapi_krb5.so.2.2
f745f000-f7461000 r--p 0005a000 08:04 17021548                           /usr/lib/libgssapi_krb5.so.2.2
f7461000-f7462000 rw-p 0005c000 08:04 17021548                           /usr/lib/libgssapi_krb5.so.2.2
f7462000-f7713000 r-xp 00000000 08:04 18627877                           /usr/lib/libcrypto.so.1.1.1k
f7713000-f772c000 r--p 002b0000 08:04 18627877                           /usr/lib/libcrypto.so.1.1.1k
f772c000-f772e000 rw-p 002c9000 08:04 18627877                           /usr/lib/libcrypto.so.1.1.1k
f772e000-f7732000 rw-p 00000000 00:00 0 
f7732000-f77c4000 r-xp 00000000 08:04 18627879                           /usr/lib/libssl.so.1.1.1k
f77c4000-f77ca000 r--p 00091000 08:04 18627879                           /usr/lib/libssl.so.1.1.1k
f77ca000-f77ce000 rw-p 00097000 08:04 18627879                           /usr/lib/libssl.so.1.1.1k
f77ce000-f77de000 r-xp 00000000 08:04 18660120                           /usr/lib/libpsl.so.5.3.1
f77de000-f77df000 r--p 0000f000 08:04 18660120                           /usr/lib/libpsl.so.5.3.1
f77df000-f77e0000 rw-p 00000000 00:00 0 
f77e0000-f785d000 r-xp 00000000 08:04 16994901                           /usr/lib/libssh.so.4.8.7
f785d000-f785e000 ---p 0007d000 08:04 16994901                           /usr/lib/libssh.so.4.8.7
f785e000-f785f000 r--p 0007d000 08:04 16994901                           /usr/lib/libssh.so.4.8.7
f785f000-f7860000 rw-p 0007e000 08:04 16994901                           /usr/lib/libssh.so.4.8.7
f7860000-f787d000 r-xp 00000000 08:04 17040588                           /usr/lib/libidn2.so.0.3.6
f787d000-f787e000 r--p 0001c000 08:04 17040588                           /usr/lib/libidn2.so.0.3.6
f787e000-f787f000 rw-p 00000000 00:00 0 
f787f000-f78a7000 r-xp 00000000 08:04 17191891                           /usr/lib/libnghttp2.so.14.17.0
f78a7000-f78a8000 r--p 00027000 08:04 17191891                           /usr/lib/libnghttp2.so.14.17.0
f78a8000-f78aa000 rw-p 00028000 08:04 17191891                           /usr/lib/libnghttp2.so.14.17.0
f78aa000-f7a4c000 r-xp 00000000 08:04 16831756                           /usr/lib/libc-2.28.so
f7a4c000-f7a4d000 ---p 001a2000 08:04 16831756                           /usr/lib/libc-2.28.so
f7a4d000-f7a4f000 r--p 001a2000 08:04 16831756                           /usr/lib/libc-2.28.so
f7a4f000-f7a50000 rw-p 001a4000 08:04 16831756                           /usr/lib/libc-2.28.so
f7a50000-f7a55000 rw-p 00000000 00:00 0 
f7a55000-f7a70000 r-xp 00000000 08:04 16985139                           /usr/lib/libgcc_s-8-20210514.so.1
f7a70000-f7a71000 r--p 0001a000 08:04 16985139                           /usr/lib/libgcc_s-8-20210514.so.1
f7a71000-f7a72000 rw-p 0001b000 08:04 16985139                           /usr/lib/libgcc_s-8-20210514.so.1
f7a72000-f7b42000 r-xp 00000000 08:04 16831760                           /usr/lib/libm-2.28.so
f7b42000-f7b43000 r--p 000cf000 08:04 16831760                           /usr/lib/libm-2.28.so
f7b43000-f7b44000 rw-p 000d0000 08:04 16831760                           /usr/lib/libm-2.28.so
f7b44000-f7ccd000 r-xp 00000000 08:04 16985145                           /usr/lib/libstdc++.so.6.0.25
f7ccd000-f7cce000 ---p 00189000 08:04 16985145                           /usr/lib/libstdc++.so.6.0.25
f7cce000-f7cd4000 r--p 00189000 08:04 16985145                           /usr/lib/libstdc++.so.6.0.25
f7cd4000-f7cd5000 rw-p 0018f000 08:04 16985145                           /usr/lib/libstdc++.so.6.0.25
f7cd5000-f7cd7000 rw-p 00000000 00:00 0 
f7cd7000-f7cee000 r-xp 00000000 08:04 16963437                           /usr/lib/libz.so.1.2.11
f7cee000-f7cef000 ---p 00017000 08:04 16963437                           /usr/lib/libz.so.1.2.11
f7cef000-f7cf0000 r--p 00017000 08:04 16963437                           /usr/lib/libz.so.1.2.11
f7cf0000-f7cf1000 rw-p 00000000 00:00 0 
f7cf1000-f7e6e000 r-xp 00000000 08:04 16963397                           /usr/lib/libxml2.so.2.9.7
f7e6e000-f7e73000 r--p 0017c000 08:04 16963397                           /usr/lib/libxml2.so.2.9.7
f7e73000-f7e74000 rw-p 00181000 08:04 16963397                           /usr/lib/libxml2.so.2.9.7
f7e74000-f7e75000 rw-p 00000000 00:00 0 
f7e75000-f7e91000 r-xp 00000000 08:04 16831770                           /usr/lib/libpthread-2.28.so
f7e91000-f7e92000 r--p 0001b000 08:04 16831770                           /usr/lib/libpthread-2.28.so
f7e92000-f7e93000 rw-p 0001c000 08:04 16831770                           /usr/lib/libpthread-2.28.so
f7e93000-f7e95000 rw-p 00000000 00:00 0 
f7e95000-f7f09000 r-xp 00000000 08:04 16818911                           /usr/lib/libpcre.so.1.2.10
f7f09000-f7f0a000 ---p 00074000 08:04 16818911                           /usr/lib/libpcre.so.1.2.10
f7f0a000-f7f0b000 r--p 00074000 08:04 16818911                           /usr/lib/libpcre.so.1.2.10
f7f0b000-f7f0c000 rw-p 00075000 08:04 16818911                           /usr/lib/libpcre.so.1.2.10
f7f0c000-f7f0f000 r-xp 00000000 08:04 16831758                           /usr/lib/libdl-2.28.so
f7f0f000-f7f10000 r--p 00002000 08:04 16831758                           /usr/lib/libdl-2.28.so
f7f10000-f7f11000 rw-p 00003000 08:04 16831758                           /usr/lib/libdl-2.28.so
f7f11000-f7fae000 r-xp 00000000 08:04 16994905                           /usr/lib/libcurl.so.4.5.0
f7fae000-f7fb0000 r--p 0009c000 08:04 16994905                           /usr/lib/libcurl.so.4.5.0
f7fb0000-f7fb1000 rw-p 0009e000 08:04 16994905                           /usr/lib/libcurl.so.4.5.0
f7fb1000-f7fb8000 r--s 00000000 08:04 176632422                          /usr/lib/gconv/gconv-modules.cache
f7fb8000-f7fc0000 rw-s 00000000 08:04 151636362                          /tmp/hsperfdata_almalinux/1415194 (deleted)
f7fc0000-f7fc1000 ---p 00000000 00:00 0 
f7fc1000-f7fc2000 r--p 00000000 00:00 0 
f7fc2000-f7fc4000 rw-p 00000000 00:00 0 
f7fc4000-f7fc8000 r--p 00000000 00:00 0                                  [vvar]
f7fc8000-f7fca000 r-xp 00000000 00:00 0                                  [vdso]
f7fca000-f7ff9000 r-xp 00000000 08:04 16831749                           /usr/lib/ld-2.28.so
f7ff9000-f7ffa000 ---p 00000000 00:00 0 
f7ffa000-f7ffb000 r--p 0002f000 08:04 16831749                           /usr/lib/ld-2.28.so
f7ffb000-f7ffc000 rw-p 00030000 08:04 16831749                           /usr/lib/ld-2.28.so
ffa33000-ffa34000 rwxp 00000000 00:00 0 
ffb3c000-ffbf8000 rw-p 00000000 00:00 0                                  [stack]


VM Arguments:
jvm_args: -Xms128m -Xmx512m -Xss768k -XX:MaxMetaspaceSize=96m -Xrs -XX:-UsePerfData -XX:-AllowUserSignalHandlers -XX:UseSSE=3 -XX+DoEscapeAnalysis -XX:AutoBoxCacheMax:2000 -XX:+OptimizeStringConcat -XX:+OptimizeFill -XX:+EliminateAutoBox -XX:+UseCompressedStrings -XX:+UseCompressedOops -XX:+EliminateLocks -XX:UseFastAccessorMethods -XX:+UseStringCache -XgcPrio:throughput -XXkeepAreaRatio:1 -XXlazyUnlocking -XXcallProfiling -XXcompactRatio:1 
java_command: <unknown>
java_class_path (initial): ../../data/sku.0/sys.server/compiled/game/
Launcher Type: generic

[Global flags]
     intx CICompilerCount                          = 3                                         {product} {ergonomic}
     uint ConcGCThreads                            = 1                                         {product} {ergonomic}
     uint G1ConcRefinementThreads                  = 4                                         {product} {ergonomic}
   size_t G1HeapRegionSize                         = 1048576                                   {product} {ergonomic}
    uintx GCDrainStackTargetSize                   = 64                                        {product} {ergonomic}
   size_t InitialHeapSize                          = 134217728                                 {product} {command line}
   size_t MarkStackSize                            = 32768                                     {product} {ergonomic}
   size_t MaxHeapSize                              = 536870912                                 {product} {command line}
   size_t MaxMetaspaceSize                         = 100663296                                 {product} {command line}
   size_t MaxNewSize                               = 321912832                                 {product} {ergonomic}
   size_t MinHeapDeltaBytes                        = 1048576                                   {product} {ergonomic}
   size_t MinHeapSize                              = 134217728                                 {product} {command line}
    uintx NonNMethodCodeHeapSize                   = 5544422                                {pd product} {ergonomic}
    uintx NonProfiledCodeHeapSize                  = 123056909                              {pd product} {ergonomic}
    uintx ProfiledCodeHeapSize                     = 123056909                              {pd product} {ergonomic}
    uintx ReservedCodeCacheSize                    = 251658240                              {pd product} {ergonomic}
     bool SegmentedCodeCache                       = true                                      {product} {ergonomic}
   size_t SoftMaxHeapSize                          = 536870912                              {manageable} {ergonomic}
   double SweeperThreshold                         = 0.500000                                  {product} {ergonomic}
     intx ThreadStackSize                          = 768                                    {pd product} {command line}
     bool UseG1GC                                  = true                                      {product} {ergonomic}

Logging:
Log output configuration:
 #0: stdout all=off uptime,level,tags
 #1: stderr all=off uptime,level,tags

Environment Variables:
JAVA_HOME=/usr/lib/jvm/zulu-17-x86
PATH=/usr/java/jdk1.7.0_80/bin:/usr/java/jdk1.7.0_80/bin:/usr/java/jdk1.6.0_45/bin:/usr/java/jdk1.6.0_45/bin:/usr/java/jdk1.6.0_45/bin:/home/almalinux/.local/bin:/home/almalinux/bin:/sbin:/bin:/usr/bin:/usr/local/bin:/usr/local/sbin:/usr/sbin:/usr/lib/oracle/18.3/client/bin:/usr/lib/oracle/18.3/client/bin:/usr/lib/jvm/java-11-openjdk/bin:./
LD_LIBRARY_PATH=/usr/lib/jvm/java-17-zulu-openjdk-jdk-x86/lib/server:/usr/lib/jvm/java-17-zulu-openjdk-jdk-x86/lib:/usr/lib/jvm/java-17-zulu-openjdk-jdk-x86/../lib:/usr/lib/jvm/zulu-17-x86/lib/server:/usr/lib/jvm/java-11-openjdk/lib:/usr/lib/jvm/java-11-openjdk/lib/server:./
SHELL=/bin/bash
DISPLAY=:10.0
LANG=en_US.UTF-8
TERM=xterm-256color

Active Locale:
LC_ALL=en_US.UTF-8
LC_COLLATE=en_US.UTF-8
LC_CTYPE=en_US.UTF-8
LC_MESSAGES=en_US.UTF-8
LC_MONETARY=en_US.UTF-8
LC_NUMERIC=en_US.UTF-8
LC_TIME=en_US.UTF-8

Signal Handlers:
   SIGSEGV: crash_handler in libjvm.so, mask=11100100010111111101111111111110, flags=SA_RESTART|SA_SIGINFO, unblocked
    SIGBUS: crash_handler in libjvm.so, mask=11100100010111111101111111111110, flags=SA_RESTART|SA_SIGINFO, unblocked
    SIGFPE: crash_handler in libjvm.so, mask=11100100010111111101111111111110, flags=SA_RESTART|SA_SIGINFO, unblocked
   SIGPIPE: SIG_IGN, mask=00000000000010000000000000000000, flags=SA_RESTART, blocked
  *** Handler was modified!
  *** Expected: javaSignalHandler in libjvm.so, mask=11100100110111111111111111111110, flags=SA_RESTART|SA_SIGINFO
   SIGXFSZ: javaSignalHandler in libjvm.so, mask=11100100010111111101111111111110, flags=SA_RESTART|SA_SIGINFO, blocked
    SIGILL: crash_handler in libjvm.so, mask=11100100010111111101111111111110, flags=SA_RESTART|SA_SIGINFO, unblocked
   SIGUSR2: SR_handler in libjvm.so, mask=00100000000000000000000000000000, flags=SA_RESTART|SA_SIGINFO, blocked
    SIGHUP: UserHandler in libjvm.so, mask=11100100010111111101111111111110, flags=SA_RESTART|SA_SIGINFO, blocked
    SIGINT: UserHandler in libjvm.so, mask=11100100010111111101111111111110, flags=SA_RESTART|SA_SIGINFO, blocked
   SIGTERM: UserHandler in libjvm.so, mask=11100100010111111101111111111110, flags=SA_RESTART|SA_SIGINFO, blocked
   SIGQUIT: UserHandler in libjvm.so, mask=11100100010111111101111111111110, flags=SA_RESTART|SA_SIGINFO, blocked
   SIGTRAP: crash_handler in libjvm.so, mask=11100100010111111101111111111110, flags=SA_RESTART|SA_SIGINFO, unblocked


Periodic native trim disabled


---------------  S Y S T E M  ---------------

OS:
AlmaLinux release 8.10 (Cerulean Leopard)
uname: Linux 4.18.0-553.81.1.el8_10.x86_64 #1 SMP Mon Oct 27 11:29:19 EDT 2025 x86_64
OS uptime: 33 days 22:55 hours
libc: glibc 2.28 NPTL 2.28 
rlimit (soft/hard): STACK 8192k/infinity , CORE 0k/infinity , NPROC 61995/61995 , NOFILE 262144/262144 , AS infinity/infinity , CPU infinity/infinity , DATA infinity/infinity , FSIZE infinity/infinity , MEMLOCK 64k/64k
load average: 53.71 38.34 31.32

/proc/meminfo:
MemTotal:       16014448 kB
MemFree:         7793408 kB
MemAvailable:    9204280 kB
Buffers:             840 kB
Cached:          3166580 kB
SwapCached:        37568 kB
Active:          2838472 kB
Inactive:        4110108 kB
Active(anon):    2056904 kB
Inactive(anon):  3731584 kB
Active(file):     781568 kB
Inactive(file):   378524 kB
Unevictable:        3104 kB
Mlocked:              16 kB
SwapTotal:       8388604 kB
SwapFree:        6672712 kB
Dirty:              2592 kB
Writeback:             0 kB
AnonPages:       3764188 kB
Mapped:          1503852 kB
Shmem:           2007328 kB
KReclaimable:     544296 kB
Slab:             730836 kB
SReclaimable:     544296 kB
SUnreclaim:       186540 kB
KernelStack:       19260 kB
PageTables:       147692 kB
NFS_Unstable:          0 kB
Bounce:                0 kB
WritebackTmp:          0 kB
CommitLimit:    16395828 kB
Committed_AS:   17984956 kB
VmallocTotal:   34359738367 kB
VmallocUsed:       65340 kB
VmallocChunk:          0 kB
Percpu:             2704 kB
HardwareCorrupted:     0 kB
AnonHugePages:         0 kB
ShmemHugePages:        0 kB
ShmemPmdMapped:        0 kB
FileHugePages:         0 kB
FilePmdMapped:         0 kB
HugePages_Total:       0
HugePages_Free:        0
HugePages_Rsvd:        0
HugePages_Surp:        0
Hugepagesize:       2048 kB
Hugetlb:               0 kB
DirectMap4k:     2846572 kB
DirectMap2M:    13537280 kB

/sys/kernel/mm/transparent_hugepage/enabled: always madvise [never]
/sys/kernel/mm/transparent_hugepage/hpage_pmd_size: 2097152
/sys/kernel/mm/transparent_hugepage/defrag (defrag/compaction efforts parameter): always defer defer+madvise [madvise] never

Process Memory:
Virtual Size: 1259544K (peak: 1276556K)
Resident Set Size: 507552K (peak: 522520K) (anon: 473872K, file: 33680K, shmem: 0K)
Swapped out: 0K
C-Heap outstanding allocations: 29795K, retained: 318940K
glibc malloc tunables: (default)

/proc/sys/kernel/threads-max (system-wide limit on the number of threads): 123991
/proc/sys/vm/max_map_count (maximum number of memory map areas a process may have): 1677720
/proc/sys/kernel/pid_max (system-wide limit on number of process identifiers): 4194304

container (cgroup) information:
container_type: cgroupv1
cpu_cpuset_cpus: 0-3
cpu_memory_nodes: 0
active_processor_count: 4
cpu_quota: no quota
cpu_period: 100000
cpu_shares: no shares
memory_limit_in_bytes: unlimited
memory_and_swap_limit_in_bytes: unlimited
memory_soft_limit_in_bytes: unlimited
memory_usage_in_bytes: 6666908 k
memory_max_usage_in_bytes: 14783012 k
kernel_memory_usage_in_bytes: 578536 k
kernel_memory_max_usage_in_bytes: unlimited
kernel_memory_limit_in_bytes: 985464 k
maximum number of tasks: unlimited
current number of tasks: 474

KVM virtualization detected
Steal ticks since vm start: 52
Steal ticks percentage since vm start:  0.000

CPU: total 4 (initial active 4) (1 cores per cpu, 1 threads per core) family 6 model 60 stepping 1 microcode 0x1, cx8, cmov, fxsr, mmx, sse, sse2, sse3, ssse3, sse4.1, sse4.2, popcnt, lzcnt, tsc, avx, avx2, aes, erms, clmul, bmi1, bmi2, fma, vzeroupper, clflush, hv
CPU Model and flags from /proc/cpuinfo:
model name	: Intel Core Processor (Haswell, no TSX)
flags		: fpu vme de pse tsc msr pae mce cx8 apic sep mtrr pge mca cmov pat pse36 clflush mmx fxsr sse sse2 syscall nx rdtscp lm constant_tsc rep_good nopl xtopology cpuid tsc_known_freq pni pclmulqdq vmx ssse3 fma cx16 pcid sse4_1 sse4_2 x2apic movbe popcnt tsc_deadline_timer aes xsave avx f16c rdrand hypervisor lahf_lm abm cpuid_fault invpcid_single pti tpr_shadow vnmi flexpriority ept vpid ept_ad fsgsbase bmi1 avx2 smep bmi2 erms invpcid xsaveopt arat md_clear

Online cpus: 0-3
Offline cpus: 
BIOS frequency limitation: <Not Available>
Frequency switch latency (ns): <Not Available>
Available cpu frequencies: <Not Available>
Current governor: <Not Available>
Core performance/turbo boost: <Not Available>

Memory: 4k page, physical 16014448k(7793408k free), swap 8388604k(6672712k free)
Page Sizes: 4k

vm_info: OpenJDK Server VM (17.0.11+9-LTS) for linux-x86 JRE (17.0.11+9-LTS) (Zulu17.50+19-CA), built on Apr  9 2024 07:14:46 by "zulu_re" with gcc 8.3.0

END.
