#
# A fatal error has been detected by the Java Runtime Environment:
#
#  SIGSEGV (0xb) at pc=0xf7832618, pid=1411159, tid=1411159
#
# JRE version: OpenJDK Runtime Environment Zulu17.50+19-CA (17.0.11+9) (build 17.0.11+9-LTS)
# Java VM: OpenJDK Server VM Zulu17.50+19-CA (17.0.11+9-LTS, mixed mode, sharing, tiered, g1 gc, linux-x86)
# Problematic frame:
# C  [libc.so.6+0x84618]  cfree+0x28
#
# Core dump will be written. Default location: Core dumps may be processed with "/usr/lib/systemd/systemd-coredump %P %u %g %s %t %c %h %e" (or dumping to /home/almalinux/swg-returns-nge/exe/linux/core.1411159)
#
# If you would like to submit a bug report, please visit:
#   http://www.azul.com/support/
#

---------------  S U M M A R Y ------------

Command Line: -Xms128m -Xmx512m -Xss768k -XX:MaxMetaspaceSize=96m -Xrs -XX:-UsePerfData -XX:-AllowUserSignalHandlers -XX:UseSSE=3 -XX+DoEscapeAnalysis -XX:AutoBoxCacheMax:2000 -XX:+OptimizeStringConcat -XX:+OptimizeFill -XX:+EliminateAutoBox -XX:+UseCompressedStrings -XX:+UseCompressedOops -XX:+EliminateLocks -XX:UseFastAccessorMethods -XX:+UseStringCache -XgcPrio:throughput -XXkeepAreaRatio:1 -XXlazyUnlocking -XXcallProfiling -XXcompactRatio:1 

Host: Intel Core Processor (Haswell, no TSX), 4 cores, 15G, AlmaLinux release 8.10 (Cerulean Leopard)
Time: Sun Jan 25 19:15:06 2026 UTC elapsed time: 12.763606 seconds (0d 0h 0m 12s)

---------------  T H R E A D  ---------------

Current thread (0x0b4ae8b0):  JavaThread "Thread-0" [_thread_in_vm, id=1411159, stack(0xff8fd000,0xff9bd000)]

Stack: [0xff8fd000,0xff9bd000],  sp=0xff9b9d80,  free space=755k
Native frames: (J=compiled Java code, j=interpreted, Vv=VM code, C=native code)
C  [libc.so.6+0x84618]  cfree+0x28
C  [SwgGameServer+0x6ae8e4]  SkillObject::load(DataTable&, std::__cxx11::basic_string<char, std::char_traits<char>, std::allocator<char> > const&)+0x184
C  [SwgGameServer+0x6b06d2]  SkillManager::loadSkill(std::__cxx11::basic_string<char, std::char_traits<char>, std::allocator<char> > const&)+0xe2
C  [SwgGameServer+0x6ac6cd]  SkillObject::connectLinks(DataTable&, std::__cxx11::basic_string<char, std::char_traits<char>, std::allocator<char> > const&)+0x15d
C  [SwgGameServer+0x6ae8c3]  SkillObject::load(DataTable&, std::__cxx11::basic_string<char, std::char_traits<char>, std::allocator<char> > const&)+0x163
C  [SwgGameServer+0x6b06d2]  SkillManager::loadSkill(std::__cxx11::basic_string<char, std::char_traits<char>, std::allocator<char> > const&)+0xe2
C  [SwgGameServer+0x6ac6cd]  SkillObject::connectLinks(DataTable&, std::__cxx11::basic_string<char, std::char_traits<char>, std::allocator<char> > const&)+0x15d
C  [SwgGameServer+0x6ae8c3]  SkillObject::load(DataTable&, std::__cxx11::basic_string<char, std::char_traits<char>, std::allocator<char> > const&)+0x163
C  [SwgGameServer+0x6b06d2]  SkillManager::loadSkill(std::__cxx11::basic_string<char, std::char_traits<char>, std::allocator<char> > const&)+0xe2
C  [SwgGameServer+0x6ac6cd]  SkillObject::connectLinks(DataTable&, std::__cxx11::basic_string<char, std::char_traits<char>, std::allocator<char> > const&)+0x15d
C  [SwgGameServer+0x6ae8c3]  SkillObject::load(DataTable&, std::__cxx11::basic_string<char, std::char_traits<char>, std::allocator<char> > const&)+0x163
C  [SwgGameServer+0x6b06d2]  SkillManager::loadSkill(std::__cxx11::basic_string<char, std::char_traits<char>, std::allocator<char> > const&)+0xe2
C  [SwgGameServer+0x6ac6cd]  SkillObject::connectLinks(DataTable&, std::__cxx11::basic_string<char, std::char_traits<char>, std::allocator<char> > const&)+0x15d
C  [SwgGameServer+0x6ae8c3]  SkillObject::load(DataTable&, std::__cxx11::basic_string<char, std::char_traits<char>, std::allocator<char> > const&)+0x163
C  [SwgGameServer+0x6b06d2]  SkillManager::loadSkill(std::__cxx11::basic_string<char, std::char_traits<char>, std::allocator<char> > const&)+0xe2
C  [SwgGameServer+0x6ac6cd]  SkillObject::connectLinks(DataTable&, std::__cxx11::basic_string<char, std::char_traits<char>, std::allocator<char> > const&)+0x15d
C  [SwgGameServer+0x6ae8c3]  SkillObject::load(DataTable&, std::__cxx11::basic_string<char, std::char_traits<char>, std::allocator<char> > const&)+0x163
C  [SwgGameServer+0x6b06d2]  SkillManager::loadSkill(std::__cxx11::basic_string<char, std::char_traits<char>, std::allocator<char> > const&)+0xe2
C  [SwgGameServer+0x6ac6cd]  SkillObject::connectLinks(DataTable&, std::__cxx11::basic_string<char, std::char_traits<char>, std::allocator<char> > const&)+0x15d
C  [SwgGameServer+0x6ae9db]  SkillObject::load(DataTable&, std::__cxx11::basic_string<char, std::char_traits<char>, std::allocator<char> > const&)+0x27b
C  [SwgGameServer+0x6b06d2]  SkillManager::loadSkill(std::__cxx11::basic_string<char, std::char_traits<char>, std::allocator<char> > const&)+0xe2
C  [SwgGameServer+0x6b0887]  SkillManager::getRoot()+0x37
C  [SwgGameServer+0x6b0c5d]  SkillManager::install()+0x3d
C  [SwgGameServer+0x6b0cc8]  SkillManager::getInstance()+0x18
C  [SwgGameServer+0xd509ae]  ExpertiseManager::install()+0x6e
C  [SwgGameServer+0x4b44f4]  main+0x294


siginfo: si_signo: 11 (SIGSEGV), si_code: 1 (SEGV_MAPERR), si_addr: 0x00009e2f

Registers:
EAX=0x00000000, EBX=0x00009e33, ECX=0x09e33c90, EDX=0x09e33c98
ESP=0xff9b9d80, EBP=0xff9b9e78, ESI=0xf7953000, EDI=0x0b811450
EIP=0xf7832618, EFLAGS=0x00210206, CR2=0x0000000000009e2f


Register to memory mapping:

EAX=0x0 is NULL
EBX=0x00009e33 is an unknown value
ECX=0x09e33c90 points into unknown readable memory: 0x00009e33 | 33 9e 00 00
EDX=0x09e33c98 points into unknown readable memory: 0x00000021 | 21 00 00 00
ESP=0xff9b9d80 is pointing into the stack for thread: 0x0b4ae8b0
EBP=0xff9b9e78 is pointing into the stack for thread: 0x0b4ae8b0
ESI=0xf7953000: <offset 0x001a5000> in /lib/libc.so.6 at 0xf77ae000
EDI=0x0b811450 points into unknown readable memory: 0x08ec0644 | 44 06 ec 08


Top of Stack: (sp=0xff9b9d80)
0xff9b9d80:   00000027 0b5ccb50 000006b2 0873fb8c
0xff9b9d90:   f7ac24e0 f7bd6a04 09e33ca8 f7abff1c
0xff9b9da0:   00009e33 0b6820e0 00000026 0b6d6000
0xff9b9db0:   ff9b9df8 f7abff0a ff9b9df8 086f4839
0xff9b9dc0:   00009e33 0b6820e0 0b682106 00000000
0xff9b9dd0:   ff9b9dec 0b5f97f0 09ab1870 0b811450
0xff9b9de0:   ff9b9e48 ff9b9e30 09e33c90 09e33c90
0xff9b9df0:   ff9b9e48 0b8114b8 0b80f8b0 00000026
0xff9b9e00:   00000026 00000000 08f6daa2 00000000
0xff9b9e10:   ff9b9e6c 00000000 0b747970 0b8114b8
0xff9b9e20:   00000020 00000021 f783202d 00000000
0xff9b9e30:   ff9b9e38 00000000 00000000 00650073
0xff9b9e40:   00650065 006b7261 ff9b9e50 00000000
0xff9b9e50:   00000000 00000026 0b682080 08578965
0xff9b9e60:   0b80f880 0b682080 00000026 0b811450
0xff9b9e70:   0b5ccb50 000006b2 ff9b9f38 086f68e4
0xff9b9e80:   0b811450 0b5ccb50 000006b2 00000000
0xff9b9e90:   00000010 0b682080 ff9b9ea8 ff9b9ea0
0xff9b9ea0:   0b80f880 00000026 00000026 00000000
0xff9b9eb0:   00000000 00000000 00000000 00000000
0xff9b9ec0:   00000000 00000000 00000000 00000000
0xff9b9ed0:   0b8114e0 00000013 00000013 000006d8
0xff9b9ee0:   00000001 00000020 00000000 00000000
0xff9b9ef0:   00000000 00000000 00000000 00000000
0xff9b9f00:   00000000 00000000 00000000 00000000
0xff9b9f10:   00000000 00000000 00000000 00000000
0xff9b9f20:   00000084 00000020 c70f6907 0b811450
0xff9b9f30:   0b5f9790 ff9ba008 ff9b9fa8 086f86d2
0xff9b9f40:   0b811450 0b5ccb50 ff9ba008 ff9b9f74
0xff9b9f50:   0b5f97b0 000007ac ff9ba008 0b5f97b0
0xff9b9f60:   0b810a30 00000001 c70f6907 00000000
0xff9b9f70:   ff9ba008 ff9b9f7c 00000000 00000000 

Instructions: (pc=0xf7832618)
0xf7832518:   50 8d 96 86 f7 fa ff 8d 86 d0 2f fb ff e8 c6 b7
0xf7832528:   ff ff 8d b6 00 00 00 00 bb 20 00 00 00 e9 5e fe
0xf7832538:   ff ff e8 a1 c0 ff ff 89 c5 85 c0 0f 85 68 ff ff
0xf7832548:   ff 31 d2 8d 44 3b 10 e8 8c c1 ff ff 89 da 89 f9
0xf7832558:   89 c5 e8 11 f0 ff ff 89 c2 85 c0 75 1b 85 ed 74
0xf7832568:   17 90 89 fa 89 e8 e8 bd c5 ff ff 89 da 89 f9 89
0xf7832578:   c5 e8 f2 ef ff ff 89 c2 85 ed 0f 84 57 ff ff ff
0xf7832588:   e9 39 ff ff ff 8d 86 b8 31 fb ff 83 ec 0c b9 25
0xf7832598:   0d 00 00 50 8d 96 86 f7 fa ff 8d 86 74 2f fb ff
0xf78325a8:   e8 43 b7 ff ff 8d 76 00 f3 0f 1e fb e8 0a 9a f9
0xf78325b8:   ff 05 47 0a 12 00 56 53 83 ec 04 8b 5c 24 10 8b
0xf78325c8:   74 24 14 8b 80 50 ff ff ff c7 00 00 00 00 00 e8
0xf78325d8:   54 bb ff ff 8b 4c 24 0c 83 c4 04 89 f2 89 d8 5b
0xf78325e8:   5e e9 42 fd ff ff 66 90 f3 0f 1e fb 56 e8 9a 9b
0xf78325f8:   f9 ff 81 c6 06 0a 12 00 53 83 ec 14 8b 5c 24 20
0xf7832608:   8b 86 5c ff ff ff 8b 00 85 c0 75 6c 85 db 74 75
0xf7832618:   8b 4b fc 8d 53 f8 f6 c1 02 75 35 8b 86 70 fe ff
0xf7832628:   ff 65 8b 00 85 c0 0f 84 8c 00 00 00 83 e1 04 8d
0xf7832638:   86 60 07 00 00 74 09 89 d0 25 00 00 f0 ff 8b 00
0xf7832648:   83 c4 14 31 c9 5b 5e e9 8c cb ff ff 8d 74 26 00
0xf7832658:   8b 9e 60 01 00 00 85 db 75 10 3b 8e 48 01 00 00
0xf7832668:   76 08 81 f9 00 00 08 00 76 26 83 c4 14 89 d0 5b
0xf7832678:   5e e9 92 b8 ff ff 66 90 83 ec 08 ff 74 24 24 53
0xf7832688:   ff d0 83 c4 10 83 c4 14 5b 5e c3 8d 74 26 00 90
0xf7832698:   39 96 80 1d 00 00 77 08 39 96 7c 1d 00 00 77 ca
0xf78326a8:   83 e1 f8 8d 04 09 89 8e 48 01 00 00 89 86 40 01
0xf78326b8:   00 00 90 eb b5 8d 76 00 8b 86 74 fe ff ff 65 80
0xf78326c8:   38 00 0f 85 64 ff ff ff 89 54 24 0c e8 97 ed ff
0xf78326d8:   ff 8b 4b fc 8b 54 24 0c e9 4f ff ff ff 8d b4 26
0xf78326e8:   00 00 00 00 8d 74 26 00 f3 0f 1e fb 55 57 56 e8
0xf78326f8:   98 9a f9 ff 81 c6 04 09 12 00 53 83 ec 0c 8b 86
0xf7832708:   70 fe ff ff 8b 96 74 fe ff ff 65 8b 28 65 c6 02 


Stack slot to memory mapping:
stack at sp + 0 slots: 0x00000027 is an unknown value
stack at sp + 1 slots: 0x0b5ccb50 points into unknown readable memory: 0x08ec2f00 | 00 2f ec 08
stack at sp + 2 slots: 0x000006b2 is an unknown value
stack at sp + 3 slots: 0x0873fb8c: _ZNK9DataTable14getStringValueERKNSt7__cxx1112basic_stringIcSt11char_traitsIcESaIcEEEi+0x0000001c in bin/SwgGameServer at 0x08048000
stack at sp + 4 slots: 0xf7ac24e0: _Znwj+0x00000010 in /lib/libstdc++.so.6 at 0xf7a48000
stack at sp + 5 slots: 0xf7bd6a04: <offset 0x0018ea04> in /lib/libstdc++.so.6 at 0xf7a48000
stack at sp + 6 slots: 0x09e33ca8 points into unknown readable memory: 0x0b810c50 | 50 0c 81 0b
stack at sp + 7 slots: 0xf7abff1c: _ZdlPv+0x0000001c in /lib/libstdc++.so.6 at 0xf7a48000


---------------  P R O C E S S  ---------------

Threads class SMR info:
_java_thread_list=0x0b4b6e80, length=13, elements={
0xf5e242d0, 0xc41970c0, 0xc4198180, 0xc419d060,
0xc419e090, 0xc419f450, 0xc41a0580, 0xc41a11e0,
0xc41ce1b0, 0x0b4ae8b0, 0x0b4afa40, 0x0b4b6370,
0xc3e00e80
}

Java Threads: ( => current thread )
  0xf5e242d0 JavaThread "main" [_thread_in_native, id=1411534, stack(0xf5f0b000,0xf670b000)]
  0xc41970c0 JavaThread "Reference Handler" daemon [_thread_blocked, id=1411624, stack(0xc323f000,0xc3300000)]
  0xc4198180 JavaThread "Finalizer" daemon [_thread_blocked, id=1411633, stack(0xc317e000,0xc323f000)]
  0xc419d060 JavaThread "Service Thread" daemon [_thread_blocked, id=1411650, stack(0xc1ac5000,0xc1b86000)]
  0xc419e090 JavaThread "Monitor Deflation Thread" daemon [_thread_blocked, id=1411659, stack(0xc1a04000,0xc1ac5000)]
  0xc419f450 JavaThread "C2 CompilerThread0" daemon [_thread_blocked, id=1411668, stack(0xc3431000,0xc34b2000)]
  0xc41a0580 JavaThread "C1 CompilerThread0" daemon [_thread_blocked, id=1411683, stack(0xc303c000,0xc30bd000)]
  0xc41a11e0 JavaThread "Sweeper thread" daemon [_thread_blocked, id=1411692, stack(0xc1943000,0xc1a04000)]
  0xc41ce1b0 JavaThread "Notification Thread" daemon [_thread_blocked, id=1411708, stack(0xc1882000,0xc1943000)]
=>0x0b4ae8b0 JavaThread "Thread-0" [_thread_in_vm, id=1411159, stack(0xff8fd000,0xff9bd000)]
  0x0b4afa40 JavaThread "Common-Cleaner" daemon [_thread_blocked, id=1411730, stack(0xc1740000,0xc1801000)]
  0x0b4b6370 JavaThread "obj_id_cleanup_Thread" daemon [_thread_blocked, id=1411734, stack(0xc167f000,0xc1740000)]
  0xc3e00e80 JavaThread "SIGINT handler" daemon [_thread_blocked, id=1411927, stack(0xc1455000,0xc1516000)]

Other Threads:
  0xc4194cf0 VMThread "VM Thread" [stack: 0xc34b3000,0xc3533000] [id=1411611]
  0xf5e8ad10 GCTaskThread "GC Thread#0" [stack: 0xc4880000,0xc4900000] [id=1411567]
  0xf5e8dd20 ConcurrentGCThread "G1 Main Marker" terminated
  0xf5e8e9e0 ConcurrentGCThread "G1 Conc#0" [stack: 0xc4480000,0xc4500000] [id=1411584]
  0xc4105a80 ConcurrentGCThread "G1 Refine#0" terminated
  0xc41066a0 ConcurrentGCThread "G1 Service" terminated

Threads with active compile tasks:

VM state: at safepoint (shutting down)

VM Mutex/Monitor currently owned by a thread:  ([mutex/lock_event])
[0xf5e21d30] Threads_lock - owner thread: 0xc4194cf0
[0xf5e22290] Heap_lock - owner thread: 0xc3e00e80

GC Precious Log:
 CPUs: 4 total, 4 available
 Memory: 15639M
 Large Page Support: Disabled
 NUMA Support: Disabled
 Compressed Oops: Disabled
 Heap Region Size: 1M
 Heap Min Capacity: 128M
 Heap Initial Capacity: 128M
 Heap Max Capacity: 512M
 Pre-touch: Disabled
 Parallel Workers: 4
 Concurrent Workers: 1
 Concurrent Refinement Workers: 4
 Periodic GC: Disabled

Heap:
 garbage-first heap   total 131072K, used 1024K [0xc5c00000, 0xe5c00000)
  region size 1024K, 3 young (3072K), 0 survivors (0K)
 Metaspace       used 1083K, committed 1152K, reserved 16384K

Heap Regions: E=young(eden), S=young(survivor), O=old, HS=humongous(starts), HC=humongous(continues), CS=collection set, F=free, OA=open archive, CA=closed archive, TAMS=top-at-mark-start (previous, next)
|   0|0xc5c00000, 0xc5c00000, 0xc5d00000|  0%| F|  |TAMS 0xc5c00000, 0xc5c00000| Untracked 
|   1|0xc5d00000, 0xc5d00000, 0xc5e00000|  0%| F|  |TAMS 0xc5d00000, 0xc5d00000| Untracked 
|   2|0xc5e00000, 0xc5e00000, 0xc5f00000|  0%| F|  |TAMS 0xc5e00000, 0xc5e00000| Untracked 
|   3|0xc5f00000, 0xc5f00000, 0xc6000000|  0%| F|  |TAMS 0xc5f00000, 0xc5f00000| Untracked 
|   4|0xc6000000, 0xc6000000, 0xc6100000|  0%| F|  |TAMS 0xc6000000, 0xc6000000| Untracked 
|   5|0xc6100000, 0xc6100000, 0xc6200000|  0%| F|  |TAMS 0xc6100000, 0xc6100000| Untracked 
|   6|0xc6200000, 0xc6200000, 0xc6300000|  0%| F|  |TAMS 0xc6200000, 0xc6200000| Untracked 
|   7|0xc6300000, 0xc6300000, 0xc6400000|  0%| F|  |TAMS 0xc6300000, 0xc6300000| Untracked 
|   8|0xc6400000, 0xc6400000, 0xc6500000|  0%| F|  |TAMS 0xc6400000, 0xc6400000| Untracked 
|   9|0xc6500000, 0xc6500000, 0xc6600000|  0%| F|  |TAMS 0xc6500000, 0xc6500000| Untracked 
|  10|0xc6600000, 0xc6600000, 0xc6700000|  0%| F|  |TAMS 0xc6600000, 0xc6600000| Untracked 
|  11|0xc6700000, 0xc6700000, 0xc6800000|  0%| F|  |TAMS 0xc6700000, 0xc6700000| Untracked 
|  12|0xc6800000, 0xc6800000, 0xc6900000|  0%| F|  |TAMS 0xc6800000, 0xc6800000| Untracked 
|  13|0xc6900000, 0xc6900000, 0xc6a00000|  0%| F|  |TAMS 0xc6900000, 0xc6900000| Untracked 
|  14|0xc6a00000, 0xc6a00000, 0xc6b00000|  0%| F|  |TAMS 0xc6a00000, 0xc6a00000| Untracked 
|  15|0xc6b00000, 0xc6b00000, 0xc6c00000|  0%| F|  |TAMS 0xc6b00000, 0xc6b00000| Untracked 
|  16|0xc6c00000, 0xc6c00000, 0xc6d00000|  0%| F|  |TAMS 0xc6c00000, 0xc6c00000| Untracked 
|  17|0xc6d00000, 0xc6d00000, 0xc6e00000|  0%| F|  |TAMS 0xc6d00000, 0xc6d00000| Untracked 
|  18|0xc6e00000, 0xc6e00000, 0xc6f00000|  0%| F|  |TAMS 0xc6e00000, 0xc6e00000| Untracked 
|  19|0xc6f00000, 0xc6f00000, 0xc7000000|  0%| F|  |TAMS 0xc6f00000, 0xc6f00000| Untracked 
|  20|0xc7000000, 0xc7000000, 0xc7100000|  0%| F|  |TAMS 0xc7000000, 0xc7000000| Untracked 
|  21|0xc7100000, 0xc7100000, 0xc7200000|  0%| F|  |TAMS 0xc7100000, 0xc7100000| Untracked 
|  22|0xc7200000, 0xc7200000, 0xc7300000|  0%| F|  |TAMS 0xc7200000, 0xc7200000| Untracked 
|  23|0xc7300000, 0xc7300000, 0xc7400000|  0%| F|  |TAMS 0xc7300000, 0xc7300000| Untracked 
|  24|0xc7400000, 0xc7400000, 0xc7500000|  0%| F|  |TAMS 0xc7400000, 0xc7400000| Untracked 
|  25|0xc7500000, 0xc7500000, 0xc7600000|  0%| F|  |TAMS 0xc7500000, 0xc7500000| Untracked 
|  26|0xc7600000, 0xc7600000, 0xc7700000|  0%| F|  |TAMS 0xc7600000, 0xc7600000| Untracked 
|  27|0xc7700000, 0xc7700000, 0xc7800000|  0%| F|  |TAMS 0xc7700000, 0xc7700000| Untracked 
|  28|0xc7800000, 0xc7800000, 0xc7900000|  0%| F|  |TAMS 0xc7800000, 0xc7800000| Untracked 
|  29|0xc7900000, 0xc7900000, 0xc7a00000|  0%| F|  |TAMS 0xc7900000, 0xc7900000| Untracked 
|  30|0xc7a00000, 0xc7a00000, 0xc7b00000|  0%| F|  |TAMS 0xc7a00000, 0xc7a00000| Untracked 
|  31|0xc7b00000, 0xc7b00000, 0xc7c00000|  0%| F|  |TAMS 0xc7b00000, 0xc7b00000| Untracked 
|  32|0xc7c00000, 0xc7c00000, 0xc7d00000|  0%| F|  |TAMS 0xc7c00000, 0xc7c00000| Untracked 
|  33|0xc7d00000, 0xc7d00000, 0xc7e00000|  0%| F|  |TAMS 0xc7d00000, 0xc7d00000| Untracked 
|  34|0xc7e00000, 0xc7e00000, 0xc7f00000|  0%| F|  |TAMS 0xc7e00000, 0xc7e00000| Untracked 
|  35|0xc7f00000, 0xc7f00000, 0xc8000000|  0%| F|  |TAMS 0xc7f00000, 0xc7f00000| Untracked 
|  36|0xc8000000, 0xc8000000, 0xc8100000|  0%| F|  |TAMS 0xc8000000, 0xc8000000| Untracked 
|  37|0xc8100000, 0xc8100000, 0xc8200000|  0%| F|  |TAMS 0xc8100000, 0xc8100000| Untracked 
|  38|0xc8200000, 0xc8200000, 0xc8300000|  0%| F|  |TAMS 0xc8200000, 0xc8200000| Untracked 
|  39|0xc8300000, 0xc8300000, 0xc8400000|  0%| F|  |TAMS 0xc8300000, 0xc8300000| Untracked 
|  40|0xc8400000, 0xc8400000, 0xc8500000|  0%| F|  |TAMS 0xc8400000, 0xc8400000| Untracked 
|  41|0xc8500000, 0xc8500000, 0xc8600000|  0%| F|  |TAMS 0xc8500000, 0xc8500000| Untracked 
|  42|0xc8600000, 0xc8600000, 0xc8700000|  0%| F|  |TAMS 0xc8600000, 0xc8600000| Untracked 
|  43|0xc8700000, 0xc8700000, 0xc8800000|  0%| F|  |TAMS 0xc8700000, 0xc8700000| Untracked 
|  44|0xc8800000, 0xc8800000, 0xc8900000|  0%| F|  |TAMS 0xc8800000, 0xc8800000| Untracked 
|  45|0xc8900000, 0xc8900000, 0xc8a00000|  0%| F|  |TAMS 0xc8900000, 0xc8900000| Untracked 
|  46|0xc8a00000, 0xc8a00000, 0xc8b00000|  0%| F|  |TAMS 0xc8a00000, 0xc8a00000| Untracked 
|  47|0xc8b00000, 0xc8b00000, 0xc8c00000|  0%| F|  |TAMS 0xc8b00000, 0xc8b00000| Untracked 
|  48|0xc8c00000, 0xc8c00000, 0xc8d00000|  0%| F|  |TAMS 0xc8c00000, 0xc8c00000| Untracked 
|  49|0xc8d00000, 0xc8d00000, 0xc8e00000|  0%| F|  |TAMS 0xc8d00000, 0xc8d00000| Untracked 
|  50|0xc8e00000, 0xc8e00000, 0xc8f00000|  0%| F|  |TAMS 0xc8e00000, 0xc8e00000| Untracked 
|  51|0xc8f00000, 0xc8f00000, 0xc9000000|  0%| F|  |TAMS 0xc8f00000, 0xc8f00000| Untracked 
|  52|0xc9000000, 0xc9000000, 0xc9100000|  0%| F|  |TAMS 0xc9000000, 0xc9000000| Untracked 
|  53|0xc9100000, 0xc9100000, 0xc9200000|  0%| F|  |TAMS 0xc9100000, 0xc9100000| Untracked 
|  54|0xc9200000, 0xc9200000, 0xc9300000|  0%| F|  |TAMS 0xc9200000, 0xc9200000| Untracked 
|  55|0xc9300000, 0xc9300000, 0xc9400000|  0%| F|  |TAMS 0xc9300000, 0xc9300000| Untracked 
|  56|0xc9400000, 0xc9400000, 0xc9500000|  0%| F|  |TAMS 0xc9400000, 0xc9400000| Untracked 
|  57|0xc9500000, 0xc9500000, 0xc9600000|  0%| F|  |TAMS 0xc9500000, 0xc9500000| Untracked 
|  58|0xc9600000, 0xc9600000, 0xc9700000|  0%| F|  |TAMS 0xc9600000, 0xc9600000| Untracked 
|  59|0xc9700000, 0xc9700000, 0xc9800000|  0%| F|  |TAMS 0xc9700000, 0xc9700000| Untracked 
|  60|0xc9800000, 0xc9800000, 0xc9900000|  0%| F|  |TAMS 0xc9800000, 0xc9800000| Untracked 
|  61|0xc9900000, 0xc9900000, 0xc9a00000|  0%| F|  |TAMS 0xc9900000, 0xc9900000| Untracked 
|  62|0xc9a00000, 0xc9a00000, 0xc9b00000|  0%| F|  |TAMS 0xc9a00000, 0xc9a00000| Untracked 
|  63|0xc9b00000, 0xc9b00000, 0xc9c00000|  0%| F|  |TAMS 0xc9b00000, 0xc9b00000| Untracked 
|  64|0xc9c00000, 0xc9c00000, 0xc9d00000|  0%| F|  |TAMS 0xc9c00000, 0xc9c00000| Untracked 
|  65|0xc9d00000, 0xc9d00000, 0xc9e00000|  0%| F|  |TAMS 0xc9d00000, 0xc9d00000| Untracked 
|  66|0xc9e00000, 0xc9e00000, 0xc9f00000|  0%| F|  |TAMS 0xc9e00000, 0xc9e00000| Untracked 
|  67|0xc9f00000, 0xc9f00000, 0xca000000|  0%| F|  |TAMS 0xc9f00000, 0xc9f00000| Untracked 
|  68|0xca000000, 0xca000000, 0xca100000|  0%| F|  |TAMS 0xca000000, 0xca000000| Untracked 
|  69|0xca100000, 0xca100000, 0xca200000|  0%| F|  |TAMS 0xca100000, 0xca100000| Untracked 
|  70|0xca200000, 0xca200000, 0xca300000|  0%| F|  |TAMS 0xca200000, 0xca200000| Untracked 
|  71|0xca300000, 0xca300000, 0xca400000|  0%| F|  |TAMS 0xca300000, 0xca300000| Untracked 
|  72|0xca400000, 0xca400000, 0xca500000|  0%| F|  |TAMS 0xca400000, 0xca400000| Untracked 
|  73|0xca500000, 0xca500000, 0xca600000|  0%| F|  |TAMS 0xca500000, 0xca500000| Untracked 
|  74|0xca600000, 0xca600000, 0xca700000|  0%| F|  |TAMS 0xca600000, 0xca600000| Untracked 
|  75|0xca700000, 0xca700000, 0xca800000|  0%| F|  |TAMS 0xca700000, 0xca700000| Untracked 
|  76|0xca800000, 0xca800000, 0xca900000|  0%| F|  |TAMS 0xca800000, 0xca800000| Untracked 
|  77|0xca900000, 0xca900000, 0xcaa00000|  0%| F|  |TAMS 0xca900000, 0xca900000| Untracked 
|  78|0xcaa00000, 0xcaa00000, 0xcab00000|  0%| F|  |TAMS 0xcaa00000, 0xcaa00000| Untracked 
|  79|0xcab00000, 0xcab00000, 0xcac00000|  0%| F|  |TAMS 0xcab00000, 0xcab00000| Untracked 
|  80|0xcac00000, 0xcac00000, 0xcad00000|  0%| F|  |TAMS 0xcac00000, 0xcac00000| Untracked 
|  81|0xcad00000, 0xcad00000, 0xcae00000|  0%| F|  |TAMS 0xcad00000, 0xcad00000| Untracked 
|  82|0xcae00000, 0xcae00000, 0xcaf00000|  0%| F|  |TAMS 0xcae00000, 0xcae00000| Untracked 
|  83|0xcaf00000, 0xcaf00000, 0xcb000000|  0%| F|  |TAMS 0xcaf00000, 0xcaf00000| Untracked 
|  84|0xcb000000, 0xcb000000, 0xcb100000|  0%| F|  |TAMS 0xcb000000, 0xcb000000| Untracked 
|  85|0xcb100000, 0xcb100000, 0xcb200000|  0%| F|  |TAMS 0xcb100000, 0xcb100000| Untracked 
|  86|0xcb200000, 0xcb200000, 0xcb300000|  0%| F|  |TAMS 0xcb200000, 0xcb200000| Untracked 
|  87|0xcb300000, 0xcb300000, 0xcb400000|  0%| F|  |TAMS 0xcb300000, 0xcb300000| Untracked 
|  88|0xcb400000, 0xcb400000, 0xcb500000|  0%| F|  |TAMS 0xcb400000, 0xcb400000| Untracked 
|  89|0xcb500000, 0xcb500000, 0xcb600000|  0%| F|  |TAMS 0xcb500000, 0xcb500000| Untracked 
|  90|0xcb600000, 0xcb600000, 0xcb700000|  0%| F|  |TAMS 0xcb600000, 0xcb600000| Untracked 
|  91|0xcb700000, 0xcb700000, 0xcb800000|  0%| F|  |TAMS 0xcb700000, 0xcb700000| Untracked 
|  92|0xcb800000, 0xcb800000, 0xcb900000|  0%| F|  |TAMS 0xcb800000, 0xcb800000| Untracked 
|  93|0xcb900000, 0xcb900000, 0xcba00000|  0%| F|  |TAMS 0xcb900000, 0xcb900000| Untracked 
|  94|0xcba00000, 0xcba00000, 0xcbb00000|  0%| F|  |TAMS 0xcba00000, 0xcba00000| Untracked 
|  95|0xcbb00000, 0xcbb00000, 0xcbc00000|  0%| F|  |TAMS 0xcbb00000, 0xcbb00000| Untracked 
|  96|0xcbc00000, 0xcbc00000, 0xcbd00000|  0%| F|  |TAMS 0xcbc00000, 0xcbc00000| Untracked 
|  97|0xcbd00000, 0xcbd00000, 0xcbe00000|  0%| F|  |TAMS 0xcbd00000, 0xcbd00000| Untracked 
|  98|0xcbe00000, 0xcbe00000, 0xcbf00000|  0%| F|  |TAMS 0xcbe00000, 0xcbe00000| Untracked 
|  99|0xcbf00000, 0xcbf00000, 0xcc000000|  0%| F|  |TAMS 0xcbf00000, 0xcbf00000| Untracked 
| 100|0xcc000000, 0xcc000000, 0xcc100000|  0%| F|  |TAMS 0xcc000000, 0xcc000000| Untracked 
| 101|0xcc100000, 0xcc100000, 0xcc200000|  0%| F|  |TAMS 0xcc100000, 0xcc100000| Untracked 
| 102|0xcc200000, 0xcc200000, 0xcc300000|  0%| F|  |TAMS 0xcc200000, 0xcc200000| Untracked 
| 103|0xcc300000, 0xcc300000, 0xcc400000|  0%| F|  |TAMS 0xcc300000, 0xcc300000| Untracked 
| 104|0xcc400000, 0xcc400000, 0xcc500000|  0%| F|  |TAMS 0xcc400000, 0xcc400000| Untracked 
| 105|0xcc500000, 0xcc500000, 0xcc600000|  0%| F|  |TAMS 0xcc500000, 0xcc500000| Untracked 
| 106|0xcc600000, 0xcc600000, 0xcc700000|  0%| F|  |TAMS 0xcc600000, 0xcc600000| Untracked 
| 107|0xcc700000, 0xcc700000, 0xcc800000|  0%| F|  |TAMS 0xcc700000, 0xcc700000| Untracked 
| 108|0xcc800000, 0xcc800000, 0xcc900000|  0%| F|  |TAMS 0xcc800000, 0xcc800000| Untracked 
| 109|0xcc900000, 0xcc900000, 0xcca00000|  0%| F|  |TAMS 0xcc900000, 0xcc900000| Untracked 
| 110|0xcca00000, 0xcca00000, 0xccb00000|  0%| F|  |TAMS 0xcca00000, 0xcca00000| Untracked 
| 111|0xccb00000, 0xccb00000, 0xccc00000|  0%| F|  |TAMS 0xccb00000, 0xccb00000| Untracked 
| 112|0xccc00000, 0xccc00000, 0xccd00000|  0%| F|  |TAMS 0xccc00000, 0xccc00000| Untracked 
| 113|0xccd00000, 0xccd00000, 0xcce00000|  0%| F|  |TAMS 0xccd00000, 0xccd00000| Untracked 
| 114|0xcce00000, 0xcce00000, 0xccf00000|  0%| F|  |TAMS 0xcce00000, 0xcce00000| Untracked 
| 115|0xccf00000, 0xccf00000, 0xcd000000|  0%| F|  |TAMS 0xccf00000, 0xccf00000| Untracked 
| 116|0xcd000000, 0xcd000000, 0xcd100000|  0%| F|  |TAMS 0xcd000000, 0xcd000000| Untracked 
| 117|0xcd100000, 0xcd100000, 0xcd200000|  0%| F|  |TAMS 0xcd100000, 0xcd100000| Untracked 
| 118|0xcd200000, 0xcd200000, 0xcd300000|  0%| F|  |TAMS 0xcd200000, 0xcd200000| Untracked 
| 119|0xcd300000, 0xcd300000, 0xcd400000|  0%| F|  |TAMS 0xcd300000, 0xcd300000| Untracked 
| 120|0xcd400000, 0xcd400000, 0xcd500000|  0%| F|  |TAMS 0xcd400000, 0xcd400000| Untracked 
| 121|0xcd500000, 0xcd500000, 0xcd600000|  0%| F|  |TAMS 0xcd500000, 0xcd500000| Untracked 
| 122|0xcd600000, 0xcd600000, 0xcd700000|  0%| F|  |TAMS 0xcd600000, 0xcd600000| Untracked 
| 123|0xcd700000, 0xcd700000, 0xcd800000|  0%| F|  |TAMS 0xcd700000, 0xcd700000| Untracked 
| 124|0xcd800000, 0xcd800000, 0xcd900000|  0%| F|  |TAMS 0xcd800000, 0xcd800000| Untracked 
| 125|0xcd900000, 0xcda00000, 0xcda00000|100%| E|  |TAMS 0xcd900000, 0xcd900000| Complete 
| 126|0xcda00000, 0xcdb00000, 0xcdb00000|100%| E|  |TAMS 0xcda00000, 0xcda00000| Complete 
| 127|0xcdb00000, 0xcdc00000, 0xcdc00000|100%| E|CS|TAMS 0xcdb00000, 0xcdb00000| Complete 

Card table byte_map: [0xc5a00000,0xc5b00000] _byte_map_base: 0xc53d2000

Marking Bits (Prev, Next): (CMBitMap*) 0xf5e8b528, (CMBitMap*) 0xf5e8b548
 Prev Bits: [0xc5100000, 0xc5900000)
 Next Bits: [0xc4900000, 0xc5100000)

Polling page: 0xf7ec4000

Metaspace:

Usage:
    1.06 MB used.

Virtual space:
     16.00 MB reserved,       1.12 MB (  7%) committed,  1 nodes.

Chunk freelists:
11.08 MB

MaxMetaspaceSize: 96.00 MB
No class space
Initial GC threshold: 16.00 MB
Current GC threshold: 16.00 MB
CDS: on
MetaspaceReclaimPolicy: balanced
 - commit_granule_bytes: 65536.
 - commit_granule_words: 16384.
 - virtual_space_node_default_size: 4194304.
 - enlarge_chunks_in_place: 1.
 - new_chunks_are_fully_committed: 0.
 - uncommit_free_chunks: 1.
 - use_allocation_guard: 0.
 - handle_deallocations: 1.


Internal statistics:

num_allocs_failed_limit: 0.
num_arena_births: 2.
num_arena_deaths: 0.
num_vsnodes_births: 1.
num_vsnodes_deaths: 0.
num_space_committed: 18.
num_space_uncommitted: 0.
num_chunks_returned_to_freelist: 0.
num_chunks_taken_from_freelist: 31.
num_chunk_merges: 0.
num_chunk_splits: 30.
num_chunks_enlarged: 29.
num_inconsistent_stats: 0.

CodeHeap 'non-profiled nmethods': size=120172Kb used=23Kb max_used=23Kb free=120148Kb
 bounds [0xed7f5000, 0xeda35000, 0xf4d50000]
CodeHeap 'profiled nmethods': size=120172Kb used=103Kb max_used=103Kb free=120068Kb
 bounds [0xe5d50000, 0xe5f90000, 0xed2ab000]
CodeHeap 'non-nmethods': size=5416Kb used=709Kb max_used=709Kb free=4707Kb
 bounds [0xed2ab000, 0xed4eb000, 0xed7f5000]
 total_blobs=413 nmethods=103 adapters=224
 compilation: enabled
              stopped_count=0, restarted_count=0
 full_count=0

Compilation events (20 events):
Event: 1.985 Thread 0xc419f450   93       4       java.lang.String::length (11 bytes)
Event: 1.986 Thread 0xc419f450 nmethod 93 0xed7fa788 code [0xed7fa8a0, 0xed7fa930]
Event: 1.986 Thread 0xc41a0580   94       3       jdk.internal.misc.Unsafe::putReferenceRelease (9 bytes)
Event: 1.986 Thread 0xc41a0580 nmethod 94 0xe5d65e88 code [0xe5d65fc0, 0xe5d66120]
Event: 1.986 Thread 0xc41a0580   96       3       java.util.concurrent.ConcurrentHashMap::setTabAt (20 bytes)
Event: 1.987 Thread 0xc41a0580 nmethod 96 0xe5d66188 code [0xe5d662c0, 0xe5d6648c]
Event: 1.987 Thread 0xc41a0580   97       3       java.lang.AbstractStringBuilder::newCapacity (59 bytes)
Event: 1.988 Thread 0xc41a0580 nmethod 97 0xe5d66508 code [0xe5d66680, 0xe5d669b8]
Event: 1.988 Thread 0xc41a0580   98       3       java.util.concurrent.ConcurrentHashMap::get (162 bytes)
Event: 1.989 Thread 0xc41a0580 nmethod 98 0xe5d66b08 code [0xe5d66d00, 0xe5d6761c]
Event: 1.989 Thread 0xc41a0580   99       3       java.lang.String::lastIndexOf (12 bytes)
Event: 1.989 Thread 0xc41a0580 nmethod 99 0xe5d67908 code [0xe5d67a80, 0xe5d67df8]
Event: 2.232 Thread 0xc41a0580  100       3       java.lang.String::endsWith (15 bytes)
Event: 2.233 Thread 0xc41a0580 nmethod 100 0xe5d67f88 code [0xe5d680e0, 0xe5d683ac]
Event: 2.244 Thread 0xc41a0580  101       3       java.lang.String::checkBoundsBeginEnd (63 bytes)
Event: 2.245 Thread 0xc41a0580 nmethod 101 0xe5d68588 code [0xe5d687a0, 0xe5d68e78]
Event: 2.480 Thread 0xc41a0580  102       3       java.lang.CharacterDataLatin1::toLowerCase (39 bytes)
Event: 2.480 Thread 0xc41a0580 nmethod 102 0xe5d69208 code [0xe5d69340, 0xe5d69540]
Event: 2.483 Thread 0xc41a0580  103       3       java.lang.StringLatin1::indexOf (36 bytes)
Event: 2.484 Thread 0xc41a0580 nmethod 103 0xe5d69608 code [0xe5d69780, 0xe5d69b40]

GC Heap History (0 events):
No events

Dll operation events (1 events):
Event: 0.005 Loaded shared library /usr/lib/jvm/java-17-zulu-openjdk-jdk-x86/lib/libjava.so

Deoptimization events (0 events):
No events

Classes unloaded (0 events):
No events

Classes redefined (0 events):
No events

Internal exceptions (0 events):
No events

VM Operations (5 events):
Event: 1.587 Executing VM operation: Cleanup
Event: 1.591 Executing VM operation: Cleanup done
Event: 2.591 Executing VM operation: Cleanup
Event: 2.591 Executing VM operation: Cleanup done
Event: 12.244 Executing VM operation: Exit

Events (20 events):
Event: 1.777 loading class java/util/Stack
Event: 1.777 loading class java/util/Vector
Event: 1.778 loading class java/util/Vector done
Event: 1.778 loading class java/util/Stack done
Event: 1.780 loading class java/lang/InterruptedException
Event: 1.780 loading class java/lang/InterruptedException done
Event: 1.782 Protecting memory [0xc1740000,0xc1744000] with protection modes 0
Event: 1.906 Thread 0x0b4b6370 Thread added: 0x0b4b6370
Event: 1.907 loading class java/io/FileNotFoundException
Event: 1.907 loading class java/io/FileNotFoundException done
Event: 1.907 loading class java/lang/ClassFormatError
Event: 1.907 loading class java/lang/ClassFormatError done
Event: 1.918 Protecting memory [0xc167f000,0xc1683000] with protection modes 0
Event: 1.973 loading class java/lang/CloneNotSupportedException
Event: 1.973 loading class java/lang/CloneNotSupportedException done
Event: 12.085 loading class jdk/internal/misc/Signal$1
Event: 12.086 loading class jdk/internal/misc/Signal$1 done
Event: 12.243 Thread 0xc3e00e80 Thread added: 0xc3e00e80
Event: 12.243 Protecting memory [0xc1455000,0xc1459000] with protection modes 0
Event: 12.244 Thread 0xc419bff0 Thread exited: 0xc419bff0


Dynamic libraries:
08048000-09298000 r-xp 00000000 08:04 494947248                          /home/almalinux/swg-returns-nge/build/bin/SwgGameServer
09298000-0929c000 rw-p 0124f000 08:04 494947248                          /home/almalinux/swg-returns-nge/build/bin/SwgGameServer
0929c000-09b1f000 rw-p 00000000 00:00 0 
09de9000-0b821000 rw-p 00000000 00:00 0                                  [heap]
c1455000-c1459000 ---p 00000000 00:00 0 
c1459000-c15f1000 rw-p 00000000 00:00 0 
c167f000-c1683000 ---p 00000000 00:00 0 
c1683000-c1740000 rw-p 00000000 00:00 0 
c1740000-c1744000 ---p 00000000 00:00 0 
c1744000-c1801000 rw-p 00000000 00:00 0 
c1801000-c1802000 ---p 00000000 00:00 0 
c1802000-c1882000 rw-p 00000000 00:00 0 
c1882000-c1886000 ---p 00000000 00:00 0 
c1886000-c1943000 rw-p 00000000 00:00 0 
c1943000-c1947000 ---p 00000000 00:00 0 
c1947000-c1a04000 rw-p 00000000 00:00 0 
c1a04000-c1a08000 ---p 00000000 00:00 0 
c1a08000-c1ac5000 rw-p 00000000 00:00 0 
c1ac5000-c1ac9000 ---p 00000000 00:00 0 
c1ac9000-c1b86000 rw-p 00000000 00:00 0 
c1b86000-c1e00000 r--p 00078000 08:04 535181                             /usr/lib/locale/locale-archive
c1e00000-c2000000 r--p 00000000 08:04 535181                             /usr/lib/locale/locale-archive
c2000000-c2030000 rw-p 00000000 00:00 0 
c2030000-c2400000 ---p 00000000 00:00 0 
c2400000-c24f0000 rw-p 00000000 00:00 0 
c24f0000-c3000000 ---p 00000000 00:00 0 
c303c000-c3040000 ---p 00000000 00:00 0 
c3040000-c30bd000 rw-p 00000000 00:00 0 
c30bd000-c30c1000 ---p 00000000 00:00 0 
c30c1000-c317e000 rw-p 00000000 00:00 0 
c317e000-c3182000 ---p 00000000 00:00 0 
c3182000-c323f000 rw-p 00000000 00:00 0 
c323f000-c3243000 ---p 00000000 00:00 0 
c3243000-c3300000 rw-p 00000000 00:00 0 
c3300000-c3321000 rw-p 00000000 00:00 0 
c3321000-c3400000 ---p 00000000 00:00 0 
c3431000-c3435000 ---p 00000000 00:00 0 
c3435000-c34b2000 rw-p 00000000 00:00 0 
c34b2000-c34b3000 ---p 00000000 00:00 0 
c34b3000-c3533000 rw-p 00000000 00:00 0 
c3533000-c3e00000 rw-p 00001000 08:04 143240867                          /usr/lib/jvm/java-17-zulu-openjdk-jdk-x86/lib/server/classes.jsa
c3e00000-c3e21000 rw-p 00000000 00:00 0 
c3e21000-c3f00000 ---p 00000000 00:00 0 
c3f7f000-c3f80000 ---p 00000000 00:00 0 
c3f80000-c4000000 rw-p 00000000 00:00 0 
c4000000-c4021000 rw-p 00000000 00:00 0 
c4021000-c4100000 ---p 00000000 00:00 0 
c4100000-c41d0000 rw-p 00000000 00:00 0 
c41d0000-c4200000 ---p 00000000 00:00 0 
c427f000-c4280000 ---p 00000000 00:00 0 
c4280000-c4300000 rw-p 00000000 00:00 0 
c4300000-c4321000 rw-p 00000000 00:00 0 
c4321000-c4400000 ---p 00000000 00:00 0 
c447f000-c4480000 ---p 00000000 00:00 0 
c4480000-c4500000 rw-p 00000000 00:00 0 
c4500000-c4558000 rw-p 00000000 00:00 0 
c4558000-c4600000 ---p 00000000 00:00 0 
c467f000-c4680000 ---p 00000000 00:00 0 
c4680000-c4700000 rw-p 00000000 00:00 0 
c4700000-c472e000 rw-p 00000000 00:00 0 
c472e000-c4800000 ---p 00000000 00:00 0 
c487f000-c4880000 ---p 00000000 00:00 0 
c4880000-c4b00000 rw-p 00000000 00:00 0 
c4b00000-c5100000 ---p 00000000 00:00 0 
c5100000-c5300000 rw-p 00000000 00:00 0 
c5300000-c5900000 ---p 00000000 00:00 0 
c5900000-c5940000 rw-p 00000000 00:00 0 
c5940000-c5a00000 ---p 00000000 00:00 0 
c5a00000-c5a40000 rw-p 00000000 00:00 0 
c5a40000-c5b00000 ---p 00000000 00:00 0 
c5b00000-c5b40000 rw-p 00000000 00:00 0 
c5b40000-c5c00000 ---p 00000000 00:00 0 
c5c00000-cdc00000 rw-p 00000000 00:00 0 
cdc00000-e5c00000 ---p 00000000 00:00 0 
e5c65000-e5c6a000 rw-p 00000000 00:00 0 
e5c6a000-e5d50000 ---p 00000000 00:00 0 
e5d50000-e5f90000 rwxp 00000000 00:00 0 
e5f90000-ed2ab000 ---p 00000000 00:00 0 
ed2ab000-ed4eb000 rwxp 00000000 00:00 0 
ed4eb000-ed7f5000 ---p 00000000 00:00 0 
ed7f5000-eda35000 rwxp 00000000 00:00 0 
eda35000-f4d50000 ---p 00000000 00:00 0 
f4d50000-f4eb8000 r--s 00000000 08:04 117534333                          /usr/lib/jvm/java-17-zulu-openjdk-jdk-x86/lib/modules
f4eb8000-f5d5a000 r-xp 00000000 08:04 143240869                          /usr/lib/jvm/java-17-zulu-openjdk-jdk-x86/lib/server/libjvm.so
f5d5a000-f5daf000 r--p 00ea1000 08:04 143240869                          /usr/lib/jvm/java-17-zulu-openjdk-jdk-x86/lib/server/libjvm.so
f5daf000-f5dd0000 rw-p 00ef6000 08:04 143240869                          /usr/lib/jvm/java-17-zulu-openjdk-jdk-x86/lib/server/libjvm.so
f5dd0000-f5e00000 rw-p 00000000 00:00 0 
f5e00000-f5f00000 rw-p 00000000 00:00 0 
f5f0a000-f5f0b000 ---p 00000000 00:00 0 
f5f0b000-f5f0f000 ---p 00000000 00:00 0 
f5f0f000-f6a83000 rw-p 00000000 00:00 0 
f6aa6000-f6aab000 rw-p 00000000 00:00 0 
f6aab000-f6b91000 ---p 00000000 00:00 0 
f6b91000-f6dc0000 rw-p 00000000 00:00 0 
f6ddf000-f6e08000 rw-p 00000000 00:00 0 
f6e08000-f6e2b000 r-xp 00000000 08:04 117534310                          /usr/lib/jvm/java-17-zulu-openjdk-jdk-x86/lib/libjava.so
f6e2b000-f6e2c000 r--p 00022000 08:04 117534310                          /usr/lib/jvm/java-17-zulu-openjdk-jdk-x86/lib/libjava.so
f6e2c000-f6e2d000 rw-p 00023000 08:04 117534310                          /usr/lib/jvm/java-17-zulu-openjdk-jdk-x86/lib/libjava.so
f6e2d000-f6e39000 r-xp 00000000 08:04 16831767                           /usr/lib/libnss_files-2.28.so
f6e39000-f6e3a000 r--p 0000b000 08:04 16831767                           /usr/lib/libnss_files-2.28.so
f6e3a000-f6e3b000 rw-p 0000c000 08:04 16831767                           /usr/lib/libnss_files-2.28.so
f6e3b000-f6e41000 rw-p 00000000 00:00 0 
f6e47000-f6e4c000 rw-p 00000000 00:00 0 
f6e4c000-f6e52000 ---p 00000000 00:00 0 
f6e52000-f6e6d000 r-xp 00000000 08:04 117534314                          /usr/lib/jvm/java-17-zulu-openjdk-jdk-x86/lib/libjimage.so
f6e6d000-f6e6e000 ---p 0001b000 08:04 117534314                          /usr/lib/jvm/java-17-zulu-openjdk-jdk-x86/lib/libjimage.so
f6e6e000-f6e6f000 r--p 0001b000 08:04 117534314                          /usr/lib/jvm/java-17-zulu-openjdk-jdk-x86/lib/libjimage.so
f6e6f000-f6e70000 rw-p 0001c000 08:04 117534314                          /usr/lib/jvm/java-17-zulu-openjdk-jdk-x86/lib/libjimage.so
f6e70000-f6e74000 rw-p 00000000 00:00 0 
f6e74000-f6efc000 r-xp 00000000 08:04 17191875                           /usr/lib/libpcre2-8.so.0.7.1
f6efc000-f6efd000 r--p 00087000 08:04 17191875                           /usr/lib/libpcre2-8.so.0.7.1
f6efd000-f6efe000 rw-p 00088000 08:04 17191875                           /usr/lib/libpcre2-8.so.0.7.1
f6efe000-f6f1e000 r-xp 00000000 08:04 17021543                           /usr/lib/libcrypt.so.1.1.0
f6f1e000-f6f1f000 ---p 00020000 08:04 17021543                           /usr/lib/libcrypt.so.1.1.0
f6f1f000-f6f20000 r--p 00020000 08:04 17021543                           /usr/lib/libcrypt.so.1.1.0
f6f20000-f6f29000 rw-p 00000000 00:00 0 
f6f29000-f6f54000 r-xp 00000000 08:04 17191887                           /usr/lib/libselinux.so.1
f6f54000-f6f55000 ---p 0002b000 08:04 17191887                           /usr/lib/libselinux.so.1
f6f55000-f6f56000 r--p 0002b000 08:04 17191887                           /usr/lib/libselinux.so.1
f6f56000-f6f57000 rw-p 0002c000 08:04 17191887                           /usr/lib/libselinux.so.1
f6f57000-f6f58000 rw-p 00000000 00:00 0 
f6f58000-f6f77000 r-xp 00000000 08:04 18866589                           /usr/lib/libbrotlicommon.so.1.0.6
f6f77000-f6f78000 r--p 0001e000 08:04 18866589                           /usr/lib/libbrotlicommon.so.1.0.6
f6f78000-f6f79000 rw-p 0001f000 08:04 18866589                           /usr/lib/libbrotlicommon.so.1.0.6
f6f79000-f6f97000 r-xp 00000000 08:04 17191915                           /usr/lib/libsasl2.so.3.0.0
f6f97000-f6f98000 ---p 0001e000 08:04 17191915                           /usr/lib/libsasl2.so.3.0.0
f6f98000-f6f99000 r--p 0001e000 08:04 17191915                           /usr/lib/libsasl2.so.3.0.0
f6f99000-f6f9a000 rw-p 0001f000 08:04 17191915                           /usr/lib/libsasl2.so.3.0.0
f6f9a000-f6f9c000 rw-p 00000000 00:00 0 
f6f9c000-f6fb0000 r-xp 00000000 08:04 16831772                           /usr/lib/libresolv-2.28.so
f6fb0000-f6fb1000 ---p 00014000 08:04 16831772                           /usr/lib/libresolv-2.28.so
f6fb1000-f6fb2000 r--p 00014000 08:04 16831772                           /usr/lib/libresolv-2.28.so
f6fb2000-f6fb3000 rw-p 00015000 08:04 16831772                           /usr/lib/libresolv-2.28.so
f6fb3000-f6fb5000 rw-p 00000000 00:00 0 
f6fb5000-f6fb8000 r-xp 00000000 08:04 17191893                           /usr/lib/libkeyutils.so.1.6
f6fb8000-f6fb9000 ---p 00003000 08:04 17191893                           /usr/lib/libkeyutils.so.1.6
f6fb9000-f6fba000 r--p 00003000 08:04 17191893                           /usr/lib/libkeyutils.so.1.6
f6fba000-f6fbb000 rw-p 00000000 00:00 0 
f6fbb000-f6fcb000 r-xp 00000000 08:04 17021560                           /usr/lib/libkrb5support.so.0.1
f6fcb000-f6fcc000 r--p 0000f000 08:04 17021560                           /usr/lib/libkrb5support.so.0.1
f6fcc000-f6fcd000 rw-p 00010000 08:04 17021560                           /usr/lib/libkrb5support.so.0.1
f6fcd000-f6fd5000 r-xp 00000000 08:04 16831774                           /usr/lib/librt-2.28.so
f6fd5000-f6fd6000 r--p 00007000 08:04 16831774                           /usr/lib/librt-2.28.so
f6fd6000-f6fd7000 rw-p 00008000 08:04 16831774                           /usr/lib/librt-2.28.so
f6fd7000-f7156000 r-xp 00000000 08:04 17021545                           /usr/lib/libunistring.so.2.1.0
f7156000-f7157000 ---p 0017f000 08:04 17021545                           /usr/lib/libunistring.so.2.1.0
f7157000-f7159000 r--p 0017f000 08:04 17021545                           /usr/lib/libunistring.so.2.1.0
f7159000-f715a000 rw-p 00181000 08:04 17021545                           /usr/lib/libunistring.so.2.1.0
f715a000-f7184000 r-xp 00000000 08:04 18654292                           /usr/lib/liblzma.so.5.2.4
f7184000-f7185000 r--p 00029000 08:04 18654292                           /usr/lib/liblzma.so.5.2.4
f7185000-f7186000 rw-p 00000000 00:00 0 
f7186000-f7192000 r-xp 00000000 08:04 17191936                           /usr/lib/libbrotlidec.so.1.0.6
f7192000-f7193000 r--p 0000b000 08:04 17191936                           /usr/lib/libbrotlidec.so.1.0.6
f7193000-f7194000 rw-p 00000000 00:00 0 
f7194000-f71a3000 r-xp 00000000 08:04 17191918                           /usr/lib/liblber-2.4.so.2.10.9
f71a3000-f71a4000 r--p 0000e000 08:04 17191918                           /usr/lib/liblber-2.4.so.2.10.9
f71a4000-f71a5000 rw-p 0000f000 08:04 17191918                           /usr/lib/liblber-2.4.so.2.10.9
f71a5000-f71fa000 r-xp 00000000 08:04 17191920                           /usr/lib/libldap-2.4.so.2.10.9
f71fa000-f71fb000 ---p 00055000 08:04 17191920                           /usr/lib/libldap-2.4.so.2.10.9
f71fb000-f71fc000 r--p 00055000 08:04 17191920                           /usr/lib/libldap-2.4.so.2.10.9
f71fc000-f71fd000 rw-p 00056000 08:04 17191920                           /usr/lib/libldap-2.4.so.2.10.9
f71fd000-f71ff000 rw-p 00000000 00:00 0 
f71ff000-f7202000 r-xp 00000000 08:04 16994899                           /usr/lib/libcom_err.so.2.1
f7202000-f7203000 r--p 00002000 08:04 16994899                           /usr/lib/libcom_err.so.2.1
f7203000-f7204000 rw-p 00003000 08:04 16994899                           /usr/lib/libcom_err.so.2.1
f7204000-f721a000 r-xp 00000000 08:04 17021552                           /usr/lib/libk5crypto.so.3.1
f721a000-f721b000 ---p 00016000 08:04 17021552                           /usr/lib/libk5crypto.so.3.1
f721b000-f721c000 r--p 00016000 08:04 17021552                           /usr/lib/libk5crypto.so.3.1
f721c000-f721d000 rw-p 00017000 08:04 17021552                           /usr/lib/libk5crypto.so.3.1
f721d000-f7300000 r-xp 00000000 08:04 17021558                           /usr/lib/libkrb5.so.3.3
f7300000-f7307000 r--p 000e2000 08:04 17021558                           /usr/lib/libkrb5.so.3.3
f7307000-f7308000 rw-p 000e9000 08:04 17021558                           /usr/lib/libkrb5.so.3.3
f7308000-f7363000 r-xp 00000000 08:04 17021548                           /usr/lib/libgssapi_krb5.so.2.2
f7363000-f7365000 r--p 0005a000 08:04 17021548                           /usr/lib/libgssapi_krb5.so.2.2
f7365000-f7366000 rw-p 0005c000 08:04 17021548                           /usr/lib/libgssapi_krb5.so.2.2
f7366000-f7617000 r-xp 00000000 08:04 18627877                           /usr/lib/libcrypto.so.1.1.1k
f7617000-f7630000 r--p 002b0000 08:04 18627877                           /usr/lib/libcrypto.so.1.1.1k
f7630000-f7632000 rw-p 002c9000 08:04 18627877                           /usr/lib/libcrypto.so.1.1.1k
f7632000-f7636000 rw-p 00000000 00:00 0 
f7636000-f76c8000 r-xp 00000000 08:04 18627879                           /usr/lib/libssl.so.1.1.1k
f76c8000-f76ce000 r--p 00091000 08:04 18627879                           /usr/lib/libssl.so.1.1.1k
f76ce000-f76d2000 rw-p 00097000 08:04 18627879                           /usr/lib/libssl.so.1.1.1k
f76d2000-f76e2000 r-xp 00000000 08:04 18660120                           /usr/lib/libpsl.so.5.3.1
f76e2000-f76e3000 r--p 0000f000 08:04 18660120                           /usr/lib/libpsl.so.5.3.1
f76e3000-f76e4000 rw-p 00000000 00:00 0 
f76e4000-f7761000 r-xp 00000000 08:04 16994901                           /usr/lib/libssh.so.4.8.7
f7761000-f7762000 ---p 0007d000 08:04 16994901                           /usr/lib/libssh.so.4.8.7
f7762000-f7763000 r--p 0007d000 08:04 16994901                           /usr/lib/libssh.so.4.8.7
f7763000-f7764000 rw-p 0007e000 08:04 16994901                           /usr/lib/libssh.so.4.8.7
f7764000-f7781000 r-xp 00000000 08:04 17040588                           /usr/lib/libidn2.so.0.3.6
f7781000-f7782000 r--p 0001c000 08:04 17040588                           /usr/lib/libidn2.so.0.3.6
f7782000-f7783000 rw-p 00000000 00:00 0 
f7783000-f77ab000 r-xp 00000000 08:04 17191891                           /usr/lib/libnghttp2.so.14.17.0
f77ab000-f77ac000 r--p 00027000 08:04 17191891                           /usr/lib/libnghttp2.so.14.17.0
f77ac000-f77ae000 rw-p 00028000 08:04 17191891                           /usr/lib/libnghttp2.so.14.17.0
f77ae000-f7950000 r-xp 00000000 08:04 16831756                           /usr/lib/libc-2.28.so
f7950000-f7951000 ---p 001a2000 08:04 16831756                           /usr/lib/libc-2.28.so
f7951000-f7953000 r--p 001a2000 08:04 16831756                           /usr/lib/libc-2.28.so
f7953000-f7954000 rw-p 001a4000 08:04 16831756                           /usr/lib/libc-2.28.so
f7954000-f7959000 rw-p 00000000 00:00 0 
f7959000-f7974000 r-xp 00000000 08:04 16985139                           /usr/lib/libgcc_s-8-20210514.so.1
f7974000-f7975000 r--p 0001a000 08:04 16985139                           /usr/lib/libgcc_s-8-20210514.so.1
f7975000-f7976000 rw-p 0001b000 08:04 16985139                           /usr/lib/libgcc_s-8-20210514.so.1
f7976000-f7a46000 r-xp 00000000 08:04 16831760                           /usr/lib/libm-2.28.so
f7a46000-f7a47000 r--p 000cf000 08:04 16831760                           /usr/lib/libm-2.28.so
f7a47000-f7a48000 rw-p 000d0000 08:04 16831760                           /usr/lib/libm-2.28.so
f7a48000-f7bd1000 r-xp 00000000 08:04 16985145                           /usr/lib/libstdc++.so.6.0.25
f7bd1000-f7bd2000 ---p 00189000 08:04 16985145                           /usr/lib/libstdc++.so.6.0.25
f7bd2000-f7bd8000 r--p 00189000 08:04 16985145                           /usr/lib/libstdc++.so.6.0.25
f7bd8000-f7bd9000 rw-p 0018f000 08:04 16985145                           /usr/lib/libstdc++.so.6.0.25
f7bd9000-f7bdb000 rw-p 00000000 00:00 0 
f7bdb000-f7bf2000 r-xp 00000000 08:04 16963437                           /usr/lib/libz.so.1.2.11
f7bf2000-f7bf3000 ---p 00017000 08:04 16963437                           /usr/lib/libz.so.1.2.11
f7bf3000-f7bf4000 r--p 00017000 08:04 16963437                           /usr/lib/libz.so.1.2.11
f7bf4000-f7bf5000 rw-p 00000000 00:00 0 
f7bf5000-f7d72000 r-xp 00000000 08:04 16963397                           /usr/lib/libxml2.so.2.9.7
f7d72000-f7d77000 r--p 0017c000 08:04 16963397                           /usr/lib/libxml2.so.2.9.7
f7d77000-f7d78000 rw-p 00181000 08:04 16963397                           /usr/lib/libxml2.so.2.9.7
f7d78000-f7d79000 rw-p 00000000 00:00 0 
f7d79000-f7d95000 r-xp 00000000 08:04 16831770                           /usr/lib/libpthread-2.28.so
f7d95000-f7d96000 r--p 0001b000 08:04 16831770                           /usr/lib/libpthread-2.28.so
f7d96000-f7d97000 rw-p 0001c000 08:04 16831770                           /usr/lib/libpthread-2.28.so
f7d97000-f7d99000 rw-p 00000000 00:00 0 
f7d99000-f7e0d000 r-xp 00000000 08:04 16818911                           /usr/lib/libpcre.so.1.2.10
f7e0d000-f7e0e000 ---p 00074000 08:04 16818911                           /usr/lib/libpcre.so.1.2.10
f7e0e000-f7e0f000 r--p 00074000 08:04 16818911                           /usr/lib/libpcre.so.1.2.10
f7e0f000-f7e10000 rw-p 00075000 08:04 16818911                           /usr/lib/libpcre.so.1.2.10
f7e10000-f7e13000 r-xp 00000000 08:04 16831758                           /usr/lib/libdl-2.28.so
f7e13000-f7e14000 r--p 00002000 08:04 16831758                           /usr/lib/libdl-2.28.so
f7e14000-f7e15000 rw-p 00003000 08:04 16831758                           /usr/lib/libdl-2.28.so
f7e15000-f7eb2000 r-xp 00000000 08:04 16994905                           /usr/lib/libcurl.so.4.5.0
f7eb2000-f7eb4000 r--p 0009c000 08:04 16994905                           /usr/lib/libcurl.so.4.5.0
f7eb4000-f7eb5000 rw-p 0009e000 08:04 16994905                           /usr/lib/libcurl.so.4.5.0
f7eb5000-f7ebc000 r--s 00000000 08:04 176632422                          /usr/lib/gconv/gconv-modules.cache
f7ebc000-f7ec4000 rw-s 00000000 08:04 151635555                          /tmp/hsperfdata_almalinux/1411159 (deleted)
f7ec4000-f7ec5000 ---p 00000000 00:00 0 
f7ec5000-f7ec6000 r--p 00000000 00:00 0 
f7ec6000-f7ec8000 rw-p 00000000 00:00 0 
f7ec8000-f7ecc000 r--p 00000000 00:00 0                                  [vvar]
f7ecc000-f7ece000 r-xp 00000000 00:00 0                                  [vdso]
f7ece000-f7efd000 r-xp 00000000 08:04 16831749                           /usr/lib/ld-2.28.so
f7efd000-f7efe000 ---p 00000000 00:00 0 
f7efe000-f7eff000 r--p 0002f000 08:04 16831749                           /usr/lib/ld-2.28.so
f7eff000-f7f00000 rw-p 00030000 08:04 16831749                           /usr/lib/ld-2.28.so
ff7f8000-ff7f9000 rwxp 00000000 00:00 0 
ff8fd000-ff901000 ---p 00000000 00:00 0 
ff901000-ff9bd000 rw-p 00000000 00:00 0                                  [stack]


VM Arguments:
jvm_args: -Xms128m -Xmx512m -Xss768k -XX:MaxMetaspaceSize=96m -Xrs -XX:-UsePerfData -XX:-AllowUserSignalHandlers -XX:UseSSE=3 -XX+DoEscapeAnalysis -XX:AutoBoxCacheMax:2000 -XX:+OptimizeStringConcat -XX:+OptimizeFill -XX:+EliminateAutoBox -XX:+UseCompressedStrings -XX:+UseCompressedOops -XX:+EliminateLocks -XX:UseFastAccessorMethods -XX:+UseStringCache -XgcPrio:throughput -XXkeepAreaRatio:1 -XXlazyUnlocking -XXcallProfiling -XXcompactRatio:1 
java_command: <unknown>
java_class_path (initial): ../../data/sku.0/sys.server/compiled/game/
Launcher Type: generic

[Global flags]
     intx CICompilerCount                          = 3                                         {product} {ergonomic}
     uint ConcGCThreads                            = 1                                         {product} {ergonomic}
     uint G1ConcRefinementThreads                  = 4                                         {product} {ergonomic}
   size_t G1HeapRegionSize                         = 1048576                                   {product} {ergonomic}
    uintx GCDrainStackTargetSize                   = 64                                        {product} {ergonomic}
   size_t InitialHeapSize                          = 134217728                                 {product} {command line}
   size_t MarkStackSize                            = 32768                                     {product} {ergonomic}
   size_t MaxHeapSize                              = 536870912                                 {product} {command line}
   size_t MaxMetaspaceSize                         = 100663296                                 {product} {command line}
   size_t MaxNewSize                               = 321912832                                 {product} {ergonomic}
   size_t MinHeapDeltaBytes                        = 1048576                                   {product} {ergonomic}
   size_t MinHeapSize                              = 134217728                                 {product} {command line}
    uintx NonNMethodCodeHeapSize                   = 5544422                                {pd product} {ergonomic}
    uintx NonProfiledCodeHeapSize                  = 123056909                              {pd product} {ergonomic}
    uintx ProfiledCodeHeapSize                     = 123056909                              {pd product} {ergonomic}
    uintx ReservedCodeCacheSize                    = 251658240                              {pd product} {ergonomic}
     bool SegmentedCodeCache                       = true                                      {product} {ergonomic}
   size_t SoftMaxHeapSize                          = 536870912                              {manageable} {ergonomic}
   double SweeperThreshold                         = 0.500000                                  {product} {ergonomic}
     intx ThreadStackSize                          = 768                                    {pd product} {command line}
     bool UseG1GC                                  = true                                      {product} {ergonomic}

Logging:
Log output configuration:
 #0: stdout all=off uptime,level,tags
 #1: stderr all=off uptime,level,tags

Environment Variables:
JAVA_HOME=/usr/lib/jvm/zulu-17-x86
PATH=/usr/java/jdk1.7.0_80/bin:/usr/java/jdk1.7.0_80/bin:/usr/java/jdk1.6.0_45/bin:/usr/java/jdk1.6.0_45/bin:/usr/java/jdk1.6.0_45/bin:/home/almalinux/.local/bin:/home/almalinux/bin:/sbin:/bin:/usr/bin:/usr/local/bin:/usr/local/sbin:/usr/sbin:/usr/lib/oracle/18.3/client/bin:/usr/lib/oracle/18.3/client/bin:/usr/lib/jvm/java-11-openjdk/bin:./
LD_LIBRARY_PATH=/usr/lib/jvm/java-17-zulu-openjdk-jdk-x86/lib/server:/usr/lib/jvm/java-17-zulu-openjdk-jdk-x86/lib:/usr/lib/jvm/java-17-zulu-openjdk-jdk-x86/../lib:/usr/lib/jvm/zulu-17-x86/lib/server:/usr/lib/jvm/java-11-openjdk/lib:/usr/lib/jvm/java-11-openjdk/lib/server:./
SHELL=/bin/bash
DISPLAY=:10.0
LANG=en_US.UTF-8
TERM=xterm-256color

Active Locale:
LC_ALL=en_US.UTF-8
LC_COLLATE=en_US.UTF-8
LC_CTYPE=en_US.UTF-8
LC_MESSAGES=en_US.UTF-8
LC_MONETARY=en_US.UTF-8
LC_NUMERIC=en_US.UTF-8
LC_TIME=en_US.UTF-8

Signal Handlers:
   SIGSEGV: crash_handler in libjvm.so, mask=11100100010111111101111111111110, flags=SA_RESTART|SA_SIGINFO, unblocked
    SIGBUS: crash_handler in libjvm.so, mask=11100100010111111101111111111110, flags=SA_RESTART|SA_SIGINFO, unblocked
    SIGFPE: crash_handler in libjvm.so, mask=11100100010111111101111111111110, flags=SA_RESTART|SA_SIGINFO, unblocked
   SIGPIPE: javaSignalHandler in libjvm.so, mask=11100100010111111101111111111110, flags=SA_RESTART|SA_SIGINFO, blocked
  *** Handler was modified!
  *** Expected: 0xf5ee58c5, mask=01001110001011001100000111100000, flags=SA_RESTART|SA_SIGINFO
   SIGXFSZ: javaSignalHandler in libjvm.so, mask=11100100010111111101111111111110, flags=SA_RESTART|SA_SIGINFO, blocked
  *** Handler was modified!
  *** Expected: 0xf5ee0625, mask=01001110001011001100000111100000, flags=SA_RESTART|SA_SIGINFO
    SIGILL: crash_handler in libjvm.so, mask=11100100010111111101111111111110, flags=SA_RESTART|SA_SIGINFO, unblocked
   SIGUSR2: SR_handler in libjvm.so, mask=00100000000000000000000000000000, flags=SA_RESTART|SA_SIGINFO, blocked
  *** Handler was modified!
  *** Expected: 0xf5ee5990, mask=01001110001011001100000111100000, flags=SA_RESTART|SA_SIGINFO
    SIGHUP: UserHandler in libjvm.so, mask=11100100010111111101111111111110, flags=SA_RESTART|SA_SIGINFO, blocked
    SIGINT: UserHandler in libjvm.so, mask=11100100010111111101111111111110, flags=SA_RESTART|SA_SIGINFO, blocked
   SIGTERM: UserHandler in libjvm.so, mask=11100100010111111101111111111110, flags=SA_RESTART|SA_SIGINFO, blocked
   SIGQUIT: UserHandler in libjvm.so, mask=11100100010111111101111111111110, flags=SA_RESTART|SA_SIGINFO, blocked
   SIGTRAP: crash_handler in libjvm.so, mask=11100100010111111101111111111110, flags=SA_RESTART|SA_SIGINFO, unblocked


Periodic native trim disabled


---------------  S Y S T E M  ---------------

OS:
AlmaLinux release 8.10 (Cerulean Leopard)
uname: Linux 4.18.0-553.81.1.el8_10.x86_64 #1 SMP Mon Oct 27 11:29:19 EDT 2025 x86_64
OS uptime: 33 days 22:26 hours
libc: glibc 2.28 NPTL 2.28 
rlimit (soft/hard): STACK 8192k/infinity , CORE 0k/infinity , NPROC 61995/61995 , NOFILE 262144/262144 , AS infinity/infinity , CPU infinity/infinity , DATA infinity/infinity , FSIZE infinity/infinity , MEMLOCK 64k/64k
load average: 20.92 5.12 1.76

/proc/meminfo:
MemTotal:       16014448 kB
MemFree:         9016872 kB
MemAvailable:   10292004 kB
Buffers:             840 kB
Cached:          3289432 kB
SwapCached:        37380 kB
Active:          2844632 kB
Inactive:        3503204 kB
Active(anon):    2051428 kB
Inactive(anon):  3011508 kB
Active(file):     793204 kB
Inactive(file):   491696 kB
Unevictable:        3104 kB
Mlocked:              16 kB
SwapTotal:       8388604 kB
SwapFree:        6668360 kB
Dirty:              1308 kB
Writeback:             0 kB
AnonPages:       3041184 kB
Mapped:          1582560 kB
Shmem:           2005372 kB
KReclaimable:     179564 kB
Slab:             304128 kB
SReclaimable:     179564 kB
SUnreclaim:       124564 kB
KernelStack:       24064 kB
PageTables:       159640 kB
NFS_Unstable:          0 kB
Bounce:                0 kB
WritebackTmp:          0 kB
CommitLimit:    16395828 kB
Committed_AS:   21438680 kB
VmallocTotal:   34359738367 kB
VmallocUsed:       70188 kB
VmallocChunk:          0 kB
Percpu:             2704 kB
HardwareCorrupted:     0 kB
AnonHugePages:         0 kB
ShmemHugePages:        0 kB
ShmemPmdMapped:        0 kB
FileHugePages:         0 kB
FilePmdMapped:         0 kB
HugePages_Total:       0
HugePages_Free:        0
HugePages_Rsvd:        0
HugePages_Surp:        0
Hugepagesize:       2048 kB
Hugetlb:               0 kB
DirectMap4k:     2565996 kB
DirectMap2M:    13817856 kB

/sys/kernel/mm/transparent_hugepage/enabled: always madvise [never]
/sys/kernel/mm/transparent_hugepage/hpage_pmd_size: 2097152
/sys/kernel/mm/transparent_hugepage/defrag (defrag/compaction efforts parameter): always defer defer+madvise [madvise] never

Process Memory:
Virtual Size: 949744K (peak: 949744K)
Resident Set Size: 85292K (peak: 85292K) (anon: 54104K, file: 31188K, shmem: 0K)
Swapped out: 0K
C-Heap outstanding allocations: 38782K, retained: 905K
glibc malloc tunables: (default)

/proc/sys/kernel/threads-max (system-wide limit on the number of threads): 123991
/proc/sys/vm/max_map_count (maximum number of memory map areas a process may have): 1677720
/proc/sys/kernel/pid_max (system-wide limit on number of process identifiers): 4194304

container (cgroup) information:
container_type: cgroupv1
cpu_cpuset_cpus: 0-3
cpu_memory_nodes: 0
active_processor_count: 4
cpu_quota: no quota
cpu_period: 100000
cpu_shares: no shares
memory_limit_in_bytes: unlimited
memory_and_swap_limit_in_bytes: unlimited
memory_soft_limit_in_bytes: unlimited
memory_usage_in_bytes: 5514196 k
memory_max_usage_in_bytes: 14783012 k
kernel_memory_usage_in_bytes: 262828 k
kernel_memory_max_usage_in_bytes: unlimited
kernel_memory_limit_in_bytes: 985464 k
maximum number of tasks: unlimited
current number of tasks: 787

KVM virtualization detected
Steal ticks since vm start: 1
Steal ticks percentage since vm start:  0.000

CPU: total 4 (initial active 4) (1 cores per cpu, 1 threads per core) family 6 model 60 stepping 1 microcode 0x1, cx8, cmov, fxsr, mmx, sse, sse2, sse3, ssse3, sse4.1, sse4.2, popcnt, lzcnt, tsc, avx, avx2, aes, erms, clmul, bmi1, bmi2, fma, vzeroupper, clflush, hv
CPU Model and flags from /proc/cpuinfo:
model name	: Intel Core Processor (Haswell, no TSX)
flags		: fpu vme de pse tsc msr pae mce cx8 apic sep mtrr pge mca cmov pat pse36 clflush mmx fxsr sse sse2 syscall nx rdtscp lm constant_tsc rep_good nopl xtopology cpuid tsc_known_freq pni pclmulqdq vmx ssse3 fma cx16 pcid sse4_1 sse4_2 x2apic movbe popcnt tsc_deadline_timer aes xsave avx f16c rdrand hypervisor lahf_lm abm cpuid_fault invpcid_single pti tpr_shadow vnmi flexpriority ept vpid ept_ad fsgsbase bmi1 avx2 smep bmi2 erms invpcid xsaveopt arat md_clear

Online cpus: 0-3
Offline cpus: 
BIOS frequency limitation: <Not Available>
Frequency switch latency (ns): <Not Available>
Available cpu frequencies: <Not Available>
Current governor: <Not Available>
Core performance/turbo boost: <Not Available>

Memory: 4k page, physical 16014448k(9016368k free), swap 8388604k(6668360k free)
Page Sizes: 4k

vm_info: OpenJDK Server VM (17.0.11+9-LTS) for linux-x86 JRE (17.0.11+9-LTS) (Zulu17.50+19-CA), built on Apr  9 2024 07:14:46 by "zulu_re" with gcc 8.3.0

END.
