#
# A fatal error has been detected by the Java Runtime Environment:
#
#  SIGSEGV (0xb) at pc=0xf7855618, pid=30356, tid=30356
#
# JRE version: OpenJDK Runtime Environment Zulu17.50+19-CA (17.0.11+9) (build 17.0.11+9-LTS)
# Java VM: OpenJDK Server VM Zulu17.50+19-CA (17.0.11+9-LTS, mixed mode, sharing, tiered, g1 gc, linux-x86)
# Problematic frame:
# C  [libc.so.6+0x84618]  cfree+0x28
#
# Core dump will be written. Default location: Core dumps may be processed with "/usr/lib/systemd/systemd-coredump %P %u %g %s %t %c %h %e" (or dumping to /home/almalinux/swg-returns-nge/exe/linux/core.30356)
#
# If you would like to submit a bug report, please visit:
#   http://www.azul.com/support/
#

---------------  S U M M A R Y ------------

Command Line: -Xms128m -Xmx512m -Xss768k -XX:MaxMetaspaceSize=96m -Xrs -XX:-UsePerfData -XX:-AllowUserSignalHandlers -XX:UseSSE=3 -XX+DoEscapeAnalysis -XX:AutoBoxCacheMax:2000 -XX:+OptimizeStringConcat -XX:+OptimizeFill -XX:+EliminateAutoBox -XX:+UseCompressedStrings -XX:+UseCompressedOops -XX:+EliminateLocks -XX:UseFastAccessorMethods -XX:+UseStringCache -XgcPrio:throughput -XXkeepAreaRatio:1 -XXlazyUnlocking -XXcallProfiling -XXcompactRatio:1 

Host: Intel Core Processor (Haswell, no TSX), 4 cores, 15G, AlmaLinux release 8.10 (Cerulean Leopard)
Time: Wed Jan 28 04:24:18 2026 UTC elapsed time: 19817.198688 seconds (0d 5h 30m 17s)

---------------  T H R E A D  ---------------

Current thread is native thread

Stack: [0xff79c000,0xff85c000],  sp=0xff859c50,  free space=759k
Native frames: (J=compiled Java code, j=interpreted, Vv=VM code, C=native code)
C  [libc.so.6+0x84618]  cfree+0x28


siginfo: si_signo: 11 (SIGSEGV), si_code: 1 (SEGV_MAPERR), si_addr: 0x00000003

Registers:
EAX=0x00000000, EBX=0x00000007, ECX=0xf6e9384c, EDX=0x0bc8dd88
ESP=0xff859c50, EBP=0xff859d88, ESI=0xf7976000, EDI=0x00000000
EIP=0xf7855618, EFLAGS=0x00210202, CR2=0x0000000000000003


Top of Stack: (sp=0xff859c50)
0xff859c50:   0b911010 00000000 ff859d88 f7ae2f1c
0xff859c60:   0b9110a0 f7bf9a04 0bc8dd60 f7ae2f1c
0xff859c70:   00000007 f7ae2f0a f7bf9a04 f7ae2f4c
0xff859c80:   0b9110a0 f7ae2f0a 0bc91b00 085b6163
0xff859c90:   00000007 0b911010 0b910d20 085bb8d1
0xff859ca0:   0b911010 0b910d20 00000000 085bb89b
0xff859cb0:   0d125b80 ff859cd7 ff859cfc 085c6969
0xff859cc0:   087d6c00 ff859cfc ff859d88 084fc53b
0xff859cd0:   00000014 00010002 00000000 00000000
0xff859ce0:   01010100 00000001 09aa44c0 00000000
0xff859cf0:   00000000 00000000 00000000 00000000
0xff859d00:   00000000 00000013 ff859e58 f78066ff
0xff859d10:   f797641c 47677753 53656d61 65767265
0xff859d20:   30333a72 00363533 09290100 0bc73120
0xff859d30:   08ea0100 08ebc230 08ea5888 f797641c
0xff859d40:   00000428 00000420 f7806779 085758fd
0xff859d50:   08ea2a80 09b1ea78 08ea5888 08574f56
0xff859d60:   0929a2c4 0929a2c4 ff859e58 08ea583b
0xff859d70:   0000000c ff859e24 ff859da0 f7976000
0xff859d80:   00000000 08575910 00000000 f77eef26
0xff859d90:   00000000 08575910 00000000 f77eef26
0xff859da0:   0000000c ff859e24 ff859e58 ff859dc4
0xff859db0:   0929a2d0 00000000 ff859e58 f7976000
0xff859dc0:   f77de75c f7976000 00000000 08575910
0xff859dd0:   00000000 f0ac1112 064a9903 00000000
0xff859de0:   00000000 00000000 f7ef54d0 f77eee30
0xff859df0:   084fc260 0929a2c4 0000000c 08575946
0xff859e00:   084fc260 0000000c ff859e24 08ea57f0
0xff859e10:   08ea5850 f7ef54d0 ff859e1c f7f22970
0xff859e20:   0000000c ff85a639 ff85a64b ff85a64e
0xff859e30:   ff85a660 ff85a663 ff85a66e ff85a692
0xff859e40:   ff85a6a2 ff85a6b5 ff85a6d8 ff85a6db 

Instructions: (pc=0xf7855618)
0xf7855518:   50 8d 96 86 f7 fa ff 8d 86 d0 2f fb ff e8 c6 b7
0xf7855528:   ff ff 8d b6 00 00 00 00 bb 20 00 00 00 e9 5e fe
0xf7855538:   ff ff e8 a1 c0 ff ff 89 c5 85 c0 0f 85 68 ff ff
0xf7855548:   ff 31 d2 8d 44 3b 10 e8 8c c1 ff ff 89 da 89 f9
0xf7855558:   89 c5 e8 11 f0 ff ff 89 c2 85 c0 75 1b 85 ed 74
0xf7855568:   17 90 89 fa 89 e8 e8 bd c5 ff ff 89 da 89 f9 89
0xf7855578:   c5 e8 f2 ef ff ff 89 c2 85 ed 0f 84 57 ff ff ff
0xf7855588:   e9 39 ff ff ff 8d 86 b8 31 fb ff 83 ec 0c b9 25
0xf7855598:   0d 00 00 50 8d 96 86 f7 fa ff 8d 86 74 2f fb ff
0xf78555a8:   e8 43 b7 ff ff 8d 76 00 f3 0f 1e fb e8 0a 9a f9
0xf78555b8:   ff 05 47 0a 12 00 56 53 83 ec 04 8b 5c 24 10 8b
0xf78555c8:   74 24 14 8b 80 50 ff ff ff c7 00 00 00 00 00 e8
0xf78555d8:   54 bb ff ff 8b 4c 24 0c 83 c4 04 89 f2 89 d8 5b
0xf78555e8:   5e e9 42 fd ff ff 66 90 f3 0f 1e fb 56 e8 9a 9b
0xf78555f8:   f9 ff 81 c6 06 0a 12 00 53 83 ec 14 8b 5c 24 20
0xf7855608:   8b 86 5c ff ff ff 8b 00 85 c0 75 6c 85 db 74 75
0xf7855618:   8b 4b fc 8d 53 f8 f6 c1 02 75 35 8b 86 70 fe ff
0xf7855628:   ff 65 8b 00 85 c0 0f 84 8c 00 00 00 83 e1 04 8d
0xf7855638:   86 60 07 00 00 74 09 89 d0 25 00 00 f0 ff 8b 00
0xf7855648:   83 c4 14 31 c9 5b 5e e9 8c cb ff ff 8d 74 26 00
0xf7855658:   8b 9e 60 01 00 00 85 db 75 10 3b 8e 48 01 00 00
0xf7855668:   76 08 81 f9 00 00 08 00 76 26 83 c4 14 89 d0 5b
0xf7855678:   5e e9 92 b8 ff ff 66 90 83 ec 08 ff 74 24 24 53
0xf7855688:   ff d0 83 c4 10 83 c4 14 5b 5e c3 8d 74 26 00 90
0xf7855698:   39 96 80 1d 00 00 77 08 39 96 7c 1d 00 00 77 ca
0xf78556a8:   83 e1 f8 8d 04 09 89 8e 48 01 00 00 89 86 40 01
0xf78556b8:   00 00 90 eb b5 8d 76 00 8b 86 74 fe ff ff 65 80
0xf78556c8:   38 00 0f 85 64 ff ff ff 89 54 24 0c e8 97 ed ff
0xf78556d8:   ff 8b 4b fc 8b 54 24 0c e9 4f ff ff ff 8d b4 26
0xf78556e8:   00 00 00 00 8d 74 26 00 f3 0f 1e fb 55 57 56 e8
0xf78556f8:   98 9a f9 ff 81 c6 04 09 12 00 53 83 ec 0c 8b 86
0xf7855708:   70 fe ff ff 8b 96 74 fe ff ff 65 8b 28 65 c6 02 



---------------  P R O C E S S  ---------------

VM state: at safepoint (shutting down)

VM Mutex/Monitor currently owned by a thread:  ([mutex/lock_event])
[0xf5e21d30] Threads_lock - owner thread: 0xc4194cf0

GC Precious Log:
<Skipped>

Heap:
 garbage-first heap   total 131072K, used 37435K [0xc5c00000, 0xe5c00000)
  region size 1024K, 35 young (35840K), 2 survivors (2048K)
 Metaspace       used 2761K, committed 2944K, reserved 16384K

Heap Regions: E=young(eden), S=young(survivor), O=old, HS=humongous(starts), HC=humongous(continues), CS=collection set, F=free, OA=open archive, CA=closed archive, TAMS=top-at-mark-start (previous, next)
|   0|0xc5c00000, 0xc5d00000, 0xc5d00000|100%| O|  |TAMS 0xc5c00000, 0xc5c00000| Untracked 
|   1|0xc5d00000, 0xc5de6800, 0xc5e00000| 90%| O|  |TAMS 0xc5d00000, 0xc5d00000| Untracked 
|   2|0xc5e00000, 0xc5e00000, 0xc5f00000|  0%| F|  |TAMS 0xc5e00000, 0xc5e00000| Untracked 
|   3|0xc5f00000, 0xc5f00000, 0xc6000000|  0%| F|  |TAMS 0xc5f00000, 0xc5f00000| Untracked 
|   4|0xc6000000, 0xc6000000, 0xc6100000|  0%| F|  |TAMS 0xc6000000, 0xc6000000| Untracked 
|   5|0xc6100000, 0xc6100000, 0xc6200000|  0%| F|  |TAMS 0xc6100000, 0xc6100000| Untracked 
|   6|0xc6200000, 0xc6200000, 0xc6300000|  0%| F|  |TAMS 0xc6200000, 0xc6200000| Untracked 
|   7|0xc6300000, 0xc6300000, 0xc6400000|  0%| F|  |TAMS 0xc6300000, 0xc6300000| Untracked 
|   8|0xc6400000, 0xc6400000, 0xc6500000|  0%| F|  |TAMS 0xc6400000, 0xc6400000| Untracked 
|   9|0xc6500000, 0xc6500000, 0xc6600000|  0%| F|  |TAMS 0xc6500000, 0xc6500000| Untracked 
|  10|0xc6600000, 0xc6600000, 0xc6700000|  0%| F|  |TAMS 0xc6600000, 0xc6600000| Untracked 
|  11|0xc6700000, 0xc6700000, 0xc6800000|  0%| F|  |TAMS 0xc6700000, 0xc6700000| Untracked 
|  12|0xc6800000, 0xc6800000, 0xc6900000|  0%| F|  |TAMS 0xc6800000, 0xc6800000| Untracked 
|  13|0xc6900000, 0xc6900000, 0xc6a00000|  0%| F|  |TAMS 0xc6900000, 0xc6900000| Untracked 
|  14|0xc6a00000, 0xc6a00000, 0xc6b00000|  0%| F|  |TAMS 0xc6a00000, 0xc6a00000| Untracked 
|  15|0xc6b00000, 0xc6b00000, 0xc6c00000|  0%| F|  |TAMS 0xc6b00000, 0xc6b00000| Untracked 
|  16|0xc6c00000, 0xc6c00000, 0xc6d00000|  0%| F|  |TAMS 0xc6c00000, 0xc6c00000| Untracked 
|  17|0xc6d00000, 0xc6d00000, 0xc6e00000|  0%| F|  |TAMS 0xc6d00000, 0xc6d00000| Untracked 
|  18|0xc6e00000, 0xc6e00000, 0xc6f00000|  0%| F|  |TAMS 0xc6e00000, 0xc6e00000| Untracked 
|  19|0xc6f00000, 0xc6f00000, 0xc7000000|  0%| F|  |TAMS 0xc6f00000, 0xc6f00000| Untracked 
|  20|0xc7000000, 0xc7000000, 0xc7100000|  0%| F|  |TAMS 0xc7000000, 0xc7000000| Untracked 
|  21|0xc7100000, 0xc7100000, 0xc7200000|  0%| F|  |TAMS 0xc7100000, 0xc7100000| Untracked 
|  22|0xc7200000, 0xc7200000, 0xc7300000|  0%| F|  |TAMS 0xc7200000, 0xc7200000| Untracked 
|  23|0xc7300000, 0xc7300000, 0xc7400000|  0%| F|  |TAMS 0xc7300000, 0xc7300000| Untracked 
|  24|0xc7400000, 0xc7400000, 0xc7500000|  0%| F|  |TAMS 0xc7400000, 0xc7400000| Untracked 
|  25|0xc7500000, 0xc7500000, 0xc7600000|  0%| F|  |TAMS 0xc7500000, 0xc7500000| Untracked 
|  26|0xc7600000, 0xc7600000, 0xc7700000|  0%| F|  |TAMS 0xc7600000, 0xc7600000| Untracked 
|  27|0xc7700000, 0xc7700000, 0xc7800000|  0%| F|  |TAMS 0xc7700000, 0xc7700000| Untracked 
|  28|0xc7800000, 0xc7800000, 0xc7900000|  0%| F|  |TAMS 0xc7800000, 0xc7800000| Untracked 
|  29|0xc7900000, 0xc7900000, 0xc7a00000|  0%| F|  |TAMS 0xc7900000, 0xc7900000| Untracked 
|  30|0xc7a00000, 0xc7a00000, 0xc7b00000|  0%| F|  |TAMS 0xc7a00000, 0xc7a00000| Untracked 
|  31|0xc7b00000, 0xc7b00000, 0xc7c00000|  0%| F|  |TAMS 0xc7b00000, 0xc7b00000| Untracked 
|  32|0xc7c00000, 0xc7c00000, 0xc7d00000|  0%| F|  |TAMS 0xc7c00000, 0xc7c00000| Untracked 
|  33|0xc7d00000, 0xc7d00000, 0xc7e00000|  0%| F|  |TAMS 0xc7d00000, 0xc7d00000| Untracked 
|  34|0xc7e00000, 0xc7e00000, 0xc7f00000|  0%| F|  |TAMS 0xc7e00000, 0xc7e00000| Untracked 
|  35|0xc7f00000, 0xc7f00000, 0xc8000000|  0%| F|  |TAMS 0xc7f00000, 0xc7f00000| Untracked 
|  36|0xc8000000, 0xc8000000, 0xc8100000|  0%| F|  |TAMS 0xc8000000, 0xc8000000| Untracked 
|  37|0xc8100000, 0xc8100000, 0xc8200000|  0%| F|  |TAMS 0xc8100000, 0xc8100000| Untracked 
|  38|0xc8200000, 0xc8200000, 0xc8300000|  0%| F|  |TAMS 0xc8200000, 0xc8200000| Untracked 
|  39|0xc8300000, 0xc8300000, 0xc8400000|  0%| F|  |TAMS 0xc8300000, 0xc8300000| Untracked 
|  40|0xc8400000, 0xc8400000, 0xc8500000|  0%| F|  |TAMS 0xc8400000, 0xc8400000| Untracked 
|  41|0xc8500000, 0xc8500000, 0xc8600000|  0%| F|  |TAMS 0xc8500000, 0xc8500000| Untracked 
|  42|0xc8600000, 0xc8600000, 0xc8700000|  0%| F|  |TAMS 0xc8600000, 0xc8600000| Untracked 
|  43|0xc8700000, 0xc8700000, 0xc8800000|  0%| F|  |TAMS 0xc8700000, 0xc8700000| Untracked 
|  44|0xc8800000, 0xc8800000, 0xc8900000|  0%| F|  |TAMS 0xc8800000, 0xc8800000| Untracked 
|  45|0xc8900000, 0xc8900000, 0xc8a00000|  0%| F|  |TAMS 0xc8900000, 0xc8900000| Untracked 
|  46|0xc8a00000, 0xc8a00000, 0xc8b00000|  0%| F|  |TAMS 0xc8a00000, 0xc8a00000| Untracked 
|  47|0xc8b00000, 0xc8b00000, 0xc8c00000|  0%| F|  |TAMS 0xc8b00000, 0xc8b00000| Untracked 
|  48|0xc8c00000, 0xc8c00000, 0xc8d00000|  0%| F|  |TAMS 0xc8c00000, 0xc8c00000| Untracked 
|  49|0xc8d00000, 0xc8d00000, 0xc8e00000|  0%| F|  |TAMS 0xc8d00000, 0xc8d00000| Untracked 
|  50|0xc8e00000, 0xc8e00000, 0xc8f00000|  0%| F|  |TAMS 0xc8e00000, 0xc8e00000| Untracked 
|  51|0xc8f00000, 0xc8f00000, 0xc9000000|  0%| F|  |TAMS 0xc8f00000, 0xc8f00000| Untracked 
|  52|0xc9000000, 0xc9000000, 0xc9100000|  0%| F|  |TAMS 0xc9000000, 0xc9000000| Untracked 
|  53|0xc9100000, 0xc9100000, 0xc9200000|  0%| F|  |TAMS 0xc9100000, 0xc9100000| Untracked 
|  54|0xc9200000, 0xc9200000, 0xc9300000|  0%| F|  |TAMS 0xc9200000, 0xc9200000| Untracked 
|  55|0xc9300000, 0xc9300000, 0xc9400000|  0%| F|  |TAMS 0xc9300000, 0xc9300000| Untracked 
|  56|0xc9400000, 0xc9400000, 0xc9500000|  0%| F|  |TAMS 0xc9400000, 0xc9400000| Untracked 
|  57|0xc9500000, 0xc9500000, 0xc9600000|  0%| F|  |TAMS 0xc9500000, 0xc9500000| Untracked 
|  58|0xc9600000, 0xc9600000, 0xc9700000|  0%| F|  |TAMS 0xc9600000, 0xc9600000| Untracked 
|  59|0xc9700000, 0xc9700000, 0xc9800000|  0%| F|  |TAMS 0xc9700000, 0xc9700000| Untracked 
|  60|0xc9800000, 0xc9800000, 0xc9900000|  0%| F|  |TAMS 0xc9800000, 0xc9800000| Untracked 
|  61|0xc9900000, 0xc9900000, 0xc9a00000|  0%| F|  |TAMS 0xc9900000, 0xc9900000| Untracked 
|  62|0xc9a00000, 0xc9a00000, 0xc9b00000|  0%| F|  |TAMS 0xc9a00000, 0xc9a00000| Untracked 
|  63|0xc9b00000, 0xc9b00000, 0xc9c00000|  0%| F|  |TAMS 0xc9b00000, 0xc9b00000| Untracked 
|  64|0xc9c00000, 0xc9c00000, 0xc9d00000|  0%| F|  |TAMS 0xc9c00000, 0xc9c00000| Untracked 
|  65|0xc9d00000, 0xc9d00000, 0xc9e00000|  0%| F|  |TAMS 0xc9d00000, 0xc9d00000| Untracked 
|  66|0xc9e00000, 0xc9e00000, 0xc9f00000|  0%| F|  |TAMS 0xc9e00000, 0xc9e00000| Untracked 
|  67|0xc9f00000, 0xc9f00000, 0xca000000|  0%| F|  |TAMS 0xc9f00000, 0xc9f00000| Untracked 
|  68|0xca000000, 0xca000000, 0xca100000|  0%| F|  |TAMS 0xca000000, 0xca000000| Untracked 
|  69|0xca100000, 0xca100000, 0xca200000|  0%| F|  |TAMS 0xca100000, 0xca100000| Untracked 
|  70|0xca200000, 0xca200000, 0xca300000|  0%| F|  |TAMS 0xca200000, 0xca200000| Untracked 
|  71|0xca300000, 0xca300000, 0xca400000|  0%| F|  |TAMS 0xca300000, 0xca300000| Untracked 
|  72|0xca400000, 0xca400000, 0xca500000|  0%| F|  |TAMS 0xca400000, 0xca400000| Untracked 
|  73|0xca500000, 0xca500000, 0xca600000|  0%| F|  |TAMS 0xca500000, 0xca500000| Untracked 
|  74|0xca600000, 0xca600000, 0xca700000|  0%| F|  |TAMS 0xca600000, 0xca600000| Untracked 
|  75|0xca700000, 0xca700000, 0xca800000|  0%| F|  |TAMS 0xca700000, 0xca700000| Untracked 
|  76|0xca800000, 0xca800000, 0xca900000|  0%| F|  |TAMS 0xca800000, 0xca800000| Untracked 
|  77|0xca900000, 0xca900000, 0xcaa00000|  0%| F|  |TAMS 0xca900000, 0xca900000| Untracked 
|  78|0xcaa00000, 0xcaa00000, 0xcab00000|  0%| F|  |TAMS 0xcaa00000, 0xcaa00000| Untracked 
|  79|0xcab00000, 0xcab00000, 0xcac00000|  0%| F|  |TAMS 0xcab00000, 0xcab00000| Untracked 
|  80|0xcac00000, 0xcac00000, 0xcad00000|  0%| F|  |TAMS 0xcac00000, 0xcac00000| Untracked 
|  81|0xcad00000, 0xcad00000, 0xcae00000|  0%| F|  |TAMS 0xcad00000, 0xcad00000| Untracked 
|  82|0xcae00000, 0xcae00000, 0xcaf00000|  0%| F|  |TAMS 0xcae00000, 0xcae00000| Untracked 
|  83|0xcaf00000, 0xcaf00000, 0xcb000000|  0%| F|  |TAMS 0xcaf00000, 0xcaf00000| Untracked 
|  84|0xcb000000, 0xcb000000, 0xcb100000|  0%| F|  |TAMS 0xcb000000, 0xcb000000| Untracked 
|  85|0xcb100000, 0xcb100000, 0xcb200000|  0%| F|  |TAMS 0xcb100000, 0xcb100000| Untracked 
|  86|0xcb200000, 0xcb200000, 0xcb300000|  0%| F|  |TAMS 0xcb200000, 0xcb200000| Untracked 
|  87|0xcb300000, 0xcb300000, 0xcb400000|  0%| F|  |TAMS 0xcb300000, 0xcb300000| Untracked 
|  88|0xcb400000, 0xcb400000, 0xcb500000|  0%| F|  |TAMS 0xcb400000, 0xcb400000| Untracked 
|  89|0xcb500000, 0xcb500000, 0xcb600000|  0%| F|  |TAMS 0xcb500000, 0xcb500000| Untracked 
|  90|0xcb600000, 0xcb600000, 0xcb700000|  0%| F|  |TAMS 0xcb600000, 0xcb600000| Untracked 
|  91|0xcb700000, 0xcb700000, 0xcb800000|  0%| F|  |TAMS 0xcb700000, 0xcb700000| Untracked 
|  92|0xcb800000, 0xcb800000, 0xcb900000|  0%| F|  |TAMS 0xcb800000, 0xcb800000| Untracked 
|  93|0xcb900000, 0xcba00000, 0xcba00000|100%| E|  |TAMS 0xcb900000, 0xcb900000| Complete 
|  94|0xcba00000, 0xcbb00000, 0xcbb00000|100%| E|CS|TAMS 0xcba00000, 0xcba00000| Complete 
|  95|0xcbb00000, 0xcbc00000, 0xcbc00000|100%| E|CS|TAMS 0xcbb00000, 0xcbb00000| Complete 
|  96|0xcbc00000, 0xcbd00000, 0xcbd00000|100%| E|CS|TAMS 0xcbc00000, 0xcbc00000| Complete 
|  97|0xcbd00000, 0xcbe00000, 0xcbe00000|100%| E|CS|TAMS 0xcbd00000, 0xcbd00000| Complete 
|  98|0xcbe00000, 0xcbf00000, 0xcbf00000|100%| E|CS|TAMS 0xcbe00000, 0xcbe00000| Complete 
|  99|0xcbf00000, 0xcc000000, 0xcc000000|100%| E|CS|TAMS 0xcbf00000, 0xcbf00000| Complete 
| 100|0xcc000000, 0xcc100000, 0xcc100000|100%| E|CS|TAMS 0xcc000000, 0xcc000000| Complete 
| 101|0xcc100000, 0xcc200000, 0xcc200000|100%| E|CS|TAMS 0xcc100000, 0xcc100000| Complete 
| 102|0xcc200000, 0xcc300000, 0xcc300000|100%| E|CS|TAMS 0xcc200000, 0xcc200000| Complete 
| 103|0xcc300000, 0xcc400000, 0xcc400000|100%| E|CS|TAMS 0xcc300000, 0xcc300000| Complete 
| 104|0xcc400000, 0xcc500000, 0xcc500000|100%| E|CS|TAMS 0xcc400000, 0xcc400000| Complete 
| 105|0xcc500000, 0xcc600000, 0xcc600000|100%| E|CS|TAMS 0xcc500000, 0xcc500000| Complete 
| 106|0xcc600000, 0xcc700000, 0xcc700000|100%| E|CS|TAMS 0xcc600000, 0xcc600000| Complete 
| 107|0xcc700000, 0xcc7a87f0, 0xcc800000| 65%| S|CS|TAMS 0xcc700000, 0xcc700000| Complete 
| 108|0xcc800000, 0xcc900000, 0xcc900000|100%| S|CS|TAMS 0xcc800000, 0xcc800000| Complete 
| 109|0xcc900000, 0xcca00000, 0xcca00000|100%| E|CS|TAMS 0xcc900000, 0xcc900000| Complete 
| 110|0xcca00000, 0xccb00000, 0xccb00000|100%| E|CS|TAMS 0xcca00000, 0xcca00000| Complete 
| 111|0xccb00000, 0xccc00000, 0xccc00000|100%| E|CS|TAMS 0xccb00000, 0xccb00000| Complete 
| 112|0xccc00000, 0xccd00000, 0xccd00000|100%| E|CS|TAMS 0xccc00000, 0xccc00000| Complete 
| 113|0xccd00000, 0xcce00000, 0xcce00000|100%| E|CS|TAMS 0xccd00000, 0xccd00000| Complete 
| 114|0xcce00000, 0xccf00000, 0xccf00000|100%| E|CS|TAMS 0xcce00000, 0xcce00000| Complete 
| 115|0xccf00000, 0xcd000000, 0xcd000000|100%| E|CS|TAMS 0xccf00000, 0xccf00000| Complete 
| 116|0xcd000000, 0xcd100000, 0xcd100000|100%| E|CS|TAMS 0xcd000000, 0xcd000000| Complete 
| 117|0xcd100000, 0xcd200000, 0xcd200000|100%| E|CS|TAMS 0xcd100000, 0xcd100000| Complete 
| 118|0xcd200000, 0xcd300000, 0xcd300000|100%| E|CS|TAMS 0xcd200000, 0xcd200000| Complete 
| 119|0xcd300000, 0xcd400000, 0xcd400000|100%| E|CS|TAMS 0xcd300000, 0xcd300000| Complete 
| 120|0xcd400000, 0xcd500000, 0xcd500000|100%| E|CS|TAMS 0xcd400000, 0xcd400000| Complete 
| 121|0xcd500000, 0xcd600000, 0xcd600000|100%| E|CS|TAMS 0xcd500000, 0xcd500000| Complete 
| 122|0xcd600000, 0xcd700000, 0xcd700000|100%| E|CS|TAMS 0xcd600000, 0xcd600000| Complete 
| 123|0xcd700000, 0xcd800000, 0xcd800000|100%| E|CS|TAMS 0xcd700000, 0xcd700000| Complete 
| 124|0xcd800000, 0xcd900000, 0xcd900000|100%| E|CS|TAMS 0xcd800000, 0xcd800000| Complete 
| 125|0xcd900000, 0xcda00000, 0xcda00000|100%| E|CS|TAMS 0xcd900000, 0xcd900000| Complete 
| 126|0xcda00000, 0xcdb00000, 0xcdb00000|100%| E|CS|TAMS 0xcda00000, 0xcda00000| Complete 
| 127|0xcdb00000, 0xcdc00000, 0xcdc00000|100%| E|CS|TAMS 0xcdb00000, 0xcdb00000| Complete 

Card table byte_map: [0xc5a00000,0xc5b00000] _byte_map_base: 0xc53d2000

Marking Bits (Prev, Next): (CMBitMap*) 0xf5e8b528, (CMBitMap*) 0xf5e8b548
 Prev Bits: [0xc5100000, 0xc5900000)
 Next Bits: [0xc4900000, 0xc5100000)

Polling page: 0xf7ee7000

Metaspace:

Usage:
    2.70 MB used.

Virtual space:
     16.00 MB reserved,       2.88 MB ( 18%) committed,  1 nodes.

Chunk freelists:
10.16 MB

MaxMetaspaceSize: 96.00 MB
No class space
Initial GC threshold: 16.00 MB
Current GC threshold: 16.00 MB
CDS: on
MetaspaceReclaimPolicy: balanced
 - commit_granule_bytes: 65536.
 - commit_granule_words: 16384.
 - virtual_space_node_default_size: 4194304.
 - enlarge_chunks_in_place: 1.
 - new_chunks_are_fully_committed: 0.
 - uncommit_free_chunks: 1.
 - use_allocation_guard: 0.
 - handle_deallocations: 1.


Internal statistics:

num_allocs_failed_limit: 0.
num_arena_births: 108.
num_arena_deaths: 0.
num_vsnodes_births: 1.
num_vsnodes_deaths: 0.
num_space_committed: 46.
num_space_uncommitted: 0.
num_chunks_returned_to_freelist: 0.
num_chunks_taken_from_freelist: 197.
num_chunk_merges: 0.
num_chunk_splits: 149.
num_chunks_enlarged: 113.
num_inconsistent_stats: 0.

CodeHeap 'non-profiled nmethods': size=120172Kb used=558Kb max_used=558Kb free=119613Kb
 bounds [0xed7f5000, 0xeda35000, 0xf4d50000]
CodeHeap 'profiled nmethods': size=120172Kb used=1368Kb max_used=1368Kb free=118804Kb
 bounds [0xe5d50000, 0xe5f90000, 0xed2ab000]
CodeHeap 'non-nmethods': size=5416Kb used=726Kb max_used=769Kb free=4689Kb
 bounds [0xed2ab000, 0xed4eb000, 0xed7f5000]
 total_blobs=1292 nmethods=958 adapters=248
 compilation: enabled
              stopped_count=0, restarted_count=0
 full_count=0

Compilation events (20 events):
Event: 12376.441 Thread 0xc419f450  952   !   4       java.io.ObjectInputStream::resolveClass (39 bytes)
Event: 12376.451 Thread 0xc419f450 nmethod 952 0xed87b208 code [0xed87b360, 0xed87b4d0]
Event: 12384.445 Thread 0xc419f450  953       4       java.io.ObjectStreamClass::initNonProxy (628 bytes)
Event: 12384.690 Thread 0xc419f450 nmethod 953 0xed87b708 code [0xed87b920, 0xed87dbd0]
Event: 13403.690 Thread 0xc41a0580  954   !   3       java.lang.ref.ReferenceQueue::remove (125 bytes)
Event: 13403.691 Thread 0xc41a0580 nmethod 954 0xe5ea4c08 code [0xe5ea4dc0, 0xe5ea54f0]
Event: 13523.701 Thread 0xc41a0580  955   !   3       jdk.internal.ref.PhantomCleanable::isListEmpty (34 bytes)
Event: 13523.702 Thread 0xc41a0580 nmethod 955 0xe5ea5808 code [0xe5ea5940, 0xe5ea5b60]
Event: 13523.702 Thread 0xc41a0580  956       3       jdk.internal.misc.InnocuousThread::eraseThreadLocals (23 bytes)
Event: 13523.702 Thread 0xc41a0580 nmethod 956 0xe5ea5c88 code [0xe5ea5dc0, 0xe5ea5f80]
Event: 16067.515 Thread 0xc419f450  958       4       java.io.ObjectOutputStream$BlockDataOutputStream::writeShort (47 bytes)
Event: 16067.518 Thread 0xc419f450 nmethod 958 0xed87ee08 code [0xed87ef20, 0xed87f050]
Event: 16283.472 Thread 0xc419f450  959       4       java.util.Arrays::rangeCheck (74 bytes)
Event: 16283.473 Thread 0xc419f450 nmethod 959 0xed87f188 code [0xed87f2a0, 0xed87f350]
Event: 16570.383 Thread 0xc419f450  960       4       java.io.ObjectOutputStream$HandleTable::<init> (45 bytes)
Event: 16570.430 Thread 0xc419f450 nmethod 960 0xed87f488 code [0xed87f5c0, 0xed87fd50]
Event: 17388.470 Thread 0xc419f450  961       4       java.io.ObjectStreamClass::getVariantFor (51 bytes)
Event: 17388.472 Thread 0xc419f450 nmethod 961 0xed87ff88 code [0xed8800a0, 0xed880130]
Event: 19078.468 Thread 0xc419f450  962       4       java.util.HashMap$HashIterator::nextNode (100 bytes)
Event: 19078.475 Thread 0xc419f450 nmethod 962 0xed880288 code [0xed8803c0, 0xed880750]

GC Heap History (4 events):
Event: 160.974 GC heap before
{Heap before GC invocations=0 (full 0):
 garbage-first heap   total 131072K, used 12288K [0xc5c00000, 0xe5c00000)
  region size 1024K, 13 young (13312K), 0 survivors (0K)
 Metaspace       used 2354K, committed 2560K, reserved 16384K
}
Event: 160.989 GC heap after
{Heap after GC invocations=1 (full 0):
 garbage-first heap   total 131072K, used 1961K [0xc5c00000, 0xe5c00000)
  region size 1024K, 2 young (2048K), 2 survivors (2048K)
 Metaspace       used 2354K, committed 2560K, reserved 16384K
}
Event: 503.115 GC heap before
{Heap before GC invocations=1 (full 0):
 garbage-first heap   total 131072K, used 19369K [0xc5c00000, 0xe5c00000)
  region size 1024K, 19 young (19456K), 2 survivors (2048K)
 Metaspace       used 2744K, committed 2944K, reserved 16384K
}
Event: 503.147 GC heap after
{Heap after GC invocations=2 (full 0):
 garbage-first heap   total 131072K, used 3643K [0xc5c00000, 0xe5c00000)
  region size 1024K, 2 young (2048K), 2 survivors (2048K)
 Metaspace       used 2744K, committed 2944K, reserved 16384K
}

Dll operation events (4 events):
Event: 0.003 Loaded shared library /usr/lib/jvm/java-17-zulu-openjdk-jdk-x86/lib/libjava.so
Event: 57.058 Loaded shared library /usr/lib/jvm/java-17-zulu-openjdk-jdk-x86/lib/libnio.so
Event: 57.102 Loaded shared library /usr/lib/jvm/java-17-zulu-openjdk-jdk-x86/lib/libjimage.so
Event: 57.117 Loaded shared library /usr/lib/jvm/java-17-zulu-openjdk-jdk-x86/lib/libnet.so

Deoptimization events (20 events):
Event: 493.223 Thread 0x0cf9c7e0 Uncommon trap: trap_request=0xffffffd6 fr.pc=0xed86104c relative=0x000011ec
Event: 493.223 Thread 0x0cf9c7e0 Uncommon trap: reason=array_check action=maybe_recompile pc=0xed86104c method=java.io.ObjectInputStream.readArray(Z)Ljava/lang/Object; @ 392 c2
Event: 493.224 Thread 0x0cf9c7e0 DEOPT PACKING pc=0xed86104c sp=0xff858640
Event: 493.224 Thread 0x0cf9c7e0 DEOPT UNPACKING pc=0xed2f4d33 sp=0xff858628 mode 2
Event: 493.224 Thread 0x0cf9c7e0 Uncommon trap: trap_request=0xffffffde fr.pc=0xed861378 relative=0x00001518
Event: 493.224 Thread 0x0cf9c7e0 Uncommon trap: reason=class_check action=maybe_recompile pc=0xed861378 method=java.lang.reflect.Array.newInstance(Ljava/lang/Class;I)Ljava/lang/Object; @ 2 c2
Event: 493.224 Thread 0x0cf9c7e0 DEOPT PACKING pc=0xed861378 sp=0xff858640
Event: 493.224 Thread 0x0cf9c7e0 DEOPT UNPACKING pc=0xed2f4d33 sp=0xff8585f8 mode 2
Event: 493.224 Thread 0x0cf9c7e0 Uncommon trap: trap_request=0xffffffd6 fr.pc=0xed86104c relative=0x000011ec
Event: 493.224 Thread 0x0cf9c7e0 Uncommon trap: reason=array_check action=maybe_recompile pc=0xed86104c method=java.io.ObjectInputStream.readArray(Z)Ljava/lang/Object; @ 392 c2
Event: 493.224 Thread 0x0cf9c7e0 DEOPT PACKING pc=0xed86104c sp=0xff858640
Event: 493.224 Thread 0x0cf9c7e0 DEOPT UNPACKING pc=0xed2f4d33 sp=0xff858628 mode 2
Event: 493.224 Thread 0x0cf9c7e0 Uncommon trap: trap_request=0xffffffd6 fr.pc=0xed86104c relative=0x000011ec
Event: 493.224 Thread 0x0cf9c7e0 Uncommon trap: reason=array_check action=maybe_recompile pc=0xed86104c method=java.io.ObjectInputStream.readArray(Z)Ljava/lang/Object; @ 392 c2
Event: 493.224 Thread 0x0cf9c7e0 DEOPT PACKING pc=0xed86104c sp=0xff858640
Event: 493.224 Thread 0x0cf9c7e0 DEOPT UNPACKING pc=0xed2f4d33 sp=0xff858628 mode 2
Event: 493.224 Thread 0x0cf9c7e0 Uncommon trap: trap_request=0xffffffd6 fr.pc=0xed86104c relative=0x000011ec
Event: 493.224 Thread 0x0cf9c7e0 Uncommon trap: reason=array_check action=maybe_recompile pc=0xed86104c method=java.io.ObjectInputStream.readArray(Z)Ljava/lang/Object; @ 392 c2
Event: 493.224 Thread 0x0cf9c7e0 DEOPT PACKING pc=0xed86104c sp=0xff858640
Event: 493.224 Thread 0x0cf9c7e0 DEOPT UNPACKING pc=0xed2f4d33 sp=0xff858628 mode 2

Classes unloaded (0 events):
No events

Classes redefined (0 events):
No events

Internal exceptions (2 events):
Event: 57.124 Thread 0x0cf9c7e0 Exception <a 'java/lang/NoSuchMethodError'{0xcd40b480}: 'java.lang.Object java.lang.invoke.DirectMethodHandle$Holder.invokeStaticInit(java.lang.Object)'> (0xcd40b480) 
thrown [src/hotspot/share/interpreter/linkResolver.cpp, line 759]
Event: 175.707 Thread 0x0cf9c7e0 Exception <a 'java/lang/NoSuchMethodError'{0xcd724ba8}: 'java.lang.Object java.lang.invoke.DirectMethodHandle$Holder.invokeStatic(java.lang.Object, float)'> (0xcd724ba8) 
thrown [src/hotspot/share/interpreter/linkResolver.cpp, line 759]

VM Operations (20 events):
Event: 754.392 Executing VM operation: Cleanup
Event: 754.393 Executing VM operation: Cleanup done
Event: 759.394 Executing VM operation: Cleanup
Event: 759.394 Executing VM operation: Cleanup done
Event: 773.399 Executing VM operation: Cleanup
Event: 773.399 Executing VM operation: Cleanup done
Event: 774.400 Executing VM operation: Cleanup
Event: 774.400 Executing VM operation: Cleanup done
Event: 794.408 Executing VM operation: Cleanup
Event: 794.408 Executing VM operation: Cleanup done
Event: 800.408 Executing VM operation: Cleanup
Event: 800.409 Executing VM operation: Cleanup done
Event: 893.510 Executing VM operation: Cleanup
Event: 893.510 Executing VM operation: Cleanup done
Event: 3186.114 Executing VM operation: Cleanup
Event: 3186.114 Executing VM operation: Cleanup done
Event: 5072.911 Executing VM operation: Cleanup
Event: 5072.911 Executing VM operation: Cleanup done
Event: 8295.611 Executing VM operation: Cleanup
Event: 8295.611 Executing VM operation: Cleanup done

Events (20 events):
Event: 115.402 loading class java/io/ObjectStreamClass$ExceptionInfo done
Event: 150.358 loading class java/lang/NumberFormatException
Event: 150.358 loading class java/lang/NumberFormatException done
Event: 150.477 loading class java/util/Hashtable$KeySet
Event: 150.477 loading class java/util/Hashtable$KeySet done
Event: 150.478 loading class jdk/internal/reflect/UnsafeQualifiedStaticObjectFieldAccessorImpl
Event: 150.478 loading class jdk/internal/reflect/UnsafeQualifiedStaticObjectFieldAccessorImpl done
Event: 150.480 loading class java/io/UnsupportedEncodingException
Event: 150.480 loading class java/io/UnsupportedEncodingException done
Event: 150.480 loading class java/nio/charset/CharsetDecoder
Event: 150.480 loading class java/nio/charset/CharsetDecoder done
Event: 150.480 loading class java/nio/charset/CharacterCodingException
Event: 150.480 loading class java/nio/charset/CharacterCodingException done
Event: 150.523 loading class java/lang/StrictMath
Event: 150.524 loading class java/lang/StrictMath done
Event: 175.811 loading class jdk/internal/math/FDBigInteger
Event: 175.812 loading class jdk/internal/math/FDBigInteger done
Event: 19803.894 Thread 0x0cf9c7e0 Thread exited: 0x0cf9c7e0
Event: 19803.922 Thread 0xf5e242d0 Thread exited: 0xf5e242d0
Event: 19803.922 Thread 0xc419bff0 Thread exited: 0xc419bff0


Dynamic libraries:
08048000-09298000 r-xp 00000000 08:04 494947248                          /home/almalinux/swg-returns-nge/build/bin/SwgGameServer
09298000-0929c000 rw-p 0124f000 08:04 494947248                          /home/almalinux/swg-returns-nge/build/bin/SwgGameServer
0929c000-09b1f000 rw-p 00000000 00:00 0 
0b8d7000-14fed000 rw-p 00000000 00:00 0                                  [heap]
c0600000-c06fb000 rw-p 00000000 00:00 0 
c06fb000-c0700000 ---p 00000000 00:00 0 
c0800000-c08f9000 rw-p 00000000 00:00 0 
c08f9000-c0900000 ---p 00000000 00:00 0 
c0900000-c09fd000 rw-p 00000000 00:00 0 
c09fd000-c0a00000 ---p 00000000 00:00 0 
c0a00000-c0afb000 rw-p 00000000 00:00 0 
c0afb000-c0b00000 ---p 00000000 00:00 0 
c0b00000-c0bfb000 rw-p 00000000 00:00 0 
c0bfb000-c0c00000 ---p 00000000 00:00 0 
c0c00000-c0cf9000 rw-p 00000000 00:00 0 
c0cf9000-c0d00000 ---p 00000000 00:00 0 
c0e00000-c0efb000 rw-p 00000000 00:00 0 
c0efb000-c0f00000 ---p 00000000 00:00 0 
c0f00000-c0fb3000 rw-p 00000000 00:00 0 
c0fb3000-c1000000 ---p 00000000 00:00 0 
c107f000-c1080000 ---p 00000000 00:00 0 
c1080000-c1100000 rw-p 00000000 00:00 0 
c1100000-c11f1000 rw-p 00000000 00:00 0 
c11f1000-c1200000 ---p 00000000 00:00 0 
c137b000-c137c000 ---p 00000000 00:00 0 
c137c000-c13fc000 rw-p 00000000 00:00 0 
c13fc000-c1400000 ---p 00000000 00:00 0 
c1400000-c147d000 rw-p 00000000 00:00 0 
c167f000-c1683000 ---p 00000000 00:00 0 
c1683000-c1740000 rw-p 00000000 00:00 0 
c1740000-c1744000 ---p 00000000 00:00 0 
c1744000-c1801000 rw-p 00000000 00:00 0 
c1801000-c1802000 ---p 00000000 00:00 0 
c1802000-c1882000 rw-p 00000000 00:00 0 
c1882000-c1886000 ---p 00000000 00:00 0 
c1886000-c1943000 rw-p 00000000 00:00 0 
c1943000-c1947000 ---p 00000000 00:00 0 
c1947000-c1a04000 rw-p 00000000 00:00 0 
c1a04000-c1a08000 ---p 00000000 00:00 0 
c1a08000-c1ac5000 rw-p 00000000 00:00 0 
c1ac5000-c1ac9000 ---p 00000000 00:00 0 
c1ac9000-c1b86000 rw-p 00000000 00:00 0 
c1b86000-c1e00000 r--p 00078000 08:04 535181                             /usr/lib/locale/locale-archive
c1e00000-c2000000 r--p 00000000 08:04 535181                             /usr/lib/locale/locale-archive
c2000000-c2100000 rw-p 00000000 00:00 0 
c2100000-c2400000 ---p 00000000 00:00 0 
c2400000-c25e0000 rw-p 00000000 00:00 0 
c25e0000-c3000000 ---p 00000000 00:00 0 
c303c000-c3040000 ---p 00000000 00:00 0 
c3040000-c30bd000 rw-p 00000000 00:00 0 
c30bd000-c30c1000 ---p 00000000 00:00 0 
c30c1000-c317e000 rw-p 00000000 00:00 0 
c317e000-c3182000 ---p 00000000 00:00 0 
c3182000-c323f000 rw-p 00000000 00:00 0 
c323f000-c3243000 ---p 00000000 00:00 0 
c3243000-c3300000 rw-p 00000000 00:00 0 
c3300000-c3321000 rw-p 00000000 00:00 0 
c3321000-c3400000 ---p 00000000 00:00 0 
c3431000-c3435000 ---p 00000000 00:00 0 
c3435000-c34b2000 rw-p 00000000 00:00 0 
c34b2000-c34b3000 ---p 00000000 00:00 0 
c34b3000-c3533000 rw-p 00000000 00:00 0 
c3533000-c3e00000 rw-p 00001000 08:04 143240867                          /usr/lib/jvm/java-17-zulu-openjdk-jdk-x86/lib/server/classes.jsa
c3e00000-c3e21000 rw-p 00000000 00:00 0 
c3e21000-c3f00000 ---p 00000000 00:00 0 
c3f7f000-c3f80000 ---p 00000000 00:00 0 
c3f80000-c4000000 rw-p 00000000 00:00 0 
c4000000-c4021000 rw-p 00000000 00:00 0 
c4021000-c4100000 ---p 00000000 00:00 0 
c4100000-c41d2000 rw-p 00000000 00:00 0 
c41d2000-c4200000 ---p 00000000 00:00 0 
c427f000-c4280000 ---p 00000000 00:00 0 
c4280000-c4300000 rw-p 00000000 00:00 0 
c4300000-c43fa000 rw-p 00000000 00:00 0 
c43fa000-c4400000 ---p 00000000 00:00 0 
c447f000-c4480000 ---p 00000000 00:00 0 
c4480000-c4500000 rw-p 00000000 00:00 0 
c4500000-c45e3000 rw-p 00000000 00:00 0 
c45e3000-c4600000 ---p 00000000 00:00 0 
c467f000-c4680000 ---p 00000000 00:00 0 
c4680000-c4700000 rw-p 00000000 00:00 0 
c4700000-c47fd000 rw-p 00000000 00:00 0 
c47fd000-c4800000 ---p 00000000 00:00 0 
c487f000-c4880000 ---p 00000000 00:00 0 
c4880000-c4b00000 rw-p 00000000 00:00 0 
c4b00000-c5100000 ---p 00000000 00:00 0 
c5100000-c5300000 rw-p 00000000 00:00 0 
c5300000-c5900000 ---p 00000000 00:00 0 
c5900000-c5940000 rw-p 00000000 00:00 0 
c5940000-c5a00000 ---p 00000000 00:00 0 
c5a00000-c5a40000 rw-p 00000000 00:00 0 
c5a40000-c5b00000 ---p 00000000 00:00 0 
c5b00000-c5b40000 rw-p 00000000 00:00 0 
c5b40000-c5c00000 ---p 00000000 00:00 0 
c5c00000-cdc00000 rw-p 00000000 00:00 0 
cdc00000-e5c00000 ---p 00000000 00:00 0 
e5c65000-e5c6a000 rw-p 00000000 00:00 0 
e5c6a000-e5d50000 ---p 00000000 00:00 0 
e5d50000-e5f90000 rwxp 00000000 00:00 0 
e5f90000-ed2ab000 ---p 00000000 00:00 0 
ed2ab000-ed4eb000 rwxp 00000000 00:00 0 
ed4eb000-ed7f5000 ---p 00000000 00:00 0 
ed7f5000-eda35000 rwxp 00000000 00:00 0 
eda35000-f4d50000 ---p 00000000 00:00 0 
f4d50000-f4eb8000 r--s 00000000 08:04 117534333                          /usr/lib/jvm/java-17-zulu-openjdk-jdk-x86/lib/modules
f4eb8000-f5d5a000 r-xp 00000000 08:04 143240869                          /usr/lib/jvm/java-17-zulu-openjdk-jdk-x86/lib/server/libjvm.so
f5d5a000-f5daf000 r--p 00ea1000 08:04 143240869                          /usr/lib/jvm/java-17-zulu-openjdk-jdk-x86/lib/server/libjvm.so
f5daf000-f5dd0000 rw-p 00ef6000 08:04 143240869                          /usr/lib/jvm/java-17-zulu-openjdk-jdk-x86/lib/server/libjvm.so
f5dd0000-f5e00000 rw-p 00000000 00:00 0 
f5e00000-f5f00000 rw-p 00000000 00:00 0 
f5f2d000-f5f2e000 ---p 00000000 00:00 0 
f5f2e000-f5f32000 ---p 00000000 00:00 0 
f5f32000-f6aa6000 rw-p 00000000 00:00 0 
f6ab2000-f6ac7000 r-xp 00000000 08:04 117534323                          /usr/lib/jvm/java-17-zulu-openjdk-jdk-x86/lib/libnet.so
f6ac7000-f6ac8000 r--p 00014000 08:04 117534323                          /usr/lib/jvm/java-17-zulu-openjdk-jdk-x86/lib/libnet.so
f6ac8000-f6ac9000 rw-p 00015000 08:04 117534323                          /usr/lib/jvm/java-17-zulu-openjdk-jdk-x86/lib/libnet.so
f6ac9000-f6ace000 rw-p 00000000 00:00 0 
f6ace000-f6bb4000 ---p 00000000 00:00 0 
f6dee000-f6e00000 r-xp 00000000 08:04 117534324                          /usr/lib/jvm/java-17-zulu-openjdk-jdk-x86/lib/libnio.so
f6e00000-f6e01000 r--p 00011000 08:04 117534324                          /usr/lib/jvm/java-17-zulu-openjdk-jdk-x86/lib/libnio.so
f6e01000-f6e02000 rw-p 00012000 08:04 117534324                          /usr/lib/jvm/java-17-zulu-openjdk-jdk-x86/lib/libnio.so
f6e02000-f6e2b000 rw-p 00000000 00:00 0 
f6e2b000-f6e4e000 r-xp 00000000 08:04 117534310                          /usr/lib/jvm/java-17-zulu-openjdk-jdk-x86/lib/libjava.so
f6e4e000-f6e4f000 r--p 00022000 08:04 117534310                          /usr/lib/jvm/java-17-zulu-openjdk-jdk-x86/lib/libjava.so
f6e4f000-f6e50000 rw-p 00023000 08:04 117534310                          /usr/lib/jvm/java-17-zulu-openjdk-jdk-x86/lib/libjava.so
f6e50000-f6e5c000 r-xp 00000000 08:04 16831767                           /usr/lib/libnss_files-2.28.so
f6e5c000-f6e5d000 r--p 0000b000 08:04 16831767                           /usr/lib/libnss_files-2.28.so
f6e5d000-f6e5e000 rw-p 0000c000 08:04 16831767                           /usr/lib/libnss_files-2.28.so
f6e5e000-f6e64000 rw-p 00000000 00:00 0 
f6e6a000-f6e6f000 rw-p 00000000 00:00 0 
f6e6f000-f6e75000 ---p 00000000 00:00 0 
f6e75000-f6e90000 r-xp 00000000 08:04 117534314                          /usr/lib/jvm/java-17-zulu-openjdk-jdk-x86/lib/libjimage.so
f6e90000-f6e91000 ---p 0001b000 08:04 117534314                          /usr/lib/jvm/java-17-zulu-openjdk-jdk-x86/lib/libjimage.so
f6e91000-f6e92000 r--p 0001b000 08:04 117534314                          /usr/lib/jvm/java-17-zulu-openjdk-jdk-x86/lib/libjimage.so
f6e92000-f6e93000 rw-p 0001c000 08:04 117534314                          /usr/lib/jvm/java-17-zulu-openjdk-jdk-x86/lib/libjimage.so
f6e93000-f6e97000 rw-p 00000000 00:00 0 
f6e97000-f6f1f000 r-xp 00000000 08:04 17191875                           /usr/lib/libpcre2-8.so.0.7.1
f6f1f000-f6f20000 r--p 00087000 08:04 17191875                           /usr/lib/libpcre2-8.so.0.7.1
f6f20000-f6f21000 rw-p 00088000 08:04 17191875                           /usr/lib/libpcre2-8.so.0.7.1
f6f21000-f6f41000 r-xp 00000000 08:04 17021543                           /usr/lib/libcrypt.so.1.1.0
f6f41000-f6f42000 ---p 00020000 08:04 17021543                           /usr/lib/libcrypt.so.1.1.0
f6f42000-f6f43000 r--p 00020000 08:04 17021543                           /usr/lib/libcrypt.so.1.1.0
f6f43000-f6f4c000 rw-p 00000000 00:00 0 
f6f4c000-f6f77000 r-xp 00000000 08:04 17191887                           /usr/lib/libselinux.so.1
f6f77000-f6f78000 ---p 0002b000 08:04 17191887                           /usr/lib/libselinux.so.1
f6f78000-f6f79000 r--p 0002b000 08:04 17191887                           /usr/lib/libselinux.so.1
f6f79000-f6f7a000 rw-p 0002c000 08:04 17191887                           /usr/lib/libselinux.so.1
f6f7a000-f6f7b000 rw-p 00000000 00:00 0 
f6f7b000-f6f9a000 r-xp 00000000 08:04 18866589                           /usr/lib/libbrotlicommon.so.1.0.6
f6f9a000-f6f9b000 r--p 0001e000 08:04 18866589                           /usr/lib/libbrotlicommon.so.1.0.6
f6f9b000-f6f9c000 rw-p 0001f000 08:04 18866589                           /usr/lib/libbrotlicommon.so.1.0.6
f6f9c000-f6fba000 r-xp 00000000 08:04 17191915                           /usr/lib/libsasl2.so.3.0.0
f6fba000-f6fbb000 ---p 0001e000 08:04 17191915                           /usr/lib/libsasl2.so.3.0.0
f6fbb000-f6fbc000 r--p 0001e000 08:04 17191915                           /usr/lib/libsasl2.so.3.0.0
f6fbc000-f6fbd000 rw-p 0001f000 08:04 17191915                           /usr/lib/libsasl2.so.3.0.0
f6fbd000-f6fbf000 rw-p 00000000 00:00 0 
f6fbf000-f6fd3000 r-xp 00000000 08:04 16831772                           /usr/lib/libresolv-2.28.so
f6fd3000-f6fd4000 ---p 00014000 08:04 16831772                           /usr/lib/libresolv-2.28.so
f6fd4000-f6fd5000 r--p 00014000 08:04 16831772                           /usr/lib/libresolv-2.28.so
f6fd5000-f6fd6000 rw-p 00015000 08:04 16831772                           /usr/lib/libresolv-2.28.so
f6fd6000-f6fd8000 rw-p 00000000 00:00 0 
f6fd8000-f6fdb000 r-xp 00000000 08:04 17191893                           /usr/lib/libkeyutils.so.1.6
f6fdb000-f6fdc000 ---p 00003000 08:04 17191893                           /usr/lib/libkeyutils.so.1.6
f6fdc000-f6fdd000 r--p 00003000 08:04 17191893                           /usr/lib/libkeyutils.so.1.6
f6fdd000-f6fde000 rw-p 00000000 00:00 0 
f6fde000-f6fee000 r-xp 00000000 08:04 17021560                           /usr/lib/libkrb5support.so.0.1
f6fee000-f6fef000 r--p 0000f000 08:04 17021560                           /usr/lib/libkrb5support.so.0.1
f6fef000-f6ff0000 rw-p 00010000 08:04 17021560                           /usr/lib/libkrb5support.so.0.1
f6ff0000-f6ff8000 r-xp 00000000 08:04 16831774                           /usr/lib/librt-2.28.so
f6ff8000-f6ff9000 r--p 00007000 08:04 16831774                           /usr/lib/librt-2.28.so
f6ff9000-f6ffa000 rw-p 00008000 08:04 16831774                           /usr/lib/librt-2.28.so
f6ffa000-f7179000 r-xp 00000000 08:04 17021545                           /usr/lib/libunistring.so.2.1.0
f7179000-f717a000 ---p 0017f000 08:04 17021545                           /usr/lib/libunistring.so.2.1.0
f717a000-f717c000 r--p 0017f000 08:04 17021545                           /usr/lib/libunistring.so.2.1.0
f717c000-f717d000 rw-p 00181000 08:04 17021545                           /usr/lib/libunistring.so.2.1.0
f717d000-f71a7000 r-xp 00000000 08:04 18654292                           /usr/lib/liblzma.so.5.2.4
f71a7000-f71a8000 r--p 00029000 08:04 18654292                           /usr/lib/liblzma.so.5.2.4
f71a8000-f71a9000 rw-p 00000000 00:00 0 
f71a9000-f71b5000 r-xp 00000000 08:04 17191936                           /usr/lib/libbrotlidec.so.1.0.6
f71b5000-f71b6000 r--p 0000b000 08:04 17191936                           /usr/lib/libbrotlidec.so.1.0.6
f71b6000-f71b7000 rw-p 00000000 00:00 0 
f71b7000-f71c6000 r-xp 00000000 08:04 17191918                           /usr/lib/liblber-2.4.so.2.10.9
f71c6000-f71c7000 r--p 0000e000 08:04 17191918                           /usr/lib/liblber-2.4.so.2.10.9
f71c7000-f71c8000 rw-p 0000f000 08:04 17191918                           /usr/lib/liblber-2.4.so.2.10.9
f71c8000-f721d000 r-xp 00000000 08:04 17191920                           /usr/lib/libldap-2.4.so.2.10.9
f721d000-f721e000 ---p 00055000 08:04 17191920                           /usr/lib/libldap-2.4.so.2.10.9
f721e000-f721f000 r--p 00055000 08:04 17191920                           /usr/lib/libldap-2.4.so.2.10.9
f721f000-f7220000 rw-p 00056000 08:04 17191920                           /usr/lib/libldap-2.4.so.2.10.9
f7220000-f7222000 rw-p 00000000 00:00 0 
f7222000-f7225000 r-xp 00000000 08:04 16994899                           /usr/lib/libcom_err.so.2.1
f7225000-f7226000 r--p 00002000 08:04 16994899                           /usr/lib/libcom_err.so.2.1
f7226000-f7227000 rw-p 00003000 08:04 16994899                           /usr/lib/libcom_err.so.2.1
f7227000-f723d000 r-xp 00000000 08:04 17021552                           /usr/lib/libk5crypto.so.3.1
f723d000-f723e000 ---p 00016000 08:04 17021552                           /usr/lib/libk5crypto.so.3.1
f723e000-f723f000 r--p 00016000 08:04 17021552                           /usr/lib/libk5crypto.so.3.1
f723f000-f7240000 rw-p 00017000 08:04 17021552                           /usr/lib/libk5crypto.so.3.1
f7240000-f7323000 r-xp 00000000 08:04 17021558                           /usr/lib/libkrb5.so.3.3
f7323000-f732a000 r--p 000e2000 08:04 17021558                           /usr/lib/libkrb5.so.3.3
f732a000-f732b000 rw-p 000e9000 08:04 17021558                           /usr/lib/libkrb5.so.3.3
f732b000-f7386000 r-xp 00000000 08:04 17021548                           /usr/lib/libgssapi_krb5.so.2.2
f7386000-f7388000 r--p 0005a000 08:04 17021548                           /usr/lib/libgssapi_krb5.so.2.2
f7388000-f7389000 rw-p 0005c000 08:04 17021548                           /usr/lib/libgssapi_krb5.so.2.2
f7389000-f763a000 r-xp 00000000 08:04 18627877                           /usr/lib/libcrypto.so.1.1.1k
f763a000-f7653000 r--p 002b0000 08:04 18627877                           /usr/lib/libcrypto.so.1.1.1k
f7653000-f7655000 rw-p 002c9000 08:04 18627877                           /usr/lib/libcrypto.so.1.1.1k
f7655000-f7659000 rw-p 00000000 00:00 0 
f7659000-f76eb000 r-xp 00000000 08:04 18627879                           /usr/lib/libssl.so.1.1.1k
f76eb000-f76f1000 r--p 00091000 08:04 18627879                           /usr/lib/libssl.so.1.1.1k
f76f1000-f76f5000 rw-p 00097000 08:04 18627879                           /usr/lib/libssl.so.1.1.1k
f76f5000-f7705000 r-xp 00000000 08:04 18660120                           /usr/lib/libpsl.so.5.3.1
f7705000-f7706000 r--p 0000f000 08:04 18660120                           /usr/lib/libpsl.so.5.3.1
f7706000-f7707000 rw-p 00000000 00:00 0 
f7707000-f7784000 r-xp 00000000 08:04 16994901                           /usr/lib/libssh.so.4.8.7
f7784000-f7785000 ---p 0007d000 08:04 16994901                           /usr/lib/libssh.so.4.8.7
f7785000-f7786000 r--p 0007d000 08:04 16994901                           /usr/lib/libssh.so.4.8.7
f7786000-f7787000 rw-p 0007e000 08:04 16994901                           /usr/lib/libssh.so.4.8.7
f7787000-f77a4000 r-xp 00000000 08:04 17040588                           /usr/lib/libidn2.so.0.3.6
f77a4000-f77a5000 r--p 0001c000 08:04 17040588                           /usr/lib/libidn2.so.0.3.6
f77a5000-f77a6000 rw-p 00000000 00:00 0 
f77a6000-f77ce000 r-xp 00000000 08:04 17191891                           /usr/lib/libnghttp2.so.14.17.0
f77ce000-f77cf000 r--p 00027000 08:04 17191891                           /usr/lib/libnghttp2.so.14.17.0
f77cf000-f77d1000 rw-p 00028000 08:04 17191891                           /usr/lib/libnghttp2.so.14.17.0
f77d1000-f7973000 r-xp 00000000 08:04 16831756                           /usr/lib/libc-2.28.so
f7973000-f7974000 ---p 001a2000 08:04 16831756                           /usr/lib/libc-2.28.so
f7974000-f7976000 r--p 001a2000 08:04 16831756                           /usr/lib/libc-2.28.so
f7976000-f7977000 rw-p 001a4000 08:04 16831756                           /usr/lib/libc-2.28.so
f7977000-f797c000 rw-p 00000000 00:00 0 
f797c000-f7997000 r-xp 00000000 08:04 16985139                           /usr/lib/libgcc_s-8-20210514.so.1
f7997000-f7998000 r--p 0001a000 08:04 16985139                           /usr/lib/libgcc_s-8-20210514.so.1
f7998000-f7999000 rw-p 0001b000 08:04 16985139                           /usr/lib/libgcc_s-8-20210514.so.1
f7999000-f7a69000 r-xp 00000000 08:04 16831760                           /usr/lib/libm-2.28.so
f7a69000-f7a6a000 r--p 000cf000 08:04 16831760                           /usr/lib/libm-2.28.so
f7a6a000-f7a6b000 rw-p 000d0000 08:04 16831760                           /usr/lib/libm-2.28.so
f7a6b000-f7bf4000 r-xp 00000000 08:04 16985145                           /usr/lib/libstdc++.so.6.0.25
f7bf4000-f7bf5000 ---p 00189000 08:04 16985145                           /usr/lib/libstdc++.so.6.0.25
f7bf5000-f7bfb000 r--p 00189000 08:04 16985145                           /usr/lib/libstdc++.so.6.0.25
f7bfb000-f7bfc000 rw-p 0018f000 08:04 16985145                           /usr/lib/libstdc++.so.6.0.25
f7bfc000-f7bfe000 rw-p 00000000 00:00 0 
f7bfe000-f7c15000 r-xp 00000000 08:04 16963437                           /usr/lib/libz.so.1.2.11
f7c15000-f7c16000 ---p 00017000 08:04 16963437                           /usr/lib/libz.so.1.2.11
f7c16000-f7c17000 r--p 00017000 08:04 16963437                           /usr/lib/libz.so.1.2.11
f7c17000-f7c18000 rw-p 00000000 00:00 0 
f7c18000-f7d95000 r-xp 00000000 08:04 16963397                           /usr/lib/libxml2.so.2.9.7
f7d95000-f7d9a000 r--p 0017c000 08:04 16963397                           /usr/lib/libxml2.so.2.9.7
f7d9a000-f7d9b000 rw-p 00181000 08:04 16963397                           /usr/lib/libxml2.so.2.9.7
f7d9b000-f7d9c000 rw-p 00000000 00:00 0 
f7d9c000-f7db8000 r-xp 00000000 08:04 16831770                           /usr/lib/libpthread-2.28.so
f7db8000-f7db9000 r--p 0001b000 08:04 16831770                           /usr/lib/libpthread-2.28.so
f7db9000-f7dba000 rw-p 0001c000 08:04 16831770                           /usr/lib/libpthread-2.28.so
f7dba000-f7dbc000 rw-p 00000000 00:00 0 
f7dbc000-f7e30000 r-xp 00000000 08:04 16818911                           /usr/lib/libpcre.so.1.2.10
f7e30000-f7e31000 ---p 00074000 08:04 16818911                           /usr/lib/libpcre.so.1.2.10
f7e31000-f7e32000 r--p 00074000 08:04 16818911                           /usr/lib/libpcre.so.1.2.10
f7e32000-f7e33000 rw-p 00075000 08:04 16818911                           /usr/lib/libpcre.so.1.2.10
f7e33000-f7e36000 r-xp 00000000 08:04 16831758                           /usr/lib/libdl-2.28.so
f7e36000-f7e37000 r--p 00002000 08:04 16831758                           /usr/lib/libdl-2.28.so
f7e37000-f7e38000 rw-p 00003000 08:04 16831758                           /usr/lib/libdl-2.28.so
f7e38000-f7ed5000 r-xp 00000000 08:04 16994905                           /usr/lib/libcurl.so.4.5.0
f7ed5000-f7ed7000 r--p 0009c000 08:04 16994905                           /usr/lib/libcurl.so.4.5.0
f7ed7000-f7ed8000 rw-p 0009e000 08:04 16994905                           /usr/lib/libcurl.so.4.5.0
f7ed8000-f7edf000 r--s 00000000 08:04 176632422                          /usr/lib/gconv/gconv-modules.cache
f7edf000-f7ee7000 rw-s 00000000 08:04 151742429                          /tmp/hsperfdata_almalinux/30356 (deleted)
f7ee7000-f7ee8000 ---p 00000000 00:00 0 
f7ee8000-f7ee9000 r--p 00000000 00:00 0 
f7ee9000-f7eeb000 rw-p 00000000 00:00 0 
f7eeb000-f7eef000 r--p 00000000 00:00 0                                  [vvar]
f7eef000-f7ef1000 r-xp 00000000 00:00 0                                  [vdso]
f7ef1000-f7f20000 r-xp 00000000 08:04 16831749                           /usr/lib/ld-2.28.so
f7f20000-f7f21000 ---p 00000000 00:00 0 
f7f21000-f7f22000 r--p 0002f000 08:04 16831749                           /usr/lib/ld-2.28.so
f7f22000-f7f23000 rw-p 00030000 08:04 16831749                           /usr/lib/ld-2.28.so
ff697000-ff698000 rwxp 00000000 00:00 0 
ff7a0000-ff85c000 rw-p 00000000 00:00 0                                  [stack]


VM Arguments:
jvm_args: -Xms128m -Xmx512m -Xss768k -XX:MaxMetaspaceSize=96m -Xrs -XX:-UsePerfData -XX:-AllowUserSignalHandlers -XX:UseSSE=3 -XX+DoEscapeAnalysis -XX:AutoBoxCacheMax:2000 -XX:+OptimizeStringConcat -XX:+OptimizeFill -XX:+EliminateAutoBox -XX:+UseCompressedStrings -XX:+UseCompressedOops -XX:+EliminateLocks -XX:UseFastAccessorMethods -XX:+UseStringCache -XgcPrio:throughput -XXkeepAreaRatio:1 -XXlazyUnlocking -XXcallProfiling -XXcompactRatio:1 
java_command: <unknown>
java_class_path (initial): ../../data/sku.0/sys.server/compiled/game/
Launcher Type: generic

[Global flags]
     intx CICompilerCount                          = 3                                         {product} {ergonomic}
     uint ConcGCThreads                            = 1                                         {product} {ergonomic}
     uint G1ConcRefinementThreads                  = 4                                         {product} {ergonomic}
   size_t G1HeapRegionSize                         = 1048576                                   {product} {ergonomic}
    uintx GCDrainStackTargetSize                   = 64                                        {product} {ergonomic}
   size_t InitialHeapSize                          = 134217728                                 {product} {command line}
   size_t MarkStackSize                            = 32768                                     {product} {ergonomic}
   size_t MaxHeapSize                              = 536870912                                 {product} {command line}
   size_t MaxMetaspaceSize                         = 100663296                                 {product} {command line}
   size_t MaxNewSize                               = 321912832                                 {product} {ergonomic}
   size_t MinHeapDeltaBytes                        = 1048576                                   {product} {ergonomic}
   size_t MinHeapSize                              = 134217728                                 {product} {command line}
    uintx NonNMethodCodeHeapSize                   = 5544422                                {pd product} {ergonomic}
    uintx NonProfiledCodeHeapSize                  = 123056909                              {pd product} {ergonomic}
    uintx ProfiledCodeHeapSize                     = 123056909                              {pd product} {ergonomic}
    uintx ReservedCodeCacheSize                    = 251658240                              {pd product} {ergonomic}
     bool SegmentedCodeCache                       = true                                      {product} {ergonomic}
   size_t SoftMaxHeapSize                          = 536870912                              {manageable} {ergonomic}
   double SweeperThreshold                         = 0.500000                                  {product} {ergonomic}
     intx ThreadStackSize                          = 768                                    {pd product} {command line}
     bool UseG1GC                                  = true                                      {product} {ergonomic}

Logging:
Log output configuration:
 #0: stdout all=off uptime,level,tags
 #1: stderr all=off uptime,level,tags

Environment Variables:
JAVA_HOME=/usr/lib/jvm/zulu-17-x86
PATH=/usr/java/jdk1.7.0_80/bin:/usr/java/jdk1.7.0_80/bin:/usr/java/jdk1.6.0_45/bin:/usr/java/jdk1.6.0_45/bin:/usr/java/jdk1.6.0_45/bin:/home/almalinux/.local/bin:/home/almalinux/bin:/sbin:/bin:/usr/bin:/usr/local/bin:/usr/local/sbin:/usr/sbin:/usr/lib/oracle/18.3/client/bin:/usr/lib/oracle/18.3/client/bin:/usr/lib/jvm/java-11-openjdk/bin:./
LD_LIBRARY_PATH=/usr/lib/jvm/java-17-zulu-openjdk-jdk-x86/lib/server:/usr/lib/jvm/java-17-zulu-openjdk-jdk-x86/lib:/usr/lib/jvm/java-17-zulu-openjdk-jdk-x86/../lib:/usr/lib/jvm/zulu-17-x86/lib/server:/usr/lib/jvm/java-11-openjdk/lib:/usr/lib/jvm/java-11-openjdk/lib/server:./
SHELL=/bin/bash
DISPLAY=:10.0
LANG=en_US.UTF-8
TERM=xterm-256color

Active Locale:
LC_ALL=en_US.UTF-8
LC_COLLATE=en_US.UTF-8
LC_CTYPE=en_US.UTF-8
LC_MESSAGES=en_US.UTF-8
LC_MONETARY=en_US.UTF-8
LC_NUMERIC=en_US.UTF-8
LC_TIME=en_US.UTF-8

Signal Handlers:
   SIGSEGV: crash_handler in libjvm.so, mask=11100100010111111101111111111110, flags=SA_RESTART|SA_SIGINFO, unblocked
    SIGBUS: crash_handler in libjvm.so, mask=11100100010111111101111111111110, flags=SA_RESTART|SA_SIGINFO, unblocked
    SIGFPE: crash_handler in libjvm.so, mask=11100100010111111101111111111110, flags=SA_RESTART|SA_SIGINFO, unblocked
   SIGPIPE: SIG_IGN, mask=00000000000010000000000000000000, flags=SA_RESTART, blocked
  *** Handler was modified!
  *** Expected: javaSignalHandler in libjvm.so, mask=11100100110111111111111111111110, flags=SA_RESTART|SA_SIGINFO
   SIGXFSZ: javaSignalHandler in libjvm.so, mask=11100100010111111101111111111110, flags=SA_RESTART|SA_SIGINFO, blocked
    SIGILL: crash_handler in libjvm.so, mask=11100100010111111101111111111110, flags=SA_RESTART|SA_SIGINFO, unblocked
   SIGUSR2: SR_handler in libjvm.so, mask=00100000000000000000000000000000, flags=SA_RESTART|SA_SIGINFO, blocked
    SIGHUP: UserHandler in libjvm.so, mask=11100100010111111101111111111110, flags=SA_RESTART|SA_SIGINFO, blocked
    SIGINT: UserHandler in libjvm.so, mask=11100100010111111101111111111110, flags=SA_RESTART|SA_SIGINFO, blocked
   SIGTERM: UserHandler in libjvm.so, mask=11100100010111111101111111111110, flags=SA_RESTART|SA_SIGINFO, blocked
   SIGQUIT: UserHandler in libjvm.so, mask=11100100010111111101111111111110, flags=SA_RESTART|SA_SIGINFO, blocked
   SIGTRAP: crash_handler in libjvm.so, mask=11100100010111111101111111111110, flags=SA_RESTART|SA_SIGINFO, unblocked


Periodic native trim disabled


---------------  S Y S T E M  ---------------

OS:
AlmaLinux release 8.10 (Cerulean Leopard)
uname: Linux 4.18.0-553.81.1.el8_10.x86_64 #1 SMP Mon Oct 27 11:29:19 EDT 2025 x86_64
OS uptime: 1 days 0:53 hours
libc: glibc 2.28 NPTL 2.28 
rlimit (soft/hard): STACK 8192k/infinity , CORE 0k/infinity , NPROC 61995/61995 , NOFILE 262144/262144 , AS infinity/infinity , CPU infinity/infinity , DATA infinity/infinity , FSIZE infinity/infinity , MEMLOCK 64k/64k
load average: 40.53 44.44 43.44

/proc/meminfo:
MemTotal:       16014448 kB
MemFree:         2337632 kB
MemAvailable:    3100124 kB
Buffers:              32 kB
Cached:          2138612 kB
SwapCached:        23952 kB
Active:          1788216 kB
Inactive:       10890904 kB
Active(anon):    1396244 kB
Inactive(anon): 10638720 kB
Active(file):     391972 kB
Inactive(file):   252184 kB
Unevictable:        6160 kB
Mlocked:               0 kB
SwapTotal:       8388604 kB
SwapFree:        7307004 kB
Dirty:              1436 kB
Writeback:             0 kB
AnonPages:      10514292 kB
Mapped:          1171340 kB
Shmem:           1494472 kB
KReclaimable:     295380 kB
Slab:             446016 kB
SReclaimable:     295380 kB
SUnreclaim:       150636 kB
KernelStack:       24144 kB
PageTables:       162128 kB
NFS_Unstable:          0 kB
Bounce:                0 kB
WritebackTmp:          0 kB
CommitLimit:    16395828 kB
Committed_AS:   24786308 kB
VmallocTotal:   34359738367 kB
VmallocUsed:       70356 kB
VmallocChunk:          0 kB
Percpu:             2720 kB
HardwareCorrupted:     0 kB
AnonHugePages:         0 kB
ShmemHugePages:        0 kB
ShmemPmdMapped:        0 kB
FileHugePages:         0 kB
FilePmdMapped:         0 kB
HugePages_Total:       0
HugePages_Free:        0
HugePages_Rsvd:        0
HugePages_Surp:        0
Hugepagesize:       2048 kB
Hugetlb:               0 kB
DirectMap4k:      749420 kB
DirectMap2M:    15634432 kB

/sys/kernel/mm/transparent_hugepage/enabled: always madvise [never]
/sys/kernel/mm/transparent_hugepage/hpage_pmd_size: 2097152
/sys/kernel/mm/transparent_hugepage/defrag (defrag/compaction efforts parameter): always defer defer+madvise [madvise] never

Process Memory:
Virtual Size: 1081388K (peak: 1086700K)
Resident Set Size: 243956K (peak: 246016K) (anon: 224088K, file: 19868K, shmem: 0K)
Swapped out: 0K
C-Heap outstanding allocations: 20418K, retained: 151725K
glibc malloc tunables: (default)

/proc/sys/kernel/threads-max (system-wide limit on the number of threads): 123991
/proc/sys/vm/max_map_count (maximum number of memory map areas a process may have): 1677720
/proc/sys/kernel/pid_max (system-wide limit on number of process identifiers): 4194304

container (cgroup) information:
container_type: cgroupv1
cpu_cpuset_cpus: 0-3
cpu_memory_nodes: 0
active_processor_count: 4
cpu_quota: no quota
cpu_period: 100000
cpu_shares: no shares
memory_limit_in_bytes: unlimited
memory_and_swap_limit_in_bytes: unlimited
memory_soft_limit_in_bytes: unlimited
memory_usage_in_bytes: 12069468 k
memory_max_usage_in_bytes: 14866960 k
kernel_memory_usage_in_bytes: 208972 k
kernel_memory_max_usage_in_bytes: unlimited
kernel_memory_limit_in_bytes: 752460 k
maximum number of tasks: unlimited
current number of tasks: 696

KVM virtualization detected
Steal ticks since vm start: 2712
Steal ticks percentage since vm start:  0.000

CPU: total 4 (initial active 4) (1 cores per cpu, 1 threads per core) family 6 model 60 stepping 1 microcode 0x1, cx8, cmov, fxsr, mmx, sse, sse2, sse3, ssse3, sse4.1, sse4.2, popcnt, lzcnt, tsc, avx, avx2, aes, erms, clmul, bmi1, bmi2, fma, vzeroupper, clflush, hv
CPU Model and flags from /proc/cpuinfo:
model name	: Intel Core Processor (Haswell, no TSX)
flags		: fpu vme de pse tsc msr pae mce cx8 apic sep mtrr pge mca cmov pat pse36 clflush mmx fxsr sse sse2 syscall nx rdtscp lm constant_tsc rep_good nopl xtopology cpuid tsc_known_freq pni pclmulqdq vmx ssse3 fma cx16 pcid sse4_1 sse4_2 x2apic movbe popcnt tsc_deadline_timer aes xsave avx f16c rdrand hypervisor lahf_lm abm cpuid_fault invpcid_single pti tpr_shadow vnmi flexpriority ept vpid ept_ad fsgsbase bmi1 avx2 smep bmi2 erms invpcid xsaveopt arat md_clear

Online cpus: 0-3
Offline cpus: 
BIOS frequency limitation: <Not Available>
Frequency switch latency (ns): <Not Available>
Available cpu frequencies: <Not Available>
Current governor: <Not Available>
Core performance/turbo boost: <Not Available>

Memory: 4k page, physical 16014448k(2337632k free), swap 8388604k(7307004k free)
Page Sizes: 4k

vm_info: OpenJDK Server VM (17.0.11+9-LTS) for linux-x86 JRE (17.0.11+9-LTS) (Zulu17.50+19-CA), built on Apr  9 2024 07:14:46 by "zulu_re" with gcc 8.3.0

END.
