#
# A fatal error has been detected by the Java Runtime Environment:
#
#  SIGSEGV (0xb) at pc=0xf78d6618, pid=364066, tid=364066
#
# JRE version: OpenJDK Runtime Environment Zulu17.50+19-CA (17.0.11+9) (build 17.0.11+9-LTS)
# Java VM: OpenJDK Server VM Zulu17.50+19-CA (17.0.11+9-LTS, mixed mode, sharing, tiered, g1 gc, linux-x86)
# Problematic frame:
# C  [libc.so.6+0x84618]  cfree+0x28
#
# Core dump will be written. Default location: Core dumps may be processed with "/usr/lib/systemd/systemd-coredump %P %u %g %s %t %c %h %e" (or dumping to /home/almalinux/swg-returns-nge/exe/linux/core.364066)
#
# If you would like to submit a bug report, please visit:
#   http://www.azul.com/support/
#

---------------  S U M M A R Y ------------

Command Line: -Xms128m -Xmx512m -Xss768k -XX:MaxMetaspaceSize=96m -Xrs -XX:-UsePerfData -XX:-AllowUserSignalHandlers -XX:UseSSE=3 -XX+DoEscapeAnalysis -XX:AutoBoxCacheMax:2000 -XX:+OptimizeStringConcat -XX:+OptimizeFill -XX:+EliminateAutoBox -XX:+UseCompressedStrings -XX:+UseCompressedOops -XX:+EliminateLocks -XX:UseFastAccessorMethods -XX:+UseStringCache -XgcPrio:throughput -XXkeepAreaRatio:1 -XXlazyUnlocking -XXcallProfiling -XXcompactRatio:1 

Host: Intel Core Processor (Haswell, no TSX), 4 cores, 15G, AlmaLinux release 8.10 (Cerulean Leopard)
Time: Mon Jan 26 20:49:14 2026 UTC elapsed time: 1003.124850 seconds (0d 0h 16m 43s)

---------------  T H R E A D  ---------------

Current thread is native thread

Stack: [0xffcf1000,0xffdb1000],  sp=0xffdad660,  free space=753k
Native frames: (J=compiled Java code, j=interpreted, Vv=VM code, C=native code)
C  [libc.so.6+0x84618]  cfree+0x28


siginfo: si_signo: 11 (SIGSEGV), si_code: 1 (SEGV_MAPERR), si_addr: 0x00000003

Registers:
EAX=0x00000000, EBX=0x00000007, ECX=0xf6f1484c, EDX=0x0a725da8
ESP=0xffdad660, EBP=0xffdad798, ESI=0xf79f7000, EDI=0x00000000
EIP=0xf78d6618, EFLAGS=0x00210202, CR2=0x0000000000000003


Top of Stack: (sp=0xffdad660)
0xffdad660:   0a3a9030 00000000 ffdad798 f7b63f1c
0xffdad670:   0a3a90c0 f7c7aa04 0a725d80 f7b63f1c
0xffdad680:   00000007 f7b63f0a f7c7aa04 f7b63f4c
0xffdad690:   0a3a90c0 f7b63f0a 0a729b20 085b6163
0xffdad6a0:   00000007 0a3a9030 0a3a8d40 085bb8d1
0xffdad6b0:   0a3a9030 0a3a8d40 00000000 085bb89b
0xffdad6c0:   0bbbd6c0 ffdad6e7 ffdad70c 085c6969
0xffdad6d0:   087d6c00 ffdad70c ffdad798 084fc53b
0xffdad6e0:   00000014 00010002 00000000 00000000
0xffdad6f0:   01010100 00000001 09aa44c0 00000000
0xffdad700:   00000000 00000000 00000000 00000000
0xffdad710:   00000000 00000014 ffdad868 f78876ff
0xffdad720:   f79f741c 47677753 53656d61 65767265
0xffdad730:   36333a72 36363034 09290100 0a70b140
0xffdad740:   08ea0100 08ebc230 08ea5888 f79f741c
0xffdad750:   00000428 00000420 f7887779 085758fd
0xffdad760:   08ea2a80 09b1ea78 08ea5888 08574f56
0xffdad770:   0929a2c4 0929a2c4 ffdad868 08ea583b
0xffdad780:   0000000c ffdad834 ffdad7b0 f79f7000
0xffdad790:   00000000 08575910 00000000 f786ff26
0xffdad7a0:   00000000 08575910 00000000 f786ff26
0xffdad7b0:   0000000c ffdad834 ffdad868 ffdad7d4
0xffdad7c0:   0929a2d0 00000000 ffdad868 f79f7000
0xffdad7d0:   f785f75c f79f7000 00000000 08575910
0xffdad7e0:   00000000 4158bc4d f90a145d 00000000
0xffdad7f0:   00000000 00000000 f7f764d0 f786fe30
0xffdad800:   084fc260 0929a2c4 0000000c 08575946
0xffdad810:   084fc260 0000000c ffdad834 08ea57f0
0xffdad820:   08ea5850 f7f764d0 ffdad82c f7fa3970
0xffdad830:   0000000c ffdaf62d ffdaf63f ffdaf642
0xffdad840:   ffdaf654 ffdaf657 ffdaf662 ffdaf686
0xffdad850:   ffdaf696 ffdaf6af ffdaf6d8 ffdaf6db 

Instructions: (pc=0xf78d6618)
0xf78d6518:   50 8d 96 86 f7 fa ff 8d 86 d0 2f fb ff e8 c6 b7
0xf78d6528:   ff ff 8d b6 00 00 00 00 bb 20 00 00 00 e9 5e fe
0xf78d6538:   ff ff e8 a1 c0 ff ff 89 c5 85 c0 0f 85 68 ff ff
0xf78d6548:   ff 31 d2 8d 44 3b 10 e8 8c c1 ff ff 89 da 89 f9
0xf78d6558:   89 c5 e8 11 f0 ff ff 89 c2 85 c0 75 1b 85 ed 74
0xf78d6568:   17 90 89 fa 89 e8 e8 bd c5 ff ff 89 da 89 f9 89
0xf78d6578:   c5 e8 f2 ef ff ff 89 c2 85 ed 0f 84 57 ff ff ff
0xf78d6588:   e9 39 ff ff ff 8d 86 b8 31 fb ff 83 ec 0c b9 25
0xf78d6598:   0d 00 00 50 8d 96 86 f7 fa ff 8d 86 74 2f fb ff
0xf78d65a8:   e8 43 b7 ff ff 8d 76 00 f3 0f 1e fb e8 0a 9a f9
0xf78d65b8:   ff 05 47 0a 12 00 56 53 83 ec 04 8b 5c 24 10 8b
0xf78d65c8:   74 24 14 8b 80 50 ff ff ff c7 00 00 00 00 00 e8
0xf78d65d8:   54 bb ff ff 8b 4c 24 0c 83 c4 04 89 f2 89 d8 5b
0xf78d65e8:   5e e9 42 fd ff ff 66 90 f3 0f 1e fb 56 e8 9a 9b
0xf78d65f8:   f9 ff 81 c6 06 0a 12 00 53 83 ec 14 8b 5c 24 20
0xf78d6608:   8b 86 5c ff ff ff 8b 00 85 c0 75 6c 85 db 74 75
0xf78d6618:   8b 4b fc 8d 53 f8 f6 c1 02 75 35 8b 86 70 fe ff
0xf78d6628:   ff 65 8b 00 85 c0 0f 84 8c 00 00 00 83 e1 04 8d
0xf78d6638:   86 60 07 00 00 74 09 89 d0 25 00 00 f0 ff 8b 00
0xf78d6648:   83 c4 14 31 c9 5b 5e e9 8c cb ff ff 8d 74 26 00
0xf78d6658:   8b 9e 60 01 00 00 85 db 75 10 3b 8e 48 01 00 00
0xf78d6668:   76 08 81 f9 00 00 08 00 76 26 83 c4 14 89 d0 5b
0xf78d6678:   5e e9 92 b8 ff ff 66 90 83 ec 08 ff 74 24 24 53
0xf78d6688:   ff d0 83 c4 10 83 c4 14 5b 5e c3 8d 74 26 00 90
0xf78d6698:   39 96 80 1d 00 00 77 08 39 96 7c 1d 00 00 77 ca
0xf78d66a8:   83 e1 f8 8d 04 09 89 8e 48 01 00 00 89 86 40 01
0xf78d66b8:   00 00 90 eb b5 8d 76 00 8b 86 74 fe ff ff 65 80
0xf78d66c8:   38 00 0f 85 64 ff ff ff 89 54 24 0c e8 97 ed ff
0xf78d66d8:   ff 8b 4b fc 8b 54 24 0c e9 4f ff ff ff 8d b4 26
0xf78d66e8:   00 00 00 00 8d 74 26 00 f3 0f 1e fb 55 57 56 e8
0xf78d66f8:   98 9a f9 ff 81 c6 04 09 12 00 53 83 ec 0c 8b 86
0xf78d6708:   70 fe ff ff 8b 96 74 fe ff ff 65 8b 28 65 c6 02 



---------------  P R O C E S S  ---------------

VM state: at safepoint (shutting down)

VM Mutex/Monitor currently owned by a thread:  ([mutex/lock_event])
[0xf5e21d30] Threads_lock - owner thread: 0xc4294cf0

GC Precious Log:
<Skipped>

Heap:
 garbage-first heap   total 131072K, used 14835K [0xc5c00000, 0xe5c00000)
  region size 1024K, 14 young (14336K), 2 survivors (2048K)
 Metaspace       used 2784K, committed 3008K, reserved 16384K

Heap Regions: E=young(eden), S=young(survivor), O=old, HS=humongous(starts), HC=humongous(continues), CS=collection set, F=free, OA=open archive, CA=closed archive, TAMS=top-at-mark-start (previous, next)
|   0|0xc5c00000, 0xc5d00000, 0xc5d00000|100%| O|  |TAMS 0xc5c00000, 0xc5c00000| Untracked 
|   1|0xc5d00000, 0xc5de8a00, 0xc5e00000| 90%| O|  |TAMS 0xc5d00000, 0xc5d00000| Untracked 
|   2|0xc5e00000, 0xc5e00000, 0xc5f00000|  0%| F|  |TAMS 0xc5e00000, 0xc5e00000| Untracked 
|   3|0xc5f00000, 0xc5f00000, 0xc6000000|  0%| F|  |TAMS 0xc5f00000, 0xc5f00000| Untracked 
|   4|0xc6000000, 0xc6000000, 0xc6100000|  0%| F|  |TAMS 0xc6000000, 0xc6000000| Untracked 
|   5|0xc6100000, 0xc6100000, 0xc6200000|  0%| F|  |TAMS 0xc6100000, 0xc6100000| Untracked 
|   6|0xc6200000, 0xc6200000, 0xc6300000|  0%| F|  |TAMS 0xc6200000, 0xc6200000| Untracked 
|   7|0xc6300000, 0xc6300000, 0xc6400000|  0%| F|  |TAMS 0xc6300000, 0xc6300000| Untracked 
|   8|0xc6400000, 0xc6400000, 0xc6500000|  0%| F|  |TAMS 0xc6400000, 0xc6400000| Untracked 
|   9|0xc6500000, 0xc6500000, 0xc6600000|  0%| F|  |TAMS 0xc6500000, 0xc6500000| Untracked 
|  10|0xc6600000, 0xc6600000, 0xc6700000|  0%| F|  |TAMS 0xc6600000, 0xc6600000| Untracked 
|  11|0xc6700000, 0xc6700000, 0xc6800000|  0%| F|  |TAMS 0xc6700000, 0xc6700000| Untracked 
|  12|0xc6800000, 0xc6800000, 0xc6900000|  0%| F|  |TAMS 0xc6800000, 0xc6800000| Untracked 
|  13|0xc6900000, 0xc6900000, 0xc6a00000|  0%| F|  |TAMS 0xc6900000, 0xc6900000| Untracked 
|  14|0xc6a00000, 0xc6a00000, 0xc6b00000|  0%| F|  |TAMS 0xc6a00000, 0xc6a00000| Untracked 
|  15|0xc6b00000, 0xc6b00000, 0xc6c00000|  0%| F|  |TAMS 0xc6b00000, 0xc6b00000| Untracked 
|  16|0xc6c00000, 0xc6c00000, 0xc6d00000|  0%| F|  |TAMS 0xc6c00000, 0xc6c00000| Untracked 
|  17|0xc6d00000, 0xc6d00000, 0xc6e00000|  0%| F|  |TAMS 0xc6d00000, 0xc6d00000| Untracked 
|  18|0xc6e00000, 0xc6e00000, 0xc6f00000|  0%| F|  |TAMS 0xc6e00000, 0xc6e00000| Untracked 
|  19|0xc6f00000, 0xc6f00000, 0xc7000000|  0%| F|  |TAMS 0xc6f00000, 0xc6f00000| Untracked 
|  20|0xc7000000, 0xc7000000, 0xc7100000|  0%| F|  |TAMS 0xc7000000, 0xc7000000| Untracked 
|  21|0xc7100000, 0xc7100000, 0xc7200000|  0%| F|  |TAMS 0xc7100000, 0xc7100000| Untracked 
|  22|0xc7200000, 0xc7200000, 0xc7300000|  0%| F|  |TAMS 0xc7200000, 0xc7200000| Untracked 
|  23|0xc7300000, 0xc7300000, 0xc7400000|  0%| F|  |TAMS 0xc7300000, 0xc7300000| Untracked 
|  24|0xc7400000, 0xc7400000, 0xc7500000|  0%| F|  |TAMS 0xc7400000, 0xc7400000| Untracked 
|  25|0xc7500000, 0xc7500000, 0xc7600000|  0%| F|  |TAMS 0xc7500000, 0xc7500000| Untracked 
|  26|0xc7600000, 0xc7600000, 0xc7700000|  0%| F|  |TAMS 0xc7600000, 0xc7600000| Untracked 
|  27|0xc7700000, 0xc7700000, 0xc7800000|  0%| F|  |TAMS 0xc7700000, 0xc7700000| Untracked 
|  28|0xc7800000, 0xc7800000, 0xc7900000|  0%| F|  |TAMS 0xc7800000, 0xc7800000| Untracked 
|  29|0xc7900000, 0xc7900000, 0xc7a00000|  0%| F|  |TAMS 0xc7900000, 0xc7900000| Untracked 
|  30|0xc7a00000, 0xc7a00000, 0xc7b00000|  0%| F|  |TAMS 0xc7a00000, 0xc7a00000| Untracked 
|  31|0xc7b00000, 0xc7b00000, 0xc7c00000|  0%| F|  |TAMS 0xc7b00000, 0xc7b00000| Untracked 
|  32|0xc7c00000, 0xc7c00000, 0xc7d00000|  0%| F|  |TAMS 0xc7c00000, 0xc7c00000| Untracked 
|  33|0xc7d00000, 0xc7d00000, 0xc7e00000|  0%| F|  |TAMS 0xc7d00000, 0xc7d00000| Untracked 
|  34|0xc7e00000, 0xc7e00000, 0xc7f00000|  0%| F|  |TAMS 0xc7e00000, 0xc7e00000| Untracked 
|  35|0xc7f00000, 0xc7f00000, 0xc8000000|  0%| F|  |TAMS 0xc7f00000, 0xc7f00000| Untracked 
|  36|0xc8000000, 0xc8000000, 0xc8100000|  0%| F|  |TAMS 0xc8000000, 0xc8000000| Untracked 
|  37|0xc8100000, 0xc8100000, 0xc8200000|  0%| F|  |TAMS 0xc8100000, 0xc8100000| Untracked 
|  38|0xc8200000, 0xc8200000, 0xc8300000|  0%| F|  |TAMS 0xc8200000, 0xc8200000| Untracked 
|  39|0xc8300000, 0xc8300000, 0xc8400000|  0%| F|  |TAMS 0xc8300000, 0xc8300000| Untracked 
|  40|0xc8400000, 0xc8400000, 0xc8500000|  0%| F|  |TAMS 0xc8400000, 0xc8400000| Untracked 
|  41|0xc8500000, 0xc8500000, 0xc8600000|  0%| F|  |TAMS 0xc8500000, 0xc8500000| Untracked 
|  42|0xc8600000, 0xc8600000, 0xc8700000|  0%| F|  |TAMS 0xc8600000, 0xc8600000| Untracked 
|  43|0xc8700000, 0xc8700000, 0xc8800000|  0%| F|  |TAMS 0xc8700000, 0xc8700000| Untracked 
|  44|0xc8800000, 0xc8800000, 0xc8900000|  0%| F|  |TAMS 0xc8800000, 0xc8800000| Untracked 
|  45|0xc8900000, 0xc8900000, 0xc8a00000|  0%| F|  |TAMS 0xc8900000, 0xc8900000| Untracked 
|  46|0xc8a00000, 0xc8a00000, 0xc8b00000|  0%| F|  |TAMS 0xc8a00000, 0xc8a00000| Untracked 
|  47|0xc8b00000, 0xc8b00000, 0xc8c00000|  0%| F|  |TAMS 0xc8b00000, 0xc8b00000| Untracked 
|  48|0xc8c00000, 0xc8c00000, 0xc8d00000|  0%| F|  |TAMS 0xc8c00000, 0xc8c00000| Untracked 
|  49|0xc8d00000, 0xc8d00000, 0xc8e00000|  0%| F|  |TAMS 0xc8d00000, 0xc8d00000| Untracked 
|  50|0xc8e00000, 0xc8e00000, 0xc8f00000|  0%| F|  |TAMS 0xc8e00000, 0xc8e00000| Untracked 
|  51|0xc8f00000, 0xc8f00000, 0xc9000000|  0%| F|  |TAMS 0xc8f00000, 0xc8f00000| Untracked 
|  52|0xc9000000, 0xc9000000, 0xc9100000|  0%| F|  |TAMS 0xc9000000, 0xc9000000| Untracked 
|  53|0xc9100000, 0xc9100000, 0xc9200000|  0%| F|  |TAMS 0xc9100000, 0xc9100000| Untracked 
|  54|0xc9200000, 0xc9200000, 0xc9300000|  0%| F|  |TAMS 0xc9200000, 0xc9200000| Untracked 
|  55|0xc9300000, 0xc9300000, 0xc9400000|  0%| F|  |TAMS 0xc9300000, 0xc9300000| Untracked 
|  56|0xc9400000, 0xc9400000, 0xc9500000|  0%| F|  |TAMS 0xc9400000, 0xc9400000| Untracked 
|  57|0xc9500000, 0xc9500000, 0xc9600000|  0%| F|  |TAMS 0xc9500000, 0xc9500000| Untracked 
|  58|0xc9600000, 0xc9600000, 0xc9700000|  0%| F|  |TAMS 0xc9600000, 0xc9600000| Untracked 
|  59|0xc9700000, 0xc9700000, 0xc9800000|  0%| F|  |TAMS 0xc9700000, 0xc9700000| Untracked 
|  60|0xc9800000, 0xc9800000, 0xc9900000|  0%| F|  |TAMS 0xc9800000, 0xc9800000| Untracked 
|  61|0xc9900000, 0xc9900000, 0xc9a00000|  0%| F|  |TAMS 0xc9900000, 0xc9900000| Untracked 
|  62|0xc9a00000, 0xc9a00000, 0xc9b00000|  0%| F|  |TAMS 0xc9a00000, 0xc9a00000| Untracked 
|  63|0xc9b00000, 0xc9b00000, 0xc9c00000|  0%| F|  |TAMS 0xc9b00000, 0xc9b00000| Untracked 
|  64|0xc9c00000, 0xc9c00000, 0xc9d00000|  0%| F|  |TAMS 0xc9c00000, 0xc9c00000| Untracked 
|  65|0xc9d00000, 0xc9d00000, 0xc9e00000|  0%| F|  |TAMS 0xc9d00000, 0xc9d00000| Untracked 
|  66|0xc9e00000, 0xc9e00000, 0xc9f00000|  0%| F|  |TAMS 0xc9e00000, 0xc9e00000| Untracked 
|  67|0xc9f00000, 0xc9f00000, 0xca000000|  0%| F|  |TAMS 0xc9f00000, 0xc9f00000| Untracked 
|  68|0xca000000, 0xca000000, 0xca100000|  0%| F|  |TAMS 0xca000000, 0xca000000| Untracked 
|  69|0xca100000, 0xca100000, 0xca200000|  0%| F|  |TAMS 0xca100000, 0xca100000| Untracked 
|  70|0xca200000, 0xca200000, 0xca300000|  0%| F|  |TAMS 0xca200000, 0xca200000| Untracked 
|  71|0xca300000, 0xca300000, 0xca400000|  0%| F|  |TAMS 0xca300000, 0xca300000| Untracked 
|  72|0xca400000, 0xca400000, 0xca500000|  0%| F|  |TAMS 0xca400000, 0xca400000| Untracked 
|  73|0xca500000, 0xca500000, 0xca600000|  0%| F|  |TAMS 0xca500000, 0xca500000| Untracked 
|  74|0xca600000, 0xca600000, 0xca700000|  0%| F|  |TAMS 0xca600000, 0xca600000| Untracked 
|  75|0xca700000, 0xca700000, 0xca800000|  0%| F|  |TAMS 0xca700000, 0xca700000| Untracked 
|  76|0xca800000, 0xca800000, 0xca900000|  0%| F|  |TAMS 0xca800000, 0xca800000| Untracked 
|  77|0xca900000, 0xca900000, 0xcaa00000|  0%| F|  |TAMS 0xca900000, 0xca900000| Untracked 
|  78|0xcaa00000, 0xcaa00000, 0xcab00000|  0%| F|  |TAMS 0xcaa00000, 0xcaa00000| Untracked 
|  79|0xcab00000, 0xcab00000, 0xcac00000|  0%| F|  |TAMS 0xcab00000, 0xcab00000| Untracked 
|  80|0xcac00000, 0xcac00000, 0xcad00000|  0%| F|  |TAMS 0xcac00000, 0xcac00000| Untracked 
|  81|0xcad00000, 0xcad00000, 0xcae00000|  0%| F|  |TAMS 0xcad00000, 0xcad00000| Untracked 
|  82|0xcae00000, 0xcae00000, 0xcaf00000|  0%| F|  |TAMS 0xcae00000, 0xcae00000| Untracked 
|  83|0xcaf00000, 0xcaf00000, 0xcb000000|  0%| F|  |TAMS 0xcaf00000, 0xcaf00000| Untracked 
|  84|0xcb000000, 0xcb000000, 0xcb100000|  0%| F|  |TAMS 0xcb000000, 0xcb000000| Untracked 
|  85|0xcb100000, 0xcb100000, 0xcb200000|  0%| F|  |TAMS 0xcb100000, 0xcb100000| Untracked 
|  86|0xcb200000, 0xcb200000, 0xcb300000|  0%| F|  |TAMS 0xcb200000, 0xcb200000| Untracked 
|  87|0xcb300000, 0xcb300000, 0xcb400000|  0%| F|  |TAMS 0xcb300000, 0xcb300000| Untracked 
|  88|0xcb400000, 0xcb400000, 0xcb500000|  0%| F|  |TAMS 0xcb400000, 0xcb400000| Untracked 
|  89|0xcb500000, 0xcb500000, 0xcb600000|  0%| F|  |TAMS 0xcb500000, 0xcb500000| Untracked 
|  90|0xcb600000, 0xcb600000, 0xcb700000|  0%| F|  |TAMS 0xcb600000, 0xcb600000| Untracked 
|  91|0xcb700000, 0xcb700000, 0xcb800000|  0%| F|  |TAMS 0xcb700000, 0xcb700000| Untracked 
|  92|0xcb800000, 0xcb800000, 0xcb900000|  0%| F|  |TAMS 0xcb800000, 0xcb800000| Untracked 
|  93|0xcb900000, 0xcb900000, 0xcba00000|  0%| F|  |TAMS 0xcb900000, 0xcb900000| Untracked 
|  94|0xcba00000, 0xcba00000, 0xcbb00000|  0%| F|  |TAMS 0xcba00000, 0xcba00000| Untracked 
|  95|0xcbb00000, 0xcbb00000, 0xcbc00000|  0%| F|  |TAMS 0xcbb00000, 0xcbb00000| Untracked 
|  96|0xcbc00000, 0xcbc00000, 0xcbd00000|  0%| F|  |TAMS 0xcbc00000, 0xcbc00000| Untracked 
|  97|0xcbd00000, 0xcbd00000, 0xcbe00000|  0%| F|  |TAMS 0xcbd00000, 0xcbd00000| Untracked 
|  98|0xcbe00000, 0xcbe00000, 0xcbf00000|  0%| F|  |TAMS 0xcbe00000, 0xcbe00000| Untracked 
|  99|0xcbf00000, 0xcbf00000, 0xcc000000|  0%| F|  |TAMS 0xcbf00000, 0xcbf00000| Untracked 
| 100|0xcc000000, 0xcc000000, 0xcc100000|  0%| F|  |TAMS 0xcc000000, 0xcc000000| Untracked 
| 101|0xcc100000, 0xcc100000, 0xcc200000|  0%| F|  |TAMS 0xcc100000, 0xcc100000| Untracked 
| 102|0xcc200000, 0xcc200000, 0xcc300000|  0%| F|  |TAMS 0xcc200000, 0xcc200000| Untracked 
| 103|0xcc300000, 0xcc300000, 0xcc400000|  0%| F|  |TAMS 0xcc300000, 0xcc300000| Untracked 
| 104|0xcc400000, 0xcc400000, 0xcc500000|  0%| F|  |TAMS 0xcc400000, 0xcc400000| Untracked 
| 105|0xcc500000, 0xcc500000, 0xcc600000|  0%| F|  |TAMS 0xcc500000, 0xcc500000| Untracked 
| 106|0xcc600000, 0xcc600000, 0xcc700000|  0%| F|  |TAMS 0xcc600000, 0xcc600000| Untracked 
| 107|0xcc700000, 0xcc700000, 0xcc800000|  0%| F|  |TAMS 0xcc700000, 0xcc700000| Untracked 
| 108|0xcc800000, 0xcc893a40, 0xcc900000| 57%| S|CS|TAMS 0xcc800000, 0xcc800000| Complete 
| 109|0xcc900000, 0xcca00000, 0xcca00000|100%| S|CS|TAMS 0xcc900000, 0xcc900000| Complete 
| 110|0xcca00000, 0xcca00000, 0xccb00000|  0%| F|  |TAMS 0xcca00000, 0xcca00000| Untracked 
| 111|0xccb00000, 0xccb00000, 0xccc00000|  0%| F|  |TAMS 0xccb00000, 0xccb00000| Untracked 
| 112|0xccc00000, 0xccc00000, 0xccd00000|  0%| F|  |TAMS 0xccc00000, 0xccc00000| Untracked 
| 113|0xccd00000, 0xccd00000, 0xcce00000|  0%| F|  |TAMS 0xccd00000, 0xccd00000| Untracked 
| 114|0xcce00000, 0xcce00000, 0xccf00000|  0%| F|  |TAMS 0xcce00000, 0xcce00000| Untracked 
| 115|0xccf00000, 0xccf00000, 0xcd000000|  0%| F|  |TAMS 0xccf00000, 0xccf00000| Untracked 
| 116|0xcd000000, 0xcd000800, 0xcd100000|  0%| E|  |TAMS 0xcd000000, 0xcd000000| Complete 
| 117|0xcd100000, 0xcd200000, 0xcd200000|100%| E|CS|TAMS 0xcd100000, 0xcd100000| Complete 
| 118|0xcd200000, 0xcd300000, 0xcd300000|100%| E|CS|TAMS 0xcd200000, 0xcd200000| Complete 
| 119|0xcd300000, 0xcd400000, 0xcd400000|100%| E|CS|TAMS 0xcd300000, 0xcd300000| Complete 
| 120|0xcd400000, 0xcd500000, 0xcd500000|100%| E|CS|TAMS 0xcd400000, 0xcd400000| Complete 
| 121|0xcd500000, 0xcd600000, 0xcd600000|100%| E|CS|TAMS 0xcd500000, 0xcd500000| Complete 
| 122|0xcd600000, 0xcd700000, 0xcd700000|100%| E|CS|TAMS 0xcd600000, 0xcd600000| Complete 
| 123|0xcd700000, 0xcd800000, 0xcd800000|100%| E|CS|TAMS 0xcd700000, 0xcd700000| Complete 
| 124|0xcd800000, 0xcd900000, 0xcd900000|100%| E|CS|TAMS 0xcd800000, 0xcd800000| Complete 
| 125|0xcd900000, 0xcda00000, 0xcda00000|100%| E|CS|TAMS 0xcd900000, 0xcd900000| Complete 
| 126|0xcda00000, 0xcdb00000, 0xcdb00000|100%| E|CS|TAMS 0xcda00000, 0xcda00000| Complete 
| 127|0xcdb00000, 0xcdc00000, 0xcdc00000|100%| E|CS|TAMS 0xcdb00000, 0xcdb00000| Complete 

Card table byte_map: [0xc5a00000,0xc5b00000] _byte_map_base: 0xc53d2000

Marking Bits (Prev, Next): (CMBitMap*) 0xf5e8b528, (CMBitMap*) 0xf5e8b548
 Prev Bits: [0xc5100000, 0xc5900000)
 Next Bits: [0xc4900000, 0xc5100000)

Polling page: 0xf7f68000

Metaspace:

Usage:
    2.72 MB used.

Virtual space:
     16.00 MB reserved,       2.94 MB ( 18%) committed,  1 nodes.

Chunk freelists:
10.09 MB

MaxMetaspaceSize: 96.00 MB
No class space
Initial GC threshold: 16.00 MB
Current GC threshold: 16.00 MB
CDS: on
MetaspaceReclaimPolicy: balanced
 - commit_granule_bytes: 65536.
 - commit_granule_words: 16384.
 - virtual_space_node_default_size: 4194304.
 - enlarge_chunks_in_place: 1.
 - new_chunks_are_fully_committed: 0.
 - uncommit_free_chunks: 1.
 - use_allocation_guard: 0.
 - handle_deallocations: 1.


Internal statistics:

num_allocs_failed_limit: 0.
num_arena_births: 105.
num_arena_deaths: 0.
num_vsnodes_births: 1.
num_vsnodes_deaths: 0.
num_space_committed: 47.
num_space_uncommitted: 0.
num_chunks_returned_to_freelist: 0.
num_chunks_taken_from_freelist: 211.
num_chunk_merges: 0.
num_chunk_splits: 152.
num_chunks_enlarged: 103.
num_inconsistent_stats: 0.

CodeHeap 'non-profiled nmethods': size=120172Kb used=637Kb max_used=637Kb free=119535Kb
 bounds [0xed7f5000, 0xeda35000, 0xf4d50000]
CodeHeap 'profiled nmethods': size=120172Kb used=1790Kb max_used=1790Kb free=118381Kb
 bounds [0xe5d50000, 0xe5f90000, 0xed2ab000]
CodeHeap 'non-nmethods': size=5416Kb used=724Kb max_used=763Kb free=4691Kb
 bounds [0xed2ab000, 0xed4eb000, 0xed7f5000]
 total_blobs=1386 nmethods=1055 adapters=245
 compilation: enabled
              stopped_count=0, restarted_count=0
 full_count=0

Compilation events (20 events):
Event: 539.297 Thread 0xc429f450 1051       4       script.dictionary::put (49 bytes)
Event: 539.299 Thread 0xc429f450 nmethod 1051 0xed88fe08 code [0xed88ff40, 0xed89005c]
Event: 588.421 Thread 0xc429f450 1052       4       java.io.ObjectInputStream$BlockDataInputStream::readUTFBody (192 bytes)
Event: 588.528 Thread 0xc429f450 nmethod 1052 0xed890188 code [0xed890340, 0xed89143c]
Event: 632.423 Thread 0xc429f450 1053       4       java.lang.ref.SoftReference::get (29 bytes)
Event: 632.424 Thread 0xc429f450 nmethod 1053 0xed891d88 code [0xed891ea0, 0xed891f90]
Event: 646.457 Thread 0xc42a0580 1054       3       jdk.internal.logger.SurrogateLogger::defaultPlatformLevel (4 bytes)
Event: 646.457 Thread 0xc42a0580 nmethod 1054 0xe5f0f008 code [0xe5f0f120, 0xe5f0f220]
Event: 707.347 Thread 0xc429f450 1055   !   4       java.io.ObjectInputStream::readObject (160 bytes)
Event: 707.351 Thread 0xc429f450 nmethod 1055 0xed892088 code [0xed8921e0, 0xed8925c4]
Event: 709.415 Thread 0xc429f450 1056       4       java.lang.String::regionMatches (189 bytes)
Event: 709.419 Thread 0xc429f450 nmethod 1056 0xed892988 code [0xed892ac0, 0xed892e30]
Event: 797.496 Thread 0xc429f450 1057       4       java.io.ClassCache::get (56 bytes)
Event: 797.504 Thread 0xc429f450 nmethod 1057 0xed893108 code [0xed893260, 0xed893784]
Event: 856.382 Thread 0xc42a0580 1058       3       java.util.Objects::checkIndex (7 bytes)
Event: 856.383 Thread 0xc42a0580 nmethod 1058 0xe5f0f308 code [0xe5f0f440, 0xe5f0f5ec]
Event: 856.383 Thread 0xc42a0580 1059       3       jdk.internal.util.Preconditions::checkIndex (18 bytes)
Event: 856.383 Thread 0xc42a0580 nmethod 1059 0xe5f0f708 code [0xe5f0f840, 0xe5f0f9ac]
Event: 977.437 Thread 0xc429f450 1060       4       java.io.ObjectInputStream::skipCustomData (105 bytes)
Event: 977.443 Thread 0xc429f450 nmethod 1060 0xed893b88 code [0xed893ce0, 0xed8940a4]

GC Heap History (4 events):
Event: 25.555 GC heap before
{Heap before GC invocations=0 (full 0):
 garbage-first heap   total 131072K, used 12288K [0xc5c00000, 0xe5c00000)
  region size 1024K, 13 young (13312K), 0 survivors (0K)
 Metaspace       used 2152K, committed 2304K, reserved 16384K
}
Event: 25.801 GC heap after
{Heap after GC invocations=1 (full 0):
 garbage-first heap   total 131072K, used 2056K [0xc5c00000, 0xe5c00000)
  region size 1024K, 2 young (2048K), 2 survivors (2048K)
 Metaspace       used 2152K, committed 2304K, reserved 16384K
}
Event: 438.439 GC heap before
{Heap before GC invocations=1 (full 0):
 garbage-first heap   total 131072K, used 18440K [0xc5c00000, 0xe5c00000)
  region size 1024K, 18 young (18432K), 2 survivors (2048K)
 Metaspace       used 2775K, committed 3008K, reserved 16384K
}
Event: 438.481 GC heap after
{Heap after GC invocations=2 (full 0):
 garbage-first heap   total 131072K, used 3569K [0xc5c00000, 0xe5c00000)
  region size 1024K, 2 young (2048K), 2 survivors (2048K)
 Metaspace       used 2775K, committed 3008K, reserved 16384K
}

Dll operation events (4 events):
Event: 0.006 Loaded shared library /usr/lib/jvm/java-17-zulu-openjdk-jdk-x86/lib/libjava.so
Event: 63.143 Loaded shared library /usr/lib/jvm/java-17-zulu-openjdk-jdk-x86/lib/libnio.so
Event: 63.146 Loaded shared library /usr/lib/jvm/java-17-zulu-openjdk-jdk-x86/lib/libjimage.so
Event: 63.158 Loaded shared library /usr/lib/jvm/java-17-zulu-openjdk-jdk-x86/lib/libnet.so

Deoptimization events (20 events):
Event: 459.921 Thread 0x0ba34820 Uncommon trap: trap_request=0xffffffde fr.pc=0xed882e54 relative=0x00002814
Event: 459.921 Thread 0x0ba34820 Uncommon trap: reason=class_check action=maybe_recompile pc=0xed882e54 method=java.lang.reflect.Array.newInstance(Ljava/lang/Class;I)Ljava/lang/Object; @ 2 c2
Event: 459.921 Thread 0x0ba34820 DEOPT PACKING pc=0xed882e54 sp=0xffdac010
Event: 459.921 Thread 0x0ba34820 DEOPT UNPACKING pc=0xed2f4d33 sp=0xffdabfe8 mode 2
Event: 459.921 Thread 0x0ba34820 Uncommon trap: trap_request=0xffffffd6 fr.pc=0xed882b40 relative=0x00002500
Event: 459.921 Thread 0x0ba34820 Uncommon trap: reason=array_check action=maybe_recompile pc=0xed882b40 method=java.io.ObjectInputStream.readArray(Z)Ljava/lang/Object; @ 392 c2
Event: 459.921 Thread 0x0ba34820 DEOPT PACKING pc=0xed882b40 sp=0xffdac010
Event: 459.921 Thread 0x0ba34820 DEOPT UNPACKING pc=0xed2f4d33 sp=0xffdac018 mode 2
Event: 459.921 Thread 0x0ba34820 Uncommon trap: trap_request=0xffffffd6 fr.pc=0xed882b40 relative=0x00002500
Event: 459.921 Thread 0x0ba34820 Uncommon trap: reason=array_check action=maybe_recompile pc=0xed882b40 method=java.io.ObjectInputStream.readArray(Z)Ljava/lang/Object; @ 392 c2
Event: 459.921 Thread 0x0ba34820 DEOPT PACKING pc=0xed882b40 sp=0xffdac010
Event: 459.921 Thread 0x0ba34820 DEOPT UNPACKING pc=0xed2f4d33 sp=0xffdac018 mode 2
Event: 459.921 Thread 0x0ba34820 Uncommon trap: trap_request=0xffffffd6 fr.pc=0xed882b40 relative=0x00002500
Event: 459.921 Thread 0x0ba34820 Uncommon trap: reason=array_check action=maybe_recompile pc=0xed882b40 method=java.io.ObjectInputStream.readArray(Z)Ljava/lang/Object; @ 392 c2
Event: 459.921 Thread 0x0ba34820 DEOPT PACKING pc=0xed882b40 sp=0xffdac010
Event: 459.921 Thread 0x0ba34820 DEOPT UNPACKING pc=0xed2f4d33 sp=0xffdac018 mode 2
Event: 459.921 Thread 0x0ba34820 Uncommon trap: trap_request=0xffffffd6 fr.pc=0xed882b40 relative=0x00002500
Event: 459.921 Thread 0x0ba34820 Uncommon trap: reason=array_check action=maybe_recompile pc=0xed882b40 method=java.io.ObjectInputStream.readArray(Z)Ljava/lang/Object; @ 392 c2
Event: 459.921 Thread 0x0ba34820 DEOPT PACKING pc=0xed882b40 sp=0xffdac010
Event: 459.921 Thread 0x0ba34820 DEOPT UNPACKING pc=0xed2f4d33 sp=0xffdac018 mode 2

Classes unloaded (0 events):
No events

Classes redefined (0 events):
No events

Internal exceptions (3 events):
Event: 26.013 Thread 0x0ba34820 Exception <a 'java/lang/NoSuchMethodError'{0xcdbb1c38}: 'java.lang.Object java.lang.invoke.DirectMethodHandle$Holder.invokeStatic(java.lang.Object, float)'> (0xcdbb1c38) 
thrown [src/hotspot/share/interpreter/linkResolver.cpp, line 759]
Event: 63.214 Thread 0x0ba34820 Exception <a 'java/lang/NoSuchMethodError'{0xcd380370}: 'java.lang.Object java.lang.invoke.DirectMethodHandle$Holder.invokeStaticInit(java.lang.Object)'> (0xcd380370) 
thrown [src/hotspot/share/interpreter/linkResolver.cpp, line 759]
Event: 63.303 Thread 0x0ba34820 Implicit null exception at 0xed8414bf to 0xed8416f5

VM Operations (20 events):
Event: 354.547 Executing VM operation: Cleanup
Event: 354.547 Executing VM operation: Cleanup done
Event: 361.569 Executing VM operation: Cleanup
Event: 361.569 Executing VM operation: Cleanup done
Event: 362.569 Executing VM operation: Cleanup
Event: 362.569 Executing VM operation: Cleanup done
Event: 368.571 Executing VM operation: Cleanup
Event: 368.571 Executing VM operation: Cleanup done
Event: 417.594 Executing VM operation: Cleanup
Event: 417.594 Executing VM operation: Cleanup done
Event: 438.439 Executing VM operation: G1CollectForAllocation
Event: 438.481 Executing VM operation: G1CollectForAllocation done
Event: 463.492 Executing VM operation: Cleanup
Event: 463.492 Executing VM operation: Cleanup done
Event: 498.506 Executing VM operation: Cleanup
Event: 498.506 Executing VM operation: Cleanup done
Event: 515.511 Executing VM operation: Cleanup
Event: 515.511 Executing VM operation: Cleanup done
Event: 647.600 Executing VM operation: Cleanup
Event: 647.600 Executing VM operation: Cleanup done

Events (20 events):
Event: 63.298 loading class java/io/ObjectStreamClass$ClassDataSlot done
Event: 63.298 loading class java/io/ObjectInputStream$FieldValues
Event: 63.298 loading class java/io/ObjectInputStream$GetField
Event: 63.298 loading class java/io/ObjectInputStream$GetField done
Event: 63.298 loading class java/io/ObjectInputStream$FieldValues done
Event: 63.298 loading class java/io/SerialCallbackContext
Event: 63.298 loading class java/io/SerialCallbackContext done
Event: 63.302 loading class java/io/ObjectOutputStream$BlockDataOutputStream
Event: 63.302 loading class java/io/ObjectOutputStream$BlockDataOutputStream done
Event: 63.303 loading class java/io/DataOutputStream
Event: 63.303 loading class java/io/DataOutputStream done
Event: 63.303 loading class java/io/ObjectOutputStream$HandleTable
Event: 63.303 loading class java/io/ObjectOutputStream$HandleTable done
Event: 63.303 loading class java/io/ObjectOutputStream$ReplaceTable
Event: 63.303 loading class java/io/ObjectOutputStream$ReplaceTable done
Event: 109.420 loading class java/io/ObjectStreamClass$ExceptionInfo
Event: 109.420 loading class java/io/ObjectStreamClass$ExceptionInfo done
Event: 991.797 Thread 0x0ba34820 Thread exited: 0x0ba34820
Event: 991.826 Thread 0xf5e242d0 Thread exited: 0xf5e242d0
Event: 991.826 Thread 0xc429bff0 Thread exited: 0xc429bff0


Dynamic libraries:
08048000-09298000 r-xp 00000000 08:04 494947248                          /home/almalinux/swg-returns-nge/build/bin/SwgGameServer
09298000-0929c000 rw-p 0124f000 08:04 494947248                          /home/almalinux/swg-returns-nge/build/bin/SwgGameServer
0929c000-09b1f000 rw-p 00000000 00:00 0 
0a36f000-0d916000 rw-p 00000000 00:00 0                                  [heap]
c0700000-c07f9000 rw-p 00000000 00:00 0 
c07f9000-c0800000 ---p 00000000 00:00 0 
c0900000-c09f3000 rw-p 00000000 00:00 0 
c09f3000-c0a00000 ---p 00000000 00:00 0 
c0b00000-c0bfa000 rw-p 00000000 00:00 0 
c0bfa000-c0c00000 ---p 00000000 00:00 0 
c0c00000-c0cf1000 rw-p 00000000 00:00 0 
c0cf1000-c0d00000 ---p 00000000 00:00 0 
c0d00000-c0dfe000 rw-p 00000000 00:00 0 
c0dfe000-c0e00000 ---p 00000000 00:00 0 
c0e00000-c0e72000 rw-p 00000000 00:00 0 
c0e72000-c0f00000 ---p 00000000 00:00 0 
c0f00000-c0ffe000 rw-p 00000000 00:00 0 
c0ffe000-c1000000 ---p 00000000 00:00 0 
c107f000-c1083000 ---p 00000000 00:00 0 
c1083000-c1100000 rw-p 00000000 00:00 0 
c1100000-c11f9000 rw-p 00000000 00:00 0 
c11f9000-c1200000 ---p 00000000 00:00 0 
c127f000-c1280000 ---p 00000000 00:00 0 
c1280000-c1300000 rw-p 00000000 00:00 0 
c1300000-c13ef000 rw-p 00000000 00:00 0 
c13ef000-c1400000 ---p 00000000 00:00 0 
c1439000-c143a000 ---p 00000000 00:00 0 
c143a000-c14ba000 rw-p 00000000 00:00 0 
c14ba000-c14be000 ---p 00000000 00:00 0 
c14be000-c153b000 rw-p 00000000 00:00 0 
c173d000-c1741000 ---p 00000000 00:00 0 
c1741000-c17fe000 rw-p 00000000 00:00 0 
c17fe000-c1802000 ---p 00000000 00:00 0 
c1802000-c18bf000 rw-p 00000000 00:00 0 
c18bf000-c18c0000 ---p 00000000 00:00 0 
c18c0000-c1940000 rw-p 00000000 00:00 0 
c1940000-c1944000 ---p 00000000 00:00 0 
c1944000-c1a01000 rw-p 00000000 00:00 0 
c1a01000-c1a05000 ---p 00000000 00:00 0 
c1a05000-c1ac2000 rw-p 00000000 00:00 0 
c1ac2000-c1ac6000 ---p 00000000 00:00 0 
c1ac6000-c1b43000 rw-p 00000000 00:00 0 
c1b43000-c1b47000 ---p 00000000 00:00 0 
c1b47000-c1c04000 rw-p 00000000 00:00 0 
c1c04000-c1c08000 ---p 00000000 00:00 0 
c1c08000-c1cc5000 rw-p 00000000 00:00 0 
c1cc5000-c1cc9000 ---p 00000000 00:00 0 
c1cc9000-c1d86000 rw-p 00000000 00:00 0 
c1d86000-c2000000 r--p 00078000 08:04 535181                             /usr/lib/locale/locale-archive
c2000000-c2100000 rw-p 00000000 00:00 0 
c2100000-c2400000 ---p 00000000 00:00 0 
c2400000-c25f0000 rw-p 00000000 00:00 0 
c25f0000-c3000000 ---p 00000000 00:00 0 
c307e000-c327e000 r--p 00000000 08:04 535181                             /usr/lib/locale/locale-archive
c327e000-c3282000 ---p 00000000 00:00 0 
c3282000-c333f000 rw-p 00000000 00:00 0 
c333f000-c3343000 ---p 00000000 00:00 0 
c3343000-c3400000 rw-p 00000000 00:00 0 
c3400000-c3421000 rw-p 00000000 00:00 0 
c3421000-c3500000 ---p 00000000 00:00 0 
c3531000-c3535000 ---p 00000000 00:00 0 
c3535000-c35b2000 rw-p 00000000 00:00 0 
c35b2000-c35b3000 ---p 00000000 00:00 0 
c35b3000-c3633000 rw-p 00000000 00:00 0 
c3633000-c3f00000 rw-p 00001000 08:04 143240867                          /usr/lib/jvm/java-17-zulu-openjdk-jdk-x86/lib/server/classes.jsa
c3f00000-c3f21000 rw-p 00000000 00:00 0 
c3f21000-c4000000 ---p 00000000 00:00 0 
c407f000-c4080000 ---p 00000000 00:00 0 
c4080000-c4100000 rw-p 00000000 00:00 0 
c4100000-c4121000 rw-p 00000000 00:00 0 
c4121000-c4200000 ---p 00000000 00:00 0 
c4200000-c42d2000 rw-p 00000000 00:00 0 
c42d2000-c4300000 ---p 00000000 00:00 0 
c437f000-c4380000 ---p 00000000 00:00 0 
c4380000-c4400000 rw-p 00000000 00:00 0 
c4400000-c4421000 rw-p 00000000 00:00 0 
c4421000-c4500000 ---p 00000000 00:00 0 
c457f000-c4580000 ---p 00000000 00:00 0 
c4580000-c4600000 rw-p 00000000 00:00 0 
c4600000-c46fa000 rw-p 00000000 00:00 0 
c46fa000-c4700000 ---p 00000000 00:00 0 
c4700000-c47fd000 rw-p 00000000 00:00 0 
c47fd000-c4800000 ---p 00000000 00:00 0 
c487f000-c4880000 ---p 00000000 00:00 0 
c4880000-c4b00000 rw-p 00000000 00:00 0 
c4b00000-c5100000 ---p 00000000 00:00 0 
c5100000-c5300000 rw-p 00000000 00:00 0 
c5300000-c5900000 ---p 00000000 00:00 0 
c5900000-c5940000 rw-p 00000000 00:00 0 
c5940000-c5a00000 ---p 00000000 00:00 0 
c5a00000-c5a40000 rw-p 00000000 00:00 0 
c5a40000-c5b00000 ---p 00000000 00:00 0 
c5b00000-c5b40000 rw-p 00000000 00:00 0 
c5b40000-c5c00000 ---p 00000000 00:00 0 
c5c00000-cdc00000 rw-p 00000000 00:00 0 
cdc00000-e5c00000 ---p 00000000 00:00 0 
e5c65000-e5c6a000 rw-p 00000000 00:00 0 
e5c6a000-e5d50000 ---p 00000000 00:00 0 
e5d50000-e5f90000 rwxp 00000000 00:00 0 
e5f90000-ed2ab000 ---p 00000000 00:00 0 
ed2ab000-ed4eb000 rwxp 00000000 00:00 0 
ed4eb000-ed7f5000 ---p 00000000 00:00 0 
ed7f5000-eda35000 rwxp 00000000 00:00 0 
eda35000-f4d50000 ---p 00000000 00:00 0 
f4d50000-f4eb8000 r--s 00000000 08:04 117534333                          /usr/lib/jvm/java-17-zulu-openjdk-jdk-x86/lib/modules
f4eb8000-f5d5a000 r-xp 00000000 08:04 143240869                          /usr/lib/jvm/java-17-zulu-openjdk-jdk-x86/lib/server/libjvm.so
f5d5a000-f5daf000 r--p 00ea1000 08:04 143240869                          /usr/lib/jvm/java-17-zulu-openjdk-jdk-x86/lib/server/libjvm.so
f5daf000-f5dd0000 rw-p 00ef6000 08:04 143240869                          /usr/lib/jvm/java-17-zulu-openjdk-jdk-x86/lib/server/libjvm.so
f5dd0000-f5e00000 rw-p 00000000 00:00 0 
f5e00000-f5f00000 rw-p 00000000 00:00 0 
f5f2d000-f5f2e000 ---p 00000000 00:00 0 
f5f2e000-f5fae000 rw-p 00000000 00:00 0 
f5fae000-f5faf000 ---p 00000000 00:00 0 
f5faf000-f5fb3000 ---p 00000000 00:00 0 
f5fb3000-f6b27000 rw-p 00000000 00:00 0 
f6b33000-f6b48000 r-xp 00000000 08:04 117534323                          /usr/lib/jvm/java-17-zulu-openjdk-jdk-x86/lib/libnet.so
f6b48000-f6b49000 r--p 00014000 08:04 117534323                          /usr/lib/jvm/java-17-zulu-openjdk-jdk-x86/lib/libnet.so
f6b49000-f6b4a000 rw-p 00015000 08:04 117534323                          /usr/lib/jvm/java-17-zulu-openjdk-jdk-x86/lib/libnet.so
f6b4a000-f6b4f000 rw-p 00000000 00:00 0 
f6b4f000-f6c35000 ---p 00000000 00:00 0 
f6e6f000-f6e81000 r-xp 00000000 08:04 117534324                          /usr/lib/jvm/java-17-zulu-openjdk-jdk-x86/lib/libnio.so
f6e81000-f6e82000 r--p 00011000 08:04 117534324                          /usr/lib/jvm/java-17-zulu-openjdk-jdk-x86/lib/libnio.so
f6e82000-f6e83000 rw-p 00012000 08:04 117534324                          /usr/lib/jvm/java-17-zulu-openjdk-jdk-x86/lib/libnio.so
f6e83000-f6eac000 rw-p 00000000 00:00 0 
f6eac000-f6ecf000 r-xp 00000000 08:04 117534310                          /usr/lib/jvm/java-17-zulu-openjdk-jdk-x86/lib/libjava.so
f6ecf000-f6ed0000 r--p 00022000 08:04 117534310                          /usr/lib/jvm/java-17-zulu-openjdk-jdk-x86/lib/libjava.so
f6ed0000-f6ed1000 rw-p 00023000 08:04 117534310                          /usr/lib/jvm/java-17-zulu-openjdk-jdk-x86/lib/libjava.so
f6ed1000-f6edd000 r-xp 00000000 08:04 16831767                           /usr/lib/libnss_files-2.28.so
f6edd000-f6ede000 r--p 0000b000 08:04 16831767                           /usr/lib/libnss_files-2.28.so
f6ede000-f6edf000 rw-p 0000c000 08:04 16831767                           /usr/lib/libnss_files-2.28.so
f6edf000-f6ee5000 rw-p 00000000 00:00 0 
f6eeb000-f6ef0000 rw-p 00000000 00:00 0 
f6ef0000-f6ef6000 ---p 00000000 00:00 0 
f6ef6000-f6f11000 r-xp 00000000 08:04 117534314                          /usr/lib/jvm/java-17-zulu-openjdk-jdk-x86/lib/libjimage.so
f6f11000-f6f12000 ---p 0001b000 08:04 117534314                          /usr/lib/jvm/java-17-zulu-openjdk-jdk-x86/lib/libjimage.so
f6f12000-f6f13000 r--p 0001b000 08:04 117534314                          /usr/lib/jvm/java-17-zulu-openjdk-jdk-x86/lib/libjimage.so
f6f13000-f6f14000 rw-p 0001c000 08:04 117534314                          /usr/lib/jvm/java-17-zulu-openjdk-jdk-x86/lib/libjimage.so
f6f14000-f6f18000 rw-p 00000000 00:00 0 
f6f18000-f6fa0000 r-xp 00000000 08:04 17191875                           /usr/lib/libpcre2-8.so.0.7.1
f6fa0000-f6fa1000 r--p 00087000 08:04 17191875                           /usr/lib/libpcre2-8.so.0.7.1
f6fa1000-f6fa2000 rw-p 00088000 08:04 17191875                           /usr/lib/libpcre2-8.so.0.7.1
f6fa2000-f6fc2000 r-xp 00000000 08:04 17021543                           /usr/lib/libcrypt.so.1.1.0
f6fc2000-f6fc3000 ---p 00020000 08:04 17021543                           /usr/lib/libcrypt.so.1.1.0
f6fc3000-f6fc4000 r--p 00020000 08:04 17021543                           /usr/lib/libcrypt.so.1.1.0
f6fc4000-f6fcd000 rw-p 00000000 00:00 0 
f6fcd000-f6ff8000 r-xp 00000000 08:04 17191887                           /usr/lib/libselinux.so.1
f6ff8000-f6ff9000 ---p 0002b000 08:04 17191887                           /usr/lib/libselinux.so.1
f6ff9000-f6ffa000 r--p 0002b000 08:04 17191887                           /usr/lib/libselinux.so.1
f6ffa000-f6ffb000 rw-p 0002c000 08:04 17191887                           /usr/lib/libselinux.so.1
f6ffb000-f6ffc000 rw-p 00000000 00:00 0 
f6ffc000-f701b000 r-xp 00000000 08:04 18866589                           /usr/lib/libbrotlicommon.so.1.0.6
f701b000-f701c000 r--p 0001e000 08:04 18866589                           /usr/lib/libbrotlicommon.so.1.0.6
f701c000-f701d000 rw-p 0001f000 08:04 18866589                           /usr/lib/libbrotlicommon.so.1.0.6
f701d000-f703b000 r-xp 00000000 08:04 17191915                           /usr/lib/libsasl2.so.3.0.0
f703b000-f703c000 ---p 0001e000 08:04 17191915                           /usr/lib/libsasl2.so.3.0.0
f703c000-f703d000 r--p 0001e000 08:04 17191915                           /usr/lib/libsasl2.so.3.0.0
f703d000-f703e000 rw-p 0001f000 08:04 17191915                           /usr/lib/libsasl2.so.3.0.0
f703e000-f7040000 rw-p 00000000 00:00 0 
f7040000-f7054000 r-xp 00000000 08:04 16831772                           /usr/lib/libresolv-2.28.so
f7054000-f7055000 ---p 00014000 08:04 16831772                           /usr/lib/libresolv-2.28.so
f7055000-f7056000 r--p 00014000 08:04 16831772                           /usr/lib/libresolv-2.28.so
f7056000-f7057000 rw-p 00015000 08:04 16831772                           /usr/lib/libresolv-2.28.so
f7057000-f7059000 rw-p 00000000 00:00 0 
f7059000-f705c000 r-xp 00000000 08:04 17191893                           /usr/lib/libkeyutils.so.1.6
f705c000-f705d000 ---p 00003000 08:04 17191893                           /usr/lib/libkeyutils.so.1.6
f705d000-f705e000 r--p 00003000 08:04 17191893                           /usr/lib/libkeyutils.so.1.6
f705e000-f705f000 rw-p 00000000 00:00 0 
f705f000-f706f000 r-xp 00000000 08:04 17021560                           /usr/lib/libkrb5support.so.0.1
f706f000-f7070000 r--p 0000f000 08:04 17021560                           /usr/lib/libkrb5support.so.0.1
f7070000-f7071000 rw-p 00010000 08:04 17021560                           /usr/lib/libkrb5support.so.0.1
f7071000-f7079000 r-xp 00000000 08:04 16831774                           /usr/lib/librt-2.28.so
f7079000-f707a000 r--p 00007000 08:04 16831774                           /usr/lib/librt-2.28.so
f707a000-f707b000 rw-p 00008000 08:04 16831774                           /usr/lib/librt-2.28.so
f707b000-f71fa000 r-xp 00000000 08:04 17021545                           /usr/lib/libunistring.so.2.1.0
f71fa000-f71fb000 ---p 0017f000 08:04 17021545                           /usr/lib/libunistring.so.2.1.0
f71fb000-f71fd000 r--p 0017f000 08:04 17021545                           /usr/lib/libunistring.so.2.1.0
f71fd000-f71fe000 rw-p 00181000 08:04 17021545                           /usr/lib/libunistring.so.2.1.0
f71fe000-f7228000 r-xp 00000000 08:04 18654292                           /usr/lib/liblzma.so.5.2.4
f7228000-f7229000 r--p 00029000 08:04 18654292                           /usr/lib/liblzma.so.5.2.4
f7229000-f722a000 rw-p 00000000 00:00 0 
f722a000-f7236000 r-xp 00000000 08:04 17191936                           /usr/lib/libbrotlidec.so.1.0.6
f7236000-f7237000 r--p 0000b000 08:04 17191936                           /usr/lib/libbrotlidec.so.1.0.6
f7237000-f7238000 rw-p 00000000 00:00 0 
f7238000-f7247000 r-xp 00000000 08:04 17191918                           /usr/lib/liblber-2.4.so.2.10.9
f7247000-f7248000 r--p 0000e000 08:04 17191918                           /usr/lib/liblber-2.4.so.2.10.9
f7248000-f7249000 rw-p 0000f000 08:04 17191918                           /usr/lib/liblber-2.4.so.2.10.9
f7249000-f729e000 r-xp 00000000 08:04 17191920                           /usr/lib/libldap-2.4.so.2.10.9
f729e000-f729f000 ---p 00055000 08:04 17191920                           /usr/lib/libldap-2.4.so.2.10.9
f729f000-f72a0000 r--p 00055000 08:04 17191920                           /usr/lib/libldap-2.4.so.2.10.9
f72a0000-f72a1000 rw-p 00056000 08:04 17191920                           /usr/lib/libldap-2.4.so.2.10.9
f72a1000-f72a3000 rw-p 00000000 00:00 0 
f72a3000-f72a6000 r-xp 00000000 08:04 16994899                           /usr/lib/libcom_err.so.2.1
f72a6000-f72a7000 r--p 00002000 08:04 16994899                           /usr/lib/libcom_err.so.2.1
f72a7000-f72a8000 rw-p 00003000 08:04 16994899                           /usr/lib/libcom_err.so.2.1
f72a8000-f72be000 r-xp 00000000 08:04 17021552                           /usr/lib/libk5crypto.so.3.1
f72be000-f72bf000 ---p 00016000 08:04 17021552                           /usr/lib/libk5crypto.so.3.1
f72bf000-f72c0000 r--p 00016000 08:04 17021552                           /usr/lib/libk5crypto.so.3.1
f72c0000-f72c1000 rw-p 00017000 08:04 17021552                           /usr/lib/libk5crypto.so.3.1
f72c1000-f73a4000 r-xp 00000000 08:04 17021558                           /usr/lib/libkrb5.so.3.3
f73a4000-f73ab000 r--p 000e2000 08:04 17021558                           /usr/lib/libkrb5.so.3.3
f73ab000-f73ac000 rw-p 000e9000 08:04 17021558                           /usr/lib/libkrb5.so.3.3
f73ac000-f7407000 r-xp 00000000 08:04 17021548                           /usr/lib/libgssapi_krb5.so.2.2
f7407000-f7409000 r--p 0005a000 08:04 17021548                           /usr/lib/libgssapi_krb5.so.2.2
f7409000-f740a000 rw-p 0005c000 08:04 17021548                           /usr/lib/libgssapi_krb5.so.2.2
f740a000-f76bb000 r-xp 00000000 08:04 18627877                           /usr/lib/libcrypto.so.1.1.1k
f76bb000-f76d4000 r--p 002b0000 08:04 18627877                           /usr/lib/libcrypto.so.1.1.1k
f76d4000-f76d6000 rw-p 002c9000 08:04 18627877                           /usr/lib/libcrypto.so.1.1.1k
f76d6000-f76da000 rw-p 00000000 00:00 0 
f76da000-f776c000 r-xp 00000000 08:04 18627879                           /usr/lib/libssl.so.1.1.1k
f776c000-f7772000 r--p 00091000 08:04 18627879                           /usr/lib/libssl.so.1.1.1k
f7772000-f7776000 rw-p 00097000 08:04 18627879                           /usr/lib/libssl.so.1.1.1k
f7776000-f7786000 r-xp 00000000 08:04 18660120                           /usr/lib/libpsl.so.5.3.1
f7786000-f7787000 r--p 0000f000 08:04 18660120                           /usr/lib/libpsl.so.5.3.1
f7787000-f7788000 rw-p 00000000 00:00 0 
f7788000-f7805000 r-xp 00000000 08:04 16994901                           /usr/lib/libssh.so.4.8.7
f7805000-f7806000 ---p 0007d000 08:04 16994901                           /usr/lib/libssh.so.4.8.7
f7806000-f7807000 r--p 0007d000 08:04 16994901                           /usr/lib/libssh.so.4.8.7
f7807000-f7808000 rw-p 0007e000 08:04 16994901                           /usr/lib/libssh.so.4.8.7
f7808000-f7825000 r-xp 00000000 08:04 17040588                           /usr/lib/libidn2.so.0.3.6
f7825000-f7826000 r--p 0001c000 08:04 17040588                           /usr/lib/libidn2.so.0.3.6
f7826000-f7827000 rw-p 00000000 00:00 0 
f7827000-f784f000 r-xp 00000000 08:04 17191891                           /usr/lib/libnghttp2.so.14.17.0
f784f000-f7850000 r--p 00027000 08:04 17191891                           /usr/lib/libnghttp2.so.14.17.0
f7850000-f7852000 rw-p 00028000 08:04 17191891                           /usr/lib/libnghttp2.so.14.17.0
f7852000-f79f4000 r-xp 00000000 08:04 16831756                           /usr/lib/libc-2.28.so
f79f4000-f79f5000 ---p 001a2000 08:04 16831756                           /usr/lib/libc-2.28.so
f79f5000-f79f7000 r--p 001a2000 08:04 16831756                           /usr/lib/libc-2.28.so
f79f7000-f79f8000 rw-p 001a4000 08:04 16831756                           /usr/lib/libc-2.28.so
f79f8000-f79fd000 rw-p 00000000 00:00 0 
f79fd000-f7a18000 r-xp 00000000 08:04 16985139                           /usr/lib/libgcc_s-8-20210514.so.1
f7a18000-f7a19000 r--p 0001a000 08:04 16985139                           /usr/lib/libgcc_s-8-20210514.so.1
f7a19000-f7a1a000 rw-p 0001b000 08:04 16985139                           /usr/lib/libgcc_s-8-20210514.so.1
f7a1a000-f7aea000 r-xp 00000000 08:04 16831760                           /usr/lib/libm-2.28.so
f7aea000-f7aeb000 r--p 000cf000 08:04 16831760                           /usr/lib/libm-2.28.so
f7aeb000-f7aec000 rw-p 000d0000 08:04 16831760                           /usr/lib/libm-2.28.so
f7aec000-f7c75000 r-xp 00000000 08:04 16985145                           /usr/lib/libstdc++.so.6.0.25
f7c75000-f7c76000 ---p 00189000 08:04 16985145                           /usr/lib/libstdc++.so.6.0.25
f7c76000-f7c7c000 r--p 00189000 08:04 16985145                           /usr/lib/libstdc++.so.6.0.25
f7c7c000-f7c7d000 rw-p 0018f000 08:04 16985145                           /usr/lib/libstdc++.so.6.0.25
f7c7d000-f7c7f000 rw-p 00000000 00:00 0 
f7c7f000-f7c96000 r-xp 00000000 08:04 16963437                           /usr/lib/libz.so.1.2.11
f7c96000-f7c97000 ---p 00017000 08:04 16963437                           /usr/lib/libz.so.1.2.11
f7c97000-f7c98000 r--p 00017000 08:04 16963437                           /usr/lib/libz.so.1.2.11
f7c98000-f7c99000 rw-p 00000000 00:00 0 
f7c99000-f7e16000 r-xp 00000000 08:04 16963397                           /usr/lib/libxml2.so.2.9.7
f7e16000-f7e1b000 r--p 0017c000 08:04 16963397                           /usr/lib/libxml2.so.2.9.7
f7e1b000-f7e1c000 rw-p 00181000 08:04 16963397                           /usr/lib/libxml2.so.2.9.7
f7e1c000-f7e1d000 rw-p 00000000 00:00 0 
f7e1d000-f7e39000 r-xp 00000000 08:04 16831770                           /usr/lib/libpthread-2.28.so
f7e39000-f7e3a000 r--p 0001b000 08:04 16831770                           /usr/lib/libpthread-2.28.so
f7e3a000-f7e3b000 rw-p 0001c000 08:04 16831770                           /usr/lib/libpthread-2.28.so
f7e3b000-f7e3d000 rw-p 00000000 00:00 0 
f7e3d000-f7eb1000 r-xp 00000000 08:04 16818911                           /usr/lib/libpcre.so.1.2.10
f7eb1000-f7eb2000 ---p 00074000 08:04 16818911                           /usr/lib/libpcre.so.1.2.10
f7eb2000-f7eb3000 r--p 00074000 08:04 16818911                           /usr/lib/libpcre.so.1.2.10
f7eb3000-f7eb4000 rw-p 00075000 08:04 16818911                           /usr/lib/libpcre.so.1.2.10
f7eb4000-f7eb7000 r-xp 00000000 08:04 16831758                           /usr/lib/libdl-2.28.so
f7eb7000-f7eb8000 r--p 00002000 08:04 16831758                           /usr/lib/libdl-2.28.so
f7eb8000-f7eb9000 rw-p 00003000 08:04 16831758                           /usr/lib/libdl-2.28.so
f7eb9000-f7f56000 r-xp 00000000 08:04 16994905                           /usr/lib/libcurl.so.4.5.0
f7f56000-f7f58000 r--p 0009c000 08:04 16994905                           /usr/lib/libcurl.so.4.5.0
f7f58000-f7f59000 rw-p 0009e000 08:04 16994905                           /usr/lib/libcurl.so.4.5.0
f7f59000-f7f60000 r--s 00000000 08:04 176632422                          /usr/lib/gconv/gconv-modules.cache
f7f60000-f7f68000 rw-s 00000000 08:04 151636379                          /tmp/hsperfdata_almalinux/364066 (deleted)
f7f68000-f7f69000 ---p 00000000 00:00 0 
f7f69000-f7f6a000 r--p 00000000 00:00 0 
f7f6a000-f7f6c000 rw-p 00000000 00:00 0 
f7f6c000-f7f70000 r--p 00000000 00:00 0                                  [vvar]
f7f70000-f7f72000 r-xp 00000000 00:00 0                                  [vdso]
f7f72000-f7fa1000 r-xp 00000000 08:04 16831749                           /usr/lib/ld-2.28.so
f7fa1000-f7fa2000 ---p 00000000 00:00 0 
f7fa2000-f7fa3000 r--p 0002f000 08:04 16831749                           /usr/lib/ld-2.28.so
f7fa3000-f7fa4000 rw-p 00030000 08:04 16831749                           /usr/lib/ld-2.28.so
ffbec000-ffbed000 rwxp 00000000 00:00 0 
ffcf5000-ffdb1000 rw-p 00000000 00:00 0                                  [stack]


VM Arguments:
jvm_args: -Xms128m -Xmx512m -Xss768k -XX:MaxMetaspaceSize=96m -Xrs -XX:-UsePerfData -XX:-AllowUserSignalHandlers -XX:UseSSE=3 -XX+DoEscapeAnalysis -XX:AutoBoxCacheMax:2000 -XX:+OptimizeStringConcat -XX:+OptimizeFill -XX:+EliminateAutoBox -XX:+UseCompressedStrings -XX:+UseCompressedOops -XX:+EliminateLocks -XX:UseFastAccessorMethods -XX:+UseStringCache -XgcPrio:throughput -XXkeepAreaRatio:1 -XXlazyUnlocking -XXcallProfiling -XXcompactRatio:1 
java_command: <unknown>
java_class_path (initial): ../../data/sku.0/sys.server/compiled/game/
Launcher Type: generic

[Global flags]
     intx CICompilerCount                          = 3                                         {product} {ergonomic}
     uint ConcGCThreads                            = 1                                         {product} {ergonomic}
     uint G1ConcRefinementThreads                  = 4                                         {product} {ergonomic}
   size_t G1HeapRegionSize                         = 1048576                                   {product} {ergonomic}
    uintx GCDrainStackTargetSize                   = 64                                        {product} {ergonomic}
   size_t InitialHeapSize                          = 134217728                                 {product} {command line}
   size_t MarkStackSize                            = 32768                                     {product} {ergonomic}
   size_t MaxHeapSize                              = 536870912                                 {product} {command line}
   size_t MaxMetaspaceSize                         = 100663296                                 {product} {command line}
   size_t MaxNewSize                               = 321912832                                 {product} {ergonomic}
   size_t MinHeapDeltaBytes                        = 1048576                                   {product} {ergonomic}
   size_t MinHeapSize                              = 134217728                                 {product} {command line}
    uintx NonNMethodCodeHeapSize                   = 5544422                                {pd product} {ergonomic}
    uintx NonProfiledCodeHeapSize                  = 123056909                              {pd product} {ergonomic}
    uintx ProfiledCodeHeapSize                     = 123056909                              {pd product} {ergonomic}
    uintx ReservedCodeCacheSize                    = 251658240                              {pd product} {ergonomic}
     bool SegmentedCodeCache                       = true                                      {product} {ergonomic}
   size_t SoftMaxHeapSize                          = 536870912                              {manageable} {ergonomic}
   double SweeperThreshold                         = 0.500000                                  {product} {ergonomic}
     intx ThreadStackSize                          = 768                                    {pd product} {command line}
     bool UseG1GC                                  = true                                      {product} {ergonomic}

Logging:
Log output configuration:
 #0: stdout all=off uptime,level,tags
 #1: stderr all=off uptime,level,tags

Environment Variables:
JAVA_HOME=/usr/lib/jvm/zulu-17-x86
PATH=/usr/java/jdk1.7.0_80/bin:/usr/java/jdk1.7.0_80/bin:/usr/java/jdk1.6.0_45/bin:/usr/java/jdk1.6.0_45/bin:/usr/java/jdk1.6.0_45/bin:/home/almalinux/.local/bin:/home/almalinux/bin:/sbin:/bin:/usr/bin:/usr/local/bin:/usr/local/sbin:/usr/sbin:/usr/lib/oracle/18.3/client/bin:/usr/lib/oracle/18.3/client/bin:/usr/lib/jvm/java-11-openjdk/bin:./
LD_LIBRARY_PATH=/usr/lib/jvm/java-17-zulu-openjdk-jdk-x86/lib/server:/usr/lib/jvm/java-17-zulu-openjdk-jdk-x86/lib:/usr/lib/jvm/java-17-zulu-openjdk-jdk-x86/../lib:/usr/lib/jvm/zulu-17-x86/lib/server:/usr/lib/jvm/java-11-openjdk/lib:/usr/lib/jvm/java-11-openjdk/lib/server:./
SHELL=/bin/bash
DISPLAY=:10.0
LANG=en_US.UTF-8
TERM=xterm-256color

Active Locale:
LC_ALL=en_US.UTF-8
LC_COLLATE=en_US.UTF-8
LC_CTYPE=en_US.UTF-8
LC_MESSAGES=en_US.UTF-8
LC_MONETARY=en_US.UTF-8
LC_NUMERIC=en_US.UTF-8
LC_TIME=en_US.UTF-8

Signal Handlers:
   SIGSEGV: crash_handler in libjvm.so, mask=11100100010111111101111111111110, flags=SA_RESTART|SA_SIGINFO, unblocked
    SIGBUS: crash_handler in libjvm.so, mask=11100100010111111101111111111110, flags=SA_RESTART|SA_SIGINFO, unblocked
    SIGFPE: crash_handler in libjvm.so, mask=11100100010111111101111111111110, flags=SA_RESTART|SA_SIGINFO, unblocked
   SIGPIPE: SIG_IGN, mask=00000000000010000000000000000000, flags=SA_RESTART, blocked
  *** Handler was modified!
  *** Expected: javaSignalHandler in libjvm.so, mask=11100100110111111111111111111110, flags=SA_RESTART|SA_SIGINFO
   SIGXFSZ: javaSignalHandler in libjvm.so, mask=11100100010111111101111111111110, flags=SA_RESTART|SA_SIGINFO, blocked
    SIGILL: crash_handler in libjvm.so, mask=11100100010111111101111111111110, flags=SA_RESTART|SA_SIGINFO, unblocked
   SIGUSR2: SR_handler in libjvm.so, mask=00100000000000000000000000000000, flags=SA_RESTART|SA_SIGINFO, blocked
    SIGHUP: UserHandler in libjvm.so, mask=11100100010111111101111111111110, flags=SA_RESTART|SA_SIGINFO, blocked
    SIGINT: UserHandler in libjvm.so, mask=11100100010111111101111111111110, flags=SA_RESTART|SA_SIGINFO, blocked
   SIGTERM: UserHandler in libjvm.so, mask=11100100010111111101111111111110, flags=SA_RESTART|SA_SIGINFO, blocked
   SIGQUIT: UserHandler in libjvm.so, mask=11100100010111111101111111111110, flags=SA_RESTART|SA_SIGINFO, blocked
   SIGTRAP: crash_handler in libjvm.so, mask=11100100010111111101111111111110, flags=SA_RESTART|SA_SIGINFO, unblocked


Periodic native trim disabled


---------------  S Y S T E M  ---------------

OS:
AlmaLinux release 8.10 (Cerulean Leopard)
uname: Linux 4.18.0-553.81.1.el8_10.x86_64 #1 SMP Mon Oct 27 11:29:19 EDT 2025 x86_64
OS uptime: 0 days 19:50 hours
libc: glibc 2.28 NPTL 2.28 
rlimit (soft/hard): STACK 8192k/infinity , CORE 0k/infinity , NPROC 61996/61996 , NOFILE 262144/262144 , AS infinity/infinity , CPU infinity/infinity , DATA infinity/infinity , FSIZE infinity/infinity , MEMLOCK 64k/64k
load average: 27.28 31.54 22.83

/proc/meminfo:
MemTotal:       16014464 kB
MemFree:          697844 kB
MemAvailable:    2497612 kB
Buffers:              20 kB
Cached:          3331664 kB
SwapCached:        16504 kB
Active:          2646944 kB
Inactive:       11547432 kB
Active(anon):    1691540 kB
Inactive(anon): 10926864 kB
Active(file):     955404 kB
Inactive(file):   620568 kB
Unevictable:        6160 kB
Mlocked:               0 kB
SwapTotal:       8388604 kB
SwapFree:        7678428 kB
Dirty:               708 kB
Writeback:             0 kB
AnonPages:      10858504 kB
Mapped:          1169124 kB
Shmem:           1755704 kB
KReclaimable:     400840 kB
Slab:             572380 kB
SReclaimable:     400840 kB
SUnreclaim:       171540 kB
KernelStack:       25280 kB
PageTables:       153576 kB
NFS_Unstable:          0 kB
Bounce:                0 kB
WritebackTmp:          0 kB
CommitLimit:    16395836 kB
Committed_AS:   26071480 kB
VmallocTotal:   34359738367 kB
VmallocUsed:       71208 kB
VmallocChunk:          0 kB
Percpu:             2672 kB
HardwareCorrupted:     0 kB
AnonHugePages:         0 kB
ShmemHugePages:        0 kB
ShmemPmdMapped:        0 kB
FileHugePages:         0 kB
FilePmdMapped:         0 kB
HugePages_Total:       0
HugePages_Free:        0
HugePages_Rsvd:        0
HugePages_Surp:        0
Hugepagesize:       2048 kB
Hugetlb:               0 kB
DirectMap4k:     1040236 kB
DirectMap2M:    15343616 kB

/sys/kernel/mm/transparent_hugepage/enabled: always madvise [never]
/sys/kernel/mm/transparent_hugepage/hpage_pmd_size: 2097152
/sys/kernel/mm/transparent_hugepage/defrag (defrag/compaction efforts parameter): always defer defer+madvise [madvise] never

Process Memory:
Virtual Size: 984452K (peak: 990932K)
Resident Set Size: 144336K (peak: 144344K) (anon: 110828K, file: 33508K, shmem: 0K)
Swapped out: 0K
C-Heap outstanding allocations: 18918K, retained: 54669K
glibc malloc tunables: (default)

/proc/sys/kernel/threads-max (system-wide limit on the number of threads): 123992
/proc/sys/vm/max_map_count (maximum number of memory map areas a process may have): 1677720
/proc/sys/kernel/pid_max (system-wide limit on number of process identifiers): 4194304

container (cgroup) information:
container_type: cgroupv1
cpu_cpuset_cpus: 0-3
cpu_memory_nodes: 0
active_processor_count: 4
cpu_quota: no quota
cpu_period: 100000
cpu_shares: no shares
memory_limit_in_bytes: unlimited
memory_and_swap_limit_in_bytes: unlimited
memory_soft_limit_in_bytes: unlimited
memory_usage_in_bytes: 13714692 k
memory_max_usage_in_bytes: 14910936 k
kernel_memory_usage_in_bytes: 388584 k
kernel_memory_max_usage_in_bytes: unlimited
kernel_memory_limit_in_bytes: 795756 k
maximum number of tasks: unlimited
current number of tasks: 796

KVM virtualization detected
Steal ticks since vm start: 130
Steal ticks percentage since vm start:  0.000

CPU: total 4 (initial active 4) (1 cores per cpu, 1 threads per core) family 6 model 60 stepping 1 microcode 0x1, cx8, cmov, fxsr, mmx, sse, sse2, sse3, ssse3, sse4.1, sse4.2, popcnt, lzcnt, tsc, avx, avx2, aes, erms, clmul, bmi1, bmi2, fma, vzeroupper, clflush, hv
CPU Model and flags from /proc/cpuinfo:
model name	: Intel Core Processor (Haswell, no TSX)
flags		: fpu vme de pse tsc msr pae mce cx8 apic sep mtrr pge mca cmov pat pse36 clflush mmx fxsr sse sse2 syscall nx rdtscp lm constant_tsc rep_good nopl xtopology cpuid tsc_known_freq pni pclmulqdq vmx ssse3 fma cx16 pcid sse4_1 sse4_2 x2apic movbe popcnt tsc_deadline_timer aes xsave avx f16c rdrand hypervisor lahf_lm abm cpuid_fault invpcid_single pti tpr_shadow vnmi flexpriority ept vpid ept_ad fsgsbase bmi1 avx2 smep bmi2 erms invpcid xsaveopt arat md_clear

Online cpus: 0-3
Offline cpus: 
BIOS frequency limitation: <Not Available>
Frequency switch latency (ns): <Not Available>
Available cpu frequencies: <Not Available>
Current governor: <Not Available>
Core performance/turbo boost: <Not Available>

Memory: 4k page, physical 16014464k(706852k free), swap 8388604k(7678428k free)
Page Sizes: 4k

vm_info: OpenJDK Server VM (17.0.11+9-LTS) for linux-x86 JRE (17.0.11+9-LTS) (Zulu17.50+19-CA), built on Apr  9 2024 07:14:46 by "zulu_re" with gcc 8.3.0

END.
