#
# A fatal error has been detected by the Java Runtime Environment:
#
#  SIGSEGV (0xb) at pc=0xf7842618, pid=1431923, tid=1431923
#
# JRE version: OpenJDK Runtime Environment Zulu17.50+19-CA (17.0.11+9) (build 17.0.11+9-LTS)
# Java VM: OpenJDK Server VM Zulu17.50+19-CA (17.0.11+9-LTS, mixed mode, sharing, tiered, g1 gc, linux-x86)
# Problematic frame:
# C  [libc.so.6+0x84618]  cfree+0x28
#
# Core dump will be written. Default location: Core dumps may be processed with "/usr/lib/systemd/systemd-coredump %P %u %g %s %t %c %h %e" (or dumping to /home/almalinux/swg-returns-nge/exe/linux/core.1431923)
#
# If you would like to submit a bug report, please visit:
#   http://www.azul.com/support/
#

---------------  S U M M A R Y ------------

Command Line: -Xms128m -Xmx512m -Xss768k -XX:MaxMetaspaceSize=96m -Xrs -XX:-UsePerfData -XX:-AllowUserSignalHandlers -XX:UseSSE=3 -XX+DoEscapeAnalysis -XX:AutoBoxCacheMax:2000 -XX:+OptimizeStringConcat -XX:+OptimizeFill -XX:+EliminateAutoBox -XX:+UseCompressedStrings -XX:+UseCompressedOops -XX:+EliminateLocks -XX:UseFastAccessorMethods -XX:+UseStringCache -XgcPrio:throughput -XXkeepAreaRatio:1 -XXlazyUnlocking -XXcallProfiling -XXcompactRatio:1 

Host: Intel Core Processor (Haswell, no TSX), 4 cores, 15G, AlmaLinux release 8.10 (Cerulean Leopard)
Time: Sun Jan 25 20:25:52 2026 UTC elapsed time: 48.710062 seconds (0d 0h 0m 48s)

---------------  T H R E A D  ---------------

Current thread is native thread

Stack: [0xff78e000,0xff84e000],  sp=0xff84c1d0,  free space=760k
Native frames: (J=compiled Java code, j=interpreted, Vv=VM code, C=native code)
C  [libc.so.6+0x84618]  cfree+0x28


siginfo: si_signo: 11 (SIGSEGV), si_code: 1 (SEGV_MAPERR), si_addr: 0x00000003

Registers:
EAX=0x00000000, EBX=0x00000007, ECX=0xf6e8084c, EDX=0x0b568e58
ESP=0xff84c1d0, EBP=0xff84c308, ESI=0xf7963000, EDI=0x00000000
EIP=0xf7842618, EFLAGS=0x00210202, CR2=0x0000000000000003


Top of Stack: (sp=0xff84c1d0)
0xff84c1d0:   0b1ec000 00000000 ff84c308 f7acff1c
0xff84c1e0:   0b1ec090 f7be6a04 0b568e30 f7acff1c
0xff84c1f0:   00000007 f7acff0a f7be6a04 f7acff4c
0xff84c200:   0b1ec090 f7acff0a 0b56cbd0 085b6163
0xff84c210:   00000007 0b1ec000 0b1ebd10 085bb8d1
0xff84c220:   0b1ec000 0b1ebd10 00000000 085bb89b
0xff84c230:   0ca066a0 ff84c257 ff84c27c 085c6969
0xff84c240:   087d6c00 ff84c27c ff84c308 084fc53b
0xff84c250:   00000014 00010002 00000000 00000000
0xff84c260:   01010100 00000001 09aa44c0 00000000
0xff84c270:   00000000 00000000 00000000 00000000
0xff84c280:   00000000 00000015 ff84c3d8 f77f36ff
0xff84c290:   f796341c 47677753 53656d61 65767265
0xff84c2a0:   34313a72 32393133 09290033 0b54e1f0
0xff84c2b0:   08ea0100 08ebc230 08ea5888 f796341c
0xff84c2c0:   00000428 00000420 f77f3779 085758fd
0xff84c2d0:   08ea2a80 09b1ea78 08ea5888 08574f56
0xff84c2e0:   0929a2c4 0929a2c4 ff84c3d8 08ea583b
0xff84c2f0:   0000000c ff84c3a4 ff84c320 f7963000
0xff84c300:   00000000 08575910 00000000 f77dbf26
0xff84c310:   00000000 08575910 00000000 f77dbf26
0xff84c320:   0000000c ff84c3a4 ff84c3d8 ff84c344
0xff84c330:   0929a2d0 00000000 ff84c3d8 f7963000
0xff84c340:   f77cb75c f7963000 00000000 08575910
0xff84c350:   00000000 2d616e3b df9ae62a 00000000
0xff84c360:   00000000 00000000 f7ee24d0 f77dbe30
0xff84c370:   084fc260 0929a2c4 0000000c 08575946
0xff84c380:   084fc260 0000000c ff84c3a4 08ea57f0
0xff84c390:   08ea5850 f7ee24d0 ff84c39c f7f0f970
0xff84c3a0:   0000000c ff84c62c ff84c63e ff84c641
0xff84c3b0:   ff84c653 ff84c656 ff84c661 ff84c685
0xff84c3c0:   ff84c695 ff84c6a9 ff84c6cd ff84c6d0 

Instructions: (pc=0xf7842618)
0xf7842518:   50 8d 96 86 f7 fa ff 8d 86 d0 2f fb ff e8 c6 b7
0xf7842528:   ff ff 8d b6 00 00 00 00 bb 20 00 00 00 e9 5e fe
0xf7842538:   ff ff e8 a1 c0 ff ff 89 c5 85 c0 0f 85 68 ff ff
0xf7842548:   ff 31 d2 8d 44 3b 10 e8 8c c1 ff ff 89 da 89 f9
0xf7842558:   89 c5 e8 11 f0 ff ff 89 c2 85 c0 75 1b 85 ed 74
0xf7842568:   17 90 89 fa 89 e8 e8 bd c5 ff ff 89 da 89 f9 89
0xf7842578:   c5 e8 f2 ef ff ff 89 c2 85 ed 0f 84 57 ff ff ff
0xf7842588:   e9 39 ff ff ff 8d 86 b8 31 fb ff 83 ec 0c b9 25
0xf7842598:   0d 00 00 50 8d 96 86 f7 fa ff 8d 86 74 2f fb ff
0xf78425a8:   e8 43 b7 ff ff 8d 76 00 f3 0f 1e fb e8 0a 9a f9
0xf78425b8:   ff 05 47 0a 12 00 56 53 83 ec 04 8b 5c 24 10 8b
0xf78425c8:   74 24 14 8b 80 50 ff ff ff c7 00 00 00 00 00 e8
0xf78425d8:   54 bb ff ff 8b 4c 24 0c 83 c4 04 89 f2 89 d8 5b
0xf78425e8:   5e e9 42 fd ff ff 66 90 f3 0f 1e fb 56 e8 9a 9b
0xf78425f8:   f9 ff 81 c6 06 0a 12 00 53 83 ec 14 8b 5c 24 20
0xf7842608:   8b 86 5c ff ff ff 8b 00 85 c0 75 6c 85 db 74 75
0xf7842618:   8b 4b fc 8d 53 f8 f6 c1 02 75 35 8b 86 70 fe ff
0xf7842628:   ff 65 8b 00 85 c0 0f 84 8c 00 00 00 83 e1 04 8d
0xf7842638:   86 60 07 00 00 74 09 89 d0 25 00 00 f0 ff 8b 00
0xf7842648:   83 c4 14 31 c9 5b 5e e9 8c cb ff ff 8d 74 26 00
0xf7842658:   8b 9e 60 01 00 00 85 db 75 10 3b 8e 48 01 00 00
0xf7842668:   76 08 81 f9 00 00 08 00 76 26 83 c4 14 89 d0 5b
0xf7842678:   5e e9 92 b8 ff ff 66 90 83 ec 08 ff 74 24 24 53
0xf7842688:   ff d0 83 c4 10 83 c4 14 5b 5e c3 8d 74 26 00 90
0xf7842698:   39 96 80 1d 00 00 77 08 39 96 7c 1d 00 00 77 ca
0xf78426a8:   83 e1 f8 8d 04 09 89 8e 48 01 00 00 89 86 40 01
0xf78426b8:   00 00 90 eb b5 8d 76 00 8b 86 74 fe ff ff 65 80
0xf78426c8:   38 00 0f 85 64 ff ff ff 89 54 24 0c e8 97 ed ff
0xf78426d8:   ff 8b 4b fc 8b 54 24 0c e9 4f ff ff ff 8d b4 26
0xf78426e8:   00 00 00 00 8d 74 26 00 f3 0f 1e fb 55 57 56 e8
0xf78426f8:   98 9a f9 ff 81 c6 04 09 12 00 53 83 ec 0c 8b 86
0xf7842708:   70 fe ff ff 8b 96 74 fe ff ff 65 8b 28 65 c6 02 



---------------  P R O C E S S  ---------------

VM state: at safepoint (shutting down)

VM Mutex/Monitor currently owned by a thread:  ([mutex/lock_event])
[0xf5e21d30] Threads_lock - owner thread: 0xc4194cf0

GC Precious Log:
<Skipped>

Heap:
 garbage-first heap   total 131072K, used 17119K [0xc5c00000, 0xe5c00000)
  region size 1024K, 16 young (16384K), 1 survivors (1024K)
 Metaspace       used 3020K, committed 3200K, reserved 16384K

Heap Regions: E=young(eden), S=young(survivor), O=old, HS=humongous(starts), HC=humongous(continues), CS=collection set, F=free, OA=open archive, CA=closed archive, TAMS=top-at-mark-start (previous, next)
|   0|0xc5c00000, 0xc5d00000, 0xc5d00000|100%| O|  |TAMS 0xc5c00000, 0xc5c00000| Untracked 
|   1|0xc5d00000, 0xc5e00000, 0xc5e00000|100%| O|  |TAMS 0xc5d00000, 0xc5d00000| Untracked 
|   2|0xc5e00000, 0xc5e35c00, 0xc5f00000| 20%| O|  |TAMS 0xc5e00000, 0xc5e00000| Untracked 
|   3|0xc5f00000, 0xc5f00000, 0xc6000000|  0%| F|  |TAMS 0xc5f00000, 0xc5f00000| Untracked 
|   4|0xc6000000, 0xc6000000, 0xc6100000|  0%| F|  |TAMS 0xc6000000, 0xc6000000| Untracked 
|   5|0xc6100000, 0xc6100000, 0xc6200000|  0%| F|  |TAMS 0xc6100000, 0xc6100000| Untracked 
|   6|0xc6200000, 0xc6200000, 0xc6300000|  0%| F|  |TAMS 0xc6200000, 0xc6200000| Untracked 
|   7|0xc6300000, 0xc6300000, 0xc6400000|  0%| F|  |TAMS 0xc6300000, 0xc6300000| Untracked 
|   8|0xc6400000, 0xc6400000, 0xc6500000|  0%| F|  |TAMS 0xc6400000, 0xc6400000| Untracked 
|   9|0xc6500000, 0xc6500000, 0xc6600000|  0%| F|  |TAMS 0xc6500000, 0xc6500000| Untracked 
|  10|0xc6600000, 0xc6600000, 0xc6700000|  0%| F|  |TAMS 0xc6600000, 0xc6600000| Untracked 
|  11|0xc6700000, 0xc6700000, 0xc6800000|  0%| F|  |TAMS 0xc6700000, 0xc6700000| Untracked 
|  12|0xc6800000, 0xc6800000, 0xc6900000|  0%| F|  |TAMS 0xc6800000, 0xc6800000| Untracked 
|  13|0xc6900000, 0xc6900000, 0xc6a00000|  0%| F|  |TAMS 0xc6900000, 0xc6900000| Untracked 
|  14|0xc6a00000, 0xc6a00000, 0xc6b00000|  0%| F|  |TAMS 0xc6a00000, 0xc6a00000| Untracked 
|  15|0xc6b00000, 0xc6b00000, 0xc6c00000|  0%| F|  |TAMS 0xc6b00000, 0xc6b00000| Untracked 
|  16|0xc6c00000, 0xc6c00000, 0xc6d00000|  0%| F|  |TAMS 0xc6c00000, 0xc6c00000| Untracked 
|  17|0xc6d00000, 0xc6d00000, 0xc6e00000|  0%| F|  |TAMS 0xc6d00000, 0xc6d00000| Untracked 
|  18|0xc6e00000, 0xc6e00000, 0xc6f00000|  0%| F|  |TAMS 0xc6e00000, 0xc6e00000| Untracked 
|  19|0xc6f00000, 0xc6f00000, 0xc7000000|  0%| F|  |TAMS 0xc6f00000, 0xc6f00000| Untracked 
|  20|0xc7000000, 0xc7000000, 0xc7100000|  0%| F|  |TAMS 0xc7000000, 0xc7000000| Untracked 
|  21|0xc7100000, 0xc7100000, 0xc7200000|  0%| F|  |TAMS 0xc7100000, 0xc7100000| Untracked 
|  22|0xc7200000, 0xc7200000, 0xc7300000|  0%| F|  |TAMS 0xc7200000, 0xc7200000| Untracked 
|  23|0xc7300000, 0xc7300000, 0xc7400000|  0%| F|  |TAMS 0xc7300000, 0xc7300000| Untracked 
|  24|0xc7400000, 0xc7400000, 0xc7500000|  0%| F|  |TAMS 0xc7400000, 0xc7400000| Untracked 
|  25|0xc7500000, 0xc7500000, 0xc7600000|  0%| F|  |TAMS 0xc7500000, 0xc7500000| Untracked 
|  26|0xc7600000, 0xc7600000, 0xc7700000|  0%| F|  |TAMS 0xc7600000, 0xc7600000| Untracked 
|  27|0xc7700000, 0xc7700000, 0xc7800000|  0%| F|  |TAMS 0xc7700000, 0xc7700000| Untracked 
|  28|0xc7800000, 0xc7800000, 0xc7900000|  0%| F|  |TAMS 0xc7800000, 0xc7800000| Untracked 
|  29|0xc7900000, 0xc7900000, 0xc7a00000|  0%| F|  |TAMS 0xc7900000, 0xc7900000| Untracked 
|  30|0xc7a00000, 0xc7a00000, 0xc7b00000|  0%| F|  |TAMS 0xc7a00000, 0xc7a00000| Untracked 
|  31|0xc7b00000, 0xc7b00000, 0xc7c00000|  0%| F|  |TAMS 0xc7b00000, 0xc7b00000| Untracked 
|  32|0xc7c00000, 0xc7c00000, 0xc7d00000|  0%| F|  |TAMS 0xc7c00000, 0xc7c00000| Untracked 
|  33|0xc7d00000, 0xc7d00000, 0xc7e00000|  0%| F|  |TAMS 0xc7d00000, 0xc7d00000| Untracked 
|  34|0xc7e00000, 0xc7e00000, 0xc7f00000|  0%| F|  |TAMS 0xc7e00000, 0xc7e00000| Untracked 
|  35|0xc7f00000, 0xc7f00000, 0xc8000000|  0%| F|  |TAMS 0xc7f00000, 0xc7f00000| Untracked 
|  36|0xc8000000, 0xc8000000, 0xc8100000|  0%| F|  |TAMS 0xc8000000, 0xc8000000| Untracked 
|  37|0xc8100000, 0xc8100000, 0xc8200000|  0%| F|  |TAMS 0xc8100000, 0xc8100000| Untracked 
|  38|0xc8200000, 0xc8200000, 0xc8300000|  0%| F|  |TAMS 0xc8200000, 0xc8200000| Untracked 
|  39|0xc8300000, 0xc8300000, 0xc8400000|  0%| F|  |TAMS 0xc8300000, 0xc8300000| Untracked 
|  40|0xc8400000, 0xc8400000, 0xc8500000|  0%| F|  |TAMS 0xc8400000, 0xc8400000| Untracked 
|  41|0xc8500000, 0xc8500000, 0xc8600000|  0%| F|  |TAMS 0xc8500000, 0xc8500000| Untracked 
|  42|0xc8600000, 0xc8600000, 0xc8700000|  0%| F|  |TAMS 0xc8600000, 0xc8600000| Untracked 
|  43|0xc8700000, 0xc8700000, 0xc8800000|  0%| F|  |TAMS 0xc8700000, 0xc8700000| Untracked 
|  44|0xc8800000, 0xc8800000, 0xc8900000|  0%| F|  |TAMS 0xc8800000, 0xc8800000| Untracked 
|  45|0xc8900000, 0xc8900000, 0xc8a00000|  0%| F|  |TAMS 0xc8900000, 0xc8900000| Untracked 
|  46|0xc8a00000, 0xc8a00000, 0xc8b00000|  0%| F|  |TAMS 0xc8a00000, 0xc8a00000| Untracked 
|  47|0xc8b00000, 0xc8b00000, 0xc8c00000|  0%| F|  |TAMS 0xc8b00000, 0xc8b00000| Untracked 
|  48|0xc8c00000, 0xc8c00000, 0xc8d00000|  0%| F|  |TAMS 0xc8c00000, 0xc8c00000| Untracked 
|  49|0xc8d00000, 0xc8d00000, 0xc8e00000|  0%| F|  |TAMS 0xc8d00000, 0xc8d00000| Untracked 
|  50|0xc8e00000, 0xc8e00000, 0xc8f00000|  0%| F|  |TAMS 0xc8e00000, 0xc8e00000| Untracked 
|  51|0xc8f00000, 0xc8f00000, 0xc9000000|  0%| F|  |TAMS 0xc8f00000, 0xc8f00000| Untracked 
|  52|0xc9000000, 0xc9000000, 0xc9100000|  0%| F|  |TAMS 0xc9000000, 0xc9000000| Untracked 
|  53|0xc9100000, 0xc9100000, 0xc9200000|  0%| F|  |TAMS 0xc9100000, 0xc9100000| Untracked 
|  54|0xc9200000, 0xc9200000, 0xc9300000|  0%| F|  |TAMS 0xc9200000, 0xc9200000| Untracked 
|  55|0xc9300000, 0xc9300000, 0xc9400000|  0%| F|  |TAMS 0xc9300000, 0xc9300000| Untracked 
|  56|0xc9400000, 0xc9400000, 0xc9500000|  0%| F|  |TAMS 0xc9400000, 0xc9400000| Untracked 
|  57|0xc9500000, 0xc9500000, 0xc9600000|  0%| F|  |TAMS 0xc9500000, 0xc9500000| Untracked 
|  58|0xc9600000, 0xc9600000, 0xc9700000|  0%| F|  |TAMS 0xc9600000, 0xc9600000| Untracked 
|  59|0xc9700000, 0xc9700000, 0xc9800000|  0%| F|  |TAMS 0xc9700000, 0xc9700000| Untracked 
|  60|0xc9800000, 0xc9800000, 0xc9900000|  0%| F|  |TAMS 0xc9800000, 0xc9800000| Untracked 
|  61|0xc9900000, 0xc9900000, 0xc9a00000|  0%| F|  |TAMS 0xc9900000, 0xc9900000| Untracked 
|  62|0xc9a00000, 0xc9a00000, 0xc9b00000|  0%| F|  |TAMS 0xc9a00000, 0xc9a00000| Untracked 
|  63|0xc9b00000, 0xc9b00000, 0xc9c00000|  0%| F|  |TAMS 0xc9b00000, 0xc9b00000| Untracked 
|  64|0xc9c00000, 0xc9c00000, 0xc9d00000|  0%| F|  |TAMS 0xc9c00000, 0xc9c00000| Untracked 
|  65|0xc9d00000, 0xc9d00000, 0xc9e00000|  0%| F|  |TAMS 0xc9d00000, 0xc9d00000| Untracked 
|  66|0xc9e00000, 0xc9e00000, 0xc9f00000|  0%| F|  |TAMS 0xc9e00000, 0xc9e00000| Untracked 
|  67|0xc9f00000, 0xc9f00000, 0xca000000|  0%| F|  |TAMS 0xc9f00000, 0xc9f00000| Untracked 
|  68|0xca000000, 0xca000000, 0xca100000|  0%| F|  |TAMS 0xca000000, 0xca000000| Untracked 
|  69|0xca100000, 0xca100000, 0xca200000|  0%| F|  |TAMS 0xca100000, 0xca100000| Untracked 
|  70|0xca200000, 0xca200000, 0xca300000|  0%| F|  |TAMS 0xca200000, 0xca200000| Untracked 
|  71|0xca300000, 0xca300000, 0xca400000|  0%| F|  |TAMS 0xca300000, 0xca300000| Untracked 
|  72|0xca400000, 0xca400000, 0xca500000|  0%| F|  |TAMS 0xca400000, 0xca400000| Untracked 
|  73|0xca500000, 0xca500000, 0xca600000|  0%| F|  |TAMS 0xca500000, 0xca500000| Untracked 
|  74|0xca600000, 0xca600000, 0xca700000|  0%| F|  |TAMS 0xca600000, 0xca600000| Untracked 
|  75|0xca700000, 0xca700000, 0xca800000|  0%| F|  |TAMS 0xca700000, 0xca700000| Untracked 
|  76|0xca800000, 0xca800000, 0xca900000|  0%| F|  |TAMS 0xca800000, 0xca800000| Untracked 
|  77|0xca900000, 0xca900000, 0xcaa00000|  0%| F|  |TAMS 0xca900000, 0xca900000| Untracked 
|  78|0xcaa00000, 0xcaa00000, 0xcab00000|  0%| F|  |TAMS 0xcaa00000, 0xcaa00000| Untracked 
|  79|0xcab00000, 0xcab00000, 0xcac00000|  0%| F|  |TAMS 0xcab00000, 0xcab00000| Untracked 
|  80|0xcac00000, 0xcac00000, 0xcad00000|  0%| F|  |TAMS 0xcac00000, 0xcac00000| Untracked 
|  81|0xcad00000, 0xcad00000, 0xcae00000|  0%| F|  |TAMS 0xcad00000, 0xcad00000| Untracked 
|  82|0xcae00000, 0xcae00000, 0xcaf00000|  0%| F|  |TAMS 0xcae00000, 0xcae00000| Untracked 
|  83|0xcaf00000, 0xcaf00000, 0xcb000000|  0%| F|  |TAMS 0xcaf00000, 0xcaf00000| Untracked 
|  84|0xcb000000, 0xcb000000, 0xcb100000|  0%| F|  |TAMS 0xcb000000, 0xcb000000| Untracked 
|  85|0xcb100000, 0xcb100000, 0xcb200000|  0%| F|  |TAMS 0xcb100000, 0xcb100000| Untracked 
|  86|0xcb200000, 0xcb200000, 0xcb300000|  0%| F|  |TAMS 0xcb200000, 0xcb200000| Untracked 
|  87|0xcb300000, 0xcb300000, 0xcb400000|  0%| F|  |TAMS 0xcb300000, 0xcb300000| Untracked 
|  88|0xcb400000, 0xcb400000, 0xcb500000|  0%| F|  |TAMS 0xcb400000, 0xcb400000| Untracked 
|  89|0xcb500000, 0xcb500000, 0xcb600000|  0%| F|  |TAMS 0xcb500000, 0xcb500000| Untracked 
|  90|0xcb600000, 0xcb600000, 0xcb700000|  0%| F|  |TAMS 0xcb600000, 0xcb600000| Untracked 
|  91|0xcb700000, 0xcb700000, 0xcb800000|  0%| F|  |TAMS 0xcb700000, 0xcb700000| Untracked 
|  92|0xcb800000, 0xcb800000, 0xcb900000|  0%| F|  |TAMS 0xcb800000, 0xcb800000| Untracked 
|  93|0xcb900000, 0xcb900000, 0xcba00000|  0%| F|  |TAMS 0xcb900000, 0xcb900000| Untracked 
|  94|0xcba00000, 0xcba00000, 0xcbb00000|  0%| F|  |TAMS 0xcba00000, 0xcba00000| Untracked 
|  95|0xcbb00000, 0xcbb00000, 0xcbc00000|  0%| F|  |TAMS 0xcbb00000, 0xcbb00000| Untracked 
|  96|0xcbc00000, 0xcbc00000, 0xcbd00000|  0%| F|  |TAMS 0xcbc00000, 0xcbc00000| Untracked 
|  97|0xcbd00000, 0xcbd00000, 0xcbe00000|  0%| F|  |TAMS 0xcbd00000, 0xcbd00000| Untracked 
|  98|0xcbe00000, 0xcbe00000, 0xcbf00000|  0%| F|  |TAMS 0xcbe00000, 0xcbe00000| Untracked 
|  99|0xcbf00000, 0xcbf00000, 0xcc000000|  0%| F|  |TAMS 0xcbf00000, 0xcbf00000| Untracked 
| 100|0xcc000000, 0xcc000000, 0xcc100000|  0%| F|  |TAMS 0xcc000000, 0xcc000000| Untracked 
| 101|0xcc100000, 0xcc100000, 0xcc200000|  0%| F|  |TAMS 0xcc100000, 0xcc100000| Untracked 
| 102|0xcc200000, 0xcc200000, 0xcc300000|  0%| F|  |TAMS 0xcc200000, 0xcc200000| Untracked 
| 103|0xcc300000, 0xcc300000, 0xcc400000|  0%| F|  |TAMS 0xcc300000, 0xcc300000| Untracked 
| 104|0xcc400000, 0xcc400000, 0xcc500000|  0%| F|  |TAMS 0xcc400000, 0xcc400000| Untracked 
| 105|0xcc500000, 0xcc500000, 0xcc600000|  0%| F|  |TAMS 0xcc500000, 0xcc500000| Untracked 
| 106|0xcc600000, 0xcc600000, 0xcc700000|  0%| F|  |TAMS 0xcc600000, 0xcc600000| Untracked 
| 107|0xcc700000, 0xcc700000, 0xcc800000|  0%| F|  |TAMS 0xcc700000, 0xcc700000| Untracked 
| 108|0xcc800000, 0xcc800000, 0xcc900000|  0%| F|  |TAMS 0xcc800000, 0xcc800000| Untracked 
| 109|0xcc900000, 0xcc981838, 0xcca00000| 50%| S|CS|TAMS 0xcc900000, 0xcc900000| Complete 
| 110|0xcca00000, 0xcca00000, 0xccb00000|  0%| F|  |TAMS 0xcca00000, 0xcca00000| Untracked 
| 111|0xccb00000, 0xccb00000, 0xccc00000|  0%| F|  |TAMS 0xccb00000, 0xccb00000| Untracked 
| 112|0xccc00000, 0xccc00000, 0xccd00000|  0%| F|  |TAMS 0xccc00000, 0xccc00000| Untracked 
| 113|0xccd00000, 0xccd00800, 0xcce00000|  0%| E|  |TAMS 0xccd00000, 0xccd00000| Complete 
| 114|0xcce00000, 0xccf00000, 0xccf00000|100%| E|CS|TAMS 0xcce00000, 0xcce00000| Complete 
| 115|0xccf00000, 0xcd000000, 0xcd000000|100%| E|CS|TAMS 0xccf00000, 0xccf00000| Complete 
| 116|0xcd000000, 0xcd100000, 0xcd100000|100%| E|CS|TAMS 0xcd000000, 0xcd000000| Complete 
| 117|0xcd100000, 0xcd200000, 0xcd200000|100%| E|CS|TAMS 0xcd100000, 0xcd100000| Complete 
| 118|0xcd200000, 0xcd300000, 0xcd300000|100%| E|CS|TAMS 0xcd200000, 0xcd200000| Complete 
| 119|0xcd300000, 0xcd400000, 0xcd400000|100%| E|CS|TAMS 0xcd300000, 0xcd300000| Complete 
| 120|0xcd400000, 0xcd500000, 0xcd500000|100%| E|CS|TAMS 0xcd400000, 0xcd400000| Complete 
| 121|0xcd500000, 0xcd600000, 0xcd600000|100%| E|CS|TAMS 0xcd500000, 0xcd500000| Complete 
| 122|0xcd600000, 0xcd700000, 0xcd700000|100%| E|CS|TAMS 0xcd600000, 0xcd600000| Complete 
| 123|0xcd700000, 0xcd800000, 0xcd800000|100%| E|CS|TAMS 0xcd700000, 0xcd700000| Complete 
| 124|0xcd800000, 0xcd900000, 0xcd900000|100%| E|CS|TAMS 0xcd800000, 0xcd800000| Complete 
| 125|0xcd900000, 0xcda00000, 0xcda00000|100%| E|CS|TAMS 0xcd900000, 0xcd900000| Complete 
| 126|0xcda00000, 0xcdb00000, 0xcdb00000|100%| E|CS|TAMS 0xcda00000, 0xcda00000| Complete 
| 127|0xcdb00000, 0xcdc00000, 0xcdc00000|100%| E|CS|TAMS 0xcdb00000, 0xcdb00000| Complete 

Card table byte_map: [0xc5a00000,0xc5b00000] _byte_map_base: 0xc53d2000

Marking Bits (Prev, Next): (CMBitMap*) 0xf5e8b528, (CMBitMap*) 0xf5e8b548
 Prev Bits: [0xc5100000, 0xc5900000)
 Next Bits: [0xc4900000, 0xc5100000)

Polling page: 0xf7ed4000

Metaspace:

Usage:
    2.95 MB used.

Virtual space:
     16.00 MB reserved,       3.12 MB ( 20%) committed,  1 nodes.

Chunk freelists:
10.06 MB

MaxMetaspaceSize: 96.00 MB
No class space
Initial GC threshold: 16.00 MB
Current GC threshold: 16.00 MB
CDS: on
MetaspaceReclaimPolicy: balanced
 - commit_granule_bytes: 65536.
 - commit_granule_words: 16384.
 - virtual_space_node_default_size: 4194304.
 - enlarge_chunks_in_place: 1.
 - new_chunks_are_fully_committed: 0.
 - uncommit_free_chunks: 1.
 - use_allocation_guard: 0.
 - handle_deallocations: 1.


Internal statistics:

num_allocs_failed_limit: 0.
num_arena_births: 92.
num_arena_deaths: 0.
num_vsnodes_births: 1.
num_vsnodes_deaths: 0.
num_space_committed: 50.
num_space_uncommitted: 0.
num_chunks_returned_to_freelist: 0.
num_chunks_taken_from_freelist: 187.
num_chunk_merges: 0.
num_chunk_splits: 139.
num_chunks_enlarged: 108.
num_inconsistent_stats: 0.

CodeHeap 'non-profiled nmethods': size=120172Kb used=268Kb max_used=268Kb free=119903Kb
 bounds [0xed7f5000, 0xeda35000, 0xf4d50000]
CodeHeap 'profiled nmethods': size=120172Kb used=1128Kb max_used=1128Kb free=119043Kb
 bounds [0xe5d50000, 0xe5f90000, 0xed2ab000]
CodeHeap 'non-nmethods': size=5416Kb used=724Kb max_used=739Kb free=4691Kb
 bounds [0xed2ab000, 0xed4eb000, 0xed7f5000]
 total_blobs=1090 nmethods=759 adapters=245
 compilation: enabled
              stopped_count=0, restarted_count=0
 full_count=0

Compilation events (20 events):
Event: 35.584 Thread 0xc41a0580  751   !   3       jdk.internal.reflect.GeneratedMethodAccessor14::invoke (271 bytes)
Event: 35.586 Thread 0xc41a0580 nmethod 751 0xe5e63c08 code [0xe5e63f40, 0xe5e65960]
Event: 36.545 Thread 0xc41a0580  752       3       java.util.HashMap::clear (50 bytes)
Event: 36.545 Thread 0xc41a0580 nmethod 752 0xe5e66388 code [0xe5e664e0, 0xe5e66820]
Event: 36.613 Thread 0xc41a0580  753       3       java.util.HashMap$HashIterator::<init> (79 bytes)
Event: 36.613 Thread 0xc41a0580 nmethod 753 0xe5e66908 code [0xe5e66a60, 0xe5e66e40]
Event: 36.761 Thread 0xc41a0580  756  s    3       java.util.Hashtable::clear (38 bytes)
Event: 36.761 Thread 0xc41a0580 nmethod 756 0xe5e66f88 code [0xe5e670e0, 0xe5e67480]
Event: 36.761 Thread 0xc41a0580  755       3       jdk.internal.reflect.ClassFileAssembler::emitConstantPoolMethodref (28 bytes)
Event: 36.762 Thread 0xc41a0580 nmethod 755 0xe5e67588 code [0xe5e67740, 0xe5e67c7c]
Event: 36.762 Thread 0xc41a0580  758       3       script.base_class::getShipChassisType (8 bytes)
Event: 36.762 Thread 0xc41a0580 nmethod 758 0xe5e68008 code [0xe5e68160, 0xe5e6836c]
Event: 36.762 Thread 0xc41a0580  754       3       java.util.HashSet::clear (8 bytes)
Event: 36.762 Thread 0xc41a0580 nmethod 754 0xe5e68488 code [0xe5e685c0, 0xe5e6876c]
Event: 36.762 Thread 0xc41a0580  760       3       script.base_class::getSelf (4 bytes)
Event: 36.762 Thread 0xc41a0580 nmethod 760 0xe5e68808 code [0xe5e689a0, 0xe5e68ef8]
Event: 36.762 Thread 0xc41a0580  757       3       script.library.space_utils::isPlayerControlledShip (35 bytes)
Event: 36.763 Thread 0xc41a0580 nmethod 757 0xe5e69188 code [0xe5e69300, 0xe5e69698]
Event: 36.763 Thread 0xc41a0580  761       3       script.script_entry::getOwnerContext (10 bytes)
Event: 36.763 Thread 0xc41a0580 nmethod 761 0xe5e69808 code [0xe5e69980, 0xe5e69e98]

GC Heap History (4 events):
Event: 29.450 GC heap before
{Heap before GC invocations=0 (full 0):
 garbage-first heap   total 131072K, used 12288K [0xc5c00000, 0xe5c00000)
  region size 1024K, 13 young (13312K), 0 survivors (0K)
 Metaspace       used 1893K, committed 2048K, reserved 16384K
}
Event: 29.632 GC heap after
{Heap after GC invocations=1 (full 0):
 garbage-first heap   total 131072K, used 2236K [0xc5c00000, 0xe5c00000)
  region size 1024K, 2 young (2048K), 2 survivors (2048K)
 Metaspace       used 1893K, committed 2048K, reserved 16384K
}
Event: 32.373 GC heap before
{Heap before GC invocations=1 (full 0):
 garbage-first heap   total 131072K, used 18620K [0xc5c00000, 0xe5c00000)
  region size 1024K, 18 young (18432K), 2 survivors (2048K)
 Metaspace       used 2084K, committed 2240K, reserved 16384K
}
Event: 32.403 GC heap after
{Heap after GC invocations=2 (full 0):
 garbage-first heap   total 131072K, used 2781K [0xc5c00000, 0xe5c00000)
  region size 1024K, 1 young (1024K), 1 survivors (1024K)
 Metaspace       used 2084K, committed 2240K, reserved 16384K
}

Dll operation events (4 events):
Event: 0.042 Loaded shared library /usr/lib/jvm/java-17-zulu-openjdk-jdk-x86/lib/libjava.so
Event: 34.704 Loaded shared library /usr/lib/jvm/java-17-zulu-openjdk-jdk-x86/lib/libnio.so
Event: 34.705 Loaded shared library /usr/lib/jvm/java-17-zulu-openjdk-jdk-x86/lib/libjimage.so
Event: 34.707 Loaded shared library /usr/lib/jvm/java-17-zulu-openjdk-jdk-x86/lib/libnet.so

Deoptimization events (20 events):
Event: 33.397 Thread 0x0c879aa0 DEOPT PACKING pc=0xed816264 sp=0xff84a370
Event: 33.397 Thread 0x0c879aa0 DEOPT UNPACKING pc=0xed2f4d33 sp=0xff84a344 mode 2
Event: 34.088 Thread 0x0c879aa0 Uncommon trap: trap_request=0xffffff45 fr.pc=0xed8260f8 relative=0x00000138
Event: 34.088 Thread 0x0c879aa0 Uncommon trap: reason=unstable_if action=reinterpret pc=0xed8260f8 method=script.base_class.getObjIdWithNull(J)Lscript/obj_id; @ 3 c2
Event: 34.088 Thread 0x0c879aa0 DEOPT PACKING pc=0xed8260f8 sp=0xff849d40
Event: 34.088 Thread 0x0c879aa0 DEOPT UNPACKING pc=0xed2f4d33 sp=0xff849d0c mode 2
Event: 34.089 Thread 0x0c879aa0 Uncommon trap: trap_request=0xffffff6e fr.pc=0xed818df8 relative=0x00000458
Event: 34.089 Thread 0x0c879aa0 Uncommon trap: reason=loop_limit_check action=maybe_recompile pc=0xed818df8 method=java.lang.StringLatin1.indexOf([BI[BII)I @ 37 c2
Event: 34.089 Thread 0x0c879aa0 DEOPT PACKING pc=0xed818df8 sp=0xff849c60
Event: 34.089 Thread 0x0c879aa0 DEOPT UNPACKING pc=0xed2f4d33 sp=0xff849c3c mode 2
Event: 34.098 Thread 0x0c879aa0 Uncommon trap: trap_request=0xffffff45 fr.pc=0xed81c998 relative=0x000000f8
Event: 34.098 Thread 0x0c879aa0 Uncommon trap: reason=unstable_if action=reinterpret pc=0xed81c998 method=java.lang.Long.valueOf(J)Ljava/lang/Long; @ 9 c2
Event: 34.098 Thread 0x0c879aa0 DEOPT PACKING pc=0xed81c998 sp=0xff84aa40
Event: 34.098 Thread 0x0c879aa0 DEOPT UNPACKING pc=0xed2f4d33 sp=0xff84aa08 mode 2
Event: 34.197 Thread 0x0c879aa0 Uncommon trap: trap_request=0xffffff45 fr.pc=0xed81817c relative=0x00000ddc
Event: 34.197 Thread 0x0c879aa0 Uncommon trap: reason=unstable_if action=reinterpret pc=0xed81817c method=java.util.HashMap.putVal(ILjava/lang/Object;Ljava/lang/Object;ZZ)Ljava/lang/Object; @ 181 c2
Event: 34.197 Thread 0x0c879aa0 DEOPT PACKING pc=0xed81817c sp=0xff84a890
Event: 34.197 Thread 0x0c879aa0 DEOPT UNPACKING pc=0xed2f4d33 sp=0xff84a864 mode 2
Event: 34.433 Thread 0x0c879aa0 DEOPT PACKING pc=0xe5e160ae sp=0xff84ab30
Event: 34.433 Thread 0x0c879aa0 DEOPT UNPACKING pc=0xed2f4171 sp=0xff84a9d4 mode 0

Classes unloaded (0 events):
No events

Classes redefined (0 events):
No events

Internal exceptions (2 events):
Event: 34.151 Thread 0x0c879aa0 Exception <a 'java/lang/NoSuchMethodError'{0xcd3d9c58}: static [Ljava/lang/String;.<clinit>()V> (0xcd3d9c58) 
thrown [src/hotspot/share/prims/jni.cpp, line 1112]
Event: 34.715 Thread 0x0c879aa0 Exception <a 'java/lang/NoSuchMethodError'{0xcce02678}: 'java.lang.Object java.lang.invoke.DirectMethodHandle$Holder.invokeStaticInit(java.lang.Object)'> (0xcce02678) 
thrown [src/hotspot/share/interpreter/linkResolver.cpp, line 759]

VM Operations (20 events):
Event: 19.204 Executing VM operation: HandshakeAllThreads
Event: 19.204 Executing VM operation: HandshakeAllThreads done
Event: 20.204 Executing VM operation: Cleanup
Event: 20.204 Executing VM operation: Cleanup done
Event: 28.221 Executing VM operation: Cleanup
Event: 28.221 Executing VM operation: Cleanup done
Event: 29.449 Executing VM operation: G1CollectForAllocation
Event: 29.632 Executing VM operation: G1CollectForAllocation done
Event: 30.632 Executing VM operation: Cleanup
Event: 30.659 Executing VM operation: Cleanup done
Event: 32.373 Executing VM operation: G1CollectForAllocation
Event: 32.403 Executing VM operation: G1CollectForAllocation done
Event: 33.403 Executing VM operation: Cleanup
Event: 33.415 Executing VM operation: Cleanup done
Event: 34.180 Executing VM operation: HandshakeAllThreads
Event: 34.180 Executing VM operation: HandshakeAllThreads done
Event: 34.202 Executing VM operation: HandshakeAllThreads
Event: 34.202 Executing VM operation: HandshakeAllThreads done
Event: 35.202 Executing VM operation: Cleanup
Event: 35.202 Executing VM operation: Cleanup done

Events (20 events):
Event: 34.718 loading class java/lang/System$Logger$Level done
Event: 34.718 loading class jdk/internal/logger/SurrogateLogger
Event: 34.718 loading class jdk/internal/logger/SimpleConsoleLogger
Event: 34.718 loading class sun/util/logging/PlatformLogger$ConfigurableBridge$LoggerConfiguration
Event: 34.718 loading class sun/util/logging/PlatformLogger$ConfigurableBridge$LoggerConfiguration done
Event: 34.718 loading class jdk/internal/logger/SimpleConsoleLogger done
Event: 34.718 loading class jdk/internal/logger/SurrogateLogger done
Event: 34.719 loading class sun/util/logging/PlatformLogger
Event: 34.719 loading class sun/util/logging/PlatformLogger done
Event: 34.719 loading class sun/util/logging/PlatformLogger$Level
Event: 34.719 loading class sun/util/logging/PlatformLogger$Level done
Event: 34.719 loading class jdk/internal/event/DeserializationEvent
Event: 34.720 loading class jdk/internal/event/DeserializationEvent done
Event: 34.720 loading class java/io/ObjectInputStream$FieldValues
Event: 34.720 loading class java/io/ObjectInputStream$GetField
Event: 34.720 loading class java/io/ObjectInputStream$GetField done
Event: 34.720 loading class java/io/ObjectInputStream$FieldValues done
Event: 36.777 Thread 0x0c879aa0 Thread exited: 0x0c879aa0
Event: 36.778 Thread 0xf5e242d0 Thread exited: 0xf5e242d0
Event: 36.778 Thread 0xc419bff0 Thread exited: 0xc419bff0


Dynamic libraries:
08048000-09298000 r-xp 00000000 08:04 494947248                          /home/almalinux/swg-returns-nge/build/bin/SwgGameServer
09298000-0929c000 rw-p 0124f000 08:04 494947248                          /home/almalinux/swg-returns-nge/build/bin/SwgGameServer
0929c000-09b1f000 rw-p 00000000 00:00 0 
0b1b2000-0e990000 rw-p 00000000 00:00 0                                  [heap]
c0eed000-c0eee000 ---p 00000000 00:00 0 
c0eee000-c0f6e000 rw-p 00000000 00:00 0 
c0f6e000-c0f6f000 ---p 00000000 00:00 0 
c0f6f000-c0fef000 rw-p 00000000 00:00 0 
c1100000-c11b5000 rw-p 00000000 00:00 0 
c11b5000-c1200000 ---p 00000000 00:00 0 
c127f000-c1280000 ---p 00000000 00:00 0 
c1280000-c1300000 rw-p 00000000 00:00 0 
c1300000-c1395000 rw-p 00000000 00:00 0 
c1395000-c1400000 ---p 00000000 00:00 0 
c167f000-c1683000 ---p 00000000 00:00 0 
c1683000-c1740000 rw-p 00000000 00:00 0 
c1740000-c1744000 ---p 00000000 00:00 0 
c1744000-c1801000 rw-p 00000000 00:00 0 
c1801000-c1802000 ---p 00000000 00:00 0 
c1802000-c1882000 rw-p 00000000 00:00 0 
c1882000-c1886000 ---p 00000000 00:00 0 
c1886000-c1943000 rw-p 00000000 00:00 0 
c1943000-c1947000 ---p 00000000 00:00 0 
c1947000-c1a04000 rw-p 00000000 00:00 0 
c1a04000-c1a08000 ---p 00000000 00:00 0 
c1a08000-c1ac5000 rw-p 00000000 00:00 0 
c1ac5000-c1ac9000 ---p 00000000 00:00 0 
c1ac9000-c1b86000 rw-p 00000000 00:00 0 
c1b86000-c1e00000 r--p 00078000 08:04 535181                             /usr/lib/locale/locale-archive
c1e00000-c2000000 r--p 00000000 08:04 535181                             /usr/lib/locale/locale-archive
c2000000-c2130000 rw-p 00000000 00:00 0 
c2130000-c2400000 ---p 00000000 00:00 0 
c2400000-c25f0000 rw-p 00000000 00:00 0 
c25f0000-c3000000 ---p 00000000 00:00 0 
c303c000-c3040000 ---p 00000000 00:00 0 
c3040000-c30bd000 rw-p 00000000 00:00 0 
c30bd000-c30c1000 ---p 00000000 00:00 0 
c30c1000-c317e000 rw-p 00000000 00:00 0 
c317e000-c3182000 ---p 00000000 00:00 0 
c3182000-c323f000 rw-p 00000000 00:00 0 
c323f000-c3243000 ---p 00000000 00:00 0 
c3243000-c3300000 rw-p 00000000 00:00 0 
c3300000-c3321000 rw-p 00000000 00:00 0 
c3321000-c3400000 ---p 00000000 00:00 0 
c3431000-c3435000 ---p 00000000 00:00 0 
c3435000-c34b2000 rw-p 00000000 00:00 0 
c34b2000-c34b3000 ---p 00000000 00:00 0 
c34b3000-c3533000 rw-p 00000000 00:00 0 
c3533000-c3e00000 rw-p 00001000 08:04 143240867                          /usr/lib/jvm/java-17-zulu-openjdk-jdk-x86/lib/server/classes.jsa
c3e00000-c3e21000 rw-p 00000000 00:00 0 
c3e21000-c3f00000 ---p 00000000 00:00 0 
c3f7f000-c3f80000 ---p 00000000 00:00 0 
c3f80000-c4000000 rw-p 00000000 00:00 0 
c4000000-c4021000 rw-p 00000000 00:00 0 
c4021000-c4100000 ---p 00000000 00:00 0 
c4100000-c41d1000 rw-p 00000000 00:00 0 
c41d1000-c4200000 ---p 00000000 00:00 0 
c427f000-c4280000 ---p 00000000 00:00 0 
c4280000-c4300000 rw-p 00000000 00:00 0 
c4300000-c4321000 rw-p 00000000 00:00 0 
c4321000-c4400000 ---p 00000000 00:00 0 
c447f000-c4480000 ---p 00000000 00:00 0 
c4480000-c4500000 rw-p 00000000 00:00 0 
c4500000-c45f7000 rw-p 00000000 00:00 0 
c45f7000-c4600000 ---p 00000000 00:00 0 
c467f000-c4680000 ---p 00000000 00:00 0 
c4680000-c4700000 rw-p 00000000 00:00 0 
c4700000-c47fe000 rw-p 00000000 00:00 0 
c47fe000-c4800000 ---p 00000000 00:00 0 
c487f000-c4880000 ---p 00000000 00:00 0 
c4880000-c4b00000 rw-p 00000000 00:00 0 
c4b00000-c5100000 ---p 00000000 00:00 0 
c5100000-c5300000 rw-p 00000000 00:00 0 
c5300000-c5900000 ---p 00000000 00:00 0 
c5900000-c5940000 rw-p 00000000 00:00 0 
c5940000-c5a00000 ---p 00000000 00:00 0 
c5a00000-c5a40000 rw-p 00000000 00:00 0 
c5a40000-c5b00000 ---p 00000000 00:00 0 
c5b00000-c5b40000 rw-p 00000000 00:00 0 
c5b40000-c5c00000 ---p 00000000 00:00 0 
c5c00000-cdc00000 rw-p 00000000 00:00 0 
cdc00000-e5c00000 ---p 00000000 00:00 0 
e5c65000-e5c6a000 rw-p 00000000 00:00 0 
e5c6a000-e5d50000 ---p 00000000 00:00 0 
e5d50000-e5f90000 rwxp 00000000 00:00 0 
e5f90000-ed2ab000 ---p 00000000 00:00 0 
ed2ab000-ed4eb000 rwxp 00000000 00:00 0 
ed4eb000-ed7f5000 ---p 00000000 00:00 0 
ed7f5000-eda35000 rwxp 00000000 00:00 0 
eda35000-f4d50000 ---p 00000000 00:00 0 
f4d50000-f4eb8000 r--s 00000000 08:04 117534333                          /usr/lib/jvm/java-17-zulu-openjdk-jdk-x86/lib/modules
f4eb8000-f5d5a000 r-xp 00000000 08:04 143240869                          /usr/lib/jvm/java-17-zulu-openjdk-jdk-x86/lib/server/libjvm.so
f5d5a000-f5daf000 r--p 00ea1000 08:04 143240869                          /usr/lib/jvm/java-17-zulu-openjdk-jdk-x86/lib/server/libjvm.so
f5daf000-f5dd0000 rw-p 00ef6000 08:04 143240869                          /usr/lib/jvm/java-17-zulu-openjdk-jdk-x86/lib/server/libjvm.so
f5dd0000-f5e00000 rw-p 00000000 00:00 0 
f5e00000-f5f00000 rw-p 00000000 00:00 0 
f5f1a000-f5f1b000 ---p 00000000 00:00 0 
f5f1b000-f5f1f000 ---p 00000000 00:00 0 
f5f1f000-f6a93000 rw-p 00000000 00:00 0 
f6a9f000-f6ab4000 r-xp 00000000 08:04 117534323                          /usr/lib/jvm/java-17-zulu-openjdk-jdk-x86/lib/libnet.so
f6ab4000-f6ab5000 r--p 00014000 08:04 117534323                          /usr/lib/jvm/java-17-zulu-openjdk-jdk-x86/lib/libnet.so
f6ab5000-f6ab6000 rw-p 00015000 08:04 117534323                          /usr/lib/jvm/java-17-zulu-openjdk-jdk-x86/lib/libnet.so
f6ab6000-f6abb000 rw-p 00000000 00:00 0 
f6abb000-f6ba1000 ---p 00000000 00:00 0 
f6ddb000-f6ded000 r-xp 00000000 08:04 117534324                          /usr/lib/jvm/java-17-zulu-openjdk-jdk-x86/lib/libnio.so
f6ded000-f6dee000 r--p 00011000 08:04 117534324                          /usr/lib/jvm/java-17-zulu-openjdk-jdk-x86/lib/libnio.so
f6dee000-f6def000 rw-p 00012000 08:04 117534324                          /usr/lib/jvm/java-17-zulu-openjdk-jdk-x86/lib/libnio.so
f6def000-f6e18000 rw-p 00000000 00:00 0 
f6e18000-f6e3b000 r-xp 00000000 08:04 117534310                          /usr/lib/jvm/java-17-zulu-openjdk-jdk-x86/lib/libjava.so
f6e3b000-f6e3c000 r--p 00022000 08:04 117534310                          /usr/lib/jvm/java-17-zulu-openjdk-jdk-x86/lib/libjava.so
f6e3c000-f6e3d000 rw-p 00023000 08:04 117534310                          /usr/lib/jvm/java-17-zulu-openjdk-jdk-x86/lib/libjava.so
f6e3d000-f6e49000 r-xp 00000000 08:04 16831767                           /usr/lib/libnss_files-2.28.so
f6e49000-f6e4a000 r--p 0000b000 08:04 16831767                           /usr/lib/libnss_files-2.28.so
f6e4a000-f6e4b000 rw-p 0000c000 08:04 16831767                           /usr/lib/libnss_files-2.28.so
f6e4b000-f6e51000 rw-p 00000000 00:00 0 
f6e57000-f6e5c000 rw-p 00000000 00:00 0 
f6e5c000-f6e62000 ---p 00000000 00:00 0 
f6e62000-f6e7d000 r-xp 00000000 08:04 117534314                          /usr/lib/jvm/java-17-zulu-openjdk-jdk-x86/lib/libjimage.so
f6e7d000-f6e7e000 ---p 0001b000 08:04 117534314                          /usr/lib/jvm/java-17-zulu-openjdk-jdk-x86/lib/libjimage.so
f6e7e000-f6e7f000 r--p 0001b000 08:04 117534314                          /usr/lib/jvm/java-17-zulu-openjdk-jdk-x86/lib/libjimage.so
f6e7f000-f6e80000 rw-p 0001c000 08:04 117534314                          /usr/lib/jvm/java-17-zulu-openjdk-jdk-x86/lib/libjimage.so
f6e80000-f6e84000 rw-p 00000000 00:00 0 
f6e84000-f6f0c000 r-xp 00000000 08:04 17191875                           /usr/lib/libpcre2-8.so.0.7.1
f6f0c000-f6f0d000 r--p 00087000 08:04 17191875                           /usr/lib/libpcre2-8.so.0.7.1
f6f0d000-f6f0e000 rw-p 00088000 08:04 17191875                           /usr/lib/libpcre2-8.so.0.7.1
f6f0e000-f6f2e000 r-xp 00000000 08:04 17021543                           /usr/lib/libcrypt.so.1.1.0
f6f2e000-f6f2f000 ---p 00020000 08:04 17021543                           /usr/lib/libcrypt.so.1.1.0
f6f2f000-f6f30000 r--p 00020000 08:04 17021543                           /usr/lib/libcrypt.so.1.1.0
f6f30000-f6f39000 rw-p 00000000 00:00 0 
f6f39000-f6f64000 r-xp 00000000 08:04 17191887                           /usr/lib/libselinux.so.1
f6f64000-f6f65000 ---p 0002b000 08:04 17191887                           /usr/lib/libselinux.so.1
f6f65000-f6f66000 r--p 0002b000 08:04 17191887                           /usr/lib/libselinux.so.1
f6f66000-f6f67000 rw-p 0002c000 08:04 17191887                           /usr/lib/libselinux.so.1
f6f67000-f6f68000 rw-p 00000000 00:00 0 
f6f68000-f6f87000 r-xp 00000000 08:04 18866589                           /usr/lib/libbrotlicommon.so.1.0.6
f6f87000-f6f88000 r--p 0001e000 08:04 18866589                           /usr/lib/libbrotlicommon.so.1.0.6
f6f88000-f6f89000 rw-p 0001f000 08:04 18866589                           /usr/lib/libbrotlicommon.so.1.0.6
f6f89000-f6fa7000 r-xp 00000000 08:04 17191915                           /usr/lib/libsasl2.so.3.0.0
f6fa7000-f6fa8000 ---p 0001e000 08:04 17191915                           /usr/lib/libsasl2.so.3.0.0
f6fa8000-f6fa9000 r--p 0001e000 08:04 17191915                           /usr/lib/libsasl2.so.3.0.0
f6fa9000-f6faa000 rw-p 0001f000 08:04 17191915                           /usr/lib/libsasl2.so.3.0.0
f6faa000-f6fac000 rw-p 00000000 00:00 0 
f6fac000-f6fc0000 r-xp 00000000 08:04 16831772                           /usr/lib/libresolv-2.28.so
f6fc0000-f6fc1000 ---p 00014000 08:04 16831772                           /usr/lib/libresolv-2.28.so
f6fc1000-f6fc2000 r--p 00014000 08:04 16831772                           /usr/lib/libresolv-2.28.so
f6fc2000-f6fc3000 rw-p 00015000 08:04 16831772                           /usr/lib/libresolv-2.28.so
f6fc3000-f6fc5000 rw-p 00000000 00:00 0 
f6fc5000-f6fc8000 r-xp 00000000 08:04 17191893                           /usr/lib/libkeyutils.so.1.6
f6fc8000-f6fc9000 ---p 00003000 08:04 17191893                           /usr/lib/libkeyutils.so.1.6
f6fc9000-f6fca000 r--p 00003000 08:04 17191893                           /usr/lib/libkeyutils.so.1.6
f6fca000-f6fcb000 rw-p 00000000 00:00 0 
f6fcb000-f6fdb000 r-xp 00000000 08:04 17021560                           /usr/lib/libkrb5support.so.0.1
f6fdb000-f6fdc000 r--p 0000f000 08:04 17021560                           /usr/lib/libkrb5support.so.0.1
f6fdc000-f6fdd000 rw-p 00010000 08:04 17021560                           /usr/lib/libkrb5support.so.0.1
f6fdd000-f6fe5000 r-xp 00000000 08:04 16831774                           /usr/lib/librt-2.28.so
f6fe5000-f6fe6000 r--p 00007000 08:04 16831774                           /usr/lib/librt-2.28.so
f6fe6000-f6fe7000 rw-p 00008000 08:04 16831774                           /usr/lib/librt-2.28.so
f6fe7000-f7166000 r-xp 00000000 08:04 17021545                           /usr/lib/libunistring.so.2.1.0
f7166000-f7167000 ---p 0017f000 08:04 17021545                           /usr/lib/libunistring.so.2.1.0
f7167000-f7169000 r--p 0017f000 08:04 17021545                           /usr/lib/libunistring.so.2.1.0
f7169000-f716a000 rw-p 00181000 08:04 17021545                           /usr/lib/libunistring.so.2.1.0
f716a000-f7194000 r-xp 00000000 08:04 18654292                           /usr/lib/liblzma.so.5.2.4
f7194000-f7195000 r--p 00029000 08:04 18654292                           /usr/lib/liblzma.so.5.2.4
f7195000-f7196000 rw-p 00000000 00:00 0 
f7196000-f71a2000 r-xp 00000000 08:04 17191936                           /usr/lib/libbrotlidec.so.1.0.6
f71a2000-f71a3000 r--p 0000b000 08:04 17191936                           /usr/lib/libbrotlidec.so.1.0.6
f71a3000-f71a4000 rw-p 00000000 00:00 0 
f71a4000-f71b3000 r-xp 00000000 08:04 17191918                           /usr/lib/liblber-2.4.so.2.10.9
f71b3000-f71b4000 r--p 0000e000 08:04 17191918                           /usr/lib/liblber-2.4.so.2.10.9
f71b4000-f71b5000 rw-p 0000f000 08:04 17191918                           /usr/lib/liblber-2.4.so.2.10.9
f71b5000-f720a000 r-xp 00000000 08:04 17191920                           /usr/lib/libldap-2.4.so.2.10.9
f720a000-f720b000 ---p 00055000 08:04 17191920                           /usr/lib/libldap-2.4.so.2.10.9
f720b000-f720c000 r--p 00055000 08:04 17191920                           /usr/lib/libldap-2.4.so.2.10.9
f720c000-f720d000 rw-p 00056000 08:04 17191920                           /usr/lib/libldap-2.4.so.2.10.9
f720d000-f720f000 rw-p 00000000 00:00 0 
f720f000-f7212000 r-xp 00000000 08:04 16994899                           /usr/lib/libcom_err.so.2.1
f7212000-f7213000 r--p 00002000 08:04 16994899                           /usr/lib/libcom_err.so.2.1
f7213000-f7214000 rw-p 00003000 08:04 16994899                           /usr/lib/libcom_err.so.2.1
f7214000-f722a000 r-xp 00000000 08:04 17021552                           /usr/lib/libk5crypto.so.3.1
f722a000-f722b000 ---p 00016000 08:04 17021552                           /usr/lib/libk5crypto.so.3.1
f722b000-f722c000 r--p 00016000 08:04 17021552                           /usr/lib/libk5crypto.so.3.1
f722c000-f722d000 rw-p 00017000 08:04 17021552                           /usr/lib/libk5crypto.so.3.1
f722d000-f7310000 r-xp 00000000 08:04 17021558                           /usr/lib/libkrb5.so.3.3
f7310000-f7317000 r--p 000e2000 08:04 17021558                           /usr/lib/libkrb5.so.3.3
f7317000-f7318000 rw-p 000e9000 08:04 17021558                           /usr/lib/libkrb5.so.3.3
f7318000-f7373000 r-xp 00000000 08:04 17021548                           /usr/lib/libgssapi_krb5.so.2.2
f7373000-f7375000 r--p 0005a000 08:04 17021548                           /usr/lib/libgssapi_krb5.so.2.2
f7375000-f7376000 rw-p 0005c000 08:04 17021548                           /usr/lib/libgssapi_krb5.so.2.2
f7376000-f7627000 r-xp 00000000 08:04 18627877                           /usr/lib/libcrypto.so.1.1.1k
f7627000-f7640000 r--p 002b0000 08:04 18627877                           /usr/lib/libcrypto.so.1.1.1k
f7640000-f7642000 rw-p 002c9000 08:04 18627877                           /usr/lib/libcrypto.so.1.1.1k
f7642000-f7646000 rw-p 00000000 00:00 0 
f7646000-f76d8000 r-xp 00000000 08:04 18627879                           /usr/lib/libssl.so.1.1.1k
f76d8000-f76de000 r--p 00091000 08:04 18627879                           /usr/lib/libssl.so.1.1.1k
f76de000-f76e2000 rw-p 00097000 08:04 18627879                           /usr/lib/libssl.so.1.1.1k
f76e2000-f76f2000 r-xp 00000000 08:04 18660120                           /usr/lib/libpsl.so.5.3.1
f76f2000-f76f3000 r--p 0000f000 08:04 18660120                           /usr/lib/libpsl.so.5.3.1
f76f3000-f76f4000 rw-p 00000000 00:00 0 
f76f4000-f7771000 r-xp 00000000 08:04 16994901                           /usr/lib/libssh.so.4.8.7
f7771000-f7772000 ---p 0007d000 08:04 16994901                           /usr/lib/libssh.so.4.8.7
f7772000-f7773000 r--p 0007d000 08:04 16994901                           /usr/lib/libssh.so.4.8.7
f7773000-f7774000 rw-p 0007e000 08:04 16994901                           /usr/lib/libssh.so.4.8.7
f7774000-f7791000 r-xp 00000000 08:04 17040588                           /usr/lib/libidn2.so.0.3.6
f7791000-f7792000 r--p 0001c000 08:04 17040588                           /usr/lib/libidn2.so.0.3.6
f7792000-f7793000 rw-p 00000000 00:00 0 
f7793000-f77bb000 r-xp 00000000 08:04 17191891                           /usr/lib/libnghttp2.so.14.17.0
f77bb000-f77bc000 r--p 00027000 08:04 17191891                           /usr/lib/libnghttp2.so.14.17.0
f77bc000-f77be000 rw-p 00028000 08:04 17191891                           /usr/lib/libnghttp2.so.14.17.0
f77be000-f7960000 r-xp 00000000 08:04 16831756                           /usr/lib/libc-2.28.so
f7960000-f7961000 ---p 001a2000 08:04 16831756                           /usr/lib/libc-2.28.so
f7961000-f7963000 r--p 001a2000 08:04 16831756                           /usr/lib/libc-2.28.so
f7963000-f7964000 rw-p 001a4000 08:04 16831756                           /usr/lib/libc-2.28.so
f7964000-f7969000 rw-p 00000000 00:00 0 
f7969000-f7984000 r-xp 00000000 08:04 16985139                           /usr/lib/libgcc_s-8-20210514.so.1
f7984000-f7985000 r--p 0001a000 08:04 16985139                           /usr/lib/libgcc_s-8-20210514.so.1
f7985000-f7986000 rw-p 0001b000 08:04 16985139                           /usr/lib/libgcc_s-8-20210514.so.1
f7986000-f7a56000 r-xp 00000000 08:04 16831760                           /usr/lib/libm-2.28.so
f7a56000-f7a57000 r--p 000cf000 08:04 16831760                           /usr/lib/libm-2.28.so
f7a57000-f7a58000 rw-p 000d0000 08:04 16831760                           /usr/lib/libm-2.28.so
f7a58000-f7be1000 r-xp 00000000 08:04 16985145                           /usr/lib/libstdc++.so.6.0.25
f7be1000-f7be2000 ---p 00189000 08:04 16985145                           /usr/lib/libstdc++.so.6.0.25
f7be2000-f7be8000 r--p 00189000 08:04 16985145                           /usr/lib/libstdc++.so.6.0.25
f7be8000-f7be9000 rw-p 0018f000 08:04 16985145                           /usr/lib/libstdc++.so.6.0.25
f7be9000-f7beb000 rw-p 00000000 00:00 0 
f7beb000-f7c02000 r-xp 00000000 08:04 16963437                           /usr/lib/libz.so.1.2.11
f7c02000-f7c03000 ---p 00017000 08:04 16963437                           /usr/lib/libz.so.1.2.11
f7c03000-f7c04000 r--p 00017000 08:04 16963437                           /usr/lib/libz.so.1.2.11
f7c04000-f7c05000 rw-p 00000000 00:00 0 
f7c05000-f7d82000 r-xp 00000000 08:04 16963397                           /usr/lib/libxml2.so.2.9.7
f7d82000-f7d87000 r--p 0017c000 08:04 16963397                           /usr/lib/libxml2.so.2.9.7
f7d87000-f7d88000 rw-p 00181000 08:04 16963397                           /usr/lib/libxml2.so.2.9.7
f7d88000-f7d89000 rw-p 00000000 00:00 0 
f7d89000-f7da5000 r-xp 00000000 08:04 16831770                           /usr/lib/libpthread-2.28.so
f7da5000-f7da6000 r--p 0001b000 08:04 16831770                           /usr/lib/libpthread-2.28.so
f7da6000-f7da7000 rw-p 0001c000 08:04 16831770                           /usr/lib/libpthread-2.28.so
f7da7000-f7da9000 rw-p 00000000 00:00 0 
f7da9000-f7e1d000 r-xp 00000000 08:04 16818911                           /usr/lib/libpcre.so.1.2.10
f7e1d000-f7e1e000 ---p 00074000 08:04 16818911                           /usr/lib/libpcre.so.1.2.10
f7e1e000-f7e1f000 r--p 00074000 08:04 16818911                           /usr/lib/libpcre.so.1.2.10
f7e1f000-f7e20000 rw-p 00075000 08:04 16818911                           /usr/lib/libpcre.so.1.2.10
f7e20000-f7e23000 r-xp 00000000 08:04 16831758                           /usr/lib/libdl-2.28.so
f7e23000-f7e24000 r--p 00002000 08:04 16831758                           /usr/lib/libdl-2.28.so
f7e24000-f7e25000 rw-p 00003000 08:04 16831758                           /usr/lib/libdl-2.28.so
f7e25000-f7ec2000 r-xp 00000000 08:04 16994905                           /usr/lib/libcurl.so.4.5.0
f7ec2000-f7ec4000 r--p 0009c000 08:04 16994905                           /usr/lib/libcurl.so.4.5.0
f7ec4000-f7ec5000 rw-p 0009e000 08:04 16994905                           /usr/lib/libcurl.so.4.5.0
f7ec5000-f7ecc000 r--s 00000000 08:04 176632422                          /usr/lib/gconv/gconv-modules.cache
f7ecc000-f7ed4000 rw-s 00000000 08:04 151586760                          /tmp/hsperfdata_almalinux/1431923 (deleted)
f7ed4000-f7ed5000 ---p 00000000 00:00 0 
f7ed5000-f7ed6000 r--p 00000000 00:00 0 
f7ed6000-f7ed8000 rw-p 00000000 00:00 0 
f7ed8000-f7edc000 r--p 00000000 00:00 0                                  [vvar]
f7edc000-f7ede000 r-xp 00000000 00:00 0                                  [vdso]
f7ede000-f7f0d000 r-xp 00000000 08:04 16831749                           /usr/lib/ld-2.28.so
f7f0d000-f7f0e000 ---p 00000000 00:00 0 
f7f0e000-f7f0f000 r--p 0002f000 08:04 16831749                           /usr/lib/ld-2.28.so
f7f0f000-f7f10000 rw-p 00030000 08:04 16831749                           /usr/lib/ld-2.28.so
ff689000-ff68a000 rwxp 00000000 00:00 0 
ff792000-ff84e000 rw-p 00000000 00:00 0                                  [stack]


VM Arguments:
jvm_args: -Xms128m -Xmx512m -Xss768k -XX:MaxMetaspaceSize=96m -Xrs -XX:-UsePerfData -XX:-AllowUserSignalHandlers -XX:UseSSE=3 -XX+DoEscapeAnalysis -XX:AutoBoxCacheMax:2000 -XX:+OptimizeStringConcat -XX:+OptimizeFill -XX:+EliminateAutoBox -XX:+UseCompressedStrings -XX:+UseCompressedOops -XX:+EliminateLocks -XX:UseFastAccessorMethods -XX:+UseStringCache -XgcPrio:throughput -XXkeepAreaRatio:1 -XXlazyUnlocking -XXcallProfiling -XXcompactRatio:1 
java_command: <unknown>
java_class_path (initial): ../../data/sku.0/sys.server/compiled/game/
Launcher Type: generic

[Global flags]
     intx CICompilerCount                          = 3                                         {product} {ergonomic}
     uint ConcGCThreads                            = 1                                         {product} {ergonomic}
     uint G1ConcRefinementThreads                  = 4                                         {product} {ergonomic}
   size_t G1HeapRegionSize                         = 1048576                                   {product} {ergonomic}
    uintx GCDrainStackTargetSize                   = 64                                        {product} {ergonomic}
   size_t InitialHeapSize                          = 134217728                                 {product} {command line}
   size_t MarkStackSize                            = 32768                                     {product} {ergonomic}
   size_t MaxHeapSize                              = 536870912                                 {product} {command line}
   size_t MaxMetaspaceSize                         = 100663296                                 {product} {command line}
   size_t MaxNewSize                               = 321912832                                 {product} {ergonomic}
   size_t MinHeapDeltaBytes                        = 1048576                                   {product} {ergonomic}
   size_t MinHeapSize                              = 134217728                                 {product} {command line}
    uintx NonNMethodCodeHeapSize                   = 5544422                                {pd product} {ergonomic}
    uintx NonProfiledCodeHeapSize                  = 123056909                              {pd product} {ergonomic}
    uintx ProfiledCodeHeapSize                     = 123056909                              {pd product} {ergonomic}
    uintx ReservedCodeCacheSize                    = 251658240                              {pd product} {ergonomic}
     bool SegmentedCodeCache                       = true                                      {product} {ergonomic}
   size_t SoftMaxHeapSize                          = 536870912                              {manageable} {ergonomic}
   double SweeperThreshold                         = 0.500000                                  {product} {ergonomic}
     intx ThreadStackSize                          = 768                                    {pd product} {command line}
     bool UseG1GC                                  = true                                      {product} {ergonomic}

Logging:
Log output configuration:
 #0: stdout all=off uptime,level,tags
 #1: stderr all=off uptime,level,tags

Environment Variables:
JAVA_HOME=/usr/lib/jvm/zulu-17-x86
PATH=/usr/java/jdk1.7.0_80/bin:/usr/java/jdk1.7.0_80/bin:/usr/java/jdk1.6.0_45/bin:/usr/java/jdk1.6.0_45/bin:/usr/java/jdk1.6.0_45/bin:/home/almalinux/.local/bin:/home/almalinux/bin:/sbin:/bin:/usr/bin:/usr/local/bin:/usr/local/sbin:/usr/sbin:/usr/lib/oracle/18.3/client/bin:/usr/lib/oracle/18.3/client/bin:/usr/lib/jvm/java-11-openjdk/bin:./
LD_LIBRARY_PATH=/usr/lib/jvm/java-17-zulu-openjdk-jdk-x86/lib/server:/usr/lib/jvm/java-17-zulu-openjdk-jdk-x86/lib:/usr/lib/jvm/java-17-zulu-openjdk-jdk-x86/../lib:/usr/lib/jvm/zulu-17-x86/lib/server:/usr/lib/jvm/java-11-openjdk/lib:/usr/lib/jvm/java-11-openjdk/lib/server:./
SHELL=/bin/bash
DISPLAY=:10.0
LANG=en_US.UTF-8
TERM=xterm-256color

Active Locale:
LC_ALL=en_US.UTF-8
LC_COLLATE=en_US.UTF-8
LC_CTYPE=en_US.UTF-8
LC_MESSAGES=en_US.UTF-8
LC_MONETARY=en_US.UTF-8
LC_NUMERIC=en_US.UTF-8
LC_TIME=en_US.UTF-8

Signal Handlers:
   SIGSEGV: crash_handler in libjvm.so, mask=11100100010111111101111111111110, flags=SA_RESTART|SA_SIGINFO, unblocked
    SIGBUS: crash_handler in libjvm.so, mask=11100100010111111101111111111110, flags=SA_RESTART|SA_SIGINFO, unblocked
    SIGFPE: crash_handler in libjvm.so, mask=11100100010111111101111111111110, flags=SA_RESTART|SA_SIGINFO, unblocked
   SIGPIPE: SIG_IGN, mask=00000000000010000000000000000000, flags=SA_RESTART, blocked
  *** Handler was modified!
  *** Expected: javaSignalHandler in libjvm.so, mask=11100100110111111111111111111110, flags=SA_RESTART|SA_SIGINFO
   SIGXFSZ: javaSignalHandler in libjvm.so, mask=11100100010111111101111111111110, flags=SA_RESTART|SA_SIGINFO, blocked
    SIGILL: crash_handler in libjvm.so, mask=11100100010111111101111111111110, flags=SA_RESTART|SA_SIGINFO, unblocked
   SIGUSR2: SR_handler in libjvm.so, mask=00100000000000000000000000000000, flags=SA_RESTART|SA_SIGINFO, blocked
    SIGHUP: UserHandler in libjvm.so, mask=11100100010111111101111111111110, flags=SA_RESTART|SA_SIGINFO, blocked
    SIGINT: UserHandler in libjvm.so, mask=11100100010111111101111111111110, flags=SA_RESTART|SA_SIGINFO, blocked
   SIGTERM: UserHandler in libjvm.so, mask=11100100010111111101111111111110, flags=SA_RESTART|SA_SIGINFO, blocked
   SIGQUIT: UserHandler in libjvm.so, mask=11100100010111111101111111111110, flags=SA_RESTART|SA_SIGINFO, blocked
   SIGTRAP: crash_handler in libjvm.so, mask=11100100010111111101111111111110, flags=SA_RESTART|SA_SIGINFO, unblocked


Periodic native trim disabled


---------------  S Y S T E M  ---------------

OS:
AlmaLinux release 8.10 (Cerulean Leopard)
uname: Linux 4.18.0-553.81.1.el8_10.x86_64 #1 SMP Mon Oct 27 11:29:19 EDT 2025 x86_64
OS uptime: 33 days 23:37 hours
libc: glibc 2.28 NPTL 2.28 
rlimit (soft/hard): STACK 8192k/infinity , CORE 0k/infinity , NPROC 61995/61995 , NOFILE 262144/262144 , AS infinity/infinity , CPU infinity/infinity , DATA infinity/infinity , FSIZE infinity/infinity , MEMLOCK 64k/64k
load average: 47.09 36.06 35.30

/proc/meminfo:
MemTotal:       16014448 kB
MemFree:         2389536 kB
MemAvailable:    8425240 kB
Buffers:            1056 kB
Cached:          8766152 kB
SwapCached:            0 kB
Active:          2620372 kB
Inactive:       10109832 kB
Active(anon):    2069860 kB
Inactive(anon):  4758476 kB
Active(file):     550512 kB
Inactive(file):  5351356 kB
Unevictable:        3104 kB
Mlocked:              16 kB
SwapTotal:       8388604 kB
SwapFree:        8388604 kB
Dirty:              2096 kB
Writeback:             0 kB
AnonPages:       3947768 kB
Mapped:          1570180 kB
Shmem:           2865288 kB
KReclaimable:     310880 kB
Slab:             465972 kB
SReclaimable:     310880 kB
SUnreclaim:       155092 kB
KernelStack:       21624 kB
PageTables:       146952 kB
NFS_Unstable:          0 kB
Bounce:                0 kB
WritebackTmp:          0 kB
CommitLimit:    16395828 kB
Committed_AS:   19319520 kB
VmallocTotal:   34359738367 kB
VmallocUsed:       67928 kB
VmallocChunk:          0 kB
Percpu:             2704 kB
HardwareCorrupted:     0 kB
AnonHugePages:         0 kB
ShmemHugePages:        0 kB
ShmemPmdMapped:        0 kB
FileHugePages:         0 kB
FilePmdMapped:         0 kB
HugePages_Total:       0
HugePages_Free:        0
HugePages_Rsvd:        0
HugePages_Surp:        0
Hugepagesize:       2048 kB
Hugetlb:               0 kB
DirectMap4k:     2942828 kB
DirectMap2M:    13441024 kB

/sys/kernel/mm/transparent_hugepage/enabled: always madvise [never]
/sys/kernel/mm/transparent_hugepage/hpage_pmd_size: 2097152
/sys/kernel/mm/transparent_hugepage/defrag (defrag/compaction efforts parameter): always defer defer+madvise [madvise] never

Process Memory:
Virtual Size: 979036K (peak: 982088K)
Resident Set Size: 137884K (peak: 138924K) (anon: 104180K, file: 33704K, shmem: 0K)
Swapped out: 0K
C-Heap outstanding allocations: 20464K, retained: 48327K
glibc malloc tunables: (default)

/proc/sys/kernel/threads-max (system-wide limit on the number of threads): 123991
/proc/sys/vm/max_map_count (maximum number of memory map areas a process may have): 1677720
/proc/sys/kernel/pid_max (system-wide limit on number of process identifiers): 4194304

container (cgroup) information:
container_type: cgroupv1
cpu_cpuset_cpus: 0-3
cpu_memory_nodes: 0
active_processor_count: 4
cpu_quota: no quota
cpu_period: 100000
cpu_shares: no shares
memory_limit_in_bytes: unlimited
memory_and_swap_limit_in_bytes: unlimited
memory_soft_limit_in_bytes: unlimited
memory_usage_in_bytes: 11547824 k
memory_max_usage_in_bytes: 14783012 k
kernel_memory_usage_in_bytes: 338700 k
kernel_memory_max_usage_in_bytes: unlimited
kernel_memory_limit_in_bytes: 985464 k
maximum number of tasks: unlimited
current number of tasks: 576

KVM virtualization detected
Steal ticks since vm start: 4
Steal ticks percentage since vm start:  0.000

CPU: total 4 (initial active 4) (1 cores per cpu, 1 threads per core) family 6 model 60 stepping 1 microcode 0x1, cx8, cmov, fxsr, mmx, sse, sse2, sse3, ssse3, sse4.1, sse4.2, popcnt, lzcnt, tsc, avx, avx2, aes, erms, clmul, bmi1, bmi2, fma, vzeroupper, clflush, hv
CPU Model and flags from /proc/cpuinfo:
model name	: Intel Core Processor (Haswell, no TSX)
flags		: fpu vme de pse tsc msr pae mce cx8 apic sep mtrr pge mca cmov pat pse36 clflush mmx fxsr sse sse2 syscall nx rdtscp lm constant_tsc rep_good nopl xtopology cpuid tsc_known_freq pni pclmulqdq vmx ssse3 fma cx16 pcid sse4_1 sse4_2 x2apic movbe popcnt tsc_deadline_timer aes xsave avx f16c rdrand hypervisor lahf_lm abm cpuid_fault invpcid_single pti tpr_shadow vnmi flexpriority ept vpid ept_ad fsgsbase bmi1 avx2 smep bmi2 erms invpcid xsaveopt arat md_clear

Online cpus: 0-3
Offline cpus: 
BIOS frequency limitation: <Not Available>
Frequency switch latency (ns): <Not Available>
Available cpu frequencies: <Not Available>
Current governor: <Not Available>
Core performance/turbo boost: <Not Available>

Memory: 4k page, physical 16014448k(2437752k free), swap 8388604k(8388604k free)
Page Sizes: 4k

vm_info: OpenJDK Server VM (17.0.11+9-LTS) for linux-x86 JRE (17.0.11+9-LTS) (Zulu17.50+19-CA), built on Apr  9 2024 07:14:46 by "zulu_re" with gcc 8.3.0

END.
