#
# A fatal error has been detected by the Java Runtime Environment:
#
#  SIGSEGV (0xb) at pc=0xf786c618, pid=10833, tid=10833
#
# JRE version: OpenJDK Runtime Environment Zulu17.50+19-CA (17.0.11+9) (build 17.0.11+9-LTS)
# Java VM: OpenJDK Server VM Zulu17.50+19-CA (17.0.11+9-LTS, mixed mode, sharing, tiered, g1 gc, linux-x86)
# Problematic frame:
# C  [libc.so.6+0x84618]  cfree+0x28
#
# Core dump will be written. Default location: Core dumps may be processed with "/usr/lib/systemd/systemd-coredump %P %u %g %s %t %c %h %e" (or dumping to /home/almalinux/swg-returns-nge/exe/linux/core.10833)
#
# If you would like to submit a bug report, please visit:
#   http://www.azul.com/support/
#

---------------  S U M M A R Y ------------

Command Line: -Xms128m -Xmx512m -Xss768k -XX:MaxMetaspaceSize=96m -Xrs -XX:-UsePerfData -XX:-AllowUserSignalHandlers -XX:UseSSE=3 -XX+DoEscapeAnalysis -XX:AutoBoxCacheMax:2000 -XX:+OptimizeStringConcat -XX:+OptimizeFill -XX:+EliminateAutoBox -XX:+UseCompressedStrings -XX:+UseCompressedOops -XX:+EliminateLocks -XX:UseFastAccessorMethods -XX:+UseStringCache -XgcPrio:throughput -XXkeepAreaRatio:1 -XXlazyUnlocking -XXcallProfiling -XXcompactRatio:1 

Host: Intel Core Processor (Haswell, no TSX), 4 cores, 15G, AlmaLinux release 8.10 (Cerulean Leopard)
Time: Tue Jan 27 13:49:35 2026 UTC elapsed time: 32011.698602 seconds (0d 8h 53m 31s)

---------------  T H R E A D  ---------------

Current thread is native thread

Stack: [0xffbe6000,0xffca6000],  sp=0xffca3680,  free space=757k
Native frames: (J=compiled Java code, j=interpreted, Vv=VM code, C=native code)
C  [libc.so.6+0x84618]  cfree+0x28


siginfo: si_signo: 11 (SIGSEGV), si_code: 1 (SEGV_MAPERR), si_addr: 0x00000003

Registers:
EAX=0x00000000, EBX=0x00000007, ECX=0xf6eaa84c, EDX=0x0b780d88
ESP=0xffca3680, EBP=0xffca37b8, ESI=0xf798d000, EDI=0x00000000
EIP=0xf786c618, EFLAGS=0x00210202, CR2=0x0000000000000003


Top of Stack: (sp=0xffca3680)
0xffca3680:   0b404010 00000000 ffca37b8 f7af9f1c
0xffca3690:   0b4040a0 f7c10a04 0b780d60 f7af9f1c
0xffca36a0:   00000007 f7af9f0a f7c10a04 f7af9f4c
0xffca36b0:   0b4040a0 f7af9f0a 0b784b00 085b6163
0xffca36c0:   00000007 0b404010 0b403d20 085bb8d1
0xffca36d0:   0b404010 0b403d20 00000000 085bb89b
0xffca36e0:   0cc1ac70 ffca3707 ffca372c 085c6969
0xffca36f0:   087d6c00 ffca372c ffca37b8 084fc53b
0xffca3700:   00000014 00010002 00000000 00000000
0xffca3710:   01010100 00000001 09aa44c0 00000000
0xffca3720:   00000000 00000000 00000000 00000000
0xffca3730:   00000000 00000013 ffca3888 f781d6ff
0xffca3740:   f798d41c 47677753 53656d61 65767265
0xffca3750:   30313a72 00333338 09290100 0b766120
0xffca3760:   08ea0100 08ebc230 08ea5888 f798d41c
0xffca3770:   00000428 00000420 f781d779 085758fd
0xffca3780:   08ea2a80 09b1ea78 08ea5888 08574f56
0xffca3790:   0929a2c4 0929a2c4 ffca3888 08ea583b
0xffca37a0:   0000000c ffca3854 ffca37d0 f798d000
0xffca37b0:   00000000 08575910 00000000 f7805f26
0xffca37c0:   00000000 08575910 00000000 f7805f26
0xffca37d0:   0000000c ffca3854 ffca3888 ffca37f4
0xffca37e0:   0929a2d0 00000000 ffca3888 f798d000
0xffca37f0:   f77f575c f798d000 00000000 08575910
0xffca3800:   00000000 8d8ae1d2 195889c2 00000000
0xffca3810:   00000000 00000000 f7f0c4d0 f7805e30
0xffca3820:   084fc260 0929a2c4 0000000c 08575946
0xffca3830:   084fc260 0000000c ffca3854 08ea57f0
0xffca3840:   08ea5850 f7f0c4d0 ffca384c f7f39970
0xffca3850:   0000000c ffca463b ffca464d ffca4650
0xffca3860:   ffca4662 ffca4665 ffca4670 ffca4694
0xffca3870:   ffca46a4 ffca46b6 ffca46d8 ffca46db 

Instructions: (pc=0xf786c618)
0xf786c518:   50 8d 96 86 f7 fa ff 8d 86 d0 2f fb ff e8 c6 b7
0xf786c528:   ff ff 8d b6 00 00 00 00 bb 20 00 00 00 e9 5e fe
0xf786c538:   ff ff e8 a1 c0 ff ff 89 c5 85 c0 0f 85 68 ff ff
0xf786c548:   ff 31 d2 8d 44 3b 10 e8 8c c1 ff ff 89 da 89 f9
0xf786c558:   89 c5 e8 11 f0 ff ff 89 c2 85 c0 75 1b 85 ed 74
0xf786c568:   17 90 89 fa 89 e8 e8 bd c5 ff ff 89 da 89 f9 89
0xf786c578:   c5 e8 f2 ef ff ff 89 c2 85 ed 0f 84 57 ff ff ff
0xf786c588:   e9 39 ff ff ff 8d 86 b8 31 fb ff 83 ec 0c b9 25
0xf786c598:   0d 00 00 50 8d 96 86 f7 fa ff 8d 86 74 2f fb ff
0xf786c5a8:   e8 43 b7 ff ff 8d 76 00 f3 0f 1e fb e8 0a 9a f9
0xf786c5b8:   ff 05 47 0a 12 00 56 53 83 ec 04 8b 5c 24 10 8b
0xf786c5c8:   74 24 14 8b 80 50 ff ff ff c7 00 00 00 00 00 e8
0xf786c5d8:   54 bb ff ff 8b 4c 24 0c 83 c4 04 89 f2 89 d8 5b
0xf786c5e8:   5e e9 42 fd ff ff 66 90 f3 0f 1e fb 56 e8 9a 9b
0xf786c5f8:   f9 ff 81 c6 06 0a 12 00 53 83 ec 14 8b 5c 24 20
0xf786c608:   8b 86 5c ff ff ff 8b 00 85 c0 75 6c 85 db 74 75
0xf786c618:   8b 4b fc 8d 53 f8 f6 c1 02 75 35 8b 86 70 fe ff
0xf786c628:   ff 65 8b 00 85 c0 0f 84 8c 00 00 00 83 e1 04 8d
0xf786c638:   86 60 07 00 00 74 09 89 d0 25 00 00 f0 ff 8b 00
0xf786c648:   83 c4 14 31 c9 5b 5e e9 8c cb ff ff 8d 74 26 00
0xf786c658:   8b 9e 60 01 00 00 85 db 75 10 3b 8e 48 01 00 00
0xf786c668:   76 08 81 f9 00 00 08 00 76 26 83 c4 14 89 d0 5b
0xf786c678:   5e e9 92 b8 ff ff 66 90 83 ec 08 ff 74 24 24 53
0xf786c688:   ff d0 83 c4 10 83 c4 14 5b 5e c3 8d 74 26 00 90
0xf786c698:   39 96 80 1d 00 00 77 08 39 96 7c 1d 00 00 77 ca
0xf786c6a8:   83 e1 f8 8d 04 09 89 8e 48 01 00 00 89 86 40 01
0xf786c6b8:   00 00 90 eb b5 8d 76 00 8b 86 74 fe ff ff 65 80
0xf786c6c8:   38 00 0f 85 64 ff ff ff 89 54 24 0c e8 97 ed ff
0xf786c6d8:   ff 8b 4b fc 8b 54 24 0c e9 4f ff ff ff 8d b4 26
0xf786c6e8:   00 00 00 00 8d 74 26 00 f3 0f 1e fb 55 57 56 e8
0xf786c6f8:   98 9a f9 ff 81 c6 04 09 12 00 53 83 ec 0c 8b 86
0xf786c708:   70 fe ff ff 8b 96 74 fe ff ff 65 8b 28 65 c6 02 



---------------  P R O C E S S  ---------------

VM state: at safepoint (shutting down)

VM Mutex/Monitor currently owned by a thread:  ([mutex/lock_event])
[0xf5e21d30] Threads_lock - owner thread: 0xc4194cf0

GC Precious Log:
<Skipped>

Heap:
 garbage-first heap   total 131072K, used 30338K [0xc5c00000, 0xe5c00000)
  region size 1024K, 29 young (29696K), 2 survivors (2048K)
 Metaspace       used 3522K, committed 3776K, reserved 16384K

Heap Regions: E=young(eden), S=young(survivor), O=old, HS=humongous(starts), HC=humongous(continues), CS=collection set, F=free, OA=open archive, CA=closed archive, TAMS=top-at-mark-start (previous, next)
|   0|0xc5c00000, 0xc5d00000, 0xc5d00000|100%| O|  |TAMS 0xc5c00000, 0xc5c00000| Untracked 
|   1|0xc5d00000, 0xc5dc3a00, 0xc5e00000| 76%| O|  |TAMS 0xc5d00000, 0xc5d00000| Untracked 
|   2|0xc5e00000, 0xc5e00000, 0xc5f00000|  0%| F|  |TAMS 0xc5e00000, 0xc5e00000| Untracked 
|   3|0xc5f00000, 0xc5f00000, 0xc6000000|  0%| F|  |TAMS 0xc5f00000, 0xc5f00000| Untracked 
|   4|0xc6000000, 0xc6000000, 0xc6100000|  0%| F|  |TAMS 0xc6000000, 0xc6000000| Untracked 
|   5|0xc6100000, 0xc6100000, 0xc6200000|  0%| F|  |TAMS 0xc6100000, 0xc6100000| Untracked 
|   6|0xc6200000, 0xc6200000, 0xc6300000|  0%| F|  |TAMS 0xc6200000, 0xc6200000| Untracked 
|   7|0xc6300000, 0xc6300000, 0xc6400000|  0%| F|  |TAMS 0xc6300000, 0xc6300000| Untracked 
|   8|0xc6400000, 0xc6400000, 0xc6500000|  0%| F|  |TAMS 0xc6400000, 0xc6400000| Untracked 
|   9|0xc6500000, 0xc6500000, 0xc6600000|  0%| F|  |TAMS 0xc6500000, 0xc6500000| Untracked 
|  10|0xc6600000, 0xc6600000, 0xc6700000|  0%| F|  |TAMS 0xc6600000, 0xc6600000| Untracked 
|  11|0xc6700000, 0xc6700000, 0xc6800000|  0%| F|  |TAMS 0xc6700000, 0xc6700000| Untracked 
|  12|0xc6800000, 0xc6800000, 0xc6900000|  0%| F|  |TAMS 0xc6800000, 0xc6800000| Untracked 
|  13|0xc6900000, 0xc6900000, 0xc6a00000|  0%| F|  |TAMS 0xc6900000, 0xc6900000| Untracked 
|  14|0xc6a00000, 0xc6a00000, 0xc6b00000|  0%| F|  |TAMS 0xc6a00000, 0xc6a00000| Untracked 
|  15|0xc6b00000, 0xc6b00000, 0xc6c00000|  0%| F|  |TAMS 0xc6b00000, 0xc6b00000| Untracked 
|  16|0xc6c00000, 0xc6c00000, 0xc6d00000|  0%| F|  |TAMS 0xc6c00000, 0xc6c00000| Untracked 
|  17|0xc6d00000, 0xc6d00000, 0xc6e00000|  0%| F|  |TAMS 0xc6d00000, 0xc6d00000| Untracked 
|  18|0xc6e00000, 0xc6e00000, 0xc6f00000|  0%| F|  |TAMS 0xc6e00000, 0xc6e00000| Untracked 
|  19|0xc6f00000, 0xc6f00000, 0xc7000000|  0%| F|  |TAMS 0xc6f00000, 0xc6f00000| Untracked 
|  20|0xc7000000, 0xc7000000, 0xc7100000|  0%| F|  |TAMS 0xc7000000, 0xc7000000| Untracked 
|  21|0xc7100000, 0xc7100000, 0xc7200000|  0%| F|  |TAMS 0xc7100000, 0xc7100000| Untracked 
|  22|0xc7200000, 0xc7200000, 0xc7300000|  0%| F|  |TAMS 0xc7200000, 0xc7200000| Untracked 
|  23|0xc7300000, 0xc7300000, 0xc7400000|  0%| F|  |TAMS 0xc7300000, 0xc7300000| Untracked 
|  24|0xc7400000, 0xc7400000, 0xc7500000|  0%| F|  |TAMS 0xc7400000, 0xc7400000| Untracked 
|  25|0xc7500000, 0xc7500000, 0xc7600000|  0%| F|  |TAMS 0xc7500000, 0xc7500000| Untracked 
|  26|0xc7600000, 0xc7600000, 0xc7700000|  0%| F|  |TAMS 0xc7600000, 0xc7600000| Untracked 
|  27|0xc7700000, 0xc7700000, 0xc7800000|  0%| F|  |TAMS 0xc7700000, 0xc7700000| Untracked 
|  28|0xc7800000, 0xc7800000, 0xc7900000|  0%| F|  |TAMS 0xc7800000, 0xc7800000| Untracked 
|  29|0xc7900000, 0xc7900000, 0xc7a00000|  0%| F|  |TAMS 0xc7900000, 0xc7900000| Untracked 
|  30|0xc7a00000, 0xc7a00000, 0xc7b00000|  0%| F|  |TAMS 0xc7a00000, 0xc7a00000| Untracked 
|  31|0xc7b00000, 0xc7b00000, 0xc7c00000|  0%| F|  |TAMS 0xc7b00000, 0xc7b00000| Untracked 
|  32|0xc7c00000, 0xc7c00000, 0xc7d00000|  0%| F|  |TAMS 0xc7c00000, 0xc7c00000| Untracked 
|  33|0xc7d00000, 0xc7d00000, 0xc7e00000|  0%| F|  |TAMS 0xc7d00000, 0xc7d00000| Untracked 
|  34|0xc7e00000, 0xc7e00000, 0xc7f00000|  0%| F|  |TAMS 0xc7e00000, 0xc7e00000| Untracked 
|  35|0xc7f00000, 0xc7f00000, 0xc8000000|  0%| F|  |TAMS 0xc7f00000, 0xc7f00000| Untracked 
|  36|0xc8000000, 0xc8000000, 0xc8100000|  0%| F|  |TAMS 0xc8000000, 0xc8000000| Untracked 
|  37|0xc8100000, 0xc8100000, 0xc8200000|  0%| F|  |TAMS 0xc8100000, 0xc8100000| Untracked 
|  38|0xc8200000, 0xc8200000, 0xc8300000|  0%| F|  |TAMS 0xc8200000, 0xc8200000| Untracked 
|  39|0xc8300000, 0xc8300000, 0xc8400000|  0%| F|  |TAMS 0xc8300000, 0xc8300000| Untracked 
|  40|0xc8400000, 0xc8400000, 0xc8500000|  0%| F|  |TAMS 0xc8400000, 0xc8400000| Untracked 
|  41|0xc8500000, 0xc8500000, 0xc8600000|  0%| F|  |TAMS 0xc8500000, 0xc8500000| Untracked 
|  42|0xc8600000, 0xc8600000, 0xc8700000|  0%| F|  |TAMS 0xc8600000, 0xc8600000| Untracked 
|  43|0xc8700000, 0xc8700000, 0xc8800000|  0%| F|  |TAMS 0xc8700000, 0xc8700000| Untracked 
|  44|0xc8800000, 0xc8800000, 0xc8900000|  0%| F|  |TAMS 0xc8800000, 0xc8800000| Untracked 
|  45|0xc8900000, 0xc8900000, 0xc8a00000|  0%| F|  |TAMS 0xc8900000, 0xc8900000| Untracked 
|  46|0xc8a00000, 0xc8a00000, 0xc8b00000|  0%| F|  |TAMS 0xc8a00000, 0xc8a00000| Untracked 
|  47|0xc8b00000, 0xc8b00000, 0xc8c00000|  0%| F|  |TAMS 0xc8b00000, 0xc8b00000| Untracked 
|  48|0xc8c00000, 0xc8c00000, 0xc8d00000|  0%| F|  |TAMS 0xc8c00000, 0xc8c00000| Untracked 
|  49|0xc8d00000, 0xc8d00000, 0xc8e00000|  0%| F|  |TAMS 0xc8d00000, 0xc8d00000| Untracked 
|  50|0xc8e00000, 0xc8e00000, 0xc8f00000|  0%| F|  |TAMS 0xc8e00000, 0xc8e00000| Untracked 
|  51|0xc8f00000, 0xc8f00000, 0xc9000000|  0%| F|  |TAMS 0xc8f00000, 0xc8f00000| Untracked 
|  52|0xc9000000, 0xc90dc870, 0xc9100000| 86%| S|CS|TAMS 0xc9000000, 0xc9000000| Complete 
|  53|0xc9100000, 0xc9200000, 0xc9200000|100%| S|CS|TAMS 0xc9100000, 0xc9100000| Complete 
|  54|0xc9200000, 0xc9200000, 0xc9300000|  0%| F|  |TAMS 0xc9200000, 0xc9200000| Untracked 
|  55|0xc9300000, 0xc9300000, 0xc9400000|  0%| F|  |TAMS 0xc9300000, 0xc9300000| Untracked 
|  56|0xc9400000, 0xc9400000, 0xc9500000|  0%| F|  |TAMS 0xc9400000, 0xc9400000| Untracked 
|  57|0xc9500000, 0xc9500000, 0xc9600000|  0%| F|  |TAMS 0xc9500000, 0xc9500000| Untracked 
|  58|0xc9600000, 0xc9600000, 0xc9700000|  0%| F|  |TAMS 0xc9600000, 0xc9600000| Untracked 
|  59|0xc9700000, 0xc9700000, 0xc9800000|  0%| F|  |TAMS 0xc9700000, 0xc9700000| Untracked 
|  60|0xc9800000, 0xc9800000, 0xc9900000|  0%| F|  |TAMS 0xc9800000, 0xc9800000| Untracked 
|  61|0xc9900000, 0xc9900000, 0xc9a00000|  0%| F|  |TAMS 0xc9900000, 0xc9900000| Untracked 
|  62|0xc9a00000, 0xc9a00000, 0xc9b00000|  0%| F|  |TAMS 0xc9a00000, 0xc9a00000| Untracked 
|  63|0xc9b00000, 0xc9b00000, 0xc9c00000|  0%| F|  |TAMS 0xc9b00000, 0xc9b00000| Untracked 
|  64|0xc9c00000, 0xc9c00000, 0xc9d00000|  0%| F|  |TAMS 0xc9c00000, 0xc9c00000| Untracked 
|  65|0xc9d00000, 0xc9d00000, 0xc9e00000|  0%| F|  |TAMS 0xc9d00000, 0xc9d00000| Untracked 
|  66|0xc9e00000, 0xc9e00000, 0xc9f00000|  0%| F|  |TAMS 0xc9e00000, 0xc9e00000| Untracked 
|  67|0xc9f00000, 0xc9f00000, 0xca000000|  0%| F|  |TAMS 0xc9f00000, 0xc9f00000| Untracked 
|  68|0xca000000, 0xca000000, 0xca100000|  0%| F|  |TAMS 0xca000000, 0xca000000| Untracked 
|  69|0xca100000, 0xca100000, 0xca200000|  0%| F|  |TAMS 0xca100000, 0xca100000| Untracked 
|  70|0xca200000, 0xca200000, 0xca300000|  0%| F|  |TAMS 0xca200000, 0xca200000| Untracked 
|  71|0xca300000, 0xca300000, 0xca400000|  0%| F|  |TAMS 0xca300000, 0xca300000| Untracked 
|  72|0xca400000, 0xca400000, 0xca500000|  0%| F|  |TAMS 0xca400000, 0xca400000| Untracked 
|  73|0xca500000, 0xca500000, 0xca600000|  0%| F|  |TAMS 0xca500000, 0xca500000| Untracked 
|  74|0xca600000, 0xca600000, 0xca700000|  0%| F|  |TAMS 0xca600000, 0xca600000| Untracked 
|  75|0xca700000, 0xca700000, 0xca800000|  0%| F|  |TAMS 0xca700000, 0xca700000| Untracked 
|  76|0xca800000, 0xca800000, 0xca900000|  0%| F|  |TAMS 0xca800000, 0xca800000| Untracked 
|  77|0xca900000, 0xca900000, 0xcaa00000|  0%| F|  |TAMS 0xca900000, 0xca900000| Untracked 
|  78|0xcaa00000, 0xcaa00000, 0xcab00000|  0%| F|  |TAMS 0xcaa00000, 0xcaa00000| Untracked 
|  79|0xcab00000, 0xcab00000, 0xcac00000|  0%| F|  |TAMS 0xcab00000, 0xcab00000| Untracked 
|  80|0xcac00000, 0xcac00000, 0xcad00000|  0%| F|  |TAMS 0xcac00000, 0xcac00000| Untracked 
|  81|0xcad00000, 0xcad00000, 0xcae00000|  0%| F|  |TAMS 0xcad00000, 0xcad00000| Untracked 
|  82|0xcae00000, 0xcae00000, 0xcaf00000|  0%| F|  |TAMS 0xcae00000, 0xcae00000| Untracked 
|  83|0xcaf00000, 0xcaf00000, 0xcb000000|  0%| F|  |TAMS 0xcaf00000, 0xcaf00000| Untracked 
|  84|0xcb000000, 0xcb000000, 0xcb100000|  0%| F|  |TAMS 0xcb000000, 0xcb000000| Untracked 
|  85|0xcb100000, 0xcb100000, 0xcb200000|  0%| F|  |TAMS 0xcb100000, 0xcb100000| Untracked 
|  86|0xcb200000, 0xcb200000, 0xcb300000|  0%| F|  |TAMS 0xcb200000, 0xcb200000| Untracked 
|  87|0xcb300000, 0xcb300000, 0xcb400000|  0%| F|  |TAMS 0xcb300000, 0xcb300000| Untracked 
|  88|0xcb400000, 0xcb400000, 0xcb500000|  0%| F|  |TAMS 0xcb400000, 0xcb400000| Untracked 
|  89|0xcb500000, 0xcb500000, 0xcb600000|  0%| F|  |TAMS 0xcb500000, 0xcb500000| Untracked 
|  90|0xcb600000, 0xcb600000, 0xcb700000|  0%| F|  |TAMS 0xcb600000, 0xcb600000| Untracked 
|  91|0xcb700000, 0xcb700000, 0xcb800000|  0%| F|  |TAMS 0xcb700000, 0xcb700000| Untracked 
|  92|0xcb800000, 0xcb800000, 0xcb900000|  0%| F|  |TAMS 0xcb800000, 0xcb800000| Untracked 
|  93|0xcb900000, 0xcb900000, 0xcba00000|  0%| F|  |TAMS 0xcb900000, 0xcb900000| Untracked 
|  94|0xcba00000, 0xcba00000, 0xcbb00000|  0%| F|  |TAMS 0xcba00000, 0xcba00000| Untracked 
|  95|0xcbb00000, 0xcbb00000, 0xcbc00000|  0%| F|  |TAMS 0xcbb00000, 0xcbb00000| Untracked 
|  96|0xcbc00000, 0xcbc00000, 0xcbd00000|  0%| F|  |TAMS 0xcbc00000, 0xcbc00000| Untracked 
|  97|0xcbd00000, 0xcbd00000, 0xcbe00000|  0%| F|  |TAMS 0xcbd00000, 0xcbd00000| Untracked 
|  98|0xcbe00000, 0xcbe00000, 0xcbf00000|  0%| F|  |TAMS 0xcbe00000, 0xcbe00000| Untracked 
|  99|0xcbf00000, 0xcbf00000, 0xcc000000|  0%| F|  |TAMS 0xcbf00000, 0xcbf00000| Untracked 
| 100|0xcc000000, 0xcc000000, 0xcc100000|  0%| F|  |TAMS 0xcc000000, 0xcc000000| Untracked 
| 101|0xcc100000, 0xcc100800, 0xcc200000|  0%| E|  |TAMS 0xcc100000, 0xcc100000| Complete 
| 102|0xcc200000, 0xcc300000, 0xcc300000|100%| E|CS|TAMS 0xcc200000, 0xcc200000| Complete 
| 103|0xcc300000, 0xcc400000, 0xcc400000|100%| E|CS|TAMS 0xcc300000, 0xcc300000| Complete 
| 104|0xcc400000, 0xcc500000, 0xcc500000|100%| E|CS|TAMS 0xcc400000, 0xcc400000| Complete 
| 105|0xcc500000, 0xcc600000, 0xcc600000|100%| E|CS|TAMS 0xcc500000, 0xcc500000| Complete 
| 106|0xcc600000, 0xcc700000, 0xcc700000|100%| E|CS|TAMS 0xcc600000, 0xcc600000| Complete 
| 107|0xcc700000, 0xcc800000, 0xcc800000|100%| E|CS|TAMS 0xcc700000, 0xcc700000| Complete 
| 108|0xcc800000, 0xcc900000, 0xcc900000|100%| E|CS|TAMS 0xcc800000, 0xcc800000| Complete 
| 109|0xcc900000, 0xcca00000, 0xcca00000|100%| E|CS|TAMS 0xcc900000, 0xcc900000| Complete 
| 110|0xcca00000, 0xccb00000, 0xccb00000|100%| E|CS|TAMS 0xcca00000, 0xcca00000| Complete 
| 111|0xccb00000, 0xccc00000, 0xccc00000|100%| E|CS|TAMS 0xccb00000, 0xccb00000| Complete 
| 112|0xccc00000, 0xccd00000, 0xccd00000|100%| E|CS|TAMS 0xccc00000, 0xccc00000| Complete 
| 113|0xccd00000, 0xcce00000, 0xcce00000|100%| E|CS|TAMS 0xccd00000, 0xccd00000| Complete 
| 114|0xcce00000, 0xccf00000, 0xccf00000|100%| E|CS|TAMS 0xcce00000, 0xcce00000| Complete 
| 115|0xccf00000, 0xcd000000, 0xcd000000|100%| E|CS|TAMS 0xccf00000, 0xccf00000| Complete 
| 116|0xcd000000, 0xcd100000, 0xcd100000|100%| E|CS|TAMS 0xcd000000, 0xcd000000| Complete 
| 117|0xcd100000, 0xcd200000, 0xcd200000|100%| E|CS|TAMS 0xcd100000, 0xcd100000| Complete 
| 118|0xcd200000, 0xcd300000, 0xcd300000|100%| E|CS|TAMS 0xcd200000, 0xcd200000| Complete 
| 119|0xcd300000, 0xcd400000, 0xcd400000|100%| E|CS|TAMS 0xcd300000, 0xcd300000| Complete 
| 120|0xcd400000, 0xcd500000, 0xcd500000|100%| E|CS|TAMS 0xcd400000, 0xcd400000| Complete 
| 121|0xcd500000, 0xcd600000, 0xcd600000|100%| E|CS|TAMS 0xcd500000, 0xcd500000| Complete 
| 122|0xcd600000, 0xcd700000, 0xcd700000|100%| E|CS|TAMS 0xcd600000, 0xcd600000| Complete 
| 123|0xcd700000, 0xcd800000, 0xcd800000|100%| E|CS|TAMS 0xcd700000, 0xcd700000| Complete 
| 124|0xcd800000, 0xcd900000, 0xcd900000|100%| E|CS|TAMS 0xcd800000, 0xcd800000| Complete 
| 125|0xcd900000, 0xcda00000, 0xcda00000|100%| E|CS|TAMS 0xcd900000, 0xcd900000| Complete 
| 126|0xcda00000, 0xcdb00000, 0xcdb00000|100%| E|CS|TAMS 0xcda00000, 0xcda00000| Complete 
| 127|0xcdb00000, 0xcdc00000, 0xcdc00000|100%| E|CS|TAMS 0xcdb00000, 0xcdb00000| Complete 

Card table byte_map: [0xc5a00000,0xc5b00000] _byte_map_base: 0xc53d2000

Marking Bits (Prev, Next): (CMBitMap*) 0xf5e8b528, (CMBitMap*) 0xf5e8b548
 Prev Bits: [0xc5100000, 0xc5900000)
 Next Bits: [0xc4900000, 0xc5100000)

Polling page: 0xf7efe000

Metaspace:

Usage:
    3.44 MB used.

Virtual space:
     16.00 MB reserved,       3.69 MB ( 23%) committed,  1 nodes.

Chunk freelists:
9.77 MB

MaxMetaspaceSize: 96.00 MB
No class space
Initial GC threshold: 16.00 MB
Current GC threshold: 16.00 MB
CDS: on
MetaspaceReclaimPolicy: balanced
 - commit_granule_bytes: 65536.
 - commit_granule_words: 16384.
 - virtual_space_node_default_size: 4194304.
 - enlarge_chunks_in_place: 1.
 - new_chunks_are_fully_committed: 0.
 - uncommit_free_chunks: 1.
 - use_allocation_guard: 0.
 - handle_deallocations: 1.


Internal statistics:

num_allocs_failed_limit: 0.
num_arena_births: 149.
num_arena_deaths: 0.
num_vsnodes_births: 1.
num_vsnodes_deaths: 0.
num_space_committed: 59.
num_space_uncommitted: 0.
num_chunks_returned_to_freelist: 0.
num_chunks_taken_from_freelist: 301.
num_chunk_merges: 0.
num_chunk_splits: 201.
num_chunks_enlarged: 122.
num_inconsistent_stats: 0.

CodeHeap 'non-profiled nmethods': size=120172Kb used=1519Kb max_used=1519Kb free=118653Kb
 bounds [0xed7f5000, 0xeda35000, 0xf4d50000]
CodeHeap 'profiled nmethods': size=120172Kb used=3332Kb max_used=3332Kb free=116839Kb
 bounds [0xe5d50000, 0xe6098000, 0xed2ab000]
CodeHeap 'non-nmethods': size=5416Kb used=725Kb max_used=769Kb free=4690Kb
 bounds [0xed2ab000, 0xed4eb000, 0xed7f5000]
 total_blobs=2015 nmethods=1683 adapters=246
 compilation: enabled
              stopped_count=0, restarted_count=0
 full_count=0

Compilation events (20 events):
Event: 29799.877 Thread 0xc419f450 1673       4       java.lang.invoke.LambdaForm$MH/0xc24f4a98::invoke (32 bytes)
Event: 29799.878 Thread 0xc419f450 nmethod 1673 0xed965588 code [0xed9656c0, 0xed9657e4]
Event: 29799.878 Thread 0xc419f450 1674       4       java.lang.invoke.DirectMethodHandle$Holder::invokeStatic (21 bytes)
Event: 29799.879 Thread 0xc419f450 nmethod 1674 0xed965908 code [0xed965a20, 0xed965afc]
Event: 30025.521 Thread 0xc419f450 1675       4       script.space.combat.combat_ship::OnShipWasHit (1056 bytes)
Event: 30025.917 Thread 0xc419f450 nmethod 1675 0xed965c08 code [0xed9662e0, 0xed96af40]
Event: 30081.382 Thread 0xc41a0580 1676       3       script.base_class::_spaceSquadGetUnitList (42 bytes)
Event: 30081.383 Thread 0xc41a0580 nmethod 1676 0xe608e308 code [0xe608e4a0, 0xe608ea04]
Event: 30146.996 Thread 0xc419f450 1677       4       script.space.content_tools.spawner::isSpawnerActivated (57 bytes)
Event: 30146.999 Thread 0xc419f450 nmethod 1677 0xed96f008 code [0xed96f140, 0xed96f244]
Event: 30668.907 Thread 0xc419f450 1679       4       script.ranged_int_custom_var::<init> (23 bytes)
Event: 30668.911 Thread 0xc419f450 nmethod 1679 0xed96f688 code [0xed96f7c0, 0xed96fa5c]
Event: 30906.961 Thread 0xc41a0580 1680       3       script.library.space_combat::targetDestroyed (16 bytes)
Event: 30906.962 Thread 0xc41a0580 nmethod 1680 0xe608ec08 code [0xe608eda0, 0xe608f0d8]
Event: 30939.693 Thread 0xc41a0580 1682       3       script.base_class::_spaceUnitRemoveAttackTarget (12 bytes)
Event: 30939.693 Thread 0xc41a0580 nmethod 1682 0xe608f288 code [0xe608f3e0, 0xe608f6cc]
Event: 31923.985 Thread 0xc41a0580 1684       3       jdk.internal.reflect.AccessorGenerator::getClassName (197 bytes)
Event: 31923.987 Thread 0xc41a0580 nmethod 1684 0xe608f888 code [0xe608fc60, 0xe6090da4]
Event: 31923.987 Thread 0xc419f450 1685       4       java.util.ArrayList::add (25 bytes)
Event: 31923.997 Thread 0xc419f450 nmethod 1685 0xed970188 code [0xed9702c0, 0xed9709f0]

GC Heap History (20 events):
Event: 8859.060 GC heap before
{Heap before GC invocations=3 (full 0):
 garbage-first heap   total 131072K, used 79426K [0xc5c00000, 0xe5c00000)
  region size 1024K, 76 young (77824K), 2 survivors (2048K)
 Metaspace       used 3443K, committed 3648K, reserved 16384K
}
Event: 8859.104 GC heap after
{Heap after GC invocations=4 (full 0):
 garbage-first heap   total 131072K, used 3727K [0xc5c00000, 0xe5c00000)
  region size 1024K, 2 young (2048K), 2 survivors (2048K)
 Metaspace       used 3443K, committed 3648K, reserved 16384K
}
Event: 9932.115 GC heap before
{Heap before GC invocations=4 (full 0):
 garbage-first heap   total 131072K, used 79503K [0xc5c00000, 0xe5c00000)
  region size 1024K, 76 young (77824K), 2 survivors (2048K)
 Metaspace       used 3461K, committed 3648K, reserved 16384K
}
Event: 9932.143 GC heap after
{Heap after GC invocations=5 (full 0):
 garbage-first heap   total 131072K, used 3706K [0xc5c00000, 0xe5c00000)
  region size 1024K, 2 young (2048K), 2 survivors (2048K)
 Metaspace       used 3461K, committed 3648K, reserved 16384K
}
Event: 11014.413 GC heap before
{Heap before GC invocations=5 (full 0):
 garbage-first heap   total 131072K, used 79482K [0xc5c00000, 0xe5c00000)
  region size 1024K, 76 young (77824K), 2 survivors (2048K)
 Metaspace       used 3465K, committed 3648K, reserved 16384K
}
Event: 11014.463 GC heap after
{Heap after GC invocations=6 (full 0):
 garbage-first heap   total 131072K, used 3620K [0xc5c00000, 0xe5c00000)
  region size 1024K, 2 young (2048K), 2 survivors (2048K)
 Metaspace       used 3465K, committed 3648K, reserved 16384K
}
Event: 17022.894 GC heap before
{Heap before GC invocations=6 (full 0):
 garbage-first heap   total 131072K, used 79396K [0xc5c00000, 0xe5c00000)
  region size 1024K, 76 young (77824K), 2 survivors (2048K)
 Metaspace       used 3485K, committed 3712K, reserved 16384K
}
Event: 17022.934 GC heap after
{Heap after GC invocations=7 (full 0):
 garbage-first heap   total 131072K, used 3701K [0xc5c00000, 0xe5c00000)
  region size 1024K, 2 young (2048K), 2 survivors (2048K)
 Metaspace       used 3485K, committed 3712K, reserved 16384K
}
Event: 19668.262 GC heap before
{Heap before GC invocations=7 (full 0):
 garbage-first heap   total 131072K, used 79477K [0xc5c00000, 0xe5c00000)
  region size 1024K, 76 young (77824K), 2 survivors (2048K)
 Metaspace       used 3503K, committed 3712K, reserved 16384K
}
Event: 19668.287 GC heap after
{Heap after GC invocations=8 (full 0):
 garbage-first heap   total 131072K, used 3628K [0xc5c00000, 0xe5c00000)
  region size 1024K, 2 young (2048K), 2 survivors (2048K)
 Metaspace       used 3503K, committed 3712K, reserved 16384K
}
Event: 21108.812 GC heap before
{Heap before GC invocations=8 (full 0):
 garbage-first heap   total 131072K, used 79404K [0xc5c00000, 0xe5c00000)
  region size 1024K, 76 young (77824K), 2 survivors (2048K)
 Metaspace       used 3503K, committed 3712K, reserved 16384K
}
Event: 21108.842 GC heap after
{Heap after GC invocations=9 (full 0):
 garbage-first heap   total 131072K, used 3712K [0xc5c00000, 0xe5c00000)
  region size 1024K, 2 young (2048K), 2 survivors (2048K)
 Metaspace       used 3503K, committed 3712K, reserved 16384K
}
Event: 22410.581 GC heap before
{Heap before GC invocations=9 (full 0):
 garbage-first heap   total 131072K, used 79488K [0xc5c00000, 0xe5c00000)
  region size 1024K, 76 young (77824K), 2 survivors (2048K)
 Metaspace       used 3507K, committed 3712K, reserved 16384K
}
Event: 22410.605 GC heap after
{Heap after GC invocations=10 (full 0):
 garbage-first heap   total 131072K, used 3608K [0xc5c00000, 0xe5c00000)
  region size 1024K, 2 young (2048K), 2 survivors (2048K)
 Metaspace       used 3507K, committed 3712K, reserved 16384K
}
Event: 28025.548 GC heap before
{Heap before GC invocations=10 (full 0):
 garbage-first heap   total 131072K, used 79384K [0xc5c00000, 0xe5c00000)
  region size 1024K, 76 young (77824K), 2 survivors (2048K)
 Metaspace       used 3511K, committed 3712K, reserved 16384K
}
Event: 28025.567 GC heap after
{Heap after GC invocations=11 (full 0):
 garbage-first heap   total 131072K, used 3608K [0xc5c00000, 0xe5c00000)
  region size 1024K, 2 young (2048K), 2 survivors (2048K)
 Metaspace       used 3511K, committed 3712K, reserved 16384K
}
Event: 30341.814 GC heap before
{Heap before GC invocations=11 (full 0):
 garbage-first heap   total 131072K, used 79384K [0xc5c00000, 0xe5c00000)
  region size 1024K, 76 young (77824K), 2 survivors (2048K)
 Metaspace       used 3516K, committed 3776K, reserved 16384K
}
Event: 30341.831 GC heap after
{Heap after GC invocations=12 (full 0):
 garbage-first heap   total 131072K, used 3614K [0xc5c00000, 0xe5c00000)
  region size 1024K, 2 young (2048K), 2 survivors (2048K)
 Metaspace       used 3516K, committed 3776K, reserved 16384K
}
Event: 31431.977 GC heap before
{Heap before GC invocations=12 (full 0):
 garbage-first heap   total 131072K, used 79390K [0xc5c00000, 0xe5c00000)
  region size 1024K, 76 young (77824K), 2 survivors (2048K)
 Metaspace       used 3516K, committed 3776K, reserved 16384K
}
Event: 31431.995 GC heap after
{Heap after GC invocations=13 (full 0):
 garbage-first heap   total 131072K, used 3712K [0xc5c00000, 0xe5c00000)
  region size 1024K, 2 young (2048K), 2 survivors (2048K)
 Metaspace       used 3516K, committed 3776K, reserved 16384K
}

Dll operation events (4 events):
Event: 0.003 Loaded shared library /usr/lib/jvm/java-17-zulu-openjdk-jdk-x86/lib/libjava.so
Event: 26.880 Loaded shared library /usr/lib/jvm/java-17-zulu-openjdk-jdk-x86/lib/libnio.so
Event: 26.880 Loaded shared library /usr/lib/jvm/java-17-zulu-openjdk-jdk-x86/lib/libjimage.so
Event: 26.882 Loaded shared library /usr/lib/jvm/java-17-zulu-openjdk-jdk-x86/lib/libnet.so

Deoptimization events (20 events):
Event: 11141.617 Thread 0x0ca8fe70 Uncommon trap: trap_request=0xffffff45 fr.pc=0xed8b13f8 relative=0x00000058
Event: 11141.617 Thread 0x0ca8fe70 Uncommon trap: reason=unstable_if action=reinterpret pc=0xed8b13f8 method=java.io.ObjectStreamClass.getSerialVersionUID()J @ 4 c2
Event: 11141.617 Thread 0x0ca8fe70 DEOPT PACKING pc=0xed8b13f8 sp=0xffca1ba0
Event: 11141.617 Thread 0x0ca8fe70 DEOPT UNPACKING pc=0xed2f4d33 sp=0xffca1b7c mode 2
Event: 11141.622 Thread 0x0ca8fe70 Uncommon trap: trap_request=0xffffff45 fr.pc=0xed8a1e88 relative=0x00000348
Event: 11141.622 Thread 0x0ca8fe70 Uncommon trap: reason=unstable_if action=reinterpret pc=0xed8a1e88 method=java.util.Hashtable.containsKey(Ljava/lang/Object;)Z @ 36 c2
Event: 11141.622 Thread 0x0ca8fe70 DEOPT PACKING pc=0xed8a1e88 sp=0xffca2540
Event: 11141.622 Thread 0x0ca8fe70 DEOPT UNPACKING pc=0xed2f4d33 sp=0xffca2518 mode 2
Event: 17932.338 Thread 0x0ca8fe70 Uncommon trap: trap_request=0xffffffcc fr.pc=0xed93de4c relative=0x00002c6c
Event: 17932.338 Thread 0x0ca8fe70 Uncommon trap: reason=intrinsic action=make_not_entrant pc=0xed93de4c method=java.util.ArrayList.toArray([Ljava/lang/Object;)[Ljava/lang/Object; @ 36 c2
Event: 17932.338 Thread 0x0ca8fe70 DEOPT PACKING pc=0xed93de4c sp=0xffca2030
Event: 17932.338 Thread 0x0ca8fe70 DEOPT UNPACKING pc=0xed2f4d33 sp=0xffca1f6c mode 2
Event: 22578.842 Thread 0x0ca8fe70 Uncommon trap: trap_request=0xffffffde fr.pc=0xed8e293c relative=0x000005dc
Event: 22578.842 Thread 0x0ca8fe70 Uncommon trap: reason=class_check action=maybe_recompile pc=0xed8e293c method=script.dictionary.put(Ljava/lang/Object;Ljava/util/Vector;)Ljava/lang/Object; @ 93 c2
Event: 22578.842 Thread 0x0ca8fe70 DEOPT PACKING pc=0xed8e293c sp=0xffca2ad0
Event: 22578.842 Thread 0x0ca8fe70 DEOPT UNPACKING pc=0xed2f4d33 sp=0xffca2acc mode 2
Event: 29228.823 Thread 0x0ca8fe70 Uncommon trap: trap_request=0xffffff45 fr.pc=0xed91d088 relative=0x00002fc8
Event: 29228.823 Thread 0x0ca8fe70 Uncommon trap: reason=unstable_if action=reinterpret pc=0xed91d088 method=script.space.combat.combat_ship.OnShipWasHit(Lscript/obj_id;Lscript/obj_id;IZIIZFFF)I @ 313 c2
Event: 29228.824 Thread 0x0ca8fe70 DEOPT PACKING pc=0xed91d088 sp=0xffca2e50
Event: 29228.825 Thread 0x0ca8fe70 DEOPT UNPACKING pc=0xed2f4d33 sp=0xffca2e0c mode 2

Classes unloaded (0 events):
No events

Classes redefined (0 events):
No events

Internal exceptions (7 events):
Event: 24.924 Thread 0x0ca8fe70 Exception <a 'java/lang/NoSuchMethodError'{0xcd2420d8}: static [Ljava/lang/String;.<clinit>()V> (0xcd2420d8) 
thrown [src/hotspot/share/prims/jni.cpp, line 1112]
Event: 26.918 Thread 0x0ca8fe70 Exception <a 'java/lang/NoSuchMethodError'{0xccfb9d60}: 'java.lang.Object java.lang.invoke.DirectMethodHandle$Holder.invokeStaticInit(java.lang.Object)'> (0xccfb9d60) 
thrown [src/hotspot/share/interpreter/linkResolver.cpp, line 759]
Event: 5260.401 Thread 0x0ca8fe70 Implicit null exception at 0xed8ba4d2 to 0xed8bb4e6
Event: 5260.402 Thread 0x0ca8fe70 Implicit null exception at 0xed8b16e5 to 0xed8b1864
Event: 7277.078 Thread 0x0ca8fe70 Exception <a 'java/lang/NoSuchMethodError'{0xcd1fef60}: 'java.lang.Object java.lang.invoke.DirectMethodHandle$Holder.invokeStatic(java.lang.Object, float)'> (0xcd1fef60) 
thrown [src/hotspot/share/interpreter/linkResolver.cpp, line 759]
Event: 8298.946 Thread 0x0ca8fe70 Implicit null exception at 0xed8db6cc to 0xed8db7e0
Event: 11141.617 Thread 0x0ca8fe70 Exception <a 'java/lang/NoSuchMethodError'{0xcca13278}: static [Lscript/obj_id;.<clinit>()V> (0xcca13278) 
thrown [src/hotspot/share/prims/jni.cpp, line 1112]

VM Operations (20 events):
Event: 19668.261 Executing VM operation: G1CollectForAllocation
Event: 19668.287 Executing VM operation: G1CollectForAllocation done
Event: 21108.812 Executing VM operation: G1CollectForAllocation
Event: 21108.842 Executing VM operation: G1CollectForAllocation done
Event: 22410.581 Executing VM operation: G1CollectForAllocation
Event: 22410.605 Executing VM operation: G1CollectForAllocation done
Event: 22579.658 Executing VM operation: Cleanup
Event: 22579.658 Executing VM operation: Cleanup done
Event: 28025.548 Executing VM operation: G1CollectForAllocation
Event: 28025.567 Executing VM operation: G1CollectForAllocation done
Event: 28879.129 Executing VM operation: Cleanup
Event: 28879.129 Executing VM operation: Cleanup done
Event: 29807.504 Executing VM operation: Cleanup
Event: 29807.504 Executing VM operation: Cleanup done
Event: 30026.732 Executing VM operation: Cleanup
Event: 30026.732 Executing VM operation: Cleanup done
Event: 30341.814 Executing VM operation: G1CollectForAllocation
Event: 30341.831 Executing VM operation: G1CollectForAllocation done
Event: 31431.977 Executing VM operation: G1CollectForAllocation
Event: 31431.995 Executing VM operation: G1CollectForAllocation done

Events (20 events):
Event: 26.927 loading class sun/util/logging/PlatformLogger$ConfigurableBridge$LoggerConfiguration
Event: 26.929 loading class sun/util/logging/PlatformLogger$ConfigurableBridge$LoggerConfiguration done
Event: 26.929 loading class jdk/internal/logger/SimpleConsoleLogger done
Event: 26.929 loading class jdk/internal/logger/SurrogateLogger done
Event: 26.929 loading class sun/util/logging/PlatformLogger
Event: 26.930 loading class sun/util/logging/PlatformLogger done
Event: 26.930 loading class sun/util/logging/PlatformLogger$Level
Event: 26.930 loading class sun/util/logging/PlatformLogger$Level done
Event: 26.930 loading class jdk/internal/event/DeserializationEvent
Event: 26.932 loading class jdk/internal/event/DeserializationEvent done
Event: 26.932 loading class java/io/ObjectInputStream$FieldValues
Event: 26.934 loading class java/io/ObjectInputStream$GetField
Event: 26.934 loading class java/io/ObjectInputStream$GetField done
Event: 26.934 loading class java/io/ObjectInputStream$FieldValues done
Event: 56.904 loading class java/io/ObjectStreamException
Event: 56.904 loading class java/io/ObjectStreamException done
Event: 7277.085 loading class jdk/internal/math/FDBigInteger
Event: 7277.085 loading class jdk/internal/math/FDBigInteger done
Event: 31999.793 Thread 0x0ca8fe70 Thread exited: 0x0ca8fe70
Event: 31999.830 Thread 0xf5e242d0 Thread exited: 0xf5e242d0


Dynamic libraries:
08048000-09298000 r-xp 00000000 08:04 494947248                          /home/almalinux/swg-returns-nge/build/bin/SwgGameServer
09298000-0929c000 rw-p 0124f000 08:04 494947248                          /home/almalinux/swg-returns-nge/build/bin/SwgGameServer
0929c000-09b1f000 rw-p 00000000 00:00 0 
0b3ca000-0fcfe000 rw-p 00000000 00:00 0                                  [heap]
bfc00000-bfcf3000 rw-p 00000000 00:00 0 
bfcf3000-bfd00000 ---p 00000000 00:00 0 
bfd00000-bfd2e000 rw-p 00000000 00:00 0 
bfd2e000-bfe00000 ---p 00000000 00:00 0 
bfe00000-bfef9000 rw-p 00000000 00:00 0 
bfef9000-bff00000 ---p 00000000 00:00 0 
c0100000-c01f9000 rw-p 00000000 00:00 0 
c01f9000-c0200000 ---p 00000000 00:00 0 
c0200000-c02cf000 rw-p 00000000 00:00 0 
c02cf000-c0300000 ---p 00000000 00:00 0 
c0300000-c04f9000 rw-p 00000000 00:00 0 
c04f9000-c0500000 ---p 00000000 00:00 0 
c0600000-c06f1000 rw-p 00000000 00:00 0 
c06f1000-c0700000 ---p 00000000 00:00 0 
c0700000-c07fe000 rw-p 00000000 00:00 0 
c07fe000-c0800000 ---p 00000000 00:00 0 
c0800000-c087a000 rw-p 00000000 00:00 0 
c087a000-c0900000 ---p 00000000 00:00 0 
c0900000-c09fe000 rw-p 00000000 00:00 0 
c09fe000-c0a00000 ---p 00000000 00:00 0 
c0a00000-c0af9000 rw-p 00000000 00:00 0 
c0af9000-c0b00000 ---p 00000000 00:00 0 
c0b00000-c0bf9000 rw-p 00000000 00:00 0 
c0bf9000-c0c00000 ---p 00000000 00:00 0 
c0c00000-c0cfc000 rw-p 00000000 00:00 0 
c0cfc000-c0d00000 ---p 00000000 00:00 0 
c0d00000-c0dcc000 rw-p 00000000 00:00 0 
c0dcc000-c0e00000 ---p 00000000 00:00 0 
c0e00000-c0f00000 rw-p 00000000 00:00 0 
c0fed000-c0ff1000 ---p 00000000 00:00 0 
c0ff1000-c106e000 rw-p 00000000 00:00 0 
c106e000-c106f000 ---p 00000000 00:00 0 
c106f000-c10ef000 rw-p 00000000 00:00 0 
c1200000-c12fb000 rw-p 00000000 00:00 0 
c12fb000-c1300000 ---p 00000000 00:00 0 
c137b000-c137c000 ---p 00000000 00:00 0 
c137c000-c13fc000 rw-p 00000000 00:00 0 
c13fc000-c1400000 ---p 00000000 00:00 0 
c1400000-c147d000 rw-p 00000000 00:00 0 
c167f000-c1683000 ---p 00000000 00:00 0 
c1683000-c1740000 rw-p 00000000 00:00 0 
c1740000-c1744000 ---p 00000000 00:00 0 
c1744000-c1801000 rw-p 00000000 00:00 0 
c1801000-c1802000 ---p 00000000 00:00 0 
c1802000-c1882000 rw-p 00000000 00:00 0 
c1882000-c1886000 ---p 00000000 00:00 0 
c1886000-c1943000 rw-p 00000000 00:00 0 
c1943000-c1947000 ---p 00000000 00:00 0 
c1947000-c1a04000 rw-p 00000000 00:00 0 
c1a04000-c1a08000 ---p 00000000 00:00 0 
c1a08000-c1ac5000 rw-p 00000000 00:00 0 
c1ac5000-c1ac9000 ---p 00000000 00:00 0 
c1ac9000-c1b86000 rw-p 00000000 00:00 0 
c1b86000-c1e00000 r--p 00078000 08:04 535181                             /usr/lib/locale/locale-archive
c1e00000-c2000000 r--p 00000000 08:04 535181                             /usr/lib/locale/locale-archive
c2000000-c2170000 rw-p 00000000 00:00 0 
c2170000-c2400000 ---p 00000000 00:00 0 
c2400000-c2640000 rw-p 00000000 00:00 0 
c2640000-c3000000 ---p 00000000 00:00 0 
c303c000-c3040000 ---p 00000000 00:00 0 
c3040000-c30bd000 rw-p 00000000 00:00 0 
c30bd000-c30c1000 ---p 00000000 00:00 0 
c30c1000-c317e000 rw-p 00000000 00:00 0 
c317e000-c3182000 ---p 00000000 00:00 0 
c3182000-c323f000 rw-p 00000000 00:00 0 
c323f000-c3243000 ---p 00000000 00:00 0 
c3243000-c3300000 rw-p 00000000 00:00 0 
c3300000-c3321000 rw-p 00000000 00:00 0 
c3321000-c3400000 ---p 00000000 00:00 0 
c3431000-c3435000 ---p 00000000 00:00 0 
c3435000-c34b2000 rw-p 00000000 00:00 0 
c34b2000-c34b3000 ---p 00000000 00:00 0 
c34b3000-c3533000 rw-p 00000000 00:00 0 
c3533000-c3e00000 rw-p 00001000 08:04 143240867                          /usr/lib/jvm/java-17-zulu-openjdk-jdk-x86/lib/server/classes.jsa
c3e00000-c3e21000 rw-p 00000000 00:00 0 
c3e21000-c3f00000 ---p 00000000 00:00 0 
c3f7f000-c3f80000 ---p 00000000 00:00 0 
c3f80000-c4000000 rw-p 00000000 00:00 0 
c4000000-c4021000 rw-p 00000000 00:00 0 
c4021000-c4100000 ---p 00000000 00:00 0 
c4100000-c41d6000 rw-p 00000000 00:00 0 
c41d6000-c4200000 ---p 00000000 00:00 0 
c427f000-c4280000 ---p 00000000 00:00 0 
c4280000-c4300000 rw-p 00000000 00:00 0 
c4300000-c4337000 rw-p 00000000 00:00 0 
c4337000-c4400000 ---p 00000000 00:00 0 
c447f000-c4480000 ---p 00000000 00:00 0 
c4480000-c4500000 rw-p 00000000 00:00 0 
c4500000-c45f2000 rw-p 00000000 00:00 0 
c45f2000-c4600000 ---p 00000000 00:00 0 
c467f000-c4680000 ---p 00000000 00:00 0 
c4680000-c4700000 rw-p 00000000 00:00 0 
c4700000-c47ff000 rw-p 00000000 00:00 0 
c47ff000-c4800000 ---p 00000000 00:00 0 
c487f000-c4880000 ---p 00000000 00:00 0 
c4880000-c4b00000 rw-p 00000000 00:00 0 
c4b00000-c5100000 ---p 00000000 00:00 0 
c5100000-c5300000 rw-p 00000000 00:00 0 
c5300000-c5900000 ---p 00000000 00:00 0 
c5900000-c5940000 rw-p 00000000 00:00 0 
c5940000-c5a00000 ---p 00000000 00:00 0 
c5a00000-c5a40000 rw-p 00000000 00:00 0 
c5a40000-c5b00000 ---p 00000000 00:00 0 
c5b00000-c5b40000 rw-p 00000000 00:00 0 
c5b40000-c5c00000 ---p 00000000 00:00 0 
c5c00000-cdc00000 rw-p 00000000 00:00 0 
cdc00000-e5c00000 ---p 00000000 00:00 0 
e5c65000-e5c6a000 rw-p 00000000 00:00 0 
e5c6a000-e5d50000 ---p 00000000 00:00 0 
e5d50000-e6098000 rwxp 00000000 00:00 0 
e6098000-ed2ab000 ---p 00000000 00:00 0 
ed2ab000-ed4eb000 rwxp 00000000 00:00 0 
ed4eb000-ed7f5000 ---p 00000000 00:00 0 
ed7f5000-eda35000 rwxp 00000000 00:00 0 
eda35000-f4d50000 ---p 00000000 00:00 0 
f4d50000-f4eb8000 r--s 00000000 08:04 117534333                          /usr/lib/jvm/java-17-zulu-openjdk-jdk-x86/lib/modules
f4eb8000-f5d5a000 r-xp 00000000 08:04 143240869                          /usr/lib/jvm/java-17-zulu-openjdk-jdk-x86/lib/server/libjvm.so
f5d5a000-f5daf000 r--p 00ea1000 08:04 143240869                          /usr/lib/jvm/java-17-zulu-openjdk-jdk-x86/lib/server/libjvm.so
f5daf000-f5dd0000 rw-p 00ef6000 08:04 143240869                          /usr/lib/jvm/java-17-zulu-openjdk-jdk-x86/lib/server/libjvm.so
f5dd0000-f5e00000 rw-p 00000000 00:00 0 
f5e00000-f5f00000 rw-p 00000000 00:00 0 
f5f44000-f5f45000 ---p 00000000 00:00 0 
f5f45000-f5f49000 ---p 00000000 00:00 0 
f5f49000-f6abd000 rw-p 00000000 00:00 0 
f6ac9000-f6ade000 r-xp 00000000 08:04 117534323                          /usr/lib/jvm/java-17-zulu-openjdk-jdk-x86/lib/libnet.so
f6ade000-f6adf000 r--p 00014000 08:04 117534323                          /usr/lib/jvm/java-17-zulu-openjdk-jdk-x86/lib/libnet.so
f6adf000-f6ae0000 rw-p 00015000 08:04 117534323                          /usr/lib/jvm/java-17-zulu-openjdk-jdk-x86/lib/libnet.so
f6ae0000-f6ae7000 rw-p 00000000 00:00 0 
f6ae7000-f6bcb000 ---p 00000000 00:00 0 
f6e05000-f6e17000 r-xp 00000000 08:04 117534324                          /usr/lib/jvm/java-17-zulu-openjdk-jdk-x86/lib/libnio.so
f6e17000-f6e18000 r--p 00011000 08:04 117534324                          /usr/lib/jvm/java-17-zulu-openjdk-jdk-x86/lib/libnio.so
f6e18000-f6e19000 rw-p 00012000 08:04 117534324                          /usr/lib/jvm/java-17-zulu-openjdk-jdk-x86/lib/libnio.so
f6e19000-f6e42000 rw-p 00000000 00:00 0 
f6e42000-f6e65000 r-xp 00000000 08:04 117534310                          /usr/lib/jvm/java-17-zulu-openjdk-jdk-x86/lib/libjava.so
f6e65000-f6e66000 r--p 00022000 08:04 117534310                          /usr/lib/jvm/java-17-zulu-openjdk-jdk-x86/lib/libjava.so
f6e66000-f6e67000 rw-p 00023000 08:04 117534310                          /usr/lib/jvm/java-17-zulu-openjdk-jdk-x86/lib/libjava.so
f6e67000-f6e73000 r-xp 00000000 08:04 16831767                           /usr/lib/libnss_files-2.28.so
f6e73000-f6e74000 r--p 0000b000 08:04 16831767                           /usr/lib/libnss_files-2.28.so
f6e74000-f6e75000 rw-p 0000c000 08:04 16831767                           /usr/lib/libnss_files-2.28.so
f6e75000-f6e7b000 rw-p 00000000 00:00 0 
f6e81000-f6e86000 rw-p 00000000 00:00 0 
f6e86000-f6e8c000 ---p 00000000 00:00 0 
f6e8c000-f6ea7000 r-xp 00000000 08:04 117534314                          /usr/lib/jvm/java-17-zulu-openjdk-jdk-x86/lib/libjimage.so
f6ea7000-f6ea8000 ---p 0001b000 08:04 117534314                          /usr/lib/jvm/java-17-zulu-openjdk-jdk-x86/lib/libjimage.so
f6ea8000-f6ea9000 r--p 0001b000 08:04 117534314                          /usr/lib/jvm/java-17-zulu-openjdk-jdk-x86/lib/libjimage.so
f6ea9000-f6eaa000 rw-p 0001c000 08:04 117534314                          /usr/lib/jvm/java-17-zulu-openjdk-jdk-x86/lib/libjimage.so
f6eaa000-f6eae000 rw-p 00000000 00:00 0 
f6eae000-f6f36000 r-xp 00000000 08:04 17191875                           /usr/lib/libpcre2-8.so.0.7.1
f6f36000-f6f37000 r--p 00087000 08:04 17191875                           /usr/lib/libpcre2-8.so.0.7.1
f6f37000-f6f38000 rw-p 00088000 08:04 17191875                           /usr/lib/libpcre2-8.so.0.7.1
f6f38000-f6f58000 r-xp 00000000 08:04 17021543                           /usr/lib/libcrypt.so.1.1.0
f6f58000-f6f59000 ---p 00020000 08:04 17021543                           /usr/lib/libcrypt.so.1.1.0
f6f59000-f6f5a000 r--p 00020000 08:04 17021543                           /usr/lib/libcrypt.so.1.1.0
f6f5a000-f6f63000 rw-p 00000000 00:00 0 
f6f63000-f6f8e000 r-xp 00000000 08:04 17191887                           /usr/lib/libselinux.so.1
f6f8e000-f6f8f000 ---p 0002b000 08:04 17191887                           /usr/lib/libselinux.so.1
f6f8f000-f6f90000 r--p 0002b000 08:04 17191887                           /usr/lib/libselinux.so.1
f6f90000-f6f91000 rw-p 0002c000 08:04 17191887                           /usr/lib/libselinux.so.1
f6f91000-f6f92000 rw-p 00000000 00:00 0 
f6f92000-f6fb1000 r-xp 00000000 08:04 18866589                           /usr/lib/libbrotlicommon.so.1.0.6
f6fb1000-f6fb2000 r--p 0001e000 08:04 18866589                           /usr/lib/libbrotlicommon.so.1.0.6
f6fb2000-f6fb3000 rw-p 0001f000 08:04 18866589                           /usr/lib/libbrotlicommon.so.1.0.6
f6fb3000-f6fd1000 r-xp 00000000 08:04 17191915                           /usr/lib/libsasl2.so.3.0.0
f6fd1000-f6fd2000 ---p 0001e000 08:04 17191915                           /usr/lib/libsasl2.so.3.0.0
f6fd2000-f6fd3000 r--p 0001e000 08:04 17191915                           /usr/lib/libsasl2.so.3.0.0
f6fd3000-f6fd4000 rw-p 0001f000 08:04 17191915                           /usr/lib/libsasl2.so.3.0.0
f6fd4000-f6fd6000 rw-p 00000000 00:00 0 
f6fd6000-f6fea000 r-xp 00000000 08:04 16831772                           /usr/lib/libresolv-2.28.so
f6fea000-f6feb000 ---p 00014000 08:04 16831772                           /usr/lib/libresolv-2.28.so
f6feb000-f6fec000 r--p 00014000 08:04 16831772                           /usr/lib/libresolv-2.28.so
f6fec000-f6fed000 rw-p 00015000 08:04 16831772                           /usr/lib/libresolv-2.28.so
f6fed000-f6fef000 rw-p 00000000 00:00 0 
f6fef000-f6ff2000 r-xp 00000000 08:04 17191893                           /usr/lib/libkeyutils.so.1.6
f6ff2000-f6ff3000 ---p 00003000 08:04 17191893                           /usr/lib/libkeyutils.so.1.6
f6ff3000-f6ff4000 r--p 00003000 08:04 17191893                           /usr/lib/libkeyutils.so.1.6
f6ff4000-f6ff5000 rw-p 00000000 00:00 0 
f6ff5000-f7005000 r-xp 00000000 08:04 17021560                           /usr/lib/libkrb5support.so.0.1
f7005000-f7006000 r--p 0000f000 08:04 17021560                           /usr/lib/libkrb5support.so.0.1
f7006000-f7007000 rw-p 00010000 08:04 17021560                           /usr/lib/libkrb5support.so.0.1
f7007000-f700f000 r-xp 00000000 08:04 16831774                           /usr/lib/librt-2.28.so
f700f000-f7010000 r--p 00007000 08:04 16831774                           /usr/lib/librt-2.28.so
f7010000-f7011000 rw-p 00008000 08:04 16831774                           /usr/lib/librt-2.28.so
f7011000-f7190000 r-xp 00000000 08:04 17021545                           /usr/lib/libunistring.so.2.1.0
f7190000-f7191000 ---p 0017f000 08:04 17021545                           /usr/lib/libunistring.so.2.1.0
f7191000-f7193000 r--p 0017f000 08:04 17021545                           /usr/lib/libunistring.so.2.1.0
f7193000-f7194000 rw-p 00181000 08:04 17021545                           /usr/lib/libunistring.so.2.1.0
f7194000-f71be000 r-xp 00000000 08:04 18654292                           /usr/lib/liblzma.so.5.2.4
f71be000-f71bf000 r--p 00029000 08:04 18654292                           /usr/lib/liblzma.so.5.2.4
f71bf000-f71c0000 rw-p 00000000 00:00 0 
f71c0000-f71cc000 r-xp 00000000 08:04 17191936                           /usr/lib/libbrotlidec.so.1.0.6
f71cc000-f71cd000 r--p 0000b000 08:04 17191936                           /usr/lib/libbrotlidec.so.1.0.6
f71cd000-f71ce000 rw-p 00000000 00:00 0 
f71ce000-f71dd000 r-xp 00000000 08:04 17191918                           /usr/lib/liblber-2.4.so.2.10.9
f71dd000-f71de000 r--p 0000e000 08:04 17191918                           /usr/lib/liblber-2.4.so.2.10.9
f71de000-f71df000 rw-p 0000f000 08:04 17191918                           /usr/lib/liblber-2.4.so.2.10.9
f71df000-f7234000 r-xp 00000000 08:04 17191920                           /usr/lib/libldap-2.4.so.2.10.9
f7234000-f7235000 ---p 00055000 08:04 17191920                           /usr/lib/libldap-2.4.so.2.10.9
f7235000-f7236000 r--p 00055000 08:04 17191920                           /usr/lib/libldap-2.4.so.2.10.9
f7236000-f7237000 rw-p 00056000 08:04 17191920                           /usr/lib/libldap-2.4.so.2.10.9
f7237000-f7239000 rw-p 00000000 00:00 0 
f7239000-f723c000 r-xp 00000000 08:04 16994899                           /usr/lib/libcom_err.so.2.1
f723c000-f723d000 r--p 00002000 08:04 16994899                           /usr/lib/libcom_err.so.2.1
f723d000-f723e000 rw-p 00003000 08:04 16994899                           /usr/lib/libcom_err.so.2.1
f723e000-f7254000 r-xp 00000000 08:04 17021552                           /usr/lib/libk5crypto.so.3.1
f7254000-f7255000 ---p 00016000 08:04 17021552                           /usr/lib/libk5crypto.so.3.1
f7255000-f7256000 r--p 00016000 08:04 17021552                           /usr/lib/libk5crypto.so.3.1
f7256000-f7257000 rw-p 00017000 08:04 17021552                           /usr/lib/libk5crypto.so.3.1
f7257000-f733a000 r-xp 00000000 08:04 17021558                           /usr/lib/libkrb5.so.3.3
f733a000-f7341000 r--p 000e2000 08:04 17021558                           /usr/lib/libkrb5.so.3.3
f7341000-f7342000 rw-p 000e9000 08:04 17021558                           /usr/lib/libkrb5.so.3.3
f7342000-f739d000 r-xp 00000000 08:04 17021548                           /usr/lib/libgssapi_krb5.so.2.2
f739d000-f739f000 r--p 0005a000 08:04 17021548                           /usr/lib/libgssapi_krb5.so.2.2
f739f000-f73a0000 rw-p 0005c000 08:04 17021548                           /usr/lib/libgssapi_krb5.so.2.2
f73a0000-f7651000 r-xp 00000000 08:04 18627877                           /usr/lib/libcrypto.so.1.1.1k
f7651000-f766a000 r--p 002b0000 08:04 18627877                           /usr/lib/libcrypto.so.1.1.1k
f766a000-f766c000 rw-p 002c9000 08:04 18627877                           /usr/lib/libcrypto.so.1.1.1k
f766c000-f7670000 rw-p 00000000 00:00 0 
f7670000-f7702000 r-xp 00000000 08:04 18627879                           /usr/lib/libssl.so.1.1.1k
f7702000-f7708000 r--p 00091000 08:04 18627879                           /usr/lib/libssl.so.1.1.1k
f7708000-f770c000 rw-p 00097000 08:04 18627879                           /usr/lib/libssl.so.1.1.1k
f770c000-f771c000 r-xp 00000000 08:04 18660120                           /usr/lib/libpsl.so.5.3.1
f771c000-f771d000 r--p 0000f000 08:04 18660120                           /usr/lib/libpsl.so.5.3.1
f771d000-f771e000 rw-p 00000000 00:00 0 
f771e000-f779b000 r-xp 00000000 08:04 16994901                           /usr/lib/libssh.so.4.8.7
f779b000-f779c000 ---p 0007d000 08:04 16994901                           /usr/lib/libssh.so.4.8.7
f779c000-f779d000 r--p 0007d000 08:04 16994901                           /usr/lib/libssh.so.4.8.7
f779d000-f779e000 rw-p 0007e000 08:04 16994901                           /usr/lib/libssh.so.4.8.7
f779e000-f77bb000 r-xp 00000000 08:04 17040588                           /usr/lib/libidn2.so.0.3.6
f77bb000-f77bc000 r--p 0001c000 08:04 17040588                           /usr/lib/libidn2.so.0.3.6
f77bc000-f77bd000 rw-p 00000000 00:00 0 
f77bd000-f77e5000 r-xp 00000000 08:04 17191891                           /usr/lib/libnghttp2.so.14.17.0
f77e5000-f77e6000 r--p 00027000 08:04 17191891                           /usr/lib/libnghttp2.so.14.17.0
f77e6000-f77e8000 rw-p 00028000 08:04 17191891                           /usr/lib/libnghttp2.so.14.17.0
f77e8000-f798a000 r-xp 00000000 08:04 16831756                           /usr/lib/libc-2.28.so
f798a000-f798b000 ---p 001a2000 08:04 16831756                           /usr/lib/libc-2.28.so
f798b000-f798d000 r--p 001a2000 08:04 16831756                           /usr/lib/libc-2.28.so
f798d000-f798e000 rw-p 001a4000 08:04 16831756                           /usr/lib/libc-2.28.so
f798e000-f7993000 rw-p 00000000 00:00 0 
f7993000-f79ae000 r-xp 00000000 08:04 16985139                           /usr/lib/libgcc_s-8-20210514.so.1
f79ae000-f79af000 r--p 0001a000 08:04 16985139                           /usr/lib/libgcc_s-8-20210514.so.1
f79af000-f79b0000 rw-p 0001b000 08:04 16985139                           /usr/lib/libgcc_s-8-20210514.so.1
f79b0000-f7a80000 r-xp 00000000 08:04 16831760                           /usr/lib/libm-2.28.so
f7a80000-f7a81000 r--p 000cf000 08:04 16831760                           /usr/lib/libm-2.28.so
f7a81000-f7a82000 rw-p 000d0000 08:04 16831760                           /usr/lib/libm-2.28.so
f7a82000-f7c0b000 r-xp 00000000 08:04 16985145                           /usr/lib/libstdc++.so.6.0.25
f7c0b000-f7c0c000 ---p 00189000 08:04 16985145                           /usr/lib/libstdc++.so.6.0.25
f7c0c000-f7c12000 r--p 00189000 08:04 16985145                           /usr/lib/libstdc++.so.6.0.25
f7c12000-f7c13000 rw-p 0018f000 08:04 16985145                           /usr/lib/libstdc++.so.6.0.25
f7c13000-f7c15000 rw-p 00000000 00:00 0 
f7c15000-f7c2c000 r-xp 00000000 08:04 16963437                           /usr/lib/libz.so.1.2.11
f7c2c000-f7c2d000 ---p 00017000 08:04 16963437                           /usr/lib/libz.so.1.2.11
f7c2d000-f7c2e000 r--p 00017000 08:04 16963437                           /usr/lib/libz.so.1.2.11
f7c2e000-f7c2f000 rw-p 00000000 00:00 0 
f7c2f000-f7dac000 r-xp 00000000 08:04 16963397                           /usr/lib/libxml2.so.2.9.7
f7dac000-f7db1000 r--p 0017c000 08:04 16963397                           /usr/lib/libxml2.so.2.9.7
f7db1000-f7db2000 rw-p 00181000 08:04 16963397                           /usr/lib/libxml2.so.2.9.7
f7db2000-f7db3000 rw-p 00000000 00:00 0 
f7db3000-f7dcf000 r-xp 00000000 08:04 16831770                           /usr/lib/libpthread-2.28.so
f7dcf000-f7dd0000 r--p 0001b000 08:04 16831770                           /usr/lib/libpthread-2.28.so
f7dd0000-f7dd1000 rw-p 0001c000 08:04 16831770                           /usr/lib/libpthread-2.28.so
f7dd1000-f7dd3000 rw-p 00000000 00:00 0 
f7dd3000-f7e47000 r-xp 00000000 08:04 16818911                           /usr/lib/libpcre.so.1.2.10
f7e47000-f7e48000 ---p 00074000 08:04 16818911                           /usr/lib/libpcre.so.1.2.10
f7e48000-f7e49000 r--p 00074000 08:04 16818911                           /usr/lib/libpcre.so.1.2.10
f7e49000-f7e4a000 rw-p 00075000 08:04 16818911                           /usr/lib/libpcre.so.1.2.10
f7e4a000-f7e4d000 r-xp 00000000 08:04 16831758                           /usr/lib/libdl-2.28.so
f7e4d000-f7e4e000 r--p 00002000 08:04 16831758                           /usr/lib/libdl-2.28.so
f7e4e000-f7e4f000 rw-p 00003000 08:04 16831758                           /usr/lib/libdl-2.28.so
f7e4f000-f7eec000 r-xp 00000000 08:04 16994905                           /usr/lib/libcurl.so.4.5.0
f7eec000-f7eee000 r--p 0009c000 08:04 16994905                           /usr/lib/libcurl.so.4.5.0
f7eee000-f7eef000 rw-p 0009e000 08:04 16994905                           /usr/lib/libcurl.so.4.5.0
f7eef000-f7ef6000 r--s 00000000 08:04 176632422                          /usr/lib/gconv/gconv-modules.cache
f7ef6000-f7efe000 rw-s 00000000 08:04 151742441                          /tmp/hsperfdata_almalinux/10833 (deleted)
f7efe000-f7eff000 ---p 00000000 00:00 0 
f7eff000-f7f00000 r--p 00000000 00:00 0 
f7f00000-f7f02000 rw-p 00000000 00:00 0 
f7f02000-f7f06000 r--p 00000000 00:00 0                                  [vvar]
f7f06000-f7f08000 r-xp 00000000 00:00 0                                  [vdso]
f7f08000-f7f37000 r-xp 00000000 08:04 16831749                           /usr/lib/ld-2.28.so
f7f37000-f7f38000 ---p 00000000 00:00 0 
f7f38000-f7f39000 r--p 0002f000 08:04 16831749                           /usr/lib/ld-2.28.so
f7f39000-f7f3a000 rw-p 00030000 08:04 16831749                           /usr/lib/ld-2.28.so
ffae1000-ffae2000 rwxp 00000000 00:00 0 
ffbea000-ffca6000 rw-p 00000000 00:00 0                                  [stack]


VM Arguments:
jvm_args: -Xms128m -Xmx512m -Xss768k -XX:MaxMetaspaceSize=96m -Xrs -XX:-UsePerfData -XX:-AllowUserSignalHandlers -XX:UseSSE=3 -XX+DoEscapeAnalysis -XX:AutoBoxCacheMax:2000 -XX:+OptimizeStringConcat -XX:+OptimizeFill -XX:+EliminateAutoBox -XX:+UseCompressedStrings -XX:+UseCompressedOops -XX:+EliminateLocks -XX:UseFastAccessorMethods -XX:+UseStringCache -XgcPrio:throughput -XXkeepAreaRatio:1 -XXlazyUnlocking -XXcallProfiling -XXcompactRatio:1 
java_command: <unknown>
java_class_path (initial): ../../data/sku.0/sys.server/compiled/game/
Launcher Type: generic

[Global flags]
     intx CICompilerCount                          = 3                                         {product} {ergonomic}
     uint ConcGCThreads                            = 1                                         {product} {ergonomic}
     uint G1ConcRefinementThreads                  = 4                                         {product} {ergonomic}
   size_t G1HeapRegionSize                         = 1048576                                   {product} {ergonomic}
    uintx GCDrainStackTargetSize                   = 64                                        {product} {ergonomic}
   size_t InitialHeapSize                          = 134217728                                 {product} {command line}
   size_t MarkStackSize                            = 32768                                     {product} {ergonomic}
   size_t MaxHeapSize                              = 536870912                                 {product} {command line}
   size_t MaxMetaspaceSize                         = 100663296                                 {product} {command line}
   size_t MaxNewSize                               = 321912832                                 {product} {ergonomic}
   size_t MinHeapDeltaBytes                        = 1048576                                   {product} {ergonomic}
   size_t MinHeapSize                              = 134217728                                 {product} {command line}
    uintx NonNMethodCodeHeapSize                   = 5544422                                {pd product} {ergonomic}
    uintx NonProfiledCodeHeapSize                  = 123056909                              {pd product} {ergonomic}
    uintx ProfiledCodeHeapSize                     = 123056909                              {pd product} {ergonomic}
    uintx ReservedCodeCacheSize                    = 251658240                              {pd product} {ergonomic}
     bool SegmentedCodeCache                       = true                                      {product} {ergonomic}
   size_t SoftMaxHeapSize                          = 536870912                              {manageable} {ergonomic}
   double SweeperThreshold                         = 0.500000                                  {product} {ergonomic}
     intx ThreadStackSize                          = 768                                    {pd product} {command line}
     bool UseG1GC                                  = true                                      {product} {ergonomic}

Logging:
Log output configuration:
 #0: stdout all=off uptime,level,tags
 #1: stderr all=off uptime,level,tags

Environment Variables:
JAVA_HOME=/usr/lib/jvm/zulu-17-x86
PATH=/usr/java/jdk1.7.0_80/bin:/usr/java/jdk1.7.0_80/bin:/usr/java/jdk1.6.0_45/bin:/usr/java/jdk1.6.0_45/bin:/usr/java/jdk1.6.0_45/bin:/home/almalinux/.local/bin:/home/almalinux/bin:/sbin:/bin:/usr/bin:/usr/local/bin:/usr/local/sbin:/usr/sbin:/usr/lib/oracle/18.3/client/bin:/usr/lib/oracle/18.3/client/bin:/usr/lib/jvm/java-11-openjdk/bin:./
LD_LIBRARY_PATH=/usr/lib/jvm/java-17-zulu-openjdk-jdk-x86/lib/server:/usr/lib/jvm/java-17-zulu-openjdk-jdk-x86/lib:/usr/lib/jvm/java-17-zulu-openjdk-jdk-x86/../lib:/usr/lib/jvm/zulu-17-x86/lib/server:/usr/lib/jvm/java-11-openjdk/lib:/usr/lib/jvm/java-11-openjdk/lib/server:./
SHELL=/bin/bash
DISPLAY=:10.0
LANG=en_US.UTF-8
TERM=xterm-256color

Active Locale:
LC_ALL=en_US.UTF-8
LC_COLLATE=en_US.UTF-8
LC_CTYPE=en_US.UTF-8
LC_MESSAGES=en_US.UTF-8
LC_MONETARY=en_US.UTF-8
LC_NUMERIC=en_US.UTF-8
LC_TIME=en_US.UTF-8

Signal Handlers:
   SIGSEGV: crash_handler in libjvm.so, mask=11100100010111111101111111111110, flags=SA_RESTART|SA_SIGINFO, unblocked
    SIGBUS: crash_handler in libjvm.so, mask=11100100010111111101111111111110, flags=SA_RESTART|SA_SIGINFO, unblocked
    SIGFPE: crash_handler in libjvm.so, mask=11100100010111111101111111111110, flags=SA_RESTART|SA_SIGINFO, unblocked
   SIGPIPE: SIG_IGN, mask=00000000000010000000000000000000, flags=SA_RESTART, blocked
  *** Handler was modified!
  *** Expected: javaSignalHandler in libjvm.so, mask=11100100110111111111111111111110, flags=SA_RESTART|SA_SIGINFO
   SIGXFSZ: javaSignalHandler in libjvm.so, mask=11100100010111111101111111111110, flags=SA_RESTART|SA_SIGINFO, blocked
    SIGILL: crash_handler in libjvm.so, mask=11100100010111111101111111111110, flags=SA_RESTART|SA_SIGINFO, unblocked
   SIGUSR2: SR_handler in libjvm.so, mask=00100000000000000000000000000000, flags=SA_RESTART|SA_SIGINFO, blocked
    SIGHUP: UserHandler in libjvm.so, mask=11100100010111111101111111111110, flags=SA_RESTART|SA_SIGINFO, blocked
    SIGINT: UserHandler in libjvm.so, mask=11100100010111111101111111111110, flags=SA_RESTART|SA_SIGINFO, blocked
   SIGTERM: UserHandler in libjvm.so, mask=11100100010111111101111111111110, flags=SA_RESTART|SA_SIGINFO, blocked
   SIGQUIT: UserHandler in libjvm.so, mask=11100100010111111101111111111110, flags=SA_RESTART|SA_SIGINFO, blocked
   SIGTRAP: crash_handler in libjvm.so, mask=11100100010111111101111111111110, flags=SA_RESTART|SA_SIGINFO, unblocked


Periodic native trim disabled


---------------  S Y S T E M  ---------------

OS:
AlmaLinux release 8.10 (Cerulean Leopard)
uname: Linux 4.18.0-553.81.1.el8_10.x86_64 #1 SMP Mon Oct 27 11:29:19 EDT 2025 x86_64
OS uptime: 0 days 10:18 hours
libc: glibc 2.28 NPTL 2.28 
rlimit (soft/hard): STACK 8192k/infinity , CORE 0k/infinity , NPROC 61995/61995 , NOFILE 262144/262144 , AS infinity/infinity , CPU infinity/infinity , DATA infinity/infinity , FSIZE infinity/infinity , MEMLOCK 64k/64k
load average: 48.36 40.08 39.52

/proc/meminfo:
MemTotal:       16014448 kB
MemFree:          857252 kB
MemAvailable:    1359588 kB
Buffers:              28 kB
Cached:          2054744 kB
SwapCached:        28568 kB
Active:          1908220 kB
Inactive:       12551316 kB
Active(anon):    1597048 kB
Inactive(anon): 12413072 kB
Active(file):     311172 kB
Inactive(file):   138244 kB
Unevictable:        6160 kB
Mlocked:               0 kB
SwapTotal:       8388604 kB
SwapFree:        7855172 kB
Dirty:               520 kB
Writeback:             0 kB
AnonPages:      12385736 kB
Mapped:           887896 kB
Shmem:           1605356 kB
KReclaimable:     229964 kB
Slab:             373384 kB
SReclaimable:     229964 kB
SUnreclaim:       143420 kB
KernelStack:       25048 kB
PageTables:       149756 kB
NFS_Unstable:          0 kB
Bounce:                0 kB
WritebackTmp:          0 kB
CommitLimit:    16395828 kB
Committed_AS:   25987704 kB
VmallocTotal:   34359738367 kB
VmallocUsed:       71108 kB
VmallocChunk:          0 kB
Percpu:             2720 kB
HardwareCorrupted:     0 kB
AnonHugePages:         0 kB
ShmemHugePages:        0 kB
ShmemPmdMapped:        0 kB
FileHugePages:         0 kB
FilePmdMapped:         0 kB
HugePages_Total:       0
HugePages_Free:        0
HugePages_Rsvd:        0
HugePages_Surp:        0
Hugepagesize:       2048 kB
Hugetlb:               0 kB
DirectMap4k:      612204 kB
DirectMap2M:    15771648 kB

/sys/kernel/mm/transparent_hugepage/enabled: always madvise [never]
/sys/kernel/mm/transparent_hugepage/hpage_pmd_size: 2097152
/sys/kernel/mm/transparent_hugepage/defrag (defrag/compaction efforts parameter): always defer defer+madvise [madvise] never

Process Memory:
Virtual Size: 1012664K (peak: 1017952K)
Resident Set Size: 220400K (peak: 220400K) (anon: 201408K, file: 18992K, shmem: 0K)
Swapped out: 0K
C-Heap outstanding allocations: 20737K, retained: 79902K
glibc malloc tunables: (default)

/proc/sys/kernel/threads-max (system-wide limit on the number of threads): 123991
/proc/sys/vm/max_map_count (maximum number of memory map areas a process may have): 1677720
/proc/sys/kernel/pid_max (system-wide limit on number of process identifiers): 4194304

container (cgroup) information:
container_type: cgroupv1
cpu_cpuset_cpus: 0-3
cpu_memory_nodes: 0
active_processor_count: 4
cpu_quota: no quota
cpu_period: 100000
cpu_shares: no shares
memory_limit_in_bytes: unlimited
memory_and_swap_limit_in_bytes: unlimited
memory_soft_limit_in_bytes: unlimited
memory_usage_in_bytes: 13913480 k
memory_max_usage_in_bytes: 14693480 k
kernel_memory_usage_in_bytes: 260260 k
kernel_memory_max_usage_in_bytes: unlimited
kernel_memory_limit_in_bytes: 752460 k
maximum number of tasks: unlimited
current number of tasks: 776

KVM virtualization detected
Steal ticks since vm start: 4206
Steal ticks percentage since vm start:  0.000

CPU: total 4 (initial active 4) (1 cores per cpu, 1 threads per core) family 6 model 60 stepping 1 microcode 0x1, cx8, cmov, fxsr, mmx, sse, sse2, sse3, ssse3, sse4.1, sse4.2, popcnt, lzcnt, tsc, avx, avx2, aes, erms, clmul, bmi1, bmi2, fma, vzeroupper, clflush, hv
CPU Model and flags from /proc/cpuinfo:
model name	: Intel Core Processor (Haswell, no TSX)
flags		: fpu vme de pse tsc msr pae mce cx8 apic sep mtrr pge mca cmov pat pse36 clflush mmx fxsr sse sse2 syscall nx rdtscp lm constant_tsc rep_good nopl xtopology cpuid tsc_known_freq pni pclmulqdq vmx ssse3 fma cx16 pcid sse4_1 sse4_2 x2apic movbe popcnt tsc_deadline_timer aes xsave avx f16c rdrand hypervisor lahf_lm abm cpuid_fault invpcid_single pti tpr_shadow vnmi flexpriority ept vpid ept_ad fsgsbase bmi1 avx2 smep bmi2 erms invpcid xsaveopt arat md_clear

Online cpus: 0-3
Offline cpus: 
BIOS frequency limitation: <Not Available>
Frequency switch latency (ns): <Not Available>
Available cpu frequencies: <Not Available>
Current governor: <Not Available>
Core performance/turbo boost: <Not Available>

Memory: 4k page, physical 16014448k(857252k free), swap 8388604k(7855172k free)
Page Sizes: 4k

vm_info: OpenJDK Server VM (17.0.11+9-LTS) for linux-x86 JRE (17.0.11+9-LTS) (Zulu17.50+19-CA), built on Apr  9 2024 07:14:46 by "zulu_re" with gcc 8.3.0

END.
