#
# A fatal error has been detected by the Java Runtime Environment:
#
#  SIGSEGV (0xb) at pc=0xf792f618, pid=1373015, tid=1373015
#
# JRE version: OpenJDK Runtime Environment Zulu17.50+19-CA (17.0.11+9) (build 17.0.11+9-LTS)
# Java VM: OpenJDK Server VM Zulu17.50+19-CA (17.0.11+9-LTS, mixed mode, sharing, tiered, g1 gc, linux-x86)
# Problematic frame:
# C  [libc.so.6+0x84618]  cfree+0x28
#
# Core dump will be written. Default location: Core dumps may be processed with "/usr/lib/systemd/systemd-coredump %P %u %g %s %t %c %h %e" (or dumping to /home/almalinux/swg-returns-nge/exe/linux/core.1373015)
#
# If you would like to submit a bug report, please visit:
#   http://www.azul.com/support/
#

---------------  S U M M A R Y ------------

Command Line: -Xms128m -Xmx512m -Xss768k -XX:MaxMetaspaceSize=96m -Xrs -XX:-UsePerfData -XX:-AllowUserSignalHandlers -XX:UseSSE=3 -XX+DoEscapeAnalysis -XX:AutoBoxCacheMax:2000 -XX:+OptimizeStringConcat -XX:+OptimizeFill -XX:+EliminateAutoBox -XX:+UseCompressedStrings -XX:+UseCompressedOops -XX:+EliminateLocks -XX:UseFastAccessorMethods -XX:+UseStringCache -XgcPrio:throughput -XXkeepAreaRatio:1 -XXlazyUnlocking -XXcallProfiling -XXcompactRatio:1 

Host: Intel Core Processor (Haswell, no TSX), 4 cores, 15G, AlmaLinux release 8.10 (Cerulean Leopard)
Time: Sun Jan 25 12:03:54 2026 UTC elapsed time: 4032.758090 seconds (0d 1h 7m 12s)

---------------  T H R E A D  ---------------

Current thread is native thread

Stack: [0xff922000,0xff9e2000],  sp=0xff9dfbf0,  free space=758k
Native frames: (J=compiled Java code, j=interpreted, Vv=VM code, C=native code)
C  [libc.so.6+0x84618]  cfree+0x28


siginfo: si_signo: 11 (SIGSEGV), si_code: 1 (SEGV_MAPERR), si_addr: 0x00000003

Registers:
EAX=0x00000000, EBX=0x00000007, ECX=0xf6f6d84c, EDX=0x0be42e48
ESP=0xff9dfbf0, EBP=0xff9dfd28, ESI=0xf7a50000, EDI=0x00000000
EIP=0xf792f618, EFLAGS=0x00210202, CR2=0x0000000000000003


Top of Stack: (sp=0xff9dfbf0)
0xff9dfbf0:   0bac6010 00000000 ff9dfd28 f7bbcf1c
0xff9dfc00:   0bac60a0 f7cd3a04 0be42e20 f7bbcf1c
0xff9dfc10:   00000007 f7bbcf0a f7cd3a04 f7bbcf4c
0xff9dfc20:   0bac60a0 f7bbcf0a 0be46bc0 085b6163
0xff9dfc30:   00000007 0bac6010 0bac5d20 085bb8d1
0xff9dfc40:   0bac6010 0bac5d20 00000000 085bb89b
0xff9dfc50:   0d2dfe90 ff9dfc77 ff9dfc9c 085c6969
0xff9dfc60:   087d6c00 ff9dfc9c ff9dfd28 084fc53b
0xff9dfc70:   00000014 00010002 00000000 00000000
0xff9dfc80:   01010100 00000001 09aa44c0 00000000
0xff9dfc90:   00000000 00000000 00000000 00000000
0xff9dfca0:   00000000 00000015 ff9dfdf8 f78e06ff
0xff9dfcb0:   f7a5041c 47677753 53656d61 65767265
0xff9dfcc0:   33313a72 31303337 09290035 0be281e0
0xff9dfcd0:   08ea0100 08ebc230 08ea5888 f7a5041c
0xff9dfce0:   00000428 00000420 f78e0779 085758fd
0xff9dfcf0:   08ea2a80 09b1ea78 08ea5888 08574f56
0xff9dfd00:   0929a2c4 0929a2c4 ff9dfdf8 08ea583b
0xff9dfd10:   0000000c ff9dfdc4 ff9dfd40 f7a50000
0xff9dfd20:   00000000 08575910 00000000 f78c8f26
0xff9dfd30:   00000000 08575910 00000000 f78c8f26
0xff9dfd40:   0000000c ff9dfdc4 ff9dfdf8 ff9dfd64
0xff9dfd50:   0929a2d0 00000000 ff9dfdf8 f7a50000
0xff9dfd60:   f78b875c f7a50000 00000000 08575910
0xff9dfd70:   00000000 2c58d5d4 0ebf9dc4 00000000
0xff9dfd80:   00000000 00000000 f7fcf4d0 f78c8e30
0xff9dfd90:   084fc260 0929a2c4 0000000c 08575946
0xff9dfda0:   084fc260 0000000c ff9dfdc4 08ea57f0
0xff9dfdb0:   08ea5850 f7fcf4d0 ff9dfdbc f7ffc970
0xff9dfdc0:   0000000c ff9e0631 ff9e0643 ff9e0646
0xff9dfdd0:   ff9e0658 ff9e065b ff9e0666 ff9e068a
0xff9dfde0:   ff9e069a ff9e06ab ff9e06cc ff9e06cf 

Instructions: (pc=0xf792f618)
0xf792f518:   50 8d 96 86 f7 fa ff 8d 86 d0 2f fb ff e8 c6 b7
0xf792f528:   ff ff 8d b6 00 00 00 00 bb 20 00 00 00 e9 5e fe
0xf792f538:   ff ff e8 a1 c0 ff ff 89 c5 85 c0 0f 85 68 ff ff
0xf792f548:   ff 31 d2 8d 44 3b 10 e8 8c c1 ff ff 89 da 89 f9
0xf792f558:   89 c5 e8 11 f0 ff ff 89 c2 85 c0 75 1b 85 ed 74
0xf792f568:   17 90 89 fa 89 e8 e8 bd c5 ff ff 89 da 89 f9 89
0xf792f578:   c5 e8 f2 ef ff ff 89 c2 85 ed 0f 84 57 ff ff ff
0xf792f588:   e9 39 ff ff ff 8d 86 b8 31 fb ff 83 ec 0c b9 25
0xf792f598:   0d 00 00 50 8d 96 86 f7 fa ff 8d 86 74 2f fb ff
0xf792f5a8:   e8 43 b7 ff ff 8d 76 00 f3 0f 1e fb e8 0a 9a f9
0xf792f5b8:   ff 05 47 0a 12 00 56 53 83 ec 04 8b 5c 24 10 8b
0xf792f5c8:   74 24 14 8b 80 50 ff ff ff c7 00 00 00 00 00 e8
0xf792f5d8:   54 bb ff ff 8b 4c 24 0c 83 c4 04 89 f2 89 d8 5b
0xf792f5e8:   5e e9 42 fd ff ff 66 90 f3 0f 1e fb 56 e8 9a 9b
0xf792f5f8:   f9 ff 81 c6 06 0a 12 00 53 83 ec 14 8b 5c 24 20
0xf792f608:   8b 86 5c ff ff ff 8b 00 85 c0 75 6c 85 db 74 75
0xf792f618:   8b 4b fc 8d 53 f8 f6 c1 02 75 35 8b 86 70 fe ff
0xf792f628:   ff 65 8b 00 85 c0 0f 84 8c 00 00 00 83 e1 04 8d
0xf792f638:   86 60 07 00 00 74 09 89 d0 25 00 00 f0 ff 8b 00
0xf792f648:   83 c4 14 31 c9 5b 5e e9 8c cb ff ff 8d 74 26 00
0xf792f658:   8b 9e 60 01 00 00 85 db 75 10 3b 8e 48 01 00 00
0xf792f668:   76 08 81 f9 00 00 08 00 76 26 83 c4 14 89 d0 5b
0xf792f678:   5e e9 92 b8 ff ff 66 90 83 ec 08 ff 74 24 24 53
0xf792f688:   ff d0 83 c4 10 83 c4 14 5b 5e c3 8d 74 26 00 90
0xf792f698:   39 96 80 1d 00 00 77 08 39 96 7c 1d 00 00 77 ca
0xf792f6a8:   83 e1 f8 8d 04 09 89 8e 48 01 00 00 89 86 40 01
0xf792f6b8:   00 00 90 eb b5 8d 76 00 8b 86 74 fe ff ff 65 80
0xf792f6c8:   38 00 0f 85 64 ff ff ff 89 54 24 0c e8 97 ed ff
0xf792f6d8:   ff 8b 4b fc 8b 54 24 0c e9 4f ff ff ff 8d b4 26
0xf792f6e8:   00 00 00 00 8d 74 26 00 f3 0f 1e fb 55 57 56 e8
0xf792f6f8:   98 9a f9 ff 81 c6 04 09 12 00 53 83 ec 0c 8b 86
0xf792f708:   70 fe ff ff 8b 96 74 fe ff ff 65 8b 28 65 c6 02 



---------------  P R O C E S S  ---------------

VM state: at safepoint (shutting down)

VM Mutex/Monitor currently owned by a thread:  ([mutex/lock_event])
[0xf5f21d30] Threads_lock - owner thread: 0xc4294cf0

GC Precious Log:
<Skipped>

Heap:
 garbage-first heap   total 131072K, used 72248K [0xc5c00000, 0xe5c00000)
  region size 1024K, 62 young (63488K), 7 survivors (7168K)
 Metaspace       used 7104K, committed 8000K, reserved 16384K

Heap Regions: E=young(eden), S=young(survivor), O=old, HS=humongous(starts), HC=humongous(continues), CS=collection set, F=free, OA=open archive, CA=closed archive, TAMS=top-at-mark-start (previous, next)
|   0|0xc5c00000, 0xc5d00000, 0xc5d00000|100%| O|  |TAMS 0xc5c00000, 0xc5c00000| Untracked 
|   1|0xc5d00000, 0xc5e00000, 0xc5e00000|100%| O|  |TAMS 0xc5d00000, 0xc5d00000| Untracked 
|   2|0xc5e00000, 0xc5f00000, 0xc5f00000|100%| O|  |TAMS 0xc5e00000, 0xc5e00000| Untracked 
|   3|0xc5f00000, 0xc6000000, 0xc6000000|100%| O|  |TAMS 0xc5f00000, 0xc5f00000| Untracked 
|   4|0xc6000000, 0xc6100000, 0xc6100000|100%| O|  |TAMS 0xc6000000, 0xc6000000| Untracked 
|   5|0xc6100000, 0xc6200000, 0xc6200000|100%| O|  |TAMS 0xc6100000, 0xc6100000| Untracked 
|   6|0xc6200000, 0xc6300000, 0xc6300000|100%| O|  |TAMS 0xc6200000, 0xc6200000| Untracked 
|   7|0xc6300000, 0xc6400000, 0xc6400000|100%| O|  |TAMS 0xc6300000, 0xc6300000| Untracked 
|   8|0xc6400000, 0xc6500000, 0xc6500000|100%| O|  |TAMS 0xc6400000, 0xc6400000| Untracked 
|   9|0xc6500000, 0xc6600000, 0xc6600000|100%| O|  |TAMS 0xc6500000, 0xc6500000| Untracked 
|  10|0xc6600000, 0xc661c600, 0xc6700000| 11%| O|  |TAMS 0xc6600000, 0xc6600000| Untracked 
|  11|0xc6700000, 0xc6700000, 0xc6800000|  0%| F|  |TAMS 0xc6700000, 0xc6700000| Untracked 
|  12|0xc6800000, 0xc6800000, 0xc6900000|  0%| F|  |TAMS 0xc6800000, 0xc6800000| Untracked 
|  13|0xc6900000, 0xc6900000, 0xc6a00000|  0%| F|  |TAMS 0xc6900000, 0xc6900000| Untracked 
|  14|0xc6a00000, 0xc6a00000, 0xc6b00000|  0%| F|  |TAMS 0xc6a00000, 0xc6a00000| Untracked 
|  15|0xc6b00000, 0xc6b00000, 0xc6c00000|  0%| F|  |TAMS 0xc6b00000, 0xc6b00000| Untracked 
|  16|0xc6c00000, 0xc6c00000, 0xc6d00000|  0%| F|  |TAMS 0xc6c00000, 0xc6c00000| Untracked 
|  17|0xc6d00000, 0xc6d00000, 0xc6e00000|  0%| F|  |TAMS 0xc6d00000, 0xc6d00000| Untracked 
|  18|0xc6e00000, 0xc6e00000, 0xc6f00000|  0%| F|  |TAMS 0xc6e00000, 0xc6e00000| Untracked 
|  19|0xc6f00000, 0xc6f00000, 0xc7000000|  0%| F|  |TAMS 0xc6f00000, 0xc6f00000| Untracked 
|  20|0xc7000000, 0xc7000000, 0xc7100000|  0%| F|  |TAMS 0xc7000000, 0xc7000000| Untracked 
|  21|0xc7100000, 0xc7100000, 0xc7200000|  0%| F|  |TAMS 0xc7100000, 0xc7100000| Untracked 
|  22|0xc7200000, 0xc7200000, 0xc7300000|  0%| F|  |TAMS 0xc7200000, 0xc7200000| Untracked 
|  23|0xc7300000, 0xc7300000, 0xc7400000|  0%| F|  |TAMS 0xc7300000, 0xc7300000| Untracked 
|  24|0xc7400000, 0xc7400000, 0xc7500000|  0%| F|  |TAMS 0xc7400000, 0xc7400000| Untracked 
|  25|0xc7500000, 0xc7500000, 0xc7600000|  0%| F|  |TAMS 0xc7500000, 0xc7500000| Untracked 
|  26|0xc7600000, 0xc7600000, 0xc7700000|  0%| F|  |TAMS 0xc7600000, 0xc7600000| Untracked 
|  27|0xc7700000, 0xc7700000, 0xc7800000|  0%| F|  |TAMS 0xc7700000, 0xc7700000| Untracked 
|  28|0xc7800000, 0xc7800000, 0xc7900000|  0%| F|  |TAMS 0xc7800000, 0xc7800000| Untracked 
|  29|0xc7900000, 0xc7900000, 0xc7a00000|  0%| F|  |TAMS 0xc7900000, 0xc7900000| Untracked 
|  30|0xc7a00000, 0xc7a00000, 0xc7b00000|  0%| F|  |TAMS 0xc7a00000, 0xc7a00000| Untracked 
|  31|0xc7b00000, 0xc7b00000, 0xc7c00000|  0%| F|  |TAMS 0xc7b00000, 0xc7b00000| Untracked 
|  32|0xc7c00000, 0xc7c00000, 0xc7d00000|  0%| F|  |TAMS 0xc7c00000, 0xc7c00000| Untracked 
|  33|0xc7d00000, 0xc7d00000, 0xc7e00000|  0%| F|  |TAMS 0xc7d00000, 0xc7d00000| Untracked 
|  34|0xc7e00000, 0xc7e00000, 0xc7f00000|  0%| F|  |TAMS 0xc7e00000, 0xc7e00000| Untracked 
|  35|0xc7f00000, 0xc7f00000, 0xc8000000|  0%| F|  |TAMS 0xc7f00000, 0xc7f00000| Untracked 
|  36|0xc8000000, 0xc8000000, 0xc8100000|  0%| F|  |TAMS 0xc8000000, 0xc8000000| Untracked 
|  37|0xc8100000, 0xc8100000, 0xc8200000|  0%| F|  |TAMS 0xc8100000, 0xc8100000| Untracked 
|  38|0xc8200000, 0xc8200000, 0xc8300000|  0%| F|  |TAMS 0xc8200000, 0xc8200000| Untracked 
|  39|0xc8300000, 0xc8300000, 0xc8400000|  0%| F|  |TAMS 0xc8300000, 0xc8300000| Untracked 
|  40|0xc8400000, 0xc8400000, 0xc8500000|  0%| F|  |TAMS 0xc8400000, 0xc8400000| Untracked 
|  41|0xc8500000, 0xc8500000, 0xc8600000|  0%| F|  |TAMS 0xc8500000, 0xc8500000| Untracked 
|  42|0xc8600000, 0xc8600000, 0xc8700000|  0%| F|  |TAMS 0xc8600000, 0xc8600000| Untracked 
|  43|0xc8700000, 0xc8700000, 0xc8800000|  0%| F|  |TAMS 0xc8700000, 0xc8700000| Untracked 
|  44|0xc8800000, 0xc8800000, 0xc8900000|  0%| F|  |TAMS 0xc8800000, 0xc8800000| Untracked 
|  45|0xc8900000, 0xc8900000, 0xc8a00000|  0%| F|  |TAMS 0xc8900000, 0xc8900000| Untracked 
|  46|0xc8a00000, 0xc8a71380, 0xc8b00000| 44%| S|CS|TAMS 0xc8a00000, 0xc8a00000| Complete 
|  47|0xc8b00000, 0xc8b00000, 0xc8c00000|  0%| F|  |TAMS 0xc8b00000, 0xc8b00000| Untracked 
|  48|0xc8c00000, 0xc8d00000, 0xc8d00000|100%| S|CS|TAMS 0xc8c00000, 0xc8c00000| Complete 
|  49|0xc8d00000, 0xc8e00000, 0xc8e00000|100%| S|CS|TAMS 0xc8d00000, 0xc8d00000| Complete 
|  50|0xc8e00000, 0xc8f00000, 0xc8f00000|100%| S|CS|TAMS 0xc8e00000, 0xc8e00000| Complete 
|  51|0xc8f00000, 0xc9000000, 0xc9000000|100%| S|CS|TAMS 0xc8f00000, 0xc8f00000| Complete 
|  52|0xc9000000, 0xc9000000, 0xc9100000|  0%| F|  |TAMS 0xc9000000, 0xc9000000| Untracked 
|  53|0xc9100000, 0xc9100000, 0xc9200000|  0%| F|  |TAMS 0xc9100000, 0xc9100000| Untracked 
|  54|0xc9200000, 0xc9200000, 0xc9300000|  0%| F|  |TAMS 0xc9200000, 0xc9200000| Untracked 
|  55|0xc9300000, 0xc9300000, 0xc9400000|  0%| F|  |TAMS 0xc9300000, 0xc9300000| Untracked 
|  56|0xc9400000, 0xc9500000, 0xc9500000|100%| S|CS|TAMS 0xc9400000, 0xc9400000| Complete 
|  57|0xc9500000, 0xc9500000, 0xc9600000|  0%| F|  |TAMS 0xc9500000, 0xc9500000| Untracked 
|  58|0xc9600000, 0xc9600000, 0xc9700000|  0%| F|  |TAMS 0xc9600000, 0xc9600000| Untracked 
|  59|0xc9700000, 0xc9700000, 0xc9800000|  0%| F|  |TAMS 0xc9700000, 0xc9700000| Untracked 
|  60|0xc9800000, 0xc9800000, 0xc9900000|  0%| F|  |TAMS 0xc9800000, 0xc9800000| Untracked 
|  61|0xc9900000, 0xc9a00000, 0xc9a00000|100%| S|CS|TAMS 0xc9900000, 0xc9900000| Complete 
|  62|0xc9a00000, 0xc9a00000, 0xc9b00000|  0%| F|  |TAMS 0xc9a00000, 0xc9a00000| Untracked 
|  63|0xc9b00000, 0xc9b00000, 0xc9c00000|  0%| F|  |TAMS 0xc9b00000, 0xc9b00000| Untracked 
|  64|0xc9c00000, 0xc9c00000, 0xc9d00000|  0%| F|  |TAMS 0xc9c00000, 0xc9c00000| Untracked 
|  65|0xc9d00000, 0xc9d00000, 0xc9e00000|  0%| F|  |TAMS 0xc9d00000, 0xc9d00000| Untracked 
|  66|0xc9e00000, 0xc9e00000, 0xc9f00000|  0%| F|  |TAMS 0xc9e00000, 0xc9e00000| Untracked 
|  67|0xc9f00000, 0xc9f00000, 0xca000000|  0%| F|  |TAMS 0xc9f00000, 0xc9f00000| Untracked 
|  68|0xca000000, 0xca000000, 0xca100000|  0%| F|  |TAMS 0xca000000, 0xca000000| Untracked 
|  69|0xca100000, 0xca100000, 0xca200000|  0%| F|  |TAMS 0xca100000, 0xca100000| Untracked 
|  70|0xca200000, 0xca200000, 0xca300000|  0%| F|  |TAMS 0xca200000, 0xca200000| Untracked 
|  71|0xca300000, 0xca300000, 0xca400000|  0%| F|  |TAMS 0xca300000, 0xca300000| Untracked 
|  72|0xca400000, 0xca400000, 0xca500000|  0%| F|  |TAMS 0xca400000, 0xca400000| Untracked 
|  73|0xca500000, 0xca500800, 0xca600000|  0%| E|  |TAMS 0xca500000, 0xca500000| Complete 
|  74|0xca600000, 0xca700000, 0xca700000|100%| E|CS|TAMS 0xca600000, 0xca600000| Complete 
|  75|0xca700000, 0xca800000, 0xca800000|100%| E|CS|TAMS 0xca700000, 0xca700000| Complete 
|  76|0xca800000, 0xca900000, 0xca900000|100%| E|CS|TAMS 0xca800000, 0xca800000| Complete 
|  77|0xca900000, 0xcaa00000, 0xcaa00000|100%| E|CS|TAMS 0xca900000, 0xca900000| Complete 
|  78|0xcaa00000, 0xcab00000, 0xcab00000|100%| E|CS|TAMS 0xcaa00000, 0xcaa00000| Complete 
|  79|0xcab00000, 0xcac00000, 0xcac00000|100%| E|CS|TAMS 0xcab00000, 0xcab00000| Complete 
|  80|0xcac00000, 0xcad00000, 0xcad00000|100%| E|CS|TAMS 0xcac00000, 0xcac00000| Complete 
|  81|0xcad00000, 0xcae00000, 0xcae00000|100%| E|CS|TAMS 0xcad00000, 0xcad00000| Complete 
|  82|0xcae00000, 0xcaf00000, 0xcaf00000|100%| E|CS|TAMS 0xcae00000, 0xcae00000| Complete 
|  83|0xcaf00000, 0xcb000000, 0xcb000000|100%| E|CS|TAMS 0xcaf00000, 0xcaf00000| Complete 
|  84|0xcb000000, 0xcb100000, 0xcb100000|100%| E|CS|TAMS 0xcb000000, 0xcb000000| Complete 
|  85|0xcb100000, 0xcb200000, 0xcb200000|100%| E|CS|TAMS 0xcb100000, 0xcb100000| Complete 
|  86|0xcb200000, 0xcb300000, 0xcb300000|100%| E|CS|TAMS 0xcb200000, 0xcb200000| Complete 
|  87|0xcb300000, 0xcb400000, 0xcb400000|100%| E|CS|TAMS 0xcb300000, 0xcb300000| Complete 
|  88|0xcb400000, 0xcb500000, 0xcb500000|100%| E|CS|TAMS 0xcb400000, 0xcb400000| Complete 
|  89|0xcb500000, 0xcb600000, 0xcb600000|100%| E|CS|TAMS 0xcb500000, 0xcb500000| Complete 
|  90|0xcb600000, 0xcb700000, 0xcb700000|100%| E|CS|TAMS 0xcb600000, 0xcb600000| Complete 
|  91|0xcb700000, 0xcb800000, 0xcb800000|100%| E|CS|TAMS 0xcb700000, 0xcb700000| Complete 
|  92|0xcb800000, 0xcb900000, 0xcb900000|100%| E|CS|TAMS 0xcb800000, 0xcb800000| Complete 
|  93|0xcb900000, 0xcba00000, 0xcba00000|100%| E|CS|TAMS 0xcb900000, 0xcb900000| Complete 
|  94|0xcba00000, 0xcbb00000, 0xcbb00000|100%| E|CS|TAMS 0xcba00000, 0xcba00000| Complete 
|  95|0xcbb00000, 0xcbc00000, 0xcbc00000|100%| E|CS|TAMS 0xcbb00000, 0xcbb00000| Complete 
|  96|0xcbc00000, 0xcbd00000, 0xcbd00000|100%| E|CS|TAMS 0xcbc00000, 0xcbc00000| Complete 
|  97|0xcbd00000, 0xcbe00000, 0xcbe00000|100%| E|CS|TAMS 0xcbd00000, 0xcbd00000| Complete 
|  98|0xcbe00000, 0xcbf00000, 0xcbf00000|100%| E|CS|TAMS 0xcbe00000, 0xcbe00000| Complete 
|  99|0xcbf00000, 0xcc000000, 0xcc000000|100%| E|CS|TAMS 0xcbf00000, 0xcbf00000| Complete 
| 100|0xcc000000, 0xcc100000, 0xcc100000|100%| E|CS|TAMS 0xcc000000, 0xcc000000| Complete 
| 101|0xcc100000, 0xcc200000, 0xcc200000|100%| E|CS|TAMS 0xcc100000, 0xcc100000| Complete 
| 102|0xcc200000, 0xcc300000, 0xcc300000|100%| E|CS|TAMS 0xcc200000, 0xcc200000| Complete 
| 103|0xcc300000, 0xcc400000, 0xcc400000|100%| E|CS|TAMS 0xcc300000, 0xcc300000| Complete 
| 104|0xcc400000, 0xcc500000, 0xcc500000|100%| E|CS|TAMS 0xcc400000, 0xcc400000| Complete 
| 105|0xcc500000, 0xcc600000, 0xcc600000|100%| E|CS|TAMS 0xcc500000, 0xcc500000| Complete 
| 106|0xcc600000, 0xcc700000, 0xcc700000|100%| E|CS|TAMS 0xcc600000, 0xcc600000| Complete 
| 107|0xcc700000, 0xcc800000, 0xcc800000|100%| E|CS|TAMS 0xcc700000, 0xcc700000| Complete 
| 108|0xcc800000, 0xcc900000, 0xcc900000|100%| E|CS|TAMS 0xcc800000, 0xcc800000| Complete 
| 109|0xcc900000, 0xcca00000, 0xcca00000|100%| E|CS|TAMS 0xcc900000, 0xcc900000| Complete 
| 110|0xcca00000, 0xccb00000, 0xccb00000|100%| E|CS|TAMS 0xcca00000, 0xcca00000| Complete 
| 111|0xccb00000, 0xccc00000, 0xccc00000|100%| E|CS|TAMS 0xccb00000, 0xccb00000| Complete 
| 112|0xccc00000, 0xccd00000, 0xccd00000|100%| E|CS|TAMS 0xccc00000, 0xccc00000| Complete 
| 113|0xccd00000, 0xcce00000, 0xcce00000|100%| E|CS|TAMS 0xccd00000, 0xccd00000| Complete 
| 114|0xcce00000, 0xccf00000, 0xccf00000|100%| E|CS|TAMS 0xcce00000, 0xcce00000| Complete 
| 115|0xccf00000, 0xcd000000, 0xcd000000|100%| E|CS|TAMS 0xccf00000, 0xccf00000| Complete 
| 116|0xcd000000, 0xcd100000, 0xcd100000|100%| E|CS|TAMS 0xcd000000, 0xcd000000| Complete 
| 117|0xcd100000, 0xcd200000, 0xcd200000|100%| E|CS|TAMS 0xcd100000, 0xcd100000| Complete 
| 118|0xcd200000, 0xcd300000, 0xcd300000|100%| E|CS|TAMS 0xcd200000, 0xcd200000| Complete 
| 119|0xcd300000, 0xcd400000, 0xcd400000|100%| E|CS|TAMS 0xcd300000, 0xcd300000| Complete 
| 120|0xcd400000, 0xcd500000, 0xcd500000|100%| E|CS|TAMS 0xcd400000, 0xcd400000| Complete 
| 121|0xcd500000, 0xcd600000, 0xcd600000|100%| E|CS|TAMS 0xcd500000, 0xcd500000| Complete 
| 122|0xcd600000, 0xcd700000, 0xcd700000|100%| E|CS|TAMS 0xcd600000, 0xcd600000| Complete 
| 123|0xcd700000, 0xcd800000, 0xcd800000|100%| E|CS|TAMS 0xcd700000, 0xcd700000| Complete 
| 124|0xcd800000, 0xcd900000, 0xcd900000|100%| E|CS|TAMS 0xcd800000, 0xcd800000| Complete 
| 125|0xcd900000, 0xcda00000, 0xcda00000|100%| E|CS|TAMS 0xcd900000, 0xcd900000| Complete 
| 126|0xcda00000, 0xcdb00000, 0xcdb00000|100%| E|CS|TAMS 0xcda00000, 0xcda00000| Complete 
| 127|0xcdb00000, 0xcdc00000, 0xcdc00000|100%| E|CS|TAMS 0xcdb00000, 0xcdb00000| Complete 

Card table byte_map: [0xc5b00000,0xc5c00000] _byte_map_base: 0xc54d2000

Marking Bits (Prev, Next): (CMBitMap*) 0xf5f8b528, (CMBitMap*) 0xf5f8b548
 Prev Bits: [0xc5200000, 0xc5a00000)
 Next Bits: [0xc4a00000, 0xc5200000)

Polling page: 0xf7fc1000

Metaspace:

Usage:
    6.94 MB used.

Virtual space:
     16.00 MB reserved,       7.81 MB ( 49%) committed,  1 nodes.

Chunk freelists:
5.94 MB

MaxMetaspaceSize: 96.00 MB
No class space
Initial GC threshold: 16.00 MB
Current GC threshold: 16.00 MB
CDS: on
MetaspaceReclaimPolicy: balanced
 - commit_granule_bytes: 65536.
 - commit_granule_words: 16384.
 - virtual_space_node_default_size: 4194304.
 - enlarge_chunks_in_place: 1.
 - new_chunks_are_fully_committed: 0.
 - uncommit_free_chunks: 1.
 - use_allocation_guard: 0.
 - handle_deallocations: 1.


Internal statistics:

num_allocs_failed_limit: 0.
num_arena_births: 512.
num_arena_deaths: 0.
num_vsnodes_births: 1.
num_vsnodes_deaths: 0.
num_space_committed: 125.
num_space_uncommitted: 0.
num_chunks_returned_to_freelist: 0.
num_chunks_taken_from_freelist: 948.
num_chunk_merges: 0.
num_chunk_splits: 632.
num_chunks_enlarged: 386.
num_inconsistent_stats: 0.

CodeHeap 'non-profiled nmethods': size=120172Kb used=1655Kb max_used=1655Kb free=118516Kb
 bounds [0xed8f5000, 0xedb35000, 0xf4e50000]
CodeHeap 'profiled nmethods': size=120172Kb used=4261Kb max_used=4261Kb free=115910Kb
 bounds [0xe5e50000, 0xe6280000, 0xed3ab000]
CodeHeap 'non-nmethods': size=5416Kb used=737Kb max_used=787Kb free=4678Kb
 bounds [0xed3ab000, 0xed5eb000, 0xed8f5000]
 total_blobs=2551 nmethods=2202 adapters=263
 compilation: enabled
              stopped_count=0, restarted_count=0
 full_count=0

Compilation events (20 events):
Event: 3029.925 Thread 0xc429f430 2213       4       java.io.ObjectStreamClass::classNamesEqual (59 bytes)
Event: 3030.005 Thread 0xc429f430 nmethod 2213 0xeda85488 code [0xeda855c0, 0xeda85c90]
Event: 3106.016 Thread 0xc429f430 2214       4       java.io.ObjectOutputStream$PutFieldImpl::getFieldOffset (55 bytes)
Event: 3106.104 Thread 0xc429f430 nmethod 2214 0xeda86108 code [0xeda86240, 0xeda86990]
Event: 3106.945 Thread 0xc429f430 2215       4       script.dictionary_byte_array_output_stream::toByteArray (78 bytes)
Event: 3106.953 Thread 0xc429f430 nmethod 2215 0xeda86e88 code [0xeda86fc0, 0xeda87490]
Event: 3108.067 Thread 0xc429f430 2216  s    4       java.io.ByteArrayOutputStream::write (43 bytes)
Event: 3108.077 Thread 0xc429f430 nmethod 2216 0xeda87608 code [0xeda87740, 0xeda87df0]
Event: 3170.962 Thread 0xc429f430 2217       4       java.io.ObjectOutputStream$PutFieldImpl::getFieldOffset (55 bytes)
Event: 3170.978 Thread 0xc429f430 nmethod 2217 0xeda88088 code [0xeda881c0, 0xeda888b0]
Event: 3253.058 Thread 0xc429f430 2218       4       java.io.ObjectStreamClass::writeNonProxy (161 bytes)
Event: 3253.528 Thread 0xc429f430 nmethod 2218 0xeda88d88 code [0xeda89000, 0xeda8cdb0]
Event: 3308.845 Thread 0xc429f430 2219       4       java.io.ClassCache::get (56 bytes)
Event: 3308.900 Thread 0xc429f430 nmethod 2219 0xeda8f288 code [0xeda8f440, 0xeda90178]
Event: 3315.757 Thread 0xc429f430 2220       4       java.lang.invoke.Invokers$Holder::linkToTargetMethod (10 bytes)
Event: 3315.759 Thread 0xc429f430 nmethod 2220 0xeda90608 code [0xeda90740, 0xeda90804]
Event: 3515.050 Thread 0xc42a0560 2221  s    3       java.util.Hashtable::remove (133 bytes)
Event: 3515.051 Thread 0xc42a0560 nmethod 2221 0xe6278988 code [0xe6278b20, 0xe6279218]
Event: 3801.054 Thread 0xc429f430 2222   !   4       java.io.ObjectOutputStream::defaultWriteFields (288 bytes)
Event: 3801.150 Thread 0xc429f430 nmethod 2222 0xeda90908 code [0xeda90ae0, 0xeda921b8]

GC Heap History (14 events):
Event: 85.155 GC heap before
{Heap before GC invocations=0 (full 0):
 garbage-first heap   total 131072K, used 12288K [0xc5c00000, 0xe5c00000)
  region size 1024K, 13 young (13312K), 0 survivors (0K)
 Metaspace       used 2340K, committed 2560K, reserved 16384K
}
Event: 85.195 GC heap after
{Heap after GC invocations=1 (full 0):
 garbage-first heap   total 131072K, used 1954K [0xc5c00000, 0xe5c00000)
  region size 1024K, 2 young (2048K), 2 survivors (2048K)
 Metaspace       used 2340K, committed 2560K, reserved 16384K
}
Event: 120.456 GC heap before
{Heap before GC invocations=1 (full 0):
 garbage-first heap   total 131072K, used 20386K [0xc5c00000, 0xe5c00000)
  region size 1024K, 20 young (20480K), 2 survivors (2048K)
 Metaspace       used 4078K, committed 4416K, reserved 16384K
}
Event: 120.475 GC heap after
{Heap after GC invocations=2 (full 0):
 garbage-first heap   total 131072K, used 3551K [0xc5c00000, 0xe5c00000)
  region size 1024K, 2 young (2048K), 2 survivors (2048K)
 Metaspace       used 4078K, committed 4416K, reserved 16384K
}
Event: 294.280 GC heap before
{Heap before GC invocations=2 (full 0):
 garbage-first heap   total 131072K, used 79327K [0xc5c00000, 0xe5c00000)
  region size 1024K, 76 young (77824K), 2 survivors (2048K)
 Metaspace       used 5476K, committed 6016K, reserved 16384K
}
Event: 294.334 GC heap after
{Heap after GC invocations=3 (full 0):
 garbage-first heap   total 131072K, used 5721K [0xc5c00000, 0xe5c00000)
  region size 1024K, 4 young (4096K), 4 survivors (4096K)
 Metaspace       used 5476K, committed 6016K, reserved 16384K
}
Event: 664.253 GC heap before
{Heap before GC invocations=3 (full 0):
 garbage-first heap   total 131072K, used 79449K [0xc5c00000, 0xe5c00000)
  region size 1024K, 76 young (77824K), 4 survivors (4096K)
 Metaspace       used 5616K, committed 6144K, reserved 16384K
}
Event: 664.289 GC heap after
{Heap after GC invocations=4 (full 0):
 garbage-first heap   total 131072K, used 7031K [0xc5c00000, 0xe5c00000)
  region size 1024K, 5 young (5120K), 5 survivors (5120K)
 Metaspace       used 5616K, committed 6144K, reserved 16384K
}
Event: 687.657 GC heap before
{Heap before GC invocations=4 (full 0):
 garbage-first heap   total 131072K, used 79735K [0xc5c00000, 0xe5c00000)
  region size 1024K, 76 young (77824K), 5 survivors (5120K)
 Metaspace       used 6825K, committed 7680K, reserved 16384K
}
Event: 687.698 GC heap after
{Heap after GC invocations=5 (full 0):
 garbage-first heap   total 131072K, used 10322K [0xc5c00000, 0xe5c00000)
  region size 1024K, 9 young (9216K), 9 survivors (9216K)
 Metaspace       used 6825K, committed 7680K, reserved 16384K
}
Event: 897.898 GC heap before
{Heap before GC invocations=5 (full 0):
 garbage-first heap   total 131072K, used 78930K [0xc5c00000, 0xe5c00000)
  region size 1024K, 76 young (77824K), 9 survivors (9216K)
 Metaspace       used 7079K, committed 7936K, reserved 16384K
}
Event: 898.023 GC heap after
{Heap after GC invocations=6 (full 0):
 garbage-first heap   total 131072K, used 15527K [0xc5c00000, 0xe5c00000)
  region size 1024K, 10 young (10240K), 10 survivors (10240K)
 Metaspace       used 7079K, committed 7936K, reserved 16384K
}
Event: 2463.817 GC heap before
{Heap before GC invocations=6 (full 0):
 garbage-first heap   total 131072K, used 83111K [0xc5c00000, 0xe5c00000)
  region size 1024K, 76 young (77824K), 10 survivors (10240K)
 Metaspace       used 7092K, committed 7936K, reserved 16384K
}
Event: 2464.037 GC heap after
{Heap after GC invocations=7 (full 0):
 garbage-first heap   total 131072K, used 16950K [0xc5c00000, 0xe5c00000)
  region size 1024K, 7 young (7168K), 7 survivors (7168K)
 Metaspace       used 7092K, committed 7936K, reserved 16384K
}

Dll operation events (4 events):
Event: 0.003 Loaded shared library /usr/lib/jvm/java-17-zulu-openjdk-jdk-x86/lib/libjava.so
Event: 60.426 Loaded shared library /usr/lib/jvm/java-17-zulu-openjdk-jdk-x86/lib/libnio.so
Event: 60.426 Loaded shared library /usr/lib/jvm/java-17-zulu-openjdk-jdk-x86/lib/libjimage.so
Event: 60.428 Loaded shared library /usr/lib/jvm/java-17-zulu-openjdk-jdk-x86/lib/libnet.so

Deoptimization events (20 events):
Event: 794.895 Thread 0x0d1518a0 DEOPT PACKING pc=0xed9ea8a0 sp=0xff9de4c0
Event: 794.895 Thread 0x0d1518a0 DEOPT UNPACKING pc=0xed3f4d33 sp=0xff9de4cc mode 2
Event: 794.897 Thread 0x0d1518a0 Uncommon trap: trap_request=0xffffff45 fr.pc=0xeda02d70 relative=0x00000990
Event: 794.897 Thread 0x0d1518a0 Uncommon trap: reason=unstable_if action=reinterpret pc=0xeda02d70 method=script.obj_id.unlockScripts()V @ 35 c2
Event: 794.897 Thread 0x0d1518a0 DEOPT PACKING pc=0xeda02d70 sp=0xff9df560
Event: 794.897 Thread 0x0d1518a0 DEOPT UNPACKING pc=0xed3f4d33 sp=0xff9df4f4 mode 2
Event: 794.899 Thread 0x0d1518a0 Uncommon trap: trap_request=0xffffff45 fr.pc=0xed9e65b4 relative=0x00000094
Event: 794.899 Thread 0x0d1518a0 Uncommon trap: reason=unstable_if action=reinterpret pc=0xed9e65b4 method=script.obj_id.unlockScripts()V @ 35 c2
Event: 794.899 Thread 0x0d1518a0 DEOPT PACKING pc=0xed9e65b4 sp=0xff9df520
Event: 794.899 Thread 0x0d1518a0 DEOPT UNPACKING pc=0xed3f4d33 sp=0xff9df4f0 mode 2
Event: 859.007 Thread 0x0d1518a0 DEOPT PACKING pc=0xe607fe7f sp=0xff9dd900
Event: 859.007 Thread 0x0d1518a0 DEOPT UNPACKING pc=0xed3f4171 sp=0xff9dd7c0 mode 0
Event: 1167.790 Thread 0x0d1518a0 Uncommon trap: trap_request=0xffffff45 fr.pc=0xeda4afac relative=0x000007ac
Event: 1167.790 Thread 0x0d1518a0 Uncommon trap: reason=unstable_if action=reinterpret pc=0xeda4afac method=script.deltadictionary.getObjId(Ljava/lang/Object;)Lscript/obj_id; @ 19 c2
Event: 1167.790 Thread 0x0d1518a0 DEOPT PACKING pc=0xeda4afac sp=0xff9df220
Event: 1167.790 Thread 0x0d1518a0 DEOPT UNPACKING pc=0xed3f4d33 sp=0xff9df220 mode 2
Event: 3106.943 Thread 0x0d1518a0 Uncommon trap: trap_request=0xfffffff4 fr.pc=0xeda868d0 relative=0x00000690
Event: 3106.944 Thread 0x0d1518a0 Uncommon trap: reason=null_check action=make_not_entrant pc=0xeda868d0 method=java.io.ObjectStreamClass.getField(Ljava/lang/String;Ljava/lang/Class;)Ljava/io/ObjectStreamField; @ 67 c2
Event: 3106.944 Thread 0x0d1518a0 DEOPT PACKING pc=0xeda868d0 sp=0xff9dd880
Event: 3106.944 Thread 0x0d1518a0 DEOPT UNPACKING pc=0xed3f4d33 sp=0xff9dd824 mode 2

Classes unloaded (0 events):
No events

Classes redefined (0 events):
No events

Internal exceptions (11 events):
Event: 60.435 Thread 0x0d1518a0 Exception <a 'java/lang/NoSuchMethodError'{0xcd4442b8}: 'java.lang.Object java.lang.invoke.DirectMethodHandle$Holder.invokeStaticInit(java.lang.Object)'> (0xcd4442b8) 
thrown [src/hotspot/share/interpreter/linkResolver.cpp, line 759]
Event: 72.817 Thread 0x0d1518a0 Exception <a 'java/lang/NoSuchMethodError'{0xcd094b40}: 'java.lang.Object java.lang.invoke.DirectMethodHandle$Holder.invokeStatic(java.lang.Object, float)'> (0xcd094b40) 
thrown [src/hotspot/share/interpreter/linkResolver.cpp, line 759]
Event: 118.172 Thread 0x0d1518a0 Exception <a 'java/lang/NoSuchMethodError'{0xcd0035b8}: static [Ljava/lang/Object;.<clinit>()V> (0xcd0035b8) 
thrown [src/hotspot/share/prims/jni.cpp, line 1112]
Event: 120.349 Thread 0x0d1518a0 Exception <a 'java/lang/NoSuchMethodError'{0xcccbdc08}: 'java.lang.Object java.lang.invoke.DirectMethodHandle$Holder.invokeSpecial(java.lang.Object, java.lang.Object, java.lang.Object, java.lang.Object, int)'> (0xcccbdc08) 
thrown [src/hotspot/share/interpreter/linkResolver.cpp, line 759]
Event: 120.350 Thread 0x0d1518a0 Exception <a 'java/lang/NoSuchMethodError'{0xcccc1370}: 'java.lang.Object java.lang.invoke.Invokers$Holder.linkToTargetMethod(java.lang.Object, java.lang.Object, int, java.lang.Object)'> (0xcccc1370) 
thrown [src/hotspot/share/interpreter/linkResolver.cpp, line 759]
Event: 128.172 Thread 0x0d1518a0 Exception <a 'java/lang/NoSuchMethodError'{0xcc99c358}: 'java.lang.Object java.lang.invoke.DirectMethodHandle$Holder.invokeSpecial(java.lang.Object, java.lang.Object, java.lang.Object, java.lang.Object, java.lang.Object, java.lang.Object, int)'> (0xcc99c358) 
thrown [src/hotspot/share/interpreter/linkResolver.cpp, line 759]
Event: 188.097 Thread 0x0d1518a0 Exception <a 'java/lang/NoSuchMethodError'{0xc9abffa0}: static [Lscript/obj_id;.<clinit>()V> (0xc9abffa0) 
thrown [src/hotspot/share/prims/jni.cpp, line 1112]
Event: 690.033 Thread 0x0d1518a0 Exception <a 'java/lang/NoSuchMethodError'{0xccb7c080}: 'java.lang.Object java.lang.invoke.DirectMethodHandle$Holder.invokeSpecial(java.lang.Object, java.lang.Object, long, java.lang.Object, java.lang.Object, java.lang.Object, java.lang.Object, java.lang.Object, java.lang.Object)'> (0xccb7c080) 
thrown [src/hotspot/share/interpreter/linkResolver.cpp, line 759]
Event: 690.034 Thread 0x0d1518a0 Exception <a 'java/lang/NoSuchMethodError'{0xccb80458}: 'java.lang.Object java.lang.invoke.DelegatingMethodHandle$Holder.reinvoke_L(java.lang.Object, long, java.lang.Object, java.lang.Object, java.lang.Object, java.lang.Object, java.lang.Object, java.lang.Object)'> (0xccb80458) 
thrown [src/hotspot/share/interpreter/linkResolver.cpp, line 759]
Event: 1167.790 Thread 0x0d1518a0 Implicit null exception at 0xeda4ac1c to 0xeda4af9c
Event: 3106.943 Thread 0x0d1518a0 Implicit null exception at 0xeda8656e to 0xeda868a8

VM Operations (20 events):
Event: 808.878 Executing VM operation: Cleanup
Event: 808.878 Executing VM operation: Cleanup done
Event: 811.881 Executing VM operation: Cleanup
Event: 811.881 Executing VM operation: Cleanup done
Event: 897.898 Executing VM operation: G1CollectForAllocation
Event: 898.023 Executing VM operation: G1CollectForAllocation done
Event: 938.106 Executing VM operation: Cleanup
Event: 938.106 Executing VM operation: Cleanup done
Event: 1339.104 Executing VM operation: HandshakeAllThreads
Event: 1339.104 Executing VM operation: HandshakeAllThreads done
Event: 1340.107 Executing VM operation: Cleanup
Event: 1340.107 Executing VM operation: Cleanup done
Event: 2172.965 Executing VM operation: Cleanup
Event: 2172.965 Executing VM operation: Cleanup done
Event: 2463.817 Executing VM operation: G1CollectForAllocation
Event: 2464.037 Executing VM operation: G1CollectForAllocation done
Event: 3564.515 Executing VM operation: Cleanup
Event: 3564.516 Executing VM operation: Cleanup done
Event: 3875.900 Executing VM operation: Cleanup
Event: 3875.900 Executing VM operation: Cleanup done

Events (20 events):
Event: 120.277 loading class java/nio/DirectByteBuffer$Deallocator
Event: 120.277 loading class java/nio/DirectByteBuffer$Deallocator done
Event: 120.277 loading class sun/nio/ch/NativeThread
Event: 120.277 loading class sun/nio/ch/NativeThread done
Event: 120.277 loading class sun/nio/ch/IOStatus
Event: 120.277 loading class sun/nio/ch/IOStatus done
Event: 120.277 loading class sun/net/www/protocol/jrt/Handler
Event: 120.277 loading class sun/net/www/protocol/jrt/Handler done
Event: 120.278 loading class java/util/AbstractMap$SimpleEntry
Event: 120.278 loading class java/util/AbstractMap$SimpleEntry done
Event: 120.284 loading class sun/text/resources/cldr/FormatData_en
Event: 120.284 loading class sun/text/resources/cldr/FormatData_en done
Event: 120.284 loading class sun/text/resources/cldr/FormatData_en_US
Event: 120.284 loading class sun/text/resources/cldr/FormatData_en_US done
Event: 120.381 Thread 0xc488c470 Thread added: 0xc488c470
Event: 120.381 Protecting memory [0xc11fc000,0xc1200000] with protection modes 0
Event: 120.876 Thread 0xc488c470 Thread exited: 0xc488c470
Event: 4015.834 Thread 0x0d1518a0 Thread exited: 0x0d1518a0
Event: 4015.839 Thread 0xf5f242d0 Thread exited: 0xf5f242d0
Event: 4015.841 Thread 0xc429bfd0 Thread exited: 0xc429bfd0


Dynamic libraries:
08048000-09298000 r-xp 00000000 08:04 494947248                          /home/almalinux/swg-returns-nge/build/bin/SwgGameServer
09298000-0929c000 rw-p 0124f000 08:04 494947248                          /home/almalinux/swg-returns-nge/build/bin/SwgGameServer
0929c000-09b1f000 rw-p 00000000 00:00 0 
0ba8c000-1ecf6000 rw-p 00000000 00:00 0                                  [heap]
bea00000-beafd000 rw-p 00000000 00:00 0 
beafd000-beb00000 ---p 00000000 00:00 0 
beb00000-bebaa000 rw-p 00000000 00:00 0 
bebaa000-bec00000 ---p 00000000 00:00 0 
bed00000-bedfc000 rw-p 00000000 00:00 0 
bedfc000-bee00000 ---p 00000000 00:00 0 
bee00000-beef9000 rw-p 00000000 00:00 0 
beef9000-bef00000 ---p 00000000 00:00 0 
bef00000-beff9000 rw-p 00000000 00:00 0 
beff9000-bf000000 ---p 00000000 00:00 0 
bf000000-bf07f000 rw-p 00000000 00:00 0 
bf07f000-bf100000 ---p 00000000 00:00 0 
bf100000-bf1f9000 rw-p 00000000 00:00 0 
bf1f9000-bf200000 ---p 00000000 00:00 0 
bf200000-bf2f9000 rw-p 00000000 00:00 0 
bf2f9000-bf300000 ---p 00000000 00:00 0 
bf300000-bf3fe000 rw-p 00000000 00:00 0 
bf3fe000-bf400000 ---p 00000000 00:00 0 
bf400000-bf4f9000 rw-p 00000000 00:00 0 
bf4f9000-bf500000 ---p 00000000 00:00 0 
bf500000-bf5f9000 rw-p 00000000 00:00 0 
bf5f9000-bf600000 ---p 00000000 00:00 0 
bf600000-bf6fe000 rw-p 00000000 00:00 0 
bf6fe000-bf700000 ---p 00000000 00:00 0 
bf700000-bf7fd000 rw-p 00000000 00:00 0 
bf7fd000-bf800000 ---p 00000000 00:00 0 
bf800000-bf8f9000 rw-p 00000000 00:00 0 
bf8f9000-bf900000 ---p 00000000 00:00 0 
bf900000-bf9f9000 rw-p 00000000 00:00 0 
bf9f9000-bfa00000 ---p 00000000 00:00 0 
bfa00000-bfafc000 rw-p 00000000 00:00 0 
bfafc000-bfb00000 ---p 00000000 00:00 0 
bfb00000-bfbf9000 rw-p 00000000 00:00 0 
bfbf9000-bfc00000 ---p 00000000 00:00 0 
bfc00000-bfcfd000 rw-p 00000000 00:00 0 
bfcfd000-bfd00000 ---p 00000000 00:00 0 
bfd00000-bfdf9000 rw-p 00000000 00:00 0 
bfdf9000-bfe00000 ---p 00000000 00:00 0 
bff00000-bfff9000 rw-p 00000000 00:00 0 
bfff9000-c0000000 ---p 00000000 00:00 0 
c0300000-c0400000 rw-p 00000000 00:00 0 
c0500000-c05f9000 rw-p 00000000 00:00 0 
c05f9000-c0600000 ---p 00000000 00:00 0 
c0600000-c06ff000 rw-p 00000000 00:00 0 
c06ff000-c0700000 ---p 00000000 00:00 0 
c0700000-c07e9000 rw-p 00000000 00:00 0 
c07e9000-c0800000 ---p 00000000 00:00 0 
c1000000-c10fc000 rw-p 00000000 00:00 0 
c10fc000-c1100000 ---p 00000000 00:00 0 
c11fc000-c1200000 ---p 00000000 00:00 0 
c1200000-c127d000 rw-p 00000000 00:00 0 
c127d000-c127e000 ---p 00000000 00:00 0 
c127e000-c12fe000 rw-p 00000000 00:00 0 
c12fe000-c12ff000 ---p 00000000 00:00 0 
c12ff000-c137f000 rw-p 00000000 00:00 0 
c137f000-c1383000 ---p 00000000 00:00 0 
c1383000-c1400000 rw-p 00000000 00:00 0 
c1400000-c14fc000 rw-p 00000000 00:00 0 
c14fc000-c1500000 ---p 00000000 00:00 0 
c173d000-c1741000 ---p 00000000 00:00 0 
c1741000-c17fe000 rw-p 00000000 00:00 0 
c17fe000-c1802000 ---p 00000000 00:00 0 
c1802000-c18bf000 rw-p 00000000 00:00 0 
c18bf000-c18c0000 ---p 00000000 00:00 0 
c18c0000-c1940000 rw-p 00000000 00:00 0 
c1940000-c1944000 ---p 00000000 00:00 0 
c1944000-c1a01000 rw-p 00000000 00:00 0 
c1a01000-c1a05000 ---p 00000000 00:00 0 
c1a05000-c1ac2000 rw-p 00000000 00:00 0 
c1ac2000-c1ac6000 ---p 00000000 00:00 0 
c1ac6000-c1b43000 rw-p 00000000 00:00 0 
c1b43000-c1b47000 ---p 00000000 00:00 0 
c1b47000-c1c04000 rw-p 00000000 00:00 0 
c1c04000-c1c08000 ---p 00000000 00:00 0 
c1c08000-c1cc5000 rw-p 00000000 00:00 0 
c1cc5000-c1cc9000 ---p 00000000 00:00 0 
c1cc9000-c1d86000 rw-p 00000000 00:00 0 
c1d86000-c2000000 r--p 00078000 08:04 535181                             /usr/lib/locale/locale-archive
c2000000-c21b0000 rw-p 00000000 00:00 0 
c21b0000-c2400000 ---p 00000000 00:00 0 
c2400000-c2a20000 rw-p 00000000 00:00 0 
c2a20000-c3000000 ---p 00000000 00:00 0 
c307e000-c327e000 r--p 00000000 08:04 535181                             /usr/lib/locale/locale-archive
c327e000-c3282000 ---p 00000000 00:00 0 
c3282000-c333f000 rw-p 00000000 00:00 0 
c333f000-c3343000 ---p 00000000 00:00 0 
c3343000-c3400000 rw-p 00000000 00:00 0 
c3400000-c3426000 rw-p 00000000 00:00 0 
c3426000-c3500000 ---p 00000000 00:00 0 
c3531000-c3535000 ---p 00000000 00:00 0 
c3535000-c35b2000 rw-p 00000000 00:00 0 
c35b2000-c35b3000 ---p 00000000 00:00 0 
c35b3000-c3633000 rw-p 00000000 00:00 0 
c3633000-c3f00000 rw-p 00001000 08:04 143240867                          /usr/lib/jvm/java-17-zulu-openjdk-jdk-x86/lib/server/classes.jsa
c3f00000-c3f21000 rw-p 00000000 00:00 0 
c3f21000-c4000000 ---p 00000000 00:00 0 
c407f000-c4080000 ---p 00000000 00:00 0 
c4080000-c4100000 rw-p 00000000 00:00 0 
c4100000-c4121000 rw-p 00000000 00:00 0 
c4121000-c4200000 ---p 00000000 00:00 0 
c4200000-c42d8000 rw-p 00000000 00:00 0 
c42d8000-c4300000 ---p 00000000 00:00 0 
c437f000-c4380000 ---p 00000000 00:00 0 
c4380000-c4400000 rw-p 00000000 00:00 0 
c4400000-c444b000 rw-p 00000000 00:00 0 
c444b000-c4500000 ---p 00000000 00:00 0 
c457f000-c4580000 ---p 00000000 00:00 0 
c4580000-c4600000 rw-p 00000000 00:00 0 
c4600000-c46ec000 rw-p 00000000 00:00 0 
c46ec000-c4700000 ---p 00000000 00:00 0 
c477f000-c4780000 ---p 00000000 00:00 0 
c4780000-c4800000 rw-p 00000000 00:00 0 
c4800000-c48f9000 rw-p 00000000 00:00 0 
c48f9000-c4900000 ---p 00000000 00:00 0 
c497f000-c4980000 ---p 00000000 00:00 0 
c4980000-c4c00000 rw-p 00000000 00:00 0 
c4c00000-c5200000 ---p 00000000 00:00 0 
c5200000-c5400000 rw-p 00000000 00:00 0 
c5400000-c5a00000 ---p 00000000 00:00 0 
c5a00000-c5a40000 rw-p 00000000 00:00 0 
c5a40000-c5b00000 ---p 00000000 00:00 0 
c5b00000-c5b40000 rw-p 00000000 00:00 0 
c5b40000-c5c00000 ---p 00000000 00:00 0 
c5c00000-cdc00000 rw-p 00000000 00:00 0 
cdc00000-e5c00000 ---p 00000000 00:00 0 
e5c65000-e5ca5000 rw-p 00000000 00:00 0 
e5ca5000-e5d65000 ---p 00000000 00:00 0 
e5d65000-e5d6a000 rw-p 00000000 00:00 0 
e5d6a000-e5e50000 ---p 00000000 00:00 0 
e5e50000-e6280000 rwxp 00000000 00:00 0 
e6280000-ed3ab000 ---p 00000000 00:00 0 
ed3ab000-ed5eb000 rwxp 00000000 00:00 0 
ed5eb000-ed8f5000 ---p 00000000 00:00 0 
ed8f5000-edb35000 rwxp 00000000 00:00 0 
edb35000-f4e50000 ---p 00000000 00:00 0 
f4e50000-f4fb8000 r--s 00000000 08:04 117534333                          /usr/lib/jvm/java-17-zulu-openjdk-jdk-x86/lib/modules
f4fb8000-f5e5a000 r-xp 00000000 08:04 143240869                          /usr/lib/jvm/java-17-zulu-openjdk-jdk-x86/lib/server/libjvm.so
f5e5a000-f5eaf000 r--p 00ea1000 08:04 143240869                          /usr/lib/jvm/java-17-zulu-openjdk-jdk-x86/lib/server/libjvm.so
f5eaf000-f5ed0000 rw-p 00ef6000 08:04 143240869                          /usr/lib/jvm/java-17-zulu-openjdk-jdk-x86/lib/server/libjvm.so
f5ed0000-f5f00000 rw-p 00000000 00:00 0 
f5f00000-f6000000 rw-p 00000000 00:00 0 
f6007000-f6008000 ---p 00000000 00:00 0 
f6008000-f600c000 ---p 00000000 00:00 0 
f600c000-f6b80000 rw-p 00000000 00:00 0 
f6b8c000-f6ba1000 r-xp 00000000 08:04 117534323                          /usr/lib/jvm/java-17-zulu-openjdk-jdk-x86/lib/libnet.so
f6ba1000-f6ba2000 r--p 00014000 08:04 117534323                          /usr/lib/jvm/java-17-zulu-openjdk-jdk-x86/lib/libnet.so
f6ba2000-f6ba3000 rw-p 00015000 08:04 117534323                          /usr/lib/jvm/java-17-zulu-openjdk-jdk-x86/lib/libnet.so
f6ba3000-f6bac000 rw-p 00000000 00:00 0 
f6bac000-f6c8e000 ---p 00000000 00:00 0 
f6ec8000-f6eda000 r-xp 00000000 08:04 117534324                          /usr/lib/jvm/java-17-zulu-openjdk-jdk-x86/lib/libnio.so
f6eda000-f6edb000 r--p 00011000 08:04 117534324                          /usr/lib/jvm/java-17-zulu-openjdk-jdk-x86/lib/libnio.so
f6edb000-f6edc000 rw-p 00012000 08:04 117534324                          /usr/lib/jvm/java-17-zulu-openjdk-jdk-x86/lib/libnio.so
f6edc000-f6f05000 rw-p 00000000 00:00 0 
f6f05000-f6f28000 r-xp 00000000 08:04 117534310                          /usr/lib/jvm/java-17-zulu-openjdk-jdk-x86/lib/libjava.so
f6f28000-f6f29000 r--p 00022000 08:04 117534310                          /usr/lib/jvm/java-17-zulu-openjdk-jdk-x86/lib/libjava.so
f6f29000-f6f2a000 rw-p 00023000 08:04 117534310                          /usr/lib/jvm/java-17-zulu-openjdk-jdk-x86/lib/libjava.so
f6f2a000-f6f36000 r-xp 00000000 08:04 16831767                           /usr/lib/libnss_files-2.28.so
f6f36000-f6f37000 r--p 0000b000 08:04 16831767                           /usr/lib/libnss_files-2.28.so
f6f37000-f6f38000 rw-p 0000c000 08:04 16831767                           /usr/lib/libnss_files-2.28.so
f6f38000-f6f3e000 rw-p 00000000 00:00 0 
f6f44000-f6f49000 rw-p 00000000 00:00 0 
f6f49000-f6f4f000 ---p 00000000 00:00 0 
f6f4f000-f6f6a000 r-xp 00000000 08:04 117534314                          /usr/lib/jvm/java-17-zulu-openjdk-jdk-x86/lib/libjimage.so
f6f6a000-f6f6b000 ---p 0001b000 08:04 117534314                          /usr/lib/jvm/java-17-zulu-openjdk-jdk-x86/lib/libjimage.so
f6f6b000-f6f6c000 r--p 0001b000 08:04 117534314                          /usr/lib/jvm/java-17-zulu-openjdk-jdk-x86/lib/libjimage.so
f6f6c000-f6f6d000 rw-p 0001c000 08:04 117534314                          /usr/lib/jvm/java-17-zulu-openjdk-jdk-x86/lib/libjimage.so
f6f6d000-f6f71000 rw-p 00000000 00:00 0 
f6f71000-f6ff9000 r-xp 00000000 08:04 17191875                           /usr/lib/libpcre2-8.so.0.7.1
f6ff9000-f6ffa000 r--p 00087000 08:04 17191875                           /usr/lib/libpcre2-8.so.0.7.1
f6ffa000-f6ffb000 rw-p 00088000 08:04 17191875                           /usr/lib/libpcre2-8.so.0.7.1
f6ffb000-f701b000 r-xp 00000000 08:04 17021543                           /usr/lib/libcrypt.so.1.1.0
f701b000-f701c000 ---p 00020000 08:04 17021543                           /usr/lib/libcrypt.so.1.1.0
f701c000-f701d000 r--p 00020000 08:04 17021543                           /usr/lib/libcrypt.so.1.1.0
f701d000-f7026000 rw-p 00000000 00:00 0 
f7026000-f7051000 r-xp 00000000 08:04 17191887                           /usr/lib/libselinux.so.1
f7051000-f7052000 ---p 0002b000 08:04 17191887                           /usr/lib/libselinux.so.1
f7052000-f7053000 r--p 0002b000 08:04 17191887                           /usr/lib/libselinux.so.1
f7053000-f7054000 rw-p 0002c000 08:04 17191887                           /usr/lib/libselinux.so.1
f7054000-f7055000 rw-p 00000000 00:00 0 
f7055000-f7074000 r-xp 00000000 08:04 18866589                           /usr/lib/libbrotlicommon.so.1.0.6
f7074000-f7075000 r--p 0001e000 08:04 18866589                           /usr/lib/libbrotlicommon.so.1.0.6
f7075000-f7076000 rw-p 0001f000 08:04 18866589                           /usr/lib/libbrotlicommon.so.1.0.6
f7076000-f7094000 r-xp 00000000 08:04 17191915                           /usr/lib/libsasl2.so.3.0.0
f7094000-f7095000 ---p 0001e000 08:04 17191915                           /usr/lib/libsasl2.so.3.0.0
f7095000-f7096000 r--p 0001e000 08:04 17191915                           /usr/lib/libsasl2.so.3.0.0
f7096000-f7097000 rw-p 0001f000 08:04 17191915                           /usr/lib/libsasl2.so.3.0.0
f7097000-f7099000 rw-p 00000000 00:00 0 
f7099000-f70ad000 r-xp 00000000 08:04 16831772                           /usr/lib/libresolv-2.28.so
f70ad000-f70ae000 ---p 00014000 08:04 16831772                           /usr/lib/libresolv-2.28.so
f70ae000-f70af000 r--p 00014000 08:04 16831772                           /usr/lib/libresolv-2.28.so
f70af000-f70b0000 rw-p 00015000 08:04 16831772                           /usr/lib/libresolv-2.28.so
f70b0000-f70b2000 rw-p 00000000 00:00 0 
f70b2000-f70b5000 r-xp 00000000 08:04 17191893                           /usr/lib/libkeyutils.so.1.6
f70b5000-f70b6000 ---p 00003000 08:04 17191893                           /usr/lib/libkeyutils.so.1.6
f70b6000-f70b7000 r--p 00003000 08:04 17191893                           /usr/lib/libkeyutils.so.1.6
f70b7000-f70b8000 rw-p 00000000 00:00 0 
f70b8000-f70c8000 r-xp 00000000 08:04 17021560                           /usr/lib/libkrb5support.so.0.1
f70c8000-f70c9000 r--p 0000f000 08:04 17021560                           /usr/lib/libkrb5support.so.0.1
f70c9000-f70ca000 rw-p 00010000 08:04 17021560                           /usr/lib/libkrb5support.so.0.1
f70ca000-f70d2000 r-xp 00000000 08:04 16831774                           /usr/lib/librt-2.28.so
f70d2000-f70d3000 r--p 00007000 08:04 16831774                           /usr/lib/librt-2.28.so
f70d3000-f70d4000 rw-p 00008000 08:04 16831774                           /usr/lib/librt-2.28.so
f70d4000-f7253000 r-xp 00000000 08:04 17021545                           /usr/lib/libunistring.so.2.1.0
f7253000-f7254000 ---p 0017f000 08:04 17021545                           /usr/lib/libunistring.so.2.1.0
f7254000-f7256000 r--p 0017f000 08:04 17021545                           /usr/lib/libunistring.so.2.1.0
f7256000-f7257000 rw-p 00181000 08:04 17021545                           /usr/lib/libunistring.so.2.1.0
f7257000-f7281000 r-xp 00000000 08:04 18654292                           /usr/lib/liblzma.so.5.2.4
f7281000-f7282000 r--p 00029000 08:04 18654292                           /usr/lib/liblzma.so.5.2.4
f7282000-f7283000 rw-p 00000000 00:00 0 
f7283000-f728f000 r-xp 00000000 08:04 17191936                           /usr/lib/libbrotlidec.so.1.0.6
f728f000-f7290000 r--p 0000b000 08:04 17191936                           /usr/lib/libbrotlidec.so.1.0.6
f7290000-f7291000 rw-p 00000000 00:00 0 
f7291000-f72a0000 r-xp 00000000 08:04 17191918                           /usr/lib/liblber-2.4.so.2.10.9
f72a0000-f72a1000 r--p 0000e000 08:04 17191918                           /usr/lib/liblber-2.4.so.2.10.9
f72a1000-f72a2000 rw-p 0000f000 08:04 17191918                           /usr/lib/liblber-2.4.so.2.10.9
f72a2000-f72f7000 r-xp 00000000 08:04 17191920                           /usr/lib/libldap-2.4.so.2.10.9
f72f7000-f72f8000 ---p 00055000 08:04 17191920                           /usr/lib/libldap-2.4.so.2.10.9
f72f8000-f72f9000 r--p 00055000 08:04 17191920                           /usr/lib/libldap-2.4.so.2.10.9
f72f9000-f72fa000 rw-p 00056000 08:04 17191920                           /usr/lib/libldap-2.4.so.2.10.9
f72fa000-f72fc000 rw-p 00000000 00:00 0 
f72fc000-f72ff000 r-xp 00000000 08:04 16994899                           /usr/lib/libcom_err.so.2.1
f72ff000-f7300000 r--p 00002000 08:04 16994899                           /usr/lib/libcom_err.so.2.1
f7300000-f7301000 rw-p 00003000 08:04 16994899                           /usr/lib/libcom_err.so.2.1
f7301000-f7317000 r-xp 00000000 08:04 17021552                           /usr/lib/libk5crypto.so.3.1
f7317000-f7318000 ---p 00016000 08:04 17021552                           /usr/lib/libk5crypto.so.3.1
f7318000-f7319000 r--p 00016000 08:04 17021552                           /usr/lib/libk5crypto.so.3.1
f7319000-f731a000 rw-p 00017000 08:04 17021552                           /usr/lib/libk5crypto.so.3.1
f731a000-f73fd000 r-xp 00000000 08:04 17021558                           /usr/lib/libkrb5.so.3.3
f73fd000-f7404000 r--p 000e2000 08:04 17021558                           /usr/lib/libkrb5.so.3.3
f7404000-f7405000 rw-p 000e9000 08:04 17021558                           /usr/lib/libkrb5.so.3.3
f7405000-f7460000 r-xp 00000000 08:04 17021548                           /usr/lib/libgssapi_krb5.so.2.2
f7460000-f7462000 r--p 0005a000 08:04 17021548                           /usr/lib/libgssapi_krb5.so.2.2
f7462000-f7463000 rw-p 0005c000 08:04 17021548                           /usr/lib/libgssapi_krb5.so.2.2
f7463000-f7714000 r-xp 00000000 08:04 18627877                           /usr/lib/libcrypto.so.1.1.1k
f7714000-f772d000 r--p 002b0000 08:04 18627877                           /usr/lib/libcrypto.so.1.1.1k
f772d000-f772f000 rw-p 002c9000 08:04 18627877                           /usr/lib/libcrypto.so.1.1.1k
f772f000-f7733000 rw-p 00000000 00:00 0 
f7733000-f77c5000 r-xp 00000000 08:04 18627879                           /usr/lib/libssl.so.1.1.1k
f77c5000-f77cb000 r--p 00091000 08:04 18627879                           /usr/lib/libssl.so.1.1.1k
f77cb000-f77cf000 rw-p 00097000 08:04 18627879                           /usr/lib/libssl.so.1.1.1k
f77cf000-f77df000 r-xp 00000000 08:04 18660120                           /usr/lib/libpsl.so.5.3.1
f77df000-f77e0000 r--p 0000f000 08:04 18660120                           /usr/lib/libpsl.so.5.3.1
f77e0000-f77e1000 rw-p 00000000 00:00 0 
f77e1000-f785e000 r-xp 00000000 08:04 16994901                           /usr/lib/libssh.so.4.8.7
f785e000-f785f000 ---p 0007d000 08:04 16994901                           /usr/lib/libssh.so.4.8.7
f785f000-f7860000 r--p 0007d000 08:04 16994901                           /usr/lib/libssh.so.4.8.7
f7860000-f7861000 rw-p 0007e000 08:04 16994901                           /usr/lib/libssh.so.4.8.7
f7861000-f787e000 r-xp 00000000 08:04 17040588                           /usr/lib/libidn2.so.0.3.6
f787e000-f787f000 r--p 0001c000 08:04 17040588                           /usr/lib/libidn2.so.0.3.6
f787f000-f7880000 rw-p 00000000 00:00 0 
f7880000-f78a8000 r-xp 00000000 08:04 17191891                           /usr/lib/libnghttp2.so.14.17.0
f78a8000-f78a9000 r--p 00027000 08:04 17191891                           /usr/lib/libnghttp2.so.14.17.0
f78a9000-f78ab000 rw-p 00028000 08:04 17191891                           /usr/lib/libnghttp2.so.14.17.0
f78ab000-f7a4d000 r-xp 00000000 08:04 16831756                           /usr/lib/libc-2.28.so
f7a4d000-f7a4e000 ---p 001a2000 08:04 16831756                           /usr/lib/libc-2.28.so
f7a4e000-f7a50000 r--p 001a2000 08:04 16831756                           /usr/lib/libc-2.28.so
f7a50000-f7a51000 rw-p 001a4000 08:04 16831756                           /usr/lib/libc-2.28.so
f7a51000-f7a56000 rw-p 00000000 00:00 0 
f7a56000-f7a71000 r-xp 00000000 08:04 16985139                           /usr/lib/libgcc_s-8-20210514.so.1
f7a71000-f7a72000 r--p 0001a000 08:04 16985139                           /usr/lib/libgcc_s-8-20210514.so.1
f7a72000-f7a73000 rw-p 0001b000 08:04 16985139                           /usr/lib/libgcc_s-8-20210514.so.1
f7a73000-f7b43000 r-xp 00000000 08:04 16831760                           /usr/lib/libm-2.28.so
f7b43000-f7b44000 r--p 000cf000 08:04 16831760                           /usr/lib/libm-2.28.so
f7b44000-f7b45000 rw-p 000d0000 08:04 16831760                           /usr/lib/libm-2.28.so
f7b45000-f7cce000 r-xp 00000000 08:04 16985145                           /usr/lib/libstdc++.so.6.0.25
f7cce000-f7ccf000 ---p 00189000 08:04 16985145                           /usr/lib/libstdc++.so.6.0.25
f7ccf000-f7cd5000 r--p 00189000 08:04 16985145                           /usr/lib/libstdc++.so.6.0.25
f7cd5000-f7cd6000 rw-p 0018f000 08:04 16985145                           /usr/lib/libstdc++.so.6.0.25
f7cd6000-f7cd8000 rw-p 00000000 00:00 0 
f7cd8000-f7cef000 r-xp 00000000 08:04 16963437                           /usr/lib/libz.so.1.2.11
f7cef000-f7cf0000 ---p 00017000 08:04 16963437                           /usr/lib/libz.so.1.2.11
f7cf0000-f7cf1000 r--p 00017000 08:04 16963437                           /usr/lib/libz.so.1.2.11
f7cf1000-f7cf2000 rw-p 00000000 00:00 0 
f7cf2000-f7e6f000 r-xp 00000000 08:04 16963397                           /usr/lib/libxml2.so.2.9.7
f7e6f000-f7e74000 r--p 0017c000 08:04 16963397                           /usr/lib/libxml2.so.2.9.7
f7e74000-f7e75000 rw-p 00181000 08:04 16963397                           /usr/lib/libxml2.so.2.9.7
f7e75000-f7e76000 rw-p 00000000 00:00 0 
f7e76000-f7e92000 r-xp 00000000 08:04 16831770                           /usr/lib/libpthread-2.28.so
f7e92000-f7e93000 r--p 0001b000 08:04 16831770                           /usr/lib/libpthread-2.28.so
f7e93000-f7e94000 rw-p 0001c000 08:04 16831770                           /usr/lib/libpthread-2.28.so
f7e94000-f7e96000 rw-p 00000000 00:00 0 
f7e96000-f7f0a000 r-xp 00000000 08:04 16818911                           /usr/lib/libpcre.so.1.2.10
f7f0a000-f7f0b000 ---p 00074000 08:04 16818911                           /usr/lib/libpcre.so.1.2.10
f7f0b000-f7f0c000 r--p 00074000 08:04 16818911                           /usr/lib/libpcre.so.1.2.10
f7f0c000-f7f0d000 rw-p 00075000 08:04 16818911                           /usr/lib/libpcre.so.1.2.10
f7f0d000-f7f10000 r-xp 00000000 08:04 16831758                           /usr/lib/libdl-2.28.so
f7f10000-f7f11000 r--p 00002000 08:04 16831758                           /usr/lib/libdl-2.28.so
f7f11000-f7f12000 rw-p 00003000 08:04 16831758                           /usr/lib/libdl-2.28.so
f7f12000-f7faf000 r-xp 00000000 08:04 16994905                           /usr/lib/libcurl.so.4.5.0
f7faf000-f7fb1000 r--p 0009c000 08:04 16994905                           /usr/lib/libcurl.so.4.5.0
f7fb1000-f7fb2000 rw-p 0009e000 08:04 16994905                           /usr/lib/libcurl.so.4.5.0
f7fb2000-f7fb9000 r--s 00000000 08:04 176632422                          /usr/lib/gconv/gconv-modules.cache
f7fb9000-f7fc1000 rw-s 00000000 08:04 151636414                          /tmp/hsperfdata_almalinux/1373015 (deleted)
f7fc1000-f7fc2000 ---p 00000000 00:00 0 
f7fc2000-f7fc3000 r--p 00000000 00:00 0 
f7fc3000-f7fc5000 rw-p 00000000 00:00 0 
f7fc5000-f7fc9000 r--p 00000000 00:00 0                                  [vvar]
f7fc9000-f7fcb000 r-xp 00000000 00:00 0                                  [vdso]
f7fcb000-f7ffa000 r-xp 00000000 08:04 16831749                           /usr/lib/ld-2.28.so
f7ffa000-f7ffb000 ---p 00000000 00:00 0 
f7ffb000-f7ffc000 r--p 0002f000 08:04 16831749                           /usr/lib/ld-2.28.so
f7ffc000-f7ffd000 rw-p 00030000 08:04 16831749                           /usr/lib/ld-2.28.so
ff81d000-ff81e000 rwxp 00000000 00:00 0 
ff926000-ff9e2000 rw-p 00000000 00:00 0                                  [stack]


VM Arguments:
jvm_args: -Xms128m -Xmx512m -Xss768k -XX:MaxMetaspaceSize=96m -Xrs -XX:-UsePerfData -XX:-AllowUserSignalHandlers -XX:UseSSE=3 -XX+DoEscapeAnalysis -XX:AutoBoxCacheMax:2000 -XX:+OptimizeStringConcat -XX:+OptimizeFill -XX:+EliminateAutoBox -XX:+UseCompressedStrings -XX:+UseCompressedOops -XX:+EliminateLocks -XX:UseFastAccessorMethods -XX:+UseStringCache -XgcPrio:throughput -XXkeepAreaRatio:1 -XXlazyUnlocking -XXcallProfiling -XXcompactRatio:1 
java_command: <unknown>
java_class_path (initial): ../../data/sku.0/sys.server/compiled/game/
Launcher Type: generic

[Global flags]
     intx CICompilerCount                          = 3                                         {product} {ergonomic}
     uint ConcGCThreads                            = 1                                         {product} {ergonomic}
     uint G1ConcRefinementThreads                  = 4                                         {product} {ergonomic}
   size_t G1HeapRegionSize                         = 1048576                                   {product} {ergonomic}
    uintx GCDrainStackTargetSize                   = 64                                        {product} {ergonomic}
   size_t InitialHeapSize                          = 134217728                                 {product} {command line}
   size_t MarkStackSize                            = 32768                                     {product} {ergonomic}
   size_t MaxHeapSize                              = 536870912                                 {product} {command line}
   size_t MaxMetaspaceSize                         = 100663296                                 {product} {command line}
   size_t MaxNewSize                               = 321912832                                 {product} {ergonomic}
   size_t MinHeapDeltaBytes                        = 1048576                                   {product} {ergonomic}
   size_t MinHeapSize                              = 134217728                                 {product} {command line}
    uintx NonNMethodCodeHeapSize                   = 5544422                                {pd product} {ergonomic}
    uintx NonProfiledCodeHeapSize                  = 123056909                              {pd product} {ergonomic}
    uintx ProfiledCodeHeapSize                     = 123056909                              {pd product} {ergonomic}
    uintx ReservedCodeCacheSize                    = 251658240                              {pd product} {ergonomic}
     bool SegmentedCodeCache                       = true                                      {product} {ergonomic}
   size_t SoftMaxHeapSize                          = 536870912                              {manageable} {ergonomic}
   double SweeperThreshold                         = 0.500000                                  {product} {ergonomic}
     intx ThreadStackSize                          = 768                                    {pd product} {command line}
     bool UseG1GC                                  = true                                      {product} {ergonomic}

Logging:
Log output configuration:
 #0: stdout all=off uptime,level,tags
 #1: stderr all=off uptime,level,tags

Environment Variables:
JAVA_HOME=/usr/lib/jvm/zulu-17-x86
PATH=/usr/java/jdk1.7.0_80/bin:/usr/java/jdk1.7.0_80/bin:/usr/java/jdk1.6.0_45/bin:/usr/java/jdk1.6.0_45/bin:/usr/java/jdk1.6.0_45/bin:/home/almalinux/.local/bin:/home/almalinux/bin:/sbin:/bin:/usr/bin:/usr/local/bin:/usr/local/sbin:/usr/sbin:/usr/lib/oracle/18.3/client/bin:/usr/lib/oracle/18.3/client/bin:/usr/lib/jvm/java-11-openjdk/bin:./
LD_LIBRARY_PATH=/usr/lib/jvm/java-17-zulu-openjdk-jdk-x86/lib/server:/usr/lib/jvm/java-17-zulu-openjdk-jdk-x86/lib:/usr/lib/jvm/java-17-zulu-openjdk-jdk-x86/../lib:/usr/lib/jvm/zulu-17-x86/lib/server/:/usr/lib/jvm/java-11-openjdk/lib:/usr/lib/jvm/java-11-openjdk/lib/server:./
SHELL=/bin/bash
DISPLAY=:10.0
LANG=en_US.UTF-8
TERM=xterm-256color

Active Locale:
LC_ALL=en_US.UTF-8
LC_COLLATE=en_US.UTF-8
LC_CTYPE=en_US.UTF-8
LC_MESSAGES=en_US.UTF-8
LC_MONETARY=en_US.UTF-8
LC_NUMERIC=en_US.UTF-8
LC_TIME=en_US.UTF-8

Signal Handlers:
   SIGSEGV: crash_handler in libjvm.so, mask=11100100010111111101111111111110, flags=SA_RESTART|SA_SIGINFO, unblocked
    SIGBUS: crash_handler in libjvm.so, mask=11100100010111111101111111111110, flags=SA_RESTART|SA_SIGINFO, unblocked
    SIGFPE: crash_handler in libjvm.so, mask=11100100010111111101111111111110, flags=SA_RESTART|SA_SIGINFO, unblocked
   SIGPIPE: SIG_IGN, mask=00000000000010000000000000000000, flags=SA_RESTART, blocked
  *** Handler was modified!
  *** Expected: javaSignalHandler in libjvm.so, mask=11100100110111111111111111111110, flags=SA_RESTART|SA_SIGINFO
   SIGXFSZ: javaSignalHandler in libjvm.so, mask=11100100010111111101111111111110, flags=SA_RESTART|SA_SIGINFO, blocked
    SIGILL: crash_handler in libjvm.so, mask=11100100010111111101111111111110, flags=SA_RESTART|SA_SIGINFO, unblocked
   SIGUSR2: SR_handler in libjvm.so, mask=00100000000000000000000000000000, flags=SA_RESTART|SA_SIGINFO, blocked
    SIGHUP: UserHandler in libjvm.so, mask=11100100010111111101111111111110, flags=SA_RESTART|SA_SIGINFO, blocked
    SIGINT: UserHandler in libjvm.so, mask=11100100010111111101111111111110, flags=SA_RESTART|SA_SIGINFO, blocked
   SIGTERM: UserHandler in libjvm.so, mask=11100100010111111101111111111110, flags=SA_RESTART|SA_SIGINFO, blocked
   SIGQUIT: UserHandler in libjvm.so, mask=11100100010111111101111111111110, flags=SA_RESTART|SA_SIGINFO, blocked
   SIGTRAP: crash_handler in libjvm.so, mask=11100100010111111101111111111110, flags=SA_RESTART|SA_SIGINFO, unblocked


Periodic native trim disabled


---------------  S Y S T E M  ---------------

OS:
AlmaLinux release 8.10 (Cerulean Leopard)
uname: Linux 4.18.0-553.81.1.el8_10.x86_64 #1 SMP Mon Oct 27 11:29:19 EDT 2025 x86_64
OS uptime: 33 days 15:15 hours
libc: glibc 2.28 NPTL 2.28 
rlimit (soft/hard): STACK 8192k/infinity , CORE 0k/infinity , NPROC 61995/61995 , NOFILE 262144/262144 , AS infinity/infinity , CPU infinity/infinity , DATA infinity/infinity , FSIZE infinity/infinity , MEMLOCK 64k/64k
load average: 67.78 54.26 48.42

/proc/meminfo:
MemTotal:       16014448 kB
MemFree:         4520544 kB
MemAvailable:    5780000 kB
Buffers:            1064 kB
Cached:          3675676 kB
SwapCached:        59352 kB
Active:          2698304 kB
Inactive:        8271324 kB
Active(anon):    2077144 kB
Inactive(anon):  7576352 kB
Active(file):     621160 kB
Inactive(file):   694972 kB
Unevictable:        3104 kB
Mlocked:              16 kB
SwapTotal:       8388604 kB
SwapFree:        6801756 kB
Dirty:              2056 kB
Writeback:             0 kB
AnonPages:       7256840 kB
Mapped:          1495044 kB
Shmem:           2360608 kB
KReclaimable:     120368 kB
Slab:             251028 kB
SReclaimable:     120368 kB
SUnreclaim:       130660 kB
KernelStack:       21948 kB
PageTables:       154240 kB
NFS_Unstable:          0 kB
Bounce:                0 kB
WritebackTmp:          0 kB
CommitLimit:    16395828 kB
Committed_AS:   22201516 kB
VmallocTotal:   34359738367 kB
VmallocUsed:       68276 kB
VmallocChunk:          0 kB
Percpu:             2656 kB
HardwareCorrupted:     0 kB
AnonHugePages:         0 kB
ShmemHugePages:        0 kB
ShmemPmdMapped:        0 kB
FileHugePages:         0 kB
FilePmdMapped:         0 kB
HugePages_Total:       0
HugePages_Free:        0
HugePages_Rsvd:        0
HugePages_Surp:        0
Hugepagesize:       2048 kB
Hugetlb:               0 kB
DirectMap4k:     2502508 kB
DirectMap2M:    13881344 kB

/sys/kernel/mm/transparent_hugepage/enabled: always madvise [never]
/sys/kernel/mm/transparent_hugepage/hpage_pmd_size: 2097152
/sys/kernel/mm/transparent_hugepage/defrag (defrag/compaction efforts parameter): always defer defer+madvise [madvise] never

Process Memory:
Virtual Size: 1261624K (peak: 1273268K)
Resident Set Size: 490628K (peak: 507648K) (anon: 470780K, file: 19848K, shmem: 0K)
Swapped out: 896K
C-Heap outstanding allocations: 26764K, retained: 323571K
glibc malloc tunables: (default)

/proc/sys/kernel/threads-max (system-wide limit on the number of threads): 123991
/proc/sys/vm/max_map_count (maximum number of memory map areas a process may have): 1677720
/proc/sys/kernel/pid_max (system-wide limit on number of process identifiers): 4194304

container (cgroup) information:
container_type: cgroupv1
cpu_cpuset_cpus: 0-3
cpu_memory_nodes: 0
active_processor_count: 4
cpu_quota: no quota
cpu_period: 100000
cpu_shares: no shares
memory_limit_in_bytes: unlimited
memory_and_swap_limit_in_bytes: unlimited
memory_soft_limit_in_bytes: unlimited
memory_usage_in_bytes: 10159964 k
memory_max_usage_in_bytes: 14783012 k
kernel_memory_usage_in_bytes: 184872 k
kernel_memory_max_usage_in_bytes: unlimited
kernel_memory_limit_in_bytes: 985464 k
maximum number of tasks: unlimited
current number of tasks: 568

KVM virtualization detected
Steal ticks since vm start: 495
Steal ticks percentage since vm start:  0.000

CPU: total 4 (initial active 4) (1 cores per cpu, 1 threads per core) family 6 model 60 stepping 1 microcode 0x1, cx8, cmov, fxsr, mmx, sse, sse2, sse3, ssse3, sse4.1, sse4.2, popcnt, lzcnt, tsc, avx, avx2, aes, erms, clmul, bmi1, bmi2, fma, vzeroupper, clflush, hv
CPU Model and flags from /proc/cpuinfo:
model name	: Intel Core Processor (Haswell, no TSX)
flags		: fpu vme de pse tsc msr pae mce cx8 apic sep mtrr pge mca cmov pat pse36 clflush mmx fxsr sse sse2 syscall nx rdtscp lm constant_tsc rep_good nopl xtopology cpuid tsc_known_freq pni pclmulqdq vmx ssse3 fma cx16 pcid sse4_1 sse4_2 x2apic movbe popcnt tsc_deadline_timer aes xsave avx f16c rdrand hypervisor lahf_lm abm cpuid_fault invpcid_single pti tpr_shadow vnmi flexpriority ept vpid ept_ad fsgsbase bmi1 avx2 smep bmi2 erms invpcid xsaveopt arat md_clear

Online cpus: 0-3
Offline cpus: 
BIOS frequency limitation: <Not Available>
Frequency switch latency (ns): <Not Available>
Available cpu frequencies: <Not Available>
Current governor: <Not Available>
Core performance/turbo boost: <Not Available>

Memory: 4k page, physical 16014448k(4684592k free), swap 8388604k(6802012k free)
Page Sizes: 4k

vm_info: OpenJDK Server VM (17.0.11+9-LTS) for linux-x86 JRE (17.0.11+9-LTS) (Zulu17.50+19-CA), built on Apr  9 2024 07:14:46 by "zulu_re" with gcc 8.3.0

END.
