#
# A fatal error has been detected by the Java Runtime Environment:
#
#  SIGSEGV (0xb) at pc=0xf78d1618, pid=364081, tid=364081
#
# JRE version: OpenJDK Runtime Environment Zulu17.50+19-CA (17.0.11+9) (build 17.0.11+9-LTS)
# Java VM: OpenJDK Server VM Zulu17.50+19-CA (17.0.11+9-LTS, mixed mode, sharing, tiered, g1 gc, linux-x86)
# Problematic frame:
# C  [libc.so.6+0x84618]  cfree+0x28
#
# Core dump will be written. Default location: Core dumps may be processed with "/usr/lib/systemd/systemd-coredump %P %u %g %s %t %c %h %e" (or dumping to /home/almalinux/swg-returns-nge/exe/linux/core.364081)
#
# If you would like to submit a bug report, please visit:
#   http://www.azul.com/support/
#

---------------  S U M M A R Y ------------

Command Line: -Xms128m -Xmx512m -Xss768k -XX:MaxMetaspaceSize=96m -Xrs -XX:-UsePerfData -XX:-AllowUserSignalHandlers -XX:UseSSE=3 -XX+DoEscapeAnalysis -XX:AutoBoxCacheMax:2000 -XX:+OptimizeStringConcat -XX:+OptimizeFill -XX:+EliminateAutoBox -XX:+UseCompressedStrings -XX:+UseCompressedOops -XX:+EliminateLocks -XX:UseFastAccessorMethods -XX:+UseStringCache -XgcPrio:throughput -XXkeepAreaRatio:1 -XXlazyUnlocking -XXcallProfiling -XXcompactRatio:1 

Host: Intel Core Processor (Haswell, no TSX), 4 cores, 15G, AlmaLinux release 8.10 (Cerulean Leopard)
Time: Mon Jan 26 20:49:17 2026 UTC elapsed time: 998.661150 seconds (0d 0h 16m 38s)

---------------  T H R E A D  ---------------

Current thread is native thread

Stack: [0xff9b9000,0xffa79000],  sp=0xffa764b0,  free space=757k
Native frames: (J=compiled Java code, j=interpreted, Vv=VM code, C=native code)
C  [libc.so.6+0x84618]  cfree+0x28


siginfo: si_signo: 11 (SIGSEGV), si_code: 1 (SEGV_MAPERR), si_addr: 0x00000003

Registers:
EAX=0x00000000, EBX=0x00000007, ECX=0xf6f0f84c, EDX=0x0af58d88
ESP=0xffa764b0, EBP=0xffa765e8, ESI=0xf79f2000, EDI=0x00000000
EIP=0xf78d1618, EFLAGS=0x00210202, CR2=0x0000000000000003


Top of Stack: (sp=0xffa764b0)
0xffa764b0:   0abdc010 00000000 ffa765e8 f7b5ef1c
0xffa764c0:   0abdc0a0 f7c75a04 0af58d60 f7b5ef1c
0xffa764d0:   00000007 f7b5ef0a f7c75a04 f7b5ef4c
0xffa764e0:   0abdc0a0 f7b5ef0a 0af5cb00 085b6163
0xffa764f0:   00000007 0abdc010 0abdbd20 085bb8d1
0xffa76500:   0abdc010 0abdbd20 00000000 085bb89b
0xffa76510:   0c3f61c0 ffa76537 ffa7655c 085c6969
0xffa76520:   087d6c00 ffa7655c ffa765e8 084fc53b
0xffa76530:   00000014 00010002 00000000 00000000
0xffa76540:   01010100 00000001 09aa44c0 00000000
0xffa76550:   00000000 00000000 00000000 00000000
0xffa76560:   00000000 00000014 ffa766b8 f78826ff
0xffa76570:   f79f241c 47677753 53656d61 65767265
0xffa76580:   36333a72 31383034 09290100 0af3e120
0xffa76590:   08ea0100 08ebc230 08ea5888 f79f241c
0xffa765a0:   00000428 00000420 f7882779 085758fd
0xffa765b0:   08ea2a80 09b1ea78 08ea5888 08574f56
0xffa765c0:   0929a2c4 0929a2c4 ffa766b8 08ea583b
0xffa765d0:   0000000c ffa76684 ffa76600 f79f2000
0xffa765e0:   00000000 08575910 00000000 f786af26
0xffa765f0:   00000000 08575910 00000000 f786af26
0xffa76600:   0000000c ffa76684 ffa766b8 ffa76624
0xffa76610:   0929a2d0 00000000 ffa766b8 f79f2000
0xffa76620:   f785a75c f79f2000 00000000 08575910
0xffa76630:   00000000 0130889a 42a1408a 00000000
0xffa76640:   00000000 00000000 f7f714d0 f786ae30
0xffa76650:   084fc260 0929a2c4 0000000c 08575946
0xffa76660:   084fc260 0000000c ffa76684 08ea57f0
0xffa76670:   08ea5850 f7f714d0 ffa7667c f7f9e970
0xffa76680:   0000000c ffa7763d ffa7764f ffa77652
0xffa76690:   ffa77664 ffa77667 ffa77672 ffa77696
0xffa766a0:   ffa776a6 ffa776b7 ffa776d8 ffa776db 

Instructions: (pc=0xf78d1618)
0xf78d1518:   50 8d 96 86 f7 fa ff 8d 86 d0 2f fb ff e8 c6 b7
0xf78d1528:   ff ff 8d b6 00 00 00 00 bb 20 00 00 00 e9 5e fe
0xf78d1538:   ff ff e8 a1 c0 ff ff 89 c5 85 c0 0f 85 68 ff ff
0xf78d1548:   ff 31 d2 8d 44 3b 10 e8 8c c1 ff ff 89 da 89 f9
0xf78d1558:   89 c5 e8 11 f0 ff ff 89 c2 85 c0 75 1b 85 ed 74
0xf78d1568:   17 90 89 fa 89 e8 e8 bd c5 ff ff 89 da 89 f9 89
0xf78d1578:   c5 e8 f2 ef ff ff 89 c2 85 ed 0f 84 57 ff ff ff
0xf78d1588:   e9 39 ff ff ff 8d 86 b8 31 fb ff 83 ec 0c b9 25
0xf78d1598:   0d 00 00 50 8d 96 86 f7 fa ff 8d 86 74 2f fb ff
0xf78d15a8:   e8 43 b7 ff ff 8d 76 00 f3 0f 1e fb e8 0a 9a f9
0xf78d15b8:   ff 05 47 0a 12 00 56 53 83 ec 04 8b 5c 24 10 8b
0xf78d15c8:   74 24 14 8b 80 50 ff ff ff c7 00 00 00 00 00 e8
0xf78d15d8:   54 bb ff ff 8b 4c 24 0c 83 c4 04 89 f2 89 d8 5b
0xf78d15e8:   5e e9 42 fd ff ff 66 90 f3 0f 1e fb 56 e8 9a 9b
0xf78d15f8:   f9 ff 81 c6 06 0a 12 00 53 83 ec 14 8b 5c 24 20
0xf78d1608:   8b 86 5c ff ff ff 8b 00 85 c0 75 6c 85 db 74 75
0xf78d1618:   8b 4b fc 8d 53 f8 f6 c1 02 75 35 8b 86 70 fe ff
0xf78d1628:   ff 65 8b 00 85 c0 0f 84 8c 00 00 00 83 e1 04 8d
0xf78d1638:   86 60 07 00 00 74 09 89 d0 25 00 00 f0 ff 8b 00
0xf78d1648:   83 c4 14 31 c9 5b 5e e9 8c cb ff ff 8d 74 26 00
0xf78d1658:   8b 9e 60 01 00 00 85 db 75 10 3b 8e 48 01 00 00
0xf78d1668:   76 08 81 f9 00 00 08 00 76 26 83 c4 14 89 d0 5b
0xf78d1678:   5e e9 92 b8 ff ff 66 90 83 ec 08 ff 74 24 24 53
0xf78d1688:   ff d0 83 c4 10 83 c4 14 5b 5e c3 8d 74 26 00 90
0xf78d1698:   39 96 80 1d 00 00 77 08 39 96 7c 1d 00 00 77 ca
0xf78d16a8:   83 e1 f8 8d 04 09 89 8e 48 01 00 00 89 86 40 01
0xf78d16b8:   00 00 90 eb b5 8d 76 00 8b 86 74 fe ff ff 65 80
0xf78d16c8:   38 00 0f 85 64 ff ff ff 89 54 24 0c e8 97 ed ff
0xf78d16d8:   ff 8b 4b fc 8b 54 24 0c e9 4f ff ff ff 8d b4 26
0xf78d16e8:   00 00 00 00 8d 74 26 00 f3 0f 1e fb 55 57 56 e8
0xf78d16f8:   98 9a f9 ff 81 c6 04 09 12 00 53 83 ec 0c 8b 86
0xf78d1708:   70 fe ff ff 8b 96 74 fe ff ff 65 8b 28 65 c6 02 



---------------  P R O C E S S  ---------------

VM state: at safepoint (shutting down)

VM Mutex/Monitor currently owned by a thread:  ([mutex/lock_event])
[0xf5e21d30] Threads_lock - owner thread: 0xc4294cf0

GC Precious Log:
<Skipped>

Heap:
 garbage-first heap   total 131072K, used 31939K [0xc5c00000, 0xe5c00000)
  region size 1024K, 25 young (25600K), 10 survivors (10240K)
 Metaspace       used 7064K, committed 8000K, reserved 16384K

Heap Regions: E=young(eden), S=young(survivor), O=old, HS=humongous(starts), HC=humongous(continues), CS=collection set, F=free, OA=open archive, CA=closed archive, TAMS=top-at-mark-start (previous, next)
|   0|0xc5c00000, 0xc5d00000, 0xc5d00000|100%| O|  |TAMS 0xc5c00000, 0xc5c00000| Untracked 
|   1|0xc5d00000, 0xc5e00000, 0xc5e00000|100%| O|  |TAMS 0xc5d00000, 0xc5d00000| Untracked 
|   2|0xc5e00000, 0xc5f00000, 0xc5f00000|100%| O|  |TAMS 0xc5e00000, 0xc5e00000| Untracked 
|   3|0xc5f00000, 0xc6000000, 0xc6000000|100%| O|  |TAMS 0xc5f00000, 0xc5f00000| Untracked 
|   4|0xc6000000, 0xc6100000, 0xc6100000|100%| O|  |TAMS 0xc6000000, 0xc6000000| Untracked 
|   5|0xc6100000, 0xc6200000, 0xc6200000|100%| O|  |TAMS 0xc6100000, 0xc6100000| Untracked 
|   6|0xc6200000, 0xc6230c00, 0xc6300000| 19%| O|  |TAMS 0xc6200000, 0xc6200000| Untracked 
|   7|0xc6300000, 0xc6300000, 0xc6400000|  0%| F|  |TAMS 0xc6300000, 0xc6300000| Untracked 
|   8|0xc6400000, 0xc6400000, 0xc6500000|  0%| F|  |TAMS 0xc6400000, 0xc6400000| Untracked 
|   9|0xc6500000, 0xc6500000, 0xc6600000|  0%| F|  |TAMS 0xc6500000, 0xc6500000| Untracked 
|  10|0xc6600000, 0xc6600000, 0xc6700000|  0%| F|  |TAMS 0xc6600000, 0xc6600000| Untracked 
|  11|0xc6700000, 0xc6700000, 0xc6800000|  0%| F|  |TAMS 0xc6700000, 0xc6700000| Untracked 
|  12|0xc6800000, 0xc6800000, 0xc6900000|  0%| F|  |TAMS 0xc6800000, 0xc6800000| Untracked 
|  13|0xc6900000, 0xc6900000, 0xc6a00000|  0%| F|  |TAMS 0xc6900000, 0xc6900000| Untracked 
|  14|0xc6a00000, 0xc6a00000, 0xc6b00000|  0%| F|  |TAMS 0xc6a00000, 0xc6a00000| Untracked 
|  15|0xc6b00000, 0xc6b00000, 0xc6c00000|  0%| F|  |TAMS 0xc6b00000, 0xc6b00000| Untracked 
|  16|0xc6c00000, 0xc6c00000, 0xc6d00000|  0%| F|  |TAMS 0xc6c00000, 0xc6c00000| Untracked 
|  17|0xc6d00000, 0xc6d00000, 0xc6e00000|  0%| F|  |TAMS 0xc6d00000, 0xc6d00000| Untracked 
|  18|0xc6e00000, 0xc6e00000, 0xc6f00000|  0%| F|  |TAMS 0xc6e00000, 0xc6e00000| Untracked 
|  19|0xc6f00000, 0xc6f00000, 0xc7000000|  0%| F|  |TAMS 0xc6f00000, 0xc6f00000| Untracked 
|  20|0xc7000000, 0xc7000000, 0xc7100000|  0%| F|  |TAMS 0xc7000000, 0xc7000000| Untracked 
|  21|0xc7100000, 0xc7100000, 0xc7200000|  0%| F|  |TAMS 0xc7100000, 0xc7100000| Untracked 
|  22|0xc7200000, 0xc7200000, 0xc7300000|  0%| F|  |TAMS 0xc7200000, 0xc7200000| Untracked 
|  23|0xc7300000, 0xc7300000, 0xc7400000|  0%| F|  |TAMS 0xc7300000, 0xc7300000| Untracked 
|  24|0xc7400000, 0xc7400000, 0xc7500000|  0%| F|  |TAMS 0xc7400000, 0xc7400000| Untracked 
|  25|0xc7500000, 0xc7500000, 0xc7600000|  0%| F|  |TAMS 0xc7500000, 0xc7500000| Untracked 
|  26|0xc7600000, 0xc7600000, 0xc7700000|  0%| F|  |TAMS 0xc7600000, 0xc7600000| Untracked 
|  27|0xc7700000, 0xc7700000, 0xc7800000|  0%| F|  |TAMS 0xc7700000, 0xc7700000| Untracked 
|  28|0xc7800000, 0xc7800000, 0xc7900000|  0%| F|  |TAMS 0xc7800000, 0xc7800000| Untracked 
|  29|0xc7900000, 0xc7900000, 0xc7a00000|  0%| F|  |TAMS 0xc7900000, 0xc7900000| Untracked 
|  30|0xc7a00000, 0xc7a00000, 0xc7b00000|  0%| F|  |TAMS 0xc7a00000, 0xc7a00000| Untracked 
|  31|0xc7b00000, 0xc7b00000, 0xc7c00000|  0%| F|  |TAMS 0xc7b00000, 0xc7b00000| Untracked 
|  32|0xc7c00000, 0xc7c00000, 0xc7d00000|  0%| F|  |TAMS 0xc7c00000, 0xc7c00000| Untracked 
|  33|0xc7d00000, 0xc7d00000, 0xc7e00000|  0%| F|  |TAMS 0xc7d00000, 0xc7d00000| Untracked 
|  34|0xc7e00000, 0xc7e00000, 0xc7f00000|  0%| F|  |TAMS 0xc7e00000, 0xc7e00000| Untracked 
|  35|0xc7f00000, 0xc7f00000, 0xc8000000|  0%| F|  |TAMS 0xc7f00000, 0xc7f00000| Untracked 
|  36|0xc8000000, 0xc8000000, 0xc8100000|  0%| F|  |TAMS 0xc8000000, 0xc8000000| Untracked 
|  37|0xc8100000, 0xc8100000, 0xc8200000|  0%| F|  |TAMS 0xc8100000, 0xc8100000| Untracked 
|  38|0xc8200000, 0xc8200000, 0xc8300000|  0%| F|  |TAMS 0xc8200000, 0xc8200000| Untracked 
|  39|0xc8300000, 0xc8300000, 0xc8400000|  0%| F|  |TAMS 0xc8300000, 0xc8300000| Untracked 
|  40|0xc8400000, 0xc8400000, 0xc8500000|  0%| F|  |TAMS 0xc8400000, 0xc8400000| Untracked 
|  41|0xc8500000, 0xc8500000, 0xc8600000|  0%| F|  |TAMS 0xc8500000, 0xc8500000| Untracked 
|  42|0xc8600000, 0xc8600000, 0xc8700000|  0%| F|  |TAMS 0xc8600000, 0xc8600000| Untracked 
|  43|0xc8700000, 0xc8700000, 0xc8800000|  0%| F|  |TAMS 0xc8700000, 0xc8700000| Untracked 
|  44|0xc8800000, 0xc8800000, 0xc8900000|  0%| F|  |TAMS 0xc8800000, 0xc8800000| Untracked 
|  45|0xc8900000, 0xc8900000, 0xc8a00000|  0%| F|  |TAMS 0xc8900000, 0xc8900000| Untracked 
|  46|0xc8a00000, 0xc8b00000, 0xc8b00000|100%| S|CS|TAMS 0xc8a00000, 0xc8a00000| Complete 
|  47|0xc8b00000, 0xc8c00000, 0xc8c00000|100%| S|CS|TAMS 0xc8b00000, 0xc8b00000| Complete 
|  48|0xc8c00000, 0xc8c00000, 0xc8d00000|  0%| F|  |TAMS 0xc8c00000, 0xc8c00000| Untracked 
|  49|0xc8d00000, 0xc8d00000, 0xc8e00000|  0%| F|  |TAMS 0xc8d00000, 0xc8d00000| Untracked 
|  50|0xc8e00000, 0xc8e00000, 0xc8f00000|  0%| F|  |TAMS 0xc8e00000, 0xc8e00000| Untracked 
|  51|0xc8f00000, 0xc8f00000, 0xc9000000|  0%| F|  |TAMS 0xc8f00000, 0xc8f00000| Untracked 
|  52|0xc9000000, 0xc9100000, 0xc9100000|100%| S|CS|TAMS 0xc9000000, 0xc9000000| Complete 
|  53|0xc9100000, 0xc9200000, 0xc9200000|100%| S|CS|TAMS 0xc9100000, 0xc9100000| Complete 
|  54|0xc9200000, 0xc9300000, 0xc9300000|100%| S|CS|TAMS 0xc9200000, 0xc9200000| Complete 
|  55|0xc9300000, 0xc9400000, 0xc9400000|100%| S|CS|TAMS 0xc9300000, 0xc9300000| Complete 
|  56|0xc9400000, 0xc9400000, 0xc9500000|  0%| F|  |TAMS 0xc9400000, 0xc9400000| Untracked 
|  57|0xc9500000, 0xc9500000, 0xc9600000|  0%| F|  |TAMS 0xc9500000, 0xc9500000| Untracked 
|  58|0xc9600000, 0xc9700000, 0xc9700000|100%| S|CS|TAMS 0xc9600000, 0xc9600000| Complete 
|  59|0xc9700000, 0xc9800000, 0xc9800000|100%| S|CS|TAMS 0xc9700000, 0xc9700000| Complete 
|  60|0xc9800000, 0xc9900000, 0xc9900000|100%| S|CS|TAMS 0xc9800000, 0xc9800000| Complete 
|  61|0xc9900000, 0xc9a00000, 0xc9a00000|100%| S|CS|TAMS 0xc9900000, 0xc9900000| Complete 
|  62|0xc9a00000, 0xc9a00000, 0xc9b00000|  0%| F|  |TAMS 0xc9a00000, 0xc9a00000| Untracked 
|  63|0xc9b00000, 0xc9b00000, 0xc9c00000|  0%| F|  |TAMS 0xc9b00000, 0xc9b00000| Untracked 
|  64|0xc9c00000, 0xc9c00000, 0xc9d00000|  0%| F|  |TAMS 0xc9c00000, 0xc9c00000| Untracked 
|  65|0xc9d00000, 0xc9d00000, 0xc9e00000|  0%| F|  |TAMS 0xc9d00000, 0xc9d00000| Untracked 
|  66|0xc9e00000, 0xc9e00000, 0xc9f00000|  0%| F|  |TAMS 0xc9e00000, 0xc9e00000| Untracked 
|  67|0xc9f00000, 0xc9f00000, 0xca000000|  0%| F|  |TAMS 0xc9f00000, 0xc9f00000| Untracked 
|  68|0xca000000, 0xca000000, 0xca100000|  0%| F|  |TAMS 0xca000000, 0xca000000| Untracked 
|  69|0xca100000, 0xca100000, 0xca200000|  0%| F|  |TAMS 0xca100000, 0xca100000| Untracked 
|  70|0xca200000, 0xca200000, 0xca300000|  0%| F|  |TAMS 0xca200000, 0xca200000| Untracked 
|  71|0xca300000, 0xca300000, 0xca400000|  0%| F|  |TAMS 0xca300000, 0xca300000| Untracked 
|  72|0xca400000, 0xca400000, 0xca500000|  0%| F|  |TAMS 0xca400000, 0xca400000| Untracked 
|  73|0xca500000, 0xca500000, 0xca600000|  0%| F|  |TAMS 0xca500000, 0xca500000| Untracked 
|  74|0xca600000, 0xca600000, 0xca700000|  0%| F|  |TAMS 0xca600000, 0xca600000| Untracked 
|  75|0xca700000, 0xca700000, 0xca800000|  0%| F|  |TAMS 0xca700000, 0xca700000| Untracked 
|  76|0xca800000, 0xca800000, 0xca900000|  0%| F|  |TAMS 0xca800000, 0xca800000| Untracked 
|  77|0xca900000, 0xca900000, 0xcaa00000|  0%| F|  |TAMS 0xca900000, 0xca900000| Untracked 
|  78|0xcaa00000, 0xcaa00000, 0xcab00000|  0%| F|  |TAMS 0xcaa00000, 0xcaa00000| Untracked 
|  79|0xcab00000, 0xcab00000, 0xcac00000|  0%| F|  |TAMS 0xcab00000, 0xcab00000| Untracked 
|  80|0xcac00000, 0xcac00000, 0xcad00000|  0%| F|  |TAMS 0xcac00000, 0xcac00000| Untracked 
|  81|0xcad00000, 0xcad00000, 0xcae00000|  0%| F|  |TAMS 0xcad00000, 0xcad00000| Untracked 
|  82|0xcae00000, 0xcae00000, 0xcaf00000|  0%| F|  |TAMS 0xcae00000, 0xcae00000| Untracked 
|  83|0xcaf00000, 0xcaf00000, 0xcb000000|  0%| F|  |TAMS 0xcaf00000, 0xcaf00000| Untracked 
|  84|0xcb000000, 0xcb000000, 0xcb100000|  0%| F|  |TAMS 0xcb000000, 0xcb000000| Untracked 
|  85|0xcb100000, 0xcb100000, 0xcb200000|  0%| F|  |TAMS 0xcb100000, 0xcb100000| Untracked 
|  86|0xcb200000, 0xcb200000, 0xcb300000|  0%| F|  |TAMS 0xcb200000, 0xcb200000| Untracked 
|  87|0xcb300000, 0xcb300000, 0xcb400000|  0%| F|  |TAMS 0xcb300000, 0xcb300000| Untracked 
|  88|0xcb400000, 0xcb400000, 0xcb500000|  0%| F|  |TAMS 0xcb400000, 0xcb400000| Untracked 
|  89|0xcb500000, 0xcb500000, 0xcb600000|  0%| F|  |TAMS 0xcb500000, 0xcb500000| Untracked 
|  90|0xcb600000, 0xcb600000, 0xcb700000|  0%| F|  |TAMS 0xcb600000, 0xcb600000| Untracked 
|  91|0xcb700000, 0xcb700000, 0xcb800000|  0%| F|  |TAMS 0xcb700000, 0xcb700000| Untracked 
|  92|0xcb800000, 0xcb800000, 0xcb900000|  0%| F|  |TAMS 0xcb800000, 0xcb800000| Untracked 
|  93|0xcb900000, 0xcb900000, 0xcba00000|  0%| F|  |TAMS 0xcb900000, 0xcb900000| Untracked 
|  94|0xcba00000, 0xcba00000, 0xcbb00000|  0%| F|  |TAMS 0xcba00000, 0xcba00000| Untracked 
|  95|0xcbb00000, 0xcbb00000, 0xcbc00000|  0%| F|  |TAMS 0xcbb00000, 0xcbb00000| Untracked 
|  96|0xcbc00000, 0xcbc00000, 0xcbd00000|  0%| F|  |TAMS 0xcbc00000, 0xcbc00000| Untracked 
|  97|0xcbd00000, 0xcbd00000, 0xcbe00000|  0%| F|  |TAMS 0xcbd00000, 0xcbd00000| Untracked 
|  98|0xcbe00000, 0xcbe00000, 0xcbf00000|  0%| F|  |TAMS 0xcbe00000, 0xcbe00000| Untracked 
|  99|0xcbf00000, 0xcbf00000, 0xcc000000|  0%| F|  |TAMS 0xcbf00000, 0xcbf00000| Untracked 
| 100|0xcc000000, 0xcc000000, 0xcc100000|  0%| F|  |TAMS 0xcc000000, 0xcc000000| Untracked 
| 101|0xcc100000, 0xcc100000, 0xcc200000|  0%| F|  |TAMS 0xcc100000, 0xcc100000| Untracked 
| 102|0xcc200000, 0xcc200000, 0xcc300000|  0%| F|  |TAMS 0xcc200000, 0xcc200000| Untracked 
| 103|0xcc300000, 0xcc300000, 0xcc400000|  0%| F|  |TAMS 0xcc300000, 0xcc300000| Untracked 
| 104|0xcc400000, 0xcc400000, 0xcc500000|  0%| F|  |TAMS 0xcc400000, 0xcc400000| Untracked 
| 105|0xcc500000, 0xcc500000, 0xcc600000|  0%| F|  |TAMS 0xcc500000, 0xcc500000| Untracked 
| 106|0xcc600000, 0xcc600000, 0xcc700000|  0%| F|  |TAMS 0xcc600000, 0xcc600000| Untracked 
| 107|0xcc700000, 0xcc700000, 0xcc800000|  0%| F|  |TAMS 0xcc700000, 0xcc700000| Untracked 
| 108|0xcc800000, 0xcc800000, 0xcc900000|  0%| F|  |TAMS 0xcc800000, 0xcc800000| Untracked 
| 109|0xcc900000, 0xcc900000, 0xcca00000|  0%| F|  |TAMS 0xcc900000, 0xcc900000| Untracked 
| 110|0xcca00000, 0xcca00000, 0xccb00000|  0%| F|  |TAMS 0xcca00000, 0xcca00000| Untracked 
| 111|0xccb00000, 0xccb00000, 0xccc00000|  0%| F|  |TAMS 0xccb00000, 0xccb00000| Untracked 
| 112|0xccc00000, 0xccc00000, 0xccd00000|  0%| F|  |TAMS 0xccc00000, 0xccc00000| Untracked 
| 113|0xccd00000, 0xcce00000, 0xcce00000|100%| E|  |TAMS 0xccd00000, 0xccd00000| Complete 
| 114|0xcce00000, 0xccf00000, 0xccf00000|100%| E|CS|TAMS 0xcce00000, 0xcce00000| Complete 
| 115|0xccf00000, 0xcd000000, 0xcd000000|100%| E|CS|TAMS 0xccf00000, 0xccf00000| Complete 
| 116|0xcd000000, 0xcd100000, 0xcd100000|100%| E|CS|TAMS 0xcd000000, 0xcd000000| Complete 
| 117|0xcd100000, 0xcd200000, 0xcd200000|100%| E|CS|TAMS 0xcd100000, 0xcd100000| Complete 
| 118|0xcd200000, 0xcd300000, 0xcd300000|100%| E|CS|TAMS 0xcd200000, 0xcd200000| Complete 
| 119|0xcd300000, 0xcd400000, 0xcd400000|100%| E|CS|TAMS 0xcd300000, 0xcd300000| Complete 
| 120|0xcd400000, 0xcd500000, 0xcd500000|100%| E|CS|TAMS 0xcd400000, 0xcd400000| Complete 
| 121|0xcd500000, 0xcd600000, 0xcd600000|100%| E|CS|TAMS 0xcd500000, 0xcd500000| Complete 
| 122|0xcd600000, 0xcd700000, 0xcd700000|100%| E|CS|TAMS 0xcd600000, 0xcd600000| Complete 
| 123|0xcd700000, 0xcd800000, 0xcd800000|100%| E|CS|TAMS 0xcd700000, 0xcd700000| Complete 
| 124|0xcd800000, 0xcd900000, 0xcd900000|100%| E|CS|TAMS 0xcd800000, 0xcd800000| Complete 
| 125|0xcd900000, 0xcda00000, 0xcda00000|100%| E|CS|TAMS 0xcd900000, 0xcd900000| Complete 
| 126|0xcda00000, 0xcdb00000, 0xcdb00000|100%| E|CS|TAMS 0xcda00000, 0xcda00000| Complete 
| 127|0xcdb00000, 0xcdc00000, 0xcdc00000|100%| E|CS|TAMS 0xcdb00000, 0xcdb00000| Complete 

Card table byte_map: [0xc5a00000,0xc5b00000] _byte_map_base: 0xc53d2000

Marking Bits (Prev, Next): (CMBitMap*) 0xf5e8b528, (CMBitMap*) 0xf5e8b548
 Prev Bits: [0xc5100000, 0xc5900000)
 Next Bits: [0xc4900000, 0xc5100000)

Polling page: 0xf7f63000

Metaspace:

Usage:
    6.90 MB used.

Virtual space:
     16.00 MB reserved,       7.81 MB ( 49%) committed,  1 nodes.

Chunk freelists:
5.92 MB

MaxMetaspaceSize: 96.00 MB
No class space
Initial GC threshold: 16.00 MB
Current GC threshold: 16.00 MB
CDS: on
MetaspaceReclaimPolicy: balanced
 - commit_granule_bytes: 65536.
 - commit_granule_words: 16384.
 - virtual_space_node_default_size: 4194304.
 - enlarge_chunks_in_place: 1.
 - new_chunks_are_fully_committed: 0.
 - uncommit_free_chunks: 1.
 - use_allocation_guard: 0.
 - handle_deallocations: 1.


Internal statistics:

num_allocs_failed_limit: 0.
num_arena_births: 505.
num_arena_deaths: 0.
num_vsnodes_births: 1.
num_vsnodes_deaths: 0.
num_space_committed: 125.
num_space_uncommitted: 0.
num_chunks_returned_to_freelist: 0.
num_chunks_taken_from_freelist: 941.
num_chunk_merges: 0.
num_chunk_splits: 629.
num_chunks_enlarged: 383.
num_inconsistent_stats: 0.

CodeHeap 'non-profiled nmethods': size=120172Kb used=1365Kb max_used=1365Kb free=118806Kb
 bounds [0xed7f5000, 0xeda35000, 0xf4d50000]
CodeHeap 'profiled nmethods': size=120172Kb used=4176Kb max_used=4176Kb free=115995Kb
 bounds [0xe5d50000, 0xe6168000, 0xed2ab000]
CodeHeap 'non-nmethods': size=5416Kb used=739Kb max_used=782Kb free=4677Kb
 bounds [0xed2ab000, 0xed4eb000, 0xed7f5000]
 total_blobs=2459 nmethods=2110 adapters=263
 compilation: enabled
              stopped_count=0, restarted_count=0
 full_count=0

Compilation events (20 events):
Event: 828.828 Thread 0xc42a0580 nmethod 2107 0xe6162208 code [0xe6162400, 0xe6162b00]
Event: 828.894 Thread 0xc429f450 nmethod 2108 0xed944d08 code [0xed944e40, 0xed945450]
Event: 835.744 Thread 0xc42a0580 2109   !   3       script.library.utils::packObject (71 bytes)
Event: 835.745 Thread 0xc42a0580 nmethod 2109 0xe6162f88 code [0xe6163180, 0xe61638b8]
Event: 835.745 Thread 0xc42a0580 2110       3       java.lang.String::<init> (11 bytes)
Event: 835.746 Thread 0xc42a0580 nmethod 2110 0xe6163c88 code [0xe6163dc0, 0xe6163f18]
Event: 856.811 Thread 0xc429f450 2111       4       script.obj_id::packAllScriptVars (100 bytes)
Event: 856.896 Thread 0xc429f450 nmethod 2111 0xed945788 code [0xed945960, 0xed9469f8]
Event: 871.565 Thread 0xc429f450 2112  s    4       java.util.Stack::peek (25 bytes)
Event: 871.568 Thread 0xc429f450 nmethod 2112 0xed947208 code [0xed947320, 0xed947510]
Event: 880.879 Thread 0xc429f450 2113   !   4       java.io.ObjectOutputStream::writeObject (38 bytes)
Event: 880.881 Thread 0xc429f450 nmethod 2113 0xed947688 code [0xed9477c0, 0xed9478c4]
Event: 897.807 Thread 0xc429f450 2114       4       jdk.internal.logger.SurrogateLogger::defaultPlatformLevel (4 bytes)
Event: 897.808 Thread 0xc429f450 nmethod 2114 0xed947988 code [0xed947aa0, 0xed947b10]
Event: 911.624 Thread 0xc429f450 2115       4       script.library.sequencer::getMasterSequenceObject (43 bytes)
Event: 911.680 Thread 0xc429f450 nmethod 2115 0xed947c88 code [0xed947e60, 0xed948ad8]
Event: 921.550 Thread 0xc429f450 2116       4       script.deltadictionary::getObjId (36 bytes)
Event: 921.576 Thread 0xc429f450 nmethod 2116 0xed949608 code [0xed949780, 0xed94a03c]
Event: 981.651 Thread 0xc42a0580 2117       3       script.prose_package$participant_info::<init> (5 bytes)
Event: 981.652 Thread 0xc42a0580 nmethod 2117 0xe6164008 code [0xe6164140, 0xe6164280]

GC Heap History (12 events):
Event: 71.626 GC heap before
{Heap before GC invocations=0 (full 0):
 garbage-first heap   total 131072K, used 12288K [0xc5c00000, 0xe5c00000)
  region size 1024K, 13 young (13312K), 0 survivors (0K)
 Metaspace       used 2344K, committed 2560K, reserved 16384K
}
Event: 71.697 GC heap after
{Heap after GC invocations=1 (full 0):
 garbage-first heap   total 131072K, used 1981K [0xc5c00000, 0xe5c00000)
  region size 1024K, 2 young (2048K), 2 survivors (2048K)
 Metaspace       used 2344K, committed 2560K, reserved 16384K
}
Event: 102.245 GC heap before
{Heap before GC invocations=1 (full 0):
 garbage-first heap   total 131072K, used 18365K [0xc5c00000, 0xe5c00000)
  region size 1024K, 19 young (19456K), 2 survivors (2048K)
 Metaspace       used 4081K, committed 4416K, reserved 16384K
}
Event: 102.303 GC heap after
{Heap after GC invocations=2 (full 0):
 garbage-first heap   total 131072K, used 3419K [0xc5c00000, 0xe5c00000)
  region size 1024K, 2 young (2048K), 2 survivors (2048K)
 Metaspace       used 4081K, committed 4416K, reserved 16384K
}
Event: 248.760 GC heap before
{Heap before GC invocations=2 (full 0):
 garbage-first heap   total 131072K, used 79195K [0xc5c00000, 0xe5c00000)
  region size 1024K, 76 young (77824K), 2 survivors (2048K)
 Metaspace       used 5481K, committed 6080K, reserved 16384K
}
Event: 248.795 GC heap after
{Heap after GC invocations=3 (full 0):
 garbage-first heap   total 131072K, used 5811K [0xc5c00000, 0xe5c00000)
  region size 1024K, 4 young (4096K), 4 survivors (4096K)
 Metaspace       used 5481K, committed 6080K, reserved 16384K
}
Event: 591.277 GC heap before
{Heap before GC invocations=3 (full 0):
 garbage-first heap   total 131072K, used 79539K [0xc5c00000, 0xe5c00000)
  region size 1024K, 76 young (77824K), 4 survivors (4096K)
 Metaspace       used 5627K, committed 6272K, reserved 16384K
}
Event: 591.318 GC heap after
{Heap after GC invocations=4 (full 0):
 garbage-first heap   total 131072K, used 7176K [0xc5c00000, 0xe5c00000)
  region size 1024K, 6 young (6144K), 6 survivors (6144K)
 Metaspace       used 5627K, committed 6272K, reserved 16384K
}
Event: 612.672 GC heap before
{Heap before GC invocations=4 (full 0):
 garbage-first heap   total 131072K, used 78856K [0xc5c00000, 0xe5c00000)
  region size 1024K, 76 young (77824K), 6 survivors (6144K)
 Metaspace       used 6825K, committed 7680K, reserved 16384K
}
Event: 612.898 GC heap after
{Heap after GC invocations=5 (full 0):
 garbage-first heap   total 131072K, used 11797K [0xc5c00000, 0xe5c00000)
  region size 1024K, 10 young (10240K), 10 survivors (10240K)
 Metaspace       used 6825K, committed 7680K, reserved 16384K
}
Event: 821.733 GC heap before
{Heap before GC invocations=5 (full 0):
 garbage-first heap   total 131072K, used 79381K [0xc5c00000, 0xe5c00000)
  region size 1024K, 76 young (77824K), 10 survivors (10240K)
 Metaspace       used 7062K, committed 8000K, reserved 16384K
}
Event: 821.797 GC heap after
{Heap after GC invocations=6 (full 0):
 garbage-first heap   total 131072K, used 16579K [0xc5c00000, 0xe5c00000)
  region size 1024K, 10 young (10240K), 10 survivors (10240K)
 Metaspace       used 7062K, committed 8000K, reserved 16384K
}

Dll operation events (4 events):
Event: 0.020 Loaded shared library /usr/lib/jvm/java-17-zulu-openjdk-jdk-x86/lib/libjava.so
Event: 55.956 Loaded shared library /usr/lib/jvm/java-17-zulu-openjdk-jdk-x86/lib/libnio.so
Event: 55.970 Loaded shared library /usr/lib/jvm/java-17-zulu-openjdk-jdk-x86/lib/libjimage.so
Event: 55.997 Loaded shared library /usr/lib/jvm/java-17-zulu-openjdk-jdk-x86/lib/libnet.so

Deoptimization events (20 events):
Event: 662.605 Thread 0x0c2677e0 DEOPT PACKING pc=0xed8d04f4 sp=0xffa75b30
Event: 662.605 Thread 0x0c2677e0 DEOPT UNPACKING pc=0xed2f4d33 sp=0xffa75afc mode 2
Event: 717.637 Thread 0x0c2677e0 Uncommon trap: trap_request=0xffffff45 fr.pc=0xed90afbc relative=0x000019fc
Event: 717.637 Thread 0x0c2677e0 Uncommon trap: reason=unstable_if action=reinterpret pc=0xed90afbc method=jdk.internal.math.FloatingDecimal$BinaryToASCIIBuffer.dtoa(IJIZ)V @ 1459 c2
Event: 717.637 Thread 0x0c2677e0 DEOPT PACKING pc=0xed90afbc sp=0xffa756d0
Event: 717.637 Thread 0x0c2677e0 DEOPT UNPACKING pc=0xed2f4d33 sp=0xffa75668 mode 2
Event: 724.716 Thread 0x0c2677e0 Uncommon trap: trap_request=0xffffff45 fr.pc=0xed8dddf4 relative=0x00000c74
Event: 724.716 Thread 0x0c2677e0 Uncommon trap: reason=unstable_if action=reinterpret pc=0xed8dddf4 method=script.obj_id.attachScript(Ljava/lang/String;)V @ 48 c2
Event: 724.716 Thread 0x0c2677e0 DEOPT PACKING pc=0xed8dddf4 sp=0xffa74d80
Event: 724.716 Thread 0x0c2677e0 DEOPT UNPACKING pc=0xed2f4d33 sp=0xffa74d8c mode 2
Event: 724.733 Thread 0x0c2677e0 Uncommon trap: trap_request=0xffffff45 fr.pc=0xed8fc1ac relative=0x0000098c
Event: 724.733 Thread 0x0c2677e0 Uncommon trap: reason=unstable_if action=reinterpret pc=0xed8fc1ac method=script.obj_id.unlockScripts()V @ 35 c2
Event: 724.733 Thread 0x0c2677e0 DEOPT PACKING pc=0xed8fc1ac sp=0xffa75e20
Event: 724.733 Thread 0x0c2677e0 DEOPT UNPACKING pc=0xed2f4d33 sp=0xffa75db4 mode 2
Event: 724.764 Thread 0x0c2677e0 Uncommon trap: trap_request=0xffffff45 fr.pc=0xed8d86b4 relative=0x00000094
Event: 724.764 Thread 0x0c2677e0 Uncommon trap: reason=unstable_if action=reinterpret pc=0xed8d86b4 method=script.obj_id.unlockScripts()V @ 35 c2
Event: 724.764 Thread 0x0c2677e0 DEOPT PACKING pc=0xed8d86b4 sp=0xffa75de0
Event: 724.764 Thread 0x0c2677e0 DEOPT UNPACKING pc=0xed2f4d33 sp=0xffa75db0 mode 2
Event: 828.821 Thread 0x0c2677e0 DEOPT PACKING pc=0xe5f8f87f sp=0xffa741d0
Event: 828.821 Thread 0x0c2677e0 DEOPT UNPACKING pc=0xed2f4171 sp=0xffa74090 mode 0

Classes unloaded (0 events):
No events

Classes redefined (0 events):
No events

Internal exceptions (11 events):
Event: 56.052 Thread 0x0c2677e0 Exception <a 'java/lang/NoSuchMethodError'{0xcd40b428}: 'java.lang.Object java.lang.invoke.DirectMethodHandle$Holder.invokeStaticInit(java.lang.Object)'> (0xcd40b428) 
thrown [src/hotspot/share/interpreter/linkResolver.cpp, line 759]
Event: 64.695 Thread 0x0c2677e0 Exception <a 'java/lang/NoSuchMethodError'{0xcd05c658}: 'java.lang.Object java.lang.invoke.DirectMethodHandle$Holder.invokeStatic(java.lang.Object, float)'> (0xcd05c658) 
thrown [src/hotspot/share/interpreter/linkResolver.cpp, line 759]
Event: 100.436 Thread 0x0c2677e0 Exception <a 'java/lang/NoSuchMethodError'{0xcd18a610}: static [Ljava/lang/Object;.<clinit>()V> (0xcd18a610) 
thrown [src/hotspot/share/prims/jni.cpp, line 1112]
Event: 102.126 Thread 0x0c2677e0 Exception <a 'java/lang/NoSuchMethodError'{0xccc33fd0}: 'java.lang.Object java.lang.invoke.DirectMethodHandle$Holder.invokeSpecial(java.lang.Object, java.lang.Object, java.lang.Object, java.lang.Object, int)'> (0xccc33fd0) 
thrown [src/hotspot/share/interpreter/linkResolver.cpp, line 759]
Event: 102.126 Thread 0x0c2677e0 Exception <a 'java/lang/NoSuchMethodError'{0xccc37738}: 'java.lang.Object java.lang.invoke.Invokers$Holder.linkToTargetMethod(java.lang.Object, java.lang.Object, int, java.lang.Object)'> (0xccc37738) 
thrown [src/hotspot/share/interpreter/linkResolver.cpp, line 759]
Event: 119.671 Thread 0x0c2677e0 Exception <a 'java/lang/NoSuchMethodError'{0xcc4e34e0}: 'java.lang.Object java.lang.invoke.DirectMethodHandle$Holder.invokeSpecial(java.lang.Object, java.lang.Object, java.lang.Object, java.lang.Object, java.lang.Object, java.lang.Object, int)'> (0xcc4e34e0) 
thrown [src/hotspot/share/interpreter/linkResolver.cpp, line 759]
Event: 131.863 Thread 0x0c2677e0 Exception <a 'script/internal_script_exception'{0xca7487b0}: attachScript attempt to attach empty script name to [5465001406]> (0xca7487b0) 
thrown [src/hotspot/share/prims/jni.cpp, line 535]
Event: 131.863 Thread 0x0c2677e0 Exception <a 'java/lang/reflect/InvocationTargetException'{0xca7489f8}> (0xca7489f8) 
thrown [src/hotspot/share/runtime/reflection.cpp, line 1121]
Event: 179.715 Thread 0x0c2677e0 Exception <a 'java/lang/NoSuchMethodError'{0xc997dab0}: static [Lscript/obj_id;.<clinit>()V> (0xc997dab0) 
thrown [src/hotspot/share/prims/jni.cpp, line 1112]
Event: 615.253 Thread 0x0c2677e0 Exception <a 'java/lang/NoSuchMethodError'{0xccb626c8}: 'java.lang.Object java.lang.invoke.DirectMethodHandle$Holder.invokeSpecial(java.lang.Object, java.lang.Object, long, java.lang.Object, java.lang.Object, java.lang.Object, java.lang.Object, java.lang.Object, java.lang.Object)'> (0xccb626c8) 
thrown [src/hotspot/share/interpreter/linkResolver.cpp, line 759]
Event: 615.253 Thread 0x0c2677e0 Exception <a 'java/lang/NoSuchMethodError'{0xccb66aa0}: 'java.lang.Object java.lang.invoke.DelegatingMethodHandle$Holder.reinvoke_L(java.lang.Object, long, java.lang.Object, java.lang.Object, java.lang.Object, java.lang.Object, java.lang.Object, java.lang.Object)'> (0xccb66aa0) 
thrown [src/hotspot/share/interpreter/linkResolver.cpp, line 759]

VM Operations (20 events):
Event: 656.918 Executing VM operation: Cleanup
Event: 656.918 Executing VM operation: Cleanup done
Event: 662.920 Executing VM operation: Cleanup
Event: 662.920 Executing VM operation: Cleanup done
Event: 674.934 Executing VM operation: Cleanup
Event: 674.934 Executing VM operation: Cleanup done
Event: 675.941 Executing VM operation: Cleanup
Event: 675.941 Executing VM operation: Cleanup done
Event: 724.977 Executing VM operation: Cleanup
Event: 724.977 Executing VM operation: Cleanup done
Event: 784.017 Executing VM operation: Cleanup
Event: 784.017 Executing VM operation: Cleanup done
Event: 805.022 Executing VM operation: Cleanup
Event: 805.022 Executing VM operation: Cleanup done
Event: 814.024 Executing VM operation: Cleanup
Event: 814.024 Executing VM operation: Cleanup done
Event: 821.733 Executing VM operation: G1CollectForAllocation
Event: 821.797 Executing VM operation: G1CollectForAllocation done
Event: 898.933 Executing VM operation: Cleanup
Event: 898.933 Executing VM operation: Cleanup done

Events (20 events):
Event: 101.796 loading class sun/net/www/protocol/jrt/Handler
Event: 101.796 loading class sun/net/www/protocol/jrt/Handler done
Event: 101.796 loading class java/util/AbstractMap$SimpleEntry
Event: 101.796 loading class java/util/AbstractMap$SimpleEntry done
Event: 101.810 loading class sun/text/resources/cldr/FormatData_en
Event: 101.811 loading class sun/text/resources/cldr/FormatData_en done
Event: 101.811 loading class sun/text/resources/cldr/FormatData_en_US
Event: 101.811 loading class sun/text/resources/cldr/FormatData_en_US done
Event: 131.864 loading class java/lang/Throwable$WrappedPrintStream
Event: 131.864 loading class java/lang/Throwable$PrintStreamOrWriter
Event: 131.864 loading class java/lang/Throwable$PrintStreamOrWriter done
Event: 131.864 loading class java/lang/Throwable$WrappedPrintStream done
Event: 131.864 loading class java/lang/StackTraceElement$HashedModules
Event: 131.864 loading class java/lang/StackTraceElement$HashedModules done
Event: 615.328 Thread 0xc4714590 Thread added: 0xc4714590
Event: 615.334 Protecting memory [0xc11fe000,0xc1202000] with protection modes 0
Event: 616.698 Thread 0xc4714590 Thread exited: 0xc4714590
Event: 984.269 Thread 0x0c2677e0 Thread exited: 0x0c2677e0
Event: 984.291 Thread 0xf5e242d0 Thread exited: 0xf5e242d0
Event: 984.291 Thread 0xc429bff0 Thread exited: 0xc429bff0


Dynamic libraries:
08048000-09298000 r-xp 00000000 08:04 494947248                          /home/almalinux/swg-returns-nge/build/bin/SwgGameServer
09298000-0929c000 rw-p 0124f000 08:04 494947248                          /home/almalinux/swg-returns-nge/build/bin/SwgGameServer
0929c000-09b1f000 rw-p 00000000 00:00 0 
0aba2000-1dc5c000 rw-p 00000000 00:00 0                                  [heap]
beb00000-beb6f000 rw-p 00000000 00:00 0 
beb6f000-bec00000 ---p 00000000 00:00 0 
bed00000-bed2b000 rw-p 00000000 00:00 0 
bed2b000-bee00000 ---p 00000000 00:00 0 
bee00000-beefb000 rw-p 00000000 00:00 0 
beefb000-bef00000 ---p 00000000 00:00 0 
bef00000-beff9000 rw-p 00000000 00:00 0 
beff9000-bf000000 ---p 00000000 00:00 0 
bf000000-bf0f9000 rw-p 00000000 00:00 0 
bf0f9000-bf100000 ---p 00000000 00:00 0 
bf100000-bf1f9000 rw-p 00000000 00:00 0 
bf1f9000-bf200000 ---p 00000000 00:00 0 
bf200000-bf2f9000 rw-p 00000000 00:00 0 
bf2f9000-bf300000 ---p 00000000 00:00 0 
bf300000-bf3f9000 rw-p 00000000 00:00 0 
bf3f9000-bf400000 ---p 00000000 00:00 0 
bf400000-bf4fb000 rw-p 00000000 00:00 0 
bf4fb000-bf500000 ---p 00000000 00:00 0 
bf500000-bf5f9000 rw-p 00000000 00:00 0 
bf5f9000-bf600000 ---p 00000000 00:00 0 
bf600000-bf6f9000 rw-p 00000000 00:00 0 
bf6f9000-bf700000 ---p 00000000 00:00 0 
bf700000-bf7f6000 rw-p 00000000 00:00 0 
bf7f6000-bf800000 ---p 00000000 00:00 0 
bf900000-bfb00000 rw-p 00000000 00:00 0 
bfc00000-bfcfc000 rw-p 00000000 00:00 0 
bfcfc000-bfd00000 ---p 00000000 00:00 0 
bfd00000-bfdff000 rw-p 00000000 00:00 0 
bfdff000-bfe00000 ---p 00000000 00:00 0 
bfe00000-bfeff000 rw-p 00000000 00:00 0 
bfeff000-bff00000 ---p 00000000 00:00 0 
c0000000-c00f9000 rw-p 00000000 00:00 0 
c00f9000-c0100000 ---p 00000000 00:00 0 
c0200000-c02fd000 rw-p 00000000 00:00 0 
c02fd000-c0300000 ---p 00000000 00:00 0 
c0300000-c03fe000 rw-p 00000000 00:00 0 
c03fe000-c0400000 ---p 00000000 00:00 0 
c0400000-c04f9000 rw-p 00000000 00:00 0 
c04f9000-c0500000 ---p 00000000 00:00 0 
c1000000-c10fa000 rw-p 00000000 00:00 0 
c10fa000-c1100000 ---p 00000000 00:00 0 
c11fe000-c1202000 ---p 00000000 00:00 0 
c1202000-c127f000 rw-p 00000000 00:00 0 
c127f000-c1280000 ---p 00000000 00:00 0 
c1280000-c1300000 rw-p 00000000 00:00 0 
c1300000-c13fe000 rw-p 00000000 00:00 0 
c13fe000-c1400000 ---p 00000000 00:00 0 
c1439000-c143a000 ---p 00000000 00:00 0 
c143a000-c14ba000 rw-p 00000000 00:00 0 
c14ba000-c14be000 ---p 00000000 00:00 0 
c14be000-c153b000 rw-p 00000000 00:00 0 
c173d000-c1741000 ---p 00000000 00:00 0 
c1741000-c17fe000 rw-p 00000000 00:00 0 
c17fe000-c1802000 ---p 00000000 00:00 0 
c1802000-c18bf000 rw-p 00000000 00:00 0 
c18bf000-c18c0000 ---p 00000000 00:00 0 
c18c0000-c1940000 rw-p 00000000 00:00 0 
c1940000-c1944000 ---p 00000000 00:00 0 
c1944000-c1a01000 rw-p 00000000 00:00 0 
c1a01000-c1a05000 ---p 00000000 00:00 0 
c1a05000-c1ac2000 rw-p 00000000 00:00 0 
c1ac2000-c1ac6000 ---p 00000000 00:00 0 
c1ac6000-c1b43000 rw-p 00000000 00:00 0 
c1b43000-c1b47000 ---p 00000000 00:00 0 
c1b47000-c1c04000 rw-p 00000000 00:00 0 
c1c04000-c1c08000 ---p 00000000 00:00 0 
c1c08000-c1cc5000 rw-p 00000000 00:00 0 
c1cc5000-c1cc9000 ---p 00000000 00:00 0 
c1cc9000-c1d86000 rw-p 00000000 00:00 0 
c1d86000-c2000000 r--p 00078000 08:04 535181                             /usr/lib/locale/locale-archive
c2000000-c21b0000 rw-p 00000000 00:00 0 
c21b0000-c2400000 ---p 00000000 00:00 0 
c2400000-c2a20000 rw-p 00000000 00:00 0 
c2a20000-c3000000 ---p 00000000 00:00 0 
c307e000-c327e000 r--p 00000000 08:04 535181                             /usr/lib/locale/locale-archive
c327e000-c3282000 ---p 00000000 00:00 0 
c3282000-c333f000 rw-p 00000000 00:00 0 
c333f000-c3343000 ---p 00000000 00:00 0 
c3343000-c3400000 rw-p 00000000 00:00 0 
c3400000-c3498000 rw-p 00000000 00:00 0 
c3498000-c3500000 ---p 00000000 00:00 0 
c3531000-c3535000 ---p 00000000 00:00 0 
c3535000-c35b2000 rw-p 00000000 00:00 0 
c35b2000-c35b3000 ---p 00000000 00:00 0 
c35b3000-c3633000 rw-p 00000000 00:00 0 
c3633000-c3f00000 rw-p 00001000 08:04 143240867                          /usr/lib/jvm/java-17-zulu-openjdk-jdk-x86/lib/server/classes.jsa
c3f00000-c3ffb000 rw-p 00000000 00:00 0 
c3ffb000-c4000000 ---p 00000000 00:00 0 
c407f000-c4080000 ---p 00000000 00:00 0 
c4080000-c4100000 rw-p 00000000 00:00 0 
c4100000-c4121000 rw-p 00000000 00:00 0 
c4121000-c4200000 ---p 00000000 00:00 0 
c4200000-c42d5000 rw-p 00000000 00:00 0 
c42d5000-c4300000 ---p 00000000 00:00 0 
c437f000-c4380000 ---p 00000000 00:00 0 
c4380000-c4400000 rw-p 00000000 00:00 0 
c4400000-c4479000 rw-p 00000000 00:00 0 
c4479000-c4500000 ---p 00000000 00:00 0 
c457f000-c4580000 ---p 00000000 00:00 0 
c4580000-c4600000 rw-p 00000000 00:00 0 
c4600000-c46f9000 rw-p 00000000 00:00 0 
c46f9000-c4700000 ---p 00000000 00:00 0 
c4700000-c47fe000 rw-p 00000000 00:00 0 
c47fe000-c4800000 ---p 00000000 00:00 0 
c487f000-c4880000 ---p 00000000 00:00 0 
c4880000-c4b00000 rw-p 00000000 00:00 0 
c4b00000-c5100000 ---p 00000000 00:00 0 
c5100000-c5300000 rw-p 00000000 00:00 0 
c5300000-c5900000 ---p 00000000 00:00 0 
c5900000-c5940000 rw-p 00000000 00:00 0 
c5940000-c5a00000 ---p 00000000 00:00 0 
c5a00000-c5a40000 rw-p 00000000 00:00 0 
c5a40000-c5b00000 ---p 00000000 00:00 0 
c5b00000-c5b40000 rw-p 00000000 00:00 0 
c5b40000-c5c00000 ---p 00000000 00:00 0 
c5c00000-cdc00000 rw-p 00000000 00:00 0 
cdc00000-e5c00000 ---p 00000000 00:00 0 
e5c65000-e5c6a000 rw-p 00000000 00:00 0 
e5c6a000-e5d50000 ---p 00000000 00:00 0 
e5d50000-e6168000 rwxp 00000000 00:00 0 
e6168000-ed2ab000 ---p 00000000 00:00 0 
ed2ab000-ed4eb000 rwxp 00000000 00:00 0 
ed4eb000-ed7f5000 ---p 00000000 00:00 0 
ed7f5000-eda35000 rwxp 00000000 00:00 0 
eda35000-f4d50000 ---p 00000000 00:00 0 
f4d50000-f4eb8000 r--s 00000000 08:04 117534333                          /usr/lib/jvm/java-17-zulu-openjdk-jdk-x86/lib/modules
f4eb8000-f5d5a000 r-xp 00000000 08:04 143240869                          /usr/lib/jvm/java-17-zulu-openjdk-jdk-x86/lib/server/libjvm.so
f5d5a000-f5daf000 r--p 00ea1000 08:04 143240869                          /usr/lib/jvm/java-17-zulu-openjdk-jdk-x86/lib/server/libjvm.so
f5daf000-f5dd0000 rw-p 00ef6000 08:04 143240869                          /usr/lib/jvm/java-17-zulu-openjdk-jdk-x86/lib/server/libjvm.so
f5dd0000-f5e00000 rw-p 00000000 00:00 0 
f5e00000-f5f00000 rw-p 00000000 00:00 0 
f5f28000-f5f29000 ---p 00000000 00:00 0 
f5f29000-f5fa9000 rw-p 00000000 00:00 0 
f5fa9000-f5faa000 ---p 00000000 00:00 0 
f5faa000-f5fae000 ---p 00000000 00:00 0 
f5fae000-f6b22000 rw-p 00000000 00:00 0 
f6b2e000-f6b43000 r-xp 00000000 08:04 117534323                          /usr/lib/jvm/java-17-zulu-openjdk-jdk-x86/lib/libnet.so
f6b43000-f6b44000 r--p 00014000 08:04 117534323                          /usr/lib/jvm/java-17-zulu-openjdk-jdk-x86/lib/libnet.so
f6b44000-f6b45000 rw-p 00015000 08:04 117534323                          /usr/lib/jvm/java-17-zulu-openjdk-jdk-x86/lib/libnet.so
f6b45000-f6b4e000 rw-p 00000000 00:00 0 
f6b4e000-f6c30000 ---p 00000000 00:00 0 
f6e6a000-f6e7c000 r-xp 00000000 08:04 117534324                          /usr/lib/jvm/java-17-zulu-openjdk-jdk-x86/lib/libnio.so
f6e7c000-f6e7d000 r--p 00011000 08:04 117534324                          /usr/lib/jvm/java-17-zulu-openjdk-jdk-x86/lib/libnio.so
f6e7d000-f6e7e000 rw-p 00012000 08:04 117534324                          /usr/lib/jvm/java-17-zulu-openjdk-jdk-x86/lib/libnio.so
f6e7e000-f6ea7000 rw-p 00000000 00:00 0 
f6ea7000-f6eca000 r-xp 00000000 08:04 117534310                          /usr/lib/jvm/java-17-zulu-openjdk-jdk-x86/lib/libjava.so
f6eca000-f6ecb000 r--p 00022000 08:04 117534310                          /usr/lib/jvm/java-17-zulu-openjdk-jdk-x86/lib/libjava.so
f6ecb000-f6ecc000 rw-p 00023000 08:04 117534310                          /usr/lib/jvm/java-17-zulu-openjdk-jdk-x86/lib/libjava.so
f6ecc000-f6ed8000 r-xp 00000000 08:04 16831767                           /usr/lib/libnss_files-2.28.so
f6ed8000-f6ed9000 r--p 0000b000 08:04 16831767                           /usr/lib/libnss_files-2.28.so
f6ed9000-f6eda000 rw-p 0000c000 08:04 16831767                           /usr/lib/libnss_files-2.28.so
f6eda000-f6ee0000 rw-p 00000000 00:00 0 
f6ee6000-f6eeb000 rw-p 00000000 00:00 0 
f6eeb000-f6ef1000 ---p 00000000 00:00 0 
f6ef1000-f6f0c000 r-xp 00000000 08:04 117534314                          /usr/lib/jvm/java-17-zulu-openjdk-jdk-x86/lib/libjimage.so
f6f0c000-f6f0d000 ---p 0001b000 08:04 117534314                          /usr/lib/jvm/java-17-zulu-openjdk-jdk-x86/lib/libjimage.so
f6f0d000-f6f0e000 r--p 0001b000 08:04 117534314                          /usr/lib/jvm/java-17-zulu-openjdk-jdk-x86/lib/libjimage.so
f6f0e000-f6f0f000 rw-p 0001c000 08:04 117534314                          /usr/lib/jvm/java-17-zulu-openjdk-jdk-x86/lib/libjimage.so
f6f0f000-f6f13000 rw-p 00000000 00:00 0 
f6f13000-f6f9b000 r-xp 00000000 08:04 17191875                           /usr/lib/libpcre2-8.so.0.7.1
f6f9b000-f6f9c000 r--p 00087000 08:04 17191875                           /usr/lib/libpcre2-8.so.0.7.1
f6f9c000-f6f9d000 rw-p 00088000 08:04 17191875                           /usr/lib/libpcre2-8.so.0.7.1
f6f9d000-f6fbd000 r-xp 00000000 08:04 17021543                           /usr/lib/libcrypt.so.1.1.0
f6fbd000-f6fbe000 ---p 00020000 08:04 17021543                           /usr/lib/libcrypt.so.1.1.0
f6fbe000-f6fbf000 r--p 00020000 08:04 17021543                           /usr/lib/libcrypt.so.1.1.0
f6fbf000-f6fc8000 rw-p 00000000 00:00 0 
f6fc8000-f6ff3000 r-xp 00000000 08:04 17191887                           /usr/lib/libselinux.so.1
f6ff3000-f6ff4000 ---p 0002b000 08:04 17191887                           /usr/lib/libselinux.so.1
f6ff4000-f6ff5000 r--p 0002b000 08:04 17191887                           /usr/lib/libselinux.so.1
f6ff5000-f6ff6000 rw-p 0002c000 08:04 17191887                           /usr/lib/libselinux.so.1
f6ff6000-f6ff7000 rw-p 00000000 00:00 0 
f6ff7000-f7016000 r-xp 00000000 08:04 18866589                           /usr/lib/libbrotlicommon.so.1.0.6
f7016000-f7017000 r--p 0001e000 08:04 18866589                           /usr/lib/libbrotlicommon.so.1.0.6
f7017000-f7018000 rw-p 0001f000 08:04 18866589                           /usr/lib/libbrotlicommon.so.1.0.6
f7018000-f7036000 r-xp 00000000 08:04 17191915                           /usr/lib/libsasl2.so.3.0.0
f7036000-f7037000 ---p 0001e000 08:04 17191915                           /usr/lib/libsasl2.so.3.0.0
f7037000-f7038000 r--p 0001e000 08:04 17191915                           /usr/lib/libsasl2.so.3.0.0
f7038000-f7039000 rw-p 0001f000 08:04 17191915                           /usr/lib/libsasl2.so.3.0.0
f7039000-f703b000 rw-p 00000000 00:00 0 
f703b000-f704f000 r-xp 00000000 08:04 16831772                           /usr/lib/libresolv-2.28.so
f704f000-f7050000 ---p 00014000 08:04 16831772                           /usr/lib/libresolv-2.28.so
f7050000-f7051000 r--p 00014000 08:04 16831772                           /usr/lib/libresolv-2.28.so
f7051000-f7052000 rw-p 00015000 08:04 16831772                           /usr/lib/libresolv-2.28.so
f7052000-f7054000 rw-p 00000000 00:00 0 
f7054000-f7057000 r-xp 00000000 08:04 17191893                           /usr/lib/libkeyutils.so.1.6
f7057000-f7058000 ---p 00003000 08:04 17191893                           /usr/lib/libkeyutils.so.1.6
f7058000-f7059000 r--p 00003000 08:04 17191893                           /usr/lib/libkeyutils.so.1.6
f7059000-f705a000 rw-p 00000000 00:00 0 
f705a000-f706a000 r-xp 00000000 08:04 17021560                           /usr/lib/libkrb5support.so.0.1
f706a000-f706b000 r--p 0000f000 08:04 17021560                           /usr/lib/libkrb5support.so.0.1
f706b000-f706c000 rw-p 00010000 08:04 17021560                           /usr/lib/libkrb5support.so.0.1
f706c000-f7074000 r-xp 00000000 08:04 16831774                           /usr/lib/librt-2.28.so
f7074000-f7075000 r--p 00007000 08:04 16831774                           /usr/lib/librt-2.28.so
f7075000-f7076000 rw-p 00008000 08:04 16831774                           /usr/lib/librt-2.28.so
f7076000-f71f5000 r-xp 00000000 08:04 17021545                           /usr/lib/libunistring.so.2.1.0
f71f5000-f71f6000 ---p 0017f000 08:04 17021545                           /usr/lib/libunistring.so.2.1.0
f71f6000-f71f8000 r--p 0017f000 08:04 17021545                           /usr/lib/libunistring.so.2.1.0
f71f8000-f71f9000 rw-p 00181000 08:04 17021545                           /usr/lib/libunistring.so.2.1.0
f71f9000-f7223000 r-xp 00000000 08:04 18654292                           /usr/lib/liblzma.so.5.2.4
f7223000-f7224000 r--p 00029000 08:04 18654292                           /usr/lib/liblzma.so.5.2.4
f7224000-f7225000 rw-p 00000000 00:00 0 
f7225000-f7231000 r-xp 00000000 08:04 17191936                           /usr/lib/libbrotlidec.so.1.0.6
f7231000-f7232000 r--p 0000b000 08:04 17191936                           /usr/lib/libbrotlidec.so.1.0.6
f7232000-f7233000 rw-p 00000000 00:00 0 
f7233000-f7242000 r-xp 00000000 08:04 17191918                           /usr/lib/liblber-2.4.so.2.10.9
f7242000-f7243000 r--p 0000e000 08:04 17191918                           /usr/lib/liblber-2.4.so.2.10.9
f7243000-f7244000 rw-p 0000f000 08:04 17191918                           /usr/lib/liblber-2.4.so.2.10.9
f7244000-f7299000 r-xp 00000000 08:04 17191920                           /usr/lib/libldap-2.4.so.2.10.9
f7299000-f729a000 ---p 00055000 08:04 17191920                           /usr/lib/libldap-2.4.so.2.10.9
f729a000-f729b000 r--p 00055000 08:04 17191920                           /usr/lib/libldap-2.4.so.2.10.9
f729b000-f729c000 rw-p 00056000 08:04 17191920                           /usr/lib/libldap-2.4.so.2.10.9
f729c000-f729e000 rw-p 00000000 00:00 0 
f729e000-f72a1000 r-xp 00000000 08:04 16994899                           /usr/lib/libcom_err.so.2.1
f72a1000-f72a2000 r--p 00002000 08:04 16994899                           /usr/lib/libcom_err.so.2.1
f72a2000-f72a3000 rw-p 00003000 08:04 16994899                           /usr/lib/libcom_err.so.2.1
f72a3000-f72b9000 r-xp 00000000 08:04 17021552                           /usr/lib/libk5crypto.so.3.1
f72b9000-f72ba000 ---p 00016000 08:04 17021552                           /usr/lib/libk5crypto.so.3.1
f72ba000-f72bb000 r--p 00016000 08:04 17021552                           /usr/lib/libk5crypto.so.3.1
f72bb000-f72bc000 rw-p 00017000 08:04 17021552                           /usr/lib/libk5crypto.so.3.1
f72bc000-f739f000 r-xp 00000000 08:04 17021558                           /usr/lib/libkrb5.so.3.3
f739f000-f73a6000 r--p 000e2000 08:04 17021558                           /usr/lib/libkrb5.so.3.3
f73a6000-f73a7000 rw-p 000e9000 08:04 17021558                           /usr/lib/libkrb5.so.3.3
f73a7000-f7402000 r-xp 00000000 08:04 17021548                           /usr/lib/libgssapi_krb5.so.2.2
f7402000-f7404000 r--p 0005a000 08:04 17021548                           /usr/lib/libgssapi_krb5.so.2.2
f7404000-f7405000 rw-p 0005c000 08:04 17021548                           /usr/lib/libgssapi_krb5.so.2.2
f7405000-f76b6000 r-xp 00000000 08:04 18627877                           /usr/lib/libcrypto.so.1.1.1k
f76b6000-f76cf000 r--p 002b0000 08:04 18627877                           /usr/lib/libcrypto.so.1.1.1k
f76cf000-f76d1000 rw-p 002c9000 08:04 18627877                           /usr/lib/libcrypto.so.1.1.1k
f76d1000-f76d5000 rw-p 00000000 00:00 0 
f76d5000-f7767000 r-xp 00000000 08:04 18627879                           /usr/lib/libssl.so.1.1.1k
f7767000-f776d000 r--p 00091000 08:04 18627879                           /usr/lib/libssl.so.1.1.1k
f776d000-f7771000 rw-p 00097000 08:04 18627879                           /usr/lib/libssl.so.1.1.1k
f7771000-f7781000 r-xp 00000000 08:04 18660120                           /usr/lib/libpsl.so.5.3.1
f7781000-f7782000 r--p 0000f000 08:04 18660120                           /usr/lib/libpsl.so.5.3.1
f7782000-f7783000 rw-p 00000000 00:00 0 
f7783000-f7800000 r-xp 00000000 08:04 16994901                           /usr/lib/libssh.so.4.8.7
f7800000-f7801000 ---p 0007d000 08:04 16994901                           /usr/lib/libssh.so.4.8.7
f7801000-f7802000 r--p 0007d000 08:04 16994901                           /usr/lib/libssh.so.4.8.7
f7802000-f7803000 rw-p 0007e000 08:04 16994901                           /usr/lib/libssh.so.4.8.7
f7803000-f7820000 r-xp 00000000 08:04 17040588                           /usr/lib/libidn2.so.0.3.6
f7820000-f7821000 r--p 0001c000 08:04 17040588                           /usr/lib/libidn2.so.0.3.6
f7821000-f7822000 rw-p 00000000 00:00 0 
f7822000-f784a000 r-xp 00000000 08:04 17191891                           /usr/lib/libnghttp2.so.14.17.0
f784a000-f784b000 r--p 00027000 08:04 17191891                           /usr/lib/libnghttp2.so.14.17.0
f784b000-f784d000 rw-p 00028000 08:04 17191891                           /usr/lib/libnghttp2.so.14.17.0
f784d000-f79ef000 r-xp 00000000 08:04 16831756                           /usr/lib/libc-2.28.so
f79ef000-f79f0000 ---p 001a2000 08:04 16831756                           /usr/lib/libc-2.28.so
f79f0000-f79f2000 r--p 001a2000 08:04 16831756                           /usr/lib/libc-2.28.so
f79f2000-f79f3000 rw-p 001a4000 08:04 16831756                           /usr/lib/libc-2.28.so
f79f3000-f79f8000 rw-p 00000000 00:00 0 
f79f8000-f7a13000 r-xp 00000000 08:04 16985139                           /usr/lib/libgcc_s-8-20210514.so.1
f7a13000-f7a14000 r--p 0001a000 08:04 16985139                           /usr/lib/libgcc_s-8-20210514.so.1
f7a14000-f7a15000 rw-p 0001b000 08:04 16985139                           /usr/lib/libgcc_s-8-20210514.so.1
f7a15000-f7ae5000 r-xp 00000000 08:04 16831760                           /usr/lib/libm-2.28.so
f7ae5000-f7ae6000 r--p 000cf000 08:04 16831760                           /usr/lib/libm-2.28.so
f7ae6000-f7ae7000 rw-p 000d0000 08:04 16831760                           /usr/lib/libm-2.28.so
f7ae7000-f7c70000 r-xp 00000000 08:04 16985145                           /usr/lib/libstdc++.so.6.0.25
f7c70000-f7c71000 ---p 00189000 08:04 16985145                           /usr/lib/libstdc++.so.6.0.25
f7c71000-f7c77000 r--p 00189000 08:04 16985145                           /usr/lib/libstdc++.so.6.0.25
f7c77000-f7c78000 rw-p 0018f000 08:04 16985145                           /usr/lib/libstdc++.so.6.0.25
f7c78000-f7c7a000 rw-p 00000000 00:00 0 
f7c7a000-f7c91000 r-xp 00000000 08:04 16963437                           /usr/lib/libz.so.1.2.11
f7c91000-f7c92000 ---p 00017000 08:04 16963437                           /usr/lib/libz.so.1.2.11
f7c92000-f7c93000 r--p 00017000 08:04 16963437                           /usr/lib/libz.so.1.2.11
f7c93000-f7c94000 rw-p 00000000 00:00 0 
f7c94000-f7e11000 r-xp 00000000 08:04 16963397                           /usr/lib/libxml2.so.2.9.7
f7e11000-f7e16000 r--p 0017c000 08:04 16963397                           /usr/lib/libxml2.so.2.9.7
f7e16000-f7e17000 rw-p 00181000 08:04 16963397                           /usr/lib/libxml2.so.2.9.7
f7e17000-f7e18000 rw-p 00000000 00:00 0 
f7e18000-f7e34000 r-xp 00000000 08:04 16831770                           /usr/lib/libpthread-2.28.so
f7e34000-f7e35000 r--p 0001b000 08:04 16831770                           /usr/lib/libpthread-2.28.so
f7e35000-f7e36000 rw-p 0001c000 08:04 16831770                           /usr/lib/libpthread-2.28.so
f7e36000-f7e38000 rw-p 00000000 00:00 0 
f7e38000-f7eac000 r-xp 00000000 08:04 16818911                           /usr/lib/libpcre.so.1.2.10
f7eac000-f7ead000 ---p 00074000 08:04 16818911                           /usr/lib/libpcre.so.1.2.10
f7ead000-f7eae000 r--p 00074000 08:04 16818911                           /usr/lib/libpcre.so.1.2.10
f7eae000-f7eaf000 rw-p 00075000 08:04 16818911                           /usr/lib/libpcre.so.1.2.10
f7eaf000-f7eb2000 r-xp 00000000 08:04 16831758                           /usr/lib/libdl-2.28.so
f7eb2000-f7eb3000 r--p 00002000 08:04 16831758                           /usr/lib/libdl-2.28.so
f7eb3000-f7eb4000 rw-p 00003000 08:04 16831758                           /usr/lib/libdl-2.28.so
f7eb4000-f7f51000 r-xp 00000000 08:04 16994905                           /usr/lib/libcurl.so.4.5.0
f7f51000-f7f53000 r--p 0009c000 08:04 16994905                           /usr/lib/libcurl.so.4.5.0
f7f53000-f7f54000 rw-p 0009e000 08:04 16994905                           /usr/lib/libcurl.so.4.5.0
f7f54000-f7f5b000 r--s 00000000 08:04 176632422                          /usr/lib/gconv/gconv-modules.cache
f7f5b000-f7f63000 rw-s 00000000 08:04 151635571                          /tmp/hsperfdata_almalinux/364081 (deleted)
f7f63000-f7f64000 ---p 00000000 00:00 0 
f7f64000-f7f65000 r--p 00000000 00:00 0 
f7f65000-f7f67000 rw-p 00000000 00:00 0 
f7f67000-f7f6b000 r--p 00000000 00:00 0                                  [vvar]
f7f6b000-f7f6d000 r-xp 00000000 00:00 0                                  [vdso]
f7f6d000-f7f9c000 r-xp 00000000 08:04 16831749                           /usr/lib/ld-2.28.so
f7f9c000-f7f9d000 ---p 00000000 00:00 0 
f7f9d000-f7f9e000 r--p 0002f000 08:04 16831749                           /usr/lib/ld-2.28.so
f7f9e000-f7f9f000 rw-p 00030000 08:04 16831749                           /usr/lib/ld-2.28.so
ff8b4000-ff8b5000 rwxp 00000000 00:00 0 
ff9bd000-ffa79000 rw-p 00000000 00:00 0                                  [stack]


VM Arguments:
jvm_args: -Xms128m -Xmx512m -Xss768k -XX:MaxMetaspaceSize=96m -Xrs -XX:-UsePerfData -XX:-AllowUserSignalHandlers -XX:UseSSE=3 -XX+DoEscapeAnalysis -XX:AutoBoxCacheMax:2000 -XX:+OptimizeStringConcat -XX:+OptimizeFill -XX:+EliminateAutoBox -XX:+UseCompressedStrings -XX:+UseCompressedOops -XX:+EliminateLocks -XX:UseFastAccessorMethods -XX:+UseStringCache -XgcPrio:throughput -XXkeepAreaRatio:1 -XXlazyUnlocking -XXcallProfiling -XXcompactRatio:1 
java_command: <unknown>
java_class_path (initial): ../../data/sku.0/sys.server/compiled/game/
Launcher Type: generic

[Global flags]
     intx CICompilerCount                          = 3                                         {product} {ergonomic}
     uint ConcGCThreads                            = 1                                         {product} {ergonomic}
     uint G1ConcRefinementThreads                  = 4                                         {product} {ergonomic}
   size_t G1HeapRegionSize                         = 1048576                                   {product} {ergonomic}
    uintx GCDrainStackTargetSize                   = 64                                        {product} {ergonomic}
   size_t InitialHeapSize                          = 134217728                                 {product} {command line}
   size_t MarkStackSize                            = 32768                                     {product} {ergonomic}
   size_t MaxHeapSize                              = 536870912                                 {product} {command line}
   size_t MaxMetaspaceSize                         = 100663296                                 {product} {command line}
   size_t MaxNewSize                               = 321912832                                 {product} {ergonomic}
   size_t MinHeapDeltaBytes                        = 1048576                                   {product} {ergonomic}
   size_t MinHeapSize                              = 134217728                                 {product} {command line}
    uintx NonNMethodCodeHeapSize                   = 5544422                                {pd product} {ergonomic}
    uintx NonProfiledCodeHeapSize                  = 123056909                              {pd product} {ergonomic}
    uintx ProfiledCodeHeapSize                     = 123056909                              {pd product} {ergonomic}
    uintx ReservedCodeCacheSize                    = 251658240                              {pd product} {ergonomic}
     bool SegmentedCodeCache                       = true                                      {product} {ergonomic}
   size_t SoftMaxHeapSize                          = 536870912                              {manageable} {ergonomic}
   double SweeperThreshold                         = 0.500000                                  {product} {ergonomic}
     intx ThreadStackSize                          = 768                                    {pd product} {command line}
     bool UseG1GC                                  = true                                      {product} {ergonomic}

Logging:
Log output configuration:
 #0: stdout all=off uptime,level,tags
 #1: stderr all=off uptime,level,tags

Environment Variables:
JAVA_HOME=/usr/lib/jvm/zulu-17-x86
PATH=/usr/java/jdk1.7.0_80/bin:/usr/java/jdk1.7.0_80/bin:/usr/java/jdk1.6.0_45/bin:/usr/java/jdk1.6.0_45/bin:/usr/java/jdk1.6.0_45/bin:/home/almalinux/.local/bin:/home/almalinux/bin:/sbin:/bin:/usr/bin:/usr/local/bin:/usr/local/sbin:/usr/sbin:/usr/lib/oracle/18.3/client/bin:/usr/lib/oracle/18.3/client/bin:/usr/lib/jvm/java-11-openjdk/bin:./
LD_LIBRARY_PATH=/usr/lib/jvm/java-17-zulu-openjdk-jdk-x86/lib/server:/usr/lib/jvm/java-17-zulu-openjdk-jdk-x86/lib:/usr/lib/jvm/java-17-zulu-openjdk-jdk-x86/../lib:/usr/lib/jvm/zulu-17-x86/lib/server:/usr/lib/jvm/java-11-openjdk/lib:/usr/lib/jvm/java-11-openjdk/lib/server:./
SHELL=/bin/bash
DISPLAY=:10.0
LANG=en_US.UTF-8
TERM=xterm-256color

Active Locale:
LC_ALL=en_US.UTF-8
LC_COLLATE=en_US.UTF-8
LC_CTYPE=en_US.UTF-8
LC_MESSAGES=en_US.UTF-8
LC_MONETARY=en_US.UTF-8
LC_NUMERIC=en_US.UTF-8
LC_TIME=en_US.UTF-8

Signal Handlers:
   SIGSEGV: crash_handler in libjvm.so, mask=11100100010111111101111111111110, flags=SA_RESTART|SA_SIGINFO, unblocked
    SIGBUS: crash_handler in libjvm.so, mask=11100100010111111101111111111110, flags=SA_RESTART|SA_SIGINFO, unblocked
    SIGFPE: crash_handler in libjvm.so, mask=11100100010111111101111111111110, flags=SA_RESTART|SA_SIGINFO, unblocked
   SIGPIPE: SIG_IGN, mask=00000000000010000000000000000000, flags=SA_RESTART, blocked
  *** Handler was modified!
  *** Expected: javaSignalHandler in libjvm.so, mask=11100100110111111111111111111110, flags=SA_RESTART|SA_SIGINFO
   SIGXFSZ: javaSignalHandler in libjvm.so, mask=11100100010111111101111111111110, flags=SA_RESTART|SA_SIGINFO, blocked
    SIGILL: crash_handler in libjvm.so, mask=11100100010111111101111111111110, flags=SA_RESTART|SA_SIGINFO, unblocked
   SIGUSR2: SR_handler in libjvm.so, mask=00100000000000000000000000000000, flags=SA_RESTART|SA_SIGINFO, blocked
    SIGHUP: UserHandler in libjvm.so, mask=11100100010111111101111111111110, flags=SA_RESTART|SA_SIGINFO, blocked
    SIGINT: UserHandler in libjvm.so, mask=11100100010111111101111111111110, flags=SA_RESTART|SA_SIGINFO, blocked
   SIGTERM: UserHandler in libjvm.so, mask=11100100010111111101111111111110, flags=SA_RESTART|SA_SIGINFO, blocked
   SIGQUIT: UserHandler in libjvm.so, mask=11100100010111111101111111111110, flags=SA_RESTART|SA_SIGINFO, blocked
   SIGTRAP: crash_handler in libjvm.so, mask=11100100010111111101111111111110, flags=SA_RESTART|SA_SIGINFO, unblocked


Periodic native trim disabled


---------------  S Y S T E M  ---------------

OS:
AlmaLinux release 8.10 (Cerulean Leopard)
uname: Linux 4.18.0-553.81.1.el8_10.x86_64 #1 SMP Mon Oct 27 11:29:19 EDT 2025 x86_64
OS uptime: 0 days 19:50 hours
libc: glibc 2.28 NPTL 2.28 
rlimit (soft/hard): STACK 8192k/infinity , CORE 0k/infinity , NPROC 61996/61996 , NOFILE 262144/262144 , AS infinity/infinity , CPU infinity/infinity , DATA infinity/infinity , FSIZE infinity/infinity , MEMLOCK 64k/64k
load average: 45.67 35.28 24.08

/proc/meminfo:
MemTotal:       16014464 kB
MemFree:         4217768 kB
MemAvailable:    6021192 kB
Buffers:              20 kB
Cached:          3332988 kB
SwapCached:        16504 kB
Active:          2646856 kB
Inactive:        8034068 kB
Active(anon):    1691452 kB
Inactive(anon):  7412232 kB
Active(file):     955404 kB
Inactive(file):   621836 kB
Unevictable:        6160 kB
Mlocked:               0 kB
SwapTotal:       8388604 kB
SwapFree:        7678428 kB
Dirty:              2220 kB
Writeback:             0 kB
AnonPages:       7343948 kB
Mapped:          1170400 kB
Shmem:           1755764 kB
KReclaimable:     403228 kB
Slab:             575308 kB
SReclaimable:     403228 kB
SUnreclaim:       172080 kB
KernelStack:       22052 kB
PageTables:       146996 kB
NFS_Unstable:          0 kB
Bounce:                0 kB
WritebackTmp:          0 kB
CommitLimit:    16395836 kB
Committed_AS:   21507424 kB
VmallocTotal:   34359738367 kB
VmallocUsed:       68304 kB
VmallocChunk:          0 kB
Percpu:             2672 kB
HardwareCorrupted:     0 kB
AnonHugePages:         0 kB
ShmemHugePages:        0 kB
ShmemPmdMapped:        0 kB
FileHugePages:         0 kB
FilePmdMapped:         0 kB
HugePages_Total:       0
HugePages_Free:        0
HugePages_Rsvd:        0
HugePages_Surp:        0
Hugepagesize:       2048 kB
Hugetlb:               0 kB
DirectMap4k:     1040236 kB
DirectMap2M:    15343616 kB

/sys/kernel/mm/transparent_hugepage/enabled: always madvise [never]
/sys/kernel/mm/transparent_hugepage/hpage_pmd_size: 2097152
/sys/kernel/mm/transparent_hugepage/defrag (defrag/compaction efforts parameter): always defer defer+madvise [madvise] never

Process Memory:
Virtual Size: 1256824K (peak: 1267112K)
Resident Set Size: 498152K (peak: 506308K) (anon: 464296K, file: 33856K, shmem: 0K)
Swapped out: 0K
C-Heap outstanding allocations: 26603K, retained: 320072K
glibc malloc tunables: (default)

/proc/sys/kernel/threads-max (system-wide limit on the number of threads): 123992
/proc/sys/vm/max_map_count (maximum number of memory map areas a process may have): 1677720
/proc/sys/kernel/pid_max (system-wide limit on number of process identifiers): 4194304

container (cgroup) information:
container_type: cgroupv1
cpu_cpuset_cpus: 0-3
cpu_memory_nodes: 0
active_processor_count: 4
cpu_quota: no quota
cpu_period: 100000
cpu_shares: no shares
memory_limit_in_bytes: unlimited
memory_and_swap_limit_in_bytes: unlimited
memory_soft_limit_in_bytes: unlimited
memory_usage_in_bytes: 10162824 k
memory_max_usage_in_bytes: 14910936 k
kernel_memory_usage_in_bytes: 371648 k
kernel_memory_max_usage_in_bytes: unlimited
kernel_memory_limit_in_bytes: 795756 k
maximum number of tasks: unlimited
current number of tasks: 570

KVM virtualization detected
Steal ticks since vm start: 130
Steal ticks percentage since vm start:  0.000

CPU: total 4 (initial active 4) (1 cores per cpu, 1 threads per core) family 6 model 60 stepping 1 microcode 0x1, cx8, cmov, fxsr, mmx, sse, sse2, sse3, ssse3, sse4.1, sse4.2, popcnt, lzcnt, tsc, avx, avx2, aes, erms, clmul, bmi1, bmi2, fma, vzeroupper, clflush, hv
CPU Model and flags from /proc/cpuinfo:
model name	: Intel Core Processor (Haswell, no TSX)
flags		: fpu vme de pse tsc msr pae mce cx8 apic sep mtrr pge mca cmov pat pse36 clflush mmx fxsr sse sse2 syscall nx rdtscp lm constant_tsc rep_good nopl xtopology cpuid tsc_known_freq pni pclmulqdq vmx ssse3 fma cx16 pcid sse4_1 sse4_2 x2apic movbe popcnt tsc_deadline_timer aes xsave avx f16c rdrand hypervisor lahf_lm abm cpuid_fault invpcid_single pti tpr_shadow vnmi flexpriority ept vpid ept_ad fsgsbase bmi1 avx2 smep bmi2 erms invpcid xsaveopt arat md_clear

Online cpus: 0-3
Offline cpus: 
BIOS frequency limitation: <Not Available>
Frequency switch latency (ns): <Not Available>
Available cpu frequencies: <Not Available>
Current governor: <Not Available>
Core performance/turbo boost: <Not Available>

Memory: 4k page, physical 16014464k(4217768k free), swap 8388604k(7678428k free)
Page Sizes: 4k

vm_info: OpenJDK Server VM (17.0.11+9-LTS) for linux-x86 JRE (17.0.11+9-LTS) (Zulu17.50+19-CA), built on Apr  9 2024 07:14:46 by "zulu_re" with gcc 8.3.0

END.
