#
# A fatal error has been detected by the Java Runtime Environment:
#
#  SIGSEGV (0xb) at pc=0xf78c7618, pid=1431935, tid=1431935
#
# JRE version: OpenJDK Runtime Environment Zulu17.50+19-CA (17.0.11+9) (build 17.0.11+9-LTS)
# Java VM: OpenJDK Server VM Zulu17.50+19-CA (17.0.11+9-LTS, mixed mode, sharing, tiered, g1 gc, linux-x86)
# Problematic frame:
# C  [libc.so.6+0x84618]  cfree+0x28
#
# Core dump will be written. Default location: Core dumps may be processed with "/usr/lib/systemd/systemd-coredump %P %u %g %s %t %c %h %e" (or dumping to /home/almalinux/swg-returns-nge/exe/linux/core.1431935)
#
# If you would like to submit a bug report, please visit:
#   http://www.azul.com/support/
#

---------------  S U M M A R Y ------------

Command Line: -Xms128m -Xmx512m -Xss768k -XX:MaxMetaspaceSize=96m -Xrs -XX:-UsePerfData -XX:-AllowUserSignalHandlers -XX:UseSSE=3 -XX+DoEscapeAnalysis -XX:AutoBoxCacheMax:2000 -XX:+OptimizeStringConcat -XX:+OptimizeFill -XX:+EliminateAutoBox -XX:+UseCompressedStrings -XX:+UseCompressedOops -XX:+EliminateLocks -XX:UseFastAccessorMethods -XX:+UseStringCache -XgcPrio:throughput -XXkeepAreaRatio:1 -XXlazyUnlocking -XXcallProfiling -XXcompactRatio:1 

Host: Intel Core Processor (Haswell, no TSX), 4 cores, 15G, AlmaLinux release 8.10 (Cerulean Leopard)
Time: Sun Jan 25 20:25:52 2026 UTC elapsed time: 48.717328 seconds (0d 0h 0m 48s)

---------------  T H R E A D  ---------------

Current thread is native thread

Stack: [0xffd1b000,0xffddb000],  sp=0xffdd7cf0,  free space=755k
Native frames: (J=compiled Java code, j=interpreted, Vv=VM code, C=native code)
C  [libc.so.6+0x84618]  cfree+0x28


siginfo: si_signo: 11 (SIGSEGV), si_code: 1 (SEGV_MAPERR), si_addr: 0x00000003

Registers:
EAX=0x00000000, EBX=0x00000007, ECX=0xf6f0584c, EDX=0x0b3bce68
ESP=0xffdd7cf0, EBP=0xffdd7e28, ESI=0xf79e8000, EDI=0x00000000
EIP=0xf78c7618, EFLAGS=0x00210202, CR2=0x0000000000000003


Top of Stack: (sp=0xffdd7cf0)
0xffdd7cf0:   0b040010 00000000 ffdd7e28 f7b54f1c
0xffdd7d00:   0b0400a0 f7c6ba04 0b3bce40 f7b54f1c
0xffdd7d10:   00000007 f7b54f0a f7c6ba04 f7b54f4c
0xffdd7d20:   0b0400a0 f7b54f0a 0b3c0be0 085b6163
0xffdd7d30:   00000007 0b040010 0b03fd20 085bb8d1
0xffdd7d40:   0b040010 0b03fd20 00000000 085bb89b
0xffdd7d50:   0c856ee0 ffdd7d77 ffdd7d9c 085c6969
0xffdd7d60:   087d6c00 ffdd7d9c ffdd7e28 084fc53b
0xffdd7d70:   00000014 00010002 00000000 00000000
0xffdd7d80:   01010100 00000001 09aa44c0 00000000
0xffdd7d90:   00000000 00000000 00000000 00000000
0xffdd7da0:   00000000 00000015 ffdd7ef8 f78786ff
0xffdd7db0:   f79e841c 47677753 53656d61 65767265
0xffdd7dc0:   34313a72 33393133 09290035 0b3a2200
0xffdd7dd0:   08ea0100 08ebc230 08ea5888 f79e841c
0xffdd7de0:   00000428 00000420 f7878779 085758fd
0xffdd7df0:   08ea2a80 09b1ea78 08ea5888 08574f56
0xffdd7e00:   0929a2c4 0929a2c4 ffdd7ef8 08ea583b
0xffdd7e10:   0000000c ffdd7ec4 ffdd7e40 f79e8000
0xffdd7e20:   00000000 08575910 00000000 f7860f26
0xffdd7e30:   00000000 08575910 00000000 f7860f26
0xffdd7e40:   0000000c ffdd7ec4 ffdd7ef8 ffdd7e64
0xffdd7e50:   0929a2d0 00000000 ffdd7ef8 f79e8000
0xffdd7e60:   f785075c f79e8000 00000000 08575910
0xffdd7e70:   00000000 9c222f8a 2ac3679a 00000000
0xffdd7e80:   00000000 00000000 f7f674d0 f7860e30
0xffdd7e90:   084fc260 0929a2c4 0000000c 08575946
0xffdd7ea0:   084fc260 0000000c ffdd7ec4 08ea57f0
0xffdd7eb0:   08ea5850 f7f674d0 ffdd7ebc f7f94970
0xffdd7ec0:   0000000c ffdd9624 ffdd9636 ffdd9639
0xffdd7ed0:   ffdd964b ffdd964e ffdd9659 ffdd967d
0xffdd7ee0:   ffdd968d ffdd96a5 ffdd96cd ffdd96d0 

Instructions: (pc=0xf78c7618)
0xf78c7518:   50 8d 96 86 f7 fa ff 8d 86 d0 2f fb ff e8 c6 b7
0xf78c7528:   ff ff 8d b6 00 00 00 00 bb 20 00 00 00 e9 5e fe
0xf78c7538:   ff ff e8 a1 c0 ff ff 89 c5 85 c0 0f 85 68 ff ff
0xf78c7548:   ff 31 d2 8d 44 3b 10 e8 8c c1 ff ff 89 da 89 f9
0xf78c7558:   89 c5 e8 11 f0 ff ff 89 c2 85 c0 75 1b 85 ed 74
0xf78c7568:   17 90 89 fa 89 e8 e8 bd c5 ff ff 89 da 89 f9 89
0xf78c7578:   c5 e8 f2 ef ff ff 89 c2 85 ed 0f 84 57 ff ff ff
0xf78c7588:   e9 39 ff ff ff 8d 86 b8 31 fb ff 83 ec 0c b9 25
0xf78c7598:   0d 00 00 50 8d 96 86 f7 fa ff 8d 86 74 2f fb ff
0xf78c75a8:   e8 43 b7 ff ff 8d 76 00 f3 0f 1e fb e8 0a 9a f9
0xf78c75b8:   ff 05 47 0a 12 00 56 53 83 ec 04 8b 5c 24 10 8b
0xf78c75c8:   74 24 14 8b 80 50 ff ff ff c7 00 00 00 00 00 e8
0xf78c75d8:   54 bb ff ff 8b 4c 24 0c 83 c4 04 89 f2 89 d8 5b
0xf78c75e8:   5e e9 42 fd ff ff 66 90 f3 0f 1e fb 56 e8 9a 9b
0xf78c75f8:   f9 ff 81 c6 06 0a 12 00 53 83 ec 14 8b 5c 24 20
0xf78c7608:   8b 86 5c ff ff ff 8b 00 85 c0 75 6c 85 db 74 75
0xf78c7618:   8b 4b fc 8d 53 f8 f6 c1 02 75 35 8b 86 70 fe ff
0xf78c7628:   ff 65 8b 00 85 c0 0f 84 8c 00 00 00 83 e1 04 8d
0xf78c7638:   86 60 07 00 00 74 09 89 d0 25 00 00 f0 ff 8b 00
0xf78c7648:   83 c4 14 31 c9 5b 5e e9 8c cb ff ff 8d 74 26 00
0xf78c7658:   8b 9e 60 01 00 00 85 db 75 10 3b 8e 48 01 00 00
0xf78c7668:   76 08 81 f9 00 00 08 00 76 26 83 c4 14 89 d0 5b
0xf78c7678:   5e e9 92 b8 ff ff 66 90 83 ec 08 ff 74 24 24 53
0xf78c7688:   ff d0 83 c4 10 83 c4 14 5b 5e c3 8d 74 26 00 90
0xf78c7698:   39 96 80 1d 00 00 77 08 39 96 7c 1d 00 00 77 ca
0xf78c76a8:   83 e1 f8 8d 04 09 89 8e 48 01 00 00 89 86 40 01
0xf78c76b8:   00 00 90 eb b5 8d 76 00 8b 86 74 fe ff ff 65 80
0xf78c76c8:   38 00 0f 85 64 ff ff ff 89 54 24 0c e8 97 ed ff
0xf78c76d8:   ff 8b 4b fc 8b 54 24 0c e9 4f ff ff ff 8d b4 26
0xf78c76e8:   00 00 00 00 8d 74 26 00 f3 0f 1e fb 55 57 56 e8
0xf78c76f8:   98 9a f9 ff 81 c6 04 09 12 00 53 83 ec 0c 8b 86
0xf78c7708:   70 fe ff ff 8b 96 74 fe ff ff 65 8b 28 65 c6 02 



---------------  P R O C E S S  ---------------

VM state: at safepoint (shutting down)

VM Mutex/Monitor currently owned by a thread:  ([mutex/lock_event])
[0xf5e21d30] Threads_lock - owner thread: 0xc4294cf0

GC Precious Log:
<Skipped>

Heap:
 garbage-first heap   total 131072K, used 27872K [0xc5c00000, 0xe5c00000)
  region size 1024K, 27 young (27648K), 1 survivors (1024K)
 Metaspace       used 3043K, committed 3264K, reserved 16384K

Heap Regions: E=young(eden), S=young(survivor), O=old, HS=humongous(starts), HC=humongous(continues), CS=collection set, F=free, OA=open archive, CA=closed archive, TAMS=top-at-mark-start (previous, next)
|   0|0xc5c00000, 0xc5d00000, 0xc5d00000|100%| O|  |TAMS 0xc5c00000, 0xc5c00000| Untracked 
|   1|0xc5d00000, 0xc5dc6a00, 0xc5e00000| 77%| O|  |TAMS 0xc5d00000, 0xc5d00000| Untracked 
|   2|0xc5e00000, 0xc5e00000, 0xc5f00000|  0%| F|  |TAMS 0xc5e00000, 0xc5e00000| Untracked 
|   3|0xc5f00000, 0xc5f00000, 0xc6000000|  0%| F|  |TAMS 0xc5f00000, 0xc5f00000| Untracked 
|   4|0xc6000000, 0xc6000000, 0xc6100000|  0%| F|  |TAMS 0xc6000000, 0xc6000000| Untracked 
|   5|0xc6100000, 0xc6100000, 0xc6200000|  0%| F|  |TAMS 0xc6100000, 0xc6100000| Untracked 
|   6|0xc6200000, 0xc6200000, 0xc6300000|  0%| F|  |TAMS 0xc6200000, 0xc6200000| Untracked 
|   7|0xc6300000, 0xc6300000, 0xc6400000|  0%| F|  |TAMS 0xc6300000, 0xc6300000| Untracked 
|   8|0xc6400000, 0xc6400000, 0xc6500000|  0%| F|  |TAMS 0xc6400000, 0xc6400000| Untracked 
|   9|0xc6500000, 0xc6500000, 0xc6600000|  0%| F|  |TAMS 0xc6500000, 0xc6500000| Untracked 
|  10|0xc6600000, 0xc6600000, 0xc6700000|  0%| F|  |TAMS 0xc6600000, 0xc6600000| Untracked 
|  11|0xc6700000, 0xc6700000, 0xc6800000|  0%| F|  |TAMS 0xc6700000, 0xc6700000| Untracked 
|  12|0xc6800000, 0xc6800000, 0xc6900000|  0%| F|  |TAMS 0xc6800000, 0xc6800000| Untracked 
|  13|0xc6900000, 0xc6900000, 0xc6a00000|  0%| F|  |TAMS 0xc6900000, 0xc6900000| Untracked 
|  14|0xc6a00000, 0xc6a00000, 0xc6b00000|  0%| F|  |TAMS 0xc6a00000, 0xc6a00000| Untracked 
|  15|0xc6b00000, 0xc6b00000, 0xc6c00000|  0%| F|  |TAMS 0xc6b00000, 0xc6b00000| Untracked 
|  16|0xc6c00000, 0xc6c00000, 0xc6d00000|  0%| F|  |TAMS 0xc6c00000, 0xc6c00000| Untracked 
|  17|0xc6d00000, 0xc6d00000, 0xc6e00000|  0%| F|  |TAMS 0xc6d00000, 0xc6d00000| Untracked 
|  18|0xc6e00000, 0xc6e00000, 0xc6f00000|  0%| F|  |TAMS 0xc6e00000, 0xc6e00000| Untracked 
|  19|0xc6f00000, 0xc6f00000, 0xc7000000|  0%| F|  |TAMS 0xc6f00000, 0xc6f00000| Untracked 
|  20|0xc7000000, 0xc7000000, 0xc7100000|  0%| F|  |TAMS 0xc7000000, 0xc7000000| Untracked 
|  21|0xc7100000, 0xc7100000, 0xc7200000|  0%| F|  |TAMS 0xc7100000, 0xc7100000| Untracked 
|  22|0xc7200000, 0xc7200000, 0xc7300000|  0%| F|  |TAMS 0xc7200000, 0xc7200000| Untracked 
|  23|0xc7300000, 0xc7300000, 0xc7400000|  0%| F|  |TAMS 0xc7300000, 0xc7300000| Untracked 
|  24|0xc7400000, 0xc7400000, 0xc7500000|  0%| F|  |TAMS 0xc7400000, 0xc7400000| Untracked 
|  25|0xc7500000, 0xc7500000, 0xc7600000|  0%| F|  |TAMS 0xc7500000, 0xc7500000| Untracked 
|  26|0xc7600000, 0xc7600000, 0xc7700000|  0%| F|  |TAMS 0xc7600000, 0xc7600000| Untracked 
|  27|0xc7700000, 0xc7700000, 0xc7800000|  0%| F|  |TAMS 0xc7700000, 0xc7700000| Untracked 
|  28|0xc7800000, 0xc7800000, 0xc7900000|  0%| F|  |TAMS 0xc7800000, 0xc7800000| Untracked 
|  29|0xc7900000, 0xc7900000, 0xc7a00000|  0%| F|  |TAMS 0xc7900000, 0xc7900000| Untracked 
|  30|0xc7a00000, 0xc7a00000, 0xc7b00000|  0%| F|  |TAMS 0xc7a00000, 0xc7a00000| Untracked 
|  31|0xc7b00000, 0xc7b00000, 0xc7c00000|  0%| F|  |TAMS 0xc7b00000, 0xc7b00000| Untracked 
|  32|0xc7c00000, 0xc7c00000, 0xc7d00000|  0%| F|  |TAMS 0xc7c00000, 0xc7c00000| Untracked 
|  33|0xc7d00000, 0xc7d00000, 0xc7e00000|  0%| F|  |TAMS 0xc7d00000, 0xc7d00000| Untracked 
|  34|0xc7e00000, 0xc7e00000, 0xc7f00000|  0%| F|  |TAMS 0xc7e00000, 0xc7e00000| Untracked 
|  35|0xc7f00000, 0xc7f00000, 0xc8000000|  0%| F|  |TAMS 0xc7f00000, 0xc7f00000| Untracked 
|  36|0xc8000000, 0xc8000000, 0xc8100000|  0%| F|  |TAMS 0xc8000000, 0xc8000000| Untracked 
|  37|0xc8100000, 0xc8100000, 0xc8200000|  0%| F|  |TAMS 0xc8100000, 0xc8100000| Untracked 
|  38|0xc8200000, 0xc8200000, 0xc8300000|  0%| F|  |TAMS 0xc8200000, 0xc8200000| Untracked 
|  39|0xc8300000, 0xc8300000, 0xc8400000|  0%| F|  |TAMS 0xc8300000, 0xc8300000| Untracked 
|  40|0xc8400000, 0xc8400000, 0xc8500000|  0%| F|  |TAMS 0xc8400000, 0xc8400000| Untracked 
|  41|0xc8500000, 0xc8500000, 0xc8600000|  0%| F|  |TAMS 0xc8500000, 0xc8500000| Untracked 
|  42|0xc8600000, 0xc8600000, 0xc8700000|  0%| F|  |TAMS 0xc8600000, 0xc8600000| Untracked 
|  43|0xc8700000, 0xc8700000, 0xc8800000|  0%| F|  |TAMS 0xc8700000, 0xc8700000| Untracked 
|  44|0xc8800000, 0xc8800000, 0xc8900000|  0%| F|  |TAMS 0xc8800000, 0xc8800000| Untracked 
|  45|0xc8900000, 0xc8900000, 0xc8a00000|  0%| F|  |TAMS 0xc8900000, 0xc8900000| Untracked 
|  46|0xc8a00000, 0xc8a00000, 0xc8b00000|  0%| F|  |TAMS 0xc8a00000, 0xc8a00000| Untracked 
|  47|0xc8b00000, 0xc8b00000, 0xc8c00000|  0%| F|  |TAMS 0xc8b00000, 0xc8b00000| Untracked 
|  48|0xc8c00000, 0xc8c00000, 0xc8d00000|  0%| F|  |TAMS 0xc8c00000, 0xc8c00000| Untracked 
|  49|0xc8d00000, 0xc8d00000, 0xc8e00000|  0%| F|  |TAMS 0xc8d00000, 0xc8d00000| Untracked 
|  50|0xc8e00000, 0xc8e00000, 0xc8f00000|  0%| F|  |TAMS 0xc8e00000, 0xc8e00000| Untracked 
|  51|0xc8f00000, 0xc8f00000, 0xc9000000|  0%| F|  |TAMS 0xc8f00000, 0xc8f00000| Untracked 
|  52|0xc9000000, 0xc9000000, 0xc9100000|  0%| F|  |TAMS 0xc9000000, 0xc9000000| Untracked 
|  53|0xc9100000, 0xc9100000, 0xc9200000|  0%| F|  |TAMS 0xc9100000, 0xc9100000| Untracked 
|  54|0xc9200000, 0xc9200000, 0xc9300000|  0%| F|  |TAMS 0xc9200000, 0xc9200000| Untracked 
|  55|0xc9300000, 0xc9300000, 0xc9400000|  0%| F|  |TAMS 0xc9300000, 0xc9300000| Untracked 
|  56|0xc9400000, 0xc9400000, 0xc9500000|  0%| F|  |TAMS 0xc9400000, 0xc9400000| Untracked 
|  57|0xc9500000, 0xc9500000, 0xc9600000|  0%| F|  |TAMS 0xc9500000, 0xc9500000| Untracked 
|  58|0xc9600000, 0xc9600000, 0xc9700000|  0%| F|  |TAMS 0xc9600000, 0xc9600000| Untracked 
|  59|0xc9700000, 0xc9700000, 0xc9800000|  0%| F|  |TAMS 0xc9700000, 0xc9700000| Untracked 
|  60|0xc9800000, 0xc9800000, 0xc9900000|  0%| F|  |TAMS 0xc9800000, 0xc9800000| Untracked 
|  61|0xc9900000, 0xc9900000, 0xc9a00000|  0%| F|  |TAMS 0xc9900000, 0xc9900000| Untracked 
|  62|0xc9a00000, 0xc9a00000, 0xc9b00000|  0%| F|  |TAMS 0xc9a00000, 0xc9a00000| Untracked 
|  63|0xc9b00000, 0xc9b00000, 0xc9c00000|  0%| F|  |TAMS 0xc9b00000, 0xc9b00000| Untracked 
|  64|0xc9c00000, 0xc9c00000, 0xc9d00000|  0%| F|  |TAMS 0xc9c00000, 0xc9c00000| Untracked 
|  65|0xc9d00000, 0xc9d00000, 0xc9e00000|  0%| F|  |TAMS 0xc9d00000, 0xc9d00000| Untracked 
|  66|0xc9e00000, 0xc9e00000, 0xc9f00000|  0%| F|  |TAMS 0xc9e00000, 0xc9e00000| Untracked 
|  67|0xc9f00000, 0xc9f00000, 0xca000000|  0%| F|  |TAMS 0xc9f00000, 0xc9f00000| Untracked 
|  68|0xca000000, 0xca000000, 0xca100000|  0%| F|  |TAMS 0xca000000, 0xca000000| Untracked 
|  69|0xca100000, 0xca100000, 0xca200000|  0%| F|  |TAMS 0xca100000, 0xca100000| Untracked 
|  70|0xca200000, 0xca200000, 0xca300000|  0%| F|  |TAMS 0xca200000, 0xca200000| Untracked 
|  71|0xca300000, 0xca300000, 0xca400000|  0%| F|  |TAMS 0xca300000, 0xca300000| Untracked 
|  72|0xca400000, 0xca400000, 0xca500000|  0%| F|  |TAMS 0xca400000, 0xca400000| Untracked 
|  73|0xca500000, 0xca500000, 0xca600000|  0%| F|  |TAMS 0xca500000, 0xca500000| Untracked 
|  74|0xca600000, 0xca600000, 0xca700000|  0%| F|  |TAMS 0xca600000, 0xca600000| Untracked 
|  75|0xca700000, 0xca700000, 0xca800000|  0%| F|  |TAMS 0xca700000, 0xca700000| Untracked 
|  76|0xca800000, 0xca800000, 0xca900000|  0%| F|  |TAMS 0xca800000, 0xca800000| Untracked 
|  77|0xca900000, 0xca900000, 0xcaa00000|  0%| F|  |TAMS 0xca900000, 0xca900000| Untracked 
|  78|0xcaa00000, 0xcaa00000, 0xcab00000|  0%| F|  |TAMS 0xcaa00000, 0xcaa00000| Untracked 
|  79|0xcab00000, 0xcab00000, 0xcac00000|  0%| F|  |TAMS 0xcab00000, 0xcab00000| Untracked 
|  80|0xcac00000, 0xcac00000, 0xcad00000|  0%| F|  |TAMS 0xcac00000, 0xcac00000| Untracked 
|  81|0xcad00000, 0xcad00000, 0xcae00000|  0%| F|  |TAMS 0xcad00000, 0xcad00000| Untracked 
|  82|0xcae00000, 0xcae00000, 0xcaf00000|  0%| F|  |TAMS 0xcae00000, 0xcae00000| Untracked 
|  83|0xcaf00000, 0xcaf00000, 0xcb000000|  0%| F|  |TAMS 0xcaf00000, 0xcaf00000| Untracked 
|  84|0xcb000000, 0xcb000000, 0xcb100000|  0%| F|  |TAMS 0xcb000000, 0xcb000000| Untracked 
|  85|0xcb100000, 0xcb100000, 0xcb200000|  0%| F|  |TAMS 0xcb100000, 0xcb100000| Untracked 
|  86|0xcb200000, 0xcb200000, 0xcb300000|  0%| F|  |TAMS 0xcb200000, 0xcb200000| Untracked 
|  87|0xcb300000, 0xcb300000, 0xcb400000|  0%| F|  |TAMS 0xcb300000, 0xcb300000| Untracked 
|  88|0xcb400000, 0xcb400000, 0xcb500000|  0%| F|  |TAMS 0xcb400000, 0xcb400000| Untracked 
|  89|0xcb500000, 0xcb500000, 0xcb600000|  0%| F|  |TAMS 0xcb500000, 0xcb500000| Untracked 
|  90|0xcb600000, 0xcb600000, 0xcb700000|  0%| F|  |TAMS 0xcb600000, 0xcb600000| Untracked 
|  91|0xcb700000, 0xcb700000, 0xcb800000|  0%| F|  |TAMS 0xcb700000, 0xcb700000| Untracked 
|  92|0xcb800000, 0xcb800000, 0xcb900000|  0%| F|  |TAMS 0xcb800000, 0xcb800000| Untracked 
|  93|0xcb900000, 0xcb900000, 0xcba00000|  0%| F|  |TAMS 0xcb900000, 0xcb900000| Untracked 
|  94|0xcba00000, 0xcba00000, 0xcbb00000|  0%| F|  |TAMS 0xcba00000, 0xcba00000| Untracked 
|  95|0xcbb00000, 0xcbb00000, 0xcbc00000|  0%| F|  |TAMS 0xcbb00000, 0xcbb00000| Untracked 
|  96|0xcbc00000, 0xcbc00000, 0xcbd00000|  0%| F|  |TAMS 0xcbc00000, 0xcbc00000| Untracked 
|  97|0xcbd00000, 0xcbd00000, 0xcbe00000|  0%| F|  |TAMS 0xcbd00000, 0xcbd00000| Untracked 
|  98|0xcbe00000, 0xcbe00000, 0xcbf00000|  0%| F|  |TAMS 0xcbe00000, 0xcbe00000| Untracked 
|  99|0xcbf00000, 0xcbf00000, 0xcc000000|  0%| F|  |TAMS 0xcbf00000, 0xcbf00000| Untracked 
| 100|0xcc000000, 0xcc000000, 0xcc100000|  0%| F|  |TAMS 0xcc000000, 0xcc000000| Untracked 
| 101|0xcc100000, 0xcc100800, 0xcc200000|  0%| E|  |TAMS 0xcc100000, 0xcc100000| Complete 
| 102|0xcc200000, 0xcc300000, 0xcc300000|100%| E|CS|TAMS 0xcc200000, 0xcc200000| Complete 
| 103|0xcc300000, 0xcc400000, 0xcc400000|100%| E|CS|TAMS 0xcc300000, 0xcc300000| Complete 
| 104|0xcc400000, 0xcc500000, 0xcc500000|100%| E|CS|TAMS 0xcc400000, 0xcc400000| Complete 
| 105|0xcc500000, 0xcc600000, 0xcc600000|100%| E|CS|TAMS 0xcc500000, 0xcc500000| Complete 
| 106|0xcc600000, 0xcc700000, 0xcc700000|100%| E|CS|TAMS 0xcc600000, 0xcc600000| Complete 
| 107|0xcc700000, 0xcc800000, 0xcc800000|100%| E|CS|TAMS 0xcc700000, 0xcc700000| Complete 
| 108|0xcc800000, 0xcc900000, 0xcc900000|100%| E|CS|TAMS 0xcc800000, 0xcc800000| Complete 
| 109|0xcc900000, 0xcc970f50, 0xcca00000| 44%| S|CS|TAMS 0xcc900000, 0xcc900000| Complete 
| 110|0xcca00000, 0xccb00000, 0xccb00000|100%| E|CS|TAMS 0xcca00000, 0xcca00000| Complete 
| 111|0xccb00000, 0xccc00000, 0xccc00000|100%| E|CS|TAMS 0xccb00000, 0xccb00000| Complete 
| 112|0xccc00000, 0xccd00000, 0xccd00000|100%| E|CS|TAMS 0xccc00000, 0xccc00000| Complete 
| 113|0xccd00000, 0xcce00000, 0xcce00000|100%| E|CS|TAMS 0xccd00000, 0xccd00000| Complete 
| 114|0xcce00000, 0xccf00000, 0xccf00000|100%| E|CS|TAMS 0xcce00000, 0xcce00000| Complete 
| 115|0xccf00000, 0xcd000000, 0xcd000000|100%| E|CS|TAMS 0xccf00000, 0xccf00000| Complete 
| 116|0xcd000000, 0xcd100000, 0xcd100000|100%| E|CS|TAMS 0xcd000000, 0xcd000000| Complete 
| 117|0xcd100000, 0xcd200000, 0xcd200000|100%| E|CS|TAMS 0xcd100000, 0xcd100000| Complete 
| 118|0xcd200000, 0xcd300000, 0xcd300000|100%| E|CS|TAMS 0xcd200000, 0xcd200000| Complete 
| 119|0xcd300000, 0xcd400000, 0xcd400000|100%| E|CS|TAMS 0xcd300000, 0xcd300000| Complete 
| 120|0xcd400000, 0xcd500000, 0xcd500000|100%| E|CS|TAMS 0xcd400000, 0xcd400000| Complete 
| 121|0xcd500000, 0xcd600000, 0xcd600000|100%| E|CS|TAMS 0xcd500000, 0xcd500000| Complete 
| 122|0xcd600000, 0xcd700000, 0xcd700000|100%| E|CS|TAMS 0xcd600000, 0xcd600000| Complete 
| 123|0xcd700000, 0xcd800000, 0xcd800000|100%| E|CS|TAMS 0xcd700000, 0xcd700000| Complete 
| 124|0xcd800000, 0xcd900000, 0xcd900000|100%| E|CS|TAMS 0xcd800000, 0xcd800000| Complete 
| 125|0xcd900000, 0xcda00000, 0xcda00000|100%| E|CS|TAMS 0xcd900000, 0xcd900000| Complete 
| 126|0xcda00000, 0xcdb00000, 0xcdb00000|100%| E|CS|TAMS 0xcda00000, 0xcda00000| Complete 
| 127|0xcdb00000, 0xcdc00000, 0xcdc00000|100%| E|CS|TAMS 0xcdb00000, 0xcdb00000| Complete 

Card table byte_map: [0xc5a00000,0xc5b00000] _byte_map_base: 0xc53d2000

Marking Bits (Prev, Next): (CMBitMap*) 0xf5e8b528, (CMBitMap*) 0xf5e8b548
 Prev Bits: [0xc5100000, 0xc5900000)
 Next Bits: [0xc4900000, 0xc5100000)

Polling page: 0xf7f59000

Metaspace:

Usage:
    2.97 MB used.

Virtual space:
     16.00 MB reserved,       3.19 MB ( 20%) committed,  1 nodes.

Chunk freelists:
10.05 MB

MaxMetaspaceSize: 96.00 MB
No class space
Initial GC threshold: 16.00 MB
Current GC threshold: 16.00 MB
CDS: on
MetaspaceReclaimPolicy: balanced
 - commit_granule_bytes: 65536.
 - commit_granule_words: 16384.
 - virtual_space_node_default_size: 4194304.
 - enlarge_chunks_in_place: 1.
 - new_chunks_are_fully_committed: 0.
 - uncommit_free_chunks: 1.
 - use_allocation_guard: 0.
 - handle_deallocations: 1.


Internal statistics:

num_allocs_failed_limit: 0.
num_arena_births: 90.
num_arena_deaths: 0.
num_vsnodes_births: 1.
num_vsnodes_deaths: 0.
num_space_committed: 51.
num_space_uncommitted: 0.
num_chunks_returned_to_freelist: 0.
num_chunks_taken_from_freelist: 188.
num_chunk_merges: 0.
num_chunk_splits: 135.
num_chunks_enlarged: 104.
num_inconsistent_stats: 0.

CodeHeap 'non-profiled nmethods': size=120172Kb used=278Kb max_used=278Kb free=119893Kb
 bounds [0xed7f5000, 0xeda35000, 0xf4d50000]
CodeHeap 'profiled nmethods': size=120172Kb used=1112Kb max_used=1112Kb free=119059Kb
 bounds [0xe5d50000, 0xe5f90000, 0xed2ab000]
CodeHeap 'non-nmethods': size=5416Kb used=724Kb max_used=740Kb free=4691Kb
 bounds [0xed2ab000, 0xed4eb000, 0xed7f5000]
 total_blobs=1077 nmethods=746 adapters=245
 compilation: enabled
              stopped_count=0, restarted_count=0
 full_count=0

Compilation events (20 events):
Event: 35.777 Thread 0xc42a0580 nmethod 750 0xed838208 code [0xed838320, 0xed8383e0]
Event: 35.790 Thread 0xc42a0580  752       3       java.lang.reflect.Modifier::isProtected (12 bytes)
Event: 35.790 Thread 0xc42a0580 nmethod 752 0xe5e65288 code [0xe5e653a0, 0xe5e654c0]
Event: 35.790 Thread 0xc42a0580  753       3       java.lang.ref.Reference::<init> (7 bytes)
Event: 35.790 Thread 0xc42a0580 nmethod 753 0xe5e65588 code [0xe5e656c0, 0xe5e65940]
Event: 35.819 Thread 0xc429f450 nmethod 691 0xed838508 code [0xed838620, 0xed838b10]
Event: 35.820 Thread 0xc429f450  694       4       java.lang.StringLatin1::indexOf (121 bytes)
Event: 35.827 Thread 0xc429f450 nmethod 694 0xed838c08 code [0xed838d20, 0xed839090]
Event: 35.827 Thread 0xc429f450  695       4       script.dictionary_byte_array_output_stream::write (65 bytes)
Event: 35.854 Thread 0xc429f450 nmethod 695 0xed839308 code [0xed839460, 0xed839d30]
Event: 35.854 Thread 0xc429f450  740       4       java.util.concurrent.ConcurrentHashMap::spread (10 bytes)
Event: 35.854 Thread 0xc429f450 nmethod 740 0xed83a088 code [0xed83a1a0, 0xed83a210]
Event: 35.854 Thread 0xc429f450  744       4       java.lang.ref.Reference::reachabilityFence (1 bytes)
Event: 35.854 Thread 0xc429f450 nmethod 744 0xed83a388 code [0xed83a4a0, 0xed83a510]
Event: 35.854 Thread 0xc429f450  714       4       java.util.concurrent.atomic.AtomicLong::compareAndSet (13 bytes)
Event: 35.854 Thread 0xc429f450 nmethod 714 0xed83a688 code [0xed83a7a0, 0xed83a830]
Event: 36.186 Thread 0xc42a0580  754       3       java.util.HashMap::clear (50 bytes)
Event: 36.187 Thread 0xc42a0580 nmethod 754 0xe5e65a08 code [0xe5e65b60, 0xe5e65ea0]
Event: 36.394 Thread 0xc42a0580  755       3       java.util.HashSet::clear (8 bytes)
Event: 36.394 Thread 0xc42a0580 nmethod 755 0xe5e65f88 code [0xe5e660c0, 0xe5e6626c]

GC Heap History (4 events):
Event: 26.785 GC heap before
{Heap before GC invocations=0 (full 0):
 garbage-first heap   total 131072K, used 12288K [0xc5c00000, 0xe5c00000)
  region size 1024K, 13 young (13312K), 0 survivors (0K)
 Metaspace       used 1882K, committed 2048K, reserved 16384K
}
Event: 26.836 GC heap after
{Heap after GC invocations=1 (full 0):
 garbage-first heap   total 131072K, used 2265K [0xc5c00000, 0xe5c00000)
  region size 1024K, 2 young (2048K), 2 survivors (2048K)
 Metaspace       used 1882K, committed 2048K, reserved 16384K
}
Event: 32.617 GC heap before
{Heap before GC invocations=1 (full 0):
 garbage-first heap   total 131072K, used 18649K [0xc5c00000, 0xe5c00000)
  region size 1024K, 18 young (18432K), 2 survivors (2048K)
 Metaspace       used 2145K, committed 2368K, reserved 16384K
}
Event: 32.640 GC heap after
{Heap after GC invocations=2 (full 0):
 garbage-first heap   total 131072K, used 2270K [0xc5c00000, 0xe5c00000)
  region size 1024K, 1 young (1024K), 1 survivors (1024K)
 Metaspace       used 2145K, committed 2368K, reserved 16384K
}

Dll operation events (4 events):
Event: 0.004 Loaded shared library /usr/lib/jvm/java-17-zulu-openjdk-jdk-x86/lib/libjava.so
Event: 35.765 Loaded shared library /usr/lib/jvm/java-17-zulu-openjdk-jdk-x86/lib/libnio.so
Event: 35.766 Loaded shared library /usr/lib/jvm/java-17-zulu-openjdk-jdk-x86/lib/libjimage.so
Event: 35.767 Loaded shared library /usr/lib/jvm/java-17-zulu-openjdk-jdk-x86/lib/libnet.so

Deoptimization events (20 events):
Event: 29.929 Thread 0x0c6cbeb0 DEOPT PACKING pc=0xed81befc sp=0xffdd6040
Event: 29.929 Thread 0x0c6cbeb0 DEOPT UNPACKING pc=0xed2f4d33 sp=0xffdd604c mode 2
Event: 31.569 Thread 0x0c6cbeb0 DEOPT PACKING pc=0xe5de89ea sp=0xffdd6b60
Event: 31.570 Thread 0x0c6cbeb0 DEOPT UNPACKING pc=0xed2f4171 sp=0xffdd6a44 mode 0
Event: 31.789 Thread 0x0c6cbeb0 DEOPT PACKING pc=0xe5de89ea sp=0xffdd6b60
Event: 31.789 Thread 0x0c6cbeb0 DEOPT UNPACKING pc=0xed2f4171 sp=0xffdd6a44 mode 0
Event: 34.778 Thread 0x0c6cbeb0 Uncommon trap: trap_request=0xffffff45 fr.pc=0xed8112ac relative=0x00000acc
Event: 34.778 Thread 0x0c6cbeb0 Uncommon trap: reason=unstable_if action=reinterpret pc=0xed8112ac method=java.util.HashMap.resize()[Ljava/util/HashMap$Node; @ 87 c2
Event: 34.778 Thread 0x0c6cbeb0 DEOPT PACKING pc=0xed8112ac sp=0xffdd5e90
Event: 34.778 Thread 0x0c6cbeb0 DEOPT UNPACKING pc=0xed2f4d33 sp=0xffdd5e64 mode 2
Event: 35.459 Thread 0x0c6cbeb0 Uncommon trap: trap_request=0xffffff45 fr.pc=0xed81ab18 relative=0x000000f8
Event: 35.459 Thread 0x0c6cbeb0 Uncommon trap: reason=unstable_if action=reinterpret pc=0xed81ab18 method=java.lang.Long.valueOf(J)Ljava/lang/Long; @ 9 c2
Event: 35.459 Thread 0x0c6cbeb0 DEOPT PACKING pc=0xed81ab18 sp=0xffdd6560
Event: 35.459 Thread 0x0c6cbeb0 DEOPT UNPACKING pc=0xed2f4d33 sp=0xffdd6528 mode 2
Event: 35.689 Thread 0x0c6cbeb0 Uncommon trap: trap_request=0xffffff6e fr.pc=0xed814f38 relative=0x00000418
Event: 35.689 Thread 0x0c6cbeb0 Uncommon trap: reason=loop_limit_check action=maybe_recompile pc=0xed814f38 method=java.lang.StringLatin1.indexOf([BI[BII)I @ 37 c2
Event: 35.689 Thread 0x0c6cbeb0 DEOPT PACKING pc=0xed814f38 sp=0xffdd6210
Event: 35.689 Thread 0x0c6cbeb0 DEOPT UNPACKING pc=0xed2f4d33 sp=0xffdd61ec mode 2
Event: 35.784 Thread 0x0c6cbeb0 DEOPT PACKING pc=0xe5e2bb2e sp=0xffdd64d0
Event: 35.784 Thread 0x0c6cbeb0 DEOPT UNPACKING pc=0xed2f4171 sp=0xffdd6374 mode 0

Classes unloaded (0 events):
No events

Classes redefined (0 events):
No events

Internal exceptions (2 events):
Event: 35.461 Thread 0x0c6cbeb0 Exception <a 'java/lang/NoSuchMethodError'{0xcc535408}: static [Ljava/lang/String;.<clinit>()V> (0xcc535408) 
thrown [src/hotspot/share/prims/jni.cpp, line 1112]
Event: 35.772 Thread 0x0c6cbeb0 Exception <a 'java/lang/NoSuchMethodError'{0xcc2165a8}: 'java.lang.Object java.lang.invoke.DirectMethodHandle$Holder.invokeStaticInit(java.lang.Object)'> (0xcc2165a8) 
thrown [src/hotspot/share/interpreter/linkResolver.cpp, line 759]

VM Operations (20 events):
Event: 25.081 Executing VM operation: Cleanup
Event: 25.081 Executing VM operation: Cleanup done
Event: 26.785 Executing VM operation: G1CollectForAllocation
Event: 26.836 Executing VM operation: G1CollectForAllocation done
Event: 28.848 Executing VM operation: Cleanup
Event: 28.848 Executing VM operation: Cleanup done
Event: 29.851 Executing VM operation: Cleanup
Event: 29.851 Executing VM operation: Cleanup done
Event: 30.860 Executing VM operation: Cleanup
Event: 30.860 Executing VM operation: Cleanup done
Event: 32.617 Executing VM operation: G1CollectForAllocation
Event: 32.641 Executing VM operation: G1CollectForAllocation done
Event: 34.642 Executing VM operation: Cleanup
Event: 34.642 Executing VM operation: Cleanup done
Event: 35.489 Executing VM operation: HandshakeAllThreads
Event: 35.490 Executing VM operation: HandshakeAllThreads done
Event: 35.502 Executing VM operation: HandshakeAllThreads
Event: 35.502 Executing VM operation: HandshakeAllThreads done
Event: 36.504 Executing VM operation: Cleanup
Event: 36.504 Executing VM operation: Cleanup done

Events (20 events):
Event: 35.774 loading class java/lang/System$Logger$Level
Event: 35.774 loading class java/lang/System$Logger$Level done
Event: 35.774 loading class jdk/internal/logger/SurrogateLogger
Event: 35.775 loading class jdk/internal/logger/SimpleConsoleLogger
Event: 35.775 loading class sun/util/logging/PlatformLogger$ConfigurableBridge$LoggerConfiguration
Event: 35.775 loading class sun/util/logging/PlatformLogger$ConfigurableBridge$LoggerConfiguration done
Event: 35.775 loading class jdk/internal/logger/SimpleConsoleLogger done
Event: 35.775 loading class jdk/internal/logger/SurrogateLogger done
Event: 35.775 loading class sun/util/logging/PlatformLogger
Event: 35.776 loading class sun/util/logging/PlatformLogger done
Event: 35.776 loading class sun/util/logging/PlatformLogger$Level
Event: 35.776 loading class sun/util/logging/PlatformLogger$Level done
Event: 35.776 loading class jdk/internal/event/DeserializationEvent
Event: 35.777 loading class jdk/internal/event/DeserializationEvent done
Event: 35.777 loading class java/io/ObjectInputStream$FieldValues
Event: 35.777 loading class java/io/ObjectInputStream$GetField
Event: 35.777 loading class java/io/ObjectInputStream$GetField done
Event: 35.777 loading class java/io/ObjectInputStream$FieldValues done
Event: 36.903 Thread 0x0c6cbeb0 Thread exited: 0x0c6cbeb0
Event: 36.904 Thread 0xf5e242d0 Thread exited: 0xf5e242d0


Dynamic libraries:
08048000-09298000 r-xp 00000000 08:04 494947248                          /home/almalinux/swg-returns-nge/build/bin/SwgGameServer
09298000-0929c000 rw-p 0124f000 08:04 494947248                          /home/almalinux/swg-returns-nge/build/bin/SwgGameServer
0929c000-09b1f000 rw-p 00000000 00:00 0 
0b006000-0f8dd000 rw-p 00000000 00:00 0                                  [heap]
c1000000-c1076000 rw-p 00000000 00:00 0 
c1076000-c1100000 ---p 00000000 00:00 0 
c114b000-c114c000 ---p 00000000 00:00 0 
c114c000-c11cc000 rw-p 00000000 00:00 0 
c11cc000-c11cd000 ---p 00000000 00:00 0 
c11cd000-c124d000 rw-p 00000000 00:00 0 
c137f000-c1380000 ---p 00000000 00:00 0 
c1380000-c1400000 rw-p 00000000 00:00 0 
c1400000-c14af000 rw-p 00000000 00:00 0 
c14af000-c1500000 ---p 00000000 00:00 0 
c173d000-c1741000 ---p 00000000 00:00 0 
c1741000-c17fe000 rw-p 00000000 00:00 0 
c17fe000-c1802000 ---p 00000000 00:00 0 
c1802000-c18bf000 rw-p 00000000 00:00 0 
c18bf000-c18c0000 ---p 00000000 00:00 0 
c18c0000-c1940000 rw-p 00000000 00:00 0 
c1940000-c1944000 ---p 00000000 00:00 0 
c1944000-c1a01000 rw-p 00000000 00:00 0 
c1a01000-c1a05000 ---p 00000000 00:00 0 
c1a05000-c1ac2000 rw-p 00000000 00:00 0 
c1ac2000-c1ac6000 ---p 00000000 00:00 0 
c1ac6000-c1b43000 rw-p 00000000 00:00 0 
c1b43000-c1b47000 ---p 00000000 00:00 0 
c1b47000-c1c04000 rw-p 00000000 00:00 0 
c1c04000-c1c08000 ---p 00000000 00:00 0 
c1c08000-c1cc5000 rw-p 00000000 00:00 0 
c1cc5000-c1cc9000 ---p 00000000 00:00 0 
c1cc9000-c1d86000 rw-p 00000000 00:00 0 
c1d86000-c2000000 r--p 00078000 08:04 535181                             /usr/lib/locale/locale-archive
c2000000-c2130000 rw-p 00000000 00:00 0 
c2130000-c2400000 ---p 00000000 00:00 0 
c2400000-c2600000 rw-p 00000000 00:00 0 
c2600000-c3000000 ---p 00000000 00:00 0 
c307e000-c327e000 r--p 00000000 08:04 535181                             /usr/lib/locale/locale-archive
c327e000-c3282000 ---p 00000000 00:00 0 
c3282000-c333f000 rw-p 00000000 00:00 0 
c333f000-c3343000 ---p 00000000 00:00 0 
c3343000-c3400000 rw-p 00000000 00:00 0 
c3400000-c3421000 rw-p 00000000 00:00 0 
c3421000-c3500000 ---p 00000000 00:00 0 
c3531000-c3535000 ---p 00000000 00:00 0 
c3535000-c35b2000 rw-p 00000000 00:00 0 
c35b2000-c35b3000 ---p 00000000 00:00 0 
c35b3000-c3633000 rw-p 00000000 00:00 0 
c3633000-c3f00000 rw-p 00001000 08:04 143240867                          /usr/lib/jvm/java-17-zulu-openjdk-jdk-x86/lib/server/classes.jsa
c3f00000-c3f21000 rw-p 00000000 00:00 0 
c3f21000-c4000000 ---p 00000000 00:00 0 
c407f000-c4080000 ---p 00000000 00:00 0 
c4080000-c4100000 rw-p 00000000 00:00 0 
c4100000-c4121000 rw-p 00000000 00:00 0 
c4121000-c4200000 ---p 00000000 00:00 0 
c4200000-c42d1000 rw-p 00000000 00:00 0 
c42d1000-c4300000 ---p 00000000 00:00 0 
c437f000-c4380000 ---p 00000000 00:00 0 
c4380000-c4400000 rw-p 00000000 00:00 0 
c4400000-c4421000 rw-p 00000000 00:00 0 
c4421000-c4500000 ---p 00000000 00:00 0 
c457f000-c4580000 ---p 00000000 00:00 0 
c4580000-c4600000 rw-p 00000000 00:00 0 
c4600000-c46e3000 rw-p 00000000 00:00 0 
c46e3000-c4700000 ---p 00000000 00:00 0 
c4700000-c47fd000 rw-p 00000000 00:00 0 
c47fd000-c4800000 ---p 00000000 00:00 0 
c487f000-c4880000 ---p 00000000 00:00 0 
c4880000-c4b00000 rw-p 00000000 00:00 0 
c4b00000-c5100000 ---p 00000000 00:00 0 
c5100000-c5300000 rw-p 00000000 00:00 0 
c5300000-c5900000 ---p 00000000 00:00 0 
c5900000-c5940000 rw-p 00000000 00:00 0 
c5940000-c5a00000 ---p 00000000 00:00 0 
c5a00000-c5a40000 rw-p 00000000 00:00 0 
c5a40000-c5b00000 ---p 00000000 00:00 0 
c5b00000-c5b40000 rw-p 00000000 00:00 0 
c5b40000-c5c00000 ---p 00000000 00:00 0 
c5c00000-cdc00000 rw-p 00000000 00:00 0 
cdc00000-e5c00000 ---p 00000000 00:00 0 
e5c65000-e5c6a000 rw-p 00000000 00:00 0 
e5c6a000-e5d50000 ---p 00000000 00:00 0 
e5d50000-e5f90000 rwxp 00000000 00:00 0 
e5f90000-ed2ab000 ---p 00000000 00:00 0 
ed2ab000-ed4eb000 rwxp 00000000 00:00 0 
ed4eb000-ed7f5000 ---p 00000000 00:00 0 
ed7f5000-eda35000 rwxp 00000000 00:00 0 
eda35000-f4d50000 ---p 00000000 00:00 0 
f4d50000-f4eb8000 r--s 00000000 08:04 117534333                          /usr/lib/jvm/java-17-zulu-openjdk-jdk-x86/lib/modules
f4eb8000-f5d5a000 r-xp 00000000 08:04 143240869                          /usr/lib/jvm/java-17-zulu-openjdk-jdk-x86/lib/server/libjvm.so
f5d5a000-f5daf000 r--p 00ea1000 08:04 143240869                          /usr/lib/jvm/java-17-zulu-openjdk-jdk-x86/lib/server/libjvm.so
f5daf000-f5dd0000 rw-p 00ef6000 08:04 143240869                          /usr/lib/jvm/java-17-zulu-openjdk-jdk-x86/lib/server/libjvm.so
f5dd0000-f5e00000 rw-p 00000000 00:00 0 
f5e00000-f5f00000 rw-p 00000000 00:00 0 
f5f1e000-f5f1f000 ---p 00000000 00:00 0 
f5f1f000-f5f9f000 rw-p 00000000 00:00 0 
f5f9f000-f5fa0000 ---p 00000000 00:00 0 
f5fa0000-f5fa4000 ---p 00000000 00:00 0 
f5fa4000-f6b18000 rw-p 00000000 00:00 0 
f6b24000-f6b39000 r-xp 00000000 08:04 117534323                          /usr/lib/jvm/java-17-zulu-openjdk-jdk-x86/lib/libnet.so
f6b39000-f6b3a000 r--p 00014000 08:04 117534323                          /usr/lib/jvm/java-17-zulu-openjdk-jdk-x86/lib/libnet.so
f6b3a000-f6b3b000 rw-p 00015000 08:04 117534323                          /usr/lib/jvm/java-17-zulu-openjdk-jdk-x86/lib/libnet.so
f6b3b000-f6b40000 rw-p 00000000 00:00 0 
f6b40000-f6c26000 ---p 00000000 00:00 0 
f6e60000-f6e72000 r-xp 00000000 08:04 117534324                          /usr/lib/jvm/java-17-zulu-openjdk-jdk-x86/lib/libnio.so
f6e72000-f6e73000 r--p 00011000 08:04 117534324                          /usr/lib/jvm/java-17-zulu-openjdk-jdk-x86/lib/libnio.so
f6e73000-f6e74000 rw-p 00012000 08:04 117534324                          /usr/lib/jvm/java-17-zulu-openjdk-jdk-x86/lib/libnio.so
f6e74000-f6e9d000 rw-p 00000000 00:00 0 
f6e9d000-f6ec0000 r-xp 00000000 08:04 117534310                          /usr/lib/jvm/java-17-zulu-openjdk-jdk-x86/lib/libjava.so
f6ec0000-f6ec1000 r--p 00022000 08:04 117534310                          /usr/lib/jvm/java-17-zulu-openjdk-jdk-x86/lib/libjava.so
f6ec1000-f6ec2000 rw-p 00023000 08:04 117534310                          /usr/lib/jvm/java-17-zulu-openjdk-jdk-x86/lib/libjava.so
f6ec2000-f6ece000 r-xp 00000000 08:04 16831767                           /usr/lib/libnss_files-2.28.so
f6ece000-f6ecf000 r--p 0000b000 08:04 16831767                           /usr/lib/libnss_files-2.28.so
f6ecf000-f6ed0000 rw-p 0000c000 08:04 16831767                           /usr/lib/libnss_files-2.28.so
f6ed0000-f6ed6000 rw-p 00000000 00:00 0 
f6edc000-f6ee1000 rw-p 00000000 00:00 0 
f6ee1000-f6ee7000 ---p 00000000 00:00 0 
f6ee7000-f6f02000 r-xp 00000000 08:04 117534314                          /usr/lib/jvm/java-17-zulu-openjdk-jdk-x86/lib/libjimage.so
f6f02000-f6f03000 ---p 0001b000 08:04 117534314                          /usr/lib/jvm/java-17-zulu-openjdk-jdk-x86/lib/libjimage.so
f6f03000-f6f04000 r--p 0001b000 08:04 117534314                          /usr/lib/jvm/java-17-zulu-openjdk-jdk-x86/lib/libjimage.so
f6f04000-f6f05000 rw-p 0001c000 08:04 117534314                          /usr/lib/jvm/java-17-zulu-openjdk-jdk-x86/lib/libjimage.so
f6f05000-f6f09000 rw-p 00000000 00:00 0 
f6f09000-f6f91000 r-xp 00000000 08:04 17191875                           /usr/lib/libpcre2-8.so.0.7.1
f6f91000-f6f92000 r--p 00087000 08:04 17191875                           /usr/lib/libpcre2-8.so.0.7.1
f6f92000-f6f93000 rw-p 00088000 08:04 17191875                           /usr/lib/libpcre2-8.so.0.7.1
f6f93000-f6fb3000 r-xp 00000000 08:04 17021543                           /usr/lib/libcrypt.so.1.1.0
f6fb3000-f6fb4000 ---p 00020000 08:04 17021543                           /usr/lib/libcrypt.so.1.1.0
f6fb4000-f6fb5000 r--p 00020000 08:04 17021543                           /usr/lib/libcrypt.so.1.1.0
f6fb5000-f6fbe000 rw-p 00000000 00:00 0 
f6fbe000-f6fe9000 r-xp 00000000 08:04 17191887                           /usr/lib/libselinux.so.1
f6fe9000-f6fea000 ---p 0002b000 08:04 17191887                           /usr/lib/libselinux.so.1
f6fea000-f6feb000 r--p 0002b000 08:04 17191887                           /usr/lib/libselinux.so.1
f6feb000-f6fec000 rw-p 0002c000 08:04 17191887                           /usr/lib/libselinux.so.1
f6fec000-f6fed000 rw-p 00000000 00:00 0 
f6fed000-f700c000 r-xp 00000000 08:04 18866589                           /usr/lib/libbrotlicommon.so.1.0.6
f700c000-f700d000 r--p 0001e000 08:04 18866589                           /usr/lib/libbrotlicommon.so.1.0.6
f700d000-f700e000 rw-p 0001f000 08:04 18866589                           /usr/lib/libbrotlicommon.so.1.0.6
f700e000-f702c000 r-xp 00000000 08:04 17191915                           /usr/lib/libsasl2.so.3.0.0
f702c000-f702d000 ---p 0001e000 08:04 17191915                           /usr/lib/libsasl2.so.3.0.0
f702d000-f702e000 r--p 0001e000 08:04 17191915                           /usr/lib/libsasl2.so.3.0.0
f702e000-f702f000 rw-p 0001f000 08:04 17191915                           /usr/lib/libsasl2.so.3.0.0
f702f000-f7031000 rw-p 00000000 00:00 0 
f7031000-f7045000 r-xp 00000000 08:04 16831772                           /usr/lib/libresolv-2.28.so
f7045000-f7046000 ---p 00014000 08:04 16831772                           /usr/lib/libresolv-2.28.so
f7046000-f7047000 r--p 00014000 08:04 16831772                           /usr/lib/libresolv-2.28.so
f7047000-f7048000 rw-p 00015000 08:04 16831772                           /usr/lib/libresolv-2.28.so
f7048000-f704a000 rw-p 00000000 00:00 0 
f704a000-f704d000 r-xp 00000000 08:04 17191893                           /usr/lib/libkeyutils.so.1.6
f704d000-f704e000 ---p 00003000 08:04 17191893                           /usr/lib/libkeyutils.so.1.6
f704e000-f704f000 r--p 00003000 08:04 17191893                           /usr/lib/libkeyutils.so.1.6
f704f000-f7050000 rw-p 00000000 00:00 0 
f7050000-f7060000 r-xp 00000000 08:04 17021560                           /usr/lib/libkrb5support.so.0.1
f7060000-f7061000 r--p 0000f000 08:04 17021560                           /usr/lib/libkrb5support.so.0.1
f7061000-f7062000 rw-p 00010000 08:04 17021560                           /usr/lib/libkrb5support.so.0.1
f7062000-f706a000 r-xp 00000000 08:04 16831774                           /usr/lib/librt-2.28.so
f706a000-f706b000 r--p 00007000 08:04 16831774                           /usr/lib/librt-2.28.so
f706b000-f706c000 rw-p 00008000 08:04 16831774                           /usr/lib/librt-2.28.so
f706c000-f71eb000 r-xp 00000000 08:04 17021545                           /usr/lib/libunistring.so.2.1.0
f71eb000-f71ec000 ---p 0017f000 08:04 17021545                           /usr/lib/libunistring.so.2.1.0
f71ec000-f71ee000 r--p 0017f000 08:04 17021545                           /usr/lib/libunistring.so.2.1.0
f71ee000-f71ef000 rw-p 00181000 08:04 17021545                           /usr/lib/libunistring.so.2.1.0
f71ef000-f7219000 r-xp 00000000 08:04 18654292                           /usr/lib/liblzma.so.5.2.4
f7219000-f721a000 r--p 00029000 08:04 18654292                           /usr/lib/liblzma.so.5.2.4
f721a000-f721b000 rw-p 00000000 00:00 0 
f721b000-f7227000 r-xp 00000000 08:04 17191936                           /usr/lib/libbrotlidec.so.1.0.6
f7227000-f7228000 r--p 0000b000 08:04 17191936                           /usr/lib/libbrotlidec.so.1.0.6
f7228000-f7229000 rw-p 00000000 00:00 0 
f7229000-f7238000 r-xp 00000000 08:04 17191918                           /usr/lib/liblber-2.4.so.2.10.9
f7238000-f7239000 r--p 0000e000 08:04 17191918                           /usr/lib/liblber-2.4.so.2.10.9
f7239000-f723a000 rw-p 0000f000 08:04 17191918                           /usr/lib/liblber-2.4.so.2.10.9
f723a000-f728f000 r-xp 00000000 08:04 17191920                           /usr/lib/libldap-2.4.so.2.10.9
f728f000-f7290000 ---p 00055000 08:04 17191920                           /usr/lib/libldap-2.4.so.2.10.9
f7290000-f7291000 r--p 00055000 08:04 17191920                           /usr/lib/libldap-2.4.so.2.10.9
f7291000-f7292000 rw-p 00056000 08:04 17191920                           /usr/lib/libldap-2.4.so.2.10.9
f7292000-f7294000 rw-p 00000000 00:00 0 
f7294000-f7297000 r-xp 00000000 08:04 16994899                           /usr/lib/libcom_err.so.2.1
f7297000-f7298000 r--p 00002000 08:04 16994899                           /usr/lib/libcom_err.so.2.1
f7298000-f7299000 rw-p 00003000 08:04 16994899                           /usr/lib/libcom_err.so.2.1
f7299000-f72af000 r-xp 00000000 08:04 17021552                           /usr/lib/libk5crypto.so.3.1
f72af000-f72b0000 ---p 00016000 08:04 17021552                           /usr/lib/libk5crypto.so.3.1
f72b0000-f72b1000 r--p 00016000 08:04 17021552                           /usr/lib/libk5crypto.so.3.1
f72b1000-f72b2000 rw-p 00017000 08:04 17021552                           /usr/lib/libk5crypto.so.3.1
f72b2000-f7395000 r-xp 00000000 08:04 17021558                           /usr/lib/libkrb5.so.3.3
f7395000-f739c000 r--p 000e2000 08:04 17021558                           /usr/lib/libkrb5.so.3.3
f739c000-f739d000 rw-p 000e9000 08:04 17021558                           /usr/lib/libkrb5.so.3.3
f739d000-f73f8000 r-xp 00000000 08:04 17021548                           /usr/lib/libgssapi_krb5.so.2.2
f73f8000-f73fa000 r--p 0005a000 08:04 17021548                           /usr/lib/libgssapi_krb5.so.2.2
f73fa000-f73fb000 rw-p 0005c000 08:04 17021548                           /usr/lib/libgssapi_krb5.so.2.2
f73fb000-f76ac000 r-xp 00000000 08:04 18627877                           /usr/lib/libcrypto.so.1.1.1k
f76ac000-f76c5000 r--p 002b0000 08:04 18627877                           /usr/lib/libcrypto.so.1.1.1k
f76c5000-f76c7000 rw-p 002c9000 08:04 18627877                           /usr/lib/libcrypto.so.1.1.1k
f76c7000-f76cb000 rw-p 00000000 00:00 0 
f76cb000-f775d000 r-xp 00000000 08:04 18627879                           /usr/lib/libssl.so.1.1.1k
f775d000-f7763000 r--p 00091000 08:04 18627879                           /usr/lib/libssl.so.1.1.1k
f7763000-f7767000 rw-p 00097000 08:04 18627879                           /usr/lib/libssl.so.1.1.1k
f7767000-f7777000 r-xp 00000000 08:04 18660120                           /usr/lib/libpsl.so.5.3.1
f7777000-f7778000 r--p 0000f000 08:04 18660120                           /usr/lib/libpsl.so.5.3.1
f7778000-f7779000 rw-p 00000000 00:00 0 
f7779000-f77f6000 r-xp 00000000 08:04 16994901                           /usr/lib/libssh.so.4.8.7
f77f6000-f77f7000 ---p 0007d000 08:04 16994901                           /usr/lib/libssh.so.4.8.7
f77f7000-f77f8000 r--p 0007d000 08:04 16994901                           /usr/lib/libssh.so.4.8.7
f77f8000-f77f9000 rw-p 0007e000 08:04 16994901                           /usr/lib/libssh.so.4.8.7
f77f9000-f7816000 r-xp 00000000 08:04 17040588                           /usr/lib/libidn2.so.0.3.6
f7816000-f7817000 r--p 0001c000 08:04 17040588                           /usr/lib/libidn2.so.0.3.6
f7817000-f7818000 rw-p 00000000 00:00 0 
f7818000-f7840000 r-xp 00000000 08:04 17191891                           /usr/lib/libnghttp2.so.14.17.0
f7840000-f7841000 r--p 00027000 08:04 17191891                           /usr/lib/libnghttp2.so.14.17.0
f7841000-f7843000 rw-p 00028000 08:04 17191891                           /usr/lib/libnghttp2.so.14.17.0
f7843000-f79e5000 r-xp 00000000 08:04 16831756                           /usr/lib/libc-2.28.so
f79e5000-f79e6000 ---p 001a2000 08:04 16831756                           /usr/lib/libc-2.28.so
f79e6000-f79e8000 r--p 001a2000 08:04 16831756                           /usr/lib/libc-2.28.so
f79e8000-f79e9000 rw-p 001a4000 08:04 16831756                           /usr/lib/libc-2.28.so
f79e9000-f79ee000 rw-p 00000000 00:00 0 
f79ee000-f7a09000 r-xp 00000000 08:04 16985139                           /usr/lib/libgcc_s-8-20210514.so.1
f7a09000-f7a0a000 r--p 0001a000 08:04 16985139                           /usr/lib/libgcc_s-8-20210514.so.1
f7a0a000-f7a0b000 rw-p 0001b000 08:04 16985139                           /usr/lib/libgcc_s-8-20210514.so.1
f7a0b000-f7adb000 r-xp 00000000 08:04 16831760                           /usr/lib/libm-2.28.so
f7adb000-f7adc000 r--p 000cf000 08:04 16831760                           /usr/lib/libm-2.28.so
f7adc000-f7add000 rw-p 000d0000 08:04 16831760                           /usr/lib/libm-2.28.so
f7add000-f7c66000 r-xp 00000000 08:04 16985145                           /usr/lib/libstdc++.so.6.0.25
f7c66000-f7c67000 ---p 00189000 08:04 16985145                           /usr/lib/libstdc++.so.6.0.25
f7c67000-f7c6d000 r--p 00189000 08:04 16985145                           /usr/lib/libstdc++.so.6.0.25
f7c6d000-f7c6e000 rw-p 0018f000 08:04 16985145                           /usr/lib/libstdc++.so.6.0.25
f7c6e000-f7c70000 rw-p 00000000 00:00 0 
f7c70000-f7c87000 r-xp 00000000 08:04 16963437                           /usr/lib/libz.so.1.2.11
f7c87000-f7c88000 ---p 00017000 08:04 16963437                           /usr/lib/libz.so.1.2.11
f7c88000-f7c89000 r--p 00017000 08:04 16963437                           /usr/lib/libz.so.1.2.11
f7c89000-f7c8a000 rw-p 00000000 00:00 0 
f7c8a000-f7e07000 r-xp 00000000 08:04 16963397                           /usr/lib/libxml2.so.2.9.7
f7e07000-f7e0c000 r--p 0017c000 08:04 16963397                           /usr/lib/libxml2.so.2.9.7
f7e0c000-f7e0d000 rw-p 00181000 08:04 16963397                           /usr/lib/libxml2.so.2.9.7
f7e0d000-f7e0e000 rw-p 00000000 00:00 0 
f7e0e000-f7e2a000 r-xp 00000000 08:04 16831770                           /usr/lib/libpthread-2.28.so
f7e2a000-f7e2b000 r--p 0001b000 08:04 16831770                           /usr/lib/libpthread-2.28.so
f7e2b000-f7e2c000 rw-p 0001c000 08:04 16831770                           /usr/lib/libpthread-2.28.so
f7e2c000-f7e2e000 rw-p 00000000 00:00 0 
f7e2e000-f7ea2000 r-xp 00000000 08:04 16818911                           /usr/lib/libpcre.so.1.2.10
f7ea2000-f7ea3000 ---p 00074000 08:04 16818911                           /usr/lib/libpcre.so.1.2.10
f7ea3000-f7ea4000 r--p 00074000 08:04 16818911                           /usr/lib/libpcre.so.1.2.10
f7ea4000-f7ea5000 rw-p 00075000 08:04 16818911                           /usr/lib/libpcre.so.1.2.10
f7ea5000-f7ea8000 r-xp 00000000 08:04 16831758                           /usr/lib/libdl-2.28.so
f7ea8000-f7ea9000 r--p 00002000 08:04 16831758                           /usr/lib/libdl-2.28.so
f7ea9000-f7eaa000 rw-p 00003000 08:04 16831758                           /usr/lib/libdl-2.28.so
f7eaa000-f7f47000 r-xp 00000000 08:04 16994905                           /usr/lib/libcurl.so.4.5.0
f7f47000-f7f49000 r--p 0009c000 08:04 16994905                           /usr/lib/libcurl.so.4.5.0
f7f49000-f7f4a000 rw-p 0009e000 08:04 16994905                           /usr/lib/libcurl.so.4.5.0
f7f4a000-f7f51000 r--s 00000000 08:04 176632422                          /usr/lib/gconv/gconv-modules.cache
f7f51000-f7f59000 rw-s 00000000 08:04 151586752                          /tmp/hsperfdata_almalinux/1431935 (deleted)
f7f59000-f7f5a000 ---p 00000000 00:00 0 
f7f5a000-f7f5b000 r--p 00000000 00:00 0 
f7f5b000-f7f5d000 rw-p 00000000 00:00 0 
f7f5d000-f7f61000 r--p 00000000 00:00 0                                  [vvar]
f7f61000-f7f63000 r-xp 00000000 00:00 0                                  [vdso]
f7f63000-f7f92000 r-xp 00000000 08:04 16831749                           /usr/lib/ld-2.28.so
f7f92000-f7f93000 ---p 00000000 00:00 0 
f7f93000-f7f94000 r--p 0002f000 08:04 16831749                           /usr/lib/ld-2.28.so
f7f94000-f7f95000 rw-p 00030000 08:04 16831749                           /usr/lib/ld-2.28.so
ffc16000-ffc17000 rwxp 00000000 00:00 0 
ffd1f000-ffddb000 rw-p 00000000 00:00 0                                  [stack]


VM Arguments:
jvm_args: -Xms128m -Xmx512m -Xss768k -XX:MaxMetaspaceSize=96m -Xrs -XX:-UsePerfData -XX:-AllowUserSignalHandlers -XX:UseSSE=3 -XX+DoEscapeAnalysis -XX:AutoBoxCacheMax:2000 -XX:+OptimizeStringConcat -XX:+OptimizeFill -XX:+EliminateAutoBox -XX:+UseCompressedStrings -XX:+UseCompressedOops -XX:+EliminateLocks -XX:UseFastAccessorMethods -XX:+UseStringCache -XgcPrio:throughput -XXkeepAreaRatio:1 -XXlazyUnlocking -XXcallProfiling -XXcompactRatio:1 
java_command: <unknown>
java_class_path (initial): ../../data/sku.0/sys.server/compiled/game/
Launcher Type: generic

[Global flags]
     intx CICompilerCount                          = 3                                         {product} {ergonomic}
     uint ConcGCThreads                            = 1                                         {product} {ergonomic}
     uint G1ConcRefinementThreads                  = 4                                         {product} {ergonomic}
   size_t G1HeapRegionSize                         = 1048576                                   {product} {ergonomic}
    uintx GCDrainStackTargetSize                   = 64                                        {product} {ergonomic}
   size_t InitialHeapSize                          = 134217728                                 {product} {command line}
   size_t MarkStackSize                            = 32768                                     {product} {ergonomic}
   size_t MaxHeapSize                              = 536870912                                 {product} {command line}
   size_t MaxMetaspaceSize                         = 100663296                                 {product} {command line}
   size_t MaxNewSize                               = 321912832                                 {product} {ergonomic}
   size_t MinHeapDeltaBytes                        = 1048576                                   {product} {ergonomic}
   size_t MinHeapSize                              = 134217728                                 {product} {command line}
    uintx NonNMethodCodeHeapSize                   = 5544422                                {pd product} {ergonomic}
    uintx NonProfiledCodeHeapSize                  = 123056909                              {pd product} {ergonomic}
    uintx ProfiledCodeHeapSize                     = 123056909                              {pd product} {ergonomic}
    uintx ReservedCodeCacheSize                    = 251658240                              {pd product} {ergonomic}
     bool SegmentedCodeCache                       = true                                      {product} {ergonomic}
   size_t SoftMaxHeapSize                          = 536870912                              {manageable} {ergonomic}
   double SweeperThreshold                         = 0.500000                                  {product} {ergonomic}
     intx ThreadStackSize                          = 768                                    {pd product} {command line}
     bool UseG1GC                                  = true                                      {product} {ergonomic}

Logging:
Log output configuration:
 #0: stdout all=off uptime,level,tags
 #1: stderr all=off uptime,level,tags

Environment Variables:
JAVA_HOME=/usr/lib/jvm/zulu-17-x86
PATH=/usr/java/jdk1.7.0_80/bin:/usr/java/jdk1.7.0_80/bin:/usr/java/jdk1.6.0_45/bin:/usr/java/jdk1.6.0_45/bin:/usr/java/jdk1.6.0_45/bin:/home/almalinux/.local/bin:/home/almalinux/bin:/sbin:/bin:/usr/bin:/usr/local/bin:/usr/local/sbin:/usr/sbin:/usr/lib/oracle/18.3/client/bin:/usr/lib/oracle/18.3/client/bin:/usr/lib/jvm/java-11-openjdk/bin:./
LD_LIBRARY_PATH=/usr/lib/jvm/java-17-zulu-openjdk-jdk-x86/lib/server:/usr/lib/jvm/java-17-zulu-openjdk-jdk-x86/lib:/usr/lib/jvm/java-17-zulu-openjdk-jdk-x86/../lib:/usr/lib/jvm/zulu-17-x86/lib/server:/usr/lib/jvm/java-11-openjdk/lib:/usr/lib/jvm/java-11-openjdk/lib/server:./
SHELL=/bin/bash
DISPLAY=:10.0
LANG=en_US.UTF-8
TERM=xterm-256color

Active Locale:
LC_ALL=en_US.UTF-8
LC_COLLATE=en_US.UTF-8
LC_CTYPE=en_US.UTF-8
LC_MESSAGES=en_US.UTF-8
LC_MONETARY=en_US.UTF-8
LC_NUMERIC=en_US.UTF-8
LC_TIME=en_US.UTF-8

Signal Handlers:
   SIGSEGV: crash_handler in libjvm.so, mask=11100100010111111101111111111110, flags=SA_RESTART|SA_SIGINFO, unblocked
    SIGBUS: crash_handler in libjvm.so, mask=11100100010111111101111111111110, flags=SA_RESTART|SA_SIGINFO, unblocked
    SIGFPE: crash_handler in libjvm.so, mask=11100100010111111101111111111110, flags=SA_RESTART|SA_SIGINFO, unblocked
   SIGPIPE: SIG_IGN, mask=00000000000010000000000000000000, flags=SA_RESTART, blocked
  *** Handler was modified!
  *** Expected: javaSignalHandler in libjvm.so, mask=11100100110111111111111111111110, flags=SA_RESTART|SA_SIGINFO
   SIGXFSZ: javaSignalHandler in libjvm.so, mask=11100100010111111101111111111110, flags=SA_RESTART|SA_SIGINFO, blocked
    SIGILL: crash_handler in libjvm.so, mask=11100100010111111101111111111110, flags=SA_RESTART|SA_SIGINFO, unblocked
   SIGUSR2: SR_handler in libjvm.so, mask=00100000000000000000000000000000, flags=SA_RESTART|SA_SIGINFO, blocked
    SIGHUP: UserHandler in libjvm.so, mask=11100100010111111101111111111110, flags=SA_RESTART|SA_SIGINFO, blocked
    SIGINT: UserHandler in libjvm.so, mask=11100100010111111101111111111110, flags=SA_RESTART|SA_SIGINFO, blocked
   SIGTERM: UserHandler in libjvm.so, mask=11100100010111111101111111111110, flags=SA_RESTART|SA_SIGINFO, blocked
   SIGQUIT: UserHandler in libjvm.so, mask=11100100010111111101111111111110, flags=SA_RESTART|SA_SIGINFO, blocked
   SIGTRAP: crash_handler in libjvm.so, mask=11100100010111111101111111111110, flags=SA_RESTART|SA_SIGINFO, unblocked


Periodic native trim disabled


---------------  S Y S T E M  ---------------

OS:
AlmaLinux release 8.10 (Cerulean Leopard)
uname: Linux 4.18.0-553.81.1.el8_10.x86_64 #1 SMP Mon Oct 27 11:29:19 EDT 2025 x86_64
OS uptime: 33 days 23:37 hours
libc: glibc 2.28 NPTL 2.28 
rlimit (soft/hard): STACK 8192k/infinity , CORE 0k/infinity , NPROC 61995/61995 , NOFILE 262144/262144 , AS infinity/infinity , CPU infinity/infinity , DATA infinity/infinity , FSIZE infinity/infinity , MEMLOCK 64k/64k
load average: 47.09 36.06 35.30

/proc/meminfo:
MemTotal:       16014448 kB
MemFree:         2544088 kB
MemAvailable:    8579792 kB
Buffers:            1056 kB
Cached:          8766152 kB
SwapCached:            0 kB
Active:          2620372 kB
Inactive:        9957736 kB
Active(anon):    2069860 kB
Inactive(anon):  4606380 kB
Active(file):     550512 kB
Inactive(file):  5351356 kB
Unevictable:        3104 kB
Mlocked:              16 kB
SwapTotal:       8388604 kB
SwapFree:        8388604 kB
Dirty:              2096 kB
Writeback:             0 kB
AnonPages:       3814096 kB
Mapped:          1570180 kB
Shmem:           2865288 kB
KReclaimable:     310880 kB
Slab:             465972 kB
SReclaimable:     310880 kB
SUnreclaim:       155092 kB
KernelStack:       21416 kB
PageTables:       146168 kB
NFS_Unstable:          0 kB
Bounce:                0 kB
WritebackTmp:          0 kB
CommitLimit:    16395828 kB
Committed_AS:   18794516 kB
VmallocTotal:   34359738367 kB
VmallocUsed:       67896 kB
VmallocChunk:          0 kB
Percpu:             2704 kB
HardwareCorrupted:     0 kB
AnonHugePages:         0 kB
ShmemHugePages:        0 kB
ShmemPmdMapped:        0 kB
FileHugePages:         0 kB
FilePmdMapped:         0 kB
HugePages_Total:       0
HugePages_Free:        0
HugePages_Rsvd:        0
HugePages_Surp:        0
Hugepagesize:       2048 kB
Hugetlb:               0 kB
DirectMap4k:     2942828 kB
DirectMap2M:    13441024 kB

/sys/kernel/mm/transparent_hugepage/enabled: always madvise [never]
/sys/kernel/mm/transparent_hugepage/hpage_pmd_size: 2097152
/sys/kernel/mm/transparent_hugepage/defrag (defrag/compaction efforts parameter): always defer defer+madvise [madvise] never

Process Memory:
Virtual Size: 996416K (peak: 999468K)
Resident Set Size: 161772K (peak: 162872K) (anon: 128364K, file: 33408K, shmem: 0K)
Swapped out: 0K
C-Heap outstanding allocations: 21340K, retained: 64599K
glibc malloc tunables: (default)

/proc/sys/kernel/threads-max (system-wide limit on the number of threads): 123991
/proc/sys/vm/max_map_count (maximum number of memory map areas a process may have): 1677720
/proc/sys/kernel/pid_max (system-wide limit on number of process identifiers): 4194304

container (cgroup) information:
container_type: cgroupv1
cpu_cpuset_cpus: 0-3
cpu_memory_nodes: 0
active_processor_count: 4
cpu_quota: no quota
cpu_period: 100000
cpu_shares: no shares
memory_limit_in_bytes: unlimited
memory_and_swap_limit_in_bytes: unlimited
memory_soft_limit_in_bytes: unlimited
memory_usage_in_bytes: 11440128 k
memory_max_usage_in_bytes: 14783012 k
kernel_memory_usage_in_bytes: 337100 k
kernel_memory_max_usage_in_bytes: unlimited
kernel_memory_limit_in_bytes: 985464 k
maximum number of tasks: unlimited
current number of tasks: 556

KVM virtualization detected
Steal ticks since vm start: 4
Steal ticks percentage since vm start:  0.000

CPU: total 4 (initial active 4) (1 cores per cpu, 1 threads per core) family 6 model 60 stepping 1 microcode 0x1, cx8, cmov, fxsr, mmx, sse, sse2, sse3, ssse3, sse4.1, sse4.2, popcnt, lzcnt, tsc, avx, avx2, aes, erms, clmul, bmi1, bmi2, fma, vzeroupper, clflush, hv
CPU Model and flags from /proc/cpuinfo:
model name	: Intel Core Processor (Haswell, no TSX)
flags		: fpu vme de pse tsc msr pae mce cx8 apic sep mtrr pge mca cmov pat pse36 clflush mmx fxsr sse sse2 syscall nx rdtscp lm constant_tsc rep_good nopl xtopology cpuid tsc_known_freq pni pclmulqdq vmx ssse3 fma cx16 pcid sse4_1 sse4_2 x2apic movbe popcnt tsc_deadline_timer aes xsave avx f16c rdrand hypervisor lahf_lm abm cpuid_fault invpcid_single pti tpr_shadow vnmi flexpriority ept vpid ept_ad fsgsbase bmi1 avx2 smep bmi2 erms invpcid xsaveopt arat md_clear

Online cpus: 0-3
Offline cpus: 
BIOS frequency limitation: <Not Available>
Frequency switch latency (ns): <Not Available>
Available cpu frequencies: <Not Available>
Current governor: <Not Available>
Core performance/turbo boost: <Not Available>

Memory: 4k page, physical 16014448k(2544284k free), swap 8388604k(8388604k free)
Page Sizes: 4k

vm_info: OpenJDK Server VM (17.0.11+9-LTS) for linux-x86 JRE (17.0.11+9-LTS) (Zulu17.50+19-CA), built on Apr  9 2024 07:14:46 by "zulu_re" with gcc 8.3.0

END.
