#
# A fatal error has been detected by the Java Runtime Environment:
#
#  SIGSEGV (0xb) at pc=0xf78aa618, pid=1422084, tid=1422084
#
# JRE version: OpenJDK Runtime Environment Zulu17.50+19-CA (17.0.11+9) (build 17.0.11+9-LTS)
# Java VM: OpenJDK Server VM Zulu17.50+19-CA (17.0.11+9-LTS, mixed mode, sharing, tiered, g1 gc, linux-x86)
# Problematic frame:
# C  [libc.so.6+0x84618]  cfree+0x28
#
# Core dump will be written. Default location: Core dumps may be processed with "/usr/lib/systemd/systemd-coredump %P %u %g %s %t %c %h %e" (or dumping to /home/almalinux/swg-returns-nge/exe/linux/core.1422084)
#
# If you would like to submit a bug report, please visit:
#   http://www.azul.com/support/
#

---------------  S U M M A R Y ------------

Command Line: -Xms128m -Xmx512m -Xss768k -XX:MaxMetaspaceSize=96m -Xrs -XX:-UsePerfData -XX:-AllowUserSignalHandlers -XX:UseSSE=3 -XX+DoEscapeAnalysis -XX:AutoBoxCacheMax:2000 -XX:+OptimizeStringConcat -XX:+OptimizeFill -XX:+EliminateAutoBox -XX:+UseCompressedStrings -XX:+UseCompressedOops -XX:+EliminateLocks -XX:UseFastAccessorMethods -XX:+UseStringCache -XgcPrio:throughput -XXkeepAreaRatio:1 -XXlazyUnlocking -XXcallProfiling -XXcompactRatio:1 

Host: Intel Core Processor (Haswell, no TSX), 4 cores, 15G, AlmaLinux release 8.10 (Cerulean Leopard)
Time: Sun Jan 25 20:16:04 2026 UTC elapsed time: 25.101340 seconds (0d 0h 0m 25s)

---------------  T H R E A D  ---------------

Current thread is native thread

Stack: [0xffd22000,0xffde2000],  sp=0xffdded70,  free space=755k
Native frames: (J=compiled Java code, j=interpreted, Vv=VM code, C=native code)
C  [libc.so.6+0x84618]  cfree+0x28


siginfo: si_signo: 11 (SIGSEGV), si_code: 1 (SEGV_MAPERR), si_addr: 0x00000003

Registers:
EAX=0x00000000, EBX=0x00000007, ECX=0xf6ee884c, EDX=0x0a812e78
ESP=0xffdded70, EBP=0xffddeea8, ESI=0xf79cb000, EDI=0x00000000
EIP=0xf78aa618, EFLAGS=0x00210202, CR2=0x0000000000000003


Top of Stack: (sp=0xffdded70)
0xffdded70:   0a496020 00000000 ffddeea8 f7b37f1c
0xffdded80:   0a4960b0 f7c4ea04 0a812e50 f7b37f1c
0xffdded90:   00000007 f7b37f0a f7c4ea04 f7b37f4c
0xffddeda0:   0a4960b0 f7b37f0a 0a816bf0 085b6163
0xffddedb0:   00000007 0a496020 0a495d30 085bb8d1
0xffddedc0:   0a496020 0a495d30 00000000 085bb89b
0xffddedd0:   0bcab860 ffddedf7 ffddee1c 085c6969
0xffddede0:   087d6c00 ffddee1c ffddeea8 084fc53b
0xffddedf0:   00000014 00010002 00000000 00000000
0xffddee00:   01010100 00000001 09aa44c0 00000000
0xffddee10:   00000000 00000000 00000000 00000000
0xffddee20:   00000000 00000015 ffddef78 f785b6ff
0xffddee30:   f79cb41c 47677753 53656d61 65767265
0xffddee40:   34313a72 38303232 09290034 0a7f8210
0xffddee50:   08ea0100 08ebc230 08ea5888 f79cb41c
0xffddee60:   00000428 00000420 f785b779 085758fd
0xffddee70:   08ea2a80 09b1ea78 08ea5888 08574f56
0xffddee80:   0929a2c4 0929a2c4 ffddef78 08ea583b
0xffddee90:   0000000c ffddef44 ffddeec0 f79cb000
0xffddeea0:   00000000 08575910 00000000 f7843f26
0xffddeeb0:   00000000 08575910 00000000 f7843f26
0xffddeec0:   0000000c ffddef44 ffddef78 ffddeee4
0xffddeed0:   0929a2d0 00000000 ffddef78 f79cb000
0xffddeee0:   f783375c f79cb000 00000000 08575910
0xffddeef0:   00000000 c21ec669 71be8e79 00000000
0xffddef00:   00000000 00000000 f7f4a4d0 f7843e30
0xffddef10:   084fc260 0929a2c4 0000000c 08575946
0xffddef20:   084fc260 0000000c ffddef44 08ea57f0
0xffddef30:   08ea5850 f7f4a4d0 ffddef3c f7f77970
0xffddef40:   0000000c ffde0618 ffde062a ffde062d
0xffddef50:   ffde063f ffde0642 ffde064d ffde0671
0xffddef60:   ffde0681 ffde069f ffde06cd ffde06d0 

Instructions: (pc=0xf78aa618)
0xf78aa518:   50 8d 96 86 f7 fa ff 8d 86 d0 2f fb ff e8 c6 b7
0xf78aa528:   ff ff 8d b6 00 00 00 00 bb 20 00 00 00 e9 5e fe
0xf78aa538:   ff ff e8 a1 c0 ff ff 89 c5 85 c0 0f 85 68 ff ff
0xf78aa548:   ff 31 d2 8d 44 3b 10 e8 8c c1 ff ff 89 da 89 f9
0xf78aa558:   89 c5 e8 11 f0 ff ff 89 c2 85 c0 75 1b 85 ed 74
0xf78aa568:   17 90 89 fa 89 e8 e8 bd c5 ff ff 89 da 89 f9 89
0xf78aa578:   c5 e8 f2 ef ff ff 89 c2 85 ed 0f 84 57 ff ff ff
0xf78aa588:   e9 39 ff ff ff 8d 86 b8 31 fb ff 83 ec 0c b9 25
0xf78aa598:   0d 00 00 50 8d 96 86 f7 fa ff 8d 86 74 2f fb ff
0xf78aa5a8:   e8 43 b7 ff ff 8d 76 00 f3 0f 1e fb e8 0a 9a f9
0xf78aa5b8:   ff 05 47 0a 12 00 56 53 83 ec 04 8b 5c 24 10 8b
0xf78aa5c8:   74 24 14 8b 80 50 ff ff ff c7 00 00 00 00 00 e8
0xf78aa5d8:   54 bb ff ff 8b 4c 24 0c 83 c4 04 89 f2 89 d8 5b
0xf78aa5e8:   5e e9 42 fd ff ff 66 90 f3 0f 1e fb 56 e8 9a 9b
0xf78aa5f8:   f9 ff 81 c6 06 0a 12 00 53 83 ec 14 8b 5c 24 20
0xf78aa608:   8b 86 5c ff ff ff 8b 00 85 c0 75 6c 85 db 74 75
0xf78aa618:   8b 4b fc 8d 53 f8 f6 c1 02 75 35 8b 86 70 fe ff
0xf78aa628:   ff 65 8b 00 85 c0 0f 84 8c 00 00 00 83 e1 04 8d
0xf78aa638:   86 60 07 00 00 74 09 89 d0 25 00 00 f0 ff 8b 00
0xf78aa648:   83 c4 14 31 c9 5b 5e e9 8c cb ff ff 8d 74 26 00
0xf78aa658:   8b 9e 60 01 00 00 85 db 75 10 3b 8e 48 01 00 00
0xf78aa668:   76 08 81 f9 00 00 08 00 76 26 83 c4 14 89 d0 5b
0xf78aa678:   5e e9 92 b8 ff ff 66 90 83 ec 08 ff 74 24 24 53
0xf78aa688:   ff d0 83 c4 10 83 c4 14 5b 5e c3 8d 74 26 00 90
0xf78aa698:   39 96 80 1d 00 00 77 08 39 96 7c 1d 00 00 77 ca
0xf78aa6a8:   83 e1 f8 8d 04 09 89 8e 48 01 00 00 89 86 40 01
0xf78aa6b8:   00 00 90 eb b5 8d 76 00 8b 86 74 fe ff ff 65 80
0xf78aa6c8:   38 00 0f 85 64 ff ff ff 89 54 24 0c e8 97 ed ff
0xf78aa6d8:   ff 8b 4b fc 8b 54 24 0c e9 4f ff ff ff 8d b4 26
0xf78aa6e8:   00 00 00 00 8d 74 26 00 f3 0f 1e fb 55 57 56 e8
0xf78aa6f8:   98 9a f9 ff 81 c6 04 09 12 00 53 83 ec 0c 8b 86
0xf78aa708:   70 fe ff ff 8b 96 74 fe ff ff 65 8b 28 65 c6 02 



---------------  P R O C E S S  ---------------

VM state: at safepoint (shutting down)

VM Mutex/Monitor currently owned by a thread:  ([mutex/lock_event])
[0xf5e21d30] Threads_lock - owner thread: 0xc4294cf0

GC Precious Log:
<Skipped>

Heap:
 garbage-first heap   total 131072K, used 2931K [0xc5c00000, 0xe5c00000)
  region size 1024K, 3 young (3072K), 0 survivors (0K)
 Metaspace       used 1083K, committed 1152K, reserved 16384K

Heap Regions: E=young(eden), S=young(survivor), O=old, HS=humongous(starts), HC=humongous(continues), CS=collection set, F=free, OA=open archive, CA=closed archive, TAMS=top-at-mark-start (previous, next)
|   0|0xc5c00000, 0xc5c00000, 0xc5d00000|  0%| F|  |TAMS 0xc5c00000, 0xc5c00000| Untracked 
|   1|0xc5d00000, 0xc5d00000, 0xc5e00000|  0%| F|  |TAMS 0xc5d00000, 0xc5d00000| Untracked 
|   2|0xc5e00000, 0xc5e00000, 0xc5f00000|  0%| F|  |TAMS 0xc5e00000, 0xc5e00000| Untracked 
|   3|0xc5f00000, 0xc5f00000, 0xc6000000|  0%| F|  |TAMS 0xc5f00000, 0xc5f00000| Untracked 
|   4|0xc6000000, 0xc6000000, 0xc6100000|  0%| F|  |TAMS 0xc6000000, 0xc6000000| Untracked 
|   5|0xc6100000, 0xc6100000, 0xc6200000|  0%| F|  |TAMS 0xc6100000, 0xc6100000| Untracked 
|   6|0xc6200000, 0xc6200000, 0xc6300000|  0%| F|  |TAMS 0xc6200000, 0xc6200000| Untracked 
|   7|0xc6300000, 0xc6300000, 0xc6400000|  0%| F|  |TAMS 0xc6300000, 0xc6300000| Untracked 
|   8|0xc6400000, 0xc6400000, 0xc6500000|  0%| F|  |TAMS 0xc6400000, 0xc6400000| Untracked 
|   9|0xc6500000, 0xc6500000, 0xc6600000|  0%| F|  |TAMS 0xc6500000, 0xc6500000| Untracked 
|  10|0xc6600000, 0xc6600000, 0xc6700000|  0%| F|  |TAMS 0xc6600000, 0xc6600000| Untracked 
|  11|0xc6700000, 0xc6700000, 0xc6800000|  0%| F|  |TAMS 0xc6700000, 0xc6700000| Untracked 
|  12|0xc6800000, 0xc6800000, 0xc6900000|  0%| F|  |TAMS 0xc6800000, 0xc6800000| Untracked 
|  13|0xc6900000, 0xc6900000, 0xc6a00000|  0%| F|  |TAMS 0xc6900000, 0xc6900000| Untracked 
|  14|0xc6a00000, 0xc6a00000, 0xc6b00000|  0%| F|  |TAMS 0xc6a00000, 0xc6a00000| Untracked 
|  15|0xc6b00000, 0xc6b00000, 0xc6c00000|  0%| F|  |TAMS 0xc6b00000, 0xc6b00000| Untracked 
|  16|0xc6c00000, 0xc6c00000, 0xc6d00000|  0%| F|  |TAMS 0xc6c00000, 0xc6c00000| Untracked 
|  17|0xc6d00000, 0xc6d00000, 0xc6e00000|  0%| F|  |TAMS 0xc6d00000, 0xc6d00000| Untracked 
|  18|0xc6e00000, 0xc6e00000, 0xc6f00000|  0%| F|  |TAMS 0xc6e00000, 0xc6e00000| Untracked 
|  19|0xc6f00000, 0xc6f00000, 0xc7000000|  0%| F|  |TAMS 0xc6f00000, 0xc6f00000| Untracked 
|  20|0xc7000000, 0xc7000000, 0xc7100000|  0%| F|  |TAMS 0xc7000000, 0xc7000000| Untracked 
|  21|0xc7100000, 0xc7100000, 0xc7200000|  0%| F|  |TAMS 0xc7100000, 0xc7100000| Untracked 
|  22|0xc7200000, 0xc7200000, 0xc7300000|  0%| F|  |TAMS 0xc7200000, 0xc7200000| Untracked 
|  23|0xc7300000, 0xc7300000, 0xc7400000|  0%| F|  |TAMS 0xc7300000, 0xc7300000| Untracked 
|  24|0xc7400000, 0xc7400000, 0xc7500000|  0%| F|  |TAMS 0xc7400000, 0xc7400000| Untracked 
|  25|0xc7500000, 0xc7500000, 0xc7600000|  0%| F|  |TAMS 0xc7500000, 0xc7500000| Untracked 
|  26|0xc7600000, 0xc7600000, 0xc7700000|  0%| F|  |TAMS 0xc7600000, 0xc7600000| Untracked 
|  27|0xc7700000, 0xc7700000, 0xc7800000|  0%| F|  |TAMS 0xc7700000, 0xc7700000| Untracked 
|  28|0xc7800000, 0xc7800000, 0xc7900000|  0%| F|  |TAMS 0xc7800000, 0xc7800000| Untracked 
|  29|0xc7900000, 0xc7900000, 0xc7a00000|  0%| F|  |TAMS 0xc7900000, 0xc7900000| Untracked 
|  30|0xc7a00000, 0xc7a00000, 0xc7b00000|  0%| F|  |TAMS 0xc7a00000, 0xc7a00000| Untracked 
|  31|0xc7b00000, 0xc7b00000, 0xc7c00000|  0%| F|  |TAMS 0xc7b00000, 0xc7b00000| Untracked 
|  32|0xc7c00000, 0xc7c00000, 0xc7d00000|  0%| F|  |TAMS 0xc7c00000, 0xc7c00000| Untracked 
|  33|0xc7d00000, 0xc7d00000, 0xc7e00000|  0%| F|  |TAMS 0xc7d00000, 0xc7d00000| Untracked 
|  34|0xc7e00000, 0xc7e00000, 0xc7f00000|  0%| F|  |TAMS 0xc7e00000, 0xc7e00000| Untracked 
|  35|0xc7f00000, 0xc7f00000, 0xc8000000|  0%| F|  |TAMS 0xc7f00000, 0xc7f00000| Untracked 
|  36|0xc8000000, 0xc8000000, 0xc8100000|  0%| F|  |TAMS 0xc8000000, 0xc8000000| Untracked 
|  37|0xc8100000, 0xc8100000, 0xc8200000|  0%| F|  |TAMS 0xc8100000, 0xc8100000| Untracked 
|  38|0xc8200000, 0xc8200000, 0xc8300000|  0%| F|  |TAMS 0xc8200000, 0xc8200000| Untracked 
|  39|0xc8300000, 0xc8300000, 0xc8400000|  0%| F|  |TAMS 0xc8300000, 0xc8300000| Untracked 
|  40|0xc8400000, 0xc8400000, 0xc8500000|  0%| F|  |TAMS 0xc8400000, 0xc8400000| Untracked 
|  41|0xc8500000, 0xc8500000, 0xc8600000|  0%| F|  |TAMS 0xc8500000, 0xc8500000| Untracked 
|  42|0xc8600000, 0xc8600000, 0xc8700000|  0%| F|  |TAMS 0xc8600000, 0xc8600000| Untracked 
|  43|0xc8700000, 0xc8700000, 0xc8800000|  0%| F|  |TAMS 0xc8700000, 0xc8700000| Untracked 
|  44|0xc8800000, 0xc8800000, 0xc8900000|  0%| F|  |TAMS 0xc8800000, 0xc8800000| Untracked 
|  45|0xc8900000, 0xc8900000, 0xc8a00000|  0%| F|  |TAMS 0xc8900000, 0xc8900000| Untracked 
|  46|0xc8a00000, 0xc8a00000, 0xc8b00000|  0%| F|  |TAMS 0xc8a00000, 0xc8a00000| Untracked 
|  47|0xc8b00000, 0xc8b00000, 0xc8c00000|  0%| F|  |TAMS 0xc8b00000, 0xc8b00000| Untracked 
|  48|0xc8c00000, 0xc8c00000, 0xc8d00000|  0%| F|  |TAMS 0xc8c00000, 0xc8c00000| Untracked 
|  49|0xc8d00000, 0xc8d00000, 0xc8e00000|  0%| F|  |TAMS 0xc8d00000, 0xc8d00000| Untracked 
|  50|0xc8e00000, 0xc8e00000, 0xc8f00000|  0%| F|  |TAMS 0xc8e00000, 0xc8e00000| Untracked 
|  51|0xc8f00000, 0xc8f00000, 0xc9000000|  0%| F|  |TAMS 0xc8f00000, 0xc8f00000| Untracked 
|  52|0xc9000000, 0xc9000000, 0xc9100000|  0%| F|  |TAMS 0xc9000000, 0xc9000000| Untracked 
|  53|0xc9100000, 0xc9100000, 0xc9200000|  0%| F|  |TAMS 0xc9100000, 0xc9100000| Untracked 
|  54|0xc9200000, 0xc9200000, 0xc9300000|  0%| F|  |TAMS 0xc9200000, 0xc9200000| Untracked 
|  55|0xc9300000, 0xc9300000, 0xc9400000|  0%| F|  |TAMS 0xc9300000, 0xc9300000| Untracked 
|  56|0xc9400000, 0xc9400000, 0xc9500000|  0%| F|  |TAMS 0xc9400000, 0xc9400000| Untracked 
|  57|0xc9500000, 0xc9500000, 0xc9600000|  0%| F|  |TAMS 0xc9500000, 0xc9500000| Untracked 
|  58|0xc9600000, 0xc9600000, 0xc9700000|  0%| F|  |TAMS 0xc9600000, 0xc9600000| Untracked 
|  59|0xc9700000, 0xc9700000, 0xc9800000|  0%| F|  |TAMS 0xc9700000, 0xc9700000| Untracked 
|  60|0xc9800000, 0xc9800000, 0xc9900000|  0%| F|  |TAMS 0xc9800000, 0xc9800000| Untracked 
|  61|0xc9900000, 0xc9900000, 0xc9a00000|  0%| F|  |TAMS 0xc9900000, 0xc9900000| Untracked 
|  62|0xc9a00000, 0xc9a00000, 0xc9b00000|  0%| F|  |TAMS 0xc9a00000, 0xc9a00000| Untracked 
|  63|0xc9b00000, 0xc9b00000, 0xc9c00000|  0%| F|  |TAMS 0xc9b00000, 0xc9b00000| Untracked 
|  64|0xc9c00000, 0xc9c00000, 0xc9d00000|  0%| F|  |TAMS 0xc9c00000, 0xc9c00000| Untracked 
|  65|0xc9d00000, 0xc9d00000, 0xc9e00000|  0%| F|  |TAMS 0xc9d00000, 0xc9d00000| Untracked 
|  66|0xc9e00000, 0xc9e00000, 0xc9f00000|  0%| F|  |TAMS 0xc9e00000, 0xc9e00000| Untracked 
|  67|0xc9f00000, 0xc9f00000, 0xca000000|  0%| F|  |TAMS 0xc9f00000, 0xc9f00000| Untracked 
|  68|0xca000000, 0xca000000, 0xca100000|  0%| F|  |TAMS 0xca000000, 0xca000000| Untracked 
|  69|0xca100000, 0xca100000, 0xca200000|  0%| F|  |TAMS 0xca100000, 0xca100000| Untracked 
|  70|0xca200000, 0xca200000, 0xca300000|  0%| F|  |TAMS 0xca200000, 0xca200000| Untracked 
|  71|0xca300000, 0xca300000, 0xca400000|  0%| F|  |TAMS 0xca300000, 0xca300000| Untracked 
|  72|0xca400000, 0xca400000, 0xca500000|  0%| F|  |TAMS 0xca400000, 0xca400000| Untracked 
|  73|0xca500000, 0xca500000, 0xca600000|  0%| F|  |TAMS 0xca500000, 0xca500000| Untracked 
|  74|0xca600000, 0xca600000, 0xca700000|  0%| F|  |TAMS 0xca600000, 0xca600000| Untracked 
|  75|0xca700000, 0xca700000, 0xca800000|  0%| F|  |TAMS 0xca700000, 0xca700000| Untracked 
|  76|0xca800000, 0xca800000, 0xca900000|  0%| F|  |TAMS 0xca800000, 0xca800000| Untracked 
|  77|0xca900000, 0xca900000, 0xcaa00000|  0%| F|  |TAMS 0xca900000, 0xca900000| Untracked 
|  78|0xcaa00000, 0xcaa00000, 0xcab00000|  0%| F|  |TAMS 0xcaa00000, 0xcaa00000| Untracked 
|  79|0xcab00000, 0xcab00000, 0xcac00000|  0%| F|  |TAMS 0xcab00000, 0xcab00000| Untracked 
|  80|0xcac00000, 0xcac00000, 0xcad00000|  0%| F|  |TAMS 0xcac00000, 0xcac00000| Untracked 
|  81|0xcad00000, 0xcad00000, 0xcae00000|  0%| F|  |TAMS 0xcad00000, 0xcad00000| Untracked 
|  82|0xcae00000, 0xcae00000, 0xcaf00000|  0%| F|  |TAMS 0xcae00000, 0xcae00000| Untracked 
|  83|0xcaf00000, 0xcaf00000, 0xcb000000|  0%| F|  |TAMS 0xcaf00000, 0xcaf00000| Untracked 
|  84|0xcb000000, 0xcb000000, 0xcb100000|  0%| F|  |TAMS 0xcb000000, 0xcb000000| Untracked 
|  85|0xcb100000, 0xcb100000, 0xcb200000|  0%| F|  |TAMS 0xcb100000, 0xcb100000| Untracked 
|  86|0xcb200000, 0xcb200000, 0xcb300000|  0%| F|  |TAMS 0xcb200000, 0xcb200000| Untracked 
|  87|0xcb300000, 0xcb300000, 0xcb400000|  0%| F|  |TAMS 0xcb300000, 0xcb300000| Untracked 
|  88|0xcb400000, 0xcb400000, 0xcb500000|  0%| F|  |TAMS 0xcb400000, 0xcb400000| Untracked 
|  89|0xcb500000, 0xcb500000, 0xcb600000|  0%| F|  |TAMS 0xcb500000, 0xcb500000| Untracked 
|  90|0xcb600000, 0xcb600000, 0xcb700000|  0%| F|  |TAMS 0xcb600000, 0xcb600000| Untracked 
|  91|0xcb700000, 0xcb700000, 0xcb800000|  0%| F|  |TAMS 0xcb700000, 0xcb700000| Untracked 
|  92|0xcb800000, 0xcb800000, 0xcb900000|  0%| F|  |TAMS 0xcb800000, 0xcb800000| Untracked 
|  93|0xcb900000, 0xcb900000, 0xcba00000|  0%| F|  |TAMS 0xcb900000, 0xcb900000| Untracked 
|  94|0xcba00000, 0xcba00000, 0xcbb00000|  0%| F|  |TAMS 0xcba00000, 0xcba00000| Untracked 
|  95|0xcbb00000, 0xcbb00000, 0xcbc00000|  0%| F|  |TAMS 0xcbb00000, 0xcbb00000| Untracked 
|  96|0xcbc00000, 0xcbc00000, 0xcbd00000|  0%| F|  |TAMS 0xcbc00000, 0xcbc00000| Untracked 
|  97|0xcbd00000, 0xcbd00000, 0xcbe00000|  0%| F|  |TAMS 0xcbd00000, 0xcbd00000| Untracked 
|  98|0xcbe00000, 0xcbe00000, 0xcbf00000|  0%| F|  |TAMS 0xcbe00000, 0xcbe00000| Untracked 
|  99|0xcbf00000, 0xcbf00000, 0xcc000000|  0%| F|  |TAMS 0xcbf00000, 0xcbf00000| Untracked 
| 100|0xcc000000, 0xcc000000, 0xcc100000|  0%| F|  |TAMS 0xcc000000, 0xcc000000| Untracked 
| 101|0xcc100000, 0xcc100000, 0xcc200000|  0%| F|  |TAMS 0xcc100000, 0xcc100000| Untracked 
| 102|0xcc200000, 0xcc200000, 0xcc300000|  0%| F|  |TAMS 0xcc200000, 0xcc200000| Untracked 
| 103|0xcc300000, 0xcc300000, 0xcc400000|  0%| F|  |TAMS 0xcc300000, 0xcc300000| Untracked 
| 104|0xcc400000, 0xcc400000, 0xcc500000|  0%| F|  |TAMS 0xcc400000, 0xcc400000| Untracked 
| 105|0xcc500000, 0xcc500000, 0xcc600000|  0%| F|  |TAMS 0xcc500000, 0xcc500000| Untracked 
| 106|0xcc600000, 0xcc600000, 0xcc700000|  0%| F|  |TAMS 0xcc600000, 0xcc600000| Untracked 
| 107|0xcc700000, 0xcc700000, 0xcc800000|  0%| F|  |TAMS 0xcc700000, 0xcc700000| Untracked 
| 108|0xcc800000, 0xcc800000, 0xcc900000|  0%| F|  |TAMS 0xcc800000, 0xcc800000| Untracked 
| 109|0xcc900000, 0xcc900000, 0xcca00000|  0%| F|  |TAMS 0xcc900000, 0xcc900000| Untracked 
| 110|0xcca00000, 0xcca00000, 0xccb00000|  0%| F|  |TAMS 0xcca00000, 0xcca00000| Untracked 
| 111|0xccb00000, 0xccb00000, 0xccc00000|  0%| F|  |TAMS 0xccb00000, 0xccb00000| Untracked 
| 112|0xccc00000, 0xccc00000, 0xccd00000|  0%| F|  |TAMS 0xccc00000, 0xccc00000| Untracked 
| 113|0xccd00000, 0xccd00000, 0xcce00000|  0%| F|  |TAMS 0xccd00000, 0xccd00000| Untracked 
| 114|0xcce00000, 0xcce00000, 0xccf00000|  0%| F|  |TAMS 0xcce00000, 0xcce00000| Untracked 
| 115|0xccf00000, 0xccf00000, 0xcd000000|  0%| F|  |TAMS 0xccf00000, 0xccf00000| Untracked 
| 116|0xcd000000, 0xcd000000, 0xcd100000|  0%| F|  |TAMS 0xcd000000, 0xcd000000| Untracked 
| 117|0xcd100000, 0xcd100000, 0xcd200000|  0%| F|  |TAMS 0xcd100000, 0xcd100000| Untracked 
| 118|0xcd200000, 0xcd200000, 0xcd300000|  0%| F|  |TAMS 0xcd200000, 0xcd200000| Untracked 
| 119|0xcd300000, 0xcd300000, 0xcd400000|  0%| F|  |TAMS 0xcd300000, 0xcd300000| Untracked 
| 120|0xcd400000, 0xcd400000, 0xcd500000|  0%| F|  |TAMS 0xcd400000, 0xcd400000| Untracked 
| 121|0xcd500000, 0xcd500000, 0xcd600000|  0%| F|  |TAMS 0xcd500000, 0xcd500000| Untracked 
| 122|0xcd600000, 0xcd600000, 0xcd700000|  0%| F|  |TAMS 0xcd600000, 0xcd600000| Untracked 
| 123|0xcd700000, 0xcd700000, 0xcd800000|  0%| F|  |TAMS 0xcd700000, 0xcd700000| Untracked 
| 124|0xcd800000, 0xcd800000, 0xcd900000|  0%| F|  |TAMS 0xcd800000, 0xcd800000| Untracked 
| 125|0xcd900000, 0xcd9dd968, 0xcda00000| 86%| E|  |TAMS 0xcd900000, 0xcd900000| Complete 
| 126|0xcda00000, 0xcdaff5c0, 0xcdb00000| 99%| E|  |TAMS 0xcda00000, 0xcda00000| Complete 
| 127|0xcdb00000, 0xcdc00000, 0xcdc00000|100%| E|CS|TAMS 0xcdb00000, 0xcdb00000| Complete 

Card table byte_map: [0xc5a00000,0xc5b00000] _byte_map_base: 0xc53d2000

Marking Bits (Prev, Next): (CMBitMap*) 0xf5e8b528, (CMBitMap*) 0xf5e8b548
 Prev Bits: [0xc5100000, 0xc5900000)
 Next Bits: [0xc4900000, 0xc5100000)

Polling page: 0xf7f3c000

Metaspace:

Usage:
    1.06 MB used.

Virtual space:
     16.00 MB reserved,       1.12 MB (  7%) committed,  1 nodes.

Chunk freelists:
11.08 MB

MaxMetaspaceSize: 96.00 MB
No class space
Initial GC threshold: 16.00 MB
Current GC threshold: 16.00 MB
CDS: on
MetaspaceReclaimPolicy: balanced
 - commit_granule_bytes: 65536.
 - commit_granule_words: 16384.
 - virtual_space_node_default_size: 4194304.
 - enlarge_chunks_in_place: 1.
 - new_chunks_are_fully_committed: 0.
 - uncommit_free_chunks: 1.
 - use_allocation_guard: 0.
 - handle_deallocations: 1.


Internal statistics:

num_allocs_failed_limit: 0.
num_arena_births: 2.
num_arena_deaths: 0.
num_vsnodes_births: 1.
num_vsnodes_deaths: 0.
num_space_committed: 18.
num_space_uncommitted: 0.
num_chunks_returned_to_freelist: 0.
num_chunks_taken_from_freelist: 31.
num_chunk_merges: 0.
num_chunk_splits: 30.
num_chunks_enlarged: 29.
num_inconsistent_stats: 0.

CodeHeap 'non-profiled nmethods': size=120172Kb used=22Kb max_used=22Kb free=120149Kb
 bounds [0xed7f5000, 0xeda35000, 0xf4d50000]
CodeHeap 'profiled nmethods': size=120172Kb used=106Kb max_used=106Kb free=120065Kb
 bounds [0xe5d50000, 0xe5f90000, 0xed2ab000]
CodeHeap 'non-nmethods': size=5416Kb used=708Kb max_used=708Kb free=4707Kb
 bounds [0xed2ab000, 0xed4eb000, 0xed7f5000]
 total_blobs=415 nmethods=105 adapters=224
 compilation: enabled
              stopped_count=0, restarted_count=0
 full_count=0

Compilation events (20 events):
Event: 2.845 Thread 0xc42a0580   94       1       java.net.URL::getQuery (5 bytes)
Event: 2.845 Thread 0xc42a0580 nmethod 94 0xed7f9e88 code [0xed7f9fa0, 0xed7fa060]
Event: 2.845 Thread 0xc42a0580   95       1       java.net.URL::getRef (5 bytes)
Event: 2.845 Thread 0xc42a0580 nmethod 95 0xed7fa188 code [0xed7fa2a0, 0xed7fa360]
Event: 2.863 Thread 0xc429f450   97       4       java.lang.String::length (11 bytes)
Event: 2.864 Thread 0xc429f450 nmethod 97 0xed7fa488 code [0xed7fa5a0, 0xed7fa630]
Event: 2.867 Thread 0xc42a0580   98       3       jdk.internal.misc.Unsafe::putReferenceRelease (9 bytes)
Event: 2.867 Thread 0xc42a0580 nmethod 98 0xe5d68408 code [0xe5d68540, 0xe5d686a0]
Event: 2.867 Thread 0xc42a0580  100       3       java.util.concurrent.ConcurrentHashMap::setTabAt (20 bytes)
Event: 2.867 Thread 0xc42a0580 nmethod 100 0xe5d68708 code [0xe5d68840, 0xe5d68a0c]
Event: 2.868 Thread 0xc42a0580  101       3       java.util.concurrent.ConcurrentHashMap::get (162 bytes)
Event: 2.868 Thread 0xc42a0580 nmethod 101 0xe5d68a88 code [0xe5d68c80, 0xe5d6959c]
Event: 2.868 Thread 0xc42a0580  102       3       java.lang.StringBuilder::<init> (7 bytes)
Event: 2.868 Thread 0xc42a0580 nmethod 102 0xe5d69888 code [0xe5d699c0, 0xe5d69aec]
Event: 2.878 Thread 0xc42a0580  103       3       java.lang.AbstractStringBuilder::<init> (39 bytes)
Event: 2.878 Thread 0xc42a0580 nmethod 103 0xe5d69b88 code [0xe5d69cc0, 0xe5d69f20]
Event: 2.878 Thread 0xc42a0580  104       3       java.lang.StringBuilder::toString (35 bytes)
Event: 2.878 Thread 0xc42a0580 nmethod 104 0xe5d6a008 code [0xe5d6a160, 0xe5d6a3b8]
Event: 2.900 Thread 0xc42a0580  105       3       java.lang.String::endsWith (15 bytes)
Event: 2.901 Thread 0xc42a0580 nmethod 105 0xe5d6a488 code [0xe5d6a5e0, 0xe5d6a8ac]

GC Heap History (0 events):
No events

Dll operation events (1 events):
Event: 0.427 Loaded shared library /usr/lib/jvm/java-17-zulu-openjdk-jdk-x86/lib/libjava.so

Deoptimization events (0 events):
No events

Classes unloaded (0 events):
No events

Classes redefined (0 events):
No events

Internal exceptions (0 events):
No events

VM Operations (4 events):
Event: 2.110 Executing VM operation: Cleanup
Event: 2.168 Executing VM operation: Cleanup done
Event: 3.168 Executing VM operation: Cleanup
Event: 3.168 Executing VM operation: Cleanup done

Events (20 events):
Event: 2.490 loading class java/lang/IndexOutOfBoundsException
Event: 2.490 loading class java/lang/IndexOutOfBoundsException done
Event: 2.491 loading class java/util/Stack
Event: 2.491 loading class java/util/Vector
Event: 2.491 loading class java/util/Vector done
Event: 2.491 loading class java/util/Stack done
Event: 2.494 loading class java/lang/InterruptedException
Event: 2.494 loading class java/lang/InterruptedException done
Event: 2.494 Protecting memory [0xc17fe000,0xc1802000] with protection modes 0
Event: 2.628 Thread 0x0bb29400 Thread added: 0x0bb29400
Event: 2.629 loading class java/io/FileNotFoundException
Event: 2.629 loading class java/io/FileNotFoundException done
Event: 2.629 loading class java/lang/ClassFormatError
Event: 2.629 loading class java/lang/ClassFormatError done
Event: 2.638 Protecting memory [0xc173d000,0xc1741000] with protection modes 0
Event: 2.778 loading class java/lang/CloneNotSupportedException
Event: 2.787 loading class java/lang/CloneNotSupportedException done
Event: 14.828 Thread 0x0bb218f0 Thread exited: 0x0bb218f0
Event: 14.856 Thread 0xf5e242d0 Thread exited: 0xf5e242d0
Event: 14.856 Thread 0xc429bff0 Thread exited: 0xc429bff0


Dynamic libraries:
08048000-09298000 r-xp 00000000 08:04 494947248                          /home/almalinux/swg-returns-nge/build/bin/SwgGameServer
09298000-0929c000 rw-p 0124f000 08:04 494947248                          /home/almalinux/swg-returns-nge/build/bin/SwgGameServer
0929c000-09b1f000 rw-p 00000000 00:00 0 
0a45c000-0f386000 rw-p 00000000 00:00 0                                  [heap]
c173d000-c1741000 ---p 00000000 00:00 0 
c1741000-c17fe000 rw-p 00000000 00:00 0 
c17fe000-c1802000 ---p 00000000 00:00 0 
c1802000-c18bf000 rw-p 00000000 00:00 0 
c18bf000-c18c0000 ---p 00000000 00:00 0 
c18c0000-c1940000 rw-p 00000000 00:00 0 
c1940000-c1944000 ---p 00000000 00:00 0 
c1944000-c1a01000 rw-p 00000000 00:00 0 
c1a01000-c1a05000 ---p 00000000 00:00 0 
c1a05000-c1ac2000 rw-p 00000000 00:00 0 
c1ac2000-c1ac6000 ---p 00000000 00:00 0 
c1ac6000-c1b43000 rw-p 00000000 00:00 0 
c1b43000-c1b47000 ---p 00000000 00:00 0 
c1b47000-c1c04000 rw-p 00000000 00:00 0 
c1c04000-c1c08000 ---p 00000000 00:00 0 
c1c08000-c1cc5000 rw-p 00000000 00:00 0 
c1cc5000-c1cc9000 ---p 00000000 00:00 0 
c1cc9000-c1d86000 rw-p 00000000 00:00 0 
c1d86000-c2000000 r--p 00078000 08:04 535181                             /usr/lib/locale/locale-archive
c2000000-c2030000 rw-p 00000000 00:00 0 
c2030000-c2400000 ---p 00000000 00:00 0 
c2400000-c24f0000 rw-p 00000000 00:00 0 
c24f0000-c3000000 ---p 00000000 00:00 0 
c307e000-c327e000 r--p 00000000 08:04 535181                             /usr/lib/locale/locale-archive
c327e000-c3282000 ---p 00000000 00:00 0 
c3282000-c333f000 rw-p 00000000 00:00 0 
c333f000-c3343000 ---p 00000000 00:00 0 
c3343000-c3400000 rw-p 00000000 00:00 0 
c3400000-c3421000 rw-p 00000000 00:00 0 
c3421000-c3500000 ---p 00000000 00:00 0 
c3531000-c3535000 ---p 00000000 00:00 0 
c3535000-c35b2000 rw-p 00000000 00:00 0 
c35b2000-c35b3000 ---p 00000000 00:00 0 
c35b3000-c3633000 rw-p 00000000 00:00 0 
c3633000-c3f00000 rw-p 00001000 08:04 143240867                          /usr/lib/jvm/java-17-zulu-openjdk-jdk-x86/lib/server/classes.jsa
c3f00000-c3f21000 rw-p 00000000 00:00 0 
c3f21000-c4000000 ---p 00000000 00:00 0 
c407f000-c4080000 ---p 00000000 00:00 0 
c4080000-c4100000 rw-p 00000000 00:00 0 
c4100000-c4121000 rw-p 00000000 00:00 0 
c4121000-c4200000 ---p 00000000 00:00 0 
c4200000-c42d2000 rw-p 00000000 00:00 0 
c42d2000-c4300000 ---p 00000000 00:00 0 
c437f000-c4380000 ---p 00000000 00:00 0 
c4380000-c4400000 rw-p 00000000 00:00 0 
c4400000-c4421000 rw-p 00000000 00:00 0 
c4421000-c4500000 ---p 00000000 00:00 0 
c457f000-c4580000 ---p 00000000 00:00 0 
c4580000-c4600000 rw-p 00000000 00:00 0 
c4600000-c4658000 rw-p 00000000 00:00 0 
c4658000-c4700000 ---p 00000000 00:00 0 
c4700000-c472e000 rw-p 00000000 00:00 0 
c472e000-c4800000 ---p 00000000 00:00 0 
c487f000-c4880000 ---p 00000000 00:00 0 
c4880000-c4b00000 rw-p 00000000 00:00 0 
c4b00000-c5100000 ---p 00000000 00:00 0 
c5100000-c5300000 rw-p 00000000 00:00 0 
c5300000-c5900000 ---p 00000000 00:00 0 
c5900000-c5940000 rw-p 00000000 00:00 0 
c5940000-c5a00000 ---p 00000000 00:00 0 
c5a00000-c5a40000 rw-p 00000000 00:00 0 
c5a40000-c5b00000 ---p 00000000 00:00 0 
c5b00000-c5b40000 rw-p 00000000 00:00 0 
c5b40000-c5c00000 ---p 00000000 00:00 0 
c5c00000-cdc00000 rw-p 00000000 00:00 0 
cdc00000-e5c00000 ---p 00000000 00:00 0 
e5c65000-e5c6a000 rw-p 00000000 00:00 0 
e5c6a000-e5d50000 ---p 00000000 00:00 0 
e5d50000-e5f90000 rwxp 00000000 00:00 0 
e5f90000-ed2ab000 ---p 00000000 00:00 0 
ed2ab000-ed4eb000 rwxp 00000000 00:00 0 
ed4eb000-ed7f5000 ---p 00000000 00:00 0 
ed7f5000-eda35000 rwxp 00000000 00:00 0 
eda35000-f4d50000 ---p 00000000 00:00 0 
f4d50000-f4eb8000 r--s 00000000 08:04 117534333                          /usr/lib/jvm/java-17-zulu-openjdk-jdk-x86/lib/modules
f4eb8000-f5d5a000 r-xp 00000000 08:04 143240869                          /usr/lib/jvm/java-17-zulu-openjdk-jdk-x86/lib/server/libjvm.so
f5d5a000-f5daf000 r--p 00ea1000 08:04 143240869                          /usr/lib/jvm/java-17-zulu-openjdk-jdk-x86/lib/server/libjvm.so
f5daf000-f5dd0000 rw-p 00ef6000 08:04 143240869                          /usr/lib/jvm/java-17-zulu-openjdk-jdk-x86/lib/server/libjvm.so
f5dd0000-f5e00000 rw-p 00000000 00:00 0 
f5e00000-f5f00000 rw-p 00000000 00:00 0 
f5f01000-f5f02000 ---p 00000000 00:00 0 
f5f02000-f5f82000 rw-p 00000000 00:00 0 
f5f82000-f5f83000 ---p 00000000 00:00 0 
f5f83000-f5f87000 ---p 00000000 00:00 0 
f5f87000-f6afb000 rw-p 00000000 00:00 0 
f6b1e000-f6b23000 rw-p 00000000 00:00 0 
f6b23000-f6c09000 ---p 00000000 00:00 0 
f6e57000-f6e80000 rw-p 00000000 00:00 0 
f6e80000-f6ea3000 r-xp 00000000 08:04 117534310                          /usr/lib/jvm/java-17-zulu-openjdk-jdk-x86/lib/libjava.so
f6ea3000-f6ea4000 r--p 00022000 08:04 117534310                          /usr/lib/jvm/java-17-zulu-openjdk-jdk-x86/lib/libjava.so
f6ea4000-f6ea5000 rw-p 00023000 08:04 117534310                          /usr/lib/jvm/java-17-zulu-openjdk-jdk-x86/lib/libjava.so
f6ea5000-f6eb1000 r-xp 00000000 08:04 16831767                           /usr/lib/libnss_files-2.28.so
f6eb1000-f6eb2000 r--p 0000b000 08:04 16831767                           /usr/lib/libnss_files-2.28.so
f6eb2000-f6eb3000 rw-p 0000c000 08:04 16831767                           /usr/lib/libnss_files-2.28.so
f6eb3000-f6eb9000 rw-p 00000000 00:00 0 
f6ebf000-f6ec4000 rw-p 00000000 00:00 0 
f6ec4000-f6eca000 ---p 00000000 00:00 0 
f6eca000-f6ee5000 r-xp 00000000 08:04 117534314                          /usr/lib/jvm/java-17-zulu-openjdk-jdk-x86/lib/libjimage.so
f6ee5000-f6ee6000 ---p 0001b000 08:04 117534314                          /usr/lib/jvm/java-17-zulu-openjdk-jdk-x86/lib/libjimage.so
f6ee6000-f6ee7000 r--p 0001b000 08:04 117534314                          /usr/lib/jvm/java-17-zulu-openjdk-jdk-x86/lib/libjimage.so
f6ee7000-f6ee8000 rw-p 0001c000 08:04 117534314                          /usr/lib/jvm/java-17-zulu-openjdk-jdk-x86/lib/libjimage.so
f6ee8000-f6eec000 rw-p 00000000 00:00 0 
f6eec000-f6f74000 r-xp 00000000 08:04 17191875                           /usr/lib/libpcre2-8.so.0.7.1
f6f74000-f6f75000 r--p 00087000 08:04 17191875                           /usr/lib/libpcre2-8.so.0.7.1
f6f75000-f6f76000 rw-p 00088000 08:04 17191875                           /usr/lib/libpcre2-8.so.0.7.1
f6f76000-f6f96000 r-xp 00000000 08:04 17021543                           /usr/lib/libcrypt.so.1.1.0
f6f96000-f6f97000 ---p 00020000 08:04 17021543                           /usr/lib/libcrypt.so.1.1.0
f6f97000-f6f98000 r--p 00020000 08:04 17021543                           /usr/lib/libcrypt.so.1.1.0
f6f98000-f6fa1000 rw-p 00000000 00:00 0 
f6fa1000-f6fcc000 r-xp 00000000 08:04 17191887                           /usr/lib/libselinux.so.1
f6fcc000-f6fcd000 ---p 0002b000 08:04 17191887                           /usr/lib/libselinux.so.1
f6fcd000-f6fce000 r--p 0002b000 08:04 17191887                           /usr/lib/libselinux.so.1
f6fce000-f6fcf000 rw-p 0002c000 08:04 17191887                           /usr/lib/libselinux.so.1
f6fcf000-f6fd0000 rw-p 00000000 00:00 0 
f6fd0000-f6fef000 r-xp 00000000 08:04 18866589                           /usr/lib/libbrotlicommon.so.1.0.6
f6fef000-f6ff0000 r--p 0001e000 08:04 18866589                           /usr/lib/libbrotlicommon.so.1.0.6
f6ff0000-f6ff1000 rw-p 0001f000 08:04 18866589                           /usr/lib/libbrotlicommon.so.1.0.6
f6ff1000-f700f000 r-xp 00000000 08:04 17191915                           /usr/lib/libsasl2.so.3.0.0
f700f000-f7010000 ---p 0001e000 08:04 17191915                           /usr/lib/libsasl2.so.3.0.0
f7010000-f7011000 r--p 0001e000 08:04 17191915                           /usr/lib/libsasl2.so.3.0.0
f7011000-f7012000 rw-p 0001f000 08:04 17191915                           /usr/lib/libsasl2.so.3.0.0
f7012000-f7014000 rw-p 00000000 00:00 0 
f7014000-f7028000 r-xp 00000000 08:04 16831772                           /usr/lib/libresolv-2.28.so
f7028000-f7029000 ---p 00014000 08:04 16831772                           /usr/lib/libresolv-2.28.so
f7029000-f702a000 r--p 00014000 08:04 16831772                           /usr/lib/libresolv-2.28.so
f702a000-f702b000 rw-p 00015000 08:04 16831772                           /usr/lib/libresolv-2.28.so
f702b000-f702d000 rw-p 00000000 00:00 0 
f702d000-f7030000 r-xp 00000000 08:04 17191893                           /usr/lib/libkeyutils.so.1.6
f7030000-f7031000 ---p 00003000 08:04 17191893                           /usr/lib/libkeyutils.so.1.6
f7031000-f7032000 r--p 00003000 08:04 17191893                           /usr/lib/libkeyutils.so.1.6
f7032000-f7033000 rw-p 00000000 00:00 0 
f7033000-f7043000 r-xp 00000000 08:04 17021560                           /usr/lib/libkrb5support.so.0.1
f7043000-f7044000 r--p 0000f000 08:04 17021560                           /usr/lib/libkrb5support.so.0.1
f7044000-f7045000 rw-p 00010000 08:04 17021560                           /usr/lib/libkrb5support.so.0.1
f7045000-f704d000 r-xp 00000000 08:04 16831774                           /usr/lib/librt-2.28.so
f704d000-f704e000 r--p 00007000 08:04 16831774                           /usr/lib/librt-2.28.so
f704e000-f704f000 rw-p 00008000 08:04 16831774                           /usr/lib/librt-2.28.so
f704f000-f71ce000 r-xp 00000000 08:04 17021545                           /usr/lib/libunistring.so.2.1.0
f71ce000-f71cf000 ---p 0017f000 08:04 17021545                           /usr/lib/libunistring.so.2.1.0
f71cf000-f71d1000 r--p 0017f000 08:04 17021545                           /usr/lib/libunistring.so.2.1.0
f71d1000-f71d2000 rw-p 00181000 08:04 17021545                           /usr/lib/libunistring.so.2.1.0
f71d2000-f71fc000 r-xp 00000000 08:04 18654292                           /usr/lib/liblzma.so.5.2.4
f71fc000-f71fd000 r--p 00029000 08:04 18654292                           /usr/lib/liblzma.so.5.2.4
f71fd000-f71fe000 rw-p 00000000 00:00 0 
f71fe000-f720a000 r-xp 00000000 08:04 17191936                           /usr/lib/libbrotlidec.so.1.0.6
f720a000-f720b000 r--p 0000b000 08:04 17191936                           /usr/lib/libbrotlidec.so.1.0.6
f720b000-f720c000 rw-p 00000000 00:00 0 
f720c000-f721b000 r-xp 00000000 08:04 17191918                           /usr/lib/liblber-2.4.so.2.10.9
f721b000-f721c000 r--p 0000e000 08:04 17191918                           /usr/lib/liblber-2.4.so.2.10.9
f721c000-f721d000 rw-p 0000f000 08:04 17191918                           /usr/lib/liblber-2.4.so.2.10.9
f721d000-f7272000 r-xp 00000000 08:04 17191920                           /usr/lib/libldap-2.4.so.2.10.9
f7272000-f7273000 ---p 00055000 08:04 17191920                           /usr/lib/libldap-2.4.so.2.10.9
f7273000-f7274000 r--p 00055000 08:04 17191920                           /usr/lib/libldap-2.4.so.2.10.9
f7274000-f7275000 rw-p 00056000 08:04 17191920                           /usr/lib/libldap-2.4.so.2.10.9
f7275000-f7277000 rw-p 00000000 00:00 0 
f7277000-f727a000 r-xp 00000000 08:04 16994899                           /usr/lib/libcom_err.so.2.1
f727a000-f727b000 r--p 00002000 08:04 16994899                           /usr/lib/libcom_err.so.2.1
f727b000-f727c000 rw-p 00003000 08:04 16994899                           /usr/lib/libcom_err.so.2.1
f727c000-f7292000 r-xp 00000000 08:04 17021552                           /usr/lib/libk5crypto.so.3.1
f7292000-f7293000 ---p 00016000 08:04 17021552                           /usr/lib/libk5crypto.so.3.1
f7293000-f7294000 r--p 00016000 08:04 17021552                           /usr/lib/libk5crypto.so.3.1
f7294000-f7295000 rw-p 00017000 08:04 17021552                           /usr/lib/libk5crypto.so.3.1
f7295000-f7378000 r-xp 00000000 08:04 17021558                           /usr/lib/libkrb5.so.3.3
f7378000-f737f000 r--p 000e2000 08:04 17021558                           /usr/lib/libkrb5.so.3.3
f737f000-f7380000 rw-p 000e9000 08:04 17021558                           /usr/lib/libkrb5.so.3.3
f7380000-f73db000 r-xp 00000000 08:04 17021548                           /usr/lib/libgssapi_krb5.so.2.2
f73db000-f73dd000 r--p 0005a000 08:04 17021548                           /usr/lib/libgssapi_krb5.so.2.2
f73dd000-f73de000 rw-p 0005c000 08:04 17021548                           /usr/lib/libgssapi_krb5.so.2.2
f73de000-f768f000 r-xp 00000000 08:04 18627877                           /usr/lib/libcrypto.so.1.1.1k
f768f000-f76a8000 r--p 002b0000 08:04 18627877                           /usr/lib/libcrypto.so.1.1.1k
f76a8000-f76aa000 rw-p 002c9000 08:04 18627877                           /usr/lib/libcrypto.so.1.1.1k
f76aa000-f76ae000 rw-p 00000000 00:00 0 
f76ae000-f7740000 r-xp 00000000 08:04 18627879                           /usr/lib/libssl.so.1.1.1k
f7740000-f7746000 r--p 00091000 08:04 18627879                           /usr/lib/libssl.so.1.1.1k
f7746000-f774a000 rw-p 00097000 08:04 18627879                           /usr/lib/libssl.so.1.1.1k
f774a000-f775a000 r-xp 00000000 08:04 18660120                           /usr/lib/libpsl.so.5.3.1
f775a000-f775b000 r--p 0000f000 08:04 18660120                           /usr/lib/libpsl.so.5.3.1
f775b000-f775c000 rw-p 00000000 00:00 0 
f775c000-f77d9000 r-xp 00000000 08:04 16994901                           /usr/lib/libssh.so.4.8.7
f77d9000-f77da000 ---p 0007d000 08:04 16994901                           /usr/lib/libssh.so.4.8.7
f77da000-f77db000 r--p 0007d000 08:04 16994901                           /usr/lib/libssh.so.4.8.7
f77db000-f77dc000 rw-p 0007e000 08:04 16994901                           /usr/lib/libssh.so.4.8.7
f77dc000-f77f9000 r-xp 00000000 08:04 17040588                           /usr/lib/libidn2.so.0.3.6
f77f9000-f77fa000 r--p 0001c000 08:04 17040588                           /usr/lib/libidn2.so.0.3.6
f77fa000-f77fb000 rw-p 00000000 00:00 0 
f77fb000-f7823000 r-xp 00000000 08:04 17191891                           /usr/lib/libnghttp2.so.14.17.0
f7823000-f7824000 r--p 00027000 08:04 17191891                           /usr/lib/libnghttp2.so.14.17.0
f7824000-f7826000 rw-p 00028000 08:04 17191891                           /usr/lib/libnghttp2.so.14.17.0
f7826000-f79c8000 r-xp 00000000 08:04 16831756                           /usr/lib/libc-2.28.so
f79c8000-f79c9000 ---p 001a2000 08:04 16831756                           /usr/lib/libc-2.28.so
f79c9000-f79cb000 r--p 001a2000 08:04 16831756                           /usr/lib/libc-2.28.so
f79cb000-f79cc000 rw-p 001a4000 08:04 16831756                           /usr/lib/libc-2.28.so
f79cc000-f79d1000 rw-p 00000000 00:00 0 
f79d1000-f79ec000 r-xp 00000000 08:04 16985139                           /usr/lib/libgcc_s-8-20210514.so.1
f79ec000-f79ed000 r--p 0001a000 08:04 16985139                           /usr/lib/libgcc_s-8-20210514.so.1
f79ed000-f79ee000 rw-p 0001b000 08:04 16985139                           /usr/lib/libgcc_s-8-20210514.so.1
f79ee000-f7abe000 r-xp 00000000 08:04 16831760                           /usr/lib/libm-2.28.so
f7abe000-f7abf000 r--p 000cf000 08:04 16831760                           /usr/lib/libm-2.28.so
f7abf000-f7ac0000 rw-p 000d0000 08:04 16831760                           /usr/lib/libm-2.28.so
f7ac0000-f7c49000 r-xp 00000000 08:04 16985145                           /usr/lib/libstdc++.so.6.0.25
f7c49000-f7c4a000 ---p 00189000 08:04 16985145                           /usr/lib/libstdc++.so.6.0.25
f7c4a000-f7c50000 r--p 00189000 08:04 16985145                           /usr/lib/libstdc++.so.6.0.25
f7c50000-f7c51000 rw-p 0018f000 08:04 16985145                           /usr/lib/libstdc++.so.6.0.25
f7c51000-f7c53000 rw-p 00000000 00:00 0 
f7c53000-f7c6a000 r-xp 00000000 08:04 16963437                           /usr/lib/libz.so.1.2.11
f7c6a000-f7c6b000 ---p 00017000 08:04 16963437                           /usr/lib/libz.so.1.2.11
f7c6b000-f7c6c000 r--p 00017000 08:04 16963437                           /usr/lib/libz.so.1.2.11
f7c6c000-f7c6d000 rw-p 00000000 00:00 0 
f7c6d000-f7dea000 r-xp 00000000 08:04 16963397                           /usr/lib/libxml2.so.2.9.7
f7dea000-f7def000 r--p 0017c000 08:04 16963397                           /usr/lib/libxml2.so.2.9.7
f7def000-f7df0000 rw-p 00181000 08:04 16963397                           /usr/lib/libxml2.so.2.9.7
f7df0000-f7df1000 rw-p 00000000 00:00 0 
f7df1000-f7e0d000 r-xp 00000000 08:04 16831770                           /usr/lib/libpthread-2.28.so
f7e0d000-f7e0e000 r--p 0001b000 08:04 16831770                           /usr/lib/libpthread-2.28.so
f7e0e000-f7e0f000 rw-p 0001c000 08:04 16831770                           /usr/lib/libpthread-2.28.so
f7e0f000-f7e11000 rw-p 00000000 00:00 0 
f7e11000-f7e85000 r-xp 00000000 08:04 16818911                           /usr/lib/libpcre.so.1.2.10
f7e85000-f7e86000 ---p 00074000 08:04 16818911                           /usr/lib/libpcre.so.1.2.10
f7e86000-f7e87000 r--p 00074000 08:04 16818911                           /usr/lib/libpcre.so.1.2.10
f7e87000-f7e88000 rw-p 00075000 08:04 16818911                           /usr/lib/libpcre.so.1.2.10
f7e88000-f7e8b000 r-xp 00000000 08:04 16831758                           /usr/lib/libdl-2.28.so
f7e8b000-f7e8c000 r--p 00002000 08:04 16831758                           /usr/lib/libdl-2.28.so
f7e8c000-f7e8d000 rw-p 00003000 08:04 16831758                           /usr/lib/libdl-2.28.so
f7e8d000-f7f2a000 r-xp 00000000 08:04 16994905                           /usr/lib/libcurl.so.4.5.0
f7f2a000-f7f2c000 r--p 0009c000 08:04 16994905                           /usr/lib/libcurl.so.4.5.0
f7f2c000-f7f2d000 rw-p 0009e000 08:04 16994905                           /usr/lib/libcurl.so.4.5.0
f7f2d000-f7f34000 r--s 00000000 08:04 176632422                          /usr/lib/gconv/gconv-modules.cache
f7f34000-f7f3c000 rw-s 00000000 08:04 151586752                          /tmp/hsperfdata_almalinux/1422084 (deleted)
f7f3c000-f7f3d000 ---p 00000000 00:00 0 
f7f3d000-f7f3e000 r--p 00000000 00:00 0 
f7f3e000-f7f40000 rw-p 00000000 00:00 0 
f7f40000-f7f44000 r--p 00000000 00:00 0                                  [vvar]
f7f44000-f7f46000 r-xp 00000000 00:00 0                                  [vdso]
f7f46000-f7f75000 r-xp 00000000 08:04 16831749                           /usr/lib/ld-2.28.so
f7f75000-f7f76000 ---p 00000000 00:00 0 
f7f76000-f7f77000 r--p 0002f000 08:04 16831749                           /usr/lib/ld-2.28.so
f7f77000-f7f78000 rw-p 00030000 08:04 16831749                           /usr/lib/ld-2.28.so
ffc1d000-ffc1e000 rwxp 00000000 00:00 0 
ffd26000-ffde2000 rw-p 00000000 00:00 0                                  [stack]


VM Arguments:
jvm_args: -Xms128m -Xmx512m -Xss768k -XX:MaxMetaspaceSize=96m -Xrs -XX:-UsePerfData -XX:-AllowUserSignalHandlers -XX:UseSSE=3 -XX+DoEscapeAnalysis -XX:AutoBoxCacheMax:2000 -XX:+OptimizeStringConcat -XX:+OptimizeFill -XX:+EliminateAutoBox -XX:+UseCompressedStrings -XX:+UseCompressedOops -XX:+EliminateLocks -XX:UseFastAccessorMethods -XX:+UseStringCache -XgcPrio:throughput -XXkeepAreaRatio:1 -XXlazyUnlocking -XXcallProfiling -XXcompactRatio:1 
java_command: <unknown>
java_class_path (initial): ../../data/sku.0/sys.server/compiled/game/
Launcher Type: generic

[Global flags]
     intx CICompilerCount                          = 3                                         {product} {ergonomic}
     uint ConcGCThreads                            = 1                                         {product} {ergonomic}
     uint G1ConcRefinementThreads                  = 4                                         {product} {ergonomic}
   size_t G1HeapRegionSize                         = 1048576                                   {product} {ergonomic}
    uintx GCDrainStackTargetSize                   = 64                                        {product} {ergonomic}
   size_t InitialHeapSize                          = 134217728                                 {product} {command line}
   size_t MarkStackSize                            = 32768                                     {product} {ergonomic}
   size_t MaxHeapSize                              = 536870912                                 {product} {command line}
   size_t MaxMetaspaceSize                         = 100663296                                 {product} {command line}
   size_t MaxNewSize                               = 321912832                                 {product} {ergonomic}
   size_t MinHeapDeltaBytes                        = 1048576                                   {product} {ergonomic}
   size_t MinHeapSize                              = 134217728                                 {product} {command line}
    uintx NonNMethodCodeHeapSize                   = 5544422                                {pd product} {ergonomic}
    uintx NonProfiledCodeHeapSize                  = 123056909                              {pd product} {ergonomic}
    uintx ProfiledCodeHeapSize                     = 123056909                              {pd product} {ergonomic}
    uintx ReservedCodeCacheSize                    = 251658240                              {pd product} {ergonomic}
     bool SegmentedCodeCache                       = true                                      {product} {ergonomic}
   size_t SoftMaxHeapSize                          = 536870912                              {manageable} {ergonomic}
   double SweeperThreshold                         = 0.500000                                  {product} {ergonomic}
     intx ThreadStackSize                          = 768                                    {pd product} {command line}
     bool UseG1GC                                  = true                                      {product} {ergonomic}

Logging:
Log output configuration:
 #0: stdout all=off uptime,level,tags
 #1: stderr all=off uptime,level,tags

Environment Variables:
JAVA_HOME=/usr/lib/jvm/zulu-17-x86
PATH=/usr/java/jdk1.7.0_80/bin:/usr/java/jdk1.7.0_80/bin:/usr/java/jdk1.6.0_45/bin:/usr/java/jdk1.6.0_45/bin:/usr/java/jdk1.6.0_45/bin:/home/almalinux/.local/bin:/home/almalinux/bin:/sbin:/bin:/usr/bin:/usr/local/bin:/usr/local/sbin:/usr/sbin:/usr/lib/oracle/18.3/client/bin:/usr/lib/oracle/18.3/client/bin:/usr/lib/jvm/java-11-openjdk/bin:./
LD_LIBRARY_PATH=/usr/lib/jvm/java-17-zulu-openjdk-jdk-x86/lib/server:/usr/lib/jvm/java-17-zulu-openjdk-jdk-x86/lib:/usr/lib/jvm/java-17-zulu-openjdk-jdk-x86/../lib:/usr/lib/jvm/zulu-17-x86/lib/server:/usr/lib/jvm/java-11-openjdk/lib:/usr/lib/jvm/java-11-openjdk/lib/server:./
SHELL=/bin/bash
DISPLAY=:10.0
LANG=en_US.UTF-8
TERM=xterm-256color

Active Locale:
LC_ALL=en_US.UTF-8
LC_COLLATE=en_US.UTF-8
LC_CTYPE=en_US.UTF-8
LC_MESSAGES=en_US.UTF-8
LC_MONETARY=en_US.UTF-8
LC_NUMERIC=en_US.UTF-8
LC_TIME=en_US.UTF-8

Signal Handlers:
   SIGSEGV: crash_handler in libjvm.so, mask=11100100010111111101111111111110, flags=SA_RESTART|SA_SIGINFO, unblocked
    SIGBUS: crash_handler in libjvm.so, mask=11100100010111111101111111111110, flags=SA_RESTART|SA_SIGINFO, unblocked
    SIGFPE: crash_handler in libjvm.so, mask=11100100010111111101111111111110, flags=SA_RESTART|SA_SIGINFO, unblocked
   SIGPIPE: SIG_IGN, mask=00000000000010000000000000000000, flags=SA_RESTART, blocked
  *** Handler was modified!
  *** Expected: javaSignalHandler in libjvm.so, mask=11100100110111111111111111111110, flags=SA_RESTART|SA_SIGINFO
   SIGXFSZ: javaSignalHandler in libjvm.so, mask=11100100010111111101111111111110, flags=SA_RESTART|SA_SIGINFO, blocked
    SIGILL: crash_handler in libjvm.so, mask=11100100010111111101111111111110, flags=SA_RESTART|SA_SIGINFO, unblocked
   SIGUSR2: SR_handler in libjvm.so, mask=00100000000000000000000000000000, flags=SA_RESTART|SA_SIGINFO, blocked
    SIGHUP: UserHandler in libjvm.so, mask=11100100010111111101111111111110, flags=SA_RESTART|SA_SIGINFO, blocked
    SIGINT: UserHandler in libjvm.so, mask=11100100010111111101111111111110, flags=SA_RESTART|SA_SIGINFO, blocked
   SIGTERM: UserHandler in libjvm.so, mask=11100100010111111101111111111110, flags=SA_RESTART|SA_SIGINFO, blocked
   SIGQUIT: UserHandler in libjvm.so, mask=11100100010111111101111111111110, flags=SA_RESTART|SA_SIGINFO, blocked
   SIGTRAP: crash_handler in libjvm.so, mask=11100100010111111101111111111110, flags=SA_RESTART|SA_SIGINFO, unblocked


Periodic native trim disabled


---------------  S Y S T E M  ---------------

OS:
AlmaLinux release 8.10 (Cerulean Leopard)
uname: Linux 4.18.0-553.81.1.el8_10.x86_64 #1 SMP Mon Oct 27 11:29:19 EDT 2025 x86_64
OS uptime: 33 days 23:27 hours
libc: glibc 2.28 NPTL 2.28 
rlimit (soft/hard): STACK 8192k/infinity , CORE 0k/infinity , NPROC 61995/61995 , NOFILE 262144/262144 , AS infinity/infinity , CPU infinity/infinity , DATA infinity/infinity , FSIZE infinity/infinity , MEMLOCK 64k/64k
load average: 44.52 42.47 39.10

/proc/meminfo:
MemTotal:       16014448 kB
MemFree:        10399284 kB
MemAvailable:   11782844 kB
Buffers:            1056 kB
Cached:          3102816 kB
SwapCached:        34572 kB
Active:          2884412 kB
Inactive:        1571596 kB
Active(anon):    2070008 kB
Inactive(anon):  1283160 kB
Active(file):     814404 kB
Inactive(file):   288436 kB
Unevictable:        3104 kB
Mlocked:              16 kB
SwapTotal:       8388604 kB
SwapFree:        6597648 kB
Dirty:              1024 kB
Writeback:             0 kB
AnonPages:       1334356 kB
Mapped:          1559628 kB
Shmem:           2001228 kB
KReclaimable:     457764 kB
Slab:             631612 kB
SReclaimable:     457764 kB
SUnreclaim:       173848 kB
KernelStack:       18268 kB
PageTables:       139716 kB
NFS_Unstable:          0 kB
Bounce:                0 kB
WritebackTmp:          0 kB
CommitLimit:    16395828 kB
Committed_AS:   15163220 kB
VmallocTotal:   34359738367 kB
VmallocUsed:       65656 kB
VmallocChunk:          0 kB
Percpu:             2704 kB
HardwareCorrupted:     0 kB
AnonHugePages:         0 kB
ShmemHugePages:        0 kB
ShmemPmdMapped:        0 kB
FileHugePages:         0 kB
FilePmdMapped:         0 kB
HugePages_Total:       0
HugePages_Free:        0
HugePages_Rsvd:        0
HugePages_Surp:        0
Hugepagesize:       2048 kB
Hugetlb:               0 kB
DirectMap4k:     2918252 kB
DirectMap2M:    13465600 kB

/sys/kernel/mm/transparent_hugepage/enabled: always madvise [never]
/sys/kernel/mm/transparent_hugepage/hpage_pmd_size: 2097152
/sys/kernel/mm/transparent_hugepage/defrag (defrag/compaction efforts parameter): always defer defer+madvise [madvise] never

Process Memory:
Virtual Size: 996804K (peak: 1010220K)
Resident Set Size: 133340K (peak: 143880K) (anon: 101956K, file: 31384K, shmem: 0K)
Swapped out: 0K
C-Heap outstanding allocations: 16014K, retained: 71529K
glibc malloc tunables: (default)

/proc/sys/kernel/threads-max (system-wide limit on the number of threads): 123991
/proc/sys/vm/max_map_count (maximum number of memory map areas a process may have): 1677720
/proc/sys/kernel/pid_max (system-wide limit on number of process identifiers): 4194304

container (cgroup) information:
container_type: cgroupv1
cpu_cpuset_cpus: 0-3
cpu_memory_nodes: 0
active_processor_count: 4
cpu_quota: no quota
cpu_period: 100000
cpu_shares: no shares
memory_limit_in_bytes: unlimited
memory_and_swap_limit_in_bytes: unlimited
memory_soft_limit_in_bytes: unlimited
memory_usage_in_bytes: 4099644 k
memory_max_usage_in_bytes: 14783012 k
kernel_memory_usage_in_bytes: 466080 k
kernel_memory_max_usage_in_bytes: unlimited
kernel_memory_limit_in_bytes: 985464 k
maximum number of tasks: unlimited
current number of tasks: 357

KVM virtualization detected
Steal ticks since vm start: 3
Steal ticks percentage since vm start:  0.000

CPU: total 4 (initial active 4) (1 cores per cpu, 1 threads per core) family 6 model 60 stepping 1 microcode 0x1, cx8, cmov, fxsr, mmx, sse, sse2, sse3, ssse3, sse4.1, sse4.2, popcnt, lzcnt, tsc, avx, avx2, aes, erms, clmul, bmi1, bmi2, fma, vzeroupper, clflush, hv
CPU Model and flags from /proc/cpuinfo:
model name	: Intel Core Processor (Haswell, no TSX)
flags		: fpu vme de pse tsc msr pae mce cx8 apic sep mtrr pge mca cmov pat pse36 clflush mmx fxsr sse sse2 syscall nx rdtscp lm constant_tsc rep_good nopl xtopology cpuid tsc_known_freq pni pclmulqdq vmx ssse3 fma cx16 pcid sse4_1 sse4_2 x2apic movbe popcnt tsc_deadline_timer aes xsave avx f16c rdrand hypervisor lahf_lm abm cpuid_fault invpcid_single pti tpr_shadow vnmi flexpriority ept vpid ept_ad fsgsbase bmi1 avx2 smep bmi2 erms invpcid xsaveopt arat md_clear

Online cpus: 0-3
Offline cpus: 
BIOS frequency limitation: <Not Available>
Frequency switch latency (ns): <Not Available>
Available cpu frequencies: <Not Available>
Current governor: <Not Available>
Core performance/turbo boost: <Not Available>

Memory: 4k page, physical 16014448k(10399452k free), swap 8388604k(6597648k free)
Page Sizes: 4k

vm_info: OpenJDK Server VM (17.0.11+9-LTS) for linux-x86 JRE (17.0.11+9-LTS) (Zulu17.50+19-CA), built on Apr  9 2024 07:14:46 by "zulu_re" with gcc 8.3.0

END.
