#
# A fatal error has been detected by the Java Runtime Environment:
#
#  SIGSEGV (0xb) at pc=0xf7893618, pid=1439256, tid=1439256
#
# JRE version: OpenJDK Runtime Environment Zulu17.50+19-CA (17.0.11+9) (build 17.0.11+9-LTS)
# Java VM: OpenJDK Server VM Zulu17.50+19-CA (17.0.11+9-LTS, mixed mode, sharing, tiered, g1 gc, linux-x86)
# Problematic frame:
# C  [libc.so.6+0x84618]  cfree+0x28
#
# Core dump will be written. Default location: Core dumps may be processed with "/usr/lib/systemd/systemd-coredump %P %u %g %s %t %c %h %e" (or dumping to /home/almalinux/swg-returns-nge/exe/linux/core.1439256)
#
# If you would like to submit a bug report, please visit:
#   http://www.azul.com/support/
#

---------------  S U M M A R Y ------------

Command Line: -Xms128m -Xmx512m -Xss768k -XX:MaxMetaspaceSize=96m -Xrs -XX:-UsePerfData -XX:-AllowUserSignalHandlers -XX:UseSSE=3 -XX+DoEscapeAnalysis -XX:AutoBoxCacheMax:2000 -XX:+OptimizeStringConcat -XX:+OptimizeFill -XX:+EliminateAutoBox -XX:+UseCompressedStrings -XX:+UseCompressedOops -XX:+EliminateLocks -XX:UseFastAccessorMethods -XX:+UseStringCache -XgcPrio:throughput -XXkeepAreaRatio:1 -XXlazyUnlocking -XXcallProfiling -XXcompactRatio:1 

Host: Intel Core Processor (Haswell, no TSX), 4 cores, 15G, AlmaLinux release 8.10 (Cerulean Leopard)
Time: Sun Jan 25 20:41:27 2026 UTC elapsed time: 79.617342 seconds (0d 0h 1m 19s)

---------------  T H R E A D  ---------------

Current thread is native thread

Stack: [0xffb63000,0xffc23000],  sp=0xffc1f970,  free space=754k
Native frames: (J=compiled Java code, j=interpreted, Vv=VM code, C=native code)
C  [libc.so.6+0x84618]  cfree+0x28


siginfo: si_signo: 11 (SIGSEGV), si_code: 1 (SEGV_MAPERR), si_addr: 0x00000003

Registers:
EAX=0x00000000, EBX=0x00000007, ECX=0xf6ed184c, EDX=0x0af87e68
ESP=0xffc1f970, EBP=0xffc1faa8, ESI=0xf79b4000, EDI=0x00000000
EIP=0xf7893618, EFLAGS=0x00210202, CR2=0x0000000000000003


Top of Stack: (sp=0xffc1f970)
0xffc1f970:   0ac0b010 00000000 ffc1faa8 f7b20f1c
0xffc1f980:   0ac0b0a0 f7c37a04 0af87e40 f7b20f1c
0xffc1f990:   00000007 f7b20f0a f7c37a04 f7b20f4c
0xffc1f9a0:   0ac0b0a0 f7b20f0a 0af8bbe0 085b6163
0xffc1f9b0:   00000007 0ac0b010 0ac0ad20 085bb8d1
0xffc1f9c0:   0ac0b010 0ac0ad20 00000000 085bb89b
0xffc1f9d0:   0c423470 ffc1f9f7 ffc1fa1c 085c6969
0xffc1f9e0:   087d6c00 ffc1fa1c ffc1faa8 084fc53b
0xffc1f9f0:   00000014 00010002 00000000 00000000
0xffc1fa00:   01010100 00000001 09aa44c0 00000000
0xffc1fa10:   00000000 00000000 00000000 00000000
0xffc1fa20:   00000000 00000015 ffc1fb78 f78446ff
0xffc1fa30:   f79b441c 47677753 53656d61 65767265
0xffc1fa40:   34313a72 35323933 09290036 0af6d200
0xffc1fa50:   08ea0100 08ebc230 08ea5888 f79b441c
0xffc1fa60:   00000428 00000420 f7844779 085758fd
0xffc1fa70:   08ea2a80 09b1ea78 08ea5888 08574f56
0xffc1fa80:   0929a2c4 0929a2c4 ffc1fb78 08ea583b
0xffc1fa90:   0000000c ffc1fb44 ffc1fac0 f79b4000
0xffc1faa0:   00000000 08575910 00000000 f782cf26
0xffc1fab0:   00000000 08575910 00000000 f782cf26
0xffc1fac0:   0000000c ffc1fb44 ffc1fb78 ffc1fae4
0xffc1fad0:   0929a2d0 00000000 ffc1fb78 f79b4000
0xffc1fae0:   f781c75c f79b4000 00000000 08575910
0xffc1faf0:   00000000 830b9dbe 0563d5ae 00000000
0xffc1fb00:   00000000 00000000 f7f334d0 f782ce30
0xffc1fb10:   084fc260 0929a2c4 0000000c 08575946
0xffc1fb20:   084fc260 0000000c ffc1fb44 08ea57f0
0xffc1fb30:   08ea5850 f7f334d0 ffc1fb3c f7f60970
0xffc1fb40:   0000000c ffc21626 ffc21638 ffc2163b
0xffc1fb50:   ffc2164d ffc21650 ffc2165b ffc2167f
0xffc1fb60:   ffc2168f ffc216a6 ffc216cd ffc216d0 

Instructions: (pc=0xf7893618)
0xf7893518:   50 8d 96 86 f7 fa ff 8d 86 d0 2f fb ff e8 c6 b7
0xf7893528:   ff ff 8d b6 00 00 00 00 bb 20 00 00 00 e9 5e fe
0xf7893538:   ff ff e8 a1 c0 ff ff 89 c5 85 c0 0f 85 68 ff ff
0xf7893548:   ff 31 d2 8d 44 3b 10 e8 8c c1 ff ff 89 da 89 f9
0xf7893558:   89 c5 e8 11 f0 ff ff 89 c2 85 c0 75 1b 85 ed 74
0xf7893568:   17 90 89 fa 89 e8 e8 bd c5 ff ff 89 da 89 f9 89
0xf7893578:   c5 e8 f2 ef ff ff 89 c2 85 ed 0f 84 57 ff ff ff
0xf7893588:   e9 39 ff ff ff 8d 86 b8 31 fb ff 83 ec 0c b9 25
0xf7893598:   0d 00 00 50 8d 96 86 f7 fa ff 8d 86 74 2f fb ff
0xf78935a8:   e8 43 b7 ff ff 8d 76 00 f3 0f 1e fb e8 0a 9a f9
0xf78935b8:   ff 05 47 0a 12 00 56 53 83 ec 04 8b 5c 24 10 8b
0xf78935c8:   74 24 14 8b 80 50 ff ff ff c7 00 00 00 00 00 e8
0xf78935d8:   54 bb ff ff 8b 4c 24 0c 83 c4 04 89 f2 89 d8 5b
0xf78935e8:   5e e9 42 fd ff ff 66 90 f3 0f 1e fb 56 e8 9a 9b
0xf78935f8:   f9 ff 81 c6 06 0a 12 00 53 83 ec 14 8b 5c 24 20
0xf7893608:   8b 86 5c ff ff ff 8b 00 85 c0 75 6c 85 db 74 75
0xf7893618:   8b 4b fc 8d 53 f8 f6 c1 02 75 35 8b 86 70 fe ff
0xf7893628:   ff 65 8b 00 85 c0 0f 84 8c 00 00 00 83 e1 04 8d
0xf7893638:   86 60 07 00 00 74 09 89 d0 25 00 00 f0 ff 8b 00
0xf7893648:   83 c4 14 31 c9 5b 5e e9 8c cb ff ff 8d 74 26 00
0xf7893658:   8b 9e 60 01 00 00 85 db 75 10 3b 8e 48 01 00 00
0xf7893668:   76 08 81 f9 00 00 08 00 76 26 83 c4 14 89 d0 5b
0xf7893678:   5e e9 92 b8 ff ff 66 90 83 ec 08 ff 74 24 24 53
0xf7893688:   ff d0 83 c4 10 83 c4 14 5b 5e c3 8d 74 26 00 90
0xf7893698:   39 96 80 1d 00 00 77 08 39 96 7c 1d 00 00 77 ca
0xf78936a8:   83 e1 f8 8d 04 09 89 8e 48 01 00 00 89 86 40 01
0xf78936b8:   00 00 90 eb b5 8d 76 00 8b 86 74 fe ff ff 65 80
0xf78936c8:   38 00 0f 85 64 ff ff ff 89 54 24 0c e8 97 ed ff
0xf78936d8:   ff 8b 4b fc 8b 54 24 0c e9 4f ff ff ff 8d b4 26
0xf78936e8:   00 00 00 00 8d 74 26 00 f3 0f 1e fb 55 57 56 e8
0xf78936f8:   98 9a f9 ff 81 c6 04 09 12 00 53 83 ec 0c 8b 86
0xf7893708:   70 fe ff ff 8b 96 74 fe ff ff 65 8b 28 65 c6 02 



---------------  P R O C E S S  ---------------

VM state: at safepoint (shutting down)

VM Mutex/Monitor currently owned by a thread:  ([mutex/lock_event])
[0xf5e21d30] Threads_lock - owner thread: 0xc4194cf0

GC Precious Log:
<Skipped>

Heap:
 garbage-first heap   total 131072K, used 14475K [0xc5c00000, 0xe5c00000)
  region size 1024K, 14 young (14336K), 2 survivors (2048K)
 Metaspace       used 2978K, committed 3200K, reserved 16384K

Heap Regions: E=young(eden), S=young(survivor), O=old, HS=humongous(starts), HC=humongous(continues), CS=collection set, F=free, OA=open archive, CA=closed archive, TAMS=top-at-mark-start (previous, next)
|   0|0xc5c00000, 0xc5c22c00, 0xc5d00000| 13%| O|  |TAMS 0xc5c00000, 0xc5c00000| Untracked 
|   1|0xc5d00000, 0xc5d00000, 0xc5e00000|  0%| F|  |TAMS 0xc5d00000, 0xc5d00000| Untracked 
|   2|0xc5e00000, 0xc5e00000, 0xc5f00000|  0%| F|  |TAMS 0xc5e00000, 0xc5e00000| Untracked 
|   3|0xc5f00000, 0xc5f00000, 0xc6000000|  0%| F|  |TAMS 0xc5f00000, 0xc5f00000| Untracked 
|   4|0xc6000000, 0xc6000000, 0xc6100000|  0%| F|  |TAMS 0xc6000000, 0xc6000000| Untracked 
|   5|0xc6100000, 0xc6100000, 0xc6200000|  0%| F|  |TAMS 0xc6100000, 0xc6100000| Untracked 
|   6|0xc6200000, 0xc6200000, 0xc6300000|  0%| F|  |TAMS 0xc6200000, 0xc6200000| Untracked 
|   7|0xc6300000, 0xc6300000, 0xc6400000|  0%| F|  |TAMS 0xc6300000, 0xc6300000| Untracked 
|   8|0xc6400000, 0xc6400000, 0xc6500000|  0%| F|  |TAMS 0xc6400000, 0xc6400000| Untracked 
|   9|0xc6500000, 0xc6500000, 0xc6600000|  0%| F|  |TAMS 0xc6500000, 0xc6500000| Untracked 
|  10|0xc6600000, 0xc6600000, 0xc6700000|  0%| F|  |TAMS 0xc6600000, 0xc6600000| Untracked 
|  11|0xc6700000, 0xc6700000, 0xc6800000|  0%| F|  |TAMS 0xc6700000, 0xc6700000| Untracked 
|  12|0xc6800000, 0xc6800000, 0xc6900000|  0%| F|  |TAMS 0xc6800000, 0xc6800000| Untracked 
|  13|0xc6900000, 0xc6900000, 0xc6a00000|  0%| F|  |TAMS 0xc6900000, 0xc6900000| Untracked 
|  14|0xc6a00000, 0xc6a00000, 0xc6b00000|  0%| F|  |TAMS 0xc6a00000, 0xc6a00000| Untracked 
|  15|0xc6b00000, 0xc6b00000, 0xc6c00000|  0%| F|  |TAMS 0xc6b00000, 0xc6b00000| Untracked 
|  16|0xc6c00000, 0xc6c00000, 0xc6d00000|  0%| F|  |TAMS 0xc6c00000, 0xc6c00000| Untracked 
|  17|0xc6d00000, 0xc6d00000, 0xc6e00000|  0%| F|  |TAMS 0xc6d00000, 0xc6d00000| Untracked 
|  18|0xc6e00000, 0xc6e00000, 0xc6f00000|  0%| F|  |TAMS 0xc6e00000, 0xc6e00000| Untracked 
|  19|0xc6f00000, 0xc6f00000, 0xc7000000|  0%| F|  |TAMS 0xc6f00000, 0xc6f00000| Untracked 
|  20|0xc7000000, 0xc7000000, 0xc7100000|  0%| F|  |TAMS 0xc7000000, 0xc7000000| Untracked 
|  21|0xc7100000, 0xc7100000, 0xc7200000|  0%| F|  |TAMS 0xc7100000, 0xc7100000| Untracked 
|  22|0xc7200000, 0xc7200000, 0xc7300000|  0%| F|  |TAMS 0xc7200000, 0xc7200000| Untracked 
|  23|0xc7300000, 0xc7300000, 0xc7400000|  0%| F|  |TAMS 0xc7300000, 0xc7300000| Untracked 
|  24|0xc7400000, 0xc7400000, 0xc7500000|  0%| F|  |TAMS 0xc7400000, 0xc7400000| Untracked 
|  25|0xc7500000, 0xc7500000, 0xc7600000|  0%| F|  |TAMS 0xc7500000, 0xc7500000| Untracked 
|  26|0xc7600000, 0xc7600000, 0xc7700000|  0%| F|  |TAMS 0xc7600000, 0xc7600000| Untracked 
|  27|0xc7700000, 0xc7700000, 0xc7800000|  0%| F|  |TAMS 0xc7700000, 0xc7700000| Untracked 
|  28|0xc7800000, 0xc7800000, 0xc7900000|  0%| F|  |TAMS 0xc7800000, 0xc7800000| Untracked 
|  29|0xc7900000, 0xc7900000, 0xc7a00000|  0%| F|  |TAMS 0xc7900000, 0xc7900000| Untracked 
|  30|0xc7a00000, 0xc7a00000, 0xc7b00000|  0%| F|  |TAMS 0xc7a00000, 0xc7a00000| Untracked 
|  31|0xc7b00000, 0xc7b00000, 0xc7c00000|  0%| F|  |TAMS 0xc7b00000, 0xc7b00000| Untracked 
|  32|0xc7c00000, 0xc7c00000, 0xc7d00000|  0%| F|  |TAMS 0xc7c00000, 0xc7c00000| Untracked 
|  33|0xc7d00000, 0xc7d00000, 0xc7e00000|  0%| F|  |TAMS 0xc7d00000, 0xc7d00000| Untracked 
|  34|0xc7e00000, 0xc7e00000, 0xc7f00000|  0%| F|  |TAMS 0xc7e00000, 0xc7e00000| Untracked 
|  35|0xc7f00000, 0xc7f00000, 0xc8000000|  0%| F|  |TAMS 0xc7f00000, 0xc7f00000| Untracked 
|  36|0xc8000000, 0xc8000000, 0xc8100000|  0%| F|  |TAMS 0xc8000000, 0xc8000000| Untracked 
|  37|0xc8100000, 0xc8100000, 0xc8200000|  0%| F|  |TAMS 0xc8100000, 0xc8100000| Untracked 
|  38|0xc8200000, 0xc8200000, 0xc8300000|  0%| F|  |TAMS 0xc8200000, 0xc8200000| Untracked 
|  39|0xc8300000, 0xc8300000, 0xc8400000|  0%| F|  |TAMS 0xc8300000, 0xc8300000| Untracked 
|  40|0xc8400000, 0xc8400000, 0xc8500000|  0%| F|  |TAMS 0xc8400000, 0xc8400000| Untracked 
|  41|0xc8500000, 0xc8500000, 0xc8600000|  0%| F|  |TAMS 0xc8500000, 0xc8500000| Untracked 
|  42|0xc8600000, 0xc8600000, 0xc8700000|  0%| F|  |TAMS 0xc8600000, 0xc8600000| Untracked 
|  43|0xc8700000, 0xc8700000, 0xc8800000|  0%| F|  |TAMS 0xc8700000, 0xc8700000| Untracked 
|  44|0xc8800000, 0xc8800000, 0xc8900000|  0%| F|  |TAMS 0xc8800000, 0xc8800000| Untracked 
|  45|0xc8900000, 0xc8900000, 0xc8a00000|  0%| F|  |TAMS 0xc8900000, 0xc8900000| Untracked 
|  46|0xc8a00000, 0xc8a00000, 0xc8b00000|  0%| F|  |TAMS 0xc8a00000, 0xc8a00000| Untracked 
|  47|0xc8b00000, 0xc8b00000, 0xc8c00000|  0%| F|  |TAMS 0xc8b00000, 0xc8b00000| Untracked 
|  48|0xc8c00000, 0xc8c00000, 0xc8d00000|  0%| F|  |TAMS 0xc8c00000, 0xc8c00000| Untracked 
|  49|0xc8d00000, 0xc8d00000, 0xc8e00000|  0%| F|  |TAMS 0xc8d00000, 0xc8d00000| Untracked 
|  50|0xc8e00000, 0xc8e00000, 0xc8f00000|  0%| F|  |TAMS 0xc8e00000, 0xc8e00000| Untracked 
|  51|0xc8f00000, 0xc8f00000, 0xc9000000|  0%| F|  |TAMS 0xc8f00000, 0xc8f00000| Untracked 
|  52|0xc9000000, 0xc9000000, 0xc9100000|  0%| F|  |TAMS 0xc9000000, 0xc9000000| Untracked 
|  53|0xc9100000, 0xc9100000, 0xc9200000|  0%| F|  |TAMS 0xc9100000, 0xc9100000| Untracked 
|  54|0xc9200000, 0xc9200000, 0xc9300000|  0%| F|  |TAMS 0xc9200000, 0xc9200000| Untracked 
|  55|0xc9300000, 0xc9300000, 0xc9400000|  0%| F|  |TAMS 0xc9300000, 0xc9300000| Untracked 
|  56|0xc9400000, 0xc9400000, 0xc9500000|  0%| F|  |TAMS 0xc9400000, 0xc9400000| Untracked 
|  57|0xc9500000, 0xc9500000, 0xc9600000|  0%| F|  |TAMS 0xc9500000, 0xc9500000| Untracked 
|  58|0xc9600000, 0xc9600000, 0xc9700000|  0%| F|  |TAMS 0xc9600000, 0xc9600000| Untracked 
|  59|0xc9700000, 0xc9700000, 0xc9800000|  0%| F|  |TAMS 0xc9700000, 0xc9700000| Untracked 
|  60|0xc9800000, 0xc9800000, 0xc9900000|  0%| F|  |TAMS 0xc9800000, 0xc9800000| Untracked 
|  61|0xc9900000, 0xc9900000, 0xc9a00000|  0%| F|  |TAMS 0xc9900000, 0xc9900000| Untracked 
|  62|0xc9a00000, 0xc9a00000, 0xc9b00000|  0%| F|  |TAMS 0xc9a00000, 0xc9a00000| Untracked 
|  63|0xc9b00000, 0xc9b00000, 0xc9c00000|  0%| F|  |TAMS 0xc9b00000, 0xc9b00000| Untracked 
|  64|0xc9c00000, 0xc9c00000, 0xc9d00000|  0%| F|  |TAMS 0xc9c00000, 0xc9c00000| Untracked 
|  65|0xc9d00000, 0xc9d00000, 0xc9e00000|  0%| F|  |TAMS 0xc9d00000, 0xc9d00000| Untracked 
|  66|0xc9e00000, 0xc9e00000, 0xc9f00000|  0%| F|  |TAMS 0xc9e00000, 0xc9e00000| Untracked 
|  67|0xc9f00000, 0xc9f00000, 0xca000000|  0%| F|  |TAMS 0xc9f00000, 0xc9f00000| Untracked 
|  68|0xca000000, 0xca000000, 0xca100000|  0%| F|  |TAMS 0xca000000, 0xca000000| Untracked 
|  69|0xca100000, 0xca100000, 0xca200000|  0%| F|  |TAMS 0xca100000, 0xca100000| Untracked 
|  70|0xca200000, 0xca200000, 0xca300000|  0%| F|  |TAMS 0xca200000, 0xca200000| Untracked 
|  71|0xca300000, 0xca300000, 0xca400000|  0%| F|  |TAMS 0xca300000, 0xca300000| Untracked 
|  72|0xca400000, 0xca400000, 0xca500000|  0%| F|  |TAMS 0xca400000, 0xca400000| Untracked 
|  73|0xca500000, 0xca500000, 0xca600000|  0%| F|  |TAMS 0xca500000, 0xca500000| Untracked 
|  74|0xca600000, 0xca600000, 0xca700000|  0%| F|  |TAMS 0xca600000, 0xca600000| Untracked 
|  75|0xca700000, 0xca700000, 0xca800000|  0%| F|  |TAMS 0xca700000, 0xca700000| Untracked 
|  76|0xca800000, 0xca800000, 0xca900000|  0%| F|  |TAMS 0xca800000, 0xca800000| Untracked 
|  77|0xca900000, 0xca900000, 0xcaa00000|  0%| F|  |TAMS 0xca900000, 0xca900000| Untracked 
|  78|0xcaa00000, 0xcaa00000, 0xcab00000|  0%| F|  |TAMS 0xcaa00000, 0xcaa00000| Untracked 
|  79|0xcab00000, 0xcab00000, 0xcac00000|  0%| F|  |TAMS 0xcab00000, 0xcab00000| Untracked 
|  80|0xcac00000, 0xcac00000, 0xcad00000|  0%| F|  |TAMS 0xcac00000, 0xcac00000| Untracked 
|  81|0xcad00000, 0xcad00000, 0xcae00000|  0%| F|  |TAMS 0xcad00000, 0xcad00000| Untracked 
|  82|0xcae00000, 0xcae00000, 0xcaf00000|  0%| F|  |TAMS 0xcae00000, 0xcae00000| Untracked 
|  83|0xcaf00000, 0xcaf00000, 0xcb000000|  0%| F|  |TAMS 0xcaf00000, 0xcaf00000| Untracked 
|  84|0xcb000000, 0xcb000000, 0xcb100000|  0%| F|  |TAMS 0xcb000000, 0xcb000000| Untracked 
|  85|0xcb100000, 0xcb100000, 0xcb200000|  0%| F|  |TAMS 0xcb100000, 0xcb100000| Untracked 
|  86|0xcb200000, 0xcb200000, 0xcb300000|  0%| F|  |TAMS 0xcb200000, 0xcb200000| Untracked 
|  87|0xcb300000, 0xcb300000, 0xcb400000|  0%| F|  |TAMS 0xcb300000, 0xcb300000| Untracked 
|  88|0xcb400000, 0xcb400000, 0xcb500000|  0%| F|  |TAMS 0xcb400000, 0xcb400000| Untracked 
|  89|0xcb500000, 0xcb500000, 0xcb600000|  0%| F|  |TAMS 0xcb500000, 0xcb500000| Untracked 
|  90|0xcb600000, 0xcb600000, 0xcb700000|  0%| F|  |TAMS 0xcb600000, 0xcb600000| Untracked 
|  91|0xcb700000, 0xcb700000, 0xcb800000|  0%| F|  |TAMS 0xcb700000, 0xcb700000| Untracked 
|  92|0xcb800000, 0xcb800000, 0xcb900000|  0%| F|  |TAMS 0xcb800000, 0xcb800000| Untracked 
|  93|0xcb900000, 0xcb900000, 0xcba00000|  0%| F|  |TAMS 0xcb900000, 0xcb900000| Untracked 
|  94|0xcba00000, 0xcba00000, 0xcbb00000|  0%| F|  |TAMS 0xcba00000, 0xcba00000| Untracked 
|  95|0xcbb00000, 0xcbb00000, 0xcbc00000|  0%| F|  |TAMS 0xcbb00000, 0xcbb00000| Untracked 
|  96|0xcbc00000, 0xcbc00000, 0xcbd00000|  0%| F|  |TAMS 0xcbc00000, 0xcbc00000| Untracked 
|  97|0xcbd00000, 0xcbd00000, 0xcbe00000|  0%| F|  |TAMS 0xcbd00000, 0xcbd00000| Untracked 
|  98|0xcbe00000, 0xcbe00000, 0xcbf00000|  0%| F|  |TAMS 0xcbe00000, 0xcbe00000| Untracked 
|  99|0xcbf00000, 0xcbf00000, 0xcc000000|  0%| F|  |TAMS 0xcbf00000, 0xcbf00000| Untracked 
| 100|0xcc000000, 0xcc000000, 0xcc100000|  0%| F|  |TAMS 0xcc000000, 0xcc000000| Untracked 
| 101|0xcc100000, 0xcc100000, 0xcc200000|  0%| F|  |TAMS 0xcc100000, 0xcc100000| Untracked 
| 102|0xcc200000, 0xcc200000, 0xcc300000|  0%| F|  |TAMS 0xcc200000, 0xcc200000| Untracked 
| 103|0xcc300000, 0xcc300000, 0xcc400000|  0%| F|  |TAMS 0xcc300000, 0xcc300000| Untracked 
| 104|0xcc400000, 0xcc400000, 0xcc500000|  0%| F|  |TAMS 0xcc400000, 0xcc400000| Untracked 
| 105|0xcc500000, 0xcc500000, 0xcc600000|  0%| F|  |TAMS 0xcc500000, 0xcc500000| Untracked 
| 106|0xcc600000, 0xcc600000, 0xcc700000|  0%| F|  |TAMS 0xcc600000, 0xcc600000| Untracked 
| 107|0xcc700000, 0xcc700000, 0xcc800000|  0%| F|  |TAMS 0xcc700000, 0xcc700000| Untracked 
| 108|0xcc800000, 0xcc800000, 0xcc900000|  0%| F|  |TAMS 0xcc800000, 0xcc800000| Untracked 
| 109|0xcc900000, 0xcc900000, 0xcca00000|  0%| F|  |TAMS 0xcc900000, 0xcc900000| Untracked 
| 110|0xcca00000, 0xcca00000, 0xccb00000|  0%| F|  |TAMS 0xcca00000, 0xcca00000| Untracked 
| 111|0xccb00000, 0xccb00000, 0xccc00000|  0%| F|  |TAMS 0xccb00000, 0xccb00000| Untracked 
| 112|0xccc00000, 0xccc00000, 0xccd00000|  0%| F|  |TAMS 0xccc00000, 0xccc00000| Untracked 
| 113|0xccd00000, 0xcce00000, 0xcce00000|100%| S|CS|TAMS 0xccd00000, 0xccd00000| Complete 
| 114|0xcce00000, 0xccf00000, 0xccf00000|100%| S|CS|TAMS 0xcce00000, 0xcce00000| Complete 
| 115|0xccf00000, 0xccf00000, 0xcd000000|  0%| F|  |TAMS 0xccf00000, 0xccf00000| Untracked 
| 116|0xcd000000, 0xcd100000, 0xcd100000|100%| E|  |TAMS 0xcd000000, 0xcd000000| Complete 
| 117|0xcd100000, 0xcd200000, 0xcd200000|100%| E|CS|TAMS 0xcd100000, 0xcd100000| Complete 
| 118|0xcd200000, 0xcd300000, 0xcd300000|100%| E|CS|TAMS 0xcd200000, 0xcd200000| Complete 
| 119|0xcd300000, 0xcd400000, 0xcd400000|100%| E|CS|TAMS 0xcd300000, 0xcd300000| Complete 
| 120|0xcd400000, 0xcd500000, 0xcd500000|100%| E|CS|TAMS 0xcd400000, 0xcd400000| Complete 
| 121|0xcd500000, 0xcd600000, 0xcd600000|100%| E|CS|TAMS 0xcd500000, 0xcd500000| Complete 
| 122|0xcd600000, 0xcd700000, 0xcd700000|100%| E|CS|TAMS 0xcd600000, 0xcd600000| Complete 
| 123|0xcd700000, 0xcd800000, 0xcd800000|100%| E|CS|TAMS 0xcd700000, 0xcd700000| Complete 
| 124|0xcd800000, 0xcd900000, 0xcd900000|100%| E|CS|TAMS 0xcd800000, 0xcd800000| Complete 
| 125|0xcd900000, 0xcda00000, 0xcda00000|100%| E|CS|TAMS 0xcd900000, 0xcd900000| Complete 
| 126|0xcda00000, 0xcdb00000, 0xcdb00000|100%| E|CS|TAMS 0xcda00000, 0xcda00000| Complete 
| 127|0xcdb00000, 0xcdc00000, 0xcdc00000|100%| E|CS|TAMS 0xcdb00000, 0xcdb00000| Complete 

Card table byte_map: [0xc5a00000,0xc5b00000] _byte_map_base: 0xc53d2000

Marking Bits (Prev, Next): (CMBitMap*) 0xf5e8b528, (CMBitMap*) 0xf5e8b548
 Prev Bits: [0xc5100000, 0xc5900000)
 Next Bits: [0xc4900000, 0xc5100000)

Polling page: 0xf7f25000

Metaspace:

Usage:
    2.91 MB used.

Virtual space:
     16.00 MB reserved,       3.12 MB ( 20%) committed,  1 nodes.

Chunk freelists:
10.10 MB

MaxMetaspaceSize: 96.00 MB
No class space
Initial GC threshold: 16.00 MB
Current GC threshold: 16.00 MB
CDS: on
MetaspaceReclaimPolicy: balanced
 - commit_granule_bytes: 65536.
 - commit_granule_words: 16384.
 - virtual_space_node_default_size: 4194304.
 - enlarge_chunks_in_place: 1.
 - new_chunks_are_fully_committed: 0.
 - uncommit_free_chunks: 1.
 - use_allocation_guard: 0.
 - handle_deallocations: 1.


Internal statistics:

num_allocs_failed_limit: 0.
num_arena_births: 90.
num_arena_deaths: 0.
num_vsnodes_births: 1.
num_vsnodes_deaths: 0.
num_space_committed: 50.
num_space_uncommitted: 0.
num_chunks_returned_to_freelist: 0.
num_chunks_taken_from_freelist: 185.
num_chunk_merges: 0.
num_chunk_splits: 134.
num_chunks_enlarged: 100.
num_inconsistent_stats: 0.

CodeHeap 'non-profiled nmethods': size=120172Kb used=259Kb max_used=259Kb free=119912Kb
 bounds [0xed7f5000, 0xeda35000, 0xf4d50000]
CodeHeap 'profiled nmethods': size=120172Kb used=1031Kb max_used=1031Kb free=119140Kb
 bounds [0xe5d50000, 0xe5f90000, 0xed2ab000]
CodeHeap 'non-nmethods': size=5416Kb used=723Kb max_used=738Kb free=4692Kb
 bounds [0xed2ab000, 0xed4eb000, 0xed7f5000]
 total_blobs=1050 nmethods=720 adapters=244
 compilation: enabled
              stopped_count=0, restarted_count=0
 full_count=0

Compilation events (20 events):
Event: 40.490 Thread 0xc419f450  716       4       java.lang.Math::min (11 bytes)
Event: 40.490 Thread 0xc419f450 nmethod 716 0xed835488 code [0xed8355a0, 0xed835610]
Event: 40.490 Thread 0xc419f450  717       4       java.lang.StringLatin1::canEncode (13 bytes)
Event: 40.491 Thread 0xc419f450 nmethod 717 0xed835788 code [0xed8358a0, 0xed835930]
Event: 41.414 Thread 0xc41a0580  718   !   3       jdk.internal.reflect.NativeMethodAccessorImpl::invoke (137 bytes)
Event: 41.415 Thread 0xc41a0580 nmethod 718 0xe5e4d588 code [0xe5e4d780, 0xe5e4e13c]
Event: 41.416 Thread 0xc41a0580  720       3       jdk.internal.reflect.ClassFileAssembler::emitConstantPoolMethodref (28 bytes)
Event: 41.416 Thread 0xc41a0580 nmethod 720 0xe5e4e608 code [0xe5e4e7c0, 0xe5e4ecfc]
Event: 41.416 Thread 0xc41a0580  722       3       script.base_class::getShipChassisType (8 bytes)
Event: 41.416 Thread 0xc41a0580 nmethod 722 0xe5e4f088 code [0xe5e4f1e0, 0xe5e4f3ec]
Event: 41.416 Thread 0xc41a0580  721       3       java.lang.reflect.Modifier::isProtected (12 bytes)
Event: 41.416 Thread 0xc41a0580 nmethod 721 0xe5e4f508 code [0xe5e4f620, 0xe5e4f740]
Event: 42.473 Thread 0xc41a0580  723       3       java.util.HashSet::iterator (13 bytes)
Event: 42.473 Thread 0xc41a0580 nmethod 723 0xe5e4f808 code [0xe5e4f960, 0xe5e4fb98]
Event: 42.539 Thread 0xc41a0580  724       3       java.util.HashMap::keySet (25 bytes)
Event: 42.539 Thread 0xc41a0580 nmethod 724 0xe5e4fc88 code [0xe5e4fde0, 0xe5e50140]
Event: 42.539 Thread 0xc41a0580  725       3       java.util.HashMap$KeySet::iterator (12 bytes)
Event: 42.539 Thread 0xc41a0580 nmethod 725 0xe5e50288 code [0xe5e503c0, 0xe5e505ec]
Event: 42.750 Thread 0xc41a0580  726       3       script.obj_id::packAllScriptVars (100 bytes)
Event: 42.752 Thread 0xc41a0580 nmethod 726 0xe5e50708 code [0xe5e509c0, 0xe5e518d0]

GC Heap History (2 events):
Event: 34.238 GC heap before
{Heap before GC invocations=0 (full 0):
 garbage-first heap   total 131072K, used 12288K [0xc5c00000, 0xe5c00000)
  region size 1024K, 13 young (13312K), 0 survivors (0K)
 Metaspace       used 1863K, committed 2048K, reserved 16384K
}
Event: 34.276 GC heap after
{Heap after GC invocations=1 (full 0):
 garbage-first heap   total 131072K, used 2187K [0xc5c00000, 0xe5c00000)
  region size 1024K, 2 young (2048K), 2 survivors (2048K)
 Metaspace       used 1863K, committed 2048K, reserved 16384K
}

Dll operation events (4 events):
Event: 0.004 Loaded shared library /usr/lib/jvm/java-17-zulu-openjdk-jdk-x86/lib/libjava.so
Event: 40.414 Loaded shared library /usr/lib/jvm/java-17-zulu-openjdk-jdk-x86/lib/libnio.so
Event: 40.434 Loaded shared library /usr/lib/jvm/java-17-zulu-openjdk-jdk-x86/lib/libjimage.so
Event: 40.437 Loaded shared library /usr/lib/jvm/java-17-zulu-openjdk-jdk-x86/lib/libnet.so

Deoptimization events (20 events):
Event: 34.282 Thread 0x0c29c7e0 DEOPT PACKING pc=0xe5d89775 sp=0xffc1dd90
Event: 34.282 Thread 0x0c29c7e0 DEOPT UNPACKING pc=0xed2f4171 sp=0xffc1dc2c mode 0
Event: 34.452 Thread 0x0c29c7e0 Uncommon trap: trap_request=0xffffffde fr.pc=0xed8062ec relative=0x000000cc
Event: 34.452 Thread 0x0c29c7e0 Uncommon trap: reason=class_check action=maybe_recompile pc=0xed8062ec method=java.util.Arrays.hashCode([Ljava/lang/Object;)I @ 43 c2
Event: 34.452 Thread 0x0c29c7e0 DEOPT PACKING pc=0xed8062ec sp=0xffc1d860
Event: 34.452 Thread 0x0c29c7e0 DEOPT UNPACKING pc=0xed2f4d33 sp=0xffc1d834 mode 2
Event: 34.601 Thread 0x0c29c7e0 Uncommon trap: trap_request=0xffffff45 fr.pc=0xed812224 relative=0x00000ac4
Event: 34.601 Thread 0x0c29c7e0 Uncommon trap: reason=unstable_if action=reinterpret pc=0xed812224 method=java.util.HashMap.resize()[Ljava/util/HashMap$Node; @ 87 c2
Event: 34.601 Thread 0x0c29c7e0 DEOPT PACKING pc=0xed812224 sp=0xffc1db10
Event: 34.601 Thread 0x0c29c7e0 DEOPT UNPACKING pc=0xed2f4d33 sp=0xffc1dae4 mode 2
Event: 38.479 Thread 0x0c29c7e0 Uncommon trap: trap_request=0xffffff45 fr.pc=0xed820018 relative=0x000000f8
Event: 38.479 Thread 0x0c29c7e0 Uncommon trap: reason=unstable_if action=reinterpret pc=0xed820018 method=java.lang.Long.valueOf(J)Ljava/lang/Long; @ 9 c2
Event: 38.479 Thread 0x0c29c7e0 DEOPT PACKING pc=0xed820018 sp=0xffc1e1e0
Event: 38.479 Thread 0x0c29c7e0 DEOPT UNPACKING pc=0xed2f4d33 sp=0xffc1e1a8 mode 2
Event: 38.583 Thread 0x0c29c7e0 DEOPT PACKING pc=0xe5e0dc2e sp=0xffc1dbf0
Event: 38.583 Thread 0x0c29c7e0 DEOPT UNPACKING pc=0xed2f4171 sp=0xffc1da94 mode 0
Event: 38.797 Thread 0x0c29c7e0 Uncommon trap: trap_request=0xffffff6e fr.pc=0xed815558 relative=0x00000438
Event: 38.797 Thread 0x0c29c7e0 Uncommon trap: reason=loop_limit_check action=maybe_recompile pc=0xed815558 method=java.lang.StringLatin1.indexOf([BI[BII)I @ 37 c2
Event: 38.797 Thread 0x0c29c7e0 DEOPT PACKING pc=0xed815558 sp=0xffc1de90
Event: 38.797 Thread 0x0c29c7e0 DEOPT UNPACKING pc=0xed2f4d33 sp=0xffc1de6c mode 2

Classes unloaded (0 events):
No events

Classes redefined (0 events):
No events

Internal exceptions (2 events):
Event: 38.481 Thread 0x0c29c7e0 Exception <a 'java/lang/NoSuchMethodError'{0xcd3852b8}: static [Ljava/lang/String;.<clinit>()V> (0xcd3852b8) 
thrown [src/hotspot/share/prims/jni.cpp, line 1112]
Event: 40.443 Thread 0x0c29c7e0 Exception <a 'java/lang/NoSuchMethodError'{0xcd06e168}: 'java.lang.Object java.lang.invoke.DirectMethodHandle$Holder.invokeStaticInit(java.lang.Object)'> (0xcd06e168) 
thrown [src/hotspot/share/interpreter/linkResolver.cpp, line 759]

VM Operations (20 events):
Event: 32.558 Executing VM operation: Cleanup
Event: 32.558 Executing VM operation: Cleanup done
Event: 33.559 Executing VM operation: Cleanup
Event: 33.559 Executing VM operation: Cleanup done
Event: 34.238 Executing VM operation: G1CollectForAllocation
Event: 34.276 Executing VM operation: G1CollectForAllocation done
Event: 35.286 Executing VM operation: Cleanup
Event: 35.286 Executing VM operation: Cleanup done
Event: 38.301 Executing VM operation: Cleanup
Event: 38.301 Executing VM operation: Cleanup done
Event: 38.504 Executing VM operation: HandshakeAllThreads
Event: 38.504 Executing VM operation: HandshakeAllThreads done
Event: 38.515 Executing VM operation: HandshakeAllThreads
Event: 38.515 Executing VM operation: HandshakeAllThreads done
Event: 39.515 Executing VM operation: Cleanup
Event: 39.515 Executing VM operation: Cleanup done
Event: 40.515 Executing VM operation: Cleanup
Event: 40.515 Executing VM operation: Cleanup done
Event: 43.521 Executing VM operation: Cleanup
Event: 43.521 Executing VM operation: Cleanup done

Events (20 events):
Event: 40.445 loading class java/lang/System$Logger$Level done
Event: 40.446 loading class jdk/internal/logger/SurrogateLogger
Event: 40.446 loading class jdk/internal/logger/SimpleConsoleLogger
Event: 40.446 loading class sun/util/logging/PlatformLogger$ConfigurableBridge$LoggerConfiguration
Event: 40.446 loading class sun/util/logging/PlatformLogger$ConfigurableBridge$LoggerConfiguration done
Event: 40.446 loading class jdk/internal/logger/SimpleConsoleLogger done
Event: 40.446 loading class jdk/internal/logger/SurrogateLogger done
Event: 40.446 loading class sun/util/logging/PlatformLogger
Event: 40.446 loading class sun/util/logging/PlatformLogger done
Event: 40.446 loading class sun/util/logging/PlatformLogger$Level
Event: 40.446 loading class sun/util/logging/PlatformLogger$Level done
Event: 40.447 loading class jdk/internal/event/DeserializationEvent
Event: 40.447 loading class jdk/internal/event/DeserializationEvent done
Event: 40.447 loading class java/io/ObjectInputStream$FieldValues
Event: 40.447 loading class java/io/ObjectInputStream$GetField
Event: 40.447 loading class java/io/ObjectInputStream$GetField done
Event: 40.447 loading class java/io/ObjectInputStream$FieldValues done
Event: 67.615 Thread 0x0c29c7e0 Thread exited: 0x0c29c7e0
Event: 67.625 Thread 0xf5e242d0 Thread exited: 0xf5e242d0
Event: 67.625 Thread 0xc419bff0 Thread exited: 0xc419bff0


Dynamic libraries:
08048000-09298000 r-xp 00000000 08:04 494947248                          /home/almalinux/swg-returns-nge/build/bin/SwgGameServer
09298000-0929c000 rw-p 0124f000 08:04 494947248                          /home/almalinux/swg-returns-nge/build/bin/SwgGameServer
0929c000-09b1f000 rw-p 00000000 00:00 0 
0abd1000-0de4a000 rw-p 00000000 00:00 0                                  [heap]
c0e7f000-c0e83000 ---p 00000000 00:00 0 
c0e83000-c0f00000 rw-p 00000000 00:00 0 
c0f00000-c0f8d000 rw-p 00000000 00:00 0 
c0f8d000-c1000000 ---p 00000000 00:00 0 
c106e000-c106f000 ---p 00000000 00:00 0 
c106f000-c10ef000 rw-p 00000000 00:00 0 
c1200000-c129d000 rw-p 00000000 00:00 0 
c129d000-c1300000 ---p 00000000 00:00 0 
c137b000-c137c000 ---p 00000000 00:00 0 
c137c000-c13fc000 rw-p 00000000 00:00 0 
c13fc000-c1400000 ---p 00000000 00:00 0 
c1400000-c147d000 rw-p 00000000 00:00 0 
c167f000-c1683000 ---p 00000000 00:00 0 
c1683000-c1740000 rw-p 00000000 00:00 0 
c1740000-c1744000 ---p 00000000 00:00 0 
c1744000-c1801000 rw-p 00000000 00:00 0 
c1801000-c1802000 ---p 00000000 00:00 0 
c1802000-c1882000 rw-p 00000000 00:00 0 
c1882000-c1886000 ---p 00000000 00:00 0 
c1886000-c1943000 rw-p 00000000 00:00 0 
c1943000-c1947000 ---p 00000000 00:00 0 
c1947000-c1a04000 rw-p 00000000 00:00 0 
c1a04000-c1a08000 ---p 00000000 00:00 0 
c1a08000-c1ac5000 rw-p 00000000 00:00 0 
c1ac5000-c1ac9000 ---p 00000000 00:00 0 
c1ac9000-c1b86000 rw-p 00000000 00:00 0 
c1b86000-c1e00000 r--p 00078000 08:04 535181                             /usr/lib/locale/locale-archive
c1e00000-c2000000 r--p 00000000 08:04 535181                             /usr/lib/locale/locale-archive
c2000000-c2130000 rw-p 00000000 00:00 0 
c2130000-c2400000 ---p 00000000 00:00 0 
c2400000-c25f0000 rw-p 00000000 00:00 0 
c25f0000-c3000000 ---p 00000000 00:00 0 
c303c000-c3040000 ---p 00000000 00:00 0 
c3040000-c30bd000 rw-p 00000000 00:00 0 
c30bd000-c30c1000 ---p 00000000 00:00 0 
c30c1000-c317e000 rw-p 00000000 00:00 0 
c317e000-c3182000 ---p 00000000 00:00 0 
c3182000-c323f000 rw-p 00000000 00:00 0 
c323f000-c3243000 ---p 00000000 00:00 0 
c3243000-c3300000 rw-p 00000000 00:00 0 
c3300000-c3321000 rw-p 00000000 00:00 0 
c3321000-c3400000 ---p 00000000 00:00 0 
c3431000-c3435000 ---p 00000000 00:00 0 
c3435000-c34b2000 rw-p 00000000 00:00 0 
c34b2000-c34b3000 ---p 00000000 00:00 0 
c34b3000-c3533000 rw-p 00000000 00:00 0 
c3533000-c3e00000 rw-p 00001000 08:04 143240867                          /usr/lib/jvm/java-17-zulu-openjdk-jdk-x86/lib/server/classes.jsa
c3e00000-c3e21000 rw-p 00000000 00:00 0 
c3e21000-c3f00000 ---p 00000000 00:00 0 
c3f7f000-c3f80000 ---p 00000000 00:00 0 
c3f80000-c4000000 rw-p 00000000 00:00 0 
c4000000-c4021000 rw-p 00000000 00:00 0 
c4021000-c4100000 ---p 00000000 00:00 0 
c4100000-c41d3000 rw-p 00000000 00:00 0 
c41d3000-c4200000 ---p 00000000 00:00 0 
c427f000-c4280000 ---p 00000000 00:00 0 
c4280000-c4300000 rw-p 00000000 00:00 0 
c4300000-c435b000 rw-p 00000000 00:00 0 
c435b000-c4400000 ---p 00000000 00:00 0 
c447f000-c4480000 ---p 00000000 00:00 0 
c4480000-c4500000 rw-p 00000000 00:00 0 
c4500000-c45e7000 rw-p 00000000 00:00 0 
c45e7000-c4600000 ---p 00000000 00:00 0 
c467f000-c4680000 ---p 00000000 00:00 0 
c4680000-c4700000 rw-p 00000000 00:00 0 
c4700000-c4800000 rw-p 00000000 00:00 0 
c487f000-c4880000 ---p 00000000 00:00 0 
c4880000-c4b00000 rw-p 00000000 00:00 0 
c4b00000-c5100000 ---p 00000000 00:00 0 
c5100000-c5300000 rw-p 00000000 00:00 0 
c5300000-c5900000 ---p 00000000 00:00 0 
c5900000-c5940000 rw-p 00000000 00:00 0 
c5940000-c5a00000 ---p 00000000 00:00 0 
c5a00000-c5a40000 rw-p 00000000 00:00 0 
c5a40000-c5b00000 ---p 00000000 00:00 0 
c5b00000-c5b40000 rw-p 00000000 00:00 0 
c5b40000-c5c00000 ---p 00000000 00:00 0 
c5c00000-cdc00000 rw-p 00000000 00:00 0 
cdc00000-e5c00000 ---p 00000000 00:00 0 
e5c65000-e5c6a000 rw-p 00000000 00:00 0 
e5c6a000-e5d50000 ---p 00000000 00:00 0 
e5d50000-e5f90000 rwxp 00000000 00:00 0 
e5f90000-ed2ab000 ---p 00000000 00:00 0 
ed2ab000-ed4eb000 rwxp 00000000 00:00 0 
ed4eb000-ed7f5000 ---p 00000000 00:00 0 
ed7f5000-eda35000 rwxp 00000000 00:00 0 
eda35000-f4d50000 ---p 00000000 00:00 0 
f4d50000-f4eb8000 r--s 00000000 08:04 117534333                          /usr/lib/jvm/java-17-zulu-openjdk-jdk-x86/lib/modules
f4eb8000-f5d5a000 r-xp 00000000 08:04 143240869                          /usr/lib/jvm/java-17-zulu-openjdk-jdk-x86/lib/server/libjvm.so
f5d5a000-f5daf000 r--p 00ea1000 08:04 143240869                          /usr/lib/jvm/java-17-zulu-openjdk-jdk-x86/lib/server/libjvm.so
f5daf000-f5dd0000 rw-p 00ef6000 08:04 143240869                          /usr/lib/jvm/java-17-zulu-openjdk-jdk-x86/lib/server/libjvm.so
f5dd0000-f5e00000 rw-p 00000000 00:00 0 
f5e00000-f5f00000 rw-p 00000000 00:00 0 
f5f6b000-f5f6c000 ---p 00000000 00:00 0 
f5f6c000-f5f70000 ---p 00000000 00:00 0 
f5f70000-f6ae4000 rw-p 00000000 00:00 0 
f6af0000-f6b05000 r-xp 00000000 08:04 117534323                          /usr/lib/jvm/java-17-zulu-openjdk-jdk-x86/lib/libnet.so
f6b05000-f6b06000 r--p 00014000 08:04 117534323                          /usr/lib/jvm/java-17-zulu-openjdk-jdk-x86/lib/libnet.so
f6b06000-f6b07000 rw-p 00015000 08:04 117534323                          /usr/lib/jvm/java-17-zulu-openjdk-jdk-x86/lib/libnet.so
f6b07000-f6b0c000 rw-p 00000000 00:00 0 
f6b0c000-f6bf2000 ---p 00000000 00:00 0 
f6e2c000-f6e3e000 r-xp 00000000 08:04 117534324                          /usr/lib/jvm/java-17-zulu-openjdk-jdk-x86/lib/libnio.so
f6e3e000-f6e3f000 r--p 00011000 08:04 117534324                          /usr/lib/jvm/java-17-zulu-openjdk-jdk-x86/lib/libnio.so
f6e3f000-f6e40000 rw-p 00012000 08:04 117534324                          /usr/lib/jvm/java-17-zulu-openjdk-jdk-x86/lib/libnio.so
f6e40000-f6e69000 rw-p 00000000 00:00 0 
f6e69000-f6e8c000 r-xp 00000000 08:04 117534310                          /usr/lib/jvm/java-17-zulu-openjdk-jdk-x86/lib/libjava.so
f6e8c000-f6e8d000 r--p 00022000 08:04 117534310                          /usr/lib/jvm/java-17-zulu-openjdk-jdk-x86/lib/libjava.so
f6e8d000-f6e8e000 rw-p 00023000 08:04 117534310                          /usr/lib/jvm/java-17-zulu-openjdk-jdk-x86/lib/libjava.so
f6e8e000-f6e9a000 r-xp 00000000 08:04 16831767                           /usr/lib/libnss_files-2.28.so
f6e9a000-f6e9b000 r--p 0000b000 08:04 16831767                           /usr/lib/libnss_files-2.28.so
f6e9b000-f6e9c000 rw-p 0000c000 08:04 16831767                           /usr/lib/libnss_files-2.28.so
f6e9c000-f6ea2000 rw-p 00000000 00:00 0 
f6ea8000-f6ead000 rw-p 00000000 00:00 0 
f6ead000-f6eb3000 ---p 00000000 00:00 0 
f6eb3000-f6ece000 r-xp 00000000 08:04 117534314                          /usr/lib/jvm/java-17-zulu-openjdk-jdk-x86/lib/libjimage.so
f6ece000-f6ecf000 ---p 0001b000 08:04 117534314                          /usr/lib/jvm/java-17-zulu-openjdk-jdk-x86/lib/libjimage.so
f6ecf000-f6ed0000 r--p 0001b000 08:04 117534314                          /usr/lib/jvm/java-17-zulu-openjdk-jdk-x86/lib/libjimage.so
f6ed0000-f6ed1000 rw-p 0001c000 08:04 117534314                          /usr/lib/jvm/java-17-zulu-openjdk-jdk-x86/lib/libjimage.so
f6ed1000-f6ed5000 rw-p 00000000 00:00 0 
f6ed5000-f6f5d000 r-xp 00000000 08:04 17191875                           /usr/lib/libpcre2-8.so.0.7.1
f6f5d000-f6f5e000 r--p 00087000 08:04 17191875                           /usr/lib/libpcre2-8.so.0.7.1
f6f5e000-f6f5f000 rw-p 00088000 08:04 17191875                           /usr/lib/libpcre2-8.so.0.7.1
f6f5f000-f6f7f000 r-xp 00000000 08:04 17021543                           /usr/lib/libcrypt.so.1.1.0
f6f7f000-f6f80000 ---p 00020000 08:04 17021543                           /usr/lib/libcrypt.so.1.1.0
f6f80000-f6f81000 r--p 00020000 08:04 17021543                           /usr/lib/libcrypt.so.1.1.0
f6f81000-f6f8a000 rw-p 00000000 00:00 0 
f6f8a000-f6fb5000 r-xp 00000000 08:04 17191887                           /usr/lib/libselinux.so.1
f6fb5000-f6fb6000 ---p 0002b000 08:04 17191887                           /usr/lib/libselinux.so.1
f6fb6000-f6fb7000 r--p 0002b000 08:04 17191887                           /usr/lib/libselinux.so.1
f6fb7000-f6fb8000 rw-p 0002c000 08:04 17191887                           /usr/lib/libselinux.so.1
f6fb8000-f6fb9000 rw-p 00000000 00:00 0 
f6fb9000-f6fd8000 r-xp 00000000 08:04 18866589                           /usr/lib/libbrotlicommon.so.1.0.6
f6fd8000-f6fd9000 r--p 0001e000 08:04 18866589                           /usr/lib/libbrotlicommon.so.1.0.6
f6fd9000-f6fda000 rw-p 0001f000 08:04 18866589                           /usr/lib/libbrotlicommon.so.1.0.6
f6fda000-f6ff8000 r-xp 00000000 08:04 17191915                           /usr/lib/libsasl2.so.3.0.0
f6ff8000-f6ff9000 ---p 0001e000 08:04 17191915                           /usr/lib/libsasl2.so.3.0.0
f6ff9000-f6ffa000 r--p 0001e000 08:04 17191915                           /usr/lib/libsasl2.so.3.0.0
f6ffa000-f6ffb000 rw-p 0001f000 08:04 17191915                           /usr/lib/libsasl2.so.3.0.0
f6ffb000-f6ffd000 rw-p 00000000 00:00 0 
f6ffd000-f7011000 r-xp 00000000 08:04 16831772                           /usr/lib/libresolv-2.28.so
f7011000-f7012000 ---p 00014000 08:04 16831772                           /usr/lib/libresolv-2.28.so
f7012000-f7013000 r--p 00014000 08:04 16831772                           /usr/lib/libresolv-2.28.so
f7013000-f7014000 rw-p 00015000 08:04 16831772                           /usr/lib/libresolv-2.28.so
f7014000-f7016000 rw-p 00000000 00:00 0 
f7016000-f7019000 r-xp 00000000 08:04 17191893                           /usr/lib/libkeyutils.so.1.6
f7019000-f701a000 ---p 00003000 08:04 17191893                           /usr/lib/libkeyutils.so.1.6
f701a000-f701b000 r--p 00003000 08:04 17191893                           /usr/lib/libkeyutils.so.1.6
f701b000-f701c000 rw-p 00000000 00:00 0 
f701c000-f702c000 r-xp 00000000 08:04 17021560                           /usr/lib/libkrb5support.so.0.1
f702c000-f702d000 r--p 0000f000 08:04 17021560                           /usr/lib/libkrb5support.so.0.1
f702d000-f702e000 rw-p 00010000 08:04 17021560                           /usr/lib/libkrb5support.so.0.1
f702e000-f7036000 r-xp 00000000 08:04 16831774                           /usr/lib/librt-2.28.so
f7036000-f7037000 r--p 00007000 08:04 16831774                           /usr/lib/librt-2.28.so
f7037000-f7038000 rw-p 00008000 08:04 16831774                           /usr/lib/librt-2.28.so
f7038000-f71b7000 r-xp 00000000 08:04 17021545                           /usr/lib/libunistring.so.2.1.0
f71b7000-f71b8000 ---p 0017f000 08:04 17021545                           /usr/lib/libunistring.so.2.1.0
f71b8000-f71ba000 r--p 0017f000 08:04 17021545                           /usr/lib/libunistring.so.2.1.0
f71ba000-f71bb000 rw-p 00181000 08:04 17021545                           /usr/lib/libunistring.so.2.1.0
f71bb000-f71e5000 r-xp 00000000 08:04 18654292                           /usr/lib/liblzma.so.5.2.4
f71e5000-f71e6000 r--p 00029000 08:04 18654292                           /usr/lib/liblzma.so.5.2.4
f71e6000-f71e7000 rw-p 00000000 00:00 0 
f71e7000-f71f3000 r-xp 00000000 08:04 17191936                           /usr/lib/libbrotlidec.so.1.0.6
f71f3000-f71f4000 r--p 0000b000 08:04 17191936                           /usr/lib/libbrotlidec.so.1.0.6
f71f4000-f71f5000 rw-p 00000000 00:00 0 
f71f5000-f7204000 r-xp 00000000 08:04 17191918                           /usr/lib/liblber-2.4.so.2.10.9
f7204000-f7205000 r--p 0000e000 08:04 17191918                           /usr/lib/liblber-2.4.so.2.10.9
f7205000-f7206000 rw-p 0000f000 08:04 17191918                           /usr/lib/liblber-2.4.so.2.10.9
f7206000-f725b000 r-xp 00000000 08:04 17191920                           /usr/lib/libldap-2.4.so.2.10.9
f725b000-f725c000 ---p 00055000 08:04 17191920                           /usr/lib/libldap-2.4.so.2.10.9
f725c000-f725d000 r--p 00055000 08:04 17191920                           /usr/lib/libldap-2.4.so.2.10.9
f725d000-f725e000 rw-p 00056000 08:04 17191920                           /usr/lib/libldap-2.4.so.2.10.9
f725e000-f7260000 rw-p 00000000 00:00 0 
f7260000-f7263000 r-xp 00000000 08:04 16994899                           /usr/lib/libcom_err.so.2.1
f7263000-f7264000 r--p 00002000 08:04 16994899                           /usr/lib/libcom_err.so.2.1
f7264000-f7265000 rw-p 00003000 08:04 16994899                           /usr/lib/libcom_err.so.2.1
f7265000-f727b000 r-xp 00000000 08:04 17021552                           /usr/lib/libk5crypto.so.3.1
f727b000-f727c000 ---p 00016000 08:04 17021552                           /usr/lib/libk5crypto.so.3.1
f727c000-f727d000 r--p 00016000 08:04 17021552                           /usr/lib/libk5crypto.so.3.1
f727d000-f727e000 rw-p 00017000 08:04 17021552                           /usr/lib/libk5crypto.so.3.1
f727e000-f7361000 r-xp 00000000 08:04 17021558                           /usr/lib/libkrb5.so.3.3
f7361000-f7368000 r--p 000e2000 08:04 17021558                           /usr/lib/libkrb5.so.3.3
f7368000-f7369000 rw-p 000e9000 08:04 17021558                           /usr/lib/libkrb5.so.3.3
f7369000-f73c4000 r-xp 00000000 08:04 17021548                           /usr/lib/libgssapi_krb5.so.2.2
f73c4000-f73c6000 r--p 0005a000 08:04 17021548                           /usr/lib/libgssapi_krb5.so.2.2
f73c6000-f73c7000 rw-p 0005c000 08:04 17021548                           /usr/lib/libgssapi_krb5.so.2.2
f73c7000-f7678000 r-xp 00000000 08:04 18627877                           /usr/lib/libcrypto.so.1.1.1k
f7678000-f7691000 r--p 002b0000 08:04 18627877                           /usr/lib/libcrypto.so.1.1.1k
f7691000-f7693000 rw-p 002c9000 08:04 18627877                           /usr/lib/libcrypto.so.1.1.1k
f7693000-f7697000 rw-p 00000000 00:00 0 
f7697000-f7729000 r-xp 00000000 08:04 18627879                           /usr/lib/libssl.so.1.1.1k
f7729000-f772f000 r--p 00091000 08:04 18627879                           /usr/lib/libssl.so.1.1.1k
f772f000-f7733000 rw-p 00097000 08:04 18627879                           /usr/lib/libssl.so.1.1.1k
f7733000-f7743000 r-xp 00000000 08:04 18660120                           /usr/lib/libpsl.so.5.3.1
f7743000-f7744000 r--p 0000f000 08:04 18660120                           /usr/lib/libpsl.so.5.3.1
f7744000-f7745000 rw-p 00000000 00:00 0 
f7745000-f77c2000 r-xp 00000000 08:04 16994901                           /usr/lib/libssh.so.4.8.7
f77c2000-f77c3000 ---p 0007d000 08:04 16994901                           /usr/lib/libssh.so.4.8.7
f77c3000-f77c4000 r--p 0007d000 08:04 16994901                           /usr/lib/libssh.so.4.8.7
f77c4000-f77c5000 rw-p 0007e000 08:04 16994901                           /usr/lib/libssh.so.4.8.7
f77c5000-f77e2000 r-xp 00000000 08:04 17040588                           /usr/lib/libidn2.so.0.3.6
f77e2000-f77e3000 r--p 0001c000 08:04 17040588                           /usr/lib/libidn2.so.0.3.6
f77e3000-f77e4000 rw-p 00000000 00:00 0 
f77e4000-f780c000 r-xp 00000000 08:04 17191891                           /usr/lib/libnghttp2.so.14.17.0
f780c000-f780d000 r--p 00027000 08:04 17191891                           /usr/lib/libnghttp2.so.14.17.0
f780d000-f780f000 rw-p 00028000 08:04 17191891                           /usr/lib/libnghttp2.so.14.17.0
f780f000-f79b1000 r-xp 00000000 08:04 16831756                           /usr/lib/libc-2.28.so
f79b1000-f79b2000 ---p 001a2000 08:04 16831756                           /usr/lib/libc-2.28.so
f79b2000-f79b4000 r--p 001a2000 08:04 16831756                           /usr/lib/libc-2.28.so
f79b4000-f79b5000 rw-p 001a4000 08:04 16831756                           /usr/lib/libc-2.28.so
f79b5000-f79ba000 rw-p 00000000 00:00 0 
f79ba000-f79d5000 r-xp 00000000 08:04 16985139                           /usr/lib/libgcc_s-8-20210514.so.1
f79d5000-f79d6000 r--p 0001a000 08:04 16985139                           /usr/lib/libgcc_s-8-20210514.so.1
f79d6000-f79d7000 rw-p 0001b000 08:04 16985139                           /usr/lib/libgcc_s-8-20210514.so.1
f79d7000-f7aa7000 r-xp 00000000 08:04 16831760                           /usr/lib/libm-2.28.so
f7aa7000-f7aa8000 r--p 000cf000 08:04 16831760                           /usr/lib/libm-2.28.so
f7aa8000-f7aa9000 rw-p 000d0000 08:04 16831760                           /usr/lib/libm-2.28.so
f7aa9000-f7c32000 r-xp 00000000 08:04 16985145                           /usr/lib/libstdc++.so.6.0.25
f7c32000-f7c33000 ---p 00189000 08:04 16985145                           /usr/lib/libstdc++.so.6.0.25
f7c33000-f7c39000 r--p 00189000 08:04 16985145                           /usr/lib/libstdc++.so.6.0.25
f7c39000-f7c3a000 rw-p 0018f000 08:04 16985145                           /usr/lib/libstdc++.so.6.0.25
f7c3a000-f7c3c000 rw-p 00000000 00:00 0 
f7c3c000-f7c53000 r-xp 00000000 08:04 16963437                           /usr/lib/libz.so.1.2.11
f7c53000-f7c54000 ---p 00017000 08:04 16963437                           /usr/lib/libz.so.1.2.11
f7c54000-f7c55000 r--p 00017000 08:04 16963437                           /usr/lib/libz.so.1.2.11
f7c55000-f7c56000 rw-p 00000000 00:00 0 
f7c56000-f7dd3000 r-xp 00000000 08:04 16963397                           /usr/lib/libxml2.so.2.9.7
f7dd3000-f7dd8000 r--p 0017c000 08:04 16963397                           /usr/lib/libxml2.so.2.9.7
f7dd8000-f7dd9000 rw-p 00181000 08:04 16963397                           /usr/lib/libxml2.so.2.9.7
f7dd9000-f7dda000 rw-p 00000000 00:00 0 
f7dda000-f7df6000 r-xp 00000000 08:04 16831770                           /usr/lib/libpthread-2.28.so
f7df6000-f7df7000 r--p 0001b000 08:04 16831770                           /usr/lib/libpthread-2.28.so
f7df7000-f7df8000 rw-p 0001c000 08:04 16831770                           /usr/lib/libpthread-2.28.so
f7df8000-f7dfa000 rw-p 00000000 00:00 0 
f7dfa000-f7e6e000 r-xp 00000000 08:04 16818911                           /usr/lib/libpcre.so.1.2.10
f7e6e000-f7e6f000 ---p 00074000 08:04 16818911                           /usr/lib/libpcre.so.1.2.10
f7e6f000-f7e70000 r--p 00074000 08:04 16818911                           /usr/lib/libpcre.so.1.2.10
f7e70000-f7e71000 rw-p 00075000 08:04 16818911                           /usr/lib/libpcre.so.1.2.10
f7e71000-f7e74000 r-xp 00000000 08:04 16831758                           /usr/lib/libdl-2.28.so
f7e74000-f7e75000 r--p 00002000 08:04 16831758                           /usr/lib/libdl-2.28.so
f7e75000-f7e76000 rw-p 00003000 08:04 16831758                           /usr/lib/libdl-2.28.so
f7e76000-f7f13000 r-xp 00000000 08:04 16994905                           /usr/lib/libcurl.so.4.5.0
f7f13000-f7f15000 r--p 0009c000 08:04 16994905                           /usr/lib/libcurl.so.4.5.0
f7f15000-f7f16000 rw-p 0009e000 08:04 16994905                           /usr/lib/libcurl.so.4.5.0
f7f16000-f7f1d000 r--s 00000000 08:04 176632422                          /usr/lib/gconv/gconv-modules.cache
f7f1d000-f7f25000 rw-s 00000000 08:04 151636403                          /tmp/hsperfdata_almalinux/1439256 (deleted)
f7f25000-f7f26000 ---p 00000000 00:00 0 
f7f26000-f7f27000 r--p 00000000 00:00 0 
f7f27000-f7f29000 rw-p 00000000 00:00 0 
f7f29000-f7f2d000 r--p 00000000 00:00 0                                  [vvar]
f7f2d000-f7f2f000 r-xp 00000000 00:00 0                                  [vdso]
f7f2f000-f7f5e000 r-xp 00000000 08:04 16831749                           /usr/lib/ld-2.28.so
f7f5e000-f7f5f000 ---p 00000000 00:00 0 
f7f5f000-f7f60000 r--p 0002f000 08:04 16831749                           /usr/lib/ld-2.28.so
f7f60000-f7f61000 rw-p 00030000 08:04 16831749                           /usr/lib/ld-2.28.so
ffa5e000-ffa5f000 rwxp 00000000 00:00 0 
ffb67000-ffc23000 rw-p 00000000 00:00 0                                  [stack]


VM Arguments:
jvm_args: -Xms128m -Xmx512m -Xss768k -XX:MaxMetaspaceSize=96m -Xrs -XX:-UsePerfData -XX:-AllowUserSignalHandlers -XX:UseSSE=3 -XX+DoEscapeAnalysis -XX:AutoBoxCacheMax:2000 -XX:+OptimizeStringConcat -XX:+OptimizeFill -XX:+EliminateAutoBox -XX:+UseCompressedStrings -XX:+UseCompressedOops -XX:+EliminateLocks -XX:UseFastAccessorMethods -XX:+UseStringCache -XgcPrio:throughput -XXkeepAreaRatio:1 -XXlazyUnlocking -XXcallProfiling -XXcompactRatio:1 
java_command: <unknown>
java_class_path (initial): ../../data/sku.0/sys.server/compiled/game/
Launcher Type: generic

[Global flags]
     intx CICompilerCount                          = 3                                         {product} {ergonomic}
     uint ConcGCThreads                            = 1                                         {product} {ergonomic}
     uint G1ConcRefinementThreads                  = 4                                         {product} {ergonomic}
   size_t G1HeapRegionSize                         = 1048576                                   {product} {ergonomic}
    uintx GCDrainStackTargetSize                   = 64                                        {product} {ergonomic}
   size_t InitialHeapSize                          = 134217728                                 {product} {command line}
   size_t MarkStackSize                            = 32768                                     {product} {ergonomic}
   size_t MaxHeapSize                              = 536870912                                 {product} {command line}
   size_t MaxMetaspaceSize                         = 100663296                                 {product} {command line}
   size_t MaxNewSize                               = 321912832                                 {product} {ergonomic}
   size_t MinHeapDeltaBytes                        = 1048576                                   {product} {ergonomic}
   size_t MinHeapSize                              = 134217728                                 {product} {command line}
    uintx NonNMethodCodeHeapSize                   = 5544422                                {pd product} {ergonomic}
    uintx NonProfiledCodeHeapSize                  = 123056909                              {pd product} {ergonomic}
    uintx ProfiledCodeHeapSize                     = 123056909                              {pd product} {ergonomic}
    uintx ReservedCodeCacheSize                    = 251658240                              {pd product} {ergonomic}
     bool SegmentedCodeCache                       = true                                      {product} {ergonomic}
   size_t SoftMaxHeapSize                          = 536870912                              {manageable} {ergonomic}
   double SweeperThreshold                         = 0.500000                                  {product} {ergonomic}
     intx ThreadStackSize                          = 768                                    {pd product} {command line}
     bool UseG1GC                                  = true                                      {product} {ergonomic}

Logging:
Log output configuration:
 #0: stdout all=off uptime,level,tags
 #1: stderr all=off uptime,level,tags

Environment Variables:
JAVA_HOME=/usr/lib/jvm/zulu-17-x86
PATH=/usr/java/jdk1.7.0_80/bin:/usr/java/jdk1.7.0_80/bin:/usr/java/jdk1.6.0_45/bin:/usr/java/jdk1.6.0_45/bin:/usr/java/jdk1.6.0_45/bin:/home/almalinux/.local/bin:/home/almalinux/bin:/sbin:/bin:/usr/bin:/usr/local/bin:/usr/local/sbin:/usr/sbin:/usr/lib/oracle/18.3/client/bin:/usr/lib/oracle/18.3/client/bin:/usr/lib/jvm/java-11-openjdk/bin:./
LD_LIBRARY_PATH=/usr/lib/jvm/java-17-zulu-openjdk-jdk-x86/lib/server:/usr/lib/jvm/java-17-zulu-openjdk-jdk-x86/lib:/usr/lib/jvm/java-17-zulu-openjdk-jdk-x86/../lib:/usr/lib/jvm/zulu-11-x86/lib/server:/usr/lib/jvm/java-11-openjdk/lib:/usr/lib/jvm/java-11-openjdk/lib/server:./
SHELL=/bin/bash
DISPLAY=:10.0
LANG=en_US.UTF-8
TERM=xterm-256color

Active Locale:
LC_ALL=en_US.UTF-8
LC_COLLATE=en_US.UTF-8
LC_CTYPE=en_US.UTF-8
LC_MESSAGES=en_US.UTF-8
LC_MONETARY=en_US.UTF-8
LC_NUMERIC=en_US.UTF-8
LC_TIME=en_US.UTF-8

Signal Handlers:
   SIGSEGV: crash_handler in libjvm.so, mask=11100100010111111101111111111110, flags=SA_RESTART|SA_SIGINFO, unblocked
    SIGBUS: crash_handler in libjvm.so, mask=11100100010111111101111111111110, flags=SA_RESTART|SA_SIGINFO, unblocked
    SIGFPE: crash_handler in libjvm.so, mask=11100100010111111101111111111110, flags=SA_RESTART|SA_SIGINFO, unblocked
   SIGPIPE: SIG_IGN, mask=00000000000010000000000000000000, flags=SA_RESTART, blocked
  *** Handler was modified!
  *** Expected: javaSignalHandler in libjvm.so, mask=11100100110111111111111111111110, flags=SA_RESTART|SA_SIGINFO
   SIGXFSZ: javaSignalHandler in libjvm.so, mask=11100100010111111101111111111110, flags=SA_RESTART|SA_SIGINFO, blocked
    SIGILL: crash_handler in libjvm.so, mask=11100100010111111101111111111110, flags=SA_RESTART|SA_SIGINFO, unblocked
   SIGUSR2: SR_handler in libjvm.so, mask=00100000000000000000000000000000, flags=SA_RESTART|SA_SIGINFO, blocked
    SIGHUP: UserHandler in libjvm.so, mask=11100100010111111101111111111110, flags=SA_RESTART|SA_SIGINFO, blocked
    SIGINT: UserHandler in libjvm.so, mask=11100100010111111101111111111110, flags=SA_RESTART|SA_SIGINFO, blocked
   SIGTERM: UserHandler in libjvm.so, mask=11100100010111111101111111111110, flags=SA_RESTART|SA_SIGINFO, blocked
   SIGQUIT: UserHandler in libjvm.so, mask=11100100010111111101111111111110, flags=SA_RESTART|SA_SIGINFO, blocked
   SIGTRAP: crash_handler in libjvm.so, mask=11100100010111111101111111111110, flags=SA_RESTART|SA_SIGINFO, unblocked


Periodic native trim disabled


---------------  S Y S T E M  ---------------

OS:
AlmaLinux release 8.10 (Cerulean Leopard)
uname: Linux 4.18.0-553.81.1.el8_10.x86_64 #1 SMP Mon Oct 27 11:29:19 EDT 2025 x86_64
OS uptime: 33 days 23:53 hours
libc: glibc 2.28 NPTL 2.28 
rlimit (soft/hard): STACK 8192k/infinity , CORE 0k/infinity , NPROC 61995/61995 , NOFILE 262144/262144 , AS infinity/infinity , CPU infinity/infinity , DATA infinity/infinity , FSIZE infinity/infinity , MEMLOCK 64k/64k
load average: 28.88 17.47 22.14

/proc/meminfo:
MemTotal:       16014448 kB
MemFree:         2757816 kB
MemAvailable:    6609600 kB
Buffers:            1056 kB
Cached:          6345532 kB
SwapCached:         1820 kB
Active:          3488624 kB
Inactive:        8485160 kB
Active(anon):    2065288 kB
Inactive(anon):  6419208 kB
Active(file):    1423336 kB
Inactive(file):  2065952 kB
Unevictable:        3104 kB
Mlocked:              16 kB
SwapTotal:       8388604 kB
SwapFree:        8370064 kB
Dirty:               604 kB
Writeback:             0 kB
AnonPages:       5612452 kB
Mapped:          1582168 kB
Shmem:           2857100 kB
KReclaimable:     539540 kB
Slab:             733144 kB
SReclaimable:     539540 kB
SUnreclaim:       193604 kB
KernelStack:       24936 kB
PageTables:       155420 kB
NFS_Unstable:          0 kB
Bounce:                0 kB
WritebackTmp:          0 kB
CommitLimit:    16395828 kB
Committed_AS:   23099804 kB
VmallocTotal:   34359738367 kB
VmallocUsed:       71000 kB
VmallocChunk:          0 kB
Percpu:             2704 kB
HardwareCorrupted:     0 kB
AnonHugePages:         0 kB
ShmemHugePages:        0 kB
ShmemPmdMapped:        0 kB
FileHugePages:         0 kB
FilePmdMapped:         0 kB
HugePages_Total:       0
HugePages_Free:        0
HugePages_Rsvd:        0
HugePages_Surp:        0
Hugepagesize:       2048 kB
Hugetlb:               0 kB
DirectMap4k:     3069804 kB
DirectMap2M:    13314048 kB

/sys/kernel/mm/transparent_hugepage/enabled: always madvise [never]
/sys/kernel/mm/transparent_hugepage/hpage_pmd_size: 2097152
/sys/kernel/mm/transparent_hugepage/defrag (defrag/compaction efforts parameter): always defer defer+madvise [madvise] never

Process Memory:
Virtual Size: 974028K (peak: 977080K)
Resident Set Size: 127220K (peak: 128320K) (anon: 93656K, file: 33564K, shmem: 0K)
Swapped out: 0K
C-Heap outstanding allocations: 18703K, retained: 44620K
glibc malloc tunables: (default)

/proc/sys/kernel/threads-max (system-wide limit on the number of threads): 123991
/proc/sys/vm/max_map_count (maximum number of memory map areas a process may have): 1677720
/proc/sys/kernel/pid_max (system-wide limit on number of process identifiers): 4194304

container (cgroup) information:
container_type: cgroupv1
cpu_cpuset_cpus: 0-3
cpu_memory_nodes: 0
active_processor_count: 4
cpu_quota: no quota
cpu_period: 100000
cpu_shares: no shares
memory_limit_in_bytes: unlimited
memory_and_swap_limit_in_bytes: unlimited
memory_soft_limit_in_bytes: unlimited
memory_usage_in_bytes: 11047276 k
memory_max_usage_in_bytes: 14783012 k
kernel_memory_usage_in_bytes: 601068 k
kernel_memory_max_usage_in_bytes: unlimited
kernel_memory_limit_in_bytes: 985464 k
maximum number of tasks: unlimited
current number of tasks: 767

KVM virtualization detected
Steal ticks since vm start: 8
Steal ticks percentage since vm start:  0.000

CPU: total 4 (initial active 4) (1 cores per cpu, 1 threads per core) family 6 model 60 stepping 1 microcode 0x1, cx8, cmov, fxsr, mmx, sse, sse2, sse3, ssse3, sse4.1, sse4.2, popcnt, lzcnt, tsc, avx, avx2, aes, erms, clmul, bmi1, bmi2, fma, vzeroupper, clflush, hv
CPU Model and flags from /proc/cpuinfo:
model name	: Intel Core Processor (Haswell, no TSX)
flags		: fpu vme de pse tsc msr pae mce cx8 apic sep mtrr pge mca cmov pat pse36 clflush mmx fxsr sse sse2 syscall nx rdtscp lm constant_tsc rep_good nopl xtopology cpuid tsc_known_freq pni pclmulqdq vmx ssse3 fma cx16 pcid sse4_1 sse4_2 x2apic movbe popcnt tsc_deadline_timer aes xsave avx f16c rdrand hypervisor lahf_lm abm cpuid_fault invpcid_single pti tpr_shadow vnmi flexpriority ept vpid ept_ad fsgsbase bmi1 avx2 smep bmi2 erms invpcid xsaveopt arat md_clear

Online cpus: 0-3
Offline cpus: 
BIOS frequency limitation: <Not Available>
Frequency switch latency (ns): <Not Available>
Available cpu frequencies: <Not Available>
Current governor: <Not Available>
Core performance/turbo boost: <Not Available>

Memory: 4k page, physical 16014448k(2811504k free), swap 8388604k(8370064k free)
Page Sizes: 4k

vm_info: OpenJDK Server VM (17.0.11+9-LTS) for linux-x86 JRE (17.0.11+9-LTS) (Zulu17.50+19-CA), built on Apr  9 2024 07:14:46 by "zulu_re" with gcc 8.3.0

END.
