#
# A fatal error has been detected by the Java Runtime Environment:
#
#  SIGSEGV (0xb) at pc=0xf78ea618, pid=54252, tid=54252
#
# JRE version: OpenJDK Runtime Environment Zulu17.50+19-CA (17.0.11+9) (build 17.0.11+9-LTS)
# Java VM: OpenJDK Server VM Zulu17.50+19-CA (17.0.11+9-LTS, mixed mode, sharing, tiered, g1 gc, linux-x86)
# Problematic frame:
# C  [libc.so.6+0x84618]  cfree+0x28
#
# Core dump will be written. Default location: Core dumps may be processed with "/usr/lib/systemd/systemd-coredump %P %u %g %s %t %c %h %e" (or dumping to /home/almalinux/swg-returns-nge/exe/linux/core.54252)
#
# If you would like to submit a bug report, please visit:
#   http://www.azul.com/support/
#

---------------  S U M M A R Y ------------

Command Line: -Xms128m -Xmx512m -Xss768k -XX:MaxMetaspaceSize=96m -Xrs -XX:-UsePerfData -XX:-AllowUserSignalHandlers -XX:UseSSE=3 -XX+DoEscapeAnalysis -XX:AutoBoxCacheMax:2000 -XX:+OptimizeStringConcat -XX:+OptimizeFill -XX:+EliminateAutoBox -XX:+UseCompressedStrings -XX:+UseCompressedOops -XX:+EliminateLocks -XX:UseFastAccessorMethods -XX:+UseStringCache -XgcPrio:throughput -XXkeepAreaRatio:1 -XXlazyUnlocking -XXcallProfiling -XXcompactRatio:1 

Host: Intel Core Processor (Haswell, no TSX), 4 cores, 15G, AlmaLinux release 8.10 (Cerulean Leopard)
Time: Thu Jan 29 07:18:35 2026 UTC elapsed time: 24364.005459 seconds (0d 6h 46m 4s)

---------------  T H R E A D  ---------------

Current thread is native thread

Stack: [0xff831000,0xff8f1000],  sp=0xff8ee630,  free space=757k
Native frames: (J=compiled Java code, j=interpreted, Vv=VM code, C=native code)
C  [libc.so.6+0x84618]  cfree+0x28


siginfo: si_signo: 11 (SIGSEGV), si_code: 1 (SEGV_MAPERR), si_addr: 0x00000003

Registers:
EAX=0x00000000, EBX=0x00000007, ECX=0xf6f2884c, EDX=0x0bda8d88
ESP=0xff8ee630, EBP=0xff8ee768, ESI=0xf7a0b000, EDI=0x00000000
EIP=0xf78ea618, EFLAGS=0x00210202, CR2=0x0000000000000003


Top of Stack: (sp=0xff8ee630)
0xff8ee630:   0ba2c010 00000000 ff8ee768 f7b77f1c
0xff8ee640:   0ba2c0a0 f7c8ea04 0bda8d60 f7b77f1c
0xff8ee650:   00000007 f7b77f0a f7c8ea04 f7b77f4c
0xff8ee660:   0ba2c0a0 f7b77f0a 0bdacb00 085b6163
0xff8ee670:   00000007 0ba2c010 0ba2bd20 085bb8d1
0xff8ee680:   0ba2c010 0ba2bd20 00000000 085bb89b
0xff8ee690:   0d24de40 ff8ee6b7 ff8ee6dc 085c6969
0xff8ee6a0:   087d6c00 ff8ee6dc ff8ee768 084fc53b
0xff8ee6b0:   00000014 00010002 00000000 00000000
0xff8ee6c0:   01010100 00000001 09aa44c0 00000000
0xff8ee6d0:   00000000 00000000 00000000 00000000
0xff8ee6e0:   00000000 00000013 ff8ee838 f789b6ff
0xff8ee6f0:   f7a0b41c 47677753 53656d61 65767265
0xff8ee700:   34353a72 00323532 09290100 0bd8e120
0xff8ee710:   08ea0100 08ebc230 08ea5888 f7a0b41c
0xff8ee720:   00000428 00000420 f789b779 085758fd
0xff8ee730:   08ea2a80 09b1ea78 08ea5888 08574f56
0xff8ee740:   0929a2c4 0929a2c4 ff8ee838 08ea583b
0xff8ee750:   0000000c ff8ee804 ff8ee780 f7a0b000
0xff8ee760:   00000000 08575910 00000000 f7883f26
0xff8ee770:   00000000 08575910 00000000 f7883f26
0xff8ee780:   0000000c ff8ee804 ff8ee838 ff8ee7a4
0xff8ee790:   0929a2d0 00000000 ff8ee838 f7a0b000
0xff8ee7a0:   f787375c f7a0b000 00000000 08575910
0xff8ee7b0:   00000000 95c5b574 98777d64 00000000
0xff8ee7c0:   00000000 00000000 f7f8a4d0 f7883e30
0xff8ee7d0:   084fc260 0929a2c4 0000000c 08575946
0xff8ee7e0:   084fc260 0000000c ff8ee804 08ea57f0
0xff8ee7f0:   08ea5850 f7f8a4d0 ff8ee7fc f7fb7970
0xff8ee800:   0000000c ff8ef63d ff8ef64f ff8ef652
0xff8ee810:   ff8ef664 ff8ef667 ff8ef672 ff8ef696
0xff8ee820:   ff8ef6a6 ff8ef6b7 ff8ef6d8 ff8ef6db 

Instructions: (pc=0xf78ea618)
0xf78ea518:   50 8d 96 86 f7 fa ff 8d 86 d0 2f fb ff e8 c6 b7
0xf78ea528:   ff ff 8d b6 00 00 00 00 bb 20 00 00 00 e9 5e fe
0xf78ea538:   ff ff e8 a1 c0 ff ff 89 c5 85 c0 0f 85 68 ff ff
0xf78ea548:   ff 31 d2 8d 44 3b 10 e8 8c c1 ff ff 89 da 89 f9
0xf78ea558:   89 c5 e8 11 f0 ff ff 89 c2 85 c0 75 1b 85 ed 74
0xf78ea568:   17 90 89 fa 89 e8 e8 bd c5 ff ff 89 da 89 f9 89
0xf78ea578:   c5 e8 f2 ef ff ff 89 c2 85 ed 0f 84 57 ff ff ff
0xf78ea588:   e9 39 ff ff ff 8d 86 b8 31 fb ff 83 ec 0c b9 25
0xf78ea598:   0d 00 00 50 8d 96 86 f7 fa ff 8d 86 74 2f fb ff
0xf78ea5a8:   e8 43 b7 ff ff 8d 76 00 f3 0f 1e fb e8 0a 9a f9
0xf78ea5b8:   ff 05 47 0a 12 00 56 53 83 ec 04 8b 5c 24 10 8b
0xf78ea5c8:   74 24 14 8b 80 50 ff ff ff c7 00 00 00 00 00 e8
0xf78ea5d8:   54 bb ff ff 8b 4c 24 0c 83 c4 04 89 f2 89 d8 5b
0xf78ea5e8:   5e e9 42 fd ff ff 66 90 f3 0f 1e fb 56 e8 9a 9b
0xf78ea5f8:   f9 ff 81 c6 06 0a 12 00 53 83 ec 14 8b 5c 24 20
0xf78ea608:   8b 86 5c ff ff ff 8b 00 85 c0 75 6c 85 db 74 75
0xf78ea618:   8b 4b fc 8d 53 f8 f6 c1 02 75 35 8b 86 70 fe ff
0xf78ea628:   ff 65 8b 00 85 c0 0f 84 8c 00 00 00 83 e1 04 8d
0xf78ea638:   86 60 07 00 00 74 09 89 d0 25 00 00 f0 ff 8b 00
0xf78ea648:   83 c4 14 31 c9 5b 5e e9 8c cb ff ff 8d 74 26 00
0xf78ea658:   8b 9e 60 01 00 00 85 db 75 10 3b 8e 48 01 00 00
0xf78ea668:   76 08 81 f9 00 00 08 00 76 26 83 c4 14 89 d0 5b
0xf78ea678:   5e e9 92 b8 ff ff 66 90 83 ec 08 ff 74 24 24 53
0xf78ea688:   ff d0 83 c4 10 83 c4 14 5b 5e c3 8d 74 26 00 90
0xf78ea698:   39 96 80 1d 00 00 77 08 39 96 7c 1d 00 00 77 ca
0xf78ea6a8:   83 e1 f8 8d 04 09 89 8e 48 01 00 00 89 86 40 01
0xf78ea6b8:   00 00 90 eb b5 8d 76 00 8b 86 74 fe ff ff 65 80
0xf78ea6c8:   38 00 0f 85 64 ff ff ff 89 54 24 0c e8 97 ed ff
0xf78ea6d8:   ff 8b 4b fc 8b 54 24 0c e9 4f ff ff ff 8d b4 26
0xf78ea6e8:   00 00 00 00 8d 74 26 00 f3 0f 1e fb 55 57 56 e8
0xf78ea6f8:   98 9a f9 ff 81 c6 04 09 12 00 53 83 ec 0c 8b 86
0xf78ea708:   70 fe ff ff 8b 96 74 fe ff ff 65 8b 28 65 c6 02 



---------------  P R O C E S S  ---------------

VM state: at safepoint (shutting down)

VM Mutex/Monitor currently owned by a thread:  ([mutex/lock_event])
[0xf5e21d30] Threads_lock - owner thread: 0xc4294cf0

GC Precious Log:
<Skipped>

Heap:
 garbage-first heap   total 131072K, used 57057K [0xc5c00000, 0xe5c00000)
  region size 1024K, 53 young (54272K), 6 survivors (6144K)
 Metaspace       used 5776K, committed 6528K, reserved 16384K

Heap Regions: E=young(eden), S=young(survivor), O=old, HS=humongous(starts), HC=humongous(continues), CS=collection set, F=free, OA=open archive, CA=closed archive, TAMS=top-at-mark-start (previous, next)
|   0|0xc5c00000, 0xc5d00000, 0xc5d00000|100%| O|  |TAMS 0xc5c00000, 0xc5c00000| Untracked 
|   1|0xc5d00000, 0xc5e00000, 0xc5e00000|100%| O|  |TAMS 0xc5d00000, 0xc5d00000| Untracked 
|   2|0xc5e00000, 0xc5f00000, 0xc5f00000|100%| O|  |TAMS 0xc5e00000, 0xc5e00000| Untracked 
|   3|0xc5f00000, 0xc5f00c00, 0xc6000000|  0%| O|  |TAMS 0xc5f00000, 0xc5f00000| Untracked 
|   4|0xc6000000, 0xc6000000, 0xc6100000|  0%| F|  |TAMS 0xc6000000, 0xc6000000| Untracked 
|   5|0xc6100000, 0xc6100000, 0xc6200000|  0%| F|  |TAMS 0xc6100000, 0xc6100000| Untracked 
|   6|0xc6200000, 0xc6200000, 0xc6300000|  0%| F|  |TAMS 0xc6200000, 0xc6200000| Untracked 
|   7|0xc6300000, 0xc6300000, 0xc6400000|  0%| F|  |TAMS 0xc6300000, 0xc6300000| Untracked 
|   8|0xc6400000, 0xc6400000, 0xc6500000|  0%| F|  |TAMS 0xc6400000, 0xc6400000| Untracked 
|   9|0xc6500000, 0xc6500000, 0xc6600000|  0%| F|  |TAMS 0xc6500000, 0xc6500000| Untracked 
|  10|0xc6600000, 0xc6600000, 0xc6700000|  0%| F|  |TAMS 0xc6600000, 0xc6600000| Untracked 
|  11|0xc6700000, 0xc6700000, 0xc6800000|  0%| F|  |TAMS 0xc6700000, 0xc6700000| Untracked 
|  12|0xc6800000, 0xc6800000, 0xc6900000|  0%| F|  |TAMS 0xc6800000, 0xc6800000| Untracked 
|  13|0xc6900000, 0xc6900000, 0xc6a00000|  0%| F|  |TAMS 0xc6900000, 0xc6900000| Untracked 
|  14|0xc6a00000, 0xc6a00000, 0xc6b00000|  0%| F|  |TAMS 0xc6a00000, 0xc6a00000| Untracked 
|  15|0xc6b00000, 0xc6b00000, 0xc6c00000|  0%| F|  |TAMS 0xc6b00000, 0xc6b00000| Untracked 
|  16|0xc6c00000, 0xc6c00000, 0xc6d00000|  0%| F|  |TAMS 0xc6c00000, 0xc6c00000| Untracked 
|  17|0xc6d00000, 0xc6d00000, 0xc6e00000|  0%| F|  |TAMS 0xc6d00000, 0xc6d00000| Untracked 
|  18|0xc6e00000, 0xc6e00000, 0xc6f00000|  0%| F|  |TAMS 0xc6e00000, 0xc6e00000| Untracked 
|  19|0xc6f00000, 0xc6f00000, 0xc7000000|  0%| F|  |TAMS 0xc6f00000, 0xc6f00000| Untracked 
|  20|0xc7000000, 0xc7000000, 0xc7100000|  0%| F|  |TAMS 0xc7000000, 0xc7000000| Untracked 
|  21|0xc7100000, 0xc7100000, 0xc7200000|  0%| F|  |TAMS 0xc7100000, 0xc7100000| Untracked 
|  22|0xc7200000, 0xc7200000, 0xc7300000|  0%| F|  |TAMS 0xc7200000, 0xc7200000| Untracked 
|  23|0xc7300000, 0xc7300000, 0xc7400000|  0%| F|  |TAMS 0xc7300000, 0xc7300000| Untracked 
|  24|0xc7400000, 0xc7400000, 0xc7500000|  0%| F|  |TAMS 0xc7400000, 0xc7400000| Untracked 
|  25|0xc7500000, 0xc7500000, 0xc7600000|  0%| F|  |TAMS 0xc7500000, 0xc7500000| Untracked 
|  26|0xc7600000, 0xc7600000, 0xc7700000|  0%| F|  |TAMS 0xc7600000, 0xc7600000| Untracked 
|  27|0xc7700000, 0xc7700000, 0xc7800000|  0%| F|  |TAMS 0xc7700000, 0xc7700000| Untracked 
|  28|0xc7800000, 0xc7800000, 0xc7900000|  0%| F|  |TAMS 0xc7800000, 0xc7800000| Untracked 
|  29|0xc7900000, 0xc7900000, 0xc7a00000|  0%| F|  |TAMS 0xc7900000, 0xc7900000| Untracked 
|  30|0xc7a00000, 0xc7a00000, 0xc7b00000|  0%| F|  |TAMS 0xc7a00000, 0xc7a00000| Untracked 
|  31|0xc7b00000, 0xc7b00000, 0xc7c00000|  0%| F|  |TAMS 0xc7b00000, 0xc7b00000| Untracked 
|  32|0xc7c00000, 0xc7c00000, 0xc7d00000|  0%| F|  |TAMS 0xc7c00000, 0xc7c00000| Untracked 
|  33|0xc7d00000, 0xc7d00000, 0xc7e00000|  0%| F|  |TAMS 0xc7d00000, 0xc7d00000| Untracked 
|  34|0xc7e00000, 0xc7e00000, 0xc7f00000|  0%| F|  |TAMS 0xc7e00000, 0xc7e00000| Untracked 
|  35|0xc7f00000, 0xc7f00000, 0xc8000000|  0%| F|  |TAMS 0xc7f00000, 0xc7f00000| Untracked 
|  36|0xc8000000, 0xc8000000, 0xc8100000|  0%| F|  |TAMS 0xc8000000, 0xc8000000| Untracked 
|  37|0xc8100000, 0xc8100000, 0xc8200000|  0%| F|  |TAMS 0xc8100000, 0xc8100000| Untracked 
|  38|0xc8200000, 0xc8200000, 0xc8300000|  0%| F|  |TAMS 0xc8200000, 0xc8200000| Untracked 
|  39|0xc8300000, 0xc8300000, 0xc8400000|  0%| F|  |TAMS 0xc8300000, 0xc8300000| Untracked 
|  40|0xc8400000, 0xc8400000, 0xc8500000|  0%| F|  |TAMS 0xc8400000, 0xc8400000| Untracked 
|  41|0xc8500000, 0xc8500000, 0xc8600000|  0%| F|  |TAMS 0xc8500000, 0xc8500000| Untracked 
|  42|0xc8600000, 0xc8600000, 0xc8700000|  0%| F|  |TAMS 0xc8600000, 0xc8600000| Untracked 
|  43|0xc8700000, 0xc8700000, 0xc8800000|  0%| F|  |TAMS 0xc8700000, 0xc8700000| Untracked 
|  44|0xc8800000, 0xc8800000, 0xc8900000|  0%| F|  |TAMS 0xc8800000, 0xc8800000| Untracked 
|  45|0xc8900000, 0xc8900000, 0xc8a00000|  0%| F|  |TAMS 0xc8900000, 0xc8900000| Untracked 
|  46|0xc8a00000, 0xc8a00000, 0xc8b00000|  0%| F|  |TAMS 0xc8a00000, 0xc8a00000| Untracked 
|  47|0xc8b00000, 0xc8b00000, 0xc8c00000|  0%| F|  |TAMS 0xc8b00000, 0xc8b00000| Untracked 
|  48|0xc8c00000, 0xc8cb7a98, 0xc8d00000| 71%| S|CS|TAMS 0xc8c00000, 0xc8c00000| Complete 
|  49|0xc8d00000, 0xc8e00000, 0xc8e00000|100%| S|CS|TAMS 0xc8d00000, 0xc8d00000| Complete 
|  50|0xc8e00000, 0xc8f00000, 0xc8f00000|100%| S|CS|TAMS 0xc8e00000, 0xc8e00000| Complete 
|  51|0xc8f00000, 0xc9000000, 0xc9000000|100%| S|CS|TAMS 0xc8f00000, 0xc8f00000| Complete 
|  52|0xc9000000, 0xc9000000, 0xc9100000|  0%| F|  |TAMS 0xc9000000, 0xc9000000| Untracked 
|  53|0xc9100000, 0xc9100000, 0xc9200000|  0%| F|  |TAMS 0xc9100000, 0xc9100000| Untracked 
|  54|0xc9200000, 0xc9200000, 0xc9300000|  0%| F|  |TAMS 0xc9200000, 0xc9200000| Untracked 
|  55|0xc9300000, 0xc9300000, 0xc9400000|  0%| F|  |TAMS 0xc9300000, 0xc9300000| Untracked 
|  56|0xc9400000, 0xc9500000, 0xc9500000|100%| S|CS|TAMS 0xc9400000, 0xc9400000| Complete 
|  57|0xc9500000, 0xc9600000, 0xc9600000|100%| S|CS|TAMS 0xc9500000, 0xc9500000| Complete 
|  58|0xc9600000, 0xc9600000, 0xc9700000|  0%| F|  |TAMS 0xc9600000, 0xc9600000| Untracked 
|  59|0xc9700000, 0xc9700000, 0xc9800000|  0%| F|  |TAMS 0xc9700000, 0xc9700000| Untracked 
|  60|0xc9800000, 0xc9800000, 0xc9900000|  0%| F|  |TAMS 0xc9800000, 0xc9800000| Untracked 
|  61|0xc9900000, 0xc9900000, 0xc9a00000|  0%| F|  |TAMS 0xc9900000, 0xc9900000| Untracked 
|  62|0xc9a00000, 0xc9a00000, 0xc9b00000|  0%| F|  |TAMS 0xc9a00000, 0xc9a00000| Untracked 
|  63|0xc9b00000, 0xc9b00000, 0xc9c00000|  0%| F|  |TAMS 0xc9b00000, 0xc9b00000| Untracked 
|  64|0xc9c00000, 0xc9c00000, 0xc9d00000|  0%| F|  |TAMS 0xc9c00000, 0xc9c00000| Untracked 
|  65|0xc9d00000, 0xc9d00000, 0xc9e00000|  0%| F|  |TAMS 0xc9d00000, 0xc9d00000| Untracked 
|  66|0xc9e00000, 0xc9e00000, 0xc9f00000|  0%| F|  |TAMS 0xc9e00000, 0xc9e00000| Untracked 
|  67|0xc9f00000, 0xc9f00000, 0xca000000|  0%| F|  |TAMS 0xc9f00000, 0xc9f00000| Untracked 
|  68|0xca000000, 0xca000000, 0xca100000|  0%| F|  |TAMS 0xca000000, 0xca000000| Untracked 
|  69|0xca100000, 0xca100000, 0xca200000|  0%| F|  |TAMS 0xca100000, 0xca100000| Untracked 
|  70|0xca200000, 0xca200000, 0xca300000|  0%| F|  |TAMS 0xca200000, 0xca200000| Untracked 
|  71|0xca300000, 0xca300000, 0xca400000|  0%| F|  |TAMS 0xca300000, 0xca300000| Untracked 
|  72|0xca400000, 0xca400000, 0xca500000|  0%| F|  |TAMS 0xca400000, 0xca400000| Untracked 
|  73|0xca500000, 0xca500000, 0xca600000|  0%| F|  |TAMS 0xca500000, 0xca500000| Untracked 
|  74|0xca600000, 0xca600000, 0xca700000|  0%| F|  |TAMS 0xca600000, 0xca600000| Untracked 
|  75|0xca700000, 0xca700000, 0xca800000|  0%| F|  |TAMS 0xca700000, 0xca700000| Untracked 
|  76|0xca800000, 0xca800000, 0xca900000|  0%| F|  |TAMS 0xca800000, 0xca800000| Untracked 
|  77|0xca900000, 0xca900000, 0xcaa00000|  0%| F|  |TAMS 0xca900000, 0xca900000| Untracked 
|  78|0xcaa00000, 0xcaa00000, 0xcab00000|  0%| F|  |TAMS 0xcaa00000, 0xcaa00000| Untracked 
|  79|0xcab00000, 0xcab00000, 0xcac00000|  0%| F|  |TAMS 0xcab00000, 0xcab00000| Untracked 
|  80|0xcac00000, 0xcac00000, 0xcad00000|  0%| F|  |TAMS 0xcac00000, 0xcac00000| Untracked 
|  81|0xcad00000, 0xcae00000, 0xcae00000|100%| E|  |TAMS 0xcad00000, 0xcad00000| Complete 
|  82|0xcae00000, 0xcaf00000, 0xcaf00000|100%| E|CS|TAMS 0xcae00000, 0xcae00000| Complete 
|  83|0xcaf00000, 0xcb000000, 0xcb000000|100%| E|CS|TAMS 0xcaf00000, 0xcaf00000| Complete 
|  84|0xcb000000, 0xcb100000, 0xcb100000|100%| E|CS|TAMS 0xcb000000, 0xcb000000| Complete 
|  85|0xcb100000, 0xcb200000, 0xcb200000|100%| E|CS|TAMS 0xcb100000, 0xcb100000| Complete 
|  86|0xcb200000, 0xcb300000, 0xcb300000|100%| E|CS|TAMS 0xcb200000, 0xcb200000| Complete 
|  87|0xcb300000, 0xcb400000, 0xcb400000|100%| E|CS|TAMS 0xcb300000, 0xcb300000| Complete 
|  88|0xcb400000, 0xcb500000, 0xcb500000|100%| E|CS|TAMS 0xcb400000, 0xcb400000| Complete 
|  89|0xcb500000, 0xcb600000, 0xcb600000|100%| E|CS|TAMS 0xcb500000, 0xcb500000| Complete 
|  90|0xcb600000, 0xcb700000, 0xcb700000|100%| E|CS|TAMS 0xcb600000, 0xcb600000| Complete 
|  91|0xcb700000, 0xcb800000, 0xcb800000|100%| E|CS|TAMS 0xcb700000, 0xcb700000| Complete 
|  92|0xcb800000, 0xcb900000, 0xcb900000|100%| E|CS|TAMS 0xcb800000, 0xcb800000| Complete 
|  93|0xcb900000, 0xcba00000, 0xcba00000|100%| E|CS|TAMS 0xcb900000, 0xcb900000| Complete 
|  94|0xcba00000, 0xcbb00000, 0xcbb00000|100%| E|CS|TAMS 0xcba00000, 0xcba00000| Complete 
|  95|0xcbb00000, 0xcbc00000, 0xcbc00000|100%| E|CS|TAMS 0xcbb00000, 0xcbb00000| Complete 
|  96|0xcbc00000, 0xcbd00000, 0xcbd00000|100%| E|CS|TAMS 0xcbc00000, 0xcbc00000| Complete 
|  97|0xcbd00000, 0xcbe00000, 0xcbe00000|100%| E|CS|TAMS 0xcbd00000, 0xcbd00000| Complete 
|  98|0xcbe00000, 0xcbf00000, 0xcbf00000|100%| E|CS|TAMS 0xcbe00000, 0xcbe00000| Complete 
|  99|0xcbf00000, 0xcc000000, 0xcc000000|100%| E|CS|TAMS 0xcbf00000, 0xcbf00000| Complete 
| 100|0xcc000000, 0xcc100000, 0xcc100000|100%| E|CS|TAMS 0xcc000000, 0xcc000000| Complete 
| 101|0xcc100000, 0xcc200000, 0xcc200000|100%| E|CS|TAMS 0xcc100000, 0xcc100000| Complete 
| 102|0xcc200000, 0xcc300000, 0xcc300000|100%| E|CS|TAMS 0xcc200000, 0xcc200000| Complete 
| 103|0xcc300000, 0xcc400000, 0xcc400000|100%| E|CS|TAMS 0xcc300000, 0xcc300000| Complete 
| 104|0xcc400000, 0xcc500000, 0xcc500000|100%| E|CS|TAMS 0xcc400000, 0xcc400000| Complete 
| 105|0xcc500000, 0xcc600000, 0xcc600000|100%| E|CS|TAMS 0xcc500000, 0xcc500000| Complete 
| 106|0xcc600000, 0xcc700000, 0xcc700000|100%| E|CS|TAMS 0xcc600000, 0xcc600000| Complete 
| 107|0xcc700000, 0xcc800000, 0xcc800000|100%| E|CS|TAMS 0xcc700000, 0xcc700000| Complete 
| 108|0xcc800000, 0xcc900000, 0xcc900000|100%| E|CS|TAMS 0xcc800000, 0xcc800000| Complete 
| 109|0xcc900000, 0xcca00000, 0xcca00000|100%| E|CS|TAMS 0xcc900000, 0xcc900000| Complete 
| 110|0xcca00000, 0xccb00000, 0xccb00000|100%| E|CS|TAMS 0xcca00000, 0xcca00000| Complete 
| 111|0xccb00000, 0xccc00000, 0xccc00000|100%| E|CS|TAMS 0xccb00000, 0xccb00000| Complete 
| 112|0xccc00000, 0xccd00000, 0xccd00000|100%| E|CS|TAMS 0xccc00000, 0xccc00000| Complete 
| 113|0xccd00000, 0xcce00000, 0xcce00000|100%| E|CS|TAMS 0xccd00000, 0xccd00000| Complete 
| 114|0xcce00000, 0xccf00000, 0xccf00000|100%| E|CS|TAMS 0xcce00000, 0xcce00000| Complete 
| 115|0xccf00000, 0xcd000000, 0xcd000000|100%| E|CS|TAMS 0xccf00000, 0xccf00000| Complete 
| 116|0xcd000000, 0xcd100000, 0xcd100000|100%| E|CS|TAMS 0xcd000000, 0xcd000000| Complete 
| 117|0xcd100000, 0xcd200000, 0xcd200000|100%| E|CS|TAMS 0xcd100000, 0xcd100000| Complete 
| 118|0xcd200000, 0xcd300000, 0xcd300000|100%| E|CS|TAMS 0xcd200000, 0xcd200000| Complete 
| 119|0xcd300000, 0xcd400000, 0xcd400000|100%| E|CS|TAMS 0xcd300000, 0xcd300000| Complete 
| 120|0xcd400000, 0xcd500000, 0xcd500000|100%| E|CS|TAMS 0xcd400000, 0xcd400000| Complete 
| 121|0xcd500000, 0xcd600000, 0xcd600000|100%| E|CS|TAMS 0xcd500000, 0xcd500000| Complete 
| 122|0xcd600000, 0xcd700000, 0xcd700000|100%| E|CS|TAMS 0xcd600000, 0xcd600000| Complete 
| 123|0xcd700000, 0xcd800000, 0xcd800000|100%| E|CS|TAMS 0xcd700000, 0xcd700000| Complete 
| 124|0xcd800000, 0xcd900000, 0xcd900000|100%| E|CS|TAMS 0xcd800000, 0xcd800000| Complete 
| 125|0xcd900000, 0xcda00000, 0xcda00000|100%| E|CS|TAMS 0xcd900000, 0xcd900000| Complete 
| 126|0xcda00000, 0xcdb00000, 0xcdb00000|100%| E|CS|TAMS 0xcda00000, 0xcda00000| Complete 
| 127|0xcdb00000, 0xcdc00000, 0xcdc00000|100%| E|CS|TAMS 0xcdb00000, 0xcdb00000| Complete 

Card table byte_map: [0xc5a00000,0xc5b00000] _byte_map_base: 0xc53d2000

Marking Bits (Prev, Next): (CMBitMap*) 0xf5e8b528, (CMBitMap*) 0xf5e8b548
 Prev Bits: [0xc5100000, 0xc5900000)
 Next Bits: [0xc4900000, 0xc5100000)

Polling page: 0xf7f7c000

Metaspace:

Usage:
    5.64 MB used.

Virtual space:
     16.00 MB reserved,       6.38 MB ( 40%) committed,  1 nodes.

Chunk freelists:
7.23 MB

MaxMetaspaceSize: 96.00 MB
No class space
Initial GC threshold: 16.00 MB
Current GC threshold: 16.00 MB
CDS: on
MetaspaceReclaimPolicy: balanced
 - commit_granule_bytes: 65536.
 - commit_granule_words: 16384.
 - virtual_space_node_default_size: 4194304.
 - enlarge_chunks_in_place: 1.
 - new_chunks_are_fully_committed: 0.
 - uncommit_free_chunks: 1.
 - use_allocation_guard: 0.
 - handle_deallocations: 1.


Internal statistics:

num_allocs_failed_limit: 0.
num_arena_births: 378.
num_arena_deaths: 0.
num_vsnodes_births: 1.
num_vsnodes_deaths: 0.
num_space_committed: 102.
num_space_uncommitted: 0.
num_chunks_returned_to_freelist: 0.
num_chunks_taken_from_freelist: 673.
num_chunk_merges: 0.
num_chunk_splits: 469.
num_chunks_enlarged: 313.
num_inconsistent_stats: 0.

CodeHeap 'non-profiled nmethods': size=120172Kb used=1260Kb max_used=1260Kb free=118912Kb
 bounds [0xed7f5000, 0xeda35000, 0xf4d50000]
CodeHeap 'profiled nmethods': size=120172Kb used=3318Kb max_used=3318Kb free=116853Kb
 bounds [0xe5d50000, 0xe6090000, 0xed2ab000]
CodeHeap 'non-nmethods': size=5416Kb used=739Kb max_used=786Kb free=4676Kb
 bounds [0xed2ab000, 0xed4eb000, 0xed7f5000]
 total_blobs=2172 nmethods=1822 adapters=264
 compilation: enabled
              stopped_count=0, restarted_count=0
 full_count=0

Compilation events (20 events):
Event: 15982.686 Thread 0xc429f450 1825       4       java.io.ObjectStreamClass::getVariantFor (51 bytes)
Event: 15982.687 Thread 0xc429f450 nmethod 1825 0xed92b208 code [0xed92b320, 0xed92b3b0]
Event: 17812.281 Thread 0xc42a0580 1827       3       script.library.sequencer::runToSequenceObject (20 bytes)
Event: 17812.282 Thread 0xc42a0580 nmethod 1827 0xe608c888 code [0xe608ca60, 0xe608d0f0]
Event: 17812.282 Thread 0xc42a0580 1828       3       script.base_class::setMovementRun (8 bytes)
Event: 17812.283 Thread 0xc42a0580 nmethod 1828 0xe608d488 code [0xe608d5e0, 0xe608d7ec]
Event: 18690.632 Thread 0xc429f450 1829       4       java.io.ObjectOutputStream$BlockDataOutputStream::drain (45 bytes)
Event: 18690.659 Thread 0xc429f450 nmethod 1829 0xed92b808 code [0xed92b9a0, 0xed92cabc]
Event: 18740.521 Thread 0xc429f450 1830       4       java.util.ArrayList::set (24 bytes)
Event: 18740.523 Thread 0xc429f450 nmethod 1830 0xed92d188 code [0xed92d2a0, 0xed92d470]
Event: 19572.558 Thread 0xc429f450 1831       4       java.lang.StringUTF16::compress (59 bytes)
Event: 19572.569 Thread 0xc429f450 nmethod 1831 0xed92d588 code [0xed92d6a0, 0xed92d9f0]
Event: 21446.303 Thread 0xc429f450 1833       4       java.lang.StringUTF16::inflate (42 bytes)
Event: 21446.327 Thread 0xc429f450 nmethod 1833 0xed92df08 code [0xed92e020, 0xed92e550]
Event: 22943.623 Thread 0xc429f450 1834       4       java.util.ArrayList::toArray (57 bytes)
Event: 22943.627 Thread 0xc429f450 nmethod 1834 0xed92e788 code [0xed92e8c0, 0xed92ecb0]
Event: 23346.686 Thread 0xc429f450 1835       4       java.util.ArrayList::toArray (57 bytes)
Event: 23346.692 Thread 0xc429f450 nmethod 1835 0xed92ee88 code [0xed92efc0, 0xed92f3d0]
Event: 23437.591 Thread 0xc429f450 1836       4       java.util.Collections::reverse (125 bytes)
Event: 23437.611 Thread 0xc429f450 nmethod 1836 0xed92f588 code [0xed92f6c0, 0xed92fc10]

GC Heap History (10 events):
Event: 69.773 GC heap before
{Heap before GC invocations=0 (full 0):
 garbage-first heap   total 131072K, used 12288K [0xc5c00000, 0xe5c00000)
  region size 1024K, 13 young (13312K), 0 survivors (0K)
 Metaspace       used 2134K, committed 2304K, reserved 16384K
}
Event: 69.789 GC heap after
{Heap after GC invocations=1 (full 0):
 garbage-first heap   total 131072K, used 1825K [0xc5c00000, 0xe5c00000)
  region size 1024K, 2 young (2048K), 2 survivors (2048K)
 Metaspace       used 2134K, committed 2304K, reserved 16384K
}
Event: 105.928 GC heap before
{Heap before GC invocations=1 (full 0):
 garbage-first heap   total 131072K, used 19233K [0xc5c00000, 0xe5c00000)
  region size 1024K, 19 young (19456K), 2 survivors (2048K)
 Metaspace       used 3481K, committed 3776K, reserved 16384K
}
Event: 105.946 GC heap after
{Heap after GC invocations=2 (full 0):
 garbage-first heap   total 131072K, used 3210K [0xc5c00000, 0xe5c00000)
  region size 1024K, 2 young (2048K), 2 survivors (2048K)
 Metaspace       used 3481K, committed 3776K, reserved 16384K
}
Event: 199.616 GC heap before
{Heap before GC invocations=2 (full 0):
 garbage-first heap   total 131072K, used 78986K [0xc5c00000, 0xe5c00000)
  region size 1024K, 76 young (77824K), 2 survivors (2048K)
 Metaspace       used 4810K, committed 5440K, reserved 16384K
}
Event: 199.633 GC heap after
{Heap after GC invocations=3 (full 0):
 garbage-first heap   total 131072K, used 5813K [0xc5c00000, 0xe5c00000)
  region size 1024K, 4 young (4096K), 4 survivors (4096K)
 Metaspace       used 4810K, committed 5440K, reserved 16384K
}
Event: 499.970 GC heap before
{Heap before GC invocations=3 (full 0):
 garbage-first heap   total 131072K, used 79541K [0xc5c00000, 0xe5c00000)
  region size 1024K, 76 young (77824K), 4 survivors (4096K)
 Metaspace       used 5705K, committed 6464K, reserved 16384K
}
Event: 499.993 GC heap after
{Heap after GC invocations=4 (full 0):
 garbage-first heap   total 131072K, used 7691K [0xc5c00000, 0xe5c00000)
  region size 1024K, 6 young (6144K), 6 survivors (6144K)
 Metaspace       used 5705K, committed 6464K, reserved 16384K
}
Event: 14128.480 GC heap before
{Heap before GC invocations=4 (full 0):
 garbage-first heap   total 131072K, used 79371K [0xc5c00000, 0xe5c00000)
  region size 1024K, 76 young (77824K), 6 survivors (6144K)
 Metaspace       used 5775K, committed 6528K, reserved 16384K
}
Event: 14128.505 GC heap after
{Heap after GC invocations=5 (full 0):
 garbage-first heap   total 131072K, used 8929K [0xc5c00000, 0xe5c00000)
  region size 1024K, 6 young (6144K), 6 survivors (6144K)
 Metaspace       used 5775K, committed 6528K, reserved 16384K
}

Dll operation events (4 events):
Event: 0.003 Loaded shared library /usr/lib/jvm/java-17-zulu-openjdk-jdk-x86/lib/libjava.so
Event: 52.859 Loaded shared library /usr/lib/jvm/java-17-zulu-openjdk-jdk-x86/lib/libnio.so
Event: 52.860 Loaded shared library /usr/lib/jvm/java-17-zulu-openjdk-jdk-x86/lib/libjimage.so
Event: 52.861 Loaded shared library /usr/lib/jvm/java-17-zulu-openjdk-jdk-x86/lib/libnet.so

Deoptimization events (20 events):
Event: 435.512 Thread 0x0d0ba220 DEOPT PACKING pc=0xed8ba9cc sp=0xff8ed020
Event: 435.512 Thread 0x0d0ba220 DEOPT UNPACKING pc=0xed2f4d33 sp=0xff8ed008 mode 2
Event: 435.512 Thread 0x0d0ba220 Uncommon trap: trap_request=0xffffffd6 fr.pc=0xed8ba9cc relative=0x000011ec
Event: 435.512 Thread 0x0d0ba220 Uncommon trap: reason=array_check action=maybe_recompile pc=0xed8ba9cc method=java.io.ObjectInputStream.readArray(Z)Ljava/lang/Object; @ 392 c2
Event: 435.512 Thread 0x0d0ba220 DEOPT PACKING pc=0xed8ba9cc sp=0xff8ed020
Event: 435.512 Thread 0x0d0ba220 DEOPT UNPACKING pc=0xed2f4d33 sp=0xff8ed008 mode 2
Event: 1173.711 Thread 0x0d0ba220 DEOPT PACKING pc=0xe5fedf88 sp=0xff8ed030
Event: 1173.711 Thread 0x0d0ba220 DEOPT UNPACKING pc=0xed2f4171 sp=0xff8ecee0 mode 0
Event: 1355.285 Thread 0x0d0ba220 Uncommon trap: trap_request=0xffffff45 fr.pc=0xed8d0eec relative=0x000017ac
Event: 1355.285 Thread 0x0d0ba220 Uncommon trap: reason=unstable_if action=reinterpret pc=0xed8d0eec method=jdk.internal.math.FloatingDecimal$BinaryToASCIIBuffer.dtoa(IJIZ)V @ 1459 c2
Event: 1355.285 Thread 0x0d0ba220 DEOPT PACKING pc=0xed8d0eec sp=0xff8ed810
Event: 1355.285 Thread 0x0d0ba220 DEOPT UNPACKING pc=0xed2f4d33 sp=0xff8ed798 mode 2
Event: 5077.324 Thread 0x0d0ba220 Uncommon trap: trap_request=0xffffff5c fr.pc=0xed8fd950 relative=0x00005730
Event: 5077.324 Thread 0x0d0ba220 Uncommon trap: reason=speculate_null_check action=make_not_entrant pc=0xed8fd950 method=java.lang.StringConcatHelper.stringOf(Ljava/lang/Object;)Ljava/lang/String; @ 1 c2
Event: 5077.324 Thread 0x0d0ba220 DEOPT PACKING pc=0xed8fd950 sp=0xff8eddb0
Event: 5077.324 Thread 0x0d0ba220 DEOPT UNPACKING pc=0xed2f4d33 sp=0xff8edc18 mode 2
Event: 22944.738 Thread 0x0d0ba220 Uncommon trap: trap_request=0xffffffcc fr.pc=0xed92e9c0 relative=0x00000100
Event: 22944.738 Thread 0x0d0ba220 Uncommon trap: reason=intrinsic action=make_not_entrant pc=0xed92e9c0 method=java.util.ArrayList.toArray([Ljava/lang/Object;)[Ljava/lang/Object; @ 36 c2
Event: 22944.738 Thread 0x0d0ba220 DEOPT PACKING pc=0xed92e9c0 sp=0xff8ecf80
Event: 22944.738 Thread 0x0d0ba220 DEOPT UNPACKING pc=0xed2f4d33 sp=0xff8ecf54 mode 2

Classes unloaded (0 events):
No events

Classes redefined (0 events):
No events

Internal exceptions (8 events):
Event: 52.957 Thread 0x0d0ba220 Exception <a 'java/lang/NoSuchMethodError'{0xcd40b5a0}: 'java.lang.Object java.lang.invoke.DirectMethodHandle$Holder.invokeStaticInit(java.lang.Object)'> (0xcd40b5a0) 
thrown [src/hotspot/share/interpreter/linkResolver.cpp, line 759]
Event: 96.549 Thread 0x0d0ba220 Exception <a 'java/lang/NoSuchMethodError'{0xcd397cd0}: 'java.lang.Object java.lang.invoke.DirectMethodHandle$Holder.invokeStatic(java.lang.Object, float)'> (0xcd397cd0) 
thrown [src/hotspot/share/interpreter/linkResolver.cpp, line 759]
Event: 96.764 Thread 0x0d0ba220 Exception <a 'java/lang/NoSuchMethodError'{0xcccc8388}: 'java.lang.Object java.lang.invoke.DirectMethodHandle$Holder.invokeSpecial(java.lang.Object, java.lang.Object, java.lang.Object, java.lang.Object, int)'> (0xcccc8388) 
thrown [src/hotspot/share/interpreter/linkResolver.cpp, line 759]
Event: 96.764 Thread 0x0d0ba220 Exception <a 'java/lang/NoSuchMethodError'{0xccccb8c8}: 'java.lang.Object java.lang.invoke.Invokers$Holder.linkToTargetMethod(java.lang.Object, java.lang.Object, int, java.lang.Object)'> (0xccccb8c8) 
thrown [src/hotspot/share/interpreter/linkResolver.cpp, line 759]
Event: 244.468 Thread 0x0d0ba220 Exception <a 'java/lang/NoSuchMethodError'{0xcd093a68}: 'java.lang.Object java.lang.invoke.DirectMethodHandle$Holder.invokeSpecial(java.lang.Object, java.lang.Object, java.lang.Object, java.lang.Object, java.lang.Object, java.lang.Object, int)'> (0xcd093a68) 
thrown [src/hotspot/share/interpreter/linkResolver.cpp, line 759]
Event: 275.549 Thread 0x0d0ba220 Exception <a 'java/lang/NoSuchMethodError'{0xcc7741d8}: 'java.lang.Object java.lang.invoke.DirectMethodHandle$Holder.invokeSpecial(java.lang.Object, java.lang.Object, long, java.lang.Object, java.lang.Object, java.lang.Object, java.lang.Object, java.lang.Object, java.lang.Object)'> (0xcc7741d8) 
thrown [src/hotspot/share/interpreter/linkResolver.cpp, line 759]
Event: 275.549 Thread 0x0d0ba220 Exception <a 'java/lang/NoSuchMethodError'{0xcc7785b0}: 'java.lang.Object java.lang.invoke.DelegatingMethodHandle$Holder.reinvoke_L(java.lang.Object, long, java.lang.Object, java.lang.Object, java.lang.Object, java.lang.Object, java.lang.Object, java.lang.Object)'> (0xcc7785b0) 
thrown [src/hotspot/share/interpreter/linkResolver.cpp, line 759]
Event: 304.420 Thread 0x0d0ba220 Exception <a 'java/lang/NoSuchMethodError'{0xcc111b20}: static [Lscript/obj_id;.<clinit>()V> (0xcc111b20) 
thrown [src/hotspot/share/prims/jni.cpp, line 1112]

VM Operations (20 events):
Event: 1202.866 Executing VM operation: Cleanup
Event: 1202.866 Executing VM operation: Cleanup done
Event: 2538.650 Executing VM operation: Cleanup
Event: 2538.650 Executing VM operation: Cleanup done
Event: 2642.705 Executing VM operation: Cleanup
Event: 2642.705 Executing VM operation: Cleanup done
Event: 4419.788 Executing VM operation: Cleanup
Event: 4419.788 Executing VM operation: Cleanup done
Event: 4655.439 Executing VM operation: Cleanup
Event: 4655.439 Executing VM operation: Cleanup done
Event: 6577.461 Executing VM operation: Cleanup
Event: 6577.461 Executing VM operation: Cleanup done
Event: 8667.201 Executing VM operation: Cleanup
Event: 8667.201 Executing VM operation: Cleanup done
Event: 14128.480 Executing VM operation: G1CollectForAllocation
Event: 14128.505 Executing VM operation: G1CollectForAllocation done
Event: 14129.505 Executing VM operation: Cleanup
Event: 14129.506 Executing VM operation: Cleanup done
Event: 18742.179 Executing VM operation: Cleanup
Event: 18742.180 Executing VM operation: Cleanup done

Events (20 events):
Event: 304.470 loading class java/lang/constant/MethodHandleDesc
Event: 304.470 loading class java/lang/constant/MethodHandleDesc done
Event: 304.471 loading class java/lang/constant/MethodHandleDesc$1
Event: 304.471 loading class java/lang/constant/MethodHandleDesc$1 done
Event: 304.471 loading class java/lang/constant/DirectMethodHandleDescImpl
Event: 304.471 loading class java/lang/constant/DirectMethodHandleDesc
Event: 304.471 loading class java/lang/constant/DirectMethodHandleDesc done
Event: 304.471 loading class java/lang/constant/DirectMethodHandleDescImpl done
Event: 304.471 loading class java/lang/constant/DirectMethodHandleDescImpl$1
Event: 304.471 loading class java/lang/constant/DirectMethodHandleDescImpl$1 done
Event: 304.471 loading class java/lang/constant/DirectMethodHandleDesc$1
Event: 304.471 loading class java/lang/constant/DirectMethodHandleDesc$1 done
Event: 304.471 loading class java/lang/constant/PrimitiveClassDescImpl
Event: 304.472 loading class java/lang/constant/DynamicConstantDesc
Event: 304.472 loading class java/lang/constant/DynamicConstantDesc done
Event: 304.472 loading class java/lang/constant/PrimitiveClassDescImpl done
Event: 304.472 loading class java/lang/constant/DynamicConstantDesc$AnonymousDynamicConstantDesc
Event: 304.472 loading class java/lang/constant/DynamicConstantDesc$AnonymousDynamicConstantDesc done
Event: 24350.181 Thread 0x0d0ba220 Thread exited: 0x0d0ba220
Event: 24350.205 Thread 0xf5e242d0 Thread exited: 0xf5e242d0


Dynamic libraries:
08048000-09298000 r-xp 00000000 08:04 494947248                          /home/almalinux/swg-returns-nge/build/bin/SwgGameServer
09298000-0929c000 rw-p 0124f000 08:04 494947248                          /home/almalinux/swg-returns-nge/build/bin/SwgGameServer
0929c000-09b1f000 rw-p 00000000 00:00 0 
0b9f2000-1616a000 rw-p 00000000 00:00 0                                  [heap]
bee00000-beeb9000 rw-p 00000000 00:00 0 
beeb9000-bef00000 ---p 00000000 00:00 0 
bef00000-beff6000 rw-p 00000000 00:00 0 
beff6000-bf000000 ---p 00000000 00:00 0 
bf000000-bf0fa000 rw-p 00000000 00:00 0 
bf0fa000-bf100000 ---p 00000000 00:00 0 
bf100000-bf2f9000 rw-p 00000000 00:00 0 
bf2f9000-bf300000 ---p 00000000 00:00 0 
bf400000-bf4e6000 rw-p 00000000 00:00 0 
bf4e6000-bf500000 ---p 00000000 00:00 0 
bf500000-bf5f8000 rw-p 00000000 00:00 0 
bf5f8000-bf600000 ---p 00000000 00:00 0 
bf600000-bf6f9000 rw-p 00000000 00:00 0 
bf6f9000-bf700000 ---p 00000000 00:00 0 
bf700000-bf7f9000 rw-p 00000000 00:00 0 
bf7f9000-bf800000 ---p 00000000 00:00 0 
bf800000-bf8f9000 rw-p 00000000 00:00 0 
bf8f9000-bf900000 ---p 00000000 00:00 0 
bfa00000-bfaf9000 rw-p 00000000 00:00 0 
bfaf9000-bfb00000 ---p 00000000 00:00 0 
bfb00000-bfbfb000 rw-p 00000000 00:00 0 
bfbfb000-bfc00000 ---p 00000000 00:00 0 
bfc00000-bfcf9000 rw-p 00000000 00:00 0 
bfcf9000-bfd00000 ---p 00000000 00:00 0 
bfd00000-bfdf9000 rw-p 00000000 00:00 0 
bfdf9000-bfe00000 ---p 00000000 00:00 0 
bfe00000-bfef6000 rw-p 00000000 00:00 0 
bfef6000-bff00000 ---p 00000000 00:00 0 
c0700000-c07e3000 rw-p 00000000 00:00 0 
c07e3000-c0800000 ---p 00000000 00:00 0 
c0900000-c09f1000 rw-p 00000000 00:00 0 
c09f1000-c0a00000 ---p 00000000 00:00 0 
c11fc000-c1200000 ---p 00000000 00:00 0 
c1200000-c127d000 rw-p 00000000 00:00 0 
c127d000-c127e000 ---p 00000000 00:00 0 
c127e000-c12fe000 rw-p 00000000 00:00 0 
c12fe000-c12ff000 ---p 00000000 00:00 0 
c12ff000-c137f000 rw-p 00000000 00:00 0 
c137f000-c1383000 ---p 00000000 00:00 0 
c1383000-c1400000 rw-p 00000000 00:00 0 
c1400000-c14f9000 rw-p 00000000 00:00 0 
c14f9000-c1500000 ---p 00000000 00:00 0 
c173d000-c1741000 ---p 00000000 00:00 0 
c1741000-c17fe000 rw-p 00000000 00:00 0 
c17fe000-c1802000 ---p 00000000 00:00 0 
c1802000-c18bf000 rw-p 00000000 00:00 0 
c18bf000-c18c0000 ---p 00000000 00:00 0 
c18c0000-c1940000 rw-p 00000000 00:00 0 
c1940000-c1944000 ---p 00000000 00:00 0 
c1944000-c1a01000 rw-p 00000000 00:00 0 
c1a01000-c1a05000 ---p 00000000 00:00 0 
c1a05000-c1ac2000 rw-p 00000000 00:00 0 
c1ac2000-c1ac6000 ---p 00000000 00:00 0 
c1ac6000-c1b43000 rw-p 00000000 00:00 0 
c1b43000-c1b47000 ---p 00000000 00:00 0 
c1b47000-c1c04000 rw-p 00000000 00:00 0 
c1c04000-c1c08000 ---p 00000000 00:00 0 
c1c08000-c1cc5000 rw-p 00000000 00:00 0 
c1cc5000-c1cc9000 ---p 00000000 00:00 0 
c1cc9000-c1d86000 rw-p 00000000 00:00 0 
c1d86000-c2000000 r--p 00078000 08:04 535181                             /usr/lib/locale/locale-archive
c2000000-c2190000 rw-p 00000000 00:00 0 
c2190000-c2400000 ---p 00000000 00:00 0 
c2400000-c28d0000 rw-p 00000000 00:00 0 
c28d0000-c3000000 ---p 00000000 00:00 0 
c307e000-c327e000 r--p 00000000 08:04 535181                             /usr/lib/locale/locale-archive
c327e000-c3282000 ---p 00000000 00:00 0 
c3282000-c333f000 rw-p 00000000 00:00 0 
c333f000-c3343000 ---p 00000000 00:00 0 
c3343000-c3400000 rw-p 00000000 00:00 0 
c3400000-c346f000 rw-p 00000000 00:00 0 
c346f000-c3500000 ---p 00000000 00:00 0 
c3531000-c3535000 ---p 00000000 00:00 0 
c3535000-c35b2000 rw-p 00000000 00:00 0 
c35b2000-c35b3000 ---p 00000000 00:00 0 
c35b3000-c3633000 rw-p 00000000 00:00 0 
c3633000-c3f00000 rw-p 00001000 08:04 143240867                          /usr/lib/jvm/java-17-zulu-openjdk-jdk-x86/lib/server/classes.jsa
c3f00000-c3f21000 rw-p 00000000 00:00 0 
c3f21000-c4000000 ---p 00000000 00:00 0 
c407f000-c4080000 ---p 00000000 00:00 0 
c4080000-c4100000 rw-p 00000000 00:00 0 
c4100000-c4121000 rw-p 00000000 00:00 0 
c4121000-c4200000 ---p 00000000 00:00 0 
c4200000-c42d5000 rw-p 00000000 00:00 0 
c42d5000-c4300000 ---p 00000000 00:00 0 
c437f000-c4380000 ---p 00000000 00:00 0 
c4380000-c4400000 rw-p 00000000 00:00 0 
c4400000-c4421000 rw-p 00000000 00:00 0 
c4421000-c4500000 ---p 00000000 00:00 0 
c457f000-c4580000 ---p 00000000 00:00 0 
c4580000-c4600000 rw-p 00000000 00:00 0 
c4600000-c46fc000 rw-p 00000000 00:00 0 
c46fc000-c4700000 ---p 00000000 00:00 0 
c4700000-c47fd000 rw-p 00000000 00:00 0 
c47fd000-c4800000 ---p 00000000 00:00 0 
c487f000-c4880000 ---p 00000000 00:00 0 
c4880000-c4b00000 rw-p 00000000 00:00 0 
c4b00000-c5100000 ---p 00000000 00:00 0 
c5100000-c5300000 rw-p 00000000 00:00 0 
c5300000-c5900000 ---p 00000000 00:00 0 
c5900000-c5940000 rw-p 00000000 00:00 0 
c5940000-c5a00000 ---p 00000000 00:00 0 
c5a00000-c5a40000 rw-p 00000000 00:00 0 
c5a40000-c5b00000 ---p 00000000 00:00 0 
c5b00000-c5b40000 rw-p 00000000 00:00 0 
c5b40000-c5c00000 ---p 00000000 00:00 0 
c5c00000-cdc00000 rw-p 00000000 00:00 0 
cdc00000-e5c00000 ---p 00000000 00:00 0 
e5c65000-e5c6a000 rw-p 00000000 00:00 0 
e5c6a000-e5d50000 ---p 00000000 00:00 0 
e5d50000-e6090000 rwxp 00000000 00:00 0 
e6090000-ed2ab000 ---p 00000000 00:00 0 
ed2ab000-ed4eb000 rwxp 00000000 00:00 0 
ed4eb000-ed7f5000 ---p 00000000 00:00 0 
ed7f5000-eda35000 rwxp 00000000 00:00 0 
eda35000-f4d50000 ---p 00000000 00:00 0 
f4d50000-f4eb8000 r--s 00000000 08:04 117534333                          /usr/lib/jvm/java-17-zulu-openjdk-jdk-x86/lib/modules
f4eb8000-f5d5a000 r-xp 00000000 08:04 143240869                          /usr/lib/jvm/java-17-zulu-openjdk-jdk-x86/lib/server/libjvm.so
f5d5a000-f5daf000 r--p 00ea1000 08:04 143240869                          /usr/lib/jvm/java-17-zulu-openjdk-jdk-x86/lib/server/libjvm.so
f5daf000-f5dd0000 rw-p 00ef6000 08:04 143240869                          /usr/lib/jvm/java-17-zulu-openjdk-jdk-x86/lib/server/libjvm.so
f5dd0000-f5e00000 rw-p 00000000 00:00 0 
f5e00000-f5f00000 rw-p 00000000 00:00 0 
f5f41000-f5f42000 ---p 00000000 00:00 0 
f5f42000-f5fc2000 rw-p 00000000 00:00 0 
f5fc2000-f5fc3000 ---p 00000000 00:00 0 
f5fc3000-f5fc7000 ---p 00000000 00:00 0 
f5fc7000-f6b3b000 rw-p 00000000 00:00 0 
f6b47000-f6b5c000 r-xp 00000000 08:04 117534323                          /usr/lib/jvm/java-17-zulu-openjdk-jdk-x86/lib/libnet.so
f6b5c000-f6b5d000 r--p 00014000 08:04 117534323                          /usr/lib/jvm/java-17-zulu-openjdk-jdk-x86/lib/libnet.so
f6b5d000-f6b5e000 rw-p 00015000 08:04 117534323                          /usr/lib/jvm/java-17-zulu-openjdk-jdk-x86/lib/libnet.so
f6b5e000-f6b65000 rw-p 00000000 00:00 0 
f6b65000-f6c49000 ---p 00000000 00:00 0 
f6e83000-f6e95000 r-xp 00000000 08:04 117534324                          /usr/lib/jvm/java-17-zulu-openjdk-jdk-x86/lib/libnio.so
f6e95000-f6e96000 r--p 00011000 08:04 117534324                          /usr/lib/jvm/java-17-zulu-openjdk-jdk-x86/lib/libnio.so
f6e96000-f6e97000 rw-p 00012000 08:04 117534324                          /usr/lib/jvm/java-17-zulu-openjdk-jdk-x86/lib/libnio.so
f6e97000-f6ec0000 rw-p 00000000 00:00 0 
f6ec0000-f6ee3000 r-xp 00000000 08:04 117534310                          /usr/lib/jvm/java-17-zulu-openjdk-jdk-x86/lib/libjava.so
f6ee3000-f6ee4000 r--p 00022000 08:04 117534310                          /usr/lib/jvm/java-17-zulu-openjdk-jdk-x86/lib/libjava.so
f6ee4000-f6ee5000 rw-p 00023000 08:04 117534310                          /usr/lib/jvm/java-17-zulu-openjdk-jdk-x86/lib/libjava.so
f6ee5000-f6ef1000 r-xp 00000000 08:04 16831767                           /usr/lib/libnss_files-2.28.so
f6ef1000-f6ef2000 r--p 0000b000 08:04 16831767                           /usr/lib/libnss_files-2.28.so
f6ef2000-f6ef3000 rw-p 0000c000 08:04 16831767                           /usr/lib/libnss_files-2.28.so
f6ef3000-f6ef9000 rw-p 00000000 00:00 0 
f6eff000-f6f04000 rw-p 00000000 00:00 0 
f6f04000-f6f0a000 ---p 00000000 00:00 0 
f6f0a000-f6f25000 r-xp 00000000 08:04 117534314                          /usr/lib/jvm/java-17-zulu-openjdk-jdk-x86/lib/libjimage.so
f6f25000-f6f26000 ---p 0001b000 08:04 117534314                          /usr/lib/jvm/java-17-zulu-openjdk-jdk-x86/lib/libjimage.so
f6f26000-f6f27000 r--p 0001b000 08:04 117534314                          /usr/lib/jvm/java-17-zulu-openjdk-jdk-x86/lib/libjimage.so
f6f27000-f6f28000 rw-p 0001c000 08:04 117534314                          /usr/lib/jvm/java-17-zulu-openjdk-jdk-x86/lib/libjimage.so
f6f28000-f6f2c000 rw-p 00000000 00:00 0 
f6f2c000-f6fb4000 r-xp 00000000 08:04 17191875                           /usr/lib/libpcre2-8.so.0.7.1
f6fb4000-f6fb5000 r--p 00087000 08:04 17191875                           /usr/lib/libpcre2-8.so.0.7.1
f6fb5000-f6fb6000 rw-p 00088000 08:04 17191875                           /usr/lib/libpcre2-8.so.0.7.1
f6fb6000-f6fd6000 r-xp 00000000 08:04 17021543                           /usr/lib/libcrypt.so.1.1.0
f6fd6000-f6fd7000 ---p 00020000 08:04 17021543                           /usr/lib/libcrypt.so.1.1.0
f6fd7000-f6fd8000 r--p 00020000 08:04 17021543                           /usr/lib/libcrypt.so.1.1.0
f6fd8000-f6fe1000 rw-p 00000000 00:00 0 
f6fe1000-f700c000 r-xp 00000000 08:04 17191887                           /usr/lib/libselinux.so.1
f700c000-f700d000 ---p 0002b000 08:04 17191887                           /usr/lib/libselinux.so.1
f700d000-f700e000 r--p 0002b000 08:04 17191887                           /usr/lib/libselinux.so.1
f700e000-f700f000 rw-p 0002c000 08:04 17191887                           /usr/lib/libselinux.so.1
f700f000-f7010000 rw-p 00000000 00:00 0 
f7010000-f702f000 r-xp 00000000 08:04 18866589                           /usr/lib/libbrotlicommon.so.1.0.6
f702f000-f7030000 r--p 0001e000 08:04 18866589                           /usr/lib/libbrotlicommon.so.1.0.6
f7030000-f7031000 rw-p 0001f000 08:04 18866589                           /usr/lib/libbrotlicommon.so.1.0.6
f7031000-f704f000 r-xp 00000000 08:04 17191915                           /usr/lib/libsasl2.so.3.0.0
f704f000-f7050000 ---p 0001e000 08:04 17191915                           /usr/lib/libsasl2.so.3.0.0
f7050000-f7051000 r--p 0001e000 08:04 17191915                           /usr/lib/libsasl2.so.3.0.0
f7051000-f7052000 rw-p 0001f000 08:04 17191915                           /usr/lib/libsasl2.so.3.0.0
f7052000-f7054000 rw-p 00000000 00:00 0 
f7054000-f7068000 r-xp 00000000 08:04 16831772                           /usr/lib/libresolv-2.28.so
f7068000-f7069000 ---p 00014000 08:04 16831772                           /usr/lib/libresolv-2.28.so
f7069000-f706a000 r--p 00014000 08:04 16831772                           /usr/lib/libresolv-2.28.so
f706a000-f706b000 rw-p 00015000 08:04 16831772                           /usr/lib/libresolv-2.28.so
f706b000-f706d000 rw-p 00000000 00:00 0 
f706d000-f7070000 r-xp 00000000 08:04 17191893                           /usr/lib/libkeyutils.so.1.6
f7070000-f7071000 ---p 00003000 08:04 17191893                           /usr/lib/libkeyutils.so.1.6
f7071000-f7072000 r--p 00003000 08:04 17191893                           /usr/lib/libkeyutils.so.1.6
f7072000-f7073000 rw-p 00000000 00:00 0 
f7073000-f7083000 r-xp 00000000 08:04 17021560                           /usr/lib/libkrb5support.so.0.1
f7083000-f7084000 r--p 0000f000 08:04 17021560                           /usr/lib/libkrb5support.so.0.1
f7084000-f7085000 rw-p 00010000 08:04 17021560                           /usr/lib/libkrb5support.so.0.1
f7085000-f708d000 r-xp 00000000 08:04 16831774                           /usr/lib/librt-2.28.so
f708d000-f708e000 r--p 00007000 08:04 16831774                           /usr/lib/librt-2.28.so
f708e000-f708f000 rw-p 00008000 08:04 16831774                           /usr/lib/librt-2.28.so
f708f000-f720e000 r-xp 00000000 08:04 17021545                           /usr/lib/libunistring.so.2.1.0
f720e000-f720f000 ---p 0017f000 08:04 17021545                           /usr/lib/libunistring.so.2.1.0
f720f000-f7211000 r--p 0017f000 08:04 17021545                           /usr/lib/libunistring.so.2.1.0
f7211000-f7212000 rw-p 00181000 08:04 17021545                           /usr/lib/libunistring.so.2.1.0
f7212000-f723c000 r-xp 00000000 08:04 18654292                           /usr/lib/liblzma.so.5.2.4
f723c000-f723d000 r--p 00029000 08:04 18654292                           /usr/lib/liblzma.so.5.2.4
f723d000-f723e000 rw-p 00000000 00:00 0 
f723e000-f724a000 r-xp 00000000 08:04 17191936                           /usr/lib/libbrotlidec.so.1.0.6
f724a000-f724b000 r--p 0000b000 08:04 17191936                           /usr/lib/libbrotlidec.so.1.0.6
f724b000-f724c000 rw-p 00000000 00:00 0 
f724c000-f725b000 r-xp 00000000 08:04 17191918                           /usr/lib/liblber-2.4.so.2.10.9
f725b000-f725c000 r--p 0000e000 08:04 17191918                           /usr/lib/liblber-2.4.so.2.10.9
f725c000-f725d000 rw-p 0000f000 08:04 17191918                           /usr/lib/liblber-2.4.so.2.10.9
f725d000-f72b2000 r-xp 00000000 08:04 17191920                           /usr/lib/libldap-2.4.so.2.10.9
f72b2000-f72b3000 ---p 00055000 08:04 17191920                           /usr/lib/libldap-2.4.so.2.10.9
f72b3000-f72b4000 r--p 00055000 08:04 17191920                           /usr/lib/libldap-2.4.so.2.10.9
f72b4000-f72b5000 rw-p 00056000 08:04 17191920                           /usr/lib/libldap-2.4.so.2.10.9
f72b5000-f72b7000 rw-p 00000000 00:00 0 
f72b7000-f72ba000 r-xp 00000000 08:04 16994899                           /usr/lib/libcom_err.so.2.1
f72ba000-f72bb000 r--p 00002000 08:04 16994899                           /usr/lib/libcom_err.so.2.1
f72bb000-f72bc000 rw-p 00003000 08:04 16994899                           /usr/lib/libcom_err.so.2.1
f72bc000-f72d2000 r-xp 00000000 08:04 17021552                           /usr/lib/libk5crypto.so.3.1
f72d2000-f72d3000 ---p 00016000 08:04 17021552                           /usr/lib/libk5crypto.so.3.1
f72d3000-f72d4000 r--p 00016000 08:04 17021552                           /usr/lib/libk5crypto.so.3.1
f72d4000-f72d5000 rw-p 00017000 08:04 17021552                           /usr/lib/libk5crypto.so.3.1
f72d5000-f73b8000 r-xp 00000000 08:04 17021558                           /usr/lib/libkrb5.so.3.3
f73b8000-f73bf000 r--p 000e2000 08:04 17021558                           /usr/lib/libkrb5.so.3.3
f73bf000-f73c0000 rw-p 000e9000 08:04 17021558                           /usr/lib/libkrb5.so.3.3
f73c0000-f741b000 r-xp 00000000 08:04 17021548                           /usr/lib/libgssapi_krb5.so.2.2
f741b000-f741d000 r--p 0005a000 08:04 17021548                           /usr/lib/libgssapi_krb5.so.2.2
f741d000-f741e000 rw-p 0005c000 08:04 17021548                           /usr/lib/libgssapi_krb5.so.2.2
f741e000-f76cf000 r-xp 00000000 08:04 18627877                           /usr/lib/libcrypto.so.1.1.1k
f76cf000-f76e8000 r--p 002b0000 08:04 18627877                           /usr/lib/libcrypto.so.1.1.1k
f76e8000-f76ea000 rw-p 002c9000 08:04 18627877                           /usr/lib/libcrypto.so.1.1.1k
f76ea000-f76ee000 rw-p 00000000 00:00 0 
f76ee000-f7780000 r-xp 00000000 08:04 18627879                           /usr/lib/libssl.so.1.1.1k
f7780000-f7786000 r--p 00091000 08:04 18627879                           /usr/lib/libssl.so.1.1.1k
f7786000-f778a000 rw-p 00097000 08:04 18627879                           /usr/lib/libssl.so.1.1.1k
f778a000-f779a000 r-xp 00000000 08:04 18660120                           /usr/lib/libpsl.so.5.3.1
f779a000-f779b000 r--p 0000f000 08:04 18660120                           /usr/lib/libpsl.so.5.3.1
f779b000-f779c000 rw-p 00000000 00:00 0 
f779c000-f7819000 r-xp 00000000 08:04 16994901                           /usr/lib/libssh.so.4.8.7
f7819000-f781a000 ---p 0007d000 08:04 16994901                           /usr/lib/libssh.so.4.8.7
f781a000-f781b000 r--p 0007d000 08:04 16994901                           /usr/lib/libssh.so.4.8.7
f781b000-f781c000 rw-p 0007e000 08:04 16994901                           /usr/lib/libssh.so.4.8.7
f781c000-f7839000 r-xp 00000000 08:04 17040588                           /usr/lib/libidn2.so.0.3.6
f7839000-f783a000 r--p 0001c000 08:04 17040588                           /usr/lib/libidn2.so.0.3.6
f783a000-f783b000 rw-p 00000000 00:00 0 
f783b000-f7863000 r-xp 00000000 08:04 17191891                           /usr/lib/libnghttp2.so.14.17.0
f7863000-f7864000 r--p 00027000 08:04 17191891                           /usr/lib/libnghttp2.so.14.17.0
f7864000-f7866000 rw-p 00028000 08:04 17191891                           /usr/lib/libnghttp2.so.14.17.0
f7866000-f7a08000 r-xp 00000000 08:04 16831756                           /usr/lib/libc-2.28.so
f7a08000-f7a09000 ---p 001a2000 08:04 16831756                           /usr/lib/libc-2.28.so
f7a09000-f7a0b000 r--p 001a2000 08:04 16831756                           /usr/lib/libc-2.28.so
f7a0b000-f7a0c000 rw-p 001a4000 08:04 16831756                           /usr/lib/libc-2.28.so
f7a0c000-f7a11000 rw-p 00000000 00:00 0 
f7a11000-f7a2c000 r-xp 00000000 08:04 16985139                           /usr/lib/libgcc_s-8-20210514.so.1
f7a2c000-f7a2d000 r--p 0001a000 08:04 16985139                           /usr/lib/libgcc_s-8-20210514.so.1
f7a2d000-f7a2e000 rw-p 0001b000 08:04 16985139                           /usr/lib/libgcc_s-8-20210514.so.1
f7a2e000-f7afe000 r-xp 00000000 08:04 16831760                           /usr/lib/libm-2.28.so
f7afe000-f7aff000 r--p 000cf000 08:04 16831760                           /usr/lib/libm-2.28.so
f7aff000-f7b00000 rw-p 000d0000 08:04 16831760                           /usr/lib/libm-2.28.so
f7b00000-f7c89000 r-xp 00000000 08:04 16985145                           /usr/lib/libstdc++.so.6.0.25
f7c89000-f7c8a000 ---p 00189000 08:04 16985145                           /usr/lib/libstdc++.so.6.0.25
f7c8a000-f7c90000 r--p 00189000 08:04 16985145                           /usr/lib/libstdc++.so.6.0.25
f7c90000-f7c91000 rw-p 0018f000 08:04 16985145                           /usr/lib/libstdc++.so.6.0.25
f7c91000-f7c93000 rw-p 00000000 00:00 0 
f7c93000-f7caa000 r-xp 00000000 08:04 16963437                           /usr/lib/libz.so.1.2.11
f7caa000-f7cab000 ---p 00017000 08:04 16963437                           /usr/lib/libz.so.1.2.11
f7cab000-f7cac000 r--p 00017000 08:04 16963437                           /usr/lib/libz.so.1.2.11
f7cac000-f7cad000 rw-p 00000000 00:00 0 
f7cad000-f7e2a000 r-xp 00000000 08:04 16963397                           /usr/lib/libxml2.so.2.9.7
f7e2a000-f7e2f000 r--p 0017c000 08:04 16963397                           /usr/lib/libxml2.so.2.9.7
f7e2f000-f7e30000 rw-p 00181000 08:04 16963397                           /usr/lib/libxml2.so.2.9.7
f7e30000-f7e31000 rw-p 00000000 00:00 0 
f7e31000-f7e4d000 r-xp 00000000 08:04 16831770                           /usr/lib/libpthread-2.28.so
f7e4d000-f7e4e000 r--p 0001b000 08:04 16831770                           /usr/lib/libpthread-2.28.so
f7e4e000-f7e4f000 rw-p 0001c000 08:04 16831770                           /usr/lib/libpthread-2.28.so
f7e4f000-f7e51000 rw-p 00000000 00:00 0 
f7e51000-f7ec5000 r-xp 00000000 08:04 16818911                           /usr/lib/libpcre.so.1.2.10
f7ec5000-f7ec6000 ---p 00074000 08:04 16818911                           /usr/lib/libpcre.so.1.2.10
f7ec6000-f7ec7000 r--p 00074000 08:04 16818911                           /usr/lib/libpcre.so.1.2.10
f7ec7000-f7ec8000 rw-p 00075000 08:04 16818911                           /usr/lib/libpcre.so.1.2.10
f7ec8000-f7ecb000 r-xp 00000000 08:04 16831758                           /usr/lib/libdl-2.28.so
f7ecb000-f7ecc000 r--p 00002000 08:04 16831758                           /usr/lib/libdl-2.28.so
f7ecc000-f7ecd000 rw-p 00003000 08:04 16831758                           /usr/lib/libdl-2.28.so
f7ecd000-f7f6a000 r-xp 00000000 08:04 16994905                           /usr/lib/libcurl.so.4.5.0
f7f6a000-f7f6c000 r--p 0009c000 08:04 16994905                           /usr/lib/libcurl.so.4.5.0
f7f6c000-f7f6d000 rw-p 0009e000 08:04 16994905                           /usr/lib/libcurl.so.4.5.0
f7f6d000-f7f74000 r--s 00000000 08:04 176632422                          /usr/lib/gconv/gconv-modules.cache
f7f74000-f7f7c000 rw-s 00000000 08:04 151846524                          /tmp/hsperfdata_almalinux/54252 (deleted)
f7f7c000-f7f7d000 ---p 00000000 00:00 0 
f7f7d000-f7f7e000 r--p 00000000 00:00 0 
f7f7e000-f7f80000 rw-p 00000000 00:00 0 
f7f80000-f7f84000 r--p 00000000 00:00 0                                  [vvar]
f7f84000-f7f86000 r-xp 00000000 00:00 0                                  [vdso]
f7f86000-f7fb5000 r-xp 00000000 08:04 16831749                           /usr/lib/ld-2.28.so
f7fb5000-f7fb6000 ---p 00000000 00:00 0 
f7fb6000-f7fb7000 r--p 0002f000 08:04 16831749                           /usr/lib/ld-2.28.so
f7fb7000-f7fb8000 rw-p 00030000 08:04 16831749                           /usr/lib/ld-2.28.so
ff72c000-ff72d000 rwxp 00000000 00:00 0 
ff835000-ff8f1000 rw-p 00000000 00:00 0                                  [stack]


VM Arguments:
jvm_args: -Xms128m -Xmx512m -Xss768k -XX:MaxMetaspaceSize=96m -Xrs -XX:-UsePerfData -XX:-AllowUserSignalHandlers -XX:UseSSE=3 -XX+DoEscapeAnalysis -XX:AutoBoxCacheMax:2000 -XX:+OptimizeStringConcat -XX:+OptimizeFill -XX:+EliminateAutoBox -XX:+UseCompressedStrings -XX:+UseCompressedOops -XX:+EliminateLocks -XX:UseFastAccessorMethods -XX:+UseStringCache -XgcPrio:throughput -XXkeepAreaRatio:1 -XXlazyUnlocking -XXcallProfiling -XXcompactRatio:1 
java_command: <unknown>
java_class_path (initial): ../../data/sku.0/sys.server/compiled/game/
Launcher Type: generic

[Global flags]
     intx CICompilerCount                          = 3                                         {product} {ergonomic}
     uint ConcGCThreads                            = 1                                         {product} {ergonomic}
     uint G1ConcRefinementThreads                  = 4                                         {product} {ergonomic}
   size_t G1HeapRegionSize                         = 1048576                                   {product} {ergonomic}
    uintx GCDrainStackTargetSize                   = 64                                        {product} {ergonomic}
   size_t InitialHeapSize                          = 134217728                                 {product} {command line}
   size_t MarkStackSize                            = 32768                                     {product} {ergonomic}
   size_t MaxHeapSize                              = 536870912                                 {product} {command line}
   size_t MaxMetaspaceSize                         = 100663296                                 {product} {command line}
   size_t MaxNewSize                               = 321912832                                 {product} {ergonomic}
   size_t MinHeapDeltaBytes                        = 1048576                                   {product} {ergonomic}
   size_t MinHeapSize                              = 134217728                                 {product} {command line}
    uintx NonNMethodCodeHeapSize                   = 5544422                                {pd product} {ergonomic}
    uintx NonProfiledCodeHeapSize                  = 123056909                              {pd product} {ergonomic}
    uintx ProfiledCodeHeapSize                     = 123056909                              {pd product} {ergonomic}
    uintx ReservedCodeCacheSize                    = 251658240                              {pd product} {ergonomic}
     bool SegmentedCodeCache                       = true                                      {product} {ergonomic}
   size_t SoftMaxHeapSize                          = 536870912                              {manageable} {ergonomic}
   double SweeperThreshold                         = 0.500000                                  {product} {ergonomic}
     intx ThreadStackSize                          = 768                                    {pd product} {command line}
     bool UseG1GC                                  = true                                      {product} {ergonomic}

Logging:
Log output configuration:
 #0: stdout all=off uptime,level,tags
 #1: stderr all=off uptime,level,tags

Environment Variables:
JAVA_HOME=/usr/lib/jvm/zulu-17-x86
PATH=/usr/java/jdk1.7.0_80/bin:/usr/java/jdk1.7.0_80/bin:/usr/java/jdk1.6.0_45/bin:/usr/java/jdk1.6.0_45/bin:/usr/java/jdk1.6.0_45/bin:/home/almalinux/.local/bin:/home/almalinux/bin:/sbin:/bin:/usr/bin:/usr/local/bin:/usr/local/sbin:/usr/sbin:/usr/lib/oracle/18.3/client/bin:/usr/lib/oracle/18.3/client/bin:/usr/lib/jvm/java-11-openjdk/bin:./
LD_LIBRARY_PATH=/usr/lib/jvm/java-17-zulu-openjdk-jdk-x86/lib/server:/usr/lib/jvm/java-17-zulu-openjdk-jdk-x86/lib:/usr/lib/jvm/java-17-zulu-openjdk-jdk-x86/../lib:/usr/lib/jvm/zulu-17-x86/lib/server:/usr/lib/jvm/java-11-openjdk/lib:/usr/lib/jvm/java-11-openjdk/lib/server:./
SHELL=/bin/bash
DISPLAY=:10.0
LANG=en_US.UTF-8
TERM=xterm-256color

Active Locale:
LC_ALL=en_US.UTF-8
LC_COLLATE=en_US.UTF-8
LC_CTYPE=en_US.UTF-8
LC_MESSAGES=en_US.UTF-8
LC_MONETARY=en_US.UTF-8
LC_NUMERIC=en_US.UTF-8
LC_TIME=en_US.UTF-8

Signal Handlers:
   SIGSEGV: crash_handler in libjvm.so, mask=11100100010111111101111111111110, flags=SA_RESTART|SA_SIGINFO, unblocked
    SIGBUS: crash_handler in libjvm.so, mask=11100100010111111101111111111110, flags=SA_RESTART|SA_SIGINFO, unblocked
    SIGFPE: crash_handler in libjvm.so, mask=11100100010111111101111111111110, flags=SA_RESTART|SA_SIGINFO, unblocked
   SIGPIPE: SIG_IGN, mask=00000000000010000000000000000000, flags=SA_RESTART, blocked
  *** Handler was modified!
  *** Expected: javaSignalHandler in libjvm.so, mask=11100100110111111111111111111110, flags=SA_RESTART|SA_SIGINFO
   SIGXFSZ: javaSignalHandler in libjvm.so, mask=11100100010111111101111111111110, flags=SA_RESTART|SA_SIGINFO, blocked
    SIGILL: crash_handler in libjvm.so, mask=11100100010111111101111111111110, flags=SA_RESTART|SA_SIGINFO, unblocked
   SIGUSR2: SR_handler in libjvm.so, mask=00100000000000000000000000000000, flags=SA_RESTART|SA_SIGINFO, blocked
    SIGHUP: UserHandler in libjvm.so, mask=11100100010111111101111111111110, flags=SA_RESTART|SA_SIGINFO, blocked
    SIGINT: UserHandler in libjvm.so, mask=11100100010111111101111111111110, flags=SA_RESTART|SA_SIGINFO, blocked
   SIGTERM: UserHandler in libjvm.so, mask=11100100010111111101111111111110, flags=SA_RESTART|SA_SIGINFO, blocked
   SIGQUIT: UserHandler in libjvm.so, mask=11100100010111111101111111111110, flags=SA_RESTART|SA_SIGINFO, blocked
   SIGTRAP: crash_handler in libjvm.so, mask=11100100010111111101111111111110, flags=SA_RESTART|SA_SIGINFO, unblocked


Periodic native trim disabled


---------------  S Y S T E M  ---------------

OS:
AlmaLinux release 8.10 (Cerulean Leopard)
uname: Linux 4.18.0-553.81.1.el8_10.x86_64 #1 SMP Mon Oct 27 11:29:19 EDT 2025 x86_64
OS uptime: 2 days 3:47 hours
libc: glibc 2.28 NPTL 2.28 
rlimit (soft/hard): STACK 8192k/infinity , CORE 0k/infinity , NPROC 61995/61995 , NOFILE 262144/262144 , AS infinity/infinity , CPU infinity/infinity , DATA infinity/infinity , FSIZE infinity/infinity , MEMLOCK 64k/64k
load average: 55.45 41.13 39.80

/proc/meminfo:
MemTotal:       16014448 kB
MemFree:         4144448 kB
MemAvailable:    4891180 kB
Buffers:              32 kB
Cached:          2154956 kB
SwapCached:        35732 kB
Active:          1874024 kB
Inactive:        9121396 kB
Active(anon):    1518120 kB
Inactive(anon):  8824444 kB
Active(file):     355904 kB
Inactive(file):   296952 kB
Unevictable:        6160 kB
Mlocked:               0 kB
SwapTotal:       8388604 kB
SwapFree:        7159992 kB
Dirty:              1928 kB
Writeback:             0 kB
AnonPages:       8798904 kB
Mapped:          1269836 kB
Shmem:           1502076 kB
KReclaimable:     270920 kB
Slab:             420232 kB
SReclaimable:     270920 kB
SUnreclaim:       149312 kB
KernelStack:       23648 kB
PageTables:       161952 kB
NFS_Unstable:          0 kB
Bounce:                0 kB
WritebackTmp:          0 kB
CommitLimit:    16395828 kB
Committed_AS:   23278332 kB
VmallocTotal:   34359738367 kB
VmallocUsed:       69636 kB
VmallocChunk:          0 kB
Percpu:             2720 kB
HardwareCorrupted:     0 kB
AnonHugePages:         0 kB
ShmemHugePages:        0 kB
ShmemPmdMapped:        0 kB
FileHugePages:         0 kB
FilePmdMapped:         0 kB
HugePages_Total:       0
HugePages_Free:        0
HugePages_Rsvd:        0
HugePages_Surp:        0
Hugepagesize:       2048 kB
Hugetlb:               0 kB
DirectMap4k:      966508 kB
DirectMap2M:    15417344 kB

/sys/kernel/mm/transparent_hugepage/enabled: always madvise [never]
/sys/kernel/mm/transparent_hugepage/hpage_pmd_size: 2097152
/sys/kernel/mm/transparent_hugepage/defrag (defrag/compaction efforts parameter): always defer defer+madvise [madvise] never

Process Memory:
Virtual Size: 1107896K (peak: 1128904K)
Resident Set Size: 336580K (peak: 353604K) (anon: 305208K, file: 31372K, shmem: 0K)
Swapped out: 0K
C-Heap outstanding allocations: 22781K, retained: 174482K
glibc malloc tunables: (default)

/proc/sys/kernel/threads-max (system-wide limit on the number of threads): 123991
/proc/sys/vm/max_map_count (maximum number of memory map areas a process may have): 1677720
/proc/sys/kernel/pid_max (system-wide limit on number of process identifiers): 4194304

container (cgroup) information:
container_type: cgroupv1
cpu_cpuset_cpus: 0-3
cpu_memory_nodes: 0
active_processor_count: 4
cpu_quota: no quota
cpu_period: 100000
cpu_shares: no shares
memory_limit_in_bytes: unlimited
memory_and_swap_limit_in_bytes: unlimited
memory_soft_limit_in_bytes: unlimited
memory_usage_in_bytes: 10238792 k
memory_max_usage_in_bytes: 14866960 k
kernel_memory_usage_in_bytes: 202240 k
kernel_memory_max_usage_in_bytes: unlimited
kernel_memory_limit_in_bytes: 752460 k
maximum number of tasks: unlimited
current number of tasks: 597

KVM virtualization detected
Steal ticks since vm start: 2944
Steal ticks percentage since vm start:  0.000

CPU: total 4 (initial active 4) (1 cores per cpu, 1 threads per core) family 6 model 60 stepping 1 microcode 0x1, cx8, cmov, fxsr, mmx, sse, sse2, sse3, ssse3, sse4.1, sse4.2, popcnt, lzcnt, tsc, avx, avx2, aes, erms, clmul, bmi1, bmi2, fma, vzeroupper, clflush, hv
CPU Model and flags from /proc/cpuinfo:
model name	: Intel Core Processor (Haswell, no TSX)
flags		: fpu vme de pse tsc msr pae mce cx8 apic sep mtrr pge mca cmov pat pse36 clflush mmx fxsr sse sse2 syscall nx rdtscp lm constant_tsc rep_good nopl xtopology cpuid tsc_known_freq pni pclmulqdq vmx ssse3 fma cx16 pcid sse4_1 sse4_2 x2apic movbe popcnt tsc_deadline_timer aes xsave avx f16c rdrand hypervisor lahf_lm abm cpuid_fault invpcid_single pti tpr_shadow vnmi flexpriority ept vpid ept_ad fsgsbase bmi1 avx2 smep bmi2 erms invpcid xsaveopt arat md_clear

Online cpus: 0-3
Offline cpus: 
BIOS frequency limitation: <Not Available>
Frequency switch latency (ns): <Not Available>
Available cpu frequencies: <Not Available>
Current governor: <Not Available>
Core performance/turbo boost: <Not Available>

Memory: 4k page, physical 16014448k(4189244k free), swap 8388604k(7159992k free)
Page Sizes: 4k

vm_info: OpenJDK Server VM (17.0.11+9-LTS) for linux-x86 JRE (17.0.11+9-LTS) (Zulu17.50+19-CA), built on Apr  9 2024 07:14:46 by "zulu_re" with gcc 8.3.0

END.
