#
# A fatal error has been detected by the Java Runtime Environment:
#
#  SIGSEGV (0xb) at pc=0xf7846618, pid=349178, tid=349178
#
# JRE version: OpenJDK Runtime Environment Zulu17.50+19-CA (17.0.11+9) (build 17.0.11+9-LTS)
# Java VM: OpenJDK Server VM Zulu17.50+19-CA (17.0.11+9-LTS, mixed mode, sharing, tiered, g1 gc, linux-x86)
# Problematic frame:
# C  [libc.so.6+0x84618]  cfree+0x28
#
# Core dump will be written. Default location: Core dumps may be processed with "/usr/lib/systemd/systemd-coredump %P %u %g %s %t %c %h %e" (or dumping to /home/almalinux/swg-returns-nge/exe/linux/core.349178)
#
# If you would like to submit a bug report, please visit:
#   http://www.azul.com/support/
#

---------------  S U M M A R Y ------------

Command Line: -Xms128m -Xmx512m -Xss768k -XX:MaxMetaspaceSize=96m -Xrs -XX:-UsePerfData -XX:-AllowUserSignalHandlers -XX:UseSSE=3 -XX+DoEscapeAnalysis -XX:AutoBoxCacheMax:2000 -XX:+OptimizeStringConcat -XX:+OptimizeFill -XX:+EliminateAutoBox -XX:+UseCompressedStrings -XX:+UseCompressedOops -XX:+EliminateLocks -XX:UseFastAccessorMethods -XX:+UseStringCache -XgcPrio:throughput -XXkeepAreaRatio:1 -XXlazyUnlocking -XXcallProfiling -XXcompactRatio:1 

Host: Intel Core Processor (Haswell, no TSX), 4 cores, 15G, AlmaLinux release 8.10 (Cerulean Leopard)
Time: Mon Jan 26 07:44:36 2026 UTC elapsed time: 497.635918 seconds (0d 0h 8m 17s)

---------------  T H R E A D  ---------------

Current thread is native thread

Stack: [0xffeef000,0xfffaf000],  sp=0xfffab9a0,  free space=754k
Native frames: (J=compiled Java code, j=interpreted, Vv=VM code, C=native code)
C  [libc.so.6+0x84618]  cfree+0x28


siginfo: si_signo: 11 (SIGSEGV), si_code: 1 (SEGV_MAPERR), si_addr: 0x00000003

Registers:
EAX=0x00000000, EBX=0x00000007, ECX=0xf6e8484c, EDX=0x0a6fdda8
ESP=0xfffab9a0, EBP=0xfffabad8, ESI=0xf7967000, EDI=0x00000000
EIP=0xf7846618, EFLAGS=0x00210202, CR2=0x0000000000000003


Top of Stack: (sp=0xfffab9a0)
0xfffab9a0:   0a381030 00000000 fffabad8 f7ad3f1c
0xfffab9b0:   0a3810c0 f7beaa04 0a6fdd80 f7ad3f1c
0xfffab9c0:   00000007 f7ad3f0a f7beaa04 f7ad3f4c
0xfffab9d0:   0a3810c0 f7ad3f0a 0a701b20 085b6163
0xfffab9e0:   00000007 0a381030 0a380d40 085bb8d1
0xfffab9f0:   0a381030 0a380d40 00000000 085bb89b
0xfffaba00:   0bb960d0 fffaba27 fffaba4c 085c6969
0xfffaba10:   087d6c00 fffaba4c fffabad8 084fc53b
0xfffaba20:   00000014 00010002 00000000 00000000
0xfffaba30:   01010100 00000001 09aa44c0 00000000
0xfffaba40:   00000000 00000000 00000000 00000000
0xfffaba50:   00000000 00000014 fffabba8 f77f76ff
0xfffaba60:   f796741c 47677753 53656d61 65767265
0xfffaba70:   34333a72 38373139 09290100 0a6e3140
0xfffaba80:   08ea0100 08ebc230 08ea5888 f796741c
0xfffaba90:   00000428 00000420 f77f7779 085758fd
0xfffabaa0:   08ea2a80 09b1ea78 08ea5888 08574f56
0xfffabab0:   0929a2c4 0929a2c4 fffabba8 08ea583b
0xfffabac0:   0000000c fffabb74 fffabaf0 f7967000
0xfffabad0:   00000000 08575910 00000000 f77dff26
0xfffabae0:   00000000 08575910 00000000 f77dff26
0xfffabaf0:   0000000c fffabb74 fffabba8 fffabb14
0xfffabb00:   0929a2d0 00000000 fffabba8 f7967000
0xfffabb10:   f77cf75c f7967000 00000000 08575910
0xfffabb20:   00000000 ae878dbf a00fa5ae 00000000
0xfffabb30:   00000000 00000000 f7ee64d0 f77dfe30
0xfffabb40:   084fc260 0929a2c4 0000000c 08575946
0xfffabb50:   084fc260 0000000c fffabb74 08ea57f0
0xfffabb60:   08ea5850 f7ee64d0 fffabb6c f7f13970
0xfffabb70:   0000000c fffad61f fffad631 fffad634
0xfffabb80:   fffad646 fffad649 fffad654 fffad678
0xfffabb90:   fffad688 fffad6a8 fffad6d8 fffad6db 

Instructions: (pc=0xf7846618)
0xf7846518:   50 8d 96 86 f7 fa ff 8d 86 d0 2f fb ff e8 c6 b7
0xf7846528:   ff ff 8d b6 00 00 00 00 bb 20 00 00 00 e9 5e fe
0xf7846538:   ff ff e8 a1 c0 ff ff 89 c5 85 c0 0f 85 68 ff ff
0xf7846548:   ff 31 d2 8d 44 3b 10 e8 8c c1 ff ff 89 da 89 f9
0xf7846558:   89 c5 e8 11 f0 ff ff 89 c2 85 c0 75 1b 85 ed 74
0xf7846568:   17 90 89 fa 89 e8 e8 bd c5 ff ff 89 da 89 f9 89
0xf7846578:   c5 e8 f2 ef ff ff 89 c2 85 ed 0f 84 57 ff ff ff
0xf7846588:   e9 39 ff ff ff 8d 86 b8 31 fb ff 83 ec 0c b9 25
0xf7846598:   0d 00 00 50 8d 96 86 f7 fa ff 8d 86 74 2f fb ff
0xf78465a8:   e8 43 b7 ff ff 8d 76 00 f3 0f 1e fb e8 0a 9a f9
0xf78465b8:   ff 05 47 0a 12 00 56 53 83 ec 04 8b 5c 24 10 8b
0xf78465c8:   74 24 14 8b 80 50 ff ff ff c7 00 00 00 00 00 e8
0xf78465d8:   54 bb ff ff 8b 4c 24 0c 83 c4 04 89 f2 89 d8 5b
0xf78465e8:   5e e9 42 fd ff ff 66 90 f3 0f 1e fb 56 e8 9a 9b
0xf78465f8:   f9 ff 81 c6 06 0a 12 00 53 83 ec 14 8b 5c 24 20
0xf7846608:   8b 86 5c ff ff ff 8b 00 85 c0 75 6c 85 db 74 75
0xf7846618:   8b 4b fc 8d 53 f8 f6 c1 02 75 35 8b 86 70 fe ff
0xf7846628:   ff 65 8b 00 85 c0 0f 84 8c 00 00 00 83 e1 04 8d
0xf7846638:   86 60 07 00 00 74 09 89 d0 25 00 00 f0 ff 8b 00
0xf7846648:   83 c4 14 31 c9 5b 5e e9 8c cb ff ff 8d 74 26 00
0xf7846658:   8b 9e 60 01 00 00 85 db 75 10 3b 8e 48 01 00 00
0xf7846668:   76 08 81 f9 00 00 08 00 76 26 83 c4 14 89 d0 5b
0xf7846678:   5e e9 92 b8 ff ff 66 90 83 ec 08 ff 74 24 24 53
0xf7846688:   ff d0 83 c4 10 83 c4 14 5b 5e c3 8d 74 26 00 90
0xf7846698:   39 96 80 1d 00 00 77 08 39 96 7c 1d 00 00 77 ca
0xf78466a8:   83 e1 f8 8d 04 09 89 8e 48 01 00 00 89 86 40 01
0xf78466b8:   00 00 90 eb b5 8d 76 00 8b 86 74 fe ff ff 65 80
0xf78466c8:   38 00 0f 85 64 ff ff ff 89 54 24 0c e8 97 ed ff
0xf78466d8:   ff 8b 4b fc 8b 54 24 0c e9 4f ff ff ff 8d b4 26
0xf78466e8:   00 00 00 00 8d 74 26 00 f3 0f 1e fb 55 57 56 e8
0xf78466f8:   98 9a f9 ff 81 c6 04 09 12 00 53 83 ec 0c 8b 86
0xf7846708:   70 fe ff ff 8b 96 74 fe ff ff 65 8b 28 65 c6 02 



---------------  P R O C E S S  ---------------

VM state: at safepoint (shutting down)

VM Mutex/Monitor currently owned by a thread:  ([mutex/lock_event])
[0xf5e21d30] Threads_lock - owner thread: 0xc4194cf0

GC Precious Log:
<Skipped>

Heap:
 garbage-first heap   total 131072K, used 31713K [0xc5c00000, 0xe5c00000)
  region size 1024K, 30 young (30720K), 7 survivors (7168K)
 Metaspace       used 4821K, committed 5248K, reserved 16384K

Heap Regions: E=young(eden), S=young(survivor), O=old, HS=humongous(starts), HC=humongous(continues), CS=collection set, F=free, OA=open archive, CA=closed archive, TAMS=top-at-mark-start (previous, next)
|   0|0xc5c00000, 0xc5d00000, 0xc5d00000|100%| O|  |TAMS 0xc5c00000, 0xc5c00000| Untracked 
|   1|0xc5d00000, 0xc5dfbe00, 0xc5e00000| 98%| O|  |TAMS 0xc5d00000, 0xc5d00000| Untracked 
|   2|0xc5e00000, 0xc5e00000, 0xc5f00000|  0%| F|  |TAMS 0xc5e00000, 0xc5e00000| Untracked 
|   3|0xc5f00000, 0xc5f00000, 0xc6000000|  0%| F|  |TAMS 0xc5f00000, 0xc5f00000| Untracked 
|   4|0xc6000000, 0xc6000000, 0xc6100000|  0%| F|  |TAMS 0xc6000000, 0xc6000000| Untracked 
|   5|0xc6100000, 0xc6100000, 0xc6200000|  0%| F|  |TAMS 0xc6100000, 0xc6100000| Untracked 
|   6|0xc6200000, 0xc6200000, 0xc6300000|  0%| F|  |TAMS 0xc6200000, 0xc6200000| Untracked 
|   7|0xc6300000, 0xc6300000, 0xc6400000|  0%| F|  |TAMS 0xc6300000, 0xc6300000| Untracked 
|   8|0xc6400000, 0xc6400000, 0xc6500000|  0%| F|  |TAMS 0xc6400000, 0xc6400000| Untracked 
|   9|0xc6500000, 0xc6500000, 0xc6600000|  0%| F|  |TAMS 0xc6500000, 0xc6500000| Untracked 
|  10|0xc6600000, 0xc6600000, 0xc6700000|  0%| F|  |TAMS 0xc6600000, 0xc6600000| Untracked 
|  11|0xc6700000, 0xc6700000, 0xc6800000|  0%| F|  |TAMS 0xc6700000, 0xc6700000| Untracked 
|  12|0xc6800000, 0xc6800000, 0xc6900000|  0%| F|  |TAMS 0xc6800000, 0xc6800000| Untracked 
|  13|0xc6900000, 0xc6900000, 0xc6a00000|  0%| F|  |TAMS 0xc6900000, 0xc6900000| Untracked 
|  14|0xc6a00000, 0xc6a00000, 0xc6b00000|  0%| F|  |TAMS 0xc6a00000, 0xc6a00000| Untracked 
|  15|0xc6b00000, 0xc6b00000, 0xc6c00000|  0%| F|  |TAMS 0xc6b00000, 0xc6b00000| Untracked 
|  16|0xc6c00000, 0xc6c00000, 0xc6d00000|  0%| F|  |TAMS 0xc6c00000, 0xc6c00000| Untracked 
|  17|0xc6d00000, 0xc6d00000, 0xc6e00000|  0%| F|  |TAMS 0xc6d00000, 0xc6d00000| Untracked 
|  18|0xc6e00000, 0xc6e00000, 0xc6f00000|  0%| F|  |TAMS 0xc6e00000, 0xc6e00000| Untracked 
|  19|0xc6f00000, 0xc6f00000, 0xc7000000|  0%| F|  |TAMS 0xc6f00000, 0xc6f00000| Untracked 
|  20|0xc7000000, 0xc7000000, 0xc7100000|  0%| F|  |TAMS 0xc7000000, 0xc7000000| Untracked 
|  21|0xc7100000, 0xc7100000, 0xc7200000|  0%| F|  |TAMS 0xc7100000, 0xc7100000| Untracked 
|  22|0xc7200000, 0xc7200000, 0xc7300000|  0%| F|  |TAMS 0xc7200000, 0xc7200000| Untracked 
|  23|0xc7300000, 0xc7300000, 0xc7400000|  0%| F|  |TAMS 0xc7300000, 0xc7300000| Untracked 
|  24|0xc7400000, 0xc7400000, 0xc7500000|  0%| F|  |TAMS 0xc7400000, 0xc7400000| Untracked 
|  25|0xc7500000, 0xc7500000, 0xc7600000|  0%| F|  |TAMS 0xc7500000, 0xc7500000| Untracked 
|  26|0xc7600000, 0xc7600000, 0xc7700000|  0%| F|  |TAMS 0xc7600000, 0xc7600000| Untracked 
|  27|0xc7700000, 0xc7700000, 0xc7800000|  0%| F|  |TAMS 0xc7700000, 0xc7700000| Untracked 
|  28|0xc7800000, 0xc7800000, 0xc7900000|  0%| F|  |TAMS 0xc7800000, 0xc7800000| Untracked 
|  29|0xc7900000, 0xc7900000, 0xc7a00000|  0%| F|  |TAMS 0xc7900000, 0xc7900000| Untracked 
|  30|0xc7a00000, 0xc7a00000, 0xc7b00000|  0%| F|  |TAMS 0xc7a00000, 0xc7a00000| Untracked 
|  31|0xc7b00000, 0xc7b00000, 0xc7c00000|  0%| F|  |TAMS 0xc7b00000, 0xc7b00000| Untracked 
|  32|0xc7c00000, 0xc7c00000, 0xc7d00000|  0%| F|  |TAMS 0xc7c00000, 0xc7c00000| Untracked 
|  33|0xc7d00000, 0xc7d00000, 0xc7e00000|  0%| F|  |TAMS 0xc7d00000, 0xc7d00000| Untracked 
|  34|0xc7e00000, 0xc7e00000, 0xc7f00000|  0%| F|  |TAMS 0xc7e00000, 0xc7e00000| Untracked 
|  35|0xc7f00000, 0xc7f00000, 0xc8000000|  0%| F|  |TAMS 0xc7f00000, 0xc7f00000| Untracked 
|  36|0xc8000000, 0xc8000000, 0xc8100000|  0%| F|  |TAMS 0xc8000000, 0xc8000000| Untracked 
|  37|0xc8100000, 0xc8100000, 0xc8200000|  0%| F|  |TAMS 0xc8100000, 0xc8100000| Untracked 
|  38|0xc8200000, 0xc8200000, 0xc8300000|  0%| F|  |TAMS 0xc8200000, 0xc8200000| Untracked 
|  39|0xc8300000, 0xc8300000, 0xc8400000|  0%| F|  |TAMS 0xc8300000, 0xc8300000| Untracked 
|  40|0xc8400000, 0xc8400000, 0xc8500000|  0%| F|  |TAMS 0xc8400000, 0xc8400000| Untracked 
|  41|0xc8500000, 0xc8500000, 0xc8600000|  0%| F|  |TAMS 0xc8500000, 0xc8500000| Untracked 
|  42|0xc8600000, 0xc8600000, 0xc8700000|  0%| F|  |TAMS 0xc8600000, 0xc8600000| Untracked 
|  43|0xc8700000, 0xc8700000, 0xc8800000|  0%| F|  |TAMS 0xc8700000, 0xc8700000| Untracked 
|  44|0xc8800000, 0xc8800000, 0xc8900000|  0%| F|  |TAMS 0xc8800000, 0xc8800000| Untracked 
|  45|0xc8900000, 0xc89fc070, 0xc8a00000| 98%| S|CS|TAMS 0xc8900000, 0xc8900000| Complete 
|  46|0xc8a00000, 0xc8b00000, 0xc8b00000|100%| S|CS|TAMS 0xc8a00000, 0xc8a00000| Complete 
|  47|0xc8b00000, 0xc8c00000, 0xc8c00000|100%| S|CS|TAMS 0xc8b00000, 0xc8b00000| Complete 
|  48|0xc8c00000, 0xc8d00000, 0xc8d00000|100%| S|CS|TAMS 0xc8c00000, 0xc8c00000| Complete 
|  49|0xc8d00000, 0xc8e00000, 0xc8e00000|100%| S|CS|TAMS 0xc8d00000, 0xc8d00000| Complete 
|  50|0xc8e00000, 0xc8f00000, 0xc8f00000|100%| S|CS|TAMS 0xc8e00000, 0xc8e00000| Complete 
|  51|0xc8f00000, 0xc9000000, 0xc9000000|100%| S|CS|TAMS 0xc8f00000, 0xc8f00000| Complete 
|  52|0xc9000000, 0xc9000000, 0xc9100000|  0%| F|  |TAMS 0xc9000000, 0xc9000000| Untracked 
|  53|0xc9100000, 0xc9100000, 0xc9200000|  0%| F|  |TAMS 0xc9100000, 0xc9100000| Untracked 
|  54|0xc9200000, 0xc9200000, 0xc9300000|  0%| F|  |TAMS 0xc9200000, 0xc9200000| Untracked 
|  55|0xc9300000, 0xc9300000, 0xc9400000|  0%| F|  |TAMS 0xc9300000, 0xc9300000| Untracked 
|  56|0xc9400000, 0xc9400000, 0xc9500000|  0%| F|  |TAMS 0xc9400000, 0xc9400000| Untracked 
|  57|0xc9500000, 0xc9500000, 0xc9600000|  0%| F|  |TAMS 0xc9500000, 0xc9500000| Untracked 
|  58|0xc9600000, 0xc9600000, 0xc9700000|  0%| F|  |TAMS 0xc9600000, 0xc9600000| Untracked 
|  59|0xc9700000, 0xc9700000, 0xc9800000|  0%| F|  |TAMS 0xc9700000, 0xc9700000| Untracked 
|  60|0xc9800000, 0xc9800000, 0xc9900000|  0%| F|  |TAMS 0xc9800000, 0xc9800000| Untracked 
|  61|0xc9900000, 0xc9900000, 0xc9a00000|  0%| F|  |TAMS 0xc9900000, 0xc9900000| Untracked 
|  62|0xc9a00000, 0xc9a00000, 0xc9b00000|  0%| F|  |TAMS 0xc9a00000, 0xc9a00000| Untracked 
|  63|0xc9b00000, 0xc9b00000, 0xc9c00000|  0%| F|  |TAMS 0xc9b00000, 0xc9b00000| Untracked 
|  64|0xc9c00000, 0xc9c00000, 0xc9d00000|  0%| F|  |TAMS 0xc9c00000, 0xc9c00000| Untracked 
|  65|0xc9d00000, 0xc9d00000, 0xc9e00000|  0%| F|  |TAMS 0xc9d00000, 0xc9d00000| Untracked 
|  66|0xc9e00000, 0xc9e00000, 0xc9f00000|  0%| F|  |TAMS 0xc9e00000, 0xc9e00000| Untracked 
|  67|0xc9f00000, 0xc9f00000, 0xca000000|  0%| F|  |TAMS 0xc9f00000, 0xc9f00000| Untracked 
|  68|0xca000000, 0xca000000, 0xca100000|  0%| F|  |TAMS 0xca000000, 0xca000000| Untracked 
|  69|0xca100000, 0xca100000, 0xca200000|  0%| F|  |TAMS 0xca100000, 0xca100000| Untracked 
|  70|0xca200000, 0xca200000, 0xca300000|  0%| F|  |TAMS 0xca200000, 0xca200000| Untracked 
|  71|0xca300000, 0xca300000, 0xca400000|  0%| F|  |TAMS 0xca300000, 0xca300000| Untracked 
|  72|0xca400000, 0xca400000, 0xca500000|  0%| F|  |TAMS 0xca400000, 0xca400000| Untracked 
|  73|0xca500000, 0xca500000, 0xca600000|  0%| F|  |TAMS 0xca500000, 0xca500000| Untracked 
|  74|0xca600000, 0xca600000, 0xca700000|  0%| F|  |TAMS 0xca600000, 0xca600000| Untracked 
|  75|0xca700000, 0xca700000, 0xca800000|  0%| F|  |TAMS 0xca700000, 0xca700000| Untracked 
|  76|0xca800000, 0xca800000, 0xca900000|  0%| F|  |TAMS 0xca800000, 0xca800000| Untracked 
|  77|0xca900000, 0xca900000, 0xcaa00000|  0%| F|  |TAMS 0xca900000, 0xca900000| Untracked 
|  78|0xcaa00000, 0xcaa00000, 0xcab00000|  0%| F|  |TAMS 0xcaa00000, 0xcaa00000| Untracked 
|  79|0xcab00000, 0xcab00000, 0xcac00000|  0%| F|  |TAMS 0xcab00000, 0xcab00000| Untracked 
|  80|0xcac00000, 0xcac00000, 0xcad00000|  0%| F|  |TAMS 0xcac00000, 0xcac00000| Untracked 
|  81|0xcad00000, 0xcad00000, 0xcae00000|  0%| F|  |TAMS 0xcad00000, 0xcad00000| Untracked 
|  82|0xcae00000, 0xcae00000, 0xcaf00000|  0%| F|  |TAMS 0xcae00000, 0xcae00000| Untracked 
|  83|0xcaf00000, 0xcaf00000, 0xcb000000|  0%| F|  |TAMS 0xcaf00000, 0xcaf00000| Untracked 
|  84|0xcb000000, 0xcb000000, 0xcb100000|  0%| F|  |TAMS 0xcb000000, 0xcb000000| Untracked 
|  85|0xcb100000, 0xcb100000, 0xcb200000|  0%| F|  |TAMS 0xcb100000, 0xcb100000| Untracked 
|  86|0xcb200000, 0xcb200000, 0xcb300000|  0%| F|  |TAMS 0xcb200000, 0xcb200000| Untracked 
|  87|0xcb300000, 0xcb300000, 0xcb400000|  0%| F|  |TAMS 0xcb300000, 0xcb300000| Untracked 
|  88|0xcb400000, 0xcb400000, 0xcb500000|  0%| F|  |TAMS 0xcb400000, 0xcb400000| Untracked 
|  89|0xcb500000, 0xcb500000, 0xcb600000|  0%| F|  |TAMS 0xcb500000, 0xcb500000| Untracked 
|  90|0xcb600000, 0xcb600000, 0xcb700000|  0%| F|  |TAMS 0xcb600000, 0xcb600000| Untracked 
|  91|0xcb700000, 0xcb700000, 0xcb800000|  0%| F|  |TAMS 0xcb700000, 0xcb700000| Untracked 
|  92|0xcb800000, 0xcb800000, 0xcb900000|  0%| F|  |TAMS 0xcb800000, 0xcb800000| Untracked 
|  93|0xcb900000, 0xcb900000, 0xcba00000|  0%| F|  |TAMS 0xcb900000, 0xcb900000| Untracked 
|  94|0xcba00000, 0xcba00000, 0xcbb00000|  0%| F|  |TAMS 0xcba00000, 0xcba00000| Untracked 
|  95|0xcbb00000, 0xcbb00000, 0xcbc00000|  0%| F|  |TAMS 0xcbb00000, 0xcbb00000| Untracked 
|  96|0xcbc00000, 0xcbc00000, 0xcbd00000|  0%| F|  |TAMS 0xcbc00000, 0xcbc00000| Untracked 
|  97|0xcbd00000, 0xcbd00000, 0xcbe00000|  0%| F|  |TAMS 0xcbd00000, 0xcbd00000| Untracked 
|  98|0xcbe00000, 0xcbe00000, 0xcbf00000|  0%| F|  |TAMS 0xcbe00000, 0xcbe00000| Untracked 
|  99|0xcbf00000, 0xcbf00000, 0xcc000000|  0%| F|  |TAMS 0xcbf00000, 0xcbf00000| Untracked 
| 100|0xcc000000, 0xcc000000, 0xcc100000|  0%| F|  |TAMS 0xcc000000, 0xcc000000| Untracked 
| 101|0xcc100000, 0xcc100000, 0xcc200000|  0%| F|  |TAMS 0xcc100000, 0xcc100000| Untracked 
| 102|0xcc200000, 0xcc200000, 0xcc300000|  0%| F|  |TAMS 0xcc200000, 0xcc200000| Untracked 
| 103|0xcc300000, 0xcc300000, 0xcc400000|  0%| F|  |TAMS 0xcc300000, 0xcc300000| Untracked 
| 104|0xcc400000, 0xcc400000, 0xcc500000|  0%| F|  |TAMS 0xcc400000, 0xcc400000| Untracked 
| 105|0xcc500000, 0xcc500800, 0xcc600000|  0%| E|  |TAMS 0xcc500000, 0xcc500000| Complete 
| 106|0xcc600000, 0xcc700000, 0xcc700000|100%| E|CS|TAMS 0xcc600000, 0xcc600000| Complete 
| 107|0xcc700000, 0xcc800000, 0xcc800000|100%| E|CS|TAMS 0xcc700000, 0xcc700000| Complete 
| 108|0xcc800000, 0xcc900000, 0xcc900000|100%| E|CS|TAMS 0xcc800000, 0xcc800000| Complete 
| 109|0xcc900000, 0xcca00000, 0xcca00000|100%| E|CS|TAMS 0xcc900000, 0xcc900000| Complete 
| 110|0xcca00000, 0xccb00000, 0xccb00000|100%| E|CS|TAMS 0xcca00000, 0xcca00000| Complete 
| 111|0xccb00000, 0xccc00000, 0xccc00000|100%| E|CS|TAMS 0xccb00000, 0xccb00000| Complete 
| 112|0xccc00000, 0xccd00000, 0xccd00000|100%| E|CS|TAMS 0xccc00000, 0xccc00000| Complete 
| 113|0xccd00000, 0xcce00000, 0xcce00000|100%| E|CS|TAMS 0xccd00000, 0xccd00000| Complete 
| 114|0xcce00000, 0xccf00000, 0xccf00000|100%| E|CS|TAMS 0xcce00000, 0xcce00000| Complete 
| 115|0xccf00000, 0xcd000000, 0xcd000000|100%| E|CS|TAMS 0xccf00000, 0xccf00000| Complete 
| 116|0xcd000000, 0xcd100000, 0xcd100000|100%| E|CS|TAMS 0xcd000000, 0xcd000000| Complete 
| 117|0xcd100000, 0xcd200000, 0xcd200000|100%| E|CS|TAMS 0xcd100000, 0xcd100000| Complete 
| 118|0xcd200000, 0xcd300000, 0xcd300000|100%| E|CS|TAMS 0xcd200000, 0xcd200000| Complete 
| 119|0xcd300000, 0xcd400000, 0xcd400000|100%| E|CS|TAMS 0xcd300000, 0xcd300000| Complete 
| 120|0xcd400000, 0xcd500000, 0xcd500000|100%| E|CS|TAMS 0xcd400000, 0xcd400000| Complete 
| 121|0xcd500000, 0xcd600000, 0xcd600000|100%| E|CS|TAMS 0xcd500000, 0xcd500000| Complete 
| 122|0xcd600000, 0xcd700000, 0xcd700000|100%| E|CS|TAMS 0xcd600000, 0xcd600000| Complete 
| 123|0xcd700000, 0xcd800000, 0xcd800000|100%| E|CS|TAMS 0xcd700000, 0xcd700000| Complete 
| 124|0xcd800000, 0xcd900000, 0xcd900000|100%| E|CS|TAMS 0xcd800000, 0xcd800000| Complete 
| 125|0xcd900000, 0xcda00000, 0xcda00000|100%| E|CS|TAMS 0xcd900000, 0xcd900000| Complete 
| 126|0xcda00000, 0xcdb00000, 0xcdb00000|100%| E|CS|TAMS 0xcda00000, 0xcda00000| Complete 
| 127|0xcdb00000, 0xcdc00000, 0xcdc00000|100%| E|CS|TAMS 0xcdb00000, 0xcdb00000| Complete 

Card table byte_map: [0xc5a00000,0xc5b00000] _byte_map_base: 0xc53d2000

Marking Bits (Prev, Next): (CMBitMap*) 0xf5e8b528, (CMBitMap*) 0xf5e8b548
 Prev Bits: [0xc5100000, 0xc5900000)
 Next Bits: [0xc4900000, 0xc5100000)

Polling page: 0xf7ed8000

Metaspace:

Usage:
    4.71 MB used.

Virtual space:
     16.00 MB reserved,       5.12 MB ( 32%) committed,  1 nodes.

Chunk freelists:
8.44 MB

MaxMetaspaceSize: 96.00 MB
No class space
Initial GC threshold: 16.00 MB
Current GC threshold: 16.00 MB
CDS: on
MetaspaceReclaimPolicy: balanced
 - commit_granule_bytes: 65536.
 - commit_granule_words: 16384.
 - virtual_space_node_default_size: 4194304.
 - enlarge_chunks_in_place: 1.
 - new_chunks_are_fully_committed: 0.
 - uncommit_free_chunks: 1.
 - use_allocation_guard: 0.
 - handle_deallocations: 1.


Internal statistics:

num_allocs_failed_limit: 0.
num_arena_births: 234.
num_arena_deaths: 0.
num_vsnodes_births: 1.
num_vsnodes_deaths: 0.
num_space_committed: 82.
num_space_uncommitted: 0.
num_chunks_returned_to_freelist: 0.
num_chunks_taken_from_freelist: 453.
num_chunk_merges: 0.
num_chunk_splits: 326.
num_chunks_enlarged: 243.
num_inconsistent_stats: 0.

CodeHeap 'non-profiled nmethods': size=120172Kb used=969Kb max_used=969Kb free=119203Kb
 bounds [0xed7f5000, 0xeda35000, 0xf4d50000]
CodeHeap 'profiled nmethods': size=120172Kb used=3496Kb max_used=3496Kb free=116675Kb
 bounds [0xe5d50000, 0xe60c0000, 0xed2ab000]
CodeHeap 'non-nmethods': size=5416Kb used=738Kb max_used=785Kb free=4677Kb
 bounds [0xed2ab000, 0xed4eb000, 0xed7f5000]
 total_blobs=2103 nmethods=1754 adapters=263
 compilation: enabled
              stopped_count=0, restarted_count=0
 full_count=0

Compilation events (20 events):
Event: 429.203 Thread 0xc419f450 1746       4       java.io.ObjectInputStream::readArray (430 bytes)
Event: 430.060 Thread 0xc419f450 nmethod 1746 0xed8ddd88 code [0xed8ddfc0, 0xed8dff18]
Event: 436.656 Thread 0xc419f450 1747   !   4       jdk.internal.reflect.GeneratedMethodAccessor1::invoke (66 bytes)
Event: 436.659 Thread 0xc419f450 nmethod 1747 0xed8e1288 code [0xed8e13c0, 0xed8e15a4]
Event: 439.279 Thread 0xc419f450 1749       4       script.obj_id::readResolve (36 bytes)
Event: 439.279 Thread 0xc419f450 nmethod 1749 0xed8e1808 code [0xed8e1920, 0xed8e1a1c]
Event: 439.280 Thread 0xc419f450 1748   !   4       jdk.internal.reflect.GeneratedMethodAccessor2::invoke (61 bytes)
Event: 439.281 Thread 0xc419f450 nmethod 1748 0xed8e1b08 code [0xed8e1c40, 0xed8e1d9c]
Event: 448.279 Thread 0xc419f450 1750       4       java.io.ObjectInputStream::readArray (430 bytes)
Event: 448.380 Thread 0xc419f450 nmethod 1750 0xed8e1f08 code [0xed8e2140, 0xed8e40f8]
Event: 458.007 Thread 0xc419f450 1751       4       java.util.Arrays::fill (21 bytes)
Event: 458.011 Thread 0xc419f450 nmethod 1751 0xed8e5488 code [0xed8e55a0, 0xed8e56f0]
Event: 458.011 Thread 0xc419f450 1752       4       java.io.ObjectOutputStream$BlockDataOutputStream::getUTFLength (124 bytes)
Event: 458.029 Thread 0xc419f450 nmethod 1752 0xed8e5808 code [0xed8e5940, 0xed8e5ef0]
Event: 461.330 Thread 0xc419f450 1753       4       java.util.Arrays::equals (57 bytes)
Event: 461.332 Thread 0xc419f450 nmethod 1753 0xed8e6288 code [0xed8e63a0, 0xed8e6530]
Event: 463.186 Thread 0xc419f450 1754   !   4       jdk.internal.reflect.GeneratedSerializationConstructorAccessor2::newInstance (49 bytes)
Event: 463.189 Thread 0xc419f450 nmethod 1754 0xed8e6708 code [0xed8e6840, 0xed8e699c]
Event: 481.230 Thread 0xc419f450 1755   !   4       java.io.ObjectInputStream::readObject (160 bytes)
Event: 481.235 Thread 0xc419f450 nmethod 1755 0xed8e6b08 code [0xed8e6c60, 0xed8e7024]

GC Heap History (6 events):
Event: 160.858 GC heap before
{Heap before GC invocations=0 (full 0):
 garbage-first heap   total 131072K, used 12288K [0xc5c00000, 0xe5c00000)
  region size 1024K, 13 young (13312K), 0 survivors (0K)
 Metaspace       used 2402K, committed 2560K, reserved 16384K
}
Event: 160.870 GC heap after
{Heap after GC invocations=1 (full 0):
 garbage-first heap   total 131072K, used 2039K [0xc5c00000, 0xe5c00000)
  region size 1024K, 2 young (2048K), 2 survivors (2048K)
 Metaspace       used 2402K, committed 2560K, reserved 16384K
}
Event: 179.169 GC heap before
{Heap before GC invocations=1 (full 0):
 garbage-first heap   total 131072K, used 19447K [0xc5c00000, 0xe5c00000)
  region size 1024K, 19 young (19456K), 2 survivors (2048K)
 Metaspace       used 3992K, committed 4352K, reserved 16384K
}
Event: 179.192 GC heap after
{Heap after GC invocations=2 (full 0):
 garbage-first heap   total 131072K, used 3582K [0xc5c00000, 0xe5c00000)
  region size 1024K, 2 young (2048K), 2 survivors (2048K)
 Metaspace       used 3992K, committed 4352K, reserved 16384K
}
Event: 356.893 GC heap before
{Heap before GC invocations=2 (full 0):
 garbage-first heap   total 131072K, used 79358K [0xc5c00000, 0xe5c00000)
  region size 1024K, 76 young (77824K), 2 survivors (2048K)
 Metaspace       used 4816K, committed 5248K, reserved 16384K
}
Event: 356.948 GC heap after
{Heap after GC invocations=3 (full 0):
 garbage-first heap   total 131072K, used 9183K [0xc5c00000, 0xe5c00000)
  region size 1024K, 7 young (7168K), 7 survivors (7168K)
 Metaspace       used 4816K, committed 5248K, reserved 16384K
}

Dll operation events (4 events):
Event: 0.003 Loaded shared library /usr/lib/jvm/java-17-zulu-openjdk-jdk-x86/lib/libjava.so
Event: 60.453 Loaded shared library /usr/lib/jvm/java-17-zulu-openjdk-jdk-x86/lib/libnio.so
Event: 60.495 Loaded shared library /usr/lib/jvm/java-17-zulu-openjdk-jdk-x86/lib/libjimage.so
Event: 60.496 Loaded shared library /usr/lib/jvm/java-17-zulu-openjdk-jdk-x86/lib/libnet.so

Deoptimization events (20 events):
Event: 433.302 Thread 0x0ba0c890 Uncommon trap: trap_request=0xffffffd6 fr.pc=0xed8df4a0 relative=0x000014e0
Event: 433.302 Thread 0x0ba0c890 Uncommon trap: reason=array_check action=maybe_recompile pc=0xed8df4a0 method=java.io.ObjectInputStream.readArray(Z)Ljava/lang/Object; @ 392 c2
Event: 433.302 Thread 0x0ba0c890 DEOPT PACKING pc=0xed8df4a0 sp=0xfffaa390
Event: 433.302 Thread 0x0ba0c890 DEOPT UNPACKING pc=0xed2f4d33 sp=0xfffaa378 mode 2
Event: 433.302 Thread 0x0ba0c890 Uncommon trap: trap_request=0xffffffde fr.pc=0xed8df7a4 relative=0x000017e4
Event: 433.302 Thread 0x0ba0c890 Uncommon trap: reason=class_check action=maybe_recompile pc=0xed8df7a4 method=java.lang.reflect.Array.newInstance(Ljava/lang/Class;I)Ljava/lang/Object; @ 2 c2
Event: 433.302 Thread 0x0ba0c890 DEOPT PACKING pc=0xed8df7a4 sp=0xfffaa390
Event: 433.302 Thread 0x0ba0c890 DEOPT UNPACKING pc=0xed2f4d33 sp=0xfffaa348 mode 2
Event: 433.303 Thread 0x0ba0c890 Uncommon trap: trap_request=0xffffffd6 fr.pc=0xed8df4a0 relative=0x000014e0
Event: 433.303 Thread 0x0ba0c890 Uncommon trap: reason=array_check action=maybe_recompile pc=0xed8df4a0 method=java.io.ObjectInputStream.readArray(Z)Ljava/lang/Object; @ 392 c2
Event: 433.303 Thread 0x0ba0c890 DEOPT PACKING pc=0xed8df4a0 sp=0xfffaa390
Event: 433.303 Thread 0x0ba0c890 DEOPT UNPACKING pc=0xed2f4d33 sp=0xfffaa378 mode 2
Event: 433.303 Thread 0x0ba0c890 Uncommon trap: trap_request=0xffffffd6 fr.pc=0xed8df4a0 relative=0x000014e0
Event: 433.303 Thread 0x0ba0c890 Uncommon trap: reason=array_check action=maybe_recompile pc=0xed8df4a0 method=java.io.ObjectInputStream.readArray(Z)Ljava/lang/Object; @ 392 c2
Event: 433.303 Thread 0x0ba0c890 DEOPT PACKING pc=0xed8df4a0 sp=0xfffaa390
Event: 433.303 Thread 0x0ba0c890 DEOPT UNPACKING pc=0xed2f4d33 sp=0xfffaa378 mode 2
Event: 433.303 Thread 0x0ba0c890 Uncommon trap: trap_request=0xffffffd6 fr.pc=0xed8df4a0 relative=0x000014e0
Event: 433.303 Thread 0x0ba0c890 Uncommon trap: reason=array_check action=maybe_recompile pc=0xed8df4a0 method=java.io.ObjectInputStream.readArray(Z)Ljava/lang/Object; @ 392 c2
Event: 433.303 Thread 0x0ba0c890 DEOPT PACKING pc=0xed8df4a0 sp=0xfffaa390
Event: 433.303 Thread 0x0ba0c890 DEOPT UNPACKING pc=0xed2f4d33 sp=0xfffaa378 mode 2

Classes unloaded (0 events):
No events

Classes redefined (0 events):
No events

Internal exceptions (9 events):
Event: 60.510 Thread 0x0ba0c890 Exception <a 'java/lang/NoSuchMethodError'{0xcd40b9f0}: 'java.lang.Object java.lang.invoke.DirectMethodHandle$Holder.invokeStaticInit(java.lang.Object)'> (0xcd40b9f0) 
thrown [src/hotspot/share/interpreter/linkResolver.cpp, line 759]
Event: 153.022 Thread 0x0ba0c890 Exception <a 'java/lang/NoSuchMethodError'{0xcd19fd60}: 'java.lang.Object java.lang.invoke.DirectMethodHandle$Holder.invokeStatic(java.lang.Object, float)'> (0xcd19fd60) 
thrown [src/hotspot/share/interpreter/linkResolver.cpp, line 759]
Event: 165.977 Thread 0x0ba0c890 Implicit null exception at 0xed826bab to 0xed826c00
Event: 166.337 Thread 0x0ba0c890 Exception <a 'java/lang/NoSuchMethodError'{0xcd3a10a8}: 'java.lang.Object java.lang.invoke.DirectMethodHandle$Holder.invokeSpecial(java.lang.Object, java.lang.Object, java.lang.Object, java.lang.Object, int)'> (0xcd3a10a8) 
thrown [src/hotspot/share/interpreter/linkResolver.cpp, line 759]
Event: 166.354 Thread 0x0ba0c890 Exception <a 'java/lang/NoSuchMethodError'{0xcd3a45e8}: 'java.lang.Object java.lang.invoke.Invokers$Holder.linkToTargetMethod(java.lang.Object, java.lang.Object, int, java.lang.Object)'> (0xcd3a45e8) 
thrown [src/hotspot/share/interpreter/linkResolver.cpp, line 759]
Event: 176.185 Thread 0x0ba0c890 Exception <a 'java/lang/NoSuchMethodError'{0xcc94d910}: 'java.lang.Object java.lang.invoke.DirectMethodHandle$Holder.invokeSpecial(java.lang.Object, java.lang.Object, long, java.lang.Object, java.lang.Object, java.lang.Object, java.lang.Object, java.lang.Object, java.lang.Object)'> (0xcc94d910) 
thrown [src/hotspot/share/interpreter/linkResolver.cpp, line 759]
Event: 176.185 Thread 0x0ba0c890 Exception <a 'java/lang/NoSuchMethodError'{0xcc951ce8}: 'java.lang.Object java.lang.invoke.DelegatingMethodHandle$Holder.reinvoke_L(java.lang.Object, long, java.lang.Object, java.lang.Object, java.lang.Object, java.lang.Object, java.lang.Object, java.lang.Object)'> (0xcc951ce8) 
thrown [src/hotspot/share/interpreter/linkResolver.cpp, line 759]
Event: 208.044 Thread 0x0ba0c890 Exception <a 'java/lang/NoSuchMethodError'{0xccb330b0}: 'java.lang.Object java.lang.invoke.DirectMethodHandle$Holder.invokeSpecial(java.lang.Object, java.lang.Object, java.lang.Object, java.lang.Object, java.lang.Object, java.lang.Object, int)'> (0xccb330b0) 
thrown [src/hotspot/share/interpreter/linkResolver.cpp, line 759]
Event: 268.122 Thread 0x0ba0c890 Exception <a 'java/lang/NoSuchMethodError'{0xcb043e30}: static [Lscript/obj_id;.<clinit>()V> (0xcb043e30) 
thrown [src/hotspot/share/prims/jni.cpp, line 1112]

VM Operations (20 events):
Event: 328.302 Executing VM operation: Cleanup
Event: 328.302 Executing VM operation: Cleanup done
Event: 330.306 Executing VM operation: Cleanup
Event: 330.306 Executing VM operation: Cleanup done
Event: 336.313 Executing VM operation: Cleanup
Event: 336.313 Executing VM operation: Cleanup done
Event: 342.327 Executing VM operation: Cleanup
Event: 342.327 Executing VM operation: Cleanup done
Event: 351.344 Executing VM operation: Cleanup
Event: 351.344 Executing VM operation: Cleanup done
Event: 356.893 Executing VM operation: G1CollectForAllocation
Event: 356.948 Executing VM operation: G1CollectForAllocation done
Event: 369.961 Executing VM operation: Cleanup
Event: 369.961 Executing VM operation: Cleanup done
Event: 373.963 Executing VM operation: Cleanup
Event: 373.963 Executing VM operation: Cleanup done
Event: 375.964 Executing VM operation: Cleanup
Event: 375.964 Executing VM operation: Cleanup done
Event: 440.982 Executing VM operation: Cleanup
Event: 440.982 Executing VM operation: Cleanup done

Events (20 events):
Event: 268.182 loading class java/lang/constant/MethodHandleDesc done
Event: 268.182 loading class java/lang/constant/MethodHandleDesc$1
Event: 268.182 loading class java/lang/constant/MethodHandleDesc$1 done
Event: 268.182 loading class java/lang/constant/DirectMethodHandleDescImpl
Event: 268.182 loading class java/lang/constant/DirectMethodHandleDesc
Event: 268.182 loading class java/lang/constant/DirectMethodHandleDesc done
Event: 268.182 loading class java/lang/constant/DirectMethodHandleDescImpl done
Event: 268.182 loading class java/lang/constant/DirectMethodHandleDescImpl$1
Event: 268.182 loading class java/lang/constant/DirectMethodHandleDescImpl$1 done
Event: 268.182 loading class java/lang/constant/DirectMethodHandleDesc$1
Event: 268.182 loading class java/lang/constant/DirectMethodHandleDesc$1 done
Event: 268.182 loading class java/lang/constant/PrimitiveClassDescImpl
Event: 268.182 loading class java/lang/constant/DynamicConstantDesc
Event: 268.182 loading class java/lang/constant/DynamicConstantDesc done
Event: 268.182 loading class java/lang/constant/PrimitiveClassDescImpl done
Event: 268.183 loading class java/lang/constant/DynamicConstantDesc$AnonymousDynamicConstantDesc
Event: 268.183 loading class java/lang/constant/DynamicConstantDesc$AnonymousDynamicConstantDesc done
Event: 483.819 Thread 0x0ba0c890 Thread exited: 0x0ba0c890
Event: 483.823 Thread 0xf5e242d0 Thread exited: 0xf5e242d0
Event: 483.823 Thread 0xc419bff0 Thread exited: 0xc419bff0


Dynamic libraries:
08048000-09298000 r-xp 00000000 08:04 494947248                          /home/almalinux/swg-returns-nge/build/bin/SwgGameServer
09298000-0929c000 rw-p 0124f000 08:04 494947248                          /home/almalinux/swg-returns-nge/build/bin/SwgGameServer
0929c000-09b1f000 rw-p 00000000 00:00 0 
0a347000-186ff000 rw-p 00000000 00:00 0                                  [heap]
bf600000-bf6fd000 rw-p 00000000 00:00 0 
bf6fd000-bf700000 ---p 00000000 00:00 0 
bf700000-bf7c7000 rw-p 00000000 00:00 0 
bf7c7000-bf800000 ---p 00000000 00:00 0 
bf800000-bf8f9000 rw-p 00000000 00:00 0 
bf8f9000-bf900000 ---p 00000000 00:00 0 
bfa00000-bfafa000 rw-p 00000000 00:00 0 
bfafa000-bfb00000 ---p 00000000 00:00 0 
bfb00000-bfc00000 rw-p 00000000 00:00 0 
bfc00000-bfcc1000 rw-p 00000000 00:00 0 
bfcc1000-bfd00000 ---p 00000000 00:00 0 
bfe00000-bfef9000 rw-p 00000000 00:00 0 
bfef9000-bff00000 ---p 00000000 00:00 0 
bff00000-bfff9000 rw-p 00000000 00:00 0 
bfff9000-c0000000 ---p 00000000 00:00 0 
c0000000-c00fa000 rw-p 00000000 00:00 0 
c00fa000-c0100000 ---p 00000000 00:00 0 
c0200000-c02fc000 rw-p 00000000 00:00 0 
c02fc000-c0300000 ---p 00000000 00:00 0 
c0300000-c03fe000 rw-p 00000000 00:00 0 
c03fe000-c0400000 ---p 00000000 00:00 0 
c0400000-c04fd000 rw-p 00000000 00:00 0 
c04fd000-c0500000 ---p 00000000 00:00 0 
c0d9b000-c0d9f000 ---p 00000000 00:00 0 
c0d9f000-c0e1c000 rw-p 00000000 00:00 0 
c0efe000-c0eff000 ---p 00000000 00:00 0 
c0eff000-c0f7f000 rw-p 00000000 00:00 0 
c0f7f000-c0f80000 ---p 00000000 00:00 0 
c0f80000-c1000000 rw-p 00000000 00:00 0 
c1000000-c10eb000 rw-p 00000000 00:00 0 
c10eb000-c1100000 ---p 00000000 00:00 0 
c117f000-c1183000 ---p 00000000 00:00 0 
c1183000-c1200000 rw-p 00000000 00:00 0 
c1200000-c12fd000 rw-p 00000000 00:00 0 
c12fd000-c1300000 ---p 00000000 00:00 0 
c167f000-c1683000 ---p 00000000 00:00 0 
c1683000-c1740000 rw-p 00000000 00:00 0 
c1740000-c1744000 ---p 00000000 00:00 0 
c1744000-c1801000 rw-p 00000000 00:00 0 
c1801000-c1802000 ---p 00000000 00:00 0 
c1802000-c1882000 rw-p 00000000 00:00 0 
c1882000-c1886000 ---p 00000000 00:00 0 
c1886000-c1943000 rw-p 00000000 00:00 0 
c1943000-c1947000 ---p 00000000 00:00 0 
c1947000-c1a04000 rw-p 00000000 00:00 0 
c1a04000-c1a08000 ---p 00000000 00:00 0 
c1a08000-c1ac5000 rw-p 00000000 00:00 0 
c1ac5000-c1ac9000 ---p 00000000 00:00 0 
c1ac9000-c1b86000 rw-p 00000000 00:00 0 
c1b86000-c1e00000 r--p 00078000 08:04 535181                             /usr/lib/locale/locale-archive
c1e00000-c2000000 r--p 00000000 08:04 535181                             /usr/lib/locale/locale-archive
c2000000-c2190000 rw-p 00000000 00:00 0 
c2190000-c2400000 ---p 00000000 00:00 0 
c2400000-c2790000 rw-p 00000000 00:00 0 
c2790000-c3000000 ---p 00000000 00:00 0 
c303c000-c3040000 ---p 00000000 00:00 0 
c3040000-c30bd000 rw-p 00000000 00:00 0 
c30bd000-c30c1000 ---p 00000000 00:00 0 
c30c1000-c317e000 rw-p 00000000 00:00 0 
c317e000-c3182000 ---p 00000000 00:00 0 
c3182000-c323f000 rw-p 00000000 00:00 0 
c323f000-c3243000 ---p 00000000 00:00 0 
c3243000-c3300000 rw-p 00000000 00:00 0 
c3300000-c3321000 rw-p 00000000 00:00 0 
c3321000-c3400000 ---p 00000000 00:00 0 
c3431000-c3435000 ---p 00000000 00:00 0 
c3435000-c34b2000 rw-p 00000000 00:00 0 
c34b2000-c34b3000 ---p 00000000 00:00 0 
c34b3000-c3533000 rw-p 00000000 00:00 0 
c3533000-c3e00000 rw-p 00001000 08:04 143240867                          /usr/lib/jvm/java-17-zulu-openjdk-jdk-x86/lib/server/classes.jsa
c3e00000-c3e21000 rw-p 00000000 00:00 0 
c3e21000-c3f00000 ---p 00000000 00:00 0 
c3f7f000-c3f80000 ---p 00000000 00:00 0 
c3f80000-c4000000 rw-p 00000000 00:00 0 
c4000000-c4021000 rw-p 00000000 00:00 0 
c4021000-c4100000 ---p 00000000 00:00 0 
c4100000-c41d4000 rw-p 00000000 00:00 0 
c41d4000-c4200000 ---p 00000000 00:00 0 
c427f000-c4280000 ---p 00000000 00:00 0 
c4280000-c4300000 rw-p 00000000 00:00 0 
c4300000-c4332000 rw-p 00000000 00:00 0 
c4332000-c4400000 ---p 00000000 00:00 0 
c447f000-c4480000 ---p 00000000 00:00 0 
c4480000-c4500000 rw-p 00000000 00:00 0 
c4500000-c45ff000 rw-p 00000000 00:00 0 
c45ff000-c4600000 ---p 00000000 00:00 0 
c467f000-c4680000 ---p 00000000 00:00 0 
c4680000-c4700000 rw-p 00000000 00:00 0 
c4700000-c47fc000 rw-p 00000000 00:00 0 
c47fc000-c4800000 ---p 00000000 00:00 0 
c487f000-c4880000 ---p 00000000 00:00 0 
c4880000-c4b00000 rw-p 00000000 00:00 0 
c4b00000-c5100000 ---p 00000000 00:00 0 
c5100000-c5300000 rw-p 00000000 00:00 0 
c5300000-c5900000 ---p 00000000 00:00 0 
c5900000-c5940000 rw-p 00000000 00:00 0 
c5940000-c5a00000 ---p 00000000 00:00 0 
c5a00000-c5a40000 rw-p 00000000 00:00 0 
c5a40000-c5b00000 ---p 00000000 00:00 0 
c5b00000-c5b40000 rw-p 00000000 00:00 0 
c5b40000-c5c00000 ---p 00000000 00:00 0 
c5c00000-cdc00000 rw-p 00000000 00:00 0 
cdc00000-e5c00000 ---p 00000000 00:00 0 
e5c65000-e5c6a000 rw-p 00000000 00:00 0 
e5c6a000-e5d50000 ---p 00000000 00:00 0 
e5d50000-e60c0000 rwxp 00000000 00:00 0 
e60c0000-ed2ab000 ---p 00000000 00:00 0 
ed2ab000-ed4eb000 rwxp 00000000 00:00 0 
ed4eb000-ed7f5000 ---p 00000000 00:00 0 
ed7f5000-eda35000 rwxp 00000000 00:00 0 
eda35000-f4d50000 ---p 00000000 00:00 0 
f4d50000-f4eb8000 r--s 00000000 08:04 117534333                          /usr/lib/jvm/java-17-zulu-openjdk-jdk-x86/lib/modules
f4eb8000-f5d5a000 r-xp 00000000 08:04 143240869                          /usr/lib/jvm/java-17-zulu-openjdk-jdk-x86/lib/server/libjvm.so
f5d5a000-f5daf000 r--p 00ea1000 08:04 143240869                          /usr/lib/jvm/java-17-zulu-openjdk-jdk-x86/lib/server/libjvm.so
f5daf000-f5dd0000 rw-p 00ef6000 08:04 143240869                          /usr/lib/jvm/java-17-zulu-openjdk-jdk-x86/lib/server/libjvm.so
f5dd0000-f5e00000 rw-p 00000000 00:00 0 
f5e00000-f5f00000 rw-p 00000000 00:00 0 
f5f1e000-f5f1f000 ---p 00000000 00:00 0 
f5f1f000-f5f23000 ---p 00000000 00:00 0 
f5f23000-f6a97000 rw-p 00000000 00:00 0 
f6aa3000-f6ab8000 r-xp 00000000 08:04 117534323                          /usr/lib/jvm/java-17-zulu-openjdk-jdk-x86/lib/libnet.so
f6ab8000-f6ab9000 r--p 00014000 08:04 117534323                          /usr/lib/jvm/java-17-zulu-openjdk-jdk-x86/lib/libnet.so
f6ab9000-f6aba000 rw-p 00015000 08:04 117534323                          /usr/lib/jvm/java-17-zulu-openjdk-jdk-x86/lib/libnet.so
f6aba000-f6ac1000 rw-p 00000000 00:00 0 
f6ac1000-f6ba5000 ---p 00000000 00:00 0 
f6ddf000-f6df1000 r-xp 00000000 08:04 117534324                          /usr/lib/jvm/java-17-zulu-openjdk-jdk-x86/lib/libnio.so
f6df1000-f6df2000 r--p 00011000 08:04 117534324                          /usr/lib/jvm/java-17-zulu-openjdk-jdk-x86/lib/libnio.so
f6df2000-f6df3000 rw-p 00012000 08:04 117534324                          /usr/lib/jvm/java-17-zulu-openjdk-jdk-x86/lib/libnio.so
f6df3000-f6e1c000 rw-p 00000000 00:00 0 
f6e1c000-f6e3f000 r-xp 00000000 08:04 117534310                          /usr/lib/jvm/java-17-zulu-openjdk-jdk-x86/lib/libjava.so
f6e3f000-f6e40000 r--p 00022000 08:04 117534310                          /usr/lib/jvm/java-17-zulu-openjdk-jdk-x86/lib/libjava.so
f6e40000-f6e41000 rw-p 00023000 08:04 117534310                          /usr/lib/jvm/java-17-zulu-openjdk-jdk-x86/lib/libjava.so
f6e41000-f6e4d000 r-xp 00000000 08:04 16831767                           /usr/lib/libnss_files-2.28.so
f6e4d000-f6e4e000 r--p 0000b000 08:04 16831767                           /usr/lib/libnss_files-2.28.so
f6e4e000-f6e4f000 rw-p 0000c000 08:04 16831767                           /usr/lib/libnss_files-2.28.so
f6e4f000-f6e55000 rw-p 00000000 00:00 0 
f6e5b000-f6e60000 rw-p 00000000 00:00 0 
f6e60000-f6e66000 ---p 00000000 00:00 0 
f6e66000-f6e81000 r-xp 00000000 08:04 117534314                          /usr/lib/jvm/java-17-zulu-openjdk-jdk-x86/lib/libjimage.so
f6e81000-f6e82000 ---p 0001b000 08:04 117534314                          /usr/lib/jvm/java-17-zulu-openjdk-jdk-x86/lib/libjimage.so
f6e82000-f6e83000 r--p 0001b000 08:04 117534314                          /usr/lib/jvm/java-17-zulu-openjdk-jdk-x86/lib/libjimage.so
f6e83000-f6e84000 rw-p 0001c000 08:04 117534314                          /usr/lib/jvm/java-17-zulu-openjdk-jdk-x86/lib/libjimage.so
f6e84000-f6e88000 rw-p 00000000 00:00 0 
f6e88000-f6f10000 r-xp 00000000 08:04 17191875                           /usr/lib/libpcre2-8.so.0.7.1
f6f10000-f6f11000 r--p 00087000 08:04 17191875                           /usr/lib/libpcre2-8.so.0.7.1
f6f11000-f6f12000 rw-p 00088000 08:04 17191875                           /usr/lib/libpcre2-8.so.0.7.1
f6f12000-f6f32000 r-xp 00000000 08:04 17021543                           /usr/lib/libcrypt.so.1.1.0
f6f32000-f6f33000 ---p 00020000 08:04 17021543                           /usr/lib/libcrypt.so.1.1.0
f6f33000-f6f34000 r--p 00020000 08:04 17021543                           /usr/lib/libcrypt.so.1.1.0
f6f34000-f6f3d000 rw-p 00000000 00:00 0 
f6f3d000-f6f68000 r-xp 00000000 08:04 17191887                           /usr/lib/libselinux.so.1
f6f68000-f6f69000 ---p 0002b000 08:04 17191887                           /usr/lib/libselinux.so.1
f6f69000-f6f6a000 r--p 0002b000 08:04 17191887                           /usr/lib/libselinux.so.1
f6f6a000-f6f6b000 rw-p 0002c000 08:04 17191887                           /usr/lib/libselinux.so.1
f6f6b000-f6f6c000 rw-p 00000000 00:00 0 
f6f6c000-f6f8b000 r-xp 00000000 08:04 18866589                           /usr/lib/libbrotlicommon.so.1.0.6
f6f8b000-f6f8c000 r--p 0001e000 08:04 18866589                           /usr/lib/libbrotlicommon.so.1.0.6
f6f8c000-f6f8d000 rw-p 0001f000 08:04 18866589                           /usr/lib/libbrotlicommon.so.1.0.6
f6f8d000-f6fab000 r-xp 00000000 08:04 17191915                           /usr/lib/libsasl2.so.3.0.0
f6fab000-f6fac000 ---p 0001e000 08:04 17191915                           /usr/lib/libsasl2.so.3.0.0
f6fac000-f6fad000 r--p 0001e000 08:04 17191915                           /usr/lib/libsasl2.so.3.0.0
f6fad000-f6fae000 rw-p 0001f000 08:04 17191915                           /usr/lib/libsasl2.so.3.0.0
f6fae000-f6fb0000 rw-p 00000000 00:00 0 
f6fb0000-f6fc4000 r-xp 00000000 08:04 16831772                           /usr/lib/libresolv-2.28.so
f6fc4000-f6fc5000 ---p 00014000 08:04 16831772                           /usr/lib/libresolv-2.28.so
f6fc5000-f6fc6000 r--p 00014000 08:04 16831772                           /usr/lib/libresolv-2.28.so
f6fc6000-f6fc7000 rw-p 00015000 08:04 16831772                           /usr/lib/libresolv-2.28.so
f6fc7000-f6fc9000 rw-p 00000000 00:00 0 
f6fc9000-f6fcc000 r-xp 00000000 08:04 17191893                           /usr/lib/libkeyutils.so.1.6
f6fcc000-f6fcd000 ---p 00003000 08:04 17191893                           /usr/lib/libkeyutils.so.1.6
f6fcd000-f6fce000 r--p 00003000 08:04 17191893                           /usr/lib/libkeyutils.so.1.6
f6fce000-f6fcf000 rw-p 00000000 00:00 0 
f6fcf000-f6fdf000 r-xp 00000000 08:04 17021560                           /usr/lib/libkrb5support.so.0.1
f6fdf000-f6fe0000 r--p 0000f000 08:04 17021560                           /usr/lib/libkrb5support.so.0.1
f6fe0000-f6fe1000 rw-p 00010000 08:04 17021560                           /usr/lib/libkrb5support.so.0.1
f6fe1000-f6fe9000 r-xp 00000000 08:04 16831774                           /usr/lib/librt-2.28.so
f6fe9000-f6fea000 r--p 00007000 08:04 16831774                           /usr/lib/librt-2.28.so
f6fea000-f6feb000 rw-p 00008000 08:04 16831774                           /usr/lib/librt-2.28.so
f6feb000-f716a000 r-xp 00000000 08:04 17021545                           /usr/lib/libunistring.so.2.1.0
f716a000-f716b000 ---p 0017f000 08:04 17021545                           /usr/lib/libunistring.so.2.1.0
f716b000-f716d000 r--p 0017f000 08:04 17021545                           /usr/lib/libunistring.so.2.1.0
f716d000-f716e000 rw-p 00181000 08:04 17021545                           /usr/lib/libunistring.so.2.1.0
f716e000-f7198000 r-xp 00000000 08:04 18654292                           /usr/lib/liblzma.so.5.2.4
f7198000-f7199000 r--p 00029000 08:04 18654292                           /usr/lib/liblzma.so.5.2.4
f7199000-f719a000 rw-p 00000000 00:00 0 
f719a000-f71a6000 r-xp 00000000 08:04 17191936                           /usr/lib/libbrotlidec.so.1.0.6
f71a6000-f71a7000 r--p 0000b000 08:04 17191936                           /usr/lib/libbrotlidec.so.1.0.6
f71a7000-f71a8000 rw-p 00000000 00:00 0 
f71a8000-f71b7000 r-xp 00000000 08:04 17191918                           /usr/lib/liblber-2.4.so.2.10.9
f71b7000-f71b8000 r--p 0000e000 08:04 17191918                           /usr/lib/liblber-2.4.so.2.10.9
f71b8000-f71b9000 rw-p 0000f000 08:04 17191918                           /usr/lib/liblber-2.4.so.2.10.9
f71b9000-f720e000 r-xp 00000000 08:04 17191920                           /usr/lib/libldap-2.4.so.2.10.9
f720e000-f720f000 ---p 00055000 08:04 17191920                           /usr/lib/libldap-2.4.so.2.10.9
f720f000-f7210000 r--p 00055000 08:04 17191920                           /usr/lib/libldap-2.4.so.2.10.9
f7210000-f7211000 rw-p 00056000 08:04 17191920                           /usr/lib/libldap-2.4.so.2.10.9
f7211000-f7213000 rw-p 00000000 00:00 0 
f7213000-f7216000 r-xp 00000000 08:04 16994899                           /usr/lib/libcom_err.so.2.1
f7216000-f7217000 r--p 00002000 08:04 16994899                           /usr/lib/libcom_err.so.2.1
f7217000-f7218000 rw-p 00003000 08:04 16994899                           /usr/lib/libcom_err.so.2.1
f7218000-f722e000 r-xp 00000000 08:04 17021552                           /usr/lib/libk5crypto.so.3.1
f722e000-f722f000 ---p 00016000 08:04 17021552                           /usr/lib/libk5crypto.so.3.1
f722f000-f7230000 r--p 00016000 08:04 17021552                           /usr/lib/libk5crypto.so.3.1
f7230000-f7231000 rw-p 00017000 08:04 17021552                           /usr/lib/libk5crypto.so.3.1
f7231000-f7314000 r-xp 00000000 08:04 17021558                           /usr/lib/libkrb5.so.3.3
f7314000-f731b000 r--p 000e2000 08:04 17021558                           /usr/lib/libkrb5.so.3.3
f731b000-f731c000 rw-p 000e9000 08:04 17021558                           /usr/lib/libkrb5.so.3.3
f731c000-f7377000 r-xp 00000000 08:04 17021548                           /usr/lib/libgssapi_krb5.so.2.2
f7377000-f7379000 r--p 0005a000 08:04 17021548                           /usr/lib/libgssapi_krb5.so.2.2
f7379000-f737a000 rw-p 0005c000 08:04 17021548                           /usr/lib/libgssapi_krb5.so.2.2
f737a000-f762b000 r-xp 00000000 08:04 18627877                           /usr/lib/libcrypto.so.1.1.1k
f762b000-f7644000 r--p 002b0000 08:04 18627877                           /usr/lib/libcrypto.so.1.1.1k
f7644000-f7646000 rw-p 002c9000 08:04 18627877                           /usr/lib/libcrypto.so.1.1.1k
f7646000-f764a000 rw-p 00000000 00:00 0 
f764a000-f76dc000 r-xp 00000000 08:04 18627879                           /usr/lib/libssl.so.1.1.1k
f76dc000-f76e2000 r--p 00091000 08:04 18627879                           /usr/lib/libssl.so.1.1.1k
f76e2000-f76e6000 rw-p 00097000 08:04 18627879                           /usr/lib/libssl.so.1.1.1k
f76e6000-f76f6000 r-xp 00000000 08:04 18660120                           /usr/lib/libpsl.so.5.3.1
f76f6000-f76f7000 r--p 0000f000 08:04 18660120                           /usr/lib/libpsl.so.5.3.1
f76f7000-f76f8000 rw-p 00000000 00:00 0 
f76f8000-f7775000 r-xp 00000000 08:04 16994901                           /usr/lib/libssh.so.4.8.7
f7775000-f7776000 ---p 0007d000 08:04 16994901                           /usr/lib/libssh.so.4.8.7
f7776000-f7777000 r--p 0007d000 08:04 16994901                           /usr/lib/libssh.so.4.8.7
f7777000-f7778000 rw-p 0007e000 08:04 16994901                           /usr/lib/libssh.so.4.8.7
f7778000-f7795000 r-xp 00000000 08:04 17040588                           /usr/lib/libidn2.so.0.3.6
f7795000-f7796000 r--p 0001c000 08:04 17040588                           /usr/lib/libidn2.so.0.3.6
f7796000-f7797000 rw-p 00000000 00:00 0 
f7797000-f77bf000 r-xp 00000000 08:04 17191891                           /usr/lib/libnghttp2.so.14.17.0
f77bf000-f77c0000 r--p 00027000 08:04 17191891                           /usr/lib/libnghttp2.so.14.17.0
f77c0000-f77c2000 rw-p 00028000 08:04 17191891                           /usr/lib/libnghttp2.so.14.17.0
f77c2000-f7964000 r-xp 00000000 08:04 16831756                           /usr/lib/libc-2.28.so
f7964000-f7965000 ---p 001a2000 08:04 16831756                           /usr/lib/libc-2.28.so
f7965000-f7967000 r--p 001a2000 08:04 16831756                           /usr/lib/libc-2.28.so
f7967000-f7968000 rw-p 001a4000 08:04 16831756                           /usr/lib/libc-2.28.so
f7968000-f796d000 rw-p 00000000 00:00 0 
f796d000-f7988000 r-xp 00000000 08:04 16985139                           /usr/lib/libgcc_s-8-20210514.so.1
f7988000-f7989000 r--p 0001a000 08:04 16985139                           /usr/lib/libgcc_s-8-20210514.so.1
f7989000-f798a000 rw-p 0001b000 08:04 16985139                           /usr/lib/libgcc_s-8-20210514.so.1
f798a000-f7a5a000 r-xp 00000000 08:04 16831760                           /usr/lib/libm-2.28.so
f7a5a000-f7a5b000 r--p 000cf000 08:04 16831760                           /usr/lib/libm-2.28.so
f7a5b000-f7a5c000 rw-p 000d0000 08:04 16831760                           /usr/lib/libm-2.28.so
f7a5c000-f7be5000 r-xp 00000000 08:04 16985145                           /usr/lib/libstdc++.so.6.0.25
f7be5000-f7be6000 ---p 00189000 08:04 16985145                           /usr/lib/libstdc++.so.6.0.25
f7be6000-f7bec000 r--p 00189000 08:04 16985145                           /usr/lib/libstdc++.so.6.0.25
f7bec000-f7bed000 rw-p 0018f000 08:04 16985145                           /usr/lib/libstdc++.so.6.0.25
f7bed000-f7bef000 rw-p 00000000 00:00 0 
f7bef000-f7c06000 r-xp 00000000 08:04 16963437                           /usr/lib/libz.so.1.2.11
f7c06000-f7c07000 ---p 00017000 08:04 16963437                           /usr/lib/libz.so.1.2.11
f7c07000-f7c08000 r--p 00017000 08:04 16963437                           /usr/lib/libz.so.1.2.11
f7c08000-f7c09000 rw-p 00000000 00:00 0 
f7c09000-f7d86000 r-xp 00000000 08:04 16963397                           /usr/lib/libxml2.so.2.9.7
f7d86000-f7d8b000 r--p 0017c000 08:04 16963397                           /usr/lib/libxml2.so.2.9.7
f7d8b000-f7d8c000 rw-p 00181000 08:04 16963397                           /usr/lib/libxml2.so.2.9.7
f7d8c000-f7d8d000 rw-p 00000000 00:00 0 
f7d8d000-f7da9000 r-xp 00000000 08:04 16831770                           /usr/lib/libpthread-2.28.so
f7da9000-f7daa000 r--p 0001b000 08:04 16831770                           /usr/lib/libpthread-2.28.so
f7daa000-f7dab000 rw-p 0001c000 08:04 16831770                           /usr/lib/libpthread-2.28.so
f7dab000-f7dad000 rw-p 00000000 00:00 0 
f7dad000-f7e21000 r-xp 00000000 08:04 16818911                           /usr/lib/libpcre.so.1.2.10
f7e21000-f7e22000 ---p 00074000 08:04 16818911                           /usr/lib/libpcre.so.1.2.10
f7e22000-f7e23000 r--p 00074000 08:04 16818911                           /usr/lib/libpcre.so.1.2.10
f7e23000-f7e24000 rw-p 00075000 08:04 16818911                           /usr/lib/libpcre.so.1.2.10
f7e24000-f7e27000 r-xp 00000000 08:04 16831758                           /usr/lib/libdl-2.28.so
f7e27000-f7e28000 r--p 00002000 08:04 16831758                           /usr/lib/libdl-2.28.so
f7e28000-f7e29000 rw-p 00003000 08:04 16831758                           /usr/lib/libdl-2.28.so
f7e29000-f7ec6000 r-xp 00000000 08:04 16994905                           /usr/lib/libcurl.so.4.5.0
f7ec6000-f7ec8000 r--p 0009c000 08:04 16994905                           /usr/lib/libcurl.so.4.5.0
f7ec8000-f7ec9000 rw-p 0009e000 08:04 16994905                           /usr/lib/libcurl.so.4.5.0
f7ec9000-f7ed0000 r--s 00000000 08:04 176632422                          /usr/lib/gconv/gconv-modules.cache
f7ed0000-f7ed8000 rw-s 00000000 08:04 151692794                          /tmp/hsperfdata_almalinux/349178 (deleted)
f7ed8000-f7ed9000 ---p 00000000 00:00 0 
f7ed9000-f7eda000 r--p 00000000 00:00 0 
f7eda000-f7edc000 rw-p 00000000 00:00 0 
f7edc000-f7ee0000 r--p 00000000 00:00 0                                  [vvar]
f7ee0000-f7ee2000 r-xp 00000000 00:00 0                                  [vdso]
f7ee2000-f7f11000 r-xp 00000000 08:04 16831749                           /usr/lib/ld-2.28.so
f7f11000-f7f12000 ---p 00000000 00:00 0 
f7f12000-f7f13000 r--p 0002f000 08:04 16831749                           /usr/lib/ld-2.28.so
f7f13000-f7f14000 rw-p 00030000 08:04 16831749                           /usr/lib/ld-2.28.so
ffdea000-ffdeb000 rwxp 00000000 00:00 0 
ffef3000-fffaf000 rw-p 00000000 00:00 0                                  [stack]


VM Arguments:
jvm_args: -Xms128m -Xmx512m -Xss768k -XX:MaxMetaspaceSize=96m -Xrs -XX:-UsePerfData -XX:-AllowUserSignalHandlers -XX:UseSSE=3 -XX+DoEscapeAnalysis -XX:AutoBoxCacheMax:2000 -XX:+OptimizeStringConcat -XX:+OptimizeFill -XX:+EliminateAutoBox -XX:+UseCompressedStrings -XX:+UseCompressedOops -XX:+EliminateLocks -XX:UseFastAccessorMethods -XX:+UseStringCache -XgcPrio:throughput -XXkeepAreaRatio:1 -XXlazyUnlocking -XXcallProfiling -XXcompactRatio:1 
java_command: <unknown>
java_class_path (initial): ../../data/sku.0/sys.server/compiled/game/
Launcher Type: generic

[Global flags]
     intx CICompilerCount                          = 3                                         {product} {ergonomic}
     uint ConcGCThreads                            = 1                                         {product} {ergonomic}
     uint G1ConcRefinementThreads                  = 4                                         {product} {ergonomic}
   size_t G1HeapRegionSize                         = 1048576                                   {product} {ergonomic}
    uintx GCDrainStackTargetSize                   = 64                                        {product} {ergonomic}
   size_t InitialHeapSize                          = 134217728                                 {product} {command line}
   size_t MarkStackSize                            = 32768                                     {product} {ergonomic}
   size_t MaxHeapSize                              = 536870912                                 {product} {command line}
   size_t MaxMetaspaceSize                         = 100663296                                 {product} {command line}
   size_t MaxNewSize                               = 321912832                                 {product} {ergonomic}
   size_t MinHeapDeltaBytes                        = 1048576                                   {product} {ergonomic}
   size_t MinHeapSize                              = 134217728                                 {product} {command line}
    uintx NonNMethodCodeHeapSize                   = 5544422                                {pd product} {ergonomic}
    uintx NonProfiledCodeHeapSize                  = 123056909                              {pd product} {ergonomic}
    uintx ProfiledCodeHeapSize                     = 123056909                              {pd product} {ergonomic}
    uintx ReservedCodeCacheSize                    = 251658240                              {pd product} {ergonomic}
     bool SegmentedCodeCache                       = true                                      {product} {ergonomic}
   size_t SoftMaxHeapSize                          = 536870912                              {manageable} {ergonomic}
   double SweeperThreshold                         = 0.500000                                  {product} {ergonomic}
     intx ThreadStackSize                          = 768                                    {pd product} {command line}
     bool UseG1GC                                  = true                                      {product} {ergonomic}

Logging:
Log output configuration:
 #0: stdout all=off uptime,level,tags
 #1: stderr all=off uptime,level,tags

Environment Variables:
JAVA_HOME=/usr/lib/jvm/zulu-17-x86
PATH=/usr/java/jdk1.7.0_80/bin:/usr/java/jdk1.7.0_80/bin:/usr/java/jdk1.6.0_45/bin:/usr/java/jdk1.6.0_45/bin:/usr/java/jdk1.6.0_45/bin:/home/almalinux/.local/bin:/home/almalinux/bin:/sbin:/bin:/usr/bin:/usr/local/bin:/usr/local/sbin:/usr/sbin:/usr/lib/oracle/18.3/client/bin:/usr/lib/oracle/18.3/client/bin:/usr/lib/jvm/java-11-openjdk/bin:./
LD_LIBRARY_PATH=/usr/lib/jvm/java-17-zulu-openjdk-jdk-x86/lib/server:/usr/lib/jvm/java-17-zulu-openjdk-jdk-x86/lib:/usr/lib/jvm/java-17-zulu-openjdk-jdk-x86/../lib:/usr/lib/jvm/zulu-17-x86/lib/server:/usr/lib/jvm/java-11-openjdk/lib:/usr/lib/jvm/java-11-openjdk/lib/server:./
SHELL=/bin/bash
DISPLAY=:10.0
LANG=en_US.UTF-8
TERM=xterm-256color

Active Locale:
LC_ALL=en_US.UTF-8
LC_COLLATE=en_US.UTF-8
LC_CTYPE=en_US.UTF-8
LC_MESSAGES=en_US.UTF-8
LC_MONETARY=en_US.UTF-8
LC_NUMERIC=en_US.UTF-8
LC_TIME=en_US.UTF-8

Signal Handlers:
   SIGSEGV: crash_handler in libjvm.so, mask=11100100010111111101111111111110, flags=SA_RESTART|SA_SIGINFO, unblocked
    SIGBUS: crash_handler in libjvm.so, mask=11100100010111111101111111111110, flags=SA_RESTART|SA_SIGINFO, unblocked
    SIGFPE: crash_handler in libjvm.so, mask=11100100010111111101111111111110, flags=SA_RESTART|SA_SIGINFO, unblocked
   SIGPIPE: SIG_IGN, mask=00000000000010000000000000000000, flags=SA_RESTART, blocked
  *** Handler was modified!
  *** Expected: javaSignalHandler in libjvm.so, mask=11100100110111111111111111111110, flags=SA_RESTART|SA_SIGINFO
   SIGXFSZ: javaSignalHandler in libjvm.so, mask=11100100010111111101111111111110, flags=SA_RESTART|SA_SIGINFO, blocked
    SIGILL: crash_handler in libjvm.so, mask=11100100010111111101111111111110, flags=SA_RESTART|SA_SIGINFO, unblocked
   SIGUSR2: SR_handler in libjvm.so, mask=00100000000000000000000000000000, flags=SA_RESTART|SA_SIGINFO, blocked
    SIGHUP: UserHandler in libjvm.so, mask=11100100010111111101111111111110, flags=SA_RESTART|SA_SIGINFO, blocked
    SIGINT: UserHandler in libjvm.so, mask=11100100010111111101111111111110, flags=SA_RESTART|SA_SIGINFO, blocked
   SIGTERM: UserHandler in libjvm.so, mask=11100100010111111101111111111110, flags=SA_RESTART|SA_SIGINFO, blocked
   SIGQUIT: UserHandler in libjvm.so, mask=11100100010111111101111111111110, flags=SA_RESTART|SA_SIGINFO, blocked
   SIGTRAP: crash_handler in libjvm.so, mask=11100100010111111101111111111110, flags=SA_RESTART|SA_SIGINFO, unblocked


Periodic native trim disabled


---------------  S Y S T E M  ---------------

OS:
AlmaLinux release 8.10 (Cerulean Leopard)
uname: Linux 4.18.0-553.81.1.el8_10.x86_64 #1 SMP Mon Oct 27 11:29:19 EDT 2025 x86_64
OS uptime: 0 days 6:45 hours
libc: glibc 2.28 NPTL 2.28 
rlimit (soft/hard): STACK 8192k/infinity , CORE 0k/infinity , NPROC 61996/61996 , NOFILE 262144/262144 , AS infinity/infinity , CPU infinity/infinity , DATA infinity/infinity , FSIZE infinity/infinity , MEMLOCK 64k/64k
load average: 33.59 42.00 45.36

/proc/meminfo:
MemTotal:       16014464 kB
MemFree:         5556484 kB
MemAvailable:    6939132 kB
Buffers:              20 kB
Cached:          2868568 kB
SwapCached:        13832 kB
Active:          2339208 kB
Inactive:        7010924 kB
Active(anon):    1694912 kB
Inactive(anon):  6497672 kB
Active(file):     644296 kB
Inactive(file):   513252 kB
Unevictable:        6160 kB
Mlocked:               0 kB
SwapTotal:       8388604 kB
SwapFree:        7660764 kB
Dirty:              1884 kB
Writeback:             0 kB
AnonPages:       6478900 kB
Mapped:          1137792 kB
Shmem:           1711016 kB
KReclaimable:     402144 kB
Slab:             574932 kB
SReclaimable:     402144 kB
SUnreclaim:       172788 kB
KernelStack:       21624 kB
PageTables:       141948 kB
NFS_Unstable:          0 kB
Bounce:                0 kB
WritebackTmp:          0 kB
CommitLimit:    16395836 kB
Committed_AS:   20611620 kB
VmallocTotal:   34359738367 kB
VmallocUsed:       67520 kB
VmallocChunk:          0 kB
Percpu:             2672 kB
HardwareCorrupted:     0 kB
AnonHugePages:         0 kB
ShmemHugePages:        0 kB
ShmemPmdMapped:        0 kB
FileHugePages:         0 kB
FilePmdMapped:         0 kB
HugePages_Total:       0
HugePages_Free:        0
HugePages_Rsvd:        0
HugePages_Surp:        0
Hugepagesize:       2048 kB
Hugetlb:               0 kB
DirectMap4k:     1027948 kB
DirectMap2M:    15355904 kB

/sys/kernel/mm/transparent_hugepage/enabled: always madvise [never]
/sys/kernel/mm/transparent_hugepage/hpage_pmd_size: 2097152
/sys/kernel/mm/transparent_hugepage/defrag (defrag/compaction efforts parameter): always defer defer+madvise [madvise] never

Process Memory:
Virtual Size: 1165496K (peak: 1178080K)
Resident Set Size: 394884K (peak: 405432K) (anon: 361156K, file: 33728K, shmem: 0K)
Swapped out: 0K
C-Heap outstanding allocations: 23687K, retained: 231124K
glibc malloc tunables: (default)

/proc/sys/kernel/threads-max (system-wide limit on the number of threads): 123992
/proc/sys/vm/max_map_count (maximum number of memory map areas a process may have): 1677720
/proc/sys/kernel/pid_max (system-wide limit on number of process identifiers): 4194304

container (cgroup) information:
container_type: cgroupv1
cpu_cpuset_cpus: 0-3
cpu_memory_nodes: 0
active_processor_count: 4
cpu_quota: no quota
cpu_period: 100000
cpu_shares: no shares
memory_limit_in_bytes: unlimited
memory_and_swap_limit_in_bytes: unlimited
memory_soft_limit_in_bytes: unlimited
memory_usage_in_bytes: 9076928 k
memory_max_usage_in_bytes: 14910936 k
kernel_memory_usage_in_bytes: 367968 k
kernel_memory_max_usage_in_bytes: unlimited
kernel_memory_limit_in_bytes: 795756 k
maximum number of tasks: unlimited
current number of tasks: 616

KVM virtualization detected
Steal ticks since vm start: 60
Steal ticks percentage since vm start:  0.000

CPU: total 4 (initial active 4) (1 cores per cpu, 1 threads per core) family 6 model 60 stepping 1 microcode 0x1, cx8, cmov, fxsr, mmx, sse, sse2, sse3, ssse3, sse4.1, sse4.2, popcnt, lzcnt, tsc, avx, avx2, aes, erms, clmul, bmi1, bmi2, fma, vzeroupper, clflush, hv
CPU Model and flags from /proc/cpuinfo:
model name	: Intel Core Processor (Haswell, no TSX)
flags		: fpu vme de pse tsc msr pae mce cx8 apic sep mtrr pge mca cmov pat pse36 clflush mmx fxsr sse sse2 syscall nx rdtscp lm constant_tsc rep_good nopl xtopology cpuid tsc_known_freq pni pclmulqdq vmx ssse3 fma cx16 pcid sse4_1 sse4_2 x2apic movbe popcnt tsc_deadline_timer aes xsave avx f16c rdrand hypervisor lahf_lm abm cpuid_fault invpcid_single pti tpr_shadow vnmi flexpriority ept vpid ept_ad fsgsbase bmi1 avx2 smep bmi2 erms invpcid xsaveopt arat md_clear

Online cpus: 0-3
Offline cpus: 
BIOS frequency limitation: <Not Available>
Frequency switch latency (ns): <Not Available>
Available cpu frequencies: <Not Available>
Current governor: <Not Available>
Core performance/turbo boost: <Not Available>

Memory: 4k page, physical 16014464k(5559848k free), swap 8388604k(7660764k free)
Page Sizes: 4k

vm_info: OpenJDK Server VM (17.0.11+9-LTS) for linux-x86 JRE (17.0.11+9-LTS) (Zulu17.50+19-CA), built on Apr  9 2024 07:14:46 by "zulu_re" with gcc 8.3.0

END.
