#
# A fatal error has been detected by the Java Runtime Environment:
#
#  SIGSEGV (0xb) at pc=0xf78ba618, pid=1389125, tid=1389125
#
# JRE version: OpenJDK Runtime Environment Zulu17.50+19-CA (17.0.11+9) (build 17.0.11+9-LTS)
# Java VM: OpenJDK Server VM Zulu17.50+19-CA (17.0.11+9-LTS, mixed mode, sharing, tiered, g1 gc, linux-x86)
# Problematic frame:
# C  [libc.so.6+0x84618]  cfree+0x28
#
# Core dump will be written. Default location: Core dumps may be processed with "/usr/lib/systemd/systemd-coredump %P %u %g %s %t %c %h %e" (or dumping to /home/almalinux/swg-returns-nge/exe/linux/core.1389125)
#
# If you would like to submit a bug report, please visit:
#   http://www.azul.com/support/
#

---------------  S U M M A R Y ------------

Command Line: -Xms128m -Xmx512m -Xss768k -XX:MaxMetaspaceSize=96m -Xrs -XX:-UsePerfData -XX:-AllowUserSignalHandlers -XX:UseSSE=3 -XX+DoEscapeAnalysis -XX:AutoBoxCacheMax:2000 -XX:+OptimizeStringConcat -XX:+OptimizeFill -XX:+EliminateAutoBox -XX:+UseCompressedStrings -XX:+UseCompressedOops -XX:+EliminateLocks -XX:UseFastAccessorMethods -XX:+UseStringCache -XgcPrio:throughput -XXkeepAreaRatio:1 -XXlazyUnlocking -XXcallProfiling -XXcompactRatio:1 

Host: Intel Core Processor (Haswell, no TSX), 4 cores, 15G, AlmaLinux release 8.10 (Cerulean Leopard)
Time: Sun Jan 25 13:16:36 2026 UTC elapsed time: 1238.570320 seconds (0d 0h 20m 38s)

---------------  T H R E A D  ---------------

Current thread is native thread

Stack: [0xffd83000,0xffe43000],  sp=0xffe40b80,  free space=758k
Native frames: (J=compiled Java code, j=interpreted, Vv=VM code, C=native code)
C  [libc.so.6+0x84618]  cfree+0x28


siginfo: si_signo: 11 (SIGSEGV), si_code: 1 (SEGV_MAPERR), si_addr: 0x00000003

Registers:
EAX=0x00000000, EBX=0x00000007, ECX=0xf6ef884c, EDX=0x0afb5f08
ESP=0xffe40b80, EBP=0xffe40cb8, ESI=0xf79db000, EDI=0x00000000
EIP=0xf78ba618, EFLAGS=0x00210202, CR2=0x0000000000000003


Top of Stack: (sp=0xffe40b80)
0xffe40b80:   0ac39020 00000000 ffe40cb8 f7b47f1c
0xffe40b90:   0ac390b0 f7c5ea04 0afb5ee0 f7b47f1c
0xffe40ba0:   00000007 f7b47f0a f7c5ea04 f7b47f4c
0xffe40bb0:   0ac390b0 f7b47f0a 0afb9c80 085b6163
0xffe40bc0:   00000007 0ac39020 0ac38d30 085bb8d1
0xffe40bd0:   0ac39020 0ac38d30 00000000 085bb89b
0xffe40be0:   0c452c50 ffe40c07 ffe40c2c 085c6969
0xffe40bf0:   087d6c00 ffe40c2c ffe40cb8 084fc53b
0xffe40c00:   00000014 00010002 00000000 00000000
0xffe40c10:   01010100 00000001 09aa44c0 00000000
0xffe40c20:   00000000 00000000 00000000 00000000
0xffe40c30:   00000000 00000015 ffe40d88 f786b6ff
0xffe40c40:   f79db41c 47677753 53656d61 65767265
0xffe40c50:   33313a72 32313938 09290035 0af9b2a0
0xffe40c60:   08ea0100 08ebc230 08ea5888 f79db41c
0xffe40c70:   00000428 00000420 f786b779 085758fd
0xffe40c80:   08ea2a80 09b1ea78 08ea5888 08574f56
0xffe40c90:   0929a2c4 0929a2c4 ffe40d88 08ea583b
0xffe40ca0:   0000000c ffe40d54 ffe40cd0 f79db000
0xffe40cb0:   00000000 08575910 00000000 f7853f26
0xffe40cc0:   00000000 08575910 00000000 f7853f26
0xffe40cd0:   0000000c ffe40d54 ffe40d88 ffe40cf4
0xffe40ce0:   0929a2d0 00000000 ffe40d88 f79db000
0xffe40cf0:   f784375c f79db000 00000000 08575910
0xffe40d00:   00000000 a93fe4df 6b5b8ccf 00000000
0xffe40d10:   00000000 00000000 f7f5a4d0 f7853e30
0xffe40d20:   084fc260 0929a2c4 0000000c 08575946
0xffe40d30:   084fc260 0000000c ffe40d54 08ea57f0
0xffe40d40:   08ea5850 f7f5a4d0 ffe40d4c f7f87970
0xffe40d50:   0000000c ffe415e6 ffe415f8 ffe415fb
0xffe40d60:   ffe4160d ffe41610 ffe4161b ffe4163f
0xffe40d70:   ffe4164f ffe41666 ffe4168d ffe41690 

Instructions: (pc=0xf78ba618)
0xf78ba518:   50 8d 96 86 f7 fa ff 8d 86 d0 2f fb ff e8 c6 b7
0xf78ba528:   ff ff 8d b6 00 00 00 00 bb 20 00 00 00 e9 5e fe
0xf78ba538:   ff ff e8 a1 c0 ff ff 89 c5 85 c0 0f 85 68 ff ff
0xf78ba548:   ff 31 d2 8d 44 3b 10 e8 8c c1 ff ff 89 da 89 f9
0xf78ba558:   89 c5 e8 11 f0 ff ff 89 c2 85 c0 75 1b 85 ed 74
0xf78ba568:   17 90 89 fa 89 e8 e8 bd c5 ff ff 89 da 89 f9 89
0xf78ba578:   c5 e8 f2 ef ff ff 89 c2 85 ed 0f 84 57 ff ff ff
0xf78ba588:   e9 39 ff ff ff 8d 86 b8 31 fb ff 83 ec 0c b9 25
0xf78ba598:   0d 00 00 50 8d 96 86 f7 fa ff 8d 86 74 2f fb ff
0xf78ba5a8:   e8 43 b7 ff ff 8d 76 00 f3 0f 1e fb e8 0a 9a f9
0xf78ba5b8:   ff 05 47 0a 12 00 56 53 83 ec 04 8b 5c 24 10 8b
0xf78ba5c8:   74 24 14 8b 80 50 ff ff ff c7 00 00 00 00 00 e8
0xf78ba5d8:   54 bb ff ff 8b 4c 24 0c 83 c4 04 89 f2 89 d8 5b
0xf78ba5e8:   5e e9 42 fd ff ff 66 90 f3 0f 1e fb 56 e8 9a 9b
0xf78ba5f8:   f9 ff 81 c6 06 0a 12 00 53 83 ec 14 8b 5c 24 20
0xf78ba608:   8b 86 5c ff ff ff 8b 00 85 c0 75 6c 85 db 74 75
0xf78ba618:   8b 4b fc 8d 53 f8 f6 c1 02 75 35 8b 86 70 fe ff
0xf78ba628:   ff 65 8b 00 85 c0 0f 84 8c 00 00 00 83 e1 04 8d
0xf78ba638:   86 60 07 00 00 74 09 89 d0 25 00 00 f0 ff 8b 00
0xf78ba648:   83 c4 14 31 c9 5b 5e e9 8c cb ff ff 8d 74 26 00
0xf78ba658:   8b 9e 60 01 00 00 85 db 75 10 3b 8e 48 01 00 00
0xf78ba668:   76 08 81 f9 00 00 08 00 76 26 83 c4 14 89 d0 5b
0xf78ba678:   5e e9 92 b8 ff ff 66 90 83 ec 08 ff 74 24 24 53
0xf78ba688:   ff d0 83 c4 10 83 c4 14 5b 5e c3 8d 74 26 00 90
0xf78ba698:   39 96 80 1d 00 00 77 08 39 96 7c 1d 00 00 77 ca
0xf78ba6a8:   83 e1 f8 8d 04 09 89 8e 48 01 00 00 89 86 40 01
0xf78ba6b8:   00 00 90 eb b5 8d 76 00 8b 86 74 fe ff ff 65 80
0xf78ba6c8:   38 00 0f 85 64 ff ff ff 89 54 24 0c e8 97 ed ff
0xf78ba6d8:   ff 8b 4b fc 8b 54 24 0c e9 4f ff ff ff 8d b4 26
0xf78ba6e8:   00 00 00 00 8d 74 26 00 f3 0f 1e fb 55 57 56 e8
0xf78ba6f8:   98 9a f9 ff 81 c6 04 09 12 00 53 83 ec 0c 8b 86
0xf78ba708:   70 fe ff ff 8b 96 74 fe ff ff 65 8b 28 65 c6 02 



---------------  P R O C E S S  ---------------

VM state: at safepoint (shutting down)

VM Mutex/Monitor currently owned by a thread:  ([mutex/lock_event])
[0xf5e21ef0] Threads_lock - owner thread: 0xc4295230

GC Precious Log:
<Skipped>

Heap:
 garbage-first heap   total 131072K, used 18292K [0xc5c00000, 0xe5c00000)
  region size 1024K, 17 young (17408K), 2 survivors (2048K)
 Metaspace       used 3453K, committed 3712K, reserved 16384K

Heap Regions: E=young(eden), S=young(survivor), O=old, HS=humongous(starts), HC=humongous(continues), CS=collection set, F=free, OA=open archive, CA=closed archive, TAMS=top-at-mark-start (previous, next)
|   0|0xc5c00000, 0xc5d00000, 0xc5d00000|100%| O|  |TAMS 0xc5c00000, 0xc5c00000| Untracked 
|   1|0xc5d00000, 0xc5ddca00, 0xc5e00000| 86%| O|  |TAMS 0xc5d00000, 0xc5d00000| Untracked 
|   2|0xc5e00000, 0xc5e00000, 0xc5f00000|  0%| F|  |TAMS 0xc5e00000, 0xc5e00000| Untracked 
|   3|0xc5f00000, 0xc5f00000, 0xc6000000|  0%| F|  |TAMS 0xc5f00000, 0xc5f00000| Untracked 
|   4|0xc6000000, 0xc6000000, 0xc6100000|  0%| F|  |TAMS 0xc6000000, 0xc6000000| Untracked 
|   5|0xc6100000, 0xc6100000, 0xc6200000|  0%| F|  |TAMS 0xc6100000, 0xc6100000| Untracked 
|   6|0xc6200000, 0xc6200000, 0xc6300000|  0%| F|  |TAMS 0xc6200000, 0xc6200000| Untracked 
|   7|0xc6300000, 0xc6300000, 0xc6400000|  0%| F|  |TAMS 0xc6300000, 0xc6300000| Untracked 
|   8|0xc6400000, 0xc6400000, 0xc6500000|  0%| F|  |TAMS 0xc6400000, 0xc6400000| Untracked 
|   9|0xc6500000, 0xc6500000, 0xc6600000|  0%| F|  |TAMS 0xc6500000, 0xc6500000| Untracked 
|  10|0xc6600000, 0xc6600000, 0xc6700000|  0%| F|  |TAMS 0xc6600000, 0xc6600000| Untracked 
|  11|0xc6700000, 0xc6700000, 0xc6800000|  0%| F|  |TAMS 0xc6700000, 0xc6700000| Untracked 
|  12|0xc6800000, 0xc6800000, 0xc6900000|  0%| F|  |TAMS 0xc6800000, 0xc6800000| Untracked 
|  13|0xc6900000, 0xc6900000, 0xc6a00000|  0%| F|  |TAMS 0xc6900000, 0xc6900000| Untracked 
|  14|0xc6a00000, 0xc6a00000, 0xc6b00000|  0%| F|  |TAMS 0xc6a00000, 0xc6a00000| Untracked 
|  15|0xc6b00000, 0xc6b00000, 0xc6c00000|  0%| F|  |TAMS 0xc6b00000, 0xc6b00000| Untracked 
|  16|0xc6c00000, 0xc6c00000, 0xc6d00000|  0%| F|  |TAMS 0xc6c00000, 0xc6c00000| Untracked 
|  17|0xc6d00000, 0xc6d00000, 0xc6e00000|  0%| F|  |TAMS 0xc6d00000, 0xc6d00000| Untracked 
|  18|0xc6e00000, 0xc6e00000, 0xc6f00000|  0%| F|  |TAMS 0xc6e00000, 0xc6e00000| Untracked 
|  19|0xc6f00000, 0xc6f00000, 0xc7000000|  0%| F|  |TAMS 0xc6f00000, 0xc6f00000| Untracked 
|  20|0xc7000000, 0xc7000000, 0xc7100000|  0%| F|  |TAMS 0xc7000000, 0xc7000000| Untracked 
|  21|0xc7100000, 0xc7100000, 0xc7200000|  0%| F|  |TAMS 0xc7100000, 0xc7100000| Untracked 
|  22|0xc7200000, 0xc7200000, 0xc7300000|  0%| F|  |TAMS 0xc7200000, 0xc7200000| Untracked 
|  23|0xc7300000, 0xc7300000, 0xc7400000|  0%| F|  |TAMS 0xc7300000, 0xc7300000| Untracked 
|  24|0xc7400000, 0xc7400000, 0xc7500000|  0%| F|  |TAMS 0xc7400000, 0xc7400000| Untracked 
|  25|0xc7500000, 0xc7500000, 0xc7600000|  0%| F|  |TAMS 0xc7500000, 0xc7500000| Untracked 
|  26|0xc7600000, 0xc7600000, 0xc7700000|  0%| F|  |TAMS 0xc7600000, 0xc7600000| Untracked 
|  27|0xc7700000, 0xc7700000, 0xc7800000|  0%| F|  |TAMS 0xc7700000, 0xc7700000| Untracked 
|  28|0xc7800000, 0xc7800000, 0xc7900000|  0%| F|  |TAMS 0xc7800000, 0xc7800000| Untracked 
|  29|0xc7900000, 0xc7900000, 0xc7a00000|  0%| F|  |TAMS 0xc7900000, 0xc7900000| Untracked 
|  30|0xc7a00000, 0xc7a00000, 0xc7b00000|  0%| F|  |TAMS 0xc7a00000, 0xc7a00000| Untracked 
|  31|0xc7b00000, 0xc7b00000, 0xc7c00000|  0%| F|  |TAMS 0xc7b00000, 0xc7b00000| Untracked 
|  32|0xc7c00000, 0xc7c00000, 0xc7d00000|  0%| F|  |TAMS 0xc7c00000, 0xc7c00000| Untracked 
|  33|0xc7d00000, 0xc7d00000, 0xc7e00000|  0%| F|  |TAMS 0xc7d00000, 0xc7d00000| Untracked 
|  34|0xc7e00000, 0xc7e00000, 0xc7f00000|  0%| F|  |TAMS 0xc7e00000, 0xc7e00000| Untracked 
|  35|0xc7f00000, 0xc7f00000, 0xc8000000|  0%| F|  |TAMS 0xc7f00000, 0xc7f00000| Untracked 
|  36|0xc8000000, 0xc8000000, 0xc8100000|  0%| F|  |TAMS 0xc8000000, 0xc8000000| Untracked 
|  37|0xc8100000, 0xc8100000, 0xc8200000|  0%| F|  |TAMS 0xc8100000, 0xc8100000| Untracked 
|  38|0xc8200000, 0xc8200000, 0xc8300000|  0%| F|  |TAMS 0xc8200000, 0xc8200000| Untracked 
|  39|0xc8300000, 0xc8300000, 0xc8400000|  0%| F|  |TAMS 0xc8300000, 0xc8300000| Untracked 
|  40|0xc8400000, 0xc8400000, 0xc8500000|  0%| F|  |TAMS 0xc8400000, 0xc8400000| Untracked 
|  41|0xc8500000, 0xc8500000, 0xc8600000|  0%| F|  |TAMS 0xc8500000, 0xc8500000| Untracked 
|  42|0xc8600000, 0xc8600000, 0xc8700000|  0%| F|  |TAMS 0xc8600000, 0xc8600000| Untracked 
|  43|0xc8700000, 0xc8700000, 0xc8800000|  0%| F|  |TAMS 0xc8700000, 0xc8700000| Untracked 
|  44|0xc8800000, 0xc8800000, 0xc8900000|  0%| F|  |TAMS 0xc8800000, 0xc8800000| Untracked 
|  45|0xc8900000, 0xc8900000, 0xc8a00000|  0%| F|  |TAMS 0xc8900000, 0xc8900000| Untracked 
|  46|0xc8a00000, 0xc8a00000, 0xc8b00000|  0%| F|  |TAMS 0xc8a00000, 0xc8a00000| Untracked 
|  47|0xc8b00000, 0xc8b00000, 0xc8c00000|  0%| F|  |TAMS 0xc8b00000, 0xc8b00000| Untracked 
|  48|0xc8c00000, 0xc8c00000, 0xc8d00000|  0%| F|  |TAMS 0xc8c00000, 0xc8c00000| Untracked 
|  49|0xc8d00000, 0xc8d00000, 0xc8e00000|  0%| F|  |TAMS 0xc8d00000, 0xc8d00000| Untracked 
|  50|0xc8e00000, 0xc8e00000, 0xc8f00000|  0%| F|  |TAMS 0xc8e00000, 0xc8e00000| Untracked 
|  51|0xc8f00000, 0xc8f00000, 0xc9000000|  0%| F|  |TAMS 0xc8f00000, 0xc8f00000| Untracked 
|  52|0xc9000000, 0xc9000000, 0xc9100000|  0%| F|  |TAMS 0xc9000000, 0xc9000000| Untracked 
|  53|0xc9100000, 0xc9100000, 0xc9200000|  0%| F|  |TAMS 0xc9100000, 0xc9100000| Untracked 
|  54|0xc9200000, 0xc9200000, 0xc9300000|  0%| F|  |TAMS 0xc9200000, 0xc9200000| Untracked 
|  55|0xc9300000, 0xc9300000, 0xc9400000|  0%| F|  |TAMS 0xc9300000, 0xc9300000| Untracked 
|  56|0xc9400000, 0xc9400000, 0xc9500000|  0%| F|  |TAMS 0xc9400000, 0xc9400000| Untracked 
|  57|0xc9500000, 0xc9500000, 0xc9600000|  0%| F|  |TAMS 0xc9500000, 0xc9500000| Untracked 
|  58|0xc9600000, 0xc9600000, 0xc9700000|  0%| F|  |TAMS 0xc9600000, 0xc9600000| Untracked 
|  59|0xc9700000, 0xc9700000, 0xc9800000|  0%| F|  |TAMS 0xc9700000, 0xc9700000| Untracked 
|  60|0xc9800000, 0xc9800000, 0xc9900000|  0%| F|  |TAMS 0xc9800000, 0xc9800000| Untracked 
|  61|0xc9900000, 0xc9900000, 0xc9a00000|  0%| F|  |TAMS 0xc9900000, 0xc9900000| Untracked 
|  62|0xc9a00000, 0xc9a00000, 0xc9b00000|  0%| F|  |TAMS 0xc9a00000, 0xc9a00000| Untracked 
|  63|0xc9b00000, 0xc9b00000, 0xc9c00000|  0%| F|  |TAMS 0xc9b00000, 0xc9b00000| Untracked 
|  64|0xc9c00000, 0xc9c00000, 0xc9d00000|  0%| F|  |TAMS 0xc9c00000, 0xc9c00000| Untracked 
|  65|0xc9d00000, 0xc9d00000, 0xc9e00000|  0%| F|  |TAMS 0xc9d00000, 0xc9d00000| Untracked 
|  66|0xc9e00000, 0xc9e00000, 0xc9f00000|  0%| F|  |TAMS 0xc9e00000, 0xc9e00000| Untracked 
|  67|0xc9f00000, 0xc9f00000, 0xca000000|  0%| F|  |TAMS 0xc9f00000, 0xc9f00000| Untracked 
|  68|0xca000000, 0xca000000, 0xca100000|  0%| F|  |TAMS 0xca000000, 0xca000000| Untracked 
|  69|0xca100000, 0xca100000, 0xca200000|  0%| F|  |TAMS 0xca100000, 0xca100000| Untracked 
|  70|0xca200000, 0xca200000, 0xca300000|  0%| F|  |TAMS 0xca200000, 0xca200000| Untracked 
|  71|0xca300000, 0xca300000, 0xca400000|  0%| F|  |TAMS 0xca300000, 0xca300000| Untracked 
|  72|0xca400000, 0xca400000, 0xca500000|  0%| F|  |TAMS 0xca400000, 0xca400000| Untracked 
|  73|0xca500000, 0xca500000, 0xca600000|  0%| F|  |TAMS 0xca500000, 0xca500000| Untracked 
|  74|0xca600000, 0xca600000, 0xca700000|  0%| F|  |TAMS 0xca600000, 0xca600000| Untracked 
|  75|0xca700000, 0xca700000, 0xca800000|  0%| F|  |TAMS 0xca700000, 0xca700000| Untracked 
|  76|0xca800000, 0xca800000, 0xca900000|  0%| F|  |TAMS 0xca800000, 0xca800000| Untracked 
|  77|0xca900000, 0xca900000, 0xcaa00000|  0%| F|  |TAMS 0xca900000, 0xca900000| Untracked 
|  78|0xcaa00000, 0xcaa00000, 0xcab00000|  0%| F|  |TAMS 0xcaa00000, 0xcaa00000| Untracked 
|  79|0xcab00000, 0xcab00000, 0xcac00000|  0%| F|  |TAMS 0xcab00000, 0xcab00000| Untracked 
|  80|0xcac00000, 0xcac00000, 0xcad00000|  0%| F|  |TAMS 0xcac00000, 0xcac00000| Untracked 
|  81|0xcad00000, 0xcad00000, 0xcae00000|  0%| F|  |TAMS 0xcad00000, 0xcad00000| Untracked 
|  82|0xcae00000, 0xcae00000, 0xcaf00000|  0%| F|  |TAMS 0xcae00000, 0xcae00000| Untracked 
|  83|0xcaf00000, 0xcaf00000, 0xcb000000|  0%| F|  |TAMS 0xcaf00000, 0xcaf00000| Untracked 
|  84|0xcb000000, 0xcb100000, 0xcb100000|100%| S|CS|TAMS 0xcb000000, 0xcb000000| Complete 
|  85|0xcb100000, 0xcb200000, 0xcb200000|100%| S|CS|TAMS 0xcb100000, 0xcb100000| Complete 
|  86|0xcb200000, 0xcb200000, 0xcb300000|  0%| F|  |TAMS 0xcb200000, 0xcb200000| Untracked 
|  87|0xcb300000, 0xcb300000, 0xcb400000|  0%| F|  |TAMS 0xcb300000, 0xcb300000| Untracked 
|  88|0xcb400000, 0xcb400000, 0xcb500000|  0%| F|  |TAMS 0xcb400000, 0xcb400000| Untracked 
|  89|0xcb500000, 0xcb500000, 0xcb600000|  0%| F|  |TAMS 0xcb500000, 0xcb500000| Untracked 
|  90|0xcb600000, 0xcb600000, 0xcb700000|  0%| F|  |TAMS 0xcb600000, 0xcb600000| Untracked 
|  91|0xcb700000, 0xcb700000, 0xcb800000|  0%| F|  |TAMS 0xcb700000, 0xcb700000| Untracked 
|  92|0xcb800000, 0xcb800000, 0xcb900000|  0%| F|  |TAMS 0xcb800000, 0xcb800000| Untracked 
|  93|0xcb900000, 0xcb900000, 0xcba00000|  0%| F|  |TAMS 0xcb900000, 0xcb900000| Untracked 
|  94|0xcba00000, 0xcba00000, 0xcbb00000|  0%| F|  |TAMS 0xcba00000, 0xcba00000| Untracked 
|  95|0xcbb00000, 0xcbb00000, 0xcbc00000|  0%| F|  |TAMS 0xcbb00000, 0xcbb00000| Untracked 
|  96|0xcbc00000, 0xcbc00000, 0xcbd00000|  0%| F|  |TAMS 0xcbc00000, 0xcbc00000| Untracked 
|  97|0xcbd00000, 0xcbd00000, 0xcbe00000|  0%| F|  |TAMS 0xcbd00000, 0xcbd00000| Untracked 
|  98|0xcbe00000, 0xcbe00000, 0xcbf00000|  0%| F|  |TAMS 0xcbe00000, 0xcbe00000| Untracked 
|  99|0xcbf00000, 0xcbf00000, 0xcc000000|  0%| F|  |TAMS 0xcbf00000, 0xcbf00000| Untracked 
| 100|0xcc000000, 0xcc000000, 0xcc100000|  0%| F|  |TAMS 0xcc000000, 0xcc000000| Untracked 
| 101|0xcc100000, 0xcc100000, 0xcc200000|  0%| F|  |TAMS 0xcc100000, 0xcc100000| Untracked 
| 102|0xcc200000, 0xcc200000, 0xcc300000|  0%| F|  |TAMS 0xcc200000, 0xcc200000| Untracked 
| 103|0xcc300000, 0xcc300000, 0xcc400000|  0%| F|  |TAMS 0xcc300000, 0xcc300000| Untracked 
| 104|0xcc400000, 0xcc400000, 0xcc500000|  0%| F|  |TAMS 0xcc400000, 0xcc400000| Untracked 
| 105|0xcc500000, 0xcc500000, 0xcc600000|  0%| F|  |TAMS 0xcc500000, 0xcc500000| Untracked 
| 106|0xcc600000, 0xcc600000, 0xcc700000|  0%| F|  |TAMS 0xcc600000, 0xcc600000| Untracked 
| 107|0xcc700000, 0xcc700000, 0xcc800000|  0%| F|  |TAMS 0xcc700000, 0xcc700000| Untracked 
| 108|0xcc800000, 0xcc800000, 0xcc900000|  0%| F|  |TAMS 0xcc800000, 0xcc800000| Untracked 
| 109|0xcc900000, 0xcc900000, 0xcca00000|  0%| F|  |TAMS 0xcc900000, 0xcc900000| Untracked 
| 110|0xcca00000, 0xcca00000, 0xccb00000|  0%| F|  |TAMS 0xcca00000, 0xcca00000| Untracked 
| 111|0xccb00000, 0xccb00000, 0xccc00000|  0%| F|  |TAMS 0xccb00000, 0xccb00000| Untracked 
| 112|0xccc00000, 0xccc00000, 0xccd00000|  0%| F|  |TAMS 0xccc00000, 0xccc00000| Untracked 
| 113|0xccd00000, 0xccd00800, 0xcce00000|  0%| E|  |TAMS 0xccd00000, 0xccd00000| Complete 
| 114|0xcce00000, 0xccf00000, 0xccf00000|100%| E|CS|TAMS 0xcce00000, 0xcce00000| Complete 
| 115|0xccf00000, 0xcd000000, 0xcd000000|100%| E|CS|TAMS 0xccf00000, 0xccf00000| Complete 
| 116|0xcd000000, 0xcd100000, 0xcd100000|100%| E|CS|TAMS 0xcd000000, 0xcd000000| Complete 
| 117|0xcd100000, 0xcd200000, 0xcd200000|100%| E|CS|TAMS 0xcd100000, 0xcd100000| Complete 
| 118|0xcd200000, 0xcd300000, 0xcd300000|100%| E|CS|TAMS 0xcd200000, 0xcd200000| Complete 
| 119|0xcd300000, 0xcd400000, 0xcd400000|100%| E|CS|TAMS 0xcd300000, 0xcd300000| Complete 
| 120|0xcd400000, 0xcd500000, 0xcd500000|100%| E|CS|TAMS 0xcd400000, 0xcd400000| Complete 
| 121|0xcd500000, 0xcd600000, 0xcd600000|100%| E|CS|TAMS 0xcd500000, 0xcd500000| Complete 
| 122|0xcd600000, 0xcd700000, 0xcd700000|100%| E|CS|TAMS 0xcd600000, 0xcd600000| Complete 
| 123|0xcd700000, 0xcd800000, 0xcd800000|100%| E|CS|TAMS 0xcd700000, 0xcd700000| Complete 
| 124|0xcd800000, 0xcd900000, 0xcd900000|100%| E|CS|TAMS 0xcd800000, 0xcd800000| Complete 
| 125|0xcd900000, 0xcda00000, 0xcda00000|100%| E|CS|TAMS 0xcd900000, 0xcd900000| Complete 
| 126|0xcda00000, 0xcdb00000, 0xcdb00000|100%| E|CS|TAMS 0xcda00000, 0xcda00000| Complete 
| 127|0xcdb00000, 0xcdc00000, 0xcdc00000|100%| E|CS|TAMS 0xcdb00000, 0xcdb00000| Complete 

Card table byte_map: [0xc5a00000,0xc5b00000] _byte_map_base: 0xc53d2000

Marking Bits (Prev, Next): (CMBitMap*) 0xf5e8b6e8, (CMBitMap*) 0xf5e8b708
 Prev Bits: [0xc5100000, 0xc5900000)
 Next Bits: [0xc4900000, 0xc5100000)

Polling page: 0xf7f4c000

Metaspace:

Usage:
    3.37 MB used.

Virtual space:
     16.00 MB reserved,       3.62 MB ( 23%) committed,  1 nodes.

Chunk freelists:
9.80 MB

MaxMetaspaceSize: 96.00 MB
No class space
Initial GC threshold: 16.00 MB
Current GC threshold: 16.00 MB
CDS: on
MetaspaceReclaimPolicy: balanced
 - commit_granule_bytes: 65536.
 - commit_granule_words: 16384.
 - virtual_space_node_default_size: 4194304.
 - enlarge_chunks_in_place: 1.
 - new_chunks_are_fully_committed: 0.
 - uncommit_free_chunks: 1.
 - use_allocation_guard: 0.
 - handle_deallocations: 1.


Internal statistics:

num_allocs_failed_limit: 0.
num_arena_births: 132.
num_arena_deaths: 0.
num_vsnodes_births: 1.
num_vsnodes_deaths: 0.
num_space_committed: 58.
num_space_uncommitted: 0.
num_chunks_returned_to_freelist: 0.
num_chunks_taken_from_freelist: 280.
num_chunk_merges: 0.
num_chunk_splits: 184.
num_chunks_enlarged: 115.
num_inconsistent_stats: 0.

CodeHeap 'non-profiled nmethods': size=120172Kb used=868Kb max_used=868Kb free=119303Kb
 bounds [0xed7f5000, 0xeda35000, 0xf4d50000]
CodeHeap 'profiled nmethods': size=120172Kb used=2557Kb max_used=2557Kb free=117615Kb
 bounds [0xe5d50000, 0xe5fd0000, 0xed2ab000]
CodeHeap 'non-nmethods': size=5416Kb used=724Kb max_used=769Kb free=4691Kb
 bounds [0xed2ab000, 0xed4eb000, 0xed7f5000]
 total_blobs=1735 nmethods=1404 adapters=245
 compilation: enabled
              stopped_count=0, restarted_count=0
 full_count=0

Compilation events (20 events):
Event: 1128.233 Thread 0xc429f990 1397   !   4       java.io.ObjectInputStream::readSerialData (549 bytes)
Event: 1128.838 Thread 0xc429f990 nmethod 1397 0xed8c2908 code [0xed8c2d60, 0xed8c8038]
Event: 1132.249 Thread 0xc429f990 1398       4       java.util.Hashtable::<init> (114 bytes)
Event: 1132.253 Thread 0xc429f990 nmethod 1398 0xed8cb488 code [0xed8cb5e0, 0xed8cba10]
Event: 1134.073 Thread 0xc42a0ac0 1399       3       script.systems.gcw.space.capital_ship::OnShipWasHit (205 bytes)
Event: 1134.077 Thread 0xc42a0ac0 nmethod 1399 0xe5fc5a08 code [0xe5fc5f40, 0xe5fc7d40]
Event: 1138.555 Thread 0xc42a0ac0 1400   !   3       jdk.internal.reflect.GeneratedMethodAccessor28::invoke (747 bytes)
Event: 1138.558 Thread 0xc42a0ac0 nmethod 1400 0xe5fc8d08 code [0xe5fc9360, 0xe5fcd9a8]
Event: 1142.485 Thread 0xc429f990 1401       4       script.dictionary::<init> (21 bytes)
Event: 1142.490 Thread 0xc429f990 nmethod 1401 0xed8cbb88 code [0xed8cbcc0, 0xed8cbfd0]
Event: 1148.804 Thread 0xc429f990 1402       4       script.library.space_combat::registerDamageDoneToShip (470 bytes)
Event: 1148.806 Thread 0xc429f990 nmethod 1402 0xed8cc108 code [0xed8cc240, 0xed8cc464]
Event: 1153.494 Thread 0xc429f990 1403       4       java.lang.Boolean::<init> (10 bytes)
Event: 1153.495 Thread 0xc429f990 nmethod 1403 0xed8cc688 code [0xed8cc7a0, 0xed8cc810]
Event: 1157.638 Thread 0xc429f990 1404       4       java.util.Arrays::equals (57 bytes)
Event: 1157.642 Thread 0xc429f990 nmethod 1404 0xed8cc988 code [0xed8ccaa0, 0xed8ccc30]
Event: 1173.531 Thread 0xc429f990 1405       4       script.dictionary::put (716 bytes)
Event: 1173.554 Thread 0xc429f990 nmethod 1405 0xed8ccd88 code [0xed8ccee0, 0xed8cd57c]
Event: 1176.629 Thread 0xc429f990 1406       4       script.base_class::isIdValid (20 bytes)
Event: 1176.630 Thread 0xc429f990 nmethod 1406 0xed8cda08 code [0xed8cdb20, 0xed8cdbb0]

GC Heap History (6 events):
Event: 26.991 GC heap before
{Heap before GC invocations=0 (full 0):
 garbage-first heap   total 131072K, used 12288K [0xc5c00000, 0xe5c00000)
  region size 1024K, 13 young (13312K), 0 survivors (0K)
 Metaspace       used 1876K, committed 2048K, reserved 16384K
}
Event: 27.281 GC heap after
{Heap after GC invocations=1 (full 0):
 garbage-first heap   total 131072K, used 2128K [0xc5c00000, 0xe5c00000)
  region size 1024K, 2 young (2048K), 2 survivors (2048K)
 Metaspace       used 1876K, committed 2048K, reserved 16384K
}
Event: 112.171 GC heap before
{Heap before GC invocations=1 (full 0):
 garbage-first heap   total 131072K, used 18512K [0xc5c00000, 0xe5c00000)
  region size 1024K, 18 young (18432K), 2 survivors (2048K)
 Metaspace       used 3104K, committed 3392K, reserved 16384K
}
Event: 112.187 GC heap after
{Heap after GC invocations=2 (full 0):
 garbage-first heap   total 131072K, used 3286K [0xc5c00000, 0xe5c00000)
  region size 1024K, 2 young (2048K), 2 survivors (2048K)
 Metaspace       used 3104K, committed 3392K, reserved 16384K
}
Event: 1132.923 GC heap before
{Heap before GC invocations=2 (full 0):
 garbage-first heap   total 131072K, used 44246K [0xc5c00000, 0xe5c00000)
  region size 1024K, 42 young (43008K), 2 survivors (2048K)
 Metaspace       used 3442K, committed 3712K, reserved 16384K
}
Event: 1132.939 GC heap after
{Heap after GC invocations=3 (full 0):
 garbage-first heap   total 131072K, used 3954K [0xc5c00000, 0xe5c00000)
  region size 1024K, 2 young (2048K), 2 survivors (2048K)
 Metaspace       used 3442K, committed 3712K, reserved 16384K
}

Dll operation events (4 events):
Event: 0.006 Loaded shared library /usr/lib/jvm/java-17-zulu-openjdk-jdk-x86/lib/libjava.so
Event: 33.194 Loaded shared library /usr/lib/jvm/java-17-zulu-openjdk-jdk-x86/lib/libnio.so
Event: 33.195 Loaded shared library /usr/lib/jvm/java-17-zulu-openjdk-jdk-x86/lib/libjimage.so
Event: 33.196 Loaded shared library /usr/lib/jvm/java-17-zulu-openjdk-jdk-x86/lib/libnet.so

Deoptimization events (20 events):
Event: 729.979 Thread 0x0c2c64d0 DEOPT PACKING pc=0xed8afe2c sp=0xffe40050
Event: 729.979 Thread 0x0c2c64d0 DEOPT UNPACKING pc=0xed2f4d33 sp=0xffe4001c mode 2
Event: 759.158 Thread 0x0c2c64d0 Uncommon trap: trap_request=0xffffff45 fr.pc=0xed8b0dfc relative=0x0000011c
Event: 759.158 Thread 0x0c2c64d0 Uncommon trap: reason=unstable_if action=reinterpret pc=0xed8b0dfc method=script.library.space_combat.setEfficiencies(ILscript/obj_id;FF)V @ 17 c2
Event: 759.158 Thread 0x0c2c64d0 DEOPT PACKING pc=0xed8b0dfc sp=0xffe40080
Event: 759.158 Thread 0x0c2c64d0 DEOPT UNPACKING pc=0xed2f4d33 sp=0xffe4006c mode 2
Event: 762.639 Thread 0x0c2c64d0 DEOPT PACKING pc=0xe5e4fc5f sp=0xffe3fd30
Event: 762.639 Thread 0x0c2c64d0 DEOPT UNPACKING pc=0xed2f4171 sp=0xffe3fbf4 mode 0
Event: 977.165 Thread 0x0c2c64d0 Uncommon trap: trap_request=0xffffff45 fr.pc=0xed894bc8 relative=0x00000a08
Event: 977.165 Thread 0x0c2c64d0 Uncommon trap: reason=unstable_if action=reinterpret pc=0xed894bc8 method=java.io.ObjectInputStream$BlockDataInputStream.readLong()J @ 40 c2
Event: 977.165 Thread 0x0c2c64d0 DEOPT PACKING pc=0xed894bc8 sp=0xffe402e0
Event: 977.165 Thread 0x0c2c64d0 DEOPT UNPACKING pc=0xed2f4d33 sp=0xffe402ec mode 2
Event: 977.165 Thread 0x0c2c64d0 Uncommon trap: trap_request=0xffffff45 fr.pc=0xed8824d0 relative=0x00005530
Event: 977.165 Thread 0x0c2c64d0 Uncommon trap: reason=unstable_if action=reinterpret pc=0xed8824d0 method=java.io.ObjectInputStream.readSerialData(Ljava/lang/Object;Ljava/io/ObjectStreamClass;)V @ 154 c2
Event: 977.165 Thread 0x0c2c64d0 DEOPT PACKING pc=0xed8824d0 sp=0xffe40050
Event: 977.165 Thread 0x0c2c64d0 DEOPT UNPACKING pc=0xed2f4d33 sp=0xffe40074 mode 2
Event: 998.128 Thread 0x0c2c64d0 Uncommon trap: trap_request=0xffffffcc fr.pc=0xed8567d0 relative=0x00000190
Event: 998.128 Thread 0x0c2c64d0 Uncommon trap: reason=intrinsic action=make_not_entrant pc=0xed8567d0 method=java.util.Arrays.copyOf([Ljava/lang/Object;ILjava/lang/Class;)[Ljava/lang/Object; @ 35 c2
Event: 998.128 Thread 0x0c2c64d0 DEOPT PACKING pc=0xed8567d0 sp=0xffe3f280
Event: 998.128 Thread 0x0c2c64d0 DEOPT UNPACKING pc=0xed2f4d33 sp=0xffe3f258 mode 2

Classes unloaded (0 events):
No events

Classes redefined (0 events):
No events

Internal exceptions (4 events):
Event: 31.139 Thread 0x0c2c64d0 Implicit null exception at 0xed8235ab to 0xed823600
Event: 31.165 Thread 0x0c2c64d0 Exception <a 'java/lang/NoSuchMethodError'{0xcd445670}: static [Ljava/lang/String;.<clinit>()V> (0xcd445670) 
thrown [src/hotspot/share/prims/jni.cpp, line 1112]
Event: 33.201 Thread 0x0c2c64d0 Exception <a 'java/lang/NoSuchMethodError'{0xccc3a6e0}: 'java.lang.Object java.lang.invoke.DirectMethodHandle$Holder.invokeStaticInit(java.lang.Object)'> (0xccc3a6e0) 
thrown [src/hotspot/share/interpreter/linkResolver.cpp, line 759]
Event: 76.670 Thread 0x0c2c64d0 Exception <a 'java/lang/NoSuchMethodError'{0xccbce370}: 'java.lang.Object java.lang.invoke.DirectMethodHandle$Holder.invokeStatic(java.lang.Object, float)'> (0xccbce370) 
thrown [src/hotspot/share/interpreter/linkResolver.cpp, line 759]

VM Operations (20 events):
Event: 567.543 Executing VM operation: Cleanup
Event: 567.543 Executing VM operation: Cleanup done
Event: 597.549 Executing VM operation: Cleanup
Event: 597.550 Executing VM operation: Cleanup done
Event: 977.942 Executing VM operation: Cleanup
Event: 977.942 Executing VM operation: Cleanup done
Event: 998.119 Executing VM operation: HandshakeAllThreads
Event: 998.119 Executing VM operation: HandshakeAllThreads done
Event: 999.119 Executing VM operation: Cleanup
Event: 999.119 Executing VM operation: Cleanup done
Event: 1003.120 Executing VM operation: Cleanup
Event: 1003.120 Executing VM operation: Cleanup done
Event: 1026.129 Executing VM operation: Cleanup
Event: 1026.129 Executing VM operation: Cleanup done
Event: 1053.176 Executing VM operation: Cleanup
Event: 1053.177 Executing VM operation: Cleanup done
Event: 1132.923 Executing VM operation: G1CollectForAllocation
Event: 1132.939 Executing VM operation: G1CollectForAllocation done
Event: 1153.965 Executing VM operation: Cleanup
Event: 1153.966 Executing VM operation: Cleanup done

Events (20 events):
Event: 33.247 loading class sun/util/logging/PlatformLogger$ConfigurableBridge$LoggerConfiguration done
Event: 33.247 loading class jdk/internal/logger/SimpleConsoleLogger done
Event: 33.247 loading class jdk/internal/logger/SurrogateLogger done
Event: 33.247 loading class sun/util/logging/PlatformLogger
Event: 33.247 loading class sun/util/logging/PlatformLogger done
Event: 33.247 loading class sun/util/logging/PlatformLogger$Level
Event: 33.248 loading class sun/util/logging/PlatformLogger$Level done
Event: 33.248 loading class jdk/internal/event/DeserializationEvent
Event: 33.248 loading class jdk/internal/event/DeserializationEvent done
Event: 33.248 loading class java/io/ObjectInputStream$FieldValues
Event: 33.248 loading class java/io/ObjectInputStream$GetField
Event: 33.248 loading class java/io/ObjectInputStream$GetField done
Event: 33.248 loading class java/io/ObjectInputStream$FieldValues done
Event: 64.935 loading class java/io/ObjectStreamException
Event: 64.935 loading class java/io/ObjectStreamException done
Event: 76.686 loading class jdk/internal/math/FDBigInteger
Event: 76.687 loading class jdk/internal/math/FDBigInteger done
Event: 1226.057 Thread 0x0c2c64d0 Thread exited: 0x0c2c64d0
Event: 1226.068 Thread 0xf5e24490 Thread exited: 0xf5e24490
Event: 1226.069 Thread 0xc429c530 Thread exited: 0xc429c530


Dynamic libraries:
08048000-09298000 r-xp 00000000 08:04 494947248                          /home/almalinux/swg-returns-nge/build/bin/SwgGameServer
09298000-0929c000 rw-p 0124f000 08:04 494947248                          /home/almalinux/swg-returns-nge/build/bin/SwgGameServer
0929c000-09b1f000 rw-p 00000000 00:00 0 
0abff000-0f26f000 rw-p 00000000 00:00 0                                  [heap]
bfb00000-bfb39000 rw-p 00000000 00:00 0 
bfb39000-bfc00000 ---p 00000000 00:00 0 
bfd00000-bfdf9000 rw-p 00000000 00:00 0 
bfdf9000-bfe00000 ---p 00000000 00:00 0 
bfe00000-bfefd000 rw-p 00000000 00:00 0 
bfefd000-bff00000 ---p 00000000 00:00 0 
bff00000-bfffb000 rw-p 00000000 00:00 0 
bfffb000-c0000000 ---p 00000000 00:00 0 
c0000000-c002e000 rw-p 00000000 00:00 0 
c002e000-c0100000 ---p 00000000 00:00 0 
c0100000-c01f9000 rw-p 00000000 00:00 0 
c01f9000-c0200000 ---p 00000000 00:00 0 
c0200000-c02e5000 rw-p 00000000 00:00 0 
c02e5000-c0300000 ---p 00000000 00:00 0 
c0300000-c03ef000 rw-p 00000000 00:00 0 
c03ef000-c0400000 ---p 00000000 00:00 0 
c0400000-c04f9000 rw-p 00000000 00:00 0 
c04f9000-c0500000 ---p 00000000 00:00 0 
c0500000-c05fd000 rw-p 00000000 00:00 0 
c05fd000-c0600000 ---p 00000000 00:00 0 
c0600000-c06fc000 rw-p 00000000 00:00 0 
c06fc000-c0700000 ---p 00000000 00:00 0 
c0800000-c08d6000 rw-p 00000000 00:00 0 
c08d6000-c0900000 ---p 00000000 00:00 0 
c0900000-c09f9000 rw-p 00000000 00:00 0 
c09f9000-c0a00000 ---p 00000000 00:00 0 
c0a00000-c0af9000 rw-p 00000000 00:00 0 
c0af9000-c0b00000 ---p 00000000 00:00 0 
c0c00000-c0cfb000 rw-p 00000000 00:00 0 
c0cfb000-c0d00000 ---p 00000000 00:00 0 
c0e00000-c0eff000 rw-p 00000000 00:00 0 
c0eff000-c0f00000 ---p 00000000 00:00 0 
c0f7f000-c0f83000 ---p 00000000 00:00 0 
c0f83000-c1000000 rw-p 00000000 00:00 0 
c114b000-c114c000 ---p 00000000 00:00 0 
c114c000-c11cc000 rw-p 00000000 00:00 0 
c12fe000-c12ff000 ---p 00000000 00:00 0 
c12ff000-c137f000 rw-p 00000000 00:00 0 
c137f000-c1383000 ---p 00000000 00:00 0 
c1383000-c1400000 rw-p 00000000 00:00 0 
c1400000-c14f4000 rw-p 00000000 00:00 0 
c14f4000-c1500000 ---p 00000000 00:00 0 
c173d000-c1741000 ---p 00000000 00:00 0 
c1741000-c17fe000 rw-p 00000000 00:00 0 
c17fe000-c1802000 ---p 00000000 00:00 0 
c1802000-c18bf000 rw-p 00000000 00:00 0 
c18bf000-c18c0000 ---p 00000000 00:00 0 
c18c0000-c1940000 rw-p 00000000 00:00 0 
c1940000-c1944000 ---p 00000000 00:00 0 
c1944000-c1a01000 rw-p 00000000 00:00 0 
c1a01000-c1a05000 ---p 00000000 00:00 0 
c1a05000-c1ac2000 rw-p 00000000 00:00 0 
c1ac2000-c1ac6000 ---p 00000000 00:00 0 
c1ac6000-c1b43000 rw-p 00000000 00:00 0 
c1b43000-c1b47000 ---p 00000000 00:00 0 
c1b47000-c1c04000 rw-p 00000000 00:00 0 
c1c04000-c1c08000 ---p 00000000 00:00 0 
c1c08000-c1cc5000 rw-p 00000000 00:00 0 
c1cc5000-c1cc9000 ---p 00000000 00:00 0 
c1cc9000-c1d86000 rw-p 00000000 00:00 0 
c1d86000-c2000000 r--p 00078000 08:04 535181                             /usr/lib/locale/locale-archive
c2000000-c2160000 rw-p 00000000 00:00 0 
c2160000-c2400000 ---p 00000000 00:00 0 
c2400000-c2640000 rw-p 00000000 00:00 0 
c2640000-c3000000 ---p 00000000 00:00 0 
c307e000-c327e000 r--p 00000000 08:04 535181                             /usr/lib/locale/locale-archive
c327e000-c3282000 ---p 00000000 00:00 0 
c3282000-c333f000 rw-p 00000000 00:00 0 
c333f000-c3343000 ---p 00000000 00:00 0 
c3343000-c3400000 rw-p 00000000 00:00 0 
c3400000-c3500000 rw-p 00000000 00:00 0 
c3531000-c3535000 ---p 00000000 00:00 0 
c3535000-c35b2000 rw-p 00000000 00:00 0 
c35b2000-c35b3000 ---p 00000000 00:00 0 
c35b3000-c3633000 rw-p 00000000 00:00 0 
c3633000-c3f00000 rw-p 00001000 08:04 143240867                          /usr/lib/jvm/java-17-zulu-openjdk-jdk-x86/lib/server/classes.jsa
c3f00000-c3f21000 rw-p 00000000 00:00 0 
c3f21000-c4000000 ---p 00000000 00:00 0 
c407f000-c4080000 ---p 00000000 00:00 0 
c4080000-c4100000 rw-p 00000000 00:00 0 
c4100000-c4121000 rw-p 00000000 00:00 0 
c4121000-c4200000 ---p 00000000 00:00 0 
c4200000-c42d7000 rw-p 00000000 00:00 0 
c42d7000-c4300000 ---p 00000000 00:00 0 
c437f000-c4380000 ---p 00000000 00:00 0 
c4380000-c4400000 rw-p 00000000 00:00 0 
c4400000-c44f4000 rw-p 00000000 00:00 0 
c44f4000-c4500000 ---p 00000000 00:00 0 
c457f000-c4580000 ---p 00000000 00:00 0 
c4580000-c4600000 rw-p 00000000 00:00 0 
c4600000-c46f8000 rw-p 00000000 00:00 0 
c46f8000-c4700000 ---p 00000000 00:00 0 
c4700000-c4800000 rw-p 00000000 00:00 0 
c487f000-c4880000 ---p 00000000 00:00 0 
c4880000-c4b00000 rw-p 00000000 00:00 0 
c4b00000-c5100000 ---p 00000000 00:00 0 
c5100000-c5300000 rw-p 00000000 00:00 0 
c5300000-c5900000 ---p 00000000 00:00 0 
c5900000-c5940000 rw-p 00000000 00:00 0 
c5940000-c5a00000 ---p 00000000 00:00 0 
c5a00000-c5a40000 rw-p 00000000 00:00 0 
c5a40000-c5b00000 ---p 00000000 00:00 0 
c5b00000-c5b40000 rw-p 00000000 00:00 0 
c5b40000-c5c00000 ---p 00000000 00:00 0 
c5c00000-cdc00000 rw-p 00000000 00:00 0 
cdc00000-e5c00000 ---p 00000000 00:00 0 
e5c65000-e5c6a000 rw-p 00000000 00:00 0 
e5c6a000-e5d50000 ---p 00000000 00:00 0 
e5d50000-e5fd0000 rwxp 00000000 00:00 0 
e5fd0000-ed2ab000 ---p 00000000 00:00 0 
ed2ab000-ed4eb000 rwxp 00000000 00:00 0 
ed4eb000-ed7f5000 ---p 00000000 00:00 0 
ed7f5000-eda35000 rwxp 00000000 00:00 0 
eda35000-f4d50000 ---p 00000000 00:00 0 
f4d50000-f4eb8000 r--s 00000000 08:04 117534333                          /usr/lib/jvm/java-17-zulu-openjdk-jdk-x86/lib/modules
f4eb8000-f5d5a000 r-xp 00000000 08:04 143240869                          /usr/lib/jvm/java-17-zulu-openjdk-jdk-x86/lib/server/libjvm.so
f5d5a000-f5daf000 r--p 00ea1000 08:04 143240869                          /usr/lib/jvm/java-17-zulu-openjdk-jdk-x86/lib/server/libjvm.so
f5daf000-f5dd0000 rw-p 00ef6000 08:04 143240869                          /usr/lib/jvm/java-17-zulu-openjdk-jdk-x86/lib/server/libjvm.so
f5dd0000-f5e00000 rw-p 00000000 00:00 0 
f5e00000-f5f00000 rw-p 00000000 00:00 0 
f5f11000-f5f12000 ---p 00000000 00:00 0 
f5f12000-f5f92000 rw-p 00000000 00:00 0 
f5f92000-f5f93000 ---p 00000000 00:00 0 
f5f93000-f5f97000 ---p 00000000 00:00 0 
f5f97000-f6b0b000 rw-p 00000000 00:00 0 
f6b17000-f6b2c000 r-xp 00000000 08:04 117534323                          /usr/lib/jvm/java-17-zulu-openjdk-jdk-x86/lib/libnet.so
f6b2c000-f6b2d000 r--p 00014000 08:04 117534323                          /usr/lib/jvm/java-17-zulu-openjdk-jdk-x86/lib/libnet.so
f6b2d000-f6b2e000 rw-p 00015000 08:04 117534323                          /usr/lib/jvm/java-17-zulu-openjdk-jdk-x86/lib/libnet.so
f6b2e000-f6b33000 rw-p 00000000 00:00 0 
f6b33000-f6c19000 ---p 00000000 00:00 0 
f6e53000-f6e65000 r-xp 00000000 08:04 117534324                          /usr/lib/jvm/java-17-zulu-openjdk-jdk-x86/lib/libnio.so
f6e65000-f6e66000 r--p 00011000 08:04 117534324                          /usr/lib/jvm/java-17-zulu-openjdk-jdk-x86/lib/libnio.so
f6e66000-f6e67000 rw-p 00012000 08:04 117534324                          /usr/lib/jvm/java-17-zulu-openjdk-jdk-x86/lib/libnio.so
f6e67000-f6e90000 rw-p 00000000 00:00 0 
f6e90000-f6eb3000 r-xp 00000000 08:04 117534310                          /usr/lib/jvm/java-17-zulu-openjdk-jdk-x86/lib/libjava.so
f6eb3000-f6eb4000 r--p 00022000 08:04 117534310                          /usr/lib/jvm/java-17-zulu-openjdk-jdk-x86/lib/libjava.so
f6eb4000-f6eb5000 rw-p 00023000 08:04 117534310                          /usr/lib/jvm/java-17-zulu-openjdk-jdk-x86/lib/libjava.so
f6eb5000-f6ec1000 r-xp 00000000 08:04 16831767                           /usr/lib/libnss_files-2.28.so
f6ec1000-f6ec2000 r--p 0000b000 08:04 16831767                           /usr/lib/libnss_files-2.28.so
f6ec2000-f6ec3000 rw-p 0000c000 08:04 16831767                           /usr/lib/libnss_files-2.28.so
f6ec3000-f6ec9000 rw-p 00000000 00:00 0 
f6ecf000-f6ed4000 rw-p 00000000 00:00 0 
f6ed4000-f6eda000 ---p 00000000 00:00 0 
f6eda000-f6ef5000 r-xp 00000000 08:04 117534314                          /usr/lib/jvm/java-17-zulu-openjdk-jdk-x86/lib/libjimage.so
f6ef5000-f6ef6000 ---p 0001b000 08:04 117534314                          /usr/lib/jvm/java-17-zulu-openjdk-jdk-x86/lib/libjimage.so
f6ef6000-f6ef7000 r--p 0001b000 08:04 117534314                          /usr/lib/jvm/java-17-zulu-openjdk-jdk-x86/lib/libjimage.so
f6ef7000-f6ef8000 rw-p 0001c000 08:04 117534314                          /usr/lib/jvm/java-17-zulu-openjdk-jdk-x86/lib/libjimage.so
f6ef8000-f6efc000 rw-p 00000000 00:00 0 
f6efc000-f6f84000 r-xp 00000000 08:04 17191875                           /usr/lib/libpcre2-8.so.0.7.1
f6f84000-f6f85000 r--p 00087000 08:04 17191875                           /usr/lib/libpcre2-8.so.0.7.1
f6f85000-f6f86000 rw-p 00088000 08:04 17191875                           /usr/lib/libpcre2-8.so.0.7.1
f6f86000-f6fa6000 r-xp 00000000 08:04 17021543                           /usr/lib/libcrypt.so.1.1.0
f6fa6000-f6fa7000 ---p 00020000 08:04 17021543                           /usr/lib/libcrypt.so.1.1.0
f6fa7000-f6fa8000 r--p 00020000 08:04 17021543                           /usr/lib/libcrypt.so.1.1.0
f6fa8000-f6fb1000 rw-p 00000000 00:00 0 
f6fb1000-f6fdc000 r-xp 00000000 08:04 17191887                           /usr/lib/libselinux.so.1
f6fdc000-f6fdd000 ---p 0002b000 08:04 17191887                           /usr/lib/libselinux.so.1
f6fdd000-f6fde000 r--p 0002b000 08:04 17191887                           /usr/lib/libselinux.so.1
f6fde000-f6fdf000 rw-p 0002c000 08:04 17191887                           /usr/lib/libselinux.so.1
f6fdf000-f6fe0000 rw-p 00000000 00:00 0 
f6fe0000-f6fff000 r-xp 00000000 08:04 18866589                           /usr/lib/libbrotlicommon.so.1.0.6
f6fff000-f7000000 r--p 0001e000 08:04 18866589                           /usr/lib/libbrotlicommon.so.1.0.6
f7000000-f7001000 rw-p 0001f000 08:04 18866589                           /usr/lib/libbrotlicommon.so.1.0.6
f7001000-f701f000 r-xp 00000000 08:04 17191915                           /usr/lib/libsasl2.so.3.0.0
f701f000-f7020000 ---p 0001e000 08:04 17191915                           /usr/lib/libsasl2.so.3.0.0
f7020000-f7021000 r--p 0001e000 08:04 17191915                           /usr/lib/libsasl2.so.3.0.0
f7021000-f7022000 rw-p 0001f000 08:04 17191915                           /usr/lib/libsasl2.so.3.0.0
f7022000-f7024000 rw-p 00000000 00:00 0 
f7024000-f7038000 r-xp 00000000 08:04 16831772                           /usr/lib/libresolv-2.28.so
f7038000-f7039000 ---p 00014000 08:04 16831772                           /usr/lib/libresolv-2.28.so
f7039000-f703a000 r--p 00014000 08:04 16831772                           /usr/lib/libresolv-2.28.so
f703a000-f703b000 rw-p 00015000 08:04 16831772                           /usr/lib/libresolv-2.28.so
f703b000-f703d000 rw-p 00000000 00:00 0 
f703d000-f7040000 r-xp 00000000 08:04 17191893                           /usr/lib/libkeyutils.so.1.6
f7040000-f7041000 ---p 00003000 08:04 17191893                           /usr/lib/libkeyutils.so.1.6
f7041000-f7042000 r--p 00003000 08:04 17191893                           /usr/lib/libkeyutils.so.1.6
f7042000-f7043000 rw-p 00000000 00:00 0 
f7043000-f7053000 r-xp 00000000 08:04 17021560                           /usr/lib/libkrb5support.so.0.1
f7053000-f7054000 r--p 0000f000 08:04 17021560                           /usr/lib/libkrb5support.so.0.1
f7054000-f7055000 rw-p 00010000 08:04 17021560                           /usr/lib/libkrb5support.so.0.1
f7055000-f705d000 r-xp 00000000 08:04 16831774                           /usr/lib/librt-2.28.so
f705d000-f705e000 r--p 00007000 08:04 16831774                           /usr/lib/librt-2.28.so
f705e000-f705f000 rw-p 00008000 08:04 16831774                           /usr/lib/librt-2.28.so
f705f000-f71de000 r-xp 00000000 08:04 17021545                           /usr/lib/libunistring.so.2.1.0
f71de000-f71df000 ---p 0017f000 08:04 17021545                           /usr/lib/libunistring.so.2.1.0
f71df000-f71e1000 r--p 0017f000 08:04 17021545                           /usr/lib/libunistring.so.2.1.0
f71e1000-f71e2000 rw-p 00181000 08:04 17021545                           /usr/lib/libunistring.so.2.1.0
f71e2000-f720c000 r-xp 00000000 08:04 18654292                           /usr/lib/liblzma.so.5.2.4
f720c000-f720d000 r--p 00029000 08:04 18654292                           /usr/lib/liblzma.so.5.2.4
f720d000-f720e000 rw-p 00000000 00:00 0 
f720e000-f721a000 r-xp 00000000 08:04 17191936                           /usr/lib/libbrotlidec.so.1.0.6
f721a000-f721b000 r--p 0000b000 08:04 17191936                           /usr/lib/libbrotlidec.so.1.0.6
f721b000-f721c000 rw-p 00000000 00:00 0 
f721c000-f722b000 r-xp 00000000 08:04 17191918                           /usr/lib/liblber-2.4.so.2.10.9
f722b000-f722c000 r--p 0000e000 08:04 17191918                           /usr/lib/liblber-2.4.so.2.10.9
f722c000-f722d000 rw-p 0000f000 08:04 17191918                           /usr/lib/liblber-2.4.so.2.10.9
f722d000-f7282000 r-xp 00000000 08:04 17191920                           /usr/lib/libldap-2.4.so.2.10.9
f7282000-f7283000 ---p 00055000 08:04 17191920                           /usr/lib/libldap-2.4.so.2.10.9
f7283000-f7284000 r--p 00055000 08:04 17191920                           /usr/lib/libldap-2.4.so.2.10.9
f7284000-f7285000 rw-p 00056000 08:04 17191920                           /usr/lib/libldap-2.4.so.2.10.9
f7285000-f7287000 rw-p 00000000 00:00 0 
f7287000-f728a000 r-xp 00000000 08:04 16994899                           /usr/lib/libcom_err.so.2.1
f728a000-f728b000 r--p 00002000 08:04 16994899                           /usr/lib/libcom_err.so.2.1
f728b000-f728c000 rw-p 00003000 08:04 16994899                           /usr/lib/libcom_err.so.2.1
f728c000-f72a2000 r-xp 00000000 08:04 17021552                           /usr/lib/libk5crypto.so.3.1
f72a2000-f72a3000 ---p 00016000 08:04 17021552                           /usr/lib/libk5crypto.so.3.1
f72a3000-f72a4000 r--p 00016000 08:04 17021552                           /usr/lib/libk5crypto.so.3.1
f72a4000-f72a5000 rw-p 00017000 08:04 17021552                           /usr/lib/libk5crypto.so.3.1
f72a5000-f7388000 r-xp 00000000 08:04 17021558                           /usr/lib/libkrb5.so.3.3
f7388000-f738f000 r--p 000e2000 08:04 17021558                           /usr/lib/libkrb5.so.3.3
f738f000-f7390000 rw-p 000e9000 08:04 17021558                           /usr/lib/libkrb5.so.3.3
f7390000-f73eb000 r-xp 00000000 08:04 17021548                           /usr/lib/libgssapi_krb5.so.2.2
f73eb000-f73ed000 r--p 0005a000 08:04 17021548                           /usr/lib/libgssapi_krb5.so.2.2
f73ed000-f73ee000 rw-p 0005c000 08:04 17021548                           /usr/lib/libgssapi_krb5.so.2.2
f73ee000-f769f000 r-xp 00000000 08:04 18627877                           /usr/lib/libcrypto.so.1.1.1k
f769f000-f76b8000 r--p 002b0000 08:04 18627877                           /usr/lib/libcrypto.so.1.1.1k
f76b8000-f76ba000 rw-p 002c9000 08:04 18627877                           /usr/lib/libcrypto.so.1.1.1k
f76ba000-f76be000 rw-p 00000000 00:00 0 
f76be000-f7750000 r-xp 00000000 08:04 18627879                           /usr/lib/libssl.so.1.1.1k
f7750000-f7756000 r--p 00091000 08:04 18627879                           /usr/lib/libssl.so.1.1.1k
f7756000-f775a000 rw-p 00097000 08:04 18627879                           /usr/lib/libssl.so.1.1.1k
f775a000-f776a000 r-xp 00000000 08:04 18660120                           /usr/lib/libpsl.so.5.3.1
f776a000-f776b000 r--p 0000f000 08:04 18660120                           /usr/lib/libpsl.so.5.3.1
f776b000-f776c000 rw-p 00000000 00:00 0 
f776c000-f77e9000 r-xp 00000000 08:04 16994901                           /usr/lib/libssh.so.4.8.7
f77e9000-f77ea000 ---p 0007d000 08:04 16994901                           /usr/lib/libssh.so.4.8.7
f77ea000-f77eb000 r--p 0007d000 08:04 16994901                           /usr/lib/libssh.so.4.8.7
f77eb000-f77ec000 rw-p 0007e000 08:04 16994901                           /usr/lib/libssh.so.4.8.7
f77ec000-f7809000 r-xp 00000000 08:04 17040588                           /usr/lib/libidn2.so.0.3.6
f7809000-f780a000 r--p 0001c000 08:04 17040588                           /usr/lib/libidn2.so.0.3.6
f780a000-f780b000 rw-p 00000000 00:00 0 
f780b000-f7833000 r-xp 00000000 08:04 17191891                           /usr/lib/libnghttp2.so.14.17.0
f7833000-f7834000 r--p 00027000 08:04 17191891                           /usr/lib/libnghttp2.so.14.17.0
f7834000-f7836000 rw-p 00028000 08:04 17191891                           /usr/lib/libnghttp2.so.14.17.0
f7836000-f79d8000 r-xp 00000000 08:04 16831756                           /usr/lib/libc-2.28.so
f79d8000-f79d9000 ---p 001a2000 08:04 16831756                           /usr/lib/libc-2.28.so
f79d9000-f79db000 r--p 001a2000 08:04 16831756                           /usr/lib/libc-2.28.so
f79db000-f79dc000 rw-p 001a4000 08:04 16831756                           /usr/lib/libc-2.28.so
f79dc000-f79e1000 rw-p 00000000 00:00 0 
f79e1000-f79fc000 r-xp 00000000 08:04 16985139                           /usr/lib/libgcc_s-8-20210514.so.1
f79fc000-f79fd000 r--p 0001a000 08:04 16985139                           /usr/lib/libgcc_s-8-20210514.so.1
f79fd000-f79fe000 rw-p 0001b000 08:04 16985139                           /usr/lib/libgcc_s-8-20210514.so.1
f79fe000-f7ace000 r-xp 00000000 08:04 16831760                           /usr/lib/libm-2.28.so
f7ace000-f7acf000 r--p 000cf000 08:04 16831760                           /usr/lib/libm-2.28.so
f7acf000-f7ad0000 rw-p 000d0000 08:04 16831760                           /usr/lib/libm-2.28.so
f7ad0000-f7c59000 r-xp 00000000 08:04 16985145                           /usr/lib/libstdc++.so.6.0.25
f7c59000-f7c5a000 ---p 00189000 08:04 16985145                           /usr/lib/libstdc++.so.6.0.25
f7c5a000-f7c60000 r--p 00189000 08:04 16985145                           /usr/lib/libstdc++.so.6.0.25
f7c60000-f7c61000 rw-p 0018f000 08:04 16985145                           /usr/lib/libstdc++.so.6.0.25
f7c61000-f7c63000 rw-p 00000000 00:00 0 
f7c63000-f7c7a000 r-xp 00000000 08:04 16963437                           /usr/lib/libz.so.1.2.11
f7c7a000-f7c7b000 ---p 00017000 08:04 16963437                           /usr/lib/libz.so.1.2.11
f7c7b000-f7c7c000 r--p 00017000 08:04 16963437                           /usr/lib/libz.so.1.2.11
f7c7c000-f7c7d000 rw-p 00000000 00:00 0 
f7c7d000-f7dfa000 r-xp 00000000 08:04 16963397                           /usr/lib/libxml2.so.2.9.7
f7dfa000-f7dff000 r--p 0017c000 08:04 16963397                           /usr/lib/libxml2.so.2.9.7
f7dff000-f7e00000 rw-p 00181000 08:04 16963397                           /usr/lib/libxml2.so.2.9.7
f7e00000-f7e01000 rw-p 00000000 00:00 0 
f7e01000-f7e1d000 r-xp 00000000 08:04 16831770                           /usr/lib/libpthread-2.28.so
f7e1d000-f7e1e000 r--p 0001b000 08:04 16831770                           /usr/lib/libpthread-2.28.so
f7e1e000-f7e1f000 rw-p 0001c000 08:04 16831770                           /usr/lib/libpthread-2.28.so
f7e1f000-f7e21000 rw-p 00000000 00:00 0 
f7e21000-f7e95000 r-xp 00000000 08:04 16818911                           /usr/lib/libpcre.so.1.2.10
f7e95000-f7e96000 ---p 00074000 08:04 16818911                           /usr/lib/libpcre.so.1.2.10
f7e96000-f7e97000 r--p 00074000 08:04 16818911                           /usr/lib/libpcre.so.1.2.10
f7e97000-f7e98000 rw-p 00075000 08:04 16818911                           /usr/lib/libpcre.so.1.2.10
f7e98000-f7e9b000 r-xp 00000000 08:04 16831758                           /usr/lib/libdl-2.28.so
f7e9b000-f7e9c000 r--p 00002000 08:04 16831758                           /usr/lib/libdl-2.28.so
f7e9c000-f7e9d000 rw-p 00003000 08:04 16831758                           /usr/lib/libdl-2.28.so
f7e9d000-f7f3a000 r-xp 00000000 08:04 16994905                           /usr/lib/libcurl.so.4.5.0
f7f3a000-f7f3c000 r--p 0009c000 08:04 16994905                           /usr/lib/libcurl.so.4.5.0
f7f3c000-f7f3d000 rw-p 0009e000 08:04 16994905                           /usr/lib/libcurl.so.4.5.0
f7f3d000-f7f44000 r--s 00000000 08:04 176632422                          /usr/lib/gconv/gconv-modules.cache
f7f44000-f7f4c000 rw-s 00000000 08:04 151636383                          /tmp/hsperfdata_almalinux/1389125 (deleted)
f7f4c000-f7f4d000 ---p 00000000 00:00 0 
f7f4d000-f7f4e000 r--p 00000000 00:00 0 
f7f4e000-f7f50000 rw-p 00000000 00:00 0 
f7f50000-f7f54000 r--p 00000000 00:00 0                                  [vvar]
f7f54000-f7f56000 r-xp 00000000 00:00 0                                  [vdso]
f7f56000-f7f85000 r-xp 00000000 08:04 16831749                           /usr/lib/ld-2.28.so
f7f85000-f7f86000 ---p 00000000 00:00 0 
f7f86000-f7f87000 r--p 0002f000 08:04 16831749                           /usr/lib/ld-2.28.so
f7f87000-f7f88000 rw-p 00030000 08:04 16831749                           /usr/lib/ld-2.28.so
ffc7e000-ffc7f000 rwxp 00000000 00:00 0 
ffd87000-ffe43000 rw-p 00000000 00:00 0                                  [stack]


VM Arguments:
jvm_args: -Xms128m -Xmx512m -Xss768k -XX:MaxMetaspaceSize=96m -Xrs -XX:-UsePerfData -XX:-AllowUserSignalHandlers -XX:UseSSE=3 -XX+DoEscapeAnalysis -XX:AutoBoxCacheMax:2000 -XX:+OptimizeStringConcat -XX:+OptimizeFill -XX:+EliminateAutoBox -XX:+UseCompressedStrings -XX:+UseCompressedOops -XX:+EliminateLocks -XX:UseFastAccessorMethods -XX:+UseStringCache -XgcPrio:throughput -XXkeepAreaRatio:1 -XXlazyUnlocking -XXcallProfiling -XXcompactRatio:1 
java_command: <unknown>
java_class_path (initial): ../../data/sku.0/sys.server/compiled/game/
Launcher Type: generic

[Global flags]
     intx CICompilerCount                          = 3                                         {product} {ergonomic}
     uint ConcGCThreads                            = 1                                         {product} {ergonomic}
     uint G1ConcRefinementThreads                  = 4                                         {product} {ergonomic}
   size_t G1HeapRegionSize                         = 1048576                                   {product} {ergonomic}
    uintx GCDrainStackTargetSize                   = 64                                        {product} {ergonomic}
   size_t InitialHeapSize                          = 134217728                                 {product} {command line}
   size_t MarkStackSize                            = 32768                                     {product} {ergonomic}
   size_t MaxHeapSize                              = 536870912                                 {product} {command line}
   size_t MaxMetaspaceSize                         = 100663296                                 {product} {command line}
   size_t MaxNewSize                               = 321912832                                 {product} {ergonomic}
   size_t MinHeapDeltaBytes                        = 1048576                                   {product} {ergonomic}
   size_t MinHeapSize                              = 134217728                                 {product} {command line}
    uintx NonNMethodCodeHeapSize                   = 5544422                                {pd product} {ergonomic}
    uintx NonProfiledCodeHeapSize                  = 123056909                              {pd product} {ergonomic}
    uintx ProfiledCodeHeapSize                     = 123056909                              {pd product} {ergonomic}
    uintx ReservedCodeCacheSize                    = 251658240                              {pd product} {ergonomic}
     bool SegmentedCodeCache                       = true                                      {product} {ergonomic}
   size_t SoftMaxHeapSize                          = 536870912                              {manageable} {ergonomic}
   double SweeperThreshold                         = 0.500000                                  {product} {ergonomic}
     intx ThreadStackSize                          = 768                                    {pd product} {command line}
     bool UseG1GC                                  = true                                      {product} {ergonomic}

Logging:
Log output configuration:
 #0: stdout all=off uptime,level,tags
 #1: stderr all=off uptime,level,tags

Environment Variables:
JAVA_HOME=/usr/lib/jvm/zulu-17-x86
PATH=/usr/java/jdk1.7.0_80/bin:/usr/java/jdk1.7.0_80/bin:/usr/java/jdk1.6.0_45/bin:/usr/java/jdk1.6.0_45/bin:/usr/java/jdk1.6.0_45/bin:/home/almalinux/.local/bin:/home/almalinux/bin:/sbin:/bin:/usr/bin:/usr/local/bin:/usr/local/sbin:/usr/sbin:/usr/lib/oracle/18.3/client/bin:/usr/lib/oracle/18.3/client/bin:/usr/lib/jvm/java-11-openjdk/bin:./
LD_LIBRARY_PATH=/usr/lib/jvm/java-17-zulu-openjdk-jdk-x86/lib/server:/usr/lib/jvm/java-17-zulu-openjdk-jdk-x86/lib:/usr/lib/jvm/java-17-zulu-openjdk-jdk-x86/../lib:/usr/lib/jvm/zulu-17-x86/lib/server:/usr/lib/oracle/18.3/client/lib:/usr/include/oracle/18.3/client:/usr/lib/jvm/java-11-openjdk/lib:/usr/lib/jvm/java-11-openjdk/lib/server:./
SHELL=/bin/bash
DISPLAY=:10.0
LANG=en_US.UTF-8
TERM=xterm-256color

Active Locale:
LC_ALL=en_US.UTF-8
LC_COLLATE=en_US.UTF-8
LC_CTYPE=en_US.UTF-8
LC_MESSAGES=en_US.UTF-8
LC_MONETARY=en_US.UTF-8
LC_NUMERIC=en_US.UTF-8
LC_TIME=en_US.UTF-8

Signal Handlers:
   SIGSEGV: crash_handler in libjvm.so, mask=11100100010111111101111111111110, flags=SA_RESTART|SA_SIGINFO, unblocked
    SIGBUS: crash_handler in libjvm.so, mask=11100100010111111101111111111110, flags=SA_RESTART|SA_SIGINFO, unblocked
    SIGFPE: crash_handler in libjvm.so, mask=11100100010111111101111111111110, flags=SA_RESTART|SA_SIGINFO, unblocked
   SIGPIPE: SIG_IGN, mask=00000000000010000000000000000000, flags=SA_RESTART, blocked
  *** Handler was modified!
  *** Expected: javaSignalHandler in libjvm.so, mask=11100100110111111111111111111110, flags=SA_RESTART|SA_SIGINFO
   SIGXFSZ: javaSignalHandler in libjvm.so, mask=11100100010111111101111111111110, flags=SA_RESTART|SA_SIGINFO, blocked
    SIGILL: crash_handler in libjvm.so, mask=11100100010111111101111111111110, flags=SA_RESTART|SA_SIGINFO, unblocked
   SIGUSR2: SR_handler in libjvm.so, mask=00100000000000000000000000000000, flags=SA_RESTART|SA_SIGINFO, blocked
    SIGHUP: UserHandler in libjvm.so, mask=11100100010111111101111111111110, flags=SA_RESTART|SA_SIGINFO, blocked
    SIGINT: UserHandler in libjvm.so, mask=11100100010111111101111111111110, flags=SA_RESTART|SA_SIGINFO, blocked
   SIGTERM: UserHandler in libjvm.so, mask=11100100010111111101111111111110, flags=SA_RESTART|SA_SIGINFO, blocked
   SIGQUIT: UserHandler in libjvm.so, mask=11100100010111111101111111111110, flags=SA_RESTART|SA_SIGINFO, blocked
   SIGTRAP: crash_handler in libjvm.so, mask=11100100010111111101111111111110, flags=SA_RESTART|SA_SIGINFO, unblocked


Periodic native trim disabled


---------------  S Y S T E M  ---------------

OS:
AlmaLinux release 8.10 (Cerulean Leopard)
uname: Linux 4.18.0-553.81.1.el8_10.x86_64 #1 SMP Mon Oct 27 11:29:19 EDT 2025 x86_64
OS uptime: 33 days 16:28 hours
libc: glibc 2.28 NPTL 2.28 
rlimit (soft/hard): STACK 8192k/infinity , CORE 0k/infinity , NPROC 61995/61995 , NOFILE 262144/262144 , AS infinity/infinity , CPU infinity/infinity , DATA infinity/infinity , FSIZE infinity/infinity , MEMLOCK 64k/64k
load average: 43.16 43.44 35.08

/proc/meminfo:
MemTotal:       16014448 kB
MemFree:          818964 kB
MemAvailable:    2143364 kB
Buffers:             968 kB
Cached:          3526600 kB
SwapCached:        52176 kB
Active:          2612456 kB
Inactive:       12023196 kB
Active(anon):    2060308 kB
Inactive(anon): 11218256 kB
Active(file):     552148 kB
Inactive(file):   804940 kB
Unevictable:        3104 kB
Mlocked:              16 kB
SwapTotal:       8388604 kB
SwapFree:        6772792 kB
Dirty:               852 kB
Writeback:             0 kB
AnonPages:      11075968 kB
Mapped:          1610904 kB
Shmem:           2170480 kB
KReclaimable:     144356 kB
Slab:             272488 kB
SReclaimable:     144356 kB
SUnreclaim:       128132 kB
KernelStack:       25828 kB
PageTables:       166012 kB
NFS_Unstable:          0 kB
Bounce:                0 kB
WritebackTmp:          0 kB
CommitLimit:    16395828 kB
Committed_AS:   27559180 kB
VmallocTotal:   34359738367 kB
VmallocUsed:       71940 kB
VmallocChunk:          0 kB
Percpu:             2704 kB
HardwareCorrupted:     0 kB
AnonHugePages:         0 kB
ShmemHugePages:        0 kB
ShmemPmdMapped:        0 kB
FileHugePages:         0 kB
FilePmdMapped:         0 kB
HugePages_Total:       0
HugePages_Free:        0
HugePages_Rsvd:        0
HugePages_Surp:        0
Hugepagesize:       2048 kB
Hugetlb:               0 kB
DirectMap4k:     2565996 kB
DirectMap2M:    13817856 kB

/sys/kernel/mm/transparent_hugepage/enabled: always madvise [never]
/sys/kernel/mm/transparent_hugepage/hpage_pmd_size: 2097152
/sys/kernel/mm/transparent_hugepage/defrag (defrag/compaction efforts parameter): always defer defer+madvise [madvise] never

Process Memory:
Virtual Size: 1009832K (peak: 1013436K)
Resident Set Size: 196156K (peak: 197808K) (anon: 162756K, file: 33400K, shmem: 0K)
Swapped out: 0K
C-Heap outstanding allocations: 20033K, retained: 79286K
glibc malloc tunables: (default)

/proc/sys/kernel/threads-max (system-wide limit on the number of threads): 123991
/proc/sys/vm/max_map_count (maximum number of memory map areas a process may have): 1677720
/proc/sys/kernel/pid_max (system-wide limit on number of process identifiers): 4194304

container (cgroup) information:
container_type: cgroupv1
cpu_cpuset_cpus: 0-3
cpu_memory_nodes: 0
active_processor_count: 4
cpu_quota: no quota
cpu_period: 100000
cpu_shares: no shares
memory_limit_in_bytes: unlimited
memory_and_swap_limit_in_bytes: unlimited
memory_soft_limit_in_bytes: unlimited
memory_usage_in_bytes: 14042356 k
memory_max_usage_in_bytes: 14783012 k
kernel_memory_usage_in_bytes: 224024 k
kernel_memory_max_usage_in_bytes: unlimited
kernel_memory_limit_in_bytes: 985464 k
maximum number of tasks: unlimited
current number of tasks: 825

KVM virtualization detected
Steal ticks since vm start: 153
Steal ticks percentage since vm start:  0.000

CPU: total 4 (initial active 4) (1 cores per cpu, 1 threads per core) family 6 model 60 stepping 1 microcode 0x1, cx8, cmov, fxsr, mmx, sse, sse2, sse3, ssse3, sse4.1, sse4.2, popcnt, lzcnt, tsc, avx, avx2, aes, erms, clmul, bmi1, bmi2, fma, vzeroupper, clflush, hv
CPU Model and flags from /proc/cpuinfo:
model name	: Intel Core Processor (Haswell, no TSX)
flags		: fpu vme de pse tsc msr pae mce cx8 apic sep mtrr pge mca cmov pat pse36 clflush mmx fxsr sse sse2 syscall nx rdtscp lm constant_tsc rep_good nopl xtopology cpuid tsc_known_freq pni pclmulqdq vmx ssse3 fma cx16 pcid sse4_1 sse4_2 x2apic movbe popcnt tsc_deadline_timer aes xsave avx f16c rdrand hypervisor lahf_lm abm cpuid_fault invpcid_single pti tpr_shadow vnmi flexpriority ept vpid ept_ad fsgsbase bmi1 avx2 smep bmi2 erms invpcid xsaveopt arat md_clear

Online cpus: 0-3
Offline cpus: 
BIOS frequency limitation: <Not Available>
Frequency switch latency (ns): <Not Available>
Available cpu frequencies: <Not Available>
Current governor: <Not Available>
Core performance/turbo boost: <Not Available>

Memory: 4k page, physical 16014448k(821816k free), swap 8388604k(6772792k free)
Page Sizes: 4k

vm_info: OpenJDK Server VM (17.0.11+9-LTS) for linux-x86 JRE (17.0.11+9-LTS) (Zulu17.50+19-CA), built on Apr  9 2024 07:14:46 by "zulu_re" with gcc 8.3.0

END.
