#
# A fatal error has been detected by the Java Runtime Environment:
#
#  SIGSEGV (0xb) at pc=0xf7903618, pid=159017, tid=159017
#
# JRE version: OpenJDK Runtime Environment Zulu17.50+19-CA (17.0.11+9) (build 17.0.11+9-LTS)
# Java VM: OpenJDK Server VM Zulu17.50+19-CA (17.0.11+9-LTS, mixed mode, sharing, tiered, g1 gc, linux-x86)
# Problematic frame:
# C  [libc.so.6+0x84618]  cfree+0x28
#
# Core dump will be written. Default location: Core dumps may be processed with "/usr/lib/systemd/systemd-coredump %P %u %g %s %t %c %h %e" (or dumping to /home/almalinux/swg-returns-nge/exe/linux/core.159017)
#
# If you would like to submit a bug report, please visit:
#   http://www.azul.com/support/
#

---------------  S U M M A R Y ------------

Command Line: -Xms128m -Xmx512m -Xss768k -XX:MaxMetaspaceSize=96m -Xrs -XX:-UsePerfData -XX:-AllowUserSignalHandlers -XX:UseSSE=3 -XX+DoEscapeAnalysis -XX:AutoBoxCacheMax:2000 -XX:+OptimizeStringConcat -XX:+OptimizeFill -XX:+EliminateAutoBox -XX:+UseCompressedStrings -XX:+UseCompressedOops -XX:+EliminateLocks -XX:UseFastAccessorMethods -XX:+UseStringCache -XgcPrio:throughput -XXkeepAreaRatio:1 -XXlazyUnlocking -XXcallProfiling -XXcompactRatio:1 

Host: Intel Core Processor (Haswell, no TSX), 4 cores, 15G, AlmaLinux release 8.10 (Cerulean Leopard)
Time: Sat Jan 31 19:03:14 2026 UTC elapsed time: 3181.799881 seconds (0d 0h 53m 1s)

---------------  T H R E A D  ---------------

Current thread is native thread

Stack: [0xffe9d000,0xfff5d000],  sp=0xfff5a160,  free space=756k
Native frames: (J=compiled Java code, j=interpreted, Vv=VM code, C=native code)
C  [libc.so.6+0x84618]  cfree+0x28


siginfo: si_signo: 11 (SIGSEGV), si_code: 1 (SEGV_MAPERR), si_addr: 0x00000003

Registers:
EAX=0x00000000, EBX=0x00000007, ECX=0xf6f4184c, EDX=0x0ac24da8
ESP=0xfff5a160, EBP=0xfff5a298, ESI=0xf7a24000, EDI=0x00000000
EIP=0xf7903618, EFLAGS=0x00210202, CR2=0x0000000000000003


Top of Stack: (sp=0xfff5a160)
0xfff5a160:   0a8a8030 00000000 fff5a298 f7b90f1c
0xfff5a170:   0a8a80c0 f7ca7a04 0ac24d80 f7b90f1c
0xfff5a180:   00000007 f7b90f0a f7ca7a04 f7b90f4c
0xfff5a190:   0a8a80c0 f7b90f0a 0ac28b20 085b6163
0xfff5a1a0:   00000007 0a8a8030 0a8a7d40 085bb8d1
0xfff5a1b0:   0a8a8030 0a8a7d40 00000000 085bb89b
0xfff5a1c0:   0c0bc8c0 fff5a1e7 fff5a20c 085c6969
0xfff5a1d0:   087d6c00 fff5a20c fff5a298 084fc53b
0xfff5a1e0:   00000014 00010002 00000000 00000000
0xfff5a1f0:   01010100 00000001 09aa44c0 00000000
0xfff5a200:   00000000 00000000 00000000 00000000
0xfff5a210:   00000000 00000014 fff5a368 f78b46ff
0xfff5a220:   f7a2441c 47677753 53656d61 65767265
0xfff5a230:   35313a72 37313039 09290100 0ac0a140
0xfff5a240:   08ea0100 08ebc230 08ea5888 f7a2441c
0xfff5a250:   00000428 00000420 f78b4779 085758fd
0xfff5a260:   08ea2a80 09b1ea78 08ea5888 08574f56
0xfff5a270:   0929a2c4 0929a2c4 fff5a368 08ea583b
0xfff5a280:   0000000c fff5a334 fff5a2b0 f7a24000
0xfff5a290:   00000000 08575910 00000000 f789cf26
0xfff5a2a0:   00000000 08575910 00000000 f789cf26
0xfff5a2b0:   0000000c fff5a334 fff5a368 fff5a2d4
0xfff5a2c0:   0929a2d0 00000000 fff5a368 f7a24000
0xfff5a2d0:   f788c75c f7a24000 00000000 08575910
0xfff5a2e0:   00000000 f0cfa5fa 08170dea 00000000
0xfff5a2f0:   00000000 00000000 f7fa34d0 f789ce30
0xfff5a300:   084fc260 0929a2c4 0000000c 08575946
0xfff5a310:   084fc260 0000000c fff5a334 08ea57f0
0xfff5a320:   08ea5850 f7fa34d0 fff5a32c f7fd0970
0xfff5a330:   0000000c fff5b61f fff5b631 fff5b634
0xfff5a340:   fff5b646 fff5b649 fff5b654 fff5b678
0xfff5a350:   fff5b688 fff5b6a8 fff5b6d8 fff5b6db 

Instructions: (pc=0xf7903618)
0xf7903518:   50 8d 96 86 f7 fa ff 8d 86 d0 2f fb ff e8 c6 b7
0xf7903528:   ff ff 8d b6 00 00 00 00 bb 20 00 00 00 e9 5e fe
0xf7903538:   ff ff e8 a1 c0 ff ff 89 c5 85 c0 0f 85 68 ff ff
0xf7903548:   ff 31 d2 8d 44 3b 10 e8 8c c1 ff ff 89 da 89 f9
0xf7903558:   89 c5 e8 11 f0 ff ff 89 c2 85 c0 75 1b 85 ed 74
0xf7903568:   17 90 89 fa 89 e8 e8 bd c5 ff ff 89 da 89 f9 89
0xf7903578:   c5 e8 f2 ef ff ff 89 c2 85 ed 0f 84 57 ff ff ff
0xf7903588:   e9 39 ff ff ff 8d 86 b8 31 fb ff 83 ec 0c b9 25
0xf7903598:   0d 00 00 50 8d 96 86 f7 fa ff 8d 86 74 2f fb ff
0xf79035a8:   e8 43 b7 ff ff 8d 76 00 f3 0f 1e fb e8 0a 9a f9
0xf79035b8:   ff 05 47 0a 12 00 56 53 83 ec 04 8b 5c 24 10 8b
0xf79035c8:   74 24 14 8b 80 50 ff ff ff c7 00 00 00 00 00 e8
0xf79035d8:   54 bb ff ff 8b 4c 24 0c 83 c4 04 89 f2 89 d8 5b
0xf79035e8:   5e e9 42 fd ff ff 66 90 f3 0f 1e fb 56 e8 9a 9b
0xf79035f8:   f9 ff 81 c6 06 0a 12 00 53 83 ec 14 8b 5c 24 20
0xf7903608:   8b 86 5c ff ff ff 8b 00 85 c0 75 6c 85 db 74 75
0xf7903618:   8b 4b fc 8d 53 f8 f6 c1 02 75 35 8b 86 70 fe ff
0xf7903628:   ff 65 8b 00 85 c0 0f 84 8c 00 00 00 83 e1 04 8d
0xf7903638:   86 60 07 00 00 74 09 89 d0 25 00 00 f0 ff 8b 00
0xf7903648:   83 c4 14 31 c9 5b 5e e9 8c cb ff ff 8d 74 26 00
0xf7903658:   8b 9e 60 01 00 00 85 db 75 10 3b 8e 48 01 00 00
0xf7903668:   76 08 81 f9 00 00 08 00 76 26 83 c4 14 89 d0 5b
0xf7903678:   5e e9 92 b8 ff ff 66 90 83 ec 08 ff 74 24 24 53
0xf7903688:   ff d0 83 c4 10 83 c4 14 5b 5e c3 8d 74 26 00 90
0xf7903698:   39 96 80 1d 00 00 77 08 39 96 7c 1d 00 00 77 ca
0xf79036a8:   83 e1 f8 8d 04 09 89 8e 48 01 00 00 89 86 40 01
0xf79036b8:   00 00 90 eb b5 8d 76 00 8b 86 74 fe ff ff 65 80
0xf79036c8:   38 00 0f 85 64 ff ff ff 89 54 24 0c e8 97 ed ff
0xf79036d8:   ff 8b 4b fc 8b 54 24 0c e9 4f ff ff ff 8d b4 26
0xf79036e8:   00 00 00 00 8d 74 26 00 f3 0f 1e fb 55 57 56 e8
0xf79036f8:   98 9a f9 ff 81 c6 04 09 12 00 53 83 ec 0c 8b 86
0xf7903708:   70 fe ff ff 8b 96 74 fe ff ff 65 8b 28 65 c6 02 



---------------  P R O C E S S  ---------------

VM state: at safepoint (shutting down)

VM Mutex/Monitor currently owned by a thread:  ([mutex/lock_event])
[0xf5e21d30] Threads_lock - owner thread: 0xc4294cf0

GC Precious Log:
<Skipped>

Heap:
 garbage-first heap   total 131072K, used 26944K [0xc5c00000, 0xe5c00000)
  region size 1024K, 18 young (18432K), 6 survivors (6144K)
 Metaspace       used 4815K, committed 5248K, reserved 16384K

Heap Regions: E=young(eden), S=young(survivor), O=old, HS=humongous(starts), HC=humongous(continues), CS=collection set, F=free, OA=open archive, CA=closed archive, TAMS=top-at-mark-start (previous, next)
|   0|0xc5c00000, 0xc5d00000, 0xc5d00000|100%| O|  |TAMS 0xc5c00000, 0xc5c00000| Untracked 
|   1|0xc5d00000, 0xc5e00000, 0xc5e00000|100%| O|  |TAMS 0xc5d00000, 0xc5d00000| Untracked 
|   2|0xc5e00000, 0xc5f00000, 0xc5f00000|100%| O|  |TAMS 0xc5e00000, 0xc5e00000| Untracked 
|   3|0xc5f00000, 0xc6000000, 0xc6000000|100%| O|  |TAMS 0xc5f00000, 0xc5f00000| Untracked 
|   4|0xc6000000, 0xc6100000, 0xc6100000|100%| O|  |TAMS 0xc6000000, 0xc6000000| Untracked 
|   5|0xc6100000, 0xc6200000, 0xc6200000|100%| O|  |TAMS 0xc6100000, 0xc6100000| Untracked 
|   6|0xc6200000, 0xc6300000, 0xc6300000|100%| O|  |TAMS 0xc6200000, 0xc6200000| Untracked 
|   7|0xc6300000, 0xc6400000, 0xc6400000|100%| O|  |TAMS 0xc6300000, 0xc6300000| Untracked 
|   8|0xc6400000, 0xc64c5c00, 0xc6500000| 77%| O|  |TAMS 0xc6400000, 0xc6400000| Untracked 
|   9|0xc6500000, 0xc6500000, 0xc6600000|  0%| F|  |TAMS 0xc6500000, 0xc6500000| Untracked 
|  10|0xc6600000, 0xc6600000, 0xc6700000|  0%| F|  |TAMS 0xc6600000, 0xc6600000| Untracked 
|  11|0xc6700000, 0xc6700000, 0xc6800000|  0%| F|  |TAMS 0xc6700000, 0xc6700000| Untracked 
|  12|0xc6800000, 0xc6800000, 0xc6900000|  0%| F|  |TAMS 0xc6800000, 0xc6800000| Untracked 
|  13|0xc6900000, 0xc6900000, 0xc6a00000|  0%| F|  |TAMS 0xc6900000, 0xc6900000| Untracked 
|  14|0xc6a00000, 0xc6a00000, 0xc6b00000|  0%| F|  |TAMS 0xc6a00000, 0xc6a00000| Untracked 
|  15|0xc6b00000, 0xc6b00000, 0xc6c00000|  0%| F|  |TAMS 0xc6b00000, 0xc6b00000| Untracked 
|  16|0xc6c00000, 0xc6c00000, 0xc6d00000|  0%| F|  |TAMS 0xc6c00000, 0xc6c00000| Untracked 
|  17|0xc6d00000, 0xc6d00000, 0xc6e00000|  0%| F|  |TAMS 0xc6d00000, 0xc6d00000| Untracked 
|  18|0xc6e00000, 0xc6e00000, 0xc6f00000|  0%| F|  |TAMS 0xc6e00000, 0xc6e00000| Untracked 
|  19|0xc6f00000, 0xc6f00000, 0xc7000000|  0%| F|  |TAMS 0xc6f00000, 0xc6f00000| Untracked 
|  20|0xc7000000, 0xc7000000, 0xc7100000|  0%| F|  |TAMS 0xc7000000, 0xc7000000| Untracked 
|  21|0xc7100000, 0xc7100000, 0xc7200000|  0%| F|  |TAMS 0xc7100000, 0xc7100000| Untracked 
|  22|0xc7200000, 0xc7200000, 0xc7300000|  0%| F|  |TAMS 0xc7200000, 0xc7200000| Untracked 
|  23|0xc7300000, 0xc7300000, 0xc7400000|  0%| F|  |TAMS 0xc7300000, 0xc7300000| Untracked 
|  24|0xc7400000, 0xc7400000, 0xc7500000|  0%| F|  |TAMS 0xc7400000, 0xc7400000| Untracked 
|  25|0xc7500000, 0xc7500000, 0xc7600000|  0%| F|  |TAMS 0xc7500000, 0xc7500000| Untracked 
|  26|0xc7600000, 0xc7600000, 0xc7700000|  0%| F|  |TAMS 0xc7600000, 0xc7600000| Untracked 
|  27|0xc7700000, 0xc7700000, 0xc7800000|  0%| F|  |TAMS 0xc7700000, 0xc7700000| Untracked 
|  28|0xc7800000, 0xc7800000, 0xc7900000|  0%| F|  |TAMS 0xc7800000, 0xc7800000| Untracked 
|  29|0xc7900000, 0xc7900000, 0xc7a00000|  0%| F|  |TAMS 0xc7900000, 0xc7900000| Untracked 
|  30|0xc7a00000, 0xc7a00000, 0xc7b00000|  0%| F|  |TAMS 0xc7a00000, 0xc7a00000| Untracked 
|  31|0xc7b00000, 0xc7b00000, 0xc7c00000|  0%| F|  |TAMS 0xc7b00000, 0xc7b00000| Untracked 
|  32|0xc7c00000, 0xc7c00000, 0xc7d00000|  0%| F|  |TAMS 0xc7c00000, 0xc7c00000| Untracked 
|  33|0xc7d00000, 0xc7d00000, 0xc7e00000|  0%| F|  |TAMS 0xc7d00000, 0xc7d00000| Untracked 
|  34|0xc7e00000, 0xc7e00000, 0xc7f00000|  0%| F|  |TAMS 0xc7e00000, 0xc7e00000| Untracked 
|  35|0xc7f00000, 0xc7f00000, 0xc8000000|  0%| F|  |TAMS 0xc7f00000, 0xc7f00000| Untracked 
|  36|0xc8000000, 0xc8000000, 0xc8100000|  0%| F|  |TAMS 0xc8000000, 0xc8000000| Untracked 
|  37|0xc8100000, 0xc8100000, 0xc8200000|  0%| F|  |TAMS 0xc8100000, 0xc8100000| Untracked 
|  38|0xc8200000, 0xc8200000, 0xc8300000|  0%| F|  |TAMS 0xc8200000, 0xc8200000| Untracked 
|  39|0xc8300000, 0xc8300000, 0xc8400000|  0%| F|  |TAMS 0xc8300000, 0xc8300000| Untracked 
|  40|0xc8400000, 0xc8400000, 0xc8500000|  0%| F|  |TAMS 0xc8400000, 0xc8400000| Untracked 
|  41|0xc8500000, 0xc8500000, 0xc8600000|  0%| F|  |TAMS 0xc8500000, 0xc8500000| Untracked 
|  42|0xc8600000, 0xc8600000, 0xc8700000|  0%| F|  |TAMS 0xc8600000, 0xc8600000| Untracked 
|  43|0xc8700000, 0xc8700000, 0xc8800000|  0%| F|  |TAMS 0xc8700000, 0xc8700000| Untracked 
|  44|0xc8800000, 0xc8800000, 0xc8900000|  0%| F|  |TAMS 0xc8800000, 0xc8800000| Untracked 
|  45|0xc8900000, 0xc8900000, 0xc8a00000|  0%| F|  |TAMS 0xc8900000, 0xc8900000| Untracked 
|  46|0xc8a00000, 0xc8a00000, 0xc8b00000|  0%| F|  |TAMS 0xc8a00000, 0xc8a00000| Untracked 
|  47|0xc8b00000, 0xc8b00000, 0xc8c00000|  0%| F|  |TAMS 0xc8b00000, 0xc8b00000| Untracked 
|  48|0xc8c00000, 0xc8c00000, 0xc8d00000|  0%| F|  |TAMS 0xc8c00000, 0xc8c00000| Untracked 
|  49|0xc8d00000, 0xc8d00000, 0xc8e00000|  0%| F|  |TAMS 0xc8d00000, 0xc8d00000| Untracked 
|  50|0xc8e00000, 0xc8e00000, 0xc8f00000|  0%| F|  |TAMS 0xc8e00000, 0xc8e00000| Untracked 
|  51|0xc8f00000, 0xc8f00000, 0xc9000000|  0%| F|  |TAMS 0xc8f00000, 0xc8f00000| Untracked 
|  52|0xc9000000, 0xc9000000, 0xc9100000|  0%| F|  |TAMS 0xc9000000, 0xc9000000| Untracked 
|  53|0xc9100000, 0xc918a650, 0xc9200000| 54%| S|CS|TAMS 0xc9100000, 0xc9100000| Complete 
|  54|0xc9200000, 0xc9300000, 0xc9300000|100%| S|CS|TAMS 0xc9200000, 0xc9200000| Complete 
|  55|0xc9300000, 0xc9400000, 0xc9400000|100%| S|CS|TAMS 0xc9300000, 0xc9300000| Complete 
|  56|0xc9400000, 0xc9500000, 0xc9500000|100%| S|CS|TAMS 0xc9400000, 0xc9400000| Complete 
|  57|0xc9500000, 0xc9600000, 0xc9600000|100%| S|CS|TAMS 0xc9500000, 0xc9500000| Complete 
|  58|0xc9600000, 0xc9700000, 0xc9700000|100%| S|CS|TAMS 0xc9600000, 0xc9600000| Complete 
|  59|0xc9700000, 0xc9700000, 0xc9800000|  0%| F|  |TAMS 0xc9700000, 0xc9700000| Untracked 
|  60|0xc9800000, 0xc9800000, 0xc9900000|  0%| F|  |TAMS 0xc9800000, 0xc9800000| Untracked 
|  61|0xc9900000, 0xc9900000, 0xc9a00000|  0%| F|  |TAMS 0xc9900000, 0xc9900000| Untracked 
|  62|0xc9a00000, 0xc9a00000, 0xc9b00000|  0%| F|  |TAMS 0xc9a00000, 0xc9a00000| Untracked 
|  63|0xc9b00000, 0xc9b00000, 0xc9c00000|  0%| F|  |TAMS 0xc9b00000, 0xc9b00000| Untracked 
|  64|0xc9c00000, 0xc9c00000, 0xc9d00000|  0%| F|  |TAMS 0xc9c00000, 0xc9c00000| Untracked 
|  65|0xc9d00000, 0xc9d00000, 0xc9e00000|  0%| F|  |TAMS 0xc9d00000, 0xc9d00000| Untracked 
|  66|0xc9e00000, 0xc9e00000, 0xc9f00000|  0%| F|  |TAMS 0xc9e00000, 0xc9e00000| Untracked 
|  67|0xc9f00000, 0xc9f00000, 0xca000000|  0%| F|  |TAMS 0xc9f00000, 0xc9f00000| Untracked 
|  68|0xca000000, 0xca000000, 0xca100000|  0%| F|  |TAMS 0xca000000, 0xca000000| Untracked 
|  69|0xca100000, 0xca100000, 0xca200000|  0%| F|  |TAMS 0xca100000, 0xca100000| Untracked 
|  70|0xca200000, 0xca200000, 0xca300000|  0%| F|  |TAMS 0xca200000, 0xca200000| Untracked 
|  71|0xca300000, 0xca300000, 0xca400000|  0%| F|  |TAMS 0xca300000, 0xca300000| Untracked 
|  72|0xca400000, 0xca400000, 0xca500000|  0%| F|  |TAMS 0xca400000, 0xca400000| Untracked 
|  73|0xca500000, 0xca500000, 0xca600000|  0%| F|  |TAMS 0xca500000, 0xca500000| Untracked 
|  74|0xca600000, 0xca600000, 0xca700000|  0%| F|  |TAMS 0xca600000, 0xca600000| Untracked 
|  75|0xca700000, 0xca700000, 0xca800000|  0%| F|  |TAMS 0xca700000, 0xca700000| Untracked 
|  76|0xca800000, 0xca800000, 0xca900000|  0%| F|  |TAMS 0xca800000, 0xca800000| Untracked 
|  77|0xca900000, 0xca900000, 0xcaa00000|  0%| F|  |TAMS 0xca900000, 0xca900000| Untracked 
|  78|0xcaa00000, 0xcaa00000, 0xcab00000|  0%| F|  |TAMS 0xcaa00000, 0xcaa00000| Untracked 
|  79|0xcab00000, 0xcab00000, 0xcac00000|  0%| F|  |TAMS 0xcab00000, 0xcab00000| Untracked 
|  80|0xcac00000, 0xcac00000, 0xcad00000|  0%| F|  |TAMS 0xcac00000, 0xcac00000| Untracked 
|  81|0xcad00000, 0xcad00000, 0xcae00000|  0%| F|  |TAMS 0xcad00000, 0xcad00000| Untracked 
|  82|0xcae00000, 0xcae00000, 0xcaf00000|  0%| F|  |TAMS 0xcae00000, 0xcae00000| Untracked 
|  83|0xcaf00000, 0xcaf00000, 0xcb000000|  0%| F|  |TAMS 0xcaf00000, 0xcaf00000| Untracked 
|  84|0xcb000000, 0xcb000000, 0xcb100000|  0%| F|  |TAMS 0xcb000000, 0xcb000000| Untracked 
|  85|0xcb100000, 0xcb100000, 0xcb200000|  0%| F|  |TAMS 0xcb100000, 0xcb100000| Untracked 
|  86|0xcb200000, 0xcb200000, 0xcb300000|  0%| F|  |TAMS 0xcb200000, 0xcb200000| Untracked 
|  87|0xcb300000, 0xcb300000, 0xcb400000|  0%| F|  |TAMS 0xcb300000, 0xcb300000| Untracked 
|  88|0xcb400000, 0xcb400000, 0xcb500000|  0%| F|  |TAMS 0xcb400000, 0xcb400000| Untracked 
|  89|0xcb500000, 0xcb500000, 0xcb600000|  0%| F|  |TAMS 0xcb500000, 0xcb500000| Untracked 
|  90|0xcb600000, 0xcb600000, 0xcb700000|  0%| F|  |TAMS 0xcb600000, 0xcb600000| Untracked 
|  91|0xcb700000, 0xcb700000, 0xcb800000|  0%| F|  |TAMS 0xcb700000, 0xcb700000| Untracked 
|  92|0xcb800000, 0xcb800000, 0xcb900000|  0%| F|  |TAMS 0xcb800000, 0xcb800000| Untracked 
|  93|0xcb900000, 0xcb900000, 0xcba00000|  0%| F|  |TAMS 0xcb900000, 0xcb900000| Untracked 
|  94|0xcba00000, 0xcba00000, 0xcbb00000|  0%| F|  |TAMS 0xcba00000, 0xcba00000| Untracked 
|  95|0xcbb00000, 0xcbb00000, 0xcbc00000|  0%| F|  |TAMS 0xcbb00000, 0xcbb00000| Untracked 
|  96|0xcbc00000, 0xcbc00000, 0xcbd00000|  0%| F|  |TAMS 0xcbc00000, 0xcbc00000| Untracked 
|  97|0xcbd00000, 0xcbd00000, 0xcbe00000|  0%| F|  |TAMS 0xcbd00000, 0xcbd00000| Untracked 
|  98|0xcbe00000, 0xcbe00000, 0xcbf00000|  0%| F|  |TAMS 0xcbe00000, 0xcbe00000| Untracked 
|  99|0xcbf00000, 0xcbf00000, 0xcc000000|  0%| F|  |TAMS 0xcbf00000, 0xcbf00000| Untracked 
| 100|0xcc000000, 0xcc000000, 0xcc100000|  0%| F|  |TAMS 0xcc000000, 0xcc000000| Untracked 
| 101|0xcc100000, 0xcc100000, 0xcc200000|  0%| F|  |TAMS 0xcc100000, 0xcc100000| Untracked 
| 102|0xcc200000, 0xcc200000, 0xcc300000|  0%| F|  |TAMS 0xcc200000, 0xcc200000| Untracked 
| 103|0xcc300000, 0xcc300000, 0xcc400000|  0%| F|  |TAMS 0xcc300000, 0xcc300000| Untracked 
| 104|0xcc400000, 0xcc400000, 0xcc500000|  0%| F|  |TAMS 0xcc400000, 0xcc400000| Untracked 
| 105|0xcc500000, 0xcc500000, 0xcc600000|  0%| F|  |TAMS 0xcc500000, 0xcc500000| Untracked 
| 106|0xcc600000, 0xcc600000, 0xcc700000|  0%| F|  |TAMS 0xcc600000, 0xcc600000| Untracked 
| 107|0xcc700000, 0xcc700000, 0xcc800000|  0%| F|  |TAMS 0xcc700000, 0xcc700000| Untracked 
| 108|0xcc800000, 0xcc800000, 0xcc900000|  0%| F|  |TAMS 0xcc800000, 0xcc800000| Untracked 
| 109|0xcc900000, 0xcc900000, 0xcca00000|  0%| F|  |TAMS 0xcc900000, 0xcc900000| Untracked 
| 110|0xcca00000, 0xcca00000, 0xccb00000|  0%| F|  |TAMS 0xcca00000, 0xcca00000| Untracked 
| 111|0xccb00000, 0xccb00000, 0xccc00000|  0%| F|  |TAMS 0xccb00000, 0xccb00000| Untracked 
| 112|0xccc00000, 0xccc00000, 0xccd00000|  0%| F|  |TAMS 0xccc00000, 0xccc00000| Untracked 
| 113|0xccd00000, 0xccd00000, 0xcce00000|  0%| F|  |TAMS 0xccd00000, 0xccd00000| Untracked 
| 114|0xcce00000, 0xcce00000, 0xccf00000|  0%| F|  |TAMS 0xcce00000, 0xcce00000| Untracked 
| 115|0xccf00000, 0xccf00000, 0xcd000000|  0%| F|  |TAMS 0xccf00000, 0xccf00000| Untracked 
| 116|0xcd000000, 0xcd100000, 0xcd100000|100%| E|  |TAMS 0xcd000000, 0xcd000000| Complete 
| 117|0xcd100000, 0xcd200000, 0xcd200000|100%| E|CS|TAMS 0xcd100000, 0xcd100000| Complete 
| 118|0xcd200000, 0xcd300000, 0xcd300000|100%| E|CS|TAMS 0xcd200000, 0xcd200000| Complete 
| 119|0xcd300000, 0xcd400000, 0xcd400000|100%| E|CS|TAMS 0xcd300000, 0xcd300000| Complete 
| 120|0xcd400000, 0xcd500000, 0xcd500000|100%| E|CS|TAMS 0xcd400000, 0xcd400000| Complete 
| 121|0xcd500000, 0xcd600000, 0xcd600000|100%| E|CS|TAMS 0xcd500000, 0xcd500000| Complete 
| 122|0xcd600000, 0xcd700000, 0xcd700000|100%| E|CS|TAMS 0xcd600000, 0xcd600000| Complete 
| 123|0xcd700000, 0xcd800000, 0xcd800000|100%| E|CS|TAMS 0xcd700000, 0xcd700000| Complete 
| 124|0xcd800000, 0xcd900000, 0xcd900000|100%| E|CS|TAMS 0xcd800000, 0xcd800000| Complete 
| 125|0xcd900000, 0xcda00000, 0xcda00000|100%| E|CS|TAMS 0xcd900000, 0xcd900000| Complete 
| 126|0xcda00000, 0xcdb00000, 0xcdb00000|100%| E|CS|TAMS 0xcda00000, 0xcda00000| Complete 
| 127|0xcdb00000, 0xcdc00000, 0xcdc00000|100%| E|CS|TAMS 0xcdb00000, 0xcdb00000| Complete 

Card table byte_map: [0xc5a00000,0xc5b00000] _byte_map_base: 0xc53d2000

Marking Bits (Prev, Next): (CMBitMap*) 0xf5e8b528, (CMBitMap*) 0xf5e8b548
 Prev Bits: [0xc5100000, 0xc5900000)
 Next Bits: [0xc4900000, 0xc5100000)

Polling page: 0xf7f95000

Metaspace:

Usage:
    4.70 MB used.

Virtual space:
     16.00 MB reserved,       5.12 MB ( 32%) committed,  1 nodes.

Chunk freelists:
8.42 MB

MaxMetaspaceSize: 96.00 MB
No class space
Initial GC threshold: 16.00 MB
Current GC threshold: 16.00 MB
CDS: on
MetaspaceReclaimPolicy: balanced
 - commit_granule_bytes: 65536.
 - commit_granule_words: 16384.
 - virtual_space_node_default_size: 4194304.
 - enlarge_chunks_in_place: 1.
 - new_chunks_are_fully_committed: 0.
 - uncommit_free_chunks: 1.
 - use_allocation_guard: 0.
 - handle_deallocations: 1.


Internal statistics:

num_allocs_failed_limit: 0.
num_arena_births: 237.
num_arena_deaths: 0.
num_vsnodes_births: 1.
num_vsnodes_deaths: 0.
num_space_committed: 82.
num_space_uncommitted: 0.
num_chunks_returned_to_freelist: 0.
num_chunks_taken_from_freelist: 461.
num_chunk_merges: 0.
num_chunk_splits: 327.
num_chunks_enlarged: 248.
num_inconsistent_stats: 0.

CodeHeap 'non-profiled nmethods': size=120172Kb used=1007Kb max_used=1007Kb free=119164Kb
 bounds [0xed7f5000, 0xeda35000, 0xf4d50000]
CodeHeap 'profiled nmethods': size=120172Kb used=3578Kb max_used=3578Kb free=116593Kb
 bounds [0xe5d50000, 0xe60d0000, 0xed2ab000]
CodeHeap 'non-nmethods': size=5416Kb used=738Kb max_used=785Kb free=4677Kb
 bounds [0xed2ab000, 0xed4eb000, 0xed7f5000]
 total_blobs=2145 nmethods=1796 adapters=263
 compilation: enabled
              stopped_count=0, restarted_count=0
 full_count=0

Compilation events (20 events):
Event: 1466.000 Thread 0xc429f450 1795       4       script.base_class::createTriggerVolume (16 bytes)
Event: 1466.003 Thread 0xc429f450 nmethod 1795 0xed8ed288 code [0xed8ed3c0, 0xed8ed69c]
Event: 1608.337 Thread 0xc42a0580 1796       1       java.lang.reflect.Constructor::getConstructorAccessor (5 bytes)
Event: 1608.337 Thread 0xc42a0580 nmethod 1796 0xed8ed988 code [0xed8edaa0, 0xed8edb60]
Event: 1608.338 Thread 0xc42a0580 1797       1       java.lang.reflect.Constructor::getRoot (5 bytes)
Event: 1608.338 Thread 0xc42a0580 nmethod 1797 0xed8edc88 code [0xed8edda0, 0xed8ede60]
Event: 1658.044 Thread 0xc429f450 1798       4       script.string_id::<init> (64 bytes)
Event: 1658.088 Thread 0xc429f450 nmethod 1798 0xed8edf88 code [0xed8ee140, 0xed8ef610]
Event: 1661.973 Thread 0xc42a0580 1799       3       script.library.hue::getPalcolorVars (157 bytes)
Event: 1661.975 Thread 0xc42a0580 nmethod 1799 0xe60ca708 code [0xe60ca940, 0xe60cb55c]
Event: 1672.995 Thread 0xc42a0580 1800       3       script.base_class::dispatchTriggerVolumeEvents (99 bytes)
Event: 1672.996 Thread 0xc42a0580 nmethod 1800 0xe60cb988 code [0xe60cbb60, 0xe60cc2f0]
Event: 2001.014 Thread 0xc42a0580 1801       3       java.lang.ref.ReferenceQueue::reallyPoll (65 bytes)
Event: 2001.015 Thread 0xc42a0580 nmethod 1801 0xe60cc608 code [0xe60cc780, 0xe60ccc00]
Event: 2004.004 Thread 0xc429f450 1802       4       script.library.utils::setScriptVar (36 bytes)
Event: 2004.027 Thread 0xc429f450 nmethod 1802 0xed8efd88 code [0xed8eff00, 0xed8f0924]
Event: 2653.007 Thread 0xc42a0580 1803   !   3       jdk.internal.reflect.GeneratedMethodAccessor34::invoke (100 bytes)
Event: 2653.014 Thread 0xc42a0580 nmethod 1803 0xe60ccd08 code [0xe60ccf40, 0xe60cdb48]
Event: 2653.202 Thread 0xc42a0580 1804       3       java.util.ArrayList::set (24 bytes)
Event: 2653.202 Thread 0xc42a0580 nmethod 1804 0xe60ce108 code [0xe60ce280, 0xe60ce66c]

GC Heap History (8 events):
Event: 186.005 GC heap before
{Heap before GC invocations=0 (full 0):
 garbage-first heap   total 131072K, used 12288K [0xc5c00000, 0xe5c00000)
  region size 1024K, 13 young (13312K), 0 survivors (0K)
 Metaspace       used 2449K, committed 2624K, reserved 16384K
}
Event: 186.032 GC heap after
{Heap after GC invocations=1 (full 0):
 garbage-first heap   total 131072K, used 2057K [0xc5c00000, 0xe5c00000)
  region size 1024K, 2 young (2048K), 2 survivors (2048K)
 Metaspace       used 2449K, committed 2624K, reserved 16384K
}
Event: 204.080 GC heap before
{Heap before GC invocations=1 (full 0):
 garbage-first heap   total 131072K, used 18441K [0xc5c00000, 0xe5c00000)
  region size 1024K, 18 young (18432K), 2 survivors (2048K)
 Metaspace       used 3995K, committed 4288K, reserved 16384K
}
Event: 204.116 GC heap after
{Heap after GC invocations=2 (full 0):
 garbage-first heap   total 131072K, used 3584K [0xc5c00000, 0xe5c00000)
  region size 1024K, 2 young (2048K), 2 survivors (2048K)
 Metaspace       used 3995K, committed 4288K, reserved 16384K
}
Event: 440.913 GC heap before
{Heap before GC invocations=2 (full 0):
 garbage-first heap   total 131072K, used 79360K [0xc5c00000, 0xe5c00000)
  region size 1024K, 76 young (77824K), 2 survivors (2048K)
 Metaspace       used 4787K, committed 5184K, reserved 16384K
}
Event: 440.946 GC heap after
{Heap after GC invocations=3 (full 0):
 garbage-first heap   total 131072K, used 9199K [0xc5c00000, 0xe5c00000)
  region size 1024K, 7 young (7168K), 7 survivors (7168K)
 Metaspace       used 4787K, committed 5184K, reserved 16384K
}
Event: 1378.419 GC heap before
{Heap before GC invocations=3 (full 0):
 garbage-first heap   total 131072K, used 79855K [0xc5c00000, 0xe5c00000)
  region size 1024K, 76 young (77824K), 7 survivors (7168K)
 Metaspace       used 4810K, committed 5248K, reserved 16384K
}
Event: 1378.490 GC heap after
{Heap after GC invocations=4 (full 0):
 garbage-first heap   total 131072K, used 14656K [0xc5c00000, 0xe5c00000)
  region size 1024K, 6 young (6144K), 6 survivors (6144K)
 Metaspace       used 4810K, committed 5248K, reserved 16384K
}

Dll operation events (4 events):
Event: 0.003 Loaded shared library /usr/lib/jvm/java-17-zulu-openjdk-jdk-x86/lib/libjava.so
Event: 58.729 Loaded shared library /usr/lib/jvm/java-17-zulu-openjdk-jdk-x86/lib/libnio.so
Event: 58.730 Loaded shared library /usr/lib/jvm/java-17-zulu-openjdk-jdk-x86/lib/libjimage.so
Event: 58.948 Loaded shared library /usr/lib/jvm/java-17-zulu-openjdk-jdk-x86/lib/libnet.so

Deoptimization events (20 events):
Event: 514.046 Thread 0x0bf33890 Uncommon trap: trap_request=0xffffffd6 fr.pc=0xed8d90b8 relative=0x000014f8
Event: 514.046 Thread 0x0bf33890 Uncommon trap: reason=array_check action=maybe_recompile pc=0xed8d90b8 method=java.io.ObjectInputStream.readArray(Z)Ljava/lang/Object; @ 392 c2
Event: 514.046 Thread 0x0bf33890 DEOPT PACKING pc=0xed8d90b8 sp=0xfff58b50
Event: 514.046 Thread 0x0bf33890 DEOPT UNPACKING pc=0xed2f4d33 sp=0xfff58b38 mode 2
Event: 514.046 Thread 0x0bf33890 Uncommon trap: trap_request=0xffffffde fr.pc=0xed8d9398 relative=0x000017d8
Event: 514.046 Thread 0x0bf33890 Uncommon trap: reason=class_check action=maybe_recompile pc=0xed8d9398 method=java.lang.reflect.Array.newInstance(Ljava/lang/Class;I)Ljava/lang/Object; @ 2 c2
Event: 514.046 Thread 0x0bf33890 DEOPT PACKING pc=0xed8d9398 sp=0xfff58b50
Event: 514.046 Thread 0x0bf33890 DEOPT UNPACKING pc=0xed2f4d33 sp=0xfff58b08 mode 2
Event: 514.046 Thread 0x0bf33890 Uncommon trap: trap_request=0xffffffd6 fr.pc=0xed8d90b8 relative=0x000014f8
Event: 514.046 Thread 0x0bf33890 Uncommon trap: reason=array_check action=maybe_recompile pc=0xed8d90b8 method=java.io.ObjectInputStream.readArray(Z)Ljava/lang/Object; @ 392 c2
Event: 514.046 Thread 0x0bf33890 DEOPT PACKING pc=0xed8d90b8 sp=0xfff58b50
Event: 514.046 Thread 0x0bf33890 DEOPT UNPACKING pc=0xed2f4d33 sp=0xfff58b38 mode 2
Event: 514.046 Thread 0x0bf33890 Uncommon trap: trap_request=0xffffffd6 fr.pc=0xed8d90b8 relative=0x000014f8
Event: 514.046 Thread 0x0bf33890 Uncommon trap: reason=array_check action=maybe_recompile pc=0xed8d90b8 method=java.io.ObjectInputStream.readArray(Z)Ljava/lang/Object; @ 392 c2
Event: 514.046 Thread 0x0bf33890 DEOPT PACKING pc=0xed8d90b8 sp=0xfff58b50
Event: 514.046 Thread 0x0bf33890 DEOPT UNPACKING pc=0xed2f4d33 sp=0xfff58b38 mode 2
Event: 514.046 Thread 0x0bf33890 Uncommon trap: trap_request=0xffffffd6 fr.pc=0xed8d90b8 relative=0x000014f8
Event: 514.046 Thread 0x0bf33890 Uncommon trap: reason=array_check action=maybe_recompile pc=0xed8d90b8 method=java.io.ObjectInputStream.readArray(Z)Ljava/lang/Object; @ 392 c2
Event: 514.046 Thread 0x0bf33890 DEOPT PACKING pc=0xed8d90b8 sp=0xfff58b50
Event: 514.046 Thread 0x0bf33890 DEOPT UNPACKING pc=0xed2f4d33 sp=0xfff58b38 mode 2

Classes unloaded (0 events):
No events

Classes redefined (0 events):
No events

Internal exceptions (9 events):
Event: 58.956 Thread 0x0bf33890 Exception <a 'java/lang/NoSuchMethodError'{0xcd40b548}: 'java.lang.Object java.lang.invoke.DirectMethodHandle$Holder.invokeStaticInit(java.lang.Object)'> (0xcd40b548) 
thrown [src/hotspot/share/interpreter/linkResolver.cpp, line 759]
Event: 176.897 Thread 0x0bf33890 Exception <a 'java/lang/NoSuchMethodError'{0xcd1d6920}: 'java.lang.Object java.lang.invoke.DirectMethodHandle$Holder.invokeStatic(java.lang.Object, float)'> (0xcd1d6920) 
thrown [src/hotspot/share/interpreter/linkResolver.cpp, line 759]
Event: 191.362 Thread 0x0bf33890 Implicit null exception at 0xed82522b to 0xed825280
Event: 192.253 Thread 0x0bf33890 Exception <a 'java/lang/NoSuchMethodError'{0xcd30a4c8}: 'java.lang.Object java.lang.invoke.DirectMethodHandle$Holder.invokeSpecial(java.lang.Object, java.lang.Object, java.lang.Object, java.lang.Object, int)'> (0xcd30a4c8) 
thrown [src/hotspot/share/interpreter/linkResolver.cpp, line 759]
Event: 192.253 Thread 0x0bf33890 Exception <a 'java/lang/NoSuchMethodError'{0xcd30da08}: 'java.lang.Object java.lang.invoke.Invokers$Holder.linkToTargetMethod(java.lang.Object, java.lang.Object, int, java.lang.Object)'> (0xcd30da08) 
thrown [src/hotspot/share/interpreter/linkResolver.cpp, line 759]
Event: 201.072 Thread 0x0bf33890 Exception <a 'java/lang/NoSuchMethodError'{0xccbdb3c8}: 'java.lang.Object java.lang.invoke.DirectMethodHandle$Holder.invokeSpecial(java.lang.Object, java.lang.Object, long, java.lang.Object, java.lang.Object, java.lang.Object, java.lang.Object, java.lang.Object, java.lang.Object)'> (0xccbdb3c8) 
thrown [src/hotspot/share/interpreter/linkResolver.cpp, line 759]
Event: 201.073 Thread 0x0bf33890 Exception <a 'java/lang/NoSuchMethodError'{0xccbdf7a0}: 'java.lang.Object java.lang.invoke.DelegatingMethodHandle$Holder.reinvoke_L(java.lang.Object, long, java.lang.Object, java.lang.Object, java.lang.Object, java.lang.Object, java.lang.Object, java.lang.Object)'> (0xccbdf7a0) 
thrown [src/hotspot/share/interpreter/linkResolver.cpp, line 759]
Event: 232.088 Thread 0x0bf33890 Exception <a 'java/lang/NoSuchMethodError'{0xcd34a0a0}: 'java.lang.Object java.lang.invoke.DirectMethodHandle$Holder.invokeSpecial(java.lang.Object, java.lang.Object, java.lang.Object, java.lang.Object, java.lang.Object, java.lang.Object, int)'> (0xcd34a0a0) 
thrown [src/hotspot/share/interpreter/linkResolver.cpp, line 759]
Event: 292.090 Thread 0x0bf33890 Exception <a 'java/lang/NoSuchMethodError'{0xcbdbf2b0}: static [Lscript/obj_id;.<clinit>()V> (0xcbdbf2b0) 
thrown [src/hotspot/share/prims/jni.cpp, line 1112]

VM Operations (20 events):
Event: 440.912 Executing VM operation: G1CollectForAllocation
Event: 440.946 Executing VM operation: G1CollectForAllocation done
Event: 460.955 Executing VM operation: Cleanup
Event: 460.962 Executing VM operation: Cleanup done
Event: 461.962 Executing VM operation: Cleanup
Event: 461.962 Executing VM operation: Cleanup done
Event: 465.963 Executing VM operation: Cleanup
Event: 465.963 Executing VM operation: Cleanup done
Event: 533.013 Executing VM operation: Cleanup
Event: 533.013 Executing VM operation: Cleanup done
Event: 786.330 Executing VM operation: Cleanup
Event: 786.330 Executing VM operation: Cleanup done
Event: 787.330 Executing VM operation: Cleanup
Event: 787.330 Executing VM operation: Cleanup done
Event: 807.349 Executing VM operation: Cleanup
Event: 807.349 Executing VM operation: Cleanup done
Event: 812.357 Executing VM operation: Cleanup
Event: 812.357 Executing VM operation: Cleanup done
Event: 1378.419 Executing VM operation: G1CollectForAllocation
Event: 1378.490 Executing VM operation: G1CollectForAllocation done

Events (20 events):
Event: 292.148 loading class java/lang/constant/MethodHandleDesc
Event: 292.148 loading class java/lang/constant/MethodHandleDesc done
Event: 292.148 loading class java/lang/constant/MethodHandleDesc$1
Event: 292.149 loading class java/lang/constant/MethodHandleDesc$1 done
Event: 292.149 loading class java/lang/constant/DirectMethodHandleDescImpl
Event: 292.149 loading class java/lang/constant/DirectMethodHandleDesc
Event: 292.149 loading class java/lang/constant/DirectMethodHandleDesc done
Event: 292.149 loading class java/lang/constant/DirectMethodHandleDescImpl done
Event: 292.149 loading class java/lang/constant/DirectMethodHandleDescImpl$1
Event: 292.149 loading class java/lang/constant/DirectMethodHandleDescImpl$1 done
Event: 292.149 loading class java/lang/constant/DirectMethodHandleDesc$1
Event: 292.149 loading class java/lang/constant/DirectMethodHandleDesc$1 done
Event: 292.149 loading class java/lang/constant/PrimitiveClassDescImpl
Event: 292.149 loading class java/lang/constant/DynamicConstantDesc
Event: 292.149 loading class java/lang/constant/DynamicConstantDesc done
Event: 292.149 loading class java/lang/constant/PrimitiveClassDescImpl done
Event: 292.149 loading class java/lang/constant/DynamicConstantDesc$AnonymousDynamicConstantDesc
Event: 292.149 loading class java/lang/constant/DynamicConstantDesc$AnonymousDynamicConstantDesc done
Event: 3161.747 Thread 0x0bf33890 Thread exited: 0x0bf33890
Event: 3161.752 Thread 0xf5e242d0 Thread exited: 0xf5e242d0


Dynamic libraries:
08048000-09298000 r-xp 00000000 08:04 494947248                          /home/almalinux/swg-returns-nge/build/bin/SwgGameServer
09298000-0929c000 rw-p 0124f000 08:04 494947248                          /home/almalinux/swg-returns-nge/build/bin/SwgGameServer
0929c000-09b1f000 rw-p 00000000 00:00 0 
0a86e000-1e595000 rw-p 00000000 00:00 0                                  [heap]
bf800000-bf9f9000 rw-p 00000000 00:00 0 
bf9f9000-bfa00000 ---p 00000000 00:00 0 
bfa00000-bfaf5000 rw-p 00000000 00:00 0 
bfaf5000-bfb00000 ---p 00000000 00:00 0 
bfb00000-bfbdf000 rw-p 00000000 00:00 0 
bfbdf000-bfc00000 ---p 00000000 00:00 0 
bfc00000-bfcf9000 rw-p 00000000 00:00 0 
bfcf9000-bfd00000 ---p 00000000 00:00 0 
bfe00000-bfefa000 rw-p 00000000 00:00 0 
bfefa000-bff00000 ---p 00000000 00:00 0 
bff00000-bfff9000 rw-p 00000000 00:00 0 
bfff9000-c0000000 ---p 00000000 00:00 0 
c0000000-c00f9000 rw-p 00000000 00:00 0 
c00f9000-c0100000 ---p 00000000 00:00 0 
c0100000-c01f9000 rw-p 00000000 00:00 0 
c01f9000-c0200000 ---p 00000000 00:00 0 
c0200000-c02e7000 rw-p 00000000 00:00 0 
c02e7000-c0300000 ---p 00000000 00:00 0 
c0300000-c03f1000 rw-p 00000000 00:00 0 
c03f1000-c0400000 ---p 00000000 00:00 0 
c0500000-c05fe000 rw-p 00000000 00:00 0 
c05fe000-c0600000 ---p 00000000 00:00 0 
c0e00000-c0efc000 rw-p 00000000 00:00 0 
c0efc000-c0f00000 ---p 00000000 00:00 0 
c0ffe000-c0fff000 ---p 00000000 00:00 0 
c0fff000-c107f000 rw-p 00000000 00:00 0 
c107f000-c1080000 ---p 00000000 00:00 0 
c1080000-c1100000 rw-p 00000000 00:00 0 
c1100000-c11f9000 rw-p 00000000 00:00 0 
c11f9000-c1200000 ---p 00000000 00:00 0 
c127f000-c1280000 ---p 00000000 00:00 0 
c1280000-c1300000 rw-p 00000000 00:00 0 
c1300000-c13fa000 rw-p 00000000 00:00 0 
c13fa000-c1400000 ---p 00000000 00:00 0 
c173d000-c1741000 ---p 00000000 00:00 0 
c1741000-c17fe000 rw-p 00000000 00:00 0 
c17fe000-c1802000 ---p 00000000 00:00 0 
c1802000-c18bf000 rw-p 00000000 00:00 0 
c18bf000-c18c0000 ---p 00000000 00:00 0 
c18c0000-c1940000 rw-p 00000000 00:00 0 
c1940000-c1944000 ---p 00000000 00:00 0 
c1944000-c1a01000 rw-p 00000000 00:00 0 
c1a01000-c1a05000 ---p 00000000 00:00 0 
c1a05000-c1ac2000 rw-p 00000000 00:00 0 
c1ac2000-c1ac6000 ---p 00000000 00:00 0 
c1ac6000-c1b43000 rw-p 00000000 00:00 0 
c1b43000-c1b47000 ---p 00000000 00:00 0 
c1b47000-c1c04000 rw-p 00000000 00:00 0 
c1c04000-c1c08000 ---p 00000000 00:00 0 
c1c08000-c1cc5000 rw-p 00000000 00:00 0 
c1cc5000-c1cc9000 ---p 00000000 00:00 0 
c1cc9000-c1d86000 rw-p 00000000 00:00 0 
c1d86000-c2000000 r--p 00078000 08:04 535181                             /usr/lib/locale/locale-archive
c2000000-c2180000 rw-p 00000000 00:00 0 
c2180000-c2400000 ---p 00000000 00:00 0 
c2400000-c27a0000 rw-p 00000000 00:00 0 
c27a0000-c3000000 ---p 00000000 00:00 0 
c307e000-c327e000 r--p 00000000 08:04 535181                             /usr/lib/locale/locale-archive
c327e000-c3282000 ---p 00000000 00:00 0 
c3282000-c333f000 rw-p 00000000 00:00 0 
c333f000-c3343000 ---p 00000000 00:00 0 
c3343000-c3400000 rw-p 00000000 00:00 0 
c3400000-c3421000 rw-p 00000000 00:00 0 
c3421000-c3500000 ---p 00000000 00:00 0 
c3531000-c3535000 ---p 00000000 00:00 0 
c3535000-c35b2000 rw-p 00000000 00:00 0 
c35b2000-c35b3000 ---p 00000000 00:00 0 
c35b3000-c3633000 rw-p 00000000 00:00 0 
c3633000-c3f00000 rw-p 00001000 08:04 143240867                          /usr/lib/jvm/java-17-zulu-openjdk-jdk-x86/lib/server/classes.jsa
c3f00000-c3f21000 rw-p 00000000 00:00 0 
c3f21000-c4000000 ---p 00000000 00:00 0 
c407f000-c4080000 ---p 00000000 00:00 0 
c4080000-c4100000 rw-p 00000000 00:00 0 
c4100000-c4121000 rw-p 00000000 00:00 0 
c4121000-c4200000 ---p 00000000 00:00 0 
c4200000-c42d1000 rw-p 00000000 00:00 0 
c42d1000-c4300000 ---p 00000000 00:00 0 
c437f000-c4380000 ---p 00000000 00:00 0 
c4380000-c4400000 rw-p 00000000 00:00 0 
c4400000-c4421000 rw-p 00000000 00:00 0 
c4421000-c4500000 ---p 00000000 00:00 0 
c457f000-c4580000 ---p 00000000 00:00 0 
c4580000-c4600000 rw-p 00000000 00:00 0 
c4600000-c46e8000 rw-p 00000000 00:00 0 
c46e8000-c4700000 ---p 00000000 00:00 0 
c4700000-c47fd000 rw-p 00000000 00:00 0 
c47fd000-c4800000 ---p 00000000 00:00 0 
c487f000-c4880000 ---p 00000000 00:00 0 
c4880000-c4b00000 rw-p 00000000 00:00 0 
c4b00000-c5100000 ---p 00000000 00:00 0 
c5100000-c5300000 rw-p 00000000 00:00 0 
c5300000-c5900000 ---p 00000000 00:00 0 
c5900000-c5940000 rw-p 00000000 00:00 0 
c5940000-c5a00000 ---p 00000000 00:00 0 
c5a00000-c5a40000 rw-p 00000000 00:00 0 
c5a40000-c5b00000 ---p 00000000 00:00 0 
c5b00000-c5b40000 rw-p 00000000 00:00 0 
c5b40000-c5c00000 ---p 00000000 00:00 0 
c5c00000-cdc00000 rw-p 00000000 00:00 0 
cdc00000-e5c00000 ---p 00000000 00:00 0 
e5c65000-e5c6a000 rw-p 00000000 00:00 0 
e5c6a000-e5d50000 ---p 00000000 00:00 0 
e5d50000-e60d0000 rwxp 00000000 00:00 0 
e60d0000-ed2ab000 ---p 00000000 00:00 0 
ed2ab000-ed4eb000 rwxp 00000000 00:00 0 
ed4eb000-ed7f5000 ---p 00000000 00:00 0 
ed7f5000-eda35000 rwxp 00000000 00:00 0 
eda35000-f4d50000 ---p 00000000 00:00 0 
f4d50000-f4eb8000 r--s 00000000 08:04 117534333                          /usr/lib/jvm/java-17-zulu-openjdk-jdk-x86/lib/modules
f4eb8000-f5d5a000 r-xp 00000000 08:04 143240869                          /usr/lib/jvm/java-17-zulu-openjdk-jdk-x86/lib/server/libjvm.so
f5d5a000-f5daf000 r--p 00ea1000 08:04 143240869                          /usr/lib/jvm/java-17-zulu-openjdk-jdk-x86/lib/server/libjvm.so
f5daf000-f5dd0000 rw-p 00ef6000 08:04 143240869                          /usr/lib/jvm/java-17-zulu-openjdk-jdk-x86/lib/server/libjvm.so
f5dd0000-f5e00000 rw-p 00000000 00:00 0 
f5e00000-f5f00000 rw-p 00000000 00:00 0 
f5f5a000-f5f5b000 ---p 00000000 00:00 0 
f5f5b000-f5fdb000 rw-p 00000000 00:00 0 
f5fdb000-f5fdc000 ---p 00000000 00:00 0 
f5fdc000-f5fe0000 ---p 00000000 00:00 0 
f5fe0000-f6b54000 rw-p 00000000 00:00 0 
f6b60000-f6b75000 r-xp 00000000 08:04 117534323                          /usr/lib/jvm/java-17-zulu-openjdk-jdk-x86/lib/libnet.so
f6b75000-f6b76000 r--p 00014000 08:04 117534323                          /usr/lib/jvm/java-17-zulu-openjdk-jdk-x86/lib/libnet.so
f6b76000-f6b77000 rw-p 00015000 08:04 117534323                          /usr/lib/jvm/java-17-zulu-openjdk-jdk-x86/lib/libnet.so
f6b77000-f6b7e000 rw-p 00000000 00:00 0 
f6b7e000-f6c62000 ---p 00000000 00:00 0 
f6e9c000-f6eae000 r-xp 00000000 08:04 117534324                          /usr/lib/jvm/java-17-zulu-openjdk-jdk-x86/lib/libnio.so
f6eae000-f6eaf000 r--p 00011000 08:04 117534324                          /usr/lib/jvm/java-17-zulu-openjdk-jdk-x86/lib/libnio.so
f6eaf000-f6eb0000 rw-p 00012000 08:04 117534324                          /usr/lib/jvm/java-17-zulu-openjdk-jdk-x86/lib/libnio.so
f6eb0000-f6ed9000 rw-p 00000000 00:00 0 
f6ed9000-f6efc000 r-xp 00000000 08:04 117534310                          /usr/lib/jvm/java-17-zulu-openjdk-jdk-x86/lib/libjava.so
f6efc000-f6efd000 r--p 00022000 08:04 117534310                          /usr/lib/jvm/java-17-zulu-openjdk-jdk-x86/lib/libjava.so
f6efd000-f6efe000 rw-p 00023000 08:04 117534310                          /usr/lib/jvm/java-17-zulu-openjdk-jdk-x86/lib/libjava.so
f6efe000-f6f0a000 r-xp 00000000 08:04 16831767                           /usr/lib/libnss_files-2.28.so
f6f0a000-f6f0b000 r--p 0000b000 08:04 16831767                           /usr/lib/libnss_files-2.28.so
f6f0b000-f6f0c000 rw-p 0000c000 08:04 16831767                           /usr/lib/libnss_files-2.28.so
f6f0c000-f6f12000 rw-p 00000000 00:00 0 
f6f18000-f6f1d000 rw-p 00000000 00:00 0 
f6f1d000-f6f23000 ---p 00000000 00:00 0 
f6f23000-f6f3e000 r-xp 00000000 08:04 117534314                          /usr/lib/jvm/java-17-zulu-openjdk-jdk-x86/lib/libjimage.so
f6f3e000-f6f3f000 ---p 0001b000 08:04 117534314                          /usr/lib/jvm/java-17-zulu-openjdk-jdk-x86/lib/libjimage.so
f6f3f000-f6f40000 r--p 0001b000 08:04 117534314                          /usr/lib/jvm/java-17-zulu-openjdk-jdk-x86/lib/libjimage.so
f6f40000-f6f41000 rw-p 0001c000 08:04 117534314                          /usr/lib/jvm/java-17-zulu-openjdk-jdk-x86/lib/libjimage.so
f6f41000-f6f45000 rw-p 00000000 00:00 0 
f6f45000-f6fcd000 r-xp 00000000 08:04 17191875                           /usr/lib/libpcre2-8.so.0.7.1
f6fcd000-f6fce000 r--p 00087000 08:04 17191875                           /usr/lib/libpcre2-8.so.0.7.1
f6fce000-f6fcf000 rw-p 00088000 08:04 17191875                           /usr/lib/libpcre2-8.so.0.7.1
f6fcf000-f6fef000 r-xp 00000000 08:04 17021543                           /usr/lib/libcrypt.so.1.1.0
f6fef000-f6ff0000 ---p 00020000 08:04 17021543                           /usr/lib/libcrypt.so.1.1.0
f6ff0000-f6ff1000 r--p 00020000 08:04 17021543                           /usr/lib/libcrypt.so.1.1.0
f6ff1000-f6ffa000 rw-p 00000000 00:00 0 
f6ffa000-f7025000 r-xp 00000000 08:04 17191887                           /usr/lib/libselinux.so.1
f7025000-f7026000 ---p 0002b000 08:04 17191887                           /usr/lib/libselinux.so.1
f7026000-f7027000 r--p 0002b000 08:04 17191887                           /usr/lib/libselinux.so.1
f7027000-f7028000 rw-p 0002c000 08:04 17191887                           /usr/lib/libselinux.so.1
f7028000-f7029000 rw-p 00000000 00:00 0 
f7029000-f7048000 r-xp 00000000 08:04 18866589                           /usr/lib/libbrotlicommon.so.1.0.6
f7048000-f7049000 r--p 0001e000 08:04 18866589                           /usr/lib/libbrotlicommon.so.1.0.6
f7049000-f704a000 rw-p 0001f000 08:04 18866589                           /usr/lib/libbrotlicommon.so.1.0.6
f704a000-f7068000 r-xp 00000000 08:04 17191915                           /usr/lib/libsasl2.so.3.0.0
f7068000-f7069000 ---p 0001e000 08:04 17191915                           /usr/lib/libsasl2.so.3.0.0
f7069000-f706a000 r--p 0001e000 08:04 17191915                           /usr/lib/libsasl2.so.3.0.0
f706a000-f706b000 rw-p 0001f000 08:04 17191915                           /usr/lib/libsasl2.so.3.0.0
f706b000-f706d000 rw-p 00000000 00:00 0 
f706d000-f7081000 r-xp 00000000 08:04 16831772                           /usr/lib/libresolv-2.28.so
f7081000-f7082000 ---p 00014000 08:04 16831772                           /usr/lib/libresolv-2.28.so
f7082000-f7083000 r--p 00014000 08:04 16831772                           /usr/lib/libresolv-2.28.so
f7083000-f7084000 rw-p 00015000 08:04 16831772                           /usr/lib/libresolv-2.28.so
f7084000-f7086000 rw-p 00000000 00:00 0 
f7086000-f7089000 r-xp 00000000 08:04 17191893                           /usr/lib/libkeyutils.so.1.6
f7089000-f708a000 ---p 00003000 08:04 17191893                           /usr/lib/libkeyutils.so.1.6
f708a000-f708b000 r--p 00003000 08:04 17191893                           /usr/lib/libkeyutils.so.1.6
f708b000-f708c000 rw-p 00000000 00:00 0 
f708c000-f709c000 r-xp 00000000 08:04 17021560                           /usr/lib/libkrb5support.so.0.1
f709c000-f709d000 r--p 0000f000 08:04 17021560                           /usr/lib/libkrb5support.so.0.1
f709d000-f709e000 rw-p 00010000 08:04 17021560                           /usr/lib/libkrb5support.so.0.1
f709e000-f70a6000 r-xp 00000000 08:04 16831774                           /usr/lib/librt-2.28.so
f70a6000-f70a7000 r--p 00007000 08:04 16831774                           /usr/lib/librt-2.28.so
f70a7000-f70a8000 rw-p 00008000 08:04 16831774                           /usr/lib/librt-2.28.so
f70a8000-f7227000 r-xp 00000000 08:04 17021545                           /usr/lib/libunistring.so.2.1.0
f7227000-f7228000 ---p 0017f000 08:04 17021545                           /usr/lib/libunistring.so.2.1.0
f7228000-f722a000 r--p 0017f000 08:04 17021545                           /usr/lib/libunistring.so.2.1.0
f722a000-f722b000 rw-p 00181000 08:04 17021545                           /usr/lib/libunistring.so.2.1.0
f722b000-f7255000 r-xp 00000000 08:04 18654292                           /usr/lib/liblzma.so.5.2.4
f7255000-f7256000 r--p 00029000 08:04 18654292                           /usr/lib/liblzma.so.5.2.4
f7256000-f7257000 rw-p 00000000 00:00 0 
f7257000-f7263000 r-xp 00000000 08:04 17191936                           /usr/lib/libbrotlidec.so.1.0.6
f7263000-f7264000 r--p 0000b000 08:04 17191936                           /usr/lib/libbrotlidec.so.1.0.6
f7264000-f7265000 rw-p 00000000 00:00 0 
f7265000-f7274000 r-xp 00000000 08:04 17191918                           /usr/lib/liblber-2.4.so.2.10.9
f7274000-f7275000 r--p 0000e000 08:04 17191918                           /usr/lib/liblber-2.4.so.2.10.9
f7275000-f7276000 rw-p 0000f000 08:04 17191918                           /usr/lib/liblber-2.4.so.2.10.9
f7276000-f72cb000 r-xp 00000000 08:04 17191920                           /usr/lib/libldap-2.4.so.2.10.9
f72cb000-f72cc000 ---p 00055000 08:04 17191920                           /usr/lib/libldap-2.4.so.2.10.9
f72cc000-f72cd000 r--p 00055000 08:04 17191920                           /usr/lib/libldap-2.4.so.2.10.9
f72cd000-f72ce000 rw-p 00056000 08:04 17191920                           /usr/lib/libldap-2.4.so.2.10.9
f72ce000-f72d0000 rw-p 00000000 00:00 0 
f72d0000-f72d3000 r-xp 00000000 08:04 16994899                           /usr/lib/libcom_err.so.2.1
f72d3000-f72d4000 r--p 00002000 08:04 16994899                           /usr/lib/libcom_err.so.2.1
f72d4000-f72d5000 rw-p 00003000 08:04 16994899                           /usr/lib/libcom_err.so.2.1
f72d5000-f72eb000 r-xp 00000000 08:04 17021552                           /usr/lib/libk5crypto.so.3.1
f72eb000-f72ec000 ---p 00016000 08:04 17021552                           /usr/lib/libk5crypto.so.3.1
f72ec000-f72ed000 r--p 00016000 08:04 17021552                           /usr/lib/libk5crypto.so.3.1
f72ed000-f72ee000 rw-p 00017000 08:04 17021552                           /usr/lib/libk5crypto.so.3.1
f72ee000-f73d1000 r-xp 00000000 08:04 17021558                           /usr/lib/libkrb5.so.3.3
f73d1000-f73d8000 r--p 000e2000 08:04 17021558                           /usr/lib/libkrb5.so.3.3
f73d8000-f73d9000 rw-p 000e9000 08:04 17021558                           /usr/lib/libkrb5.so.3.3
f73d9000-f7434000 r-xp 00000000 08:04 17021548                           /usr/lib/libgssapi_krb5.so.2.2
f7434000-f7436000 r--p 0005a000 08:04 17021548                           /usr/lib/libgssapi_krb5.so.2.2
f7436000-f7437000 rw-p 0005c000 08:04 17021548                           /usr/lib/libgssapi_krb5.so.2.2
f7437000-f76e8000 r-xp 00000000 08:04 18627877                           /usr/lib/libcrypto.so.1.1.1k
f76e8000-f7701000 r--p 002b0000 08:04 18627877                           /usr/lib/libcrypto.so.1.1.1k
f7701000-f7703000 rw-p 002c9000 08:04 18627877                           /usr/lib/libcrypto.so.1.1.1k
f7703000-f7707000 rw-p 00000000 00:00 0 
f7707000-f7799000 r-xp 00000000 08:04 18627879                           /usr/lib/libssl.so.1.1.1k
f7799000-f779f000 r--p 00091000 08:04 18627879                           /usr/lib/libssl.so.1.1.1k
f779f000-f77a3000 rw-p 00097000 08:04 18627879                           /usr/lib/libssl.so.1.1.1k
f77a3000-f77b3000 r-xp 00000000 08:04 18660120                           /usr/lib/libpsl.so.5.3.1
f77b3000-f77b4000 r--p 0000f000 08:04 18660120                           /usr/lib/libpsl.so.5.3.1
f77b4000-f77b5000 rw-p 00000000 00:00 0 
f77b5000-f7832000 r-xp 00000000 08:04 16994901                           /usr/lib/libssh.so.4.8.7
f7832000-f7833000 ---p 0007d000 08:04 16994901                           /usr/lib/libssh.so.4.8.7
f7833000-f7834000 r--p 0007d000 08:04 16994901                           /usr/lib/libssh.so.4.8.7
f7834000-f7835000 rw-p 0007e000 08:04 16994901                           /usr/lib/libssh.so.4.8.7
f7835000-f7852000 r-xp 00000000 08:04 17040588                           /usr/lib/libidn2.so.0.3.6
f7852000-f7853000 r--p 0001c000 08:04 17040588                           /usr/lib/libidn2.so.0.3.6
f7853000-f7854000 rw-p 00000000 00:00 0 
f7854000-f787c000 r-xp 00000000 08:04 17191891                           /usr/lib/libnghttp2.so.14.17.0
f787c000-f787d000 r--p 00027000 08:04 17191891                           /usr/lib/libnghttp2.so.14.17.0
f787d000-f787f000 rw-p 00028000 08:04 17191891                           /usr/lib/libnghttp2.so.14.17.0
f787f000-f7a21000 r-xp 00000000 08:04 16831756                           /usr/lib/libc-2.28.so
f7a21000-f7a22000 ---p 001a2000 08:04 16831756                           /usr/lib/libc-2.28.so
f7a22000-f7a24000 r--p 001a2000 08:04 16831756                           /usr/lib/libc-2.28.so
f7a24000-f7a25000 rw-p 001a4000 08:04 16831756                           /usr/lib/libc-2.28.so
f7a25000-f7a2a000 rw-p 00000000 00:00 0 
f7a2a000-f7a45000 r-xp 00000000 08:04 16985139                           /usr/lib/libgcc_s-8-20210514.so.1
f7a45000-f7a46000 r--p 0001a000 08:04 16985139                           /usr/lib/libgcc_s-8-20210514.so.1
f7a46000-f7a47000 rw-p 0001b000 08:04 16985139                           /usr/lib/libgcc_s-8-20210514.so.1
f7a47000-f7b17000 r-xp 00000000 08:04 16831760                           /usr/lib/libm-2.28.so
f7b17000-f7b18000 r--p 000cf000 08:04 16831760                           /usr/lib/libm-2.28.so
f7b18000-f7b19000 rw-p 000d0000 08:04 16831760                           /usr/lib/libm-2.28.so
f7b19000-f7ca2000 r-xp 00000000 08:04 16985145                           /usr/lib/libstdc++.so.6.0.25
f7ca2000-f7ca3000 ---p 00189000 08:04 16985145                           /usr/lib/libstdc++.so.6.0.25
f7ca3000-f7ca9000 r--p 00189000 08:04 16985145                           /usr/lib/libstdc++.so.6.0.25
f7ca9000-f7caa000 rw-p 0018f000 08:04 16985145                           /usr/lib/libstdc++.so.6.0.25
f7caa000-f7cac000 rw-p 00000000 00:00 0 
f7cac000-f7cc3000 r-xp 00000000 08:04 16963437                           /usr/lib/libz.so.1.2.11
f7cc3000-f7cc4000 ---p 00017000 08:04 16963437                           /usr/lib/libz.so.1.2.11
f7cc4000-f7cc5000 r--p 00017000 08:04 16963437                           /usr/lib/libz.so.1.2.11
f7cc5000-f7cc6000 rw-p 00000000 00:00 0 
f7cc6000-f7e43000 r-xp 00000000 08:04 16963397                           /usr/lib/libxml2.so.2.9.7
f7e43000-f7e48000 r--p 0017c000 08:04 16963397                           /usr/lib/libxml2.so.2.9.7
f7e48000-f7e49000 rw-p 00181000 08:04 16963397                           /usr/lib/libxml2.so.2.9.7
f7e49000-f7e4a000 rw-p 00000000 00:00 0 
f7e4a000-f7e66000 r-xp 00000000 08:04 16831770                           /usr/lib/libpthread-2.28.so
f7e66000-f7e67000 r--p 0001b000 08:04 16831770                           /usr/lib/libpthread-2.28.so
f7e67000-f7e68000 rw-p 0001c000 08:04 16831770                           /usr/lib/libpthread-2.28.so
f7e68000-f7e6a000 rw-p 00000000 00:00 0 
f7e6a000-f7ede000 r-xp 00000000 08:04 16818911                           /usr/lib/libpcre.so.1.2.10
f7ede000-f7edf000 ---p 00074000 08:04 16818911                           /usr/lib/libpcre.so.1.2.10
f7edf000-f7ee0000 r--p 00074000 08:04 16818911                           /usr/lib/libpcre.so.1.2.10
f7ee0000-f7ee1000 rw-p 00075000 08:04 16818911                           /usr/lib/libpcre.so.1.2.10
f7ee1000-f7ee4000 r-xp 00000000 08:04 16831758                           /usr/lib/libdl-2.28.so
f7ee4000-f7ee5000 r--p 00002000 08:04 16831758                           /usr/lib/libdl-2.28.so
f7ee5000-f7ee6000 rw-p 00003000 08:04 16831758                           /usr/lib/libdl-2.28.so
f7ee6000-f7f83000 r-xp 00000000 08:04 16994905                           /usr/lib/libcurl.so.4.5.0
f7f83000-f7f85000 r--p 0009c000 08:04 16994905                           /usr/lib/libcurl.so.4.5.0
f7f85000-f7f86000 rw-p 0009e000 08:04 16994905                           /usr/lib/libcurl.so.4.5.0
f7f86000-f7f8d000 r--s 00000000 08:04 176632422                          /usr/lib/gconv/gconv-modules.cache
f7f8d000-f7f95000 rw-s 00000000 08:04 151833492                          /tmp/hsperfdata_almalinux/159017 (deleted)
f7f95000-f7f96000 ---p 00000000 00:00 0 
f7f96000-f7f97000 r--p 00000000 00:00 0 
f7f97000-f7f99000 rw-p 00000000 00:00 0 
f7f99000-f7f9d000 r--p 00000000 00:00 0                                  [vvar]
f7f9d000-f7f9f000 r-xp 00000000 00:00 0                                  [vdso]
f7f9f000-f7fce000 r-xp 00000000 08:04 16831749                           /usr/lib/ld-2.28.so
f7fce000-f7fcf000 ---p 00000000 00:00 0 
f7fcf000-f7fd0000 r--p 0002f000 08:04 16831749                           /usr/lib/ld-2.28.so
f7fd0000-f7fd1000 rw-p 00030000 08:04 16831749                           /usr/lib/ld-2.28.so
ffd98000-ffd99000 rwxp 00000000 00:00 0 
ffea1000-fff5d000 rw-p 00000000 00:00 0                                  [stack]


VM Arguments:
jvm_args: -Xms128m -Xmx512m -Xss768k -XX:MaxMetaspaceSize=96m -Xrs -XX:-UsePerfData -XX:-AllowUserSignalHandlers -XX:UseSSE=3 -XX+DoEscapeAnalysis -XX:AutoBoxCacheMax:2000 -XX:+OptimizeStringConcat -XX:+OptimizeFill -XX:+EliminateAutoBox -XX:+UseCompressedStrings -XX:+UseCompressedOops -XX:+EliminateLocks -XX:UseFastAccessorMethods -XX:+UseStringCache -XgcPrio:throughput -XXkeepAreaRatio:1 -XXlazyUnlocking -XXcallProfiling -XXcompactRatio:1 
java_command: <unknown>
java_class_path (initial): ../../data/sku.0/sys.server/compiled/game/
Launcher Type: generic

[Global flags]
     intx CICompilerCount                          = 3                                         {product} {ergonomic}
     uint ConcGCThreads                            = 1                                         {product} {ergonomic}
     uint G1ConcRefinementThreads                  = 4                                         {product} {ergonomic}
   size_t G1HeapRegionSize                         = 1048576                                   {product} {ergonomic}
    uintx GCDrainStackTargetSize                   = 64                                        {product} {ergonomic}
   size_t InitialHeapSize                          = 134217728                                 {product} {command line}
   size_t MarkStackSize                            = 32768                                     {product} {ergonomic}
   size_t MaxHeapSize                              = 536870912                                 {product} {command line}
   size_t MaxMetaspaceSize                         = 100663296                                 {product} {command line}
   size_t MaxNewSize                               = 321912832                                 {product} {ergonomic}
   size_t MinHeapDeltaBytes                        = 1048576                                   {product} {ergonomic}
   size_t MinHeapSize                              = 134217728                                 {product} {command line}
    uintx NonNMethodCodeHeapSize                   = 5544422                                {pd product} {ergonomic}
    uintx NonProfiledCodeHeapSize                  = 123056909                              {pd product} {ergonomic}
    uintx ProfiledCodeHeapSize                     = 123056909                              {pd product} {ergonomic}
    uintx ReservedCodeCacheSize                    = 251658240                              {pd product} {ergonomic}
     bool SegmentedCodeCache                       = true                                      {product} {ergonomic}
   size_t SoftMaxHeapSize                          = 536870912                              {manageable} {ergonomic}
   double SweeperThreshold                         = 0.500000                                  {product} {ergonomic}
     intx ThreadStackSize                          = 768                                    {pd product} {command line}
     bool UseG1GC                                  = true                                      {product} {ergonomic}

Logging:
Log output configuration:
 #0: stdout all=off uptime,level,tags
 #1: stderr all=off uptime,level,tags

Environment Variables:
JAVA_HOME=/usr/lib/jvm/zulu-17-x86
PATH=/usr/java/jdk1.7.0_80/bin:/usr/java/jdk1.7.0_80/bin:/usr/java/jdk1.6.0_45/bin:/usr/java/jdk1.6.0_45/bin:/usr/java/jdk1.6.0_45/bin:/home/almalinux/.local/bin:/home/almalinux/bin:/sbin:/bin:/usr/bin:/usr/local/bin:/usr/local/sbin:/usr/sbin:/usr/lib/oracle/18.3/client/bin:/usr/lib/oracle/18.3/client/bin:/usr/lib/jvm/java-11-openjdk/bin:./
LD_LIBRARY_PATH=/usr/lib/jvm/java-17-zulu-openjdk-jdk-x86/lib/server:/usr/lib/jvm/java-17-zulu-openjdk-jdk-x86/lib:/usr/lib/jvm/java-17-zulu-openjdk-jdk-x86/../lib:/usr/lib/jvm/zulu-17-x86/lib/server:/usr/lib/jvm/java-11-openjdk/lib:/usr/lib/jvm/java-11-openjdk/lib/server:./
SHELL=/bin/bash
DISPLAY=:10.0
LANG=en_US.UTF-8
TERM=xterm-256color

Active Locale:
LC_ALL=en_US.UTF-8
LC_COLLATE=en_US.UTF-8
LC_CTYPE=en_US.UTF-8
LC_MESSAGES=en_US.UTF-8
LC_MONETARY=en_US.UTF-8
LC_NUMERIC=en_US.UTF-8
LC_TIME=en_US.UTF-8

Signal Handlers:
   SIGSEGV: crash_handler in libjvm.so, mask=11100100010111111101111111111110, flags=SA_RESTART|SA_SIGINFO, unblocked
    SIGBUS: crash_handler in libjvm.so, mask=11100100010111111101111111111110, flags=SA_RESTART|SA_SIGINFO, unblocked
    SIGFPE: crash_handler in libjvm.so, mask=11100100010111111101111111111110, flags=SA_RESTART|SA_SIGINFO, unblocked
   SIGPIPE: SIG_IGN, mask=00000000000010000000000000000000, flags=SA_RESTART, blocked
  *** Handler was modified!
  *** Expected: javaSignalHandler in libjvm.so, mask=11100100110111111111111111111110, flags=SA_RESTART|SA_SIGINFO
   SIGXFSZ: javaSignalHandler in libjvm.so, mask=11100100010111111101111111111110, flags=SA_RESTART|SA_SIGINFO, blocked
    SIGILL: crash_handler in libjvm.so, mask=11100100010111111101111111111110, flags=SA_RESTART|SA_SIGINFO, unblocked
   SIGUSR2: SR_handler in libjvm.so, mask=00100000000000000000000000000000, flags=SA_RESTART|SA_SIGINFO, blocked
    SIGHUP: UserHandler in libjvm.so, mask=11100100010111111101111111111110, flags=SA_RESTART|SA_SIGINFO, blocked
    SIGINT: UserHandler in libjvm.so, mask=11100100010111111101111111111110, flags=SA_RESTART|SA_SIGINFO, blocked
   SIGTERM: UserHandler in libjvm.so, mask=11100100010111111101111111111110, flags=SA_RESTART|SA_SIGINFO, blocked
   SIGQUIT: UserHandler in libjvm.so, mask=11100100010111111101111111111110, flags=SA_RESTART|SA_SIGINFO, blocked
   SIGTRAP: crash_handler in libjvm.so, mask=11100100010111111101111111111110, flags=SA_RESTART|SA_SIGINFO, unblocked


Periodic native trim disabled


---------------  S Y S T E M  ---------------

OS:
AlmaLinux release 8.10 (Cerulean Leopard)
uname: Linux 4.18.0-553.81.1.el8_10.x86_64 #1 SMP Mon Oct 27 11:29:19 EDT 2025 x86_64
OS uptime: 4 days 15:32 hours
libc: glibc 2.28 NPTL 2.28 
rlimit (soft/hard): STACK 8192k/infinity , CORE 0k/infinity , NPROC 61995/61995 , NOFILE 262144/262144 , AS infinity/infinity , CPU infinity/infinity , DATA infinity/infinity , FSIZE infinity/infinity , MEMLOCK 64k/64k
load average: 55.78 46.99 43.97

/proc/meminfo:
MemTotal:       16014448 kB
MemFree:         7968844 kB
MemAvailable:   11620844 kB
Buffers:              20 kB
Cached:          5315344 kB
SwapCached:        85644 kB
Active:          3471656 kB
Inactive:        3994504 kB
Active(anon):     844352 kB
Inactive(anon):  2965952 kB
Active(file):    2627304 kB
Inactive(file):  1028552 kB
Unevictable:        6160 kB
Mlocked:               0 kB
SwapTotal:       8388604 kB
SwapFree:        6426444 kB
Dirty:              2496 kB
Writeback:             0 kB
AnonPages:       2094920 kB
Mapped:          1276608 kB
Shmem:           1659508 kB
KReclaimable:     173188 kB
Slab:             293516 kB
SReclaimable:     173188 kB
SUnreclaim:       120328 kB
KernelStack:       17888 kB
PageTables:       157604 kB
NFS_Unstable:          0 kB
Bounce:                0 kB
WritebackTmp:          0 kB
CommitLimit:    16395828 kB
Committed_AS:   14669440 kB
VmallocTotal:   34359738367 kB
VmallocUsed:       63732 kB
VmallocChunk:          0 kB
Percpu:             2720 kB
HardwareCorrupted:     0 kB
AnonHugePages:         0 kB
ShmemHugePages:        0 kB
ShmemPmdMapped:        0 kB
FileHugePages:         0 kB
FilePmdMapped:         0 kB
HugePages_Total:       0
HugePages_Free:        0
HugePages_Rsvd:        0
HugePages_Surp:        0
Hugepagesize:       2048 kB
Hugetlb:               0 kB
DirectMap4k:     1113964 kB
DirectMap2M:    15269888 kB

/sys/kernel/mm/transparent_hugepage/enabled: always madvise [never]
/sys/kernel/mm/transparent_hugepage/hpage_pmd_size: 2097152
/sys/kernel/mm/transparent_hugepage/defrag (defrag/compaction efforts parameter): always defer defer+madvise [madvise] never

Process Memory:
Virtual Size: 1257584K (peak: 1270168K)
Resident Set Size: 466448K (peak: 474280K) (anon: 448560K, file: 17888K, shmem: 0K)
Swapped out: 12520K
C-Heap outstanding allocations: 25606K, retained: 321821K
glibc malloc tunables: (default)

/proc/sys/kernel/threads-max (system-wide limit on the number of threads): 123991
/proc/sys/vm/max_map_count (maximum number of memory map areas a process may have): 1677720
/proc/sys/kernel/pid_max (system-wide limit on number of process identifiers): 4194304

container (cgroup) information:
container_type: cgroupv1
cpu_cpuset_cpus: 0-3
cpu_memory_nodes: 0
active_processor_count: 4
cpu_quota: no quota
cpu_period: 100000
cpu_shares: no shares
memory_limit_in_bytes: unlimited
memory_and_swap_limit_in_bytes: unlimited
memory_soft_limit_in_bytes: unlimited
memory_usage_in_bytes: 6153452 k
memory_max_usage_in_bytes: 14866960 k
kernel_memory_usage_in_bytes: 178512 k
kernel_memory_max_usage_in_bytes: unlimited
kernel_memory_limit_in_bytes: 752460 k
maximum number of tasks: unlimited
current number of tasks: 258

KVM virtualization detected
Steal ticks since vm start: 313
Steal ticks percentage since vm start:  0.000

CPU: total 4 (initial active 4) (1 cores per cpu, 1 threads per core) family 6 model 60 stepping 1 microcode 0x1, cx8, cmov, fxsr, mmx, sse, sse2, sse3, ssse3, sse4.1, sse4.2, popcnt, lzcnt, tsc, avx, avx2, aes, erms, clmul, bmi1, bmi2, fma, vzeroupper, clflush, hv
CPU Model and flags from /proc/cpuinfo:
model name	: Intel Core Processor (Haswell, no TSX)
flags		: fpu vme de pse tsc msr pae mce cx8 apic sep mtrr pge mca cmov pat pse36 clflush mmx fxsr sse sse2 syscall nx rdtscp lm constant_tsc rep_good nopl xtopology cpuid tsc_known_freq pni pclmulqdq vmx ssse3 fma cx16 pcid sse4_1 sse4_2 x2apic movbe popcnt tsc_deadline_timer aes xsave avx f16c rdrand hypervisor lahf_lm abm cpuid_fault invpcid_single pti tpr_shadow vnmi flexpriority ept vpid ept_ad fsgsbase bmi1 avx2 smep bmi2 erms invpcid xsaveopt arat md_clear

Online cpus: 0-3
Offline cpus: 
BIOS frequency limitation: <Not Available>
Frequency switch latency (ns): <Not Available>
Available cpu frequencies: <Not Available>
Current governor: <Not Available>
Core performance/turbo boost: <Not Available>

Memory: 4k page, physical 16014448k(7968844k free), swap 8388604k(6427468k free)
Page Sizes: 4k

vm_info: OpenJDK Server VM (17.0.11+9-LTS) for linux-x86 JRE (17.0.11+9-LTS) (Zulu17.50+19-CA), built on Apr  9 2024 07:14:46 by "zulu_re" with gcc 8.3.0

END.
