#
# A fatal error has been detected by the Java Runtime Environment:
#
#  SIGSEGV (0xb) at pc=0xf78fc618, pid=49398, tid=49398
#
# JRE version: OpenJDK Runtime Environment Zulu17.50+19-CA (17.0.11+9) (build 17.0.11+9-LTS)
# Java VM: OpenJDK Server VM Zulu17.50+19-CA (17.0.11+9-LTS, mixed mode, sharing, tiered, g1 gc, linux-x86)
# Problematic frame:
# C  [libc.so.6+0x84618]  cfree+0x28
#
# Core dump will be written. Default location: Core dumps may be processed with "/usr/lib/systemd/systemd-coredump %P %u %g %s %t %c %h %e" (or dumping to /home/almalinux/swg-returns-nge/exe/linux/core.49398)
#
# If you would like to submit a bug report, please visit:
#   http://www.azul.com/support/
#

---------------  S U M M A R Y ------------

Command Line: -Xms128m -Xmx512m -Xss768k -XX:MaxMetaspaceSize=96m -Xrs -XX:-UsePerfData -XX:-AllowUserSignalHandlers -XX:UseSSE=3 -XX+DoEscapeAnalysis -XX:AutoBoxCacheMax:2000 -XX:+OptimizeStringConcat -XX:+OptimizeFill -XX:+EliminateAutoBox -XX:+UseCompressedStrings -XX:+UseCompressedOops -XX:+EliminateLocks -XX:UseFastAccessorMethods -XX:+UseStringCache -XgcPrio:throughput -XXkeepAreaRatio:1 -XXlazyUnlocking -XXcallProfiling -XXcompactRatio:1 

Host: Intel Core Processor (Haswell, no TSX), 4 cores, 15G, AlmaLinux release 8.10 (Cerulean Leopard)
Time: Wed Jan 28 22:08:13 2026 UTC elapsed time: 5555.413436 seconds (0d 1h 32m 35s)

---------------  T H R E A D  ---------------

Current thread is native thread

Stack: [0xff91f000,0xff9df000],  sp=0xff9dbe10,  free space=755k
Native frames: (J=compiled Java code, j=interpreted, Vv=VM code, C=native code)
C  [libc.so.6+0x84618]  cfree+0x28


siginfo: si_signo: 11 (SIGSEGV), si_code: 1 (SEGV_MAPERR), si_addr: 0x00000003

Registers:
EAX=0x00000000, EBX=0x00000007, ECX=0xf6f3a84c, EDX=0x0a0f7da8
ESP=0xff9dbe10, EBP=0xff9dbf48, ESI=0xf7a1d000, EDI=0x00000000
EIP=0xf78fc618, EFLAGS=0x00210202, CR2=0x0000000000000003


Top of Stack: (sp=0xff9dbe10)
0xff9dbe10:   09d7b030 00000000 ff9dbf48 f7b89f1c
0xff9dbe20:   09d7b0c0 f7ca0a04 0a0f7d80 f7b89f1c
0xff9dbe30:   00000007 f7b89f0a f7ca0a04 f7b89f4c
0xff9dbe40:   09d7b0c0 f7b89f0a 0a0fbb20 085b6163
0xff9dbe50:   00000007 09d7b030 09d7ad40 085bb8d1
0xff9dbe60:   09d7b030 09d7ad40 00000000 085bb89b
0xff9dbe70:   0b58fd80 ff9dbe97 ff9dbebc 085c6969
0xff9dbe80:   087d6c00 ff9dbebc ff9dbf48 084fc53b
0xff9dbe90:   00000014 00010002 00000000 00000000
0xff9dbea0:   01010100 00000001 09aa44c0 00000000
0xff9dbeb0:   00000000 00000000 00000000 00000000
0xff9dbec0:   00000000 00000013 ff9dc018 f78ad6ff
0xff9dbed0:   f7a1d41c 47677753 53656d61 65767265
0xff9dbee0:   39343a72 00383933 09290100 0a0dd140
0xff9dbef0:   08ea0100 08ebc230 08ea5888 f7a1d41c
0xff9dbf00:   00000428 00000420 f78ad779 085758fd
0xff9dbf10:   08ea2a80 09b1ea78 08ea5888 08574f56
0xff9dbf20:   0929a2c4 0929a2c4 ff9dc018 08ea583b
0xff9dbf30:   0000000c ff9dbfe4 ff9dbf60 f7a1d000
0xff9dbf40:   00000000 08575910 00000000 f7895f26
0xff9dbf50:   00000000 08575910 00000000 f7895f26
0xff9dbf60:   0000000c ff9dbfe4 ff9dc018 ff9dbf84
0xff9dbf70:   0929a2d0 00000000 ff9dc018 f7a1d000
0xff9dbf80:   f788575c f7a1d000 00000000 08575910
0xff9dbf90:   00000000 c5df3b38 ec1c3328 00000000
0xff9dbfa0:   00000000 00000000 f7f9c4d0 f7895e30
0xff9dbfb0:   084fc260 0929a2c4 0000000c 08575946
0xff9dbfc0:   084fc260 0000000c ff9dbfe4 08ea57f0
0xff9dbfd0:   08ea5850 f7f9c4d0 ff9dbfdc f7fc9970
0xff9dbfe0:   0000000c ff9dd61f ff9dd631 ff9dd634
0xff9dbff0:   ff9dd646 ff9dd649 ff9dd654 ff9dd678
0xff9dc000:   ff9dd688 ff9dd6a8 ff9dd6d8 ff9dd6db 

Instructions: (pc=0xf78fc618)
0xf78fc518:   50 8d 96 86 f7 fa ff 8d 86 d0 2f fb ff e8 c6 b7
0xf78fc528:   ff ff 8d b6 00 00 00 00 bb 20 00 00 00 e9 5e fe
0xf78fc538:   ff ff e8 a1 c0 ff ff 89 c5 85 c0 0f 85 68 ff ff
0xf78fc548:   ff 31 d2 8d 44 3b 10 e8 8c c1 ff ff 89 da 89 f9
0xf78fc558:   89 c5 e8 11 f0 ff ff 89 c2 85 c0 75 1b 85 ed 74
0xf78fc568:   17 90 89 fa 89 e8 e8 bd c5 ff ff 89 da 89 f9 89
0xf78fc578:   c5 e8 f2 ef ff ff 89 c2 85 ed 0f 84 57 ff ff ff
0xf78fc588:   e9 39 ff ff ff 8d 86 b8 31 fb ff 83 ec 0c b9 25
0xf78fc598:   0d 00 00 50 8d 96 86 f7 fa ff 8d 86 74 2f fb ff
0xf78fc5a8:   e8 43 b7 ff ff 8d 76 00 f3 0f 1e fb e8 0a 9a f9
0xf78fc5b8:   ff 05 47 0a 12 00 56 53 83 ec 04 8b 5c 24 10 8b
0xf78fc5c8:   74 24 14 8b 80 50 ff ff ff c7 00 00 00 00 00 e8
0xf78fc5d8:   54 bb ff ff 8b 4c 24 0c 83 c4 04 89 f2 89 d8 5b
0xf78fc5e8:   5e e9 42 fd ff ff 66 90 f3 0f 1e fb 56 e8 9a 9b
0xf78fc5f8:   f9 ff 81 c6 06 0a 12 00 53 83 ec 14 8b 5c 24 20
0xf78fc608:   8b 86 5c ff ff ff 8b 00 85 c0 75 6c 85 db 74 75
0xf78fc618:   8b 4b fc 8d 53 f8 f6 c1 02 75 35 8b 86 70 fe ff
0xf78fc628:   ff 65 8b 00 85 c0 0f 84 8c 00 00 00 83 e1 04 8d
0xf78fc638:   86 60 07 00 00 74 09 89 d0 25 00 00 f0 ff 8b 00
0xf78fc648:   83 c4 14 31 c9 5b 5e e9 8c cb ff ff 8d 74 26 00
0xf78fc658:   8b 9e 60 01 00 00 85 db 75 10 3b 8e 48 01 00 00
0xf78fc668:   76 08 81 f9 00 00 08 00 76 26 83 c4 14 89 d0 5b
0xf78fc678:   5e e9 92 b8 ff ff 66 90 83 ec 08 ff 74 24 24 53
0xf78fc688:   ff d0 83 c4 10 83 c4 14 5b 5e c3 8d 74 26 00 90
0xf78fc698:   39 96 80 1d 00 00 77 08 39 96 7c 1d 00 00 77 ca
0xf78fc6a8:   83 e1 f8 8d 04 09 89 8e 48 01 00 00 89 86 40 01
0xf78fc6b8:   00 00 90 eb b5 8d 76 00 8b 86 74 fe ff ff 65 80
0xf78fc6c8:   38 00 0f 85 64 ff ff ff 89 54 24 0c e8 97 ed ff
0xf78fc6d8:   ff 8b 4b fc 8b 54 24 0c e9 4f ff ff ff 8d b4 26
0xf78fc6e8:   00 00 00 00 8d 74 26 00 f3 0f 1e fb 55 57 56 e8
0xf78fc6f8:   98 9a f9 ff 81 c6 04 09 12 00 53 83 ec 0c 8b 86
0xf78fc708:   70 fe ff ff 8b 96 74 fe ff ff 65 8b 28 65 c6 02 



---------------  P R O C E S S  ---------------

VM state: at safepoint (shutting down)

VM Mutex/Monitor currently owned by a thread:  ([mutex/lock_event])
[0xf5e21d30] Threads_lock - owner thread: 0xc4294cf0

GC Precious Log:
<Skipped>

Heap:
 garbage-first heap   total 131072K, used 33848K [0xc5c00000, 0xe5c00000)
  region size 1024K, 25 young (25600K), 6 survivors (6144K)
 Metaspace       used 4816K, committed 5248K, reserved 16384K

Heap Regions: E=young(eden), S=young(survivor), O=old, HS=humongous(starts), HC=humongous(continues), CS=collection set, F=free, OA=open archive, CA=closed archive, TAMS=top-at-mark-start (previous, next)
|   0|0xc5c00000, 0xc5d00000, 0xc5d00000|100%| O|  |TAMS 0xc5c00000, 0xc5c00000| Untracked 
|   1|0xc5d00000, 0xc5e00000, 0xc5e00000|100%| O|  |TAMS 0xc5d00000, 0xc5d00000| Untracked 
|   2|0xc5e00000, 0xc5f00000, 0xc5f00000|100%| O|  |TAMS 0xc5e00000, 0xc5e00000| Untracked 
|   3|0xc5f00000, 0xc6000000, 0xc6000000|100%| O|  |TAMS 0xc5f00000, 0xc5f00000| Untracked 
|   4|0xc6000000, 0xc6100000, 0xc6100000|100%| O|  |TAMS 0xc6000000, 0xc6000000| Untracked 
|   5|0xc6100000, 0xc6200000, 0xc6200000|100%| O|  |TAMS 0xc6100000, 0xc6100000| Untracked 
|   6|0xc6200000, 0xc6300000, 0xc6300000|100%| O|  |TAMS 0xc6200000, 0xc6200000| Untracked 
|   7|0xc6300000, 0xc6400000, 0xc6400000|100%| O|  |TAMS 0xc6300000, 0xc6300000| Untracked 
|   8|0xc6400000, 0xc64c8600, 0xc6500000| 78%| O|  |TAMS 0xc6400000, 0xc6400000| Untracked 
|   9|0xc6500000, 0xc6500000, 0xc6600000|  0%| F|  |TAMS 0xc6500000, 0xc6500000| Untracked 
|  10|0xc6600000, 0xc6600000, 0xc6700000|  0%| F|  |TAMS 0xc6600000, 0xc6600000| Untracked 
|  11|0xc6700000, 0xc6700000, 0xc6800000|  0%| F|  |TAMS 0xc6700000, 0xc6700000| Untracked 
|  12|0xc6800000, 0xc6800000, 0xc6900000|  0%| F|  |TAMS 0xc6800000, 0xc6800000| Untracked 
|  13|0xc6900000, 0xc6900000, 0xc6a00000|  0%| F|  |TAMS 0xc6900000, 0xc6900000| Untracked 
|  14|0xc6a00000, 0xc6a00000, 0xc6b00000|  0%| F|  |TAMS 0xc6a00000, 0xc6a00000| Untracked 
|  15|0xc6b00000, 0xc6b00000, 0xc6c00000|  0%| F|  |TAMS 0xc6b00000, 0xc6b00000| Untracked 
|  16|0xc6c00000, 0xc6c00000, 0xc6d00000|  0%| F|  |TAMS 0xc6c00000, 0xc6c00000| Untracked 
|  17|0xc6d00000, 0xc6d00000, 0xc6e00000|  0%| F|  |TAMS 0xc6d00000, 0xc6d00000| Untracked 
|  18|0xc6e00000, 0xc6e00000, 0xc6f00000|  0%| F|  |TAMS 0xc6e00000, 0xc6e00000| Untracked 
|  19|0xc6f00000, 0xc6f00000, 0xc7000000|  0%| F|  |TAMS 0xc6f00000, 0xc6f00000| Untracked 
|  20|0xc7000000, 0xc7000000, 0xc7100000|  0%| F|  |TAMS 0xc7000000, 0xc7000000| Untracked 
|  21|0xc7100000, 0xc7100000, 0xc7200000|  0%| F|  |TAMS 0xc7100000, 0xc7100000| Untracked 
|  22|0xc7200000, 0xc7200000, 0xc7300000|  0%| F|  |TAMS 0xc7200000, 0xc7200000| Untracked 
|  23|0xc7300000, 0xc7300000, 0xc7400000|  0%| F|  |TAMS 0xc7300000, 0xc7300000| Untracked 
|  24|0xc7400000, 0xc7400000, 0xc7500000|  0%| F|  |TAMS 0xc7400000, 0xc7400000| Untracked 
|  25|0xc7500000, 0xc7500000, 0xc7600000|  0%| F|  |TAMS 0xc7500000, 0xc7500000| Untracked 
|  26|0xc7600000, 0xc7600000, 0xc7700000|  0%| F|  |TAMS 0xc7600000, 0xc7600000| Untracked 
|  27|0xc7700000, 0xc7700000, 0xc7800000|  0%| F|  |TAMS 0xc7700000, 0xc7700000| Untracked 
|  28|0xc7800000, 0xc7800000, 0xc7900000|  0%| F|  |TAMS 0xc7800000, 0xc7800000| Untracked 
|  29|0xc7900000, 0xc7900000, 0xc7a00000|  0%| F|  |TAMS 0xc7900000, 0xc7900000| Untracked 
|  30|0xc7a00000, 0xc7a00000, 0xc7b00000|  0%| F|  |TAMS 0xc7a00000, 0xc7a00000| Untracked 
|  31|0xc7b00000, 0xc7b00000, 0xc7c00000|  0%| F|  |TAMS 0xc7b00000, 0xc7b00000| Untracked 
|  32|0xc7c00000, 0xc7c00000, 0xc7d00000|  0%| F|  |TAMS 0xc7c00000, 0xc7c00000| Untracked 
|  33|0xc7d00000, 0xc7d00000, 0xc7e00000|  0%| F|  |TAMS 0xc7d00000, 0xc7d00000| Untracked 
|  34|0xc7e00000, 0xc7e00000, 0xc7f00000|  0%| F|  |TAMS 0xc7e00000, 0xc7e00000| Untracked 
|  35|0xc7f00000, 0xc7f00000, 0xc8000000|  0%| F|  |TAMS 0xc7f00000, 0xc7f00000| Untracked 
|  36|0xc8000000, 0xc8000000, 0xc8100000|  0%| F|  |TAMS 0xc8000000, 0xc8000000| Untracked 
|  37|0xc8100000, 0xc8100000, 0xc8200000|  0%| F|  |TAMS 0xc8100000, 0xc8100000| Untracked 
|  38|0xc8200000, 0xc8200000, 0xc8300000|  0%| F|  |TAMS 0xc8200000, 0xc8200000| Untracked 
|  39|0xc8300000, 0xc8300000, 0xc8400000|  0%| F|  |TAMS 0xc8300000, 0xc8300000| Untracked 
|  40|0xc8400000, 0xc8400000, 0xc8500000|  0%| F|  |TAMS 0xc8400000, 0xc8400000| Untracked 
|  41|0xc8500000, 0xc8500000, 0xc8600000|  0%| F|  |TAMS 0xc8500000, 0xc8500000| Untracked 
|  42|0xc8600000, 0xc8600000, 0xc8700000|  0%| F|  |TAMS 0xc8600000, 0xc8600000| Untracked 
|  43|0xc8700000, 0xc8700000, 0xc8800000|  0%| F|  |TAMS 0xc8700000, 0xc8700000| Untracked 
|  44|0xc8800000, 0xc8800000, 0xc8900000|  0%| F|  |TAMS 0xc8800000, 0xc8800000| Untracked 
|  45|0xc8900000, 0xc8900000, 0xc8a00000|  0%| F|  |TAMS 0xc8900000, 0xc8900000| Untracked 
|  46|0xc8a00000, 0xc8a00000, 0xc8b00000|  0%| F|  |TAMS 0xc8a00000, 0xc8a00000| Untracked 
|  47|0xc8b00000, 0xc8b00000, 0xc8c00000|  0%| F|  |TAMS 0xc8b00000, 0xc8b00000| Untracked 
|  48|0xc8c00000, 0xc8c00000, 0xc8d00000|  0%| F|  |TAMS 0xc8c00000, 0xc8c00000| Untracked 
|  49|0xc8d00000, 0xc8d00000, 0xc8e00000|  0%| F|  |TAMS 0xc8d00000, 0xc8d00000| Untracked 
|  50|0xc8e00000, 0xc8e00000, 0xc8f00000|  0%| F|  |TAMS 0xc8e00000, 0xc8e00000| Untracked 
|  51|0xc8f00000, 0xc8f00000, 0xc9000000|  0%| F|  |TAMS 0xc8f00000, 0xc8f00000| Untracked 
|  52|0xc9000000, 0xc9000000, 0xc9100000|  0%| F|  |TAMS 0xc9000000, 0xc9000000| Untracked 
|  53|0xc9100000, 0xc9145ce8, 0xc9200000| 27%| S|CS|TAMS 0xc9100000, 0xc9100000| Complete 
|  54|0xc9200000, 0xc9300000, 0xc9300000|100%| S|CS|TAMS 0xc9200000, 0xc9200000| Complete 
|  55|0xc9300000, 0xc9400000, 0xc9400000|100%| S|CS|TAMS 0xc9300000, 0xc9300000| Complete 
|  56|0xc9400000, 0xc9500000, 0xc9500000|100%| S|CS|TAMS 0xc9400000, 0xc9400000| Complete 
|  57|0xc9500000, 0xc9600000, 0xc9600000|100%| S|CS|TAMS 0xc9500000, 0xc9500000| Complete 
|  58|0xc9600000, 0xc9700000, 0xc9700000|100%| S|CS|TAMS 0xc9600000, 0xc9600000| Complete 
|  59|0xc9700000, 0xc9700000, 0xc9800000|  0%| F|  |TAMS 0xc9700000, 0xc9700000| Untracked 
|  60|0xc9800000, 0xc9800000, 0xc9900000|  0%| F|  |TAMS 0xc9800000, 0xc9800000| Untracked 
|  61|0xc9900000, 0xc9900000, 0xc9a00000|  0%| F|  |TAMS 0xc9900000, 0xc9900000| Untracked 
|  62|0xc9a00000, 0xc9a00000, 0xc9b00000|  0%| F|  |TAMS 0xc9a00000, 0xc9a00000| Untracked 
|  63|0xc9b00000, 0xc9b00000, 0xc9c00000|  0%| F|  |TAMS 0xc9b00000, 0xc9b00000| Untracked 
|  64|0xc9c00000, 0xc9c00000, 0xc9d00000|  0%| F|  |TAMS 0xc9c00000, 0xc9c00000| Untracked 
|  65|0xc9d00000, 0xc9d00000, 0xc9e00000|  0%| F|  |TAMS 0xc9d00000, 0xc9d00000| Untracked 
|  66|0xc9e00000, 0xc9e00000, 0xc9f00000|  0%| F|  |TAMS 0xc9e00000, 0xc9e00000| Untracked 
|  67|0xc9f00000, 0xc9f00000, 0xca000000|  0%| F|  |TAMS 0xc9f00000, 0xc9f00000| Untracked 
|  68|0xca000000, 0xca000000, 0xca100000|  0%| F|  |TAMS 0xca000000, 0xca000000| Untracked 
|  69|0xca100000, 0xca100000, 0xca200000|  0%| F|  |TAMS 0xca100000, 0xca100000| Untracked 
|  70|0xca200000, 0xca200000, 0xca300000|  0%| F|  |TAMS 0xca200000, 0xca200000| Untracked 
|  71|0xca300000, 0xca300000, 0xca400000|  0%| F|  |TAMS 0xca300000, 0xca300000| Untracked 
|  72|0xca400000, 0xca400000, 0xca500000|  0%| F|  |TAMS 0xca400000, 0xca400000| Untracked 
|  73|0xca500000, 0xca500000, 0xca600000|  0%| F|  |TAMS 0xca500000, 0xca500000| Untracked 
|  74|0xca600000, 0xca600000, 0xca700000|  0%| F|  |TAMS 0xca600000, 0xca600000| Untracked 
|  75|0xca700000, 0xca700000, 0xca800000|  0%| F|  |TAMS 0xca700000, 0xca700000| Untracked 
|  76|0xca800000, 0xca800000, 0xca900000|  0%| F|  |TAMS 0xca800000, 0xca800000| Untracked 
|  77|0xca900000, 0xca900000, 0xcaa00000|  0%| F|  |TAMS 0xca900000, 0xca900000| Untracked 
|  78|0xcaa00000, 0xcaa00000, 0xcab00000|  0%| F|  |TAMS 0xcaa00000, 0xcaa00000| Untracked 
|  79|0xcab00000, 0xcab00000, 0xcac00000|  0%| F|  |TAMS 0xcab00000, 0xcab00000| Untracked 
|  80|0xcac00000, 0xcac00000, 0xcad00000|  0%| F|  |TAMS 0xcac00000, 0xcac00000| Untracked 
|  81|0xcad00000, 0xcad00000, 0xcae00000|  0%| F|  |TAMS 0xcad00000, 0xcad00000| Untracked 
|  82|0xcae00000, 0xcae00000, 0xcaf00000|  0%| F|  |TAMS 0xcae00000, 0xcae00000| Untracked 
|  83|0xcaf00000, 0xcaf00000, 0xcb000000|  0%| F|  |TAMS 0xcaf00000, 0xcaf00000| Untracked 
|  84|0xcb000000, 0xcb000000, 0xcb100000|  0%| F|  |TAMS 0xcb000000, 0xcb000000| Untracked 
|  85|0xcb100000, 0xcb100000, 0xcb200000|  0%| F|  |TAMS 0xcb100000, 0xcb100000| Untracked 
|  86|0xcb200000, 0xcb200000, 0xcb300000|  0%| F|  |TAMS 0xcb200000, 0xcb200000| Untracked 
|  87|0xcb300000, 0xcb300000, 0xcb400000|  0%| F|  |TAMS 0xcb300000, 0xcb300000| Untracked 
|  88|0xcb400000, 0xcb400000, 0xcb500000|  0%| F|  |TAMS 0xcb400000, 0xcb400000| Untracked 
|  89|0xcb500000, 0xcb500000, 0xcb600000|  0%| F|  |TAMS 0xcb500000, 0xcb500000| Untracked 
|  90|0xcb600000, 0xcb600000, 0xcb700000|  0%| F|  |TAMS 0xcb600000, 0xcb600000| Untracked 
|  91|0xcb700000, 0xcb700000, 0xcb800000|  0%| F|  |TAMS 0xcb700000, 0xcb700000| Untracked 
|  92|0xcb800000, 0xcb800000, 0xcb900000|  0%| F|  |TAMS 0xcb800000, 0xcb800000| Untracked 
|  93|0xcb900000, 0xcb900000, 0xcba00000|  0%| F|  |TAMS 0xcb900000, 0xcb900000| Untracked 
|  94|0xcba00000, 0xcba00000, 0xcbb00000|  0%| F|  |TAMS 0xcba00000, 0xcba00000| Untracked 
|  95|0xcbb00000, 0xcbb00000, 0xcbc00000|  0%| F|  |TAMS 0xcbb00000, 0xcbb00000| Untracked 
|  96|0xcbc00000, 0xcbc00000, 0xcbd00000|  0%| F|  |TAMS 0xcbc00000, 0xcbc00000| Untracked 
|  97|0xcbd00000, 0xcbd00000, 0xcbe00000|  0%| F|  |TAMS 0xcbd00000, 0xcbd00000| Untracked 
|  98|0xcbe00000, 0xcbe00000, 0xcbf00000|  0%| F|  |TAMS 0xcbe00000, 0xcbe00000| Untracked 
|  99|0xcbf00000, 0xcbf00000, 0xcc000000|  0%| F|  |TAMS 0xcbf00000, 0xcbf00000| Untracked 
| 100|0xcc000000, 0xcc000000, 0xcc100000|  0%| F|  |TAMS 0xcc000000, 0xcc000000| Untracked 
| 101|0xcc100000, 0xcc100000, 0xcc200000|  0%| F|  |TAMS 0xcc100000, 0xcc100000| Untracked 
| 102|0xcc200000, 0xcc200000, 0xcc300000|  0%| F|  |TAMS 0xcc200000, 0xcc200000| Untracked 
| 103|0xcc300000, 0xcc300000, 0xcc400000|  0%| F|  |TAMS 0xcc300000, 0xcc300000| Untracked 
| 104|0xcc400000, 0xcc400000, 0xcc500000|  0%| F|  |TAMS 0xcc400000, 0xcc400000| Untracked 
| 105|0xcc500000, 0xcc500000, 0xcc600000|  0%| F|  |TAMS 0xcc500000, 0xcc500000| Untracked 
| 106|0xcc600000, 0xcc600000, 0xcc700000|  0%| F|  |TAMS 0xcc600000, 0xcc600000| Untracked 
| 107|0xcc700000, 0xcc700000, 0xcc800000|  0%| F|  |TAMS 0xcc700000, 0xcc700000| Untracked 
| 108|0xcc800000, 0xcc800000, 0xcc900000|  0%| F|  |TAMS 0xcc800000, 0xcc800000| Untracked 
| 109|0xcc900000, 0xcca00000, 0xcca00000|100%| E|  |TAMS 0xcc900000, 0xcc900000| Complete 
| 110|0xcca00000, 0xccb00000, 0xccb00000|100%| E|CS|TAMS 0xcca00000, 0xcca00000| Complete 
| 111|0xccb00000, 0xccc00000, 0xccc00000|100%| E|CS|TAMS 0xccb00000, 0xccb00000| Complete 
| 112|0xccc00000, 0xccd00000, 0xccd00000|100%| E|CS|TAMS 0xccc00000, 0xccc00000| Complete 
| 113|0xccd00000, 0xcce00000, 0xcce00000|100%| E|CS|TAMS 0xccd00000, 0xccd00000| Complete 
| 114|0xcce00000, 0xccf00000, 0xccf00000|100%| E|CS|TAMS 0xcce00000, 0xcce00000| Complete 
| 115|0xccf00000, 0xcd000000, 0xcd000000|100%| E|CS|TAMS 0xccf00000, 0xccf00000| Complete 
| 116|0xcd000000, 0xcd100000, 0xcd100000|100%| E|CS|TAMS 0xcd000000, 0xcd000000| Complete 
| 117|0xcd100000, 0xcd200000, 0xcd200000|100%| E|CS|TAMS 0xcd100000, 0xcd100000| Complete 
| 118|0xcd200000, 0xcd300000, 0xcd300000|100%| E|CS|TAMS 0xcd200000, 0xcd200000| Complete 
| 119|0xcd300000, 0xcd400000, 0xcd400000|100%| E|CS|TAMS 0xcd300000, 0xcd300000| Complete 
| 120|0xcd400000, 0xcd500000, 0xcd500000|100%| E|CS|TAMS 0xcd400000, 0xcd400000| Complete 
| 121|0xcd500000, 0xcd600000, 0xcd600000|100%| E|CS|TAMS 0xcd500000, 0xcd500000| Complete 
| 122|0xcd600000, 0xcd700000, 0xcd700000|100%| E|CS|TAMS 0xcd600000, 0xcd600000| Complete 
| 123|0xcd700000, 0xcd800000, 0xcd800000|100%| E|CS|TAMS 0xcd700000, 0xcd700000| Complete 
| 124|0xcd800000, 0xcd900000, 0xcd900000|100%| E|CS|TAMS 0xcd800000, 0xcd800000| Complete 
| 125|0xcd900000, 0xcda00000, 0xcda00000|100%| E|CS|TAMS 0xcd900000, 0xcd900000| Complete 
| 126|0xcda00000, 0xcdb00000, 0xcdb00000|100%| E|CS|TAMS 0xcda00000, 0xcda00000| Complete 
| 127|0xcdb00000, 0xcdc00000, 0xcdc00000|100%| E|CS|TAMS 0xcdb00000, 0xcdb00000| Complete 

Card table byte_map: [0xc5a00000,0xc5b00000] _byte_map_base: 0xc53d2000

Marking Bits (Prev, Next): (CMBitMap*) 0xf5e8b528, (CMBitMap*) 0xf5e8b548
 Prev Bits: [0xc5100000, 0xc5900000)
 Next Bits: [0xc4900000, 0xc5100000)

Polling page: 0xf7f8e000

Metaspace:

Usage:
    4.70 MB used.

Virtual space:
     16.00 MB reserved,       5.12 MB ( 32%) committed,  1 nodes.

Chunk freelists:
8.43 MB

MaxMetaspaceSize: 96.00 MB
No class space
Initial GC threshold: 16.00 MB
Current GC threshold: 16.00 MB
CDS: on
MetaspaceReclaimPolicy: balanced
 - commit_granule_bytes: 65536.
 - commit_granule_words: 16384.
 - virtual_space_node_default_size: 4194304.
 - enlarge_chunks_in_place: 1.
 - new_chunks_are_fully_committed: 0.
 - uncommit_free_chunks: 1.
 - use_allocation_guard: 0.
 - handle_deallocations: 1.


Internal statistics:

num_allocs_failed_limit: 0.
num_arena_births: 237.
num_arena_deaths: 0.
num_vsnodes_births: 1.
num_vsnodes_deaths: 0.
num_space_committed: 82.
num_space_uncommitted: 0.
num_chunks_returned_to_freelist: 0.
num_chunks_taken_from_freelist: 471.
num_chunk_merges: 0.
num_chunk_splits: 332.
num_chunks_enlarged: 245.
num_inconsistent_stats: 0.

CodeHeap 'non-profiled nmethods': size=120172Kb used=1040Kb max_used=1040Kb free=119131Kb
 bounds [0xed7f5000, 0xeda35000, 0xf4d50000]
CodeHeap 'profiled nmethods': size=120172Kb used=3654Kb max_used=3654Kb free=116517Kb
 bounds [0xe5d50000, 0xe60e8000, 0xed2ab000]
CodeHeap 'non-nmethods': size=5416Kb used=738Kb max_used=785Kb free=4677Kb
 bounds [0xed2ab000, 0xed4eb000, 0xed7f5000]
 total_blobs=2162 nmethods=1813 adapters=263
 compilation: enabled
              stopped_count=0, restarted_count=0
 full_count=0

Compilation events (20 events):
Event: 2737.956 Thread 0xc42a0580 1812   !   3       jdk.internal.reflect.GeneratedMethodAccessor33::invoke (100 bytes)
Event: 2737.959 Thread 0xc42a0580 nmethod 1812 0xe60de988 code [0xe60debc0, 0xe60df7c8]
Event: 3945.220 Thread 0xc42a0580 1813   !   3       jdk.internal.reflect.GeneratedSerializationConstructorAccessor6::newInstance (49 bytes)
Event: 3945.221 Thread 0xc42a0580 nmethod 1813 0xe60dfd88 code [0xe60dff00, 0xe60e0284]
Event: 3945.221 Thread 0xc42a0580 1814       3       java.io.ObjectStreamClass::hasReadObjectNoDataMethod (17 bytes)
Event: 3945.222 Thread 0xc42a0580 nmethod 1814 0xe60e0488 code [0xe60e05e0, 0xe60e084c]
Event: 4006.176 Thread 0xc42a0580 1815       3       java.util.Collections::swap (25 bytes)
Event: 4006.176 Thread 0xc42a0580 nmethod 1815 0xe60e0988 code [0xe60e0ae0, 0xe60e0da4]
Event: 4128.299 Thread 0xc42a0580 1816  s    3       java.util.Hashtable::remove (133 bytes)
Event: 4128.300 Thread 0xc42a0580 nmethod 1816 0xe60e0e88 code [0xe60e1020, 0xe60e1718]
Event: 4593.020 Thread 0xc429f450 1817       4       script.systems.combat.combat_weapon::OnInitialize (13 bytes)
Event: 4593.023 Thread 0xc429f450 nmethod 1817 0xed8f7e88 code [0xed8f7fe0, 0xed8f80fc]
Event: 4849.182 Thread 0xc429f450 1818       4       jdk.internal.logger.SurrogateLogger::defaultPlatformLevel (4 bytes)
Event: 4849.182 Thread 0xc429f450 nmethod 1818 0xed8f8288 code [0xed8f83a0, 0xed8f8410]
Event: 4981.988 Thread 0xc429f450 1819   !   4       jdk.internal.reflect.GeneratedMethodAccessor12::invoke (68 bytes)
Event: 4981.992 Thread 0xc429f450 nmethod 1819 0xed8f8588 code [0xed8f86e0, 0xed8f88dc]
Event: 5079.158 Thread 0xc429f450 1820       4       java.io.ObjectOutputStream$BlockDataOutputStream::writeShort (47 bytes)
Event: 5079.160 Thread 0xc429f450 nmethod 1820 0xed8f8c08 code [0xed8f8d20, 0xed8f8e50]
Event: 5154.182 Thread 0xc429f450 1821       4       java.util.Arrays::rangeCheck (74 bytes)
Event: 5154.184 Thread 0xc429f450 nmethod 1821 0xed8f8f88 code [0xed8f90a0, 0xed8f9150]

GC Heap History (8 events):
Event: 165.984 GC heap before
{Heap before GC invocations=0 (full 0):
 garbage-first heap   total 131072K, used 12288K [0xc5c00000, 0xe5c00000)
  region size 1024K, 13 young (13312K), 0 survivors (0K)
 Metaspace       used 2438K, committed 2624K, reserved 16384K
}
Event: 166.017 GC heap after
{Heap after GC invocations=1 (full 0):
 garbage-first heap   total 131072K, used 2046K [0xc5c00000, 0xe5c00000)
  region size 1024K, 2 young (2048K), 2 survivors (2048K)
 Metaspace       used 2438K, committed 2624K, reserved 16384K
}
Event: 183.882 GC heap before
{Heap before GC invocations=1 (full 0):
 garbage-first heap   total 131072K, used 18430K [0xc5c00000, 0xe5c00000)
  region size 1024K, 19 young (19456K), 2 survivors (2048K)
 Metaspace       used 4001K, committed 4288K, reserved 16384K
}
Event: 183.895 GC heap after
{Heap after GC invocations=2 (full 0):
 garbage-first heap   total 131072K, used 3570K [0xc5c00000, 0xe5c00000)
  region size 1024K, 2 young (2048K), 2 survivors (2048K)
 Metaspace       used 4001K, committed 4288K, reserved 16384K
}
Event: 376.889 GC heap before
{Heap before GC invocations=2 (full 0):
 garbage-first heap   total 131072K, used 79346K [0xc5c00000, 0xe5c00000)
  region size 1024K, 76 young (77824K), 2 survivors (2048K)
 Metaspace       used 4791K, committed 5184K, reserved 16384K
}
Event: 376.953 GC heap after
{Heap after GC invocations=3 (full 0):
 garbage-first heap   total 131072K, used 9196K [0xc5c00000, 0xe5c00000)
  region size 1024K, 7 young (7168K), 7 survivors (7168K)
 Metaspace       used 4791K, committed 5184K, reserved 16384K
}
Event: 1165.947 GC heap before
{Heap before GC invocations=3 (full 0):
 garbage-first heap   total 131072K, used 79852K [0xc5c00000, 0xe5c00000)
  region size 1024K, 76 young (77824K), 7 survivors (7168K)
 Metaspace       used 4810K, committed 5248K, reserved 16384K
}
Event: 1166.013 GC heap after
{Heap after GC invocations=4 (full 0):
 garbage-first heap   total 131072K, used 14392K [0xc5c00000, 0xe5c00000)
  region size 1024K, 6 young (6144K), 6 survivors (6144K)
 Metaspace       used 4810K, committed 5248K, reserved 16384K
}

Dll operation events (4 events):
Event: 0.003 Loaded shared library /usr/lib/jvm/java-17-zulu-openjdk-jdk-x86/lib/libjava.so
Event: 42.421 Loaded shared library /usr/lib/jvm/java-17-zulu-openjdk-jdk-x86/lib/libnio.so
Event: 42.424 Loaded shared library /usr/lib/jvm/java-17-zulu-openjdk-jdk-x86/lib/libjimage.so
Event: 42.436 Loaded shared library /usr/lib/jvm/java-17-zulu-openjdk-jdk-x86/lib/libnet.so

Deoptimization events (20 events):
Event: 442.290 Thread 0x0b406890 Uncommon trap: trap_request=0xffffffde fr.pc=0xed8e1abc relative=0x000014dc
Event: 442.290 Thread 0x0b406890 Uncommon trap: reason=class_check action=maybe_recompile pc=0xed8e1abc method=java.lang.reflect.Array.newInstance(Ljava/lang/Class;I)Ljava/lang/Object; @ 2 c2
Event: 442.290 Thread 0x0b406890 DEOPT PACKING pc=0xed8e1abc sp=0xff9da800
Event: 442.290 Thread 0x0b406890 DEOPT UNPACKING pc=0xed2f4d33 sp=0xff9da7b8 mode 2
Event: 442.290 Thread 0x0b406890 Uncommon trap: trap_request=0xffffffd6 fr.pc=0xed8e1788 relative=0x000011a8
Event: 442.290 Thread 0x0b406890 Uncommon trap: reason=array_check action=maybe_recompile pc=0xed8e1788 method=java.io.ObjectInputStream.readArray(Z)Ljava/lang/Object; @ 392 c2
Event: 442.290 Thread 0x0b406890 DEOPT PACKING pc=0xed8e1788 sp=0xff9da800
Event: 442.290 Thread 0x0b406890 DEOPT UNPACKING pc=0xed2f4d33 sp=0xff9da7e8 mode 2
Event: 442.290 Thread 0x0b406890 Uncommon trap: trap_request=0xffffffd6 fr.pc=0xed8e1788 relative=0x000011a8
Event: 442.290 Thread 0x0b406890 Uncommon trap: reason=array_check action=maybe_recompile pc=0xed8e1788 method=java.io.ObjectInputStream.readArray(Z)Ljava/lang/Object; @ 392 c2
Event: 442.290 Thread 0x0b406890 DEOPT PACKING pc=0xed8e1788 sp=0xff9da800
Event: 442.290 Thread 0x0b406890 DEOPT UNPACKING pc=0xed2f4d33 sp=0xff9da7e8 mode 2
Event: 442.291 Thread 0x0b406890 Uncommon trap: trap_request=0xffffffd6 fr.pc=0xed8e1788 relative=0x000011a8
Event: 442.291 Thread 0x0b406890 Uncommon trap: reason=array_check action=maybe_recompile pc=0xed8e1788 method=java.io.ObjectInputStream.readArray(Z)Ljava/lang/Object; @ 392 c2
Event: 442.291 Thread 0x0b406890 DEOPT PACKING pc=0xed8e1788 sp=0xff9da800
Event: 442.291 Thread 0x0b406890 DEOPT UNPACKING pc=0xed2f4d33 sp=0xff9da7e8 mode 2
Event: 442.291 Thread 0x0b406890 Uncommon trap: trap_request=0xffffffd6 fr.pc=0xed8e1788 relative=0x000011a8
Event: 442.291 Thread 0x0b406890 Uncommon trap: reason=array_check action=maybe_recompile pc=0xed8e1788 method=java.io.ObjectInputStream.readArray(Z)Ljava/lang/Object; @ 392 c2
Event: 442.291 Thread 0x0b406890 DEOPT PACKING pc=0xed8e1788 sp=0xff9da800
Event: 442.291 Thread 0x0b406890 DEOPT UNPACKING pc=0xed2f4d33 sp=0xff9da7e8 mode 2

Classes unloaded (0 events):
No events

Classes redefined (0 events):
No events

Internal exceptions (9 events):
Event: 42.458 Thread 0x0b406890 Exception <a 'java/lang/NoSuchMethodError'{0xcd40ad80}: 'java.lang.Object java.lang.invoke.DirectMethodHandle$Holder.invokeStaticInit(java.lang.Object)'> (0xcd40ad80) 
thrown [src/hotspot/share/interpreter/linkResolver.cpp, line 759]
Event: 157.951 Thread 0x0b406890 Exception <a 'java/lang/NoSuchMethodError'{0xcd1b8828}: 'java.lang.Object java.lang.invoke.DirectMethodHandle$Holder.invokeStatic(java.lang.Object, float)'> (0xcd1b8828) 
thrown [src/hotspot/share/interpreter/linkResolver.cpp, line 759]
Event: 171.176 Thread 0x0b406890 Implicit null exception at 0xed82602b to 0xed826080
Event: 171.607 Thread 0x0b406890 Exception <a 'java/lang/NoSuchMethodError'{0xcd3ae0b0}: 'java.lang.Object java.lang.invoke.DirectMethodHandle$Holder.invokeSpecial(java.lang.Object, java.lang.Object, java.lang.Object, java.lang.Object, int)'> (0xcd3ae0b0) 
thrown [src/hotspot/share/interpreter/linkResolver.cpp, line 759]
Event: 171.608 Thread 0x0b406890 Exception <a 'java/lang/NoSuchMethodError'{0xcd3b15f0}: 'java.lang.Object java.lang.invoke.Invokers$Holder.linkToTargetMethod(java.lang.Object, java.lang.Object, int, java.lang.Object)'> (0xcd3b15f0) 
thrown [src/hotspot/share/interpreter/linkResolver.cpp, line 759]
Event: 181.097 Thread 0x0b406890 Exception <a 'java/lang/NoSuchMethodError'{0xcc977ab8}: 'java.lang.Object java.lang.invoke.DirectMethodHandle$Holder.invokeSpecial(java.lang.Object, java.lang.Object, long, java.lang.Object, java.lang.Object, java.lang.Object, java.lang.Object, java.lang.Object, java.lang.Object)'> (0xcc977ab8) 
thrown [src/hotspot/share/interpreter/linkResolver.cpp, line 759]
Event: 181.098 Thread 0x0b406890 Exception <a 'java/lang/NoSuchMethodError'{0xcc97be90}: 'java.lang.Object java.lang.invoke.DelegatingMethodHandle$Holder.reinvoke_L(java.lang.Object, long, java.lang.Object, java.lang.Object, java.lang.Object, java.lang.Object, java.lang.Object, java.lang.Object)'> (0xcc97be90) 
thrown [src/hotspot/share/interpreter/linkResolver.cpp, line 759]
Event: 213.150 Thread 0x0b406890 Exception <a 'java/lang/NoSuchMethodError'{0xccd71780}: 'java.lang.Object java.lang.invoke.DirectMethodHandle$Holder.invokeSpecial(java.lang.Object, java.lang.Object, java.lang.Object, java.lang.Object, java.lang.Object, java.lang.Object, int)'> (0xccd71780) 
thrown [src/hotspot/share/interpreter/linkResolver.cpp, line 759]
Event: 273.130 Thread 0x0b406890 Exception <a 'java/lang/NoSuchMethodError'{0xcb4625b8}: static [Lscript/obj_id;.<clinit>()V> (0xcb4625b8) 
thrown [src/hotspot/share/prims/jni.cpp, line 1112]

VM Operations (20 events):
Event: 384.124 Executing VM operation: Cleanup
Event: 384.124 Executing VM operation: Cleanup done
Event: 396.132 Executing VM operation: Cleanup
Event: 396.132 Executing VM operation: Cleanup done
Event: 397.140 Executing VM operation: Cleanup
Event: 397.140 Executing VM operation: Cleanup done
Event: 426.215 Executing VM operation: Cleanup
Event: 426.215 Executing VM operation: Cleanup done
Event: 772.542 Executing VM operation: Cleanup
Event: 772.542 Executing VM operation: Cleanup done
Event: 773.542 Executing VM operation: Cleanup
Event: 773.542 Executing VM operation: Cleanup done
Event: 793.549 Executing VM operation: Cleanup
Event: 793.549 Executing VM operation: Cleanup done
Event: 1165.947 Executing VM operation: G1CollectForAllocation
Event: 1166.013 Executing VM operation: G1CollectForAllocation done
Event: 4142.590 Executing VM operation: Cleanup
Event: 4142.590 Executing VM operation: Cleanup done
Event: 4859.397 Executing VM operation: Cleanup
Event: 4859.398 Executing VM operation: Cleanup done

Events (20 events):
Event: 273.182 loading class java/lang/constant/MethodHandleDesc
Event: 273.182 loading class java/lang/constant/MethodHandleDesc done
Event: 273.182 loading class java/lang/constant/MethodHandleDesc$1
Event: 273.182 loading class java/lang/constant/MethodHandleDesc$1 done
Event: 273.182 loading class java/lang/constant/DirectMethodHandleDescImpl
Event: 273.182 loading class java/lang/constant/DirectMethodHandleDesc
Event: 273.182 loading class java/lang/constant/DirectMethodHandleDesc done
Event: 273.182 loading class java/lang/constant/DirectMethodHandleDescImpl done
Event: 273.182 loading class java/lang/constant/DirectMethodHandleDescImpl$1
Event: 273.182 loading class java/lang/constant/DirectMethodHandleDescImpl$1 done
Event: 273.182 loading class java/lang/constant/DirectMethodHandleDesc$1
Event: 273.182 loading class java/lang/constant/DirectMethodHandleDesc$1 done
Event: 273.183 loading class java/lang/constant/PrimitiveClassDescImpl
Event: 273.183 loading class java/lang/constant/DynamicConstantDesc
Event: 273.183 loading class java/lang/constant/DynamicConstantDesc done
Event: 273.183 loading class java/lang/constant/PrimitiveClassDescImpl done
Event: 273.183 loading class java/lang/constant/DynamicConstantDesc$AnonymousDynamicConstantDesc
Event: 273.183 loading class java/lang/constant/DynamicConstantDesc$AnonymousDynamicConstantDesc done
Event: 5539.504 Thread 0x0b406890 Thread exited: 0x0b406890
Event: 5539.519 Thread 0xf5e242d0 Thread exited: 0xf5e242d0


Dynamic libraries:
08048000-09298000 r-xp 00000000 08:04 494947248                          /home/almalinux/swg-returns-nge/build/bin/SwgGameServer
09298000-0929c000 rw-p 0124f000 08:04 494947248                          /home/almalinux/swg-returns-nge/build/bin/SwgGameServer
0929c000-09b1f000 rw-p 00000000 00:00 0 
09d41000-1e38b000 rw-p 00000000 00:00 0                                  [heap]
bf800000-bf8fc000 rw-p 00000000 00:00 0 
bf8fc000-bf900000 ---p 00000000 00:00 0 
bf900000-bf9fb000 rw-p 00000000 00:00 0 
bf9fb000-bfa00000 ---p 00000000 00:00 0 
bfa00000-bfaf9000 rw-p 00000000 00:00 0 
bfaf9000-bfb00000 ---p 00000000 00:00 0 
bfb00000-bfbf5000 rw-p 00000000 00:00 0 
bfbf5000-bfc00000 ---p 00000000 00:00 0 
bfc00000-bfcfb000 rw-p 00000000 00:00 0 
bfcfb000-bfd00000 ---p 00000000 00:00 0 
bfd00000-bfdf9000 rw-p 00000000 00:00 0 
bfdf9000-bfe00000 ---p 00000000 00:00 0 
bfe00000-bfef9000 rw-p 00000000 00:00 0 
bfef9000-bff00000 ---p 00000000 00:00 0 
bff00000-bfff9000 rw-p 00000000 00:00 0 
bfff9000-c0000000 ---p 00000000 00:00 0 
c0000000-c0100000 rw-p 00000000 00:00 0 
c0100000-c01f9000 rw-p 00000000 00:00 0 
c01f9000-c0200000 ---p 00000000 00:00 0 
c0200000-c02e7000 rw-p 00000000 00:00 0 
c02e7000-c0300000 ---p 00000000 00:00 0 
c0300000-c03f9000 rw-p 00000000 00:00 0 
c03f9000-c0400000 ---p 00000000 00:00 0 
c0500000-c05fe000 rw-p 00000000 00:00 0 
c05fe000-c0600000 ---p 00000000 00:00 0 
c0e00000-c0efc000 rw-p 00000000 00:00 0 
c0efc000-c0f00000 ---p 00000000 00:00 0 
c0ffe000-c0fff000 ---p 00000000 00:00 0 
c0fff000-c107f000 rw-p 00000000 00:00 0 
c107f000-c1080000 ---p 00000000 00:00 0 
c1080000-c1100000 rw-p 00000000 00:00 0 
c1100000-c11fc000 rw-p 00000000 00:00 0 
c11fc000-c1200000 ---p 00000000 00:00 0 
c127f000-c1283000 ---p 00000000 00:00 0 
c1283000-c1300000 rw-p 00000000 00:00 0 
c1300000-c13fc000 rw-p 00000000 00:00 0 
c13fc000-c1400000 ---p 00000000 00:00 0 
c173d000-c1741000 ---p 00000000 00:00 0 
c1741000-c17fe000 rw-p 00000000 00:00 0 
c17fe000-c1802000 ---p 00000000 00:00 0 
c1802000-c18bf000 rw-p 00000000 00:00 0 
c18bf000-c18c0000 ---p 00000000 00:00 0 
c18c0000-c1940000 rw-p 00000000 00:00 0 
c1940000-c1944000 ---p 00000000 00:00 0 
c1944000-c1a01000 rw-p 00000000 00:00 0 
c1a01000-c1a05000 ---p 00000000 00:00 0 
c1a05000-c1ac2000 rw-p 00000000 00:00 0 
c1ac2000-c1ac6000 ---p 00000000 00:00 0 
c1ac6000-c1b43000 rw-p 00000000 00:00 0 
c1b43000-c1b47000 ---p 00000000 00:00 0 
c1b47000-c1c04000 rw-p 00000000 00:00 0 
c1c04000-c1c08000 ---p 00000000 00:00 0 
c1c08000-c1cc5000 rw-p 00000000 00:00 0 
c1cc5000-c1cc9000 ---p 00000000 00:00 0 
c1cc9000-c1d86000 rw-p 00000000 00:00 0 
c1d86000-c2000000 r--p 00078000 08:04 535181                             /usr/lib/locale/locale-archive
c2000000-c2180000 rw-p 00000000 00:00 0 
c2180000-c2400000 ---p 00000000 00:00 0 
c2400000-c27a0000 rw-p 00000000 00:00 0 
c27a0000-c3000000 ---p 00000000 00:00 0 
c307e000-c327e000 r--p 00000000 08:04 535181                             /usr/lib/locale/locale-archive
c327e000-c3282000 ---p 00000000 00:00 0 
c3282000-c333f000 rw-p 00000000 00:00 0 
c333f000-c3343000 ---p 00000000 00:00 0 
c3343000-c3400000 rw-p 00000000 00:00 0 
c3400000-c3421000 rw-p 00000000 00:00 0 
c3421000-c3500000 ---p 00000000 00:00 0 
c3531000-c3535000 ---p 00000000 00:00 0 
c3535000-c35b2000 rw-p 00000000 00:00 0 
c35b2000-c35b3000 ---p 00000000 00:00 0 
c35b3000-c3633000 rw-p 00000000 00:00 0 
c3633000-c3f00000 rw-p 00001000 08:04 143240867                          /usr/lib/jvm/java-17-zulu-openjdk-jdk-x86/lib/server/classes.jsa
c3f00000-c3f21000 rw-p 00000000 00:00 0 
c3f21000-c4000000 ---p 00000000 00:00 0 
c407f000-c4080000 ---p 00000000 00:00 0 
c4080000-c4100000 rw-p 00000000 00:00 0 
c4100000-c4121000 rw-p 00000000 00:00 0 
c4121000-c4200000 ---p 00000000 00:00 0 
c4200000-c42d3000 rw-p 00000000 00:00 0 
c42d3000-c4300000 ---p 00000000 00:00 0 
c437f000-c4380000 ---p 00000000 00:00 0 
c4380000-c4400000 rw-p 00000000 00:00 0 
c4400000-c4453000 rw-p 00000000 00:00 0 
c4453000-c4500000 ---p 00000000 00:00 0 
c457f000-c4580000 ---p 00000000 00:00 0 
c4580000-c4600000 rw-p 00000000 00:00 0 
c4600000-c46fd000 rw-p 00000000 00:00 0 
c46fd000-c4700000 ---p 00000000 00:00 0 
c4700000-c47fd000 rw-p 00000000 00:00 0 
c47fd000-c4800000 ---p 00000000 00:00 0 
c487f000-c4880000 ---p 00000000 00:00 0 
c4880000-c4b00000 rw-p 00000000 00:00 0 
c4b00000-c5100000 ---p 00000000 00:00 0 
c5100000-c5300000 rw-p 00000000 00:00 0 
c5300000-c5900000 ---p 00000000 00:00 0 
c5900000-c5940000 rw-p 00000000 00:00 0 
c5940000-c5a00000 ---p 00000000 00:00 0 
c5a00000-c5a40000 rw-p 00000000 00:00 0 
c5a40000-c5b00000 ---p 00000000 00:00 0 
c5b00000-c5b40000 rw-p 00000000 00:00 0 
c5b40000-c5c00000 ---p 00000000 00:00 0 
c5c00000-cdc00000 rw-p 00000000 00:00 0 
cdc00000-e5c00000 ---p 00000000 00:00 0 
e5c65000-e5c6a000 rw-p 00000000 00:00 0 
e5c6a000-e5d50000 ---p 00000000 00:00 0 
e5d50000-e60e8000 rwxp 00000000 00:00 0 
e60e8000-ed2ab000 ---p 00000000 00:00 0 
ed2ab000-ed4eb000 rwxp 00000000 00:00 0 
ed4eb000-ed7f5000 ---p 00000000 00:00 0 
ed7f5000-eda35000 rwxp 00000000 00:00 0 
eda35000-f4d50000 ---p 00000000 00:00 0 
f4d50000-f4eb8000 r--s 00000000 08:04 117534333                          /usr/lib/jvm/java-17-zulu-openjdk-jdk-x86/lib/modules
f4eb8000-f5d5a000 r-xp 00000000 08:04 143240869                          /usr/lib/jvm/java-17-zulu-openjdk-jdk-x86/lib/server/libjvm.so
f5d5a000-f5daf000 r--p 00ea1000 08:04 143240869                          /usr/lib/jvm/java-17-zulu-openjdk-jdk-x86/lib/server/libjvm.so
f5daf000-f5dd0000 rw-p 00ef6000 08:04 143240869                          /usr/lib/jvm/java-17-zulu-openjdk-jdk-x86/lib/server/libjvm.so
f5dd0000-f5e00000 rw-p 00000000 00:00 0 
f5e00000-f5f00000 rw-p 00000000 00:00 0 
f5f53000-f5f54000 ---p 00000000 00:00 0 
f5f54000-f5fd4000 rw-p 00000000 00:00 0 
f5fd4000-f5fd5000 ---p 00000000 00:00 0 
f5fd5000-f5fd9000 ---p 00000000 00:00 0 
f5fd9000-f6b4d000 rw-p 00000000 00:00 0 
f6b59000-f6b6e000 r-xp 00000000 08:04 117534323                          /usr/lib/jvm/java-17-zulu-openjdk-jdk-x86/lib/libnet.so
f6b6e000-f6b6f000 r--p 00014000 08:04 117534323                          /usr/lib/jvm/java-17-zulu-openjdk-jdk-x86/lib/libnet.so
f6b6f000-f6b70000 rw-p 00015000 08:04 117534323                          /usr/lib/jvm/java-17-zulu-openjdk-jdk-x86/lib/libnet.so
f6b70000-f6b78000 rw-p 00000000 00:00 0 
f6b78000-f6c5b000 ---p 00000000 00:00 0 
f6e95000-f6ea7000 r-xp 00000000 08:04 117534324                          /usr/lib/jvm/java-17-zulu-openjdk-jdk-x86/lib/libnio.so
f6ea7000-f6ea8000 r--p 00011000 08:04 117534324                          /usr/lib/jvm/java-17-zulu-openjdk-jdk-x86/lib/libnio.so
f6ea8000-f6ea9000 rw-p 00012000 08:04 117534324                          /usr/lib/jvm/java-17-zulu-openjdk-jdk-x86/lib/libnio.so
f6ea9000-f6ed2000 rw-p 00000000 00:00 0 
f6ed2000-f6ef5000 r-xp 00000000 08:04 117534310                          /usr/lib/jvm/java-17-zulu-openjdk-jdk-x86/lib/libjava.so
f6ef5000-f6ef6000 r--p 00022000 08:04 117534310                          /usr/lib/jvm/java-17-zulu-openjdk-jdk-x86/lib/libjava.so
f6ef6000-f6ef7000 rw-p 00023000 08:04 117534310                          /usr/lib/jvm/java-17-zulu-openjdk-jdk-x86/lib/libjava.so
f6ef7000-f6f03000 r-xp 00000000 08:04 16831767                           /usr/lib/libnss_files-2.28.so
f6f03000-f6f04000 r--p 0000b000 08:04 16831767                           /usr/lib/libnss_files-2.28.so
f6f04000-f6f05000 rw-p 0000c000 08:04 16831767                           /usr/lib/libnss_files-2.28.so
f6f05000-f6f0b000 rw-p 00000000 00:00 0 
f6f11000-f6f16000 rw-p 00000000 00:00 0 
f6f16000-f6f1c000 ---p 00000000 00:00 0 
f6f1c000-f6f37000 r-xp 00000000 08:04 117534314                          /usr/lib/jvm/java-17-zulu-openjdk-jdk-x86/lib/libjimage.so
f6f37000-f6f38000 ---p 0001b000 08:04 117534314                          /usr/lib/jvm/java-17-zulu-openjdk-jdk-x86/lib/libjimage.so
f6f38000-f6f39000 r--p 0001b000 08:04 117534314                          /usr/lib/jvm/java-17-zulu-openjdk-jdk-x86/lib/libjimage.so
f6f39000-f6f3a000 rw-p 0001c000 08:04 117534314                          /usr/lib/jvm/java-17-zulu-openjdk-jdk-x86/lib/libjimage.so
f6f3a000-f6f3e000 rw-p 00000000 00:00 0 
f6f3e000-f6fc6000 r-xp 00000000 08:04 17191875                           /usr/lib/libpcre2-8.so.0.7.1
f6fc6000-f6fc7000 r--p 00087000 08:04 17191875                           /usr/lib/libpcre2-8.so.0.7.1
f6fc7000-f6fc8000 rw-p 00088000 08:04 17191875                           /usr/lib/libpcre2-8.so.0.7.1
f6fc8000-f6fe8000 r-xp 00000000 08:04 17021543                           /usr/lib/libcrypt.so.1.1.0
f6fe8000-f6fe9000 ---p 00020000 08:04 17021543                           /usr/lib/libcrypt.so.1.1.0
f6fe9000-f6fea000 r--p 00020000 08:04 17021543                           /usr/lib/libcrypt.so.1.1.0
f6fea000-f6ff3000 rw-p 00000000 00:00 0 
f6ff3000-f701e000 r-xp 00000000 08:04 17191887                           /usr/lib/libselinux.so.1
f701e000-f701f000 ---p 0002b000 08:04 17191887                           /usr/lib/libselinux.so.1
f701f000-f7020000 r--p 0002b000 08:04 17191887                           /usr/lib/libselinux.so.1
f7020000-f7021000 rw-p 0002c000 08:04 17191887                           /usr/lib/libselinux.so.1
f7021000-f7022000 rw-p 00000000 00:00 0 
f7022000-f7041000 r-xp 00000000 08:04 18866589                           /usr/lib/libbrotlicommon.so.1.0.6
f7041000-f7042000 r--p 0001e000 08:04 18866589                           /usr/lib/libbrotlicommon.so.1.0.6
f7042000-f7043000 rw-p 0001f000 08:04 18866589                           /usr/lib/libbrotlicommon.so.1.0.6
f7043000-f7061000 r-xp 00000000 08:04 17191915                           /usr/lib/libsasl2.so.3.0.0
f7061000-f7062000 ---p 0001e000 08:04 17191915                           /usr/lib/libsasl2.so.3.0.0
f7062000-f7063000 r--p 0001e000 08:04 17191915                           /usr/lib/libsasl2.so.3.0.0
f7063000-f7064000 rw-p 0001f000 08:04 17191915                           /usr/lib/libsasl2.so.3.0.0
f7064000-f7066000 rw-p 00000000 00:00 0 
f7066000-f707a000 r-xp 00000000 08:04 16831772                           /usr/lib/libresolv-2.28.so
f707a000-f707b000 ---p 00014000 08:04 16831772                           /usr/lib/libresolv-2.28.so
f707b000-f707c000 r--p 00014000 08:04 16831772                           /usr/lib/libresolv-2.28.so
f707c000-f707d000 rw-p 00015000 08:04 16831772                           /usr/lib/libresolv-2.28.so
f707d000-f707f000 rw-p 00000000 00:00 0 
f707f000-f7082000 r-xp 00000000 08:04 17191893                           /usr/lib/libkeyutils.so.1.6
f7082000-f7083000 ---p 00003000 08:04 17191893                           /usr/lib/libkeyutils.so.1.6
f7083000-f7084000 r--p 00003000 08:04 17191893                           /usr/lib/libkeyutils.so.1.6
f7084000-f7085000 rw-p 00000000 00:00 0 
f7085000-f7095000 r-xp 00000000 08:04 17021560                           /usr/lib/libkrb5support.so.0.1
f7095000-f7096000 r--p 0000f000 08:04 17021560                           /usr/lib/libkrb5support.so.0.1
f7096000-f7097000 rw-p 00010000 08:04 17021560                           /usr/lib/libkrb5support.so.0.1
f7097000-f709f000 r-xp 00000000 08:04 16831774                           /usr/lib/librt-2.28.so
f709f000-f70a0000 r--p 00007000 08:04 16831774                           /usr/lib/librt-2.28.so
f70a0000-f70a1000 rw-p 00008000 08:04 16831774                           /usr/lib/librt-2.28.so
f70a1000-f7220000 r-xp 00000000 08:04 17021545                           /usr/lib/libunistring.so.2.1.0
f7220000-f7221000 ---p 0017f000 08:04 17021545                           /usr/lib/libunistring.so.2.1.0
f7221000-f7223000 r--p 0017f000 08:04 17021545                           /usr/lib/libunistring.so.2.1.0
f7223000-f7224000 rw-p 00181000 08:04 17021545                           /usr/lib/libunistring.so.2.1.0
f7224000-f724e000 r-xp 00000000 08:04 18654292                           /usr/lib/liblzma.so.5.2.4
f724e000-f724f000 r--p 00029000 08:04 18654292                           /usr/lib/liblzma.so.5.2.4
f724f000-f7250000 rw-p 00000000 00:00 0 
f7250000-f725c000 r-xp 00000000 08:04 17191936                           /usr/lib/libbrotlidec.so.1.0.6
f725c000-f725d000 r--p 0000b000 08:04 17191936                           /usr/lib/libbrotlidec.so.1.0.6
f725d000-f725e000 rw-p 00000000 00:00 0 
f725e000-f726d000 r-xp 00000000 08:04 17191918                           /usr/lib/liblber-2.4.so.2.10.9
f726d000-f726e000 r--p 0000e000 08:04 17191918                           /usr/lib/liblber-2.4.so.2.10.9
f726e000-f726f000 rw-p 0000f000 08:04 17191918                           /usr/lib/liblber-2.4.so.2.10.9
f726f000-f72c4000 r-xp 00000000 08:04 17191920                           /usr/lib/libldap-2.4.so.2.10.9
f72c4000-f72c5000 ---p 00055000 08:04 17191920                           /usr/lib/libldap-2.4.so.2.10.9
f72c5000-f72c6000 r--p 00055000 08:04 17191920                           /usr/lib/libldap-2.4.so.2.10.9
f72c6000-f72c7000 rw-p 00056000 08:04 17191920                           /usr/lib/libldap-2.4.so.2.10.9
f72c7000-f72c9000 rw-p 00000000 00:00 0 
f72c9000-f72cc000 r-xp 00000000 08:04 16994899                           /usr/lib/libcom_err.so.2.1
f72cc000-f72cd000 r--p 00002000 08:04 16994899                           /usr/lib/libcom_err.so.2.1
f72cd000-f72ce000 rw-p 00003000 08:04 16994899                           /usr/lib/libcom_err.so.2.1
f72ce000-f72e4000 r-xp 00000000 08:04 17021552                           /usr/lib/libk5crypto.so.3.1
f72e4000-f72e5000 ---p 00016000 08:04 17021552                           /usr/lib/libk5crypto.so.3.1
f72e5000-f72e6000 r--p 00016000 08:04 17021552                           /usr/lib/libk5crypto.so.3.1
f72e6000-f72e7000 rw-p 00017000 08:04 17021552                           /usr/lib/libk5crypto.so.3.1
f72e7000-f73ca000 r-xp 00000000 08:04 17021558                           /usr/lib/libkrb5.so.3.3
f73ca000-f73d1000 r--p 000e2000 08:04 17021558                           /usr/lib/libkrb5.so.3.3
f73d1000-f73d2000 rw-p 000e9000 08:04 17021558                           /usr/lib/libkrb5.so.3.3
f73d2000-f742d000 r-xp 00000000 08:04 17021548                           /usr/lib/libgssapi_krb5.so.2.2
f742d000-f742f000 r--p 0005a000 08:04 17021548                           /usr/lib/libgssapi_krb5.so.2.2
f742f000-f7430000 rw-p 0005c000 08:04 17021548                           /usr/lib/libgssapi_krb5.so.2.2
f7430000-f76e1000 r-xp 00000000 08:04 18627877                           /usr/lib/libcrypto.so.1.1.1k
f76e1000-f76fa000 r--p 002b0000 08:04 18627877                           /usr/lib/libcrypto.so.1.1.1k
f76fa000-f76fc000 rw-p 002c9000 08:04 18627877                           /usr/lib/libcrypto.so.1.1.1k
f76fc000-f7700000 rw-p 00000000 00:00 0 
f7700000-f7792000 r-xp 00000000 08:04 18627879                           /usr/lib/libssl.so.1.1.1k
f7792000-f7798000 r--p 00091000 08:04 18627879                           /usr/lib/libssl.so.1.1.1k
f7798000-f779c000 rw-p 00097000 08:04 18627879                           /usr/lib/libssl.so.1.1.1k
f779c000-f77ac000 r-xp 00000000 08:04 18660120                           /usr/lib/libpsl.so.5.3.1
f77ac000-f77ad000 r--p 0000f000 08:04 18660120                           /usr/lib/libpsl.so.5.3.1
f77ad000-f77ae000 rw-p 00000000 00:00 0 
f77ae000-f782b000 r-xp 00000000 08:04 16994901                           /usr/lib/libssh.so.4.8.7
f782b000-f782c000 ---p 0007d000 08:04 16994901                           /usr/lib/libssh.so.4.8.7
f782c000-f782d000 r--p 0007d000 08:04 16994901                           /usr/lib/libssh.so.4.8.7
f782d000-f782e000 rw-p 0007e000 08:04 16994901                           /usr/lib/libssh.so.4.8.7
f782e000-f784b000 r-xp 00000000 08:04 17040588                           /usr/lib/libidn2.so.0.3.6
f784b000-f784c000 r--p 0001c000 08:04 17040588                           /usr/lib/libidn2.so.0.3.6
f784c000-f784d000 rw-p 00000000 00:00 0 
f784d000-f7875000 r-xp 00000000 08:04 17191891                           /usr/lib/libnghttp2.so.14.17.0
f7875000-f7876000 r--p 00027000 08:04 17191891                           /usr/lib/libnghttp2.so.14.17.0
f7876000-f7878000 rw-p 00028000 08:04 17191891                           /usr/lib/libnghttp2.so.14.17.0
f7878000-f7a1a000 r-xp 00000000 08:04 16831756                           /usr/lib/libc-2.28.so
f7a1a000-f7a1b000 ---p 001a2000 08:04 16831756                           /usr/lib/libc-2.28.so
f7a1b000-f7a1d000 r--p 001a2000 08:04 16831756                           /usr/lib/libc-2.28.so
f7a1d000-f7a1e000 rw-p 001a4000 08:04 16831756                           /usr/lib/libc-2.28.so
f7a1e000-f7a23000 rw-p 00000000 00:00 0 
f7a23000-f7a3e000 r-xp 00000000 08:04 16985139                           /usr/lib/libgcc_s-8-20210514.so.1
f7a3e000-f7a3f000 r--p 0001a000 08:04 16985139                           /usr/lib/libgcc_s-8-20210514.so.1
f7a3f000-f7a40000 rw-p 0001b000 08:04 16985139                           /usr/lib/libgcc_s-8-20210514.so.1
f7a40000-f7b10000 r-xp 00000000 08:04 16831760                           /usr/lib/libm-2.28.so
f7b10000-f7b11000 r--p 000cf000 08:04 16831760                           /usr/lib/libm-2.28.so
f7b11000-f7b12000 rw-p 000d0000 08:04 16831760                           /usr/lib/libm-2.28.so
f7b12000-f7c9b000 r-xp 00000000 08:04 16985145                           /usr/lib/libstdc++.so.6.0.25
f7c9b000-f7c9c000 ---p 00189000 08:04 16985145                           /usr/lib/libstdc++.so.6.0.25
f7c9c000-f7ca2000 r--p 00189000 08:04 16985145                           /usr/lib/libstdc++.so.6.0.25
f7ca2000-f7ca3000 rw-p 0018f000 08:04 16985145                           /usr/lib/libstdc++.so.6.0.25
f7ca3000-f7ca5000 rw-p 00000000 00:00 0 
f7ca5000-f7cbc000 r-xp 00000000 08:04 16963437                           /usr/lib/libz.so.1.2.11
f7cbc000-f7cbd000 ---p 00017000 08:04 16963437                           /usr/lib/libz.so.1.2.11
f7cbd000-f7cbe000 r--p 00017000 08:04 16963437                           /usr/lib/libz.so.1.2.11
f7cbe000-f7cbf000 rw-p 00000000 00:00 0 
f7cbf000-f7e3c000 r-xp 00000000 08:04 16963397                           /usr/lib/libxml2.so.2.9.7
f7e3c000-f7e41000 r--p 0017c000 08:04 16963397                           /usr/lib/libxml2.so.2.9.7
f7e41000-f7e42000 rw-p 00181000 08:04 16963397                           /usr/lib/libxml2.so.2.9.7
f7e42000-f7e43000 rw-p 00000000 00:00 0 
f7e43000-f7e5f000 r-xp 00000000 08:04 16831770                           /usr/lib/libpthread-2.28.so
f7e5f000-f7e60000 r--p 0001b000 08:04 16831770                           /usr/lib/libpthread-2.28.so
f7e60000-f7e61000 rw-p 0001c000 08:04 16831770                           /usr/lib/libpthread-2.28.so
f7e61000-f7e63000 rw-p 00000000 00:00 0 
f7e63000-f7ed7000 r-xp 00000000 08:04 16818911                           /usr/lib/libpcre.so.1.2.10
f7ed7000-f7ed8000 ---p 00074000 08:04 16818911                           /usr/lib/libpcre.so.1.2.10
f7ed8000-f7ed9000 r--p 00074000 08:04 16818911                           /usr/lib/libpcre.so.1.2.10
f7ed9000-f7eda000 rw-p 00075000 08:04 16818911                           /usr/lib/libpcre.so.1.2.10
f7eda000-f7edd000 r-xp 00000000 08:04 16831758                           /usr/lib/libdl-2.28.so
f7edd000-f7ede000 r--p 00002000 08:04 16831758                           /usr/lib/libdl-2.28.so
f7ede000-f7edf000 rw-p 00003000 08:04 16831758                           /usr/lib/libdl-2.28.so
f7edf000-f7f7c000 r-xp 00000000 08:04 16994905                           /usr/lib/libcurl.so.4.5.0
f7f7c000-f7f7e000 r--p 0009c000 08:04 16994905                           /usr/lib/libcurl.so.4.5.0
f7f7e000-f7f7f000 rw-p 0009e000 08:04 16994905                           /usr/lib/libcurl.so.4.5.0
f7f7f000-f7f86000 r--s 00000000 08:04 176632422                          /usr/lib/gconv/gconv-modules.cache
f7f86000-f7f8e000 rw-s 00000000 08:04 151742433                          /tmp/hsperfdata_almalinux/49398 (deleted)
f7f8e000-f7f8f000 ---p 00000000 00:00 0 
f7f8f000-f7f90000 r--p 00000000 00:00 0 
f7f90000-f7f92000 rw-p 00000000 00:00 0 
f7f92000-f7f96000 r--p 00000000 00:00 0                                  [vvar]
f7f96000-f7f98000 r-xp 00000000 00:00 0                                  [vdso]
f7f98000-f7fc7000 r-xp 00000000 08:04 16831749                           /usr/lib/ld-2.28.so
f7fc7000-f7fc8000 ---p 00000000 00:00 0 
f7fc8000-f7fc9000 r--p 0002f000 08:04 16831749                           /usr/lib/ld-2.28.so
f7fc9000-f7fca000 rw-p 00030000 08:04 16831749                           /usr/lib/ld-2.28.so
ff81a000-ff81b000 rwxp 00000000 00:00 0 
ff923000-ff9df000 rw-p 00000000 00:00 0                                  [stack]


VM Arguments:
jvm_args: -Xms128m -Xmx512m -Xss768k -XX:MaxMetaspaceSize=96m -Xrs -XX:-UsePerfData -XX:-AllowUserSignalHandlers -XX:UseSSE=3 -XX+DoEscapeAnalysis -XX:AutoBoxCacheMax:2000 -XX:+OptimizeStringConcat -XX:+OptimizeFill -XX:+EliminateAutoBox -XX:+UseCompressedStrings -XX:+UseCompressedOops -XX:+EliminateLocks -XX:UseFastAccessorMethods -XX:+UseStringCache -XgcPrio:throughput -XXkeepAreaRatio:1 -XXlazyUnlocking -XXcallProfiling -XXcompactRatio:1 
java_command: <unknown>
java_class_path (initial): ../../data/sku.0/sys.server/compiled/game/
Launcher Type: generic

[Global flags]
     intx CICompilerCount                          = 3                                         {product} {ergonomic}
     uint ConcGCThreads                            = 1                                         {product} {ergonomic}
     uint G1ConcRefinementThreads                  = 4                                         {product} {ergonomic}
   size_t G1HeapRegionSize                         = 1048576                                   {product} {ergonomic}
    uintx GCDrainStackTargetSize                   = 64                                        {product} {ergonomic}
   size_t InitialHeapSize                          = 134217728                                 {product} {command line}
   size_t MarkStackSize                            = 32768                                     {product} {ergonomic}
   size_t MaxHeapSize                              = 536870912                                 {product} {command line}
   size_t MaxMetaspaceSize                         = 100663296                                 {product} {command line}
   size_t MaxNewSize                               = 321912832                                 {product} {ergonomic}
   size_t MinHeapDeltaBytes                        = 1048576                                   {product} {ergonomic}
   size_t MinHeapSize                              = 134217728                                 {product} {command line}
    uintx NonNMethodCodeHeapSize                   = 5544422                                {pd product} {ergonomic}
    uintx NonProfiledCodeHeapSize                  = 123056909                              {pd product} {ergonomic}
    uintx ProfiledCodeHeapSize                     = 123056909                              {pd product} {ergonomic}
    uintx ReservedCodeCacheSize                    = 251658240                              {pd product} {ergonomic}
     bool SegmentedCodeCache                       = true                                      {product} {ergonomic}
   size_t SoftMaxHeapSize                          = 536870912                              {manageable} {ergonomic}
   double SweeperThreshold                         = 0.500000                                  {product} {ergonomic}
     intx ThreadStackSize                          = 768                                    {pd product} {command line}
     bool UseG1GC                                  = true                                      {product} {ergonomic}

Logging:
Log output configuration:
 #0: stdout all=off uptime,level,tags
 #1: stderr all=off uptime,level,tags

Environment Variables:
JAVA_HOME=/usr/lib/jvm/zulu-17-x86
PATH=/usr/java/jdk1.7.0_80/bin:/usr/java/jdk1.7.0_80/bin:/usr/java/jdk1.6.0_45/bin:/usr/java/jdk1.6.0_45/bin:/usr/java/jdk1.6.0_45/bin:/home/almalinux/.local/bin:/home/almalinux/bin:/sbin:/bin:/usr/bin:/usr/local/bin:/usr/local/sbin:/usr/sbin:/usr/lib/oracle/18.3/client/bin:/usr/lib/oracle/18.3/client/bin:/usr/lib/jvm/java-11-openjdk/bin:./
LD_LIBRARY_PATH=/usr/lib/jvm/java-17-zulu-openjdk-jdk-x86/lib/server:/usr/lib/jvm/java-17-zulu-openjdk-jdk-x86/lib:/usr/lib/jvm/java-17-zulu-openjdk-jdk-x86/../lib:/usr/lib/jvm/zulu-17-x86/lib/server:/usr/lib/jvm/java-11-openjdk/lib:/usr/lib/jvm/java-11-openjdk/lib/server:./
SHELL=/bin/bash
DISPLAY=:10.0
LANG=en_US.UTF-8
TERM=xterm-256color

Active Locale:
LC_ALL=en_US.UTF-8
LC_COLLATE=en_US.UTF-8
LC_CTYPE=en_US.UTF-8
LC_MESSAGES=en_US.UTF-8
LC_MONETARY=en_US.UTF-8
LC_NUMERIC=en_US.UTF-8
LC_TIME=en_US.UTF-8

Signal Handlers:
   SIGSEGV: crash_handler in libjvm.so, mask=11100100010111111101111111111110, flags=SA_RESTART|SA_SIGINFO, unblocked
    SIGBUS: crash_handler in libjvm.so, mask=11100100010111111101111111111110, flags=SA_RESTART|SA_SIGINFO, unblocked
    SIGFPE: crash_handler in libjvm.so, mask=11100100010111111101111111111110, flags=SA_RESTART|SA_SIGINFO, unblocked
   SIGPIPE: SIG_IGN, mask=00000000000010000000000000000000, flags=SA_RESTART, blocked
  *** Handler was modified!
  *** Expected: javaSignalHandler in libjvm.so, mask=11100100110111111111111111111110, flags=SA_RESTART|SA_SIGINFO
   SIGXFSZ: javaSignalHandler in libjvm.so, mask=11100100010111111101111111111110, flags=SA_RESTART|SA_SIGINFO, blocked
    SIGILL: crash_handler in libjvm.so, mask=11100100010111111101111111111110, flags=SA_RESTART|SA_SIGINFO, unblocked
   SIGUSR2: SR_handler in libjvm.so, mask=00100000000000000000000000000000, flags=SA_RESTART|SA_SIGINFO, blocked
    SIGHUP: UserHandler in libjvm.so, mask=11100100010111111101111111111110, flags=SA_RESTART|SA_SIGINFO, blocked
    SIGINT: UserHandler in libjvm.so, mask=11100100010111111101111111111110, flags=SA_RESTART|SA_SIGINFO, blocked
   SIGTERM: UserHandler in libjvm.so, mask=11100100010111111101111111111110, flags=SA_RESTART|SA_SIGINFO, blocked
   SIGQUIT: UserHandler in libjvm.so, mask=11100100010111111101111111111110, flags=SA_RESTART|SA_SIGINFO, blocked
   SIGTRAP: crash_handler in libjvm.so, mask=11100100010111111101111111111110, flags=SA_RESTART|SA_SIGINFO, unblocked


Periodic native trim disabled


---------------  S Y S T E M  ---------------

OS:
AlmaLinux release 8.10 (Cerulean Leopard)
uname: Linux 4.18.0-553.81.1.el8_10.x86_64 #1 SMP Mon Oct 27 11:29:19 EDT 2025 x86_64
OS uptime: 1 days 18:37 hours
libc: glibc 2.28 NPTL 2.28 
rlimit (soft/hard): STACK 8192k/infinity , CORE 0k/infinity , NPROC 61995/61995 , NOFILE 262144/262144 , AS infinity/infinity , CPU infinity/infinity , DATA infinity/infinity , FSIZE infinity/infinity , MEMLOCK 64k/64k
load average: 43.43 41.56 40.11

/proc/meminfo:
MemTotal:       16014448 kB
MemFree:         5138140 kB
MemAvailable:    6371704 kB
Buffers:              32 kB
Cached:          2858428 kB
SwapCached:        41472 kB
Active:          2368940 kB
Inactive:        7822036 kB
Active(anon):    1498396 kB
Inactive(anon):  7458324 kB
Active(file):     870544 kB
Inactive(file):   363712 kB
Unevictable:        6160 kB
Mlocked:               0 kB
SwapTotal:       8388604 kB
SwapFree:        7329104 kB
Dirty:              2088 kB
Writeback:             0 kB
AnonPages:       7301556 kB
Mapped:          1325832 kB
Shmem:           1624200 kB
KReclaimable:     176352 kB
Slab:             306680 kB
SReclaimable:     176352 kB
SUnreclaim:       130328 kB
KernelStack:       22076 kB
PageTables:       159828 kB
NFS_Unstable:          0 kB
Bounce:                0 kB
WritebackTmp:          0 kB
CommitLimit:    16395828 kB
Committed_AS:   20852796 kB
VmallocTotal:   34359738367 kB
VmallocUsed:       68124 kB
VmallocChunk:          0 kB
Percpu:             2720 kB
HardwareCorrupted:     0 kB
AnonHugePages:         0 kB
ShmemHugePages:        0 kB
ShmemPmdMapped:        0 kB
FileHugePages:         0 kB
FilePmdMapped:         0 kB
HugePages_Total:       0
HugePages_Free:        0
HugePages_Rsvd:        0
HugePages_Surp:        0
Hugepagesize:       2048 kB
Hugetlb:               0 kB
DirectMap4k:      790380 kB
DirectMap2M:    15593472 kB

/sys/kernel/mm/transparent_hugepage/enabled: always madvise [never]
/sys/kernel/mm/transparent_hugepage/hpage_pmd_size: 2097152
/sys/kernel/mm/transparent_hugepage/defrag (defrag/compaction efforts parameter): always defer defer+madvise [madvise] never

Process Memory:
Virtual Size: 1267964K (peak: 1280548K)
Resident Set Size: 505820K (peak: 516368K) (anon: 472312K, file: 33508K, shmem: 0K)
Swapped out: 0K
C-Heap outstanding allocations: 25889K, retained: 332362K
glibc malloc tunables: (default)

/proc/sys/kernel/threads-max (system-wide limit on the number of threads): 123991
/proc/sys/vm/max_map_count (maximum number of memory map areas a process may have): 1677720
/proc/sys/kernel/pid_max (system-wide limit on number of process identifiers): 4194304

container (cgroup) information:
container_type: cgroupv1
cpu_cpuset_cpus: 0-3
cpu_memory_nodes: 0
active_processor_count: 4
cpu_quota: no quota
cpu_period: 100000
cpu_shares: no shares
memory_limit_in_bytes: unlimited
memory_and_swap_limit_in_bytes: unlimited
memory_soft_limit_in_bytes: unlimited
memory_usage_in_bytes: 9338244 k
memory_max_usage_in_bytes: 14866960 k
kernel_memory_usage_in_bytes: 198588 k
kernel_memory_max_usage_in_bytes: unlimited
kernel_memory_limit_in_bytes: 752460 k
maximum number of tasks: unlimited
current number of tasks: 486

KVM virtualization detected
Steal ticks since vm start: 794
Steal ticks percentage since vm start:  0.000

CPU: total 4 (initial active 4) (1 cores per cpu, 1 threads per core) family 6 model 60 stepping 1 microcode 0x1, cx8, cmov, fxsr, mmx, sse, sse2, sse3, ssse3, sse4.1, sse4.2, popcnt, lzcnt, tsc, avx, avx2, aes, erms, clmul, bmi1, bmi2, fma, vzeroupper, clflush, hv
CPU Model and flags from /proc/cpuinfo:
model name	: Intel Core Processor (Haswell, no TSX)
flags		: fpu vme de pse tsc msr pae mce cx8 apic sep mtrr pge mca cmov pat pse36 clflush mmx fxsr sse sse2 syscall nx rdtscp lm constant_tsc rep_good nopl xtopology cpuid tsc_known_freq pni pclmulqdq vmx ssse3 fma cx16 pcid sse4_1 sse4_2 x2apic movbe popcnt tsc_deadline_timer aes xsave avx f16c rdrand hypervisor lahf_lm abm cpuid_fault invpcid_single pti tpr_shadow vnmi flexpriority ept vpid ept_ad fsgsbase bmi1 avx2 smep bmi2 erms invpcid xsaveopt arat md_clear

Online cpus: 0-3
Offline cpus: 
BIOS frequency limitation: <Not Available>
Frequency switch latency (ns): <Not Available>
Available cpu frequencies: <Not Available>
Current governor: <Not Available>
Core performance/turbo boost: <Not Available>

Memory: 4k page, physical 16014448k(5251644k free), swap 8388604k(7329104k free)
Page Sizes: 4k

vm_info: OpenJDK Server VM (17.0.11+9-LTS) for linux-x86 JRE (17.0.11+9-LTS) (Zulu17.50+19-CA), built on Apr  9 2024 07:14:46 by "zulu_re" with gcc 8.3.0

END.
