#
# A fatal error has been detected by the Java Runtime Environment:
#
#  SIGSEGV (0xb) at pc=0xf78f0618, pid=20992, tid=20992
#
# JRE version: OpenJDK Runtime Environment Zulu17.50+19-CA (17.0.11+9) (build 17.0.11+9-LTS)
# Java VM: OpenJDK Server VM Zulu17.50+19-CA (17.0.11+9-LTS, mixed mode, sharing, tiered, g1 gc, linux-x86)
# Problematic frame:
# C  [libc.so.6+0x84618]  cfree+0x28
#
# Core dump will be written. Default location: Core dumps may be processed with "/usr/lib/systemd/systemd-coredump %P %u %g %s %t %c %h %e" (or dumping to /home/almalinux/swg-returns-nge/exe/linux/core.20992)
#
# If you would like to submit a bug report, please visit:
#   http://www.azul.com/support/
#

---------------  S U M M A R Y ------------

Command Line: -Xms128m -Xmx512m -Xss768k -XX:MaxMetaspaceSize=96m -Xrs -XX:-UsePerfData -XX:-AllowUserSignalHandlers -XX:UseSSE=3 -XX+DoEscapeAnalysis -XX:AutoBoxCacheMax:2000 -XX:+OptimizeStringConcat -XX:+OptimizeFill -XX:+EliminateAutoBox -XX:+UseCompressedStrings -XX:+UseCompressedOops -XX:+EliminateLocks -XX:UseFastAccessorMethods -XX:+UseStringCache -XgcPrio:throughput -XXkeepAreaRatio:1 -XXlazyUnlocking -XXcallProfiling -XXcompactRatio:1 

Host: Intel Core Processor (Haswell, no TSX), 4 cores, 15G, AlmaLinux release 8.10 (Cerulean Leopard)
Time: Mon Jan 26 00:03:41 2026 UTC elapsed time: 2348.630418 seconds (0d 0h 39m 8s)

---------------  T H R E A D  ---------------

Current thread is native thread

Stack: [0xffb6f000,0xffc2f000],  sp=0xffc2b970,  free space=754k
Native frames: (J=compiled Java code, j=interpreted, Vv=VM code, C=native code)
C  [libc.so.6+0x84618]  cfree+0x28


siginfo: si_signo: 11 (SIGSEGV), si_code: 1 (SEGV_MAPERR), si_addr: 0x00000003

Registers:
EAX=0x00000000, EBX=0x00000007, ECX=0xf6f2e84c, EDX=0x0af98da8
ESP=0xffc2b970, EBP=0xffc2baa8, ESI=0xf7a11000, EDI=0x00000000
EIP=0xf78f0618, EFLAGS=0x00210202, CR2=0x0000000000000003


Top of Stack: (sp=0xffc2b970)
0xffc2b970:   0ac1c030 00000000 ffc2baa8 f7b7df1c
0xffc2b980:   0ac1c0c0 f7c94a04 0af98d80 f7b7df1c
0xffc2b990:   00000007 f7b7df0a f7c94a04 f7b7df4c
0xffc2b9a0:   0ac1c0c0 f7b7df0a 0af9cb20 085b6163
0xffc2b9b0:   00000007 0ac1c030 0ac1bd40 085bb8d1
0xffc2b9c0:   0ac1c030 0ac1bd40 00000000 085bb89b
0xffc2b9d0:   0c430070 ffc2b9f7 ffc2ba1c 085c6969
0xffc2b9e0:   087d6c00 ffc2ba1c ffc2baa8 084fc53b
0xffc2b9f0:   00000014 00010002 00000000 00000000
0xffc2ba00:   01010100 00000001 09aa44c0 00000000
0xffc2ba10:   00000000 00000000 00000000 00000000
0xffc2ba20:   00000000 00000013 ffc2bb78 f78a16ff
0xffc2ba30:   f7a1141c 47677753 53656d61 65767265
0xffc2ba40:   30323a72 00323939 09290100 0af7e140
0xffc2ba50:   08ea0100 08ebc230 08ea5888 f7a1141c
0xffc2ba60:   00000428 00000420 f78a1779 085758fd
0xffc2ba70:   08ea2a80 09b1ea78 08ea5888 08574f56
0xffc2ba80:   0929a2c4 0929a2c4 ffc2bb78 08ea583b
0xffc2ba90:   0000000c ffc2bb44 ffc2bac0 f7a11000
0xffc2baa0:   00000000 08575910 00000000 f7889f26
0xffc2bab0:   00000000 08575910 00000000 f7889f26
0xffc2bac0:   0000000c ffc2bb44 ffc2bb78 ffc2bae4
0xffc2bad0:   0929a2d0 00000000 ffc2bb78 f7a11000
0xffc2bae0:   f787975c f7a11000 00000000 08575910
0xffc2baf0:   00000000 d25448d3 461c00c3 00000000
0xffc2bb00:   00000000 00000000 f7f904d0 f7889e30
0xffc2bb10:   084fc260 0929a2c4 0000000c 08575946
0xffc2bb20:   084fc260 0000000c ffc2bb44 08ea57f0
0xffc2bb30:   08ea5850 f7f904d0 ffc2bb3c f7fbd970
0xffc2bb40:   0000000c ffc2d62d ffc2d63f ffc2d642
0xffc2bb50:   ffc2d654 ffc2d657 ffc2d662 ffc2d686
0xffc2bb60:   ffc2d696 ffc2d6af ffc2d6d8 ffc2d6db 

Instructions: (pc=0xf78f0618)
0xf78f0518:   50 8d 96 86 f7 fa ff 8d 86 d0 2f fb ff e8 c6 b7
0xf78f0528:   ff ff 8d b6 00 00 00 00 bb 20 00 00 00 e9 5e fe
0xf78f0538:   ff ff e8 a1 c0 ff ff 89 c5 85 c0 0f 85 68 ff ff
0xf78f0548:   ff 31 d2 8d 44 3b 10 e8 8c c1 ff ff 89 da 89 f9
0xf78f0558:   89 c5 e8 11 f0 ff ff 89 c2 85 c0 75 1b 85 ed 74
0xf78f0568:   17 90 89 fa 89 e8 e8 bd c5 ff ff 89 da 89 f9 89
0xf78f0578:   c5 e8 f2 ef ff ff 89 c2 85 ed 0f 84 57 ff ff ff
0xf78f0588:   e9 39 ff ff ff 8d 86 b8 31 fb ff 83 ec 0c b9 25
0xf78f0598:   0d 00 00 50 8d 96 86 f7 fa ff 8d 86 74 2f fb ff
0xf78f05a8:   e8 43 b7 ff ff 8d 76 00 f3 0f 1e fb e8 0a 9a f9
0xf78f05b8:   ff 05 47 0a 12 00 56 53 83 ec 04 8b 5c 24 10 8b
0xf78f05c8:   74 24 14 8b 80 50 ff ff ff c7 00 00 00 00 00 e8
0xf78f05d8:   54 bb ff ff 8b 4c 24 0c 83 c4 04 89 f2 89 d8 5b
0xf78f05e8:   5e e9 42 fd ff ff 66 90 f3 0f 1e fb 56 e8 9a 9b
0xf78f05f8:   f9 ff 81 c6 06 0a 12 00 53 83 ec 14 8b 5c 24 20
0xf78f0608:   8b 86 5c ff ff ff 8b 00 85 c0 75 6c 85 db 74 75
0xf78f0618:   8b 4b fc 8d 53 f8 f6 c1 02 75 35 8b 86 70 fe ff
0xf78f0628:   ff 65 8b 00 85 c0 0f 84 8c 00 00 00 83 e1 04 8d
0xf78f0638:   86 60 07 00 00 74 09 89 d0 25 00 00 f0 ff 8b 00
0xf78f0648:   83 c4 14 31 c9 5b 5e e9 8c cb ff ff 8d 74 26 00
0xf78f0658:   8b 9e 60 01 00 00 85 db 75 10 3b 8e 48 01 00 00
0xf78f0668:   76 08 81 f9 00 00 08 00 76 26 83 c4 14 89 d0 5b
0xf78f0678:   5e e9 92 b8 ff ff 66 90 83 ec 08 ff 74 24 24 53
0xf78f0688:   ff d0 83 c4 10 83 c4 14 5b 5e c3 8d 74 26 00 90
0xf78f0698:   39 96 80 1d 00 00 77 08 39 96 7c 1d 00 00 77 ca
0xf78f06a8:   83 e1 f8 8d 04 09 89 8e 48 01 00 00 89 86 40 01
0xf78f06b8:   00 00 90 eb b5 8d 76 00 8b 86 74 fe ff ff 65 80
0xf78f06c8:   38 00 0f 85 64 ff ff ff 89 54 24 0c e8 97 ed ff
0xf78f06d8:   ff 8b 4b fc 8b 54 24 0c e9 4f ff ff ff 8d b4 26
0xf78f06e8:   00 00 00 00 8d 74 26 00 f3 0f 1e fb 55 57 56 e8
0xf78f06f8:   98 9a f9 ff 81 c6 04 09 12 00 53 83 ec 0c 8b 86
0xf78f0708:   70 fe ff ff 8b 96 74 fe ff ff 65 8b 28 65 c6 02 



---------------  P R O C E S S  ---------------

VM state: at safepoint (shutting down)

VM Mutex/Monitor currently owned by a thread:  ([mutex/lock_event])
[0xf5e21d30] Threads_lock - owner thread: 0xc4294cf0

GC Precious Log:
<Skipped>

Heap:
 garbage-first heap   total 131072K, used 20260K [0xc5c00000, 0xe5c00000)
  region size 1024K, 19 young (19456K), 2 survivors (2048K)
 Metaspace       used 3552K, committed 3776K, reserved 16384K

Heap Regions: E=young(eden), S=young(survivor), O=old, HS=humongous(starts), HC=humongous(continues), CS=collection set, F=free, OA=open archive, CA=closed archive, TAMS=top-at-mark-start (previous, next)
|   0|0xc5c00000, 0xc5d00000, 0xc5d00000|100%| O|  |TAMS 0xc5c00000, 0xc5c00000| Untracked 
|   1|0xc5d00000, 0xc5de7a00, 0xc5e00000| 90%| O|  |TAMS 0xc5d00000, 0xc5d00000| Untracked 
|   2|0xc5e00000, 0xc5e00000, 0xc5f00000|  0%| F|  |TAMS 0xc5e00000, 0xc5e00000| Untracked 
|   3|0xc5f00000, 0xc5f00000, 0xc6000000|  0%| F|  |TAMS 0xc5f00000, 0xc5f00000| Untracked 
|   4|0xc6000000, 0xc6000000, 0xc6100000|  0%| F|  |TAMS 0xc6000000, 0xc6000000| Untracked 
|   5|0xc6100000, 0xc6100000, 0xc6200000|  0%| F|  |TAMS 0xc6100000, 0xc6100000| Untracked 
|   6|0xc6200000, 0xc6200000, 0xc6300000|  0%| F|  |TAMS 0xc6200000, 0xc6200000| Untracked 
|   7|0xc6300000, 0xc6300000, 0xc6400000|  0%| F|  |TAMS 0xc6300000, 0xc6300000| Untracked 
|   8|0xc6400000, 0xc6400000, 0xc6500000|  0%| F|  |TAMS 0xc6400000, 0xc6400000| Untracked 
|   9|0xc6500000, 0xc6500000, 0xc6600000|  0%| F|  |TAMS 0xc6500000, 0xc6500000| Untracked 
|  10|0xc6600000, 0xc6600000, 0xc6700000|  0%| F|  |TAMS 0xc6600000, 0xc6600000| Untracked 
|  11|0xc6700000, 0xc6700000, 0xc6800000|  0%| F|  |TAMS 0xc6700000, 0xc6700000| Untracked 
|  12|0xc6800000, 0xc6800000, 0xc6900000|  0%| F|  |TAMS 0xc6800000, 0xc6800000| Untracked 
|  13|0xc6900000, 0xc6900000, 0xc6a00000|  0%| F|  |TAMS 0xc6900000, 0xc6900000| Untracked 
|  14|0xc6a00000, 0xc6a00000, 0xc6b00000|  0%| F|  |TAMS 0xc6a00000, 0xc6a00000| Untracked 
|  15|0xc6b00000, 0xc6b00000, 0xc6c00000|  0%| F|  |TAMS 0xc6b00000, 0xc6b00000| Untracked 
|  16|0xc6c00000, 0xc6c00000, 0xc6d00000|  0%| F|  |TAMS 0xc6c00000, 0xc6c00000| Untracked 
|  17|0xc6d00000, 0xc6d00000, 0xc6e00000|  0%| F|  |TAMS 0xc6d00000, 0xc6d00000| Untracked 
|  18|0xc6e00000, 0xc6e00000, 0xc6f00000|  0%| F|  |TAMS 0xc6e00000, 0xc6e00000| Untracked 
|  19|0xc6f00000, 0xc6f00000, 0xc7000000|  0%| F|  |TAMS 0xc6f00000, 0xc6f00000| Untracked 
|  20|0xc7000000, 0xc7000000, 0xc7100000|  0%| F|  |TAMS 0xc7000000, 0xc7000000| Untracked 
|  21|0xc7100000, 0xc7100000, 0xc7200000|  0%| F|  |TAMS 0xc7100000, 0xc7100000| Untracked 
|  22|0xc7200000, 0xc7200000, 0xc7300000|  0%| F|  |TAMS 0xc7200000, 0xc7200000| Untracked 
|  23|0xc7300000, 0xc7300000, 0xc7400000|  0%| F|  |TAMS 0xc7300000, 0xc7300000| Untracked 
|  24|0xc7400000, 0xc7400000, 0xc7500000|  0%| F|  |TAMS 0xc7400000, 0xc7400000| Untracked 
|  25|0xc7500000, 0xc7500000, 0xc7600000|  0%| F|  |TAMS 0xc7500000, 0xc7500000| Untracked 
|  26|0xc7600000, 0xc7600000, 0xc7700000|  0%| F|  |TAMS 0xc7600000, 0xc7600000| Untracked 
|  27|0xc7700000, 0xc7700000, 0xc7800000|  0%| F|  |TAMS 0xc7700000, 0xc7700000| Untracked 
|  28|0xc7800000, 0xc7800000, 0xc7900000|  0%| F|  |TAMS 0xc7800000, 0xc7800000| Untracked 
|  29|0xc7900000, 0xc7900000, 0xc7a00000|  0%| F|  |TAMS 0xc7900000, 0xc7900000| Untracked 
|  30|0xc7a00000, 0xc7a00000, 0xc7b00000|  0%| F|  |TAMS 0xc7a00000, 0xc7a00000| Untracked 
|  31|0xc7b00000, 0xc7b00000, 0xc7c00000|  0%| F|  |TAMS 0xc7b00000, 0xc7b00000| Untracked 
|  32|0xc7c00000, 0xc7c00000, 0xc7d00000|  0%| F|  |TAMS 0xc7c00000, 0xc7c00000| Untracked 
|  33|0xc7d00000, 0xc7d00000, 0xc7e00000|  0%| F|  |TAMS 0xc7d00000, 0xc7d00000| Untracked 
|  34|0xc7e00000, 0xc7e00000, 0xc7f00000|  0%| F|  |TAMS 0xc7e00000, 0xc7e00000| Untracked 
|  35|0xc7f00000, 0xc7f00000, 0xc8000000|  0%| F|  |TAMS 0xc7f00000, 0xc7f00000| Untracked 
|  36|0xc8000000, 0xc8000000, 0xc8100000|  0%| F|  |TAMS 0xc8000000, 0xc8000000| Untracked 
|  37|0xc8100000, 0xc8100000, 0xc8200000|  0%| F|  |TAMS 0xc8100000, 0xc8100000| Untracked 
|  38|0xc8200000, 0xc8200000, 0xc8300000|  0%| F|  |TAMS 0xc8200000, 0xc8200000| Untracked 
|  39|0xc8300000, 0xc8300000, 0xc8400000|  0%| F|  |TAMS 0xc8300000, 0xc8300000| Untracked 
|  40|0xc8400000, 0xc8400000, 0xc8500000|  0%| F|  |TAMS 0xc8400000, 0xc8400000| Untracked 
|  41|0xc8500000, 0xc8500000, 0xc8600000|  0%| F|  |TAMS 0xc8500000, 0xc8500000| Untracked 
|  42|0xc8600000, 0xc8600000, 0xc8700000|  0%| F|  |TAMS 0xc8600000, 0xc8600000| Untracked 
|  43|0xc8700000, 0xc8700000, 0xc8800000|  0%| F|  |TAMS 0xc8700000, 0xc8700000| Untracked 
|  44|0xc8800000, 0xc8800000, 0xc8900000|  0%| F|  |TAMS 0xc8800000, 0xc8800000| Untracked 
|  45|0xc8900000, 0xc8900000, 0xc8a00000|  0%| F|  |TAMS 0xc8900000, 0xc8900000| Untracked 
|  46|0xc8a00000, 0xc8a00000, 0xc8b00000|  0%| F|  |TAMS 0xc8a00000, 0xc8a00000| Untracked 
|  47|0xc8b00000, 0xc8b00000, 0xc8c00000|  0%| F|  |TAMS 0xc8b00000, 0xc8b00000| Untracked 
|  48|0xc8c00000, 0xc8c00000, 0xc8d00000|  0%| F|  |TAMS 0xc8c00000, 0xc8c00000| Untracked 
|  49|0xc8d00000, 0xc8d00000, 0xc8e00000|  0%| F|  |TAMS 0xc8d00000, 0xc8d00000| Untracked 
|  50|0xc8e00000, 0xc8e00000, 0xc8f00000|  0%| F|  |TAMS 0xc8e00000, 0xc8e00000| Untracked 
|  51|0xc8f00000, 0xc8f00000, 0xc9000000|  0%| F|  |TAMS 0xc8f00000, 0xc8f00000| Untracked 
|  52|0xc9000000, 0xc9000000, 0xc9100000|  0%| F|  |TAMS 0xc9000000, 0xc9000000| Untracked 
|  53|0xc9100000, 0xc9100000, 0xc9200000|  0%| F|  |TAMS 0xc9100000, 0xc9100000| Untracked 
|  54|0xc9200000, 0xc9200000, 0xc9300000|  0%| F|  |TAMS 0xc9200000, 0xc9200000| Untracked 
|  55|0xc9300000, 0xc9300000, 0xc9400000|  0%| F|  |TAMS 0xc9300000, 0xc9300000| Untracked 
|  56|0xc9400000, 0xc9400000, 0xc9500000|  0%| F|  |TAMS 0xc9400000, 0xc9400000| Untracked 
|  57|0xc9500000, 0xc9500000, 0xc9600000|  0%| F|  |TAMS 0xc9500000, 0xc9500000| Untracked 
|  58|0xc9600000, 0xc9600000, 0xc9700000|  0%| F|  |TAMS 0xc9600000, 0xc9600000| Untracked 
|  59|0xc9700000, 0xc9700000, 0xc9800000|  0%| F|  |TAMS 0xc9700000, 0xc9700000| Untracked 
|  60|0xc9800000, 0xc9800000, 0xc9900000|  0%| F|  |TAMS 0xc9800000, 0xc9800000| Untracked 
|  61|0xc9900000, 0xc9900000, 0xc9a00000|  0%| F|  |TAMS 0xc9900000, 0xc9900000| Untracked 
|  62|0xc9a00000, 0xc9a00000, 0xc9b00000|  0%| F|  |TAMS 0xc9a00000, 0xc9a00000| Untracked 
|  63|0xc9b00000, 0xc9b00000, 0xc9c00000|  0%| F|  |TAMS 0xc9b00000, 0xc9b00000| Untracked 
|  64|0xc9c00000, 0xc9c00000, 0xc9d00000|  0%| F|  |TAMS 0xc9c00000, 0xc9c00000| Untracked 
|  65|0xc9d00000, 0xc9d00000, 0xc9e00000|  0%| F|  |TAMS 0xc9d00000, 0xc9d00000| Untracked 
|  66|0xc9e00000, 0xc9e00000, 0xc9f00000|  0%| F|  |TAMS 0xc9e00000, 0xc9e00000| Untracked 
|  67|0xc9f00000, 0xc9f00000, 0xca000000|  0%| F|  |TAMS 0xc9f00000, 0xc9f00000| Untracked 
|  68|0xca000000, 0xca000000, 0xca100000|  0%| F|  |TAMS 0xca000000, 0xca000000| Untracked 
|  69|0xca100000, 0xca100000, 0xca200000|  0%| F|  |TAMS 0xca100000, 0xca100000| Untracked 
|  70|0xca200000, 0xca200000, 0xca300000|  0%| F|  |TAMS 0xca200000, 0xca200000| Untracked 
|  71|0xca300000, 0xca300000, 0xca400000|  0%| F|  |TAMS 0xca300000, 0xca300000| Untracked 
|  72|0xca400000, 0xca400000, 0xca500000|  0%| F|  |TAMS 0xca400000, 0xca400000| Untracked 
|  73|0xca500000, 0xca500000, 0xca600000|  0%| F|  |TAMS 0xca500000, 0xca500000| Untracked 
|  74|0xca600000, 0xca600000, 0xca700000|  0%| F|  |TAMS 0xca600000, 0xca600000| Untracked 
|  75|0xca700000, 0xca700000, 0xca800000|  0%| F|  |TAMS 0xca700000, 0xca700000| Untracked 
|  76|0xca800000, 0xca800000, 0xca900000|  0%| F|  |TAMS 0xca800000, 0xca800000| Untracked 
|  77|0xca900000, 0xca900000, 0xcaa00000|  0%| F|  |TAMS 0xca900000, 0xca900000| Untracked 
|  78|0xcaa00000, 0xcaa00000, 0xcab00000|  0%| F|  |TAMS 0xcaa00000, 0xcaa00000| Untracked 
|  79|0xcab00000, 0xcab00000, 0xcac00000|  0%| F|  |TAMS 0xcab00000, 0xcab00000| Untracked 
|  80|0xcac00000, 0xcac00000, 0xcad00000|  0%| F|  |TAMS 0xcac00000, 0xcac00000| Untracked 
|  81|0xcad00000, 0xcad00000, 0xcae00000|  0%| F|  |TAMS 0xcad00000, 0xcad00000| Untracked 
|  82|0xcae00000, 0xcae00000, 0xcaf00000|  0%| F|  |TAMS 0xcae00000, 0xcae00000| Untracked 
|  83|0xcaf00000, 0xcaf00000, 0xcb000000|  0%| F|  |TAMS 0xcaf00000, 0xcaf00000| Untracked 
|  84|0xcb000000, 0xcb000000, 0xcb100000|  0%| F|  |TAMS 0xcb000000, 0xcb000000| Untracked 
|  85|0xcb100000, 0xcb100000, 0xcb200000|  0%| F|  |TAMS 0xcb100000, 0xcb100000| Untracked 
|  86|0xcb200000, 0xcb200000, 0xcb300000|  0%| F|  |TAMS 0xcb200000, 0xcb200000| Untracked 
|  87|0xcb300000, 0xcb300000, 0xcb400000|  0%| F|  |TAMS 0xcb300000, 0xcb300000| Untracked 
|  88|0xcb400000, 0xcb400000, 0xcb500000|  0%| F|  |TAMS 0xcb400000, 0xcb400000| Untracked 
|  89|0xcb500000, 0xcb500000, 0xcb600000|  0%| F|  |TAMS 0xcb500000, 0xcb500000| Untracked 
|  90|0xcb600000, 0xcb600000, 0xcb700000|  0%| F|  |TAMS 0xcb600000, 0xcb600000| Untracked 
|  91|0xcb700000, 0xcb700000, 0xcb800000|  0%| F|  |TAMS 0xcb700000, 0xcb700000| Untracked 
|  92|0xcb800000, 0xcb800000, 0xcb900000|  0%| F|  |TAMS 0xcb800000, 0xcb800000| Untracked 
|  93|0xcb900000, 0xcb900000, 0xcba00000|  0%| F|  |TAMS 0xcb900000, 0xcb900000| Untracked 
|  94|0xcba00000, 0xcba00000, 0xcbb00000|  0%| F|  |TAMS 0xcba00000, 0xcba00000| Untracked 
|  95|0xcbb00000, 0xcbb00000, 0xcbc00000|  0%| F|  |TAMS 0xcbb00000, 0xcbb00000| Untracked 
|  96|0xcbc00000, 0xcbc00000, 0xcbd00000|  0%| F|  |TAMS 0xcbc00000, 0xcbc00000| Untracked 
|  97|0xcbd00000, 0xcbd00000, 0xcbe00000|  0%| F|  |TAMS 0xcbd00000, 0xcbd00000| Untracked 
|  98|0xcbe00000, 0xcbe00000, 0xcbf00000|  0%| F|  |TAMS 0xcbe00000, 0xcbe00000| Untracked 
|  99|0xcbf00000, 0xcbf00000, 0xcc000000|  0%| F|  |TAMS 0xcbf00000, 0xcbf00000| Untracked 
| 100|0xcc000000, 0xcc000000, 0xcc100000|  0%| F|  |TAMS 0xcc000000, 0xcc000000| Untracked 
| 101|0xcc100000, 0xcc100000, 0xcc200000|  0%| F|  |TAMS 0xcc100000, 0xcc100000| Untracked 
| 102|0xcc200000, 0xcc200000, 0xcc300000|  0%| F|  |TAMS 0xcc200000, 0xcc200000| Untracked 
| 103|0xcc300000, 0xcc300000, 0xcc400000|  0%| F|  |TAMS 0xcc300000, 0xcc300000| Untracked 
| 104|0xcc400000, 0xcc400000, 0xcc500000|  0%| F|  |TAMS 0xcc400000, 0xcc400000| Untracked 
| 105|0xcc500000, 0xcc500000, 0xcc600000|  0%| F|  |TAMS 0xcc500000, 0xcc500000| Untracked 
| 106|0xcc600000, 0xcc600000, 0xcc700000|  0%| F|  |TAMS 0xcc600000, 0xcc600000| Untracked 
| 107|0xcc700000, 0xcc7e0fa0, 0xcc800000| 87%| S|CS|TAMS 0xcc700000, 0xcc700000| Complete 
| 108|0xcc800000, 0xcc900000, 0xcc900000|100%| S|CS|TAMS 0xcc800000, 0xcc800000| Complete 
| 109|0xcc900000, 0xcc900000, 0xcca00000|  0%| F|  |TAMS 0xcc900000, 0xcc900000| Untracked 
| 110|0xcca00000, 0xcca00000, 0xccb00000|  0%| F|  |TAMS 0xcca00000, 0xcca00000| Untracked 
| 111|0xccb00000, 0xccb00800, 0xccc00000|  0%| E|  |TAMS 0xccb00000, 0xccb00000| Complete 
| 112|0xccc00000, 0xccd00000, 0xccd00000|100%| E|CS|TAMS 0xccc00000, 0xccc00000| Complete 
| 113|0xccd00000, 0xcce00000, 0xcce00000|100%| E|CS|TAMS 0xccd00000, 0xccd00000| Complete 
| 114|0xcce00000, 0xccf00000, 0xccf00000|100%| E|CS|TAMS 0xcce00000, 0xcce00000| Complete 
| 115|0xccf00000, 0xcd000000, 0xcd000000|100%| E|CS|TAMS 0xccf00000, 0xccf00000| Complete 
| 116|0xcd000000, 0xcd100000, 0xcd100000|100%| E|CS|TAMS 0xcd000000, 0xcd000000| Complete 
| 117|0xcd100000, 0xcd200000, 0xcd200000|100%| E|CS|TAMS 0xcd100000, 0xcd100000| Complete 
| 118|0xcd200000, 0xcd300000, 0xcd300000|100%| E|CS|TAMS 0xcd200000, 0xcd200000| Complete 
| 119|0xcd300000, 0xcd400000, 0xcd400000|100%| E|CS|TAMS 0xcd300000, 0xcd300000| Complete 
| 120|0xcd400000, 0xcd500000, 0xcd500000|100%| E|CS|TAMS 0xcd400000, 0xcd400000| Complete 
| 121|0xcd500000, 0xcd600000, 0xcd600000|100%| E|CS|TAMS 0xcd500000, 0xcd500000| Complete 
| 122|0xcd600000, 0xcd700000, 0xcd700000|100%| E|CS|TAMS 0xcd600000, 0xcd600000| Complete 
| 123|0xcd700000, 0xcd800000, 0xcd800000|100%| E|CS|TAMS 0xcd700000, 0xcd700000| Complete 
| 124|0xcd800000, 0xcd900000, 0xcd900000|100%| E|CS|TAMS 0xcd800000, 0xcd800000| Complete 
| 125|0xcd900000, 0xcda00000, 0xcda00000|100%| E|CS|TAMS 0xcd900000, 0xcd900000| Complete 
| 126|0xcda00000, 0xcdb00000, 0xcdb00000|100%| E|CS|TAMS 0xcda00000, 0xcda00000| Complete 
| 127|0xcdb00000, 0xcdc00000, 0xcdc00000|100%| E|CS|TAMS 0xcdb00000, 0xcdb00000| Complete 

Card table byte_map: [0xc5a00000,0xc5b00000] _byte_map_base: 0xc53d2000

Marking Bits (Prev, Next): (CMBitMap*) 0xf5e8b528, (CMBitMap*) 0xf5e8b548
 Prev Bits: [0xc5100000, 0xc5900000)
 Next Bits: [0xc4900000, 0xc5100000)

Polling page: 0xf7f82000

Metaspace:

Usage:
    3.47 MB used.

Virtual space:
     16.00 MB reserved,       3.69 MB ( 23%) committed,  1 nodes.

Chunk freelists:
9.78 MB

MaxMetaspaceSize: 96.00 MB
No class space
Initial GC threshold: 16.00 MB
Current GC threshold: 16.00 MB
CDS: on
MetaspaceReclaimPolicy: balanced
 - commit_granule_bytes: 65536.
 - commit_granule_words: 16384.
 - virtual_space_node_default_size: 4194304.
 - enlarge_chunks_in_place: 1.
 - new_chunks_are_fully_committed: 0.
 - uncommit_free_chunks: 1.
 - use_allocation_guard: 0.
 - handle_deallocations: 1.


Internal statistics:

num_allocs_failed_limit: 0.
num_arena_births: 161.
num_arena_deaths: 0.
num_vsnodes_births: 1.
num_vsnodes_deaths: 0.
num_space_committed: 59.
num_space_uncommitted: 0.
num_chunks_returned_to_freelist: 0.
num_chunks_taken_from_freelist: 287.
num_chunk_merges: 0.
num_chunk_splits: 210.
num_chunks_enlarged: 150.
num_inconsistent_stats: 0.

CodeHeap 'non-profiled nmethods': size=120172Kb used=852Kb max_used=852Kb free=119319Kb
 bounds [0xed7f5000, 0xeda35000, 0xf4d50000]
CodeHeap 'profiled nmethods': size=120172Kb used=2294Kb max_used=2294Kb free=117878Kb
 bounds [0xe5d50000, 0xe5f90000, 0xed2ab000]
CodeHeap 'non-nmethods': size=5416Kb used=726Kb max_used=769Kb free=4689Kb
 bounds [0xed2ab000, 0xed4eb000, 0xed7f5000]
 total_blobs=1665 nmethods=1331 adapters=248
 compilation: enabled
              stopped_count=0, restarted_count=0
 full_count=0

Compilation events (20 events):
Event: 1069.148 Thread 0xc429f450 1322   !   4       jdk.internal.reflect.GeneratedSerializationConstructorAccessor2::newInstance (49 bytes)
Event: 1069.151 Thread 0xc429f450 nmethod 1322 0xed8c7308 code [0xed8c7440, 0xed8c75bc]
Event: 1074.787 Thread 0xc429f450 1323       4       java.util.concurrent.ConcurrentHashMap::get (162 bytes)
Event: 1074.796 Thread 0xc429f450 nmethod 1323 0xed8c7788 code [0xed8c78e0, 0xed8c7dfc]
Event: 1077.147 Thread 0xc429f450 1324   !   4       jdk.internal.reflect.GeneratedMethodAccessor25::invoke (66 bytes)
Event: 1077.156 Thread 0xc429f450 nmethod 1324 0xed8c8308 code [0xed8c84a0, 0xed8c8a84]
Event: 1113.765 Thread 0xc42a0580 1325       3       script.base_class::getIntObjVar (9 bytes)
Event: 1113.766 Thread 0xc42a0580 nmethod 1325 0xe5f8bf08 code [0xe5f8c060, 0xe5f8c26c]
Event: 1196.830 Thread 0xc429f450 1327   !   4       java.io.ObjectOutputStream::writeObject (38 bytes)
Event: 1196.832 Thread 0xc429f450 nmethod 1327 0xed8c9508 code [0xed8c9640, 0xed8c9744]
Event: 1225.132 Thread 0xc42a0580 1328       3       java.util.ArrayList::get (15 bytes)
Event: 1225.133 Thread 0xc42a0580 nmethod 1328 0xe5f8c388 code [0xe5f8c4e0, 0xe5f8c78c]
Event: 1540.791 Thread 0xc429f450 1330       4       java.lang.invoke.DirectMethodHandle$Holder::invokeStatic (17 bytes)
Event: 1540.793 Thread 0xc429f450 nmethod 1330 0xed8c9b08 code [0xed8c9c20, 0xed8c9cdc]
Event: 2127.811 Thread 0xc42a0580 1331       3       java.util.Vector::<init> (7 bytes)
Event: 2127.811 Thread 0xc42a0580 nmethod 1331 0xe5f8c908 code [0xe5f8ca40, 0xe5f8cbac]
Event: 2127.813 Thread 0xc42a0580 1333       3       java.lang.ref.ReferenceQueue::reallyPoll (65 bytes)
Event: 2127.814 Thread 0xc42a0580 nmethod 1333 0xe5f8cc88 code [0xe5f8ce00, 0xe5f8d280]
Event: 2333.785 Thread 0xc42a0580 1334       3       java.lang.Long::stringSize (55 bytes)
Event: 2333.786 Thread 0xc42a0580 nmethod 1334 0xe5f8d388 code [0xe5f8d4c0, 0xe5f8d760]

GC Heap History (4 events):
Event: 20.376 GC heap before
{Heap before GC invocations=0 (full 0):
 garbage-first heap   total 131072K, used 12288K [0xc5c00000, 0xe5c00000)
  region size 1024K, 13 young (13312K), 0 survivors (0K)
 Metaspace       used 2450K, committed 2624K, reserved 16384K
}
Event: 20.451 GC heap after
{Heap after GC invocations=1 (full 0):
 garbage-first heap   total 131072K, used 2046K [0xc5c00000, 0xe5c00000)
  region size 1024K, 2 young (2048K), 2 survivors (2048K)
 Metaspace       used 2450K, committed 2624K, reserved 16384K
}
Event: 378.853 GC heap before
{Heap before GC invocations=1 (full 0):
 garbage-first heap   total 131072K, used 19454K [0xc5c00000, 0xe5c00000)
  region size 1024K, 19 young (19456K), 2 survivors (2048K)
 Metaspace       used 3529K, committed 3776K, reserved 16384K
}
Event: 378.866 GC heap after
{Heap after GC invocations=2 (full 0):
 garbage-first heap   total 131072K, used 3874K [0xc5c00000, 0xe5c00000)
  region size 1024K, 2 young (2048K), 2 survivors (2048K)
 Metaspace       used 3529K, committed 3776K, reserved 16384K
}

Dll operation events (4 events):
Event: 0.003 Loaded shared library /usr/lib/jvm/java-17-zulu-openjdk-jdk-x86/lib/libjava.so
Event: 61.746 Loaded shared library /usr/lib/jvm/java-17-zulu-openjdk-jdk-x86/lib/libnio.so
Event: 61.746 Loaded shared library /usr/lib/jvm/java-17-zulu-openjdk-jdk-x86/lib/libjimage.so
Event: 61.748 Loaded shared library /usr/lib/jvm/java-17-zulu-openjdk-jdk-x86/lib/libnet.so

Deoptimization events (20 events):
Event: 491.142 Thread 0x0c2a7820 Uncommon trap: trap_request=0xffffffcc fr.pc=0xed8b2080 relative=0x00003340
Event: 491.142 Thread 0x0c2a7820 Uncommon trap: reason=intrinsic action=make_not_entrant pc=0xed8b2080 method=java.util.ArrayList.toArray([Ljava/lang/Object;)[Ljava/lang/Object; @ 36 c2
Event: 491.142 Thread 0x0c2a7820 DEOPT PACKING pc=0xed8b2080 sp=0xffc2a210
Event: 491.142 Thread 0x0c2a7820 DEOPT UNPACKING pc=0xed2f4d33 sp=0xffc2a14c mode 2
Event: 2127.816 Thread 0x0c2a7820 Uncommon trap: trap_request=0xffffff45 fr.pc=0xed842438 relative=0x00000218
Event: 2127.816 Thread 0x0c2a7820 Uncommon trap: reason=unstable_if action=reinterpret pc=0xed842438 method=java.lang.Long.stringSize(J)I @ 5 c2
Event: 2127.816 Thread 0x0c2a7820 DEOPT PACKING pc=0xed842438 sp=0xffc2ac60
Event: 2127.816 Thread 0x0c2a7820 DEOPT UNPACKING pc=0xed2f4d33 sp=0xffc2ac14 mode 2
Event: 2127.816 Thread 0x0c2a7820 Uncommon trap: trap_request=0xffffff45 fr.pc=0xed846fb4 relative=0x000004f4
Event: 2127.816 Thread 0x0c2a7820 Uncommon trap: reason=unstable_if action=reinterpret pc=0xed846fb4 method=java.lang.Long.getChars(JI[B)I @ 6 c2
Event: 2127.816 Thread 0x0c2a7820 DEOPT PACKING pc=0xed846fb4 sp=0xffc2ac40
Event: 2127.816 Thread 0x0c2a7820 DEOPT UNPACKING pc=0xed2f4d33 sp=0xffc2ac00 mode 2
Event: 2337.901 Thread 0xc429bff0 Uncommon trap: trap_request=0xffffffc6 fr.pc=0xed82abd0 relative=0x000005f0
Event: 2337.901 Thread 0xc429bff0 Uncommon trap: reason=bimorphic action=maybe_recompile pc=0xed82abd0 method=java.util.Hashtable.get(Ljava/lang/Object;)Ljava/lang/Object; @ 6 c2
Event: 2337.901 Thread 0xc429bff0 DEOPT PACKING pc=0xed82abd0 sp=0xc1d84e00
Event: 2337.901 Thread 0xc429bff0 DEOPT UNPACKING pc=0xed2f4d33 sp=0xc1d84de4 mode 2
Event: 2337.902 Thread 0xc429bff0 Uncommon trap: trap_request=0xffffffc6 fr.pc=0xed82abd0 relative=0x000005f0
Event: 2337.902 Thread 0xc429bff0 Uncommon trap: reason=bimorphic action=maybe_recompile pc=0xed82abd0 method=java.util.Hashtable.get(Ljava/lang/Object;)Ljava/lang/Object; @ 6 c2
Event: 2337.902 Thread 0xc429bff0 DEOPT PACKING pc=0xed82abd0 sp=0xc1d84e00
Event: 2337.902 Thread 0xc429bff0 DEOPT UNPACKING pc=0xed2f4d33 sp=0xc1d84de4 mode 2

Classes unloaded (0 events):
No events

Classes redefined (0 events):
No events

Internal exceptions (7 events):
Event: 16.819 Thread 0x0c2a7820 Exception <a 'java/lang/NoSuchMethodError'{0xcd5f4cb8}: 'java.lang.Object java.lang.invoke.DirectMethodHandle$Holder.invokeStatic(java.lang.Object, float)'> (0xcd5f4cb8) 
thrown [src/hotspot/share/interpreter/linkResolver.cpp, line 759]
Event: 61.755 Thread 0x0c2a7820 Exception <a 'java/lang/NoSuchMethodError'{0xcd210ae0}: 'java.lang.Object java.lang.invoke.DirectMethodHandle$Holder.invokeStaticInit(java.lang.Object)'> (0xcd210ae0) 
thrown [src/hotspot/share/interpreter/linkResolver.cpp, line 759]
Event: 61.770 Thread 0x0c2a7820 Implicit null exception at 0xed84783f to 0xed847a75
Event: 110.878 Thread 0x0c2a7820 Exception <a 'java/lang/NoSuchMethodError'{0xcd2b4080}: static [Lscript/obj_id;.<clinit>()V> (0xcd2b4080) 
thrown [src/hotspot/share/prims/jni.cpp, line 1112]
Event: 111.097 Thread 0x0c2a7820 Exception <a 'java/lang/NoSuchMethodError'{0xcd2fa0f8}: static [I.<clinit>()V> (0xcd2fa0f8) 
thrown [src/hotspot/share/prims/jni.cpp, line 1112]
Event: 111.097 Thread 0x0c2a7820 Exception <a 'java/lang/NoSuchMethodError'{0xcd2faa38}: static [Ljava/lang/String;.<clinit>()V> (0xcd2faa38) 
thrown [src/hotspot/share/prims/jni.cpp, line 1112]
Event: 111.097 Thread 0x0c2a7820 Exception <a 'java/lang/NoSuchMethodError'{0xcd2fb678}: static [Lscript/location;.<clinit>()V> (0xcd2fb678) 
thrown [src/hotspot/share/prims/jni.cpp, line 1112]

VM Operations (20 events):
Event: 378.853 Executing VM operation: G1CollectForAllocation
Event: 378.866 Executing VM operation: G1CollectForAllocation done
Event: 388.869 Executing VM operation: Cleanup
Event: 388.869 Executing VM operation: Cleanup done
Event: 399.874 Executing VM operation: Cleanup
Event: 399.874 Executing VM operation: Cleanup done
Event: 431.883 Executing VM operation: Cleanup
Event: 431.883 Executing VM operation: Cleanup done
Event: 496.909 Executing VM operation: Cleanup
Event: 496.909 Executing VM operation: Cleanup done
Event: 505.912 Executing VM operation: Cleanup
Event: 505.913 Executing VM operation: Cleanup done
Event: 591.937 Executing VM operation: Cleanup
Event: 591.937 Executing VM operation: Cleanup done
Event: 885.216 Executing VM operation: Cleanup
Event: 885.217 Executing VM operation: Cleanup done
Event: 1076.475 Executing VM operation: Cleanup
Event: 1076.475 Executing VM operation: Cleanup done
Event: 2128.458 Executing VM operation: Cleanup
Event: 2128.459 Executing VM operation: Cleanup done

Events (20 events):
Event: 110.995 loading class java/lang/constant/DirectMethodHandleDesc
Event: 110.995 loading class java/lang/constant/DirectMethodHandleDesc done
Event: 110.995 loading class java/lang/constant/DirectMethodHandleDescImpl done
Event: 110.995 loading class java/lang/constant/DirectMethodHandleDescImpl$1
Event: 110.995 loading class java/lang/constant/DirectMethodHandleDescImpl$1 done
Event: 110.995 loading class java/lang/constant/DirectMethodHandleDesc$1
Event: 110.995 loading class java/lang/constant/DirectMethodHandleDesc$1 done
Event: 110.996 loading class java/lang/constant/PrimitiveClassDescImpl
Event: 110.996 loading class java/lang/constant/DynamicConstantDesc
Event: 110.996 loading class java/lang/constant/DynamicConstantDesc done
Event: 110.996 loading class java/lang/constant/PrimitiveClassDescImpl done
Event: 110.996 loading class java/lang/constant/DynamicConstantDesc$AnonymousDynamicConstantDesc
Event: 110.996 loading class java/lang/constant/DynamicConstantDesc$AnonymousDynamicConstantDesc done
Event: 2337.902 loading class jdk/internal/misc/Signal$1
Event: 2337.902 loading class jdk/internal/misc/Signal$1 done
Event: 2337.906 Thread 0x0c2a7820 Thread exited: 0x0c2a7820
Event: 2338.098 Thread 0xc3f011b0 Thread added: 0xc3f011b0
Event: 2338.098 Thread 0xc429bff0 Thread exited: 0xc429bff0
Event: 2338.098 Thread 0xf5e242d0 Thread exited: 0xf5e242d0
Event: 2338.126 Protecting memory [0xc167c000,0xc1680000] with protection modes 0


Dynamic libraries:
08048000-09298000 r-xp 00000000 08:04 494947248                          /home/almalinux/swg-returns-nge/build/bin/SwgGameServer
09298000-0929c000 rw-p 0124f000 08:04 494947248                          /home/almalinux/swg-returns-nge/build/bin/SwgGameServer
0929c000-09b1f000 rw-p 00000000 00:00 0 
0abe2000-0e28b000 rw-p 00000000 00:00 0                                  [heap]
c0600000-c06f9000 rw-p 00000000 00:00 0 
c06f9000-c0700000 ---p 00000000 00:00 0 
c0700000-c0785000 rw-p 00000000 00:00 0 
c0785000-c0800000 ---p 00000000 00:00 0 
c0800000-c08f1000 rw-p 00000000 00:00 0 
c08f1000-c0900000 ---p 00000000 00:00 0 
c0900000-c09fe000 rw-p 00000000 00:00 0 
c09fe000-c0a00000 ---p 00000000 00:00 0 
c0a00000-c0afb000 rw-p 00000000 00:00 0 
c0afb000-c0b00000 ---p 00000000 00:00 0 
c0b00000-c0bf9000 rw-p 00000000 00:00 0 
c0bf9000-c0c00000 ---p 00000000 00:00 0 
c0c00000-c0cf9000 rw-p 00000000 00:00 0 
c0cf9000-c0d00000 ---p 00000000 00:00 0 
c0d00000-c0dfc000 rw-p 00000000 00:00 0 
c0dfc000-c0e00000 ---p 00000000 00:00 0 
c0e00000-c0efc000 rw-p 00000000 00:00 0 
c0efc000-c0f00000 ---p 00000000 00:00 0 
c107f000-c1083000 ---p 00000000 00:00 0 
c1083000-c1100000 rw-p 00000000 00:00 0 
c1100000-c11fb000 rw-p 00000000 00:00 0 
c11fb000-c1200000 ---p 00000000 00:00 0 
c127d000-c127e000 ---p 00000000 00:00 0 
c127e000-c12fe000 rw-p 00000000 00:00 0 
c12fe000-c12ff000 ---p 00000000 00:00 0 
c12ff000-c137f000 rw-p 00000000 00:00 0 
c137f000-c1383000 ---p 00000000 00:00 0 
c1383000-c1400000 rw-p 00000000 00:00 0 
c1400000-c14f9000 rw-p 00000000 00:00 0 
c14f9000-c1500000 ---p 00000000 00:00 0 
c167c000-c1680000 ---p 00000000 00:00 0 
c1680000-c173d000 rw-p 00000000 00:00 0 
c173d000-c1741000 ---p 00000000 00:00 0 
c1741000-c17fe000 rw-p 00000000 00:00 0 
c17fe000-c1802000 ---p 00000000 00:00 0 
c1802000-c18bf000 rw-p 00000000 00:00 0 
c18bf000-c18c0000 ---p 00000000 00:00 0 
c18c0000-c1940000 rw-p 00000000 00:00 0 
c1940000-c1944000 ---p 00000000 00:00 0 
c1944000-c1a01000 rw-p 00000000 00:00 0 
c1a01000-c1a05000 ---p 00000000 00:00 0 
c1a05000-c1ac2000 rw-p 00000000 00:00 0 
c1ac2000-c1ac6000 ---p 00000000 00:00 0 
c1ac6000-c1b43000 rw-p 00000000 00:00 0 
c1b43000-c1b47000 ---p 00000000 00:00 0 
c1b47000-c1c04000 rw-p 00000000 00:00 0 
c1c04000-c1c08000 ---p 00000000 00:00 0 
c1c08000-c1cc5000 rw-p 00000000 00:00 0 
c1cc5000-c1cc9000 ---p 00000000 00:00 0 
c1cc9000-c1d86000 rw-p 00000000 00:00 0 
c1d86000-c2000000 r--p 00078000 08:04 535181                             /usr/lib/locale/locale-archive
c2000000-c2170000 rw-p 00000000 00:00 0 
c2170000-c2400000 ---p 00000000 00:00 0 
c2400000-c2640000 rw-p 00000000 00:00 0 
c2640000-c3000000 ---p 00000000 00:00 0 
c307e000-c327e000 r--p 00000000 08:04 535181                             /usr/lib/locale/locale-archive
c327e000-c3282000 ---p 00000000 00:00 0 
c3282000-c333f000 rw-p 00000000 00:00 0 
c333f000-c3343000 ---p 00000000 00:00 0 
c3343000-c3400000 rw-p 00000000 00:00 0 
c3400000-c3480000 rw-p 00000000 00:00 0 
c3480000-c3500000 ---p 00000000 00:00 0 
c3531000-c3535000 ---p 00000000 00:00 0 
c3535000-c35b2000 rw-p 00000000 00:00 0 
c35b2000-c35b3000 ---p 00000000 00:00 0 
c35b3000-c3633000 rw-p 00000000 00:00 0 
c3633000-c3f00000 rw-p 00001000 08:04 143240867                          /usr/lib/jvm/java-17-zulu-openjdk-jdk-x86/lib/server/classes.jsa
c3f00000-c3f21000 rw-p 00000000 00:00 0 
c3f21000-c4000000 ---p 00000000 00:00 0 
c407f000-c4080000 ---p 00000000 00:00 0 
c4080000-c4100000 rw-p 00000000 00:00 0 
c4100000-c4121000 rw-p 00000000 00:00 0 
c4121000-c4200000 ---p 00000000 00:00 0 
c4200000-c42d2000 rw-p 00000000 00:00 0 
c42d2000-c4300000 ---p 00000000 00:00 0 
c437f000-c4380000 ---p 00000000 00:00 0 
c4380000-c4400000 rw-p 00000000 00:00 0 
c4400000-c4434000 rw-p 00000000 00:00 0 
c4434000-c4500000 ---p 00000000 00:00 0 
c457f000-c4580000 ---p 00000000 00:00 0 
c4580000-c4600000 rw-p 00000000 00:00 0 
c4600000-c46fd000 rw-p 00000000 00:00 0 
c46fd000-c4700000 ---p 00000000 00:00 0 
c4700000-c4800000 rw-p 00000000 00:00 0 
c487f000-c4880000 ---p 00000000 00:00 0 
c4880000-c4b00000 rw-p 00000000 00:00 0 
c4b00000-c5100000 ---p 00000000 00:00 0 
c5100000-c5300000 rw-p 00000000 00:00 0 
c5300000-c5900000 ---p 00000000 00:00 0 
c5900000-c5940000 rw-p 00000000 00:00 0 
c5940000-c5a00000 ---p 00000000 00:00 0 
c5a00000-c5a40000 rw-p 00000000 00:00 0 
c5a40000-c5b00000 ---p 00000000 00:00 0 
c5b00000-c5b40000 rw-p 00000000 00:00 0 
c5b40000-c5c00000 ---p 00000000 00:00 0 
c5c00000-cdc00000 rw-p 00000000 00:00 0 
cdc00000-e5c00000 ---p 00000000 00:00 0 
e5c65000-e5c6a000 rw-p 00000000 00:00 0 
e5c6a000-e5d50000 ---p 00000000 00:00 0 
e5d50000-e5f90000 rwxp 00000000 00:00 0 
e5f90000-ed2ab000 ---p 00000000 00:00 0 
ed2ab000-ed4eb000 rwxp 00000000 00:00 0 
ed4eb000-ed7f5000 ---p 00000000 00:00 0 
ed7f5000-eda35000 rwxp 00000000 00:00 0 
eda35000-f4d50000 ---p 00000000 00:00 0 
f4d50000-f4eb8000 r--s 00000000 08:04 117534333                          /usr/lib/jvm/java-17-zulu-openjdk-jdk-x86/lib/modules
f4eb8000-f5d5a000 r-xp 00000000 08:04 143240869                          /usr/lib/jvm/java-17-zulu-openjdk-jdk-x86/lib/server/libjvm.so
f5d5a000-f5daf000 r--p 00ea1000 08:04 143240869                          /usr/lib/jvm/java-17-zulu-openjdk-jdk-x86/lib/server/libjvm.so
f5daf000-f5dd0000 rw-p 00ef6000 08:04 143240869                          /usr/lib/jvm/java-17-zulu-openjdk-jdk-x86/lib/server/libjvm.so
f5dd0000-f5e00000 rw-p 00000000 00:00 0 
f5e00000-f5f00000 rw-p 00000000 00:00 0 
f5f47000-f5f48000 ---p 00000000 00:00 0 
f5f48000-f5fc8000 rw-p 00000000 00:00 0 
f5fc8000-f5fc9000 ---p 00000000 00:00 0 
f5fc9000-f5fcd000 ---p 00000000 00:00 0 
f5fcd000-f6b41000 rw-p 00000000 00:00 0 
f6b4d000-f6b62000 r-xp 00000000 08:04 117534323                          /usr/lib/jvm/java-17-zulu-openjdk-jdk-x86/lib/libnet.so
f6b62000-f6b63000 r--p 00014000 08:04 117534323                          /usr/lib/jvm/java-17-zulu-openjdk-jdk-x86/lib/libnet.so
f6b63000-f6b64000 rw-p 00015000 08:04 117534323                          /usr/lib/jvm/java-17-zulu-openjdk-jdk-x86/lib/libnet.so
f6b64000-f6b69000 rw-p 00000000 00:00 0 
f6b69000-f6c4f000 ---p 00000000 00:00 0 
f6e89000-f6e9b000 r-xp 00000000 08:04 117534324                          /usr/lib/jvm/java-17-zulu-openjdk-jdk-x86/lib/libnio.so
f6e9b000-f6e9c000 r--p 00011000 08:04 117534324                          /usr/lib/jvm/java-17-zulu-openjdk-jdk-x86/lib/libnio.so
f6e9c000-f6e9d000 rw-p 00012000 08:04 117534324                          /usr/lib/jvm/java-17-zulu-openjdk-jdk-x86/lib/libnio.so
f6e9d000-f6ec6000 rw-p 00000000 00:00 0 
f6ec6000-f6ee9000 r-xp 00000000 08:04 117534310                          /usr/lib/jvm/java-17-zulu-openjdk-jdk-x86/lib/libjava.so
f6ee9000-f6eea000 r--p 00022000 08:04 117534310                          /usr/lib/jvm/java-17-zulu-openjdk-jdk-x86/lib/libjava.so
f6eea000-f6eeb000 rw-p 00023000 08:04 117534310                          /usr/lib/jvm/java-17-zulu-openjdk-jdk-x86/lib/libjava.so
f6eeb000-f6ef7000 r-xp 00000000 08:04 16831767                           /usr/lib/libnss_files-2.28.so
f6ef7000-f6ef8000 r--p 0000b000 08:04 16831767                           /usr/lib/libnss_files-2.28.so
f6ef8000-f6ef9000 rw-p 0000c000 08:04 16831767                           /usr/lib/libnss_files-2.28.so
f6ef9000-f6eff000 rw-p 00000000 00:00 0 
f6f05000-f6f0a000 rw-p 00000000 00:00 0 
f6f0a000-f6f10000 ---p 00000000 00:00 0 
f6f10000-f6f2b000 r-xp 00000000 08:04 117534314                          /usr/lib/jvm/java-17-zulu-openjdk-jdk-x86/lib/libjimage.so
f6f2b000-f6f2c000 ---p 0001b000 08:04 117534314                          /usr/lib/jvm/java-17-zulu-openjdk-jdk-x86/lib/libjimage.so
f6f2c000-f6f2d000 r--p 0001b000 08:04 117534314                          /usr/lib/jvm/java-17-zulu-openjdk-jdk-x86/lib/libjimage.so
f6f2d000-f6f2e000 rw-p 0001c000 08:04 117534314                          /usr/lib/jvm/java-17-zulu-openjdk-jdk-x86/lib/libjimage.so
f6f2e000-f6f32000 rw-p 00000000 00:00 0 
f6f32000-f6fba000 r-xp 00000000 08:04 17191875                           /usr/lib/libpcre2-8.so.0.7.1
f6fba000-f6fbb000 r--p 00087000 08:04 17191875                           /usr/lib/libpcre2-8.so.0.7.1
f6fbb000-f6fbc000 rw-p 00088000 08:04 17191875                           /usr/lib/libpcre2-8.so.0.7.1
f6fbc000-f6fdc000 r-xp 00000000 08:04 17021543                           /usr/lib/libcrypt.so.1.1.0
f6fdc000-f6fdd000 ---p 00020000 08:04 17021543                           /usr/lib/libcrypt.so.1.1.0
f6fdd000-f6fde000 r--p 00020000 08:04 17021543                           /usr/lib/libcrypt.so.1.1.0
f6fde000-f6fe7000 rw-p 00000000 00:00 0 
f6fe7000-f7012000 r-xp 00000000 08:04 17191887                           /usr/lib/libselinux.so.1
f7012000-f7013000 ---p 0002b000 08:04 17191887                           /usr/lib/libselinux.so.1
f7013000-f7014000 r--p 0002b000 08:04 17191887                           /usr/lib/libselinux.so.1
f7014000-f7015000 rw-p 0002c000 08:04 17191887                           /usr/lib/libselinux.so.1
f7015000-f7016000 rw-p 00000000 00:00 0 
f7016000-f7035000 r-xp 00000000 08:04 18866589                           /usr/lib/libbrotlicommon.so.1.0.6
f7035000-f7036000 r--p 0001e000 08:04 18866589                           /usr/lib/libbrotlicommon.so.1.0.6
f7036000-f7037000 rw-p 0001f000 08:04 18866589                           /usr/lib/libbrotlicommon.so.1.0.6
f7037000-f7055000 r-xp 00000000 08:04 17191915                           /usr/lib/libsasl2.so.3.0.0
f7055000-f7056000 ---p 0001e000 08:04 17191915                           /usr/lib/libsasl2.so.3.0.0
f7056000-f7057000 r--p 0001e000 08:04 17191915                           /usr/lib/libsasl2.so.3.0.0
f7057000-f7058000 rw-p 0001f000 08:04 17191915                           /usr/lib/libsasl2.so.3.0.0
f7058000-f705a000 rw-p 00000000 00:00 0 
f705a000-f706e000 r-xp 00000000 08:04 16831772                           /usr/lib/libresolv-2.28.so
f706e000-f706f000 ---p 00014000 08:04 16831772                           /usr/lib/libresolv-2.28.so
f706f000-f7070000 r--p 00014000 08:04 16831772                           /usr/lib/libresolv-2.28.so
f7070000-f7071000 rw-p 00015000 08:04 16831772                           /usr/lib/libresolv-2.28.so
f7071000-f7073000 rw-p 00000000 00:00 0 
f7073000-f7076000 r-xp 00000000 08:04 17191893                           /usr/lib/libkeyutils.so.1.6
f7076000-f7077000 ---p 00003000 08:04 17191893                           /usr/lib/libkeyutils.so.1.6
f7077000-f7078000 r--p 00003000 08:04 17191893                           /usr/lib/libkeyutils.so.1.6
f7078000-f7079000 rw-p 00000000 00:00 0 
f7079000-f7089000 r-xp 00000000 08:04 17021560                           /usr/lib/libkrb5support.so.0.1
f7089000-f708a000 r--p 0000f000 08:04 17021560                           /usr/lib/libkrb5support.so.0.1
f708a000-f708b000 rw-p 00010000 08:04 17021560                           /usr/lib/libkrb5support.so.0.1
f708b000-f7093000 r-xp 00000000 08:04 16831774                           /usr/lib/librt-2.28.so
f7093000-f7094000 r--p 00007000 08:04 16831774                           /usr/lib/librt-2.28.so
f7094000-f7095000 rw-p 00008000 08:04 16831774                           /usr/lib/librt-2.28.so
f7095000-f7214000 r-xp 00000000 08:04 17021545                           /usr/lib/libunistring.so.2.1.0
f7214000-f7215000 ---p 0017f000 08:04 17021545                           /usr/lib/libunistring.so.2.1.0
f7215000-f7217000 r--p 0017f000 08:04 17021545                           /usr/lib/libunistring.so.2.1.0
f7217000-f7218000 rw-p 00181000 08:04 17021545                           /usr/lib/libunistring.so.2.1.0
f7218000-f7242000 r-xp 00000000 08:04 18654292                           /usr/lib/liblzma.so.5.2.4
f7242000-f7243000 r--p 00029000 08:04 18654292                           /usr/lib/liblzma.so.5.2.4
f7243000-f7244000 rw-p 00000000 00:00 0 
f7244000-f7250000 r-xp 00000000 08:04 17191936                           /usr/lib/libbrotlidec.so.1.0.6
f7250000-f7251000 r--p 0000b000 08:04 17191936                           /usr/lib/libbrotlidec.so.1.0.6
f7251000-f7252000 rw-p 00000000 00:00 0 
f7252000-f7261000 r-xp 00000000 08:04 17191918                           /usr/lib/liblber-2.4.so.2.10.9
f7261000-f7262000 r--p 0000e000 08:04 17191918                           /usr/lib/liblber-2.4.so.2.10.9
f7262000-f7263000 rw-p 0000f000 08:04 17191918                           /usr/lib/liblber-2.4.so.2.10.9
f7263000-f72b8000 r-xp 00000000 08:04 17191920                           /usr/lib/libldap-2.4.so.2.10.9
f72b8000-f72b9000 ---p 00055000 08:04 17191920                           /usr/lib/libldap-2.4.so.2.10.9
f72b9000-f72ba000 r--p 00055000 08:04 17191920                           /usr/lib/libldap-2.4.so.2.10.9
f72ba000-f72bb000 rw-p 00056000 08:04 17191920                           /usr/lib/libldap-2.4.so.2.10.9
f72bb000-f72bd000 rw-p 00000000 00:00 0 
f72bd000-f72c0000 r-xp 00000000 08:04 16994899                           /usr/lib/libcom_err.so.2.1
f72c0000-f72c1000 r--p 00002000 08:04 16994899                           /usr/lib/libcom_err.so.2.1
f72c1000-f72c2000 rw-p 00003000 08:04 16994899                           /usr/lib/libcom_err.so.2.1
f72c2000-f72d8000 r-xp 00000000 08:04 17021552                           /usr/lib/libk5crypto.so.3.1
f72d8000-f72d9000 ---p 00016000 08:04 17021552                           /usr/lib/libk5crypto.so.3.1
f72d9000-f72da000 r--p 00016000 08:04 17021552                           /usr/lib/libk5crypto.so.3.1
f72da000-f72db000 rw-p 00017000 08:04 17021552                           /usr/lib/libk5crypto.so.3.1
f72db000-f73be000 r-xp 00000000 08:04 17021558                           /usr/lib/libkrb5.so.3.3
f73be000-f73c5000 r--p 000e2000 08:04 17021558                           /usr/lib/libkrb5.so.3.3
f73c5000-f73c6000 rw-p 000e9000 08:04 17021558                           /usr/lib/libkrb5.so.3.3
f73c6000-f7421000 r-xp 00000000 08:04 17021548                           /usr/lib/libgssapi_krb5.so.2.2
f7421000-f7423000 r--p 0005a000 08:04 17021548                           /usr/lib/libgssapi_krb5.so.2.2
f7423000-f7424000 rw-p 0005c000 08:04 17021548                           /usr/lib/libgssapi_krb5.so.2.2
f7424000-f76d5000 r-xp 00000000 08:04 18627877                           /usr/lib/libcrypto.so.1.1.1k
f76d5000-f76ee000 r--p 002b0000 08:04 18627877                           /usr/lib/libcrypto.so.1.1.1k
f76ee000-f76f0000 rw-p 002c9000 08:04 18627877                           /usr/lib/libcrypto.so.1.1.1k
f76f0000-f76f4000 rw-p 00000000 00:00 0 
f76f4000-f7786000 r-xp 00000000 08:04 18627879                           /usr/lib/libssl.so.1.1.1k
f7786000-f778c000 r--p 00091000 08:04 18627879                           /usr/lib/libssl.so.1.1.1k
f778c000-f7790000 rw-p 00097000 08:04 18627879                           /usr/lib/libssl.so.1.1.1k
f7790000-f77a0000 r-xp 00000000 08:04 18660120                           /usr/lib/libpsl.so.5.3.1
f77a0000-f77a1000 r--p 0000f000 08:04 18660120                           /usr/lib/libpsl.so.5.3.1
f77a1000-f77a2000 rw-p 00000000 00:00 0 
f77a2000-f781f000 r-xp 00000000 08:04 16994901                           /usr/lib/libssh.so.4.8.7
f781f000-f7820000 ---p 0007d000 08:04 16994901                           /usr/lib/libssh.so.4.8.7
f7820000-f7821000 r--p 0007d000 08:04 16994901                           /usr/lib/libssh.so.4.8.7
f7821000-f7822000 rw-p 0007e000 08:04 16994901                           /usr/lib/libssh.so.4.8.7
f7822000-f783f000 r-xp 00000000 08:04 17040588                           /usr/lib/libidn2.so.0.3.6
f783f000-f7840000 r--p 0001c000 08:04 17040588                           /usr/lib/libidn2.so.0.3.6
f7840000-f7841000 rw-p 00000000 00:00 0 
f7841000-f7869000 r-xp 00000000 08:04 17191891                           /usr/lib/libnghttp2.so.14.17.0
f7869000-f786a000 r--p 00027000 08:04 17191891                           /usr/lib/libnghttp2.so.14.17.0
f786a000-f786c000 rw-p 00028000 08:04 17191891                           /usr/lib/libnghttp2.so.14.17.0
f786c000-f7a0e000 r-xp 00000000 08:04 16831756                           /usr/lib/libc-2.28.so
f7a0e000-f7a0f000 ---p 001a2000 08:04 16831756                           /usr/lib/libc-2.28.so
f7a0f000-f7a11000 r--p 001a2000 08:04 16831756                           /usr/lib/libc-2.28.so
f7a11000-f7a12000 rw-p 001a4000 08:04 16831756                           /usr/lib/libc-2.28.so
f7a12000-f7a17000 rw-p 00000000 00:00 0 
f7a17000-f7a32000 r-xp 00000000 08:04 16985139                           /usr/lib/libgcc_s-8-20210514.so.1
f7a32000-f7a33000 r--p 0001a000 08:04 16985139                           /usr/lib/libgcc_s-8-20210514.so.1
f7a33000-f7a34000 rw-p 0001b000 08:04 16985139                           /usr/lib/libgcc_s-8-20210514.so.1
f7a34000-f7b04000 r-xp 00000000 08:04 16831760                           /usr/lib/libm-2.28.so
f7b04000-f7b05000 r--p 000cf000 08:04 16831760                           /usr/lib/libm-2.28.so
f7b05000-f7b06000 rw-p 000d0000 08:04 16831760                           /usr/lib/libm-2.28.so
f7b06000-f7c8f000 r-xp 00000000 08:04 16985145                           /usr/lib/libstdc++.so.6.0.25
f7c8f000-f7c90000 ---p 00189000 08:04 16985145                           /usr/lib/libstdc++.so.6.0.25
f7c90000-f7c96000 r--p 00189000 08:04 16985145                           /usr/lib/libstdc++.so.6.0.25
f7c96000-f7c97000 rw-p 0018f000 08:04 16985145                           /usr/lib/libstdc++.so.6.0.25
f7c97000-f7c99000 rw-p 00000000 00:00 0 
f7c99000-f7cb0000 r-xp 00000000 08:04 16963437                           /usr/lib/libz.so.1.2.11
f7cb0000-f7cb1000 ---p 00017000 08:04 16963437                           /usr/lib/libz.so.1.2.11
f7cb1000-f7cb2000 r--p 00017000 08:04 16963437                           /usr/lib/libz.so.1.2.11
f7cb2000-f7cb3000 rw-p 00000000 00:00 0 
f7cb3000-f7e30000 r-xp 00000000 08:04 16963397                           /usr/lib/libxml2.so.2.9.7
f7e30000-f7e35000 r--p 0017c000 08:04 16963397                           /usr/lib/libxml2.so.2.9.7
f7e35000-f7e36000 rw-p 00181000 08:04 16963397                           /usr/lib/libxml2.so.2.9.7
f7e36000-f7e37000 rw-p 00000000 00:00 0 
f7e37000-f7e53000 r-xp 00000000 08:04 16831770                           /usr/lib/libpthread-2.28.so
f7e53000-f7e54000 r--p 0001b000 08:04 16831770                           /usr/lib/libpthread-2.28.so
f7e54000-f7e55000 rw-p 0001c000 08:04 16831770                           /usr/lib/libpthread-2.28.so
f7e55000-f7e57000 rw-p 00000000 00:00 0 
f7e57000-f7ecb000 r-xp 00000000 08:04 16818911                           /usr/lib/libpcre.so.1.2.10
f7ecb000-f7ecc000 ---p 00074000 08:04 16818911                           /usr/lib/libpcre.so.1.2.10
f7ecc000-f7ecd000 r--p 00074000 08:04 16818911                           /usr/lib/libpcre.so.1.2.10
f7ecd000-f7ece000 rw-p 00075000 08:04 16818911                           /usr/lib/libpcre.so.1.2.10
f7ece000-f7ed1000 r-xp 00000000 08:04 16831758                           /usr/lib/libdl-2.28.so
f7ed1000-f7ed2000 r--p 00002000 08:04 16831758                           /usr/lib/libdl-2.28.so
f7ed2000-f7ed3000 rw-p 00003000 08:04 16831758                           /usr/lib/libdl-2.28.so
f7ed3000-f7f70000 r-xp 00000000 08:04 16994905                           /usr/lib/libcurl.so.4.5.0
f7f70000-f7f72000 r--p 0009c000 08:04 16994905                           /usr/lib/libcurl.so.4.5.0
f7f72000-f7f73000 rw-p 0009e000 08:04 16994905                           /usr/lib/libcurl.so.4.5.0
f7f73000-f7f7a000 r--s 00000000 08:04 176632422                          /usr/lib/gconv/gconv-modules.cache
f7f7a000-f7f82000 rw-s 00000000 08:04 151833500                          /tmp/hsperfdata_almalinux/20992 (deleted)
f7f82000-f7f83000 ---p 00000000 00:00 0 
f7f83000-f7f84000 r--p 00000000 00:00 0 
f7f84000-f7f86000 rw-p 00000000 00:00 0 
f7f86000-f7f8a000 r--p 00000000 00:00 0                                  [vvar]
f7f8a000-f7f8c000 r-xp 00000000 00:00 0                                  [vdso]
f7f8c000-f7fbb000 r-xp 00000000 08:04 16831749                           /usr/lib/ld-2.28.so
f7fbb000-f7fbc000 ---p 00000000 00:00 0 
f7fbc000-f7fbd000 r--p 0002f000 08:04 16831749                           /usr/lib/ld-2.28.so
f7fbd000-f7fbe000 rw-p 00030000 08:04 16831749                           /usr/lib/ld-2.28.so
ffa6a000-ffa6b000 rwxp 00000000 00:00 0 
ffb73000-ffc2f000 rw-p 00000000 00:00 0                                  [stack]


VM Arguments:
jvm_args: -Xms128m -Xmx512m -Xss768k -XX:MaxMetaspaceSize=96m -Xrs -XX:-UsePerfData -XX:-AllowUserSignalHandlers -XX:UseSSE=3 -XX+DoEscapeAnalysis -XX:AutoBoxCacheMax:2000 -XX:+OptimizeStringConcat -XX:+OptimizeFill -XX:+EliminateAutoBox -XX:+UseCompressedStrings -XX:+UseCompressedOops -XX:+EliminateLocks -XX:UseFastAccessorMethods -XX:+UseStringCache -XgcPrio:throughput -XXkeepAreaRatio:1 -XXlazyUnlocking -XXcallProfiling -XXcompactRatio:1 
java_command: <unknown>
java_class_path (initial): ../../data/sku.0/sys.server/compiled/game/
Launcher Type: generic

[Global flags]
     intx CICompilerCount                          = 3                                         {product} {ergonomic}
     uint ConcGCThreads                            = 1                                         {product} {ergonomic}
     uint G1ConcRefinementThreads                  = 4                                         {product} {ergonomic}
   size_t G1HeapRegionSize                         = 1048576                                   {product} {ergonomic}
    uintx GCDrainStackTargetSize                   = 64                                        {product} {ergonomic}
   size_t InitialHeapSize                          = 134217728                                 {product} {command line}
   size_t MarkStackSize                            = 32768                                     {product} {ergonomic}
   size_t MaxHeapSize                              = 536870912                                 {product} {command line}
   size_t MaxMetaspaceSize                         = 100663296                                 {product} {command line}
   size_t MaxNewSize                               = 321912832                                 {product} {ergonomic}
   size_t MinHeapDeltaBytes                        = 1048576                                   {product} {ergonomic}
   size_t MinHeapSize                              = 134217728                                 {product} {command line}
    uintx NonNMethodCodeHeapSize                   = 5544422                                {pd product} {ergonomic}
    uintx NonProfiledCodeHeapSize                  = 123056909                              {pd product} {ergonomic}
    uintx ProfiledCodeHeapSize                     = 123056909                              {pd product} {ergonomic}
    uintx ReservedCodeCacheSize                    = 251658240                              {pd product} {ergonomic}
     bool SegmentedCodeCache                       = true                                      {product} {ergonomic}
   size_t SoftMaxHeapSize                          = 536870912                              {manageable} {ergonomic}
   double SweeperThreshold                         = 0.500000                                  {product} {ergonomic}
     intx ThreadStackSize                          = 768                                    {pd product} {command line}
     bool UseG1GC                                  = true                                      {product} {ergonomic}

Logging:
Log output configuration:
 #0: stdout all=off uptime,level,tags
 #1: stderr all=off uptime,level,tags

Environment Variables:
JAVA_HOME=/usr/lib/jvm/zulu-17-x86
PATH=/usr/java/jdk1.7.0_80/bin:/usr/java/jdk1.7.0_80/bin:/usr/java/jdk1.6.0_45/bin:/usr/java/jdk1.6.0_45/bin:/usr/java/jdk1.6.0_45/bin:/home/almalinux/.local/bin:/home/almalinux/bin:/sbin:/bin:/usr/bin:/usr/local/bin:/usr/local/sbin:/usr/sbin:/usr/lib/oracle/18.3/client/bin:/usr/lib/oracle/18.3/client/bin:/usr/lib/jvm/java-11-openjdk/bin:./
LD_LIBRARY_PATH=/usr/lib/jvm/java-17-zulu-openjdk-jdk-x86/lib/server:/usr/lib/jvm/java-17-zulu-openjdk-jdk-x86/lib:/usr/lib/jvm/java-17-zulu-openjdk-jdk-x86/../lib:/usr/lib/jvm/zulu-17-x86/lib/server:/usr/lib/jvm/java-11-openjdk/lib:/usr/lib/jvm/java-11-openjdk/lib/server:./
SHELL=/bin/bash
DISPLAY=:10.0
LANG=en_US.UTF-8
TERM=xterm-256color

Active Locale:
LC_ALL=en_US.UTF-8
LC_COLLATE=en_US.UTF-8
LC_CTYPE=en_US.UTF-8
LC_MESSAGES=en_US.UTF-8
LC_MONETARY=en_US.UTF-8
LC_NUMERIC=en_US.UTF-8
LC_TIME=en_US.UTF-8

Signal Handlers:
   SIGSEGV: crash_handler in libjvm.so, mask=11100100010111111101111111111110, flags=SA_RESTART|SA_SIGINFO, unblocked
    SIGBUS: crash_handler in libjvm.so, mask=11100100010111111101111111111110, flags=SA_RESTART|SA_SIGINFO, unblocked
    SIGFPE: crash_handler in libjvm.so, mask=11100100010111111101111111111110, flags=SA_RESTART|SA_SIGINFO, unblocked
   SIGPIPE: SIG_IGN, mask=00000000000010000000000000000000, flags=SA_RESTART, blocked
  *** Handler was modified!
  *** Expected: javaSignalHandler in libjvm.so, mask=11100100110111111111111111111110, flags=SA_RESTART|SA_SIGINFO
   SIGXFSZ: javaSignalHandler in libjvm.so, mask=11100100010111111101111111111110, flags=SA_RESTART|SA_SIGINFO, blocked
    SIGILL: crash_handler in libjvm.so, mask=11100100010111111101111111111110, flags=SA_RESTART|SA_SIGINFO, unblocked
   SIGUSR2: SR_handler in libjvm.so, mask=00100000000000000000000000000000, flags=SA_RESTART|SA_SIGINFO, blocked
    SIGHUP: UserHandler in libjvm.so, mask=11100100010111111101111111111110, flags=SA_RESTART|SA_SIGINFO, blocked
    SIGINT: UserHandler in libjvm.so, mask=11100100010111111101111111111110, flags=SA_RESTART|SA_SIGINFO, blocked
   SIGTERM: UserHandler in libjvm.so, mask=11100100010111111101111111111110, flags=SA_RESTART|SA_SIGINFO, blocked
   SIGQUIT: UserHandler in libjvm.so, mask=11100100010111111101111111111110, flags=SA_RESTART|SA_SIGINFO, blocked
   SIGTRAP: crash_handler in libjvm.so, mask=11100100010111111101111111111110, flags=SA_RESTART|SA_SIGINFO, unblocked


Periodic native trim disabled


---------------  S Y S T E M  ---------------

OS:
AlmaLinux release 8.10 (Cerulean Leopard)
uname: Linux 4.18.0-553.81.1.el8_10.x86_64 #1 SMP Mon Oct 27 11:29:19 EDT 2025 x86_64
OS uptime: 0 days 3:13 hours
libc: glibc 2.28 NPTL 2.28 
rlimit (soft/hard): STACK 8192k/infinity , CORE 0k/infinity , NPROC 61995/61995 , NOFILE 262144/262144 , AS infinity/infinity , CPU infinity/infinity , DATA infinity/infinity , FSIZE infinity/infinity , MEMLOCK 64k/64k
load average: 45.76 44.08 41.34

/proc/meminfo:
MemTotal:       16014448 kB
MemFree:         7357756 kB
MemAvailable:    8003704 kB
Buffers:              32 kB
Cached:          2022852 kB
SwapCached:        15564 kB
Active:          1979668 kB
Inactive:        5889492 kB
Active(anon):    1629036 kB
Inactive(anon):  5702088 kB
Active(file):     350632 kB
Inactive(file):   187404 kB
Unevictable:        3088 kB
Mlocked:               0 kB
SwapTotal:       8388604 kB
SwapFree:        7523144 kB
Dirty:                56 kB
Writeback:             0 kB
AnonPages:       5838636 kB
Mapped:           992244 kB
Shmem:           1484652 kB
KReclaimable:     284956 kB
Slab:             472680 kB
SReclaimable:     284956 kB
SUnreclaim:       187724 kB
KernelStack:       19644 kB
PageTables:       132124 kB
NFS_Unstable:          0 kB
Bounce:                0 kB
WritebackTmp:          0 kB
CommitLimit:    16395828 kB
Committed_AS:   17995852 kB
VmallocTotal:   34359738367 kB
VmallocUsed:       65460 kB
VmallocChunk:          0 kB
Percpu:             2688 kB
HardwareCorrupted:     0 kB
AnonHugePages:         0 kB
ShmemHugePages:        0 kB
ShmemPmdMapped:        0 kB
FileHugePages:         0 kB
FilePmdMapped:         0 kB
HugePages_Total:       0
HugePages_Free:        0
HugePages_Rsvd:        0
HugePages_Surp:        0
Hugepagesize:       2048 kB
Hugetlb:               0 kB
DirectMap4k:      911212 kB
DirectMap2M:    15472640 kB

/sys/kernel/mm/transparent_hugepage/enabled: always madvise [never]
/sys/kernel/mm/transparent_hugepage/hpage_pmd_size: 2097152
/sys/kernel/mm/transparent_hugepage/defrag (defrag/compaction efforts parameter): always defer defer+madvise [madvise] never

Process Memory:
Virtual Size: 988304K (peak: 994436K)
Resident Set Size: 137140K (peak: 152020K) (anon: 117936K, file: 19204K, shmem: 0K)
Swapped out: 0K
C-Heap outstanding allocations: 19783K, retained: 57464K
glibc malloc tunables: (default)

/proc/sys/kernel/threads-max (system-wide limit on the number of threads): 123991
/proc/sys/vm/max_map_count (maximum number of memory map areas a process may have): 1677720
/proc/sys/kernel/pid_max (system-wide limit on number of process identifiers): 4194304

container (cgroup) information:
container_type: cgroupv1
cpu_cpuset_cpus: 0-3
cpu_memory_nodes: 0
active_processor_count: 4
cpu_quota: no quota
cpu_period: 100000
cpu_shares: no shares
memory_limit_in_bytes: unlimited
memory_and_swap_limit_in_bytes: unlimited
memory_soft_limit_in_bytes: unlimited
memory_usage_in_bytes: 7495840 k
memory_max_usage_in_bytes: 14692824 k
kernel_memory_usage_in_bytes: 193760 k
kernel_memory_max_usage_in_bytes: unlimited
kernel_memory_limit_in_bytes: 683244 k
maximum number of tasks: unlimited
current number of tasks: 510

KVM virtualization detected
Steal ticks since vm start: 323
Steal ticks percentage since vm start:  0.000

CPU: total 4 (initial active 4) (1 cores per cpu, 1 threads per core) family 6 model 60 stepping 1 microcode 0x1, cx8, cmov, fxsr, mmx, sse, sse2, sse3, ssse3, sse4.1, sse4.2, popcnt, lzcnt, tsc, avx, avx2, aes, erms, clmul, bmi1, bmi2, fma, vzeroupper, clflush, hv
CPU Model and flags from /proc/cpuinfo:
model name	: Intel Core Processor (Haswell, no TSX)
flags		: fpu vme de pse tsc msr pae mce cx8 apic sep mtrr pge mca cmov pat pse36 clflush mmx fxsr sse sse2 syscall nx rdtscp lm constant_tsc rep_good nopl xtopology cpuid tsc_known_freq pni pclmulqdq vmx ssse3 fma cx16 pcid sse4_1 sse4_2 x2apic movbe popcnt tsc_deadline_timer aes xsave avx f16c rdrand hypervisor lahf_lm abm cpuid_fault invpcid_single pti tpr_shadow vnmi flexpriority ept vpid ept_ad fsgsbase bmi1 avx2 smep bmi2 erms invpcid xsaveopt arat md_clear

Online cpus: 0-3
Offline cpus: 
BIOS frequency limitation: <Not Available>
Frequency switch latency (ns): <Not Available>
Available cpu frequencies: <Not Available>
Current governor: <Not Available>
Core performance/turbo boost: <Not Available>

Memory: 4k page, physical 16014448k(7357756k free), swap 8388604k(7523144k free)
Page Sizes: 4k

vm_info: OpenJDK Server VM (17.0.11+9-LTS) for linux-x86 JRE (17.0.11+9-LTS) (Zulu17.50+19-CA), built on Apr  9 2024 07:14:46 by "zulu_re" with gcc 8.3.0

END.
