#
# A fatal error has been detected by the Java Runtime Environment:
#
#  SIGSEGV (0xb) at pc=0xf78e9618, pid=30334, tid=30334
#
# JRE version: OpenJDK Runtime Environment Zulu17.50+19-CA (17.0.11+9) (build 17.0.11+9-LTS)
# Java VM: OpenJDK Server VM Zulu17.50+19-CA (17.0.11+9-LTS, mixed mode, sharing, tiered, g1 gc, linux-x86)
# Problematic frame:
# C  [libc.so.6+0x84618]  cfree+0x28
#
# Core dump will be written. Default location: Core dumps may be processed with "/usr/lib/systemd/systemd-coredump %P %u %g %s %t %c %h %e" (or dumping to /home/almalinux/swg-returns-nge/exe/linux/core.30334)
#
# If you would like to submit a bug report, please visit:
#   http://www.azul.com/support/
#

---------------  S U M M A R Y ------------

Command Line: -Xms128m -Xmx512m -Xss768k -XX:MaxMetaspaceSize=96m -Xrs -XX:-UsePerfData -XX:-AllowUserSignalHandlers -XX:UseSSE=3 -XX+DoEscapeAnalysis -XX:AutoBoxCacheMax:2000 -XX:+OptimizeStringConcat -XX:+OptimizeFill -XX:+EliminateAutoBox -XX:+UseCompressedStrings -XX:+UseCompressedOops -XX:+EliminateLocks -XX:UseFastAccessorMethods -XX:+UseStringCache -XgcPrio:throughput -XXkeepAreaRatio:1 -XXlazyUnlocking -XXcallProfiling -XXcompactRatio:1 

Host: Intel Core Processor (Haswell, no TSX), 4 cores, 15G, AlmaLinux release 8.10 (Cerulean Leopard)
Time: Wed Jan 28 04:24:17 2026 UTC elapsed time: 19815.320521 seconds (0d 5h 30m 15s)

---------------  T H R E A D  ---------------

Current thread is native thread

Stack: [0xff7db000,0xff89b000],  sp=0xff898440,  free space=757k
Native frames: (J=compiled Java code, j=interpreted, Vv=VM code, C=native code)
C  [libc.so.6+0x84618]  cfree+0x28


siginfo: si_signo: 11 (SIGSEGV), si_code: 1 (SEGV_MAPERR), si_addr: 0x00000003

Registers:
EAX=0x00000000, EBX=0x00000007, ECX=0xf6f2784c, EDX=0x09f6ad88
ESP=0xff898440, EBP=0xff898578, ESI=0xf7a0a000, EDI=0x00000000
EIP=0xf78e9618, EFLAGS=0x00210202, CR2=0x0000000000000003


Top of Stack: (sp=0xff898440)
0xff898440:   09bee010 00000000 ff898578 f7b76f1c
0xff898450:   09bee0a0 f7c8da04 09f6ad60 f7b76f1c
0xff898460:   00000007 f7b76f0a f7c8da04 f7b76f4c
0xff898470:   09bee0a0 f7b76f0a 09f6eb00 085b6163
0xff898480:   00000007 09bee010 09bedd20 085bb8d1
0xff898490:   09bee010 09bedd20 00000000 085bb89b
0xff8984a0:   0b408920 ff8984c7 ff8984ec 085c6969
0xff8984b0:   087d6c00 ff8984ec ff898578 084fc53b
0xff8984c0:   00000014 00010002 00000000 00000000
0xff8984d0:   01010100 00000001 09aa44c0 00000000
0xff8984e0:   00000000 00000000 00000000 00000000
0xff8984f0:   00000000 00000013 ff898648 f789a6ff
0xff898500:   f7a0a41c 47677753 53656d61 65767265
0xff898510:   30333a72 00343333 09290100 09f50120
0xff898520:   08ea0100 08ebc230 08ea5888 f7a0a41c
0xff898530:   00000428 00000420 f789a779 085758fd
0xff898540:   08ea2a80 09b1ea78 08ea5888 08574f56
0xff898550:   0929a2c4 0929a2c4 ff898648 08ea583b
0xff898560:   0000000c ff898614 ff898590 f7a0a000
0xff898570:   00000000 08575910 00000000 f7882f26
0xff898580:   00000000 08575910 00000000 f7882f26
0xff898590:   0000000c ff898614 ff898648 ff8985b4
0xff8985a0:   0929a2d0 00000000 ff898648 f7a0a000
0xff8985b0:   f787275c f7a0a000 00000000 08575910
0xff8985c0:   00000000 dfd963bb dc8f8bab 00000000
0xff8985d0:   00000000 00000000 f7f894d0 f7882e30
0xff8985e0:   084fc260 0929a2c4 0000000c 08575946
0xff8985f0:   084fc260 0000000c ff898614 08ea57f0
0xff898600:   08ea5850 f7f894d0 ff89860c f7fb6970
0xff898610:   0000000c ff899637 ff899649 ff89964c
0xff898620:   ff89965e ff899661 ff89966c ff899690
0xff898630:   ff8996a0 ff8996b4 ff8996d8 ff8996db 

Instructions: (pc=0xf78e9618)
0xf78e9518:   50 8d 96 86 f7 fa ff 8d 86 d0 2f fb ff e8 c6 b7
0xf78e9528:   ff ff 8d b6 00 00 00 00 bb 20 00 00 00 e9 5e fe
0xf78e9538:   ff ff e8 a1 c0 ff ff 89 c5 85 c0 0f 85 68 ff ff
0xf78e9548:   ff 31 d2 8d 44 3b 10 e8 8c c1 ff ff 89 da 89 f9
0xf78e9558:   89 c5 e8 11 f0 ff ff 89 c2 85 c0 75 1b 85 ed 74
0xf78e9568:   17 90 89 fa 89 e8 e8 bd c5 ff ff 89 da 89 f9 89
0xf78e9578:   c5 e8 f2 ef ff ff 89 c2 85 ed 0f 84 57 ff ff ff
0xf78e9588:   e9 39 ff ff ff 8d 86 b8 31 fb ff 83 ec 0c b9 25
0xf78e9598:   0d 00 00 50 8d 96 86 f7 fa ff 8d 86 74 2f fb ff
0xf78e95a8:   e8 43 b7 ff ff 8d 76 00 f3 0f 1e fb e8 0a 9a f9
0xf78e95b8:   ff 05 47 0a 12 00 56 53 83 ec 04 8b 5c 24 10 8b
0xf78e95c8:   74 24 14 8b 80 50 ff ff ff c7 00 00 00 00 00 e8
0xf78e95d8:   54 bb ff ff 8b 4c 24 0c 83 c4 04 89 f2 89 d8 5b
0xf78e95e8:   5e e9 42 fd ff ff 66 90 f3 0f 1e fb 56 e8 9a 9b
0xf78e95f8:   f9 ff 81 c6 06 0a 12 00 53 83 ec 14 8b 5c 24 20
0xf78e9608:   8b 86 5c ff ff ff 8b 00 85 c0 75 6c 85 db 74 75
0xf78e9618:   8b 4b fc 8d 53 f8 f6 c1 02 75 35 8b 86 70 fe ff
0xf78e9628:   ff 65 8b 00 85 c0 0f 84 8c 00 00 00 83 e1 04 8d
0xf78e9638:   86 60 07 00 00 74 09 89 d0 25 00 00 f0 ff 8b 00
0xf78e9648:   83 c4 14 31 c9 5b 5e e9 8c cb ff ff 8d 74 26 00
0xf78e9658:   8b 9e 60 01 00 00 85 db 75 10 3b 8e 48 01 00 00
0xf78e9668:   76 08 81 f9 00 00 08 00 76 26 83 c4 14 89 d0 5b
0xf78e9678:   5e e9 92 b8 ff ff 66 90 83 ec 08 ff 74 24 24 53
0xf78e9688:   ff d0 83 c4 10 83 c4 14 5b 5e c3 8d 74 26 00 90
0xf78e9698:   39 96 80 1d 00 00 77 08 39 96 7c 1d 00 00 77 ca
0xf78e96a8:   83 e1 f8 8d 04 09 89 8e 48 01 00 00 89 86 40 01
0xf78e96b8:   00 00 90 eb b5 8d 76 00 8b 86 74 fe ff ff 65 80
0xf78e96c8:   38 00 0f 85 64 ff ff ff 89 54 24 0c e8 97 ed ff
0xf78e96d8:   ff 8b 4b fc 8b 54 24 0c e9 4f ff ff ff 8d b4 26
0xf78e96e8:   00 00 00 00 8d 74 26 00 f3 0f 1e fb 55 57 56 e8
0xf78e96f8:   98 9a f9 ff 81 c6 04 09 12 00 53 83 ec 0c 8b 86
0xf78e9708:   70 fe ff ff 8b 96 74 fe ff ff 65 8b 28 65 c6 02 



---------------  P R O C E S S  ---------------

VM state: at safepoint (shutting down)

VM Mutex/Monitor currently owned by a thread:  ([mutex/lock_event])
[0xf5e21d30] Threads_lock - owner thread: 0xc4294cf0

GC Precious Log:
<Skipped>

Heap:
 garbage-first heap   total 131072K, used 52638K [0xc5c00000, 0xe5c00000)
  region size 1024K, 51 young (52224K), 2 survivors (2048K)
 Metaspace       used 3568K, committed 3840K, reserved 16384K

Heap Regions: E=young(eden), S=young(survivor), O=old, HS=humongous(starts), HC=humongous(continues), CS=collection set, F=free, OA=open archive, CA=closed archive, TAMS=top-at-mark-start (previous, next)
|   0|0xc5c00000, 0xc5d00000, 0xc5d00000|100%| O|  |TAMS 0xc5c00000, 0xc5c00000| Untracked 
|   1|0xc5d00000, 0xc5dc8000, 0xc5e00000| 78%| O|  |TAMS 0xc5d00000, 0xc5d00000| Untracked 
|   2|0xc5e00000, 0xc5e00000, 0xc5f00000|  0%| F|  |TAMS 0xc5e00000, 0xc5e00000| Untracked 
|   3|0xc5f00000, 0xc5f00000, 0xc6000000|  0%| F|  |TAMS 0xc5f00000, 0xc5f00000| Untracked 
|   4|0xc6000000, 0xc6000000, 0xc6100000|  0%| F|  |TAMS 0xc6000000, 0xc6000000| Untracked 
|   5|0xc6100000, 0xc6100000, 0xc6200000|  0%| F|  |TAMS 0xc6100000, 0xc6100000| Untracked 
|   6|0xc6200000, 0xc6200000, 0xc6300000|  0%| F|  |TAMS 0xc6200000, 0xc6200000| Untracked 
|   7|0xc6300000, 0xc6300000, 0xc6400000|  0%| F|  |TAMS 0xc6300000, 0xc6300000| Untracked 
|   8|0xc6400000, 0xc6400000, 0xc6500000|  0%| F|  |TAMS 0xc6400000, 0xc6400000| Untracked 
|   9|0xc6500000, 0xc6500000, 0xc6600000|  0%| F|  |TAMS 0xc6500000, 0xc6500000| Untracked 
|  10|0xc6600000, 0xc6600000, 0xc6700000|  0%| F|  |TAMS 0xc6600000, 0xc6600000| Untracked 
|  11|0xc6700000, 0xc6700000, 0xc6800000|  0%| F|  |TAMS 0xc6700000, 0xc6700000| Untracked 
|  12|0xc6800000, 0xc6800000, 0xc6900000|  0%| F|  |TAMS 0xc6800000, 0xc6800000| Untracked 
|  13|0xc6900000, 0xc6900000, 0xc6a00000|  0%| F|  |TAMS 0xc6900000, 0xc6900000| Untracked 
|  14|0xc6a00000, 0xc6a00000, 0xc6b00000|  0%| F|  |TAMS 0xc6a00000, 0xc6a00000| Untracked 
|  15|0xc6b00000, 0xc6b00000, 0xc6c00000|  0%| F|  |TAMS 0xc6b00000, 0xc6b00000| Untracked 
|  16|0xc6c00000, 0xc6c00000, 0xc6d00000|  0%| F|  |TAMS 0xc6c00000, 0xc6c00000| Untracked 
|  17|0xc6d00000, 0xc6d00000, 0xc6e00000|  0%| F|  |TAMS 0xc6d00000, 0xc6d00000| Untracked 
|  18|0xc6e00000, 0xc6e00000, 0xc6f00000|  0%| F|  |TAMS 0xc6e00000, 0xc6e00000| Untracked 
|  19|0xc6f00000, 0xc6f00000, 0xc7000000|  0%| F|  |TAMS 0xc6f00000, 0xc6f00000| Untracked 
|  20|0xc7000000, 0xc7000000, 0xc7100000|  0%| F|  |TAMS 0xc7000000, 0xc7000000| Untracked 
|  21|0xc7100000, 0xc7100000, 0xc7200000|  0%| F|  |TAMS 0xc7100000, 0xc7100000| Untracked 
|  22|0xc7200000, 0xc7200000, 0xc7300000|  0%| F|  |TAMS 0xc7200000, 0xc7200000| Untracked 
|  23|0xc7300000, 0xc7300000, 0xc7400000|  0%| F|  |TAMS 0xc7300000, 0xc7300000| Untracked 
|  24|0xc7400000, 0xc7400000, 0xc7500000|  0%| F|  |TAMS 0xc7400000, 0xc7400000| Untracked 
|  25|0xc7500000, 0xc7500000, 0xc7600000|  0%| F|  |TAMS 0xc7500000, 0xc7500000| Untracked 
|  26|0xc7600000, 0xc7600000, 0xc7700000|  0%| F|  |TAMS 0xc7600000, 0xc7600000| Untracked 
|  27|0xc7700000, 0xc7700000, 0xc7800000|  0%| F|  |TAMS 0xc7700000, 0xc7700000| Untracked 
|  28|0xc7800000, 0xc7800000, 0xc7900000|  0%| F|  |TAMS 0xc7800000, 0xc7800000| Untracked 
|  29|0xc7900000, 0xc7900000, 0xc7a00000|  0%| F|  |TAMS 0xc7900000, 0xc7900000| Untracked 
|  30|0xc7a00000, 0xc7a00000, 0xc7b00000|  0%| F|  |TAMS 0xc7a00000, 0xc7a00000| Untracked 
|  31|0xc7b00000, 0xc7b00000, 0xc7c00000|  0%| F|  |TAMS 0xc7b00000, 0xc7b00000| Untracked 
|  32|0xc7c00000, 0xc7c00000, 0xc7d00000|  0%| F|  |TAMS 0xc7c00000, 0xc7c00000| Untracked 
|  33|0xc7d00000, 0xc7d00000, 0xc7e00000|  0%| F|  |TAMS 0xc7d00000, 0xc7d00000| Untracked 
|  34|0xc7e00000, 0xc7e00000, 0xc7f00000|  0%| F|  |TAMS 0xc7e00000, 0xc7e00000| Untracked 
|  35|0xc7f00000, 0xc7f00000, 0xc8000000|  0%| F|  |TAMS 0xc7f00000, 0xc7f00000| Untracked 
|  36|0xc8000000, 0xc8000000, 0xc8100000|  0%| F|  |TAMS 0xc8000000, 0xc8000000| Untracked 
|  37|0xc8100000, 0xc8100000, 0xc8200000|  0%| F|  |TAMS 0xc8100000, 0xc8100000| Untracked 
|  38|0xc8200000, 0xc8200000, 0xc8300000|  0%| F|  |TAMS 0xc8200000, 0xc8200000| Untracked 
|  39|0xc8300000, 0xc8300000, 0xc8400000|  0%| F|  |TAMS 0xc8300000, 0xc8300000| Untracked 
|  40|0xc8400000, 0xc8400000, 0xc8500000|  0%| F|  |TAMS 0xc8400000, 0xc8400000| Untracked 
|  41|0xc8500000, 0xc8500000, 0xc8600000|  0%| F|  |TAMS 0xc8500000, 0xc8500000| Untracked 
|  42|0xc8600000, 0xc8600000, 0xc8700000|  0%| F|  |TAMS 0xc8600000, 0xc8600000| Untracked 
|  43|0xc8700000, 0xc8700000, 0xc8800000|  0%| F|  |TAMS 0xc8700000, 0xc8700000| Untracked 
|  44|0xc8800000, 0xc8800000, 0xc8900000|  0%| F|  |TAMS 0xc8800000, 0xc8800000| Untracked 
|  45|0xc8900000, 0xc8900000, 0xc8a00000|  0%| F|  |TAMS 0xc8900000, 0xc8900000| Untracked 
|  46|0xc8a00000, 0xc8a00000, 0xc8b00000|  0%| F|  |TAMS 0xc8a00000, 0xc8a00000| Untracked 
|  47|0xc8b00000, 0xc8b00000, 0xc8c00000|  0%| F|  |TAMS 0xc8b00000, 0xc8b00000| Untracked 
|  48|0xc8c00000, 0xc8c00000, 0xc8d00000|  0%| F|  |TAMS 0xc8c00000, 0xc8c00000| Untracked 
|  49|0xc8d00000, 0xc8d00000, 0xc8e00000|  0%| F|  |TAMS 0xc8d00000, 0xc8d00000| Untracked 
|  50|0xc8e00000, 0xc8e00000, 0xc8f00000|  0%| F|  |TAMS 0xc8e00000, 0xc8e00000| Untracked 
|  51|0xc8f00000, 0xc8f00000, 0xc9000000|  0%| F|  |TAMS 0xc8f00000, 0xc8f00000| Untracked 
|  52|0xc9000000, 0xc909f000, 0xc9100000| 62%| S|CS|TAMS 0xc9000000, 0xc9000000| Complete 
|  53|0xc9100000, 0xc9200000, 0xc9200000|100%| S|CS|TAMS 0xc9100000, 0xc9100000| Complete 
|  54|0xc9200000, 0xc9200000, 0xc9300000|  0%| F|  |TAMS 0xc9200000, 0xc9200000| Untracked 
|  55|0xc9300000, 0xc9300000, 0xc9400000|  0%| F|  |TAMS 0xc9300000, 0xc9300000| Untracked 
|  56|0xc9400000, 0xc9400000, 0xc9500000|  0%| F|  |TAMS 0xc9400000, 0xc9400000| Untracked 
|  57|0xc9500000, 0xc9500000, 0xc9600000|  0%| F|  |TAMS 0xc9500000, 0xc9500000| Untracked 
|  58|0xc9600000, 0xc9600000, 0xc9700000|  0%| F|  |TAMS 0xc9600000, 0xc9600000| Untracked 
|  59|0xc9700000, 0xc9700000, 0xc9800000|  0%| F|  |TAMS 0xc9700000, 0xc9700000| Untracked 
|  60|0xc9800000, 0xc9800000, 0xc9900000|  0%| F|  |TAMS 0xc9800000, 0xc9800000| Untracked 
|  61|0xc9900000, 0xc9900000, 0xc9a00000|  0%| F|  |TAMS 0xc9900000, 0xc9900000| Untracked 
|  62|0xc9a00000, 0xc9a00000, 0xc9b00000|  0%| F|  |TAMS 0xc9a00000, 0xc9a00000| Untracked 
|  63|0xc9b00000, 0xc9b00000, 0xc9c00000|  0%| F|  |TAMS 0xc9b00000, 0xc9b00000| Untracked 
|  64|0xc9c00000, 0xc9c00000, 0xc9d00000|  0%| F|  |TAMS 0xc9c00000, 0xc9c00000| Untracked 
|  65|0xc9d00000, 0xc9d00000, 0xc9e00000|  0%| F|  |TAMS 0xc9d00000, 0xc9d00000| Untracked 
|  66|0xc9e00000, 0xc9e00000, 0xc9f00000|  0%| F|  |TAMS 0xc9e00000, 0xc9e00000| Untracked 
|  67|0xc9f00000, 0xc9f00000, 0xca000000|  0%| F|  |TAMS 0xc9f00000, 0xc9f00000| Untracked 
|  68|0xca000000, 0xca000000, 0xca100000|  0%| F|  |TAMS 0xca000000, 0xca000000| Untracked 
|  69|0xca100000, 0xca100000, 0xca200000|  0%| F|  |TAMS 0xca100000, 0xca100000| Untracked 
|  70|0xca200000, 0xca200000, 0xca300000|  0%| F|  |TAMS 0xca200000, 0xca200000| Untracked 
|  71|0xca300000, 0xca300000, 0xca400000|  0%| F|  |TAMS 0xca300000, 0xca300000| Untracked 
|  72|0xca400000, 0xca400000, 0xca500000|  0%| F|  |TAMS 0xca400000, 0xca400000| Untracked 
|  73|0xca500000, 0xca500000, 0xca600000|  0%| F|  |TAMS 0xca500000, 0xca500000| Untracked 
|  74|0xca600000, 0xca600000, 0xca700000|  0%| F|  |TAMS 0xca600000, 0xca600000| Untracked 
|  75|0xca700000, 0xca700000, 0xca800000|  0%| F|  |TAMS 0xca700000, 0xca700000| Untracked 
|  76|0xca800000, 0xca800000, 0xca900000|  0%| F|  |TAMS 0xca800000, 0xca800000| Untracked 
|  77|0xca900000, 0xca900000, 0xcaa00000|  0%| F|  |TAMS 0xca900000, 0xca900000| Untracked 
|  78|0xcaa00000, 0xcaa00000, 0xcab00000|  0%| F|  |TAMS 0xcaa00000, 0xcaa00000| Untracked 
|  79|0xcab00000, 0xcab00800, 0xcac00000|  0%| E|  |TAMS 0xcab00000, 0xcab00000| Complete 
|  80|0xcac00000, 0xcad00000, 0xcad00000|100%| E|CS|TAMS 0xcac00000, 0xcac00000| Complete 
|  81|0xcad00000, 0xcae00000, 0xcae00000|100%| E|CS|TAMS 0xcad00000, 0xcad00000| Complete 
|  82|0xcae00000, 0xcaf00000, 0xcaf00000|100%| E|CS|TAMS 0xcae00000, 0xcae00000| Complete 
|  83|0xcaf00000, 0xcb000000, 0xcb000000|100%| E|CS|TAMS 0xcaf00000, 0xcaf00000| Complete 
|  84|0xcb000000, 0xcb100000, 0xcb100000|100%| E|CS|TAMS 0xcb000000, 0xcb000000| Complete 
|  85|0xcb100000, 0xcb200000, 0xcb200000|100%| E|CS|TAMS 0xcb100000, 0xcb100000| Complete 
|  86|0xcb200000, 0xcb300000, 0xcb300000|100%| E|CS|TAMS 0xcb200000, 0xcb200000| Complete 
|  87|0xcb300000, 0xcb400000, 0xcb400000|100%| E|CS|TAMS 0xcb300000, 0xcb300000| Complete 
|  88|0xcb400000, 0xcb500000, 0xcb500000|100%| E|CS|TAMS 0xcb400000, 0xcb400000| Complete 
|  89|0xcb500000, 0xcb600000, 0xcb600000|100%| E|CS|TAMS 0xcb500000, 0xcb500000| Complete 
|  90|0xcb600000, 0xcb700000, 0xcb700000|100%| E|CS|TAMS 0xcb600000, 0xcb600000| Complete 
|  91|0xcb700000, 0xcb800000, 0xcb800000|100%| E|CS|TAMS 0xcb700000, 0xcb700000| Complete 
|  92|0xcb800000, 0xcb900000, 0xcb900000|100%| E|CS|TAMS 0xcb800000, 0xcb800000| Complete 
|  93|0xcb900000, 0xcba00000, 0xcba00000|100%| E|CS|TAMS 0xcb900000, 0xcb900000| Complete 
|  94|0xcba00000, 0xcbb00000, 0xcbb00000|100%| E|CS|TAMS 0xcba00000, 0xcba00000| Complete 
|  95|0xcbb00000, 0xcbc00000, 0xcbc00000|100%| E|CS|TAMS 0xcbb00000, 0xcbb00000| Complete 
|  96|0xcbc00000, 0xcbd00000, 0xcbd00000|100%| E|CS|TAMS 0xcbc00000, 0xcbc00000| Complete 
|  97|0xcbd00000, 0xcbe00000, 0xcbe00000|100%| E|CS|TAMS 0xcbd00000, 0xcbd00000| Complete 
|  98|0xcbe00000, 0xcbf00000, 0xcbf00000|100%| E|CS|TAMS 0xcbe00000, 0xcbe00000| Complete 
|  99|0xcbf00000, 0xcc000000, 0xcc000000|100%| E|CS|TAMS 0xcbf00000, 0xcbf00000| Complete 
| 100|0xcc000000, 0xcc100000, 0xcc100000|100%| E|CS|TAMS 0xcc000000, 0xcc000000| Complete 
| 101|0xcc100000, 0xcc200000, 0xcc200000|100%| E|CS|TAMS 0xcc100000, 0xcc100000| Complete 
| 102|0xcc200000, 0xcc300000, 0xcc300000|100%| E|CS|TAMS 0xcc200000, 0xcc200000| Complete 
| 103|0xcc300000, 0xcc400000, 0xcc400000|100%| E|CS|TAMS 0xcc300000, 0xcc300000| Complete 
| 104|0xcc400000, 0xcc500000, 0xcc500000|100%| E|CS|TAMS 0xcc400000, 0xcc400000| Complete 
| 105|0xcc500000, 0xcc600000, 0xcc600000|100%| E|CS|TAMS 0xcc500000, 0xcc500000| Complete 
| 106|0xcc600000, 0xcc700000, 0xcc700000|100%| E|CS|TAMS 0xcc600000, 0xcc600000| Complete 
| 107|0xcc700000, 0xcc800000, 0xcc800000|100%| E|CS|TAMS 0xcc700000, 0xcc700000| Complete 
| 108|0xcc800000, 0xcc900000, 0xcc900000|100%| E|CS|TAMS 0xcc800000, 0xcc800000| Complete 
| 109|0xcc900000, 0xcca00000, 0xcca00000|100%| E|CS|TAMS 0xcc900000, 0xcc900000| Complete 
| 110|0xcca00000, 0xccb00000, 0xccb00000|100%| E|CS|TAMS 0xcca00000, 0xcca00000| Complete 
| 111|0xccb00000, 0xccc00000, 0xccc00000|100%| E|CS|TAMS 0xccb00000, 0xccb00000| Complete 
| 112|0xccc00000, 0xccd00000, 0xccd00000|100%| E|CS|TAMS 0xccc00000, 0xccc00000| Complete 
| 113|0xccd00000, 0xcce00000, 0xcce00000|100%| E|CS|TAMS 0xccd00000, 0xccd00000| Complete 
| 114|0xcce00000, 0xccf00000, 0xccf00000|100%| E|CS|TAMS 0xcce00000, 0xcce00000| Complete 
| 115|0xccf00000, 0xcd000000, 0xcd000000|100%| E|CS|TAMS 0xccf00000, 0xccf00000| Complete 
| 116|0xcd000000, 0xcd100000, 0xcd100000|100%| E|CS|TAMS 0xcd000000, 0xcd000000| Complete 
| 117|0xcd100000, 0xcd200000, 0xcd200000|100%| E|CS|TAMS 0xcd100000, 0xcd100000| Complete 
| 118|0xcd200000, 0xcd300000, 0xcd300000|100%| E|CS|TAMS 0xcd200000, 0xcd200000| Complete 
| 119|0xcd300000, 0xcd400000, 0xcd400000|100%| E|CS|TAMS 0xcd300000, 0xcd300000| Complete 
| 120|0xcd400000, 0xcd500000, 0xcd500000|100%| E|CS|TAMS 0xcd400000, 0xcd400000| Complete 
| 121|0xcd500000, 0xcd600000, 0xcd600000|100%| E|CS|TAMS 0xcd500000, 0xcd500000| Complete 
| 122|0xcd600000, 0xcd700000, 0xcd700000|100%| E|CS|TAMS 0xcd600000, 0xcd600000| Complete 
| 123|0xcd700000, 0xcd800000, 0xcd800000|100%| E|CS|TAMS 0xcd700000, 0xcd700000| Complete 
| 124|0xcd800000, 0xcd900000, 0xcd900000|100%| E|CS|TAMS 0xcd800000, 0xcd800000| Complete 
| 125|0xcd900000, 0xcda00000, 0xcda00000|100%| E|CS|TAMS 0xcd900000, 0xcd900000| Complete 
| 126|0xcda00000, 0xcdb00000, 0xcdb00000|100%| E|CS|TAMS 0xcda00000, 0xcda00000| Complete 
| 127|0xcdb00000, 0xcdc00000, 0xcdc00000|100%| E|CS|TAMS 0xcdb00000, 0xcdb00000| Complete 

Card table byte_map: [0xc5a00000,0xc5b00000] _byte_map_base: 0xc53d2000

Marking Bits (Prev, Next): (CMBitMap*) 0xf5e8b528, (CMBitMap*) 0xf5e8b548
 Prev Bits: [0xc5100000, 0xc5900000)
 Next Bits: [0xc4900000, 0xc5100000)

Polling page: 0xf7f7b000

Metaspace:

Usage:
    3.49 MB used.

Virtual space:
     16.00 MB reserved,       3.75 MB ( 23%) committed,  1 nodes.

Chunk freelists:
9.66 MB

MaxMetaspaceSize: 96.00 MB
No class space
Initial GC threshold: 16.00 MB
Current GC threshold: 16.00 MB
CDS: on
MetaspaceReclaimPolicy: balanced
 - commit_granule_bytes: 65536.
 - commit_granule_words: 16384.
 - virtual_space_node_default_size: 4194304.
 - enlarge_chunks_in_place: 1.
 - new_chunks_are_fully_committed: 0.
 - uncommit_free_chunks: 1.
 - use_allocation_guard: 0.
 - handle_deallocations: 1.


Internal statistics:

num_allocs_failed_limit: 0.
num_arena_births: 152.
num_arena_deaths: 0.
num_vsnodes_births: 1.
num_vsnodes_deaths: 0.
num_space_committed: 60.
num_space_uncommitted: 0.
num_chunks_returned_to_freelist: 0.
num_chunks_taken_from_freelist: 313.
num_chunk_merges: 0.
num_chunk_splits: 206.
num_chunks_enlarged: 129.
num_inconsistent_stats: 0.

CodeHeap 'non-profiled nmethods': size=120172Kb used=1210Kb max_used=1210Kb free=118962Kb
 bounds [0xed7f5000, 0xeda35000, 0xf4d50000]
CodeHeap 'profiled nmethods': size=120172Kb used=3006Kb max_used=3006Kb free=117165Kb
 bounds [0xe5d50000, 0xe6040000, 0xed2ab000]
CodeHeap 'non-nmethods': size=5416Kb used=724Kb max_used=769Kb free=4691Kb
 bounds [0xed2ab000, 0xed4eb000, 0xed7f5000]
 total_blobs=1952 nmethods=1620 adapters=246
 compilation: enabled
              stopped_count=0, restarted_count=0
 full_count=0

Compilation events (20 events):
Event: 17817.820 Thread 0xc429f450 1614       4       java.lang.invoke.MethodType::parameterCount (6 bytes)
Event: 17817.820 Thread 0xc429f450 nmethod 1614 0xed922f08 code [0xed923020, 0xed9230b0]
Event: 17817.826 Thread 0xc42a0580 1612       3       java.lang.Class::cast (27 bytes)
Event: 17817.827 Thread 0xc42a0580 nmethod 1612 0xe603d208 code [0xe603d360, 0xe603d598]
Event: 17817.827 Thread 0xc42a0580 1613       3       java.lang.invoke.LambdaFormEditor$Transform::equals (32 bytes)
Event: 17817.827 Thread 0xc42a0580 nmethod 1613 0xe603d688 code [0xe603d7c0, 0xe603d96c]
Event: 17817.827 Thread 0xc42a0580 1615       3       java.lang.invoke.ClassSpecializer$SpeciesData::fieldCount (10 bytes)
Event: 17817.827 Thread 0xc42a0580 nmethod 1615 0xe603da08 code [0xe603db40, 0xe603dcec]
Event: 17817.827 Thread 0xc42a0580 1611       3       java.util.Arrays::copyOfRange (90 bytes)
Event: 17817.828 Thread 0xc42a0580 nmethod 1611 0xe603dd88 code [0xe603dfc0, 0xe603e9b8]
Event: 17817.828 Thread 0xc42a0580 1616       1       java.lang.AbstractStringBuilder::length (5 bytes)
Event: 17817.828 Thread 0xc42a0580 nmethod 1616 0xed923208 code [0xed923320, 0xed9233e0]
Event: 17840.364 Thread 0xc429f450 1617       4       script.obj_id::getValue (8 bytes)
Event: 17840.365 Thread 0xc429f450 nmethod 1617 0xed923508 code [0xed923620, 0xed9236b0]
Event: 18382.498 Thread 0xc42a0580 1618       3       java.util.stream.AbstractPipeline::isParallel (8 bytes)
Event: 18382.499 Thread 0xc42a0580 nmethod 1618 0xe603ee08 code [0xe603ef20, 0xe603f040]
Event: 18382.499 Thread 0xc42a0580 1619       3       java.util.WeakHashMap::maskNull (12 bytes)
Event: 18382.499 Thread 0xc42a0580 nmethod 1619 0xe603f108 code [0xe603f240, 0xe603f360]
Event: 19442.381 Thread 0xc42a0580 1620  s    3       java.util.Hashtable::containsKey (65 bytes)
Event: 19442.382 Thread 0xc42a0580 nmethod 1620 0xe603f408 code [0xe603f580, 0xe603f9f8]

GC Heap History (16 events):
Event: 29.058 GC heap before
{Heap before GC invocations=0 (full 0):
 garbage-first heap   total 131072K, used 12288K [0xc5c00000, 0xe5c00000)
  region size 1024K, 13 young (13312K), 0 survivors (0K)
 Metaspace       used 1863K, committed 2048K, reserved 16384K
}
Event: 29.070 GC heap after
{Heap after GC invocations=1 (full 0):
 garbage-first heap   total 131072K, used 2239K [0xc5c00000, 0xe5c00000)
  region size 1024K, 2 young (2048K), 2 survivors (2048K)
 Metaspace       used 1863K, committed 2048K, reserved 16384K
}
Event: 30.171 GC heap before
{Heap before GC invocations=1 (full 0):
 garbage-first heap   total 131072K, used 18623K [0xc5c00000, 0xe5c00000)
  region size 1024K, 18 young (18432K), 2 survivors (2048K)
 Metaspace       used 2071K, committed 2240K, reserved 16384K
}
Event: 30.178 GC heap after
{Heap after GC invocations=2 (full 0):
 garbage-first heap   total 131072K, used 2240K [0xc5c00000, 0xe5c00000)
  region size 1024K, 1 young (1024K), 1 survivors (1024K)
 Metaspace       used 2071K, committed 2240K, reserved 16384K
}
Event: 2594.557 GC heap before
{Heap before GC invocations=2 (full 0):
 garbage-first heap   total 131072K, used 79040K [0xc5c00000, 0xe5c00000)
  region size 1024K, 76 young (77824K), 1 survivors (1024K)
 Metaspace       used 3342K, committed 3584K, reserved 16384K
}
Event: 2594.586 GC heap after
{Heap after GC invocations=3 (full 0):
 garbage-first heap   total 131072K, used 3381K [0xc5c00000, 0xe5c00000)
  region size 1024K, 2 young (2048K), 2 survivors (2048K)
 Metaspace       used 3342K, committed 3584K, reserved 16384K
}
Event: 7308.813 GC heap before
{Heap before GC invocations=3 (full 0):
 garbage-first heap   total 131072K, used 79157K [0xc5c00000, 0xe5c00000)
  region size 1024K, 76 young (77824K), 2 survivors (2048K)
 Metaspace       used 3366K, committed 3584K, reserved 16384K
}
Event: 7308.841 GC heap after
{Heap after GC invocations=4 (full 0):
 garbage-first heap   total 131072K, used 3356K [0xc5c00000, 0xe5c00000)
  region size 1024K, 2 young (2048K), 2 survivors (2048K)
 Metaspace       used 3366K, committed 3584K, reserved 16384K
}
Event: 12263.773 GC heap before
{Heap before GC invocations=4 (full 0):
 garbage-first heap   total 131072K, used 79132K [0xc5c00000, 0xe5c00000)
  region size 1024K, 76 young (77824K), 2 survivors (2048K)
 Metaspace       used 3372K, committed 3584K, reserved 16384K
}
Event: 12263.811 GC heap after
{Heap after GC invocations=5 (full 0):
 garbage-first heap   total 131072K, used 3341K [0xc5c00000, 0xe5c00000)
  region size 1024K, 2 young (2048K), 2 survivors (2048K)
 Metaspace       used 3372K, committed 3584K, reserved 16384K
}
Event: 15534.217 GC heap before
{Heap before GC invocations=5 (full 0):
 garbage-first heap   total 131072K, used 79117K [0xc5c00000, 0xe5c00000)
  region size 1024K, 76 young (77824K), 2 survivors (2048K)
 Metaspace       used 3510K, committed 3776K, reserved 16384K
}
Event: 15534.233 GC heap after
{Heap after GC invocations=6 (full 0):
 garbage-first heap   total 131072K, used 3635K [0xc5c00000, 0xe5c00000)
  region size 1024K, 2 young (2048K), 2 survivors (2048K)
 Metaspace       used 3510K, committed 3776K, reserved 16384K
}
Event: 16583.042 GC heap before
{Heap before GC invocations=6 (full 0):
 garbage-first heap   total 131072K, used 79411K [0xc5c00000, 0xe5c00000)
  region size 1024K, 76 young (77824K), 2 survivors (2048K)
 Metaspace       used 3525K, committed 3776K, reserved 16384K
}
Event: 16583.060 GC heap after
{Heap after GC invocations=7 (full 0):
 garbage-first heap   total 131072K, used 3571K [0xc5c00000, 0xe5c00000)
  region size 1024K, 2 young (2048K), 2 survivors (2048K)
 Metaspace       used 3525K, committed 3776K, reserved 16384K
}
Event: 17672.219 GC heap before
{Heap before GC invocations=7 (full 0):
 garbage-first heap   total 131072K, used 79347K [0xc5c00000, 0xe5c00000)
  region size 1024K, 76 young (77824K), 2 survivors (2048K)
 Metaspace       used 3553K, committed 3840K, reserved 16384K
}
Event: 17672.269 GC heap after
{Heap after GC invocations=8 (full 0):
 garbage-first heap   total 131072K, used 3484K [0xc5c00000, 0xe5c00000)
  region size 1024K, 2 young (2048K), 2 survivors (2048K)
 Metaspace       used 3553K, committed 3840K, reserved 16384K
}

Dll operation events (4 events):
Event: 0.035 Loaded shared library /usr/lib/jvm/java-17-zulu-openjdk-jdk-x86/lib/libjava.so
Event: 35.718 Loaded shared library /usr/lib/jvm/java-17-zulu-openjdk-jdk-x86/lib/libnio.so
Event: 35.719 Loaded shared library /usr/lib/jvm/java-17-zulu-openjdk-jdk-x86/lib/libjimage.so
Event: 35.720 Loaded shared library /usr/lib/jvm/java-17-zulu-openjdk-jdk-x86/lib/libnet.so

Deoptimization events (20 events):
Event: 15575.538 Thread 0x0b27b9d0 Uncommon trap: trap_request=0xffffff45 fr.pc=0xed8b13dc relative=0x0000179c
Event: 15575.538 Thread 0x0b27b9d0 Uncommon trap: reason=unstable_if action=reinterpret pc=0xed8b13dc method=script.library.utils.setScriptVar(Lscript/obj_id;Ljava/lang/String;I)Z @ 4 c2
Event: 15575.538 Thread 0x0b27b9d0 DEOPT PACKING pc=0xed8b13dc sp=0xff897c20
Event: 15575.538 Thread 0x0b27b9d0 DEOPT UNPACKING pc=0xed2f4d33 sp=0xff897bbc mode 2
Event: 16941.414 Thread 0x0b27b9d0 Uncommon trap: trap_request=0xffffff45 fr.pc=0xed906ea4 relative=0x00002a84
Event: 16941.414 Thread 0x0b27b9d0 Uncommon trap: reason=unstable_if action=reinterpret pc=0xed906ea4 method=script.space.combat.combat_ship.OnShipWasHit(Lscript/obj_id;Lscript/obj_id;IZIIZFFF)I @ 51 c2
Event: 16941.414 Thread 0x0b27b9d0 DEOPT PACKING pc=0xed906ea4 sp=0xff897c10
Event: 16941.414 Thread 0x0b27b9d0 DEOPT UNPACKING pc=0xed2f4d33 sp=0xff897bcc mode 2
Event: 17817.775 Thread 0x0b27b9d0 Uncommon trap: trap_request=0xffffffde fr.pc=0xed8cad3c relative=0x000005dc
Event: 17817.775 Thread 0x0b27b9d0 Uncommon trap: reason=class_check action=maybe_recompile pc=0xed8cad3c method=script.dictionary.put(Ljava/lang/Object;Ljava/util/Vector;)Ljava/lang/Object; @ 93 c2
Event: 17817.775 Thread 0x0b27b9d0 DEOPT PACKING pc=0xed8cad3c sp=0xff896f90
Event: 17817.775 Thread 0x0b27b9d0 DEOPT UNPACKING pc=0xed2f4d33 sp=0xff896f8c mode 2
Event: 17817.776 Thread 0x0b27b9d0 Uncommon trap: trap_request=0xffffff45 fr.pc=0xed8abd78 relative=0x00000058
Event: 17817.776 Thread 0x0b27b9d0 Uncommon trap: reason=unstable_if action=reinterpret pc=0xed8abd78 method=java.io.ObjectStreamClass.getSerialVersionUID()J @ 4 c2
Event: 17817.776 Thread 0x0b27b9d0 DEOPT PACKING pc=0xed8abd78 sp=0xff896900
Event: 17817.776 Thread 0x0b27b9d0 DEOPT UNPACKING pc=0xed2f4d33 sp=0xff8968d8 mode 2
Event: 17817.816 Thread 0x0b27b9d0 Uncommon trap: trap_request=0xffffff45 fr.pc=0xed88e2a0 relative=0x00000360
Event: 17817.816 Thread 0x0b27b9d0 Uncommon trap: reason=unstable_if action=reinterpret pc=0xed88e2a0 method=java.util.Hashtable.containsKey(Ljava/lang/Object;)Z @ 36 c2
Event: 17817.816 Thread 0x0b27b9d0 DEOPT PACKING pc=0xed88e2a0 sp=0xff897300
Event: 17817.816 Thread 0x0b27b9d0 DEOPT UNPACKING pc=0xed2f4d33 sp=0xff8972d8 mode 2

Classes unloaded (0 events):
No events

Classes redefined (0 events):
No events

Internal exceptions (5 events):
Event: 33.651 Thread 0x0b27b9d0 Exception <a 'java/lang/NoSuchMethodError'{0xcd256d18}: static [Ljava/lang/String;.<clinit>()V> (0xcd256d18) 
thrown [src/hotspot/share/prims/jni.cpp, line 1112]
Event: 35.724 Thread 0x0b27b9d0 Exception <a 'java/lang/NoSuchMethodError'{0xcce5e0d0}: 'java.lang.Object java.lang.invoke.DirectMethodHandle$Holder.invokeStaticInit(java.lang.Object)'> (0xcce5e0d0) 
thrown [src/hotspot/share/interpreter/linkResolver.cpp, line 759]
Event: 14475.518 Thread 0x0b27b9d0 Exception <a 'java/lang/NoSuchMethodError'{0xcb9a2cf0}: 'java.lang.Object java.lang.invoke.DirectMethodHandle$Holder.invokeStatic(java.lang.Object, float)'> (0xcb9a2cf0) 
thrown [src/hotspot/share/interpreter/linkResolver.cpp, line 759]
Event: 15477.685 Thread 0x0b27b9d0 Implicit null exception at 0xed89e74c to 0xed89e860
Event: 17817.776 Thread 0x0b27b9d0 Exception <a 'java/lang/NoSuchMethodError'{0xcca8b908}: static [Lscript/obj_id;.<clinit>()V> (0xcca8b908) 
thrown [src/hotspot/share/prims/jni.cpp, line 1112]

VM Operations (20 events):
Event: 17216.586 Executing VM operation: Cleanup
Event: 17216.586 Executing VM operation: Cleanup done
Event: 17672.219 Executing VM operation: G1CollectForAllocation
Event: 17672.269 Executing VM operation: G1CollectForAllocation done
Event: 17818.543 Executing VM operation: Cleanup
Event: 17818.543 Executing VM operation: Cleanup done
Event: 17822.553 Executing VM operation: Cleanup
Event: 17822.553 Executing VM operation: Cleanup done
Event: 17828.563 Executing VM operation: Cleanup
Event: 17828.563 Executing VM operation: Cleanup done
Event: 17840.604 Executing VM operation: Cleanup
Event: 17840.604 Executing VM operation: Cleanup done
Event: 17857.978 Executing VM operation: HandshakeAllThreads
Event: 17857.978 Executing VM operation: HandshakeAllThreads done
Event: 17862.004 Executing VM operation: Cleanup
Event: 17862.004 Executing VM operation: Cleanup done
Event: 19446.795 Executing VM operation: Cleanup
Event: 19446.795 Executing VM operation: Cleanup done
Event: 19464.800 Executing VM operation: Cleanup
Event: 19464.800 Executing VM operation: Cleanup done

Events (20 events):
Event: 35.777 loading class sun/util/logging/PlatformLogger$ConfigurableBridge$LoggerConfiguration done
Event: 35.777 loading class jdk/internal/logger/SimpleConsoleLogger done
Event: 35.777 loading class jdk/internal/logger/SurrogateLogger done
Event: 35.777 loading class sun/util/logging/PlatformLogger
Event: 35.777 loading class sun/util/logging/PlatformLogger done
Event: 35.777 loading class sun/util/logging/PlatformLogger$Level
Event: 35.777 loading class sun/util/logging/PlatformLogger$Level done
Event: 35.777 loading class jdk/internal/event/DeserializationEvent
Event: 35.777 loading class jdk/internal/event/DeserializationEvent done
Event: 35.778 loading class java/io/ObjectInputStream$FieldValues
Event: 35.778 loading class java/io/ObjectInputStream$GetField
Event: 35.778 loading class java/io/ObjectInputStream$GetField done
Event: 35.778 loading class java/io/ObjectInputStream$FieldValues done
Event: 56.088 loading class java/io/ObjectStreamException
Event: 56.088 loading class java/io/ObjectStreamException done
Event: 14475.520 loading class jdk/internal/math/FDBigInteger
Event: 14475.521 loading class jdk/internal/math/FDBigInteger done
Event: 19803.372 Thread 0x0b27b9d0 Thread exited: 0x0b27b9d0
Event: 19803.379 Thread 0xf5e242d0 Thread exited: 0xf5e242d0
Event: 19803.379 Thread 0xc429bff0 Thread exited: 0xc429bff0


Dynamic libraries:
08048000-09298000 r-xp 00000000 08:04 494947248                          /home/almalinux/swg-returns-nge/build/bin/SwgGameServer
09298000-0929c000 rw-p 0124f000 08:04 494947248                          /home/almalinux/swg-returns-nge/build/bin/SwgGameServer
0929c000-09b1f000 rw-p 00000000 00:00 0 
09bb4000-0ddfe000 rw-p 00000000 00:00 0                                  [heap]
c0000000-c0059000 rw-p 00000000 00:00 0 
c0059000-c0100000 ---p 00000000 00:00 0 
c0200000-c02f9000 rw-p 00000000 00:00 0 
c02f9000-c0300000 ---p 00000000 00:00 0 
c0400000-c04f9000 rw-p 00000000 00:00 0 
c04f9000-c0500000 ---p 00000000 00:00 0 
c0500000-c05f5000 rw-p 00000000 00:00 0 
c05f5000-c0600000 ---p 00000000 00:00 0 
c0600000-c06fa000 rw-p 00000000 00:00 0 
c06fa000-c0700000 ---p 00000000 00:00 0 
c0700000-c07f9000 rw-p 00000000 00:00 0 
c07f9000-c0800000 ---p 00000000 00:00 0 
c0800000-c08fa000 rw-p 00000000 00:00 0 
c08fa000-c0900000 ---p 00000000 00:00 0 
c0a00000-c0af9000 rw-p 00000000 00:00 0 
c0af9000-c0b00000 ---p 00000000 00:00 0 
c0b00000-c0bf9000 rw-p 00000000 00:00 0 
c0bf9000-c0c00000 ---p 00000000 00:00 0 
c0c00000-c0cf9000 rw-p 00000000 00:00 0 
c0cf9000-c0d00000 ---p 00000000 00:00 0 
c0e00000-c0efc000 rw-p 00000000 00:00 0 
c0efc000-c0f00000 ---p 00000000 00:00 0 
c1100000-c11fe000 rw-p 00000000 00:00 0 
c11fe000-c1200000 ---p 00000000 00:00 0 
c127f000-c1280000 ---p 00000000 00:00 0 
c1280000-c1300000 rw-p 00000000 00:00 0 
c1300000-c13fb000 rw-p 00000000 00:00 0 
c13fb000-c1400000 ---p 00000000 00:00 0 
c1439000-c143a000 ---p 00000000 00:00 0 
c143a000-c14ba000 rw-p 00000000 00:00 0 
c14ba000-c14be000 ---p 00000000 00:00 0 
c14be000-c153b000 rw-p 00000000 00:00 0 
c173d000-c1741000 ---p 00000000 00:00 0 
c1741000-c17fe000 rw-p 00000000 00:00 0 
c17fe000-c1802000 ---p 00000000 00:00 0 
c1802000-c18bf000 rw-p 00000000 00:00 0 
c18bf000-c18c0000 ---p 00000000 00:00 0 
c18c0000-c1940000 rw-p 00000000 00:00 0 
c1940000-c1944000 ---p 00000000 00:00 0 
c1944000-c1a01000 rw-p 00000000 00:00 0 
c1a01000-c1a05000 ---p 00000000 00:00 0 
c1a05000-c1ac2000 rw-p 00000000 00:00 0 
c1ac2000-c1ac6000 ---p 00000000 00:00 0 
c1ac6000-c1b43000 rw-p 00000000 00:00 0 
c1b43000-c1b47000 ---p 00000000 00:00 0 
c1b47000-c1c04000 rw-p 00000000 00:00 0 
c1c04000-c1c08000 ---p 00000000 00:00 0 
c1c08000-c1cc5000 rw-p 00000000 00:00 0 
c1cc5000-c1cc9000 ---p 00000000 00:00 0 
c1cc9000-c1d86000 rw-p 00000000 00:00 0 
c1d86000-c2000000 r--p 00078000 08:04 535181                             /usr/lib/locale/locale-archive
c2000000-c2160000 rw-p 00000000 00:00 0 
c2160000-c2400000 ---p 00000000 00:00 0 
c2400000-c2660000 rw-p 00000000 00:00 0 
c2660000-c3000000 ---p 00000000 00:00 0 
c307e000-c327e000 r--p 00000000 08:04 535181                             /usr/lib/locale/locale-archive
c327e000-c3282000 ---p 00000000 00:00 0 
c3282000-c333f000 rw-p 00000000 00:00 0 
c333f000-c3343000 ---p 00000000 00:00 0 
c3343000-c3400000 rw-p 00000000 00:00 0 
c3400000-c3421000 rw-p 00000000 00:00 0 
c3421000-c3500000 ---p 00000000 00:00 0 
c3531000-c3535000 ---p 00000000 00:00 0 
c3535000-c35b2000 rw-p 00000000 00:00 0 
c35b2000-c35b3000 ---p 00000000 00:00 0 
c35b3000-c3633000 rw-p 00000000 00:00 0 
c3633000-c3f00000 rw-p 00001000 08:04 143240867                          /usr/lib/jvm/java-17-zulu-openjdk-jdk-x86/lib/server/classes.jsa
c3f00000-c3f21000 rw-p 00000000 00:00 0 
c3f21000-c4000000 ---p 00000000 00:00 0 
c407f000-c4080000 ---p 00000000 00:00 0 
c4080000-c4100000 rw-p 00000000 00:00 0 
c4100000-c4121000 rw-p 00000000 00:00 0 
c4121000-c4200000 ---p 00000000 00:00 0 
c4200000-c42d3000 rw-p 00000000 00:00 0 
c42d3000-c4300000 ---p 00000000 00:00 0 
c437f000-c4380000 ---p 00000000 00:00 0 
c4380000-c4400000 rw-p 00000000 00:00 0 
c4400000-c44e9000 rw-p 00000000 00:00 0 
c44e9000-c4500000 ---p 00000000 00:00 0 
c457f000-c4580000 ---p 00000000 00:00 0 
c4580000-c4600000 rw-p 00000000 00:00 0 
c4600000-c4700000 rw-p 00000000 00:00 0 
c4700000-c47ff000 rw-p 00000000 00:00 0 
c47ff000-c4800000 ---p 00000000 00:00 0 
c487f000-c4880000 ---p 00000000 00:00 0 
c4880000-c4b00000 rw-p 00000000 00:00 0 
c4b00000-c5100000 ---p 00000000 00:00 0 
c5100000-c5300000 rw-p 00000000 00:00 0 
c5300000-c5900000 ---p 00000000 00:00 0 
c5900000-c5940000 rw-p 00000000 00:00 0 
c5940000-c5a00000 ---p 00000000 00:00 0 
c5a00000-c5a40000 rw-p 00000000 00:00 0 
c5a40000-c5b00000 ---p 00000000 00:00 0 
c5b00000-c5b40000 rw-p 00000000 00:00 0 
c5b40000-c5c00000 ---p 00000000 00:00 0 
c5c00000-cdc00000 rw-p 00000000 00:00 0 
cdc00000-e5c00000 ---p 00000000 00:00 0 
e5c65000-e5c6a000 rw-p 00000000 00:00 0 
e5c6a000-e5d50000 ---p 00000000 00:00 0 
e5d50000-e6040000 rwxp 00000000 00:00 0 
e6040000-ed2ab000 ---p 00000000 00:00 0 
ed2ab000-ed4eb000 rwxp 00000000 00:00 0 
ed4eb000-ed7f5000 ---p 00000000 00:00 0 
ed7f5000-eda35000 rwxp 00000000 00:00 0 
eda35000-f4d50000 ---p 00000000 00:00 0 
f4d50000-f4eb8000 r--s 00000000 08:04 117534333                          /usr/lib/jvm/java-17-zulu-openjdk-jdk-x86/lib/modules
f4eb8000-f5d5a000 r-xp 00000000 08:04 143240869                          /usr/lib/jvm/java-17-zulu-openjdk-jdk-x86/lib/server/libjvm.so
f5d5a000-f5daf000 r--p 00ea1000 08:04 143240869                          /usr/lib/jvm/java-17-zulu-openjdk-jdk-x86/lib/server/libjvm.so
f5daf000-f5dd0000 rw-p 00ef6000 08:04 143240869                          /usr/lib/jvm/java-17-zulu-openjdk-jdk-x86/lib/server/libjvm.so
f5dd0000-f5e00000 rw-p 00000000 00:00 0 
f5e00000-f5f00000 rw-p 00000000 00:00 0 
f5f40000-f5f41000 ---p 00000000 00:00 0 
f5f41000-f5fc1000 rw-p 00000000 00:00 0 
f5fc1000-f5fc2000 ---p 00000000 00:00 0 
f5fc2000-f5fc6000 ---p 00000000 00:00 0 
f5fc6000-f6b3a000 rw-p 00000000 00:00 0 
f6b46000-f6b5b000 r-xp 00000000 08:04 117534323                          /usr/lib/jvm/java-17-zulu-openjdk-jdk-x86/lib/libnet.so
f6b5b000-f6b5c000 r--p 00014000 08:04 117534323                          /usr/lib/jvm/java-17-zulu-openjdk-jdk-x86/lib/libnet.so
f6b5c000-f6b5d000 rw-p 00015000 08:04 117534323                          /usr/lib/jvm/java-17-zulu-openjdk-jdk-x86/lib/libnet.so
f6b5d000-f6b63000 rw-p 00000000 00:00 0 
f6b63000-f6c48000 ---p 00000000 00:00 0 
f6e82000-f6e94000 r-xp 00000000 08:04 117534324                          /usr/lib/jvm/java-17-zulu-openjdk-jdk-x86/lib/libnio.so
f6e94000-f6e95000 r--p 00011000 08:04 117534324                          /usr/lib/jvm/java-17-zulu-openjdk-jdk-x86/lib/libnio.so
f6e95000-f6e96000 rw-p 00012000 08:04 117534324                          /usr/lib/jvm/java-17-zulu-openjdk-jdk-x86/lib/libnio.so
f6e96000-f6ebf000 rw-p 00000000 00:00 0 
f6ebf000-f6ee2000 r-xp 00000000 08:04 117534310                          /usr/lib/jvm/java-17-zulu-openjdk-jdk-x86/lib/libjava.so
f6ee2000-f6ee3000 r--p 00022000 08:04 117534310                          /usr/lib/jvm/java-17-zulu-openjdk-jdk-x86/lib/libjava.so
f6ee3000-f6ee4000 rw-p 00023000 08:04 117534310                          /usr/lib/jvm/java-17-zulu-openjdk-jdk-x86/lib/libjava.so
f6ee4000-f6ef0000 r-xp 00000000 08:04 16831767                           /usr/lib/libnss_files-2.28.so
f6ef0000-f6ef1000 r--p 0000b000 08:04 16831767                           /usr/lib/libnss_files-2.28.so
f6ef1000-f6ef2000 rw-p 0000c000 08:04 16831767                           /usr/lib/libnss_files-2.28.so
f6ef2000-f6ef8000 rw-p 00000000 00:00 0 
f6efe000-f6f03000 rw-p 00000000 00:00 0 
f6f03000-f6f09000 ---p 00000000 00:00 0 
f6f09000-f6f24000 r-xp 00000000 08:04 117534314                          /usr/lib/jvm/java-17-zulu-openjdk-jdk-x86/lib/libjimage.so
f6f24000-f6f25000 ---p 0001b000 08:04 117534314                          /usr/lib/jvm/java-17-zulu-openjdk-jdk-x86/lib/libjimage.so
f6f25000-f6f26000 r--p 0001b000 08:04 117534314                          /usr/lib/jvm/java-17-zulu-openjdk-jdk-x86/lib/libjimage.so
f6f26000-f6f27000 rw-p 0001c000 08:04 117534314                          /usr/lib/jvm/java-17-zulu-openjdk-jdk-x86/lib/libjimage.so
f6f27000-f6f2b000 rw-p 00000000 00:00 0 
f6f2b000-f6fb3000 r-xp 00000000 08:04 17191875                           /usr/lib/libpcre2-8.so.0.7.1
f6fb3000-f6fb4000 r--p 00087000 08:04 17191875                           /usr/lib/libpcre2-8.so.0.7.1
f6fb4000-f6fb5000 rw-p 00088000 08:04 17191875                           /usr/lib/libpcre2-8.so.0.7.1
f6fb5000-f6fd5000 r-xp 00000000 08:04 17021543                           /usr/lib/libcrypt.so.1.1.0
f6fd5000-f6fd6000 ---p 00020000 08:04 17021543                           /usr/lib/libcrypt.so.1.1.0
f6fd6000-f6fd7000 r--p 00020000 08:04 17021543                           /usr/lib/libcrypt.so.1.1.0
f6fd7000-f6fe0000 rw-p 00000000 00:00 0 
f6fe0000-f700b000 r-xp 00000000 08:04 17191887                           /usr/lib/libselinux.so.1
f700b000-f700c000 ---p 0002b000 08:04 17191887                           /usr/lib/libselinux.so.1
f700c000-f700d000 r--p 0002b000 08:04 17191887                           /usr/lib/libselinux.so.1
f700d000-f700e000 rw-p 0002c000 08:04 17191887                           /usr/lib/libselinux.so.1
f700e000-f700f000 rw-p 00000000 00:00 0 
f700f000-f702e000 r-xp 00000000 08:04 18866589                           /usr/lib/libbrotlicommon.so.1.0.6
f702e000-f702f000 r--p 0001e000 08:04 18866589                           /usr/lib/libbrotlicommon.so.1.0.6
f702f000-f7030000 rw-p 0001f000 08:04 18866589                           /usr/lib/libbrotlicommon.so.1.0.6
f7030000-f704e000 r-xp 00000000 08:04 17191915                           /usr/lib/libsasl2.so.3.0.0
f704e000-f704f000 ---p 0001e000 08:04 17191915                           /usr/lib/libsasl2.so.3.0.0
f704f000-f7050000 r--p 0001e000 08:04 17191915                           /usr/lib/libsasl2.so.3.0.0
f7050000-f7051000 rw-p 0001f000 08:04 17191915                           /usr/lib/libsasl2.so.3.0.0
f7051000-f7053000 rw-p 00000000 00:00 0 
f7053000-f7067000 r-xp 00000000 08:04 16831772                           /usr/lib/libresolv-2.28.so
f7067000-f7068000 ---p 00014000 08:04 16831772                           /usr/lib/libresolv-2.28.so
f7068000-f7069000 r--p 00014000 08:04 16831772                           /usr/lib/libresolv-2.28.so
f7069000-f706a000 rw-p 00015000 08:04 16831772                           /usr/lib/libresolv-2.28.so
f706a000-f706c000 rw-p 00000000 00:00 0 
f706c000-f706f000 r-xp 00000000 08:04 17191893                           /usr/lib/libkeyutils.so.1.6
f706f000-f7070000 ---p 00003000 08:04 17191893                           /usr/lib/libkeyutils.so.1.6
f7070000-f7071000 r--p 00003000 08:04 17191893                           /usr/lib/libkeyutils.so.1.6
f7071000-f7072000 rw-p 00000000 00:00 0 
f7072000-f7082000 r-xp 00000000 08:04 17021560                           /usr/lib/libkrb5support.so.0.1
f7082000-f7083000 r--p 0000f000 08:04 17021560                           /usr/lib/libkrb5support.so.0.1
f7083000-f7084000 rw-p 00010000 08:04 17021560                           /usr/lib/libkrb5support.so.0.1
f7084000-f708c000 r-xp 00000000 08:04 16831774                           /usr/lib/librt-2.28.so
f708c000-f708d000 r--p 00007000 08:04 16831774                           /usr/lib/librt-2.28.so
f708d000-f708e000 rw-p 00008000 08:04 16831774                           /usr/lib/librt-2.28.so
f708e000-f720d000 r-xp 00000000 08:04 17021545                           /usr/lib/libunistring.so.2.1.0
f720d000-f720e000 ---p 0017f000 08:04 17021545                           /usr/lib/libunistring.so.2.1.0
f720e000-f7210000 r--p 0017f000 08:04 17021545                           /usr/lib/libunistring.so.2.1.0
f7210000-f7211000 rw-p 00181000 08:04 17021545                           /usr/lib/libunistring.so.2.1.0
f7211000-f723b000 r-xp 00000000 08:04 18654292                           /usr/lib/liblzma.so.5.2.4
f723b000-f723c000 r--p 00029000 08:04 18654292                           /usr/lib/liblzma.so.5.2.4
f723c000-f723d000 rw-p 00000000 00:00 0 
f723d000-f7249000 r-xp 00000000 08:04 17191936                           /usr/lib/libbrotlidec.so.1.0.6
f7249000-f724a000 r--p 0000b000 08:04 17191936                           /usr/lib/libbrotlidec.so.1.0.6
f724a000-f724b000 rw-p 00000000 00:00 0 
f724b000-f725a000 r-xp 00000000 08:04 17191918                           /usr/lib/liblber-2.4.so.2.10.9
f725a000-f725b000 r--p 0000e000 08:04 17191918                           /usr/lib/liblber-2.4.so.2.10.9
f725b000-f725c000 rw-p 0000f000 08:04 17191918                           /usr/lib/liblber-2.4.so.2.10.9
f725c000-f72b1000 r-xp 00000000 08:04 17191920                           /usr/lib/libldap-2.4.so.2.10.9
f72b1000-f72b2000 ---p 00055000 08:04 17191920                           /usr/lib/libldap-2.4.so.2.10.9
f72b2000-f72b3000 r--p 00055000 08:04 17191920                           /usr/lib/libldap-2.4.so.2.10.9
f72b3000-f72b4000 rw-p 00056000 08:04 17191920                           /usr/lib/libldap-2.4.so.2.10.9
f72b4000-f72b6000 rw-p 00000000 00:00 0 
f72b6000-f72b9000 r-xp 00000000 08:04 16994899                           /usr/lib/libcom_err.so.2.1
f72b9000-f72ba000 r--p 00002000 08:04 16994899                           /usr/lib/libcom_err.so.2.1
f72ba000-f72bb000 rw-p 00003000 08:04 16994899                           /usr/lib/libcom_err.so.2.1
f72bb000-f72d1000 r-xp 00000000 08:04 17021552                           /usr/lib/libk5crypto.so.3.1
f72d1000-f72d2000 ---p 00016000 08:04 17021552                           /usr/lib/libk5crypto.so.3.1
f72d2000-f72d3000 r--p 00016000 08:04 17021552                           /usr/lib/libk5crypto.so.3.1
f72d3000-f72d4000 rw-p 00017000 08:04 17021552                           /usr/lib/libk5crypto.so.3.1
f72d4000-f73b7000 r-xp 00000000 08:04 17021558                           /usr/lib/libkrb5.so.3.3
f73b7000-f73be000 r--p 000e2000 08:04 17021558                           /usr/lib/libkrb5.so.3.3
f73be000-f73bf000 rw-p 000e9000 08:04 17021558                           /usr/lib/libkrb5.so.3.3
f73bf000-f741a000 r-xp 00000000 08:04 17021548                           /usr/lib/libgssapi_krb5.so.2.2
f741a000-f741c000 r--p 0005a000 08:04 17021548                           /usr/lib/libgssapi_krb5.so.2.2
f741c000-f741d000 rw-p 0005c000 08:04 17021548                           /usr/lib/libgssapi_krb5.so.2.2
f741d000-f76ce000 r-xp 00000000 08:04 18627877                           /usr/lib/libcrypto.so.1.1.1k
f76ce000-f76e7000 r--p 002b0000 08:04 18627877                           /usr/lib/libcrypto.so.1.1.1k
f76e7000-f76e9000 rw-p 002c9000 08:04 18627877                           /usr/lib/libcrypto.so.1.1.1k
f76e9000-f76ed000 rw-p 00000000 00:00 0 
f76ed000-f777f000 r-xp 00000000 08:04 18627879                           /usr/lib/libssl.so.1.1.1k
f777f000-f7785000 r--p 00091000 08:04 18627879                           /usr/lib/libssl.so.1.1.1k
f7785000-f7789000 rw-p 00097000 08:04 18627879                           /usr/lib/libssl.so.1.1.1k
f7789000-f7799000 r-xp 00000000 08:04 18660120                           /usr/lib/libpsl.so.5.3.1
f7799000-f779a000 r--p 0000f000 08:04 18660120                           /usr/lib/libpsl.so.5.3.1
f779a000-f779b000 rw-p 00000000 00:00 0 
f779b000-f7818000 r-xp 00000000 08:04 16994901                           /usr/lib/libssh.so.4.8.7
f7818000-f7819000 ---p 0007d000 08:04 16994901                           /usr/lib/libssh.so.4.8.7
f7819000-f781a000 r--p 0007d000 08:04 16994901                           /usr/lib/libssh.so.4.8.7
f781a000-f781b000 rw-p 0007e000 08:04 16994901                           /usr/lib/libssh.so.4.8.7
f781b000-f7838000 r-xp 00000000 08:04 17040588                           /usr/lib/libidn2.so.0.3.6
f7838000-f7839000 r--p 0001c000 08:04 17040588                           /usr/lib/libidn2.so.0.3.6
f7839000-f783a000 rw-p 00000000 00:00 0 
f783a000-f7862000 r-xp 00000000 08:04 17191891                           /usr/lib/libnghttp2.so.14.17.0
f7862000-f7863000 r--p 00027000 08:04 17191891                           /usr/lib/libnghttp2.so.14.17.0
f7863000-f7865000 rw-p 00028000 08:04 17191891                           /usr/lib/libnghttp2.so.14.17.0
f7865000-f7a07000 r-xp 00000000 08:04 16831756                           /usr/lib/libc-2.28.so
f7a07000-f7a08000 ---p 001a2000 08:04 16831756                           /usr/lib/libc-2.28.so
f7a08000-f7a0a000 r--p 001a2000 08:04 16831756                           /usr/lib/libc-2.28.so
f7a0a000-f7a0b000 rw-p 001a4000 08:04 16831756                           /usr/lib/libc-2.28.so
f7a0b000-f7a10000 rw-p 00000000 00:00 0 
f7a10000-f7a2b000 r-xp 00000000 08:04 16985139                           /usr/lib/libgcc_s-8-20210514.so.1
f7a2b000-f7a2c000 r--p 0001a000 08:04 16985139                           /usr/lib/libgcc_s-8-20210514.so.1
f7a2c000-f7a2d000 rw-p 0001b000 08:04 16985139                           /usr/lib/libgcc_s-8-20210514.so.1
f7a2d000-f7afd000 r-xp 00000000 08:04 16831760                           /usr/lib/libm-2.28.so
f7afd000-f7afe000 r--p 000cf000 08:04 16831760                           /usr/lib/libm-2.28.so
f7afe000-f7aff000 rw-p 000d0000 08:04 16831760                           /usr/lib/libm-2.28.so
f7aff000-f7c88000 r-xp 00000000 08:04 16985145                           /usr/lib/libstdc++.so.6.0.25
f7c88000-f7c89000 ---p 00189000 08:04 16985145                           /usr/lib/libstdc++.so.6.0.25
f7c89000-f7c8f000 r--p 00189000 08:04 16985145                           /usr/lib/libstdc++.so.6.0.25
f7c8f000-f7c90000 rw-p 0018f000 08:04 16985145                           /usr/lib/libstdc++.so.6.0.25
f7c90000-f7c92000 rw-p 00000000 00:00 0 
f7c92000-f7ca9000 r-xp 00000000 08:04 16963437                           /usr/lib/libz.so.1.2.11
f7ca9000-f7caa000 ---p 00017000 08:04 16963437                           /usr/lib/libz.so.1.2.11
f7caa000-f7cab000 r--p 00017000 08:04 16963437                           /usr/lib/libz.so.1.2.11
f7cab000-f7cac000 rw-p 00000000 00:00 0 
f7cac000-f7e29000 r-xp 00000000 08:04 16963397                           /usr/lib/libxml2.so.2.9.7
f7e29000-f7e2e000 r--p 0017c000 08:04 16963397                           /usr/lib/libxml2.so.2.9.7
f7e2e000-f7e2f000 rw-p 00181000 08:04 16963397                           /usr/lib/libxml2.so.2.9.7
f7e2f000-f7e30000 rw-p 00000000 00:00 0 
f7e30000-f7e4c000 r-xp 00000000 08:04 16831770                           /usr/lib/libpthread-2.28.so
f7e4c000-f7e4d000 r--p 0001b000 08:04 16831770                           /usr/lib/libpthread-2.28.so
f7e4d000-f7e4e000 rw-p 0001c000 08:04 16831770                           /usr/lib/libpthread-2.28.so
f7e4e000-f7e50000 rw-p 00000000 00:00 0 
f7e50000-f7ec4000 r-xp 00000000 08:04 16818911                           /usr/lib/libpcre.so.1.2.10
f7ec4000-f7ec5000 ---p 00074000 08:04 16818911                           /usr/lib/libpcre.so.1.2.10
f7ec5000-f7ec6000 r--p 00074000 08:04 16818911                           /usr/lib/libpcre.so.1.2.10
f7ec6000-f7ec7000 rw-p 00075000 08:04 16818911                           /usr/lib/libpcre.so.1.2.10
f7ec7000-f7eca000 r-xp 00000000 08:04 16831758                           /usr/lib/libdl-2.28.so
f7eca000-f7ecb000 r--p 00002000 08:04 16831758                           /usr/lib/libdl-2.28.so
f7ecb000-f7ecc000 rw-p 00003000 08:04 16831758                           /usr/lib/libdl-2.28.so
f7ecc000-f7f69000 r-xp 00000000 08:04 16994905                           /usr/lib/libcurl.so.4.5.0
f7f69000-f7f6b000 r--p 0009c000 08:04 16994905                           /usr/lib/libcurl.so.4.5.0
f7f6b000-f7f6c000 rw-p 0009e000 08:04 16994905                           /usr/lib/libcurl.so.4.5.0
f7f6c000-f7f73000 r--s 00000000 08:04 176632422                          /usr/lib/gconv/gconv-modules.cache
f7f73000-f7f7b000 rw-s 00000000 08:04 151742436                          /tmp/hsperfdata_almalinux/30334 (deleted)
f7f7b000-f7f7c000 ---p 00000000 00:00 0 
f7f7c000-f7f7d000 r--p 00000000 00:00 0 
f7f7d000-f7f7f000 rw-p 00000000 00:00 0 
f7f7f000-f7f83000 r--p 00000000 00:00 0                                  [vvar]
f7f83000-f7f85000 r-xp 00000000 00:00 0                                  [vdso]
f7f85000-f7fb4000 r-xp 00000000 08:04 16831749                           /usr/lib/ld-2.28.so
f7fb4000-f7fb5000 ---p 00000000 00:00 0 
f7fb5000-f7fb6000 r--p 0002f000 08:04 16831749                           /usr/lib/ld-2.28.so
f7fb6000-f7fb7000 rw-p 00030000 08:04 16831749                           /usr/lib/ld-2.28.so
ff6d6000-ff6d7000 rwxp 00000000 00:00 0 
ff7df000-ff89b000 rw-p 00000000 00:00 0                                  [stack]


VM Arguments:
jvm_args: -Xms128m -Xmx512m -Xss768k -XX:MaxMetaspaceSize=96m -Xrs -XX:-UsePerfData -XX:-AllowUserSignalHandlers -XX:UseSSE=3 -XX+DoEscapeAnalysis -XX:AutoBoxCacheMax:2000 -XX:+OptimizeStringConcat -XX:+OptimizeFill -XX:+EliminateAutoBox -XX:+UseCompressedStrings -XX:+UseCompressedOops -XX:+EliminateLocks -XX:UseFastAccessorMethods -XX:+UseStringCache -XgcPrio:throughput -XXkeepAreaRatio:1 -XXlazyUnlocking -XXcallProfiling -XXcompactRatio:1 
java_command: <unknown>
java_class_path (initial): ../../data/sku.0/sys.server/compiled/game/
Launcher Type: generic

[Global flags]
     intx CICompilerCount                          = 3                                         {product} {ergonomic}
     uint ConcGCThreads                            = 1                                         {product} {ergonomic}
     uint G1ConcRefinementThreads                  = 4                                         {product} {ergonomic}
   size_t G1HeapRegionSize                         = 1048576                                   {product} {ergonomic}
    uintx GCDrainStackTargetSize                   = 64                                        {product} {ergonomic}
   size_t InitialHeapSize                          = 134217728                                 {product} {command line}
   size_t MarkStackSize                            = 32768                                     {product} {ergonomic}
   size_t MaxHeapSize                              = 536870912                                 {product} {command line}
   size_t MaxMetaspaceSize                         = 100663296                                 {product} {command line}
   size_t MaxNewSize                               = 321912832                                 {product} {ergonomic}
   size_t MinHeapDeltaBytes                        = 1048576                                   {product} {ergonomic}
   size_t MinHeapSize                              = 134217728                                 {product} {command line}
    uintx NonNMethodCodeHeapSize                   = 5544422                                {pd product} {ergonomic}
    uintx NonProfiledCodeHeapSize                  = 123056909                              {pd product} {ergonomic}
    uintx ProfiledCodeHeapSize                     = 123056909                              {pd product} {ergonomic}
    uintx ReservedCodeCacheSize                    = 251658240                              {pd product} {ergonomic}
     bool SegmentedCodeCache                       = true                                      {product} {ergonomic}
   size_t SoftMaxHeapSize                          = 536870912                              {manageable} {ergonomic}
   double SweeperThreshold                         = 0.500000                                  {product} {ergonomic}
     intx ThreadStackSize                          = 768                                    {pd product} {command line}
     bool UseG1GC                                  = true                                      {product} {ergonomic}

Logging:
Log output configuration:
 #0: stdout all=off uptime,level,tags
 #1: stderr all=off uptime,level,tags

Environment Variables:
JAVA_HOME=/usr/lib/jvm/zulu-17-x86
PATH=/usr/java/jdk1.7.0_80/bin:/usr/java/jdk1.7.0_80/bin:/usr/java/jdk1.6.0_45/bin:/usr/java/jdk1.6.0_45/bin:/usr/java/jdk1.6.0_45/bin:/home/almalinux/.local/bin:/home/almalinux/bin:/sbin:/bin:/usr/bin:/usr/local/bin:/usr/local/sbin:/usr/sbin:/usr/lib/oracle/18.3/client/bin:/usr/lib/oracle/18.3/client/bin:/usr/lib/jvm/java-11-openjdk/bin:./
LD_LIBRARY_PATH=/usr/lib/jvm/java-17-zulu-openjdk-jdk-x86/lib/server:/usr/lib/jvm/java-17-zulu-openjdk-jdk-x86/lib:/usr/lib/jvm/java-17-zulu-openjdk-jdk-x86/../lib:/usr/lib/jvm/zulu-17-x86/lib/server:/usr/lib/jvm/java-11-openjdk/lib:/usr/lib/jvm/java-11-openjdk/lib/server:./
SHELL=/bin/bash
DISPLAY=:10.0
LANG=en_US.UTF-8
TERM=xterm-256color

Active Locale:
LC_ALL=en_US.UTF-8
LC_COLLATE=en_US.UTF-8
LC_CTYPE=en_US.UTF-8
LC_MESSAGES=en_US.UTF-8
LC_MONETARY=en_US.UTF-8
LC_NUMERIC=en_US.UTF-8
LC_TIME=en_US.UTF-8

Signal Handlers:
   SIGSEGV: crash_handler in libjvm.so, mask=11100100010111111101111111111110, flags=SA_RESTART|SA_SIGINFO, unblocked
    SIGBUS: crash_handler in libjvm.so, mask=11100100010111111101111111111110, flags=SA_RESTART|SA_SIGINFO, unblocked
    SIGFPE: crash_handler in libjvm.so, mask=11100100010111111101111111111110, flags=SA_RESTART|SA_SIGINFO, unblocked
   SIGPIPE: SIG_IGN, mask=00000000000010000000000000000000, flags=SA_RESTART, blocked
  *** Handler was modified!
  *** Expected: javaSignalHandler in libjvm.so, mask=11100100110111111111111111111110, flags=SA_RESTART|SA_SIGINFO
   SIGXFSZ: javaSignalHandler in libjvm.so, mask=11100100010111111101111111111110, flags=SA_RESTART|SA_SIGINFO, blocked
    SIGILL: crash_handler in libjvm.so, mask=11100100010111111101111111111110, flags=SA_RESTART|SA_SIGINFO, unblocked
   SIGUSR2: SR_handler in libjvm.so, mask=00100000000000000000000000000000, flags=SA_RESTART|SA_SIGINFO, blocked
    SIGHUP: UserHandler in libjvm.so, mask=11100100010111111101111111111110, flags=SA_RESTART|SA_SIGINFO, blocked
    SIGINT: UserHandler in libjvm.so, mask=11100100010111111101111111111110, flags=SA_RESTART|SA_SIGINFO, blocked
   SIGTERM: UserHandler in libjvm.so, mask=11100100010111111101111111111110, flags=SA_RESTART|SA_SIGINFO, blocked
   SIGQUIT: UserHandler in libjvm.so, mask=11100100010111111101111111111110, flags=SA_RESTART|SA_SIGINFO, blocked
   SIGTRAP: crash_handler in libjvm.so, mask=11100100010111111101111111111110, flags=SA_RESTART|SA_SIGINFO, unblocked


Periodic native trim disabled


---------------  S Y S T E M  ---------------

OS:
AlmaLinux release 8.10 (Cerulean Leopard)
uname: Linux 4.18.0-553.81.1.el8_10.x86_64 #1 SMP Mon Oct 27 11:29:19 EDT 2025 x86_64
OS uptime: 1 days 0:53 hours
libc: glibc 2.28 NPTL 2.28 
rlimit (soft/hard): STACK 8192k/infinity , CORE 0k/infinity , NPROC 61995/61995 , NOFILE 262144/262144 , AS infinity/infinity , CPU infinity/infinity , DATA infinity/infinity , FSIZE infinity/infinity , MEMLOCK 64k/64k
load average: 40.53 44.44 43.44

/proc/meminfo:
MemTotal:       16014448 kB
MemFree:          662964 kB
MemAvailable:    1422208 kB
Buffers:              32 kB
Cached:          2137316 kB
SwapCached:        23916 kB
Active:          1786800 kB
Inactive:       12567580 kB
Active(anon):    1396260 kB
Inactive(anon): 12315188 kB
Active(file):     390540 kB
Inactive(file):   252392 kB
Unevictable:        6160 kB
Mlocked:               0 kB
SwapTotal:       8388604 kB
SwapFree:        7307004 kB
Dirty:               344 kB
Writeback:             0 kB
AnonPages:      12204080 kB
Mapped:          1170792 kB
Shmem:           1494412 kB
KReclaimable:     293356 kB
Slab:             442212 kB
SReclaimable:     293356 kB
SUnreclaim:       148856 kB
KernelStack:       25396 kB
PageTables:       163992 kB
NFS_Unstable:          0 kB
Bounce:                0 kB
WritebackTmp:          0 kB
CommitLimit:    16395828 kB
Committed_AS:   26308236 kB
VmallocTotal:   34359738367 kB
VmallocUsed:       71244 kB
VmallocChunk:          0 kB
Percpu:             2720 kB
HardwareCorrupted:     0 kB
AnonHugePages:         0 kB
ShmemHugePages:        0 kB
ShmemPmdMapped:        0 kB
FileHugePages:         0 kB
FilePmdMapped:         0 kB
HugePages_Total:       0
HugePages_Free:        0
HugePages_Rsvd:        0
HugePages_Surp:        0
Hugepagesize:       2048 kB
Hugetlb:               0 kB
DirectMap4k:      749420 kB
DirectMap2M:    15634432 kB

/sys/kernel/mm/transparent_hugepage/enabled: always madvise [never]
/sys/kernel/mm/transparent_hugepage/hpage_pmd_size: 2097152
/sys/kernel/mm/transparent_hugepage/defrag (defrag/compaction efforts parameter): always defer defer+madvise [madvise] never

Process Memory:
Virtual Size: 1000972K (peak: 1005052K)
Resident Set Size: 213908K (peak: 220744K) (anon: 191056K, file: 22852K, shmem: 0K)
Swapped out: 0K
C-Heap outstanding allocations: 20173K, retained: 71158K
glibc malloc tunables: (default)

/proc/sys/kernel/threads-max (system-wide limit on the number of threads): 123991
/proc/sys/vm/max_map_count (maximum number of memory map areas a process may have): 1677720
/proc/sys/kernel/pid_max (system-wide limit on number of process identifiers): 4194304

container (cgroup) information:
container_type: cgroupv1
cpu_cpuset_cpus: 0-3
cpu_memory_nodes: 0
active_processor_count: 4
cpu_quota: no quota
cpu_period: 100000
cpu_shares: no shares
memory_limit_in_bytes: unlimited
memory_and_swap_limit_in_bytes: unlimited
memory_soft_limit_in_bytes: unlimited
memory_usage_in_bytes: 13766284 k
memory_max_usage_in_bytes: 14866960 k
kernel_memory_usage_in_bytes: 215364 k
kernel_memory_max_usage_in_bytes: unlimited
kernel_memory_limit_in_bytes: 752460 k
maximum number of tasks: unlimited
current number of tasks: 790

KVM virtualization detected
Steal ticks since vm start: 2712
Steal ticks percentage since vm start:  0.000

CPU: total 4 (initial active 4) (1 cores per cpu, 1 threads per core) family 6 model 60 stepping 1 microcode 0x1, cx8, cmov, fxsr, mmx, sse, sse2, sse3, ssse3, sse4.1, sse4.2, popcnt, lzcnt, tsc, avx, avx2, aes, erms, clmul, bmi1, bmi2, fma, vzeroupper, clflush, hv
CPU Model and flags from /proc/cpuinfo:
model name	: Intel Core Processor (Haswell, no TSX)
flags		: fpu vme de pse tsc msr pae mce cx8 apic sep mtrr pge mca cmov pat pse36 clflush mmx fxsr sse sse2 syscall nx rdtscp lm constant_tsc rep_good nopl xtopology cpuid tsc_known_freq pni pclmulqdq vmx ssse3 fma cx16 pcid sse4_1 sse4_2 x2apic movbe popcnt tsc_deadline_timer aes xsave avx f16c rdrand hypervisor lahf_lm abm cpuid_fault invpcid_single pti tpr_shadow vnmi flexpriority ept vpid ept_ad fsgsbase bmi1 avx2 smep bmi2 erms invpcid xsaveopt arat md_clear

Online cpus: 0-3
Offline cpus: 
BIOS frequency limitation: <Not Available>
Frequency switch latency (ns): <Not Available>
Available cpu frequencies: <Not Available>
Current governor: <Not Available>
Core performance/turbo boost: <Not Available>

Memory: 4k page, physical 16014448k(662704k free), swap 8388604k(7307004k free)
Page Sizes: 4k

vm_info: OpenJDK Server VM (17.0.11+9-LTS) for linux-x86 JRE (17.0.11+9-LTS) (Zulu17.50+19-CA), built on Apr  9 2024 07:14:46 by "zulu_re" with gcc 8.3.0

END.
