#
# A fatal error has been detected by the Java Runtime Environment:
#
#  SIGSEGV (0xb) at pc=0xf785e618, pid=1433299, tid=1433299
#
# JRE version: OpenJDK Runtime Environment Zulu17.50+19-CA (17.0.11+9) (build 17.0.11+9-LTS)
# Java VM: OpenJDK Server VM Zulu17.50+19-CA (17.0.11+9-LTS, mixed mode, sharing, tiered, g1 gc, linux-x86)
# Problematic frame:
# C  [libc.so.6+0x84618]  cfree+0x28
#
# Core dump will be written. Default location: Core dumps may be processed with "/usr/lib/systemd/systemd-coredump %P %u %g %s %t %c %h %e" (or dumping to /home/almalinux/swg-returns-nge/exe/linux/core.1433299)
#
# If you would like to submit a bug report, please visit:
#   http://www.azul.com/support/
#

---------------  S U M M A R Y ------------

Command Line: -Xms128m -Xmx512m -Xss768k -XX:MaxMetaspaceSize=96m -Xrs -XX:-UsePerfData -XX:-AllowUserSignalHandlers -XX:UseSSE=3 -XX+DoEscapeAnalysis -XX:AutoBoxCacheMax:2000 -XX:+OptimizeStringConcat -XX:+OptimizeFill -XX:+EliminateAutoBox -XX:+UseCompressedStrings -XX:+UseCompressedOops -XX:+EliminateLocks -XX:UseFastAccessorMethods -XX:+UseStringCache -XgcPrio:throughput -XXkeepAreaRatio:1 -XXlazyUnlocking -XXcallProfiling -XXcompactRatio:1 

Host: Intel Core Processor (Haswell, no TSX), 4 cores, 15G, AlmaLinux release 8.10 (Cerulean Leopard)
Time: Sun Jan 25 20:28:29 2026 UTC elapsed time: 105.835999 seconds (0d 0h 1m 45s)

---------------  T H R E A D  ---------------

Current thread is native thread

Stack: [0xffa7b000,0xffb3b000],  sp=0xffb38a80,  free space=758k
Native frames: (J=compiled Java code, j=interpreted, Vv=VM code, C=native code)
C  [libc.so.6+0x84618]  cfree+0x28


siginfo: si_signo: 11 (SIGSEGV), si_code: 1 (SEGV_MAPERR), si_addr: 0x00000003

Registers:
EAX=0x00000000, EBX=0x00000007, ECX=0xf6e9c84c, EDX=0x0a322e68
ESP=0xffb38a80, EBP=0xffb38bb8, ESI=0xf797f000, EDI=0x00000000
EIP=0xf785e618, EFLAGS=0x00210202, CR2=0x0000000000000003


Top of Stack: (sp=0xffb38a80)
0xffb38a80:   09fa6010 00000000 ffb38bb8 f7aebf1c
0xffb38a90:   09fa60a0 f7c02a04 0a322e40 f7aebf1c
0xffb38aa0:   00000007 f7aebf0a f7c02a04 f7aebf4c
0xffb38ab0:   09fa60a0 f7aebf0a 0a326be0 085b6163
0xffb38ac0:   00000007 09fa6010 09fa5d20 085bb8d1
0xffb38ad0:   09fa6010 09fa5d20 00000000 085bb89b
0xffb38ae0:   0b7bbb60 ffb38b07 ffb38b2c 085c6969
0xffb38af0:   087d6c00 ffb38b2c ffb38bb8 084fc53b
0xffb38b00:   00000014 00010002 00000000 00000000
0xffb38b10:   01010100 00000001 09aa44c0 00000000
0xffb38b20:   00000000 00000000 00000000 00000000
0xffb38b30:   00000000 00000015 ffb38c88 f780f6ff
0xffb38b40:   f797f41c 47677753 53656d61 65767265
0xffb38b50:   34313a72 39323333 09290039 0a308200
0xffb38b60:   08ea0100 08ebc230 08ea5888 f797f41c
0xffb38b70:   00000428 00000420 f780f779 085758fd
0xffb38b80:   08ea2a80 09b1ea78 08ea5888 08574f56
0xffb38b90:   0929a2c4 0929a2c4 ffb38c88 08ea583b
0xffb38ba0:   0000000c ffb38c54 ffb38bd0 f797f000
0xffb38bb0:   00000000 08575910 00000000 f77f7f26
0xffb38bc0:   00000000 08575910 00000000 f77f7f26
0xffb38bd0:   0000000c ffb38c54 ffb38c88 ffb38bf4
0xffb38be0:   0929a2d0 00000000 ffb38c88 f797f000
0xffb38bf0:   f77e775c f797f000 00000000 08575910
0xffb38c00:   00000000 4eeca637 d706ce26 00000000
0xffb38c10:   00000000 00000000 f7efe4d0 f77f7e30
0xffb38c20:   084fc260 0929a2c4 0000000c 08575946
0xffb38c30:   084fc260 0000000c ffb38c54 08ea57f0
0xffb38c40:   08ea5850 f7efe4d0 ffb38c4c f7f2b970
0xffb38c50:   0000000c ffb39626 ffb39638 ffb3963b
0xffb38c60:   ffb3964d ffb39650 ffb3965b ffb3967f
0xffb38c70:   ffb3968f ffb396a6 ffb396cd ffb396d0 

Instructions: (pc=0xf785e618)
0xf785e518:   50 8d 96 86 f7 fa ff 8d 86 d0 2f fb ff e8 c6 b7
0xf785e528:   ff ff 8d b6 00 00 00 00 bb 20 00 00 00 e9 5e fe
0xf785e538:   ff ff e8 a1 c0 ff ff 89 c5 85 c0 0f 85 68 ff ff
0xf785e548:   ff 31 d2 8d 44 3b 10 e8 8c c1 ff ff 89 da 89 f9
0xf785e558:   89 c5 e8 11 f0 ff ff 89 c2 85 c0 75 1b 85 ed 74
0xf785e568:   17 90 89 fa 89 e8 e8 bd c5 ff ff 89 da 89 f9 89
0xf785e578:   c5 e8 f2 ef ff ff 89 c2 85 ed 0f 84 57 ff ff ff
0xf785e588:   e9 39 ff ff ff 8d 86 b8 31 fb ff 83 ec 0c b9 25
0xf785e598:   0d 00 00 50 8d 96 86 f7 fa ff 8d 86 74 2f fb ff
0xf785e5a8:   e8 43 b7 ff ff 8d 76 00 f3 0f 1e fb e8 0a 9a f9
0xf785e5b8:   ff 05 47 0a 12 00 56 53 83 ec 04 8b 5c 24 10 8b
0xf785e5c8:   74 24 14 8b 80 50 ff ff ff c7 00 00 00 00 00 e8
0xf785e5d8:   54 bb ff ff 8b 4c 24 0c 83 c4 04 89 f2 89 d8 5b
0xf785e5e8:   5e e9 42 fd ff ff 66 90 f3 0f 1e fb 56 e8 9a 9b
0xf785e5f8:   f9 ff 81 c6 06 0a 12 00 53 83 ec 14 8b 5c 24 20
0xf785e608:   8b 86 5c ff ff ff 8b 00 85 c0 75 6c 85 db 74 75
0xf785e618:   8b 4b fc 8d 53 f8 f6 c1 02 75 35 8b 86 70 fe ff
0xf785e628:   ff 65 8b 00 85 c0 0f 84 8c 00 00 00 83 e1 04 8d
0xf785e638:   86 60 07 00 00 74 09 89 d0 25 00 00 f0 ff 8b 00
0xf785e648:   83 c4 14 31 c9 5b 5e e9 8c cb ff ff 8d 74 26 00
0xf785e658:   8b 9e 60 01 00 00 85 db 75 10 3b 8e 48 01 00 00
0xf785e668:   76 08 81 f9 00 00 08 00 76 26 83 c4 14 89 d0 5b
0xf785e678:   5e e9 92 b8 ff ff 66 90 83 ec 08 ff 74 24 24 53
0xf785e688:   ff d0 83 c4 10 83 c4 14 5b 5e c3 8d 74 26 00 90
0xf785e698:   39 96 80 1d 00 00 77 08 39 96 7c 1d 00 00 77 ca
0xf785e6a8:   83 e1 f8 8d 04 09 89 8e 48 01 00 00 89 86 40 01
0xf785e6b8:   00 00 90 eb b5 8d 76 00 8b 86 74 fe ff ff 65 80
0xf785e6c8:   38 00 0f 85 64 ff ff ff 89 54 24 0c e8 97 ed ff
0xf785e6d8:   ff 8b 4b fc 8b 54 24 0c e9 4f ff ff ff 8d b4 26
0xf785e6e8:   00 00 00 00 8d 74 26 00 f3 0f 1e fb 55 57 56 e8
0xf785e6f8:   98 9a f9 ff 81 c6 04 09 12 00 53 83 ec 0c 8b 86
0xf785e708:   70 fe ff ff 8b 96 74 fe ff ff 65 8b 28 65 c6 02 



---------------  P R O C E S S  ---------------

VM state: at safepoint (shutting down)

VM Mutex/Monitor currently owned by a thread:  ([mutex/lock_event])
[0xf5e21d30] Threads_lock - owner thread: 0xc4194cf0

GC Precious Log:
<Skipped>

Heap:
 garbage-first heap   total 131072K, used 17338K [0xc5c00000, 0xe5c00000)
  region size 1024K, 17 young (17408K), 2 survivors (2048K)
 Metaspace       used 3345K, committed 3584K, reserved 16384K

Heap Regions: E=young(eden), S=young(survivor), O=old, HS=humongous(starts), HC=humongous(continues), CS=collection set, F=free, OA=open archive, CA=closed archive, TAMS=top-at-mark-start (previous, next)
|   0|0xc5c00000, 0xc5c1aa00, 0xc5d00000| 10%| O|  |TAMS 0xc5c00000, 0xc5c00000| Untracked 
|   1|0xc5d00000, 0xc5d00000, 0xc5e00000|  0%| F|  |TAMS 0xc5d00000, 0xc5d00000| Untracked 
|   2|0xc5e00000, 0xc5e00000, 0xc5f00000|  0%| F|  |TAMS 0xc5e00000, 0xc5e00000| Untracked 
|   3|0xc5f00000, 0xc5f00000, 0xc6000000|  0%| F|  |TAMS 0xc5f00000, 0xc5f00000| Untracked 
|   4|0xc6000000, 0xc6000000, 0xc6100000|  0%| F|  |TAMS 0xc6000000, 0xc6000000| Untracked 
|   5|0xc6100000, 0xc6100000, 0xc6200000|  0%| F|  |TAMS 0xc6100000, 0xc6100000| Untracked 
|   6|0xc6200000, 0xc6200000, 0xc6300000|  0%| F|  |TAMS 0xc6200000, 0xc6200000| Untracked 
|   7|0xc6300000, 0xc6300000, 0xc6400000|  0%| F|  |TAMS 0xc6300000, 0xc6300000| Untracked 
|   8|0xc6400000, 0xc6400000, 0xc6500000|  0%| F|  |TAMS 0xc6400000, 0xc6400000| Untracked 
|   9|0xc6500000, 0xc6500000, 0xc6600000|  0%| F|  |TAMS 0xc6500000, 0xc6500000| Untracked 
|  10|0xc6600000, 0xc6600000, 0xc6700000|  0%| F|  |TAMS 0xc6600000, 0xc6600000| Untracked 
|  11|0xc6700000, 0xc6700000, 0xc6800000|  0%| F|  |TAMS 0xc6700000, 0xc6700000| Untracked 
|  12|0xc6800000, 0xc6800000, 0xc6900000|  0%| F|  |TAMS 0xc6800000, 0xc6800000| Untracked 
|  13|0xc6900000, 0xc6900000, 0xc6a00000|  0%| F|  |TAMS 0xc6900000, 0xc6900000| Untracked 
|  14|0xc6a00000, 0xc6a00000, 0xc6b00000|  0%| F|  |TAMS 0xc6a00000, 0xc6a00000| Untracked 
|  15|0xc6b00000, 0xc6b00000, 0xc6c00000|  0%| F|  |TAMS 0xc6b00000, 0xc6b00000| Untracked 
|  16|0xc6c00000, 0xc6c00000, 0xc6d00000|  0%| F|  |TAMS 0xc6c00000, 0xc6c00000| Untracked 
|  17|0xc6d00000, 0xc6d00000, 0xc6e00000|  0%| F|  |TAMS 0xc6d00000, 0xc6d00000| Untracked 
|  18|0xc6e00000, 0xc6e00000, 0xc6f00000|  0%| F|  |TAMS 0xc6e00000, 0xc6e00000| Untracked 
|  19|0xc6f00000, 0xc6f00000, 0xc7000000|  0%| F|  |TAMS 0xc6f00000, 0xc6f00000| Untracked 
|  20|0xc7000000, 0xc7000000, 0xc7100000|  0%| F|  |TAMS 0xc7000000, 0xc7000000| Untracked 
|  21|0xc7100000, 0xc7100000, 0xc7200000|  0%| F|  |TAMS 0xc7100000, 0xc7100000| Untracked 
|  22|0xc7200000, 0xc7200000, 0xc7300000|  0%| F|  |TAMS 0xc7200000, 0xc7200000| Untracked 
|  23|0xc7300000, 0xc7300000, 0xc7400000|  0%| F|  |TAMS 0xc7300000, 0xc7300000| Untracked 
|  24|0xc7400000, 0xc7400000, 0xc7500000|  0%| F|  |TAMS 0xc7400000, 0xc7400000| Untracked 
|  25|0xc7500000, 0xc7500000, 0xc7600000|  0%| F|  |TAMS 0xc7500000, 0xc7500000| Untracked 
|  26|0xc7600000, 0xc7600000, 0xc7700000|  0%| F|  |TAMS 0xc7600000, 0xc7600000| Untracked 
|  27|0xc7700000, 0xc7700000, 0xc7800000|  0%| F|  |TAMS 0xc7700000, 0xc7700000| Untracked 
|  28|0xc7800000, 0xc7800000, 0xc7900000|  0%| F|  |TAMS 0xc7800000, 0xc7800000| Untracked 
|  29|0xc7900000, 0xc7900000, 0xc7a00000|  0%| F|  |TAMS 0xc7900000, 0xc7900000| Untracked 
|  30|0xc7a00000, 0xc7a00000, 0xc7b00000|  0%| F|  |TAMS 0xc7a00000, 0xc7a00000| Untracked 
|  31|0xc7b00000, 0xc7b00000, 0xc7c00000|  0%| F|  |TAMS 0xc7b00000, 0xc7b00000| Untracked 
|  32|0xc7c00000, 0xc7c00000, 0xc7d00000|  0%| F|  |TAMS 0xc7c00000, 0xc7c00000| Untracked 
|  33|0xc7d00000, 0xc7d00000, 0xc7e00000|  0%| F|  |TAMS 0xc7d00000, 0xc7d00000| Untracked 
|  34|0xc7e00000, 0xc7e00000, 0xc7f00000|  0%| F|  |TAMS 0xc7e00000, 0xc7e00000| Untracked 
|  35|0xc7f00000, 0xc7f00000, 0xc8000000|  0%| F|  |TAMS 0xc7f00000, 0xc7f00000| Untracked 
|  36|0xc8000000, 0xc8000000, 0xc8100000|  0%| F|  |TAMS 0xc8000000, 0xc8000000| Untracked 
|  37|0xc8100000, 0xc8100000, 0xc8200000|  0%| F|  |TAMS 0xc8100000, 0xc8100000| Untracked 
|  38|0xc8200000, 0xc8200000, 0xc8300000|  0%| F|  |TAMS 0xc8200000, 0xc8200000| Untracked 
|  39|0xc8300000, 0xc8300000, 0xc8400000|  0%| F|  |TAMS 0xc8300000, 0xc8300000| Untracked 
|  40|0xc8400000, 0xc8400000, 0xc8500000|  0%| F|  |TAMS 0xc8400000, 0xc8400000| Untracked 
|  41|0xc8500000, 0xc8500000, 0xc8600000|  0%| F|  |TAMS 0xc8500000, 0xc8500000| Untracked 
|  42|0xc8600000, 0xc8600000, 0xc8700000|  0%| F|  |TAMS 0xc8600000, 0xc8600000| Untracked 
|  43|0xc8700000, 0xc8700000, 0xc8800000|  0%| F|  |TAMS 0xc8700000, 0xc8700000| Untracked 
|  44|0xc8800000, 0xc8800000, 0xc8900000|  0%| F|  |TAMS 0xc8800000, 0xc8800000| Untracked 
|  45|0xc8900000, 0xc8900000, 0xc8a00000|  0%| F|  |TAMS 0xc8900000, 0xc8900000| Untracked 
|  46|0xc8a00000, 0xc8a00000, 0xc8b00000|  0%| F|  |TAMS 0xc8a00000, 0xc8a00000| Untracked 
|  47|0xc8b00000, 0xc8b00000, 0xc8c00000|  0%| F|  |TAMS 0xc8b00000, 0xc8b00000| Untracked 
|  48|0xc8c00000, 0xc8c00000, 0xc8d00000|  0%| F|  |TAMS 0xc8c00000, 0xc8c00000| Untracked 
|  49|0xc8d00000, 0xc8d00000, 0xc8e00000|  0%| F|  |TAMS 0xc8d00000, 0xc8d00000| Untracked 
|  50|0xc8e00000, 0xc8e00000, 0xc8f00000|  0%| F|  |TAMS 0xc8e00000, 0xc8e00000| Untracked 
|  51|0xc8f00000, 0xc8f00000, 0xc9000000|  0%| F|  |TAMS 0xc8f00000, 0xc8f00000| Untracked 
|  52|0xc9000000, 0xc9000000, 0xc9100000|  0%| F|  |TAMS 0xc9000000, 0xc9000000| Untracked 
|  53|0xc9100000, 0xc9100000, 0xc9200000|  0%| F|  |TAMS 0xc9100000, 0xc9100000| Untracked 
|  54|0xc9200000, 0xc9200000, 0xc9300000|  0%| F|  |TAMS 0xc9200000, 0xc9200000| Untracked 
|  55|0xc9300000, 0xc9300000, 0xc9400000|  0%| F|  |TAMS 0xc9300000, 0xc9300000| Untracked 
|  56|0xc9400000, 0xc9400000, 0xc9500000|  0%| F|  |TAMS 0xc9400000, 0xc9400000| Untracked 
|  57|0xc9500000, 0xc9500000, 0xc9600000|  0%| F|  |TAMS 0xc9500000, 0xc9500000| Untracked 
|  58|0xc9600000, 0xc9600000, 0xc9700000|  0%| F|  |TAMS 0xc9600000, 0xc9600000| Untracked 
|  59|0xc9700000, 0xc9700000, 0xc9800000|  0%| F|  |TAMS 0xc9700000, 0xc9700000| Untracked 
|  60|0xc9800000, 0xc9800000, 0xc9900000|  0%| F|  |TAMS 0xc9800000, 0xc9800000| Untracked 
|  61|0xc9900000, 0xc9900000, 0xc9a00000|  0%| F|  |TAMS 0xc9900000, 0xc9900000| Untracked 
|  62|0xc9a00000, 0xc9a00000, 0xc9b00000|  0%| F|  |TAMS 0xc9a00000, 0xc9a00000| Untracked 
|  63|0xc9b00000, 0xc9b00000, 0xc9c00000|  0%| F|  |TAMS 0xc9b00000, 0xc9b00000| Untracked 
|  64|0xc9c00000, 0xc9c00000, 0xc9d00000|  0%| F|  |TAMS 0xc9c00000, 0xc9c00000| Untracked 
|  65|0xc9d00000, 0xc9d00000, 0xc9e00000|  0%| F|  |TAMS 0xc9d00000, 0xc9d00000| Untracked 
|  66|0xc9e00000, 0xc9e00000, 0xc9f00000|  0%| F|  |TAMS 0xc9e00000, 0xc9e00000| Untracked 
|  67|0xc9f00000, 0xc9f00000, 0xca000000|  0%| F|  |TAMS 0xc9f00000, 0xc9f00000| Untracked 
|  68|0xca000000, 0xca000000, 0xca100000|  0%| F|  |TAMS 0xca000000, 0xca000000| Untracked 
|  69|0xca100000, 0xca100000, 0xca200000|  0%| F|  |TAMS 0xca100000, 0xca100000| Untracked 
|  70|0xca200000, 0xca200000, 0xca300000|  0%| F|  |TAMS 0xca200000, 0xca200000| Untracked 
|  71|0xca300000, 0xca300000, 0xca400000|  0%| F|  |TAMS 0xca300000, 0xca300000| Untracked 
|  72|0xca400000, 0xca400000, 0xca500000|  0%| F|  |TAMS 0xca400000, 0xca400000| Untracked 
|  73|0xca500000, 0xca500000, 0xca600000|  0%| F|  |TAMS 0xca500000, 0xca500000| Untracked 
|  74|0xca600000, 0xca600000, 0xca700000|  0%| F|  |TAMS 0xca600000, 0xca600000| Untracked 
|  75|0xca700000, 0xca700000, 0xca800000|  0%| F|  |TAMS 0xca700000, 0xca700000| Untracked 
|  76|0xca800000, 0xca800000, 0xca900000|  0%| F|  |TAMS 0xca800000, 0xca800000| Untracked 
|  77|0xca900000, 0xca900000, 0xcaa00000|  0%| F|  |TAMS 0xca900000, 0xca900000| Untracked 
|  78|0xcaa00000, 0xcaa00000, 0xcab00000|  0%| F|  |TAMS 0xcaa00000, 0xcaa00000| Untracked 
|  79|0xcab00000, 0xcab00000, 0xcac00000|  0%| F|  |TAMS 0xcab00000, 0xcab00000| Untracked 
|  80|0xcac00000, 0xcac00000, 0xcad00000|  0%| F|  |TAMS 0xcac00000, 0xcac00000| Untracked 
|  81|0xcad00000, 0xcad00000, 0xcae00000|  0%| F|  |TAMS 0xcad00000, 0xcad00000| Untracked 
|  82|0xcae00000, 0xcae00000, 0xcaf00000|  0%| F|  |TAMS 0xcae00000, 0xcae00000| Untracked 
|  83|0xcaf00000, 0xcaf00000, 0xcb000000|  0%| F|  |TAMS 0xcaf00000, 0xcaf00000| Untracked 
|  84|0xcb000000, 0xcb000000, 0xcb100000|  0%| F|  |TAMS 0xcb000000, 0xcb000000| Untracked 
|  85|0xcb100000, 0xcb100000, 0xcb200000|  0%| F|  |TAMS 0xcb100000, 0xcb100000| Untracked 
|  86|0xcb200000, 0xcb200000, 0xcb300000|  0%| F|  |TAMS 0xcb200000, 0xcb200000| Untracked 
|  87|0xcb300000, 0xcb300000, 0xcb400000|  0%| F|  |TAMS 0xcb300000, 0xcb300000| Untracked 
|  88|0xcb400000, 0xcb400000, 0xcb500000|  0%| F|  |TAMS 0xcb400000, 0xcb400000| Untracked 
|  89|0xcb500000, 0xcb500000, 0xcb600000|  0%| F|  |TAMS 0xcb500000, 0xcb500000| Untracked 
|  90|0xcb600000, 0xcb600000, 0xcb700000|  0%| F|  |TAMS 0xcb600000, 0xcb600000| Untracked 
|  91|0xcb700000, 0xcb700000, 0xcb800000|  0%| F|  |TAMS 0xcb700000, 0xcb700000| Untracked 
|  92|0xcb800000, 0xcb800000, 0xcb900000|  0%| F|  |TAMS 0xcb800000, 0xcb800000| Untracked 
|  93|0xcb900000, 0xcb900000, 0xcba00000|  0%| F|  |TAMS 0xcb900000, 0xcb900000| Untracked 
|  94|0xcba00000, 0xcba00000, 0xcbb00000|  0%| F|  |TAMS 0xcba00000, 0xcba00000| Untracked 
|  95|0xcbb00000, 0xcbb00000, 0xcbc00000|  0%| F|  |TAMS 0xcbb00000, 0xcbb00000| Untracked 
|  96|0xcbc00000, 0xcbc00000, 0xcbd00000|  0%| F|  |TAMS 0xcbc00000, 0xcbc00000| Untracked 
|  97|0xcbd00000, 0xcbd00000, 0xcbe00000|  0%| F|  |TAMS 0xcbd00000, 0xcbd00000| Untracked 
|  98|0xcbe00000, 0xcbe00000, 0xcbf00000|  0%| F|  |TAMS 0xcbe00000, 0xcbe00000| Untracked 
|  99|0xcbf00000, 0xcbf00000, 0xcc000000|  0%| F|  |TAMS 0xcbf00000, 0xcbf00000| Untracked 
| 100|0xcc000000, 0xcc000000, 0xcc100000|  0%| F|  |TAMS 0xcc000000, 0xcc000000| Untracked 
| 101|0xcc100000, 0xcc100000, 0xcc200000|  0%| F|  |TAMS 0xcc100000, 0xcc100000| Untracked 
| 102|0xcc200000, 0xcc200000, 0xcc300000|  0%| F|  |TAMS 0xcc200000, 0xcc200000| Untracked 
| 103|0xcc300000, 0xcc300000, 0xcc400000|  0%| F|  |TAMS 0xcc300000, 0xcc300000| Untracked 
| 104|0xcc400000, 0xcc400000, 0xcc500000|  0%| F|  |TAMS 0xcc400000, 0xcc400000| Untracked 
| 105|0xcc500000, 0xcc500000, 0xcc600000|  0%| F|  |TAMS 0xcc500000, 0xcc500000| Untracked 
| 106|0xcc600000, 0xcc600000, 0xcc700000|  0%| F|  |TAMS 0xcc600000, 0xcc600000| Untracked 
| 107|0xcc700000, 0xcc700000, 0xcc800000|  0%| F|  |TAMS 0xcc700000, 0xcc700000| Untracked 
| 108|0xcc800000, 0xcc800000, 0xcc900000|  0%| F|  |TAMS 0xcc800000, 0xcc800000| Untracked 
| 109|0xcc900000, 0xcc900000, 0xcca00000|  0%| F|  |TAMS 0xcc900000, 0xcc900000| Untracked 
| 110|0xcca00000, 0xcca00000, 0xccb00000|  0%| F|  |TAMS 0xcca00000, 0xcca00000| Untracked 
| 111|0xccb00000, 0xccbd41f8, 0xccc00000| 82%| E|  |TAMS 0xccb00000, 0xccb00000| Complete 
| 112|0xccc00000, 0xccd00000, 0xccd00000|100%| E|CS|TAMS 0xccc00000, 0xccc00000| Complete 
| 113|0xccd00000, 0xcce00000, 0xcce00000|100%| S|CS|TAMS 0xccd00000, 0xccd00000| Complete 
| 114|0xcce00000, 0xccf00000, 0xccf00000|100%| S|CS|TAMS 0xcce00000, 0xcce00000| Complete 
| 115|0xccf00000, 0xcd000000, 0xcd000000|100%| E|CS|TAMS 0xccf00000, 0xccf00000| Complete 
| 116|0xcd000000, 0xcd100000, 0xcd100000|100%| E|CS|TAMS 0xcd000000, 0xcd000000| Complete 
| 117|0xcd100000, 0xcd200000, 0xcd200000|100%| E|CS|TAMS 0xcd100000, 0xcd100000| Complete 
| 118|0xcd200000, 0xcd300000, 0xcd300000|100%| E|CS|TAMS 0xcd200000, 0xcd200000| Complete 
| 119|0xcd300000, 0xcd400000, 0xcd400000|100%| E|CS|TAMS 0xcd300000, 0xcd300000| Complete 
| 120|0xcd400000, 0xcd500000, 0xcd500000|100%| E|CS|TAMS 0xcd400000, 0xcd400000| Complete 
| 121|0xcd500000, 0xcd600000, 0xcd600000|100%| E|CS|TAMS 0xcd500000, 0xcd500000| Complete 
| 122|0xcd600000, 0xcd700000, 0xcd700000|100%| E|CS|TAMS 0xcd600000, 0xcd600000| Complete 
| 123|0xcd700000, 0xcd800000, 0xcd800000|100%| E|CS|TAMS 0xcd700000, 0xcd700000| Complete 
| 124|0xcd800000, 0xcd900000, 0xcd900000|100%| E|CS|TAMS 0xcd800000, 0xcd800000| Complete 
| 125|0xcd900000, 0xcda00000, 0xcda00000|100%| E|CS|TAMS 0xcd900000, 0xcd900000| Complete 
| 126|0xcda00000, 0xcdb00000, 0xcdb00000|100%| E|CS|TAMS 0xcda00000, 0xcda00000| Complete 
| 127|0xcdb00000, 0xcdc00000, 0xcdc00000|100%| E|CS|TAMS 0xcdb00000, 0xcdb00000| Complete 

Card table byte_map: [0xc5a00000,0xc5b00000] _byte_map_base: 0xc53d2000

Marking Bits (Prev, Next): (CMBitMap*) 0xf5e8b528, (CMBitMap*) 0xf5e8b548
 Prev Bits: [0xc5100000, 0xc5900000)
 Next Bits: [0xc4900000, 0xc5100000)

Polling page: 0xf7ef0000

Metaspace:

Usage:
    3.27 MB used.

Virtual space:
     16.00 MB reserved,       3.50 MB ( 22%) committed,  1 nodes.

Chunk freelists:
9.82 MB

MaxMetaspaceSize: 96.00 MB
No class space
Initial GC threshold: 16.00 MB
Current GC threshold: 16.00 MB
CDS: on
MetaspaceReclaimPolicy: balanced
 - commit_granule_bytes: 65536.
 - commit_granule_words: 16384.
 - virtual_space_node_default_size: 4194304.
 - enlarge_chunks_in_place: 1.
 - new_chunks_are_fully_committed: 0.
 - uncommit_free_chunks: 1.
 - use_allocation_guard: 0.
 - handle_deallocations: 1.


Internal statistics:

num_allocs_failed_limit: 0.
num_arena_births: 106.
num_arena_deaths: 0.
num_vsnodes_births: 1.
num_vsnodes_deaths: 0.
num_space_committed: 56.
num_space_uncommitted: 0.
num_chunks_returned_to_freelist: 0.
num_chunks_taken_from_freelist: 217.
num_chunk_merges: 0.
num_chunk_splits: 156.
num_chunks_enlarged: 116.
num_inconsistent_stats: 0.

CodeHeap 'non-profiled nmethods': size=120172Kb used=342Kb max_used=342Kb free=119830Kb
 bounds [0xed7f5000, 0xeda35000, 0xf4d50000]
CodeHeap 'profiled nmethods': size=120172Kb used=1370Kb max_used=1370Kb free=118801Kb
 bounds [0xe5d50000, 0xe5f90000, 0xed2ab000]
CodeHeap 'non-nmethods': size=5416Kb used=725Kb max_used=748Kb free=4690Kb
 bounds [0xed2ab000, 0xed4eb000, 0xed7f5000]
 total_blobs=1260 nmethods=927 adapters=247
 compilation: enabled
              stopped_count=0, restarted_count=0
 full_count=0

Compilation events (20 events):
Event: 89.810 Thread 0xc41a0560  918       3       script.library.hue::setColor (74 bytes)
Event: 89.811 Thread 0xc41a0560 nmethod 918 0xe5e9aa08 code [0xe5e9ac60, 0xe5e9b950]
Event: 89.811 Thread 0xc41a0560  919       3       script.palcolor_custom_var::<init> (13 bytes)
Event: 89.811 Thread 0xc41a0560 nmethod 919 0xe5e9be08 code [0xe5e9bf40, 0xe5e9c08c]
Event: 90.282 Thread 0xc41a0560  920       3       script.base_class::isIdNull (17 bytes)
Event: 90.282 Thread 0xc41a0560 nmethod 920 0xe5e9c188 code [0xe5e9c2c0, 0xe5e9c420]
Event: 90.415 Thread 0xc41a0560  921       3       script.base_class::isIdValid (20 bytes)
Event: 90.415 Thread 0xc41a0560 nmethod 921 0xe5e9c488 code [0xe5e9c5c0, 0xe5e9c7e0]
Event: 90.763 Thread 0xc41a0560  922   !   3       java.io.ObjectInputStream::readObject0 (681 bytes)
Event: 90.767 Thread 0xc41a0560 nmethod 922 0xe5e9c888 code [0xe5e9cfa0, 0xe5e9f3b4]
Event: 90.767 Thread 0xc41a0560  923       3       java.io.ObjectInputStream$HandleTable::markDependency (175 bytes)
Event: 90.768 Thread 0xc41a0560 nmethod 923 0xe5ea0f88 code [0xe5ea11a0, 0xe5ea1afc]
Event: 92.771 Thread 0xc41a0560  925       3       java.lang.AbstractStringBuilder::checkRange (63 bytes)
Event: 92.772 Thread 0xc41a0560 nmethod 925 0xe5ea1e88 code [0xe5ea20a0, 0xe5ea27d8]
Event: 92.772 Thread 0xc41a0560  924       3       script.library.utils::setLocalVar (36 bytes)
Event: 92.773 Thread 0xc41a0560 nmethod 924 0xe5ea2b88 code [0xe5ea2e00, 0xe5ea3900]
Event: 92.773 Thread 0xc41a0560  926       3       script.library.space_crafting::setupChassisDifferentiation (182 bytes)
Event: 92.775 Thread 0xc41a0560 nmethod 926 0xe5ea3d08 code [0xe5ea41c0, 0xe5ea58f4]
Event: 93.802 Thread 0xc41a0560  927       3       java.lang.reflect.Constructor::newInstanceWithCaller (75 bytes)
Event: 93.803 Thread 0xc41a0560 nmethod 927 0xe5ea6508 code [0xe5ea6680, 0xe5ea69d0]

GC Heap History (2 events):
Event: 20.836 GC heap before
{Heap before GC invocations=0 (full 0):
 garbage-first heap   total 131072K, used 12288K [0xc5c00000, 0xe5c00000)
  region size 1024K, 13 young (13312K), 0 survivors (0K)
 Metaspace       used 2357K, committed 2560K, reserved 16384K
}
Event: 21.086 GC heap after
{Heap after GC invocations=1 (full 0):
 garbage-first heap   total 131072K, used 2154K [0xc5c00000, 0xe5c00000)
  region size 1024K, 2 young (2048K), 2 survivors (2048K)
 Metaspace       used 2357K, committed 2560K, reserved 16384K
}

Dll operation events (4 events):
Event: 0.003 Loaded shared library /usr/lib/jvm/java-17-zulu-openjdk-jdk-x86/lib/libjava.so
Event: 17.786 Loaded shared library /usr/lib/jvm/java-17-zulu-openjdk-jdk-x86/lib/libnio.so
Event: 17.787 Loaded shared library /usr/lib/jvm/java-17-zulu-openjdk-jdk-x86/lib/libjimage.so
Event: 17.789 Loaded shared library /usr/lib/jvm/java-17-zulu-openjdk-jdk-x86/lib/libnet.so

Deoptimization events (20 events):
Event: 27.997 Thread 0x0b631960 Uncommon trap: trap_request=0xffffffde fr.pc=0xed837700 relative=0x000000e0
Event: 27.997 Thread 0x0b631960 Uncommon trap: reason=class_check action=maybe_recompile pc=0xed837700 method=jdk.internal.misc.Unsafe.allocateUninitializedArray(Ljava/lang/Class;I)Ljava/lang/Object; @ 51 c2
Event: 27.997 Thread 0x0b631960 DEOPT PACKING pc=0xed837700 sp=0xffb37fa0
Event: 27.997 Thread 0x0b631960 DEOPT UNPACKING pc=0xed2f4d33 sp=0xffb37f68 mode 2
Event: 27.998 Thread 0x0b631960 Uncommon trap: trap_request=0xffffffde fr.pc=0xed837700 relative=0x000000e0
Event: 27.998 Thread 0x0b631960 Uncommon trap: reason=class_check action=maybe_recompile pc=0xed837700 method=jdk.internal.misc.Unsafe.allocateUninitializedArray(Ljava/lang/Class;I)Ljava/lang/Object; @ 51 c2
Event: 27.998 Thread 0x0b631960 DEOPT PACKING pc=0xed837700 sp=0xffb37ab0
Event: 27.998 Thread 0x0b631960 DEOPT UNPACKING pc=0xed2f4d33 sp=0xffb37a78 mode 2
Event: 59.106 Thread 0x0b631960 Uncommon trap: trap_request=0xffffff45 fr.pc=0xed8284d4 relative=0x00000114
Event: 59.106 Thread 0x0b631960 Uncommon trap: reason=unstable_if action=reinterpret pc=0xed8284d4 method=java.lang.Long.valueOf(J)Ljava/lang/Long; @ 9 c2
Event: 59.106 Thread 0x0b631960 DEOPT PACKING pc=0xed8284d4 sp=0xffb37000
Event: 59.106 Thread 0x0b631960 DEOPT UNPACKING pc=0xed2f4d33 sp=0xffb36f94 mode 2
Event: 67.165 Thread 0x0b631960 Uncommon trap: trap_request=0xffffff45 fr.pc=0xed824f4c relative=0x00000c8c
Event: 67.165 Thread 0x0b631960 Uncommon trap: reason=unstable_if action=reinterpret pc=0xed824f4c method=script.obj_id.getObjId(Ljava/lang/Long;)Lscript/obj_id; @ 69 c2
Event: 67.165 Thread 0x0b631960 DEOPT PACKING pc=0xed824f4c sp=0xffb36f90
Event: 67.165 Thread 0x0b631960 DEOPT UNPACKING pc=0xed2f4d33 sp=0xffb36f90 mode 2
Event: 86.829 Thread 0x0b631960 Uncommon trap: trap_request=0xffffff45 fr.pc=0xed826a88 relative=0x00000068
Event: 86.829 Thread 0x0b631960 Uncommon trap: reason=unstable_if action=reinterpret pc=0xed826a88 method=script.base_class.isIdNull(Lscript/obj_id;)Z @ 8 c2
Event: 86.829 Thread 0x0b631960 DEOPT PACKING pc=0xed826a88 sp=0xffb37860
Event: 86.830 Thread 0x0b631960 DEOPT UNPACKING pc=0xed2f4d33 sp=0xffb37808 mode 2

Classes unloaded (0 events):
No events

Classes redefined (0 events):
No events

Internal exceptions (3 events):
Event: 17.471 Thread 0x0b631960 Exception <a 'java/lang/NoSuchMethodError'{0xcd42ed50}: 'java.lang.Object java.lang.invoke.DirectMethodHandle$Holder.invokeStatic(java.lang.Object, float)'> (0xcd42ed50) 
thrown [src/hotspot/share/interpreter/linkResolver.cpp, line 759]
Event: 17.794 Thread 0x0b631960 Exception <a 'java/lang/NoSuchMethodError'{0xcd317920}: 'java.lang.Object java.lang.invoke.DirectMethodHandle$Holder.invokeStaticInit(java.lang.Object)'> (0xcd317920) 
thrown [src/hotspot/share/interpreter/linkResolver.cpp, line 759]
Event: 26.798 Thread 0x0b631960 Exception <a 'java/lang/NoSuchMethodError'{0xcd4b6380}: static [Ljava/lang/String;.<clinit>()V> (0xcd4b6380) 
thrown [src/hotspot/share/prims/jni.cpp, line 1112]

VM Operations (20 events):
Event: 27.855 Executing VM operation: Cleanup
Event: 27.855 Executing VM operation: Cleanup done
Event: 29.855 Executing VM operation: Cleanup
Event: 29.855 Executing VM operation: Cleanup done
Event: 30.860 Executing VM operation: Cleanup
Event: 30.860 Executing VM operation: Cleanup done
Event: 43.891 Executing VM operation: Cleanup
Event: 43.891 Executing VM operation: Cleanup done
Event: 49.901 Executing VM operation: Cleanup
Event: 49.901 Executing VM operation: Cleanup done
Event: 59.913 Executing VM operation: Cleanup
Event: 59.913 Executing VM operation: Cleanup done
Event: 60.036 Executing VM operation: HandshakeAllThreads
Event: 60.036 Executing VM operation: HandshakeAllThreads done
Event: 78.047 Executing VM operation: Cleanup
Event: 78.047 Executing VM operation: Cleanup done
Event: 88.066 Executing VM operation: Cleanup
Event: 88.066 Executing VM operation: Cleanup done
Event: 90.067 Executing VM operation: Cleanup
Event: 90.067 Executing VM operation: Cleanup done

Events (20 events):
Event: 26.857 loading class java/lang/constant/DynamicConstantDesc$AnonymousDynamicConstantDesc done
Event: 26.870 loading class java/lang/Math$RandomNumberGeneratorHolder
Event: 26.870 loading class java/lang/Math$RandomNumberGeneratorHolder done
Event: 27.018 loading class java/util/Vector$Itr
Event: 27.018 loading class java/util/Vector$Itr done
Event: 59.106 loading class java/io/ObjectStreamException
Event: 59.106 loading class java/io/ObjectStreamException done
Event: 77.807 loading class jdk/internal/math/FormattedFloatingDecimal$Form
Event: 77.807 loading class jdk/internal/math/FormattedFloatingDecimal$Form done
Event: 77.807 loading class jdk/internal/math/FormattedFloatingDecimal
Event: 77.808 loading class jdk/internal/math/FormattedFloatingDecimal done
Event: 77.808 loading class jdk/internal/math/FormattedFloatingDecimal$1
Event: 77.808 loading class jdk/internal/math/FormattedFloatingDecimal$1 done
Event: 77.808 loading class jdk/internal/math/FDBigInteger
Event: 77.808 loading class jdk/internal/math/FDBigInteger done
Event: 77.809 loading class jdk/internal/math/FormattedFloatingDecimal$2
Event: 77.809 loading class jdk/internal/math/FormattedFloatingDecimal$2 done
Event: 94.298 Thread 0x0b631960 Thread exited: 0x0b631960
Event: 94.312 Thread 0xf5e242d0 Thread exited: 0xf5e242d0
Event: 94.312 Thread 0xc419bfd0 Thread exited: 0xc419bfd0


Dynamic libraries:
08048000-09298000 r-xp 00000000 08:04 494947248                          /home/almalinux/swg-returns-nge/build/bin/SwgGameServer
09298000-0929c000 rw-p 0124f000 08:04 494947248                          /home/almalinux/swg-returns-nge/build/bin/SwgGameServer
0929c000-09b1f000 rw-p 00000000 00:00 0 
09f6c000-0d624000 rw-p 00000000 00:00 0                                  [heap]
c0e00000-c0efe000 rw-p 00000000 00:00 0 
c0efe000-c0f00000 ---p 00000000 00:00 0 
c117d000-c117e000 ---p 00000000 00:00 0 
c117e000-c11fe000 rw-p 00000000 00:00 0 
c11fe000-c11ff000 ---p 00000000 00:00 0 
c11ff000-c127f000 rw-p 00000000 00:00 0 
c127f000-c1283000 ---p 00000000 00:00 0 
c1283000-c1300000 rw-p 00000000 00:00 0 
c1300000-c13fa000 rw-p 00000000 00:00 0 
c13fa000-c1400000 ---p 00000000 00:00 0 
c167f000-c1683000 ---p 00000000 00:00 0 
c1683000-c1740000 rw-p 00000000 00:00 0 
c1740000-c1744000 ---p 00000000 00:00 0 
c1744000-c1801000 rw-p 00000000 00:00 0 
c1801000-c1802000 ---p 00000000 00:00 0 
c1802000-c1882000 rw-p 00000000 00:00 0 
c1882000-c1886000 ---p 00000000 00:00 0 
c1886000-c1943000 rw-p 00000000 00:00 0 
c1943000-c1947000 ---p 00000000 00:00 0 
c1947000-c1a04000 rw-p 00000000 00:00 0 
c1a04000-c1a08000 ---p 00000000 00:00 0 
c1a08000-c1ac5000 rw-p 00000000 00:00 0 
c1ac5000-c1ac9000 ---p 00000000 00:00 0 
c1ac9000-c1b86000 rw-p 00000000 00:00 0 
c1b86000-c1e00000 r--p 00078000 08:04 535181                             /usr/lib/locale/locale-archive
c1e00000-c2000000 r--p 00000000 08:04 535181                             /usr/lib/locale/locale-archive
c2000000-c2150000 rw-p 00000000 00:00 0 
c2150000-c2400000 ---p 00000000 00:00 0 
c2400000-c2630000 rw-p 00000000 00:00 0 
c2630000-c3000000 ---p 00000000 00:00 0 
c303c000-c3040000 ---p 00000000 00:00 0 
c3040000-c30bd000 rw-p 00000000 00:00 0 
c30bd000-c30c1000 ---p 00000000 00:00 0 
c30c1000-c317e000 rw-p 00000000 00:00 0 
c317e000-c3182000 ---p 00000000 00:00 0 
c3182000-c323f000 rw-p 00000000 00:00 0 
c323f000-c3243000 ---p 00000000 00:00 0 
c3243000-c3300000 rw-p 00000000 00:00 0 
c3300000-c3321000 rw-p 00000000 00:00 0 
c3321000-c3400000 ---p 00000000 00:00 0 
c3431000-c3435000 ---p 00000000 00:00 0 
c3435000-c34b2000 rw-p 00000000 00:00 0 
c34b2000-c34b3000 ---p 00000000 00:00 0 
c34b3000-c3533000 rw-p 00000000 00:00 0 
c3533000-c3e00000 rw-p 00001000 08:04 143240867                          /usr/lib/jvm/java-17-zulu-openjdk-jdk-x86/lib/server/classes.jsa
c3e00000-c3e21000 rw-p 00000000 00:00 0 
c3e21000-c3f00000 ---p 00000000 00:00 0 
c3f7f000-c3f80000 ---p 00000000 00:00 0 
c3f80000-c4000000 rw-p 00000000 00:00 0 
c4000000-c4021000 rw-p 00000000 00:00 0 
c4021000-c4100000 ---p 00000000 00:00 0 
c4100000-c41d4000 rw-p 00000000 00:00 0 
c41d4000-c4200000 ---p 00000000 00:00 0 
c427f000-c4280000 ---p 00000000 00:00 0 
c4280000-c4300000 rw-p 00000000 00:00 0 
c4300000-c434d000 rw-p 00000000 00:00 0 
c434d000-c4400000 ---p 00000000 00:00 0 
c447f000-c4480000 ---p 00000000 00:00 0 
c4480000-c4500000 rw-p 00000000 00:00 0 
c4500000-c4600000 rw-p 00000000 00:00 0 
c467f000-c4680000 ---p 00000000 00:00 0 
c4680000-c4700000 rw-p 00000000 00:00 0 
c4700000-c47e5000 rw-p 00000000 00:00 0 
c47e5000-c4800000 ---p 00000000 00:00 0 
c487f000-c4880000 ---p 00000000 00:00 0 
c4880000-c4b00000 rw-p 00000000 00:00 0 
c4b00000-c5100000 ---p 00000000 00:00 0 
c5100000-c5300000 rw-p 00000000 00:00 0 
c5300000-c5900000 ---p 00000000 00:00 0 
c5900000-c5940000 rw-p 00000000 00:00 0 
c5940000-c5a00000 ---p 00000000 00:00 0 
c5a00000-c5a40000 rw-p 00000000 00:00 0 
c5a40000-c5b00000 ---p 00000000 00:00 0 
c5b00000-c5b40000 rw-p 00000000 00:00 0 
c5b40000-c5c00000 ---p 00000000 00:00 0 
c5c00000-cdc00000 rw-p 00000000 00:00 0 
cdc00000-e5c00000 ---p 00000000 00:00 0 
e5c65000-e5c6a000 rw-p 00000000 00:00 0 
e5c6a000-e5d50000 ---p 00000000 00:00 0 
e5d50000-e5f90000 rwxp 00000000 00:00 0 
e5f90000-ed2ab000 ---p 00000000 00:00 0 
ed2ab000-ed4eb000 rwxp 00000000 00:00 0 
ed4eb000-ed7f5000 ---p 00000000 00:00 0 
ed7f5000-eda35000 rwxp 00000000 00:00 0 
eda35000-f4d50000 ---p 00000000 00:00 0 
f4d50000-f4eb8000 r--s 00000000 08:04 117534333                          /usr/lib/jvm/java-17-zulu-openjdk-jdk-x86/lib/modules
f4eb8000-f5d5a000 r-xp 00000000 08:04 143240869                          /usr/lib/jvm/java-17-zulu-openjdk-jdk-x86/lib/server/libjvm.so
f5d5a000-f5daf000 r--p 00ea1000 08:04 143240869                          /usr/lib/jvm/java-17-zulu-openjdk-jdk-x86/lib/server/libjvm.so
f5daf000-f5dd0000 rw-p 00ef6000 08:04 143240869                          /usr/lib/jvm/java-17-zulu-openjdk-jdk-x86/lib/server/libjvm.so
f5dd0000-f5e00000 rw-p 00000000 00:00 0 
f5e00000-f5f00000 rw-p 00000000 00:00 0 
f5f36000-f5f37000 ---p 00000000 00:00 0 
f5f37000-f5f3b000 ---p 00000000 00:00 0 
f5f3b000-f6aaf000 rw-p 00000000 00:00 0 
f6abb000-f6ad0000 r-xp 00000000 08:04 117534323                          /usr/lib/jvm/java-17-zulu-openjdk-jdk-x86/lib/libnet.so
f6ad0000-f6ad1000 r--p 00014000 08:04 117534323                          /usr/lib/jvm/java-17-zulu-openjdk-jdk-x86/lib/libnet.so
f6ad1000-f6ad2000 rw-p 00015000 08:04 117534323                          /usr/lib/jvm/java-17-zulu-openjdk-jdk-x86/lib/libnet.so
f6ad2000-f6ad7000 rw-p 00000000 00:00 0 
f6ad7000-f6bbd000 ---p 00000000 00:00 0 
f6df7000-f6e09000 r-xp 00000000 08:04 117534324                          /usr/lib/jvm/java-17-zulu-openjdk-jdk-x86/lib/libnio.so
f6e09000-f6e0a000 r--p 00011000 08:04 117534324                          /usr/lib/jvm/java-17-zulu-openjdk-jdk-x86/lib/libnio.so
f6e0a000-f6e0b000 rw-p 00012000 08:04 117534324                          /usr/lib/jvm/java-17-zulu-openjdk-jdk-x86/lib/libnio.so
f6e0b000-f6e34000 rw-p 00000000 00:00 0 
f6e34000-f6e57000 r-xp 00000000 08:04 117534310                          /usr/lib/jvm/java-17-zulu-openjdk-jdk-x86/lib/libjava.so
f6e57000-f6e58000 r--p 00022000 08:04 117534310                          /usr/lib/jvm/java-17-zulu-openjdk-jdk-x86/lib/libjava.so
f6e58000-f6e59000 rw-p 00023000 08:04 117534310                          /usr/lib/jvm/java-17-zulu-openjdk-jdk-x86/lib/libjava.so
f6e59000-f6e65000 r-xp 00000000 08:04 16831767                           /usr/lib/libnss_files-2.28.so
f6e65000-f6e66000 r--p 0000b000 08:04 16831767                           /usr/lib/libnss_files-2.28.so
f6e66000-f6e67000 rw-p 0000c000 08:04 16831767                           /usr/lib/libnss_files-2.28.so
f6e67000-f6e6d000 rw-p 00000000 00:00 0 
f6e73000-f6e78000 rw-p 00000000 00:00 0 
f6e78000-f6e7e000 ---p 00000000 00:00 0 
f6e7e000-f6e99000 r-xp 00000000 08:04 117534314                          /usr/lib/jvm/java-17-zulu-openjdk-jdk-x86/lib/libjimage.so
f6e99000-f6e9a000 ---p 0001b000 08:04 117534314                          /usr/lib/jvm/java-17-zulu-openjdk-jdk-x86/lib/libjimage.so
f6e9a000-f6e9b000 r--p 0001b000 08:04 117534314                          /usr/lib/jvm/java-17-zulu-openjdk-jdk-x86/lib/libjimage.so
f6e9b000-f6e9c000 rw-p 0001c000 08:04 117534314                          /usr/lib/jvm/java-17-zulu-openjdk-jdk-x86/lib/libjimage.so
f6e9c000-f6ea0000 rw-p 00000000 00:00 0 
f6ea0000-f6f28000 r-xp 00000000 08:04 17191875                           /usr/lib/libpcre2-8.so.0.7.1
f6f28000-f6f29000 r--p 00087000 08:04 17191875                           /usr/lib/libpcre2-8.so.0.7.1
f6f29000-f6f2a000 rw-p 00088000 08:04 17191875                           /usr/lib/libpcre2-8.so.0.7.1
f6f2a000-f6f4a000 r-xp 00000000 08:04 17021543                           /usr/lib/libcrypt.so.1.1.0
f6f4a000-f6f4b000 ---p 00020000 08:04 17021543                           /usr/lib/libcrypt.so.1.1.0
f6f4b000-f6f4c000 r--p 00020000 08:04 17021543                           /usr/lib/libcrypt.so.1.1.0
f6f4c000-f6f55000 rw-p 00000000 00:00 0 
f6f55000-f6f80000 r-xp 00000000 08:04 17191887                           /usr/lib/libselinux.so.1
f6f80000-f6f81000 ---p 0002b000 08:04 17191887                           /usr/lib/libselinux.so.1
f6f81000-f6f82000 r--p 0002b000 08:04 17191887                           /usr/lib/libselinux.so.1
f6f82000-f6f83000 rw-p 0002c000 08:04 17191887                           /usr/lib/libselinux.so.1
f6f83000-f6f84000 rw-p 00000000 00:00 0 
f6f84000-f6fa3000 r-xp 00000000 08:04 18866589                           /usr/lib/libbrotlicommon.so.1.0.6
f6fa3000-f6fa4000 r--p 0001e000 08:04 18866589                           /usr/lib/libbrotlicommon.so.1.0.6
f6fa4000-f6fa5000 rw-p 0001f000 08:04 18866589                           /usr/lib/libbrotlicommon.so.1.0.6
f6fa5000-f6fc3000 r-xp 00000000 08:04 17191915                           /usr/lib/libsasl2.so.3.0.0
f6fc3000-f6fc4000 ---p 0001e000 08:04 17191915                           /usr/lib/libsasl2.so.3.0.0
f6fc4000-f6fc5000 r--p 0001e000 08:04 17191915                           /usr/lib/libsasl2.so.3.0.0
f6fc5000-f6fc6000 rw-p 0001f000 08:04 17191915                           /usr/lib/libsasl2.so.3.0.0
f6fc6000-f6fc8000 rw-p 00000000 00:00 0 
f6fc8000-f6fdc000 r-xp 00000000 08:04 16831772                           /usr/lib/libresolv-2.28.so
f6fdc000-f6fdd000 ---p 00014000 08:04 16831772                           /usr/lib/libresolv-2.28.so
f6fdd000-f6fde000 r--p 00014000 08:04 16831772                           /usr/lib/libresolv-2.28.so
f6fde000-f6fdf000 rw-p 00015000 08:04 16831772                           /usr/lib/libresolv-2.28.so
f6fdf000-f6fe1000 rw-p 00000000 00:00 0 
f6fe1000-f6fe4000 r-xp 00000000 08:04 17191893                           /usr/lib/libkeyutils.so.1.6
f6fe4000-f6fe5000 ---p 00003000 08:04 17191893                           /usr/lib/libkeyutils.so.1.6
f6fe5000-f6fe6000 r--p 00003000 08:04 17191893                           /usr/lib/libkeyutils.so.1.6
f6fe6000-f6fe7000 rw-p 00000000 00:00 0 
f6fe7000-f6ff7000 r-xp 00000000 08:04 17021560                           /usr/lib/libkrb5support.so.0.1
f6ff7000-f6ff8000 r--p 0000f000 08:04 17021560                           /usr/lib/libkrb5support.so.0.1
f6ff8000-f6ff9000 rw-p 00010000 08:04 17021560                           /usr/lib/libkrb5support.so.0.1
f6ff9000-f7001000 r-xp 00000000 08:04 16831774                           /usr/lib/librt-2.28.so
f7001000-f7002000 r--p 00007000 08:04 16831774                           /usr/lib/librt-2.28.so
f7002000-f7003000 rw-p 00008000 08:04 16831774                           /usr/lib/librt-2.28.so
f7003000-f7182000 r-xp 00000000 08:04 17021545                           /usr/lib/libunistring.so.2.1.0
f7182000-f7183000 ---p 0017f000 08:04 17021545                           /usr/lib/libunistring.so.2.1.0
f7183000-f7185000 r--p 0017f000 08:04 17021545                           /usr/lib/libunistring.so.2.1.0
f7185000-f7186000 rw-p 00181000 08:04 17021545                           /usr/lib/libunistring.so.2.1.0
f7186000-f71b0000 r-xp 00000000 08:04 18654292                           /usr/lib/liblzma.so.5.2.4
f71b0000-f71b1000 r--p 00029000 08:04 18654292                           /usr/lib/liblzma.so.5.2.4
f71b1000-f71b2000 rw-p 00000000 00:00 0 
f71b2000-f71be000 r-xp 00000000 08:04 17191936                           /usr/lib/libbrotlidec.so.1.0.6
f71be000-f71bf000 r--p 0000b000 08:04 17191936                           /usr/lib/libbrotlidec.so.1.0.6
f71bf000-f71c0000 rw-p 00000000 00:00 0 
f71c0000-f71cf000 r-xp 00000000 08:04 17191918                           /usr/lib/liblber-2.4.so.2.10.9
f71cf000-f71d0000 r--p 0000e000 08:04 17191918                           /usr/lib/liblber-2.4.so.2.10.9
f71d0000-f71d1000 rw-p 0000f000 08:04 17191918                           /usr/lib/liblber-2.4.so.2.10.9
f71d1000-f7226000 r-xp 00000000 08:04 17191920                           /usr/lib/libldap-2.4.so.2.10.9
f7226000-f7227000 ---p 00055000 08:04 17191920                           /usr/lib/libldap-2.4.so.2.10.9
f7227000-f7228000 r--p 00055000 08:04 17191920                           /usr/lib/libldap-2.4.so.2.10.9
f7228000-f7229000 rw-p 00056000 08:04 17191920                           /usr/lib/libldap-2.4.so.2.10.9
f7229000-f722b000 rw-p 00000000 00:00 0 
f722b000-f722e000 r-xp 00000000 08:04 16994899                           /usr/lib/libcom_err.so.2.1
f722e000-f722f000 r--p 00002000 08:04 16994899                           /usr/lib/libcom_err.so.2.1
f722f000-f7230000 rw-p 00003000 08:04 16994899                           /usr/lib/libcom_err.so.2.1
f7230000-f7246000 r-xp 00000000 08:04 17021552                           /usr/lib/libk5crypto.so.3.1
f7246000-f7247000 ---p 00016000 08:04 17021552                           /usr/lib/libk5crypto.so.3.1
f7247000-f7248000 r--p 00016000 08:04 17021552                           /usr/lib/libk5crypto.so.3.1
f7248000-f7249000 rw-p 00017000 08:04 17021552                           /usr/lib/libk5crypto.so.3.1
f7249000-f732c000 r-xp 00000000 08:04 17021558                           /usr/lib/libkrb5.so.3.3
f732c000-f7333000 r--p 000e2000 08:04 17021558                           /usr/lib/libkrb5.so.3.3
f7333000-f7334000 rw-p 000e9000 08:04 17021558                           /usr/lib/libkrb5.so.3.3
f7334000-f738f000 r-xp 00000000 08:04 17021548                           /usr/lib/libgssapi_krb5.so.2.2
f738f000-f7391000 r--p 0005a000 08:04 17021548                           /usr/lib/libgssapi_krb5.so.2.2
f7391000-f7392000 rw-p 0005c000 08:04 17021548                           /usr/lib/libgssapi_krb5.so.2.2
f7392000-f7643000 r-xp 00000000 08:04 18627877                           /usr/lib/libcrypto.so.1.1.1k
f7643000-f765c000 r--p 002b0000 08:04 18627877                           /usr/lib/libcrypto.so.1.1.1k
f765c000-f765e000 rw-p 002c9000 08:04 18627877                           /usr/lib/libcrypto.so.1.1.1k
f765e000-f7662000 rw-p 00000000 00:00 0 
f7662000-f76f4000 r-xp 00000000 08:04 18627879                           /usr/lib/libssl.so.1.1.1k
f76f4000-f76fa000 r--p 00091000 08:04 18627879                           /usr/lib/libssl.so.1.1.1k
f76fa000-f76fe000 rw-p 00097000 08:04 18627879                           /usr/lib/libssl.so.1.1.1k
f76fe000-f770e000 r-xp 00000000 08:04 18660120                           /usr/lib/libpsl.so.5.3.1
f770e000-f770f000 r--p 0000f000 08:04 18660120                           /usr/lib/libpsl.so.5.3.1
f770f000-f7710000 rw-p 00000000 00:00 0 
f7710000-f778d000 r-xp 00000000 08:04 16994901                           /usr/lib/libssh.so.4.8.7
f778d000-f778e000 ---p 0007d000 08:04 16994901                           /usr/lib/libssh.so.4.8.7
f778e000-f778f000 r--p 0007d000 08:04 16994901                           /usr/lib/libssh.so.4.8.7
f778f000-f7790000 rw-p 0007e000 08:04 16994901                           /usr/lib/libssh.so.4.8.7
f7790000-f77ad000 r-xp 00000000 08:04 17040588                           /usr/lib/libidn2.so.0.3.6
f77ad000-f77ae000 r--p 0001c000 08:04 17040588                           /usr/lib/libidn2.so.0.3.6
f77ae000-f77af000 rw-p 00000000 00:00 0 
f77af000-f77d7000 r-xp 00000000 08:04 17191891                           /usr/lib/libnghttp2.so.14.17.0
f77d7000-f77d8000 r--p 00027000 08:04 17191891                           /usr/lib/libnghttp2.so.14.17.0
f77d8000-f77da000 rw-p 00028000 08:04 17191891                           /usr/lib/libnghttp2.so.14.17.0
f77da000-f797c000 r-xp 00000000 08:04 16831756                           /usr/lib/libc-2.28.so
f797c000-f797d000 ---p 001a2000 08:04 16831756                           /usr/lib/libc-2.28.so
f797d000-f797f000 r--p 001a2000 08:04 16831756                           /usr/lib/libc-2.28.so
f797f000-f7980000 rw-p 001a4000 08:04 16831756                           /usr/lib/libc-2.28.so
f7980000-f7985000 rw-p 00000000 00:00 0 
f7985000-f79a0000 r-xp 00000000 08:04 16985139                           /usr/lib/libgcc_s-8-20210514.so.1
f79a0000-f79a1000 r--p 0001a000 08:04 16985139                           /usr/lib/libgcc_s-8-20210514.so.1
f79a1000-f79a2000 rw-p 0001b000 08:04 16985139                           /usr/lib/libgcc_s-8-20210514.so.1
f79a2000-f7a72000 r-xp 00000000 08:04 16831760                           /usr/lib/libm-2.28.so
f7a72000-f7a73000 r--p 000cf000 08:04 16831760                           /usr/lib/libm-2.28.so
f7a73000-f7a74000 rw-p 000d0000 08:04 16831760                           /usr/lib/libm-2.28.so
f7a74000-f7bfd000 r-xp 00000000 08:04 16985145                           /usr/lib/libstdc++.so.6.0.25
f7bfd000-f7bfe000 ---p 00189000 08:04 16985145                           /usr/lib/libstdc++.so.6.0.25
f7bfe000-f7c04000 r--p 00189000 08:04 16985145                           /usr/lib/libstdc++.so.6.0.25
f7c04000-f7c05000 rw-p 0018f000 08:04 16985145                           /usr/lib/libstdc++.so.6.0.25
f7c05000-f7c07000 rw-p 00000000 00:00 0 
f7c07000-f7c1e000 r-xp 00000000 08:04 16963437                           /usr/lib/libz.so.1.2.11
f7c1e000-f7c1f000 ---p 00017000 08:04 16963437                           /usr/lib/libz.so.1.2.11
f7c1f000-f7c20000 r--p 00017000 08:04 16963437                           /usr/lib/libz.so.1.2.11
f7c20000-f7c21000 rw-p 00000000 00:00 0 
f7c21000-f7d9e000 r-xp 00000000 08:04 16963397                           /usr/lib/libxml2.so.2.9.7
f7d9e000-f7da3000 r--p 0017c000 08:04 16963397                           /usr/lib/libxml2.so.2.9.7
f7da3000-f7da4000 rw-p 00181000 08:04 16963397                           /usr/lib/libxml2.so.2.9.7
f7da4000-f7da5000 rw-p 00000000 00:00 0 
f7da5000-f7dc1000 r-xp 00000000 08:04 16831770                           /usr/lib/libpthread-2.28.so
f7dc1000-f7dc2000 r--p 0001b000 08:04 16831770                           /usr/lib/libpthread-2.28.so
f7dc2000-f7dc3000 rw-p 0001c000 08:04 16831770                           /usr/lib/libpthread-2.28.so
f7dc3000-f7dc5000 rw-p 00000000 00:00 0 
f7dc5000-f7e39000 r-xp 00000000 08:04 16818911                           /usr/lib/libpcre.so.1.2.10
f7e39000-f7e3a000 ---p 00074000 08:04 16818911                           /usr/lib/libpcre.so.1.2.10
f7e3a000-f7e3b000 r--p 00074000 08:04 16818911                           /usr/lib/libpcre.so.1.2.10
f7e3b000-f7e3c000 rw-p 00075000 08:04 16818911                           /usr/lib/libpcre.so.1.2.10
f7e3c000-f7e3f000 r-xp 00000000 08:04 16831758                           /usr/lib/libdl-2.28.so
f7e3f000-f7e40000 r--p 00002000 08:04 16831758                           /usr/lib/libdl-2.28.so
f7e40000-f7e41000 rw-p 00003000 08:04 16831758                           /usr/lib/libdl-2.28.so
f7e41000-f7ede000 r-xp 00000000 08:04 16994905                           /usr/lib/libcurl.so.4.5.0
f7ede000-f7ee0000 r--p 0009c000 08:04 16994905                           /usr/lib/libcurl.so.4.5.0
f7ee0000-f7ee1000 rw-p 0009e000 08:04 16994905                           /usr/lib/libcurl.so.4.5.0
f7ee1000-f7ee8000 r--s 00000000 08:04 176632422                          /usr/lib/gconv/gconv-modules.cache
f7ee8000-f7ef0000 rw-s 00000000 08:04 151636358                          /tmp/hsperfdata_almalinux/1433299 (deleted)
f7ef0000-f7ef1000 ---p 00000000 00:00 0 
f7ef1000-f7ef2000 r--p 00000000 00:00 0 
f7ef2000-f7ef4000 rw-p 00000000 00:00 0 
f7ef4000-f7ef8000 r--p 00000000 00:00 0                                  [vvar]
f7ef8000-f7efa000 r-xp 00000000 00:00 0                                  [vdso]
f7efa000-f7f29000 r-xp 00000000 08:04 16831749                           /usr/lib/ld-2.28.so
f7f29000-f7f2a000 ---p 00000000 00:00 0 
f7f2a000-f7f2b000 r--p 0002f000 08:04 16831749                           /usr/lib/ld-2.28.so
f7f2b000-f7f2c000 rw-p 00030000 08:04 16831749                           /usr/lib/ld-2.28.so
ff976000-ff977000 rwxp 00000000 00:00 0 
ffa7f000-ffb3b000 rw-p 00000000 00:00 0                                  [stack]


VM Arguments:
jvm_args: -Xms128m -Xmx512m -Xss768k -XX:MaxMetaspaceSize=96m -Xrs -XX:-UsePerfData -XX:-AllowUserSignalHandlers -XX:UseSSE=3 -XX+DoEscapeAnalysis -XX:AutoBoxCacheMax:2000 -XX:+OptimizeStringConcat -XX:+OptimizeFill -XX:+EliminateAutoBox -XX:+UseCompressedStrings -XX:+UseCompressedOops -XX:+EliminateLocks -XX:UseFastAccessorMethods -XX:+UseStringCache -XgcPrio:throughput -XXkeepAreaRatio:1 -XXlazyUnlocking -XXcallProfiling -XXcompactRatio:1 
java_command: <unknown>
java_class_path (initial): ../../data/sku.0/sys.server/compiled/game/
Launcher Type: generic

[Global flags]
     intx CICompilerCount                          = 3                                         {product} {ergonomic}
     uint ConcGCThreads                            = 1                                         {product} {ergonomic}
     uint G1ConcRefinementThreads                  = 4                                         {product} {ergonomic}
   size_t G1HeapRegionSize                         = 1048576                                   {product} {ergonomic}
    uintx GCDrainStackTargetSize                   = 64                                        {product} {ergonomic}
   size_t InitialHeapSize                          = 134217728                                 {product} {command line}
   size_t MarkStackSize                            = 32768                                     {product} {ergonomic}
   size_t MaxHeapSize                              = 536870912                                 {product} {command line}
   size_t MaxMetaspaceSize                         = 100663296                                 {product} {command line}
   size_t MaxNewSize                               = 321912832                                 {product} {ergonomic}
   size_t MinHeapDeltaBytes                        = 1048576                                   {product} {ergonomic}
   size_t MinHeapSize                              = 134217728                                 {product} {command line}
    uintx NonNMethodCodeHeapSize                   = 5544422                                {pd product} {ergonomic}
    uintx NonProfiledCodeHeapSize                  = 123056909                              {pd product} {ergonomic}
    uintx ProfiledCodeHeapSize                     = 123056909                              {pd product} {ergonomic}
    uintx ReservedCodeCacheSize                    = 251658240                              {pd product} {ergonomic}
     bool SegmentedCodeCache                       = true                                      {product} {ergonomic}
   size_t SoftMaxHeapSize                          = 536870912                              {manageable} {ergonomic}
   double SweeperThreshold                         = 0.500000                                  {product} {ergonomic}
     intx ThreadStackSize                          = 768                                    {pd product} {command line}
     bool UseG1GC                                  = true                                      {product} {ergonomic}

Logging:
Log output configuration:
 #0: stdout all=off uptime,level,tags
 #1: stderr all=off uptime,level,tags

Environment Variables:
JAVA_HOME=/usr/lib/jvm/zulu-17-x86
PATH=/usr/java/jdk1.7.0_80/bin:/usr/java/jdk1.7.0_80/bin:/usr/java/jdk1.6.0_45/bin:/usr/java/jdk1.6.0_45/bin:/usr/java/jdk1.6.0_45/bin:/home/almalinux/.local/bin:/home/almalinux/bin:/sbin:/bin:/usr/bin:/usr/local/bin:/usr/local/sbin:/usr/sbin:/usr/lib/oracle/18.3/client/bin:/usr/lib/oracle/18.3/client/bin:/usr/lib/jvm/java-11-openjdk/bin:./
LD_LIBRARY_PATH=/usr/lib/jvm/java-17-zulu-openjdk-jdk-x86/lib/server:/usr/lib/jvm/java-17-zulu-openjdk-jdk-x86/lib:/usr/lib/jvm/java-17-zulu-openjdk-jdk-x86/../lib:/usr/lib/jvm/zulu-17-x86/lib/server:/usr/lib/jvm/java-11-openjdk/lib:/usr/lib/jvm/java-11-openjdk/lib/server:./
SHELL=/bin/bash
DISPLAY=:10.0
LANG=en_US.UTF-8
TERM=xterm-256color

Active Locale:
LC_ALL=en_US.UTF-8
LC_COLLATE=en_US.UTF-8
LC_CTYPE=en_US.UTF-8
LC_MESSAGES=en_US.UTF-8
LC_MONETARY=en_US.UTF-8
LC_NUMERIC=en_US.UTF-8
LC_TIME=en_US.UTF-8

Signal Handlers:
   SIGSEGV: crash_handler in libjvm.so, mask=11100100010111111101111111111110, flags=SA_RESTART|SA_SIGINFO, unblocked
    SIGBUS: crash_handler in libjvm.so, mask=11100100010111111101111111111110, flags=SA_RESTART|SA_SIGINFO, unblocked
    SIGFPE: crash_handler in libjvm.so, mask=11100100010111111101111111111110, flags=SA_RESTART|SA_SIGINFO, unblocked
   SIGPIPE: SIG_IGN, mask=00000000000010000000000000000000, flags=SA_RESTART, blocked
  *** Handler was modified!
  *** Expected: javaSignalHandler in libjvm.so, mask=11100100110111111111111111111110, flags=SA_RESTART|SA_SIGINFO
   SIGXFSZ: javaSignalHandler in libjvm.so, mask=11100100010111111101111111111110, flags=SA_RESTART|SA_SIGINFO, blocked
    SIGILL: crash_handler in libjvm.so, mask=11100100010111111101111111111110, flags=SA_RESTART|SA_SIGINFO, unblocked
   SIGUSR2: SR_handler in libjvm.so, mask=00100000000000000000000000000000, flags=SA_RESTART|SA_SIGINFO, blocked
    SIGHUP: UserHandler in libjvm.so, mask=11100100010111111101111111111110, flags=SA_RESTART|SA_SIGINFO, blocked
    SIGINT: UserHandler in libjvm.so, mask=11100100010111111101111111111110, flags=SA_RESTART|SA_SIGINFO, blocked
   SIGTERM: UserHandler in libjvm.so, mask=11100100010111111101111111111110, flags=SA_RESTART|SA_SIGINFO, blocked
   SIGQUIT: UserHandler in libjvm.so, mask=11100100010111111101111111111110, flags=SA_RESTART|SA_SIGINFO, blocked
   SIGTRAP: crash_handler in libjvm.so, mask=11100100010111111101111111111110, flags=SA_RESTART|SA_SIGINFO, unblocked


Periodic native trim disabled


---------------  S Y S T E M  ---------------

OS:
AlmaLinux release 8.10 (Cerulean Leopard)
uname: Linux 4.18.0-553.81.1.el8_10.x86_64 #1 SMP Mon Oct 27 11:29:19 EDT 2025 x86_64
OS uptime: 33 days 23:40 hours
libc: glibc 2.28 NPTL 2.28 
rlimit (soft/hard): STACK 8192k/infinity , CORE 0k/infinity , NPROC 61995/61995 , NOFILE 262144/262144 , AS infinity/infinity , CPU infinity/infinity , DATA infinity/infinity , FSIZE infinity/infinity , MEMLOCK 64k/64k
load average: 35.75 35.07 34.93

/proc/meminfo:
MemTotal:       16014448 kB
MemFree:          741668 kB
MemAvailable:    5845460 kB
Buffers:            1056 kB
Cached:          7856152 kB
SwapCached:         1780 kB
Active:          2634400 kB
Inactive:       11779808 kB
Active(anon):    2073028 kB
Inactive(anon):  7347336 kB
Active(file):     561372 kB
Inactive(file):  4432472 kB
Unevictable:        3104 kB
Mlocked:              16 kB
SwapTotal:       8388604 kB
SwapFree:        8370064 kB
Dirty:               508 kB
Writeback:             0 kB
AnonPages:       6558204 kB
Mapped:          1574432 kB
Shmem:           2863324 kB
KReclaimable:     286992 kB
Slab:             439412 kB
SReclaimable:     286992 kB
SUnreclaim:       152420 kB
KernelStack:       25924 kB
PageTables:       155456 kB
NFS_Unstable:          0 kB
Bounce:                0 kB
WritebackTmp:          0 kB
CommitLimit:    16395828 kB
Committed_AS:   24031080 kB
VmallocTotal:   34359738367 kB
VmallocUsed:       71816 kB
VmallocChunk:          0 kB
Percpu:             2704 kB
HardwareCorrupted:     0 kB
AnonHugePages:         0 kB
ShmemHugePages:        0 kB
ShmemPmdMapped:        0 kB
FileHugePages:         0 kB
FilePmdMapped:         0 kB
HugePages_Total:       0
HugePages_Free:        0
HugePages_Rsvd:        0
HugePages_Surp:        0
Hugepagesize:       2048 kB
Hugetlb:               0 kB
DirectMap4k:     2942828 kB
DirectMap2M:    13441024 kB

/sys/kernel/mm/transparent_hugepage/enabled: always madvise [never]
/sys/kernel/mm/transparent_hugepage/hpage_pmd_size: 2097152
/sys/kernel/mm/transparent_hugepage/defrag (defrag/compaction efforts parameter): always defer defer+madvise [madvise] never

Process Memory:
Virtual Size: 977860K (peak: 982016K)
Resident Set Size: 134560K (peak: 135660K) (anon: 101180K, file: 33380K, shmem: 0K)
Swapped out: 0K
C-Heap outstanding allocations: 19689K, retained: 48746K
glibc malloc tunables: (default)

/proc/sys/kernel/threads-max (system-wide limit on the number of threads): 123991
/proc/sys/vm/max_map_count (maximum number of memory map areas a process may have): 1677720
/proc/sys/kernel/pid_max (system-wide limit on number of process identifiers): 4194304

container (cgroup) information:
container_type: cgroupv1
cpu_cpuset_cpus: 0-3
cpu_memory_nodes: 0
active_processor_count: 4
cpu_quota: no quota
cpu_period: 100000
cpu_shares: no shares
memory_limit_in_bytes: unlimited
memory_and_swap_limit_in_bytes: unlimited
memory_soft_limit_in_bytes: unlimited
memory_usage_in_bytes: 13280488 k
memory_max_usage_in_bytes: 14783012 k
kernel_memory_usage_in_bytes: 331368 k
kernel_memory_max_usage_in_bytes: unlimited
kernel_memory_limit_in_bytes: 985464 k
maximum number of tasks: unlimited
current number of tasks: 839

KVM virtualization detected
Steal ticks since vm start: 13
Steal ticks percentage since vm start:  0.000

CPU: total 4 (initial active 4) (1 cores per cpu, 1 threads per core) family 6 model 60 stepping 1 microcode 0x1, cx8, cmov, fxsr, mmx, sse, sse2, sse3, ssse3, sse4.1, sse4.2, popcnt, lzcnt, tsc, avx, avx2, aes, erms, clmul, bmi1, bmi2, fma, vzeroupper, clflush, hv
CPU Model and flags from /proc/cpuinfo:
model name	: Intel Core Processor (Haswell, no TSX)
flags		: fpu vme de pse tsc msr pae mce cx8 apic sep mtrr pge mca cmov pat pse36 clflush mmx fxsr sse sse2 syscall nx rdtscp lm constant_tsc rep_good nopl xtopology cpuid tsc_known_freq pni pclmulqdq vmx ssse3 fma cx16 pcid sse4_1 sse4_2 x2apic movbe popcnt tsc_deadline_timer aes xsave avx f16c rdrand hypervisor lahf_lm abm cpuid_fault invpcid_single pti tpr_shadow vnmi flexpriority ept vpid ept_ad fsgsbase bmi1 avx2 smep bmi2 erms invpcid xsaveopt arat md_clear

Online cpus: 0-3
Offline cpus: 
BIOS frequency limitation: <Not Available>
Frequency switch latency (ns): <Not Available>
Available cpu frequencies: <Not Available>
Current governor: <Not Available>
Core performance/turbo boost: <Not Available>

Memory: 4k page, physical 16014448k(741668k free), swap 8388604k(8370064k free)
Page Sizes: 4k

vm_info: OpenJDK Server VM (17.0.11+9-LTS) for linux-x86 JRE (17.0.11+9-LTS) (Zulu17.50+19-CA), built on Apr  9 2024 07:14:46 by "zulu_re" with gcc 8.3.0

END.
