#
# A fatal error has been detected by the Java Runtime Environment:
#
#  SIGSEGV (0xb) at pc=0xf7922618, pid=10823, tid=10823
#
# JRE version: OpenJDK Runtime Environment Zulu17.50+19-CA (17.0.11+9) (build 17.0.11+9-LTS)
# Java VM: OpenJDK Server VM Zulu17.50+19-CA (17.0.11+9-LTS, mixed mode, sharing, tiered, g1 gc, linux-x86)
# Problematic frame:
# C  [libc.so.6+0x84618]  cfree+0x28
#
# Core dump will be written. Default location: Core dumps may be processed with "/usr/lib/systemd/systemd-coredump %P %u %g %s %t %c %h %e" (or dumping to /home/almalinux/swg-returns-nge/exe/linux/core.10823)
#
# If you would like to submit a bug report, please visit:
#   http://www.azul.com/support/
#

---------------  S U M M A R Y ------------

Command Line: -Xms128m -Xmx512m -Xss768k -XX:MaxMetaspaceSize=96m -Xrs -XX:-UsePerfData -XX:-AllowUserSignalHandlers -XX:UseSSE=3 -XX+DoEscapeAnalysis -XX:AutoBoxCacheMax:2000 -XX:+OptimizeStringConcat -XX:+OptimizeFill -XX:+EliminateAutoBox -XX:+UseCompressedStrings -XX:+UseCompressedOops -XX:+EliminateLocks -XX:UseFastAccessorMethods -XX:+UseStringCache -XgcPrio:throughput -XXkeepAreaRatio:1 -XXlazyUnlocking -XXcallProfiling -XXcompactRatio:1 

Host: Intel Core Processor (Haswell, no TSX), 4 cores, 15G, AlmaLinux release 8.10 (Cerulean Leopard)
Time: Tue Jan 27 13:49:36 2026 UTC elapsed time: 32013.722046 seconds (0d 8h 53m 33s)

---------------  T H R E A D  ---------------

Current thread is native thread

Stack: [0xffe50000,0xfff10000],  sp=0xfff0d890,  free space=758k
Native frames: (J=compiled Java code, j=interpreted, Vv=VM code, C=native code)
C  [libc.so.6+0x84618]  cfree+0x28


siginfo: si_signo: 11 (SIGSEGV), si_code: 1 (SEGV_MAPERR), si_addr: 0x00000003

Registers:
EAX=0x00000000, EBX=0x00000007, ECX=0xf6f6084c, EDX=0x0b38ad88
ESP=0xfff0d890, EBP=0xfff0d9c8, ESI=0xf7a43000, EDI=0x00000000
EIP=0xf7922618, EFLAGS=0x00210202, CR2=0x0000000000000003


Top of Stack: (sp=0xfff0d890)
0xfff0d890:   0b00e010 00000000 fff0d9c8 f7baff1c
0xfff0d8a0:   0b00e0a0 f7cc6a04 0b38ad60 f7baff1c
0xfff0d8b0:   00000007 f7baff0a f7cc6a04 f7baff4c
0xfff0d8c0:   0b00e0a0 f7baff0a 0b38eb00 085b6163
0xfff0d8d0:   00000007 0b00e010 0b00dd20 085bb8d1
0xfff0d8e0:   0b00e010 0b00dd20 00000000 085bb89b
0xfff0d8f0:   0c82d060 fff0d917 fff0d93c 085c6969
0xfff0d900:   087d6c00 fff0d93c fff0d9c8 084fc53b
0xfff0d910:   00000014 00010002 00000000 00000000
0xfff0d920:   01010100 00000001 09aa44c0 00000000
0xfff0d930:   00000000 00000000 00000000 00000000
0xfff0d940:   00000000 00000013 fff0da98 f78d36ff
0xfff0d950:   f7a4341c 47677753 53656d61 65767265
0xfff0d960:   30313a72 00333238 09290100 0b370120
0xfff0d970:   08ea0100 08ebc230 08ea5888 f7a4341c
0xfff0d980:   00000428 00000420 f78d3779 085758fd
0xfff0d990:   08ea2a80 09b1ea78 08ea5888 08574f56
0xfff0d9a0:   0929a2c4 0929a2c4 fff0da98 08ea583b
0xfff0d9b0:   0000000c fff0da64 fff0d9e0 f7a43000
0xfff0d9c0:   00000000 08575910 00000000 f78bbf26
0xfff0d9d0:   00000000 08575910 00000000 f78bbf26
0xfff0d9e0:   0000000c fff0da64 fff0da98 fff0da04
0xfff0d9f0:   0929a2d0 00000000 fff0da98 f7a43000
0xfff0da00:   f78ab75c f7a43000 00000000 08575910
0xfff0da10:   00000000 9072cc1d 66bcc40d 00000000
0xfff0da20:   00000000 00000000 f7fc24d0 f78bbe30
0xfff0da30:   084fc260 0929a2c4 0000000c 08575946
0xfff0da40:   084fc260 0000000c fff0da64 08ea57f0
0xfff0da50:   08ea5850 f7fc24d0 fff0da5c f7fef970
0xfff0da60:   0000000c fff0e647 fff0e659 fff0e65c
0xfff0da70:   fff0e66e fff0e671 fff0e67c fff0e6a0
0xfff0da80:   fff0e6b0 fff0e6bc fff0e6d8 fff0e6db 

Instructions: (pc=0xf7922618)
0xf7922518:   50 8d 96 86 f7 fa ff 8d 86 d0 2f fb ff e8 c6 b7
0xf7922528:   ff ff 8d b6 00 00 00 00 bb 20 00 00 00 e9 5e fe
0xf7922538:   ff ff e8 a1 c0 ff ff 89 c5 85 c0 0f 85 68 ff ff
0xf7922548:   ff 31 d2 8d 44 3b 10 e8 8c c1 ff ff 89 da 89 f9
0xf7922558:   89 c5 e8 11 f0 ff ff 89 c2 85 c0 75 1b 85 ed 74
0xf7922568:   17 90 89 fa 89 e8 e8 bd c5 ff ff 89 da 89 f9 89
0xf7922578:   c5 e8 f2 ef ff ff 89 c2 85 ed 0f 84 57 ff ff ff
0xf7922588:   e9 39 ff ff ff 8d 86 b8 31 fb ff 83 ec 0c b9 25
0xf7922598:   0d 00 00 50 8d 96 86 f7 fa ff 8d 86 74 2f fb ff
0xf79225a8:   e8 43 b7 ff ff 8d 76 00 f3 0f 1e fb e8 0a 9a f9
0xf79225b8:   ff 05 47 0a 12 00 56 53 83 ec 04 8b 5c 24 10 8b
0xf79225c8:   74 24 14 8b 80 50 ff ff ff c7 00 00 00 00 00 e8
0xf79225d8:   54 bb ff ff 8b 4c 24 0c 83 c4 04 89 f2 89 d8 5b
0xf79225e8:   5e e9 42 fd ff ff 66 90 f3 0f 1e fb 56 e8 9a 9b
0xf79225f8:   f9 ff 81 c6 06 0a 12 00 53 83 ec 14 8b 5c 24 20
0xf7922608:   8b 86 5c ff ff ff 8b 00 85 c0 75 6c 85 db 74 75
0xf7922618:   8b 4b fc 8d 53 f8 f6 c1 02 75 35 8b 86 70 fe ff
0xf7922628:   ff 65 8b 00 85 c0 0f 84 8c 00 00 00 83 e1 04 8d
0xf7922638:   86 60 07 00 00 74 09 89 d0 25 00 00 f0 ff 8b 00
0xf7922648:   83 c4 14 31 c9 5b 5e e9 8c cb ff ff 8d 74 26 00
0xf7922658:   8b 9e 60 01 00 00 85 db 75 10 3b 8e 48 01 00 00
0xf7922668:   76 08 81 f9 00 00 08 00 76 26 83 c4 14 89 d0 5b
0xf7922678:   5e e9 92 b8 ff ff 66 90 83 ec 08 ff 74 24 24 53
0xf7922688:   ff d0 83 c4 10 83 c4 14 5b 5e c3 8d 74 26 00 90
0xf7922698:   39 96 80 1d 00 00 77 08 39 96 7c 1d 00 00 77 ca
0xf79226a8:   83 e1 f8 8d 04 09 89 8e 48 01 00 00 89 86 40 01
0xf79226b8:   00 00 90 eb b5 8d 76 00 8b 86 74 fe ff ff 65 80
0xf79226c8:   38 00 0f 85 64 ff ff ff 89 54 24 0c e8 97 ed ff
0xf79226d8:   ff 8b 4b fc 8b 54 24 0c e9 4f ff ff ff 8d b4 26
0xf79226e8:   00 00 00 00 8d 74 26 00 f3 0f 1e fb 55 57 56 e8
0xf79226f8:   98 9a f9 ff 81 c6 04 09 12 00 53 83 ec 0c 8b 86
0xf7922708:   70 fe ff ff 8b 96 74 fe ff ff 65 8b 28 65 c6 02 



---------------  P R O C E S S  ---------------

VM state: at safepoint (shutting down)

VM Mutex/Monitor currently owned by a thread:  ([mutex/lock_event])
[0xf5e21d30] Threads_lock - owner thread: 0xc4294cf0

GC Precious Log:
<Skipped>

Heap:
 garbage-first heap   total 131072K, used 43613K [0xc5c00000, 0xe5c00000)
  region size 1024K, 39 young (39936K), 8 survivors (8192K)
 Metaspace       used 7966K, committed 8896K, reserved 16384K

Heap Regions: E=young(eden), S=young(survivor), O=old, HS=humongous(starts), HC=humongous(continues), CS=collection set, F=free, OA=open archive, CA=closed archive, TAMS=top-at-mark-start (previous, next)
|   0|0xc5c00000, 0xc5d00000, 0xc5d00000|100%| O|  |TAMS 0xc5c00000, 0xc5c00000| Untracked 
|   1|0xc5d00000, 0xc5e00000, 0xc5e00000|100%| O|  |TAMS 0xc5d00000, 0xc5d00000| Untracked 
|   2|0xc5e00000, 0xc5f00000, 0xc5f00000|100%| O|  |TAMS 0xc5e00000, 0xc5e00000| Untracked 
|   3|0xc5f00000, 0xc5fc9200, 0xc6000000| 78%| O|  |TAMS 0xc5f00000, 0xc5f00000| Untracked 
|   4|0xc6000000, 0xc6000000, 0xc6100000|  0%| F|  |TAMS 0xc6000000, 0xc6000000| Untracked 
|   5|0xc6100000, 0xc6100000, 0xc6200000|  0%| F|  |TAMS 0xc6100000, 0xc6100000| Untracked 
|   6|0xc6200000, 0xc6200000, 0xc6300000|  0%| F|  |TAMS 0xc6200000, 0xc6200000| Untracked 
|   7|0xc6300000, 0xc6300000, 0xc6400000|  0%| F|  |TAMS 0xc6300000, 0xc6300000| Untracked 
|   8|0xc6400000, 0xc6400000, 0xc6500000|  0%| F|  |TAMS 0xc6400000, 0xc6400000| Untracked 
|   9|0xc6500000, 0xc6500000, 0xc6600000|  0%| F|  |TAMS 0xc6500000, 0xc6500000| Untracked 
|  10|0xc6600000, 0xc6600000, 0xc6700000|  0%| F|  |TAMS 0xc6600000, 0xc6600000| Untracked 
|  11|0xc6700000, 0xc6700000, 0xc6800000|  0%| F|  |TAMS 0xc6700000, 0xc6700000| Untracked 
|  12|0xc6800000, 0xc6800000, 0xc6900000|  0%| F|  |TAMS 0xc6800000, 0xc6800000| Untracked 
|  13|0xc6900000, 0xc6900000, 0xc6a00000|  0%| F|  |TAMS 0xc6900000, 0xc6900000| Untracked 
|  14|0xc6a00000, 0xc6a00000, 0xc6b00000|  0%| F|  |TAMS 0xc6a00000, 0xc6a00000| Untracked 
|  15|0xc6b00000, 0xc6b00000, 0xc6c00000|  0%| F|  |TAMS 0xc6b00000, 0xc6b00000| Untracked 
|  16|0xc6c00000, 0xc6c00000, 0xc6d00000|  0%| F|  |TAMS 0xc6c00000, 0xc6c00000| Untracked 
|  17|0xc6d00000, 0xc6d00000, 0xc6e00000|  0%| F|  |TAMS 0xc6d00000, 0xc6d00000| Untracked 
|  18|0xc6e00000, 0xc6e00000, 0xc6f00000|  0%| F|  |TAMS 0xc6e00000, 0xc6e00000| Untracked 
|  19|0xc6f00000, 0xc6f00000, 0xc7000000|  0%| F|  |TAMS 0xc6f00000, 0xc6f00000| Untracked 
|  20|0xc7000000, 0xc7000000, 0xc7100000|  0%| F|  |TAMS 0xc7000000, 0xc7000000| Untracked 
|  21|0xc7100000, 0xc7100000, 0xc7200000|  0%| F|  |TAMS 0xc7100000, 0xc7100000| Untracked 
|  22|0xc7200000, 0xc7200000, 0xc7300000|  0%| F|  |TAMS 0xc7200000, 0xc7200000| Untracked 
|  23|0xc7300000, 0xc7300000, 0xc7400000|  0%| F|  |TAMS 0xc7300000, 0xc7300000| Untracked 
|  24|0xc7400000, 0xc7400000, 0xc7500000|  0%| F|  |TAMS 0xc7400000, 0xc7400000| Untracked 
|  25|0xc7500000, 0xc7500000, 0xc7600000|  0%| F|  |TAMS 0xc7500000, 0xc7500000| Untracked 
|  26|0xc7600000, 0xc7600000, 0xc7700000|  0%| F|  |TAMS 0xc7600000, 0xc7600000| Untracked 
|  27|0xc7700000, 0xc7700000, 0xc7800000|  0%| F|  |TAMS 0xc7700000, 0xc7700000| Untracked 
|  28|0xc7800000, 0xc7800000, 0xc7900000|  0%| F|  |TAMS 0xc7800000, 0xc7800000| Untracked 
|  29|0xc7900000, 0xc7900000, 0xc7a00000|  0%| F|  |TAMS 0xc7900000, 0xc7900000| Untracked 
|  30|0xc7a00000, 0xc7a00000, 0xc7b00000|  0%| F|  |TAMS 0xc7a00000, 0xc7a00000| Untracked 
|  31|0xc7b00000, 0xc7b00000, 0xc7c00000|  0%| F|  |TAMS 0xc7b00000, 0xc7b00000| Untracked 
|  32|0xc7c00000, 0xc7c00000, 0xc7d00000|  0%| F|  |TAMS 0xc7c00000, 0xc7c00000| Untracked 
|  33|0xc7d00000, 0xc7d00000, 0xc7e00000|  0%| F|  |TAMS 0xc7d00000, 0xc7d00000| Untracked 
|  34|0xc7e00000, 0xc7e00000, 0xc7f00000|  0%| F|  |TAMS 0xc7e00000, 0xc7e00000| Untracked 
|  35|0xc7f00000, 0xc7f00000, 0xc8000000|  0%| F|  |TAMS 0xc7f00000, 0xc7f00000| Untracked 
|  36|0xc8000000, 0xc8000000, 0xc8100000|  0%| F|  |TAMS 0xc8000000, 0xc8000000| Untracked 
|  37|0xc8100000, 0xc8100000, 0xc8200000|  0%| F|  |TAMS 0xc8100000, 0xc8100000| Untracked 
|  38|0xc8200000, 0xc8200000, 0xc8300000|  0%| F|  |TAMS 0xc8200000, 0xc8200000| Untracked 
|  39|0xc8300000, 0xc8300000, 0xc8400000|  0%| F|  |TAMS 0xc8300000, 0xc8300000| Untracked 
|  40|0xc8400000, 0xc8400000, 0xc8500000|  0%| F|  |TAMS 0xc8400000, 0xc8400000| Untracked 
|  41|0xc8500000, 0xc8500000, 0xc8600000|  0%| F|  |TAMS 0xc8500000, 0xc8500000| Untracked 
|  42|0xc8600000, 0xc8600000, 0xc8700000|  0%| F|  |TAMS 0xc8600000, 0xc8600000| Untracked 
|  43|0xc8700000, 0xc8700000, 0xc8800000|  0%| F|  |TAMS 0xc8700000, 0xc8700000| Untracked 
|  44|0xc8800000, 0xc88ce430, 0xc8900000| 80%| S|CS|TAMS 0xc8800000, 0xc8800000| Complete 
|  45|0xc8900000, 0xc8900000, 0xc8a00000|  0%| F|  |TAMS 0xc8900000, 0xc8900000| Untracked 
|  46|0xc8a00000, 0xc8a00000, 0xc8b00000|  0%| F|  |TAMS 0xc8a00000, 0xc8a00000| Untracked 
|  47|0xc8b00000, 0xc8c00000, 0xc8c00000|100%| S|CS|TAMS 0xc8b00000, 0xc8b00000| Complete 
|  48|0xc8c00000, 0xc8d00000, 0xc8d00000|100%| S|CS|TAMS 0xc8c00000, 0xc8c00000| Complete 
|  49|0xc8d00000, 0xc8e00000, 0xc8e00000|100%| S|CS|TAMS 0xc8d00000, 0xc8d00000| Complete 
|  50|0xc8e00000, 0xc8f00000, 0xc8f00000|100%| S|CS|TAMS 0xc8e00000, 0xc8e00000| Complete 
|  51|0xc8f00000, 0xc9000000, 0xc9000000|100%| S|CS|TAMS 0xc8f00000, 0xc8f00000| Complete 
|  52|0xc9000000, 0xc9000000, 0xc9100000|  0%| F|  |TAMS 0xc9000000, 0xc9000000| Untracked 
|  53|0xc9100000, 0xc9100000, 0xc9200000|  0%| F|  |TAMS 0xc9100000, 0xc9100000| Untracked 
|  54|0xc9200000, 0xc9200000, 0xc9300000|  0%| F|  |TAMS 0xc9200000, 0xc9200000| Untracked 
|  55|0xc9300000, 0xc9300000, 0xc9400000|  0%| F|  |TAMS 0xc9300000, 0xc9300000| Untracked 
|  56|0xc9400000, 0xc9400000, 0xc9500000|  0%| F|  |TAMS 0xc9400000, 0xc9400000| Untracked 
|  57|0xc9500000, 0xc9600000, 0xc9600000|100%| S|CS|TAMS 0xc9500000, 0xc9500000| Complete 
|  58|0xc9600000, 0xc9700000, 0xc9700000|100%| S|CS|TAMS 0xc9600000, 0xc9600000| Complete 
|  59|0xc9700000, 0xc9700000, 0xc9800000|  0%| F|  |TAMS 0xc9700000, 0xc9700000| Untracked 
|  60|0xc9800000, 0xc9800000, 0xc9900000|  0%| F|  |TAMS 0xc9800000, 0xc9800000| Untracked 
|  61|0xc9900000, 0xc9900000, 0xc9a00000|  0%| F|  |TAMS 0xc9900000, 0xc9900000| Untracked 
|  62|0xc9a00000, 0xc9a00000, 0xc9b00000|  0%| F|  |TAMS 0xc9a00000, 0xc9a00000| Untracked 
|  63|0xc9b00000, 0xc9b00000, 0xc9c00000|  0%| F|  |TAMS 0xc9b00000, 0xc9b00000| Untracked 
|  64|0xc9c00000, 0xc9c00000, 0xc9d00000|  0%| F|  |TAMS 0xc9c00000, 0xc9c00000| Untracked 
|  65|0xc9d00000, 0xc9d00000, 0xc9e00000|  0%| F|  |TAMS 0xc9d00000, 0xc9d00000| Untracked 
|  66|0xc9e00000, 0xc9e00000, 0xc9f00000|  0%| F|  |TAMS 0xc9e00000, 0xc9e00000| Untracked 
|  67|0xc9f00000, 0xc9f00000, 0xca000000|  0%| F|  |TAMS 0xc9f00000, 0xc9f00000| Untracked 
|  68|0xca000000, 0xca000000, 0xca100000|  0%| F|  |TAMS 0xca000000, 0xca000000| Untracked 
|  69|0xca100000, 0xca100000, 0xca200000|  0%| F|  |TAMS 0xca100000, 0xca100000| Untracked 
|  70|0xca200000, 0xca200000, 0xca300000|  0%| F|  |TAMS 0xca200000, 0xca200000| Untracked 
|  71|0xca300000, 0xca300000, 0xca400000|  0%| F|  |TAMS 0xca300000, 0xca300000| Untracked 
|  72|0xca400000, 0xca400000, 0xca500000|  0%| F|  |TAMS 0xca400000, 0xca400000| Untracked 
|  73|0xca500000, 0xca500000, 0xca600000|  0%| F|  |TAMS 0xca500000, 0xca500000| Untracked 
|  74|0xca600000, 0xca600000, 0xca700000|  0%| F|  |TAMS 0xca600000, 0xca600000| Untracked 
|  75|0xca700000, 0xca700000, 0xca800000|  0%| F|  |TAMS 0xca700000, 0xca700000| Untracked 
|  76|0xca800000, 0xca800000, 0xca900000|  0%| F|  |TAMS 0xca800000, 0xca800000| Untracked 
|  77|0xca900000, 0xca900000, 0xcaa00000|  0%| F|  |TAMS 0xca900000, 0xca900000| Untracked 
|  78|0xcaa00000, 0xcaa00000, 0xcab00000|  0%| F|  |TAMS 0xcaa00000, 0xcaa00000| Untracked 
|  79|0xcab00000, 0xcab00000, 0xcac00000|  0%| F|  |TAMS 0xcab00000, 0xcab00000| Untracked 
|  80|0xcac00000, 0xcac00000, 0xcad00000|  0%| F|  |TAMS 0xcac00000, 0xcac00000| Untracked 
|  81|0xcad00000, 0xcad00000, 0xcae00000|  0%| F|  |TAMS 0xcad00000, 0xcad00000| Untracked 
|  82|0xcae00000, 0xcae00000, 0xcaf00000|  0%| F|  |TAMS 0xcae00000, 0xcae00000| Untracked 
|  83|0xcaf00000, 0xcaf00000, 0xcb000000|  0%| F|  |TAMS 0xcaf00000, 0xcaf00000| Untracked 
|  84|0xcb000000, 0xcb000000, 0xcb100000|  0%| F|  |TAMS 0xcb000000, 0xcb000000| Untracked 
|  85|0xcb100000, 0xcb100000, 0xcb200000|  0%| F|  |TAMS 0xcb100000, 0xcb100000| Untracked 
|  86|0xcb200000, 0xcb200000, 0xcb300000|  0%| F|  |TAMS 0xcb200000, 0xcb200000| Untracked 
|  87|0xcb300000, 0xcb300000, 0xcb400000|  0%| F|  |TAMS 0xcb300000, 0xcb300000| Untracked 
|  88|0xcb400000, 0xcb400000, 0xcb500000|  0%| F|  |TAMS 0xcb400000, 0xcb400000| Untracked 
|  89|0xcb500000, 0xcb500000, 0xcb600000|  0%| F|  |TAMS 0xcb500000, 0xcb500000| Untracked 
|  90|0xcb600000, 0xcb600000, 0xcb700000|  0%| F|  |TAMS 0xcb600000, 0xcb600000| Untracked 
|  91|0xcb700000, 0xcb700000, 0xcb800000|  0%| F|  |TAMS 0xcb700000, 0xcb700000| Untracked 
|  92|0xcb800000, 0xcb800000, 0xcb900000|  0%| F|  |TAMS 0xcb800000, 0xcb800000| Untracked 
|  93|0xcb900000, 0xcb900000, 0xcba00000|  0%| F|  |TAMS 0xcb900000, 0xcb900000| Untracked 
|  94|0xcba00000, 0xcba00000, 0xcbb00000|  0%| F|  |TAMS 0xcba00000, 0xcba00000| Untracked 
|  95|0xcbb00000, 0xcbb00000, 0xcbc00000|  0%| F|  |TAMS 0xcbb00000, 0xcbb00000| Untracked 
|  96|0xcbc00000, 0xcbc00000, 0xcbd00000|  0%| F|  |TAMS 0xcbc00000, 0xcbc00000| Untracked 
|  97|0xcbd00000, 0xcbe00000, 0xcbe00000|100%| E|  |TAMS 0xcbd00000, 0xcbd00000| Complete 
|  98|0xcbe00000, 0xcbf00000, 0xcbf00000|100%| E|CS|TAMS 0xcbe00000, 0xcbe00000| Complete 
|  99|0xcbf00000, 0xcc000000, 0xcc000000|100%| E|CS|TAMS 0xcbf00000, 0xcbf00000| Complete 
| 100|0xcc000000, 0xcc100000, 0xcc100000|100%| E|CS|TAMS 0xcc000000, 0xcc000000| Complete 
| 101|0xcc100000, 0xcc200000, 0xcc200000|100%| E|CS|TAMS 0xcc100000, 0xcc100000| Complete 
| 102|0xcc200000, 0xcc300000, 0xcc300000|100%| E|CS|TAMS 0xcc200000, 0xcc200000| Complete 
| 103|0xcc300000, 0xcc400000, 0xcc400000|100%| E|CS|TAMS 0xcc300000, 0xcc300000| Complete 
| 104|0xcc400000, 0xcc500000, 0xcc500000|100%| E|CS|TAMS 0xcc400000, 0xcc400000| Complete 
| 105|0xcc500000, 0xcc600000, 0xcc600000|100%| E|CS|TAMS 0xcc500000, 0xcc500000| Complete 
| 106|0xcc600000, 0xcc700000, 0xcc700000|100%| E|CS|TAMS 0xcc600000, 0xcc600000| Complete 
| 107|0xcc700000, 0xcc800000, 0xcc800000|100%| E|CS|TAMS 0xcc700000, 0xcc700000| Complete 
| 108|0xcc800000, 0xcc900000, 0xcc900000|100%| E|CS|TAMS 0xcc800000, 0xcc800000| Complete 
| 109|0xcc900000, 0xcca00000, 0xcca00000|100%| E|CS|TAMS 0xcc900000, 0xcc900000| Complete 
| 110|0xcca00000, 0xccb00000, 0xccb00000|100%| E|CS|TAMS 0xcca00000, 0xcca00000| Complete 
| 111|0xccb00000, 0xccc00000, 0xccc00000|100%| E|CS|TAMS 0xccb00000, 0xccb00000| Complete 
| 112|0xccc00000, 0xccd00000, 0xccd00000|100%| E|CS|TAMS 0xccc00000, 0xccc00000| Complete 
| 113|0xccd00000, 0xcce00000, 0xcce00000|100%| E|CS|TAMS 0xccd00000, 0xccd00000| Complete 
| 114|0xcce00000, 0xccf00000, 0xccf00000|100%| E|CS|TAMS 0xcce00000, 0xcce00000| Complete 
| 115|0xccf00000, 0xcd000000, 0xcd000000|100%| E|CS|TAMS 0xccf00000, 0xccf00000| Complete 
| 116|0xcd000000, 0xcd100000, 0xcd100000|100%| E|CS|TAMS 0xcd000000, 0xcd000000| Complete 
| 117|0xcd100000, 0xcd200000, 0xcd200000|100%| E|CS|TAMS 0xcd100000, 0xcd100000| Complete 
| 118|0xcd200000, 0xcd300000, 0xcd300000|100%| E|CS|TAMS 0xcd200000, 0xcd200000| Complete 
| 119|0xcd300000, 0xcd400000, 0xcd400000|100%| E|CS|TAMS 0xcd300000, 0xcd300000| Complete 
| 120|0xcd400000, 0xcd500000, 0xcd500000|100%| E|CS|TAMS 0xcd400000, 0xcd400000| Complete 
| 121|0xcd500000, 0xcd600000, 0xcd600000|100%| E|CS|TAMS 0xcd500000, 0xcd500000| Complete 
| 122|0xcd600000, 0xcd700000, 0xcd700000|100%| E|CS|TAMS 0xcd600000, 0xcd600000| Complete 
| 123|0xcd700000, 0xcd800000, 0xcd800000|100%| E|CS|TAMS 0xcd700000, 0xcd700000| Complete 
| 124|0xcd800000, 0xcd900000, 0xcd900000|100%| E|CS|TAMS 0xcd800000, 0xcd800000| Complete 
| 125|0xcd900000, 0xcda00000, 0xcda00000|100%| E|CS|TAMS 0xcd900000, 0xcd900000| Complete 
| 126|0xcda00000, 0xcdb00000, 0xcdb00000|100%| E|CS|TAMS 0xcda00000, 0xcda00000| Complete 
| 127|0xcdb00000, 0xcdc00000, 0xcdc00000|100%| E|CS|TAMS 0xcdb00000, 0xcdb00000| Complete 

Card table byte_map: [0xc5b00000,0xc5c00000] _byte_map_base: 0xc54d2000

Marking Bits (Prev, Next): (CMBitMap*) 0xf5e8b528, (CMBitMap*) 0xf5e8b548
 Prev Bits: [0xc5200000, 0xc5a00000)
 Next Bits: [0xc4a00000, 0xc5200000)

Polling page: 0xf7fb4000

Metaspace:

Usage:
    7.78 MB used.

Virtual space:
     16.00 MB reserved,       8.69 MB ( 54%) committed,  1 nodes.

Chunk freelists:
5.00 MB

MaxMetaspaceSize: 96.00 MB
No class space
Initial GC threshold: 16.00 MB
Current GC threshold: 16.00 MB
CDS: on
MetaspaceReclaimPolicy: balanced
 - commit_granule_bytes: 65536.
 - commit_granule_words: 16384.
 - virtual_space_node_default_size: 4194304.
 - enlarge_chunks_in_place: 1.
 - new_chunks_are_fully_committed: 0.
 - uncommit_free_chunks: 1.
 - use_allocation_guard: 0.
 - handle_deallocations: 1.


Internal statistics:

num_allocs_failed_limit: 0.
num_arena_births: 584.
num_arena_deaths: 0.
num_vsnodes_births: 1.
num_vsnodes_deaths: 0.
num_space_committed: 139.
num_space_uncommitted: 0.
num_chunks_returned_to_freelist: 0.
num_chunks_taken_from_freelist: 1032.
num_chunk_merges: 0.
num_chunk_splits: 739.
num_chunks_enlarged: 520.
num_inconsistent_stats: 0.

CodeHeap 'non-profiled nmethods': size=120172Kb used=1277Kb max_used=1277Kb free=118894Kb
 bounds [0xed7f5000, 0xeda35000, 0xf4d50000]
CodeHeap 'profiled nmethods': size=120172Kb used=4383Kb max_used=4383Kb free=115788Kb
 bounds [0xe5d50000, 0xe6198000, 0xed2ab000]
CodeHeap 'non-nmethods': size=5416Kb used=749Kb max_used=792Kb free=4666Kb
 bounds [0xed2ab000, 0xed4eb000, 0xed7f5000]
 total_blobs=2569 nmethods=2206 adapters=277
 compilation: enabled
              stopped_count=0, restarted_count=0
 full_count=0

Compilation events (20 events):
Event: 25498.261 Thread 0xc429f450 2203       4       script.deltadictionary::unpackDelta (127 bytes)
Event: 25498.464 Thread 0xc429f450 nmethod 2203 0xed92f988 code [0xed92fbe0, 0xed93144c]
Event: 25509.263 Thread 0xc429f450 2204       4       script.obj_id::unpackDeltaScriptVars (19 bytes)
Event: 25509.279 Thread 0xc429f450 nmethod 2204 0xed932708 code [0xed9328a0, 0xed9331f0]
Event: 27091.259 Thread 0xc429f450 2205       4       java.io.ObjectStreamClass::hasReadObjectNoDataMethod (17 bytes)
Event: 27091.261 Thread 0xc429f450 nmethod 2205 0xed933688 code [0xed9337a0, 0xed933850]
Event: 27775.348 Thread 0xc429f450 2206   !   4       jdk.internal.reflect.GeneratedSerializationConstructorAccessor6::newInstance (49 bytes)
Event: 27775.352 Thread 0xc429f450 nmethod 2206 0xed933988 code [0xed933ac0, 0xed933bfc]
Event: 29553.028 Thread 0xc429f450 2207       4       java.lang.Integer::stringSize (47 bytes)
Event: 29553.030 Thread 0xc429f450 nmethod 2207 0xed933d88 code [0xed933ea0, 0xed933f90]
Event: 30026.967 Thread 0xc42a0580 2208       3       script.systems.gcw.gcw_data_updater::updateGCWInfo (145 bytes)
Event: 30026.969 Thread 0xc42a0580 nmethod 2208 0xe6194488 code [0xe6194800, 0xe6195840]
Event: 30026.970 Thread 0xc42a0580 2209       3       script.library.gcw::getRebelPercentileByRegion (8 bytes)
Event: 30026.970 Thread 0xc42a0580 nmethod 2209 0xe6196088 code [0xe61961c0, 0xe61962cc]
Event: 30881.124 Thread 0xc42a0580 2210       3       script.library.travel::getStarportFromTerminal (38 bytes)
Event: 30881.128 Thread 0xc42a0580 nmethod 2210 0xe6196388 code [0xe6196580, 0xe6196d70]
Event: 31155.071 Thread 0xc429f450 2211       4       script.base_class::LOG (8 bytes)
Event: 31155.075 Thread 0xc429f450 nmethod 2211 0xed934088 code [0xed9341c0, 0xed93447c]
Event: 31813.113 Thread 0xc42a0580 2212   !   3       jdk.internal.reflect.GeneratedMethodAccessor73::invoke (76 bytes)
Event: 31813.119 Thread 0xc42a0580 nmethod 2212 0xe6197008 code [0xe6197220, 0xe6197a28]

GC Heap History (10 events):
Event: 50.882 GC heap before
{Heap before GC invocations=0 (full 0):
 garbage-first heap   total 131072K, used 12288K [0xc5c00000, 0xe5c00000)
  region size 1024K, 13 young (13312K), 0 survivors (0K)
 Metaspace       used 2780K, committed 3008K, reserved 16384K
}
Event: 50.911 GC heap after
{Heap after GC invocations=1 (full 0):
 garbage-first heap   total 131072K, used 2482K [0xc5c00000, 0xe5c00000)
  region size 1024K, 2 young (2048K), 2 survivors (2048K)
 Metaspace       used 2780K, committed 3008K, reserved 16384K
}
Event: 113.503 GC heap before
{Heap before GC invocations=1 (full 0):
 garbage-first heap   total 131072K, used 17842K [0xc5c00000, 0xe5c00000)
  region size 1024K, 18 young (18432K), 2 survivors (2048K)
 Metaspace       used 4045K, committed 4416K, reserved 16384K
}
Event: 113.516 GC heap after
{Heap after GC invocations=2 (full 0):
 garbage-first heap   total 131072K, used 4065K [0xc5c00000, 0xe5c00000)
  region size 1024K, 2 young (2048K), 2 survivors (2048K)
 Metaspace       used 4045K, committed 4416K, reserved 16384K
}
Event: 256.548 GC heap before
{Heap before GC invocations=2 (full 0):
 garbage-first heap   total 131072K, used 79841K [0xc5c00000, 0xe5c00000)
  region size 1024K, 76 young (77824K), 2 survivors (2048K)
 Metaspace       used 6043K, committed 6720K, reserved 16384K
}
Event: 256.563 GC heap after
{Heap after GC invocations=3 (full 0):
 garbage-first heap   total 131072K, used 7270K [0xc5c00000, 0xe5c00000)
  region size 1024K, 5 young (5120K), 5 survivors (5120K)
 Metaspace       used 6043K, committed 6720K, reserved 16384K
}
Event: 325.052 GC heap before
{Heap before GC invocations=3 (full 0):
 garbage-first heap   total 131072K, used 79974K [0xc5c00000, 0xe5c00000)
  region size 1024K, 76 young (77824K), 5 survivors (5120K)
 Metaspace       used 7078K, committed 7936K, reserved 16384K
}
Event: 325.104 GC heap after
{Heap after GC invocations=4 (full 0):
 garbage-first heap   total 131072K, used 9570K [0xc5c00000, 0xe5c00000)
  region size 1024K, 7 young (7168K), 7 survivors (7168K)
 Metaspace       used 7078K, committed 7936K, reserved 16384K
}
Event: 19509.232 GC heap before
{Heap before GC invocations=4 (full 0):
 garbage-first heap   total 131072K, used 80226K [0xc5c00000, 0xe5c00000)
  region size 1024K, 76 young (77824K), 7 survivors (7168K)
 Metaspace       used 7961K, committed 8896K, reserved 16384K
}
Event: 19509.312 GC heap after
{Heap after GC invocations=5 (full 0):
 garbage-first heap   total 131072K, used 11869K [0xc5c00000, 0xe5c00000)
  region size 1024K, 8 young (8192K), 8 survivors (8192K)
 Metaspace       used 7961K, committed 8896K, reserved 16384K
}

Dll operation events (4 events):
Event: 0.003 Loaded shared library /usr/lib/jvm/java-17-zulu-openjdk-jdk-x86/lib/libjava.so
Event: 50.569 Loaded shared library /usr/lib/jvm/java-17-zulu-openjdk-jdk-x86/lib/libnio.so
Event: 50.573 Loaded shared library /usr/lib/jvm/java-17-zulu-openjdk-jdk-x86/lib/libjimage.so
Event: 50.579 Loaded shared library /usr/lib/jvm/java-17-zulu-openjdk-jdk-x86/lib/libnet.so

Deoptimization events (20 events):
Event: 422.164 Thread 0x0c6997e0 Uncommon trap: trap_request=0xffffffd6 fr.pc=0xed8f6428 relative=0x000011c8
Event: 422.164 Thread 0x0c6997e0 Uncommon trap: reason=array_check action=maybe_recompile pc=0xed8f6428 method=java.io.ObjectInputStream.readArray(Z)Ljava/lang/Object; @ 392 c2
Event: 422.164 Thread 0x0c6997e0 DEOPT PACKING pc=0xed8f6428 sp=0xfff0c280
Event: 422.164 Thread 0x0c6997e0 DEOPT UNPACKING pc=0xed2f4d33 sp=0xfff0c268 mode 2
Event: 422.164 Thread 0x0c6997e0 Uncommon trap: trap_request=0xffffffd6 fr.pc=0xed8f6428 relative=0x000011c8
Event: 422.164 Thread 0x0c6997e0 Uncommon trap: reason=array_check action=maybe_recompile pc=0xed8f6428 method=java.io.ObjectInputStream.readArray(Z)Ljava/lang/Object; @ 392 c2
Event: 422.164 Thread 0x0c6997e0 DEOPT PACKING pc=0xed8f6428 sp=0xfff0c280
Event: 422.164 Thread 0x0c6997e0 DEOPT UNPACKING pc=0xed2f4d33 sp=0xfff0c268 mode 2
Event: 422.164 Thread 0x0c6997e0 Uncommon trap: trap_request=0xffffffd6 fr.pc=0xed8f6428 relative=0x000011c8
Event: 422.164 Thread 0x0c6997e0 Uncommon trap: reason=array_check action=maybe_recompile pc=0xed8f6428 method=java.io.ObjectInputStream.readArray(Z)Ljava/lang/Object; @ 392 c2
Event: 422.164 Thread 0x0c6997e0 DEOPT PACKING pc=0xed8f6428 sp=0xfff0c280
Event: 422.164 Thread 0x0c6997e0 DEOPT UNPACKING pc=0xed2f4d33 sp=0xfff0c268 mode 2
Event: 436.054 Thread 0x0c6997e0 Uncommon trap: trap_request=0xfffffff4 fr.pc=0xed8664d4 relative=0x000004f4
Event: 436.054 Thread 0x0c6997e0 Uncommon trap: reason=null_check action=make_not_entrant pc=0xed8664d4 method=script.dictionary.getInt(Ljava/lang/Object;)I @ 25 c2
Event: 436.054 Thread 0x0c6997e0 DEOPT PACKING pc=0xed8664d4 sp=0xfff0ccd0
Event: 436.054 Thread 0x0c6997e0 DEOPT UNPACKING pc=0xed2f4d33 sp=0xfff0ccc8 mode 2
Event: 23397.383 Thread 0x0c6997e0 Uncommon trap: trap_request=0xffffffcc fr.pc=0xed924e40 relative=0x00000100
Event: 23397.383 Thread 0x0c6997e0 Uncommon trap: reason=intrinsic action=make_not_entrant pc=0xed924e40 method=java.util.ArrayList.toArray([Ljava/lang/Object;)[Ljava/lang/Object; @ 36 c2
Event: 23397.383 Thread 0x0c6997e0 DEOPT PACKING pc=0xed924e40 sp=0xfff0c1e0
Event: 23397.384 Thread 0x0c6997e0 DEOPT UNPACKING pc=0xed2f4d33 sp=0xfff0c1b4 mode 2

Classes unloaded (0 events):
No events

Classes redefined (0 events):
No events

Internal exceptions (16 events):
Event: 50.303 Thread 0x0c6997e0 Exception <a 'java/lang/NoSuchMethodError'{0xcd392b68}: 'java.lang.Object java.lang.invoke.DirectMethodHandle$Holder.invokeStatic(java.lang.Object, float)'> (0xcd392b68) 
thrown [src/hotspot/share/interpreter/linkResolver.cpp, line 759]
Event: 50.943 Thread 0x0c6997e0 Exception <a 'java/lang/NoSuchMethodError'{0xcdbe0980}: 'java.lang.Object java.lang.invoke.DirectMethodHandle$Holder.invokeSpecial(java.lang.Object, java.lang.Object, java.lang.Object, java.lang.Object, int)'> (0xcdbe0980) 
thrown [src/hotspot/share/interpreter/linkResolver.cpp, line 759]
Event: 50.943 Thread 0x0c6997e0 Exception <a 'java/lang/NoSuchMethodError'{0xcdbe3ec0}: 'java.lang.Object java.lang.invoke.Invokers$Holder.linkToTargetMethod(java.lang.Object, java.lang.Object, int, java.lang.Object)'> (0xcdbe3ec0) 
thrown [src/hotspot/share/interpreter/linkResolver.cpp, line 759]
Event: 55.724 Thread 0x0c6997e0 Exception <a 'java/lang/NoSuchMethodError'{0xcd9f3080}: 'java.lang.Object java.lang.invoke.DirectMethodHandle$Holder.invokeSpecial(java.lang.Object, java.lang.Object, long, java.lang.Object, java.lang.Object, java.lang.Object, java.lang.Object, int, java.lang.Object)'> (0xcd9f3080) 
thrown [src/hotspot/share/interpreter/linkResolver.cpp, line 759]
Event: 55.725 Thread 0x0c6997e0 Exception <a 'java/lang/NoSuchMethodError'{0xcd9f7380}: 'java.lang.Object java.lang.invoke.DelegatingMethodHandle$Holder.reinvoke_L(java.lang.Object, long, java.lang.Object, java.lang.Object, java.lang.Object, java.lang.Object, int, java.lang.Object)'> (0xcd9f7380) 
thrown [src/hotspot/share/interpreter/linkResolver.cpp, line 759]
Event: 55.746 Thread 0x0c6997e0 Exception <a 'java/lang/NoSuchMethodError'{0xcd880248}: 'java.lang.Object java.lang.invoke.DirectMethodHandle$Holder.invokeSpecial(java.lang.Object, java.lang.Object, java.lang.Object, java.lang.Object, float)'> (0xcd880248) 
thrown [src/hotspot/share/interpreter/linkResolver.cpp, line 759]
Event: 57.888 Thread 0x0c6997e0 Exception <a 'java/lang/NoSuchMethodError'{0xcd89cb18}: 'java.lang.Object java.lang.invoke.DirectMethodHandle$Holder.invokeStaticInit(java.lang.Object)'> (0xcd89cb18) 
thrown [src/hotspot/share/interpreter/linkResolver.cpp, line 759]
Event: 60.313 Thread 0x0c6997e0 Exception <a 'java/lang/NoSuchMethodError'{0xcd71e230}: 'java.lang.Object java.lang.invoke.DirectMethodHandle$Holder.invokeSpecial(java.lang.Object, java.lang.Object, long, java.lang.Object, java.lang.Object, java.lang.Object, java.lang.Object, java.lang.Object, java.lang.Object)'> (0xcd71e230) 
thrown [src/hotspot/share/interpreter/linkResolver.cpp, line 759]
Event: 60.313 Thread 0x0c6997e0 Exception <a 'java/lang/NoSuchMethodError'{0xcd722608}: 'java.lang.Object java.lang.invoke.DelegatingMethodHandle$Holder.reinvoke_L(java.lang.Object, long, java.lang.Object, java.lang.Object, java.lang.Object, java.lang.Object, java.lang.Object, java.lang.Object)'> (0xcd722608) 
thrown [src/hotspot/share/interpreter/linkResolver.cpp, line 759]
Event: 147.022 Thread 0x0c6997e0 Exception <a 'java/lang/NoSuchMethodError'{0xccbe0440}: 'java.lang.Object java.lang.invoke.DirectMethodHandle$Holder.invokeSpecial(java.lang.Object, java.lang.Object, java.lang.Object, java.lang.Object, java.lang.Object, java.lang.Object, int)'> (0xccbe0440) 
thrown [src/hotspot/share/interpreter/linkResolver.cpp, line 759]
Event: 181.278 Thread 0x0c6997e0 Exception <a 'java/lang/NoSuchMethodError'{0xcbb30940}: 'java.lang.Object java.lang.invoke.DirectMethodHandle$Holder.invokeSpecial(java.lang.Object, java.lang.Object, int, int, int)'> (0xcbb30940) 
thrown [src/hotspot/share/interpreter/linkResolver.cpp, line 759]
Event: 207.154 Thread 0x0c6997e0 Exception <a 'java/lang/NoSuchMethodError'{0xcadab118}: static [Lscript/obj_id;.<clinit>()V> (0xcadab118) 
thrown [src/hotspot/share/prims/jni.cpp, line 1112]
Event: 413.098 Thread 0x0c6997e0 Exception <a 'java/lang/NoSuchMethodError'{0xccbcf6d0}: 'java.lang.Object java.lang.invoke.DirectMethodHandle$Holder.invokeSpecial(java.lang.Object, java.lang.Object, java.lang.Object, java.lang.Object, int, java.lang.Object)'> (0xccbcf6d0) 
thrown [src/hotspot/share/interpreter/linkResolver.cpp, line 759]
Event: 413.098 Thread 0x0c6997e0 Exception <a 'java/lang/NoSuchMethodError'{0xccbd2d30}: 'java.lang.Object java.lang.invoke.Invokers$Holder.linkToTargetMethod(java.lang.Object, java.lang.Object, int, java.lang.Object, java.lang.Object)'> (0xccbd2d30) 
thrown [src/hotspot/share/interpreter/linkResolver.cpp, line 759]
Event: 413.143 Thread 0x0c6997e0 Exception <a 'java/lang/NoSuchMethodError'{0xcca16d90}: 'java.lang.Object java.lang.invoke.DirectMethodHandle$Holder.invokeSpecial(java.lang.Object, java.lang.Object, long, java.lang.Object, java.lang.Object, java.lang.Object, int, java.lang.Object, java.lang.Object)'> (0xcca16d90) 
thrown [src/hotspot/share/interpreter/linkResolver.cpp, line 759]
Event: 413.144 Thread 0x0c6997e0 Exception <a 'java/lang/NoSuchMethodError'{0xcca1b090}: 'java.lang.Object java.lang.invoke.DelegatingMethodHandle$Holder.reinvoke_L(java.lang.Object, long, java.lang.Object, java.lang.Object, java.lang.Object, int, java.lang.Object, java.lang.Object)'> (0xcca1b090) 
thrown [src/hotspot/share/interpreter/linkResolver.cpp, line 759]

VM Operations (20 events):
Event: 492.370 Executing VM operation: Cleanup
Event: 492.370 Executing VM operation: Cleanup done
Event: 592.428 Executing VM operation: Cleanup
Event: 592.428 Executing VM operation: Cleanup done
Event: 661.496 Executing VM operation: Cleanup
Event: 661.496 Executing VM operation: Cleanup done
Event: 662.497 Executing VM operation: Cleanup
Event: 662.497 Executing VM operation: Cleanup done
Event: 753.523 Executing VM operation: Cleanup
Event: 753.523 Executing VM operation: Cleanup done
Event: 756.525 Executing VM operation: Cleanup
Event: 756.525 Executing VM operation: Cleanup done
Event: 8125.558 Executing VM operation: Cleanup
Event: 8125.558 Executing VM operation: Cleanup done
Event: 19499.917 Executing VM operation: Cleanup
Event: 19499.917 Executing VM operation: Cleanup done
Event: 19509.232 Executing VM operation: G1CollectForAllocation
Event: 19509.312 Executing VM operation: G1CollectForAllocation done
Event: 19510.316 Executing VM operation: Cleanup
Event: 19510.316 Executing VM operation: Cleanup done

Events (20 events):
Event: 207.207 loading class java/lang/constant/DirectMethodHandleDesc
Event: 207.207 loading class java/lang/constant/DirectMethodHandleDesc done
Event: 207.207 loading class java/lang/constant/DirectMethodHandleDescImpl done
Event: 207.207 loading class java/lang/constant/DirectMethodHandleDescImpl$1
Event: 207.207 loading class java/lang/constant/DirectMethodHandleDescImpl$1 done
Event: 207.208 loading class java/lang/constant/DirectMethodHandleDesc$1
Event: 207.208 loading class java/lang/constant/DirectMethodHandleDesc$1 done
Event: 207.208 loading class java/lang/constant/PrimitiveClassDescImpl
Event: 207.208 loading class java/lang/constant/DynamicConstantDesc
Event: 207.208 loading class java/lang/constant/DynamicConstantDesc done
Event: 207.208 loading class java/lang/constant/PrimitiveClassDescImpl done
Event: 207.208 loading class java/lang/constant/DynamicConstantDesc$AnonymousDynamicConstantDesc
Event: 207.208 loading class java/lang/constant/DynamicConstantDesc$AnonymousDynamicConstantDesc done
Event: 261.292 loading class java/lang/AssertionError
Event: 261.292 loading class java/lang/AssertionError done
Event: 413.052 loading class java/util/Vector$Itr
Event: 413.052 loading class java/util/Vector$Itr done
Event: 32000.564 Thread 0x0c6997e0 Thread exited: 0x0c6997e0
Event: 32000.586 Thread 0xf5e242d0 Thread exited: 0xf5e242d0
Event: 32000.586 Thread 0xc429bff0 Thread exited: 0xc429bff0


Dynamic libraries:
08048000-09298000 r-xp 00000000 08:04 494947248                          /home/almalinux/swg-returns-nge/build/bin/SwgGameServer
09298000-0929c000 rw-p 0124f000 08:04 494947248                          /home/almalinux/swg-returns-nge/build/bin/SwgGameServer
0929c000-09b1f000 rw-p 00000000 00:00 0 
0afd4000-167ec000 rw-p 00000000 00:00 0                                  [heap]
be800000-be8f9000 rw-p 00000000 00:00 0 
be8f9000-be900000 ---p 00000000 00:00 0 
bea00000-beb00000 rw-p 00000000 00:00 0 
bed00000-bedee000 rw-p 00000000 00:00 0 
bedee000-bee00000 ---p 00000000 00:00 0 
bee00000-bef00000 rw-p 00000000 00:00 0 
bef00000-beff1000 rw-p 00000000 00:00 0 
beff1000-bf000000 ---p 00000000 00:00 0 
bf000000-bf0f6000 rw-p 00000000 00:00 0 
bf0f6000-bf100000 ---p 00000000 00:00 0 
bf100000-bf1f9000 rw-p 00000000 00:00 0 
bf1f9000-bf200000 ---p 00000000 00:00 0 
bf300000-bf39b000 rw-p 00000000 00:00 0 
bf39b000-bf400000 ---p 00000000 00:00 0 
bf400000-bf4f9000 rw-p 00000000 00:00 0 
bf4f9000-bf500000 ---p 00000000 00:00 0 
bf500000-bf5f9000 rw-p 00000000 00:00 0 
bf5f9000-bf600000 ---p 00000000 00:00 0 
bf600000-bf6f9000 rw-p 00000000 00:00 0 
bf6f9000-bf700000 ---p 00000000 00:00 0 
bf700000-bf7f9000 rw-p 00000000 00:00 0 
bf7f9000-bf800000 ---p 00000000 00:00 0 
bf800000-bf8f9000 rw-p 00000000 00:00 0 
bf8f9000-bf900000 ---p 00000000 00:00 0 
bf900000-bf9f9000 rw-p 00000000 00:00 0 
bf9f9000-bfa00000 ---p 00000000 00:00 0 
bfa00000-bfaf9000 rw-p 00000000 00:00 0 
bfaf9000-bfb00000 ---p 00000000 00:00 0 
bfb00000-bfbf9000 rw-p 00000000 00:00 0 
bfbf9000-bfc00000 ---p 00000000 00:00 0 
bfd00000-bfdf9000 rw-p 00000000 00:00 0 
bfdf9000-bfe00000 ---p 00000000 00:00 0 
bfe00000-bfefd000 rw-p 00000000 00:00 0 
bfefd000-bff00000 ---p 00000000 00:00 0 
bff00000-bfffd000 rw-p 00000000 00:00 0 
bfffd000-c0000000 ---p 00000000 00:00 0 
c0300000-c03f9000 rw-p 00000000 00:00 0 
c03f9000-c0400000 ---p 00000000 00:00 0 
c0500000-c05fd000 rw-p 00000000 00:00 0 
c05fd000-c0600000 ---p 00000000 00:00 0 
c0d00000-c0def000 rw-p 00000000 00:00 0 
c0def000-c0e00000 ---p 00000000 00:00 0 
c127f000-c1280000 ---p 00000000 00:00 0 
c1280000-c1300000 rw-p 00000000 00:00 0 
c1300000-c13fe000 rw-p 00000000 00:00 0 
c13fe000-c1400000 ---p 00000000 00:00 0 
c1439000-c143a000 ---p 00000000 00:00 0 
c143a000-c14ba000 rw-p 00000000 00:00 0 
c14ba000-c14be000 ---p 00000000 00:00 0 
c14be000-c153b000 rw-p 00000000 00:00 0 
c173d000-c1741000 ---p 00000000 00:00 0 
c1741000-c17fe000 rw-p 00000000 00:00 0 
c17fe000-c1802000 ---p 00000000 00:00 0 
c1802000-c18bf000 rw-p 00000000 00:00 0 
c18bf000-c18c0000 ---p 00000000 00:00 0 
c18c0000-c1940000 rw-p 00000000 00:00 0 
c1940000-c1944000 ---p 00000000 00:00 0 
c1944000-c1a01000 rw-p 00000000 00:00 0 
c1a01000-c1a05000 ---p 00000000 00:00 0 
c1a05000-c1ac2000 rw-p 00000000 00:00 0 
c1ac2000-c1ac6000 ---p 00000000 00:00 0 
c1ac6000-c1b43000 rw-p 00000000 00:00 0 
c1b43000-c1b47000 ---p 00000000 00:00 0 
c1b47000-c1c04000 rw-p 00000000 00:00 0 
c1c04000-c1c08000 ---p 00000000 00:00 0 
c1c08000-c1cc5000 rw-p 00000000 00:00 0 
c1cc5000-c1cc9000 ---p 00000000 00:00 0 
c1cc9000-c1d86000 rw-p 00000000 00:00 0 
c1d86000-c2000000 r--p 00078000 08:04 535181                             /usr/lib/locale/locale-archive
c2000000-c21b0000 rw-p 00000000 00:00 0 
c21b0000-c2400000 ---p 00000000 00:00 0 
c2400000-c2b00000 rw-p 00000000 00:00 0 
c2b00000-c3000000 ---p 00000000 00:00 0 
c307e000-c327e000 r--p 00000000 08:04 535181                             /usr/lib/locale/locale-archive
c327e000-c3282000 ---p 00000000 00:00 0 
c3282000-c333f000 rw-p 00000000 00:00 0 
c333f000-c3343000 ---p 00000000 00:00 0 
c3343000-c3400000 rw-p 00000000 00:00 0 
c3400000-c3421000 rw-p 00000000 00:00 0 
c3421000-c3500000 ---p 00000000 00:00 0 
c3531000-c3535000 ---p 00000000 00:00 0 
c3535000-c35b2000 rw-p 00000000 00:00 0 
c35b2000-c35b3000 ---p 00000000 00:00 0 
c35b3000-c3633000 rw-p 00000000 00:00 0 
c3633000-c3f00000 rw-p 00001000 08:04 143240867                          /usr/lib/jvm/java-17-zulu-openjdk-jdk-x86/lib/server/classes.jsa
c3f00000-c3f21000 rw-p 00000000 00:00 0 
c3f21000-c4000000 ---p 00000000 00:00 0 
c407f000-c4080000 ---p 00000000 00:00 0 
c4080000-c4100000 rw-p 00000000 00:00 0 
c4100000-c4121000 rw-p 00000000 00:00 0 
c4121000-c4200000 ---p 00000000 00:00 0 
c4200000-c42d6000 rw-p 00000000 00:00 0 
c42d6000-c4300000 ---p 00000000 00:00 0 
c437f000-c4380000 ---p 00000000 00:00 0 
c4380000-c4400000 rw-p 00000000 00:00 0 
c4400000-c444a000 rw-p 00000000 00:00 0 
c444a000-c4500000 ---p 00000000 00:00 0 
c457f000-c4580000 ---p 00000000 00:00 0 
c4580000-c4600000 rw-p 00000000 00:00 0 
c4600000-c46fb000 rw-p 00000000 00:00 0 
c46fb000-c4700000 ---p 00000000 00:00 0 
c477f000-c4780000 ---p 00000000 00:00 0 
c4780000-c4800000 rw-p 00000000 00:00 0 
c4800000-c48fc000 rw-p 00000000 00:00 0 
c48fc000-c4900000 ---p 00000000 00:00 0 
c497f000-c4980000 ---p 00000000 00:00 0 
c4980000-c4c00000 rw-p 00000000 00:00 0 
c4c00000-c5200000 ---p 00000000 00:00 0 
c5200000-c5400000 rw-p 00000000 00:00 0 
c5400000-c5a00000 ---p 00000000 00:00 0 
c5a00000-c5a40000 rw-p 00000000 00:00 0 
c5a40000-c5b00000 ---p 00000000 00:00 0 
c5b00000-c5b40000 rw-p 00000000 00:00 0 
c5b40000-c5c00000 ---p 00000000 00:00 0 
c5c00000-cdc00000 rw-p 00000000 00:00 0 
cdc00000-e5c00000 ---p 00000000 00:00 0 
e5c50000-e5c90000 rw-p 00000000 00:00 0 
e5c90000-e5d50000 ---p 00000000 00:00 0 
e5d50000-e6198000 rwxp 00000000 00:00 0 
e6198000-ed2ab000 ---p 00000000 00:00 0 
ed2ab000-ed4eb000 rwxp 00000000 00:00 0 
ed4eb000-ed7f5000 ---p 00000000 00:00 0 
ed7f5000-eda35000 rwxp 00000000 00:00 0 
eda35000-f4d50000 ---p 00000000 00:00 0 
f4d50000-f4eb8000 r--s 00000000 08:04 117534333                          /usr/lib/jvm/java-17-zulu-openjdk-jdk-x86/lib/modules
f4eb8000-f5d5a000 r-xp 00000000 08:04 143240869                          /usr/lib/jvm/java-17-zulu-openjdk-jdk-x86/lib/server/libjvm.so
f5d5a000-f5daf000 r--p 00ea1000 08:04 143240869                          /usr/lib/jvm/java-17-zulu-openjdk-jdk-x86/lib/server/libjvm.so
f5daf000-f5dd0000 rw-p 00ef6000 08:04 143240869                          /usr/lib/jvm/java-17-zulu-openjdk-jdk-x86/lib/server/libjvm.so
f5dd0000-f5e00000 rw-p 00000000 00:00 0 
f5e00000-f5f00000 rw-p 00000000 00:00 0 
f5f0f000-f5f14000 rw-p 00000000 00:00 0 
f5f14000-f5ffa000 ---p 00000000 00:00 0 
f5ffa000-f5ffb000 ---p 00000000 00:00 0 
f5ffb000-f5fff000 ---p 00000000 00:00 0 
f5fff000-f6b73000 rw-p 00000000 00:00 0 
f6b7f000-f6b94000 r-xp 00000000 08:04 117534323                          /usr/lib/jvm/java-17-zulu-openjdk-jdk-x86/lib/libnet.so
f6b94000-f6b95000 r--p 00014000 08:04 117534323                          /usr/lib/jvm/java-17-zulu-openjdk-jdk-x86/lib/libnet.so
f6b95000-f6b96000 rw-p 00015000 08:04 117534323                          /usr/lib/jvm/java-17-zulu-openjdk-jdk-x86/lib/libnet.so
f6b96000-f6b9f000 rw-p 00000000 00:00 0 
f6b9f000-f6c81000 ---p 00000000 00:00 0 
f6ebb000-f6ecd000 r-xp 00000000 08:04 117534324                          /usr/lib/jvm/java-17-zulu-openjdk-jdk-x86/lib/libnio.so
f6ecd000-f6ece000 r--p 00011000 08:04 117534324                          /usr/lib/jvm/java-17-zulu-openjdk-jdk-x86/lib/libnio.so
f6ece000-f6ecf000 rw-p 00012000 08:04 117534324                          /usr/lib/jvm/java-17-zulu-openjdk-jdk-x86/lib/libnio.so
f6ecf000-f6ef8000 rw-p 00000000 00:00 0 
f6ef8000-f6f1b000 r-xp 00000000 08:04 117534310                          /usr/lib/jvm/java-17-zulu-openjdk-jdk-x86/lib/libjava.so
f6f1b000-f6f1c000 r--p 00022000 08:04 117534310                          /usr/lib/jvm/java-17-zulu-openjdk-jdk-x86/lib/libjava.so
f6f1c000-f6f1d000 rw-p 00023000 08:04 117534310                          /usr/lib/jvm/java-17-zulu-openjdk-jdk-x86/lib/libjava.so
f6f1d000-f6f29000 r-xp 00000000 08:04 16831767                           /usr/lib/libnss_files-2.28.so
f6f29000-f6f2a000 r--p 0000b000 08:04 16831767                           /usr/lib/libnss_files-2.28.so
f6f2a000-f6f2b000 rw-p 0000c000 08:04 16831767                           /usr/lib/libnss_files-2.28.so
f6f2b000-f6f31000 rw-p 00000000 00:00 0 
f6f37000-f6f3c000 rw-p 00000000 00:00 0 
f6f3c000-f6f42000 ---p 00000000 00:00 0 
f6f42000-f6f5d000 r-xp 00000000 08:04 117534314                          /usr/lib/jvm/java-17-zulu-openjdk-jdk-x86/lib/libjimage.so
f6f5d000-f6f5e000 ---p 0001b000 08:04 117534314                          /usr/lib/jvm/java-17-zulu-openjdk-jdk-x86/lib/libjimage.so
f6f5e000-f6f5f000 r--p 0001b000 08:04 117534314                          /usr/lib/jvm/java-17-zulu-openjdk-jdk-x86/lib/libjimage.so
f6f5f000-f6f60000 rw-p 0001c000 08:04 117534314                          /usr/lib/jvm/java-17-zulu-openjdk-jdk-x86/lib/libjimage.so
f6f60000-f6f64000 rw-p 00000000 00:00 0 
f6f64000-f6fec000 r-xp 00000000 08:04 17191875                           /usr/lib/libpcre2-8.so.0.7.1
f6fec000-f6fed000 r--p 00087000 08:04 17191875                           /usr/lib/libpcre2-8.so.0.7.1
f6fed000-f6fee000 rw-p 00088000 08:04 17191875                           /usr/lib/libpcre2-8.so.0.7.1
f6fee000-f700e000 r-xp 00000000 08:04 17021543                           /usr/lib/libcrypt.so.1.1.0
f700e000-f700f000 ---p 00020000 08:04 17021543                           /usr/lib/libcrypt.so.1.1.0
f700f000-f7010000 r--p 00020000 08:04 17021543                           /usr/lib/libcrypt.so.1.1.0
f7010000-f7019000 rw-p 00000000 00:00 0 
f7019000-f7044000 r-xp 00000000 08:04 17191887                           /usr/lib/libselinux.so.1
f7044000-f7045000 ---p 0002b000 08:04 17191887                           /usr/lib/libselinux.so.1
f7045000-f7046000 r--p 0002b000 08:04 17191887                           /usr/lib/libselinux.so.1
f7046000-f7047000 rw-p 0002c000 08:04 17191887                           /usr/lib/libselinux.so.1
f7047000-f7048000 rw-p 00000000 00:00 0 
f7048000-f7067000 r-xp 00000000 08:04 18866589                           /usr/lib/libbrotlicommon.so.1.0.6
f7067000-f7068000 r--p 0001e000 08:04 18866589                           /usr/lib/libbrotlicommon.so.1.0.6
f7068000-f7069000 rw-p 0001f000 08:04 18866589                           /usr/lib/libbrotlicommon.so.1.0.6
f7069000-f7087000 r-xp 00000000 08:04 17191915                           /usr/lib/libsasl2.so.3.0.0
f7087000-f7088000 ---p 0001e000 08:04 17191915                           /usr/lib/libsasl2.so.3.0.0
f7088000-f7089000 r--p 0001e000 08:04 17191915                           /usr/lib/libsasl2.so.3.0.0
f7089000-f708a000 rw-p 0001f000 08:04 17191915                           /usr/lib/libsasl2.so.3.0.0
f708a000-f708c000 rw-p 00000000 00:00 0 
f708c000-f70a0000 r-xp 00000000 08:04 16831772                           /usr/lib/libresolv-2.28.so
f70a0000-f70a1000 ---p 00014000 08:04 16831772                           /usr/lib/libresolv-2.28.so
f70a1000-f70a2000 r--p 00014000 08:04 16831772                           /usr/lib/libresolv-2.28.so
f70a2000-f70a3000 rw-p 00015000 08:04 16831772                           /usr/lib/libresolv-2.28.so
f70a3000-f70a5000 rw-p 00000000 00:00 0 
f70a5000-f70a8000 r-xp 00000000 08:04 17191893                           /usr/lib/libkeyutils.so.1.6
f70a8000-f70a9000 ---p 00003000 08:04 17191893                           /usr/lib/libkeyutils.so.1.6
f70a9000-f70aa000 r--p 00003000 08:04 17191893                           /usr/lib/libkeyutils.so.1.6
f70aa000-f70ab000 rw-p 00000000 00:00 0 
f70ab000-f70bb000 r-xp 00000000 08:04 17021560                           /usr/lib/libkrb5support.so.0.1
f70bb000-f70bc000 r--p 0000f000 08:04 17021560                           /usr/lib/libkrb5support.so.0.1
f70bc000-f70bd000 rw-p 00010000 08:04 17021560                           /usr/lib/libkrb5support.so.0.1
f70bd000-f70c5000 r-xp 00000000 08:04 16831774                           /usr/lib/librt-2.28.so
f70c5000-f70c6000 r--p 00007000 08:04 16831774                           /usr/lib/librt-2.28.so
f70c6000-f70c7000 rw-p 00008000 08:04 16831774                           /usr/lib/librt-2.28.so
f70c7000-f7246000 r-xp 00000000 08:04 17021545                           /usr/lib/libunistring.so.2.1.0
f7246000-f7247000 ---p 0017f000 08:04 17021545                           /usr/lib/libunistring.so.2.1.0
f7247000-f7249000 r--p 0017f000 08:04 17021545                           /usr/lib/libunistring.so.2.1.0
f7249000-f724a000 rw-p 00181000 08:04 17021545                           /usr/lib/libunistring.so.2.1.0
f724a000-f7274000 r-xp 00000000 08:04 18654292                           /usr/lib/liblzma.so.5.2.4
f7274000-f7275000 r--p 00029000 08:04 18654292                           /usr/lib/liblzma.so.5.2.4
f7275000-f7276000 rw-p 00000000 00:00 0 
f7276000-f7282000 r-xp 00000000 08:04 17191936                           /usr/lib/libbrotlidec.so.1.0.6
f7282000-f7283000 r--p 0000b000 08:04 17191936                           /usr/lib/libbrotlidec.so.1.0.6
f7283000-f7284000 rw-p 00000000 00:00 0 
f7284000-f7293000 r-xp 00000000 08:04 17191918                           /usr/lib/liblber-2.4.so.2.10.9
f7293000-f7294000 r--p 0000e000 08:04 17191918                           /usr/lib/liblber-2.4.so.2.10.9
f7294000-f7295000 rw-p 0000f000 08:04 17191918                           /usr/lib/liblber-2.4.so.2.10.9
f7295000-f72ea000 r-xp 00000000 08:04 17191920                           /usr/lib/libldap-2.4.so.2.10.9
f72ea000-f72eb000 ---p 00055000 08:04 17191920                           /usr/lib/libldap-2.4.so.2.10.9
f72eb000-f72ec000 r--p 00055000 08:04 17191920                           /usr/lib/libldap-2.4.so.2.10.9
f72ec000-f72ed000 rw-p 00056000 08:04 17191920                           /usr/lib/libldap-2.4.so.2.10.9
f72ed000-f72ef000 rw-p 00000000 00:00 0 
f72ef000-f72f2000 r-xp 00000000 08:04 16994899                           /usr/lib/libcom_err.so.2.1
f72f2000-f72f3000 r--p 00002000 08:04 16994899                           /usr/lib/libcom_err.so.2.1
f72f3000-f72f4000 rw-p 00003000 08:04 16994899                           /usr/lib/libcom_err.so.2.1
f72f4000-f730a000 r-xp 00000000 08:04 17021552                           /usr/lib/libk5crypto.so.3.1
f730a000-f730b000 ---p 00016000 08:04 17021552                           /usr/lib/libk5crypto.so.3.1
f730b000-f730c000 r--p 00016000 08:04 17021552                           /usr/lib/libk5crypto.so.3.1
f730c000-f730d000 rw-p 00017000 08:04 17021552                           /usr/lib/libk5crypto.so.3.1
f730d000-f73f0000 r-xp 00000000 08:04 17021558                           /usr/lib/libkrb5.so.3.3
f73f0000-f73f7000 r--p 000e2000 08:04 17021558                           /usr/lib/libkrb5.so.3.3
f73f7000-f73f8000 rw-p 000e9000 08:04 17021558                           /usr/lib/libkrb5.so.3.3
f73f8000-f7453000 r-xp 00000000 08:04 17021548                           /usr/lib/libgssapi_krb5.so.2.2
f7453000-f7455000 r--p 0005a000 08:04 17021548                           /usr/lib/libgssapi_krb5.so.2.2
f7455000-f7456000 rw-p 0005c000 08:04 17021548                           /usr/lib/libgssapi_krb5.so.2.2
f7456000-f7707000 r-xp 00000000 08:04 18627877                           /usr/lib/libcrypto.so.1.1.1k
f7707000-f7720000 r--p 002b0000 08:04 18627877                           /usr/lib/libcrypto.so.1.1.1k
f7720000-f7722000 rw-p 002c9000 08:04 18627877                           /usr/lib/libcrypto.so.1.1.1k
f7722000-f7726000 rw-p 00000000 00:00 0 
f7726000-f77b8000 r-xp 00000000 08:04 18627879                           /usr/lib/libssl.so.1.1.1k
f77b8000-f77be000 r--p 00091000 08:04 18627879                           /usr/lib/libssl.so.1.1.1k
f77be000-f77c2000 rw-p 00097000 08:04 18627879                           /usr/lib/libssl.so.1.1.1k
f77c2000-f77d2000 r-xp 00000000 08:04 18660120                           /usr/lib/libpsl.so.5.3.1
f77d2000-f77d3000 r--p 0000f000 08:04 18660120                           /usr/lib/libpsl.so.5.3.1
f77d3000-f77d4000 rw-p 00000000 00:00 0 
f77d4000-f7851000 r-xp 00000000 08:04 16994901                           /usr/lib/libssh.so.4.8.7
f7851000-f7852000 ---p 0007d000 08:04 16994901                           /usr/lib/libssh.so.4.8.7
f7852000-f7853000 r--p 0007d000 08:04 16994901                           /usr/lib/libssh.so.4.8.7
f7853000-f7854000 rw-p 0007e000 08:04 16994901                           /usr/lib/libssh.so.4.8.7
f7854000-f7871000 r-xp 00000000 08:04 17040588                           /usr/lib/libidn2.so.0.3.6
f7871000-f7872000 r--p 0001c000 08:04 17040588                           /usr/lib/libidn2.so.0.3.6
f7872000-f7873000 rw-p 00000000 00:00 0 
f7873000-f789b000 r-xp 00000000 08:04 17191891                           /usr/lib/libnghttp2.so.14.17.0
f789b000-f789c000 r--p 00027000 08:04 17191891                           /usr/lib/libnghttp2.so.14.17.0
f789c000-f789e000 rw-p 00028000 08:04 17191891                           /usr/lib/libnghttp2.so.14.17.0
f789e000-f7a40000 r-xp 00000000 08:04 16831756                           /usr/lib/libc-2.28.so
f7a40000-f7a41000 ---p 001a2000 08:04 16831756                           /usr/lib/libc-2.28.so
f7a41000-f7a43000 r--p 001a2000 08:04 16831756                           /usr/lib/libc-2.28.so
f7a43000-f7a44000 rw-p 001a4000 08:04 16831756                           /usr/lib/libc-2.28.so
f7a44000-f7a49000 rw-p 00000000 00:00 0 
f7a49000-f7a64000 r-xp 00000000 08:04 16985139                           /usr/lib/libgcc_s-8-20210514.so.1
f7a64000-f7a65000 r--p 0001a000 08:04 16985139                           /usr/lib/libgcc_s-8-20210514.so.1
f7a65000-f7a66000 rw-p 0001b000 08:04 16985139                           /usr/lib/libgcc_s-8-20210514.so.1
f7a66000-f7b36000 r-xp 00000000 08:04 16831760                           /usr/lib/libm-2.28.so
f7b36000-f7b37000 r--p 000cf000 08:04 16831760                           /usr/lib/libm-2.28.so
f7b37000-f7b38000 rw-p 000d0000 08:04 16831760                           /usr/lib/libm-2.28.so
f7b38000-f7cc1000 r-xp 00000000 08:04 16985145                           /usr/lib/libstdc++.so.6.0.25
f7cc1000-f7cc2000 ---p 00189000 08:04 16985145                           /usr/lib/libstdc++.so.6.0.25
f7cc2000-f7cc8000 r--p 00189000 08:04 16985145                           /usr/lib/libstdc++.so.6.0.25
f7cc8000-f7cc9000 rw-p 0018f000 08:04 16985145                           /usr/lib/libstdc++.so.6.0.25
f7cc9000-f7ccb000 rw-p 00000000 00:00 0 
f7ccb000-f7ce2000 r-xp 00000000 08:04 16963437                           /usr/lib/libz.so.1.2.11
f7ce2000-f7ce3000 ---p 00017000 08:04 16963437                           /usr/lib/libz.so.1.2.11
f7ce3000-f7ce4000 r--p 00017000 08:04 16963437                           /usr/lib/libz.so.1.2.11
f7ce4000-f7ce5000 rw-p 00000000 00:00 0 
f7ce5000-f7e62000 r-xp 00000000 08:04 16963397                           /usr/lib/libxml2.so.2.9.7
f7e62000-f7e67000 r--p 0017c000 08:04 16963397                           /usr/lib/libxml2.so.2.9.7
f7e67000-f7e68000 rw-p 00181000 08:04 16963397                           /usr/lib/libxml2.so.2.9.7
f7e68000-f7e69000 rw-p 00000000 00:00 0 
f7e69000-f7e85000 r-xp 00000000 08:04 16831770                           /usr/lib/libpthread-2.28.so
f7e85000-f7e86000 r--p 0001b000 08:04 16831770                           /usr/lib/libpthread-2.28.so
f7e86000-f7e87000 rw-p 0001c000 08:04 16831770                           /usr/lib/libpthread-2.28.so
f7e87000-f7e89000 rw-p 00000000 00:00 0 
f7e89000-f7efd000 r-xp 00000000 08:04 16818911                           /usr/lib/libpcre.so.1.2.10
f7efd000-f7efe000 ---p 00074000 08:04 16818911                           /usr/lib/libpcre.so.1.2.10
f7efe000-f7eff000 r--p 00074000 08:04 16818911                           /usr/lib/libpcre.so.1.2.10
f7eff000-f7f00000 rw-p 00075000 08:04 16818911                           /usr/lib/libpcre.so.1.2.10
f7f00000-f7f03000 r-xp 00000000 08:04 16831758                           /usr/lib/libdl-2.28.so
f7f03000-f7f04000 r--p 00002000 08:04 16831758                           /usr/lib/libdl-2.28.so
f7f04000-f7f05000 rw-p 00003000 08:04 16831758                           /usr/lib/libdl-2.28.so
f7f05000-f7fa2000 r-xp 00000000 08:04 16994905                           /usr/lib/libcurl.so.4.5.0
f7fa2000-f7fa4000 r--p 0009c000 08:04 16994905                           /usr/lib/libcurl.so.4.5.0
f7fa4000-f7fa5000 rw-p 0009e000 08:04 16994905                           /usr/lib/libcurl.so.4.5.0
f7fa5000-f7fac000 r--s 00000000 08:04 176632422                          /usr/lib/gconv/gconv-modules.cache
f7fac000-f7fb4000 rw-s 00000000 08:04 151742428                          /tmp/hsperfdata_almalinux/10823 (deleted)
f7fb4000-f7fb5000 ---p 00000000 00:00 0 
f7fb5000-f7fb6000 r--p 00000000 00:00 0 
f7fb6000-f7fb8000 rw-p 00000000 00:00 0 
f7fb8000-f7fbc000 r--p 00000000 00:00 0                                  [vvar]
f7fbc000-f7fbe000 r-xp 00000000 00:00 0                                  [vdso]
f7fbe000-f7fed000 r-xp 00000000 08:04 16831749                           /usr/lib/ld-2.28.so
f7fed000-f7fee000 ---p 00000000 00:00 0 
f7fee000-f7fef000 r--p 0002f000 08:04 16831749                           /usr/lib/ld-2.28.so
f7fef000-f7ff0000 rw-p 00030000 08:04 16831749                           /usr/lib/ld-2.28.so
ffd4b000-ffd4c000 rwxp 00000000 00:00 0 
ffe54000-fff10000 rw-p 00000000 00:00 0                                  [stack]


VM Arguments:
jvm_args: -Xms128m -Xmx512m -Xss768k -XX:MaxMetaspaceSize=96m -Xrs -XX:-UsePerfData -XX:-AllowUserSignalHandlers -XX:UseSSE=3 -XX+DoEscapeAnalysis -XX:AutoBoxCacheMax:2000 -XX:+OptimizeStringConcat -XX:+OptimizeFill -XX:+EliminateAutoBox -XX:+UseCompressedStrings -XX:+UseCompressedOops -XX:+EliminateLocks -XX:UseFastAccessorMethods -XX:+UseStringCache -XgcPrio:throughput -XXkeepAreaRatio:1 -XXlazyUnlocking -XXcallProfiling -XXcompactRatio:1 
java_command: <unknown>
java_class_path (initial): ../../data/sku.0/sys.server/compiled/game/
Launcher Type: generic

[Global flags]
     intx CICompilerCount                          = 3                                         {product} {ergonomic}
     uint ConcGCThreads                            = 1                                         {product} {ergonomic}
     uint G1ConcRefinementThreads                  = 4                                         {product} {ergonomic}
   size_t G1HeapRegionSize                         = 1048576                                   {product} {ergonomic}
    uintx GCDrainStackTargetSize                   = 64                                        {product} {ergonomic}
   size_t InitialHeapSize                          = 134217728                                 {product} {command line}
   size_t MarkStackSize                            = 32768                                     {product} {ergonomic}
   size_t MaxHeapSize                              = 536870912                                 {product} {command line}
   size_t MaxMetaspaceSize                         = 100663296                                 {product} {command line}
   size_t MaxNewSize                               = 321912832                                 {product} {ergonomic}
   size_t MinHeapDeltaBytes                        = 1048576                                   {product} {ergonomic}
   size_t MinHeapSize                              = 134217728                                 {product} {command line}
    uintx NonNMethodCodeHeapSize                   = 5544422                                {pd product} {ergonomic}
    uintx NonProfiledCodeHeapSize                  = 123056909                              {pd product} {ergonomic}
    uintx ProfiledCodeHeapSize                     = 123056909                              {pd product} {ergonomic}
    uintx ReservedCodeCacheSize                    = 251658240                              {pd product} {ergonomic}
     bool SegmentedCodeCache                       = true                                      {product} {ergonomic}
   size_t SoftMaxHeapSize                          = 536870912                              {manageable} {ergonomic}
   double SweeperThreshold                         = 0.500000                                  {product} {ergonomic}
     intx ThreadStackSize                          = 768                                    {pd product} {command line}
     bool UseG1GC                                  = true                                      {product} {ergonomic}

Logging:
Log output configuration:
 #0: stdout all=off uptime,level,tags
 #1: stderr all=off uptime,level,tags

Environment Variables:
JAVA_HOME=/usr/lib/jvm/zulu-17-x86
PATH=/usr/java/jdk1.7.0_80/bin:/usr/java/jdk1.7.0_80/bin:/usr/java/jdk1.6.0_45/bin:/usr/java/jdk1.6.0_45/bin:/usr/java/jdk1.6.0_45/bin:/home/almalinux/.local/bin:/home/almalinux/bin:/sbin:/bin:/usr/bin:/usr/local/bin:/usr/local/sbin:/usr/sbin:/usr/lib/oracle/18.3/client/bin:/usr/lib/oracle/18.3/client/bin:/usr/lib/jvm/java-11-openjdk/bin:./
LD_LIBRARY_PATH=/usr/lib/jvm/java-17-zulu-openjdk-jdk-x86/lib/server:/usr/lib/jvm/java-17-zulu-openjdk-jdk-x86/lib:/usr/lib/jvm/java-17-zulu-openjdk-jdk-x86/../lib:/usr/lib/jvm/zulu-17-x86/lib/server:/usr/lib/jvm/java-11-openjdk/lib:/usr/lib/jvm/java-11-openjdk/lib/server:./
SHELL=/bin/bash
DISPLAY=:10.0
LANG=en_US.UTF-8
TERM=xterm-256color

Active Locale:
LC_ALL=en_US.UTF-8
LC_COLLATE=en_US.UTF-8
LC_CTYPE=en_US.UTF-8
LC_MESSAGES=en_US.UTF-8
LC_MONETARY=en_US.UTF-8
LC_NUMERIC=en_US.UTF-8
LC_TIME=en_US.UTF-8

Signal Handlers:
   SIGSEGV: crash_handler in libjvm.so, mask=11100100010111111101111111111110, flags=SA_RESTART|SA_SIGINFO, unblocked
    SIGBUS: crash_handler in libjvm.so, mask=11100100010111111101111111111110, flags=SA_RESTART|SA_SIGINFO, unblocked
    SIGFPE: crash_handler in libjvm.so, mask=11100100010111111101111111111110, flags=SA_RESTART|SA_SIGINFO, unblocked
   SIGPIPE: SIG_IGN, mask=00000000000010000000000000000000, flags=SA_RESTART, blocked
  *** Handler was modified!
  *** Expected: javaSignalHandler in libjvm.so, mask=11100100110111111111111111111110, flags=SA_RESTART|SA_SIGINFO
   SIGXFSZ: javaSignalHandler in libjvm.so, mask=11100100010111111101111111111110, flags=SA_RESTART|SA_SIGINFO, blocked
    SIGILL: crash_handler in libjvm.so, mask=11100100010111111101111111111110, flags=SA_RESTART|SA_SIGINFO, unblocked
   SIGUSR2: SR_handler in libjvm.so, mask=00100000000000000000000000000000, flags=SA_RESTART|SA_SIGINFO, blocked
    SIGHUP: UserHandler in libjvm.so, mask=11100100010111111101111111111110, flags=SA_RESTART|SA_SIGINFO, blocked
    SIGINT: UserHandler in libjvm.so, mask=11100100010111111101111111111110, flags=SA_RESTART|SA_SIGINFO, blocked
   SIGTERM: UserHandler in libjvm.so, mask=11100100010111111101111111111110, flags=SA_RESTART|SA_SIGINFO, blocked
   SIGQUIT: UserHandler in libjvm.so, mask=11100100010111111101111111111110, flags=SA_RESTART|SA_SIGINFO, blocked
   SIGTRAP: crash_handler in libjvm.so, mask=11100100010111111101111111111110, flags=SA_RESTART|SA_SIGINFO, unblocked


Periodic native trim disabled


---------------  S Y S T E M  ---------------

OS:
AlmaLinux release 8.10 (Cerulean Leopard)
uname: Linux 4.18.0-553.81.1.el8_10.x86_64 #1 SMP Mon Oct 27 11:29:19 EDT 2025 x86_64
OS uptime: 0 days 10:18 hours
libc: glibc 2.28 NPTL 2.28 
rlimit (soft/hard): STACK 8192k/infinity , CORE 0k/infinity , NPROC 61995/61995 , NOFILE 262144/262144 , AS infinity/infinity , CPU infinity/infinity , DATA infinity/infinity , FSIZE infinity/infinity , MEMLOCK 64k/64k
load average: 48.36 40.08 39.52

/proc/meminfo:
MemTotal:       16014448 kB
MemFree:         1870116 kB
MemAvailable:    2374692 kB
Buffers:              28 kB
Cached:          2055644 kB
SwapCached:        28564 kB
Active:          1910612 kB
Inactive:       11534964 kB
Active(anon):    1597040 kB
Inactive(anon): 11398252 kB
Active(file):     313572 kB
Inactive(file):   136712 kB
Unevictable:        6160 kB
Mlocked:               0 kB
SwapTotal:       8388604 kB
SwapFree:        7855172 kB
Dirty:               540 kB
Writeback:             0 kB
AnonPages:      11370912 kB
Mapped:           888692 kB
Shmem:           1605388 kB
KReclaimable:     231336 kB
Slab:             376064 kB
SReclaimable:     231336 kB
SUnreclaim:       144728 kB
KernelStack:       24204 kB
PageTables:       149020 kB
NFS_Unstable:          0 kB
Bounce:                0 kB
WritebackTmp:          0 kB
CommitLimit:    16395828 kB
Committed_AS:   24905312 kB
VmallocTotal:   34359738367 kB
VmallocUsed:       69956 kB
VmallocChunk:          0 kB
Percpu:             2720 kB
HardwareCorrupted:     0 kB
AnonHugePages:         0 kB
ShmemHugePages:        0 kB
ShmemPmdMapped:        0 kB
FileHugePages:         0 kB
FilePmdMapped:         0 kB
HugePages_Total:       0
HugePages_Free:        0
HugePages_Rsvd:        0
HugePages_Surp:        0
Hugepagesize:       2048 kB
Hugetlb:               0 kB
DirectMap4k:      612204 kB
DirectMap2M:    15771648 kB

/sys/kernel/mm/transparent_hugepage/enabled: always madvise [never]
/sys/kernel/mm/transparent_hugepage/hpage_pmd_size: 2097152
/sys/kernel/mm/transparent_hugepage/defrag (defrag/compaction efforts parameter): always defer defer+madvise [madvise] never

Process Memory:
Virtual Size: 1129524K (peak: 1147872K)
Resident Set Size: 349336K (peak: 377908K) (anon: 332980K, file: 16356K, shmem: 0K)
Swapped out: 0K
C-Heap outstanding allocations: 24538K, retained: 194637K
glibc malloc tunables: (default)

/proc/sys/kernel/threads-max (system-wide limit on the number of threads): 123991
/proc/sys/vm/max_map_count (maximum number of memory map areas a process may have): 1677720
/proc/sys/kernel/pid_max (system-wide limit on number of process identifiers): 4194304

container (cgroup) information:
container_type: cgroupv1
cpu_cpuset_cpus: 0-3
cpu_memory_nodes: 0
active_processor_count: 4
cpu_quota: no quota
cpu_period: 100000
cpu_shares: no shares
memory_limit_in_bytes: unlimited
memory_and_swap_limit_in_bytes: unlimited
memory_soft_limit_in_bytes: unlimited
memory_usage_in_bytes: 12880244 k
memory_max_usage_in_bytes: 14693480 k
kernel_memory_usage_in_bytes: 255644 k
kernel_memory_max_usage_in_bytes: unlimited
kernel_memory_limit_in_bytes: 752460 k
maximum number of tasks: unlimited
current number of tasks: 714

KVM virtualization detected
Steal ticks since vm start: 4207
Steal ticks percentage since vm start:  0.000

CPU: total 4 (initial active 4) (1 cores per cpu, 1 threads per core) family 6 model 60 stepping 1 microcode 0x1, cx8, cmov, fxsr, mmx, sse, sse2, sse3, ssse3, sse4.1, sse4.2, popcnt, lzcnt, tsc, avx, avx2, aes, erms, clmul, bmi1, bmi2, fma, vzeroupper, clflush, hv
CPU Model and flags from /proc/cpuinfo:
model name	: Intel Core Processor (Haswell, no TSX)
flags		: fpu vme de pse tsc msr pae mce cx8 apic sep mtrr pge mca cmov pat pse36 clflush mmx fxsr sse sse2 syscall nx rdtscp lm constant_tsc rep_good nopl xtopology cpuid tsc_known_freq pni pclmulqdq vmx ssse3 fma cx16 pcid sse4_1 sse4_2 x2apic movbe popcnt tsc_deadline_timer aes xsave avx f16c rdrand hypervisor lahf_lm abm cpuid_fault invpcid_single pti tpr_shadow vnmi flexpriority ept vpid ept_ad fsgsbase bmi1 avx2 smep bmi2 erms invpcid xsaveopt arat md_clear

Online cpus: 0-3
Offline cpus: 
BIOS frequency limitation: <Not Available>
Frequency switch latency (ns): <Not Available>
Available cpu frequencies: <Not Available>
Current governor: <Not Available>
Core performance/turbo boost: <Not Available>

Memory: 4k page, physical 16014448k(1870116k free), swap 8388604k(7855172k free)
Page Sizes: 4k

vm_info: OpenJDK Server VM (17.0.11+9-LTS) for linux-x86 JRE (17.0.11+9-LTS) (Zulu17.50+19-CA), built on Apr  9 2024 07:14:46 by "zulu_re" with gcc 8.3.0

END.
