#
# A fatal error has been detected by the Java Runtime Environment:
#
#  SIGSEGV (0xb) at pc=0xf78c3618, pid=364056, tid=364056
#
# JRE version: OpenJDK Runtime Environment Zulu17.50+19-CA (17.0.11+9) (build 17.0.11+9-LTS)
# Java VM: OpenJDK Server VM Zulu17.50+19-CA (17.0.11+9-LTS, mixed mode, sharing, tiered, g1 gc, linux-x86)
# Problematic frame:
# C  [libc.so.6+0x84618]  cfree+0x28
#
# Core dump will be written. Default location: Core dumps may be processed with "/usr/lib/systemd/systemd-coredump %P %u %g %s %t %c %h %e" (or dumping to /home/almalinux/swg-returns-nge/exe/linux/core.364056)
#
# If you would like to submit a bug report, please visit:
#   http://www.azul.com/support/
#

---------------  S U M M A R Y ------------

Command Line: -Xms128m -Xmx512m -Xss768k -XX:MaxMetaspaceSize=96m -Xrs -XX:-UsePerfData -XX:-AllowUserSignalHandlers -XX:UseSSE=3 -XX+DoEscapeAnalysis -XX:AutoBoxCacheMax:2000 -XX:+OptimizeStringConcat -XX:+OptimizeFill -XX:+EliminateAutoBox -XX:+UseCompressedStrings -XX:+UseCompressedOops -XX:+EliminateLocks -XX:UseFastAccessorMethods -XX:+UseStringCache -XgcPrio:throughput -XXkeepAreaRatio:1 -XXlazyUnlocking -XXcallProfiling -XXcompactRatio:1 

Host: Intel Core Processor (Haswell, no TSX), 4 cores, 15G, AlmaLinux release 8.10 (Cerulean Leopard)
Time: Mon Jan 26 20:49:15 2026 UTC elapsed time: 1006.464603 seconds (0d 0h 16m 46s)

---------------  T H R E A D  ---------------

Current thread is native thread

Stack: [0xff93c000,0xff9fc000],  sp=0xff9f9890,  free space=758k
Native frames: (J=compiled Java code, j=interpreted, Vv=VM code, C=native code)
C  [libc.so.6+0x84618]  cfree+0x28


siginfo: si_signo: 11 (SIGSEGV), si_code: 1 (SEGV_MAPERR), si_addr: 0x00000003

Registers:
EAX=0x00000000, EBX=0x00000007, ECX=0xf6f0184c, EDX=0x0ad0dd98
ESP=0xff9f9890, EBP=0xff9f99c8, ESI=0xf79e4000, EDI=0x00000000
EIP=0xf78c3618, EFLAGS=0x00210202, CR2=0x0000000000000003


Top of Stack: (sp=0xff9f9890)
0xff9f9890:   0a991020 00000000 ff9f99c8 f7b50f1c
0xff9f98a0:   0a9910b0 f7c67a04 0ad0dd70 f7b50f1c
0xff9f98b0:   00000007 f7b50f0a f7c67a04 f7b50f4c
0xff9f98c0:   0a9910b0 f7b50f0a 0ad11b10 085b6163
0xff9f98d0:   00000007 0a991020 0a990d30 085bb8d1
0xff9f98e0:   0a991020 0a990d30 00000000 085bb89b
0xff9f98f0:   0c1a8330 ff9f9917 ff9f993c 085c6969
0xff9f9900:   087d6c00 ff9f993c ff9f99c8 084fc53b
0xff9f9910:   00000014 00010002 00000000 00000000
0xff9f9920:   01010100 00000001 09aa44c0 00000000
0xff9f9930:   00000000 00000000 00000000 00000000
0xff9f9940:   00000000 00000014 ff9f9a98 f78746ff
0xff9f9950:   f79e441c 47677753 53656d61 65767265
0xff9f9960:   36333a72 36353034 09290100 0acf3130
0xff9f9970:   08ea0100 08ebc230 08ea5888 f79e441c
0xff9f9980:   00000428 00000420 f7874779 085758fd
0xff9f9990:   08ea2a80 09b1ea78 08ea5888 08574f56
0xff9f99a0:   0929a2c4 0929a2c4 ff9f9a98 08ea583b
0xff9f99b0:   0000000c ff9f9a64 ff9f99e0 f79e4000
0xff9f99c0:   00000000 08575910 00000000 f785cf26
0xff9f99d0:   00000000 08575910 00000000 f785cf26
0xff9f99e0:   0000000c ff9f9a64 ff9f9a98 ff9f9a04
0xff9f99f0:   0929a2d0 00000000 ff9f9a98 f79e4000
0xff9f9a00:   f784c75c f79e4000 00000000 08575910
0xff9f9a10:   00000000 44738d30 70dd8520 00000000
0xff9f9a20:   00000000 00000000 f7f634d0 f785ce30
0xff9f9a30:   084fc260 0929a2c4 0000000c 08575946
0xff9f9a40:   084fc260 0000000c ff9f9a64 08ea57f0
0xff9f9a50:   08ea5850 f7f634d0 ff9f9a5c f7f90970
0xff9f9a60:   0000000c ff9fa62f ff9fa641 ff9fa644
0xff9f9a70:   ff9fa656 ff9fa659 ff9fa664 ff9fa688
0xff9f9a80:   ff9fa698 ff9fa6b0 ff9fa6d8 ff9fa6db 

Instructions: (pc=0xf78c3618)
0xf78c3518:   50 8d 96 86 f7 fa ff 8d 86 d0 2f fb ff e8 c6 b7
0xf78c3528:   ff ff 8d b6 00 00 00 00 bb 20 00 00 00 e9 5e fe
0xf78c3538:   ff ff e8 a1 c0 ff ff 89 c5 85 c0 0f 85 68 ff ff
0xf78c3548:   ff 31 d2 8d 44 3b 10 e8 8c c1 ff ff 89 da 89 f9
0xf78c3558:   89 c5 e8 11 f0 ff ff 89 c2 85 c0 75 1b 85 ed 74
0xf78c3568:   17 90 89 fa 89 e8 e8 bd c5 ff ff 89 da 89 f9 89
0xf78c3578:   c5 e8 f2 ef ff ff 89 c2 85 ed 0f 84 57 ff ff ff
0xf78c3588:   e9 39 ff ff ff 8d 86 b8 31 fb ff 83 ec 0c b9 25
0xf78c3598:   0d 00 00 50 8d 96 86 f7 fa ff 8d 86 74 2f fb ff
0xf78c35a8:   e8 43 b7 ff ff 8d 76 00 f3 0f 1e fb e8 0a 9a f9
0xf78c35b8:   ff 05 47 0a 12 00 56 53 83 ec 04 8b 5c 24 10 8b
0xf78c35c8:   74 24 14 8b 80 50 ff ff ff c7 00 00 00 00 00 e8
0xf78c35d8:   54 bb ff ff 8b 4c 24 0c 83 c4 04 89 f2 89 d8 5b
0xf78c35e8:   5e e9 42 fd ff ff 66 90 f3 0f 1e fb 56 e8 9a 9b
0xf78c35f8:   f9 ff 81 c6 06 0a 12 00 53 83 ec 14 8b 5c 24 20
0xf78c3608:   8b 86 5c ff ff ff 8b 00 85 c0 75 6c 85 db 74 75
0xf78c3618:   8b 4b fc 8d 53 f8 f6 c1 02 75 35 8b 86 70 fe ff
0xf78c3628:   ff 65 8b 00 85 c0 0f 84 8c 00 00 00 83 e1 04 8d
0xf78c3638:   86 60 07 00 00 74 09 89 d0 25 00 00 f0 ff 8b 00
0xf78c3648:   83 c4 14 31 c9 5b 5e e9 8c cb ff ff 8d 74 26 00
0xf78c3658:   8b 9e 60 01 00 00 85 db 75 10 3b 8e 48 01 00 00
0xf78c3668:   76 08 81 f9 00 00 08 00 76 26 83 c4 14 89 d0 5b
0xf78c3678:   5e e9 92 b8 ff ff 66 90 83 ec 08 ff 74 24 24 53
0xf78c3688:   ff d0 83 c4 10 83 c4 14 5b 5e c3 8d 74 26 00 90
0xf78c3698:   39 96 80 1d 00 00 77 08 39 96 7c 1d 00 00 77 ca
0xf78c36a8:   83 e1 f8 8d 04 09 89 8e 48 01 00 00 89 86 40 01
0xf78c36b8:   00 00 90 eb b5 8d 76 00 8b 86 74 fe ff ff 65 80
0xf78c36c8:   38 00 0f 85 64 ff ff ff 89 54 24 0c e8 97 ed ff
0xf78c36d8:   ff 8b 4b fc 8b 54 24 0c e9 4f ff ff ff 8d b4 26
0xf78c36e8:   00 00 00 00 8d 74 26 00 f3 0f 1e fb 55 57 56 e8
0xf78c36f8:   98 9a f9 ff 81 c6 04 09 12 00 53 83 ec 0c 8b 86
0xf78c3708:   70 fe ff ff 8b 96 74 fe ff ff 65 8b 28 65 c6 02 



---------------  P R O C E S S  ---------------

VM state: at safepoint (shutting down)

VM Mutex/Monitor currently owned by a thread:  ([mutex/lock_event])
[0xf5e21d30] Threads_lock - owner thread: 0xc4294cf0

GC Precious Log:
<Skipped>

Heap:
 garbage-first heap   total 131072K, used 55751K [0xc5c00000, 0xe5c00000)
  region size 1024K, 54 young (55296K), 1 survivors (1024K)
 Metaspace       used 3396K, committed 3648K, reserved 16384K

Heap Regions: E=young(eden), S=young(survivor), O=old, HS=humongous(starts), HC=humongous(continues), CS=collection set, F=free, OA=open archive, CA=closed archive, TAMS=top-at-mark-start (previous, next)
|   0|0xc5c00000, 0xc5d00000, 0xc5d00000|100%| O|  |TAMS 0xc5c00000, 0xc5c00000| Untracked 
|   1|0xc5d00000, 0xc5e00000, 0xc5e00000|100%| O|  |TAMS 0xc5d00000, 0xc5d00000| Untracked 
|   2|0xc5e00000, 0xc5e05c00, 0xc5f00000|  2%| O|  |TAMS 0xc5e00000, 0xc5e00000| Untracked 
|   3|0xc5f00000, 0xc5f00000, 0xc6000000|  0%| F|  |TAMS 0xc5f00000, 0xc5f00000| Untracked 
|   4|0xc6000000, 0xc6000000, 0xc6100000|  0%| F|  |TAMS 0xc6000000, 0xc6000000| Untracked 
|   5|0xc6100000, 0xc6100000, 0xc6200000|  0%| F|  |TAMS 0xc6100000, 0xc6100000| Untracked 
|   6|0xc6200000, 0xc6200000, 0xc6300000|  0%| F|  |TAMS 0xc6200000, 0xc6200000| Untracked 
|   7|0xc6300000, 0xc6300000, 0xc6400000|  0%| F|  |TAMS 0xc6300000, 0xc6300000| Untracked 
|   8|0xc6400000, 0xc6400000, 0xc6500000|  0%| F|  |TAMS 0xc6400000, 0xc6400000| Untracked 
|   9|0xc6500000, 0xc6500000, 0xc6600000|  0%| F|  |TAMS 0xc6500000, 0xc6500000| Untracked 
|  10|0xc6600000, 0xc6600000, 0xc6700000|  0%| F|  |TAMS 0xc6600000, 0xc6600000| Untracked 
|  11|0xc6700000, 0xc6700000, 0xc6800000|  0%| F|  |TAMS 0xc6700000, 0xc6700000| Untracked 
|  12|0xc6800000, 0xc6800000, 0xc6900000|  0%| F|  |TAMS 0xc6800000, 0xc6800000| Untracked 
|  13|0xc6900000, 0xc6900000, 0xc6a00000|  0%| F|  |TAMS 0xc6900000, 0xc6900000| Untracked 
|  14|0xc6a00000, 0xc6a00000, 0xc6b00000|  0%| F|  |TAMS 0xc6a00000, 0xc6a00000| Untracked 
|  15|0xc6b00000, 0xc6b00000, 0xc6c00000|  0%| F|  |TAMS 0xc6b00000, 0xc6b00000| Untracked 
|  16|0xc6c00000, 0xc6c00000, 0xc6d00000|  0%| F|  |TAMS 0xc6c00000, 0xc6c00000| Untracked 
|  17|0xc6d00000, 0xc6d00000, 0xc6e00000|  0%| F|  |TAMS 0xc6d00000, 0xc6d00000| Untracked 
|  18|0xc6e00000, 0xc6e00000, 0xc6f00000|  0%| F|  |TAMS 0xc6e00000, 0xc6e00000| Untracked 
|  19|0xc6f00000, 0xc6f00000, 0xc7000000|  0%| F|  |TAMS 0xc6f00000, 0xc6f00000| Untracked 
|  20|0xc7000000, 0xc7000000, 0xc7100000|  0%| F|  |TAMS 0xc7000000, 0xc7000000| Untracked 
|  21|0xc7100000, 0xc7100000, 0xc7200000|  0%| F|  |TAMS 0xc7100000, 0xc7100000| Untracked 
|  22|0xc7200000, 0xc7200000, 0xc7300000|  0%| F|  |TAMS 0xc7200000, 0xc7200000| Untracked 
|  23|0xc7300000, 0xc7300000, 0xc7400000|  0%| F|  |TAMS 0xc7300000, 0xc7300000| Untracked 
|  24|0xc7400000, 0xc7400000, 0xc7500000|  0%| F|  |TAMS 0xc7400000, 0xc7400000| Untracked 
|  25|0xc7500000, 0xc7500000, 0xc7600000|  0%| F|  |TAMS 0xc7500000, 0xc7500000| Untracked 
|  26|0xc7600000, 0xc7600000, 0xc7700000|  0%| F|  |TAMS 0xc7600000, 0xc7600000| Untracked 
|  27|0xc7700000, 0xc7700000, 0xc7800000|  0%| F|  |TAMS 0xc7700000, 0xc7700000| Untracked 
|  28|0xc7800000, 0xc7800000, 0xc7900000|  0%| F|  |TAMS 0xc7800000, 0xc7800000| Untracked 
|  29|0xc7900000, 0xc7900000, 0xc7a00000|  0%| F|  |TAMS 0xc7900000, 0xc7900000| Untracked 
|  30|0xc7a00000, 0xc7a00000, 0xc7b00000|  0%| F|  |TAMS 0xc7a00000, 0xc7a00000| Untracked 
|  31|0xc7b00000, 0xc7b00000, 0xc7c00000|  0%| F|  |TAMS 0xc7b00000, 0xc7b00000| Untracked 
|  32|0xc7c00000, 0xc7c00000, 0xc7d00000|  0%| F|  |TAMS 0xc7c00000, 0xc7c00000| Untracked 
|  33|0xc7d00000, 0xc7d00000, 0xc7e00000|  0%| F|  |TAMS 0xc7d00000, 0xc7d00000| Untracked 
|  34|0xc7e00000, 0xc7e00000, 0xc7f00000|  0%| F|  |TAMS 0xc7e00000, 0xc7e00000| Untracked 
|  35|0xc7f00000, 0xc7f00000, 0xc8000000|  0%| F|  |TAMS 0xc7f00000, 0xc7f00000| Untracked 
|  36|0xc8000000, 0xc8000000, 0xc8100000|  0%| F|  |TAMS 0xc8000000, 0xc8000000| Untracked 
|  37|0xc8100000, 0xc8100000, 0xc8200000|  0%| F|  |TAMS 0xc8100000, 0xc8100000| Untracked 
|  38|0xc8200000, 0xc8200000, 0xc8300000|  0%| F|  |TAMS 0xc8200000, 0xc8200000| Untracked 
|  39|0xc8300000, 0xc8300000, 0xc8400000|  0%| F|  |TAMS 0xc8300000, 0xc8300000| Untracked 
|  40|0xc8400000, 0xc8400000, 0xc8500000|  0%| F|  |TAMS 0xc8400000, 0xc8400000| Untracked 
|  41|0xc8500000, 0xc8500000, 0xc8600000|  0%| F|  |TAMS 0xc8500000, 0xc8500000| Untracked 
|  42|0xc8600000, 0xc8600000, 0xc8700000|  0%| F|  |TAMS 0xc8600000, 0xc8600000| Untracked 
|  43|0xc8700000, 0xc8700000, 0xc8800000|  0%| F|  |TAMS 0xc8700000, 0xc8700000| Untracked 
|  44|0xc8800000, 0xc8800000, 0xc8900000|  0%| F|  |TAMS 0xc8800000, 0xc8800000| Untracked 
|  45|0xc8900000, 0xc8900000, 0xc8a00000|  0%| F|  |TAMS 0xc8900000, 0xc8900000| Untracked 
|  46|0xc8a00000, 0xc8a00000, 0xc8b00000|  0%| F|  |TAMS 0xc8a00000, 0xc8a00000| Untracked 
|  47|0xc8b00000, 0xc8b00000, 0xc8c00000|  0%| F|  |TAMS 0xc8b00000, 0xc8b00000| Untracked 
|  48|0xc8c00000, 0xc8c00000, 0xc8d00000|  0%| F|  |TAMS 0xc8c00000, 0xc8c00000| Untracked 
|  49|0xc8d00000, 0xc8d00000, 0xc8e00000|  0%| F|  |TAMS 0xc8d00000, 0xc8d00000| Untracked 
|  50|0xc8e00000, 0xc8e00000, 0xc8f00000|  0%| F|  |TAMS 0xc8e00000, 0xc8e00000| Untracked 
|  51|0xc8f00000, 0xc8f00000, 0xc9000000|  0%| F|  |TAMS 0xc8f00000, 0xc8f00000| Untracked 
|  52|0xc9000000, 0xc9000000, 0xc9100000|  0%| F|  |TAMS 0xc9000000, 0xc9000000| Untracked 
|  53|0xc9100000, 0xc9100000, 0xc9200000|  0%| F|  |TAMS 0xc9100000, 0xc9100000| Untracked 
|  54|0xc9200000, 0xc9200000, 0xc9300000|  0%| F|  |TAMS 0xc9200000, 0xc9200000| Untracked 
|  55|0xc9300000, 0xc9300000, 0xc9400000|  0%| F|  |TAMS 0xc9300000, 0xc9300000| Untracked 
|  56|0xc9400000, 0xc9400000, 0xc9500000|  0%| F|  |TAMS 0xc9400000, 0xc9400000| Untracked 
|  57|0xc9500000, 0xc9500000, 0xc9600000|  0%| F|  |TAMS 0xc9500000, 0xc9500000| Untracked 
|  58|0xc9600000, 0xc9600000, 0xc9700000|  0%| F|  |TAMS 0xc9600000, 0xc9600000| Untracked 
|  59|0xc9700000, 0xc9700000, 0xc9800000|  0%| F|  |TAMS 0xc9700000, 0xc9700000| Untracked 
|  60|0xc9800000, 0xc9800000, 0xc9900000|  0%| F|  |TAMS 0xc9800000, 0xc9800000| Untracked 
|  61|0xc9900000, 0xc9900000, 0xc9a00000|  0%| F|  |TAMS 0xc9900000, 0xc9900000| Untracked 
|  62|0xc9a00000, 0xc9a00000, 0xc9b00000|  0%| F|  |TAMS 0xc9a00000, 0xc9a00000| Untracked 
|  63|0xc9b00000, 0xc9b00000, 0xc9c00000|  0%| F|  |TAMS 0xc9b00000, 0xc9b00000| Untracked 
|  64|0xc9c00000, 0xc9c00000, 0xc9d00000|  0%| F|  |TAMS 0xc9c00000, 0xc9c00000| Untracked 
|  65|0xc9d00000, 0xc9d00000, 0xc9e00000|  0%| F|  |TAMS 0xc9d00000, 0xc9d00000| Untracked 
|  66|0xc9e00000, 0xc9e00000, 0xc9f00000|  0%| F|  |TAMS 0xc9e00000, 0xc9e00000| Untracked 
|  67|0xc9f00000, 0xc9f00000, 0xca000000|  0%| F|  |TAMS 0xc9f00000, 0xc9f00000| Untracked 
|  68|0xca000000, 0xca000000, 0xca100000|  0%| F|  |TAMS 0xca000000, 0xca000000| Untracked 
|  69|0xca100000, 0xca100000, 0xca200000|  0%| F|  |TAMS 0xca100000, 0xca100000| Untracked 
|  70|0xca200000, 0xca200000, 0xca300000|  0%| F|  |TAMS 0xca200000, 0xca200000| Untracked 
|  71|0xca300000, 0xca300000, 0xca400000|  0%| F|  |TAMS 0xca300000, 0xca300000| Untracked 
|  72|0xca400000, 0xca400000, 0xca500000|  0%| F|  |TAMS 0xca400000, 0xca400000| Untracked 
|  73|0xca500000, 0xca500000, 0xca600000|  0%| F|  |TAMS 0xca500000, 0xca500000| Untracked 
|  74|0xca600000, 0xca600800, 0xca700000|  0%| E|  |TAMS 0xca600000, 0xca600000| Complete 
|  75|0xca700000, 0xca800000, 0xca800000|100%| E|CS|TAMS 0xca700000, 0xca700000| Complete 
|  76|0xca800000, 0xca900000, 0xca900000|100%| E|CS|TAMS 0xca800000, 0xca800000| Complete 
|  77|0xca900000, 0xcaa00000, 0xcaa00000|100%| E|CS|TAMS 0xca900000, 0xca900000| Complete 
|  78|0xcaa00000, 0xcab00000, 0xcab00000|100%| E|CS|TAMS 0xcaa00000, 0xcaa00000| Complete 
|  79|0xcab00000, 0xcac00000, 0xcac00000|100%| E|CS|TAMS 0xcab00000, 0xcab00000| Complete 
|  80|0xcac00000, 0xcad00000, 0xcad00000|100%| E|CS|TAMS 0xcac00000, 0xcac00000| Complete 
|  81|0xcad00000, 0xcae00000, 0xcae00000|100%| E|CS|TAMS 0xcad00000, 0xcad00000| Complete 
|  82|0xcae00000, 0xcaf00000, 0xcaf00000|100%| E|CS|TAMS 0xcae00000, 0xcae00000| Complete 
|  83|0xcaf00000, 0xcb000000, 0xcb000000|100%| E|CS|TAMS 0xcaf00000, 0xcaf00000| Complete 
|  84|0xcb000000, 0xcb100000, 0xcb100000|100%| E|CS|TAMS 0xcb000000, 0xcb000000| Complete 
|  85|0xcb100000, 0xcb200000, 0xcb200000|100%| E|CS|TAMS 0xcb100000, 0xcb100000| Complete 
|  86|0xcb200000, 0xcb300000, 0xcb300000|100%| E|CS|TAMS 0xcb200000, 0xcb200000| Complete 
|  87|0xcb300000, 0xcb400000, 0xcb400000|100%| E|CS|TAMS 0xcb300000, 0xcb300000| Complete 
|  88|0xcb400000, 0xcb500000, 0xcb500000|100%| E|CS|TAMS 0xcb400000, 0xcb400000| Complete 
|  89|0xcb500000, 0xcb600000, 0xcb600000|100%| E|CS|TAMS 0xcb500000, 0xcb500000| Complete 
|  90|0xcb600000, 0xcb700000, 0xcb700000|100%| E|CS|TAMS 0xcb600000, 0xcb600000| Complete 
|  91|0xcb700000, 0xcb800000, 0xcb800000|100%| E|CS|TAMS 0xcb700000, 0xcb700000| Complete 
|  92|0xcb800000, 0xcb900000, 0xcb900000|100%| E|CS|TAMS 0xcb800000, 0xcb800000| Complete 
|  93|0xcb900000, 0xcba00000, 0xcba00000|100%| E|CS|TAMS 0xcb900000, 0xcb900000| Complete 
|  94|0xcba00000, 0xcbb00000, 0xcbb00000|100%| E|CS|TAMS 0xcba00000, 0xcba00000| Complete 
|  95|0xcbb00000, 0xcbc00000, 0xcbc00000|100%| E|CS|TAMS 0xcbb00000, 0xcbb00000| Complete 
|  96|0xcbc00000, 0xcbd00000, 0xcbd00000|100%| E|CS|TAMS 0xcbc00000, 0xcbc00000| Complete 
|  97|0xcbd00000, 0xcbe00000, 0xcbe00000|100%| E|CS|TAMS 0xcbd00000, 0xcbd00000| Complete 
|  98|0xcbe00000, 0xcbf00000, 0xcbf00000|100%| E|CS|TAMS 0xcbe00000, 0xcbe00000| Complete 
|  99|0xcbf00000, 0xcc000000, 0xcc000000|100%| E|CS|TAMS 0xcbf00000, 0xcbf00000| Complete 
| 100|0xcc000000, 0xcc100000, 0xcc100000|100%| E|CS|TAMS 0xcc000000, 0xcc000000| Complete 
| 101|0xcc100000, 0xcc200000, 0xcc200000|100%| E|CS|TAMS 0xcc100000, 0xcc100000| Complete 
| 102|0xcc200000, 0xcc300000, 0xcc300000|100%| E|CS|TAMS 0xcc200000, 0xcc200000| Complete 
| 103|0xcc300000, 0xcc400000, 0xcc400000|100%| E|CS|TAMS 0xcc300000, 0xcc300000| Complete 
| 104|0xcc400000, 0xcc500000, 0xcc500000|100%| E|CS|TAMS 0xcc400000, 0xcc400000| Complete 
| 105|0xcc500000, 0xcc600000, 0xcc600000|100%| E|CS|TAMS 0xcc500000, 0xcc500000| Complete 
| 106|0xcc600000, 0xcc700000, 0xcc700000|100%| E|CS|TAMS 0xcc600000, 0xcc600000| Complete 
| 107|0xcc700000, 0xcc800000, 0xcc800000|100%| E|CS|TAMS 0xcc700000, 0xcc700000| Complete 
| 108|0xcc800000, 0xcc900000, 0xcc900000|100%| E|CS|TAMS 0xcc800000, 0xcc800000| Complete 
| 109|0xcc900000, 0xcc96b880, 0xcca00000| 42%| S|CS|TAMS 0xcc900000, 0xcc900000| Complete 
| 110|0xcca00000, 0xccb00000, 0xccb00000|100%| E|CS|TAMS 0xcca00000, 0xcca00000| Complete 
| 111|0xccb00000, 0xccc00000, 0xccc00000|100%| E|CS|TAMS 0xccb00000, 0xccb00000| Complete 
| 112|0xccc00000, 0xccd00000, 0xccd00000|100%| E|CS|TAMS 0xccc00000, 0xccc00000| Complete 
| 113|0xccd00000, 0xcce00000, 0xcce00000|100%| E|CS|TAMS 0xccd00000, 0xccd00000| Complete 
| 114|0xcce00000, 0xccf00000, 0xccf00000|100%| E|CS|TAMS 0xcce00000, 0xcce00000| Complete 
| 115|0xccf00000, 0xcd000000, 0xcd000000|100%| E|CS|TAMS 0xccf00000, 0xccf00000| Complete 
| 116|0xcd000000, 0xcd100000, 0xcd100000|100%| E|CS|TAMS 0xcd000000, 0xcd000000| Complete 
| 117|0xcd100000, 0xcd200000, 0xcd200000|100%| E|CS|TAMS 0xcd100000, 0xcd100000| Complete 
| 118|0xcd200000, 0xcd300000, 0xcd300000|100%| E|CS|TAMS 0xcd200000, 0xcd200000| Complete 
| 119|0xcd300000, 0xcd400000, 0xcd400000|100%| E|CS|TAMS 0xcd300000, 0xcd300000| Complete 
| 120|0xcd400000, 0xcd500000, 0xcd500000|100%| E|CS|TAMS 0xcd400000, 0xcd400000| Complete 
| 121|0xcd500000, 0xcd600000, 0xcd600000|100%| E|CS|TAMS 0xcd500000, 0xcd500000| Complete 
| 122|0xcd600000, 0xcd700000, 0xcd700000|100%| E|CS|TAMS 0xcd600000, 0xcd600000| Complete 
| 123|0xcd700000, 0xcd800000, 0xcd800000|100%| E|CS|TAMS 0xcd700000, 0xcd700000| Complete 
| 124|0xcd800000, 0xcd900000, 0xcd900000|100%| E|CS|TAMS 0xcd800000, 0xcd800000| Complete 
| 125|0xcd900000, 0xcda00000, 0xcda00000|100%| E|CS|TAMS 0xcd900000, 0xcd900000| Complete 
| 126|0xcda00000, 0xcdb00000, 0xcdb00000|100%| E|CS|TAMS 0xcda00000, 0xcda00000| Complete 
| 127|0xcdb00000, 0xcdc00000, 0xcdc00000|100%| E|CS|TAMS 0xcdb00000, 0xcdb00000| Complete 

Card table byte_map: [0xc5a00000,0xc5b00000] _byte_map_base: 0xc53d2000

Marking Bits (Prev, Next): (CMBitMap*) 0xf5e8b528, (CMBitMap*) 0xf5e8b548
 Prev Bits: [0xc5100000, 0xc5900000)
 Next Bits: [0xc4900000, 0xc5100000)

Polling page: 0xf7f55000

Metaspace:

Usage:
    3.32 MB used.

Virtual space:
     16.00 MB reserved,       3.56 MB ( 22%) committed,  1 nodes.

Chunk freelists:
9.85 MB

MaxMetaspaceSize: 96.00 MB
No class space
Initial GC threshold: 16.00 MB
Current GC threshold: 16.00 MB
CDS: on
MetaspaceReclaimPolicy: balanced
 - commit_granule_bytes: 65536.
 - commit_granule_words: 16384.
 - virtual_space_node_default_size: 4194304.
 - enlarge_chunks_in_place: 1.
 - new_chunks_are_fully_committed: 0.
 - uncommit_free_chunks: 1.
 - use_allocation_guard: 0.
 - handle_deallocations: 1.


Internal statistics:

num_allocs_failed_limit: 0.
num_arena_births: 115.
num_arena_deaths: 0.
num_vsnodes_births: 1.
num_vsnodes_deaths: 0.
num_space_committed: 57.
num_space_uncommitted: 0.
num_chunks_returned_to_freelist: 0.
num_chunks_taken_from_freelist: 247.
num_chunk_merges: 0.
num_chunk_splits: 168.
num_chunks_enlarged: 115.
num_inconsistent_stats: 0.

CodeHeap 'non-profiled nmethods': size=120172Kb used=685Kb max_used=685Kb free=119486Kb
 bounds [0xed7f5000, 0xeda35000, 0xf4d50000]
CodeHeap 'profiled nmethods': size=120172Kb used=2184Kb max_used=2184Kb free=117987Kb
 bounds [0xe5d50000, 0xe5f90000, 0xed2ab000]
CodeHeap 'non-nmethods': size=5416Kb used=724Kb max_used=770Kb free=4691Kb
 bounds [0xed2ab000, 0xed4eb000, 0xed7f5000]
 total_blobs=1581 nmethods=1250 adapters=245
 compilation: enabled
              stopped_count=0, restarted_count=0
 full_count=0

Compilation events (20 events):
Event: 979.375 Thread 0xc42a0580 1250       3       java.lang.invoke.BoundMethodHandle::<init> (32 bytes)
Event: 979.376 Thread 0xc42a0580 nmethod 1250 0xe5f6c488 code [0xe5f6c5c0, 0xe5f6c70c]
Event: 979.376 Thread 0xc42a0580 1252       3       java.lang.invoke.LambdaFormEditor$TransformKey::inRange (36 bytes)
Event: 979.376 Thread 0xc42a0580 nmethod 1252 0xe5f6c788 code [0xe5f6c8c0, 0xe5f6ca00]
Event: 979.377 Thread 0xc42a0580 1253       3       java.util.Hashtable$Enumerator::next (27 bytes)
Event: 979.378 Thread 0xc42a0580 nmethod 1253 0xe5f6ca88 code [0xe5f6cbe0, 0xe5f6cd98]
Event: 979.383 Thread 0xc429f450 1251       4       java.lang.invoke.MethodType::parameterType (7 bytes)
Event: 979.384 Thread 0xc429f450 nmethod 1251 0xed89f088 code [0xed89f1a0, 0xed89f250]
Event: 979.715 Thread 0xc42a0580 1254       3       java.io.ObjectStreamClass::hasReadObjectMethod (17 bytes)
Event: 979.716 Thread 0xc42a0580 nmethod 1254 0xe5f6ce88 code [0xe5f6cfe0, 0xe5f6d24c]
Event: 979.792 Thread 0xc42a0580 1255   !   3       java.io.ObjectInputStream::readSerialData (549 bytes)
Event: 979.826 Thread 0xc42a0580 nmethod 1255 0xe5f6d388 code [0xe5f6d8c0, 0xe5f70048]
Event: 984.352 Thread 0xc42a0580 1256       3       java.lang.invoke.DirectMethodHandle$Holder::invokeStatic (14 bytes)
Event: 984.353 Thread 0xc42a0580 nmethod 1256 0xe5f71708 code [0xe5f71860, 0xe5f71b78]
Event: 988.321 Thread 0xc429f450 1257       4       script.dictionary::getString (38 bytes)
Event: 988.346 Thread 0xc429f450 nmethod 1257 0xed89f388 code [0xed89f4e0, 0xed89fcb0]
Event: 990.859 Thread 0xc429f450 1259       4       java.util.Arrays::fill (21 bytes)
Event: 990.862 Thread 0xc429f450 nmethod 1259 0xed8a0108 code [0xed8a0220, 0xed8a0370]
Event: 990.863 Thread 0xc42a0580 1258       3       java.io.ObjectInputStream$BlockDataInputStream::readLong (76 bytes)
Event: 990.863 Thread 0xc42a0580 nmethod 1258 0xe5f71c88 code [0xe5f71de0, 0xe5f72044]

GC Heap History (4 events):
Event: 32.764 GC heap before
{Heap before GC invocations=0 (full 0):
 garbage-first heap   total 131072K, used 12288K [0xc5c00000, 0xe5c00000)
  region size 1024K, 13 young (13312K), 0 survivors (0K)
 Metaspace       used 1871K, committed 2048K, reserved 16384K
}
Event: 32.882 GC heap after
{Heap after GC invocations=1 (full 0):
 garbage-first heap   total 131072K, used 2290K [0xc5c00000, 0xe5c00000)
  region size 1024K, 2 young (2048K), 2 survivors (2048K)
 Metaspace       used 1871K, committed 2048K, reserved 16384K
}
Event: 36.184 GC heap before
{Heap before GC invocations=1 (full 0):
 garbage-first heap   total 131072K, used 18674K [0xc5c00000, 0xe5c00000)
  region size 1024K, 18 young (18432K), 2 survivors (2048K)
 Metaspace       used 2128K, committed 2240K, reserved 16384K
}
Event: 36.197 GC heap after
{Heap after GC invocations=2 (full 0):
 garbage-first heap   total 131072K, used 2501K [0xc5c00000, 0xe5c00000)
  region size 1024K, 1 young (1024K), 1 survivors (1024K)
 Metaspace       used 2128K, committed 2240K, reserved 16384K
}

Dll operation events (4 events):
Event: 0.003 Loaded shared library /usr/lib/jvm/java-17-zulu-openjdk-jdk-x86/lib/libjava.so
Event: 41.343 Loaded shared library /usr/lib/jvm/java-17-zulu-openjdk-jdk-x86/lib/libnio.so
Event: 41.344 Loaded shared library /usr/lib/jvm/java-17-zulu-openjdk-jdk-x86/lib/libjimage.so
Event: 41.345 Loaded shared library /usr/lib/jvm/java-17-zulu-openjdk-jdk-x86/lib/libnet.so

Deoptimization events (20 events):
Event: 462.252 Thread 0x0c01cde0 Uncommon trap: trap_request=0xffffffd6 fr.pc=0xed882228 relative=0x000011c8
Event: 462.252 Thread 0x0c01cde0 Uncommon trap: reason=array_check action=maybe_recompile pc=0xed882228 method=java.io.ObjectInputStream.readArray(Z)Ljava/lang/Object; @ 392 c2
Event: 462.252 Thread 0x0c01cde0 DEOPT PACKING pc=0xed882228 sp=0xff9f8280
Event: 462.252 Thread 0x0c01cde0 DEOPT UNPACKING pc=0xed2f4d33 sp=0xff9f8268 mode 2
Event: 462.252 Thread 0x0c01cde0 Uncommon trap: trap_request=0xffffffd6 fr.pc=0xed882228 relative=0x000011c8
Event: 462.252 Thread 0x0c01cde0 Uncommon trap: reason=array_check action=maybe_recompile pc=0xed882228 method=java.io.ObjectInputStream.readArray(Z)Ljava/lang/Object; @ 392 c2
Event: 462.252 Thread 0x0c01cde0 DEOPT PACKING pc=0xed882228 sp=0xff9f8280
Event: 462.252 Thread 0x0c01cde0 DEOPT UNPACKING pc=0xed2f4d33 sp=0xff9f8268 mode 2
Event: 782.355 Thread 0x0c01cde0 Uncommon trap: trap_request=0xffffff45 fr.pc=0xed896c7c relative=0x000001dc
Event: 782.355 Thread 0x0c01cde0 Uncommon trap: reason=unstable_if action=reinterpret pc=0xed896c7c method=java.util.LinkedList.indexOf(Ljava/lang/Object;)I @ 55 c2
Event: 782.355 Thread 0x0c01cde0 DEOPT PACKING pc=0xed896c7c sp=0xff9f86a0
Event: 782.355 Thread 0x0c01cde0 DEOPT UNPACKING pc=0xed2f4d33 sp=0xff9f8648 mode 2
Event: 979.367 Thread 0x0c01cde0 Uncommon trap: trap_request=0xffffff45 fr.pc=0xed874a74 relative=0x00000a34
Event: 979.367 Thread 0x0c01cde0 Uncommon trap: reason=unstable_if action=reinterpret pc=0xed874a74 method=java.io.ObjectInputStream$BlockDataInputStream.readLong()J @ 40 c2
Event: 979.367 Thread 0x0c01cde0 DEOPT PACKING pc=0xed874a74 sp=0xff9f9000
Event: 979.368 Thread 0x0c01cde0 DEOPT UNPACKING pc=0xed2f4d33 sp=0xff9f900c mode 2
Event: 979.368 Thread 0x0c01cde0 Uncommon trap: trap_request=0xffffff45 fr.pc=0xed863ecc relative=0x0000552c
Event: 979.368 Thread 0x0c01cde0 Uncommon trap: reason=unstable_if action=reinterpret pc=0xed863ecc method=java.io.ObjectInputStream.readSerialData(Ljava/lang/Object;Ljava/io/ObjectStreamClass;)V @ 154 c2
Event: 979.368 Thread 0x0c01cde0 DEOPT PACKING pc=0xed863ecc sp=0xff9f8d70
Event: 979.368 Thread 0x0c01cde0 DEOPT UNPACKING pc=0xed2f4d33 sp=0xff9f8d94 mode 2

Classes unloaded (0 events):
No events

Classes redefined (0 events):
No events

Internal exceptions (3 events):
Event: 39.509 Thread 0x0c01cde0 Exception <a 'java/lang/NoSuchMethodError'{0xcc545278}: static [Ljava/lang/String;.<clinit>()V> (0xcc545278) 
thrown [src/hotspot/share/prims/jni.cpp, line 1112]
Event: 41.396 Thread 0x0c01cde0 Exception <a 'java/lang/NoSuchMethodError'{0xcc26c720}: 'java.lang.Object java.lang.invoke.DirectMethodHandle$Holder.invokeStaticInit(java.lang.Object)'> (0xcc26c720) 
thrown [src/hotspot/share/interpreter/linkResolver.cpp, line 759]
Event: 79.029 Thread 0x0c01cde0 Exception <a 'java/lang/NoSuchMethodError'{0xcc1ce8e8}: 'java.lang.Object java.lang.invoke.DirectMethodHandle$Holder.invokeStatic(java.lang.Object, float)'> (0xcc1ce8e8) 
thrown [src/hotspot/share/interpreter/linkResolver.cpp, line 759]

VM Operations (20 events):
Event: 367.043 Executing VM operation: Cleanup
Event: 367.043 Executing VM operation: Cleanup done
Event: 401.100 Executing VM operation: Cleanup
Event: 401.101 Executing VM operation: Cleanup done
Event: 446.119 Executing VM operation: Cleanup
Event: 446.119 Executing VM operation: Cleanup done
Event: 466.123 Executing VM operation: Cleanup
Event: 466.123 Executing VM operation: Cleanup done
Event: 498.131 Executing VM operation: Cleanup
Event: 498.131 Executing VM operation: Cleanup done
Event: 524.142 Executing VM operation: Cleanup
Event: 524.142 Executing VM operation: Cleanup done
Event: 531.144 Executing VM operation: Cleanup
Event: 531.144 Executing VM operation: Cleanup done
Event: 667.211 Executing VM operation: Cleanup
Event: 667.211 Executing VM operation: Cleanup done
Event: 783.276 Executing VM operation: Cleanup
Event: 783.276 Executing VM operation: Cleanup done
Event: 979.603 Executing VM operation: Cleanup
Event: 979.604 Executing VM operation: Cleanup done

Events (20 events):
Event: 41.403 loading class sun/util/logging/PlatformLogger$ConfigurableBridge$LoggerConfiguration done
Event: 41.403 loading class jdk/internal/logger/SimpleConsoleLogger done
Event: 41.403 loading class jdk/internal/logger/SurrogateLogger done
Event: 41.403 loading class sun/util/logging/PlatformLogger
Event: 41.403 loading class sun/util/logging/PlatformLogger done
Event: 41.403 loading class sun/util/logging/PlatformLogger$Level
Event: 41.406 loading class sun/util/logging/PlatformLogger$Level done
Event: 41.407 loading class jdk/internal/event/DeserializationEvent
Event: 41.407 loading class jdk/internal/event/DeserializationEvent done
Event: 41.407 loading class java/io/ObjectInputStream$FieldValues
Event: 41.409 loading class java/io/ObjectInputStream$GetField
Event: 41.409 loading class java/io/ObjectInputStream$GetField done
Event: 41.409 loading class java/io/ObjectInputStream$FieldValues done
Event: 65.549 loading class java/io/ObjectStreamException
Event: 65.549 loading class java/io/ObjectStreamException done
Event: 79.033 loading class jdk/internal/math/FDBigInteger
Event: 79.033 loading class jdk/internal/math/FDBigInteger done
Event: 994.353 Thread 0x0c01cde0 Thread exited: 0x0c01cde0
Event: 994.355 Thread 0xf5e242d0 Thread exited: 0xf5e242d0
Event: 994.355 Thread 0xc429bff0 Thread exited: 0xc429bff0


Dynamic libraries:
08048000-09298000 r-xp 00000000 08:04 494947248                          /home/almalinux/swg-returns-nge/build/bin/SwgGameServer
09298000-0929c000 rw-p 0124f000 08:04 494947248                          /home/almalinux/swg-returns-nge/build/bin/SwgGameServer
0929c000-09b1f000 rw-p 00000000 00:00 0 
0a957000-0f82e000 rw-p 00000000 00:00 0                                  [heap]
bff00000-bff3f000 rw-p 00000000 00:00 0 
bff3f000-c0000000 ---p 00000000 00:00 0 
c0000000-c00fa000 rw-p 00000000 00:00 0 
c00fa000-c0100000 ---p 00000000 00:00 0 
c0100000-c01f9000 rw-p 00000000 00:00 0 
c01f9000-c0200000 ---p 00000000 00:00 0 
c0200000-c02ff000 rw-p 00000000 00:00 0 
c02ff000-c0300000 ---p 00000000 00:00 0 
c0300000-c03f9000 rw-p 00000000 00:00 0 
c03f9000-c0400000 ---p 00000000 00:00 0 
c0400000-c04f9000 rw-p 00000000 00:00 0 
c04f9000-c0500000 ---p 00000000 00:00 0 
c0600000-c06fd000 rw-p 00000000 00:00 0 
c06fd000-c0700000 ---p 00000000 00:00 0 
c0700000-c07e8000 rw-p 00000000 00:00 0 
c07e8000-c0800000 ---p 00000000 00:00 0 
c0800000-c08f9000 rw-p 00000000 00:00 0 
c08f9000-c0900000 ---p 00000000 00:00 0 
c0a00000-c0af9000 rw-p 00000000 00:00 0 
c0af9000-c0b00000 ---p 00000000 00:00 0 
c0c00000-c0cff000 rw-p 00000000 00:00 0 
c0cff000-c0d00000 ---p 00000000 00:00 0 
c0d00000-c0dfb000 rw-p 00000000 00:00 0 
c0dfb000-c0e00000 ---p 00000000 00:00 0 
c0e00000-c0ee2000 rw-p 00000000 00:00 0 
c0ee2000-c0f00000 ---p 00000000 00:00 0 
c1000000-c10fd000 rw-p 00000000 00:00 0 
c10fd000-c1100000 ---p 00000000 00:00 0 
c116e000-c116f000 ---p 00000000 00:00 0 
c116f000-c11ef000 rw-p 00000000 00:00 0 
c1300000-c13e8000 rw-p 00000000 00:00 0 
c13e8000-c1400000 ---p 00000000 00:00 0 
c1439000-c143a000 ---p 00000000 00:00 0 
c143a000-c14ba000 rw-p 00000000 00:00 0 
c14ba000-c14be000 ---p 00000000 00:00 0 
c14be000-c153b000 rw-p 00000000 00:00 0 
c173d000-c1741000 ---p 00000000 00:00 0 
c1741000-c17fe000 rw-p 00000000 00:00 0 
c17fe000-c1802000 ---p 00000000 00:00 0 
c1802000-c18bf000 rw-p 00000000 00:00 0 
c18bf000-c18c0000 ---p 00000000 00:00 0 
c18c0000-c1940000 rw-p 00000000 00:00 0 
c1940000-c1944000 ---p 00000000 00:00 0 
c1944000-c1a01000 rw-p 00000000 00:00 0 
c1a01000-c1a05000 ---p 00000000 00:00 0 
c1a05000-c1ac2000 rw-p 00000000 00:00 0 
c1ac2000-c1ac6000 ---p 00000000 00:00 0 
c1ac6000-c1b43000 rw-p 00000000 00:00 0 
c1b43000-c1b47000 ---p 00000000 00:00 0 
c1b47000-c1c04000 rw-p 00000000 00:00 0 
c1c04000-c1c08000 ---p 00000000 00:00 0 
c1c08000-c1cc5000 rw-p 00000000 00:00 0 
c1cc5000-c1cc9000 ---p 00000000 00:00 0 
c1cc9000-c1d86000 rw-p 00000000 00:00 0 
c1d86000-c2000000 r--p 00078000 08:04 535181                             /usr/lib/locale/locale-archive
c2000000-c2160000 rw-p 00000000 00:00 0 
c2160000-c2400000 ---p 00000000 00:00 0 
c2400000-c2630000 rw-p 00000000 00:00 0 
c2630000-c3000000 ---p 00000000 00:00 0 
c307e000-c327e000 r--p 00000000 08:04 535181                             /usr/lib/locale/locale-archive
c327e000-c3282000 ---p 00000000 00:00 0 
c3282000-c333f000 rw-p 00000000 00:00 0 
c333f000-c3343000 ---p 00000000 00:00 0 
c3343000-c3400000 rw-p 00000000 00:00 0 
c3400000-c3421000 rw-p 00000000 00:00 0 
c3421000-c3500000 ---p 00000000 00:00 0 
c3531000-c3535000 ---p 00000000 00:00 0 
c3535000-c35b2000 rw-p 00000000 00:00 0 
c35b2000-c35b3000 ---p 00000000 00:00 0 
c35b3000-c3633000 rw-p 00000000 00:00 0 
c3633000-c3f00000 rw-p 00001000 08:04 143240867                          /usr/lib/jvm/java-17-zulu-openjdk-jdk-x86/lib/server/classes.jsa
c3f00000-c3f21000 rw-p 00000000 00:00 0 
c3f21000-c4000000 ---p 00000000 00:00 0 
c407f000-c4080000 ---p 00000000 00:00 0 
c4080000-c4100000 rw-p 00000000 00:00 0 
c4100000-c4121000 rw-p 00000000 00:00 0 
c4121000-c4200000 ---p 00000000 00:00 0 
c4200000-c42d4000 rw-p 00000000 00:00 0 
c42d4000-c4300000 ---p 00000000 00:00 0 
c437f000-c4380000 ---p 00000000 00:00 0 
c4380000-c4400000 rw-p 00000000 00:00 0 
c4400000-c443c000 rw-p 00000000 00:00 0 
c443c000-c4500000 ---p 00000000 00:00 0 
c457f000-c4580000 ---p 00000000 00:00 0 
c4580000-c4600000 rw-p 00000000 00:00 0 
c4600000-c46fa000 rw-p 00000000 00:00 0 
c46fa000-c4700000 ---p 00000000 00:00 0 
c4700000-c4800000 rw-p 00000000 00:00 0 
c487f000-c4880000 ---p 00000000 00:00 0 
c4880000-c4b00000 rw-p 00000000 00:00 0 
c4b00000-c5100000 ---p 00000000 00:00 0 
c5100000-c5300000 rw-p 00000000 00:00 0 
c5300000-c5900000 ---p 00000000 00:00 0 
c5900000-c5940000 rw-p 00000000 00:00 0 
c5940000-c5a00000 ---p 00000000 00:00 0 
c5a00000-c5a40000 rw-p 00000000 00:00 0 
c5a40000-c5b00000 ---p 00000000 00:00 0 
c5b00000-c5b40000 rw-p 00000000 00:00 0 
c5b40000-c5c00000 ---p 00000000 00:00 0 
c5c00000-cdc00000 rw-p 00000000 00:00 0 
cdc00000-e5c00000 ---p 00000000 00:00 0 
e5c65000-e5c6a000 rw-p 00000000 00:00 0 
e5c6a000-e5d50000 ---p 00000000 00:00 0 
e5d50000-e5f90000 rwxp 00000000 00:00 0 
e5f90000-ed2ab000 ---p 00000000 00:00 0 
ed2ab000-ed4eb000 rwxp 00000000 00:00 0 
ed4eb000-ed7f5000 ---p 00000000 00:00 0 
ed7f5000-eda35000 rwxp 00000000 00:00 0 
eda35000-f4d50000 ---p 00000000 00:00 0 
f4d50000-f4eb8000 r--s 00000000 08:04 117534333                          /usr/lib/jvm/java-17-zulu-openjdk-jdk-x86/lib/modules
f4eb8000-f5d5a000 r-xp 00000000 08:04 143240869                          /usr/lib/jvm/java-17-zulu-openjdk-jdk-x86/lib/server/libjvm.so
f5d5a000-f5daf000 r--p 00ea1000 08:04 143240869                          /usr/lib/jvm/java-17-zulu-openjdk-jdk-x86/lib/server/libjvm.so
f5daf000-f5dd0000 rw-p 00ef6000 08:04 143240869                          /usr/lib/jvm/java-17-zulu-openjdk-jdk-x86/lib/server/libjvm.so
f5dd0000-f5e00000 rw-p 00000000 00:00 0 
f5e00000-f5f00000 rw-p 00000000 00:00 0 
f5f1a000-f5f1b000 ---p 00000000 00:00 0 
f5f1b000-f5f9b000 rw-p 00000000 00:00 0 
f5f9b000-f5f9c000 ---p 00000000 00:00 0 
f5f9c000-f5fa0000 ---p 00000000 00:00 0 
f5fa0000-f6b14000 rw-p 00000000 00:00 0 
f6b20000-f6b35000 r-xp 00000000 08:04 117534323                          /usr/lib/jvm/java-17-zulu-openjdk-jdk-x86/lib/libnet.so
f6b35000-f6b36000 r--p 00014000 08:04 117534323                          /usr/lib/jvm/java-17-zulu-openjdk-jdk-x86/lib/libnet.so
f6b36000-f6b37000 rw-p 00015000 08:04 117534323                          /usr/lib/jvm/java-17-zulu-openjdk-jdk-x86/lib/libnet.so
f6b37000-f6b3c000 rw-p 00000000 00:00 0 
f6b3c000-f6c22000 ---p 00000000 00:00 0 
f6e5c000-f6e6e000 r-xp 00000000 08:04 117534324                          /usr/lib/jvm/java-17-zulu-openjdk-jdk-x86/lib/libnio.so
f6e6e000-f6e6f000 r--p 00011000 08:04 117534324                          /usr/lib/jvm/java-17-zulu-openjdk-jdk-x86/lib/libnio.so
f6e6f000-f6e70000 rw-p 00012000 08:04 117534324                          /usr/lib/jvm/java-17-zulu-openjdk-jdk-x86/lib/libnio.so
f6e70000-f6e99000 rw-p 00000000 00:00 0 
f6e99000-f6ebc000 r-xp 00000000 08:04 117534310                          /usr/lib/jvm/java-17-zulu-openjdk-jdk-x86/lib/libjava.so
f6ebc000-f6ebd000 r--p 00022000 08:04 117534310                          /usr/lib/jvm/java-17-zulu-openjdk-jdk-x86/lib/libjava.so
f6ebd000-f6ebe000 rw-p 00023000 08:04 117534310                          /usr/lib/jvm/java-17-zulu-openjdk-jdk-x86/lib/libjava.so
f6ebe000-f6eca000 r-xp 00000000 08:04 16831767                           /usr/lib/libnss_files-2.28.so
f6eca000-f6ecb000 r--p 0000b000 08:04 16831767                           /usr/lib/libnss_files-2.28.so
f6ecb000-f6ecc000 rw-p 0000c000 08:04 16831767                           /usr/lib/libnss_files-2.28.so
f6ecc000-f6ed2000 rw-p 00000000 00:00 0 
f6ed8000-f6edd000 rw-p 00000000 00:00 0 
f6edd000-f6ee3000 ---p 00000000 00:00 0 
f6ee3000-f6efe000 r-xp 00000000 08:04 117534314                          /usr/lib/jvm/java-17-zulu-openjdk-jdk-x86/lib/libjimage.so
f6efe000-f6eff000 ---p 0001b000 08:04 117534314                          /usr/lib/jvm/java-17-zulu-openjdk-jdk-x86/lib/libjimage.so
f6eff000-f6f00000 r--p 0001b000 08:04 117534314                          /usr/lib/jvm/java-17-zulu-openjdk-jdk-x86/lib/libjimage.so
f6f00000-f6f01000 rw-p 0001c000 08:04 117534314                          /usr/lib/jvm/java-17-zulu-openjdk-jdk-x86/lib/libjimage.so
f6f01000-f6f05000 rw-p 00000000 00:00 0 
f6f05000-f6f8d000 r-xp 00000000 08:04 17191875                           /usr/lib/libpcre2-8.so.0.7.1
f6f8d000-f6f8e000 r--p 00087000 08:04 17191875                           /usr/lib/libpcre2-8.so.0.7.1
f6f8e000-f6f8f000 rw-p 00088000 08:04 17191875                           /usr/lib/libpcre2-8.so.0.7.1
f6f8f000-f6faf000 r-xp 00000000 08:04 17021543                           /usr/lib/libcrypt.so.1.1.0
f6faf000-f6fb0000 ---p 00020000 08:04 17021543                           /usr/lib/libcrypt.so.1.1.0
f6fb0000-f6fb1000 r--p 00020000 08:04 17021543                           /usr/lib/libcrypt.so.1.1.0
f6fb1000-f6fba000 rw-p 00000000 00:00 0 
f6fba000-f6fe5000 r-xp 00000000 08:04 17191887                           /usr/lib/libselinux.so.1
f6fe5000-f6fe6000 ---p 0002b000 08:04 17191887                           /usr/lib/libselinux.so.1
f6fe6000-f6fe7000 r--p 0002b000 08:04 17191887                           /usr/lib/libselinux.so.1
f6fe7000-f6fe8000 rw-p 0002c000 08:04 17191887                           /usr/lib/libselinux.so.1
f6fe8000-f6fe9000 rw-p 00000000 00:00 0 
f6fe9000-f7008000 r-xp 00000000 08:04 18866589                           /usr/lib/libbrotlicommon.so.1.0.6
f7008000-f7009000 r--p 0001e000 08:04 18866589                           /usr/lib/libbrotlicommon.so.1.0.6
f7009000-f700a000 rw-p 0001f000 08:04 18866589                           /usr/lib/libbrotlicommon.so.1.0.6
f700a000-f7028000 r-xp 00000000 08:04 17191915                           /usr/lib/libsasl2.so.3.0.0
f7028000-f7029000 ---p 0001e000 08:04 17191915                           /usr/lib/libsasl2.so.3.0.0
f7029000-f702a000 r--p 0001e000 08:04 17191915                           /usr/lib/libsasl2.so.3.0.0
f702a000-f702b000 rw-p 0001f000 08:04 17191915                           /usr/lib/libsasl2.so.3.0.0
f702b000-f702d000 rw-p 00000000 00:00 0 
f702d000-f7041000 r-xp 00000000 08:04 16831772                           /usr/lib/libresolv-2.28.so
f7041000-f7042000 ---p 00014000 08:04 16831772                           /usr/lib/libresolv-2.28.so
f7042000-f7043000 r--p 00014000 08:04 16831772                           /usr/lib/libresolv-2.28.so
f7043000-f7044000 rw-p 00015000 08:04 16831772                           /usr/lib/libresolv-2.28.so
f7044000-f7046000 rw-p 00000000 00:00 0 
f7046000-f7049000 r-xp 00000000 08:04 17191893                           /usr/lib/libkeyutils.so.1.6
f7049000-f704a000 ---p 00003000 08:04 17191893                           /usr/lib/libkeyutils.so.1.6
f704a000-f704b000 r--p 00003000 08:04 17191893                           /usr/lib/libkeyutils.so.1.6
f704b000-f704c000 rw-p 00000000 00:00 0 
f704c000-f705c000 r-xp 00000000 08:04 17021560                           /usr/lib/libkrb5support.so.0.1
f705c000-f705d000 r--p 0000f000 08:04 17021560                           /usr/lib/libkrb5support.so.0.1
f705d000-f705e000 rw-p 00010000 08:04 17021560                           /usr/lib/libkrb5support.so.0.1
f705e000-f7066000 r-xp 00000000 08:04 16831774                           /usr/lib/librt-2.28.so
f7066000-f7067000 r--p 00007000 08:04 16831774                           /usr/lib/librt-2.28.so
f7067000-f7068000 rw-p 00008000 08:04 16831774                           /usr/lib/librt-2.28.so
f7068000-f71e7000 r-xp 00000000 08:04 17021545                           /usr/lib/libunistring.so.2.1.0
f71e7000-f71e8000 ---p 0017f000 08:04 17021545                           /usr/lib/libunistring.so.2.1.0
f71e8000-f71ea000 r--p 0017f000 08:04 17021545                           /usr/lib/libunistring.so.2.1.0
f71ea000-f71eb000 rw-p 00181000 08:04 17021545                           /usr/lib/libunistring.so.2.1.0
f71eb000-f7215000 r-xp 00000000 08:04 18654292                           /usr/lib/liblzma.so.5.2.4
f7215000-f7216000 r--p 00029000 08:04 18654292                           /usr/lib/liblzma.so.5.2.4
f7216000-f7217000 rw-p 00000000 00:00 0 
f7217000-f7223000 r-xp 00000000 08:04 17191936                           /usr/lib/libbrotlidec.so.1.0.6
f7223000-f7224000 r--p 0000b000 08:04 17191936                           /usr/lib/libbrotlidec.so.1.0.6
f7224000-f7225000 rw-p 00000000 00:00 0 
f7225000-f7234000 r-xp 00000000 08:04 17191918                           /usr/lib/liblber-2.4.so.2.10.9
f7234000-f7235000 r--p 0000e000 08:04 17191918                           /usr/lib/liblber-2.4.so.2.10.9
f7235000-f7236000 rw-p 0000f000 08:04 17191918                           /usr/lib/liblber-2.4.so.2.10.9
f7236000-f728b000 r-xp 00000000 08:04 17191920                           /usr/lib/libldap-2.4.so.2.10.9
f728b000-f728c000 ---p 00055000 08:04 17191920                           /usr/lib/libldap-2.4.so.2.10.9
f728c000-f728d000 r--p 00055000 08:04 17191920                           /usr/lib/libldap-2.4.so.2.10.9
f728d000-f728e000 rw-p 00056000 08:04 17191920                           /usr/lib/libldap-2.4.so.2.10.9
f728e000-f7290000 rw-p 00000000 00:00 0 
f7290000-f7293000 r-xp 00000000 08:04 16994899                           /usr/lib/libcom_err.so.2.1
f7293000-f7294000 r--p 00002000 08:04 16994899                           /usr/lib/libcom_err.so.2.1
f7294000-f7295000 rw-p 00003000 08:04 16994899                           /usr/lib/libcom_err.so.2.1
f7295000-f72ab000 r-xp 00000000 08:04 17021552                           /usr/lib/libk5crypto.so.3.1
f72ab000-f72ac000 ---p 00016000 08:04 17021552                           /usr/lib/libk5crypto.so.3.1
f72ac000-f72ad000 r--p 00016000 08:04 17021552                           /usr/lib/libk5crypto.so.3.1
f72ad000-f72ae000 rw-p 00017000 08:04 17021552                           /usr/lib/libk5crypto.so.3.1
f72ae000-f7391000 r-xp 00000000 08:04 17021558                           /usr/lib/libkrb5.so.3.3
f7391000-f7398000 r--p 000e2000 08:04 17021558                           /usr/lib/libkrb5.so.3.3
f7398000-f7399000 rw-p 000e9000 08:04 17021558                           /usr/lib/libkrb5.so.3.3
f7399000-f73f4000 r-xp 00000000 08:04 17021548                           /usr/lib/libgssapi_krb5.so.2.2
f73f4000-f73f6000 r--p 0005a000 08:04 17021548                           /usr/lib/libgssapi_krb5.so.2.2
f73f6000-f73f7000 rw-p 0005c000 08:04 17021548                           /usr/lib/libgssapi_krb5.so.2.2
f73f7000-f76a8000 r-xp 00000000 08:04 18627877                           /usr/lib/libcrypto.so.1.1.1k
f76a8000-f76c1000 r--p 002b0000 08:04 18627877                           /usr/lib/libcrypto.so.1.1.1k
f76c1000-f76c3000 rw-p 002c9000 08:04 18627877                           /usr/lib/libcrypto.so.1.1.1k
f76c3000-f76c7000 rw-p 00000000 00:00 0 
f76c7000-f7759000 r-xp 00000000 08:04 18627879                           /usr/lib/libssl.so.1.1.1k
f7759000-f775f000 r--p 00091000 08:04 18627879                           /usr/lib/libssl.so.1.1.1k
f775f000-f7763000 rw-p 00097000 08:04 18627879                           /usr/lib/libssl.so.1.1.1k
f7763000-f7773000 r-xp 00000000 08:04 18660120                           /usr/lib/libpsl.so.5.3.1
f7773000-f7774000 r--p 0000f000 08:04 18660120                           /usr/lib/libpsl.so.5.3.1
f7774000-f7775000 rw-p 00000000 00:00 0 
f7775000-f77f2000 r-xp 00000000 08:04 16994901                           /usr/lib/libssh.so.4.8.7
f77f2000-f77f3000 ---p 0007d000 08:04 16994901                           /usr/lib/libssh.so.4.8.7
f77f3000-f77f4000 r--p 0007d000 08:04 16994901                           /usr/lib/libssh.so.4.8.7
f77f4000-f77f5000 rw-p 0007e000 08:04 16994901                           /usr/lib/libssh.so.4.8.7
f77f5000-f7812000 r-xp 00000000 08:04 17040588                           /usr/lib/libidn2.so.0.3.6
f7812000-f7813000 r--p 0001c000 08:04 17040588                           /usr/lib/libidn2.so.0.3.6
f7813000-f7814000 rw-p 00000000 00:00 0 
f7814000-f783c000 r-xp 00000000 08:04 17191891                           /usr/lib/libnghttp2.so.14.17.0
f783c000-f783d000 r--p 00027000 08:04 17191891                           /usr/lib/libnghttp2.so.14.17.0
f783d000-f783f000 rw-p 00028000 08:04 17191891                           /usr/lib/libnghttp2.so.14.17.0
f783f000-f79e1000 r-xp 00000000 08:04 16831756                           /usr/lib/libc-2.28.so
f79e1000-f79e2000 ---p 001a2000 08:04 16831756                           /usr/lib/libc-2.28.so
f79e2000-f79e4000 r--p 001a2000 08:04 16831756                           /usr/lib/libc-2.28.so
f79e4000-f79e5000 rw-p 001a4000 08:04 16831756                           /usr/lib/libc-2.28.so
f79e5000-f79ea000 rw-p 00000000 00:00 0 
f79ea000-f7a05000 r-xp 00000000 08:04 16985139                           /usr/lib/libgcc_s-8-20210514.so.1
f7a05000-f7a06000 r--p 0001a000 08:04 16985139                           /usr/lib/libgcc_s-8-20210514.so.1
f7a06000-f7a07000 rw-p 0001b000 08:04 16985139                           /usr/lib/libgcc_s-8-20210514.so.1
f7a07000-f7ad7000 r-xp 00000000 08:04 16831760                           /usr/lib/libm-2.28.so
f7ad7000-f7ad8000 r--p 000cf000 08:04 16831760                           /usr/lib/libm-2.28.so
f7ad8000-f7ad9000 rw-p 000d0000 08:04 16831760                           /usr/lib/libm-2.28.so
f7ad9000-f7c62000 r-xp 00000000 08:04 16985145                           /usr/lib/libstdc++.so.6.0.25
f7c62000-f7c63000 ---p 00189000 08:04 16985145                           /usr/lib/libstdc++.so.6.0.25
f7c63000-f7c69000 r--p 00189000 08:04 16985145                           /usr/lib/libstdc++.so.6.0.25
f7c69000-f7c6a000 rw-p 0018f000 08:04 16985145                           /usr/lib/libstdc++.so.6.0.25
f7c6a000-f7c6c000 rw-p 00000000 00:00 0 
f7c6c000-f7c83000 r-xp 00000000 08:04 16963437                           /usr/lib/libz.so.1.2.11
f7c83000-f7c84000 ---p 00017000 08:04 16963437                           /usr/lib/libz.so.1.2.11
f7c84000-f7c85000 r--p 00017000 08:04 16963437                           /usr/lib/libz.so.1.2.11
f7c85000-f7c86000 rw-p 00000000 00:00 0 
f7c86000-f7e03000 r-xp 00000000 08:04 16963397                           /usr/lib/libxml2.so.2.9.7
f7e03000-f7e08000 r--p 0017c000 08:04 16963397                           /usr/lib/libxml2.so.2.9.7
f7e08000-f7e09000 rw-p 00181000 08:04 16963397                           /usr/lib/libxml2.so.2.9.7
f7e09000-f7e0a000 rw-p 00000000 00:00 0 
f7e0a000-f7e26000 r-xp 00000000 08:04 16831770                           /usr/lib/libpthread-2.28.so
f7e26000-f7e27000 r--p 0001b000 08:04 16831770                           /usr/lib/libpthread-2.28.so
f7e27000-f7e28000 rw-p 0001c000 08:04 16831770                           /usr/lib/libpthread-2.28.so
f7e28000-f7e2a000 rw-p 00000000 00:00 0 
f7e2a000-f7e9e000 r-xp 00000000 08:04 16818911                           /usr/lib/libpcre.so.1.2.10
f7e9e000-f7e9f000 ---p 00074000 08:04 16818911                           /usr/lib/libpcre.so.1.2.10
f7e9f000-f7ea0000 r--p 00074000 08:04 16818911                           /usr/lib/libpcre.so.1.2.10
f7ea0000-f7ea1000 rw-p 00075000 08:04 16818911                           /usr/lib/libpcre.so.1.2.10
f7ea1000-f7ea4000 r-xp 00000000 08:04 16831758                           /usr/lib/libdl-2.28.so
f7ea4000-f7ea5000 r--p 00002000 08:04 16831758                           /usr/lib/libdl-2.28.so
f7ea5000-f7ea6000 rw-p 00003000 08:04 16831758                           /usr/lib/libdl-2.28.so
f7ea6000-f7f43000 r-xp 00000000 08:04 16994905                           /usr/lib/libcurl.so.4.5.0
f7f43000-f7f45000 r--p 0009c000 08:04 16994905                           /usr/lib/libcurl.so.4.5.0
f7f45000-f7f46000 rw-p 0009e000 08:04 16994905                           /usr/lib/libcurl.so.4.5.0
f7f46000-f7f4d000 r--s 00000000 08:04 176632422                          /usr/lib/gconv/gconv-modules.cache
f7f4d000-f7f55000 rw-s 00000000 08:04 151833483                          /tmp/hsperfdata_almalinux/364056 (deleted)
f7f55000-f7f56000 ---p 00000000 00:00 0 
f7f56000-f7f57000 r--p 00000000 00:00 0 
f7f57000-f7f59000 rw-p 00000000 00:00 0 
f7f59000-f7f5d000 r--p 00000000 00:00 0                                  [vvar]
f7f5d000-f7f5f000 r-xp 00000000 00:00 0                                  [vdso]
f7f5f000-f7f8e000 r-xp 00000000 08:04 16831749                           /usr/lib/ld-2.28.so
f7f8e000-f7f8f000 ---p 00000000 00:00 0 
f7f8f000-f7f90000 r--p 0002f000 08:04 16831749                           /usr/lib/ld-2.28.so
f7f90000-f7f91000 rw-p 00030000 08:04 16831749                           /usr/lib/ld-2.28.so
ff837000-ff838000 rwxp 00000000 00:00 0 
ff940000-ff9fc000 rw-p 00000000 00:00 0                                  [stack]


VM Arguments:
jvm_args: -Xms128m -Xmx512m -Xss768k -XX:MaxMetaspaceSize=96m -Xrs -XX:-UsePerfData -XX:-AllowUserSignalHandlers -XX:UseSSE=3 -XX+DoEscapeAnalysis -XX:AutoBoxCacheMax:2000 -XX:+OptimizeStringConcat -XX:+OptimizeFill -XX:+EliminateAutoBox -XX:+UseCompressedStrings -XX:+UseCompressedOops -XX:+EliminateLocks -XX:UseFastAccessorMethods -XX:+UseStringCache -XgcPrio:throughput -XXkeepAreaRatio:1 -XXlazyUnlocking -XXcallProfiling -XXcompactRatio:1 
java_command: <unknown>
java_class_path (initial): ../../data/sku.0/sys.server/compiled/game/
Launcher Type: generic

[Global flags]
     intx CICompilerCount                          = 3                                         {product} {ergonomic}
     uint ConcGCThreads                            = 1                                         {product} {ergonomic}
     uint G1ConcRefinementThreads                  = 4                                         {product} {ergonomic}
   size_t G1HeapRegionSize                         = 1048576                                   {product} {ergonomic}
    uintx GCDrainStackTargetSize                   = 64                                        {product} {ergonomic}
   size_t InitialHeapSize                          = 134217728                                 {product} {command line}
   size_t MarkStackSize                            = 32768                                     {product} {ergonomic}
   size_t MaxHeapSize                              = 536870912                                 {product} {command line}
   size_t MaxMetaspaceSize                         = 100663296                                 {product} {command line}
   size_t MaxNewSize                               = 321912832                                 {product} {ergonomic}
   size_t MinHeapDeltaBytes                        = 1048576                                   {product} {ergonomic}
   size_t MinHeapSize                              = 134217728                                 {product} {command line}
    uintx NonNMethodCodeHeapSize                   = 5544422                                {pd product} {ergonomic}
    uintx NonProfiledCodeHeapSize                  = 123056909                              {pd product} {ergonomic}
    uintx ProfiledCodeHeapSize                     = 123056909                              {pd product} {ergonomic}
    uintx ReservedCodeCacheSize                    = 251658240                              {pd product} {ergonomic}
     bool SegmentedCodeCache                       = true                                      {product} {ergonomic}
   size_t SoftMaxHeapSize                          = 536870912                              {manageable} {ergonomic}
   double SweeperThreshold                         = 0.500000                                  {product} {ergonomic}
     intx ThreadStackSize                          = 768                                    {pd product} {command line}
     bool UseG1GC                                  = true                                      {product} {ergonomic}

Logging:
Log output configuration:
 #0: stdout all=off uptime,level,tags
 #1: stderr all=off uptime,level,tags

Environment Variables:
JAVA_HOME=/usr/lib/jvm/zulu-17-x86
PATH=/usr/java/jdk1.7.0_80/bin:/usr/java/jdk1.7.0_80/bin:/usr/java/jdk1.6.0_45/bin:/usr/java/jdk1.6.0_45/bin:/usr/java/jdk1.6.0_45/bin:/home/almalinux/.local/bin:/home/almalinux/bin:/sbin:/bin:/usr/bin:/usr/local/bin:/usr/local/sbin:/usr/sbin:/usr/lib/oracle/18.3/client/bin:/usr/lib/oracle/18.3/client/bin:/usr/lib/jvm/java-11-openjdk/bin:./
LD_LIBRARY_PATH=/usr/lib/jvm/java-17-zulu-openjdk-jdk-x86/lib/server:/usr/lib/jvm/java-17-zulu-openjdk-jdk-x86/lib:/usr/lib/jvm/java-17-zulu-openjdk-jdk-x86/../lib:/usr/lib/jvm/zulu-17-x86/lib/server:/usr/lib/jvm/java-11-openjdk/lib:/usr/lib/jvm/java-11-openjdk/lib/server:./
SHELL=/bin/bash
DISPLAY=:10.0
LANG=en_US.UTF-8
TERM=xterm-256color

Active Locale:
LC_ALL=en_US.UTF-8
LC_COLLATE=en_US.UTF-8
LC_CTYPE=en_US.UTF-8
LC_MESSAGES=en_US.UTF-8
LC_MONETARY=en_US.UTF-8
LC_NUMERIC=en_US.UTF-8
LC_TIME=en_US.UTF-8

Signal Handlers:
   SIGSEGV: crash_handler in libjvm.so, mask=11100100010111111101111111111110, flags=SA_RESTART|SA_SIGINFO, unblocked
    SIGBUS: crash_handler in libjvm.so, mask=11100100010111111101111111111110, flags=SA_RESTART|SA_SIGINFO, unblocked
    SIGFPE: crash_handler in libjvm.so, mask=11100100010111111101111111111110, flags=SA_RESTART|SA_SIGINFO, unblocked
   SIGPIPE: SIG_IGN, mask=00000000000010000000000000000000, flags=SA_RESTART, blocked
  *** Handler was modified!
  *** Expected: javaSignalHandler in libjvm.so, mask=11100100110111111111111111111110, flags=SA_RESTART|SA_SIGINFO
   SIGXFSZ: javaSignalHandler in libjvm.so, mask=11100100010111111101111111111110, flags=SA_RESTART|SA_SIGINFO, blocked
    SIGILL: crash_handler in libjvm.so, mask=11100100010111111101111111111110, flags=SA_RESTART|SA_SIGINFO, unblocked
   SIGUSR2: SR_handler in libjvm.so, mask=00100000000000000000000000000000, flags=SA_RESTART|SA_SIGINFO, blocked
    SIGHUP: UserHandler in libjvm.so, mask=11100100010111111101111111111110, flags=SA_RESTART|SA_SIGINFO, blocked
    SIGINT: UserHandler in libjvm.so, mask=11100100010111111101111111111110, flags=SA_RESTART|SA_SIGINFO, blocked
   SIGTERM: UserHandler in libjvm.so, mask=11100100010111111101111111111110, flags=SA_RESTART|SA_SIGINFO, blocked
   SIGQUIT: UserHandler in libjvm.so, mask=11100100010111111101111111111110, flags=SA_RESTART|SA_SIGINFO, blocked
   SIGTRAP: crash_handler in libjvm.so, mask=11100100010111111101111111111110, flags=SA_RESTART|SA_SIGINFO, unblocked


Periodic native trim disabled


---------------  S Y S T E M  ---------------

OS:
AlmaLinux release 8.10 (Cerulean Leopard)
uname: Linux 4.18.0-553.81.1.el8_10.x86_64 #1 SMP Mon Oct 27 11:29:19 EDT 2025 x86_64
OS uptime: 0 days 19:50 hours
libc: glibc 2.28 NPTL 2.28 
rlimit (soft/hard): STACK 8192k/infinity , CORE 0k/infinity , NPROC 61996/61996 , NOFILE 262144/262144 , AS infinity/infinity , CPU infinity/infinity , DATA infinity/infinity , FSIZE infinity/infinity , MEMLOCK 64k/64k
load average: 27.28 31.54 22.83

/proc/meminfo:
MemTotal:       16014464 kB
MemFree:          845384 kB
MemAvailable:    2645768 kB
Buffers:              20 kB
Cached:          3332416 kB
SwapCached:        16504 kB
Active:          2646940 kB
Inactive:       11399116 kB
Active(anon):    1691536 kB
Inactive(anon): 10777812 kB
Active(file):     955404 kB
Inactive(file):   621304 kB
Unevictable:        6160 kB
Mlocked:               0 kB
SwapTotal:       8388604 kB
SwapFree:        7678428 kB
Dirty:              1460 kB
Writeback:             0 kB
AnonPages:      10709624 kB
Mapped:          1169080 kB
Shmem:           1755724 kB
KReclaimable:     400720 kB
Slab:             572604 kB
SReclaimable:     400720 kB
SUnreclaim:       171884 kB
KernelStack:       25172 kB
PageTables:       154968 kB
NFS_Unstable:          0 kB
Bounce:                0 kB
WritebackTmp:          0 kB
CommitLimit:    16395836 kB
Committed_AS:   26123696 kB
VmallocTotal:   34359738367 kB
VmallocUsed:       71056 kB
VmallocChunk:          0 kB
Percpu:             2672 kB
HardwareCorrupted:     0 kB
AnonHugePages:         0 kB
ShmemHugePages:        0 kB
ShmemPmdMapped:        0 kB
FileHugePages:         0 kB
FilePmdMapped:         0 kB
HugePages_Total:       0
HugePages_Free:        0
HugePages_Rsvd:        0
HugePages_Surp:        0
Hugepagesize:       2048 kB
Hugetlb:               0 kB
DirectMap4k:     1040236 kB
DirectMap2M:    15343616 kB

/sys/kernel/mm/transparent_hugepage/enabled: always madvise [never]
/sys/kernel/mm/transparent_hugepage/hpage_pmd_size: 2097152
/sys/kernel/mm/transparent_hugepage/defrag (defrag/compaction efforts parameter): always defer defer+madvise [madvise] never

Process Memory:
Virtual Size: 1015872K (peak: 1018924K)
Resident Set Size: 209800K (peak: 210900K) (anon: 176240K, file: 33560K, shmem: 0K)
Swapped out: 0K
C-Heap outstanding allocations: 20386K, retained: 84809K
glibc malloc tunables: (default)

/proc/sys/kernel/threads-max (system-wide limit on the number of threads): 123992
/proc/sys/vm/max_map_count (maximum number of memory map areas a process may have): 1677720
/proc/sys/kernel/pid_max (system-wide limit on number of process identifiers): 4194304

container (cgroup) information:
container_type: cgroupv1
cpu_cpuset_cpus: 0-3
cpu_memory_nodes: 0
active_processor_count: 4
cpu_quota: no quota
cpu_period: 100000
cpu_shares: no shares
memory_limit_in_bytes: unlimited
memory_and_swap_limit_in_bytes: unlimited
memory_soft_limit_in_bytes: unlimited
memory_usage_in_bytes: 13557008 k
memory_max_usage_in_bytes: 14910936 k
kernel_memory_usage_in_bytes: 388272 k
kernel_memory_max_usage_in_bytes: unlimited
kernel_memory_limit_in_bytes: 795756 k
maximum number of tasks: unlimited
current number of tasks: 780

KVM virtualization detected
Steal ticks since vm start: 130
Steal ticks percentage since vm start:  0.000

CPU: total 4 (initial active 4) (1 cores per cpu, 1 threads per core) family 6 model 60 stepping 1 microcode 0x1, cx8, cmov, fxsr, mmx, sse, sse2, sse3, ssse3, sse4.1, sse4.2, popcnt, lzcnt, tsc, avx, avx2, aes, erms, clmul, bmi1, bmi2, fma, vzeroupper, clflush, hv
CPU Model and flags from /proc/cpuinfo:
model name	: Intel Core Processor (Haswell, no TSX)
flags		: fpu vme de pse tsc msr pae mce cx8 apic sep mtrr pge mca cmov pat pse36 clflush mmx fxsr sse sse2 syscall nx rdtscp lm constant_tsc rep_good nopl xtopology cpuid tsc_known_freq pni pclmulqdq vmx ssse3 fma cx16 pcid sse4_1 sse4_2 x2apic movbe popcnt tsc_deadline_timer aes xsave avx f16c rdrand hypervisor lahf_lm abm cpuid_fault invpcid_single pti tpr_shadow vnmi flexpriority ept vpid ept_ad fsgsbase bmi1 avx2 smep bmi2 erms invpcid xsaveopt arat md_clear

Online cpus: 0-3
Offline cpus: 
BIOS frequency limitation: <Not Available>
Frequency switch latency (ns): <Not Available>
Available cpu frequencies: <Not Available>
Current governor: <Not Available>
Core performance/turbo boost: <Not Available>

Memory: 4k page, physical 16014464k(845580k free), swap 8388604k(7678428k free)
Page Sizes: 4k

vm_info: OpenJDK Server VM (17.0.11+9-LTS) for linux-x86 JRE (17.0.11+9-LTS) (Zulu17.50+19-CA), built on Apr  9 2024 07:14:46 by "zulu_re" with gcc 8.3.0

END.
