#
# A fatal error has been detected by the Java Runtime Environment:
#
#  SIGSEGV (0xb) at pc=0xf78d3618, pid=159016, tid=159016
#
# JRE version: OpenJDK Runtime Environment Zulu17.50+19-CA (17.0.11+9) (build 17.0.11+9-LTS)
# Java VM: OpenJDK Server VM Zulu17.50+19-CA (17.0.11+9-LTS, mixed mode, sharing, tiered, g1 gc, linux-x86)
# Problematic frame:
# C  [libc.so.6+0x84618]  cfree+0x28
#
# Core dump will be written. Default location: Core dumps may be processed with "/usr/lib/systemd/systemd-coredump %P %u %g %s %t %c %h %e" (or dumping to /home/almalinux/swg-returns-nge/exe/linux/core.159016)
#
# If you would like to submit a bug report, please visit:
#   http://www.azul.com/support/
#

---------------  S U M M A R Y ------------

Command Line: -Xms128m -Xmx512m -Xss768k -XX:MaxMetaspaceSize=96m -Xrs -XX:-UsePerfData -XX:-AllowUserSignalHandlers -XX:UseSSE=3 -XX+DoEscapeAnalysis -XX:AutoBoxCacheMax:2000 -XX:+OptimizeStringConcat -XX:+OptimizeFill -XX:+EliminateAutoBox -XX:+UseCompressedStrings -XX:+UseCompressedOops -XX:+EliminateLocks -XX:UseFastAccessorMethods -XX:+UseStringCache -XgcPrio:throughput -XXkeepAreaRatio:1 -XXlazyUnlocking -XXcallProfiling -XXcompactRatio:1 

Host: Intel Core Processor (Haswell, no TSX), 4 cores, 15G, AlmaLinux release 8.10 (Cerulean Leopard)
Time: Sat Jan 31 19:03:11 2026 UTC elapsed time: 3172.383269 seconds (0d 0h 52m 52s)

---------------  T H R E A D  ---------------

Current thread is native thread

Stack: [0xff8af000,0xff96f000],  sp=0xff96c190,  free space=756k
Native frames: (J=compiled Java code, j=interpreted, Vv=VM code, C=native code)
C  [libc.so.6+0x84618]  cfree+0x28


siginfo: si_signo: 11 (SIGSEGV), si_code: 1 (SEGV_MAPERR), si_addr: 0x00000003

Registers:
EAX=0x00000000, EBX=0x00000007, ECX=0xf6f1184c, EDX=0x09f86d98
ESP=0xff96c190, EBP=0xff96c2c8, ESI=0xf79f4000, EDI=0x00000000
EIP=0xf78d3618, EFLAGS=0x00210202, CR2=0x0000000000000003


Top of Stack: (sp=0xff96c190)
0xff96c190:   09c0a020 00000000 ff96c2c8 f7b60f1c
0xff96c1a0:   09c0a0b0 f7c77a04 09f86d70 f7b60f1c
0xff96c1b0:   00000007 f7b60f0a f7c77a04 f7b60f4c
0xff96c1c0:   09c0a0b0 f7b60f0a 09f8ab10 085b6163
0xff96c1d0:   00000007 09c0a020 09c09d30 085bb8d1
0xff96c1e0:   09c0a020 09c09d30 00000000 085bb89b
0xff96c1f0:   0b41de00 ff96c217 ff96c23c 085c6969
0xff96c200:   087d6c00 ff96c23c ff96c2c8 084fc53b
0xff96c210:   00000014 00010002 00000000 00000000
0xff96c220:   01010100 00000001 09aa44c0 00000000
0xff96c230:   00000000 00000000 00000000 00000000
0xff96c240:   00000000 00000014 ff96c398 f78846ff
0xff96c250:   f79f441c 47677753 53656d61 65767265
0xff96c260:   35313a72 36313039 09290100 09f6c130
0xff96c270:   08ea0100 08ebc230 08ea5888 f79f441c
0xff96c280:   00000428 00000420 f7884779 085758fd
0xff96c290:   08ea2a80 09b1ea78 08ea5888 08574f56
0xff96c2a0:   0929a2c4 0929a2c4 ff96c398 08ea583b
0xff96c2b0:   0000000c ff96c364 ff96c2e0 f79f4000
0xff96c2c0:   00000000 08575910 00000000 f786cf26
0xff96c2d0:   00000000 08575910 00000000 f786cf26
0xff96c2e0:   0000000c ff96c364 ff96c398 ff96c304
0xff96c2f0:   0929a2d0 00000000 ff96c398 f79f4000
0xff96c300:   f785c75c f79f4000 00000000 08575910
0xff96c310:   00000000 e0d3779b c0cb7f8b 00000000
0xff96c320:   00000000 00000000 f7f734d0 f786ce30
0xff96c330:   084fc260 0929a2c4 0000000c 08575946
0xff96c340:   084fc260 0000000c ff96c364 08ea57f0
0xff96c350:   08ea5850 f7f734d0 ff96c35c f7fa0970
0xff96c360:   0000000c ff96d633 ff96d645 ff96d648
0xff96c370:   ff96d65a ff96d65d ff96d668 ff96d68c
0xff96c380:   ff96d69c ff96d6b2 ff96d6d8 ff96d6db 

Instructions: (pc=0xf78d3618)
0xf78d3518:   50 8d 96 86 f7 fa ff 8d 86 d0 2f fb ff e8 c6 b7
0xf78d3528:   ff ff 8d b6 00 00 00 00 bb 20 00 00 00 e9 5e fe
0xf78d3538:   ff ff e8 a1 c0 ff ff 89 c5 85 c0 0f 85 68 ff ff
0xf78d3548:   ff 31 d2 8d 44 3b 10 e8 8c c1 ff ff 89 da 89 f9
0xf78d3558:   89 c5 e8 11 f0 ff ff 89 c2 85 c0 75 1b 85 ed 74
0xf78d3568:   17 90 89 fa 89 e8 e8 bd c5 ff ff 89 da 89 f9 89
0xf78d3578:   c5 e8 f2 ef ff ff 89 c2 85 ed 0f 84 57 ff ff ff
0xf78d3588:   e9 39 ff ff ff 8d 86 b8 31 fb ff 83 ec 0c b9 25
0xf78d3598:   0d 00 00 50 8d 96 86 f7 fa ff 8d 86 74 2f fb ff
0xf78d35a8:   e8 43 b7 ff ff 8d 76 00 f3 0f 1e fb e8 0a 9a f9
0xf78d35b8:   ff 05 47 0a 12 00 56 53 83 ec 04 8b 5c 24 10 8b
0xf78d35c8:   74 24 14 8b 80 50 ff ff ff c7 00 00 00 00 00 e8
0xf78d35d8:   54 bb ff ff 8b 4c 24 0c 83 c4 04 89 f2 89 d8 5b
0xf78d35e8:   5e e9 42 fd ff ff 66 90 f3 0f 1e fb 56 e8 9a 9b
0xf78d35f8:   f9 ff 81 c6 06 0a 12 00 53 83 ec 14 8b 5c 24 20
0xf78d3608:   8b 86 5c ff ff ff 8b 00 85 c0 75 6c 85 db 74 75
0xf78d3618:   8b 4b fc 8d 53 f8 f6 c1 02 75 35 8b 86 70 fe ff
0xf78d3628:   ff 65 8b 00 85 c0 0f 84 8c 00 00 00 83 e1 04 8d
0xf78d3638:   86 60 07 00 00 74 09 89 d0 25 00 00 f0 ff 8b 00
0xf78d3648:   83 c4 14 31 c9 5b 5e e9 8c cb ff ff 8d 74 26 00
0xf78d3658:   8b 9e 60 01 00 00 85 db 75 10 3b 8e 48 01 00 00
0xf78d3668:   76 08 81 f9 00 00 08 00 76 26 83 c4 14 89 d0 5b
0xf78d3678:   5e e9 92 b8 ff ff 66 90 83 ec 08 ff 74 24 24 53
0xf78d3688:   ff d0 83 c4 10 83 c4 14 5b 5e c3 8d 74 26 00 90
0xf78d3698:   39 96 80 1d 00 00 77 08 39 96 7c 1d 00 00 77 ca
0xf78d36a8:   83 e1 f8 8d 04 09 89 8e 48 01 00 00 89 86 40 01
0xf78d36b8:   00 00 90 eb b5 8d 76 00 8b 86 74 fe ff ff 65 80
0xf78d36c8:   38 00 0f 85 64 ff ff ff 89 54 24 0c e8 97 ed ff
0xf78d36d8:   ff 8b 4b fc 8b 54 24 0c e9 4f ff ff ff 8d b4 26
0xf78d36e8:   00 00 00 00 8d 74 26 00 f3 0f 1e fb 55 57 56 e8
0xf78d36f8:   98 9a f9 ff 81 c6 04 09 12 00 53 83 ec 0c 8b 86
0xf78d3708:   70 fe ff ff 8b 96 74 fe ff ff 65 8b 28 65 c6 02 



---------------  P R O C E S S  ---------------

VM state: at safepoint (shutting down)

VM Mutex/Monitor currently owned by a thread:  ([mutex/lock_event])
[0xf5e21d30] Threads_lock - owner thread: 0xc4294cf0

GC Precious Log:
<Skipped>

Heap:
 garbage-first heap   total 131072K, used 75311K [0xc5c00000, 0xe5c00000)
  region size 1024K, 72 young (73728K), 2 survivors (2048K)
 Metaspace       used 5824K, committed 6400K, reserved 16384K

Heap Regions: E=young(eden), S=young(survivor), O=old, HS=humongous(starts), HC=humongous(continues), CS=collection set, F=free, OA=open archive, CA=closed archive, TAMS=top-at-mark-start (previous, next)
|   0|0xc5c00000, 0xc5d00000, 0xc5d00000|100%| O|  |TAMS 0xc5c00000, 0xc5c00000| Untracked 
|   1|0xc5d00000, 0xc5e00000, 0xc5e00000|100%| O|  |TAMS 0xc5d00000, 0xc5d00000| Untracked 
|   2|0xc5e00000, 0xc5e67200, 0xc5f00000| 40%| O|  |TAMS 0xc5e00000, 0xc5e00000| Untracked 
|   3|0xc5f00000, 0xc5f00000, 0xc6000000|  0%| F|  |TAMS 0xc5f00000, 0xc5f00000| Untracked 
|   4|0xc6000000, 0xc6000000, 0xc6100000|  0%| F|  |TAMS 0xc6000000, 0xc6000000| Untracked 
|   5|0xc6100000, 0xc6100000, 0xc6200000|  0%| F|  |TAMS 0xc6100000, 0xc6100000| Untracked 
|   6|0xc6200000, 0xc6200000, 0xc6300000|  0%| F|  |TAMS 0xc6200000, 0xc6200000| Untracked 
|   7|0xc6300000, 0xc6300000, 0xc6400000|  0%| F|  |TAMS 0xc6300000, 0xc6300000| Untracked 
|   8|0xc6400000, 0xc6400000, 0xc6500000|  0%| F|  |TAMS 0xc6400000, 0xc6400000| Untracked 
|   9|0xc6500000, 0xc6500000, 0xc6600000|  0%| F|  |TAMS 0xc6500000, 0xc6500000| Untracked 
|  10|0xc6600000, 0xc6600000, 0xc6700000|  0%| F|  |TAMS 0xc6600000, 0xc6600000| Untracked 
|  11|0xc6700000, 0xc6700000, 0xc6800000|  0%| F|  |TAMS 0xc6700000, 0xc6700000| Untracked 
|  12|0xc6800000, 0xc6800000, 0xc6900000|  0%| F|  |TAMS 0xc6800000, 0xc6800000| Untracked 
|  13|0xc6900000, 0xc6900000, 0xc6a00000|  0%| F|  |TAMS 0xc6900000, 0xc6900000| Untracked 
|  14|0xc6a00000, 0xc6a00000, 0xc6b00000|  0%| F|  |TAMS 0xc6a00000, 0xc6a00000| Untracked 
|  15|0xc6b00000, 0xc6b00000, 0xc6c00000|  0%| F|  |TAMS 0xc6b00000, 0xc6b00000| Untracked 
|  16|0xc6c00000, 0xc6c00000, 0xc6d00000|  0%| F|  |TAMS 0xc6c00000, 0xc6c00000| Untracked 
|  17|0xc6d00000, 0xc6d00000, 0xc6e00000|  0%| F|  |TAMS 0xc6d00000, 0xc6d00000| Untracked 
|  18|0xc6e00000, 0xc6e00000, 0xc6f00000|  0%| F|  |TAMS 0xc6e00000, 0xc6e00000| Untracked 
|  19|0xc6f00000, 0xc6f00000, 0xc7000000|  0%| F|  |TAMS 0xc6f00000, 0xc6f00000| Untracked 
|  20|0xc7000000, 0xc7000000, 0xc7100000|  0%| F|  |TAMS 0xc7000000, 0xc7000000| Untracked 
|  21|0xc7100000, 0xc7100000, 0xc7200000|  0%| F|  |TAMS 0xc7100000, 0xc7100000| Untracked 
|  22|0xc7200000, 0xc7200000, 0xc7300000|  0%| F|  |TAMS 0xc7200000, 0xc7200000| Untracked 
|  23|0xc7300000, 0xc7300000, 0xc7400000|  0%| F|  |TAMS 0xc7300000, 0xc7300000| Untracked 
|  24|0xc7400000, 0xc7400000, 0xc7500000|  0%| F|  |TAMS 0xc7400000, 0xc7400000| Untracked 
|  25|0xc7500000, 0xc7500000, 0xc7600000|  0%| F|  |TAMS 0xc7500000, 0xc7500000| Untracked 
|  26|0xc7600000, 0xc7600000, 0xc7700000|  0%| F|  |TAMS 0xc7600000, 0xc7600000| Untracked 
|  27|0xc7700000, 0xc7700000, 0xc7800000|  0%| F|  |TAMS 0xc7700000, 0xc7700000| Untracked 
|  28|0xc7800000, 0xc7800000, 0xc7900000|  0%| F|  |TAMS 0xc7800000, 0xc7800000| Untracked 
|  29|0xc7900000, 0xc7900000, 0xc7a00000|  0%| F|  |TAMS 0xc7900000, 0xc7900000| Untracked 
|  30|0xc7a00000, 0xc7a00000, 0xc7b00000|  0%| F|  |TAMS 0xc7a00000, 0xc7a00000| Untracked 
|  31|0xc7b00000, 0xc7b00000, 0xc7c00000|  0%| F|  |TAMS 0xc7b00000, 0xc7b00000| Untracked 
|  32|0xc7c00000, 0xc7c00000, 0xc7d00000|  0%| F|  |TAMS 0xc7c00000, 0xc7c00000| Untracked 
|  33|0xc7d00000, 0xc7d00000, 0xc7e00000|  0%| F|  |TAMS 0xc7d00000, 0xc7d00000| Untracked 
|  34|0xc7e00000, 0xc7e00000, 0xc7f00000|  0%| F|  |TAMS 0xc7e00000, 0xc7e00000| Untracked 
|  35|0xc7f00000, 0xc7f00000, 0xc8000000|  0%| F|  |TAMS 0xc7f00000, 0xc7f00000| Untracked 
|  36|0xc8000000, 0xc8000000, 0xc8100000|  0%| F|  |TAMS 0xc8000000, 0xc8000000| Untracked 
|  37|0xc8100000, 0xc8100000, 0xc8200000|  0%| F|  |TAMS 0xc8100000, 0xc8100000| Untracked 
|  38|0xc8200000, 0xc8200000, 0xc8300000|  0%| F|  |TAMS 0xc8200000, 0xc8200000| Untracked 
|  39|0xc8300000, 0xc8300000, 0xc8400000|  0%| F|  |TAMS 0xc8300000, 0xc8300000| Untracked 
|  40|0xc8400000, 0xc8400000, 0xc8500000|  0%| F|  |TAMS 0xc8400000, 0xc8400000| Untracked 
|  41|0xc8500000, 0xc8500000, 0xc8600000|  0%| F|  |TAMS 0xc8500000, 0xc8500000| Untracked 
|  42|0xc8600000, 0xc8600000, 0xc8700000|  0%| F|  |TAMS 0xc8600000, 0xc8600000| Untracked 
|  43|0xc8700000, 0xc8700000, 0xc8800000|  0%| F|  |TAMS 0xc8700000, 0xc8700000| Untracked 
|  44|0xc8800000, 0xc8800000, 0xc8900000|  0%| F|  |TAMS 0xc8800000, 0xc8800000| Untracked 
|  45|0xc8900000, 0xc8900000, 0xc8a00000|  0%| F|  |TAMS 0xc8900000, 0xc8900000| Untracked 
|  46|0xc8a00000, 0xc8a00000, 0xc8b00000|  0%| F|  |TAMS 0xc8a00000, 0xc8a00000| Untracked 
|  47|0xc8b00000, 0xc8b00000, 0xc8c00000|  0%| F|  |TAMS 0xc8b00000, 0xc8b00000| Untracked 
|  48|0xc8c00000, 0xc8c00000, 0xc8d00000|  0%| F|  |TAMS 0xc8c00000, 0xc8c00000| Untracked 
|  49|0xc8d00000, 0xc8d00000, 0xc8e00000|  0%| F|  |TAMS 0xc8d00000, 0xc8d00000| Untracked 
|  50|0xc8e00000, 0xc8e00000, 0xc8f00000|  0%| F|  |TAMS 0xc8e00000, 0xc8e00000| Untracked 
|  51|0xc8f00000, 0xc8f00000, 0xc9000000|  0%| F|  |TAMS 0xc8f00000, 0xc8f00000| Untracked 
|  52|0xc9000000, 0xc9000000, 0xc9100000|  0%| F|  |TAMS 0xc9000000, 0xc9000000| Untracked 
|  53|0xc9100000, 0xc9100000, 0xc9200000|  0%| F|  |TAMS 0xc9100000, 0xc9100000| Untracked 
|  54|0xc9200000, 0xc9200000, 0xc9300000|  0%| F|  |TAMS 0xc9200000, 0xc9200000| Untracked 
|  55|0xc9300000, 0xc9300000, 0xc9400000|  0%| F|  |TAMS 0xc9300000, 0xc9300000| Untracked 
|  56|0xc9400000, 0xc9500000, 0xc9500000|100%| E|  |TAMS 0xc9400000, 0xc9400000| Complete 
|  57|0xc9500000, 0xc9600000, 0xc9600000|100%| E|CS|TAMS 0xc9500000, 0xc9500000| Complete 
|  58|0xc9600000, 0xc9700000, 0xc9700000|100%| E|CS|TAMS 0xc9600000, 0xc9600000| Complete 
|  59|0xc9700000, 0xc9800000, 0xc9800000|100%| E|CS|TAMS 0xc9700000, 0xc9700000| Complete 
|  60|0xc9800000, 0xc9900000, 0xc9900000|100%| E|CS|TAMS 0xc9800000, 0xc9800000| Complete 
|  61|0xc9900000, 0xc9a00000, 0xc9a00000|100%| E|CS|TAMS 0xc9900000, 0xc9900000| Complete 
|  62|0xc9a00000, 0xc9b00000, 0xc9b00000|100%| E|CS|TAMS 0xc9a00000, 0xc9a00000| Complete 
|  63|0xc9b00000, 0xc9c00000, 0xc9c00000|100%| E|CS|TAMS 0xc9b00000, 0xc9b00000| Complete 
|  64|0xc9c00000, 0xc9d00000, 0xc9d00000|100%| E|CS|TAMS 0xc9c00000, 0xc9c00000| Complete 
|  65|0xc9d00000, 0xc9e00000, 0xc9e00000|100%| E|CS|TAMS 0xc9d00000, 0xc9d00000| Complete 
|  66|0xc9e00000, 0xc9f00000, 0xc9f00000|100%| E|CS|TAMS 0xc9e00000, 0xc9e00000| Complete 
|  67|0xc9f00000, 0xca000000, 0xca000000|100%| E|CS|TAMS 0xc9f00000, 0xc9f00000| Complete 
|  68|0xca000000, 0xca100000, 0xca100000|100%| E|CS|TAMS 0xca000000, 0xca000000| Complete 
|  69|0xca100000, 0xca200000, 0xca200000|100%| E|CS|TAMS 0xca100000, 0xca100000| Complete 
|  70|0xca200000, 0xca300000, 0xca300000|100%| E|CS|TAMS 0xca200000, 0xca200000| Complete 
|  71|0xca300000, 0xca400000, 0xca400000|100%| E|CS|TAMS 0xca300000, 0xca300000| Complete 
|  72|0xca400000, 0xca500000, 0xca500000|100%| E|CS|TAMS 0xca400000, 0xca400000| Complete 
|  73|0xca500000, 0xca600000, 0xca600000|100%| E|CS|TAMS 0xca500000, 0xca500000| Complete 
|  74|0xca600000, 0xca700000, 0xca700000|100%| E|CS|TAMS 0xca600000, 0xca600000| Complete 
|  75|0xca700000, 0xca800000, 0xca800000|100%| E|CS|TAMS 0xca700000, 0xca700000| Complete 
|  76|0xca800000, 0xca900000, 0xca900000|100%| E|CS|TAMS 0xca800000, 0xca800000| Complete 
|  77|0xca900000, 0xcaa00000, 0xcaa00000|100%| E|CS|TAMS 0xca900000, 0xca900000| Complete 
|  78|0xcaa00000, 0xcab00000, 0xcab00000|100%| E|CS|TAMS 0xcaa00000, 0xcaa00000| Complete 
|  79|0xcab00000, 0xcac00000, 0xcac00000|100%| E|CS|TAMS 0xcab00000, 0xcab00000| Complete 
|  80|0xcac00000, 0xcad00000, 0xcad00000|100%| E|CS|TAMS 0xcac00000, 0xcac00000| Complete 
|  81|0xcad00000, 0xcae00000, 0xcae00000|100%| E|CS|TAMS 0xcad00000, 0xcad00000| Complete 
|  82|0xcae00000, 0xcaf00000, 0xcaf00000|100%| E|CS|TAMS 0xcae00000, 0xcae00000| Complete 
|  83|0xcaf00000, 0xcb000000, 0xcb000000|100%| E|CS|TAMS 0xcaf00000, 0xcaf00000| Complete 
|  84|0xcb000000, 0xcb100000, 0xcb100000|100%| E|CS|TAMS 0xcb000000, 0xcb000000| Complete 
|  85|0xcb100000, 0xcb200000, 0xcb200000|100%| E|CS|TAMS 0xcb100000, 0xcb100000| Complete 
|  86|0xcb200000, 0xcb300000, 0xcb300000|100%| E|CS|TAMS 0xcb200000, 0xcb200000| Complete 
|  87|0xcb300000, 0xcb400000, 0xcb400000|100%| E|CS|TAMS 0xcb300000, 0xcb300000| Complete 
|  88|0xcb400000, 0xcb500000, 0xcb500000|100%| E|CS|TAMS 0xcb400000, 0xcb400000| Complete 
|  89|0xcb500000, 0xcb600000, 0xcb600000|100%| E|CS|TAMS 0xcb500000, 0xcb500000| Complete 
|  90|0xcb600000, 0xcb700000, 0xcb700000|100%| E|CS|TAMS 0xcb600000, 0xcb600000| Complete 
|  91|0xcb700000, 0xcb800000, 0xcb800000|100%| E|CS|TAMS 0xcb700000, 0xcb700000| Complete 
|  92|0xcb800000, 0xcb900000, 0xcb900000|100%| E|CS|TAMS 0xcb800000, 0xcb800000| Complete 
|  93|0xcb900000, 0xcba00000, 0xcba00000|100%| E|CS|TAMS 0xcb900000, 0xcb900000| Complete 
|  94|0xcba00000, 0xcbb00000, 0xcbb00000|100%| E|CS|TAMS 0xcba00000, 0xcba00000| Complete 
|  95|0xcbb00000, 0xcbc00000, 0xcbc00000|100%| E|CS|TAMS 0xcbb00000, 0xcbb00000| Complete 
|  96|0xcbc00000, 0xcbd00000, 0xcbd00000|100%| E|CS|TAMS 0xcbc00000, 0xcbc00000| Complete 
|  97|0xcbd00000, 0xcbe00000, 0xcbe00000|100%| E|CS|TAMS 0xcbd00000, 0xcbd00000| Complete 
|  98|0xcbe00000, 0xcbf00000, 0xcbf00000|100%| E|CS|TAMS 0xcbe00000, 0xcbe00000| Complete 
|  99|0xcbf00000, 0xcc000000, 0xcc000000|100%| E|CS|TAMS 0xcbf00000, 0xcbf00000| Complete 
| 100|0xcc000000, 0xcc100000, 0xcc100000|100%| E|CS|TAMS 0xcc000000, 0xcc000000| Complete 
| 101|0xcc100000, 0xcc200000, 0xcc200000|100%| E|CS|TAMS 0xcc100000, 0xcc100000| Complete 
| 102|0xcc200000, 0xcc300000, 0xcc300000|100%| E|CS|TAMS 0xcc200000, 0xcc200000| Complete 
| 103|0xcc300000, 0xcc400000, 0xcc400000|100%| E|CS|TAMS 0xcc300000, 0xcc300000| Complete 
| 104|0xcc400000, 0xcc500000, 0xcc500000|100%| E|CS|TAMS 0xcc400000, 0xcc400000| Complete 
| 105|0xcc500000, 0xcc600000, 0xcc600000|100%| E|CS|TAMS 0xcc500000, 0xcc500000| Complete 
| 106|0xcc600000, 0xcc700000, 0xcc700000|100%| E|CS|TAMS 0xcc600000, 0xcc600000| Complete 
| 107|0xcc700000, 0xcc800000, 0xcc800000|100%| E|CS|TAMS 0xcc700000, 0xcc700000| Complete 
| 108|0xcc800000, 0xcc824c88, 0xcc900000| 14%| S|CS|TAMS 0xcc800000, 0xcc800000| Complete 
| 109|0xcc900000, 0xcca00000, 0xcca00000|100%| S|CS|TAMS 0xcc900000, 0xcc900000| Complete 
| 110|0xcca00000, 0xccb00000, 0xccb00000|100%| E|CS|TAMS 0xcca00000, 0xcca00000| Complete 
| 111|0xccb00000, 0xccc00000, 0xccc00000|100%| E|CS|TAMS 0xccb00000, 0xccb00000| Complete 
| 112|0xccc00000, 0xccd00000, 0xccd00000|100%| E|CS|TAMS 0xccc00000, 0xccc00000| Complete 
| 113|0xccd00000, 0xcce00000, 0xcce00000|100%| E|CS|TAMS 0xccd00000, 0xccd00000| Complete 
| 114|0xcce00000, 0xccf00000, 0xccf00000|100%| E|CS|TAMS 0xcce00000, 0xcce00000| Complete 
| 115|0xccf00000, 0xcd000000, 0xcd000000|100%| E|CS|TAMS 0xccf00000, 0xccf00000| Complete 
| 116|0xcd000000, 0xcd100000, 0xcd100000|100%| E|CS|TAMS 0xcd000000, 0xcd000000| Complete 
| 117|0xcd100000, 0xcd200000, 0xcd200000|100%| E|CS|TAMS 0xcd100000, 0xcd100000| Complete 
| 118|0xcd200000, 0xcd300000, 0xcd300000|100%| E|CS|TAMS 0xcd200000, 0xcd200000| Complete 
| 119|0xcd300000, 0xcd400000, 0xcd400000|100%| E|CS|TAMS 0xcd300000, 0xcd300000| Complete 
| 120|0xcd400000, 0xcd500000, 0xcd500000|100%| E|CS|TAMS 0xcd400000, 0xcd400000| Complete 
| 121|0xcd500000, 0xcd600000, 0xcd600000|100%| E|CS|TAMS 0xcd500000, 0xcd500000| Complete 
| 122|0xcd600000, 0xcd700000, 0xcd700000|100%| E|CS|TAMS 0xcd600000, 0xcd600000| Complete 
| 123|0xcd700000, 0xcd800000, 0xcd800000|100%| E|CS|TAMS 0xcd700000, 0xcd700000| Complete 
| 124|0xcd800000, 0xcd900000, 0xcd900000|100%| E|CS|TAMS 0xcd800000, 0xcd800000| Complete 
| 125|0xcd900000, 0xcda00000, 0xcda00000|100%| E|CS|TAMS 0xcd900000, 0xcd900000| Complete 
| 126|0xcda00000, 0xcdb00000, 0xcdb00000|100%| E|CS|TAMS 0xcda00000, 0xcda00000| Complete 
| 127|0xcdb00000, 0xcdc00000, 0xcdc00000|100%| E|CS|TAMS 0xcdb00000, 0xcdb00000| Complete 

Card table byte_map: [0xc5a00000,0xc5b00000] _byte_map_base: 0xc53d2000

Marking Bits (Prev, Next): (CMBitMap*) 0xf5e8b528, (CMBitMap*) 0xf5e8b548
 Prev Bits: [0xc5100000, 0xc5900000)
 Next Bits: [0xc4900000, 0xc5100000)

Polling page: 0xf7f65000

Metaspace:

Usage:
    5.69 MB used.

Virtual space:
     16.00 MB reserved,       6.25 MB ( 39%) committed,  1 nodes.

Chunk freelists:
7.35 MB

MaxMetaspaceSize: 96.00 MB
No class space
Initial GC threshold: 16.00 MB
Current GC threshold: 16.00 MB
CDS: on
MetaspaceReclaimPolicy: balanced
 - commit_granule_bytes: 65536.
 - commit_granule_words: 16384.
 - virtual_space_node_default_size: 4194304.
 - enlarge_chunks_in_place: 1.
 - new_chunks_are_fully_committed: 0.
 - uncommit_free_chunks: 1.
 - use_allocation_guard: 0.
 - handle_deallocations: 1.


Internal statistics:

num_allocs_failed_limit: 0.
num_arena_births: 312.
num_arena_deaths: 0.
num_vsnodes_births: 1.
num_vsnodes_deaths: 0.
num_space_committed: 100.
num_space_uncommitted: 0.
num_chunks_returned_to_freelist: 0.
num_chunks_taken_from_freelist: 611.
num_chunk_merges: 0.
num_chunk_splits: 453.
num_chunks_enlarged: 330.
num_inconsistent_stats: 0.

CodeHeap 'non-profiled nmethods': size=120172Kb used=894Kb max_used=894Kb free=119277Kb
 bounds [0xed7f5000, 0xeda35000, 0xf4d50000]
CodeHeap 'profiled nmethods': size=120172Kb used=3294Kb max_used=3294Kb free=116877Kb
 bounds [0xe5d50000, 0xe6088000, 0xed2ab000]
CodeHeap 'non-nmethods': size=5416Kb used=739Kb max_used=785Kb free=4676Kb
 bounds [0xed2ab000, 0xed4eb000, 0xed7f5000]
 total_blobs=2020 nmethods=1670 adapters=264
 compilation: enabled
              stopped_count=0, restarted_count=0
 full_count=0

Compilation events (20 events):
Event: 1065.079 Thread 0xc429f450 1661       4       java.io.ObjectInputStream::skipCustomData (105 bytes)
Event: 1065.110 Thread 0xc429f450 nmethod 1661 0xed8d1a88 code [0xed8d1c40, 0xed8d2950]
Event: 1245.323 Thread 0xc429f450 1662       4       java.util.Arrays::fill (21 bytes)
Event: 1245.327 Thread 0xc429f450 nmethod 1662 0xed8d3288 code [0xed8d33a0, 0xed8d34f0]
Event: 1449.087 Thread 0xc429f450 1663       4       java.util.ArrayList::add (65 bytes)
Event: 1449.147 Thread 0xc429f450 nmethod 1663 0xed8d3608 code [0xed8d3740, 0xed8d3f90]
Event: 1554.288 Thread 0xc429f450 1664       4       java.io.ObjectStreamClass::requireInitialized (19 bytes)
Event: 1554.289 Thread 0xc429f450 nmethod 1664 0xed8d4288 code [0xed8d43a0, 0xed8d4430]
Event: 2161.354 Thread 0xc42a0580 1665       3       java.util.ArrayList::get (15 bytes)
Event: 2161.355 Thread 0xc42a0580 nmethod 1665 0xe6085a88 code [0xe6085be0, 0xe6085e8c]
Event: 2646.385 Thread 0xc42a0580 1666       3       java.util.ArrayList::set (24 bytes)
Event: 2646.386 Thread 0xc42a0580 nmethod 1666 0xe6086008 code [0xe6086180, 0xe608656c]
Event: 2894.330 Thread 0xc429f450 1667       4       java.io.ObjectInputStream$BlockDataInputStream::readShort (73 bytes)
Event: 2894.333 Thread 0xc429f450 nmethod 1667 0xed8d4588 code [0xed8d46c0, 0xed8d487c]
Event: 2928.180 Thread 0xc42a0580 1668       3       java.lang.ref.ReferenceQueue::reallyPoll (65 bytes)
Event: 2928.181 Thread 0xc42a0580 nmethod 1668 0xe6086788 code [0xe6086900, 0xe6086d80]
Event: 3154.385 Thread 0xc42a0580 1669   !   3       jdk.internal.ref.PhantomCleanable::remove (60 bytes)
Event: 3154.387 Thread 0xc42a0580 nmethod 1669 0xe6086e88 code [0xe6086fe0, 0xe60873e0]
Event: 3154.387 Thread 0xc42a0580 1670       3       java.lang.ref.Reference::clear (5 bytes)
Event: 3154.387 Thread 0xc42a0580 nmethod 1670 0xe6087588 code [0xe60876c0, 0xe60877ec]

GC Heap History (4 events):
Event: 41.855 GC heap before
{Heap before GC invocations=0 (full 0):
 garbage-first heap   total 131072K, used 12288K [0xc5c00000, 0xe5c00000)
  region size 1024K, 13 young (13312K), 0 survivors (0K)
 Metaspace       used 2640K, committed 2816K, reserved 16384K
}
Event: 41.866 GC heap after
{Heap after GC invocations=1 (full 0):
 garbage-first heap   total 131072K, used 2470K [0xc5c00000, 0xe5c00000)
  region size 1024K, 2 young (2048K), 2 survivors (2048K)
 Metaspace       used 2640K, committed 2816K, reserved 16384K
}
Event: 48.072 GC heap before
{Heap before GC invocations=1 (full 0):
 garbage-first heap   total 131072K, used 17830K [0xc5c00000, 0xe5c00000)
  region size 1024K, 18 young (18432K), 2 survivors (2048K)
 Metaspace       used 3757K, committed 4096K, reserved 16384K
}
Event: 48.084 GC heap after
{Heap after GC invocations=2 (full 0):
 garbage-first heap   total 131072K, used 3631K [0xc5c00000, 0xe5c00000)
  region size 1024K, 2 young (2048K), 2 survivors (2048K)
 Metaspace       used 3757K, committed 4096K, reserved 16384K
}

Dll operation events (4 events):
Event: 0.067 Loaded shared library /usr/lib/jvm/java-17-zulu-openjdk-jdk-x86/lib/libjava.so
Event: 41.687 Loaded shared library /usr/lib/jvm/java-17-zulu-openjdk-jdk-x86/lib/libnio.so
Event: 41.696 Loaded shared library /usr/lib/jvm/java-17-zulu-openjdk-jdk-x86/lib/libjimage.so
Event: 41.698 Loaded shared library /usr/lib/jvm/java-17-zulu-openjdk-jdk-x86/lib/libnet.so

Deoptimization events (20 events):
Event: 502.350 Thread 0x0b2957f0 Uncommon trap: trap_request=0xffffffd6 fr.pc=0xed8c42c0 relative=0x000011e0
Event: 502.351 Thread 0x0b2957f0 Uncommon trap: reason=array_check action=maybe_recompile pc=0xed8c42c0 method=java.io.ObjectInputStream.readArray(Z)Ljava/lang/Object; @ 392 c2
Event: 502.351 Thread 0x0b2957f0 DEOPT PACKING pc=0xed8c42c0 sp=0xff96ab80
Event: 502.351 Thread 0x0b2957f0 DEOPT UNPACKING pc=0xed2f4d33 sp=0xff96ab68 mode 2
Event: 503.090 Thread 0x0b2957f0 Uncommon trap: trap_request=0xffffffd6 fr.pc=0xed8c42c0 relative=0x000011e0
Event: 503.090 Thread 0x0b2957f0 Uncommon trap: reason=array_check action=maybe_recompile pc=0xed8c42c0 method=java.io.ObjectInputStream.readArray(Z)Ljava/lang/Object; @ 392 c2
Event: 503.090 Thread 0x0b2957f0 DEOPT PACKING pc=0xed8c42c0 sp=0xff96ab80
Event: 503.090 Thread 0x0b2957f0 DEOPT UNPACKING pc=0xed2f4d33 sp=0xff96ab68 mode 2
Event: 503.090 Thread 0x0b2957f0 Uncommon trap: trap_request=0xffffffde fr.pc=0xed8c45d4 relative=0x000014f4
Event: 503.090 Thread 0x0b2957f0 Uncommon trap: reason=class_check action=maybe_recompile pc=0xed8c45d4 method=java.lang.reflect.Array.newInstance(Ljava/lang/Class;I)Ljava/lang/Object; @ 2 c2
Event: 503.090 Thread 0x0b2957f0 DEOPT PACKING pc=0xed8c45d4 sp=0xff96ab80
Event: 503.090 Thread 0x0b2957f0 DEOPT UNPACKING pc=0xed2f4d33 sp=0xff96ab38 mode 2
Event: 503.090 Thread 0x0b2957f0 Uncommon trap: trap_request=0xffffffd6 fr.pc=0xed8c42c0 relative=0x000011e0
Event: 503.090 Thread 0x0b2957f0 Uncommon trap: reason=array_check action=maybe_recompile pc=0xed8c42c0 method=java.io.ObjectInputStream.readArray(Z)Ljava/lang/Object; @ 392 c2
Event: 503.090 Thread 0x0b2957f0 DEOPT PACKING pc=0xed8c42c0 sp=0xff96ab80
Event: 503.090 Thread 0x0b2957f0 DEOPT UNPACKING pc=0xed2f4d33 sp=0xff96ab68 mode 2
Event: 503.090 Thread 0x0b2957f0 Uncommon trap: trap_request=0xffffffd6 fr.pc=0xed8c42c0 relative=0x000011e0
Event: 503.090 Thread 0x0b2957f0 Uncommon trap: reason=array_check action=maybe_recompile pc=0xed8c42c0 method=java.io.ObjectInputStream.readArray(Z)Ljava/lang/Object; @ 392 c2
Event: 503.090 Thread 0x0b2957f0 DEOPT PACKING pc=0xed8c42c0 sp=0xff96ab80
Event: 503.090 Thread 0x0b2957f0 DEOPT UNPACKING pc=0xed2f4d33 sp=0xff96ab68 mode 2

Classes unloaded (0 events):
No events

Classes redefined (0 events):
No events

Internal exceptions (8 events):
Event: 41.512 Thread 0x0b2957f0 Exception <a 'java/lang/NoSuchMethodError'{0xcd316588}: 'java.lang.Object java.lang.invoke.DirectMethodHandle$Holder.invokeStatic(java.lang.Object, float)'> (0xcd316588) 
thrown [src/hotspot/share/interpreter/linkResolver.cpp, line 759]
Event: 41.871 Thread 0x0b2957f0 Exception <a 'java/lang/NoSuchMethodError'{0xcdb2a940}: 'java.lang.Object java.lang.invoke.DirectMethodHandle$Holder.invokeSpecial(java.lang.Object, java.lang.Object, java.lang.Object, java.lang.Object, int)'> (0xcdb2a940) 
thrown [src/hotspot/share/interpreter/linkResolver.cpp, line 759]
Event: 41.872 Thread 0x0b2957f0 Exception <a 'java/lang/NoSuchMethodError'{0xcdb2de80}: 'java.lang.Object java.lang.invoke.Invokers$Holder.linkToTargetMethod(java.lang.Object, java.lang.Object, int, java.lang.Object)'> (0xcdb2de80) 
thrown [src/hotspot/share/interpreter/linkResolver.cpp, line 759]
Event: 49.169 Thread 0x0b2957f0 Exception <a 'java/lang/NoSuchMethodError'{0xcce41228}: 'java.lang.Object java.lang.invoke.DirectMethodHandle$Holder.invokeSpecial(java.lang.Object, java.lang.Object, long, java.lang.Object, java.lang.Object, java.lang.Object, java.lang.Object, java.lang.Object, java.lang.Object)'> (0xcce41228) 
thrown [src/hotspot/share/interpreter/linkResolver.cpp, line 759]
Event: 49.169 Thread 0x0b2957f0 Exception <a 'java/lang/NoSuchMethodError'{0xcce45600}: 'java.lang.Object java.lang.invoke.DelegatingMethodHandle$Holder.reinvoke_L(java.lang.Object, long, java.lang.Object, java.lang.Object, java.lang.Object, java.lang.Object, java.lang.Object, java.lang.Object)'> (0xcce45600) 
thrown [src/hotspot/share/interpreter/linkResolver.cpp, line 759]
Event: 51.029 Thread 0x0b2957f0 Exception <a 'java/lang/NoSuchMethodError'{0xccef55e8}: 'java.lang.Object java.lang.invoke.DirectMethodHandle$Holder.invokeStaticInit(java.lang.Object)'> (0xccef55e8) 
thrown [src/hotspot/share/interpreter/linkResolver.cpp, line 759]
Event: 107.160 Thread 0x0b2957f0 Exception <a 'java/lang/NoSuchMethodError'{0xcb1cb058}: 'java.lang.Object java.lang.invoke.DirectMethodHandle$Holder.invokeSpecial(java.lang.Object, java.lang.Object, java.lang.Object, java.lang.Object, java.lang.Object, java.lang.Object, int)'> (0xcb1cb058) 
thrown [src/hotspot/share/interpreter/linkResolver.cpp, line 759]
Event: 167.162 Thread 0x0b2957f0 Exception <a 'java/lang/NoSuchMethodError'{0xcb081448}: static [Lscript/obj_id;.<clinit>()V> (0xcb081448) 
thrown [src/hotspot/share/prims/jni.cpp, line 1112]

VM Operations (20 events):
Event: 424.810 Executing VM operation: Cleanup
Event: 424.810 Executing VM operation: Cleanup done
Event: 445.814 Executing VM operation: Cleanup
Event: 445.814 Executing VM operation: Cleanup done
Event: 447.815 Executing VM operation: Cleanup
Event: 447.815 Executing VM operation: Cleanup done
Event: 467.820 Executing VM operation: Cleanup
Event: 467.820 Executing VM operation: Cleanup done
Event: 501.831 Executing VM operation: Cleanup
Event: 501.831 Executing VM operation: Cleanup done
Event: 522.859 Executing VM operation: Cleanup
Event: 522.859 Executing VM operation: Cleanup done
Event: 777.050 Executing VM operation: Cleanup
Event: 777.050 Executing VM operation: Cleanup done
Event: 778.051 Executing VM operation: Cleanup
Event: 778.051 Executing VM operation: Cleanup done
Event: 796.067 Executing VM operation: Cleanup
Event: 796.067 Executing VM operation: Cleanup done
Event: 797.068 Executing VM operation: Cleanup
Event: 797.068 Executing VM operation: Cleanup done

Events (20 events):
Event: 167.533 loading class java/lang/constant/MethodHandleDesc
Event: 167.533 loading class java/lang/constant/MethodHandleDesc done
Event: 167.533 loading class java/lang/constant/MethodHandleDesc$1
Event: 167.533 loading class java/lang/constant/MethodHandleDesc$1 done
Event: 167.533 loading class java/lang/constant/DirectMethodHandleDescImpl
Event: 167.533 loading class java/lang/constant/DirectMethodHandleDesc
Event: 167.533 loading class java/lang/constant/DirectMethodHandleDesc done
Event: 167.533 loading class java/lang/constant/DirectMethodHandleDescImpl done
Event: 167.533 loading class java/lang/constant/DirectMethodHandleDescImpl$1
Event: 167.533 loading class java/lang/constant/DirectMethodHandleDescImpl$1 done
Event: 167.533 loading class java/lang/constant/DirectMethodHandleDesc$1
Event: 167.533 loading class java/lang/constant/DirectMethodHandleDesc$1 done
Event: 167.534 loading class java/lang/constant/PrimitiveClassDescImpl
Event: 167.534 loading class java/lang/constant/DynamicConstantDesc
Event: 167.534 loading class java/lang/constant/DynamicConstantDesc done
Event: 167.534 loading class java/lang/constant/PrimitiveClassDescImpl done
Event: 167.534 loading class java/lang/constant/DynamicConstantDesc$AnonymousDynamicConstantDesc
Event: 167.534 loading class java/lang/constant/DynamicConstantDesc$AnonymousDynamicConstantDesc done
Event: 3154.428 Thread 0x0b2957f0 Thread exited: 0x0b2957f0
Event: 3154.433 Thread 0xf5e242d0 Thread exited: 0xf5e242d0


Dynamic libraries:
08048000-09298000 r-xp 00000000 08:04 494947248                          /home/almalinux/swg-returns-nge/build/bin/SwgGameServer
09298000-0929c000 rw-p 0124f000 08:04 494947248                          /home/almalinux/swg-returns-nge/build/bin/SwgGameServer
0929c000-09b1f000 rw-p 00000000 00:00 0 
09bd0000-1380a000 rw-p 00000000 00:00 0                                  [heap]
bf400000-bf5f9000 rw-p 00000000 00:00 0 
bf5f9000-bf600000 ---p 00000000 00:00 0 
bf600000-bf6f7000 rw-p 00000000 00:00 0 
bf6f7000-bf700000 ---p 00000000 00:00 0 
bf700000-bf7ef000 rw-p 00000000 00:00 0 
bf7ef000-bf800000 ---p 00000000 00:00 0 
bf800000-bf8f9000 rw-p 00000000 00:00 0 
bf8f9000-bf900000 ---p 00000000 00:00 0 
bfa00000-bfaf9000 rw-p 00000000 00:00 0 
bfaf9000-bfb00000 ---p 00000000 00:00 0 
bfb00000-bfbf9000 rw-p 00000000 00:00 0 
bfbf9000-bfc00000 ---p 00000000 00:00 0 
bfc00000-bfcf9000 rw-p 00000000 00:00 0 
bfcf9000-bfd00000 ---p 00000000 00:00 0 
bfd00000-bfdf9000 rw-p 00000000 00:00 0 
bfdf9000-bfe00000 ---p 00000000 00:00 0 
bfe00000-bfefe000 rw-p 00000000 00:00 0 
bfefe000-bff00000 ---p 00000000 00:00 0 
bff00000-bfff9000 rw-p 00000000 00:00 0 
bfff9000-c0000000 ---p 00000000 00:00 0 
c0000000-c00f9000 rw-p 00000000 00:00 0 
c00f9000-c0100000 ---p 00000000 00:00 0 
c0100000-c01f9000 rw-p 00000000 00:00 0 
c01f9000-c0200000 ---p 00000000 00:00 0 
c0200000-c02f4000 rw-p 00000000 00:00 0 
c02f4000-c0300000 ---p 00000000 00:00 0 
c0300000-c03fc000 rw-p 00000000 00:00 0 
c03fc000-c0400000 ---p 00000000 00:00 0 
c0400000-c04f5000 rw-p 00000000 00:00 0 
c04f5000-c0500000 ---p 00000000 00:00 0 
c0500000-c0600000 rw-p 00000000 00:00 0 
c0600000-c06fc000 rw-p 00000000 00:00 0 
c06fc000-c0700000 ---p 00000000 00:00 0 
c0f7d000-c0f7e000 ---p 00000000 00:00 0 
c0f7e000-c0ffe000 rw-p 00000000 00:00 0 
c0ffe000-c0fff000 ---p 00000000 00:00 0 
c0fff000-c107f000 rw-p 00000000 00:00 0 
c107f000-c1080000 ---p 00000000 00:00 0 
c1080000-c1100000 rw-p 00000000 00:00 0 
c1100000-c11fe000 rw-p 00000000 00:00 0 
c11fe000-c1200000 ---p 00000000 00:00 0 
c173d000-c1741000 ---p 00000000 00:00 0 
c1741000-c17fe000 rw-p 00000000 00:00 0 
c17fe000-c1802000 ---p 00000000 00:00 0 
c1802000-c18bf000 rw-p 00000000 00:00 0 
c18bf000-c18c0000 ---p 00000000 00:00 0 
c18c0000-c1940000 rw-p 00000000 00:00 0 
c1940000-c1944000 ---p 00000000 00:00 0 
c1944000-c1a01000 rw-p 00000000 00:00 0 
c1a01000-c1a05000 ---p 00000000 00:00 0 
c1a05000-c1ac2000 rw-p 00000000 00:00 0 
c1ac2000-c1ac6000 ---p 00000000 00:00 0 
c1ac6000-c1b43000 rw-p 00000000 00:00 0 
c1b43000-c1b47000 ---p 00000000 00:00 0 
c1b47000-c1c04000 rw-p 00000000 00:00 0 
c1c04000-c1c08000 ---p 00000000 00:00 0 
c1c08000-c1cc5000 rw-p 00000000 00:00 0 
c1cc5000-c1cc9000 ---p 00000000 00:00 0 
c1cc9000-c1d86000 rw-p 00000000 00:00 0 
c1d86000-c2000000 r--p 00078000 08:04 535181                             /usr/lib/locale/locale-archive
c2000000-c2190000 rw-p 00000000 00:00 0 
c2190000-c2400000 ---p 00000000 00:00 0 
c2400000-c28b0000 rw-p 00000000 00:00 0 
c28b0000-c3000000 ---p 00000000 00:00 0 
c307e000-c327e000 r--p 00000000 08:04 535181                             /usr/lib/locale/locale-archive
c327e000-c3282000 ---p 00000000 00:00 0 
c3282000-c333f000 rw-p 00000000 00:00 0 
c333f000-c3343000 ---p 00000000 00:00 0 
c3343000-c3400000 rw-p 00000000 00:00 0 
c3400000-c3421000 rw-p 00000000 00:00 0 
c3421000-c3500000 ---p 00000000 00:00 0 
c3531000-c3535000 ---p 00000000 00:00 0 
c3535000-c35b2000 rw-p 00000000 00:00 0 
c35b2000-c35b3000 ---p 00000000 00:00 0 
c35b3000-c3633000 rw-p 00000000 00:00 0 
c3633000-c3f00000 rw-p 00001000 08:04 143240867                          /usr/lib/jvm/java-17-zulu-openjdk-jdk-x86/lib/server/classes.jsa
c3f00000-c3f21000 rw-p 00000000 00:00 0 
c3f21000-c4000000 ---p 00000000 00:00 0 
c407f000-c4080000 ---p 00000000 00:00 0 
c4080000-c4100000 rw-p 00000000 00:00 0 
c4100000-c4121000 rw-p 00000000 00:00 0 
c4121000-c4200000 ---p 00000000 00:00 0 
c4200000-c42d1000 rw-p 00000000 00:00 0 
c42d1000-c4300000 ---p 00000000 00:00 0 
c437f000-c4380000 ---p 00000000 00:00 0 
c4380000-c4400000 rw-p 00000000 00:00 0 
c4400000-c4421000 rw-p 00000000 00:00 0 
c4421000-c4500000 ---p 00000000 00:00 0 
c457f000-c4580000 ---p 00000000 00:00 0 
c4580000-c4600000 rw-p 00000000 00:00 0 
c4600000-c46e0000 rw-p 00000000 00:00 0 
c46e0000-c4700000 ---p 00000000 00:00 0 
c4700000-c4800000 rw-p 00000000 00:00 0 
c487f000-c4880000 ---p 00000000 00:00 0 
c4880000-c4b00000 rw-p 00000000 00:00 0 
c4b00000-c5100000 ---p 00000000 00:00 0 
c5100000-c5300000 rw-p 00000000 00:00 0 
c5300000-c5900000 ---p 00000000 00:00 0 
c5900000-c5940000 rw-p 00000000 00:00 0 
c5940000-c5a00000 ---p 00000000 00:00 0 
c5a00000-c5a40000 rw-p 00000000 00:00 0 
c5a40000-c5b00000 ---p 00000000 00:00 0 
c5b00000-c5b40000 rw-p 00000000 00:00 0 
c5b40000-c5c00000 ---p 00000000 00:00 0 
c5c00000-cdc00000 rw-p 00000000 00:00 0 
cdc00000-e5c00000 ---p 00000000 00:00 0 
e5c65000-e5c6a000 rw-p 00000000 00:00 0 
e5c6a000-e5d50000 ---p 00000000 00:00 0 
e5d50000-e6088000 rwxp 00000000 00:00 0 
e6088000-ed2ab000 ---p 00000000 00:00 0 
ed2ab000-ed4eb000 rwxp 00000000 00:00 0 
ed4eb000-ed7f5000 ---p 00000000 00:00 0 
ed7f5000-eda35000 rwxp 00000000 00:00 0 
eda35000-f4d50000 ---p 00000000 00:00 0 
f4d50000-f4eb8000 r--s 00000000 08:04 117534333                          /usr/lib/jvm/java-17-zulu-openjdk-jdk-x86/lib/modules
f4eb8000-f5d5a000 r-xp 00000000 08:04 143240869                          /usr/lib/jvm/java-17-zulu-openjdk-jdk-x86/lib/server/libjvm.so
f5d5a000-f5daf000 r--p 00ea1000 08:04 143240869                          /usr/lib/jvm/java-17-zulu-openjdk-jdk-x86/lib/server/libjvm.so
f5daf000-f5dd0000 rw-p 00ef6000 08:04 143240869                          /usr/lib/jvm/java-17-zulu-openjdk-jdk-x86/lib/server/libjvm.so
f5dd0000-f5e00000 rw-p 00000000 00:00 0 
f5e00000-f5f00000 rw-p 00000000 00:00 0 
f5f2a000-f5f2b000 ---p 00000000 00:00 0 
f5f2b000-f5fab000 rw-p 00000000 00:00 0 
f5fab000-f5fac000 ---p 00000000 00:00 0 
f5fac000-f5fb0000 ---p 00000000 00:00 0 
f5fb0000-f6b24000 rw-p 00000000 00:00 0 
f6b30000-f6b45000 r-xp 00000000 08:04 117534323                          /usr/lib/jvm/java-17-zulu-openjdk-jdk-x86/lib/libnet.so
f6b45000-f6b46000 r--p 00014000 08:04 117534323                          /usr/lib/jvm/java-17-zulu-openjdk-jdk-x86/lib/libnet.so
f6b46000-f6b47000 rw-p 00015000 08:04 117534323                          /usr/lib/jvm/java-17-zulu-openjdk-jdk-x86/lib/libnet.so
f6b47000-f6b4e000 rw-p 00000000 00:00 0 
f6b4e000-f6c32000 ---p 00000000 00:00 0 
f6e6c000-f6e7e000 r-xp 00000000 08:04 117534324                          /usr/lib/jvm/java-17-zulu-openjdk-jdk-x86/lib/libnio.so
f6e7e000-f6e7f000 r--p 00011000 08:04 117534324                          /usr/lib/jvm/java-17-zulu-openjdk-jdk-x86/lib/libnio.so
f6e7f000-f6e80000 rw-p 00012000 08:04 117534324                          /usr/lib/jvm/java-17-zulu-openjdk-jdk-x86/lib/libnio.so
f6e80000-f6ea9000 rw-p 00000000 00:00 0 
f6ea9000-f6ecc000 r-xp 00000000 08:04 117534310                          /usr/lib/jvm/java-17-zulu-openjdk-jdk-x86/lib/libjava.so
f6ecc000-f6ecd000 r--p 00022000 08:04 117534310                          /usr/lib/jvm/java-17-zulu-openjdk-jdk-x86/lib/libjava.so
f6ecd000-f6ece000 rw-p 00023000 08:04 117534310                          /usr/lib/jvm/java-17-zulu-openjdk-jdk-x86/lib/libjava.so
f6ece000-f6eda000 r-xp 00000000 08:04 16831767                           /usr/lib/libnss_files-2.28.so
f6eda000-f6edb000 r--p 0000b000 08:04 16831767                           /usr/lib/libnss_files-2.28.so
f6edb000-f6edc000 rw-p 0000c000 08:04 16831767                           /usr/lib/libnss_files-2.28.so
f6edc000-f6ee2000 rw-p 00000000 00:00 0 
f6ee8000-f6eed000 rw-p 00000000 00:00 0 
f6eed000-f6ef3000 ---p 00000000 00:00 0 
f6ef3000-f6f0e000 r-xp 00000000 08:04 117534314                          /usr/lib/jvm/java-17-zulu-openjdk-jdk-x86/lib/libjimage.so
f6f0e000-f6f0f000 ---p 0001b000 08:04 117534314                          /usr/lib/jvm/java-17-zulu-openjdk-jdk-x86/lib/libjimage.so
f6f0f000-f6f10000 r--p 0001b000 08:04 117534314                          /usr/lib/jvm/java-17-zulu-openjdk-jdk-x86/lib/libjimage.so
f6f10000-f6f11000 rw-p 0001c000 08:04 117534314                          /usr/lib/jvm/java-17-zulu-openjdk-jdk-x86/lib/libjimage.so
f6f11000-f6f15000 rw-p 00000000 00:00 0 
f6f15000-f6f9d000 r-xp 00000000 08:04 17191875                           /usr/lib/libpcre2-8.so.0.7.1
f6f9d000-f6f9e000 r--p 00087000 08:04 17191875                           /usr/lib/libpcre2-8.so.0.7.1
f6f9e000-f6f9f000 rw-p 00088000 08:04 17191875                           /usr/lib/libpcre2-8.so.0.7.1
f6f9f000-f6fbf000 r-xp 00000000 08:04 17021543                           /usr/lib/libcrypt.so.1.1.0
f6fbf000-f6fc0000 ---p 00020000 08:04 17021543                           /usr/lib/libcrypt.so.1.1.0
f6fc0000-f6fc1000 r--p 00020000 08:04 17021543                           /usr/lib/libcrypt.so.1.1.0
f6fc1000-f6fca000 rw-p 00000000 00:00 0 
f6fca000-f6ff5000 r-xp 00000000 08:04 17191887                           /usr/lib/libselinux.so.1
f6ff5000-f6ff6000 ---p 0002b000 08:04 17191887                           /usr/lib/libselinux.so.1
f6ff6000-f6ff7000 r--p 0002b000 08:04 17191887                           /usr/lib/libselinux.so.1
f6ff7000-f6ff8000 rw-p 0002c000 08:04 17191887                           /usr/lib/libselinux.so.1
f6ff8000-f6ff9000 rw-p 00000000 00:00 0 
f6ff9000-f7018000 r-xp 00000000 08:04 18866589                           /usr/lib/libbrotlicommon.so.1.0.6
f7018000-f7019000 r--p 0001e000 08:04 18866589                           /usr/lib/libbrotlicommon.so.1.0.6
f7019000-f701a000 rw-p 0001f000 08:04 18866589                           /usr/lib/libbrotlicommon.so.1.0.6
f701a000-f7038000 r-xp 00000000 08:04 17191915                           /usr/lib/libsasl2.so.3.0.0
f7038000-f7039000 ---p 0001e000 08:04 17191915                           /usr/lib/libsasl2.so.3.0.0
f7039000-f703a000 r--p 0001e000 08:04 17191915                           /usr/lib/libsasl2.so.3.0.0
f703a000-f703b000 rw-p 0001f000 08:04 17191915                           /usr/lib/libsasl2.so.3.0.0
f703b000-f703d000 rw-p 00000000 00:00 0 
f703d000-f7051000 r-xp 00000000 08:04 16831772                           /usr/lib/libresolv-2.28.so
f7051000-f7052000 ---p 00014000 08:04 16831772                           /usr/lib/libresolv-2.28.so
f7052000-f7053000 r--p 00014000 08:04 16831772                           /usr/lib/libresolv-2.28.so
f7053000-f7054000 rw-p 00015000 08:04 16831772                           /usr/lib/libresolv-2.28.so
f7054000-f7056000 rw-p 00000000 00:00 0 
f7056000-f7059000 r-xp 00000000 08:04 17191893                           /usr/lib/libkeyutils.so.1.6
f7059000-f705a000 ---p 00003000 08:04 17191893                           /usr/lib/libkeyutils.so.1.6
f705a000-f705b000 r--p 00003000 08:04 17191893                           /usr/lib/libkeyutils.so.1.6
f705b000-f705c000 rw-p 00000000 00:00 0 
f705c000-f706c000 r-xp 00000000 08:04 17021560                           /usr/lib/libkrb5support.so.0.1
f706c000-f706d000 r--p 0000f000 08:04 17021560                           /usr/lib/libkrb5support.so.0.1
f706d000-f706e000 rw-p 00010000 08:04 17021560                           /usr/lib/libkrb5support.so.0.1
f706e000-f7076000 r-xp 00000000 08:04 16831774                           /usr/lib/librt-2.28.so
f7076000-f7077000 r--p 00007000 08:04 16831774                           /usr/lib/librt-2.28.so
f7077000-f7078000 rw-p 00008000 08:04 16831774                           /usr/lib/librt-2.28.so
f7078000-f71f7000 r-xp 00000000 08:04 17021545                           /usr/lib/libunistring.so.2.1.0
f71f7000-f71f8000 ---p 0017f000 08:04 17021545                           /usr/lib/libunistring.so.2.1.0
f71f8000-f71fa000 r--p 0017f000 08:04 17021545                           /usr/lib/libunistring.so.2.1.0
f71fa000-f71fb000 rw-p 00181000 08:04 17021545                           /usr/lib/libunistring.so.2.1.0
f71fb000-f7225000 r-xp 00000000 08:04 18654292                           /usr/lib/liblzma.so.5.2.4
f7225000-f7226000 r--p 00029000 08:04 18654292                           /usr/lib/liblzma.so.5.2.4
f7226000-f7227000 rw-p 00000000 00:00 0 
f7227000-f7233000 r-xp 00000000 08:04 17191936                           /usr/lib/libbrotlidec.so.1.0.6
f7233000-f7234000 r--p 0000b000 08:04 17191936                           /usr/lib/libbrotlidec.so.1.0.6
f7234000-f7235000 rw-p 00000000 00:00 0 
f7235000-f7244000 r-xp 00000000 08:04 17191918                           /usr/lib/liblber-2.4.so.2.10.9
f7244000-f7245000 r--p 0000e000 08:04 17191918                           /usr/lib/liblber-2.4.so.2.10.9
f7245000-f7246000 rw-p 0000f000 08:04 17191918                           /usr/lib/liblber-2.4.so.2.10.9
f7246000-f729b000 r-xp 00000000 08:04 17191920                           /usr/lib/libldap-2.4.so.2.10.9
f729b000-f729c000 ---p 00055000 08:04 17191920                           /usr/lib/libldap-2.4.so.2.10.9
f729c000-f729d000 r--p 00055000 08:04 17191920                           /usr/lib/libldap-2.4.so.2.10.9
f729d000-f729e000 rw-p 00056000 08:04 17191920                           /usr/lib/libldap-2.4.so.2.10.9
f729e000-f72a0000 rw-p 00000000 00:00 0 
f72a0000-f72a3000 r-xp 00000000 08:04 16994899                           /usr/lib/libcom_err.so.2.1
f72a3000-f72a4000 r--p 00002000 08:04 16994899                           /usr/lib/libcom_err.so.2.1
f72a4000-f72a5000 rw-p 00003000 08:04 16994899                           /usr/lib/libcom_err.so.2.1
f72a5000-f72bb000 r-xp 00000000 08:04 17021552                           /usr/lib/libk5crypto.so.3.1
f72bb000-f72bc000 ---p 00016000 08:04 17021552                           /usr/lib/libk5crypto.so.3.1
f72bc000-f72bd000 r--p 00016000 08:04 17021552                           /usr/lib/libk5crypto.so.3.1
f72bd000-f72be000 rw-p 00017000 08:04 17021552                           /usr/lib/libk5crypto.so.3.1
f72be000-f73a1000 r-xp 00000000 08:04 17021558                           /usr/lib/libkrb5.so.3.3
f73a1000-f73a8000 r--p 000e2000 08:04 17021558                           /usr/lib/libkrb5.so.3.3
f73a8000-f73a9000 rw-p 000e9000 08:04 17021558                           /usr/lib/libkrb5.so.3.3
f73a9000-f7404000 r-xp 00000000 08:04 17021548                           /usr/lib/libgssapi_krb5.so.2.2
f7404000-f7406000 r--p 0005a000 08:04 17021548                           /usr/lib/libgssapi_krb5.so.2.2
f7406000-f7407000 rw-p 0005c000 08:04 17021548                           /usr/lib/libgssapi_krb5.so.2.2
f7407000-f76b8000 r-xp 00000000 08:04 18627877                           /usr/lib/libcrypto.so.1.1.1k
f76b8000-f76d1000 r--p 002b0000 08:04 18627877                           /usr/lib/libcrypto.so.1.1.1k
f76d1000-f76d3000 rw-p 002c9000 08:04 18627877                           /usr/lib/libcrypto.so.1.1.1k
f76d3000-f76d7000 rw-p 00000000 00:00 0 
f76d7000-f7769000 r-xp 00000000 08:04 18627879                           /usr/lib/libssl.so.1.1.1k
f7769000-f776f000 r--p 00091000 08:04 18627879                           /usr/lib/libssl.so.1.1.1k
f776f000-f7773000 rw-p 00097000 08:04 18627879                           /usr/lib/libssl.so.1.1.1k
f7773000-f7783000 r-xp 00000000 08:04 18660120                           /usr/lib/libpsl.so.5.3.1
f7783000-f7784000 r--p 0000f000 08:04 18660120                           /usr/lib/libpsl.so.5.3.1
f7784000-f7785000 rw-p 00000000 00:00 0 
f7785000-f7802000 r-xp 00000000 08:04 16994901                           /usr/lib/libssh.so.4.8.7
f7802000-f7803000 ---p 0007d000 08:04 16994901                           /usr/lib/libssh.so.4.8.7
f7803000-f7804000 r--p 0007d000 08:04 16994901                           /usr/lib/libssh.so.4.8.7
f7804000-f7805000 rw-p 0007e000 08:04 16994901                           /usr/lib/libssh.so.4.8.7
f7805000-f7822000 r-xp 00000000 08:04 17040588                           /usr/lib/libidn2.so.0.3.6
f7822000-f7823000 r--p 0001c000 08:04 17040588                           /usr/lib/libidn2.so.0.3.6
f7823000-f7824000 rw-p 00000000 00:00 0 
f7824000-f784c000 r-xp 00000000 08:04 17191891                           /usr/lib/libnghttp2.so.14.17.0
f784c000-f784d000 r--p 00027000 08:04 17191891                           /usr/lib/libnghttp2.so.14.17.0
f784d000-f784f000 rw-p 00028000 08:04 17191891                           /usr/lib/libnghttp2.so.14.17.0
f784f000-f79f1000 r-xp 00000000 08:04 16831756                           /usr/lib/libc-2.28.so
f79f1000-f79f2000 ---p 001a2000 08:04 16831756                           /usr/lib/libc-2.28.so
f79f2000-f79f4000 r--p 001a2000 08:04 16831756                           /usr/lib/libc-2.28.so
f79f4000-f79f5000 rw-p 001a4000 08:04 16831756                           /usr/lib/libc-2.28.so
f79f5000-f79fa000 rw-p 00000000 00:00 0 
f79fa000-f7a15000 r-xp 00000000 08:04 16985139                           /usr/lib/libgcc_s-8-20210514.so.1
f7a15000-f7a16000 r--p 0001a000 08:04 16985139                           /usr/lib/libgcc_s-8-20210514.so.1
f7a16000-f7a17000 rw-p 0001b000 08:04 16985139                           /usr/lib/libgcc_s-8-20210514.so.1
f7a17000-f7ae7000 r-xp 00000000 08:04 16831760                           /usr/lib/libm-2.28.so
f7ae7000-f7ae8000 r--p 000cf000 08:04 16831760                           /usr/lib/libm-2.28.so
f7ae8000-f7ae9000 rw-p 000d0000 08:04 16831760                           /usr/lib/libm-2.28.so
f7ae9000-f7c72000 r-xp 00000000 08:04 16985145                           /usr/lib/libstdc++.so.6.0.25
f7c72000-f7c73000 ---p 00189000 08:04 16985145                           /usr/lib/libstdc++.so.6.0.25
f7c73000-f7c79000 r--p 00189000 08:04 16985145                           /usr/lib/libstdc++.so.6.0.25
f7c79000-f7c7a000 rw-p 0018f000 08:04 16985145                           /usr/lib/libstdc++.so.6.0.25
f7c7a000-f7c7c000 rw-p 00000000 00:00 0 
f7c7c000-f7c93000 r-xp 00000000 08:04 16963437                           /usr/lib/libz.so.1.2.11
f7c93000-f7c94000 ---p 00017000 08:04 16963437                           /usr/lib/libz.so.1.2.11
f7c94000-f7c95000 r--p 00017000 08:04 16963437                           /usr/lib/libz.so.1.2.11
f7c95000-f7c96000 rw-p 00000000 00:00 0 
f7c96000-f7e13000 r-xp 00000000 08:04 16963397                           /usr/lib/libxml2.so.2.9.7
f7e13000-f7e18000 r--p 0017c000 08:04 16963397                           /usr/lib/libxml2.so.2.9.7
f7e18000-f7e19000 rw-p 00181000 08:04 16963397                           /usr/lib/libxml2.so.2.9.7
f7e19000-f7e1a000 rw-p 00000000 00:00 0 
f7e1a000-f7e36000 r-xp 00000000 08:04 16831770                           /usr/lib/libpthread-2.28.so
f7e36000-f7e37000 r--p 0001b000 08:04 16831770                           /usr/lib/libpthread-2.28.so
f7e37000-f7e38000 rw-p 0001c000 08:04 16831770                           /usr/lib/libpthread-2.28.so
f7e38000-f7e3a000 rw-p 00000000 00:00 0 
f7e3a000-f7eae000 r-xp 00000000 08:04 16818911                           /usr/lib/libpcre.so.1.2.10
f7eae000-f7eaf000 ---p 00074000 08:04 16818911                           /usr/lib/libpcre.so.1.2.10
f7eaf000-f7eb0000 r--p 00074000 08:04 16818911                           /usr/lib/libpcre.so.1.2.10
f7eb0000-f7eb1000 rw-p 00075000 08:04 16818911                           /usr/lib/libpcre.so.1.2.10
f7eb1000-f7eb4000 r-xp 00000000 08:04 16831758                           /usr/lib/libdl-2.28.so
f7eb4000-f7eb5000 r--p 00002000 08:04 16831758                           /usr/lib/libdl-2.28.so
f7eb5000-f7eb6000 rw-p 00003000 08:04 16831758                           /usr/lib/libdl-2.28.so
f7eb6000-f7f53000 r-xp 00000000 08:04 16994905                           /usr/lib/libcurl.so.4.5.0
f7f53000-f7f55000 r--p 0009c000 08:04 16994905                           /usr/lib/libcurl.so.4.5.0
f7f55000-f7f56000 rw-p 0009e000 08:04 16994905                           /usr/lib/libcurl.so.4.5.0
f7f56000-f7f5d000 r--s 00000000 08:04 176632422                          /usr/lib/gconv/gconv-modules.cache
f7f5d000-f7f65000 rw-s 00000000 08:04 151742446                          /tmp/hsperfdata_almalinux/159016 (deleted)
f7f65000-f7f66000 ---p 00000000 00:00 0 
f7f66000-f7f67000 r--p 00000000 00:00 0 
f7f67000-f7f69000 rw-p 00000000 00:00 0 
f7f69000-f7f6d000 r--p 00000000 00:00 0                                  [vvar]
f7f6d000-f7f6f000 r-xp 00000000 00:00 0                                  [vdso]
f7f6f000-f7f9e000 r-xp 00000000 08:04 16831749                           /usr/lib/ld-2.28.so
f7f9e000-f7f9f000 ---p 00000000 00:00 0 
f7f9f000-f7fa0000 r--p 0002f000 08:04 16831749                           /usr/lib/ld-2.28.so
f7fa0000-f7fa1000 rw-p 00030000 08:04 16831749                           /usr/lib/ld-2.28.so
ff7aa000-ff7ab000 rwxp 00000000 00:00 0 
ff8b3000-ff96f000 rw-p 00000000 00:00 0                                  [stack]


VM Arguments:
jvm_args: -Xms128m -Xmx512m -Xss768k -XX:MaxMetaspaceSize=96m -Xrs -XX:-UsePerfData -XX:-AllowUserSignalHandlers -XX:UseSSE=3 -XX+DoEscapeAnalysis -XX:AutoBoxCacheMax:2000 -XX:+OptimizeStringConcat -XX:+OptimizeFill -XX:+EliminateAutoBox -XX:+UseCompressedStrings -XX:+UseCompressedOops -XX:+EliminateLocks -XX:UseFastAccessorMethods -XX:+UseStringCache -XgcPrio:throughput -XXkeepAreaRatio:1 -XXlazyUnlocking -XXcallProfiling -XXcompactRatio:1 
java_command: <unknown>
java_class_path (initial): ../../data/sku.0/sys.server/compiled/game/
Launcher Type: generic

[Global flags]
     intx CICompilerCount                          = 3                                         {product} {ergonomic}
     uint ConcGCThreads                            = 1                                         {product} {ergonomic}
     uint G1ConcRefinementThreads                  = 4                                         {product} {ergonomic}
   size_t G1HeapRegionSize                         = 1048576                                   {product} {ergonomic}
    uintx GCDrainStackTargetSize                   = 64                                        {product} {ergonomic}
   size_t InitialHeapSize                          = 134217728                                 {product} {command line}
   size_t MarkStackSize                            = 32768                                     {product} {ergonomic}
   size_t MaxHeapSize                              = 536870912                                 {product} {command line}
   size_t MaxMetaspaceSize                         = 100663296                                 {product} {command line}
   size_t MaxNewSize                               = 321912832                                 {product} {ergonomic}
   size_t MinHeapDeltaBytes                        = 1048576                                   {product} {ergonomic}
   size_t MinHeapSize                              = 134217728                                 {product} {command line}
    uintx NonNMethodCodeHeapSize                   = 5544422                                {pd product} {ergonomic}
    uintx NonProfiledCodeHeapSize                  = 123056909                              {pd product} {ergonomic}
    uintx ProfiledCodeHeapSize                     = 123056909                              {pd product} {ergonomic}
    uintx ReservedCodeCacheSize                    = 251658240                              {pd product} {ergonomic}
     bool SegmentedCodeCache                       = true                                      {product} {ergonomic}
   size_t SoftMaxHeapSize                          = 536870912                              {manageable} {ergonomic}
   double SweeperThreshold                         = 0.500000                                  {product} {ergonomic}
     intx ThreadStackSize                          = 768                                    {pd product} {command line}
     bool UseG1GC                                  = true                                      {product} {ergonomic}

Logging:
Log output configuration:
 #0: stdout all=off uptime,level,tags
 #1: stderr all=off uptime,level,tags

Environment Variables:
JAVA_HOME=/usr/lib/jvm/zulu-17-x86
PATH=/usr/java/jdk1.7.0_80/bin:/usr/java/jdk1.7.0_80/bin:/usr/java/jdk1.6.0_45/bin:/usr/java/jdk1.6.0_45/bin:/usr/java/jdk1.6.0_45/bin:/home/almalinux/.local/bin:/home/almalinux/bin:/sbin:/bin:/usr/bin:/usr/local/bin:/usr/local/sbin:/usr/sbin:/usr/lib/oracle/18.3/client/bin:/usr/lib/oracle/18.3/client/bin:/usr/lib/jvm/java-11-openjdk/bin:./
LD_LIBRARY_PATH=/usr/lib/jvm/java-17-zulu-openjdk-jdk-x86/lib/server:/usr/lib/jvm/java-17-zulu-openjdk-jdk-x86/lib:/usr/lib/jvm/java-17-zulu-openjdk-jdk-x86/../lib:/usr/lib/jvm/zulu-17-x86/lib/server:/usr/lib/jvm/java-11-openjdk/lib:/usr/lib/jvm/java-11-openjdk/lib/server:./
SHELL=/bin/bash
DISPLAY=:10.0
LANG=en_US.UTF-8
TERM=xterm-256color

Active Locale:
LC_ALL=en_US.UTF-8
LC_COLLATE=en_US.UTF-8
LC_CTYPE=en_US.UTF-8
LC_MESSAGES=en_US.UTF-8
LC_MONETARY=en_US.UTF-8
LC_NUMERIC=en_US.UTF-8
LC_TIME=en_US.UTF-8

Signal Handlers:
   SIGSEGV: crash_handler in libjvm.so, mask=11100100010111111101111111111110, flags=SA_RESTART|SA_SIGINFO, unblocked
    SIGBUS: crash_handler in libjvm.so, mask=11100100010111111101111111111110, flags=SA_RESTART|SA_SIGINFO, unblocked
    SIGFPE: crash_handler in libjvm.so, mask=11100100010111111101111111111110, flags=SA_RESTART|SA_SIGINFO, unblocked
   SIGPIPE: SIG_IGN, mask=00000000000010000000000000000000, flags=SA_RESTART, blocked
  *** Handler was modified!
  *** Expected: javaSignalHandler in libjvm.so, mask=11100100110111111111111111111110, flags=SA_RESTART|SA_SIGINFO
   SIGXFSZ: javaSignalHandler in libjvm.so, mask=11100100010111111101111111111110, flags=SA_RESTART|SA_SIGINFO, blocked
    SIGILL: crash_handler in libjvm.so, mask=11100100010111111101111111111110, flags=SA_RESTART|SA_SIGINFO, unblocked
   SIGUSR2: SR_handler in libjvm.so, mask=00100000000000000000000000000000, flags=SA_RESTART|SA_SIGINFO, blocked
    SIGHUP: UserHandler in libjvm.so, mask=11100100010111111101111111111110, flags=SA_RESTART|SA_SIGINFO, blocked
    SIGINT: UserHandler in libjvm.so, mask=11100100010111111101111111111110, flags=SA_RESTART|SA_SIGINFO, blocked
   SIGTERM: UserHandler in libjvm.so, mask=11100100010111111101111111111110, flags=SA_RESTART|SA_SIGINFO, blocked
   SIGQUIT: UserHandler in libjvm.so, mask=11100100010111111101111111111110, flags=SA_RESTART|SA_SIGINFO, blocked
   SIGTRAP: crash_handler in libjvm.so, mask=11100100010111111101111111111110, flags=SA_RESTART|SA_SIGINFO, unblocked


Periodic native trim disabled


---------------  S Y S T E M  ---------------

OS:
AlmaLinux release 8.10 (Cerulean Leopard)
uname: Linux 4.18.0-553.81.1.el8_10.x86_64 #1 SMP Mon Oct 27 11:29:19 EDT 2025 x86_64
OS uptime: 4 days 15:31 hours
libc: glibc 2.28 NPTL 2.28 
rlimit (soft/hard): STACK 8192k/infinity , CORE 0k/infinity , NPROC 61995/61995 , NOFILE 262144/262144 , AS infinity/infinity , CPU infinity/infinity , DATA infinity/infinity , FSIZE infinity/infinity , MEMLOCK 64k/64k
load average: 60.02 47.66 44.17

/proc/meminfo:
MemTotal:       16014448 kB
MemFree:         2248960 kB
MemAvailable:    5902056 kB
Buffers:              20 kB
Cached:          5314744 kB
SwapCached:       210036 kB
Active:          4701076 kB
Inactive:        8447952 kB
Active(anon):    2073664 kB
Inactive(anon):  7420104 kB
Active(file):    2627412 kB
Inactive(file):  1027848 kB
Unevictable:        6160 kB
Mlocked:               0 kB
SwapTotal:       8388604 kB
SwapFree:        5626700 kB
Dirty:              1964 kB
Writeback:             0 kB
AnonPages:       7680544 kB
Mapped:          1277932 kB
Shmem:           1659308 kB
KReclaimable:     174880 kB
Slab:             305100 kB
SReclaimable:     174880 kB
SUnreclaim:       130220 kB
KernelStack:       23108 kB
PageTables:       176864 kB
NFS_Unstable:          0 kB
Bounce:                0 kB
WritebackTmp:          0 kB
CommitLimit:    16395828 kB
Committed_AS:   23051628 kB
VmallocTotal:   34359738367 kB
VmallocUsed:       69148 kB
VmallocChunk:          0 kB
Percpu:             2720 kB
HardwareCorrupted:     0 kB
AnonHugePages:         0 kB
ShmemHugePages:        0 kB
ShmemPmdMapped:        0 kB
FileHugePages:         0 kB
FilePmdMapped:         0 kB
HugePages_Total:       0
HugePages_Free:        0
HugePages_Rsvd:        0
HugePages_Surp:        0
Hugepagesize:       2048 kB
Hugetlb:               0 kB
DirectMap4k:     1113964 kB
DirectMap2M:    15269888 kB

/sys/kernel/mm/transparent_hugepage/enabled: always madvise [never]
/sys/kernel/mm/transparent_hugepage/hpage_pmd_size: 2097152
/sys/kernel/mm/transparent_hugepage/defrag (defrag/compaction efforts parameter): always defer defer+madvise [madvise] never

Process Memory:
Virtual Size: 1096892K (peak: 1110264K)
Resident Set Size: 250212K (peak: 308564K) (anon: 231932K, file: 18280K, shmem: 0K)
Swapped out: 49312K
C-Heap outstanding allocations: 22173K, retained: 164622K
glibc malloc tunables: (default)

/proc/sys/kernel/threads-max (system-wide limit on the number of threads): 123991
/proc/sys/vm/max_map_count (maximum number of memory map areas a process may have): 1677720
/proc/sys/kernel/pid_max (system-wide limit on number of process identifiers): 4194304

container (cgroup) information:
container_type: cgroupv1
cpu_cpuset_cpus: 0-3
cpu_memory_nodes: 0
active_processor_count: 4
cpu_quota: no quota
cpu_period: 100000
cpu_shares: no shares
memory_limit_in_bytes: unlimited
memory_and_swap_limit_in_bytes: unlimited
memory_soft_limit_in_bytes: unlimited
memory_usage_in_bytes: 11856512 k
memory_max_usage_in_bytes: 14866960 k
kernel_memory_usage_in_bytes: 206812 k
kernel_memory_max_usage_in_bytes: unlimited
kernel_memory_limit_in_bytes: 752460 k
maximum number of tasks: unlimited
current number of tasks: 572

KVM virtualization detected
Steal ticks since vm start: 313
Steal ticks percentage since vm start:  0.000

CPU: total 4 (initial active 4) (1 cores per cpu, 1 threads per core) family 6 model 60 stepping 1 microcode 0x1, cx8, cmov, fxsr, mmx, sse, sse2, sse3, ssse3, sse4.1, sse4.2, popcnt, lzcnt, tsc, avx, avx2, aes, erms, clmul, bmi1, bmi2, fma, vzeroupper, clflush, hv
CPU Model and flags from /proc/cpuinfo:
model name	: Intel Core Processor (Haswell, no TSX)
flags		: fpu vme de pse tsc msr pae mce cx8 apic sep mtrr pge mca cmov pat pse36 clflush mmx fxsr sse sse2 syscall nx rdtscp lm constant_tsc rep_good nopl xtopology cpuid tsc_known_freq pni pclmulqdq vmx ssse3 fma cx16 pcid sse4_1 sse4_2 x2apic movbe popcnt tsc_deadline_timer aes xsave avx f16c rdrand hypervisor lahf_lm abm cpuid_fault invpcid_single pti tpr_shadow vnmi flexpriority ept vpid ept_ad fsgsbase bmi1 avx2 smep bmi2 erms invpcid xsaveopt arat md_clear

Online cpus: 0-3
Offline cpus: 
BIOS frequency limitation: <Not Available>
Frequency switch latency (ns): <Not Available>
Available cpu frequencies: <Not Available>
Current governor: <Not Available>
Core performance/turbo boost: <Not Available>

Memory: 4k page, physical 16014448k(2246976k free), swap 8388604k(5629004k free)
Page Sizes: 4k

vm_info: OpenJDK Server VM (17.0.11+9-LTS) for linux-x86 JRE (17.0.11+9-LTS) (Zulu17.50+19-CA), built on Apr  9 2024 07:14:46 by "zulu_re" with gcc 8.3.0

END.
